Aligning contigs to reference...
	Aligning contigs to the reference
Filtering alignments...
Parsing coords...
Loading reference...
	Loaded [ef_ill_ef_contig11]
	Loaded [ef_ill_ef_contig10]
	Loaded [ef_ill_ef_contig13]
	Loaded [ef_ill_ef_contig12]
	Loaded [ef_ill_ef_contig15]
	Loaded [ef_ill_ef_contig14]
	Loaded [ef_ill_ef_contig17]
	Loaded [ef_ill_ef_contig16]
	Loaded [ef_ill_ef_contig19]
	Loaded [ef_ill_ef_contig18]
	Loaded [ef_ill_ef_contig34]
	Loaded [ef_ill_ef_contig32]
	Loaded [ef_ill_ef_contig1]
	Loaded [ef_ill_ef_contig33]
	Loaded [ef_ill_ef_contig3]
	Loaded [ef_ill_ef_contig2]
	Loaded [ef_ill_ef_contig5]
	Loaded [ef_ill_ef_contig4]
	Loaded [ef_ill_ef_contig7]
	Loaded [ef_ill_ef_contig6]
	Loaded [ef_ill_ef_contig9]
	Loaded [ef_ill_ef_contig8]
	Loaded [ef_ill_ef_contig24]
	Loaded [ef_ill_ef_contig25]
	Loaded [ef_ill_ef_contig26]
	Loaded [ef_ill_ef_contig20]
	Loaded [ef_ill_ef_contig21]
	Loaded [ef_ill_ef_contig22]
	Loaded [ef_ill_ef_contig23]
	Loaded [ef_ill_ef_contig29]
	Total Regions: 30
	Total Region Length: 2820294
Analyzing contigs...
CONTIG: contig_2 (2845363bp)
Best alignment score: 596459.3 (LEN: 596519, IDY: 99.99), Total number of alignments: 89
			Looking for the best set of alignments (out of 89 total alignments)
			Skipping redundant alignments after choosing the best set of alignments
		Skipping redundant alignment 1 77 | 271930 272006 | 77 77 | 100.0 | ef_ill_ef_contig6 contig_2
		Skipping redundant alignment 1027346 1027576 | 272008 271778 | 231 231 | 99.13 | ef_ill_ef_contig1 contig_2
		Skipping redundant alignment 78 235 | 272051 272208 | 158 158 | 99.37 | ef_ill_ef_contig6 contig_2
		Skipping redundant alignment 22954 23120 | 272254 272088 | 167 167 | 96.41 | ef_ill_ef_contig13 contig_2
		Skipping redundant alignment 701 775 | 605937 606011 | 75 75 | 100.0 | ef_ill_ef_contig21 contig_2
		Skipping redundant alignment 1027318 1027422 | 967918 968022 | 105 105 | 100.0 | ef_ill_ef_contig1 contig_2
		Skipping redundant alignment 1027427 1027553 | 968083 968209 | 127 127 | 99.21 | ef_ill_ef_contig1 contig_2
		Skipping redundant alignment 1 552 | 1564144 1564695 | 552 552 | 99.28 | ef_ill_ef_contig33 contig_2
		Skipping redundant alignment 645532 646246 | 1614334 1615066 | 715 733 | 90.5 | ef_ill_ef_contig1 contig_2
		Skipping redundant alignment 238692 238991 | 2117748 2117449 | 300 300 | 99.67 | ef_ill_ef_contig3 contig_2
		Skipping redundant alignment 1 91 | 2405203 2405293 | 91 91 | 100.0 | ef_ill_ef_contig6 contig_2
		Skipping redundant alignment 1027333 1027525 | 2405294 2405102 | 193 193 | 98.96 | ef_ill_ef_contig1 contig_2
		Skipping redundant alignment 92 230 | 2405336 2405474 | 139 139 | 98.56 | ef_ill_ef_contig6 contig_2
		Skipping redundant alignment 231 304 | 2405499 2405572 | 74 74 | 95.95 | ef_ill_ef_contig6 contig_2
		Skipping redundant alignment 30 292 | 2431786 2431524 | 263 263 | 93.56 | ef_ill_ef_contig13 contig_2
		Skipping redundant alignment 107 235 | 2443884 2444012 | 129 129 | 100.0 | ef_ill_ef_contig6 contig_2
		Skipping redundant alignment 22911 23120 | 2444101 2443892 | 210 210 | 95.71 | ef_ill_ef_contig13 contig_2
		Skipping redundant alignment 155366 155480 | 2601076 2601190 | 115 115 | 95.65 | ef_ill_ef_contig7 contig_2
		Skipping redundant alignment 720 823 | 2601191 2601088 | 104 104 | 94.23 | ef_ill_ef_contig18 contig_2
		Skipping redundant alignment 86022 86087 | 2742245 2742180 | 66 66 | 93.94 | ef_ill_ef_contig8 contig_2
		Skipping redundant alignment 86382 86532 | 2742580 2742430 | 151 151 | 98.68 | ef_ill_ef_contig8 contig_2
		Skipping redundant alignment 86382 86532 | 2742949 2742799 | 151 151 | 98.68 | ef_ill_ef_contig8 contig_2
		Skipping redundant alignment 86382 86532 | 2743318 2743168 | 151 151 | 98.68 | ef_ill_ef_contig8 contig_2
		Skipping redundant alignment 86382 86532 | 2743687 2743537 | 151 151 | 99.34 | ef_ill_ef_contig8 contig_2
		Skipping redundant alignment 238751 238991 | 2830006 2830246 | 241 241 | 98.76 | ef_ill_ef_contig3 contig_2
		Skipping redundant alignment 701 775 | 2832070 2832144 | 75 75 | 100.0 | ef_ill_ef_contig21 contig_2
		Skipping redundant alignment 19101 19183 | 2837002 2836920 | 83 83 | 98.8 | ef_ill_ef_contig14 contig_2
		Skipping redundant alignment 997 1201 | 2837014 2837218 | 205 205 | 100.0 | ef_ill_ef_contig21 contig_2
		This contig has several significant sets of alignments. [An ambiguously mapped contig]
		Using only the very best set (option --ambiguity-usage is set to "one").
			The best set is below. Score: 2840395.7, number of alignments: 61, unaligned bases: 3621
		This contig is misassembled.
			Real Alignment 1: 7937 279869 | 1 271926 | 271933 271926 | 100.0 | ef_ill_ef_contig2 contig_2
			  Not a misassembly [fragmentation of reference genome] between these two alignments
			Real Alignment 2: 1 30337 | 272178 302514 | 30337 30337 | 100.0 | ef_ill_ef_contig10 contig_2
			  Gap between these two alignments (local misassembly). Inconsistency = 0
			Excluding internal overlap of size 55 between Alignment 3 and 4: 1 648 | 367515 368162 | 648 648 --> 56 648 | 367570 368162 | 593 593
			Real Alignment 3: 30504 95391 | 302681 367569 | 64888 64889 | 100.0 | ef_ill_ef_contig10 contig_2
			  Indel (> 5bp) between these two alignments: deletion of length 55; 0 mismatches (number of Ns: 0) [fragmentation of reference genome]
			Real Alignment 4: 56 648 | 367570 368162 | 593 593 | 97.99 | ef_ill_ef_contig29 contig_2
			  Not a misassembly [fragmentation of reference genome] between these two alignments
			Excluding internal overlap of size 55 between Alignment 5 and 6: 1 944 | 369250 368307 | 944 944 --> 56 944 | 369195 368307 | 889 889
			Real Alignment 5: 56 944 | 369195 368307 | 889 889 | 99.05 | ef_ill_ef_contig23 contig_2
			  Indel (> 5bp) between these two alignments: deletion of length 55; 0 mismatches (number of Ns: 0) [fragmentation of reference genome]
			Excluding internal overlap of size 55 between Alignment 6 and 7: 1 1834 | 604059 605892 | 1834 1834 --> 56 1834 | 604114 605892 | 1779 1779
			Real Alignment 6: 1 234919 | 604113 369196 | 234919 234918 | 100.0 | ef_ill_ef_contig4 contig_2
			  Indel (> 5bp) between these two alignments: deletion of length 55; 0 mismatches (number of Ns: 0) [fragmentation of reference genome]
			Real Alignment 7: 56 1834 | 604114 605892 | 1779 1779 | 100.0 | ef_ill_ef_contig19 contig_2
			  Not a misassembly [fragmentation of reference genome] between these two alignments
			Real Alignment 8: 1 848 | 606877 606030 | 848 848 | 99.65 | ef_ill_ef_contig25 contig_2
			  Not a misassembly [fragmentation of reference genome] between these two alignments
			Excluding internal overlap of size 55 between Alignment 9 and 10: 1 2434 | 609312 606879 | 2434 2434 --> 56 2434 | 609257 606879 | 2379 2379
			Real Alignment 9: 56 2434 | 609257 606879 | 2379 2379 | 100.0 | ef_ill_ef_contig17 contig_2
			  Indel (> 5bp) between these two alignments: deletion of length 55; 0 mismatches (number of Ns: 0) [fragmentation of reference genome]
			Excluding internal overlap of size 55 between Alignment 10 and 11: 1 580 | 629237 628658 | 580 580 --> 1 525 | 629237 628713 | 525 525
			Real Alignment 10: 1 19455 | 628712 609258 | 19455 19455 | 100.0 | ef_ill_ef_contig14 contig_2
			  Indel (> 5bp) between these two alignments: deletion of length 55; 0 mismatches (number of Ns: 0) [fragmentation of reference genome]
			Excluding internal overlap of size 55 between Alignment 11 and 12: 1 525 | 629237 628713 | 525 525 --> 56 525 | 629182 628713 | 470 470
			Real Alignment 11: 56 525 | 629182 628713 | 470 470 | 99.66 | ef_ill_ef_contig32 contig_2
			  Indel (> 5bp) between these two alignments: deletion of length 55; 0 mismatches (number of Ns: 0) [fragmentation of reference genome]
			Excluding internal overlap of size 603 between Alignment 12 and 13: 1 28668 | 629183 657849 | 28668 28667 --> 1 28065 | 629183 657246 | 28065 28064
			Real Alignment 12: 1 28065 | 629183 657246 | 28065 28064 | 99.96 | ef_ill_ef_contig5 contig_2
			  Gap between these two alignments (local misassembly). Inconsistency = 141
			Excluding internal overlap of size 55 between Alignment 13 and 14: 1 1514 | 808823 810336 | 1514 1514 --> 56 1514 | 808878 810336 | 1459 1459
			Real Alignment 13: 28207 180004 | 657247 808877 | 151798 151631 | 99.87 | ef_ill_ef_contig5 contig_2
			  Indel (> 5bp) between these two alignments: deletion of length 55; 0 mismatches (number of Ns: 0) [fragmentation of reference genome]
			Excluding internal overlap of size 55 between Alignment 14 and 15: 56 1514 | 808878 810336 | 1459 1459 --> 56 1459 | 808878 810281 | 1404 1404
			Real Alignment 14: 56 1459 | 808878 810281 | 1404 1404 | 100.0 | ef_ill_ef_contig20 contig_2
			  Indel (> 5bp) between these two alignments: deletion of length 55; 0 mismatches (number of Ns: 0) [fragmentation of reference genome]
			Excluding internal overlap of size 55 between Alignment 15 and 16: 1 157742 | 968024 810282 | 157742 157743 --> 56 157742 | 967969 810282 | 157687 157688
			Real Alignment 15: 56 157742 | 967969 810282 | 157687 157688 | 100.0 | ef_ill_ef_contig6 contig_2
			  Indel (> 5bp) between these two alignments: deletion of length 55; 0 mismatches (number of Ns: 0) [fragmentation of reference genome]
			Excluding internal overlap of size 222 between Alignment 16 and 17: 595858 646258 | 1564267 1614667 | 50401 50401 --> 596080 646258 | 1564489 1614667 | 50179 50179
			Real Alignment 16: 1 596523 | 967970 1564488 | 596523 596519 | 99.99 | ef_ill_ef_contig1 contig_2
			  Overlap between these two alignments (local misassembly). Inconsistency = -444
			Real Alignment 17: 596080 646258 | 1564489 1614667 | 50179 50179 | 99.92 | ef_ill_ef_contig1 contig_2
			  Gap between these two alignments (local misassembly). Inconsistency = -804
			Excluding internal overlap of size 55 between Alignment 18 and 19: 1 580 | 2065230 2065809 | 580 580 --> 56 580 | 2065285 2065809 | 525 525
			Real Alignment 18: 645532 1096084 | 1614745 2065284 | 450553 450540 | 99.99 | ef_ill_ef_contig1 contig_2
			  Indel (> 5bp) between these two alignments: deletion of length 55; 0 mismatches (number of Ns: 0) [fragmentation of reference genome]
			Excluding internal overlap of size 55 between Alignment 19 and 20: 56 580 | 2065285 2065809 | 525 525 --> 56 525 | 2065285 2065754 | 470 470
			Real Alignment 19: 56 525 | 2065285 2065754 | 470 470 | 100.0 | ef_ill_ef_contig32 contig_2
			  Indel (> 5bp) between these two alignments: deletion of length 55; 0 mismatches (number of Ns: 0) [fragmentation of reference genome]
			Excluding internal overlap of size 55 between Alignment 20 and 21: 1 2434 | 2112352 2114785 | 2434 2434 --> 56 2434 | 2112407 2114785 | 2379 2379
			Real Alignment 20: 1 46653 | 2065755 2112406 | 46653 46652 | 100.0 | ef_ill_ef_contig11 contig_2
			  Indel (> 5bp) between these two alignments: deletion of length 55; 0 mismatches (number of Ns: 0) [fragmentation of reference genome]
			Real Alignment 21: 56 2434 | 2112407 2114785 | 2379 2379 | 100.0 | ef_ill_ef_contig17 contig_2
			  Not a misassembly [fragmentation of reference genome] between these two alignments
			Real Alignment 22: 1 848 | 2114787 2115634 | 848 848 | 100.0 | ef_ill_ef_contig25 contig_2
			  Not a misassembly [fragmentation of reference genome] between these two alignments
			Real Alignment 23: 1 1834 | 2117503 2115670 | 1834 1834 | 99.95 | ef_ill_ef_contig19 contig_2
			  Not a misassembly [fragmentation of reference genome] between these two alignments
			Excluding internal overlap of size 55 between Alignment 24 and 25: 1 1514 | 2148368 2146855 | 1514 1514 --> 1 1459 | 2148368 2146910 | 1459 1459
			Real Alignment 24: 1 29217 | 2117694 2146909 | 29217 29216 | 100.0 | ef_ill_ef_contig12 contig_2
			  Indel (> 5bp) between these two alignments: deletion of length 55; 0 mismatches (number of Ns: 0) [fragmentation of reference genome]
			Excluding internal overlap of size 55 between Alignment 25 and 26: 1 1459 | 2148368 2146910 | 1459 1459 --> 56 1459 | 2148313 2146910 | 1404 1404
			Real Alignment 25: 56 1459 | 2148313 2146910 | 1404 1404 | 100.0 | ef_ill_ef_contig20 contig_2
			  Indel (> 5bp) between these two alignments: deletion of length 55; 0 mismatches (number of Ns: 0) [fragmentation of reference genome]
			Excluding internal overlap of size 51 between Alignment 26 and 27: 5 1834 | 2387117 2388946 | 1830 1830 --> 56 1834 | 2387168 2388946 | 1779 1779
			Real Alignment 26: 1 238991 | 2148314 2387167 | 238991 238854 | 99.94 | ef_ill_ef_contig3 contig_2
			  Indel (> 5bp) between these two alignments: deletion of length 55; 0 mismatches (number of Ns: 0) [fragmentation of reference genome]
			Real Alignment 27: 56 1834 | 2387168 2388946 | 1779 1779 | 99.78 | ef_ill_ef_contig19 contig_2
			  Not a misassembly [fragmentation of reference genome] between these two alignments
			Real Alignment 28: 1 848 | 2389829 2388982 | 848 848 | 100.0 | ef_ill_ef_contig25 contig_2
			  Not a misassembly [fragmentation of reference genome] between these two alignments
			Real Alignment 29: 1 2434 | 2392264 2389831 | 2434 2434 | 100.0 | ef_ill_ef_contig17 contig_2
			  Not a misassembly [fragmentation of reference genome] between these two alignments
			Real Alignment 30: 1 603 | 2392272 2392874 | 603 603 | 100.0 | ef_ill_ef_contig21 contig_2
			  Extensive misassembly (translocation) between these two alignments
			Real Alignment 31: 1 12238 | 2392963 2405199 | 12238 12237 | 99.99 | ef_ill_ef_contig16 contig_2
			  Not a misassembly [fragmentation of reference genome] between these two alignments
			Excluding internal overlap of size 55 between Alignment 32 and 33: 1 508 | 2428424 2428931 | 508 508 --> 56 508 | 2428479 2428931 | 453 453
			Real Alignment 32: 1 23120 | 2428478 2405359 | 23120 23120 | 100.0 | ef_ill_ef_contig13 contig_2
			  Indel (> 5bp) between these two alignments: deletion of length 55; 0 mismatches (number of Ns: 0) [fragmentation of reference genome]
			Excluding internal overlap of size 55 between Alignment 33 and 34: 56 508 | 2428479 2428931 | 453 453 --> 56 453 | 2428479 2428876 | 398 398
			Real Alignment 33: 56 453 | 2428479 2428876 | 398 398 | 100.0 | ef_ill_ef_contig34 contig_2
			  Indel (> 5bp) between these two alignments: deletion of length 55; 0 mismatches (number of Ns: 0) [fragmentation of reference genome]
			Excluding internal overlap of size 7 between Alignment 34 and 35: 1 869 | 2429745 2428877 | 869 869 --> 8 869 | 2429738 2428877 | 862 862
			Real Alignment 34: 8 869 | 2429738 2428877 | 862 862 | 100.0 | ef_ill_ef_contig24 contig_2
			  Indel (> 5bp) between these two alignments: deletion of length 7; 0 mismatches (number of Ns: 0) [fragmentation of reference genome]
			Excluding internal overlap of size 55 between Alignment 35 and 36: 1 1890 | 2431629 2429739 | 1890 1891 --> 56 1890 | 2431574 2429739 | 1835 1836
			Real Alignment 35: 56 1890 | 2431574 2429739 | 1835 1836 | 99.95 | ef_ill_ef_contig18 contig_2
			  Indel (> 5bp) between these two alignments: deletion of length 55; 0 mismatches (number of Ns: 0) [fragmentation of reference genome]
			Real Alignment 36: 1 12372 | 2443946 2431575 | 12372 12372 | 99.96 | ef_ill_ef_contig15 contig_2
			  Not a misassembly [fragmentation of reference genome] between these two alignments
			Excluding internal overlap of size 635 between Alignment 37 and 38: 1 20331 | 2443982 2464313 | 20331 20332 --> 1 19697 | 2443982 2463678 | 19697 19697
			Real Alignment 37: 1 19697 | 2443982 2463678 | 19697 19697 | 99.96 | ef_ill_ef_contig7 contig_2
			  Overlap between these two alignments (local misassembly). Inconsistency = -447
			Real Alignment 38: 19251 144089 | 2463679 2588516 | 124839 124838 | 99.93 | ef_ill_ef_contig7 contig_2
			  Gap between these two alignments (local misassembly). Inconsistency = -434
			Excluding internal overlap of size 42 between Alignment 39 and 40: 1 843 | 2601142 2600300 | 843 843 --> 1 801 | 2601142 2600342 | 801 801
			Real Alignment 39: 143678 155480 | 2588539 2600341 | 11803 11803 | 99.97 | ef_ill_ef_contig7 contig_2
			  Indel (> 5bp) between these two alignments: deletion of length 42; 0 mismatches (number of Ns: 0) [fragmentation of reference genome]
			Real Alignment 40: 1 801 | 2601142 2600342 | 801 801 | 100.0 | ef_ill_ef_contig26 contig_2
			  Not a misassembly [fragmentation of reference genome] between these two alignments
			Excluding internal overlap of size 55 between Alignment 41 and 42: 1 508 | 2602039 2602546 | 508 508 --> 56 508 | 2602094 2602546 | 453 453
			Real Alignment 41: 1 945 | 2602093 2601149 | 945 945 | 100.0 | ef_ill_ef_contig22 contig_2
			  Indel (> 5bp) between these two alignments: deletion of length 55; 0 mismatches (number of Ns: 0) [fragmentation of reference genome]
			Excluding internal overlap of size 55 between Alignment 42 and 43: 56 508 | 2602094 2602546 | 453 453 --> 56 453 | 2602094 2602491 | 398 398
			Real Alignment 42: 56 453 | 2602094 2602491 | 398 398 | 99.02 | ef_ill_ef_contig34 contig_2
			  Indel (> 5bp) between these two alignments: deletion of length 55; 0 mismatches (number of Ns: 0) [fragmentation of reference genome]
			Real Alignment 43: 54 869 | 2603310 2602492 | 816 819 | 92.51 | ef_ill_ef_contig24 contig_2
			  Gap between these two alignments (local misassembly). Inconsistency = 53 [fragmentation of reference genome]
			Real Alignment 44: 61774 106275 | 2648004 2603503 | 44502 44502 | 99.99 | ef_ill_ef_contig9 contig_2
			  Gap between these two alignments (local misassembly). Inconsistency = 0
			Excluding internal overlap of size 55 between Alignment 45 and 46: 1 648 | 2709720 2710367 | 648 648 --> 56 648 | 2709775 2710367 | 593 593
			Real Alignment 45: 1 61659 | 2709774 2648119 | 61659 61656 | 99.98 | ef_ill_ef_contig9 contig_2
			  Indel (> 5bp) between these two alignments: deletion of length 55; 0 mismatches (number of Ns: 0) [fragmentation of reference genome]
			Real Alignment 46: 56 648 | 2709775 2710367 | 593 593 | 100.0 | ef_ill_ef_contig29 contig_2
			  Not a misassembly [fragmentation of reference genome] between these two alignments
			Excluding internal overlap of size 55 between Alignment 47 and 48: 1 944 | 2711455 2710512 | 944 944 --> 56 944 | 2711400 2710512 | 889 889
			Real Alignment 47: 56 944 | 2711400 2710512 | 889 889 | 100.0 | ef_ill_ef_contig23 contig_2
			  Indel (> 5bp) between these two alignments: deletion of length 55; 0 mismatches (number of Ns: 0) [fragmentation of reference genome]
			Real Alignment 48: 86382 116874 | 2741893 2711401 | 30493 30493 | 100.0 | ef_ill_ef_contig8 contig_2
			  Gap between these two alignments (local misassembly). Inconsistency = -369
			Real Alignment 49: 86391 86532 | 2742245 2742112 | 142 134 | 90.14 | ef_ill_ef_contig8 contig_2
			  Gap between these two alignments (local misassembly). Inconsistency = 43
			Real Alignment 50: 85898 86123 | 2742695 2742470 | 226 226 | 100.0 | ef_ill_ef_contig8 contig_2
			  Gap between these two alignments (local misassembly). Inconsistency = -369
			Real Alignment 51: 85898 86123 | 2743064 2742839 | 226 226 | 100.0 | ef_ill_ef_contig8 contig_2
			  Gap between these two alignments (local misassembly). Inconsistency = -369
			Real Alignment 52: 85898 86123 | 2743433 2743208 | 226 226 | 100.0 | ef_ill_ef_contig8 contig_2
			  Gap between these two alignments (local misassembly). Inconsistency = -369
			Real Alignment 53: 85898 86123 | 2743802 2743577 | 226 226 | 99.56 | ef_ill_ef_contig8 contig_2
			  Gap between these two alignments (local misassembly). Inconsistency = -369
			Real Alignment 54: 1 86123 | 2830069 2743946 | 86123 86124 | 100.0 | ef_ill_ef_contig8 contig_2
			  Not a misassembly [fragmentation of reference genome] between these two alignments
			Real Alignment 55: 1 1834 | 2830192 2832025 | 1834 1834 | 99.95 | ef_ill_ef_contig19 contig_2
			  Not a misassembly [fragmentation of reference genome] between these two alignments
			Real Alignment 56: 1 848 | 2833010 2832163 | 848 848 | 100.0 | ef_ill_ef_contig25 contig_2
			  Not a misassembly [fragmentation of reference genome] between these two alignments
			Real Alignment 57: 1 2434 | 2835445 2833012 | 2434 2434 | 100.0 | ef_ill_ef_contig17 contig_2
			  Not a misassembly [fragmentation of reference genome] between these two alignments
			Real Alignment 58: 1 1201 | 2835453 2836653 | 1201 1201 | 99.83 | ef_ill_ef_contig21 contig_2
			  Not a misassembly [fragmentation of reference genome] between these two alignments
			Real Alignment 59: 1 156 | 2836761 2836916 | 156 156 | 100.0 | ef_ill_ef_contig2 contig_2
			  Gap between these two alignments (local misassembly). Inconsistency = 99
			Real Alignment 60: 266 344 | 2836927 2837005 | 79 79 | 100.0 | ef_ill_ef_contig2 contig_2
			  Gap between these two alignments (local misassembly). Inconsistency = -762
			Real Alignment 61: 1 7936 | 2837424 2845363 | 7936 7940 | 99.95 | ef_ill_ef_contig2 contig_2

CONTIG: contig_102 (2717938bp)
Best alignment score: 567.0 (LEN: 599, IDY: 94.66), Total number of alignments: 84
			Looking for the best set of alignments (out of 84 total alignments)
			Skipping redundant alignments after choosing the best set of alignments
		Skipping redundant alignment 106324 106445 | 115466 115587 | 122 122 | 91.8 | ef_ill_ef_contig6 contig_102
		Skipping redundant alignment 699 767 | 1758223 1758291 | 69 69 | 98.55 | ef_ill_ef_contig21 contig_102
		Skipping redundant alignment 563 681 | 1765703 1765585 | 119 119 | 94.12 | ef_ill_ef_contig25 contig_102
		Skipping redundant alignment 386 514 | 1765881 1765753 | 129 129 | 93.8 | ef_ill_ef_contig25 contig_102
		Skipping redundant alignment 386 514 | 407534 407662 | 129 129 | 93.8 | ef_ill_ef_contig25 contig_102
		Skipping redundant alignment 563 681 | 407712 407830 | 119 119 | 94.12 | ef_ill_ef_contig25 contig_102
		Skipping redundant alignment 613 688 | 1758127 1758202 | 76 76 | 100.0 | ef_ill_ef_contig21 contig_102
		Skipping redundant alignment 386 514 | 543440 543568 | 129 129 | 93.8 | ef_ill_ef_contig25 contig_102
		Skipping redundant alignment 563 681 | 543618 543736 | 119 119 | 94.12 | ef_ill_ef_contig25 contig_102
		This contig has several significant sets of alignments. [An ambiguously mapped contig]
		Using only the very best set (option --ambiguity-usage is set to "one").
			The best set is below. Score: 13377.6, number of alignments: 75, unaligned bases: 2700299
		This contig is misassembled.
		This contig is partially unaligned. (Aligned 17639 out of 2717938 non-N bases (0.65%))
			Warning! This contig is more unaligned than misassembled. Contig length is 2717938 (number of Ns: 0) and total length of all aligns is 17639
		Alignment: 890 964 | 403822 403748 | 75 75 | 93.33 | ef_ill_ef_contig21 contig_102
		Alignment: 691 759 | 404028 403960 | 69 69 | 95.65 | ef_ill_ef_contig21 contig_102
		Alignment: 610 689 | 404113 404034 | 80 80 | 100.0 | ef_ill_ef_contig21 contig_102
		Alignment: 428 521 | 404300 404207 | 94 94 | 95.74 | ef_ill_ef_contig21 contig_102
		Alignment: 85 157 | 404547 404475 | 73 73 | 91.78 | ef_ill_ef_contig21 contig_102
		Alignment: 325 923 | 405025 405623 | 599 599 | 94.49 | ef_ill_ef_contig17 contig_102
		Alignment: 1019 1366 | 405719 406066 | 348 348 | 95.11 | ef_ill_ef_contig17 contig_102
		Alignment: 1921 2135 | 406630 406844 | 215 215 | 95.35 | ef_ill_ef_contig17 contig_102
		Alignment: 2165 2233 | 406874 406942 | 69 69 | 95.65 | ef_ill_ef_contig17 contig_102
		Alignment: 2249 2365 | 406957 407073 | 117 117 | 92.31 | ef_ill_ef_contig17 contig_102
		Alignment: 1412 1806 | 408704 408310 | 395 395 | 90.38 | ef_ill_ef_contig19 contig_102
		Alignment: 1289 1407 | 408827 408709 | 119 119 | 96.64 | ef_ill_ef_contig19 contig_102
		Alignment: 734 1282 | 409384 408836 | 549 549 | 94.54 | ef_ill_ef_contig19 contig_102
		Alignment: 470 710 | 409648 409408 | 241 241 | 91.29 | ef_ill_ef_contig19 contig_102
		Alignment: 325 923 | 540931 541529 | 599 599 | 94.49 | ef_ill_ef_contig17 contig_102
		Alignment: 1019 1366 | 541625 541972 | 348 348 | 95.11 | ef_ill_ef_contig17 contig_102
		Alignment: 1921 2135 | 542536 542750 | 215 215 | 95.35 | ef_ill_ef_contig17 contig_102
		Alignment: 2165 2233 | 542780 542848 | 69 69 | 95.65 | ef_ill_ef_contig17 contig_102
		Alignment: 2249 2365 | 542863 542979 | 117 117 | 92.31 | ef_ill_ef_contig17 contig_102
		Alignment: 1610 1806 | 544409 544213 | 197 197 | 91.88 | ef_ill_ef_contig19 contig_102
		Alignment: 1289 1407 | 544728 544610 | 119 119 | 96.64 | ef_ill_ef_contig19 contig_102
		Alignment: 1030 1278 | 544989 544741 | 249 249 | 95.98 | ef_ill_ef_contig19 contig_102
		Alignment: 734 1028 | 545284 544990 | 295 295 | 93.22 | ef_ill_ef_contig19 contig_102
		Alignment: 490 710 | 545528 545308 | 221 221 | 93.21 | ef_ill_ef_contig19 contig_102
		Alignment: 325 923 | 654310 654908 | 599 599 | 94.66 | ef_ill_ef_contig17 contig_102
		Alignment: 1019 1366 | 655004 655351 | 348 348 | 95.11 | ef_ill_ef_contig17 contig_102
		Alignment: 1921 2135 | 655915 656129 | 215 215 | 95.35 | ef_ill_ef_contig17 contig_102
		Alignment: 2165 2233 | 656159 656227 | 69 69 | 95.65 | ef_ill_ef_contig17 contig_102
		Alignment: 2249 2365 | 656242 656358 | 117 117 | 92.31 | ef_ill_ef_contig17 contig_102
		Alignment: 4 285 | 656431 656712 | 282 282 | 90.07 | ef_ill_ef_contig25 contig_102
		Alignment: 386 514 | 656819 656947 | 129 129 | 93.8 | ef_ill_ef_contig25 contig_102
		Alignment: 563 681 | 656997 657115 | 119 119 | 94.12 | ef_ill_ef_contig25 contig_102
		Alignment: 1412 1806 | 657940 657546 | 395 395 | 90.63 | ef_ill_ef_contig19 contig_102
		Alignment: 1289 1407 | 658063 657945 | 119 119 | 96.64 | ef_ill_ef_contig19 contig_102
		Alignment: 734 1282 | 658620 658072 | 549 549 | 94.54 | ef_ill_ef_contig19 contig_102
		Alignment: 470 678 | 658885 658677 | 209 209 | 91.87 | ef_ill_ef_contig19 contig_102
		Alignment: 489 676 | 1714074 1714261 | 188 188 | 93.09 | ef_ill_ef_contig19 contig_102
		Alignment: 734 1282 | 1714314 1714862 | 549 549 | 94.54 | ef_ill_ef_contig19 contig_102
		Alignment: 1289 1407 | 1714871 1714989 | 119 119 | 96.64 | ef_ill_ef_contig19 contig_102
		Alignment: 1412 1806 | 1714994 1715388 | 395 395 | 90.13 | ef_ill_ef_contig19 contig_102
		Alignment: 563 681 | 1715952 1715834 | 119 119 | 94.12 | ef_ill_ef_contig25 contig_102
		Alignment: 386 514 | 1716130 1716002 | 129 129 | 93.8 | ef_ill_ef_contig25 contig_102
		Alignment: 4 290 | 1716517 1716231 | 287 287 | 90.24 | ef_ill_ef_contig25 contig_102
		Alignment: 2249 2365 | 1716706 1716590 | 117 117 | 92.31 | ef_ill_ef_contig17 contig_102
		Alignment: 2165 2233 | 1716789 1716721 | 69 69 | 95.65 | ef_ill_ef_contig17 contig_102
		Alignment: 1921 2135 | 1717033 1716819 | 215 215 | 95.35 | ef_ill_ef_contig17 contig_102
		Alignment: 1019 1366 | 1717945 1717598 | 348 348 | 95.11 | ef_ill_ef_contig17 contig_102
		Alignment: 325 923 | 1718639 1718041 | 599 599 | 94.66 | ef_ill_ef_contig17 contig_102
		Alignment: 470 710 | 1758641 1758881 | 241 241 | 92.12 | ef_ill_ef_contig19 contig_102
		Alignment: 734 1031 | 1758905 1759202 | 298 298 | 93.29 | ef_ill_ef_contig19 contig_102
		Alignment: 1032 1282 | 1759204 1759454 | 251 251 | 96.02 | ef_ill_ef_contig19 contig_102
		Alignment: 1289 1407 | 1759463 1759581 | 119 119 | 96.64 | ef_ill_ef_contig19 contig_102
		Alignment: 1412 1806 | 1759586 1759980 | 395 395 | 90.63 | ef_ill_ef_contig19 contig_102
		Alignment: 563 681 | 1760486 1760368 | 119 119 | 94.12 | ef_ill_ef_contig25 contig_102
		Alignment: 386 514 | 1760664 1760536 | 129 129 | 93.8 | ef_ill_ef_contig25 contig_102
		Alignment: 4 288 | 1761049 1760765 | 285 285 | 90.18 | ef_ill_ef_contig25 contig_102
		Alignment: 2249 2365 | 1761238 1761122 | 117 117 | 92.31 | ef_ill_ef_contig17 contig_102
		Alignment: 2165 2233 | 1761321 1761253 | 69 69 | 95.65 | ef_ill_ef_contig17 contig_102
		Alignment: 1921 2135 | 1761565 1761351 | 215 215 | 95.35 | ef_ill_ef_contig17 contig_102
		Alignment: 1019 1366 | 1762476 1762129 | 348 348 | 95.11 | ef_ill_ef_contig17 contig_102
		Alignment: 325 923 | 1763170 1762572 | 599 599 | 94.66 | ef_ill_ef_contig17 contig_102
		Alignment: 488 710 | 1763910 1764132 | 223 223 | 93.27 | ef_ill_ef_contig19 contig_102
		Alignment: 734 1028 | 1764156 1764450 | 295 295 | 93.22 | ef_ill_ef_contig19 contig_102
		Alignment: 1030 1282 | 1764451 1764703 | 253 253 | 96.05 | ef_ill_ef_contig19 contig_102
		Alignment: 1289 1407 | 1764712 1764830 | 119 119 | 96.64 | ef_ill_ef_contig19 contig_102
		Alignment: 1610 1806 | 1765034 1765230 | 197 197 | 92.89 | ef_ill_ef_contig19 contig_102
		Alignment: 2249 2365 | 1766458 1766342 | 117 117 | 92.31 | ef_ill_ef_contig17 contig_102
		Alignment: 2165 2233 | 1766541 1766473 | 69 69 | 95.65 | ef_ill_ef_contig17 contig_102
		Alignment: 1921 2135 | 1766785 1766571 | 215 215 | 95.35 | ef_ill_ef_contig17 contig_102
		Alignment: 1019 1366 | 1767695 1767348 | 348 348 | 95.11 | ef_ill_ef_contig17 contig_102
		Alignment: 724 923 | 1767990 1767791 | 200 200 | 94.0 | ef_ill_ef_contig17 contig_102
		Alignment: 325 671 | 1768391 1768045 | 347 347 | 94.52 | ef_ill_ef_contig17 contig_102
		Alignment: 23697 23812 | 1804892 1804777 | 116 116 | 93.1 | ef_ill_ef_contig3 contig_102
		Alignment: 23547 23653 | 1805039 1804933 | 107 107 | 94.39 | ef_ill_ef_contig3 contig_102
		Alignment: 23217 23308 | 1805369 1805278 | 92 92 | 91.3 | ef_ill_ef_contig3 contig_102
		Unaligned bases: 2700299

CONTIG: contig_84 (2992066bp)
Best alignment score: 35769.0 (LEN: 35769, IDY: 100.00), Total number of alignments: 58
			Looking for the best set of alignments (out of 58 total alignments)
			Skipping redundant alignments after choosing the best set of alignments
		Skipping redundant alignment 697 773 | 291056 290980 | 77 77 | 98.7 | ef_ill_ef_contig21 contig_84
		Skipping redundant alignment 610 691 | 291148 291067 | 82 82 | 96.34 | ef_ill_ef_contig21 contig_84
		Skipping redundant alignment 423 516 | 291332 291239 | 94 94 | 93.62 | ef_ill_ef_contig21 contig_84
		Skipping redundant alignment 454351 454551 | 388856 389056 | 201 201 | 91.04 | ef_ill_ef_contig1 contig_84
		Skipping redundant alignment 930055 930202 | 469349 469496 | 148 148 | 91.22 | ef_ill_ef_contig1 contig_84
		Skipping redundant alignment 701 773 | 532723 532651 | 73 73 | 100.0 | ef_ill_ef_contig21 contig_84
		Skipping redundant alignment 18914 18992 | 1787176 1787098 | 79 79 | 98.73 | ef_ill_ef_contig14 contig_84
		Skipping redundant alignment 18924 18992 | 2569718 2569786 | 69 69 | 100.0 | ef_ill_ef_contig14 contig_84
		Skipping redundant alignment 701 773 | 1079537 1079609 | 73 73 | 100.0 | ef_ill_ef_contig21 contig_84
		This contig has several significant sets of alignments. [An ambiguously mapped contig]
		Using only the very best set (option --ambiguity-usage is set to "one").
			The best set is below. Score: 56715.0, number of alignments: 49, unaligned bases: 2929018
		This contig is misassembled.
		This contig is partially unaligned. (Aligned 63048 out of 2992066 non-N bases (2.11%))
			Warning! This contig is more unaligned than misassembled. Contig length is 2992066 (number of Ns: 0) and total length of all aligns is 63048
		Alignment: 214 2426 | 285973 288197 | 2213 2225 | 90.0 | ef_ill_ef_contig17 contig_84
		Alignment: 47 293 | 288253 288499 | 247 247 | 92.31 | ef_ill_ef_contig25 contig_84
		Alignment: 386 515 | 288599 288728 | 130 130 | 91.54 | ef_ill_ef_contig25 contig_84
		Alignment: 543 680 | 288756 288893 | 138 138 | 93.48 | ef_ill_ef_contig25 contig_84
		Alignment: 245 1807 | 290695 289144 | 1563 1552 | 91.01 | ef_ill_ef_contig19 contig_84
		Alignment: 214 2426 | 291992 294216 | 2213 2225 | 90.0 | ef_ill_ef_contig17 contig_84
		Alignment: 47 293 | 294272 294518 | 247 247 | 92.31 | ef_ill_ef_contig25 contig_84
		Alignment: 386 515 | 294618 294747 | 130 130 | 91.54 | ef_ill_ef_contig25 contig_84
		Alignment: 543 680 | 294775 294912 | 138 138 | 93.48 | ef_ill_ef_contig25 contig_84
		Alignment: 245 1807 | 296714 295163 | 1563 1552 | 90.95 | ef_ill_ef_contig19 contig_84
		Alignment: 214 2426 | 529543 531767 | 2213 2225 | 90.0 | ef_ill_ef_contig17 contig_84
		Alignment: 47 293 | 531823 532069 | 247 247 | 92.31 | ef_ill_ef_contig25 contig_84
		Alignment: 386 515 | 532169 532298 | 130 130 | 91.54 | ef_ill_ef_contig25 contig_84
		Alignment: 543 680 | 532326 532463 | 138 138 | 93.48 | ef_ill_ef_contig25 contig_84
		Alignment: 82 155 | 532843 532770 | 74 74 | 100.0 | ef_ill_ef_contig2 contig_84
		Alignment: 245 1807 | 534516 532965 | 1563 1552 | 91.07 | ef_ill_ef_contig19 contig_84
		Alignment: 23996 24184 | 582270 582458 | 189 189 | 91.53 | ef_ill_ef_contig3 contig_84
		Alignment: 245 1807 | 1077744 1079295 | 1563 1552 | 90.95 | ef_ill_ef_contig19 contig_84
		Alignment: 82 155 | 1079417 1079490 | 74 74 | 100.0 | ef_ill_ef_contig2 contig_84
		Alignment: 543 680 | 1079934 1079797 | 138 138 | 93.48 | ef_ill_ef_contig25 contig_84
		Alignment: 386 515 | 1080091 1079962 | 130 130 | 91.54 | ef_ill_ef_contig25 contig_84
		Alignment: 47 293 | 1080437 1080191 | 247 247 | 92.31 | ef_ill_ef_contig25 contig_84
		Alignment: 214 2426 | 1082717 1080493 | 2213 2225 | 90.0 | ef_ill_ef_contig17 contig_84
		Alignment: 19096 19173 | 1083201 1083124 | 78 78 | 98.72 | ef_ill_ef_contig14 contig_84
		Alignment: 19002 19075 | 1083325 1083252 | 74 74 | 97.3 | ef_ill_ef_contig14 contig_84
		Alignment: 18914 18992 | 1083507 1083429 | 79 79 | 98.73 | ef_ill_ef_contig14 contig_84
		Alignment: 18712 18794 | 1083683 1083601 | 83 83 | 90.36 | ef_ill_ef_contig14 contig_84
		Alignment: 18437 18511 | 1083958 1083884 | 75 75 | 94.67 | ef_ill_ef_contig14 contig_84
		Alignment: 18341 18413 | 1084125 1084053 | 73 73 | 91.78 | ef_ill_ef_contig14 contig_84
		Alignment: 18241 18329 | 1084260 1084172 | 89 89 | 93.26 | ef_ill_ef_contig14 contig_84
		Alignment: 723747 759515 | 1164886 1200654 | 35769 35769 | 100.0 | ef_ill_ef_contig1 contig_84
		Alignment: 245 1807 | 1676256 1677807 | 1563 1552 | 90.95 | ef_ill_ef_contig19 contig_84
		Alignment: 543 680 | 1678195 1678058 | 138 138 | 93.48 | ef_ill_ef_contig25 contig_84
		Alignment: 386 515 | 1678352 1678223 | 130 130 | 91.54 | ef_ill_ef_contig25 contig_84
		Alignment: 47 293 | 1678698 1678452 | 247 247 | 92.31 | ef_ill_ef_contig25 contig_84
		Alignment: 214 2426 | 1680978 1678754 | 2213 2225 | 90.0 | ef_ill_ef_contig17 contig_84
		Alignment: 245 1807 | 1780933 1782484 | 1563 1552 | 91.07 | ef_ill_ef_contig19 contig_84
		Alignment: 543 680 | 1782872 1782735 | 138 138 | 93.48 | ef_ill_ef_contig25 contig_84
		Alignment: 386 515 | 1783029 1782900 | 130 130 | 91.54 | ef_ill_ef_contig25 contig_84
		Alignment: 47 293 | 1783375 1783129 | 247 247 | 92.31 | ef_ill_ef_contig25 contig_84
		Alignment: 214 2426 | 1785655 1783431 | 2213 2225 | 90.0 | ef_ill_ef_contig17 contig_84
		Alignment: 427 514 | 1786316 1786403 | 88 88 | 95.45 | ef_ill_ef_contig21 contig_84
		Alignment: 610 689 | 1786493 1786572 | 80 80 | 98.75 | ef_ill_ef_contig21 contig_84
		Alignment: 697 773 | 1786589 1786665 | 77 77 | 98.7 | ef_ill_ef_contig21 contig_84
		Alignment: 885 963 | 1786788 1786866 | 79 79 | 94.94 | ef_ill_ef_contig21 contig_84
		Alignment: 1107 1194 | 1787008 1787095 | 88 88 | 94.32 | ef_ill_ef_contig21 contig_84
		Alignment: 1 75 | 1787376 1787450 | 75 75 | 93.33 | ef_ill_ef_contig2 contig_84
		Alignment: 82 158 | 1787473 1787549 | 77 77 | 100.0 | ef_ill_ef_contig2 contig_84
		Alignment: 267 341 | 1787754 1787828 | 75 75 | 98.67 | ef_ill_ef_contig2 contig_84
		Unaligned bases: 2929018

CONTIG: contig_87 (4045617bp)
Best alignment score: 1006.0 (LEN: 1077, IDY: 93.41), Total number of alignments: 102
			Too much alignments (102), will use speed up heuristics
			Found 10 solid alignments:
		Solid alignment 730 1806 | 1507046 1505970 | 1077 1077 | 93.41 | ef_ill_ef_contig19 contig_87
		Solid alignment 730 1806 | 2580362 2581438 | 1077 1077 | 93.41 | ef_ill_ef_contig19 contig_87
		Solid alignment 730 1806 | 2600974 2602050 | 1077 1077 | 93.41 | ef_ill_ef_contig19 contig_87
		Solid alignment 730 1806 | 2661308 2662384 | 1077 1077 | 93.41 | ef_ill_ef_contig19 contig_87
		Solid alignment 730 1806 | 2667231 2668307 | 1077 1077 | 93.41 | ef_ill_ef_contig19 contig_87
		Solid alignment 730 1806 | 2731775 2732851 | 1077 1077 | 93.41 | ef_ill_ef_contig19 contig_87
		Solid alignment 730 1806 | 2737388 2738464 | 1077 1077 | 93.41 | ef_ill_ef_contig19 contig_87
		Solid alignment 730 1806 | 2742389 2743465 | 1077 1077 | 93.31 | ef_ill_ef_contig19 contig_87
		Solid alignment 730 1806 | 3195849 3196925 | 1077 1077 | 93.41 | ef_ill_ef_contig19 contig_87
		Solid alignment 730 1806 | 3488617 3489693 | 1077 1077 | 93.41 | ef_ill_ef_contig19 contig_87
			Skipping alignments located inside solid regions since they are redundant:
		Nothing was skipped
			Looking for the best set of alignments (out of 102 total alignments)
		Ambiguity for this contig is not checked for speed up (too much alignments and --ambiguity-usage is "one")
			Skipping redundant alignments after choosing the best set of alignments
		Skipping redundant alignment 269 341 | 1500697 1500625 | 73 73 | 98.63 | ef_ill_ef_contig2 contig_87
		Skipping redundant alignment 169 253 | 1500815 1500731 | 85 85 | 96.47 | ef_ill_ef_contig2 contig_87
		Skipping redundant alignment 19100 19173 | 3493300 3493227 | 74 74 | 98.65 | ef_ill_ef_contig14 contig_87
		Skipping redundant alignment 18438 18586 | 3494142 3493996 | 149 147 | 91.33 | ef_ill_ef_contig14 contig_87
		Skipping redundant alignment 91 157 | 2665867 2665933 | 67 67 | 91.04 | ef_ill_ef_contig21 contig_87
		Skipping redundant alignment 614 686 | 2666353 2666425 | 73 73 | 97.26 | ef_ill_ef_contig21 contig_87
		Skipping redundant alignment 690 773 | 2666426 2666509 | 84 84 | 97.62 | ef_ill_ef_contig21 contig_87
		Skipping redundant alignment 169 253 | 3096294 3096378 | 85 85 | 96.47 | ef_ill_ef_contig2 contig_87
		Skipping redundant alignment 19102 19173 | 2764838 2764767 | 72 72 | 98.61 | ef_ill_ef_contig14 contig_87
		Skipping redundant alignment 18438 18514 | 2765183 2765107 | 77 77 | 97.4 | ef_ill_ef_contig14 contig_87
		Skipping redundant alignment 699 773 | 2581619 2581693 | 75 75 | 100.0 | ef_ill_ef_contig21 contig_87
		Skipping redundant alignment 269 341 | 3096411 3096483 | 73 73 | 98.63 | ef_ill_ef_contig2 contig_87
		Skipping redundant alignment 24047 24196 | 2703608 2703459 | 150 150 | 92.0 | ef_ill_ef_contig3 contig_87
		Skipping redundant alignment 23237 23306 | 2704418 2704349 | 70 70 | 97.14 | ef_ill_ef_contig3 contig_87
		Skipping redundant alignment 699 773 | 2602231 2602305 | 75 75 | 100.0 | ef_ill_ef_contig21 contig_87
		Skipping redundant alignment 614 773 | 2736577 2736733 | 160 157 | 95.0 | ef_ill_ef_contig21 contig_87
			The best set is below. Score: 24732.2, number of alignments: 86, unaligned bases: 4013412
		This contig is misassembled.
		This contig is partially unaligned. (Aligned 32205 out of 4045617 non-N bases (0.80%))
			Warning! This contig is more unaligned than misassembled. Contig length is 4045617 (number of Ns: 0) and total length of all aligns is 32205
		Alignment: 889 963 | 1501678 1501604 | 75 75 | 100.0 | ef_ill_ef_contig21 contig_87
		Alignment: 793 867 | 1501759 1501685 | 75 75 | 96.0 | ef_ill_ef_contig21 contig_87
		Alignment: 696 773 | 1501854 1501777 | 78 78 | 98.72 | ef_ill_ef_contig21 contig_87
		Alignment: 614 690 | 1501931 1501855 | 77 77 | 94.81 | ef_ill_ef_contig21 contig_87
		Alignment: 341 413 | 1502208 1502136 | 73 73 | 93.15 | ef_ill_ef_contig21 contig_87
		Alignment: 323 923 | 1502987 1503587 | 601 601 | 95.51 | ef_ill_ef_contig17 contig_87
		Alignment: 933 1365 | 1503597 1504029 | 433 433 | 90.76 | ef_ill_ef_contig17 contig_87
		Alignment: 1919 2151 | 1504592 1504824 | 233 233 | 93.56 | ef_ill_ef_contig17 contig_87
		Alignment: 2249 2426 | 1504921 1505098 | 178 178 | 91.01 | ef_ill_ef_contig17 contig_87
		Alignment: 63 300 | 1505170 1505407 | 238 238 | 93.28 | ef_ill_ef_contig25 contig_87
		Alignment: 560 680 | 1505675 1505795 | 121 121 | 93.39 | ef_ill_ef_contig25 contig_87
		Alignment: 730 1806 | 1507046 1505970 | 1077 1077 | 93.41 | ef_ill_ef_contig19 contig_87
		Alignment: 455 714 | 1507322 1507063 | 260 260 | 91.92 | ef_ill_ef_contig19 contig_87
		Alignment: 19095 19173 | 2520023 2520101 | 79 79 | 97.47 | ef_ill_ef_contig14 contig_87
		Alignment: 530 714 | 2580161 2580345 | 185 185 | 95.68 | ef_ill_ef_contig19 contig_87
		Alignment: 730 1806 | 2580362 2581438 | 1077 1077 | 93.41 | ef_ill_ef_contig19 contig_87
		Alignment: 560 680 | 2581910 2581790 | 121 121 | 93.39 | ef_ill_ef_contig25 contig_87
		Alignment: 4 300 | 2582474 2582178 | 297 297 | 91.92 | ef_ill_ef_contig25 contig_87
		Alignment: 2249 2426 | 2582664 2582487 | 178 178 | 91.01 | ef_ill_ef_contig17 contig_87
		Alignment: 1919 2151 | 2582993 2582761 | 233 233 | 93.56 | ef_ill_ef_contig17 contig_87
		Alignment: 933 1365 | 2583988 2583556 | 433 433 | 90.76 | ef_ill_ef_contig17 contig_87
		Alignment: 323 923 | 2584598 2583998 | 601 601 | 95.51 | ef_ill_ef_contig17 contig_87
		Alignment: 455 714 | 2600698 2600957 | 260 260 | 91.54 | ef_ill_ef_contig19 contig_87
		Alignment: 730 1806 | 2600974 2602050 | 1077 1077 | 93.41 | ef_ill_ef_contig19 contig_87
		Alignment: 560 680 | 2602522 2602402 | 121 121 | 93.39 | ef_ill_ef_contig25 contig_87
		Alignment: 63 300 | 2603027 2602790 | 238 238 | 93.28 | ef_ill_ef_contig25 contig_87
		Alignment: 2249 2426 | 2603276 2603099 | 178 178 | 91.01 | ef_ill_ef_contig17 contig_87
		Alignment: 1919 2151 | 2603605 2603373 | 233 233 | 93.56 | ef_ill_ef_contig17 contig_87
		Alignment: 933 1365 | 2604600 2604168 | 433 433 | 90.76 | ef_ill_ef_contig17 contig_87
		Alignment: 323 923 | 2605210 2604610 | 601 601 | 95.51 | ef_ill_ef_contig17 contig_87
		Alignment: 455 714 | 2661032 2661291 | 260 260 | 91.92 | ef_ill_ef_contig19 contig_87
		Alignment: 730 1806 | 2661308 2662384 | 1077 1077 | 93.41 | ef_ill_ef_contig19 contig_87
		Alignment: 560 680 | 2662679 2662559 | 121 121 | 93.39 | ef_ill_ef_contig25 contig_87
		Alignment: 4 300 | 2663243 2662947 | 297 297 | 91.92 | ef_ill_ef_contig25 contig_87
		Alignment: 2249 2426 | 2663433 2663256 | 178 178 | 91.01 | ef_ill_ef_contig17 contig_87
		Alignment: 1919 2151 | 2663762 2663530 | 233 233 | 93.56 | ef_ill_ef_contig17 contig_87
		Alignment: 933 1365 | 2664757 2664325 | 433 433 | 90.76 | ef_ill_ef_contig17 contig_87
		Alignment: 323 923 | 2665367 2664767 | 601 601 | 95.51 | ef_ill_ef_contig17 contig_87
		Alignment: 455 714 | 2666955 2667214 | 260 260 | 91.92 | ef_ill_ef_contig19 contig_87
		Alignment: 730 1806 | 2667231 2668307 | 1077 1077 | 93.41 | ef_ill_ef_contig19 contig_87
		Alignment: 560 680 | 2668602 2668482 | 121 121 | 93.39 | ef_ill_ef_contig25 contig_87
		Alignment: 4 300 | 2669166 2668870 | 297 297 | 91.92 | ef_ill_ef_contig25 contig_87
		Alignment: 2249 2426 | 2669356 2669179 | 178 178 | 91.01 | ef_ill_ef_contig17 contig_87
		Alignment: 1919 2151 | 2669685 2669453 | 233 233 | 93.56 | ef_ill_ef_contig17 contig_87
		Alignment: 933 1365 | 2670680 2670248 | 433 433 | 90.76 | ef_ill_ef_contig17 contig_87
		Alignment: 323 923 | 2671290 2670690 | 601 601 | 95.51 | ef_ill_ef_contig17 contig_87
		Alignment: 455 714 | 2731499 2731758 | 260 260 | 91.92 | ef_ill_ef_contig19 contig_87
		Alignment: 730 1806 | 2731775 2732851 | 1077 1077 | 93.41 | ef_ill_ef_contig19 contig_87
		Alignment: 560 680 | 2733146 2733026 | 121 121 | 93.39 | ef_ill_ef_contig25 contig_87
		Alignment: 4 300 | 2733710 2733414 | 297 297 | 91.92 | ef_ill_ef_contig25 contig_87
		Alignment: 2249 2426 | 2733900 2733723 | 178 178 | 91.01 | ef_ill_ef_contig17 contig_87
		Alignment: 1919 2151 | 2734229 2733997 | 233 233 | 93.56 | ef_ill_ef_contig17 contig_87
		Alignment: 933 1365 | 2735224 2734792 | 433 433 | 90.76 | ef_ill_ef_contig17 contig_87
		Alignment: 323 923 | 2735834 2735234 | 601 601 | 95.51 | ef_ill_ef_contig17 contig_87
		Alignment: 455 714 | 2737112 2737371 | 260 260 | 91.92 | ef_ill_ef_contig19 contig_87
		Alignment: 730 1806 | 2737388 2738464 | 1077 1077 | 93.41 | ef_ill_ef_contig19 contig_87
		Alignment: 560 680 | 2738759 2738639 | 121 121 | 93.39 | ef_ill_ef_contig25 contig_87
		Alignment: 63 300 | 2739264 2739027 | 238 238 | 93.28 | ef_ill_ef_contig25 contig_87
		Alignment: 2249 2426 | 2739513 2739336 | 178 178 | 91.01 | ef_ill_ef_contig17 contig_87
		Alignment: 1919 2151 | 2739842 2739610 | 233 233 | 93.56 | ef_ill_ef_contig17 contig_87
		Alignment: 933 1365 | 2740837 2740405 | 433 433 | 90.76 | ef_ill_ef_contig17 contig_87
		Alignment: 323 923 | 2741447 2740847 | 601 601 | 95.51 | ef_ill_ef_contig17 contig_87
		Alignment: 455 714 | 2742113 2742372 | 260 260 | 91.92 | ef_ill_ef_contig19 contig_87
		Alignment: 730 1806 | 2742389 2743465 | 1077 1077 | 93.31 | ef_ill_ef_contig19 contig_87
		Alignment: 560 680 | 2743760 2743640 | 121 121 | 93.39 | ef_ill_ef_contig25 contig_87
		Alignment: 4 300 | 2744324 2744028 | 297 297 | 91.92 | ef_ill_ef_contig25 contig_87
		Alignment: 2249 2426 | 2744514 2744337 | 178 178 | 91.01 | ef_ill_ef_contig17 contig_87
		Alignment: 1919 2151 | 2744843 2744611 | 233 233 | 93.13 | ef_ill_ef_contig17 contig_87
		Alignment: 933 1365 | 2745838 2745406 | 433 433 | 90.76 | ef_ill_ef_contig17 contig_87
		Alignment: 323 923 | 2746448 2745848 | 601 601 | 95.51 | ef_ill_ef_contig17 contig_87
		Alignment: 455 714 | 3195573 3195832 | 260 260 | 91.92 | ef_ill_ef_contig19 contig_87
		Alignment: 730 1806 | 3195849 3196925 | 1077 1077 | 93.41 | ef_ill_ef_contig19 contig_87
		Alignment: 560 680 | 3197220 3197100 | 121 121 | 93.39 | ef_ill_ef_contig25 contig_87
		Alignment: 4 300 | 3197784 3197488 | 297 297 | 91.92 | ef_ill_ef_contig25 contig_87
		Alignment: 2249 2426 | 3197974 3197797 | 178 178 | 91.01 | ef_ill_ef_contig17 contig_87
		Alignment: 1919 2151 | 3198303 3198071 | 233 233 | 93.56 | ef_ill_ef_contig17 contig_87
		Alignment: 933 1365 | 3199298 3198866 | 433 433 | 90.76 | ef_ill_ef_contig17 contig_87
		Alignment: 323 923 | 3199908 3199308 | 601 601 | 95.34 | ef_ill_ef_contig17 contig_87
		Alignment: 455 714 | 3488341 3488600 | 260 260 | 91.92 | ef_ill_ef_contig19 contig_87
		Alignment: 730 1806 | 3488617 3489693 | 1077 1077 | 93.41 | ef_ill_ef_contig19 contig_87
		Alignment: 560 680 | 3489988 3489868 | 121 121 | 93.39 | ef_ill_ef_contig25 contig_87
		Alignment: 4 300 | 3490552 3490256 | 297 297 | 91.92 | ef_ill_ef_contig25 contig_87
		Alignment: 2249 2426 | 3490742 3490565 | 178 178 | 91.01 | ef_ill_ef_contig17 contig_87
		Alignment: 1919 2151 | 3491071 3490839 | 233 233 | 93.56 | ef_ill_ef_contig17 contig_87
		Alignment: 933 1365 | 3492066 3491634 | 433 433 | 90.76 | ef_ill_ef_contig17 contig_87
		Alignment: 323 923 | 3492676 3492076 | 601 601 | 95.51 | ef_ill_ef_contig17 contig_87
		Unaligned bases: 4013412

CONTIG: contig_92 (1946735bp)
Best alignment score: 2003.7 (LEN: 2205, IDY: 90.87), Total number of alignments: 32
			Looking for the best set of alignments (out of 32 total alignments)
			Skipping redundant alignments after choosing the best set of alignments
		Skipping redundant alignment 378 537 | 67534 67693 | 160 160 | 90.0 | ef_ill_ef_contig25 contig_92
		Skipping redundant alignment 561 680 | 67718 67837 | 120 120 | 92.5 | ef_ill_ef_contig25 contig_92
		Skipping redundant alignment 1 231 | 1655041 1654820 | 231 222 | 90.91 | ef_ill_ef_contig2 contig_92
		This contig has several significant sets of alignments. [An ambiguously mapped contig]
		Using only the very best set (option --ambiguity-usage is set to "one").
			The best set is below. Score: 15388.6, number of alignments: 29, unaligned bases: 1926920
		This contig is misassembled.
		This contig is partially unaligned. (Aligned 19815 out of 1946735 non-N bases (1.02%))
			Warning! This contig is more unaligned than misassembled. Contig length is 1946735 (number of Ns: 0) and total length of all aligns is 19815
		Alignment: 215 2419 | 64929 67133 | 2205 2205 | 90.48 | ef_ill_ef_contig17 contig_92
		Alignment: 1521 1808 | 68520 68233 | 288 288 | 92.71 | ef_ill_ef_contig19 contig_92
		Alignment: 1264 1517 | 68777 68524 | 254 254 | 91.73 | ef_ill_ef_contig19 contig_92
		Alignment: 736 1255 | 69305 68786 | 520 520 | 93.08 | ef_ill_ef_contig19 contig_92
		Alignment: 242 309 | 69814 69747 | 68 68 | 95.59 | ef_ill_ef_contig19 contig_92
		Alignment: 215 2419 | 142020 144224 | 2205 2205 | 90.82 | ef_ill_ef_contig17 contig_92
		Alignment: 47 292 | 144289 144534 | 246 246 | 90.24 | ef_ill_ef_contig25 contig_92
		Alignment: 561 680 | 144809 144928 | 120 120 | 92.5 | ef_ill_ef_contig25 contig_92
		Alignment: 481 1808 | 146455 145128 | 1328 1328 | 90.71 | ef_ill_ef_contig19 contig_92
		Alignment: 215 2419 | 177544 179748 | 2205 2205 | 90.87 | ef_ill_ef_contig17 contig_92
		Alignment: 47 292 | 179813 180058 | 246 246 | 90.24 | ef_ill_ef_contig25 contig_92
		Alignment: 378 537 | 180149 180308 | 160 160 | 90.0 | ef_ill_ef_contig25 contig_92
		Alignment: 561 680 | 180333 180452 | 120 120 | 91.67 | ef_ill_ef_contig25 contig_92
		Alignment: 481 1808 | 181980 180653 | 1328 1328 | 90.79 | ef_ill_ef_contig19 contig_92
		Alignment: 481 1808 | 842030 843357 | 1328 1328 | 90.71 | ef_ill_ef_contig19 contig_92
		Alignment: 561 680 | 843872 843753 | 120 120 | 91.67 | ef_ill_ef_contig25 contig_92
		Alignment: 378 537 | 844056 843897 | 160 160 | 90.0 | ef_ill_ef_contig25 contig_92
		Alignment: 47 292 | 844392 844147 | 246 246 | 90.24 | ef_ill_ef_contig25 contig_92
		Alignment: 215 2419 | 846661 844457 | 2205 2205 | 90.78 | ef_ill_ef_contig17 contig_92
		Alignment: 888 964 | 1655503 1655427 | 77 77 | 94.81 | ef_ill_ef_contig21 contig_92
		Alignment: 793 871 | 1655594 1655516 | 79 79 | 97.47 | ef_ill_ef_contig21 contig_92
		Alignment: 613 688 | 1655699 1655624 | 76 76 | 94.74 | ef_ill_ef_contig21 contig_92
		Alignment: 424 514 | 1655874 1655784 | 91 91 | 93.41 | ef_ill_ef_contig21 contig_92
		Alignment: 353 423 | 1655948 1655878 | 71 71 | 91.55 | ef_ill_ef_contig21 contig_92
		Alignment: 215 2419 | 1656408 1658612 | 2205 2205 | 90.73 | ef_ill_ef_contig17 contig_92
		Alignment: 47 292 | 1658677 1658922 | 246 246 | 90.24 | ef_ill_ef_contig25 contig_92
		Alignment: 378 537 | 1659013 1659172 | 160 160 | 90.0 | ef_ill_ef_contig25 contig_92
		Alignment: 561 680 | 1659197 1659316 | 120 120 | 92.5 | ef_ill_ef_contig25 contig_92
		Alignment: 481 1808 | 1660854 1659517 | 1328 1338 | 90.11 | ef_ill_ef_contig19 contig_92
		Unaligned bases: 1926920

CONTIG: contig_94 (4757856bp)
Best alignment score: 131.0 (LEN: 142, IDY: 92.25), Total number of alignments: 15
			Looking for the best set of alignments (out of 15 total alignments)
			Skipping redundant alignments after choosing the best set of alignments
		Skipping redundant alignment 1137 1227 | 806719 806809 | 91 91 | 96.7 | ef_ill_ef_contig17 contig_94
		Skipping redundant alignment 1005 1076 | 809833 809762 | 72 72 | 95.83 | ef_ill_ef_contig19 contig_94
		Skipping redundant alignment 1137 1227 | 1472966 1473056 | 91 91 | 96.7 | ef_ill_ef_contig17 contig_94
		Skipping redundant alignment 1005 1076 | 1476093 1476022 | 72 72 | 95.83 | ef_ill_ef_contig19 contig_94
		Skipping redundant alignment 1005 1076 | 1992531 1992602 | 72 72 | 95.83 | ef_ill_ef_contig19 contig_94
		Skipping redundant alignment 1137 1227 | 1995816 1995726 | 91 91 | 96.7 | ef_ill_ef_contig17 contig_94
		Skipping redundant alignment 1005 1076 | 2087618 2087689 | 72 72 | 95.83 | ef_ill_ef_contig19 contig_94
		Skipping redundant alignment 1137 1227 | 2090747 2090657 | 91 91 | 96.7 | ef_ill_ef_contig17 contig_94
		Skipping redundant alignment 1005 1076 | 2242844 2242915 | 72 72 | 95.83 | ef_ill_ef_contig19 contig_94
		Skipping redundant alignment 1137 1227 | 2246130 2246040 | 91 91 | 96.7 | ef_ill_ef_contig17 contig_94
		Skipping redundant alignment 1005 1076 | 2285757 2285828 | 72 72 | 95.83 | ef_ill_ef_contig19 contig_94
		Skipping redundant alignment 1137 1227 | 2288885 2288795 | 91 91 | 96.7 | ef_ill_ef_contig17 contig_94
		Skipping redundant alignment 1137 1227 | 3038673 3038583 | 91 91 | 96.7 | ef_ill_ef_contig17 contig_94
			The best set is below. Score: 200.0, number of alignments: 2, unaligned bases: 4757642
		This contig is misassembled.
		This contig is partially unaligned. (Aligned 214 out of 4757856 non-N bases (0.00%))
			Warning! This contig is more unaligned than misassembled. Contig length is 4757856 (number of Ns: 0) and total length of all aligns is 214
		Alignment: 1005 1076 | 3035287 3035358 | 72 72 | 95.83 | ef_ill_ef_contig19 contig_94
		Alignment: 1115 1256 | 3035396 3035537 | 142 142 | 92.25 | ef_ill_ef_contig19 contig_94
		Unaligned bases: 4757642

CONTIG: contig_95 (4765342bp)
Best alignment score: 129.0 (LEN: 142, IDY: 90.85), Total number of alignments: 21
			Looking for the best set of alignments (out of 21 total alignments)
			Skipping redundant alignments after choosing the best set of alignments
		Skipping redundant alignment 1137 1227 | 304755 304845 | 91 91 | 96.7 | ef_ill_ef_contig17 contig_95
		Skipping redundant alignment 1136 1256 | 307827 307707 | 121 121 | 95.87 | ef_ill_ef_contig19 contig_95
		Skipping redundant alignment 1005 1076 | 307957 307886 | 72 72 | 95.83 | ef_ill_ef_contig19 contig_95
		Skipping redundant alignment 1137 1227 | 1013061 1013151 | 91 91 | 96.7 | ef_ill_ef_contig17 contig_95
		Skipping redundant alignment 1136 1256 | 1016139 1016019 | 121 121 | 95.87 | ef_ill_ef_contig19 contig_95
		Skipping redundant alignment 1005 1076 | 1016269 1016198 | 72 72 | 95.83 | ef_ill_ef_contig19 contig_95
		Skipping redundant alignment 1005 1076 | 1556759 1556830 | 72 72 | 95.83 | ef_ill_ef_contig19 contig_95
		Skipping redundant alignment 1136 1256 | 1556889 1557009 | 121 121 | 95.87 | ef_ill_ef_contig19 contig_95
		Skipping redundant alignment 1137 1227 | 1559885 1559795 | 91 91 | 96.7 | ef_ill_ef_contig17 contig_95
		Skipping redundant alignment 1005 1076 | 1650382 1650453 | 72 72 | 95.83 | ef_ill_ef_contig19 contig_95
		Skipping redundant alignment 1136 1256 | 1650512 1650632 | 121 121 | 95.87 | ef_ill_ef_contig19 contig_95
		Skipping redundant alignment 1137 1227 | 1653602 1653512 | 91 91 | 96.7 | ef_ill_ef_contig17 contig_95
		Skipping redundant alignment 1005 1076 | 1781511 1781582 | 72 72 | 95.83 | ef_ill_ef_contig19 contig_95
		Skipping redundant alignment 1136 1256 | 1781641 1781761 | 121 121 | 95.87 | ef_ill_ef_contig19 contig_95
		Skipping redundant alignment 1137 1227 | 1784637 1784547 | 91 91 | 96.7 | ef_ill_ef_contig17 contig_95
		Skipping redundant alignment 1005 1076 | 1822914 1822985 | 72 72 | 95.83 | ef_ill_ef_contig19 contig_95
		Skipping redundant alignment 1136 1256 | 1823044 1823164 | 121 121 | 95.87 | ef_ill_ef_contig19 contig_95
		Skipping redundant alignment 1137 1227 | 1826039 1825949 | 91 91 | 96.7 | ef_ill_ef_contig17 contig_95
		Skipping redundant alignment 1137 1227 | 2473962 2473872 | 91 91 | 96.7 | ef_ill_ef_contig17 contig_95
			The best set is below. Score: 198.0, number of alignments: 2, unaligned bases: 4765128
		This contig is misassembled.
		This contig is partially unaligned. (Aligned 214 out of 4765342 non-N bases (0.00%))
			Warning! This contig is more unaligned than misassembled. Contig length is 4765342 (number of Ns: 0) and total length of all aligns is 214
		Alignment: 1005 1076 | 2470744 2470815 | 72 72 | 95.83 | ef_ill_ef_contig19 contig_95
		Alignment: 1136 1277 | 2470874 2471015 | 142 142 | 90.85 | ef_ill_ef_contig19 contig_95
		Unaligned bases: 4765128

Analyzing coverage...
Writing SNPs into /media3/lucia/zymo_mock_community/asms_cuantizados/v4_13-2-21_2bins/metaquast-2bins-v2/runs_per_reference/ef_ill/contigs_reports/minimap_output/r10_2bins_v2_3_MP_helen.used_snps.gz

Analysis is finished!
Founded SNPs were written into /media3/lucia/zymo_mock_community/asms_cuantizados/v4_13-2-21_2bins/metaquast-2bins-v2/runs_per_reference/ef_ill/contigs_reports/minimap_output/r10_2bins_v2_3_MP_helen.used_snps.gz

Results:
	Local Misassemblies: 16
	Misassemblies: 1
		Relocations: 0
		Translocations: 1
		Inversions: 0
	Scaffold gap extensive misassemblies: 0
	Scaffold gap local misassemblies: 0
	Misassemblies caused by fragmented reference: 19
	Misassembled Contigs: 1
	Misassembled Contig Bases: 2845363
	Misassemblies Inter-Contig Overlap: 0
Unaligned Contigs: 0 + 6 part
Half Unaligned Contigs with Misassemblies: 6
Unaligned Contig Bases: 21092419

Ambiguously Mapped Contigs: 4
Total Bases in Ambiguously Mapped Contigs: 10502102
Extra Bases in Ambiguously Mapped Contigs: 0
Note that --allow-ambiguity option was set to "one" and only first alignment per each of these contigs was used.

	Covered Bases: 2818434

	SNPs: 7122
	Insertions: 446
	Deletions: 2023

