Aligning contigs to reference...
	Aligning contigs to the reference
Filtering alignments...
Parsing coords...
Loading reference...
	Loaded [ef_ill_ef_contig11]
	Loaded [ef_ill_ef_contig10]
	Loaded [ef_ill_ef_contig13]
	Loaded [ef_ill_ef_contig12]
	Loaded [ef_ill_ef_contig15]
	Loaded [ef_ill_ef_contig14]
	Loaded [ef_ill_ef_contig17]
	Loaded [ef_ill_ef_contig16]
	Loaded [ef_ill_ef_contig19]
	Loaded [ef_ill_ef_contig18]
	Loaded [ef_ill_ef_contig34]
	Loaded [ef_ill_ef_contig32]
	Loaded [ef_ill_ef_contig1]
	Loaded [ef_ill_ef_contig33]
	Loaded [ef_ill_ef_contig3]
	Loaded [ef_ill_ef_contig2]
	Loaded [ef_ill_ef_contig5]
	Loaded [ef_ill_ef_contig4]
	Loaded [ef_ill_ef_contig7]
	Loaded [ef_ill_ef_contig6]
	Loaded [ef_ill_ef_contig9]
	Loaded [ef_ill_ef_contig8]
	Loaded [ef_ill_ef_contig24]
	Loaded [ef_ill_ef_contig25]
	Loaded [ef_ill_ef_contig26]
	Loaded [ef_ill_ef_contig20]
	Loaded [ef_ill_ef_contig21]
	Loaded [ef_ill_ef_contig22]
	Loaded [ef_ill_ef_contig23]
	Loaded [ef_ill_ef_contig29]
	Total Regions: 30
	Total Region Length: 2820294
Analyzing contigs...
CONTIG: contig_2 (2845424bp)
Best alignment score: 596515.0 (LEN: 596515, IDY: 100.00), Total number of alignments: 88
			Looking for the best set of alignments (out of 88 total alignments)
			Skipping redundant alignments after choosing the best set of alignments
		Skipping redundant alignment 1 77 | 271938 272014 | 77 77 | 100.0 | ef_ill_ef_contig6 contig_2
		Skipping redundant alignment 1027346 1027576 | 272016 271786 | 231 231 | 99.13 | ef_ill_ef_contig1 contig_2
		Skipping redundant alignment 78 235 | 272059 272216 | 158 158 | 99.37 | ef_ill_ef_contig6 contig_2
		Skipping redundant alignment 22954 23120 | 272262 272096 | 167 167 | 96.41 | ef_ill_ef_contig13 contig_2
		Skipping redundant alignment 701 775 | 605946 606020 | 75 75 | 100.0 | ef_ill_ef_contig21 contig_2
		Skipping redundant alignment 1027318 1027422 | 967930 968034 | 105 105 | 100.0 | ef_ill_ef_contig1 contig_2
		Skipping redundant alignment 1027427 1027553 | 968095 968221 | 127 127 | 99.21 | ef_ill_ef_contig1 contig_2
		Skipping redundant alignment 1 552 | 1564152 1564703 | 552 552 | 99.28 | ef_ill_ef_contig33 contig_2
		Skipping redundant alignment 645532 646246 | 1614342 1615074 | 715 733 | 90.5 | ef_ill_ef_contig1 contig_2
		Skipping redundant alignment 238692 238991 | 2117765 2117466 | 300 300 | 99.67 | ef_ill_ef_contig3 contig_2
		Skipping redundant alignment 1 91 | 2405219 2405309 | 91 91 | 100.0 | ef_ill_ef_contig6 contig_2
		Skipping redundant alignment 1027333 1027525 | 2405310 2405118 | 193 193 | 98.96 | ef_ill_ef_contig1 contig_2
		Skipping redundant alignment 92 230 | 2405352 2405490 | 139 139 | 98.56 | ef_ill_ef_contig6 contig_2
		Skipping redundant alignment 231 304 | 2405515 2405588 | 74 74 | 95.95 | ef_ill_ef_contig6 contig_2
		Skipping redundant alignment 30 292 | 2431801 2431539 | 263 263 | 93.56 | ef_ill_ef_contig13 contig_2
		Skipping redundant alignment 22911 23120 | 2444116 2443907 | 210 210 | 95.71 | ef_ill_ef_contig13 contig_2
		Skipping redundant alignment 155366 155480 | 2601089 2601203 | 115 115 | 95.65 | ef_ill_ef_contig7 contig_2
		Skipping redundant alignment 720 823 | 2601204 2601101 | 104 104 | 94.23 | ef_ill_ef_contig18 contig_2
		Skipping redundant alignment 86382 86532 | 2742274 2742124 | 151 151 | 98.68 | ef_ill_ef_contig8 contig_2
		Skipping redundant alignment 86382 86532 | 2742643 2742493 | 151 151 | 98.68 | ef_ill_ef_contig8 contig_2
		Skipping redundant alignment 86382 86532 | 2743012 2742862 | 151 151 | 98.68 | ef_ill_ef_contig8 contig_2
		Skipping redundant alignment 86382 86532 | 2743381 2743231 | 151 151 | 98.68 | ef_ill_ef_contig8 contig_2
		Skipping redundant alignment 86382 86532 | 2743750 2743600 | 151 151 | 99.34 | ef_ill_ef_contig8 contig_2
		Skipping redundant alignment 238751 238991 | 2830067 2830307 | 241 241 | 98.76 | ef_ill_ef_contig3 contig_2
		Skipping redundant alignment 701 775 | 2832131 2832205 | 75 75 | 100.0 | ef_ill_ef_contig21 contig_2
		Skipping redundant alignment 19101 19183 | 2837063 2836981 | 83 83 | 98.8 | ef_ill_ef_contig14 contig_2
		Skipping redundant alignment 997 1201 | 2837075 2837279 | 205 205 | 100.0 | ef_ill_ef_contig21 contig_2
		This contig has several significant sets of alignments. [An ambiguously mapped contig]
		Using only the very best set (option --ambiguity-usage is set to "one").
			The best set is below. Score: 2840567.3, number of alignments: 61, unaligned bases: 3580
		This contig is misassembled.
			Real Alignment 1: 7937 279869 | 1 271934 | 271933 271934 | 100.0 | ef_ill_ef_contig2 contig_2
			  Not a misassembly [fragmentation of reference genome] between these two alignments
			Real Alignment 2: 1 30337 | 272186 302522 | 30337 30337 | 100.0 | ef_ill_ef_contig10 contig_2
			  Gap between these two alignments (local misassembly). Inconsistency = 0
			Excluding internal overlap of size 55 between Alignment 3 and 4: 1 648 | 367523 368170 | 648 648 --> 56 648 | 367578 368170 | 593 593
			Real Alignment 3: 30504 95391 | 302689 367577 | 64888 64889 | 100.0 | ef_ill_ef_contig10 contig_2
			  Indel (> 5bp) between these two alignments: deletion of length 55; 0 mismatches (number of Ns: 0) [fragmentation of reference genome]
			Real Alignment 4: 56 648 | 367578 368170 | 593 593 | 97.99 | ef_ill_ef_contig29 contig_2
			  Not a misassembly [fragmentation of reference genome] between these two alignments
			Excluding internal overlap of size 55 between Alignment 5 and 6: 1 944 | 369258 368315 | 944 944 --> 56 944 | 369203 368315 | 889 889
			Real Alignment 5: 56 944 | 369203 368315 | 889 889 | 99.05 | ef_ill_ef_contig23 contig_2
			  Indel (> 5bp) between these two alignments: deletion of length 55; 0 mismatches (number of Ns: 0) [fragmentation of reference genome]
			Excluding internal overlap of size 55 between Alignment 6 and 7: 1 1834 | 604068 605901 | 1834 1834 --> 56 1834 | 604123 605901 | 1779 1779
			Real Alignment 6: 1 234919 | 604122 369204 | 234919 234919 | 100.0 | ef_ill_ef_contig4 contig_2
			  Indel (> 5bp) between these two alignments: deletion of length 55; 0 mismatches (number of Ns: 0) [fragmentation of reference genome]
			Real Alignment 7: 56 1834 | 604123 605901 | 1779 1779 | 100.0 | ef_ill_ef_contig19 contig_2
			  Not a misassembly [fragmentation of reference genome] between these two alignments
			Real Alignment 8: 1 848 | 606886 606039 | 848 848 | 99.65 | ef_ill_ef_contig25 contig_2
			  Not a misassembly [fragmentation of reference genome] between these two alignments
			Excluding internal overlap of size 55 between Alignment 9 and 10: 1 2434 | 609321 606888 | 2434 2434 --> 56 2434 | 609266 606888 | 2379 2379
			Real Alignment 9: 56 2434 | 609266 606888 | 2379 2379 | 100.0 | ef_ill_ef_contig17 contig_2
			  Indel (> 5bp) between these two alignments: deletion of length 55; 0 mismatches (number of Ns: 0) [fragmentation of reference genome]
			Excluding internal overlap of size 55 between Alignment 10 and 11: 1 580 | 629246 628667 | 580 580 --> 1 525 | 629246 628722 | 525 525
			Real Alignment 10: 1 19455 | 628721 609267 | 19455 19455 | 100.0 | ef_ill_ef_contig14 contig_2
			  Indel (> 5bp) between these two alignments: deletion of length 55; 0 mismatches (number of Ns: 0) [fragmentation of reference genome]
			Excluding internal overlap of size 55 between Alignment 11 and 12: 1 525 | 629246 628722 | 525 525 --> 56 525 | 629191 628722 | 470 470
			Real Alignment 11: 56 525 | 629191 628722 | 470 470 | 99.66 | ef_ill_ef_contig32 contig_2
			  Indel (> 5bp) between these two alignments: deletion of length 55; 0 mismatches (number of Ns: 0) [fragmentation of reference genome]
			Excluding internal overlap of size 603 between Alignment 12 and 13: 1 28668 | 629192 657858 | 28668 28667 --> 1 28065 | 629192 657255 | 28065 28064
			Real Alignment 12: 1 28065 | 629192 657255 | 28065 28064 | 99.96 | ef_ill_ef_contig5 contig_2
			  Gap between these two alignments (local misassembly). Inconsistency = 141
			Excluding internal overlap of size 55 between Alignment 13 and 14: 1 1514 | 808832 810345 | 1514 1514 --> 56 1514 | 808887 810345 | 1459 1459
			Real Alignment 13: 28207 180004 | 657256 808886 | 151798 151631 | 99.87 | ef_ill_ef_contig5 contig_2
			  Indel (> 5bp) between these two alignments: deletion of length 55; 0 mismatches (number of Ns: 0) [fragmentation of reference genome]
			Excluding internal overlap of size 55 between Alignment 14 and 15: 56 1514 | 808887 810345 | 1459 1459 --> 56 1459 | 808887 810290 | 1404 1404
			Real Alignment 14: 56 1459 | 808887 810290 | 1404 1404 | 100.0 | ef_ill_ef_contig20 contig_2
			  Indel (> 5bp) between these two alignments: deletion of length 55; 0 mismatches (number of Ns: 0) [fragmentation of reference genome]
			Excluding internal overlap of size 55 between Alignment 15 and 16: 1 157742 | 968036 810291 | 157742 157746 --> 56 157742 | 967981 810291 | 157687 157691
			Real Alignment 15: 56 157742 | 967981 810291 | 157687 157691 | 100.0 | ef_ill_ef_contig6 contig_2
			  Indel (> 5bp) between these two alignments: deletion of length 55; 0 mismatches (number of Ns: 0) [fragmentation of reference genome]
			Excluding internal overlap of size 222 between Alignment 16 and 17: 595858 646258 | 1564275 1614675 | 50401 50401 --> 596080 646258 | 1564497 1614675 | 50179 50179
			Real Alignment 16: 1 596523 | 967982 1564496 | 596523 596515 | 100.0 | ef_ill_ef_contig1 contig_2
			  Overlap between these two alignments (local misassembly). Inconsistency = -444
			Real Alignment 17: 596080 646258 | 1564497 1614675 | 50179 50179 | 99.92 | ef_ill_ef_contig1 contig_2
			  Gap between these two alignments (local misassembly). Inconsistency = -804
			Excluding internal overlap of size 55 between Alignment 18 and 19: 1 580 | 2065248 2065827 | 580 580 --> 56 580 | 2065303 2065827 | 525 525
			Real Alignment 18: 645532 1096084 | 1614753 2065302 | 450553 450550 | 99.99 | ef_ill_ef_contig1 contig_2
			  Indel (> 5bp) between these two alignments: deletion of length 55; 0 mismatches (number of Ns: 0) [fragmentation of reference genome]
			Excluding internal overlap of size 55 between Alignment 19 and 20: 56 580 | 2065303 2065827 | 525 525 --> 56 525 | 2065303 2065772 | 470 470
			Real Alignment 19: 56 525 | 2065303 2065772 | 470 470 | 100.0 | ef_ill_ef_contig32 contig_2
			  Indel (> 5bp) between these two alignments: deletion of length 55; 0 mismatches (number of Ns: 0) [fragmentation of reference genome]
			Excluding internal overlap of size 55 between Alignment 20 and 21: 1 2434 | 2112369 2114802 | 2434 2434 --> 56 2434 | 2112424 2114802 | 2379 2379
			Real Alignment 20: 1 46653 | 2065773 2112423 | 46653 46651 | 100.0 | ef_ill_ef_contig11 contig_2
			  Indel (> 5bp) between these two alignments: deletion of length 55; 0 mismatches (number of Ns: 0) [fragmentation of reference genome]
			Real Alignment 21: 56 2434 | 2112424 2114802 | 2379 2379 | 100.0 | ef_ill_ef_contig17 contig_2
			  Not a misassembly [fragmentation of reference genome] between these two alignments
			Real Alignment 22: 1 848 | 2114804 2115651 | 848 848 | 100.0 | ef_ill_ef_contig25 contig_2
			  Not a misassembly [fragmentation of reference genome] between these two alignments
			Real Alignment 23: 1 1834 | 2117520 2115687 | 1834 1834 | 99.95 | ef_ill_ef_contig19 contig_2
			  Not a misassembly [fragmentation of reference genome] between these two alignments
			Excluding internal overlap of size 55 between Alignment 24 and 25: 1 1514 | 2148385 2146872 | 1514 1514 --> 1 1459 | 2148385 2146927 | 1459 1459
			Real Alignment 24: 1 29217 | 2117711 2146926 | 29217 29216 | 99.99 | ef_ill_ef_contig12 contig_2
			  Indel (> 5bp) between these two alignments: deletion of length 55; 0 mismatches (number of Ns: 0) [fragmentation of reference genome]
			Excluding internal overlap of size 55 between Alignment 25 and 26: 1 1459 | 2148385 2146927 | 1459 1459 --> 56 1459 | 2148330 2146927 | 1404 1404
			Real Alignment 25: 56 1459 | 2148330 2146927 | 1404 1404 | 100.0 | ef_ill_ef_contig20 contig_2
			  Indel (> 5bp) between these two alignments: deletion of length 55; 0 mismatches (number of Ns: 0) [fragmentation of reference genome]
			Excluding internal overlap of size 51 between Alignment 26 and 27: 5 1834 | 2387134 2388963 | 1830 1830 --> 56 1834 | 2387185 2388963 | 1779 1779
			Real Alignment 26: 1 238991 | 2148331 2387184 | 238991 238854 | 99.94 | ef_ill_ef_contig3 contig_2
			  Indel (> 5bp) between these two alignments: deletion of length 55; 0 mismatches (number of Ns: 0) [fragmentation of reference genome]
			Real Alignment 27: 56 1834 | 2387185 2388963 | 1779 1779 | 99.78 | ef_ill_ef_contig19 contig_2
			  Not a misassembly [fragmentation of reference genome] between these two alignments
			Real Alignment 28: 1 848 | 2389846 2388999 | 848 848 | 100.0 | ef_ill_ef_contig25 contig_2
			  Not a misassembly [fragmentation of reference genome] between these two alignments
			Real Alignment 29: 1 2434 | 2392281 2389848 | 2434 2434 | 100.0 | ef_ill_ef_contig17 contig_2
			  Not a misassembly [fragmentation of reference genome] between these two alignments
			Real Alignment 30: 1 603 | 2392289 2392891 | 603 603 | 100.0 | ef_ill_ef_contig21 contig_2
			  Extensive misassembly (translocation) between these two alignments
			Real Alignment 31: 1 12238 | 2392980 2405215 | 12238 12236 | 99.98 | ef_ill_ef_contig16 contig_2
			  Not a misassembly [fragmentation of reference genome] between these two alignments
			Excluding internal overlap of size 55 between Alignment 32 and 33: 1 508 | 2428440 2428947 | 508 508 --> 56 508 | 2428495 2428947 | 453 453
			Real Alignment 32: 1 23120 | 2428494 2405375 | 23120 23120 | 100.0 | ef_ill_ef_contig13 contig_2
			  Indel (> 5bp) between these two alignments: deletion of length 55; 0 mismatches (number of Ns: 0) [fragmentation of reference genome]
			Excluding internal overlap of size 55 between Alignment 33 and 34: 56 508 | 2428495 2428947 | 453 453 --> 56 453 | 2428495 2428892 | 398 398
			Real Alignment 33: 56 453 | 2428495 2428892 | 398 398 | 100.0 | ef_ill_ef_contig34 contig_2
			  Indel (> 5bp) between these two alignments: deletion of length 55; 0 mismatches (number of Ns: 0) [fragmentation of reference genome]
			Excluding internal overlap of size 7 between Alignment 34 and 35: 1 869 | 2429761 2428893 | 869 869 --> 8 869 | 2429754 2428893 | 862 862
			Real Alignment 34: 8 869 | 2429754 2428893 | 862 862 | 100.0 | ef_ill_ef_contig24 contig_2
			  Indel (> 5bp) between these two alignments: deletion of length 7; 0 mismatches (number of Ns: 0) [fragmentation of reference genome]
			Excluding internal overlap of size 55 between Alignment 35 and 36: 1 1890 | 2431644 2429755 | 1890 1890 --> 56 1890 | 2431589 2429755 | 1835 1835
			Real Alignment 35: 56 1890 | 2431589 2429755 | 1835 1835 | 100.0 | ef_ill_ef_contig18 contig_2
			  Indel (> 5bp) between these two alignments: deletion of length 55; 0 mismatches (number of Ns: 0) [fragmentation of reference genome]
			Real Alignment 36: 1 12372 | 2443961 2431590 | 12372 12372 | 99.96 | ef_ill_ef_contig15 contig_2
			  Not a misassembly [fragmentation of reference genome] between these two alignments
			Excluding internal overlap of size 634 between Alignment 37 and 38: 1 20331 | 2443997 2464327 | 20331 20331 --> 1 19697 | 2443997 2463693 | 19697 19697
			Real Alignment 37: 1 19697 | 2443997 2463693 | 19697 19697 | 99.96 | ef_ill_ef_contig7 contig_2
			  Overlap between these two alignments (local misassembly). Inconsistency = -447
			Real Alignment 38: 19251 144089 | 2463694 2588529 | 124839 124836 | 99.93 | ef_ill_ef_contig7 contig_2
			  Gap between these two alignments (local misassembly). Inconsistency = -434
			Excluding internal overlap of size 42 between Alignment 39 and 40: 1 843 | 2601155 2600313 | 843 843 --> 1 801 | 2601155 2600355 | 801 801
			Real Alignment 39: 143678 155480 | 2588552 2600354 | 11803 11803 | 99.97 | ef_ill_ef_contig7 contig_2
			  Indel (> 5bp) between these two alignments: deletion of length 42; 0 mismatches (number of Ns: 0) [fragmentation of reference genome]
			Real Alignment 40: 1 801 | 2601155 2600355 | 801 801 | 100.0 | ef_ill_ef_contig26 contig_2
			  Not a misassembly [fragmentation of reference genome] between these two alignments
			Excluding internal overlap of size 55 between Alignment 41 and 42: 1 508 | 2602052 2602559 | 508 508 --> 56 508 | 2602107 2602559 | 453 453
			Real Alignment 41: 1 945 | 2602106 2601162 | 945 945 | 100.0 | ef_ill_ef_contig22 contig_2
			  Indel (> 5bp) between these two alignments: deletion of length 55; 0 mismatches (number of Ns: 0) [fragmentation of reference genome]
			Excluding internal overlap of size 55 between Alignment 42 and 43: 56 508 | 2602107 2602559 | 453 453 --> 56 453 | 2602107 2602504 | 398 398
			Real Alignment 42: 56 453 | 2602107 2602504 | 398 398 | 99.02 | ef_ill_ef_contig34 contig_2
			  Indel (> 5bp) between these two alignments: deletion of length 55; 0 mismatches (number of Ns: 0) [fragmentation of reference genome]
			Real Alignment 43: 54 869 | 2603323 2602505 | 816 819 | 92.51 | ef_ill_ef_contig24 contig_2
			  Gap between these two alignments (local misassembly). Inconsistency = 53 [fragmentation of reference genome]
			Real Alignment 44: 61774 106275 | 2648016 2603516 | 44502 44501 | 99.99 | ef_ill_ef_contig9 contig_2
			  Gap between these two alignments (local misassembly). Inconsistency = 0
			Excluding internal overlap of size 55 between Alignment 45 and 46: 1 648 | 2709732 2710379 | 648 648 --> 56 648 | 2709787 2710379 | 593 593
			Real Alignment 45: 1 61659 | 2709786 2648131 | 61659 61656 | 99.98 | ef_ill_ef_contig9 contig_2
			  Indel (> 5bp) between these two alignments: deletion of length 55; 0 mismatches (number of Ns: 0) [fragmentation of reference genome]
			Real Alignment 46: 56 648 | 2709787 2710379 | 593 593 | 100.0 | ef_ill_ef_contig29 contig_2
			  Not a misassembly [fragmentation of reference genome] between these two alignments
			Excluding internal overlap of size 55 between Alignment 47 and 48: 1 944 | 2711467 2710524 | 944 944 --> 56 944 | 2711412 2710524 | 889 889
			Real Alignment 47: 56 944 | 2711412 2710524 | 889 889 | 100.0 | ef_ill_ef_contig23 contig_2
			  Indel (> 5bp) between these two alignments: deletion of length 55; 0 mismatches (number of Ns: 0) [fragmentation of reference genome]
			Real Alignment 48: 86382 116874 | 2741905 2711413 | 30493 30493 | 100.0 | ef_ill_ef_contig8 contig_2
			  Gap between these two alignments (local misassembly). Inconsistency = 0
			Real Alignment 49: 85898 86123 | 2742389 2742164 | 226 226 | 100.0 | ef_ill_ef_contig8 contig_2
			  Gap between these two alignments (local misassembly). Inconsistency = -369
			Real Alignment 50: 85898 86123 | 2742758 2742533 | 226 226 | 100.0 | ef_ill_ef_contig8 contig_2
			  Gap between these two alignments (local misassembly). Inconsistency = -369
			Real Alignment 51: 85898 86123 | 2743127 2742902 | 226 226 | 100.0 | ef_ill_ef_contig8 contig_2
			  Gap between these two alignments (local misassembly). Inconsistency = -369
			Real Alignment 52: 85898 86123 | 2743496 2743271 | 226 226 | 100.0 | ef_ill_ef_contig8 contig_2
			  Gap between these two alignments (local misassembly). Inconsistency = -369
			Real Alignment 53: 85898 86123 | 2743865 2743640 | 226 226 | 99.56 | ef_ill_ef_contig8 contig_2
			  Gap between these two alignments (local misassembly). Inconsistency = -369
			Real Alignment 54: 1 86123 | 2830130 2744009 | 86123 86122 | 100.0 | ef_ill_ef_contig8 contig_2
			  Not a misassembly [fragmentation of reference genome] between these two alignments
			Real Alignment 55: 1 1834 | 2830253 2832086 | 1834 1834 | 99.95 | ef_ill_ef_contig19 contig_2
			  Not a misassembly [fragmentation of reference genome] between these two alignments
			Real Alignment 56: 1 848 | 2833071 2832224 | 848 848 | 100.0 | ef_ill_ef_contig25 contig_2
			  Not a misassembly [fragmentation of reference genome] between these two alignments
			Real Alignment 57: 1 2434 | 2835506 2833073 | 2434 2434 | 100.0 | ef_ill_ef_contig17 contig_2
			  Not a misassembly [fragmentation of reference genome] between these two alignments
			Real Alignment 58: 1 1201 | 2835514 2836714 | 1201 1201 | 99.83 | ef_ill_ef_contig21 contig_2
			  Not a misassembly [fragmentation of reference genome] between these two alignments
			Real Alignment 59: 1 156 | 2836822 2836977 | 156 156 | 100.0 | ef_ill_ef_contig2 contig_2
			  Gap between these two alignments (local misassembly). Inconsistency = 99
			Real Alignment 60: 266 344 | 2836988 2837066 | 79 79 | 100.0 | ef_ill_ef_contig2 contig_2
			  Gap between these two alignments (local misassembly). Inconsistency = -762
			Real Alignment 61: 1 7936 | 2837485 2845424 | 7936 7940 | 99.95 | ef_ill_ef_contig2 contig_2

CONTIG: contig_102 (2719574bp)
Best alignment score: 1199.8 (LEN: 1309, IDY: 91.66), Total number of alignments: 75
			Looking for the best set of alignments (out of 75 total alignments)
			Skipping redundant alignments after choosing the best set of alignments
		Skipping redundant alignment 106324 106445 | 115531 115652 | 122 122 | 91.8 | ef_ill_ef_contig6 contig_102
		Skipping redundant alignment 386 504 | 1766891 1766773 | 119 119 | 96.64 | ef_ill_ef_contig25 contig_102
		Skipping redundant alignment 23697 23812 | 1805931 1805816 | 116 116 | 93.1 | ef_ill_ef_contig3 contig_102
		Skipping redundant alignment 23547 23653 | 1806078 1805972 | 107 107 | 94.39 | ef_ill_ef_contig3 contig_102
		Skipping redundant alignment 386 514 | 407780 407908 | 129 129 | 93.8 | ef_ill_ef_contig25 contig_102
		Skipping redundant alignment 563 681 | 407958 408076 | 119 119 | 94.12 | ef_ill_ef_contig25 contig_102
		Skipping redundant alignment 613 688 | 1759129 1759204 | 76 76 | 100.0 | ef_ill_ef_contig21 contig_102
		Skipping redundant alignment 699 767 | 1759225 1759293 | 69 69 | 98.55 | ef_ill_ef_contig21 contig_102
		Skipping redundant alignment 386 504 | 543756 543874 | 119 119 | 96.64 | ef_ill_ef_contig25 contig_102
		Skipping redundant alignment 386 504 | 657176 657294 | 119 119 | 96.64 | ef_ill_ef_contig25 contig_102
		This contig has several significant sets of alignments. [An ambiguously mapped contig]
		Using only the very best set (option --ambiguity-usage is set to "one").
			The best set is below. Score: 11941.8, number of alignments: 65, unaligned bases: 2703508
		This contig is misassembled.
		This contig is partially unaligned. (Aligned 16066 out of 2719574 non-N bases (0.59%))
			Warning! This contig is more unaligned than misassembled. Contig length is 2719574 (number of Ns: 0) and total length of all aligns is 16066
		Alignment: 890 964 | 404065 403991 | 75 75 | 93.33 | ef_ill_ef_contig21 contig_102
		Alignment: 691 773 | 404273 404191 | 83 83 | 93.98 | ef_ill_ef_contig21 contig_102
		Alignment: 610 689 | 404358 404279 | 80 80 | 100.0 | ef_ill_ef_contig21 contig_102
		Alignment: 428 521 | 404546 404453 | 94 94 | 95.74 | ef_ill_ef_contig21 contig_102
		Alignment: 85 157 | 404793 404721 | 73 73 | 91.78 | ef_ill_ef_contig21 contig_102
		Alignment: 325 923 | 405271 405869 | 599 599 | 94.49 | ef_ill_ef_contig17 contig_102
		Alignment: 1019 1366 | 405965 406312 | 348 348 | 95.11 | ef_ill_ef_contig17 contig_102
		Alignment: 1921 2135 | 406876 407090 | 215 215 | 95.35 | ef_ill_ef_contig17 contig_102
		Alignment: 2165 2233 | 407120 407188 | 69 69 | 95.65 | ef_ill_ef_contig17 contig_102
		Alignment: 2249 2365 | 407203 407319 | 117 117 | 92.31 | ef_ill_ef_contig17 contig_102
		Alignment: 1289 1407 | 409074 408956 | 119 119 | 96.64 | ef_ill_ef_contig19 contig_102
		Alignment: 734 1282 | 409631 409083 | 549 549 | 94.35 | ef_ill_ef_contig19 contig_102
		Alignment: 490 710 | 409875 409655 | 221 221 | 93.21 | ef_ill_ef_contig19 contig_102
		Alignment: 325 721 | 541247 541643 | 397 397 | 94.96 | ef_ill_ef_contig17 contig_102
		Alignment: 722 923 | 541645 541846 | 202 202 | 93.56 | ef_ill_ef_contig17 contig_102
		Alignment: 1019 1366 | 541942 542289 | 348 348 | 95.11 | ef_ill_ef_contig17 contig_102
		Alignment: 1921 2135 | 542853 543067 | 215 215 | 95.35 | ef_ill_ef_contig17 contig_102
		Alignment: 2165 2233 | 543097 543165 | 69 69 | 95.65 | ef_ill_ef_contig17 contig_102
		Alignment: 2249 2365 | 543180 543296 | 117 117 | 92.31 | ef_ill_ef_contig17 contig_102
		Alignment: 496 1806 | 545837 544529 | 1311 1309 | 91.66 | ef_ill_ef_contig19 contig_102
		Alignment: 325 721 | 654682 655078 | 397 397 | 94.96 | ef_ill_ef_contig17 contig_102
		Alignment: 722 923 | 655080 655281 | 202 202 | 94.06 | ef_ill_ef_contig17 contig_102
		Alignment: 1019 1366 | 655377 655724 | 348 348 | 95.11 | ef_ill_ef_contig17 contig_102
		Alignment: 1921 2135 | 656288 656502 | 215 215 | 95.35 | ef_ill_ef_contig17 contig_102
		Alignment: 2165 2233 | 656532 656600 | 69 69 | 95.65 | ef_ill_ef_contig17 contig_102
		Alignment: 1412 1806 | 658297 657903 | 395 395 | 90.63 | ef_ill_ef_contig19 contig_102
		Alignment: 1289 1407 | 658420 658302 | 119 119 | 96.64 | ef_ill_ef_contig19 contig_102
		Alignment: 1030 1282 | 658681 658429 | 253 253 | 95.65 | ef_ill_ef_contig19 contig_102
		Alignment: 734 1028 | 658976 658682 | 295 295 | 93.22 | ef_ill_ef_contig19 contig_102
		Alignment: 490 676 | 659215 659029 | 187 187 | 93.58 | ef_ill_ef_contig19 contig_102
		Alignment: 470 710 | 1715026 1715266 | 241 241 | 92.12 | ef_ill_ef_contig19 contig_102
		Alignment: 734 1033 | 1715290 1715589 | 300 300 | 93.33 | ef_ill_ef_contig19 contig_102
		Alignment: 1034 1282 | 1715591 1715839 | 249 249 | 95.98 | ef_ill_ef_contig19 contig_102
		Alignment: 1289 1407 | 1715848 1715966 | 119 119 | 96.64 | ef_ill_ef_contig19 contig_102
		Alignment: 1614 1806 | 1716172 1716364 | 193 193 | 93.26 | ef_ill_ef_contig19 contig_102
		Alignment: 386 504 | 1717107 1716989 | 119 119 | 96.64 | ef_ill_ef_contig25 contig_102
		Alignment: 4 290 | 1717494 1717208 | 287 287 | 90.24 | ef_ill_ef_contig25 contig_102
		Alignment: 2249 2365 | 1717683 1717567 | 117 117 | 92.31 | ef_ill_ef_contig17 contig_102
		Alignment: 2165 2233 | 1717766 1717698 | 69 69 | 95.65 | ef_ill_ef_contig17 contig_102
		Alignment: 1921 2135 | 1718010 1717796 | 215 215 | 95.35 | ef_ill_ef_contig17 contig_102
		Alignment: 1019 1366 | 1718923 1718576 | 348 348 | 95.11 | ef_ill_ef_contig17 contig_102
		Alignment: 722 923 | 1719220 1719019 | 202 202 | 94.06 | ef_ill_ef_contig17 contig_102
		Alignment: 325 721 | 1719618 1719222 | 397 397 | 94.96 | ef_ill_ef_contig17 contig_102
		Alignment: 470 710 | 1759643 1759883 | 241 241 | 91.7 | ef_ill_ef_contig19 contig_102
		Alignment: 734 1282 | 1759907 1760455 | 549 549 | 94.35 | ef_ill_ef_contig19 contig_102
		Alignment: 1289 1407 | 1760464 1760582 | 119 119 | 96.64 | ef_ill_ef_contig19 contig_102
		Alignment: 1614 1806 | 1760788 1760980 | 193 193 | 93.26 | ef_ill_ef_contig19 contig_102
		Alignment: 386 504 | 1761665 1761547 | 119 119 | 96.64 | ef_ill_ef_contig25 contig_102
		Alignment: 4 285 | 1762054 1761773 | 282 282 | 90.07 | ef_ill_ef_contig25 contig_102
		Alignment: 2249 2365 | 1762243 1762127 | 117 117 | 92.31 | ef_ill_ef_contig17 contig_102
		Alignment: 2165 2233 | 1762326 1762258 | 69 69 | 95.65 | ef_ill_ef_contig17 contig_102
		Alignment: 1921 2135 | 1762570 1762356 | 215 215 | 95.35 | ef_ill_ef_contig17 contig_102
		Alignment: 1019 1366 | 1763482 1763135 | 348 348 | 95.11 | ef_ill_ef_contig17 contig_102
		Alignment: 722 923 | 1763779 1763578 | 202 202 | 94.06 | ef_ill_ef_contig17 contig_102
		Alignment: 325 719 | 1764178 1763784 | 395 395 | 94.94 | ef_ill_ef_contig17 contig_102
		Alignment: 490 710 | 1764921 1765141 | 221 221 | 93.67 | ef_ill_ef_contig19 contig_102
		Alignment: 734 1282 | 1765165 1765713 | 549 549 | 94.35 | ef_ill_ef_contig19 contig_102
		Alignment: 1289 1407 | 1765722 1765840 | 119 119 | 96.64 | ef_ill_ef_contig19 contig_102
		Alignment: 1412 1806 | 1765845 1766239 | 395 395 | 90.38 | ef_ill_ef_contig19 contig_102
		Alignment: 2249 2365 | 1767468 1767352 | 117 117 | 92.31 | ef_ill_ef_contig17 contig_102
		Alignment: 2165 2233 | 1767551 1767483 | 69 69 | 95.65 | ef_ill_ef_contig17 contig_102
		Alignment: 1921 2135 | 1767795 1767581 | 215 215 | 95.35 | ef_ill_ef_contig17 contig_102
		Alignment: 1019 1366 | 1768706 1768359 | 348 348 | 95.11 | ef_ill_ef_contig17 contig_102
		Alignment: 722 923 | 1769003 1768802 | 202 202 | 93.56 | ef_ill_ef_contig17 contig_102
		Alignment: 325 671 | 1769403 1769057 | 347 347 | 94.52 | ef_ill_ef_contig17 contig_102
		Unaligned bases: 2703508

CONTIG: contig_85 (2992083bp)
Best alignment score: 35769.0 (LEN: 35769, IDY: 100.00), Total number of alignments: 58
			Looking for the best set of alignments (out of 58 total alignments)
			Skipping redundant alignments after choosing the best set of alignments
		Skipping redundant alignment 697 773 | 291057 290981 | 77 77 | 98.7 | ef_ill_ef_contig21 contig_85
		Skipping redundant alignment 610 691 | 291149 291068 | 82 82 | 96.34 | ef_ill_ef_contig21 contig_85
		Skipping redundant alignment 423 516 | 291333 291240 | 94 94 | 93.62 | ef_ill_ef_contig21 contig_85
		Skipping redundant alignment 454351 454551 | 388857 389057 | 201 201 | 91.04 | ef_ill_ef_contig1 contig_85
		Skipping redundant alignment 930055 930202 | 469350 469497 | 148 148 | 91.22 | ef_ill_ef_contig1 contig_85
		Skipping redundant alignment 701 773 | 532724 532652 | 73 73 | 100.0 | ef_ill_ef_contig21 contig_85
		Skipping redundant alignment 18914 18992 | 1787188 1787110 | 79 79 | 98.73 | ef_ill_ef_contig14 contig_85
		Skipping redundant alignment 18924 18992 | 2569735 2569803 | 69 69 | 100.0 | ef_ill_ef_contig14 contig_85
		Skipping redundant alignment 701 773 | 1079549 1079621 | 73 73 | 100.0 | ef_ill_ef_contig21 contig_85
		This contig has several significant sets of alignments. [An ambiguously mapped contig]
		Using only the very best set (option --ambiguity-usage is set to "one").
			The best set is below. Score: 56715.0, number of alignments: 49, unaligned bases: 2929035
		This contig is misassembled.
		This contig is partially unaligned. (Aligned 63048 out of 2992083 non-N bases (2.11%))
			Warning! This contig is more unaligned than misassembled. Contig length is 2992083 (number of Ns: 0) and total length of all aligns is 63048
		Alignment: 214 2426 | 285974 288198 | 2213 2225 | 90.0 | ef_ill_ef_contig17 contig_85
		Alignment: 47 293 | 288254 288500 | 247 247 | 92.31 | ef_ill_ef_contig25 contig_85
		Alignment: 386 515 | 288600 288729 | 130 130 | 91.54 | ef_ill_ef_contig25 contig_85
		Alignment: 543 680 | 288757 288894 | 138 138 | 93.48 | ef_ill_ef_contig25 contig_85
		Alignment: 245 1807 | 290696 289145 | 1563 1552 | 91.01 | ef_ill_ef_contig19 contig_85
		Alignment: 214 2426 | 291993 294217 | 2213 2225 | 90.0 | ef_ill_ef_contig17 contig_85
		Alignment: 47 293 | 294273 294519 | 247 247 | 92.31 | ef_ill_ef_contig25 contig_85
		Alignment: 386 515 | 294619 294748 | 130 130 | 91.54 | ef_ill_ef_contig25 contig_85
		Alignment: 543 680 | 294776 294913 | 138 138 | 93.48 | ef_ill_ef_contig25 contig_85
		Alignment: 245 1807 | 296715 295164 | 1563 1552 | 90.95 | ef_ill_ef_contig19 contig_85
		Alignment: 214 2426 | 529544 531768 | 2213 2225 | 90.0 | ef_ill_ef_contig17 contig_85
		Alignment: 47 293 | 531824 532070 | 247 247 | 92.31 | ef_ill_ef_contig25 contig_85
		Alignment: 386 515 | 532170 532299 | 130 130 | 91.54 | ef_ill_ef_contig25 contig_85
		Alignment: 543 680 | 532327 532464 | 138 138 | 93.48 | ef_ill_ef_contig25 contig_85
		Alignment: 82 155 | 532844 532771 | 74 74 | 100.0 | ef_ill_ef_contig2 contig_85
		Alignment: 245 1807 | 534517 532966 | 1563 1552 | 91.07 | ef_ill_ef_contig19 contig_85
		Alignment: 23996 24184 | 582271 582459 | 189 189 | 91.53 | ef_ill_ef_contig3 contig_85
		Alignment: 245 1807 | 1077756 1079307 | 1563 1552 | 90.95 | ef_ill_ef_contig19 contig_85
		Alignment: 82 155 | 1079429 1079502 | 74 74 | 100.0 | ef_ill_ef_contig2 contig_85
		Alignment: 543 680 | 1079946 1079809 | 138 138 | 93.48 | ef_ill_ef_contig25 contig_85
		Alignment: 386 515 | 1080103 1079974 | 130 130 | 91.54 | ef_ill_ef_contig25 contig_85
		Alignment: 47 293 | 1080449 1080203 | 247 247 | 92.31 | ef_ill_ef_contig25 contig_85
		Alignment: 214 2426 | 1082729 1080505 | 2213 2225 | 90.0 | ef_ill_ef_contig17 contig_85
		Alignment: 19096 19173 | 1083213 1083136 | 78 78 | 98.72 | ef_ill_ef_contig14 contig_85
		Alignment: 19002 19075 | 1083337 1083264 | 74 74 | 97.3 | ef_ill_ef_contig14 contig_85
		Alignment: 18914 18992 | 1083519 1083441 | 79 79 | 98.73 | ef_ill_ef_contig14 contig_85
		Alignment: 18712 18794 | 1083695 1083613 | 83 83 | 90.36 | ef_ill_ef_contig14 contig_85
		Alignment: 18437 18511 | 1083970 1083896 | 75 75 | 94.67 | ef_ill_ef_contig14 contig_85
		Alignment: 18341 18413 | 1084137 1084065 | 73 73 | 91.78 | ef_ill_ef_contig14 contig_85
		Alignment: 18241 18329 | 1084272 1084184 | 89 89 | 93.26 | ef_ill_ef_contig14 contig_85
		Alignment: 723747 759515 | 1164899 1200667 | 35769 35769 | 100.0 | ef_ill_ef_contig1 contig_85
		Alignment: 245 1807 | 1676268 1677819 | 1563 1552 | 90.95 | ef_ill_ef_contig19 contig_85
		Alignment: 543 680 | 1678207 1678070 | 138 138 | 93.48 | ef_ill_ef_contig25 contig_85
		Alignment: 386 515 | 1678364 1678235 | 130 130 | 91.54 | ef_ill_ef_contig25 contig_85
		Alignment: 47 293 | 1678710 1678464 | 247 247 | 92.31 | ef_ill_ef_contig25 contig_85
		Alignment: 214 2426 | 1680990 1678766 | 2213 2225 | 90.0 | ef_ill_ef_contig17 contig_85
		Alignment: 245 1807 | 1780945 1782496 | 1563 1552 | 91.07 | ef_ill_ef_contig19 contig_85
		Alignment: 543 680 | 1782884 1782747 | 138 138 | 93.48 | ef_ill_ef_contig25 contig_85
		Alignment: 386 515 | 1783041 1782912 | 130 130 | 91.54 | ef_ill_ef_contig25 contig_85
		Alignment: 47 293 | 1783387 1783141 | 247 247 | 92.31 | ef_ill_ef_contig25 contig_85
		Alignment: 214 2426 | 1785667 1783443 | 2213 2225 | 90.0 | ef_ill_ef_contig17 contig_85
		Alignment: 427 514 | 1786328 1786415 | 88 88 | 95.45 | ef_ill_ef_contig21 contig_85
		Alignment: 610 689 | 1786505 1786584 | 80 80 | 98.75 | ef_ill_ef_contig21 contig_85
		Alignment: 697 773 | 1786601 1786677 | 77 77 | 98.7 | ef_ill_ef_contig21 contig_85
		Alignment: 885 963 | 1786800 1786878 | 79 79 | 94.94 | ef_ill_ef_contig21 contig_85
		Alignment: 1107 1194 | 1787020 1787107 | 88 88 | 94.32 | ef_ill_ef_contig21 contig_85
		Alignment: 1 75 | 1787388 1787462 | 75 75 | 93.33 | ef_ill_ef_contig2 contig_85
		Alignment: 82 158 | 1787485 1787561 | 77 77 | 100.0 | ef_ill_ef_contig2 contig_85
		Alignment: 267 341 | 1787766 1787840 | 75 75 | 98.67 | ef_ill_ef_contig2 contig_85
		Unaligned bases: 2929035

CONTIG: contig_86 (1947340bp)
Best alignment score: 2003.7 (LEN: 2205, IDY: 90.87), Total number of alignments: 32
			Looking for the best set of alignments (out of 32 total alignments)
			Skipping redundant alignments after choosing the best set of alignments
		Skipping redundant alignment 378 537 | 67535 67694 | 160 160 | 90.0 | ef_ill_ef_contig25 contig_86
		Skipping redundant alignment 561 680 | 67719 67838 | 120 120 | 92.5 | ef_ill_ef_contig25 contig_86
		Skipping redundant alignment 1 231 | 1655510 1655289 | 231 222 | 90.91 | ef_ill_ef_contig2 contig_86
		This contig has several significant sets of alignments. [An ambiguously mapped contig]
		Using only the very best set (option --ambiguity-usage is set to "one").
			The best set is below. Score: 15388.6, number of alignments: 29, unaligned bases: 1927525
		This contig is misassembled.
		This contig is partially unaligned. (Aligned 19815 out of 1947340 non-N bases (1.02%))
			Warning! This contig is more unaligned than misassembled. Contig length is 1947340 (number of Ns: 0) and total length of all aligns is 19815
		Alignment: 215 2419 | 64930 67134 | 2205 2205 | 90.48 | ef_ill_ef_contig17 contig_86
		Alignment: 1521 1808 | 68521 68234 | 288 288 | 92.71 | ef_ill_ef_contig19 contig_86
		Alignment: 1264 1517 | 68778 68525 | 254 254 | 91.73 | ef_ill_ef_contig19 contig_86
		Alignment: 736 1255 | 69306 68787 | 520 520 | 93.08 | ef_ill_ef_contig19 contig_86
		Alignment: 242 309 | 69815 69748 | 68 68 | 95.59 | ef_ill_ef_contig19 contig_86
		Alignment: 215 2419 | 142022 144226 | 2205 2205 | 90.82 | ef_ill_ef_contig17 contig_86
		Alignment: 47 292 | 144291 144536 | 246 246 | 90.24 | ef_ill_ef_contig25 contig_86
		Alignment: 561 680 | 144811 144930 | 120 120 | 92.5 | ef_ill_ef_contig25 contig_86
		Alignment: 481 1808 | 146459 145132 | 1328 1328 | 90.71 | ef_ill_ef_contig19 contig_86
		Alignment: 215 2419 | 177547 179751 | 2205 2205 | 90.87 | ef_ill_ef_contig17 contig_86
		Alignment: 47 292 | 179816 180061 | 246 246 | 90.24 | ef_ill_ef_contig25 contig_86
		Alignment: 378 537 | 180152 180311 | 160 160 | 90.0 | ef_ill_ef_contig25 contig_86
		Alignment: 561 680 | 180336 180455 | 120 120 | 91.67 | ef_ill_ef_contig25 contig_86
		Alignment: 481 1808 | 181983 180656 | 1328 1328 | 90.79 | ef_ill_ef_contig19 contig_86
		Alignment: 481 1808 | 842090 843417 | 1328 1328 | 90.71 | ef_ill_ef_contig19 contig_86
		Alignment: 561 680 | 843932 843813 | 120 120 | 91.67 | ef_ill_ef_contig25 contig_86
		Alignment: 378 537 | 844116 843957 | 160 160 | 90.0 | ef_ill_ef_contig25 contig_86
		Alignment: 47 292 | 844452 844207 | 246 246 | 90.24 | ef_ill_ef_contig25 contig_86
		Alignment: 215 2419 | 846721 844517 | 2205 2205 | 90.78 | ef_ill_ef_contig17 contig_86
		Alignment: 888 964 | 1655972 1655896 | 77 77 | 94.81 | ef_ill_ef_contig21 contig_86
		Alignment: 793 871 | 1656063 1655985 | 79 79 | 97.47 | ef_ill_ef_contig21 contig_86
		Alignment: 613 688 | 1656168 1656093 | 76 76 | 94.74 | ef_ill_ef_contig21 contig_86
		Alignment: 424 514 | 1656343 1656253 | 91 91 | 93.41 | ef_ill_ef_contig21 contig_86
		Alignment: 353 423 | 1656417 1656347 | 71 71 | 91.55 | ef_ill_ef_contig21 contig_86
		Alignment: 215 2419 | 1656877 1659081 | 2205 2205 | 90.73 | ef_ill_ef_contig17 contig_86
		Alignment: 47 292 | 1659146 1659391 | 246 246 | 90.24 | ef_ill_ef_contig25 contig_86
		Alignment: 378 537 | 1659482 1659641 | 160 160 | 90.0 | ef_ill_ef_contig25 contig_86
		Alignment: 561 680 | 1659666 1659785 | 120 120 | 92.5 | ef_ill_ef_contig25 contig_86
		Alignment: 481 1808 | 1661323 1659986 | 1328 1338 | 90.11 | ef_ill_ef_contig19 contig_86
		Unaligned bases: 1927525

CONTIG: contig_88 (4045600bp)
Best alignment score: 1006.0 (LEN: 1077, IDY: 93.41), Total number of alignments: 102
			Too much alignments (102), will use speed up heuristics
			Found 10 solid alignments:
		Solid alignment 730 1806 | 1507029 1505953 | 1077 1077 | 93.22 | ef_ill_ef_contig19 contig_88
		Solid alignment 730 1806 | 2580348 2581424 | 1077 1077 | 93.41 | ef_ill_ef_contig19 contig_88
		Solid alignment 730 1806 | 2600960 2602036 | 1077 1077 | 93.41 | ef_ill_ef_contig19 contig_88
		Solid alignment 730 1806 | 2661294 2662370 | 1077 1077 | 93.41 | ef_ill_ef_contig19 contig_88
		Solid alignment 730 1806 | 2667217 2668293 | 1077 1077 | 93.41 | ef_ill_ef_contig19 contig_88
		Solid alignment 730 1806 | 2731759 2732835 | 1077 1077 | 93.41 | ef_ill_ef_contig19 contig_88
		Solid alignment 730 1806 | 2737372 2738448 | 1077 1077 | 93.41 | ef_ill_ef_contig19 contig_88
		Solid alignment 730 1806 | 2742373 2743449 | 1077 1077 | 93.31 | ef_ill_ef_contig19 contig_88
		Solid alignment 730 1806 | 3195837 3196913 | 1077 1077 | 93.41 | ef_ill_ef_contig19 contig_88
		Solid alignment 730 1806 | 3488603 3489679 | 1077 1077 | 93.41 | ef_ill_ef_contig19 contig_88
			Skipping alignments located inside solid regions since they are redundant:
		Nothing was skipped
			Looking for the best set of alignments (out of 102 total alignments)
		Ambiguity for this contig is not checked for speed up (too much alignments and --ambiguity-usage is "one")
			Skipping redundant alignments after choosing the best set of alignments
		Skipping redundant alignment 269 341 | 1500680 1500608 | 73 73 | 98.63 | ef_ill_ef_contig2 contig_88
		Skipping redundant alignment 169 253 | 1500798 1500714 | 85 85 | 96.47 | ef_ill_ef_contig2 contig_88
		Skipping redundant alignment 19100 19173 | 3493286 3493213 | 74 74 | 98.65 | ef_ill_ef_contig14 contig_88
		Skipping redundant alignment 18438 18586 | 3494128 3493982 | 149 147 | 91.33 | ef_ill_ef_contig14 contig_88
		Skipping redundant alignment 91 157 | 2665853 2665919 | 67 67 | 91.04 | ef_ill_ef_contig21 contig_88
		Skipping redundant alignment 614 686 | 2666339 2666411 | 73 73 | 97.26 | ef_ill_ef_contig21 contig_88
		Skipping redundant alignment 690 773 | 2666412 2666495 | 84 84 | 97.62 | ef_ill_ef_contig21 contig_88
		Skipping redundant alignment 169 253 | 3096278 3096362 | 85 85 | 96.47 | ef_ill_ef_contig2 contig_88
		Skipping redundant alignment 19102 19173 | 2764822 2764751 | 72 72 | 98.61 | ef_ill_ef_contig14 contig_88
		Skipping redundant alignment 18438 18514 | 2765167 2765091 | 77 77 | 97.4 | ef_ill_ef_contig14 contig_88
		Skipping redundant alignment 699 773 | 2581605 2581679 | 75 75 | 100.0 | ef_ill_ef_contig21 contig_88
		Skipping redundant alignment 269 341 | 3096395 3096467 | 73 73 | 98.63 | ef_ill_ef_contig2 contig_88
		Skipping redundant alignment 24047 24196 | 2703593 2703444 | 150 150 | 92.0 | ef_ill_ef_contig3 contig_88
		Skipping redundant alignment 23237 23306 | 2704403 2704334 | 70 70 | 97.14 | ef_ill_ef_contig3 contig_88
		Skipping redundant alignment 699 773 | 2602217 2602291 | 75 75 | 100.0 | ef_ill_ef_contig21 contig_88
		Skipping redundant alignment 614 773 | 2736561 2736717 | 160 157 | 95.0 | ef_ill_ef_contig21 contig_88
			The best set is below. Score: 24792.1, number of alignments: 86, unaligned bases: 4013320
		This contig is misassembled.
		This contig is partially unaligned. (Aligned 32280 out of 4045600 non-N bases (0.80%))
			Warning! This contig is more unaligned than misassembled. Contig length is 4045600 (number of Ns: 0) and total length of all aligns is 32280
		Alignment: 889 963 | 1501661 1501587 | 75 75 | 100.0 | ef_ill_ef_contig21 contig_88
		Alignment: 793 867 | 1501742 1501668 | 75 75 | 96.0 | ef_ill_ef_contig21 contig_88
		Alignment: 696 773 | 1501837 1501760 | 78 78 | 98.72 | ef_ill_ef_contig21 contig_88
		Alignment: 614 690 | 1501914 1501838 | 77 77 | 94.81 | ef_ill_ef_contig21 contig_88
		Alignment: 341 413 | 1502191 1502119 | 73 73 | 93.15 | ef_ill_ef_contig21 contig_88
		Alignment: 323 923 | 1502970 1503570 | 601 601 | 95.51 | ef_ill_ef_contig17 contig_88
		Alignment: 933 1365 | 1503580 1504012 | 433 433 | 90.76 | ef_ill_ef_contig17 contig_88
		Alignment: 1919 2151 | 1504575 1504807 | 233 233 | 93.56 | ef_ill_ef_contig17 contig_88
		Alignment: 2249 2426 | 1504904 1505081 | 178 178 | 91.01 | ef_ill_ef_contig17 contig_88
		Alignment: 63 300 | 1505153 1505390 | 238 238 | 93.28 | ef_ill_ef_contig25 contig_88
		Alignment: 560 680 | 1505658 1505778 | 121 121 | 93.39 | ef_ill_ef_contig25 contig_88
		Alignment: 730 1806 | 1507029 1505953 | 1077 1077 | 93.22 | ef_ill_ef_contig19 contig_88
		Alignment: 455 714 | 1507305 1507046 | 260 260 | 91.92 | ef_ill_ef_contig19 contig_88
		Alignment: 19095 19173 | 2520005 2520083 | 79 79 | 97.47 | ef_ill_ef_contig14 contig_88
		Alignment: 455 714 | 2580072 2580331 | 260 260 | 91.92 | ef_ill_ef_contig19 contig_88
		Alignment: 730 1806 | 2580348 2581424 | 1077 1077 | 93.41 | ef_ill_ef_contig19 contig_88
		Alignment: 560 680 | 2581896 2581776 | 121 121 | 93.39 | ef_ill_ef_contig25 contig_88
		Alignment: 4 300 | 2582460 2582164 | 297 297 | 91.92 | ef_ill_ef_contig25 contig_88
		Alignment: 2249 2426 | 2582650 2582473 | 178 178 | 91.01 | ef_ill_ef_contig17 contig_88
		Alignment: 1919 2151 | 2582979 2582747 | 233 233 | 93.56 | ef_ill_ef_contig17 contig_88
		Alignment: 933 1365 | 2583974 2583542 | 433 433 | 90.76 | ef_ill_ef_contig17 contig_88
		Alignment: 323 923 | 2584584 2583984 | 601 601 | 95.51 | ef_ill_ef_contig17 contig_88
		Alignment: 455 714 | 2600684 2600943 | 260 260 | 91.54 | ef_ill_ef_contig19 contig_88
		Alignment: 730 1806 | 2600960 2602036 | 1077 1077 | 93.41 | ef_ill_ef_contig19 contig_88
		Alignment: 560 680 | 2602508 2602388 | 121 121 | 93.39 | ef_ill_ef_contig25 contig_88
		Alignment: 63 300 | 2603013 2602776 | 238 238 | 93.28 | ef_ill_ef_contig25 contig_88
		Alignment: 2249 2426 | 2603262 2603085 | 178 178 | 91.01 | ef_ill_ef_contig17 contig_88
		Alignment: 1919 2151 | 2603591 2603359 | 233 233 | 93.56 | ef_ill_ef_contig17 contig_88
		Alignment: 933 1365 | 2604586 2604154 | 433 433 | 90.76 | ef_ill_ef_contig17 contig_88
		Alignment: 323 923 | 2605196 2604596 | 601 601 | 95.51 | ef_ill_ef_contig17 contig_88
		Alignment: 455 714 | 2661018 2661277 | 260 260 | 91.92 | ef_ill_ef_contig19 contig_88
		Alignment: 730 1806 | 2661294 2662370 | 1077 1077 | 93.41 | ef_ill_ef_contig19 contig_88
		Alignment: 560 680 | 2662665 2662545 | 121 121 | 93.39 | ef_ill_ef_contig25 contig_88
		Alignment: 4 300 | 2663229 2662933 | 297 297 | 91.92 | ef_ill_ef_contig25 contig_88
		Alignment: 2249 2426 | 2663419 2663242 | 178 178 | 91.01 | ef_ill_ef_contig17 contig_88
		Alignment: 1919 2151 | 2663748 2663516 | 233 233 | 93.56 | ef_ill_ef_contig17 contig_88
		Alignment: 933 1365 | 2664743 2664311 | 433 433 | 90.76 | ef_ill_ef_contig17 contig_88
		Alignment: 323 923 | 2665353 2664753 | 601 601 | 95.51 | ef_ill_ef_contig17 contig_88
		Alignment: 455 714 | 2666941 2667200 | 260 260 | 91.92 | ef_ill_ef_contig19 contig_88
		Alignment: 730 1806 | 2667217 2668293 | 1077 1077 | 93.41 | ef_ill_ef_contig19 contig_88
		Alignment: 560 680 | 2668588 2668468 | 121 121 | 93.39 | ef_ill_ef_contig25 contig_88
		Alignment: 4 300 | 2669152 2668856 | 297 297 | 91.92 | ef_ill_ef_contig25 contig_88
		Alignment: 2249 2426 | 2669342 2669165 | 178 178 | 91.01 | ef_ill_ef_contig17 contig_88
		Alignment: 1919 2151 | 2669671 2669439 | 233 233 | 93.56 | ef_ill_ef_contig17 contig_88
		Alignment: 933 1365 | 2670666 2670234 | 433 433 | 90.76 | ef_ill_ef_contig17 contig_88
		Alignment: 323 923 | 2671276 2670676 | 601 601 | 95.51 | ef_ill_ef_contig17 contig_88
		Alignment: 455 714 | 2731483 2731742 | 260 260 | 91.92 | ef_ill_ef_contig19 contig_88
		Alignment: 730 1806 | 2731759 2732835 | 1077 1077 | 93.41 | ef_ill_ef_contig19 contig_88
		Alignment: 560 680 | 2733130 2733010 | 121 121 | 93.39 | ef_ill_ef_contig25 contig_88
		Alignment: 4 300 | 2733694 2733398 | 297 297 | 91.92 | ef_ill_ef_contig25 contig_88
		Alignment: 2249 2426 | 2733884 2733707 | 178 178 | 91.01 | ef_ill_ef_contig17 contig_88
		Alignment: 1919 2151 | 2734213 2733981 | 233 233 | 93.56 | ef_ill_ef_contig17 contig_88
		Alignment: 933 1365 | 2735208 2734776 | 433 433 | 90.76 | ef_ill_ef_contig17 contig_88
		Alignment: 323 923 | 2735818 2735218 | 601 601 | 95.51 | ef_ill_ef_contig17 contig_88
		Alignment: 455 714 | 2737096 2737355 | 260 260 | 91.92 | ef_ill_ef_contig19 contig_88
		Alignment: 730 1806 | 2737372 2738448 | 1077 1077 | 93.41 | ef_ill_ef_contig19 contig_88
		Alignment: 560 680 | 2738743 2738623 | 121 121 | 93.39 | ef_ill_ef_contig25 contig_88
		Alignment: 63 300 | 2739248 2739011 | 238 238 | 93.28 | ef_ill_ef_contig25 contig_88
		Alignment: 2249 2426 | 2739497 2739320 | 178 178 | 91.01 | ef_ill_ef_contig17 contig_88
		Alignment: 1919 2151 | 2739826 2739594 | 233 233 | 93.56 | ef_ill_ef_contig17 contig_88
		Alignment: 933 1365 | 2740821 2740389 | 433 433 | 90.76 | ef_ill_ef_contig17 contig_88
		Alignment: 323 923 | 2741431 2740831 | 601 601 | 95.51 | ef_ill_ef_contig17 contig_88
		Alignment: 455 714 | 2742097 2742356 | 260 260 | 91.92 | ef_ill_ef_contig19 contig_88
		Alignment: 730 1806 | 2742373 2743449 | 1077 1077 | 93.31 | ef_ill_ef_contig19 contig_88
		Alignment: 560 680 | 2743744 2743624 | 121 121 | 93.39 | ef_ill_ef_contig25 contig_88
		Alignment: 4 300 | 2744308 2744012 | 297 297 | 91.92 | ef_ill_ef_contig25 contig_88
		Alignment: 2249 2426 | 2744498 2744321 | 178 178 | 91.01 | ef_ill_ef_contig17 contig_88
		Alignment: 1919 2151 | 2744827 2744595 | 233 233 | 93.13 | ef_ill_ef_contig17 contig_88
		Alignment: 933 1365 | 2745822 2745390 | 433 433 | 90.76 | ef_ill_ef_contig17 contig_88
		Alignment: 323 923 | 2746432 2745832 | 601 601 | 95.51 | ef_ill_ef_contig17 contig_88
		Alignment: 455 714 | 3195561 3195820 | 260 260 | 91.92 | ef_ill_ef_contig19 contig_88
		Alignment: 730 1806 | 3195837 3196913 | 1077 1077 | 93.41 | ef_ill_ef_contig19 contig_88
		Alignment: 560 680 | 3197208 3197088 | 121 121 | 93.39 | ef_ill_ef_contig25 contig_88
		Alignment: 4 300 | 3197772 3197476 | 297 297 | 91.92 | ef_ill_ef_contig25 contig_88
		Alignment: 2249 2426 | 3197962 3197785 | 178 178 | 91.01 | ef_ill_ef_contig17 contig_88
		Alignment: 1919 2151 | 3198291 3198059 | 233 233 | 93.56 | ef_ill_ef_contig17 contig_88
		Alignment: 933 1365 | 3199286 3198854 | 433 433 | 90.76 | ef_ill_ef_contig17 contig_88
		Alignment: 323 923 | 3199896 3199296 | 601 601 | 95.34 | ef_ill_ef_contig17 contig_88
		Alignment: 455 714 | 3488327 3488586 | 260 260 | 91.92 | ef_ill_ef_contig19 contig_88
		Alignment: 730 1806 | 3488603 3489679 | 1077 1077 | 93.41 | ef_ill_ef_contig19 contig_88
		Alignment: 560 680 | 3489974 3489854 | 121 121 | 93.39 | ef_ill_ef_contig25 contig_88
		Alignment: 4 300 | 3490538 3490242 | 297 297 | 91.92 | ef_ill_ef_contig25 contig_88
		Alignment: 2249 2426 | 3490728 3490551 | 178 178 | 91.01 | ef_ill_ef_contig17 contig_88
		Alignment: 1919 2151 | 3491057 3490825 | 233 233 | 93.56 | ef_ill_ef_contig17 contig_88
		Alignment: 933 1365 | 3492052 3491620 | 433 433 | 90.76 | ef_ill_ef_contig17 contig_88
		Alignment: 323 923 | 3492662 3492062 | 601 601 | 95.51 | ef_ill_ef_contig17 contig_88
		Unaligned bases: 4013320

CONTIG: contig_94 (4758939bp)
Best alignment score: 131.0 (LEN: 142, IDY: 92.25), Total number of alignments: 15
			Looking for the best set of alignments (out of 15 total alignments)
			Skipping redundant alignments after choosing the best set of alignments
		Skipping redundant alignment 1137 1227 | 807605 807695 | 91 91 | 96.7 | ef_ill_ef_contig17 contig_94
		Skipping redundant alignment 1005 1076 | 810719 810648 | 72 72 | 95.83 | ef_ill_ef_contig19 contig_94
		Skipping redundant alignment 1137 1227 | 1473919 1474009 | 91 91 | 96.7 | ef_ill_ef_contig17 contig_94
		Skipping redundant alignment 1005 1076 | 1477047 1476976 | 72 72 | 95.83 | ef_ill_ef_contig19 contig_94
		Skipping redundant alignment 1005 1076 | 1993481 1993552 | 72 72 | 95.83 | ef_ill_ef_contig19 contig_94
		Skipping redundant alignment 1137 1227 | 1996761 1996671 | 91 91 | 96.7 | ef_ill_ef_contig17 contig_94
		Skipping redundant alignment 1005 1076 | 2088564 2088635 | 72 72 | 95.83 | ef_ill_ef_contig19 contig_94
		Skipping redundant alignment 1137 1227 | 2091692 2091602 | 91 91 | 96.7 | ef_ill_ef_contig17 contig_94
		Skipping redundant alignment 1005 1076 | 2243806 2243877 | 72 72 | 95.83 | ef_ill_ef_contig19 contig_94
		Skipping redundant alignment 1137 1227 | 2247092 2247002 | 91 91 | 96.7 | ef_ill_ef_contig17 contig_94
		Skipping redundant alignment 1005 1076 | 2286719 2286790 | 72 72 | 95.83 | ef_ill_ef_contig19 contig_94
		Skipping redundant alignment 1137 1227 | 2289847 2289757 | 91 91 | 96.7 | ef_ill_ef_contig17 contig_94
		Skipping redundant alignment 1137 1227 | 3039680 3039590 | 91 91 | 96.7 | ef_ill_ef_contig17 contig_94
			The best set is below. Score: 200.0, number of alignments: 2, unaligned bases: 4758725
		This contig is misassembled.
		This contig is partially unaligned. (Aligned 214 out of 4758939 non-N bases (0.00%))
			Warning! This contig is more unaligned than misassembled. Contig length is 4758939 (number of Ns: 0) and total length of all aligns is 214
		Alignment: 1005 1076 | 3036294 3036365 | 72 72 | 95.83 | ef_ill_ef_contig19 contig_94
		Alignment: 1115 1256 | 3036403 3036544 | 142 142 | 92.25 | ef_ill_ef_contig19 contig_94
		Unaligned bases: 4758725

CONTIG: contig_95 (4765357bp)
Best alignment score: 129.0 (LEN: 142, IDY: 90.85), Total number of alignments: 21
			Looking for the best set of alignments (out of 21 total alignments)
			Skipping redundant alignments after choosing the best set of alignments
		Skipping redundant alignment 1137 1227 | 304753 304843 | 91 91 | 96.7 | ef_ill_ef_contig17 contig_95
		Skipping redundant alignment 1136 1256 | 307825 307705 | 121 121 | 95.87 | ef_ill_ef_contig19 contig_95
		Skipping redundant alignment 1005 1076 | 307955 307884 | 72 72 | 95.83 | ef_ill_ef_contig19 contig_95
		Skipping redundant alignment 1137 1227 | 1013082 1013172 | 91 91 | 96.7 | ef_ill_ef_contig17 contig_95
		Skipping redundant alignment 1136 1256 | 1016161 1016041 | 121 121 | 95.87 | ef_ill_ef_contig19 contig_95
		Skipping redundant alignment 1005 1076 | 1016291 1016220 | 72 72 | 95.83 | ef_ill_ef_contig19 contig_95
		Skipping redundant alignment 1005 1076 | 1556784 1556855 | 72 72 | 95.83 | ef_ill_ef_contig19 contig_95
		Skipping redundant alignment 1136 1256 | 1556914 1557034 | 121 121 | 95.87 | ef_ill_ef_contig19 contig_95
		Skipping redundant alignment 1137 1227 | 1559910 1559820 | 91 91 | 96.7 | ef_ill_ef_contig17 contig_95
		Skipping redundant alignment 1005 1076 | 1650403 1650474 | 72 72 | 95.83 | ef_ill_ef_contig19 contig_95
		Skipping redundant alignment 1136 1256 | 1650533 1650653 | 121 121 | 95.87 | ef_ill_ef_contig19 contig_95
		Skipping redundant alignment 1137 1227 | 1653622 1653532 | 91 91 | 96.7 | ef_ill_ef_contig17 contig_95
		Skipping redundant alignment 1005 1076 | 1781530 1781601 | 72 72 | 95.83 | ef_ill_ef_contig19 contig_95
		Skipping redundant alignment 1136 1256 | 1781660 1781780 | 121 121 | 95.87 | ef_ill_ef_contig19 contig_95
		Skipping redundant alignment 1137 1227 | 1784656 1784566 | 91 91 | 96.7 | ef_ill_ef_contig17 contig_95
		Skipping redundant alignment 1005 1076 | 1822934 1823005 | 72 72 | 95.83 | ef_ill_ef_contig19 contig_95
		Skipping redundant alignment 1136 1256 | 1823064 1823184 | 121 121 | 95.87 | ef_ill_ef_contig19 contig_95
		Skipping redundant alignment 1137 1227 | 1826060 1825970 | 91 91 | 96.7 | ef_ill_ef_contig17 contig_95
		Skipping redundant alignment 1137 1227 | 2473987 2473897 | 91 91 | 96.7 | ef_ill_ef_contig17 contig_95
			The best set is below. Score: 198.0, number of alignments: 2, unaligned bases: 4765143
		This contig is misassembled.
		This contig is partially unaligned. (Aligned 214 out of 4765357 non-N bases (0.00%))
			Warning! This contig is more unaligned than misassembled. Contig length is 4765357 (number of Ns: 0) and total length of all aligns is 214
		Alignment: 1005 1076 | 2470769 2470840 | 72 72 | 95.83 | ef_ill_ef_contig19 contig_95
		Alignment: 1136 1277 | 2470899 2471040 | 142 142 | 90.85 | ef_ill_ef_contig19 contig_95
		Unaligned bases: 4765143

Analyzing coverage...
Writing SNPs into /media3/lucia/zymo_mock_community/asms_cuantizados/v4_13-2-21_2bins/metaquast-2bins-v2/runs_per_reference/ef_ill/contigs_reports/minimap_output/r10_2bins_v2_1_MP.used_snps.gz

Analysis is finished!
Founded SNPs were written into /media3/lucia/zymo_mock_community/asms_cuantizados/v4_13-2-21_2bins/metaquast-2bins-v2/runs_per_reference/ef_ill/contigs_reports/minimap_output/r10_2bins_v2_1_MP.used_snps.gz

Results:
	Local Misassemblies: 16
	Misassemblies: 1
		Relocations: 0
		Translocations: 1
		Inversions: 0
	Scaffold gap extensive misassemblies: 0
	Scaffold gap local misassemblies: 0
	Misassemblies caused by fragmented reference: 19
	Misassembled Contigs: 1
	Misassembled Contig Bases: 2845424
	Misassemblies Inter-Contig Overlap: 0
Unaligned Contigs: 0 + 6 part
Half Unaligned Contigs with Misassemblies: 6
Unaligned Contig Bases: 21097256

Ambiguously Mapped Contigs: 4
Total Bases in Ambiguously Mapped Contigs: 10504421
Extra Bases in Ambiguously Mapped Contigs: 0
Note that --allow-ambiguity option was set to "one" and only first alignment per each of these contigs was used.

	Covered Bases: 2818434

	SNPs: 7001
	Insertions: 448
	Deletions: 2009

