Aligning contigs to reference...
	Aligning contigs to the reference
Filtering alignments...
Parsing coords...
Loading reference...
	Loaded [pa_ill_pa_contig77]
	Loaded [pa_ill_pa_contig76]
	Loaded [pa_ill_pa_contig75]
	Loaded [pa_ill_pa_contig74]
	Loaded [pa_ill_pa_contig73]
	Loaded [pa_ill_pa_contig72]
	Loaded [pa_ill_pa_contig71]
	Loaded [pa_ill_pa_contig70]
	Loaded [pa_ill_pa_contig23]
	Loaded [pa_ill_pa_contig21]
	Loaded [pa_ill_pa_contig28]
	Loaded [pa_ill_pa_contig79]
	Loaded [pa_ill_pa_contig78]
	Loaded [pa_ill_pa_contig32]
	Loaded [pa_ill_pa_contig8]
	Loaded [pa_ill_pa_contig41]
	Loaded [pa_ill_pa_contig47]
	Loaded [pa_ill_pa_contig4]
	Loaded [pa_ill_pa_contig13]
	Loaded [pa_ill_pa_contig11]
	Loaded [pa_ill_pa_contig10]
	Loaded [pa_ill_pa_contig39]
	Loaded [pa_ill_pa_contig12]
	Loaded [pa_ill_pa_contig59]
	Loaded [pa_ill_pa_contig14]
	Loaded [pa_ill_pa_contig17]
	Loaded [pa_ill_pa_contig16]
	Loaded [pa_ill_pa_contig55]
	Loaded [pa_ill_pa_contig54]
	Loaded [pa_ill_pa_contig31]
	Loaded [pa_ill_pa_contig56]
	Loaded [pa_ill_pa_contig51]
	Loaded [pa_ill_pa_contig50]
	Loaded [pa_ill_pa_contig35]
	Loaded [pa_ill_pa_contig34]
	Loaded [pa_ill_pa_contig60]
	Loaded [pa_ill_pa_contig61]
	Loaded [pa_ill_pa_contig62]
	Loaded [pa_ill_pa_contig63]
	Loaded [pa_ill_pa_contig64]
	Loaded [pa_ill_pa_contig65]
	Loaded [pa_ill_pa_contig66]
	Loaded [pa_ill_pa_contig67]
	Loaded [pa_ill_pa_contig68]
	Loaded [pa_ill_pa_contig69]
	Loaded [pa_ill_pa_contig80]
	Loaded [pa_ill_pa_contig81]
	Loaded [pa_ill_pa_contig84]
	Loaded [pa_ill_pa_contig19]
	Loaded [pa_ill_pa_contig83]
	Loaded [pa_ill_pa_contig2]
	Loaded [pa_ill_pa_contig18]
	Loaded [pa_ill_pa_contig5]
	Loaded [pa_ill_pa_contig57]
	Loaded [pa_ill_pa_contig58]
	Loaded [pa_ill_pa_contig15]
	Loaded [pa_ill_pa_contig1]
	Loaded [pa_ill_pa_contig45]
	Loaded [pa_ill_pa_contig3]
	Loaded [pa_ill_pa_contig30]
	Loaded [pa_ill_pa_contig33]
	Loaded [pa_ill_pa_contig38]
	Loaded [pa_ill_pa_contig7]
	Loaded [pa_ill_pa_contig6]
	Loaded [pa_ill_pa_contig9]
	Loaded [pa_ill_pa_contig37]
	Loaded [pa_ill_pa_contig36]
	Loaded [pa_ill_pa_contig24]
	Loaded [pa_ill_pa_contig25]
	Loaded [pa_ill_pa_contig26]
	Loaded [pa_ill_pa_contig27]
	Loaded [pa_ill_pa_contig20]
	Loaded [pa_ill_pa_contig53]
	Loaded [pa_ill_pa_contig48]
	Loaded [pa_ill_pa_contig49]
	Loaded [pa_ill_pa_contig46]
	Loaded [pa_ill_pa_contig22]
	Loaded [pa_ill_pa_contig44]
	Loaded [pa_ill_pa_contig52]
	Loaded [pa_ill_pa_contig42]
	Loaded [pa_ill_pa_contig43]
	Loaded [pa_ill_pa_contig40]
	Loaded [pa_ill_pa_contig29]
	Total Regions: 83
	Total Region Length: 6728151
Analyzing contigs...
CONTIG: contig_297 (6791695bp)
Best alignment score: 847533.2 (LEN: 847618, IDY: 99.99), Total number of alignments: 154
			Too much alignments (154), will use speed up heuristics
			Found 102 solid alignments:
		Solid alignment 1 1197 | 34 1230 | 1197 1197 | 99.83 | pa_ill_pa_contig67 contig_297
		Solid alignment 1 191344 | 192491 1176 | 191344 191316 | 99.98 | pa_ill_pa_contig13 contig_297
		Solid alignment 1 1237 | 194220 192984 | 1237 1237 | 95.64 | pa_ill_pa_contig65 contig_297
		Solid alignment 1 944 | 195108 194166 | 944 943 | 99.26 | pa_ill_pa_contig71 contig_297
		Solid alignment 1 258570 | 195054 453600 | 258570 258547 | 99.98 | pa_ill_pa_contig8 contig_297
		Solid alignment 1 26794 | 480887 454094 | 26794 26794 | 100.0 | pa_ill_pa_contig39 contig_297
		Solid alignment 1 3064 | 480833 483895 | 3064 3063 | 99.25 | pa_ill_pa_contig51 contig_297
		Solid alignment 1 6590 | 490425 483841 | 6590 6585 | 99.74 | pa_ill_pa_contig42 contig_297
		Solid alignment 1 1079 | 490371 491449 | 1079 1079 | 99.54 | pa_ill_pa_contig48 contig_297
		Solid alignment 1235 3722 | 491605 494092 | 2488 2488 | 99.44 | pa_ill_pa_contig48 contig_297
		Solid alignment 1 30768 | 494038 524800 | 30768 30763 | 99.96 | pa_ill_pa_contig38 contig_297
		Solid alignment 1 985 | 525730 524746 | 985 985 | 98.48 | pa_ill_pa_contig69 contig_297
		Solid alignment 1 68331 | 594005 525676 | 68331 68330 | 99.98 | pa_ill_pa_contig28 contig_297
		Solid alignment 1 6148 | 595439 601583 | 6148 6145 | 99.93 | pa_ill_pa_contig43 contig_297
		Solid alignment 1 3238 | 606254 603017 | 3238 3238 | 100.0 | pa_ill_pa_contig50 contig_297
		Solid alignment 1 1682 | 607881 606200 | 1682 1682 | 99.76 | pa_ill_pa_contig58 contig_297
		Solid alignment 1 4971 | 612795 607827 | 4971 4969 | 99.96 | pa_ill_pa_contig46 contig_297
		Solid alignment 1 1682 | 614422 612741 | 1682 1682 | 99.52 | pa_ill_pa_contig58 contig_297
		Solid alignment 1 1661 | 614368 616027 | 1661 1660 | 99.94 | pa_ill_pa_contig59 contig_297
		Solid alignment 1 1028 | 615973 617000 | 1028 1028 | 99.51 | pa_ill_pa_contig68 contig_297
		Solid alignment 1 1028 | 619156 620183 | 1028 1028 | 99.81 | pa_ill_pa_contig68 contig_297
		Solid alignment 34236 173697 | 760466 620934 | 139462 139533 | 99.93 | pa_ill_pa_contig15 contig_297
		Solid alignment 1 34671 | 794791 760086 | 34671 34706 | 99.85 | pa_ill_pa_contig15 contig_297
		Solid alignment 1 1258 | 794737 795994 | 1258 1258 | 99.52 | pa_ill_pa_contig64 contig_297
		Solid alignment 1 106796 | 902724 795940 | 106796 106785 | 99.99 | pa_ill_pa_contig21 contig_297
		Solid alignment 1 1492 | 904161 902670 | 1492 1492 | 99.87 | pa_ill_pa_contig61 contig_297
		Solid alignment 1 204999 | 904107 1108968 | 204999 204862 | 99.92 | pa_ill_pa_contig12 contig_297
		Solid alignment 1 927 | 1109840 1108914 | 927 927 | 97.63 | pa_ill_pa_contig73 contig_297
		Solid alignment 1 56682 | 1166464 1109786 | 56682 56679 | 99.99 | pa_ill_pa_contig30 contig_297
		Solid alignment 1 1468 | 1167877 1166410 | 1468 1468 | 99.93 | pa_ill_pa_contig62 contig_297
		Solid alignment 1 23992 | 1191812 1167823 | 23992 23990 | 99.99 | pa_ill_pa_contig40 contig_297
		Solid alignment 1 838 | 1192514 1191677 | 838 838 | 99.05 | pa_ill_pa_contig8 contig_297
		Solid alignment 1 944 | 1192460 1193402 | 944 943 | 98.73 | pa_ill_pa_contig71 contig_297
		Solid alignment 1 1237 | 1193348 1194584 | 1237 1237 | 99.68 | pa_ill_pa_contig65 contig_297
		Solid alignment 1 118702 | 1313766 1195077 | 118702 118690 | 99.99 | pa_ill_pa_contig19 contig_297
		Solid alignment 1 5507 | 1313712 1319218 | 5507 5507 | 99.47 | pa_ill_pa_contig45 contig_297
		Solid alignment 1 111253 | 1319164 1430418 | 111253 111255 | 99.97 | pa_ill_pa_contig20 contig_297
		Solid alignment 1 266935 | 1697299 1430378 | 266935 266922 | 99.99 | pa_ill_pa_contig6 contig_297
		Solid alignment 1 47071 | 1697909 1744978 | 47071 47070 | 99.99 | pa_ill_pa_contig35 contig_297
		Solid alignment 1 2207 | 1747862 1745656 | 2207 2207 | 99.5 | pa_ill_pa_contig55 contig_297
		Solid alignment 1 847683 | 1747808 2595425 | 847683 847618 | 99.99 | pa_ill_pa_contig1 contig_297
		Solid alignment 1 1197 | 2595371 2596567 | 1197 1197 | 99.08 | pa_ill_pa_contig67 contig_297
		Solid alignment 1 61716 | 2658226 2596513 | 61716 61714 | 99.98 | pa_ill_pa_contig29 contig_297
		Solid alignment 1 5713 | 2663885 2658172 | 5713 5714 | 99.96 | pa_ill_pa_contig44 contig_297
		Solid alignment 1 38146 | 2701973 2663831 | 38146 38143 | 99.99 | pa_ill_pa_contig36 contig_297
		Solid alignment 1 3511 | 2702562 2706072 | 3511 3511 | 100.0 | pa_ill_pa_contig49 contig_297
		Solid alignment 1 1538 | 2707982 2706445 | 1538 1538 | 100.0 | pa_ill_pa_contig60 contig_297
		Solid alignment 1 265097 | 2973519 2708433 | 265097 265087 | 99.99 | pa_ill_pa_contig7 contig_297
		Solid alignment 1 187635 | 3161994 2974364 | 187635 187631 | 99.99 | pa_ill_pa_contig14 contig_297
		Solid alignment 132 56432 | 3164064 3220356 | 56301 56293 | 99.92 | pa_ill_pa_contig31 contig_297
		Solid alignment 1 2514 | 3220302 3222815 | 2514 2514 | 99.68 | pa_ill_pa_contig54 contig_297
		Solid alignment 1 868 | 3223267 3224140 | 868 874 | 98.4 | pa_ill_pa_contig74 contig_297
		Solid alignment 1 21904 | 3246696 3224795 | 21904 21902 | 99.99 | pa_ill_pa_contig41 contig_297
		Solid alignment 1 1492 | 3248133 3246642 | 1492 1492 | 100.0 | pa_ill_pa_contig61 contig_297
		Solid alignment 1 1339 | 3250376 3249038 | 1339 1339 | 100.0 | pa_ill_pa_contig63 contig_297
		Solid alignment 1 5713 | 3256033 3250322 | 5713 5712 | 99.98 | pa_ill_pa_contig44 contig_297
		Solid alignment 1 119004 | 3374972 3255979 | 119004 118994 | 99.99 | pa_ill_pa_contig18 contig_297
		Solid alignment 1 868 | 3376643 3375776 | 868 868 | 99.54 | pa_ill_pa_contig74 contig_297
		Solid alignment 1 2514 | 3379608 3377095 | 2514 2514 | 99.72 | pa_ill_pa_contig54 contig_297
		Solid alignment 1 465790 | 3845178 3379554 | 465790 465625 | 99.96 | pa_ill_pa_contig3 contig_297
		Solid alignment 1 1197 | 3846320 3845124 | 1197 1197 | 99.83 | pa_ill_pa_contig67 contig_297
		Solid alignment 1 90153 | 3846266 3936414 | 90153 90149 | 99.98 | pa_ill_pa_contig23 contig_297
		Solid alignment 1 106324 | 3936790 4043109 | 106324 106320 | 99.99 | pa_ill_pa_contig22 contig_297
		Solid alignment 1 5713 | 4048767 4043055 | 5713 5713 | 99.93 | pa_ill_pa_contig44 contig_297
		Solid alignment 1 48969 | 4097680 4048713 | 48969 48968 | 99.97 | pa_ill_pa_contig34 contig_297
		Solid alignment 1 985 | 4098610 4097626 | 985 985 | 99.49 | pa_ill_pa_contig69 contig_297
		Solid alignment 1 93281 | 4098556 4191824 | 93281 93269 | 99.98 | pa_ill_pa_contig11 contig_297
		Solid alignment 92967 210873 | 4191400 4309297 | 117907 117898 | 99.98 | pa_ill_pa_contig11 contig_297
		Solid alignment 1 3064 | 4309243 4312306 | 3064 3064 | 99.71 | pa_ill_pa_contig51 contig_297
		Solid alignment 1 956 | 4313206 4312252 | 956 955 | 99.9 | pa_ill_pa_contig70 contig_297
		Solid alignment 1 1079 | 4313152 4314230 | 1079 1079 | 99.81 | pa_ill_pa_contig48 contig_297
		Solid alignment 1235 3722 | 4314386 4316874 | 2488 2489 | 99.56 | pa_ill_pa_contig48 contig_297
		Solid alignment 232388 237415 | 4321846 4316820 | 5028 5027 | 99.96 | pa_ill_pa_contig10 contig_297
		Solid alignment 1 1874 | 4323564 4321691 | 1874 1874 | 100.0 | pa_ill_pa_contig57 contig_297
		Solid alignment 1 232544 | 4555979 4323437 | 232544 232543 | 99.97 | pa_ill_pa_contig10 contig_297
		Solid alignment 1 2207 | 4555925 4558132 | 2207 2208 | 99.77 | pa_ill_pa_contig55 contig_297
		Solid alignment 1 35776 | 4594772 4559002 | 35776 35771 | 99.99 | pa_ill_pa_contig37 contig_297
		Solid alignment 1 927 | 4595644 4594718 | 927 927 | 99.89 | pa_ill_pa_contig73 contig_297
		Solid alignment 1 294591 | 4890157 4595590 | 294591 294568 | 99.99 | pa_ill_pa_contig5 contig_297
		Solid alignment 1 1197 | 4891299 4890103 | 1197 1197 | 99.75 | pa_ill_pa_contig67 contig_297
		Solid alignment 1 87995 | 4891245 4979230 | 87995 87986 | 99.98 | pa_ill_pa_contig24 contig_297
		Solid alignment 1 5713 | 4979176 4984887 | 5713 5712 | 99.93 | pa_ill_pa_contig44 contig_297
		Solid alignment 1 68413 | 5053241 4984833 | 68413 68409 | 99.99 | pa_ill_pa_contig27 contig_297
		Solid alignment 1 5507 | 5053187 5058693 | 5507 5507 | 99.84 | pa_ill_pa_contig45 contig_297
		Solid alignment 1 41228 | 5059403 5100624 | 41228 41222 | 99.98 | pa_ill_pa_contig26 contig_297
		Solid alignment 41099 76514 | 5100383 5135792 | 35416 35410 | 99.97 | pa_ill_pa_contig26 contig_297
		Solid alignment 1 53273 | 5136286 5189560 | 53273 53275 | 99.98 | pa_ill_pa_contig33 contig_297
		Solid alignment 1 122468 | 5312431 5189975 | 122468 122457 | 99.98 | pa_ill_pa_contig16 contig_297
		Solid alignment 1 1468 | 5313844 5312377 | 1468 1468 | 100.0 | pa_ill_pa_contig62 contig_297
		Solid alignment 1 404310 | 5313790 5718062 | 404310 404273 | 99.99 | pa_ill_pa_contig4 contig_297
		Solid alignment 1 2549 | 5720969 5718421 | 2549 2549 | 100.0 | pa_ill_pa_contig52 contig_297
		Solid alignment 1 929 | 5722024 5721097 | 929 928 | 98.17 | pa_ill_pa_contig72 contig_297
		Solid alignment 1 3774 | 5722538 5726312 | 3774 3775 | 99.92 | pa_ill_pa_contig47 contig_297
		Solid alignment 1 247386 | 5726742 5974098 | 247386 247357 | 99.98 | pa_ill_pa_contig2 contig_297
		Solid alignment 247199 542364 | 5973796 6268933 | 295166 295138 | 99.98 | pa_ill_pa_contig2 contig_297
		Solid alignment 1 1258 | 6268879 6270136 | 1258 1258 | 99.84 | pa_ill_pa_contig64 contig_297
		Solid alignment 1 56007 | 6326081 6270082 | 56007 56000 | 99.98 | pa_ill_pa_contig32 contig_297
		Solid alignment 1 121067 | 6326343 6447406 | 121067 121064 | 99.99 | pa_ill_pa_contig17 contig_297
		Solid alignment 1 929 | 6452129 6453057 | 929 929 | 99.35 | pa_ill_pa_contig72 contig_297
		Solid alignment 1 2531 | 6453185 6455715 | 2531 2531 | 99.84 | pa_ill_pa_contig53 contig_297
		Solid alignment 161 249467 | 6705362 6456080 | 249307 249283 | 99.99 | pa_ill_pa_contig9 contig_297
		Solid alignment 56 86455 | 6791695 6705308 | 86400 86388 | 99.98 | pa_ill_pa_contig25 contig_297
			Skipping alignments located inside solid regions since they are redundant:
		Skipping redundant alignment 39053 39121 | 1430432 1430364 | 69 69 | 100.0 | pa_ill_pa_contig17 contig_297
		Skipping redundant alignment 468678 468746 | 1430432 1430364 | 69 69 | 100.0 | pa_ill_pa_contig2 contig_297
		Skipping redundant alignment 39244 39312 | 1430432 1430364 | 69 69 | 100.0 | pa_ill_pa_contig17 contig_297
		Skipping redundant alignment 2663 2766 | 1698162 1698059 | 104 104 | 91.35 | pa_ill_pa_contig6 contig_297
		Skipping redundant alignment 56166 56348 | 5189425 5189243 | 183 183 | 94.54 | pa_ill_pa_contig20 contig_297
			Looking for the best set of alignments (out of 149 total alignments)
		Ambiguity for this contig is not checked for speed up (too much alignments and --ambiguity-usage is "one")
			Skipping redundant alignments after choosing the best set of alignments
		Skipping redundant alignment 1 88 | 88 1 | 88 88 | 100.0 | pa_ill_pa_contig23 contig_297
		Skipping redundant alignment 847596 847683 | 1 88 | 88 88 | 100.0 | pa_ill_pa_contig1 contig_297
		Skipping redundant alignment 401 477 | 6326103 6326027 | 77 77 | 100.0 | pa_ill_pa_contig9 contig_297
		Skipping redundant alignment 99 178 | 6326276 6326197 | 80 80 | 98.75 | pa_ill_pa_contig32 contig_297
		Skipping redundant alignment 401 476 | 6326394 6326319 | 76 76 | 100.0 | pa_ill_pa_contig9 contig_297
		Skipping redundant alignment 1 2072 | 6447836 6449907 | 2072 2072 | 99.52 | pa_ill_pa_contig56 contig_297
		Skipping redundant alignment 1 1235 | 6450381 6451615 | 1235 1235 | 99.92 | pa_ill_pa_contig66 contig_297
		Skipping redundant alignment 710 1065 | 618259 618614 | 356 356 | 92.98 | pa_ill_pa_contig59 contig_297
		Skipping redundant alignment 1136 1458 | 618685 619007 | 323 323 | 96.28 | pa_ill_pa_contig59 contig_297
		Skipping redundant alignment 1578 1661 | 619127 619210 | 84 84 | 90.48 | pa_ill_pa_contig59 contig_297
		Skipping redundant alignment 2771 3517 | 1698054 1697308 | 747 747 | 94.78 | pa_ill_pa_contig6 contig_297
		Skipping redundant alignment 264617 265097 | 2702904 2702424 | 481 481 | 92.36 | pa_ill_pa_contig7 contig_297
		Skipping redundant alignment 264591 265097 | 2706813 2706307 | 507 507 | 93.14 | pa_ill_pa_contig7 contig_297
		Skipping redundant alignment 3381 3503 | 2708068 2708190 | 123 123 | 91.87 | pa_ill_pa_contig49 contig_297
		Skipping redundant alignment 104 348 | 3162347 3162591 | 245 245 | 91.43 | pa_ill_pa_contig31 contig_297
		Skipping redundant alignment 419 580 | 3163142 3163303 | 162 162 | 91.36 | pa_ill_pa_contig31 contig_297
		Skipping redundant alignment 176 337 | 3163142 3163303 | 162 162 | 91.36 | pa_ill_pa_contig31 contig_297
		Skipping redundant alignment 1105 1184 | 3163342 3163421 | 80 80 | 92.5 | pa_ill_pa_contig31 contig_297
		Skipping redundant alignment 590 763 | 3163553 3163726 | 174 174 | 93.1 | pa_ill_pa_contig31 contig_297
		Skipping redundant alignment 117 348 | 3163809 3164040 | 232 232 | 90.52 | pa_ill_pa_contig31 contig_297
		Skipping redundant alignment 1099 1184 | 3164062 3164147 | 86 86 | 91.86 | pa_ill_pa_contig31 contig_297
		Skipping redundant alignment 354 504 | 3164043 3164193 | 151 151 | 90.73 | pa_ill_pa_contig31 contig_297
		Skipping redundant alignment 46729 47071 | 4559152 4558810 | 343 343 | 97.67 | pa_ill_pa_contig35 contig_297
		Skipping redundant alignment 55696 56158 | 5189895 5189433 | 463 463 | 95.25 | pa_ill_pa_contig20 contig_297
		Skipping redundant alignment 2820 3940 | 5189269 5190389 | 1121 1121 | 90.51 | pa_ill_pa_contig6 contig_297
			The best set is below. Score: 6775534.4, number of alignments: 124, unaligned bases: 11398
		This contig is misassembled.
		This contig is partially unaligned. (Aligned 6780297 out of 6791695 non-N bases (99.83%))
			Excluding internal overlap of size 55 between Alignment 1 and 2: 1 1197 | 34 1230 | 1197 1197 --> 1 1142 | 34 1175 | 1142 1142
			Real Alignment 1: 1 1142 | 34 1175 | 1142 1142 | 99.83 | pa_ill_pa_contig67 contig_297
			  Indel (> 5bp) between these two alignments: deletion of length 55; 0 mismatches (number of Ns: 0) [fragmentation of reference genome]
			Excluding internal overlap of size 55 between Alignment 2 and 3: 1 602 | 192437 193038 | 602 602 --> 56 602 | 192492 193038 | 547 547
			Real Alignment 2: 1 191344 | 192491 1176 | 191344 191316 | 99.98 | pa_ill_pa_contig13 contig_297
			  Indel (> 5bp) between these two alignments: deletion of length 55; 0 mismatches (number of Ns: 0) [fragmentation of reference genome]
			Excluding internal overlap of size 55 between Alignment 3 and 4: 56 602 | 192492 193038 | 547 547 --> 56 547 | 192492 192983 | 492 492
			Real Alignment 3: 56 547 | 192492 192983 | 492 492 | 99.17 | pa_ill_pa_contig80 contig_297
			  Indel (> 5bp) between these two alignments: deletion of length 55; 0 mismatches (number of Ns: 0) [fragmentation of reference genome]
			Excluding internal overlap of size 55 between Alignment 4 and 5: 1 944 | 195108 194166 | 944 943 --> 1 889 | 195108 194221 | 889 888
			Real Alignment 4: 1 1237 | 194220 192984 | 1237 1237 | 95.64 | pa_ill_pa_contig65 contig_297
			  Indel (> 5bp) between these two alignments: deletion of length 55; 0 mismatches (number of Ns: 0) [fragmentation of reference genome]
			Excluding internal overlap of size 55 between Alignment 5 and 6: 1 889 | 195108 194221 | 889 888 --> 56 889 | 195053 194221 | 834 833
			Real Alignment 5: 56 889 | 195053 194221 | 834 833 | 99.26 | pa_ill_pa_contig71 contig_297
			  Indel (> 5bp) between these two alignments: deletion of length 55; 0 mismatches (number of Ns: 0) [fragmentation of reference genome]
			Excluding internal overlap of size 55 between Alignment 6 and 7: 1 603 | 453546 454148 | 603 603 --> 56 603 | 453601 454148 | 548 548
			Real Alignment 6: 1 258570 | 195054 453600 | 258570 258547 | 99.98 | pa_ill_pa_contig8 contig_297
			  Indel (> 5bp) between these two alignments: deletion of length 55; 0 mismatches (number of Ns: 0) [fragmentation of reference genome]
			Excluding internal overlap of size 55 between Alignment 7 and 8: 56 603 | 453601 454148 | 548 548 --> 56 548 | 453601 454093 | 493 493
			Real Alignment 7: 56 548 | 453601 454093 | 493 493 | 100.0 | pa_ill_pa_contig79 contig_297
			  Indel (> 5bp) between these two alignments: deletion of length 55; 0 mismatches (number of Ns: 0) [fragmentation of reference genome]
			Excluding internal overlap of size 55 between Alignment 8 and 9: 1 3064 | 480833 483895 | 3064 3063 --> 56 3064 | 480888 483895 | 3009 3008
			Real Alignment 8: 1 26794 | 480887 454094 | 26794 26794 | 100.0 | pa_ill_pa_contig39 contig_297
			  Indel (> 5bp) between these two alignments: deletion of length 55; 0 mismatches (number of Ns: 0) [fragmentation of reference genome]
			Excluding internal overlap of size 55 between Alignment 9 and 10: 56 3064 | 480888 483895 | 3009 3008 --> 56 3009 | 480888 483840 | 2954 2953
			Real Alignment 9: 56 3009 | 480888 483840 | 2954 2953 | 99.25 | pa_ill_pa_contig51 contig_297
			  Indel (> 5bp) between these two alignments: deletion of length 55; 0 mismatches (number of Ns: 0) [fragmentation of reference genome]
			Excluding internal overlap of size 55 between Alignment 10 and 11: 1 1079 | 490371 491449 | 1079 1079 --> 56 1079 | 490426 491449 | 1024 1024
			Real Alignment 10: 1 6590 | 490425 483841 | 6590 6585 | 99.74 | pa_ill_pa_contig42 contig_297
			  Indel (> 5bp) between these two alignments: deletion of length 55; 0 mismatches (number of Ns: 0) [fragmentation of reference genome]
			Real Alignment 11: 56 1079 | 490426 491449 | 1024 1024 | 99.54 | pa_ill_pa_contig48 contig_297
			  Gap between these two alignments (local misassembly). Inconsistency = 0
			Excluding internal overlap of size 55 between Alignment 12 and 13: 1235 3722 | 491605 494092 | 2488 2488 --> 1235 3667 | 491605 494037 | 2433 2433
			Real Alignment 12: 1235 3667 | 491605 494037 | 2433 2433 | 99.44 | pa_ill_pa_contig48 contig_297
			  Indel (> 5bp) between these two alignments: deletion of length 55; 0 mismatches (number of Ns: 0) [fragmentation of reference genome]
			Excluding internal overlap of size 55 between Alignment 13 and 14: 1 985 | 525730 524746 | 985 985 --> 1 930 | 525730 524801 | 930 930
			Real Alignment 13: 1 30768 | 494038 524800 | 30768 30763 | 99.96 | pa_ill_pa_contig38 contig_297
			  Indel (> 5bp) between these two alignments: deletion of length 55; 0 mismatches (number of Ns: 0) [fragmentation of reference genome]
			Excluding internal overlap of size 55 between Alignment 14 and 15: 1 930 | 525730 524801 | 930 930 --> 56 930 | 525675 524801 | 875 875
			Real Alignment 14: 56 930 | 525675 524801 | 875 875 | 98.48 | pa_ill_pa_contig69 contig_297
			  Indel (> 5bp) between these two alignments: deletion of length 55; 0 mismatches (number of Ns: 0) [fragmentation of reference genome]
			Real Alignment 15: 1 68331 | 594005 525676 | 68331 68330 | 99.98 | pa_ill_pa_contig28 contig_297
			  Not a misassembly [fragmentation of reference genome] between these two alignments
			Excluding internal overlap of size 55 between Alignment 16 and 17: 1 799 | 595493 594695 | 799 799 --> 56 799 | 595438 594695 | 744 744
			Real Alignment 16: 56 799 | 595438 594695 | 744 744 | 98.62 | pa_ill_pa_contig75 contig_297
			  Indel (> 5bp) between these two alignments: deletion of length 55; 0 mismatches (number of Ns: 0) [fragmentation of reference genome]
			Real Alignment 17: 1 6148 | 595439 601583 | 6148 6145 | 99.93 | pa_ill_pa_contig43 contig_297
			  Not a misassembly [fragmentation of reference genome] between these two alignments
			Excluding internal overlap of size 55 between Alignment 18 and 19: 1 799 | 603071 602273 | 799 799 --> 56 799 | 603016 602273 | 744 744
			Real Alignment 18: 56 799 | 603016 602273 | 744 744 | 99.12 | pa_ill_pa_contig75 contig_297
			  Indel (> 5bp) between these two alignments: deletion of length 55; 0 mismatches (number of Ns: 0) [fragmentation of reference genome]
			Excluding internal overlap of size 55 between Alignment 19 and 20: 1 1682 | 607881 606200 | 1682 1682 --> 1 1627 | 607881 606255 | 1627 1627
			Real Alignment 19: 1 3238 | 606254 603017 | 3238 3238 | 100.0 | pa_ill_pa_contig50 contig_297
			  Indel (> 5bp) between these two alignments: deletion of length 55; 0 mismatches (number of Ns: 0) [fragmentation of reference genome]
			Excluding internal overlap of size 55 between Alignment 20 and 21: 1 1627 | 607881 606255 | 1627 1627 --> 56 1627 | 607826 606255 | 1572 1572
			Real Alignment 20: 56 1627 | 607826 606255 | 1572 1572 | 99.76 | pa_ill_pa_contig58 contig_297
			  Indel (> 5bp) between these two alignments: deletion of length 55; 0 mismatches (number of Ns: 0) [fragmentation of reference genome]
			Excluding internal overlap of size 55 between Alignment 21 and 22: 1 1682 | 614422 612741 | 1682 1682 --> 1 1627 | 614422 612796 | 1627 1627
			Real Alignment 21: 1 4971 | 612795 607827 | 4971 4969 | 99.96 | pa_ill_pa_contig46 contig_297
			  Indel (> 5bp) between these two alignments: deletion of length 55; 0 mismatches (number of Ns: 0) [fragmentation of reference genome]
			Excluding internal overlap of size 55 between Alignment 22 and 23: 1 1627 | 614422 612796 | 1627 1627 --> 56 1627 | 614367 612796 | 1572 1572
			Real Alignment 22: 56 1627 | 614367 612796 | 1572 1572 | 99.52 | pa_ill_pa_contig58 contig_297
			  Indel (> 5bp) between these two alignments: deletion of length 55; 0 mismatches (number of Ns: 0) [fragmentation of reference genome]
			Excluding internal overlap of size 55 between Alignment 23 and 24: 1 1028 | 615973 617000 | 1028 1028 --> 56 1028 | 616028 617000 | 973 973
			Real Alignment 23: 1 1661 | 614368 616027 | 1661 1660 | 99.94 | pa_ill_pa_contig59 contig_297
			  Indel (> 5bp) between these two alignments: deletion of length 55; 0 mismatches (number of Ns: 0) [fragmentation of reference genome]
			Real Alignment 24: 56 1028 | 616028 617000 | 973 973 | 99.51 | pa_ill_pa_contig68 contig_297
			  Not a misassembly [fragmentation of reference genome] between these two alignments
			Excluding internal overlap of size 55 between Alignment 25 and 26: 1 647 | 618397 617751 | 647 647 --> 1 592 | 618397 617806 | 592 592
			Real Alignment 25: 1 690 | 617805 617116 | 690 690 | 99.86 | pa_ill_pa_contig76 contig_297
			  Indel (> 5bp) between these two alignments: deletion of length 55; 0 mismatches (number of Ns: 0) [fragmentation of reference genome]
			Real Alignment 26: 1 592 | 618397 617806 | 592 592 | 100.0 | pa_ill_pa_contig77 contig_297
			  Not a misassembly [fragmentation of reference genome] between these two alignments
			Real Alignment 27: 1 1028 | 619156 620183 | 1028 1028 | 99.81 | pa_ill_pa_contig68 contig_297
			  Not a misassembly [fragmentation of reference genome] between these two alignments
			Excluding internal overlap of size 55 between Alignment 28 and 29: 1 690 | 620988 620299 | 690 690 --> 56 690 | 620933 620299 | 635 635
			Real Alignment 28: 56 690 | 620933 620299 | 635 635 | 100.0 | pa_ill_pa_contig76 contig_297
			  Indel (> 5bp) between these two alignments: deletion of length 55; 0 mismatches (number of Ns: 0) [fragmentation of reference genome]
			Excluding internal overlap of size 381 between Alignment 29 and 30: 1 34671 | 794791 760086 | 34671 34706 --> 1 34328 | 794791 760467 | 34328 34325
			Real Alignment 29: 34236 173697 | 760466 620934 | 139462 139533 | 99.93 | pa_ill_pa_contig15 contig_297
			  Overlap between these two alignments (local misassembly). Inconsistency = -93
			Excluding internal overlap of size 55 between Alignment 30 and 31: 1 1258 | 794737 795994 | 1258 1258 --> 56 1258 | 794792 795994 | 1203 1203
			Real Alignment 30: 1 34328 | 794791 760467 | 34328 34325 | 99.85 | pa_ill_pa_contig15 contig_297
			  Indel (> 5bp) between these two alignments: deletion of length 55; 0 mismatches (number of Ns: 0) [fragmentation of reference genome]
			Excluding internal overlap of size 55 between Alignment 31 and 32: 56 1258 | 794792 795994 | 1203 1203 --> 56 1203 | 794792 795939 | 1148 1148
			Real Alignment 31: 56 1203 | 794792 795939 | 1148 1148 | 99.52 | pa_ill_pa_contig64 contig_297
			  Indel (> 5bp) between these two alignments: deletion of length 55; 0 mismatches (number of Ns: 0) [fragmentation of reference genome]
			Excluding internal overlap of size 55 between Alignment 32 and 33: 1 1492 | 904161 902670 | 1492 1492 --> 1 1437 | 904161 902725 | 1437 1437
			Real Alignment 32: 1 106796 | 902724 795940 | 106796 106785 | 99.99 | pa_ill_pa_contig21 contig_297
			  Indel (> 5bp) between these two alignments: deletion of length 55; 0 mismatches (number of Ns: 0) [fragmentation of reference genome]
			Excluding internal overlap of size 55 between Alignment 33 and 34: 1 1437 | 904161 902725 | 1437 1437 --> 56 1437 | 904106 902725 | 1382 1382
			Real Alignment 33: 56 1437 | 904106 902725 | 1382 1382 | 99.87 | pa_ill_pa_contig61 contig_297
			  Indel (> 5bp) between these two alignments: deletion of length 55; 0 mismatches (number of Ns: 0) [fragmentation of reference genome]
			Excluding internal overlap of size 55 between Alignment 34 and 35: 1 927 | 1109840 1108914 | 927 927 --> 1 872 | 1109840 1108969 | 872 872
			Real Alignment 34: 1 204999 | 904107 1108968 | 204999 204862 | 99.92 | pa_ill_pa_contig12 contig_297
			  Indel (> 5bp) between these two alignments: deletion of length 55; 0 mismatches (number of Ns: 0) [fragmentation of reference genome]
			Excluding internal overlap of size 55 between Alignment 35 and 36: 1 872 | 1109840 1108969 | 872 872 --> 56 872 | 1109785 1108969 | 817 817
			Real Alignment 35: 56 872 | 1109785 1108969 | 817 817 | 97.63 | pa_ill_pa_contig73 contig_297
			  Indel (> 5bp) between these two alignments: deletion of length 55; 0 mismatches (number of Ns: 0) [fragmentation of reference genome]
			Excluding internal overlap of size 55 between Alignment 36 and 37: 1 1468 | 1167877 1166410 | 1468 1468 --> 1 1413 | 1167877 1166465 | 1413 1413
			Real Alignment 36: 1 56682 | 1166464 1109786 | 56682 56679 | 99.99 | pa_ill_pa_contig30 contig_297
			  Indel (> 5bp) between these two alignments: deletion of length 55; 0 mismatches (number of Ns: 0) [fragmentation of reference genome]
			Excluding internal overlap of size 55 between Alignment 37 and 38: 1 1413 | 1167877 1166465 | 1413 1413 --> 56 1413 | 1167822 1166465 | 1358 1358
			Real Alignment 37: 56 1413 | 1167822 1166465 | 1358 1358 | 99.93 | pa_ill_pa_contig62 contig_297
			  Indel (> 5bp) between these two alignments: deletion of length 55; 0 mismatches (number of Ns: 0) [fragmentation of reference genome]
			Excluding internal overlap of size 136 between Alignment 38 and 39: 1 838 | 1192514 1191677 | 838 838 --> 1 702 | 1192514 1191813 | 702 702
			Real Alignment 38: 1 23992 | 1191812 1167823 | 23992 23990 | 99.99 | pa_ill_pa_contig40 contig_297
			  Extensive misassembly (translocation) between these two alignments
			Excluding internal overlap of size 55 between Alignment 39 and 40: 1 702 | 1192514 1191813 | 702 702 --> 56 702 | 1192459 1191813 | 647 647
			Real Alignment 39: 56 702 | 1192459 1191813 | 647 647 | 99.05 | pa_ill_pa_contig8 contig_297
			  Indel (> 5bp) between these two alignments: deletion of length 55; 0 mismatches (number of Ns: 0) [fragmentation of reference genome]
			Excluding internal overlap of size 55 between Alignment 40 and 41: 1 944 | 1192460 1193402 | 944 943 --> 1 889 | 1192460 1193347 | 889 888
			Real Alignment 40: 1 889 | 1192460 1193347 | 889 888 | 98.73 | pa_ill_pa_contig71 contig_297
			  Indel (> 5bp) between these two alignments: deletion of length 55; 0 mismatches (number of Ns: 0) [fragmentation of reference genome]
			Excluding internal overlap of size 55 between Alignment 41 and 42: 1 602 | 1195131 1194530 | 602 602 --> 1 547 | 1195131 1194585 | 547 547
			Real Alignment 41: 1 1237 | 1193348 1194584 | 1237 1237 | 99.68 | pa_ill_pa_contig65 contig_297
			  Indel (> 5bp) between these two alignments: deletion of length 55; 0 mismatches (number of Ns: 0) [fragmentation of reference genome]
			Excluding internal overlap of size 55 between Alignment 42 and 43: 1 547 | 1195131 1194585 | 547 547 --> 56 547 | 1195076 1194585 | 492 492
			Real Alignment 42: 56 547 | 1195076 1194585 | 492 492 | 99.34 | pa_ill_pa_contig80 contig_297
			  Indel (> 5bp) between these two alignments: deletion of length 55; 0 mismatches (number of Ns: 0) [fragmentation of reference genome]
			Excluding internal overlap of size 55 between Alignment 43 and 44: 1 5507 | 1313712 1319218 | 5507 5507 --> 56 5507 | 1313767 1319218 | 5452 5452
			Real Alignment 43: 1 118702 | 1313766 1195077 | 118702 118690 | 99.99 | pa_ill_pa_contig19 contig_297
			  Indel (> 5bp) between these two alignments: deletion of length 55; 0 mismatches (number of Ns: 0) [fragmentation of reference genome]
			Excluding internal overlap of size 55 between Alignment 44 and 45: 56 5507 | 1313767 1319218 | 5452 5452 --> 56 5452 | 1313767 1319163 | 5397 5397
			Real Alignment 44: 56 5452 | 1313767 1319163 | 5397 5397 | 99.47 | pa_ill_pa_contig45 contig_297
			  Indel (> 5bp) between these two alignments: deletion of length 55; 0 mismatches (number of Ns: 0) [fragmentation of reference genome]
			Excluding internal overlap of size 41 between Alignment 45 and 46: 1 111253 | 1319164 1430418 | 111253 111255 --> 1 111212 | 1319164 1430377 | 111212 111214
			Real Alignment 45: 1 111212 | 1319164 1430377 | 111212 111214 | 99.97 | pa_ill_pa_contig20 contig_297
			  Indel (> 5bp) between these two alignments: deletion of length 41; 0 mismatches (number of Ns: 0) [fragmentation of reference genome]
			Real Alignment 46: 1 266935 | 1697299 1430378 | 266935 266922 | 99.99 | pa_ill_pa_contig6 contig_297
			  Not a misassembly [fragmentation of reference genome] between these two alignments
			Real Alignment 47: 1 47071 | 1697909 1744978 | 47071 47070 | 99.99 | pa_ill_pa_contig35 contig_297
			  Not a misassembly [fragmentation of reference genome] between these two alignments
			Excluding internal overlap of size 55 between Alignment 48 and 49: 1 2207 | 1747862 1745656 | 2207 2207 --> 56 2207 | 1747807 1745656 | 2152 2152
			Real Alignment 48: 56 2207 | 1747807 1745656 | 2152 2152 | 99.5 | pa_ill_pa_contig55 contig_297
			  Indel (> 5bp) between these two alignments: deletion of length 55; 0 mismatches (number of Ns: 0) [fragmentation of reference genome]
			Excluding internal overlap of size 55 between Alignment 49 and 50: 1 1197 | 2595371 2596567 | 1197 1197 --> 56 1197 | 2595426 2596567 | 1142 1142
			Real Alignment 49: 1 847683 | 1747808 2595425 | 847683 847618 | 99.99 | pa_ill_pa_contig1 contig_297
			  Indel (> 5bp) between these two alignments: deletion of length 55; 0 mismatches (number of Ns: 0) [fragmentation of reference genome]
			Excluding internal overlap of size 55 between Alignment 50 and 51: 56 1197 | 2595426 2596567 | 1142 1142 --> 56 1142 | 2595426 2596512 | 1087 1087
			Real Alignment 50: 56 1142 | 2595426 2596512 | 1087 1087 | 99.08 | pa_ill_pa_contig67 contig_297
			  Indel (> 5bp) between these two alignments: deletion of length 55; 0 mismatches (number of Ns: 0) [fragmentation of reference genome]
			Excluding internal overlap of size 55 between Alignment 51 and 52: 1 5713 | 2663885 2658172 | 5713 5714 --> 1 5658 | 2663885 2658227 | 5658 5659
			Real Alignment 51: 1 61716 | 2658226 2596513 | 61716 61714 | 99.98 | pa_ill_pa_contig29 contig_297
			  Indel (> 5bp) between these two alignments: deletion of length 55; 0 mismatches (number of Ns: 0) [fragmentation of reference genome]
			Excluding internal overlap of size 55 between Alignment 52 and 53: 1 5658 | 2663885 2658227 | 5658 5659 --> 56 5658 | 2663830 2658227 | 5603 5604
			Real Alignment 52: 56 5658 | 2663830 2658227 | 5603 5604 | 99.96 | pa_ill_pa_contig44 contig_297
			  Indel (> 5bp) between these two alignments: deletion of length 55; 0 mismatches (number of Ns: 0) [fragmentation of reference genome]
			Real Alignment 53: 1 38146 | 2701973 2663831 | 38146 38143 | 99.99 | pa_ill_pa_contig36 contig_297
			  Not a misassembly [fragmentation of reference genome] between these two alignments
			Real Alignment 54: 1 3511 | 2702562 2706072 | 3511 3511 | 100.0 | pa_ill_pa_contig49 contig_297
			  Not a misassembly [fragmentation of reference genome] between these two alignments
			Real Alignment 55: 1 1538 | 2707982 2706445 | 1538 1538 | 100.0 | pa_ill_pa_contig60 contig_297
			  Not a misassembly [fragmentation of reference genome] between these two alignments
			Real Alignment 56: 1 265097 | 2973519 2708433 | 265097 265087 | 99.99 | pa_ill_pa_contig7 contig_297
			  Gap between these two alignments (local misassembly). Inconsistency = -456
			Real Alignment 57: 1 77 | 2973975 2973899 | 77 77 | 98.7 | pa_ill_pa_contig7 contig_297
			  Gap between these two alignments (local misassembly). Inconsistency = -342
			Real Alignment 58: 1 123 | 2974317 2974195 | 123 123 | 99.19 | pa_ill_pa_contig7 contig_297
			  Not a misassembly [fragmentation of reference genome] between these two alignments
			Excluding internal overlap of size 10 between Alignment 59 and 60: 1 493 | 3162477 3161985 | 493 493 --> 1 483 | 3162477 3161995 | 483 483
			Real Alignment 59: 1 187635 | 3161994 2974364 | 187635 187631 | 99.99 | pa_ill_pa_contig14 contig_297
			  Overlap between these two alignments (local misassembly). Inconsistency = -483
			Real Alignment 60: 1 483 | 3162477 3161995 | 483 483 | 97.57 | pa_ill_pa_contig14 contig_297
			  Gap between these two alignments (local misassembly). Inconsistency = 2 [fragmentation of reference genome]
			Real Alignment 61: 3 591 | 3163452 3164040 | 589 589 | 94.06 | pa_ill_pa_contig31 contig_297
			  Gap between these two alignments (local misassembly). Inconsistency = -483
			Excluding internal overlap of size 55 between Alignment 62 and 63: 1 2514 | 3220302 3222815 | 2514 2514 --> 56 2514 | 3220357 3222815 | 2459 2459
			Real Alignment 62: 132 56432 | 3164064 3220356 | 56301 56293 | 99.92 | pa_ill_pa_contig31 contig_297
			  Indel (> 5bp) between these two alignments: deletion of length 55; 0 mismatches (number of Ns: 0) [fragmentation of reference genome]
			Excluding internal overlap of size 55 between Alignment 63 and 64: 1 561 | 3223321 3222761 | 561 561 --> 1 506 | 3223321 3222816 | 506 506
			Real Alignment 63: 56 2514 | 3220357 3222815 | 2459 2459 | 99.68 | pa_ill_pa_contig54 contig_297
			  Indel (> 5bp) between these two alignments: deletion of length 55; 0 mismatches (number of Ns: 0) [fragmentation of reference genome]
			Excluding internal overlap of size 55 between Alignment 64 and 65: 1 506 | 3223321 3222816 | 506 506 --> 56 506 | 3223266 3222816 | 451 451
			Real Alignment 64: 56 506 | 3223266 3222816 | 451 451 | 95.37 | pa_ill_pa_contig83 contig_297
			  Indel (> 5bp) between these two alignments: deletion of length 55; 0 mismatches (number of Ns: 0) [fragmentation of reference genome]
			Real Alignment 65: 1 868 | 3223267 3224140 | 868 874 | 98.4 | pa_ill_pa_contig74 contig_297
			  Not a misassembly [fragmentation of reference genome] between these two alignments
			Excluding internal overlap of size 55 between Alignment 66 and 67: 1 1492 | 3248133 3246642 | 1492 1492 --> 1 1437 | 3248133 3246697 | 1437 1437
			Real Alignment 66: 1 21904 | 3246696 3224795 | 21904 21902 | 99.99 | pa_ill_pa_contig41 contig_297
			  Indel (> 5bp) between these two alignments: deletion of length 55; 0 mismatches (number of Ns: 0) [fragmentation of reference genome]
			Excluding internal overlap of size 55 between Alignment 67 and 68: 1 1405 | 3248079 3249483 | 1405 1405 --> 56 1405 | 3248134 3249483 | 1350 1350
			Real Alignment 67: 1 1437 | 3248133 3246697 | 1437 1437 | 100.0 | pa_ill_pa_contig61 contig_297
			  Indel (> 5bp) between these two alignments: deletion of length 55; 0 mismatches (number of Ns: 0) [fragmentation of reference genome]
			Excluding internal overlap of size 446 between Alignment 68 and 69: 1 1339 | 3250376 3249038 | 1339 1339 --> 1 893 | 3250376 3249484 | 893 893
			Real Alignment 68: 56 1405 | 3248134 3249483 | 1350 1350 | 90.74 | pa_ill_pa_contig12 contig_297
			  Extensive misassembly (translocation) between these two alignments
			Excluding internal overlap of size 55 between Alignment 69 and 70: 1 893 | 3250376 3249484 | 893 893 --> 56 893 | 3250321 3249484 | 838 838
			Real Alignment 69: 56 893 | 3250321 3249484 | 838 838 | 100.0 | pa_ill_pa_contig63 contig_297
			  Indel (> 5bp) between these two alignments: deletion of length 55; 0 mismatches (number of Ns: 0) [fragmentation of reference genome]
			Excluding internal overlap of size 55 between Alignment 70 and 71: 1 5713 | 3256033 3250322 | 5713 5712 --> 56 5713 | 3255978 3250322 | 5658 5657
			Real Alignment 70: 56 5713 | 3255978 3250322 | 5658 5657 | 99.98 | pa_ill_pa_contig44 contig_297
			  Indel (> 5bp) between these two alignments: deletion of length 55; 0 mismatches (number of Ns: 0) [fragmentation of reference genome]
			Real Alignment 71: 1 119004 | 3374972 3255979 | 119004 118994 | 99.99 | pa_ill_pa_contig18 contig_297
			  Not a misassembly [fragmentation of reference genome] between these two alignments
			Excluding internal overlap of size 55 between Alignment 72 and 73: 1 561 | 3376589 3377149 | 561 561 --> 56 561 | 3376644 3377149 | 506 506
			Real Alignment 72: 1 868 | 3376643 3375776 | 868 868 | 99.54 | pa_ill_pa_contig74 contig_297
			  Indel (> 5bp) between these two alignments: deletion of length 55; 0 mismatches (number of Ns: 0) [fragmentation of reference genome]
			Excluding internal overlap of size 55 between Alignment 73 and 74: 56 561 | 3376644 3377149 | 506 506 --> 56 506 | 3376644 3377094 | 451 451
			Real Alignment 73: 56 506 | 3376644 3377094 | 451 451 | 100.0 | pa_ill_pa_contig83 contig_297
			  Indel (> 5bp) between these two alignments: deletion of length 55; 0 mismatches (number of Ns: 0) [fragmentation of reference genome]
			Excluding internal overlap of size 55 between Alignment 74 and 75: 1 2514 | 3379608 3377095 | 2514 2514 --> 56 2514 | 3379553 3377095 | 2459 2459
			Real Alignment 74: 56 2514 | 3379553 3377095 | 2459 2459 | 99.72 | pa_ill_pa_contig54 contig_297
			  Indel (> 5bp) between these two alignments: deletion of length 55; 0 mismatches (number of Ns: 0) [fragmentation of reference genome]
			Excluding internal overlap of size 55 between Alignment 75 and 76: 1 1197 | 3846320 3845124 | 1197 1197 --> 1 1142 | 3846320 3845179 | 1142 1142
			Real Alignment 75: 1 465790 | 3845178 3379554 | 465790 465625 | 99.96 | pa_ill_pa_contig3 contig_297
			  Indel (> 5bp) between these two alignments: deletion of length 55; 0 mismatches (number of Ns: 0) [fragmentation of reference genome]
			Excluding internal overlap of size 55 between Alignment 76 and 77: 1 1142 | 3846320 3845179 | 1142 1142 --> 56 1142 | 3846265 3845179 | 1087 1087
			Real Alignment 76: 56 1142 | 3846265 3845179 | 1087 1087 | 99.83 | pa_ill_pa_contig67 contig_297
			  Indel (> 5bp) between these two alignments: deletion of length 55; 0 mismatches (number of Ns: 0) [fragmentation of reference genome]
			Real Alignment 77: 1 90153 | 3846266 3936414 | 90153 90149 | 99.98 | pa_ill_pa_contig23 contig_297
			  Not a misassembly [fragmentation of reference genome] between these two alignments
			Excluding internal overlap of size 55 between Alignment 78 and 79: 1 5713 | 4048767 4043055 | 5713 5713 --> 1 5658 | 4048767 4043110 | 5658 5658
			Real Alignment 78: 1 106324 | 3936790 4043109 | 106324 106320 | 99.99 | pa_ill_pa_contig22 contig_297
			  Indel (> 5bp) between these two alignments: deletion of length 55; 0 mismatches (number of Ns: 0) [fragmentation of reference genome]
			Excluding internal overlap of size 55 between Alignment 79 and 80: 1 5658 | 4048767 4043110 | 5658 5658 --> 56 5658 | 4048712 4043110 | 5603 5603
			Real Alignment 79: 56 5658 | 4048712 4043110 | 5603 5603 | 99.93 | pa_ill_pa_contig44 contig_297
			  Indel (> 5bp) between these two alignments: deletion of length 55; 0 mismatches (number of Ns: 0) [fragmentation of reference genome]
			Excluding internal overlap of size 55 between Alignment 80 and 81: 1 985 | 4098610 4097626 | 985 985 --> 1 930 | 4098610 4097681 | 930 930
			Real Alignment 80: 1 48969 | 4097680 4048713 | 48969 48968 | 99.97 | pa_ill_pa_contig34 contig_297
			  Indel (> 5bp) between these two alignments: deletion of length 55; 0 mismatches (number of Ns: 0) [fragmentation of reference genome]
			Excluding internal overlap of size 55 between Alignment 81 and 82: 1 930 | 4098610 4097681 | 930 930 --> 56 930 | 4098555 4097681 | 875 875
			Real Alignment 81: 56 930 | 4098555 4097681 | 875 875 | 99.49 | pa_ill_pa_contig69 contig_297
			  Indel (> 5bp) between these two alignments: deletion of length 55; 0 mismatches (number of Ns: 0) [fragmentation of reference genome]
			Excluding internal overlap of size 425 between Alignment 82 and 83: 1 93281 | 4098556 4191824 | 93281 93269 --> 1 92856 | 4098556 4191399 | 92856 92844
			Real Alignment 82: 1 92856 | 4098556 4191399 | 92856 92844 | 99.98 | pa_ill_pa_contig11 contig_297
			  Gap between these two alignments (local misassembly). Inconsistency = 110
			Excluding internal overlap of size 55 between Alignment 83 and 84: 1 3064 | 4309243 4312306 | 3064 3064 --> 56 3064 | 4309298 4312306 | 3009 3009
			Real Alignment 83: 92967 210873 | 4191400 4309297 | 117907 117898 | 99.98 | pa_ill_pa_contig11 contig_297
			  Indel (> 5bp) between these two alignments: deletion of length 55; 0 mismatches (number of Ns: 0) [fragmentation of reference genome]
			Excluding internal overlap of size 55 between Alignment 84 and 85: 1 956 | 4313206 4312252 | 956 955 --> 1 901 | 4313206 4312307 | 901 900
			Real Alignment 84: 56 3064 | 4309298 4312306 | 3009 3009 | 99.71 | pa_ill_pa_contig51 contig_297
			  Indel (> 5bp) between these two alignments: deletion of length 55; 0 mismatches (number of Ns: 0) [fragmentation of reference genome]
			Excluding internal overlap of size 55 between Alignment 85 and 86: 1 901 | 4313206 4312307 | 901 900 --> 56 901 | 4313151 4312307 | 846 845
			Real Alignment 85: 56 901 | 4313151 4312307 | 846 845 | 99.9 | pa_ill_pa_contig70 contig_297
			  Indel (> 5bp) between these two alignments: deletion of length 55; 0 mismatches (number of Ns: 0) [fragmentation of reference genome]
			Real Alignment 86: 1 1079 | 4313152 4314230 | 1079 1079 | 99.81 | pa_ill_pa_contig48 contig_297
			  Gap between these two alignments (local misassembly). Inconsistency = 0
			Excluding internal overlap of size 55 between Alignment 87 and 88: 1235 3722 | 4314386 4316874 | 2488 2489 --> 1235 3667 | 4314386 4316819 | 2433 2434
			Real Alignment 87: 1235 3667 | 4314386 4316819 | 2433 2434 | 99.56 | pa_ill_pa_contig48 contig_297
			  Indel (> 5bp) between these two alignments: deletion of length 55; 0 mismatches (number of Ns: 0) [fragmentation of reference genome]
			Excluding internal overlap of size 156 between Alignment 88 and 89: 1 1874 | 4323564 4321691 | 1874 1874 --> 1 1718 | 4323564 4321847 | 1718 1718
			Real Alignment 88: 232388 237415 | 4321846 4316820 | 5028 5027 | 99.96 | pa_ill_pa_contig10 contig_297
			  Extensive misassembly (translocation) between these two alignments
			Excluding internal overlap of size 128 between Alignment 89 and 90: 1 1718 | 4323564 4321847 | 1718 1718 --> 129 1718 | 4323436 4321847 | 1590 1590
			Real Alignment 89: 129 1718 | 4323436 4321847 | 1590 1590 | 100.0 | pa_ill_pa_contig57 contig_297
			  Extensive misassembly (translocation) between these two alignments
			Excluding internal overlap of size 55 between Alignment 90 and 91: 1 2207 | 4555925 4558132 | 2207 2208 --> 56 2207 | 4555980 4558132 | 2152 2153
			Real Alignment 90: 1 232544 | 4555979 4323437 | 232544 232543 | 99.97 | pa_ill_pa_contig10 contig_297
			  Indel (> 5bp) between these two alignments: deletion of length 55; 0 mismatches (number of Ns: 0) [fragmentation of reference genome]
			Real Alignment 91: 56 2207 | 4555980 4558132 | 2152 2153 | 99.77 | pa_ill_pa_contig55 contig_297
			  Not a misassembly [fragmentation of reference genome] between these two alignments
			Excluding internal overlap of size 55 between Alignment 92 and 93: 1 927 | 4595644 4594718 | 927 927 --> 1 872 | 4595644 4594773 | 872 872
			Real Alignment 92: 1 35776 | 4594772 4559002 | 35776 35771 | 99.99 | pa_ill_pa_contig37 contig_297
			  Indel (> 5bp) between these two alignments: deletion of length 55; 0 mismatches (number of Ns: 0) [fragmentation of reference genome]
			Excluding internal overlap of size 55 between Alignment 93 and 94: 1 872 | 4595644 4594773 | 872 872 --> 56 872 | 4595589 4594773 | 817 817
			Real Alignment 93: 56 872 | 4595589 4594773 | 817 817 | 99.89 | pa_ill_pa_contig73 contig_297
			  Indel (> 5bp) between these two alignments: deletion of length 55; 0 mismatches (number of Ns: 0) [fragmentation of reference genome]
			Excluding internal overlap of size 55 between Alignment 94 and 95: 1 1197 | 4891299 4890103 | 1197 1197 --> 1 1142 | 4891299 4890158 | 1142 1142
			Real Alignment 94: 1 294591 | 4890157 4595590 | 294591 294568 | 99.99 | pa_ill_pa_contig5 contig_297
			  Indel (> 5bp) between these two alignments: deletion of length 55; 0 mismatches (number of Ns: 0) [fragmentation of reference genome]
			Excluding internal overlap of size 55 between Alignment 95 and 96: 1 1142 | 4891299 4890158 | 1142 1142 --> 56 1142 | 4891244 4890158 | 1087 1087
			Real Alignment 95: 56 1142 | 4891244 4890158 | 1087 1087 | 99.75 | pa_ill_pa_contig67 contig_297
			  Indel (> 5bp) between these two alignments: deletion of length 55; 0 mismatches (number of Ns: 0) [fragmentation of reference genome]
			Excluding internal overlap of size 55 between Alignment 96 and 97: 1 5713 | 4979176 4984887 | 5713 5712 --> 56 5713 | 4979231 4984887 | 5658 5657
			Real Alignment 96: 1 87995 | 4891245 4979230 | 87995 87986 | 99.98 | pa_ill_pa_contig24 contig_297
			  Indel (> 5bp) between these two alignments: deletion of length 55; 0 mismatches (number of Ns: 0) [fragmentation of reference genome]
			Excluding internal overlap of size 55 between Alignment 97 and 98: 56 5713 | 4979231 4984887 | 5658 5657 --> 56 5658 | 4979231 4984832 | 5603 5602
			Real Alignment 97: 56 5658 | 4979231 4984832 | 5603 5602 | 99.93 | pa_ill_pa_contig44 contig_297
			  Indel (> 5bp) between these two alignments: deletion of length 55; 0 mismatches (number of Ns: 0) [fragmentation of reference genome]
			Excluding internal overlap of size 55 between Alignment 98 and 99: 1 5507 | 5053187 5058693 | 5507 5507 --> 56 5507 | 5053242 5058693 | 5452 5452
			Real Alignment 98: 1 68413 | 5053241 4984833 | 68413 68409 | 99.99 | pa_ill_pa_contig27 contig_297
			  Indel (> 5bp) between these two alignments: deletion of length 55; 0 mismatches (number of Ns: 0) [fragmentation of reference genome]
			Excluding internal overlap of size 55 between Alignment 99 and 100: 1 846 | 5058639 5059478 | 846 840 --> 56 846 | 5058694 5059478 | 791 785
			Real Alignment 99: 56 5507 | 5053242 5058693 | 5452 5452 | 99.84 | pa_ill_pa_contig45 contig_297
			  Indel (> 5bp) between these two alignments: deletion of length 55; 0 mismatches (number of Ns: 0) [fragmentation of reference genome]
			Excluding internal overlap of size 76 between Alignment 100 and 101: 56 846 | 5058694 5059478 | 791 785 --> 56 770 | 5058694 5059402 | 715 709
			Real Alignment 100: 56 770 | 5058694 5059402 | 715 709 | 90.05 | pa_ill_pa_contig20 contig_297
			  Extensive misassembly (translocation) between these two alignments
			Excluding internal overlap of size 242 between Alignment 101 and 102: 41099 76514 | 5100383 5135792 | 35416 35410 --> 41341 76514 | 5100625 5135792 | 35174 35168
			Real Alignment 101: 1 41228 | 5059403 5100624 | 41228 41222 | 99.98 | pa_ill_pa_contig26 contig_297
			  Gap between these two alignments (local misassembly). Inconsistency = 112
			Excluding internal overlap of size 55 between Alignment 102 and 103: 1 603 | 5135738 5136340 | 603 603 --> 56 603 | 5135793 5136340 | 548 548
			Real Alignment 102: 41341 76514 | 5100625 5135792 | 35174 35168 | 99.97 | pa_ill_pa_contig26 contig_297
			  Indel (> 5bp) between these two alignments: deletion of length 55; 0 mismatches (number of Ns: 0) [fragmentation of reference genome]
			Excluding internal overlap of size 55 between Alignment 103 and 104: 56 603 | 5135793 5136340 | 548 548 --> 56 548 | 5135793 5136285 | 493 493
			Real Alignment 103: 56 548 | 5135793 5136285 | 493 493 | 100.0 | pa_ill_pa_contig79 contig_297
			  Indel (> 5bp) between these two alignments: deletion of length 55; 0 mismatches (number of Ns: 0) [fragmentation of reference genome]
			Real Alignment 104: 1 53273 | 5136286 5189560 | 53273 53275 | 99.98 | pa_ill_pa_contig33 contig_297
			  Not a misassembly [fragmentation of reference genome] between these two alignments
			Excluding internal overlap of size 55 between Alignment 105 and 106: 1 1468 | 5313844 5312377 | 1468 1468 --> 1 1413 | 5313844 5312432 | 1413 1413
			Real Alignment 105: 1 122468 | 5312431 5189975 | 122468 122457 | 99.98 | pa_ill_pa_contig16 contig_297
			  Indel (> 5bp) between these two alignments: deletion of length 55; 0 mismatches (number of Ns: 0) [fragmentation of reference genome]
			Excluding internal overlap of size 55 between Alignment 106 and 107: 1 1413 | 5313844 5312432 | 1413 1413 --> 56 1413 | 5313789 5312432 | 1358 1358
			Real Alignment 106: 56 1413 | 5313789 5312432 | 1358 1358 | 100.0 | pa_ill_pa_contig62 contig_297
			  Indel (> 5bp) between these two alignments: deletion of length 55; 0 mismatches (number of Ns: 0) [fragmentation of reference genome]
			Real Alignment 107: 1 404310 | 5313790 5718062 | 404310 404273 | 99.99 | pa_ill_pa_contig4 contig_297
			  Not a misassembly [fragmentation of reference genome] between these two alignments
			Real Alignment 108: 1 2549 | 5720969 5718421 | 2549 2549 | 100.0 | pa_ill_pa_contig52 contig_297
			  Not a misassembly [fragmentation of reference genome] between these two alignments
			Excluding internal overlap of size 55 between Alignment 109 and 110: 1 623 | 5722592 5721970 | 623 623 --> 1 568 | 5722592 5722025 | 568 568
			Real Alignment 109: 1 929 | 5722024 5721097 | 929 928 | 98.17 | pa_ill_pa_contig72 contig_297
			  Indel (> 5bp) between these two alignments: deletion of length 55; 0 mismatches (number of Ns: 0) [fragmentation of reference genome]
			Excluding internal overlap of size 55 between Alignment 110 and 111: 1 568 | 5722592 5722025 | 568 568 --> 56 568 | 5722537 5722025 | 513 513
			Real Alignment 110: 56 568 | 5722537 5722025 | 513 513 | 100.0 | pa_ill_pa_contig78 contig_297
			  Indel (> 5bp) between these two alignments: deletion of length 55; 0 mismatches (number of Ns: 0) [fragmentation of reference genome]
			Excluding internal overlap of size 55 between Alignment 111 and 112: 1 539 | 5726796 5726258 | 539 539 --> 1 484 | 5726796 5726313 | 484 484
			Real Alignment 111: 1 3774 | 5722538 5726312 | 3774 3775 | 99.92 | pa_ill_pa_contig47 contig_297
			  Indel (> 5bp) between these two alignments: deletion of length 55; 0 mismatches (number of Ns: 0) [fragmentation of reference genome]
			Excluding internal overlap of size 55 between Alignment 112 and 113: 1 484 | 5726796 5726313 | 484 484 --> 56 484 | 5726741 5726313 | 429 429
			Real Alignment 112: 56 484 | 5726741 5726313 | 429 429 | 98.52 | pa_ill_pa_contig84 contig_297
			  Indel (> 5bp) between these two alignments: deletion of length 55; 0 mismatches (number of Ns: 0) [fragmentation of reference genome]
			Excluding internal overlap of size 303 between Alignment 113 and 114: 1 247386 | 5726742 5974098 | 247386 247357 --> 1 247083 | 5726742 5973795 | 247083 247054
			Real Alignment 113: 1 247083 | 5726742 5973795 | 247083 247054 | 99.98 | pa_ill_pa_contig2 contig_297
			  Gap between these two alignments (local misassembly). Inconsistency = 115
			Excluding internal overlap of size 55 between Alignment 114 and 115: 1 1258 | 6268879 6270136 | 1258 1258 --> 56 1258 | 6268934 6270136 | 1203 1203
			Real Alignment 114: 247199 542364 | 5973796 6268933 | 295166 295138 | 99.98 | pa_ill_pa_contig2 contig_297
			  Indel (> 5bp) between these two alignments: deletion of length 55; 0 mismatches (number of Ns: 0) [fragmentation of reference genome]
			Excluding internal overlap of size 55 between Alignment 115 and 116: 56 1258 | 6268934 6270136 | 1203 1203 --> 56 1203 | 6268934 6270081 | 1148 1148
			Real Alignment 115: 56 1203 | 6268934 6270081 | 1148 1148 | 99.84 | pa_ill_pa_contig64 contig_297
			  Indel (> 5bp) between these two alignments: deletion of length 55; 0 mismatches (number of Ns: 0) [fragmentation of reference genome]
			Real Alignment 116: 1 56007 | 6326081 6270082 | 56007 56000 | 99.98 | pa_ill_pa_contig32 contig_297
			  Not a misassembly [fragmentation of reference genome] between these two alignments
			Excluding internal overlap of size 55 between Alignment 117 and 118: 1 539 | 6447352 6447890 | 539 539 --> 56 539 | 6447407 6447890 | 484 484
			Real Alignment 117: 1 121067 | 6326343 6447406 | 121067 121064 | 99.99 | pa_ill_pa_contig17 contig_297
			  Indel (> 5bp) between these two alignments: deletion of length 55; 0 mismatches (number of Ns: 0) [fragmentation of reference genome]
			Excluding internal overlap of size 55 between Alignment 118 and 119: 56 539 | 6447407 6447890 | 484 484 --> 56 484 | 6447407 6447835 | 429 429
			Real Alignment 118: 56 484 | 6447407 6447835 | 429 429 | 98.33 | pa_ill_pa_contig84 contig_297
			  Indel (> 5bp) between these two alignments: deletion of length 55; 0 mismatches (number of Ns: 0) [fragmentation of reference genome]
			Excluding internal overlap of size 55 between Alignment 119 and 120: 1 623 | 6451561 6452183 | 623 623 --> 56 623 | 6451616 6452183 | 568 568
			Real Alignment 119: 1 3774 | 6451615 6447836 | 3774 3780 | 90.15 | pa_ill_pa_contig47 contig_297
			  Indel (> 5bp) between these two alignments: deletion of length 55; 0 mismatches (number of Ns: 0) [fragmentation of reference genome]
			Excluding internal overlap of size 55 between Alignment 120 and 121: 56 623 | 6451616 6452183 | 568 568 --> 56 568 | 6451616 6452128 | 513 513
			Real Alignment 120: 56 568 | 6451616 6452128 | 513 513 | 97.75 | pa_ill_pa_contig78 contig_297
			  Indel (> 5bp) between these two alignments: deletion of length 55; 0 mismatches (number of Ns: 0) [fragmentation of reference genome]
			Real Alignment 121: 1 929 | 6452129 6453057 | 929 929 | 99.35 | pa_ill_pa_contig72 contig_297
			  Not a misassembly [fragmentation of reference genome] between these two alignments
			Real Alignment 122: 1 2531 | 6453185 6455715 | 2531 2531 | 99.84 | pa_ill_pa_contig53 contig_297
			  Not a misassembly [fragmentation of reference genome] between these two alignments
			Excluding internal overlap of size 55 between Alignment 123 and 124: 56 86455 | 6791695 6705308 | 86400 86388 --> 56 86400 | 6791695 6705363 | 86345 86333
			Real Alignment 123: 161 249467 | 6705362 6456080 | 249307 249283 | 99.99 | pa_ill_pa_contig9 contig_297
			  Extensive misassembly (translocation) between these two alignments
			Real Alignment 124: 56 86400 | 6791695 6705363 | 86345 86333 | 99.98 | pa_ill_pa_contig25 contig_297
		Unaligned bases: 11398

CONTIG: contig_1 (4764726bp)
Best alignment score: 513.0 (LEN: 564, IDY: 90.96), Total number of alignments: 95
			Looking for the best set of alignments (out of 95 total alignments)
			Skipping redundant alignments after choosing the best set of alignments
		Skipping redundant alignment 163 238 | 437917 437992 | 76 76 | 100.0 | pa_ill_pa_contig9 contig_1
		Skipping redundant alignment 3 78 | 437917 437992 | 76 76 | 100.0 | pa_ill_pa_contig9 contig_1
		Skipping redundant alignment 323 399 | 437917 437993 | 77 77 | 100.0 | pa_ill_pa_contig9 contig_1
		Skipping redundant alignment 28781 28858 | 437994 437917 | 78 78 | 100.0 | pa_ill_pa_contig8 contig_1
		Skipping redundant alignment 84045 84229 | 866428 866244 | 185 185 | 91.35 | pa_ill_pa_contig13 contig_1
		Skipping redundant alignment 48505 48596 | 2658152 2658061 | 92 92 | 91.3 | pa_ill_pa_contig27 contig_1
		Skipping redundant alignment 65010 65101 | 2658152 2658061 | 92 92 | 91.3 | pa_ill_pa_contig27 contig_1
		Skipping redundant alignment 161 240 | 2864696 2864617 | 80 80 | 100.0 | pa_ill_pa_contig9 contig_1
		Skipping redundant alignment 321 398 | 2864808 2864731 | 78 78 | 100.0 | pa_ill_pa_contig9 contig_1
		Skipping redundant alignment 161 238 | 2864808 2864731 | 78 78 | 100.0 | pa_ill_pa_contig9 contig_1
		This contig has several significant sets of alignments. [An ambiguously mapped contig]
		Using only the very best set (option --ambiguity-usage is set to "one").
			The best set is below. Score: 11931.7, number of alignments: 85, unaligned bases: 4749803
		This contig is misassembled.
		This contig is partially unaligned. (Aligned 14923 out of 4764726 non-N bases (0.31%))
			Warning! This contig is more unaligned than misassembled. Contig length is 4764726 (number of Ns: 0) and total length of all aligns is 14923
		Alignment: 4882 5195 | 1172410 1172097 | 314 314 | 96.18 | pa_ill_pa_contig44 contig_1
		Alignment: 4268 4831 | 1173024 1172461 | 564 564 | 90.96 | pa_ill_pa_contig44 contig_1
		Alignment: 4118 4231 | 1173177 1173064 | 114 114 | 93.86 | pa_ill_pa_contig44 contig_1
		Alignment: 3453 3662 | 1173842 1173633 | 210 210 | 93.81 | pa_ill_pa_contig44 contig_1
		Alignment: 3374 3442 | 1173920 1173852 | 69 69 | 94.2 | pa_ill_pa_contig44 contig_1
		Alignment: 2687 2800 | 1174618 1174505 | 114 114 | 91.23 | pa_ill_pa_contig44 contig_1
		Alignment: 1975 2060 | 1175290 1175205 | 86 86 | 91.86 | pa_ill_pa_contig44 contig_1
		Alignment: 1813 1967 | 1175452 1175298 | 155 155 | 92.26 | pa_ill_pa_contig44 contig_1
		Alignment: 1375 1536 | 1175890 1175729 | 162 162 | 93.83 | pa_ill_pa_contig44 contig_1
		Alignment: 997 1158 | 1176268 1176107 | 162 162 | 90.12 | pa_ill_pa_contig44 contig_1
		Alignment: 529 593 | 1176742 1176678 | 65 65 | 98.46 | pa_ill_pa_contig44 contig_1
		Alignment: 4882 5195 | 1880662 1880349 | 314 314 | 96.18 | pa_ill_pa_contig44 contig_1
		Alignment: 4268 4831 | 1881276 1880713 | 564 564 | 90.96 | pa_ill_pa_contig44 contig_1
		Alignment: 4118 4231 | 1881429 1881316 | 114 114 | 93.86 | pa_ill_pa_contig44 contig_1
		Alignment: 3453 3662 | 1882094 1881885 | 210 210 | 93.81 | pa_ill_pa_contig44 contig_1
		Alignment: 3374 3442 | 1882172 1882104 | 69 69 | 94.2 | pa_ill_pa_contig44 contig_1
		Alignment: 2687 2800 | 1882870 1882757 | 114 114 | 91.23 | pa_ill_pa_contig44 contig_1
		Alignment: 1975 2060 | 1883548 1883463 | 86 86 | 91.86 | pa_ill_pa_contig44 contig_1
		Alignment: 1813 1967 | 1883710 1883556 | 155 155 | 92.26 | pa_ill_pa_contig44 contig_1
		Alignment: 1375 1536 | 1884148 1883987 | 162 162 | 93.83 | pa_ill_pa_contig44 contig_1
		Alignment: 997 1158 | 1884526 1884365 | 162 162 | 90.12 | pa_ill_pa_contig44 contig_1
		Alignment: 529 593 | 1885000 1884936 | 65 65 | 98.46 | pa_ill_pa_contig44 contig_1
		Alignment: 529 593 | 2423934 2423998 | 65 65 | 98.46 | pa_ill_pa_contig44 contig_1
		Alignment: 997 1158 | 2424408 2424569 | 162 162 | 90.12 | pa_ill_pa_contig44 contig_1
		Alignment: 1375 1536 | 2424784 2424945 | 162 162 | 93.83 | pa_ill_pa_contig44 contig_1
		Alignment: 1813 1967 | 2425222 2425376 | 155 155 | 92.26 | pa_ill_pa_contig44 contig_1
		Alignment: 1975 2060 | 2425384 2425469 | 86 86 | 91.86 | pa_ill_pa_contig44 contig_1
		Alignment: 2687 2800 | 2425979 2426092 | 114 114 | 91.23 | pa_ill_pa_contig44 contig_1
		Alignment: 2892 3062 | 2426193 2426363 | 171 171 | 91.23 | pa_ill_pa_contig44 contig_1
		Alignment: 3374 3442 | 2426677 2426745 | 69 69 | 94.2 | pa_ill_pa_contig44 contig_1
		Alignment: 3453 3662 | 2426755 2426964 | 210 210 | 93.81 | pa_ill_pa_contig44 contig_1
		Alignment: 4118 4231 | 2427420 2427533 | 114 114 | 93.86 | pa_ill_pa_contig44 contig_1
		Alignment: 4268 4718 | 2427573 2428023 | 451 451 | 92.68 | pa_ill_pa_contig44 contig_1
		Alignment: 4882 5195 | 2428187 2428500 | 314 314 | 96.18 | pa_ill_pa_contig44 contig_1
		Alignment: 529 593 | 2517541 2517605 | 65 65 | 98.46 | pa_ill_pa_contig44 contig_1
		Alignment: 997 1158 | 2518015 2518176 | 162 162 | 90.12 | pa_ill_pa_contig44 contig_1
		Alignment: 1375 1536 | 2518392 2518553 | 162 162 | 93.83 | pa_ill_pa_contig44 contig_1
		Alignment: 1813 1967 | 2518830 2518984 | 155 155 | 92.26 | pa_ill_pa_contig44 contig_1
		Alignment: 1975 2060 | 2518992 2519077 | 86 86 | 91.86 | pa_ill_pa_contig44 contig_1
		Alignment: 2687 2800 | 2519679 2519792 | 114 114 | 91.23 | pa_ill_pa_contig44 contig_1
		Alignment: 2892 3062 | 2519893 2520063 | 171 171 | 91.23 | pa_ill_pa_contig44 contig_1
		Alignment: 3374 3442 | 2520377 2520445 | 69 69 | 94.2 | pa_ill_pa_contig44 contig_1
		Alignment: 3453 3662 | 2520455 2520664 | 210 210 | 93.81 | pa_ill_pa_contig44 contig_1
		Alignment: 4118 4231 | 2521120 2521233 | 114 114 | 93.86 | pa_ill_pa_contig44 contig_1
		Alignment: 4268 4385 | 2521273 2521390 | 118 118 | 94.92 | pa_ill_pa_contig44 contig_1
		Alignment: 4391 4831 | 2521398 2521838 | 441 441 | 90.25 | pa_ill_pa_contig44 contig_1
		Alignment: 4882 5195 | 2521889 2522202 | 314 314 | 96.18 | pa_ill_pa_contig44 contig_1
		Alignment: 529 593 | 2648647 2648711 | 65 65 | 98.46 | pa_ill_pa_contig44 contig_1
		Alignment: 997 1158 | 2649121 2649282 | 162 162 | 90.12 | pa_ill_pa_contig44 contig_1
		Alignment: 1375 1536 | 2649498 2649659 | 162 162 | 93.83 | pa_ill_pa_contig44 contig_1
		Alignment: 1813 1967 | 2649936 2650090 | 155 155 | 92.26 | pa_ill_pa_contig44 contig_1
		Alignment: 1975 2060 | 2650098 2650183 | 86 86 | 91.86 | pa_ill_pa_contig44 contig_1
		Alignment: 2687 2800 | 2650693 2650806 | 114 114 | 91.23 | pa_ill_pa_contig44 contig_1
		Alignment: 2892 3062 | 2650907 2651077 | 171 171 | 91.23 | pa_ill_pa_contig44 contig_1
		Alignment: 3374 3442 | 2651391 2651459 | 69 69 | 94.2 | pa_ill_pa_contig44 contig_1
		Alignment: 3453 3662 | 2651469 2651678 | 210 210 | 93.81 | pa_ill_pa_contig44 contig_1
		Alignment: 4118 4231 | 2652134 2652247 | 114 114 | 93.86 | pa_ill_pa_contig44 contig_1
		Alignment: 4268 4718 | 2652287 2652737 | 451 451 | 92.68 | pa_ill_pa_contig44 contig_1
		Alignment: 4882 5195 | 2652901 2653214 | 314 314 | 96.18 | pa_ill_pa_contig44 contig_1
		Alignment: 529 593 | 2690038 2690102 | 65 65 | 98.46 | pa_ill_pa_contig44 contig_1
		Alignment: 997 1158 | 2690512 2690673 | 162 162 | 90.12 | pa_ill_pa_contig44 contig_1
		Alignment: 1376 1536 | 2690889 2691049 | 161 161 | 93.79 | pa_ill_pa_contig44 contig_1
		Alignment: 1813 1967 | 2691326 2691480 | 155 155 | 92.26 | pa_ill_pa_contig44 contig_1
		Alignment: 1975 2060 | 2691488 2691573 | 86 86 | 91.86 | pa_ill_pa_contig44 contig_1
		Alignment: 2687 2800 | 2692083 2692196 | 114 114 | 91.23 | pa_ill_pa_contig44 contig_1
		Alignment: 2892 3062 | 2692297 2692467 | 171 171 | 91.23 | pa_ill_pa_contig44 contig_1
		Alignment: 3374 3442 | 2692781 2692849 | 69 69 | 94.2 | pa_ill_pa_contig44 contig_1
		Alignment: 3453 3662 | 2692859 2693068 | 210 210 | 93.81 | pa_ill_pa_contig44 contig_1
		Alignment: 4118 4231 | 2693524 2693637 | 114 114 | 93.86 | pa_ill_pa_contig44 contig_1
		Alignment: 4268 4718 | 2693677 2694127 | 451 451 | 92.68 | pa_ill_pa_contig44 contig_1
		Alignment: 4882 5195 | 2694291 2694604 | 314 314 | 96.18 | pa_ill_pa_contig44 contig_1
		Alignment: 529 593 | 3337770 3337834 | 65 65 | 98.46 | pa_ill_pa_contig44 contig_1
		Alignment: 997 1158 | 3338244 3338405 | 162 162 | 90.12 | pa_ill_pa_contig44 contig_1
		Alignment: 1256 1345 | 3338501 3338590 | 90 90 | 94.44 | pa_ill_pa_contig44 contig_1
		Alignment: 1376 1760 | 3338619 3339003 | 385 385 | 92.73 | pa_ill_pa_contig44 contig_1
		Alignment: 1813 1967 | 3339056 3339210 | 155 155 | 92.26 | pa_ill_pa_contig44 contig_1
		Alignment: 1975 2060 | 3339218 3339303 | 86 86 | 91.86 | pa_ill_pa_contig44 contig_1
		Alignment: 2687 2800 | 3339905 3340018 | 114 114 | 91.23 | pa_ill_pa_contig44 contig_1
		Alignment: 2892 3062 | 3340119 3340289 | 171 171 | 91.23 | pa_ill_pa_contig44 contig_1
		Alignment: 3374 3442 | 3340603 3340671 | 69 69 | 94.2 | pa_ill_pa_contig44 contig_1
		Alignment: 3453 3662 | 3340681 3340890 | 210 210 | 93.81 | pa_ill_pa_contig44 contig_1
		Alignment: 4118 4231 | 3341345 3341458 | 114 114 | 93.86 | pa_ill_pa_contig44 contig_1
		Alignment: 4268 4385 | 3341498 3341615 | 118 118 | 94.92 | pa_ill_pa_contig44 contig_1
		Alignment: 4391 4831 | 3341623 3342063 | 441 441 | 90.25 | pa_ill_pa_contig44 contig_1
		Alignment: 4882 5195 | 3342114 3342427 | 314 314 | 96.18 | pa_ill_pa_contig44 contig_1
		Unaligned bases: 4749803

CONTIG: contig_2 (4758050bp)
Best alignment score: 418.0 (LEN: 451, IDY: 92.68), Total number of alignments: 102
			Too much alignments (102), will use speed up heuristics
			Found 0 solid alignments:
			Skipping alignments located inside solid regions since they are redundant:
		Nothing was skipped
			Looking for the best set of alignments (out of 102 total alignments)
		Ambiguity for this contig is not checked for speed up (too much alignments and --ambiguity-usage is "one")
			Skipping redundant alignments after choosing the best set of alignments
		Skipping redundant alignment 161 238 | 22034 21957 | 78 78 | 100.0 | pa_ill_pa_contig9 contig_2
		Skipping redundant alignment 321 399 | 22034 21956 | 79 79 | 100.0 | pa_ill_pa_contig9 contig_2
		Skipping redundant alignment 48504 48593 | 3797331 3797420 | 90 90 | 91.11 | pa_ill_pa_contig27 contig_2
		Skipping redundant alignment 65009 65098 | 3797331 3797420 | 90 90 | 91.11 | pa_ill_pa_contig27 contig_2
		Skipping redundant alignment 163 238 | 2345688 2345763 | 76 76 | 100.0 | pa_ill_pa_contig9 contig_2
		Skipping redundant alignment 3 78 | 2345688 2345763 | 76 76 | 100.0 | pa_ill_pa_contig9 contig_2
		Skipping redundant alignment 28782 28858 | 2345764 2345688 | 77 77 | 100.0 | pa_ill_pa_contig8 contig_2
		Skipping redundant alignment 323 399 | 2345688 2345764 | 77 77 | 100.0 | pa_ill_pa_contig9 contig_2
		Skipping redundant alignment 93682 93815 | 2727422 2727289 | 134 134 | 93.28 | pa_ill_pa_contig13 contig_2
		Skipping redundant alignment 84045 84123 | 2737806 2737728 | 79 79 | 96.2 | pa_ill_pa_contig13 contig_2
			The best set is below. Score: 12405.9, number of alignments: 92, unaligned bases: 4742465
		This contig is misassembled.
		This contig is partially unaligned. (Aligned 15585 out of 4758050 non-N bases (0.33%))
			Warning! This contig is more unaligned than misassembled. Contig length is 4758050 (number of Ns: 0) and total length of all aligns is 15585
		Alignment: 529 593 | 569710 569774 | 65 65 | 98.46 | pa_ill_pa_contig44 contig_2
		Alignment: 995 1106 | 570182 570293 | 112 112 | 91.07 | pa_ill_pa_contig44 contig_2
		Alignment: 1375 1536 | 570561 570722 | 162 162 | 93.21 | pa_ill_pa_contig44 contig_2
		Alignment: 1542 1650 | 570728 570836 | 109 109 | 90.83 | pa_ill_pa_contig44 contig_2
		Alignment: 1660 1760 | 570846 570946 | 101 101 | 94.06 | pa_ill_pa_contig44 contig_2
		Alignment: 1813 1967 | 570999 571153 | 155 155 | 92.26 | pa_ill_pa_contig44 contig_2
		Alignment: 1975 2060 | 571161 571246 | 86 86 | 91.86 | pa_ill_pa_contig44 contig_2
		Alignment: 3374 3442 | 572713 572781 | 69 69 | 92.75 | pa_ill_pa_contig44 contig_2
		Alignment: 3453 3662 | 572791 573000 | 210 210 | 93.81 | pa_ill_pa_contig44 contig_2
		Alignment: 4118 4233 | 573458 573573 | 116 116 | 93.1 | pa_ill_pa_contig44 contig_2
		Alignment: 4268 4718 | 573611 574061 | 451 451 | 92.68 | pa_ill_pa_contig44 contig_2
		Alignment: 4882 5152 | 574225 574495 | 271 271 | 96.68 | pa_ill_pa_contig44 contig_2
		Alignment: 163517 163628 | 2158840 2158729 | 112 112 | 91.07 | pa_ill_pa_contig4 contig_2
		Alignment: 159406 159543 | 2162894 2162757 | 138 138 | 92.03 | pa_ill_pa_contig4 contig_2
		Alignment: 4882 5195 | 3099735 3099422 | 314 314 | 96.18 | pa_ill_pa_contig44 contig_2
		Alignment: 4268 4718 | 3100349 3099899 | 451 451 | 92.68 | pa_ill_pa_contig44 contig_2
		Alignment: 4118 4233 | 3100502 3100387 | 116 116 | 93.1 | pa_ill_pa_contig44 contig_2
		Alignment: 3453 3662 | 3101169 3100960 | 210 210 | 93.81 | pa_ill_pa_contig44 contig_2
		Alignment: 3374 3442 | 3101247 3101179 | 69 69 | 92.75 | pa_ill_pa_contig44 contig_2
		Alignment: 2892 3062 | 3101733 3101563 | 171 171 | 91.23 | pa_ill_pa_contig44 contig_2
		Alignment: 2687 2798 | 3101947 3101836 | 112 112 | 91.07 | pa_ill_pa_contig44 contig_2
		Alignment: 1975 2060 | 3102540 3102455 | 86 86 | 91.86 | pa_ill_pa_contig44 contig_2
		Alignment: 1813 1967 | 3102702 3102548 | 155 155 | 92.26 | pa_ill_pa_contig44 contig_2
		Alignment: 1660 1760 | 3102855 3102755 | 101 101 | 94.06 | pa_ill_pa_contig44 contig_2
		Alignment: 1375 1650 | 3103140 3102865 | 276 276 | 93.48 | pa_ill_pa_contig44 contig_2
		Alignment: 995 1106 | 3103520 3103409 | 112 112 | 91.07 | pa_ill_pa_contig44 contig_2
		Alignment: 529 593 | 3103992 3103928 | 65 65 | 98.46 | pa_ill_pa_contig44 contig_2
		Alignment: 4882 5195 | 3765911 3765598 | 314 314 | 96.18 | pa_ill_pa_contig44 contig_2
		Alignment: 4268 4718 | 3766525 3766075 | 451 451 | 92.68 | pa_ill_pa_contig44 contig_2
		Alignment: 4118 4233 | 3766678 3766563 | 116 116 | 93.1 | pa_ill_pa_contig44 contig_2
		Alignment: 3453 3662 | 3767345 3767136 | 210 210 | 93.81 | pa_ill_pa_contig44 contig_2
		Alignment: 3374 3442 | 3767423 3767355 | 69 69 | 92.75 | pa_ill_pa_contig44 contig_2
		Alignment: 2892 3062 | 3767909 3767739 | 171 171 | 91.23 | pa_ill_pa_contig44 contig_2
		Alignment: 2687 2798 | 3768123 3768012 | 112 112 | 91.07 | pa_ill_pa_contig44 contig_2
		Alignment: 1975 2060 | 3768716 3768631 | 86 86 | 91.86 | pa_ill_pa_contig44 contig_2
		Alignment: 1813 1967 | 3768878 3768724 | 155 155 | 92.26 | pa_ill_pa_contig44 contig_2
		Alignment: 1660 1760 | 3769031 3768931 | 101 101 | 94.06 | pa_ill_pa_contig44 contig_2
		Alignment: 1375 1650 | 3769316 3769041 | 276 276 | 93.48 | pa_ill_pa_contig44 contig_2
		Alignment: 995 1106 | 3769696 3769585 | 112 112 | 91.07 | pa_ill_pa_contig44 contig_2
		Alignment: 529 593 | 3770168 3770104 | 65 65 | 98.46 | pa_ill_pa_contig44 contig_2
		Alignment: 529 593 | 4285085 4285149 | 65 65 | 98.46 | pa_ill_pa_contig44 contig_2
		Alignment: 995 1106 | 4285557 4285668 | 112 112 | 91.07 | pa_ill_pa_contig44 contig_2
		Alignment: 1375 1650 | 4285936 4286211 | 276 276 | 93.12 | pa_ill_pa_contig44 contig_2
		Alignment: 1660 1760 | 4286221 4286321 | 101 101 | 94.06 | pa_ill_pa_contig44 contig_2
		Alignment: 1813 1967 | 4286374 4286528 | 155 155 | 92.26 | pa_ill_pa_contig44 contig_2
		Alignment: 1975 2060 | 4286536 4286621 | 86 86 | 91.86 | pa_ill_pa_contig44 contig_2
		Alignment: 2687 2798 | 4287288 4287399 | 112 112 | 91.07 | pa_ill_pa_contig44 contig_2
		Alignment: 2892 3062 | 4287502 4287672 | 171 171 | 91.23 | pa_ill_pa_contig44 contig_2
		Alignment: 3374 3442 | 4287988 4288056 | 69 69 | 92.75 | pa_ill_pa_contig44 contig_2
		Alignment: 3453 3662 | 4288066 4288275 | 210 210 | 93.81 | pa_ill_pa_contig44 contig_2
		Alignment: 4118 4233 | 4288733 4288848 | 116 116 | 93.1 | pa_ill_pa_contig44 contig_2
		Alignment: 4268 4718 | 4288886 4289336 | 451 451 | 92.68 | pa_ill_pa_contig44 contig_2
		Alignment: 4882 5195 | 4289500 4289813 | 314 314 | 96.18 | pa_ill_pa_contig44 contig_2
		Alignment: 529 593 | 4380166 4380230 | 65 65 | 98.46 | pa_ill_pa_contig44 contig_2
		Alignment: 995 1106 | 4380638 4380749 | 112 112 | 91.07 | pa_ill_pa_contig44 contig_2
		Alignment: 1375 1650 | 4381017 4381292 | 276 276 | 93.48 | pa_ill_pa_contig44 contig_2
		Alignment: 1660 1760 | 4381302 4381402 | 101 101 | 94.06 | pa_ill_pa_contig44 contig_2
		Alignment: 1813 1967 | 4381455 4381609 | 155 155 | 92.26 | pa_ill_pa_contig44 contig_2
		Alignment: 1975 2060 | 4381617 4381702 | 86 86 | 91.86 | pa_ill_pa_contig44 contig_2
		Alignment: 2687 2798 | 4382210 4382321 | 112 112 | 91.07 | pa_ill_pa_contig44 contig_2
		Alignment: 2892 3062 | 4382424 4382594 | 171 171 | 91.23 | pa_ill_pa_contig44 contig_2
		Alignment: 3374 3442 | 4382910 4382978 | 69 69 | 92.75 | pa_ill_pa_contig44 contig_2
		Alignment: 3453 3662 | 4382988 4383197 | 210 210 | 93.81 | pa_ill_pa_contig44 contig_2
		Alignment: 4118 4233 | 4383655 4383770 | 116 116 | 93.1 | pa_ill_pa_contig44 contig_2
		Alignment: 4268 4718 | 4383808 4384258 | 451 451 | 92.68 | pa_ill_pa_contig44 contig_2
		Alignment: 4882 5195 | 4384422 4384735 | 314 314 | 96.18 | pa_ill_pa_contig44 contig_2
		Alignment: 529 593 | 4535386 4535450 | 65 65 | 98.46 | pa_ill_pa_contig44 contig_2
		Alignment: 995 1106 | 4535858 4535969 | 112 112 | 91.07 | pa_ill_pa_contig44 contig_2
		Alignment: 1375 1650 | 4536237 4536512 | 276 276 | 93.48 | pa_ill_pa_contig44 contig_2
		Alignment: 1660 1760 | 4536522 4536622 | 101 101 | 94.06 | pa_ill_pa_contig44 contig_2
		Alignment: 1813 1967 | 4536675 4536829 | 155 155 | 92.26 | pa_ill_pa_contig44 contig_2
		Alignment: 1975 2060 | 4536837 4536922 | 86 86 | 91.86 | pa_ill_pa_contig44 contig_2
		Alignment: 2687 2798 | 4537589 4537700 | 112 112 | 91.07 | pa_ill_pa_contig44 contig_2
		Alignment: 2892 3062 | 4537803 4537973 | 171 171 | 91.23 | pa_ill_pa_contig44 contig_2
		Alignment: 3374 3442 | 4538289 4538357 | 69 69 | 92.75 | pa_ill_pa_contig44 contig_2
		Alignment: 3453 3662 | 4538367 4538576 | 210 210 | 93.33 | pa_ill_pa_contig44 contig_2
		Alignment: 4118 4233 | 4539034 4539149 | 116 116 | 93.1 | pa_ill_pa_contig44 contig_2
		Alignment: 4268 4718 | 4539187 4539637 | 451 451 | 92.68 | pa_ill_pa_contig44 contig_2
		Alignment: 4882 5195 | 4539801 4540114 | 314 314 | 96.18 | pa_ill_pa_contig44 contig_2
		Alignment: 529 593 | 4578296 4578360 | 65 65 | 98.46 | pa_ill_pa_contig44 contig_2
		Alignment: 995 1106 | 4578768 4578879 | 112 112 | 91.07 | pa_ill_pa_contig44 contig_2
		Alignment: 1375 1650 | 4579148 4579423 | 276 276 | 93.48 | pa_ill_pa_contig44 contig_2
		Alignment: 1660 1760 | 4579433 4579533 | 101 101 | 94.06 | pa_ill_pa_contig44 contig_2
		Alignment: 1813 1967 | 4579586 4579740 | 155 155 | 92.26 | pa_ill_pa_contig44 contig_2
		Alignment: 1975 2060 | 4579748 4579833 | 86 86 | 91.86 | pa_ill_pa_contig44 contig_2
		Alignment: 2687 2798 | 4580341 4580452 | 112 112 | 91.07 | pa_ill_pa_contig44 contig_2
		Alignment: 2892 3062 | 4580555 4580725 | 171 171 | 91.23 | pa_ill_pa_contig44 contig_2
		Alignment: 3374 3442 | 4581041 4581109 | 69 69 | 92.75 | pa_ill_pa_contig44 contig_2
		Alignment: 3453 3662 | 4581119 4581328 | 210 210 | 93.33 | pa_ill_pa_contig44 contig_2
		Alignment: 4118 4233 | 4581786 4581901 | 116 116 | 93.1 | pa_ill_pa_contig44 contig_2
		Alignment: 4268 4718 | 4581939 4582389 | 451 451 | 92.68 | pa_ill_pa_contig44 contig_2
		Alignment: 4882 5195 | 4582553 4582866 | 314 314 | 96.18 | pa_ill_pa_contig44 contig_2
		Unaligned bases: 4742465

CONTIG: contig_18 (4045319bp)
Best alignment score: 125.0 (LEN: 138, IDY: 90.58), Total number of alignments: 30
			Looking for the best set of alignments (out of 30 total alignments)
			Skipping redundant alignments after choosing the best set of alignments
		Skipping redundant alignment 1201 1338 | 2325113 2325250 | 138 138 | 90.58 | pa_ill_pa_contig44 contig_18
		Skipping redundant alignment 1397 1515 | 2325310 2325428 | 119 119 | 94.12 | pa_ill_pa_contig44 contig_18
		Skipping redundant alignment 4406 4535 | 2328059 2328188 | 130 130 | 90.77 | pa_ill_pa_contig44 contig_18
			The best set is below. Score: 867.8, number of alignments: 27, unaligned bases: 4041836
		This contig is misassembled.
		This contig is partially unaligned. (Aligned 3483 out of 4045319 non-N bases (0.09%))
			Warning! This contig is more unaligned than misassembled. Contig length is 4045319 (number of Ns: 0) and total length of all aligns is 3483
		Alignment: 4406 4535 | 340309 340180 | 130 130 | 90.77 | pa_ill_pa_contig44 contig_18
		Alignment: 1397 1515 | 343058 342940 | 119 119 | 94.12 | pa_ill_pa_contig44 contig_18
		Alignment: 1201 1338 | 343255 343118 | 138 138 | 90.58 | pa_ill_pa_contig44 contig_18
		Alignment: 4406 4535 | 633055 632926 | 130 130 | 90.77 | pa_ill_pa_contig44 contig_18
		Alignment: 1397 1515 | 635804 635686 | 119 119 | 94.12 | pa_ill_pa_contig44 contig_18
		Alignment: 1201 1338 | 636001 635864 | 138 138 | 90.58 | pa_ill_pa_contig44 contig_18
		Alignment: 4406 4535 | 1086486 1086357 | 130 130 | 90.77 | pa_ill_pa_contig44 contig_18
		Alignment: 1397 1515 | 1089235 1089117 | 119 119 | 94.12 | pa_ill_pa_contig44 contig_18
		Alignment: 1201 1338 | 1089432 1089295 | 138 138 | 90.58 | pa_ill_pa_contig44 contig_18
		Alignment: 4406 4535 | 1091487 1091358 | 130 130 | 90.77 | pa_ill_pa_contig44 contig_18
		Alignment: 1397 1515 | 1094237 1094119 | 119 119 | 94.12 | pa_ill_pa_contig44 contig_18
		Alignment: 1201 1338 | 1094434 1094297 | 138 138 | 90.58 | pa_ill_pa_contig44 contig_18
		Alignment: 4406 4535 | 1097101 1096972 | 130 130 | 90.77 | pa_ill_pa_contig44 contig_18
		Alignment: 1397 1515 | 1099850 1099732 | 119 119 | 94.12 | pa_ill_pa_contig44 contig_18
		Alignment: 1201 1338 | 1100047 1099910 | 138 138 | 90.58 | pa_ill_pa_contig44 contig_18
		Alignment: 4406 4535 | 1161642 1161513 | 130 130 | 90.77 | pa_ill_pa_contig44 contig_18
		Alignment: 1397 1515 | 1164391 1164273 | 119 119 | 94.12 | pa_ill_pa_contig44 contig_18
		Alignment: 1201 1338 | 1164588 1164451 | 138 138 | 90.58 | pa_ill_pa_contig44 contig_18
		Alignment: 4406 4535 | 1167565 1167436 | 130 130 | 90.77 | pa_ill_pa_contig44 contig_18
		Alignment: 1397 1515 | 1170314 1170196 | 119 119 | 94.12 | pa_ill_pa_contig44 contig_18
		Alignment: 1201 1338 | 1170511 1170374 | 138 138 | 90.58 | pa_ill_pa_contig44 contig_18
		Alignment: 4406 4535 | 1227724 1227595 | 130 130 | 90.77 | pa_ill_pa_contig44 contig_18
		Alignment: 1397 1515 | 1230650 1230532 | 119 119 | 94.12 | pa_ill_pa_contig44 contig_18
		Alignment: 1201 1338 | 1230847 1230710 | 138 138 | 90.58 | pa_ill_pa_contig44 contig_18
		Alignment: 4406 4535 | 1248335 1248206 | 130 130 | 90.77 | pa_ill_pa_contig44 contig_18
		Alignment: 1397 1515 | 1251261 1251143 | 119 119 | 94.12 | pa_ill_pa_contig44 contig_18
		Alignment: 1201 1338 | 1251458 1251321 | 138 138 | 90.58 | pa_ill_pa_contig44 contig_18
		Unaligned bases: 4041836

CONTIG: contig_31 (2991999bp)
Best alignment score: 127.0 (LEN: 138, IDY: 92.03), Total number of alignments: 19
			Looking for the best set of alignments (out of 19 total alignments)
			Skipping redundant alignments after choosing the best set of alignments
		Skipping redundant alignment 1201 1338 | 1676895 1677032 | 138 138 | 92.03 | pa_ill_pa_contig44 contig_31
		Skipping redundant alignment 1397 1517 | 1677092 1677212 | 121 121 | 95.04 | pa_ill_pa_contig44 contig_31
		Skipping redundant alignment 4406 4488 | 1679921 1680003 | 83 83 | 97.59 | pa_ill_pa_contig44 contig_31
		Skipping redundant alignment 1201 1338 | 1781569 1781706 | 138 138 | 92.03 | pa_ill_pa_contig44 contig_31
		Skipping redundant alignment 1397 1517 | 1781766 1781886 | 121 121 | 95.04 | pa_ill_pa_contig44 contig_31
		Skipping redundant alignment 4406 4488 | 1784596 1784678 | 83 83 | 97.59 | pa_ill_pa_contig44 contig_31
			The best set is below. Score: 468.0, number of alignments: 13, unaligned bases: 2990508
		This contig is misassembled.
		This contig is partially unaligned. (Aligned 1491 out of 2991999 non-N bases (0.05%))
			Warning! This contig is more unaligned than misassembled. Contig length is 2991999 (number of Ns: 0) and total length of all aligns is 1491
		Alignment: 4406 4488 | 286960 286878 | 83 83 | 97.59 | pa_ill_pa_contig44 contig_31
		Alignment: 1397 1517 | 289789 289669 | 121 121 | 95.04 | pa_ill_pa_contig44 contig_31
		Alignment: 1201 1338 | 289986 289849 | 138 138 | 92.03 | pa_ill_pa_contig44 contig_31
		Alignment: 4406 4488 | 292979 292897 | 83 83 | 97.59 | pa_ill_pa_contig44 contig_31
		Alignment: 1397 1517 | 295808 295688 | 121 121 | 95.04 | pa_ill_pa_contig44 contig_31
		Alignment: 1201 1338 | 296005 295868 | 138 138 | 92.03 | pa_ill_pa_contig44 contig_31
		Alignment: 4406 4488 | 530522 530440 | 83 83 | 97.59 | pa_ill_pa_contig44 contig_31
		Alignment: 1397 1517 | 533602 533482 | 121 121 | 95.04 | pa_ill_pa_contig44 contig_31
		Alignment: 1201 1338 | 533799 533662 | 138 138 | 92.03 | pa_ill_pa_contig44 contig_31
		Alignment: 1201 1338 | 1078398 1078535 | 138 138 | 92.03 | pa_ill_pa_contig44 contig_31
		Alignment: 1397 1517 | 1078595 1078715 | 121 121 | 95.04 | pa_ill_pa_contig44 contig_31
		Alignment: 1686 1808 | 1078882 1079004 | 123 123 | 91.06 | pa_ill_pa_contig44 contig_31
		Alignment: 4406 4488 | 1081675 1081757 | 83 83 | 97.59 | pa_ill_pa_contig44 contig_31
		Unaligned bases: 2990508

CONTIG: contig_40 (1928318bp)
Best alignment score: 271.0 (LEN: 301, IDY: 90.03), Total number of alignments: 8
			Looking for the best set of alignments (out of 8 total alignments)
			Skipping redundant alignments after choosing the best set of alignments
		Skipping redundant alignment 1397 1521 | 68652 68528 | 125 125 | 92.8 | pa_ill_pa_contig44 contig_40
		Skipping redundant alignment 4406 4533 | 142567 142440 | 128 128 | 91.41 | pa_ill_pa_contig44 contig_40
		Skipping redundant alignment 1397 1521 | 145336 145212 | 125 125 | 92.8 | pa_ill_pa_contig44 contig_40
		Skipping redundant alignment 1397 1521 | 841422 841546 | 125 125 | 92.8 | pa_ill_pa_contig44 contig_40
		Skipping redundant alignment 1397 1521 | 1654936 1654812 | 125 125 | 92.8 | pa_ill_pa_contig44 contig_40
			The best set is below. Score: 431.0, number of alignments: 3, unaligned bases: 1927797
		This contig is misassembled.
		This contig is partially unaligned. (Aligned 521 out of 1928318 non-N bases (0.03%))
			Warning! This contig is more unaligned than misassembled. Contig length is 1928318 (number of Ns: 0) and total length of all aligns is 521
		Alignment: 4834 5134 | 177544 177244 | 301 301 | 90.03 | pa_ill_pa_contig44 contig_40
		Alignment: 4406 4500 | 177867 177773 | 95 95 | 96.84 | pa_ill_pa_contig44 contig_40
		Alignment: 1397 1521 | 180638 180514 | 125 125 | 92.8 | pa_ill_pa_contig44 contig_40
		Unaligned bases: 1927797

CONTIG: contig_50 (2720317bp)
Best alignment score: 211.0 (LEN: 233, IDY: 90.56), Total number of alignments: 18
			Looking for the best set of alignments (out of 18 total alignments)
			The best set is below. Score: 966.5, number of alignments: 18, unaligned bases: 2717689
		This contig is misassembled.
		This contig is partially unaligned. (Aligned 2628 out of 2720317 non-N bases (0.10%))
			Warning! This contig is more unaligned than misassembled. Contig length is 2720317 (number of Ns: 0) and total length of all aligns is 2628
		Alignment: 4903 5134 | 405851 405619 | 232 233 | 90.56 | pa_ill_pa_contig44 contig_50
		Alignment: 4403 4500 | 406351 406254 | 98 98 | 96.94 | pa_ill_pa_contig44 contig_50
		Alignment: 1397 1503 | 409401 409295 | 107 107 | 96.26 | pa_ill_pa_contig44 contig_50
		Alignment: 4903 5134 | 541897 541665 | 232 233 | 90.56 | pa_ill_pa_contig44 contig_50
		Alignment: 4403 4500 | 542397 542300 | 98 98 | 96.94 | pa_ill_pa_contig44 contig_50
		Alignment: 1397 1503 | 545448 545342 | 107 107 | 96.26 | pa_ill_pa_contig44 contig_50
		Alignment: 4903 5134 | 655377 655145 | 232 233 | 90.56 | pa_ill_pa_contig44 contig_50
		Alignment: 4403 4500 | 655877 655780 | 98 98 | 96.94 | pa_ill_pa_contig44 contig_50
		Alignment: 1397 1503 | 658883 658777 | 107 107 | 96.26 | pa_ill_pa_contig44 contig_50
		Alignment: 1397 1503 | 1716171 1716277 | 107 107 | 96.26 | pa_ill_pa_contig44 contig_50
		Alignment: 4403 4500 | 1719187 1719284 | 98 98 | 96.94 | pa_ill_pa_contig44 contig_50
		Alignment: 4903 5134 | 1719687 1719919 | 232 233 | 90.56 | pa_ill_pa_contig44 contig_50
		Alignment: 1397 1503 | 1760801 1760907 | 107 107 | 96.26 | pa_ill_pa_contig44 contig_50
		Alignment: 4403 4500 | 1763765 1763862 | 98 98 | 96.94 | pa_ill_pa_contig44 contig_50
		Alignment: 4903 5134 | 1764265 1764497 | 232 233 | 90.56 | pa_ill_pa_contig44 contig_50
		Alignment: 1397 1503 | 1766061 1766167 | 107 107 | 96.26 | pa_ill_pa_contig44 contig_50
		Alignment: 4403 4500 | 1768988 1769085 | 98 98 | 96.94 | pa_ill_pa_contig44 contig_50
		Alignment: 4903 5134 | 1769488 1769720 | 232 233 | 90.56 | pa_ill_pa_contig44 contig_50
		Unaligned bases: 2717689

CONTIG: contig_58 (2845307bp)
Best alignment score: 129.0 (LEN: 142, IDY: 90.85), Total number of alignments: 12
			Looking for the best set of alignments (out of 12 total alignments)
			Skipping redundant alignments after choosing the best set of alignments
		Skipping redundant alignment 1200 1338 | 604981 605119 | 139 139 | 91.37 | pa_ill_pa_contig44 contig_58
		Skipping redundant alignment 1397 1538 | 605179 605320 | 142 142 | 90.85 | pa_ill_pa_contig44 contig_58
		Skipping redundant alignment 4406 4500 | 608071 608165 | 95 95 | 96.84 | pa_ill_pa_contig44 contig_58
		Skipping redundant alignment 1200 1338 | 2831074 2831212 | 139 139 | 91.37 | pa_ill_pa_contig44 contig_58
		Skipping redundant alignment 1397 1538 | 2831272 2831413 | 142 142 | 90.85 | pa_ill_pa_contig44 contig_58
		Skipping redundant alignment 4406 4500 | 2834164 2834258 | 95 95 | 96.84 | pa_ill_pa_contig44 contig_58
			The best set is below. Score: 350.5, number of alignments: 6, unaligned bases: 2844555
		This contig is misassembled.
		This contig is partially unaligned. (Aligned 752 out of 2845307 non-N bases (0.03%))
			Warning! This contig is more unaligned than misassembled. Contig length is 2845307 (number of Ns: 0) and total length of all aligns is 752
		Alignment: 4406 4500 | 2113523 2113429 | 95 95 | 96.84 | pa_ill_pa_contig44 contig_58
		Alignment: 1397 1538 | 2116313 2116172 | 142 142 | 90.85 | pa_ill_pa_contig44 contig_58
		Alignment: 1200 1338 | 2116511 2116373 | 139 139 | 91.37 | pa_ill_pa_contig44 contig_58
		Alignment: 1200 1338 | 2387978 2388116 | 139 139 | 91.37 | pa_ill_pa_contig44 contig_58
		Alignment: 1397 1538 | 2388176 2388317 | 142 142 | 90.85 | pa_ill_pa_contig44 contig_58
		Alignment: 4406 4500 | 2390966 2391060 | 95 95 | 96.84 | pa_ill_pa_contig44 contig_58
		Unaligned bases: 2844555

Analyzing coverage...
Writing SNPs into /media3/lucia/zymo_mock_community/asms_cuantizados/v2_31-1-21_8bins/metaquast-8bins/runs_per_reference/pa_ill/contigs_reports/minimap_output/r10_8bins_1_racon_r2.used_snps.gz

Analysis is finished!
Founded SNPs were written into /media3/lucia/zymo_mock_community/asms_cuantizados/v2_31-1-21_8bins/metaquast-8bins/runs_per_reference/pa_ill/contigs_reports/minimap_output/r10_8bins_1_racon_r2.used_snps.gz

Results:
	Local Misassemblies: 11
	Misassemblies: 6
		Relocations: 0
		Translocations: 6
		Inversions: 0
	Scaffold gap extensive misassemblies: 0
	Scaffold gap local misassemblies: 0
	Misassemblies caused by fragmented reference: 21
	Misassembled Contigs: 1
	Misassembled Contig Bases: 6791695
	Misassemblies Inter-Contig Overlap: 0
Unaligned Contigs: 0 + 8 part
Half Unaligned Contigs with Misassemblies: 7
Unaligned Contig Bases: 24026051

Ambiguously Mapped Contigs: 1
Total Bases in Ambiguously Mapped Contigs: 4764726
Extra Bases in Ambiguously Mapped Contigs: 0
Note that --allow-ambiguity option was set to "one" and only first alignment per each of these contigs was used.

	Covered Bases: 6720838

	SNPs: 4009
	Insertions: 294
	Deletions: 5626

