Aligning contigs to reference...
	Aligning contigs to the reference
Filtering alignments...
Parsing coords...
Loading reference...
	Loaded [pa_ill_pa_contig77]
	Loaded [pa_ill_pa_contig76]
	Loaded [pa_ill_pa_contig75]
	Loaded [pa_ill_pa_contig74]
	Loaded [pa_ill_pa_contig73]
	Loaded [pa_ill_pa_contig72]
	Loaded [pa_ill_pa_contig71]
	Loaded [pa_ill_pa_contig70]
	Loaded [pa_ill_pa_contig23]
	Loaded [pa_ill_pa_contig21]
	Loaded [pa_ill_pa_contig28]
	Loaded [pa_ill_pa_contig79]
	Loaded [pa_ill_pa_contig78]
	Loaded [pa_ill_pa_contig32]
	Loaded [pa_ill_pa_contig8]
	Loaded [pa_ill_pa_contig41]
	Loaded [pa_ill_pa_contig47]
	Loaded [pa_ill_pa_contig4]
	Loaded [pa_ill_pa_contig13]
	Loaded [pa_ill_pa_contig11]
	Loaded [pa_ill_pa_contig10]
	Loaded [pa_ill_pa_contig39]
	Loaded [pa_ill_pa_contig12]
	Loaded [pa_ill_pa_contig59]
	Loaded [pa_ill_pa_contig14]
	Loaded [pa_ill_pa_contig17]
	Loaded [pa_ill_pa_contig16]
	Loaded [pa_ill_pa_contig55]
	Loaded [pa_ill_pa_contig54]
	Loaded [pa_ill_pa_contig31]
	Loaded [pa_ill_pa_contig56]
	Loaded [pa_ill_pa_contig51]
	Loaded [pa_ill_pa_contig50]
	Loaded [pa_ill_pa_contig35]
	Loaded [pa_ill_pa_contig34]
	Loaded [pa_ill_pa_contig60]
	Loaded [pa_ill_pa_contig61]
	Loaded [pa_ill_pa_contig62]
	Loaded [pa_ill_pa_contig63]
	Loaded [pa_ill_pa_contig64]
	Loaded [pa_ill_pa_contig65]
	Loaded [pa_ill_pa_contig66]
	Loaded [pa_ill_pa_contig67]
	Loaded [pa_ill_pa_contig68]
	Loaded [pa_ill_pa_contig69]
	Loaded [pa_ill_pa_contig80]
	Loaded [pa_ill_pa_contig81]
	Loaded [pa_ill_pa_contig84]
	Loaded [pa_ill_pa_contig19]
	Loaded [pa_ill_pa_contig83]
	Loaded [pa_ill_pa_contig2]
	Loaded [pa_ill_pa_contig18]
	Loaded [pa_ill_pa_contig5]
	Loaded [pa_ill_pa_contig57]
	Loaded [pa_ill_pa_contig58]
	Loaded [pa_ill_pa_contig15]
	Loaded [pa_ill_pa_contig1]
	Loaded [pa_ill_pa_contig45]
	Loaded [pa_ill_pa_contig3]
	Loaded [pa_ill_pa_contig30]
	Loaded [pa_ill_pa_contig33]
	Loaded [pa_ill_pa_contig38]
	Loaded [pa_ill_pa_contig7]
	Loaded [pa_ill_pa_contig6]
	Loaded [pa_ill_pa_contig9]
	Loaded [pa_ill_pa_contig37]
	Loaded [pa_ill_pa_contig36]
	Loaded [pa_ill_pa_contig24]
	Loaded [pa_ill_pa_contig25]
	Loaded [pa_ill_pa_contig26]
	Loaded [pa_ill_pa_contig27]
	Loaded [pa_ill_pa_contig20]
	Loaded [pa_ill_pa_contig53]
	Loaded [pa_ill_pa_contig48]
	Loaded [pa_ill_pa_contig49]
	Loaded [pa_ill_pa_contig46]
	Loaded [pa_ill_pa_contig22]
	Loaded [pa_ill_pa_contig44]
	Loaded [pa_ill_pa_contig52]
	Loaded [pa_ill_pa_contig42]
	Loaded [pa_ill_pa_contig43]
	Loaded [pa_ill_pa_contig40]
	Loaded [pa_ill_pa_contig29]
	Total Regions: 83
	Total Region Length: 6728151
Analyzing contigs...
CONTIG: contig_169 (6792413bp)
Best alignment score: 847683.0 (LEN: 847683, IDY: 100.00), Total number of alignments: 156
			Too much alignments (156), will use speed up heuristics
			Found 105 solid alignments:
		Solid alignment 2904 3238 | 1 335 | 335 335 | 100.0 | pa_ill_pa_contig50 contig_169
		Solid alignment 1 799 | 281 1079 | 799 799 | 99.12 | pa_ill_pa_contig75 contig_169
		Solid alignment 1 6148 | 7916 1769 | 6148 6148 | 100.0 | pa_ill_pa_contig43 contig_169
		Solid alignment 1 799 | 7862 8660 | 799 799 | 98.62 | pa_ill_pa_contig75 contig_169
		Solid alignment 1 68331 | 9350 77682 | 68331 68333 | 100.0 | pa_ill_pa_contig28 contig_169
		Solid alignment 1 985 | 77628 78612 | 985 985 | 98.48 | pa_ill_pa_contig69 contig_169
		Solid alignment 1 30768 | 109325 78558 | 30768 30768 | 99.97 | pa_ill_pa_contig38 contig_169
		Solid alignment 1235 3722 | 111758 109271 | 2488 2488 | 99.44 | pa_ill_pa_contig48 contig_169
		Solid alignment 1 1079 | 112992 111914 | 1079 1079 | 99.54 | pa_ill_pa_contig48 contig_169
		Solid alignment 1 6590 | 112938 119527 | 6590 6590 | 99.82 | pa_ill_pa_contig42 contig_169
		Solid alignment 1 3064 | 122536 119473 | 3064 3064 | 99.28 | pa_ill_pa_contig51 contig_169
		Solid alignment 1 26794 | 122482 149276 | 26794 26795 | 100.0 | pa_ill_pa_contig39 contig_169
		Solid alignment 1 258570 | 408339 149770 | 258570 258570 | 100.0 | pa_ill_pa_contig8 contig_169
		Solid alignment 1 944 | 408285 409228 | 944 944 | 99.36 | pa_ill_pa_contig71 contig_169
		Solid alignment 1 1237 | 409174 410410 | 1237 1237 | 95.64 | pa_ill_pa_contig65 contig_169
		Solid alignment 1 191344 | 410903 602228 | 191344 191326 | 99.99 | pa_ill_pa_contig13 contig_169
		Solid alignment 1 1197 | 603370 602174 | 1197 1197 | 99.83 | pa_ill_pa_contig67 contig_169
		Solid alignment 1 86455 | 603355 689809 | 86455 86455 | 100.0 | pa_ill_pa_contig25 contig_169
		Solid alignment 161 249467 | 689755 939065 | 249307 249311 | 100.0 | pa_ill_pa_contig9 contig_169
		Solid alignment 1 2531 | 941960 939430 | 2531 2531 | 99.84 | pa_ill_pa_contig53 contig_169
		Solid alignment 1 929 | 943016 942088 | 929 929 | 99.35 | pa_ill_pa_contig72 contig_169
		Solid alignment 1 121067 | 1068808 947739 | 121067 121070 | 100.0 | pa_ill_pa_contig17 contig_169
		Solid alignment 1 56007 | 1069070 1125076 | 56007 56007 | 100.0 | pa_ill_pa_contig32 contig_169
		Solid alignment 1 1258 | 1126279 1125022 | 1258 1258 | 99.84 | pa_ill_pa_contig64 contig_169
		Solid alignment 247199 542364 | 1421393 1126225 | 295166 295169 | 100.0 | pa_ill_pa_contig2 contig_169
		Solid alignment 1 247386 | 1668479 1421091 | 247386 247389 | 100.0 | pa_ill_pa_contig2 contig_169
		Solid alignment 1 3774 | 1672682 1668909 | 3774 3774 | 100.0 | pa_ill_pa_contig47 contig_169
		Solid alignment 1 929 | 1673196 1674125 | 929 930 | 98.39 | pa_ill_pa_contig72 contig_169
		Solid alignment 1 2549 | 1674253 1676801 | 2549 2549 | 100.0 | pa_ill_pa_contig52 contig_169
		Solid alignment 1 404310 | 2081474 1677160 | 404310 404315 | 100.0 | pa_ill_pa_contig4 contig_169
		Solid alignment 1 1468 | 2081420 2082887 | 1468 1468 | 100.0 | pa_ill_pa_contig62 contig_169
		Solid alignment 1 122468 | 2082833 2205301 | 122468 122469 | 100.0 | pa_ill_pa_contig16 contig_169
		Solid alignment 1 53273 | 2258988 2205716 | 53273 53273 | 100.0 | pa_ill_pa_contig33 contig_169
		Solid alignment 41099 76514 | 2294896 2259482 | 35416 35415 | 99.99 | pa_ill_pa_contig26 contig_169
		Solid alignment 1 41228 | 2335882 2294655 | 41228 41228 | 100.0 | pa_ill_pa_contig26 contig_169
		Solid alignment 1 846 | 2336646 2335807 | 846 840 | 90.05 | pa_ill_pa_contig20 contig_169
		Solid alignment 1 5507 | 2342098 2336592 | 5507 5507 | 99.84 | pa_ill_pa_contig45 contig_169
		Solid alignment 1 68413 | 2342044 2410456 | 68413 68413 | 99.99 | pa_ill_pa_contig27 contig_169
		Solid alignment 1 5713 | 2416115 2410402 | 5713 5714 | 99.96 | pa_ill_pa_contig44 contig_169
		Solid alignment 1 87995 | 2504055 2416061 | 87995 87995 | 100.0 | pa_ill_pa_contig24 contig_169
		Solid alignment 1 1197 | 2504001 2505197 | 1197 1197 | 99.75 | pa_ill_pa_contig67 contig_169
		Solid alignment 1 294591 | 2505143 2799734 | 294591 294592 | 100.0 | pa_ill_pa_contig5 contig_169
		Solid alignment 1 927 | 2799680 2800606 | 927 927 | 99.89 | pa_ill_pa_contig73 contig_169
		Solid alignment 1 35776 | 2800552 2836327 | 35776 35776 | 100.0 | pa_ill_pa_contig37 contig_169
		Solid alignment 1 2207 | 2839403 2837197 | 2207 2207 | 99.82 | pa_ill_pa_contig55 contig_169
		Solid alignment 1 232544 | 2839349 3071917 | 232544 232569 | 99.98 | pa_ill_pa_contig10 contig_169
		Solid alignment 1 1874 | 3071790 3073663 | 1874 1874 | 100.0 | pa_ill_pa_contig57 contig_169
		Solid alignment 232388 237415 | 3073508 3078534 | 5028 5027 | 99.96 | pa_ill_pa_contig10 contig_169
		Solid alignment 1235 3722 | 3080967 3078480 | 2488 2488 | 99.6 | pa_ill_pa_contig48 contig_169
		Solid alignment 1 1079 | 3082201 3081123 | 1079 1079 | 99.81 | pa_ill_pa_contig48 contig_169
		Solid alignment 1 956 | 3082147 3083102 | 956 956 | 100.0 | pa_ill_pa_contig70 contig_169
		Solid alignment 1 3064 | 3086111 3083048 | 3064 3064 | 99.71 | pa_ill_pa_contig51 contig_169
		Solid alignment 92967 210873 | 3203964 3086057 | 117907 117908 | 99.99 | pa_ill_pa_contig11 contig_169
		Solid alignment 1 93281 | 3296822 3203540 | 93281 93283 | 99.99 | pa_ill_pa_contig11 contig_169
		Solid alignment 1 985 | 3296768 3297752 | 985 985 | 99.49 | pa_ill_pa_contig69 contig_169
		Solid alignment 1 48969 | 3297698 3346667 | 48969 48970 | 100.0 | pa_ill_pa_contig34 contig_169
		Solid alignment 1 5713 | 3346613 3352325 | 5713 5713 | 99.93 | pa_ill_pa_contig44 contig_169
		Solid alignment 1 106324 | 3458595 3352271 | 106324 106325 | 100.0 | pa_ill_pa_contig22 contig_169
		Solid alignment 1 90153 | 3549123 3458971 | 90153 90153 | 100.0 | pa_ill_pa_contig23 contig_169
		Solid alignment 1 1197 | 3549069 3550265 | 1197 1197 | 99.83 | pa_ill_pa_contig67 contig_169
		Solid alignment 1 465790 | 3550211 4015864 | 465790 465654 | 99.97 | pa_ill_pa_contig3 contig_169
		Solid alignment 1 2514 | 4015810 4018323 | 2514 2514 | 99.72 | pa_ill_pa_contig54 contig_169
		Solid alignment 1 868 | 4018775 4019642 | 868 868 | 99.54 | pa_ill_pa_contig74 contig_169
		Solid alignment 1 119004 | 4020446 4139450 | 119004 119005 | 100.0 | pa_ill_pa_contig18 contig_169
		Solid alignment 1 5713 | 4139396 4145108 | 5713 5713 | 100.0 | pa_ill_pa_contig44 contig_169
		Solid alignment 1 1405 | 4147351 4145947 | 1405 1405 | 90.74 | pa_ill_pa_contig12 contig_169
		Solid alignment 1 1492 | 4147297 4148788 | 1492 1492 | 100.0 | pa_ill_pa_contig61 contig_169
		Solid alignment 1 21904 | 4148734 4170636 | 21904 21903 | 100.0 | pa_ill_pa_contig41 contig_169
		Solid alignment 1 868 | 4172164 4171291 | 868 874 | 98.4 | pa_ill_pa_contig74 contig_169
		Solid alignment 1 2514 | 4175129 4172616 | 2514 2514 | 99.72 | pa_ill_pa_contig54 contig_169
		Solid alignment 132 56432 | 4231375 4175075 | 56301 56301 | 99.94 | pa_ill_pa_contig31 contig_169
		Solid alignment 1 187635 | 4233445 4421080 | 187635 187636 | 100.0 | pa_ill_pa_contig14 contig_169
		Solid alignment 1 265097 | 4421925 4687020 | 265097 265096 | 100.0 | pa_ill_pa_contig7 contig_169
		Solid alignment 1 1538 | 4687471 4689008 | 1538 1538 | 100.0 | pa_ill_pa_contig60 contig_169
		Solid alignment 1 3511 | 4692891 4689381 | 3511 3511 | 100.0 | pa_ill_pa_contig49 contig_169
		Solid alignment 1 38146 | 4693480 4731625 | 38146 38146 | 100.0 | pa_ill_pa_contig36 contig_169
		Solid alignment 1 5713 | 4731571 4737284 | 5713 5714 | 99.96 | pa_ill_pa_contig44 contig_169
		Solid alignment 1 61716 | 4737230 4798946 | 61716 61717 | 100.0 | pa_ill_pa_contig29 contig_169
		Solid alignment 1 1197 | 4800088 4798892 | 1197 1197 | 99.08 | pa_ill_pa_contig67 contig_169
		Solid alignment 1 847683 | 5647716 4800034 | 847683 847683 | 100.0 | pa_ill_pa_contig1 contig_169
		Solid alignment 1 2207 | 5647662 5649868 | 2207 2207 | 99.5 | pa_ill_pa_contig55 contig_169
		Solid alignment 1 47071 | 5697617 5650547 | 47071 47071 | 100.0 | pa_ill_pa_contig35 contig_169
		Solid alignment 1 266935 | 5698227 5965162 | 266935 266936 | 100.0 | pa_ill_pa_contig6 contig_169
		Solid alignment 1 111253 | 6076373 5965122 | 111253 111252 | 99.98 | pa_ill_pa_contig20 contig_169
		Solid alignment 1 5507 | 6081825 6076319 | 5507 5507 | 99.47 | pa_ill_pa_contig45 contig_169
		Solid alignment 1 118702 | 6081771 6200472 | 118702 118702 | 100.0 | pa_ill_pa_contig19 contig_169
		Solid alignment 1 1237 | 6202201 6200965 | 1237 1237 | 99.68 | pa_ill_pa_contig65 contig_169
		Solid alignment 1 944 | 6203090 6202147 | 944 944 | 98.83 | pa_ill_pa_contig71 contig_169
		Solid alignment 1 23992 | 6203738 6227729 | 23992 23992 | 100.0 | pa_ill_pa_contig40 contig_169
		Solid alignment 1 1468 | 6227675 6229142 | 1468 1468 | 99.93 | pa_ill_pa_contig62 contig_169
		Solid alignment 1 56682 | 6229088 6285769 | 56682 56682 | 100.0 | pa_ill_pa_contig30 contig_169
		Solid alignment 1 927 | 6285715 6286641 | 927 927 | 97.63 | pa_ill_pa_contig73 contig_169
		Solid alignment 1 204999 | 6491469 6286587 | 204999 204883 | 99.94 | pa_ill_pa_contig12 contig_169
		Solid alignment 1 1492 | 6491415 6492906 | 1492 1492 | 99.87 | pa_ill_pa_contig61 contig_169
		Solid alignment 1 106796 | 6492852 6599649 | 106796 106798 | 100.0 | pa_ill_pa_contig21 contig_169
		Solid alignment 1 1258 | 6600852 6599595 | 1258 1258 | 99.52 | pa_ill_pa_contig64 contig_169
		Solid alignment 1 34671 | 6600798 6635507 | 34671 34710 | 99.86 | pa_ill_pa_contig15 contig_169
		Solid alignment 34236 173697 | 6635127 6774665 | 139462 139539 | 99.94 | pa_ill_pa_contig15 contig_169
		Solid alignment 1 1028 | 6776443 6775416 | 1028 1028 | 99.81 | pa_ill_pa_contig68 contig_169
		Solid alignment 1 1028 | 6779626 6778599 | 1028 1028 | 99.51 | pa_ill_pa_contig68 contig_169
		Solid alignment 1 1661 | 6781232 6779572 | 1661 1661 | 100.0 | pa_ill_pa_contig59 contig_169
		Solid alignment 1 1682 | 6781178 6782859 | 1682 1682 | 99.52 | pa_ill_pa_contig58 contig_169
		Solid alignment 1 4971 | 6782805 6787775 | 4971 4971 | 100.0 | pa_ill_pa_contig46 contig_169
		Solid alignment 1 1682 | 6787721 6789402 | 1682 1682 | 99.76 | pa_ill_pa_contig58 contig_169
		Solid alignment 1 3066 | 6789348 6792413 | 3066 3066 | 100.0 | pa_ill_pa_contig50 contig_169
			Skipping alignments located inside solid regions since they are redundant:
		Skipping redundant alignment 1 94 | 603316 603409 | 94 94 | 100.0 | pa_ill_pa_contig23 contig_169
		Skipping redundant alignment 847590 847683 | 603409 603316 | 94 94 | 100.0 | pa_ill_pa_contig1 contig_169
		Skipping redundant alignment 1 97 | 603316 603412 | 97 97 | 98.97 | pa_ill_pa_contig24 contig_169
		Skipping redundant alignment 56166 56348 | 2205851 2206033 | 183 183 | 94.54 | pa_ill_pa_contig20 contig_169
		Skipping redundant alignment 2663 2766 | 5697364 5697467 | 104 104 | 91.35 | pa_ill_pa_contig6 contig_169
		Skipping redundant alignment 39053 39121 | 5965108 5965176 | 69 69 | 100.0 | pa_ill_pa_contig17 contig_169
		Skipping redundant alignment 468678 468746 | 5965108 5965176 | 69 69 | 100.0 | pa_ill_pa_contig2 contig_169
		Skipping redundant alignment 39244 39312 | 5965108 5965176 | 69 69 | 100.0 | pa_ill_pa_contig17 contig_169
			Looking for the best set of alignments (out of 148 total alignments)
		Ambiguity for this contig is not checked for speed up (too much alignments and --ambiguity-usage is "one")
			Skipping redundant alignments after choosing the best set of alignments
		Skipping redundant alignment 1578 1661 | 6776472 6776389 | 84 84 | 90.48 | pa_ill_pa_contig59 contig_169
		Skipping redundant alignment 1136 1458 | 6776914 6776592 | 323 323 | 96.28 | pa_ill_pa_contig59 contig_169
		Skipping redundant alignment 710 1065 | 6777340 6776985 | 356 356 | 92.98 | pa_ill_pa_contig59 contig_169
		Skipping redundant alignment 1 1235 | 944764 943530 | 1235 1235 | 99.92 | pa_ill_pa_contig66 contig_169
		Skipping redundant alignment 1 2072 | 947309 945238 | 2072 2072 | 99.52 | pa_ill_pa_contig56 contig_169
		Skipping redundant alignment 401 476 | 1068757 1068832 | 76 76 | 100.0 | pa_ill_pa_contig9 contig_169
		Skipping redundant alignment 99 178 | 1068875 1068954 | 80 80 | 98.75 | pa_ill_pa_contig32 contig_169
		Skipping redundant alignment 401 477 | 1069048 1069124 | 77 77 | 100.0 | pa_ill_pa_contig9 contig_169
		Skipping redundant alignment 55696 56158 | 2205381 2205843 | 463 463 | 95.25 | pa_ill_pa_contig20 contig_169
		Skipping redundant alignment 2820 3940 | 2206007 2204887 | 1121 1121 | 90.51 | pa_ill_pa_contig6 contig_169
		Skipping redundant alignment 46729 47071 | 2836177 2836519 | 343 343 | 97.67 | pa_ill_pa_contig35 contig_169
		Skipping redundant alignment 1099 1184 | 4231377 4231292 | 86 86 | 91.86 | pa_ill_pa_contig31 contig_169
		Skipping redundant alignment 354 504 | 4231396 4231246 | 151 151 | 90.73 | pa_ill_pa_contig31 contig_169
		Skipping redundant alignment 117 348 | 4231630 4231399 | 232 232 | 90.52 | pa_ill_pa_contig31 contig_169
		Skipping redundant alignment 590 763 | 4231886 4231713 | 174 174 | 93.1 | pa_ill_pa_contig31 contig_169
		Skipping redundant alignment 1105 1184 | 4232097 4232018 | 80 80 | 92.5 | pa_ill_pa_contig31 contig_169
		Skipping redundant alignment 419 580 | 4232297 4232136 | 162 162 | 91.36 | pa_ill_pa_contig31 contig_169
		Skipping redundant alignment 176 337 | 4232297 4232136 | 162 162 | 91.36 | pa_ill_pa_contig31 contig_169
		Skipping redundant alignment 104 348 | 4233092 4232848 | 245 245 | 91.43 | pa_ill_pa_contig31 contig_169
		Skipping redundant alignment 3381 3503 | 4687385 4687263 | 123 123 | 91.87 | pa_ill_pa_contig49 contig_169
		Skipping redundant alignment 264591 265097 | 4688640 4689146 | 507 507 | 93.14 | pa_ill_pa_contig7 contig_169
		Skipping redundant alignment 264617 265097 | 4692549 4693029 | 481 481 | 92.36 | pa_ill_pa_contig7 contig_169
		Skipping redundant alignment 2771 3517 | 5697472 5698218 | 747 747 | 94.78 | pa_ill_pa_contig6 contig_169
			The best set is below. Score: 6777150.8, number of alignments: 125, unaligned bases: 11366
		This contig is misassembled.
		This contig is partially unaligned. (Aligned 6781047 out of 6792413 non-N bases (99.83%))
			Excluding internal overlap of size 55 between Alignment 1 and 2: 2904 3238 | 1 335 | 335 335 --> 2904 3183 | 1 280 | 280 280
			Real Alignment 1: 2904 3183 | 1 280 | 280 280 | 100.0 | pa_ill_pa_contig50 contig_169
			  Indel (> 5bp) between these two alignments: deletion of length 55; 0 mismatches (number of Ns: 0) [fragmentation of reference genome]
			Real Alignment 2: 1 799 | 281 1079 | 799 799 | 99.12 | pa_ill_pa_contig75 contig_169
			  Not a misassembly [fragmentation of reference genome] between these two alignments
			Excluding internal overlap of size 55 between Alignment 3 and 4: 1 799 | 7862 8660 | 799 799 --> 56 799 | 7917 8660 | 744 744
			Real Alignment 3: 1 6148 | 7916 1769 | 6148 6148 | 100.0 | pa_ill_pa_contig43 contig_169
			  Indel (> 5bp) between these two alignments: deletion of length 55; 0 mismatches (number of Ns: 0) [fragmentation of reference genome]
			Real Alignment 4: 56 799 | 7917 8660 | 744 744 | 98.62 | pa_ill_pa_contig75 contig_169
			  Not a misassembly [fragmentation of reference genome] between these two alignments
			Excluding internal overlap of size 55 between Alignment 5 and 6: 1 985 | 77628 78612 | 985 985 --> 56 985 | 77683 78612 | 930 930
			Real Alignment 5: 1 68331 | 9350 77682 | 68331 68333 | 100.0 | pa_ill_pa_contig28 contig_169
			  Indel (> 5bp) between these two alignments: deletion of length 55; 0 mismatches (number of Ns: 0) [fragmentation of reference genome]
			Excluding internal overlap of size 55 between Alignment 6 and 7: 56 985 | 77683 78612 | 930 930 --> 56 930 | 77683 78557 | 875 875
			Real Alignment 6: 56 930 | 77683 78557 | 875 875 | 98.48 | pa_ill_pa_contig69 contig_169
			  Indel (> 5bp) between these two alignments: deletion of length 55; 0 mismatches (number of Ns: 0) [fragmentation of reference genome]
			Excluding internal overlap of size 55 between Alignment 7 and 8: 1235 3722 | 111758 109271 | 2488 2488 --> 1235 3667 | 111758 109326 | 2433 2433
			Real Alignment 7: 1 30768 | 109325 78558 | 30768 30768 | 99.97 | pa_ill_pa_contig38 contig_169
			  Indel (> 5bp) between these two alignments: deletion of length 55; 0 mismatches (number of Ns: 0) [fragmentation of reference genome]
			Real Alignment 8: 1235 3667 | 111758 109326 | 2433 2433 | 99.44 | pa_ill_pa_contig48 contig_169
			  Gap between these two alignments (local misassembly). Inconsistency = 0
			Excluding internal overlap of size 55 between Alignment 9 and 10: 1 1079 | 112992 111914 | 1079 1079 --> 56 1079 | 112937 111914 | 1024 1024
			Real Alignment 9: 56 1079 | 112937 111914 | 1024 1024 | 99.54 | pa_ill_pa_contig48 contig_169
			  Indel (> 5bp) between these two alignments: deletion of length 55; 0 mismatches (number of Ns: 0) [fragmentation of reference genome]
			Excluding internal overlap of size 55 between Alignment 10 and 11: 1 3064 | 122536 119473 | 3064 3064 --> 1 3009 | 122536 119528 | 3009 3009
			Real Alignment 10: 1 6590 | 112938 119527 | 6590 6590 | 99.82 | pa_ill_pa_contig42 contig_169
			  Indel (> 5bp) between these two alignments: deletion of length 55; 0 mismatches (number of Ns: 0) [fragmentation of reference genome]
			Excluding internal overlap of size 55 between Alignment 11 and 12: 1 3009 | 122536 119528 | 3009 3009 --> 56 3009 | 122481 119528 | 2954 2954
			Real Alignment 11: 56 3009 | 122481 119528 | 2954 2954 | 99.28 | pa_ill_pa_contig51 contig_169
			  Indel (> 5bp) between these two alignments: deletion of length 55; 0 mismatches (number of Ns: 0) [fragmentation of reference genome]
			Excluding internal overlap of size 55 between Alignment 12 and 13: 1 603 | 149824 149222 | 603 603 --> 1 548 | 149824 149277 | 548 548
			Real Alignment 12: 1 26794 | 122482 149276 | 26794 26795 | 100.0 | pa_ill_pa_contig39 contig_169
			  Indel (> 5bp) between these two alignments: deletion of length 55; 0 mismatches (number of Ns: 0) [fragmentation of reference genome]
			Excluding internal overlap of size 55 between Alignment 13 and 14: 1 548 | 149824 149277 | 548 548 --> 56 548 | 149769 149277 | 493 493
			Real Alignment 13: 56 548 | 149769 149277 | 493 493 | 100.0 | pa_ill_pa_contig79 contig_169
			  Indel (> 5bp) between these two alignments: deletion of length 55; 0 mismatches (number of Ns: 0) [fragmentation of reference genome]
			Excluding internal overlap of size 55 between Alignment 14 and 15: 1 944 | 408285 409228 | 944 944 --> 56 944 | 408340 409228 | 889 889
			Real Alignment 14: 1 258570 | 408339 149770 | 258570 258570 | 100.0 | pa_ill_pa_contig8 contig_169
			  Indel (> 5bp) between these two alignments: deletion of length 55; 0 mismatches (number of Ns: 0) [fragmentation of reference genome]
			Excluding internal overlap of size 55 between Alignment 15 and 16: 56 944 | 408340 409228 | 889 889 --> 56 889 | 408340 409173 | 834 834
			Real Alignment 15: 56 889 | 408340 409173 | 834 834 | 99.36 | pa_ill_pa_contig71 contig_169
			  Indel (> 5bp) between these two alignments: deletion of length 55; 0 mismatches (number of Ns: 0) [fragmentation of reference genome]
			Excluding internal overlap of size 55 between Alignment 16 and 17: 1 602 | 410957 410356 | 602 602 --> 1 547 | 410957 410411 | 547 547
			Real Alignment 16: 1 1237 | 409174 410410 | 1237 1237 | 95.64 | pa_ill_pa_contig65 contig_169
			  Indel (> 5bp) between these two alignments: deletion of length 55; 0 mismatches (number of Ns: 0) [fragmentation of reference genome]
			Excluding internal overlap of size 55 between Alignment 17 and 18: 1 547 | 410957 410411 | 547 547 --> 56 547 | 410902 410411 | 492 492
			Real Alignment 17: 56 547 | 410902 410411 | 492 492 | 99.17 | pa_ill_pa_contig80 contig_169
			  Indel (> 5bp) between these two alignments: deletion of length 55; 0 mismatches (number of Ns: 0) [fragmentation of reference genome]
			Excluding internal overlap of size 55 between Alignment 18 and 19: 1 1197 | 603370 602174 | 1197 1197 --> 1 1142 | 603370 602229 | 1142 1142
			Real Alignment 18: 1 191344 | 410903 602228 | 191344 191326 | 99.99 | pa_ill_pa_contig13 contig_169
			  Indel (> 5bp) between these two alignments: deletion of length 55; 0 mismatches (number of Ns: 0) [fragmentation of reference genome]
			Excluding internal overlap of size 16 between Alignment 19 and 20: 1 1142 | 603370 602229 | 1142 1142 --> 17 1142 | 603354 602229 | 1126 1126
			Real Alignment 19: 17 1142 | 603354 602229 | 1126 1126 | 99.83 | pa_ill_pa_contig67 contig_169
			  Indel (> 5bp) between these two alignments: deletion of length 16; 0 mismatches (number of Ns: 0) [fragmentation of reference genome]
			Excluding internal overlap of size 55 between Alignment 20 and 21: 1 86455 | 603355 689809 | 86455 86455 --> 1 86400 | 603355 689754 | 86400 86400
			Real Alignment 20: 1 86400 | 603355 689754 | 86400 86400 | 100.0 | pa_ill_pa_contig25 contig_169
			  Extensive misassembly (translocation) between these two alignments
			Real Alignment 21: 161 249467 | 689755 939065 | 249307 249311 | 100.0 | pa_ill_pa_contig9 contig_169
			  Not a misassembly [fragmentation of reference genome] between these two alignments
			Real Alignment 22: 1 2531 | 941960 939430 | 2531 2531 | 99.84 | pa_ill_pa_contig53 contig_169
			  Not a misassembly [fragmentation of reference genome] between these two alignments
			Excluding internal overlap of size 55 between Alignment 23 and 24: 1 623 | 943584 942962 | 623 623 --> 1 568 | 943584 943017 | 568 568
			Real Alignment 23: 1 929 | 943016 942088 | 929 929 | 99.35 | pa_ill_pa_contig72 contig_169
			  Indel (> 5bp) between these two alignments: deletion of length 55; 0 mismatches (number of Ns: 0) [fragmentation of reference genome]
			Excluding internal overlap of size 55 between Alignment 24 and 25: 1 568 | 943584 943017 | 568 568 --> 56 568 | 943529 943017 | 513 513
			Real Alignment 24: 56 568 | 943529 943017 | 513 513 | 97.75 | pa_ill_pa_contig78 contig_169
			  Indel (> 5bp) between these two alignments: deletion of length 55; 0 mismatches (number of Ns: 0) [fragmentation of reference genome]
			Excluding internal overlap of size 55 between Alignment 25 and 26: 1 539 | 947793 947255 | 539 539 --> 1 484 | 947793 947310 | 484 484
			Real Alignment 25: 1 3774 | 943530 947309 | 3774 3780 | 90.15 | pa_ill_pa_contig47 contig_169
			  Indel (> 5bp) between these two alignments: deletion of length 55; 0 mismatches (number of Ns: 0) [fragmentation of reference genome]
			Excluding internal overlap of size 55 between Alignment 26 and 27: 1 484 | 947793 947310 | 484 484 --> 56 484 | 947738 947310 | 429 429
			Real Alignment 26: 56 484 | 947738 947310 | 429 429 | 98.33 | pa_ill_pa_contig84 contig_169
			  Indel (> 5bp) between these two alignments: deletion of length 55; 0 mismatches (number of Ns: 0) [fragmentation of reference genome]
			Real Alignment 27: 1 121067 | 1068808 947739 | 121067 121070 | 100.0 | pa_ill_pa_contig17 contig_169
			  Not a misassembly [fragmentation of reference genome] between these two alignments
			Excluding internal overlap of size 55 between Alignment 28 and 29: 1 1258 | 1126279 1125022 | 1258 1258 --> 1 1203 | 1126279 1125077 | 1203 1203
			Real Alignment 28: 1 56007 | 1069070 1125076 | 56007 56007 | 100.0 | pa_ill_pa_contig32 contig_169
			  Indel (> 5bp) between these two alignments: deletion of length 55; 0 mismatches (number of Ns: 0) [fragmentation of reference genome]
			Excluding internal overlap of size 55 between Alignment 29 and 30: 1 1203 | 1126279 1125077 | 1203 1203 --> 56 1203 | 1126224 1125077 | 1148 1148
			Real Alignment 29: 56 1203 | 1126224 1125077 | 1148 1148 | 99.84 | pa_ill_pa_contig64 contig_169
			  Indel (> 5bp) between these two alignments: deletion of length 55; 0 mismatches (number of Ns: 0) [fragmentation of reference genome]
			Excluding internal overlap of size 303 between Alignment 30 and 31: 1 247386 | 1668479 1421091 | 247386 247389 --> 1 247083 | 1668479 1421394 | 247083 247086
			Real Alignment 30: 247199 542364 | 1421393 1126225 | 295166 295169 | 100.0 | pa_ill_pa_contig2 contig_169
			  Gap between these two alignments (local misassembly). Inconsistency = 115
			Excluding internal overlap of size 55 between Alignment 31 and 32: 1 539 | 1668425 1668963 | 539 539 --> 56 539 | 1668480 1668963 | 484 484
			Real Alignment 31: 1 247083 | 1668479 1421394 | 247083 247086 | 100.0 | pa_ill_pa_contig2 contig_169
			  Indel (> 5bp) between these two alignments: deletion of length 55; 0 mismatches (number of Ns: 0) [fragmentation of reference genome]
			Excluding internal overlap of size 55 between Alignment 32 and 33: 56 539 | 1668480 1668963 | 484 484 --> 56 484 | 1668480 1668908 | 429 429
			Real Alignment 32: 56 484 | 1668480 1668908 | 429 429 | 98.52 | pa_ill_pa_contig84 contig_169
			  Indel (> 5bp) between these two alignments: deletion of length 55; 0 mismatches (number of Ns: 0) [fragmentation of reference genome]
			Excluding internal overlap of size 55 between Alignment 33 and 34: 1 623 | 1672628 1673250 | 623 623 --> 56 623 | 1672683 1673250 | 568 568
			Real Alignment 33: 1 3774 | 1672682 1668909 | 3774 3774 | 100.0 | pa_ill_pa_contig47 contig_169
			  Indel (> 5bp) between these two alignments: deletion of length 55; 0 mismatches (number of Ns: 0) [fragmentation of reference genome]
			Excluding internal overlap of size 55 between Alignment 34 and 35: 56 623 | 1672683 1673250 | 568 568 --> 56 568 | 1672683 1673195 | 513 513
			Real Alignment 34: 56 568 | 1672683 1673195 | 513 513 | 100.0 | pa_ill_pa_contig78 contig_169
			  Indel (> 5bp) between these two alignments: deletion of length 55; 0 mismatches (number of Ns: 0) [fragmentation of reference genome]
			Real Alignment 35: 1 929 | 1673196 1674125 | 929 930 | 98.39 | pa_ill_pa_contig72 contig_169
			  Not a misassembly [fragmentation of reference genome] between these two alignments
			Real Alignment 36: 1 2549 | 1674253 1676801 | 2549 2549 | 100.0 | pa_ill_pa_contig52 contig_169
			  Not a misassembly [fragmentation of reference genome] between these two alignments
			Excluding internal overlap of size 55 between Alignment 37 and 38: 1 1468 | 2081420 2082887 | 1468 1468 --> 56 1468 | 2081475 2082887 | 1413 1413
			Real Alignment 37: 1 404310 | 2081474 1677160 | 404310 404315 | 100.0 | pa_ill_pa_contig4 contig_169
			  Indel (> 5bp) between these two alignments: deletion of length 55; 0 mismatches (number of Ns: 0) [fragmentation of reference genome]
			Excluding internal overlap of size 55 between Alignment 38 and 39: 56 1468 | 2081475 2082887 | 1413 1413 --> 56 1413 | 2081475 2082832 | 1358 1358
			Real Alignment 38: 56 1413 | 2081475 2082832 | 1358 1358 | 100.0 | pa_ill_pa_contig62 contig_169
			  Indel (> 5bp) between these two alignments: deletion of length 55; 0 mismatches (number of Ns: 0) [fragmentation of reference genome]
			Real Alignment 39: 1 122468 | 2082833 2205301 | 122468 122469 | 100.0 | pa_ill_pa_contig16 contig_169
			  Not a misassembly [fragmentation of reference genome] between these two alignments
			Excluding internal overlap of size 55 between Alignment 40 and 41: 1 603 | 2259536 2258934 | 603 603 --> 1 548 | 2259536 2258989 | 548 548
			Real Alignment 40: 1 53273 | 2258988 2205716 | 53273 53273 | 100.0 | pa_ill_pa_contig33 contig_169
			  Indel (> 5bp) between these two alignments: deletion of length 55; 0 mismatches (number of Ns: 0) [fragmentation of reference genome]
			Excluding internal overlap of size 55 between Alignment 41 and 42: 1 548 | 2259536 2258989 | 548 548 --> 56 548 | 2259481 2258989 | 493 493
			Real Alignment 41: 56 548 | 2259481 2258989 | 493 493 | 100.0 | pa_ill_pa_contig79 contig_169
			  Indel (> 5bp) between these two alignments: deletion of length 55; 0 mismatches (number of Ns: 0) [fragmentation of reference genome]
			Excluding internal overlap of size 242 between Alignment 42 and 43: 41099 76514 | 2294896 2259482 | 35416 35415 --> 41341 76514 | 2294654 2259482 | 35174 35173
			Real Alignment 42: 41341 76514 | 2294654 2259482 | 35174 35173 | 99.99 | pa_ill_pa_contig26 contig_169
			  Gap between these two alignments (local misassembly). Inconsistency = 112
			Excluding internal overlap of size 76 between Alignment 43 and 44: 1 846 | 2336646 2335807 | 846 840 --> 1 770 | 2336646 2335883 | 770 764
			Real Alignment 43: 1 41228 | 2335882 2294655 | 41228 41228 | 100.0 | pa_ill_pa_contig26 contig_169
			  Extensive misassembly (translocation) between these two alignments
			Excluding internal overlap of size 55 between Alignment 44 and 45: 1 770 | 2336646 2335883 | 770 764 --> 56 770 | 2336591 2335883 | 715 709
			Real Alignment 44: 56 770 | 2336591 2335883 | 715 709 | 90.05 | pa_ill_pa_contig20 contig_169
			  Indel (> 5bp) between these two alignments: deletion of length 55; 0 mismatches (number of Ns: 0) [fragmentation of reference genome]
			Excluding internal overlap of size 55 between Alignment 45 and 46: 1 5507 | 2342098 2336592 | 5507 5507 --> 56 5507 | 2342043 2336592 | 5452 5452
			Real Alignment 45: 56 5507 | 2342043 2336592 | 5452 5452 | 99.84 | pa_ill_pa_contig45 contig_169
			  Indel (> 5bp) between these two alignments: deletion of length 55; 0 mismatches (number of Ns: 0) [fragmentation of reference genome]
			Excluding internal overlap of size 55 between Alignment 46 and 47: 1 5713 | 2416115 2410402 | 5713 5714 --> 1 5658 | 2416115 2410457 | 5658 5659
			Real Alignment 46: 1 68413 | 2342044 2410456 | 68413 68413 | 99.99 | pa_ill_pa_contig27 contig_169
			  Indel (> 5bp) between these two alignments: deletion of length 55; 0 mismatches (number of Ns: 0) [fragmentation of reference genome]
			Excluding internal overlap of size 55 between Alignment 47 and 48: 1 5658 | 2416115 2410457 | 5658 5659 --> 56 5658 | 2416060 2410457 | 5603 5604
			Real Alignment 47: 56 5658 | 2416060 2410457 | 5603 5604 | 99.96 | pa_ill_pa_contig44 contig_169
			  Indel (> 5bp) between these two alignments: deletion of length 55; 0 mismatches (number of Ns: 0) [fragmentation of reference genome]
			Excluding internal overlap of size 55 between Alignment 48 and 49: 1 1197 | 2504001 2505197 | 1197 1197 --> 56 1197 | 2504056 2505197 | 1142 1142
			Real Alignment 48: 1 87995 | 2504055 2416061 | 87995 87995 | 100.0 | pa_ill_pa_contig24 contig_169
			  Indel (> 5bp) between these two alignments: deletion of length 55; 0 mismatches (number of Ns: 0) [fragmentation of reference genome]
			Excluding internal overlap of size 55 between Alignment 49 and 50: 56 1197 | 2504056 2505197 | 1142 1142 --> 56 1142 | 2504056 2505142 | 1087 1087
			Real Alignment 49: 56 1142 | 2504056 2505142 | 1087 1087 | 99.75 | pa_ill_pa_contig67 contig_169
			  Indel (> 5bp) between these two alignments: deletion of length 55; 0 mismatches (number of Ns: 0) [fragmentation of reference genome]
			Excluding internal overlap of size 55 between Alignment 50 and 51: 1 927 | 2799680 2800606 | 927 927 --> 56 927 | 2799735 2800606 | 872 872
			Real Alignment 50: 1 294591 | 2505143 2799734 | 294591 294592 | 100.0 | pa_ill_pa_contig5 contig_169
			  Indel (> 5bp) between these two alignments: deletion of length 55; 0 mismatches (number of Ns: 0) [fragmentation of reference genome]
			Excluding internal overlap of size 55 between Alignment 51 and 52: 56 927 | 2799735 2800606 | 872 872 --> 56 872 | 2799735 2800551 | 817 817
			Real Alignment 51: 56 872 | 2799735 2800551 | 817 817 | 99.89 | pa_ill_pa_contig73 contig_169
			  Indel (> 5bp) between these two alignments: deletion of length 55; 0 mismatches (number of Ns: 0) [fragmentation of reference genome]
			Real Alignment 52: 1 35776 | 2800552 2836327 | 35776 35776 | 100.0 | pa_ill_pa_contig37 contig_169
			  Not a misassembly [fragmentation of reference genome] between these two alignments
			Excluding internal overlap of size 55 between Alignment 53 and 54: 1 2207 | 2839403 2837197 | 2207 2207 --> 56 2207 | 2839348 2837197 | 2152 2152
			Real Alignment 53: 56 2207 | 2839348 2837197 | 2152 2152 | 99.82 | pa_ill_pa_contig55 contig_169
			  Indel (> 5bp) between these two alignments: deletion of length 55; 0 mismatches (number of Ns: 0) [fragmentation of reference genome]
			Excluding internal overlap of size 128 between Alignment 54 and 55: 1 1874 | 3071790 3073663 | 1874 1874 --> 129 1874 | 3071918 3073663 | 1746 1746
			Real Alignment 54: 1 232544 | 2839349 3071917 | 232544 232569 | 99.98 | pa_ill_pa_contig10 contig_169
			  Extensive misassembly (translocation) between these two alignments
			Excluding internal overlap of size 156 between Alignment 55 and 56: 129 1874 | 3071918 3073663 | 1746 1746 --> 129 1718 | 3071918 3073507 | 1590 1590
			Real Alignment 55: 129 1718 | 3071918 3073507 | 1590 1590 | 100.0 | pa_ill_pa_contig57 contig_169
			  Extensive misassembly (translocation) between these two alignments
			Excluding internal overlap of size 55 between Alignment 56 and 57: 1235 3722 | 3080967 3078480 | 2488 2488 --> 1235 3667 | 3080967 3078535 | 2433 2433
			Real Alignment 56: 232388 237415 | 3073508 3078534 | 5028 5027 | 99.96 | pa_ill_pa_contig10 contig_169
			  Indel (> 5bp) between these two alignments: deletion of length 55; 0 mismatches (number of Ns: 0) [fragmentation of reference genome]
			Real Alignment 57: 1235 3667 | 3080967 3078535 | 2433 2433 | 99.6 | pa_ill_pa_contig48 contig_169
			  Gap between these two alignments (local misassembly). Inconsistency = 0
			Excluding internal overlap of size 55 between Alignment 58 and 59: 1 956 | 3082147 3083102 | 956 956 --> 56 956 | 3082202 3083102 | 901 901
			Real Alignment 58: 1 1079 | 3082201 3081123 | 1079 1079 | 99.81 | pa_ill_pa_contig48 contig_169
			  Indel (> 5bp) between these two alignments: deletion of length 55; 0 mismatches (number of Ns: 0) [fragmentation of reference genome]
			Excluding internal overlap of size 55 between Alignment 59 and 60: 56 956 | 3082202 3083102 | 901 901 --> 56 901 | 3082202 3083047 | 846 846
			Real Alignment 59: 56 901 | 3082202 3083047 | 846 846 | 100.0 | pa_ill_pa_contig70 contig_169
			  Indel (> 5bp) between these two alignments: deletion of length 55; 0 mismatches (number of Ns: 0) [fragmentation of reference genome]
			Excluding internal overlap of size 55 between Alignment 60 and 61: 1 3064 | 3086111 3083048 | 3064 3064 --> 56 3064 | 3086056 3083048 | 3009 3009
			Real Alignment 60: 56 3064 | 3086056 3083048 | 3009 3009 | 99.71 | pa_ill_pa_contig51 contig_169
			  Indel (> 5bp) between these two alignments: deletion of length 55; 0 mismatches (number of Ns: 0) [fragmentation of reference genome]
			Excluding internal overlap of size 425 between Alignment 61 and 62: 1 93281 | 3296822 3203540 | 93281 93283 --> 1 92856 | 3296822 3203965 | 92856 92858
			Real Alignment 61: 92967 210873 | 3203964 3086057 | 117907 117908 | 99.99 | pa_ill_pa_contig11 contig_169
			  Gap between these two alignments (local misassembly). Inconsistency = 110
			Excluding internal overlap of size 55 between Alignment 62 and 63: 1 985 | 3296768 3297752 | 985 985 --> 56 985 | 3296823 3297752 | 930 930
			Real Alignment 62: 1 92856 | 3296822 3203965 | 92856 92858 | 99.99 | pa_ill_pa_contig11 contig_169
			  Indel (> 5bp) between these two alignments: deletion of length 55; 0 mismatches (number of Ns: 0) [fragmentation of reference genome]
			Excluding internal overlap of size 55 between Alignment 63 and 64: 56 985 | 3296823 3297752 | 930 930 --> 56 930 | 3296823 3297697 | 875 875
			Real Alignment 63: 56 930 | 3296823 3297697 | 875 875 | 99.49 | pa_ill_pa_contig69 contig_169
			  Indel (> 5bp) between these two alignments: deletion of length 55; 0 mismatches (number of Ns: 0) [fragmentation of reference genome]
			Excluding internal overlap of size 55 between Alignment 64 and 65: 1 5713 | 3346613 3352325 | 5713 5713 --> 56 5713 | 3346668 3352325 | 5658 5658
			Real Alignment 64: 1 48969 | 3297698 3346667 | 48969 48970 | 100.0 | pa_ill_pa_contig34 contig_169
			  Indel (> 5bp) between these two alignments: deletion of length 55; 0 mismatches (number of Ns: 0) [fragmentation of reference genome]
			Excluding internal overlap of size 55 between Alignment 65 and 66: 56 5713 | 3346668 3352325 | 5658 5658 --> 56 5658 | 3346668 3352270 | 5603 5603
			Real Alignment 65: 56 5658 | 3346668 3352270 | 5603 5603 | 99.93 | pa_ill_pa_contig44 contig_169
			  Indel (> 5bp) between these two alignments: deletion of length 55; 0 mismatches (number of Ns: 0) [fragmentation of reference genome]
			Real Alignment 66: 1 106324 | 3458595 3352271 | 106324 106325 | 100.0 | pa_ill_pa_contig22 contig_169
			  Not a misassembly [fragmentation of reference genome] between these two alignments
			Excluding internal overlap of size 55 between Alignment 67 and 68: 1 1197 | 3549069 3550265 | 1197 1197 --> 56 1197 | 3549124 3550265 | 1142 1142
			Real Alignment 67: 1 90153 | 3549123 3458971 | 90153 90153 | 100.0 | pa_ill_pa_contig23 contig_169
			  Indel (> 5bp) between these two alignments: deletion of length 55; 0 mismatches (number of Ns: 0) [fragmentation of reference genome]
			Excluding internal overlap of size 55 between Alignment 68 and 69: 56 1197 | 3549124 3550265 | 1142 1142 --> 56 1142 | 3549124 3550210 | 1087 1087
			Real Alignment 68: 56 1142 | 3549124 3550210 | 1087 1087 | 99.83 | pa_ill_pa_contig67 contig_169
			  Indel (> 5bp) between these two alignments: deletion of length 55; 0 mismatches (number of Ns: 0) [fragmentation of reference genome]
			Excluding internal overlap of size 55 between Alignment 69 and 70: 1 2514 | 4015810 4018323 | 2514 2514 --> 56 2514 | 4015865 4018323 | 2459 2459
			Real Alignment 69: 1 465790 | 3550211 4015864 | 465790 465654 | 99.97 | pa_ill_pa_contig3 contig_169
			  Indel (> 5bp) between these two alignments: deletion of length 55; 0 mismatches (number of Ns: 0) [fragmentation of reference genome]
			Excluding internal overlap of size 55 between Alignment 70 and 71: 1 561 | 4018829 4018269 | 561 561 --> 1 506 | 4018829 4018324 | 506 506
			Real Alignment 70: 56 2514 | 4015865 4018323 | 2459 2459 | 99.72 | pa_ill_pa_contig54 contig_169
			  Indel (> 5bp) between these two alignments: deletion of length 55; 0 mismatches (number of Ns: 0) [fragmentation of reference genome]
			Excluding internal overlap of size 55 between Alignment 71 and 72: 1 506 | 4018829 4018324 | 506 506 --> 56 506 | 4018774 4018324 | 451 451
			Real Alignment 71: 56 506 | 4018774 4018324 | 451 451 | 100.0 | pa_ill_pa_contig83 contig_169
			  Indel (> 5bp) between these two alignments: deletion of length 55; 0 mismatches (number of Ns: 0) [fragmentation of reference genome]
			Real Alignment 72: 1 868 | 4018775 4019642 | 868 868 | 99.54 | pa_ill_pa_contig74 contig_169
			  Not a misassembly [fragmentation of reference genome] between these two alignments
			Excluding internal overlap of size 55 between Alignment 73 and 74: 1 5713 | 4139396 4145108 | 5713 5713 --> 56 5713 | 4139451 4145108 | 5658 5658
			Real Alignment 73: 1 119004 | 4020446 4139450 | 119004 119005 | 100.0 | pa_ill_pa_contig18 contig_169
			  Indel (> 5bp) between these two alignments: deletion of length 55; 0 mismatches (number of Ns: 0) [fragmentation of reference genome]
			Excluding internal overlap of size 55 between Alignment 74 and 75: 1 1339 | 4145054 4146392 | 1339 1339 --> 56 1339 | 4145109 4146392 | 1284 1284
			Real Alignment 74: 56 5713 | 4139451 4145108 | 5658 5658 | 100.0 | pa_ill_pa_contig44 contig_169
			  Indel (> 5bp) between these two alignments: deletion of length 55; 0 mismatches (number of Ns: 0) [fragmentation of reference genome]
			Excluding internal overlap of size 446 between Alignment 75 and 76: 56 1339 | 4145109 4146392 | 1284 1284 --> 56 893 | 4145109 4145946 | 838 838
			Real Alignment 75: 56 893 | 4145109 4145946 | 838 838 | 100.0 | pa_ill_pa_contig63 contig_169
			  Extensive misassembly (translocation) between these two alignments
			Excluding internal overlap of size 55 between Alignment 76 and 77: 1 1405 | 4147351 4145947 | 1405 1405 --> 56 1405 | 4147296 4145947 | 1350 1350
			Real Alignment 76: 56 1405 | 4147296 4145947 | 1350 1350 | 90.74 | pa_ill_pa_contig12 contig_169
			  Indel (> 5bp) between these two alignments: deletion of length 55; 0 mismatches (number of Ns: 0) [fragmentation of reference genome]
			Excluding internal overlap of size 55 between Alignment 77 and 78: 1 1492 | 4147297 4148788 | 1492 1492 --> 1 1437 | 4147297 4148733 | 1437 1437
			Real Alignment 77: 1 1437 | 4147297 4148733 | 1437 1437 | 100.0 | pa_ill_pa_contig61 contig_169
			  Indel (> 5bp) between these two alignments: deletion of length 55; 0 mismatches (number of Ns: 0) [fragmentation of reference genome]
			Real Alignment 78: 1 21904 | 4148734 4170636 | 21904 21903 | 100.0 | pa_ill_pa_contig41 contig_169
			  Not a misassembly [fragmentation of reference genome] between these two alignments
			Excluding internal overlap of size 55 between Alignment 79 and 80: 1 561 | 4172110 4172670 | 561 561 --> 56 561 | 4172165 4172670 | 506 506
			Real Alignment 79: 1 868 | 4172164 4171291 | 868 874 | 98.4 | pa_ill_pa_contig74 contig_169
			  Indel (> 5bp) between these two alignments: deletion of length 55; 0 mismatches (number of Ns: 0) [fragmentation of reference genome]
			Excluding internal overlap of size 55 between Alignment 80 and 81: 56 561 | 4172165 4172670 | 506 506 --> 56 506 | 4172165 4172615 | 451 451
			Real Alignment 80: 56 506 | 4172165 4172615 | 451 451 | 95.37 | pa_ill_pa_contig83 contig_169
			  Indel (> 5bp) between these two alignments: deletion of length 55; 0 mismatches (number of Ns: 0) [fragmentation of reference genome]
			Excluding internal overlap of size 55 between Alignment 81 and 82: 1 2514 | 4175129 4172616 | 2514 2514 --> 56 2514 | 4175074 4172616 | 2459 2459
			Real Alignment 81: 56 2514 | 4175074 4172616 | 2459 2459 | 99.72 | pa_ill_pa_contig54 contig_169
			  Indel (> 5bp) between these two alignments: deletion of length 55; 0 mismatches (number of Ns: 0) [fragmentation of reference genome]
			Real Alignment 82: 132 56432 | 4231375 4175075 | 56301 56301 | 99.94 | pa_ill_pa_contig31 contig_169
			  Gap between these two alignments (local misassembly). Inconsistency = -483
			Real Alignment 83: 3 591 | 4231987 4231399 | 589 589 | 94.06 | pa_ill_pa_contig31 contig_169
			  Gap between these two alignments (local misassembly). Inconsistency = 2 [fragmentation of reference genome]
			Excluding internal overlap of size 10 between Alignment 84 and 85: 1 493 | 4232962 4233454 | 493 493 --> 1 483 | 4232962 4233444 | 483 483
			Real Alignment 84: 1 483 | 4232962 4233444 | 483 483 | 97.57 | pa_ill_pa_contig14 contig_169
			  Overlap between these two alignments (local misassembly). Inconsistency = -483
			Real Alignment 85: 1 187635 | 4233445 4421080 | 187635 187636 | 100.0 | pa_ill_pa_contig14 contig_169
			  Not a misassembly [fragmentation of reference genome] between these two alignments
			Real Alignment 86: 1 123 | 4421127 4421249 | 123 123 | 99.19 | pa_ill_pa_contig7 contig_169
			  Gap between these two alignments (local misassembly). Inconsistency = -342
			Real Alignment 87: 1 77 | 4421469 4421545 | 77 77 | 98.7 | pa_ill_pa_contig7 contig_169
			  Gap between these two alignments (local misassembly). Inconsistency = -456
			Real Alignment 88: 1 265097 | 4421925 4687020 | 265097 265096 | 100.0 | pa_ill_pa_contig7 contig_169
			  Not a misassembly [fragmentation of reference genome] between these two alignments
			Real Alignment 89: 1 1538 | 4687471 4689008 | 1538 1538 | 100.0 | pa_ill_pa_contig60 contig_169
			  Not a misassembly [fragmentation of reference genome] between these two alignments
			Real Alignment 90: 1 3511 | 4692891 4689381 | 3511 3511 | 100.0 | pa_ill_pa_contig49 contig_169
			  Not a misassembly [fragmentation of reference genome] between these two alignments
			Excluding internal overlap of size 55 between Alignment 91 and 92: 1 5713 | 4731571 4737284 | 5713 5714 --> 56 5713 | 4731626 4737284 | 5658 5659
			Real Alignment 91: 1 38146 | 4693480 4731625 | 38146 38146 | 100.0 | pa_ill_pa_contig36 contig_169
			  Indel (> 5bp) between these two alignments: deletion of length 55; 0 mismatches (number of Ns: 0) [fragmentation of reference genome]
			Excluding internal overlap of size 55 between Alignment 92 and 93: 56 5713 | 4731626 4737284 | 5658 5659 --> 56 5658 | 4731626 4737229 | 5603 5604
			Real Alignment 92: 56 5658 | 4731626 4737229 | 5603 5604 | 99.96 | pa_ill_pa_contig44 contig_169
			  Indel (> 5bp) between these two alignments: deletion of length 55; 0 mismatches (number of Ns: 0) [fragmentation of reference genome]
			Excluding internal overlap of size 55 between Alignment 93 and 94: 1 1197 | 4800088 4798892 | 1197 1197 --> 1 1142 | 4800088 4798947 | 1142 1142
			Real Alignment 93: 1 61716 | 4737230 4798946 | 61716 61717 | 100.0 | pa_ill_pa_contig29 contig_169
			  Indel (> 5bp) between these two alignments: deletion of length 55; 0 mismatches (number of Ns: 0) [fragmentation of reference genome]
			Excluding internal overlap of size 55 between Alignment 94 and 95: 1 1142 | 4800088 4798947 | 1142 1142 --> 56 1142 | 4800033 4798947 | 1087 1087
			Real Alignment 94: 56 1142 | 4800033 4798947 | 1087 1087 | 99.08 | pa_ill_pa_contig67 contig_169
			  Indel (> 5bp) between these two alignments: deletion of length 55; 0 mismatches (number of Ns: 0) [fragmentation of reference genome]
			Excluding internal overlap of size 55 between Alignment 95 and 96: 1 2207 | 5647662 5649868 | 2207 2207 --> 56 2207 | 5647717 5649868 | 2152 2152
			Real Alignment 95: 1 847683 | 5647716 4800034 | 847683 847683 | 100.0 | pa_ill_pa_contig1 contig_169
			  Indel (> 5bp) between these two alignments: deletion of length 55; 0 mismatches (number of Ns: 0) [fragmentation of reference genome]
			Real Alignment 96: 56 2207 | 5647717 5649868 | 2152 2152 | 99.5 | pa_ill_pa_contig55 contig_169
			  Not a misassembly [fragmentation of reference genome] between these two alignments
			Real Alignment 97: 1 47071 | 5697617 5650547 | 47071 47071 | 100.0 | pa_ill_pa_contig35 contig_169
			  Not a misassembly [fragmentation of reference genome] between these two alignments
			Excluding internal overlap of size 41 between Alignment 98 and 99: 1 111253 | 6076373 5965122 | 111253 111252 --> 1 111212 | 6076373 5965163 | 111212 111211
			Real Alignment 98: 1 266935 | 5698227 5965162 | 266935 266936 | 100.0 | pa_ill_pa_contig6 contig_169
			  Indel (> 5bp) between these two alignments: deletion of length 41; 0 mismatches (number of Ns: 0) [fragmentation of reference genome]
			Excluding internal overlap of size 55 between Alignment 99 and 100: 1 5507 | 6081825 6076319 | 5507 5507 --> 1 5452 | 6081825 6076374 | 5452 5452
			Real Alignment 99: 1 111212 | 6076373 5965163 | 111212 111211 | 99.98 | pa_ill_pa_contig20 contig_169
			  Indel (> 5bp) between these two alignments: deletion of length 55; 0 mismatches (number of Ns: 0) [fragmentation of reference genome]
			Excluding internal overlap of size 55 between Alignment 100 and 101: 1 5452 | 6081825 6076374 | 5452 5452 --> 56 5452 | 6081770 6076374 | 5397 5397
			Real Alignment 100: 56 5452 | 6081770 6076374 | 5397 5397 | 99.47 | pa_ill_pa_contig45 contig_169
			  Indel (> 5bp) between these two alignments: deletion of length 55; 0 mismatches (number of Ns: 0) [fragmentation of reference genome]
			Excluding internal overlap of size 55 between Alignment 101 and 102: 1 602 | 6200418 6201019 | 602 602 --> 56 602 | 6200473 6201019 | 547 547
			Real Alignment 101: 1 118702 | 6081771 6200472 | 118702 118702 | 100.0 | pa_ill_pa_contig19 contig_169
			  Indel (> 5bp) between these two alignments: deletion of length 55; 0 mismatches (number of Ns: 0) [fragmentation of reference genome]
			Excluding internal overlap of size 55 between Alignment 102 and 103: 56 602 | 6200473 6201019 | 547 547 --> 56 547 | 6200473 6200964 | 492 492
			Real Alignment 102: 56 547 | 6200473 6200964 | 492 492 | 99.34 | pa_ill_pa_contig80 contig_169
			  Indel (> 5bp) between these two alignments: deletion of length 55; 0 mismatches (number of Ns: 0) [fragmentation of reference genome]
			Excluding internal overlap of size 55 between Alignment 103 and 104: 1 944 | 6203090 6202147 | 944 944 --> 1 889 | 6203090 6202202 | 889 889
			Real Alignment 103: 1 1237 | 6202201 6200965 | 1237 1237 | 99.68 | pa_ill_pa_contig65 contig_169
			  Indel (> 5bp) between these two alignments: deletion of length 55; 0 mismatches (number of Ns: 0) [fragmentation of reference genome]
			Excluding internal overlap of size 55 between Alignment 104 and 105: 1 838 | 6203036 6203873 | 838 838 --> 56 838 | 6203091 6203873 | 783 783
			Real Alignment 104: 1 889 | 6203090 6202202 | 889 889 | 98.83 | pa_ill_pa_contig71 contig_169
			  Indel (> 5bp) between these two alignments: deletion of length 55; 0 mismatches (number of Ns: 0) [fragmentation of reference genome]
			Excluding internal overlap of size 136 between Alignment 105 and 106: 56 838 | 6203091 6203873 | 783 783 --> 56 702 | 6203091 6203737 | 647 647
			Real Alignment 105: 56 702 | 6203091 6203737 | 647 647 | 99.05 | pa_ill_pa_contig8 contig_169
			  Extensive misassembly (translocation) between these two alignments
			Excluding internal overlap of size 55 between Alignment 106 and 107: 1 1468 | 6227675 6229142 | 1468 1468 --> 56 1468 | 6227730 6229142 | 1413 1413
			Real Alignment 106: 1 23992 | 6203738 6227729 | 23992 23992 | 100.0 | pa_ill_pa_contig40 contig_169
			  Indel (> 5bp) between these two alignments: deletion of length 55; 0 mismatches (number of Ns: 0) [fragmentation of reference genome]
			Excluding internal overlap of size 55 between Alignment 107 and 108: 56 1468 | 6227730 6229142 | 1413 1413 --> 56 1413 | 6227730 6229087 | 1358 1358
			Real Alignment 107: 56 1413 | 6227730 6229087 | 1358 1358 | 99.93 | pa_ill_pa_contig62 contig_169
			  Indel (> 5bp) between these two alignments: deletion of length 55; 0 mismatches (number of Ns: 0) [fragmentation of reference genome]
			Excluding internal overlap of size 55 between Alignment 108 and 109: 1 927 | 6285715 6286641 | 927 927 --> 56 927 | 6285770 6286641 | 872 872
			Real Alignment 108: 1 56682 | 6229088 6285769 | 56682 56682 | 100.0 | pa_ill_pa_contig30 contig_169
			  Indel (> 5bp) between these two alignments: deletion of length 55; 0 mismatches (number of Ns: 0) [fragmentation of reference genome]
			Excluding internal overlap of size 55 between Alignment 109 and 110: 56 927 | 6285770 6286641 | 872 872 --> 56 872 | 6285770 6286586 | 817 817
			Real Alignment 109: 56 872 | 6285770 6286586 | 817 817 | 97.63 | pa_ill_pa_contig73 contig_169
			  Indel (> 5bp) between these two alignments: deletion of length 55; 0 mismatches (number of Ns: 0) [fragmentation of reference genome]
			Excluding internal overlap of size 55 between Alignment 110 and 111: 1 1492 | 6491415 6492906 | 1492 1492 --> 56 1492 | 6491470 6492906 | 1437 1437
			Real Alignment 110: 1 204999 | 6491469 6286587 | 204999 204883 | 99.94 | pa_ill_pa_contig12 contig_169
			  Indel (> 5bp) between these two alignments: deletion of length 55; 0 mismatches (number of Ns: 0) [fragmentation of reference genome]
			Excluding internal overlap of size 55 between Alignment 111 and 112: 56 1492 | 6491470 6492906 | 1437 1437 --> 56 1437 | 6491470 6492851 | 1382 1382
			Real Alignment 111: 56 1437 | 6491470 6492851 | 1382 1382 | 99.87 | pa_ill_pa_contig61 contig_169
			  Indel (> 5bp) between these two alignments: deletion of length 55; 0 mismatches (number of Ns: 0) [fragmentation of reference genome]
			Excluding internal overlap of size 55 between Alignment 112 and 113: 1 1258 | 6600852 6599595 | 1258 1258 --> 1 1203 | 6600852 6599650 | 1203 1203
			Real Alignment 112: 1 106796 | 6492852 6599649 | 106796 106798 | 100.0 | pa_ill_pa_contig21 contig_169
			  Indel (> 5bp) between these two alignments: deletion of length 55; 0 mismatches (number of Ns: 0) [fragmentation of reference genome]
			Excluding internal overlap of size 55 between Alignment 113 and 114: 1 1203 | 6600852 6599650 | 1203 1203 --> 56 1203 | 6600797 6599650 | 1148 1148
			Real Alignment 113: 56 1203 | 6600797 6599650 | 1148 1148 | 99.52 | pa_ill_pa_contig64 contig_169
			  Indel (> 5bp) between these two alignments: deletion of length 55; 0 mismatches (number of Ns: 0) [fragmentation of reference genome]
			Excluding internal overlap of size 381 between Alignment 114 and 115: 1 34671 | 6600798 6635507 | 34671 34710 --> 1 34328 | 6600798 6635126 | 34328 34329
			Real Alignment 114: 1 34328 | 6600798 6635126 | 34328 34329 | 99.86 | pa_ill_pa_contig15 contig_169
			  Overlap between these two alignments (local misassembly). Inconsistency = -93
			Excluding internal overlap of size 55 between Alignment 115 and 116: 1 690 | 6774611 6775300 | 690 690 --> 56 690 | 6774666 6775300 | 635 635
			Real Alignment 115: 34236 173697 | 6635127 6774665 | 139462 139539 | 99.94 | pa_ill_pa_contig15 contig_169
			  Indel (> 5bp) between these two alignments: deletion of length 55; 0 mismatches (number of Ns: 0) [fragmentation of reference genome]
			Real Alignment 116: 56 690 | 6774666 6775300 | 635 635 | 100.0 | pa_ill_pa_contig76 contig_169
			  Not a misassembly [fragmentation of reference genome] between these two alignments
			Real Alignment 117: 1 1028 | 6776443 6775416 | 1028 1028 | 99.81 | pa_ill_pa_contig68 contig_169
			  Not a misassembly [fragmentation of reference genome] between these two alignments
			Excluding internal overlap of size 55 between Alignment 118 and 119: 1 647 | 6777202 6777848 | 647 647 --> 1 592 | 6777202 6777793 | 592 592
			Real Alignment 118: 1 592 | 6777202 6777793 | 592 592 | 100.0 | pa_ill_pa_contig77 contig_169
			  Indel (> 5bp) between these two alignments: deletion of length 55; 0 mismatches (number of Ns: 0) [fragmentation of reference genome]
			Real Alignment 119: 1 690 | 6777794 6778483 | 690 690 | 99.86 | pa_ill_pa_contig76 contig_169
			  Not a misassembly [fragmentation of reference genome] between these two alignments
			Excluding internal overlap of size 55 between Alignment 120 and 121: 1 1028 | 6779626 6778599 | 1028 1028 --> 56 1028 | 6779571 6778599 | 973 973
			Real Alignment 120: 56 1028 | 6779571 6778599 | 973 973 | 99.51 | pa_ill_pa_contig68 contig_169
			  Indel (> 5bp) between these two alignments: deletion of length 55; 0 mismatches (number of Ns: 0) [fragmentation of reference genome]
			Excluding internal overlap of size 55 between Alignment 121 and 122: 1 1661 | 6781232 6779572 | 1661 1661 --> 56 1661 | 6781177 6779572 | 1606 1606
			Real Alignment 121: 56 1661 | 6781177 6779572 | 1606 1606 | 100.0 | pa_ill_pa_contig59 contig_169
			  Indel (> 5bp) between these two alignments: deletion of length 55; 0 mismatches (number of Ns: 0) [fragmentation of reference genome]
			Excluding internal overlap of size 55 between Alignment 122 and 123: 1 1682 | 6781178 6782859 | 1682 1682 --> 1 1627 | 6781178 6782804 | 1627 1627
			Real Alignment 122: 1 1627 | 6781178 6782804 | 1627 1627 | 99.52 | pa_ill_pa_contig58 contig_169
			  Indel (> 5bp) between these two alignments: deletion of length 55; 0 mismatches (number of Ns: 0) [fragmentation of reference genome]
			Excluding internal overlap of size 55 between Alignment 123 and 124: 1 1682 | 6787721 6789402 | 1682 1682 --> 56 1682 | 6787776 6789402 | 1627 1627
			Real Alignment 123: 1 4971 | 6782805 6787775 | 4971 4971 | 100.0 | pa_ill_pa_contig46 contig_169
			  Indel (> 5bp) between these two alignments: deletion of length 55; 0 mismatches (number of Ns: 0) [fragmentation of reference genome]
			Excluding internal overlap of size 55 between Alignment 124 and 125: 56 1682 | 6787776 6789402 | 1627 1627 --> 56 1627 | 6787776 6789347 | 1572 1572
			Real Alignment 124: 56 1627 | 6787776 6789347 | 1572 1572 | 99.76 | pa_ill_pa_contig58 contig_169
			  Indel (> 5bp) between these two alignments: deletion of length 55; 0 mismatches (number of Ns: 0) [fragmentation of reference genome]
			Real Alignment 125: 1 3066 | 6789348 6792413 | 3066 3066 | 100.0 | pa_ill_pa_contig50 contig_169
		Unaligned bases: 11366

CONTIG: contig_14 (4765365bp)
Best alignment score: 513.0 (LEN: 564, IDY: 90.96), Total number of alignments: 94
			Looking for the best set of alignments (out of 94 total alignments)
			Skipping redundant alignments after choosing the best set of alignments
		Skipping redundant alignment 3 78 | 423125 423050 | 76 76 | 100.0 | pa_ill_pa_contig9 contig_14
		Skipping redundant alignment 163 238 | 423125 423050 | 76 76 | 100.0 | pa_ill_pa_contig9 contig_14
		Skipping redundant alignment 323 399 | 423125 423049 | 77 77 | 100.0 | pa_ill_pa_contig9 contig_14
		Skipping redundant alignment 28781 28858 | 423048 423125 | 78 78 | 100.0 | pa_ill_pa_contig8 contig_14
		Skipping redundant alignment 48505 48596 | 2967948 2968039 | 92 92 | 91.3 | pa_ill_pa_contig27 contig_14
		Skipping redundant alignment 65010 65101 | 2967948 2968039 | 92 92 | 91.3 | pa_ill_pa_contig27 contig_14
		Skipping redundant alignment 321 398 | 2761266 2761343 | 78 78 | 100.0 | pa_ill_pa_contig9 contig_14
		Skipping redundant alignment 161 238 | 2761266 2761343 | 78 78 | 100.0 | pa_ill_pa_contig9 contig_14
		Skipping redundant alignment 161 240 | 2761378 2761457 | 80 80 | 100.0 | pa_ill_pa_contig9 contig_14
		Skipping redundant alignment 84045 84229 | 4759897 4760081 | 185 185 | 91.35 | pa_ill_pa_contig13 contig_14
		This contig has several significant sets of alignments. [An ambiguously mapped contig]
		Using only the very best set (option --ambiguity-usage is set to "one").
			The best set is below. Score: 11848.7, number of alignments: 84, unaligned bases: 4750530
		This contig is misassembled.
		This contig is partially unaligned. (Aligned 14835 out of 4765365 non-N bases (0.31%))
			Warning! This contig is more unaligned than misassembled. Contig length is 4765365 (number of Ns: 0) and total length of all aligns is 14835
		Alignment: 4882 5195 | 2283878 2283565 | 314 314 | 96.18 | pa_ill_pa_contig44 contig_14
		Alignment: 4391 4831 | 2284369 2283929 | 441 441 | 90.25 | pa_ill_pa_contig44 contig_14
		Alignment: 4268 4385 | 2284494 2284377 | 118 118 | 94.92 | pa_ill_pa_contig44 contig_14
		Alignment: 4118 4231 | 2284647 2284534 | 114 114 | 93.86 | pa_ill_pa_contig44 contig_14
		Alignment: 3453 3662 | 2285311 2285102 | 210 210 | 93.81 | pa_ill_pa_contig44 contig_14
		Alignment: 3374 3442 | 2285389 2285321 | 69 69 | 94.2 | pa_ill_pa_contig44 contig_14
		Alignment: 2892 3062 | 2285873 2285703 | 171 171 | 91.23 | pa_ill_pa_contig44 contig_14
		Alignment: 2687 2800 | 2286087 2285974 | 114 114 | 91.23 | pa_ill_pa_contig44 contig_14
		Alignment: 1975 2060 | 2286774 2286689 | 86 86 | 91.86 | pa_ill_pa_contig44 contig_14
		Alignment: 1813 1967 | 2286936 2286782 | 155 155 | 92.26 | pa_ill_pa_contig44 contig_14
		Alignment: 1375 1760 | 2287374 2286989 | 386 386 | 92.75 | pa_ill_pa_contig44 contig_14
		Alignment: 997 1158 | 2287752 2287591 | 162 162 | 90.12 | pa_ill_pa_contig44 contig_14
		Alignment: 529 593 | 2288226 2288162 | 65 65 | 98.46 | pa_ill_pa_contig44 contig_14
		Alignment: 4882 5195 | 2931801 2931488 | 314 314 | 96.18 | pa_ill_pa_contig44 contig_14
		Alignment: 4268 4718 | 2932415 2931965 | 451 451 | 92.68 | pa_ill_pa_contig44 contig_14
		Alignment: 4118 4231 | 2932568 2932455 | 114 114 | 93.86 | pa_ill_pa_contig44 contig_14
		Alignment: 3453 3662 | 2933233 2933024 | 210 210 | 93.81 | pa_ill_pa_contig44 contig_14
		Alignment: 3374 3442 | 2933311 2933243 | 69 69 | 94.2 | pa_ill_pa_contig44 contig_14
		Alignment: 2892 3062 | 2933795 2933625 | 171 171 | 91.23 | pa_ill_pa_contig44 contig_14
		Alignment: 2687 2800 | 2934009 2933896 | 114 114 | 91.23 | pa_ill_pa_contig44 contig_14
		Alignment: 1975 2060 | 2934604 2934519 | 86 86 | 91.86 | pa_ill_pa_contig44 contig_14
		Alignment: 1813 1967 | 2934766 2934612 | 155 155 | 92.26 | pa_ill_pa_contig44 contig_14
		Alignment: 1375 1536 | 2935204 2935043 | 162 162 | 93.83 | pa_ill_pa_contig44 contig_14
		Alignment: 997 1158 | 2935582 2935421 | 162 162 | 90.12 | pa_ill_pa_contig44 contig_14
		Alignment: 529 593 | 2936056 2935992 | 65 65 | 98.46 | pa_ill_pa_contig44 contig_14
		Alignment: 4882 5195 | 2973201 2972888 | 314 314 | 96.18 | pa_ill_pa_contig44 contig_14
		Alignment: 4268 4718 | 2973815 2973365 | 451 451 | 92.68 | pa_ill_pa_contig44 contig_14
		Alignment: 4118 4231 | 2973968 2973855 | 114 114 | 93.86 | pa_ill_pa_contig44 contig_14
		Alignment: 3453 3662 | 2974633 2974424 | 210 210 | 93.81 | pa_ill_pa_contig44 contig_14
		Alignment: 3374 3442 | 2974711 2974643 | 69 69 | 94.2 | pa_ill_pa_contig44 contig_14
		Alignment: 2892 3062 | 2975195 2975025 | 171 171 | 91.23 | pa_ill_pa_contig44 contig_14
		Alignment: 2687 2800 | 2975409 2975296 | 114 114 | 91.23 | pa_ill_pa_contig44 contig_14
		Alignment: 1975 2060 | 2976004 2975919 | 86 86 | 91.86 | pa_ill_pa_contig44 contig_14
		Alignment: 1813 1967 | 2976166 2976012 | 155 155 | 92.26 | pa_ill_pa_contig44 contig_14
		Alignment: 1375 1536 | 2976604 2976443 | 162 162 | 93.83 | pa_ill_pa_contig44 contig_14
		Alignment: 997 1158 | 2976982 2976821 | 162 162 | 90.12 | pa_ill_pa_contig44 contig_14
		Alignment: 529 593 | 2977456 2977392 | 65 65 | 98.46 | pa_ill_pa_contig44 contig_14
		Alignment: 4882 5195 | 3104232 3103919 | 314 314 | 96.18 | pa_ill_pa_contig44 contig_14
		Alignment: 4391 4831 | 3104723 3104283 | 441 441 | 90.25 | pa_ill_pa_contig44 contig_14
		Alignment: 4268 4385 | 3104848 3104731 | 118 118 | 94.92 | pa_ill_pa_contig44 contig_14
		Alignment: 4118 4231 | 3105001 3104888 | 114 114 | 93.86 | pa_ill_pa_contig44 contig_14
		Alignment: 3453 3662 | 3105666 3105457 | 210 210 | 93.81 | pa_ill_pa_contig44 contig_14
		Alignment: 3374 3442 | 3105744 3105676 | 69 69 | 94.2 | pa_ill_pa_contig44 contig_14
		Alignment: 2892 3062 | 3106228 3106058 | 171 171 | 91.23 | pa_ill_pa_contig44 contig_14
		Alignment: 2687 2800 | 3106442 3106329 | 114 114 | 91.23 | pa_ill_pa_contig44 contig_14
		Alignment: 1975 2060 | 3107129 3107044 | 86 86 | 91.86 | pa_ill_pa_contig44 contig_14
		Alignment: 1813 1967 | 3107291 3107137 | 155 155 | 92.26 | pa_ill_pa_contig44 contig_14
		Alignment: 1375 1536 | 3107729 3107568 | 162 162 | 93.83 | pa_ill_pa_contig44 contig_14
		Alignment: 997 1158 | 3108107 3107946 | 162 162 | 90.12 | pa_ill_pa_contig44 contig_14
		Alignment: 529 593 | 3108581 3108517 | 65 65 | 98.46 | pa_ill_pa_contig44 contig_14
		Alignment: 4882 5195 | 3197950 3197637 | 314 314 | 96.18 | pa_ill_pa_contig44 contig_14
		Alignment: 4268 4718 | 3198564 3198114 | 451 451 | 92.68 | pa_ill_pa_contig44 contig_14
		Alignment: 4118 4231 | 3198717 3198604 | 114 114 | 93.86 | pa_ill_pa_contig44 contig_14
		Alignment: 3453 3662 | 3199382 3199173 | 210 210 | 93.81 | pa_ill_pa_contig44 contig_14
		Alignment: 3374 3442 | 3199460 3199392 | 69 69 | 94.2 | pa_ill_pa_contig44 contig_14
		Alignment: 2892 3062 | 3199944 3199774 | 171 171 | 91.23 | pa_ill_pa_contig44 contig_14
		Alignment: 2687 2800 | 3200158 3200045 | 114 114 | 91.23 | pa_ill_pa_contig44 contig_14
		Alignment: 1975 2060 | 3200753 3200668 | 86 86 | 91.86 | pa_ill_pa_contig44 contig_14
		Alignment: 1813 1967 | 3200915 3200761 | 155 155 | 92.26 | pa_ill_pa_contig44 contig_14
		Alignment: 1375 1536 | 3201353 3201192 | 162 162 | 93.83 | pa_ill_pa_contig44 contig_14
		Alignment: 997 1158 | 3201731 3201570 | 162 162 | 90.12 | pa_ill_pa_contig44 contig_14
		Alignment: 529 593 | 3202205 3202141 | 65 65 | 98.46 | pa_ill_pa_contig44 contig_14
		Alignment: 529 593 | 3741215 3741279 | 65 65 | 98.46 | pa_ill_pa_contig44 contig_14
		Alignment: 997 1158 | 3741689 3741850 | 162 162 | 90.12 | pa_ill_pa_contig44 contig_14
		Alignment: 1375 1536 | 3742067 3742228 | 162 162 | 93.83 | pa_ill_pa_contig44 contig_14
		Alignment: 1813 1967 | 3742505 3742659 | 155 155 | 92.26 | pa_ill_pa_contig44 contig_14
		Alignment: 1975 2060 | 3742667 3742752 | 86 86 | 91.86 | pa_ill_pa_contig44 contig_14
		Alignment: 2687 2800 | 3743345 3743458 | 114 114 | 91.23 | pa_ill_pa_contig44 contig_14
		Alignment: 3374 3442 | 3744043 3744111 | 69 69 | 94.2 | pa_ill_pa_contig44 contig_14
		Alignment: 3453 3662 | 3744121 3744330 | 210 210 | 93.81 | pa_ill_pa_contig44 contig_14
		Alignment: 4118 4231 | 3744786 3744899 | 114 114 | 93.86 | pa_ill_pa_contig44 contig_14
		Alignment: 4268 4831 | 3744939 3745502 | 564 564 | 90.96 | pa_ill_pa_contig44 contig_14
		Alignment: 4882 5195 | 3745553 3745866 | 314 314 | 96.18 | pa_ill_pa_contig44 contig_14
		Alignment: 529 593 | 4449542 4449606 | 65 65 | 98.46 | pa_ill_pa_contig44 contig_14
		Alignment: 997 1158 | 4450016 4450177 | 162 162 | 90.12 | pa_ill_pa_contig44 contig_14
		Alignment: 1375 1536 | 4450394 4450555 | 162 162 | 93.83 | pa_ill_pa_contig44 contig_14
		Alignment: 1813 1967 | 4450832 4450986 | 155 155 | 92.26 | pa_ill_pa_contig44 contig_14
		Alignment: 1975 2060 | 4450994 4451079 | 86 86 | 91.86 | pa_ill_pa_contig44 contig_14
		Alignment: 2687 2800 | 4451666 4451779 | 114 114 | 91.23 | pa_ill_pa_contig44 contig_14
		Alignment: 3374 3442 | 4452364 4452432 | 69 69 | 94.2 | pa_ill_pa_contig44 contig_14
		Alignment: 3453 3662 | 4452442 4452651 | 210 210 | 93.81 | pa_ill_pa_contig44 contig_14
		Alignment: 4118 4231 | 4453107 4453220 | 114 114 | 93.86 | pa_ill_pa_contig44 contig_14
		Alignment: 4268 4831 | 4453260 4453823 | 564 564 | 90.96 | pa_ill_pa_contig44 contig_14
		Alignment: 4882 5195 | 4453874 4454187 | 314 314 | 96.18 | pa_ill_pa_contig44 contig_14
		Unaligned bases: 4750530

CONTIG: contig_39 (4758092bp)
Best alignment score: 418.0 (LEN: 451, IDY: 92.68), Total number of alignments: 103
			Too much alignments (103), will use speed up heuristics
			Found 0 solid alignments:
			Skipping alignments located inside solid regions since they are redundant:
		Nothing was skipped
			Looking for the best set of alignments (out of 103 total alignments)
		Ambiguity for this contig is not checked for speed up (too much alignments and --ambiguity-usage is "one")
			Skipping redundant alignments after choosing the best set of alignments
		Skipping redundant alignment 3 78 | 52834 52909 | 76 76 | 100.0 | pa_ill_pa_contig9 contig_39
		Skipping redundant alignment 163 238 | 52834 52909 | 76 76 | 100.0 | pa_ill_pa_contig9 contig_39
		Skipping redundant alignment 28782 28858 | 52910 52834 | 77 77 | 100.0 | pa_ill_pa_contig8 contig_39
		Skipping redundant alignment 323 399 | 52834 52910 | 77 77 | 100.0 | pa_ill_pa_contig9 contig_39
		Skipping redundant alignment 93682 93815 | 434619 434486 | 134 134 | 93.28 | pa_ill_pa_contig13 contig_39
		Skipping redundant alignment 84045 84142 | 444507 444410 | 98 98 | 95.92 | pa_ill_pa_contig13 contig_39
		Skipping redundant alignment 159406 159543 | 4628108 4627971 | 138 138 | 92.03 | pa_ill_pa_contig4 contig_39
		Skipping redundant alignment 48504 48593 | 1504161 1504250 | 90 90 | 91.11 | pa_ill_pa_contig27 contig_39
		Skipping redundant alignment 161 238 | 2486993 2486916 | 78 78 | 100.0 | pa_ill_pa_contig9 contig_39
		Skipping redundant alignment 321 399 | 2486993 2486915 | 79 79 | 100.0 | pa_ill_pa_contig9 contig_39
		Skipping redundant alignment 65009 65098 | 1504161 1504250 | 90 90 | 91.11 | pa_ill_pa_contig27 contig_39
		Skipping redundant alignment 163517 163628 | 4624054 4623943 | 112 112 | 91.07 | pa_ill_pa_contig4 contig_39
			The best set is below. Score: 12422.6, number of alignments: 91, unaligned bases: 4742624
		This contig is misassembled.
		This contig is partially unaligned. (Aligned 15468 out of 4758092 non-N bases (0.33%))
			Warning! This contig is more unaligned than misassembled. Contig length is 4758092 (number of Ns: 0) and total length of all aligns is 15468
		Alignment: 4882 5195 | 806473 806160 | 314 314 | 96.18 | pa_ill_pa_contig44 contig_39
		Alignment: 4268 4718 | 807087 806637 | 451 451 | 92.68 | pa_ill_pa_contig44 contig_39
		Alignment: 4118 4233 | 807240 807125 | 116 116 | 93.1 | pa_ill_pa_contig44 contig_39
		Alignment: 3453 3662 | 807907 807698 | 210 210 | 93.81 | pa_ill_pa_contig44 contig_39
		Alignment: 3374 3442 | 807985 807917 | 69 69 | 92.75 | pa_ill_pa_contig44 contig_39
		Alignment: 2892 3062 | 808471 808301 | 171 171 | 91.23 | pa_ill_pa_contig44 contig_39
		Alignment: 2687 2798 | 808685 808574 | 112 112 | 91.07 | pa_ill_pa_contig44 contig_39
		Alignment: 1975 2060 | 809278 809193 | 86 86 | 91.86 | pa_ill_pa_contig44 contig_39
		Alignment: 1813 1967 | 809440 809286 | 155 155 | 92.26 | pa_ill_pa_contig44 contig_39
		Alignment: 1660 1760 | 809593 809493 | 101 101 | 94.06 | pa_ill_pa_contig44 contig_39
		Alignment: 1375 1650 | 809878 809603 | 276 276 | 93.48 | pa_ill_pa_contig44 contig_39
		Alignment: 995 1106 | 810258 810147 | 112 112 | 91.07 | pa_ill_pa_contig44 contig_39
		Alignment: 529 593 | 810730 810666 | 65 65 | 98.46 | pa_ill_pa_contig44 contig_39
		Alignment: 4882 5195 | 1472739 1472426 | 314 314 | 96.18 | pa_ill_pa_contig44 contig_39
		Alignment: 4268 4718 | 1473353 1472903 | 451 451 | 92.68 | pa_ill_pa_contig44 contig_39
		Alignment: 4118 4233 | 1473506 1473391 | 116 116 | 93.1 | pa_ill_pa_contig44 contig_39
		Alignment: 3453 3662 | 1474173 1473964 | 210 210 | 93.81 | pa_ill_pa_contig44 contig_39
		Alignment: 3374 3442 | 1474251 1474183 | 69 69 | 92.75 | pa_ill_pa_contig44 contig_39
		Alignment: 2892 3062 | 1474737 1474567 | 171 171 | 91.23 | pa_ill_pa_contig44 contig_39
		Alignment: 2687 2798 | 1474951 1474840 | 112 112 | 91.07 | pa_ill_pa_contig44 contig_39
		Alignment: 1975 2060 | 1475544 1475459 | 86 86 | 91.86 | pa_ill_pa_contig44 contig_39
		Alignment: 1813 1967 | 1475706 1475552 | 155 155 | 92.26 | pa_ill_pa_contig44 contig_39
		Alignment: 1660 1760 | 1475859 1475759 | 101 101 | 94.06 | pa_ill_pa_contig44 contig_39
		Alignment: 1375 1650 | 1476144 1475869 | 276 276 | 93.48 | pa_ill_pa_contig44 contig_39
		Alignment: 995 1106 | 1476523 1476412 | 112 112 | 91.07 | pa_ill_pa_contig44 contig_39
		Alignment: 529 593 | 1476995 1476931 | 65 65 | 98.46 | pa_ill_pa_contig44 contig_39
		Alignment: 529 593 | 1991951 1992015 | 65 65 | 98.46 | pa_ill_pa_contig44 contig_39
		Alignment: 995 1106 | 1992423 1992534 | 112 112 | 91.07 | pa_ill_pa_contig44 contig_39
		Alignment: 1375 1650 | 1992803 1993078 | 276 276 | 93.48 | pa_ill_pa_contig44 contig_39
		Alignment: 1660 1760 | 1993088 1993188 | 101 101 | 94.06 | pa_ill_pa_contig44 contig_39
		Alignment: 1813 1967 | 1993241 1993395 | 155 155 | 92.26 | pa_ill_pa_contig44 contig_39
		Alignment: 1975 2060 | 1993403 1993488 | 86 86 | 91.86 | pa_ill_pa_contig44 contig_39
		Alignment: 2687 2798 | 1994155 1994266 | 112 112 | 91.07 | pa_ill_pa_contig44 contig_39
		Alignment: 2892 3062 | 1994369 1994539 | 171 171 | 91.23 | pa_ill_pa_contig44 contig_39
		Alignment: 3374 3442 | 1994855 1994923 | 69 69 | 92.75 | pa_ill_pa_contig44 contig_39
		Alignment: 3453 3662 | 1994933 1995142 | 210 210 | 93.81 | pa_ill_pa_contig44 contig_39
		Alignment: 4118 4233 | 1995600 1995715 | 116 116 | 93.1 | pa_ill_pa_contig44 contig_39
		Alignment: 4268 4718 | 1995753 1996203 | 451 451 | 92.68 | pa_ill_pa_contig44 contig_39
		Alignment: 4882 5195 | 1996367 1996680 | 314 314 | 96.18 | pa_ill_pa_contig44 contig_39
		Alignment: 529 593 | 2087039 2087103 | 65 65 | 98.46 | pa_ill_pa_contig44 contig_39
		Alignment: 995 1106 | 2087511 2087622 | 112 112 | 91.07 | pa_ill_pa_contig44 contig_39
		Alignment: 1375 1650 | 2087891 2088166 | 276 276 | 93.48 | pa_ill_pa_contig44 contig_39
		Alignment: 1660 1760 | 2088176 2088276 | 101 101 | 94.06 | pa_ill_pa_contig44 contig_39
		Alignment: 1813 1967 | 2088329 2088483 | 155 155 | 92.26 | pa_ill_pa_contig44 contig_39
		Alignment: 1975 2060 | 2088491 2088576 | 86 86 | 91.86 | pa_ill_pa_contig44 contig_39
		Alignment: 2687 2798 | 2089084 2089195 | 112 112 | 91.07 | pa_ill_pa_contig44 contig_39
		Alignment: 2892 3062 | 2089298 2089468 | 171 171 | 91.23 | pa_ill_pa_contig44 contig_39
		Alignment: 3374 3442 | 2089784 2089852 | 69 69 | 92.75 | pa_ill_pa_contig44 contig_39
		Alignment: 3453 3662 | 2089862 2090071 | 210 210 | 93.81 | pa_ill_pa_contig44 contig_39
		Alignment: 4118 4233 | 2090529 2090644 | 116 116 | 93.1 | pa_ill_pa_contig44 contig_39
		Alignment: 4268 4718 | 2090682 2091132 | 451 451 | 92.68 | pa_ill_pa_contig44 contig_39
		Alignment: 4882 5195 | 2091296 2091609 | 314 314 | 96.18 | pa_ill_pa_contig44 contig_39
		Alignment: 529 593 | 2242275 2242339 | 65 65 | 98.46 | pa_ill_pa_contig44 contig_39
		Alignment: 995 1106 | 2242747 2242858 | 112 112 | 91.07 | pa_ill_pa_contig44 contig_39
		Alignment: 1256 1345 | 2243007 2243096 | 90 90 | 93.33 | pa_ill_pa_contig44 contig_39
		Alignment: 1375 1650 | 2243126 2243401 | 276 276 | 93.48 | pa_ill_pa_contig44 contig_39
		Alignment: 1660 1760 | 2243411 2243511 | 101 101 | 94.06 | pa_ill_pa_contig44 contig_39
		Alignment: 1813 1967 | 2243564 2243718 | 155 155 | 92.26 | pa_ill_pa_contig44 contig_39
		Alignment: 1975 2060 | 2243726 2243811 | 86 86 | 91.86 | pa_ill_pa_contig44 contig_39
		Alignment: 2687 2798 | 2244478 2244589 | 112 112 | 91.07 | pa_ill_pa_contig44 contig_39
		Alignment: 2892 3062 | 2244692 2244862 | 171 171 | 91.23 | pa_ill_pa_contig44 contig_39
		Alignment: 3374 3442 | 2245178 2245246 | 69 69 | 92.75 | pa_ill_pa_contig44 contig_39
		Alignment: 3453 3662 | 2245256 2245465 | 210 210 | 93.33 | pa_ill_pa_contig44 contig_39
		Alignment: 4118 4233 | 2245923 2246038 | 116 116 | 93.1 | pa_ill_pa_contig44 contig_39
		Alignment: 4268 4718 | 2246076 2246526 | 451 451 | 92.68 | pa_ill_pa_contig44 contig_39
		Alignment: 4882 5195 | 2246690 2247003 | 314 314 | 96.18 | pa_ill_pa_contig44 contig_39
		Alignment: 529 593 | 2285189 2285253 | 65 65 | 98.46 | pa_ill_pa_contig44 contig_39
		Alignment: 995 1106 | 2285661 2285772 | 112 112 | 91.07 | pa_ill_pa_contig44 contig_39
		Alignment: 1375 1650 | 2286041 2286316 | 276 276 | 93.48 | pa_ill_pa_contig44 contig_39
		Alignment: 1660 1760 | 2286326 2286426 | 101 101 | 94.06 | pa_ill_pa_contig44 contig_39
		Alignment: 1813 1967 | 2286479 2286633 | 155 155 | 92.26 | pa_ill_pa_contig44 contig_39
		Alignment: 1975 2060 | 2286641 2286726 | 86 86 | 91.86 | pa_ill_pa_contig44 contig_39
		Alignment: 2687 2798 | 2287234 2287345 | 112 112 | 91.07 | pa_ill_pa_contig44 contig_39
		Alignment: 2892 3062 | 2287448 2287618 | 171 171 | 91.23 | pa_ill_pa_contig44 contig_39
		Alignment: 3374 3442 | 2287934 2288002 | 69 69 | 92.75 | pa_ill_pa_contig44 contig_39
		Alignment: 3453 3662 | 2288012 2288221 | 210 210 | 93.33 | pa_ill_pa_contig44 contig_39
		Alignment: 4118 4233 | 2288679 2288794 | 116 116 | 93.1 | pa_ill_pa_contig44 contig_39
		Alignment: 4268 4718 | 2288832 2289282 | 451 451 | 92.68 | pa_ill_pa_contig44 contig_39
		Alignment: 4882 5195 | 2289446 2289759 | 314 314 | 96.18 | pa_ill_pa_contig44 contig_39
		Alignment: 529 593 | 3034736 3034800 | 65 65 | 98.46 | pa_ill_pa_contig44 contig_39
		Alignment: 995 1106 | 3035208 3035319 | 112 112 | 91.07 | pa_ill_pa_contig44 contig_39
		Alignment: 1375 1536 | 3035587 3035748 | 162 162 | 93.21 | pa_ill_pa_contig44 contig_39
		Alignment: 1542 1650 | 3035754 3035862 | 109 109 | 90.83 | pa_ill_pa_contig44 contig_39
		Alignment: 1660 1760 | 3035872 3035972 | 101 101 | 94.06 | pa_ill_pa_contig44 contig_39
		Alignment: 1813 1967 | 3036025 3036179 | 155 155 | 92.26 | pa_ill_pa_contig44 contig_39
		Alignment: 1975 2060 | 3036187 3036272 | 86 86 | 91.86 | pa_ill_pa_contig44 contig_39
		Alignment: 3374 3442 | 3037739 3037807 | 69 69 | 92.75 | pa_ill_pa_contig44 contig_39
		Alignment: 3453 3662 | 3037817 3038026 | 210 210 | 93.81 | pa_ill_pa_contig44 contig_39
		Alignment: 4118 4233 | 3038484 3038599 | 116 116 | 93.1 | pa_ill_pa_contig44 contig_39
		Alignment: 4268 4718 | 3038637 3039087 | 451 451 | 92.68 | pa_ill_pa_contig44 contig_39
		Alignment: 4882 5195 | 3039251 3039564 | 314 314 | 96.18 | pa_ill_pa_contig44 contig_39
		Unaligned bases: 4742624

CONTIG: contig_2 (4045587bp)
Best alignment score: 125.0 (LEN: 138, IDY: 90.58), Total number of alignments: 32
			Looking for the best set of alignments (out of 32 total alignments)
			Skipping redundant alignments after choosing the best set of alignments
		Skipping redundant alignment 1201 1338 | 3686198 3686335 | 138 138 | 90.58 | pa_ill_pa_contig44 contig_2
		Skipping redundant alignment 1397 1515 | 3686395 3686513 | 119 119 | 94.12 | pa_ill_pa_contig44 contig_2
		Skipping redundant alignment 4406 4535 | 3689144 3689273 | 130 130 | 90.77 | pa_ill_pa_contig44 contig_2
			The best set is below. Score: 1035.8, number of alignments: 29, unaligned bases: 4041922
		This contig is misassembled.
		This contig is partially unaligned. (Aligned 3665 out of 4045587 non-N bases (0.09%))
			Warning! This contig is more unaligned than misassembled. Contig length is 4045587 (number of Ns: 0) and total length of all aligns is 3665
		Alignment: 4406 4535 | 1701270 1701141 | 130 130 | 90.77 | pa_ill_pa_contig44 contig_2
		Alignment: 1397 1515 | 1704019 1703901 | 119 119 | 94.12 | pa_ill_pa_contig44 contig_2
		Alignment: 1201 1338 | 1704216 1704079 | 138 138 | 90.58 | pa_ill_pa_contig44 contig_2
		Alignment: 4406 4535 | 1994036 1993907 | 130 130 | 90.77 | pa_ill_pa_contig44 contig_2
		Alignment: 1397 1515 | 1996785 1996667 | 119 119 | 94.12 | pa_ill_pa_contig44 contig_2
		Alignment: 1201 1338 | 1996982 1996845 | 138 138 | 90.58 | pa_ill_pa_contig44 contig_2
		Alignment: 4406 4535 | 2447489 2447360 | 130 130 | 90.77 | pa_ill_pa_contig44 contig_2
		Alignment: 1561 1651 | 2450074 2449984 | 91 91 | 92.31 | pa_ill_pa_contig44 contig_2
		Alignment: 1397 1515 | 2450237 2450119 | 119 119 | 94.12 | pa_ill_pa_contig44 contig_2
		Alignment: 1201 1338 | 2450434 2450297 | 138 138 | 90.58 | pa_ill_pa_contig44 contig_2
		Alignment: 4406 4535 | 2452489 2452360 | 130 130 | 90.77 | pa_ill_pa_contig44 contig_2
		Alignment: 1397 1515 | 2455238 2455120 | 119 119 | 94.12 | pa_ill_pa_contig44 contig_2
		Alignment: 1201 1338 | 2455435 2455298 | 138 138 | 90.58 | pa_ill_pa_contig44 contig_2
		Alignment: 4406 4535 | 2458102 2457973 | 130 130 | 90.77 | pa_ill_pa_contig44 contig_2
		Alignment: 1561 1651 | 2460687 2460597 | 91 91 | 92.31 | pa_ill_pa_contig44 contig_2
		Alignment: 1397 1515 | 2460850 2460732 | 119 119 | 94.12 | pa_ill_pa_contig44 contig_2
		Alignment: 1201 1338 | 2461047 2460910 | 138 138 | 90.58 | pa_ill_pa_contig44 contig_2
		Alignment: 4406 4535 | 2522643 2522514 | 130 130 | 90.77 | pa_ill_pa_contig44 contig_2
		Alignment: 1397 1515 | 2525392 2525274 | 119 119 | 94.12 | pa_ill_pa_contig44 contig_2
		Alignment: 1201 1338 | 2525589 2525452 | 138 138 | 90.58 | pa_ill_pa_contig44 contig_2
		Alignment: 4406 4535 | 2528566 2528437 | 130 130 | 90.77 | pa_ill_pa_contig44 contig_2
		Alignment: 1397 1515 | 2531315 2531197 | 119 119 | 94.12 | pa_ill_pa_contig44 contig_2
		Alignment: 1201 1338 | 2531512 2531375 | 138 138 | 90.58 | pa_ill_pa_contig44 contig_2
		Alignment: 4406 4535 | 2588722 2588593 | 130 130 | 90.77 | pa_ill_pa_contig44 contig_2
		Alignment: 1397 1515 | 2591648 2591530 | 119 119 | 94.12 | pa_ill_pa_contig44 contig_2
		Alignment: 1201 1338 | 2591845 2591708 | 138 138 | 90.58 | pa_ill_pa_contig44 contig_2
		Alignment: 4406 4535 | 2609334 2609205 | 130 130 | 90.77 | pa_ill_pa_contig44 contig_2
		Alignment: 1397 1515 | 2612260 2612142 | 119 119 | 94.12 | pa_ill_pa_contig44 contig_2
		Alignment: 1201 1338 | 2612457 2612320 | 138 138 | 90.58 | pa_ill_pa_contig44 contig_2
		Unaligned bases: 4041922

CONTIG: contig_28 (2992073bp)
Best alignment score: 127.0 (LEN: 138, IDY: 92.03), Total number of alignments: 18
			Looking for the best set of alignments (out of 18 total alignments)
			Skipping redundant alignments after choosing the best set of alignments
		Skipping redundant alignment 1201 1338 | 1078432 1078569 | 138 138 | 92.03 | pa_ill_pa_contig44 contig_28
		Skipping redundant alignment 1397 1517 | 1078629 1078749 | 121 121 | 95.04 | pa_ill_pa_contig44 contig_28
		Skipping redundant alignment 4406 4488 | 1081709 1081791 | 83 83 | 97.59 | pa_ill_pa_contig44 contig_28
		Skipping redundant alignment 1201 1338 | 1676945 1677082 | 138 138 | 92.03 | pa_ill_pa_contig44 contig_28
		Skipping redundant alignment 1397 1517 | 1677142 1677262 | 121 121 | 95.04 | pa_ill_pa_contig44 contig_28
		Skipping redundant alignment 4406 4488 | 1679971 1680053 | 83 83 | 97.59 | pa_ill_pa_contig44 contig_28
		Skipping redundant alignment 1201 1338 | 1781622 1781759 | 138 138 | 92.03 | pa_ill_pa_contig44 contig_28
		Skipping redundant alignment 1397 1517 | 1781819 1781939 | 121 121 | 95.04 | pa_ill_pa_contig44 contig_28
		Skipping redundant alignment 4406 4488 | 1784648 1784730 | 83 83 | 97.59 | pa_ill_pa_contig44 contig_28
			The best set is below. Score: 378.3, number of alignments: 9, unaligned bases: 2991047
		This contig is misassembled.
		This contig is partially unaligned. (Aligned 1026 out of 2992073 non-N bases (0.03%))
			Warning! This contig is more unaligned than misassembled. Contig length is 2992073 (number of Ns: 0) and total length of all aligns is 1026
		Alignment: 4406 4488 | 286979 286897 | 83 83 | 97.59 | pa_ill_pa_contig44 contig_28
		Alignment: 1397 1517 | 289808 289688 | 121 121 | 95.04 | pa_ill_pa_contig44 contig_28
		Alignment: 1201 1338 | 290005 289868 | 138 138 | 92.03 | pa_ill_pa_contig44 contig_28
		Alignment: 4406 4488 | 292998 292916 | 83 83 | 97.59 | pa_ill_pa_contig44 contig_28
		Alignment: 1397 1517 | 295827 295707 | 121 121 | 95.04 | pa_ill_pa_contig44 contig_28
		Alignment: 1201 1338 | 296024 295887 | 138 138 | 92.03 | pa_ill_pa_contig44 contig_28
		Alignment: 4406 4488 | 530549 530467 | 83 83 | 97.59 | pa_ill_pa_contig44 contig_28
		Alignment: 1397 1517 | 533629 533509 | 121 121 | 95.04 | pa_ill_pa_contig44 contig_28
		Alignment: 1201 1338 | 533826 533689 | 138 138 | 92.03 | pa_ill_pa_contig44 contig_28
		Unaligned bases: 2991047

CONTIG: contig_36 (1938538bp)
Best alignment score: 271.0 (LEN: 301, IDY: 90.03), Total number of alignments: 8
			Looking for the best set of alignments (out of 8 total alignments)
			Skipping redundant alignments after choosing the best set of alignments
		Skipping redundant alignment 1397 1521 | 68895 68771 | 125 125 | 92.8 | pa_ill_pa_contig44 contig_36
		Skipping redundant alignment 1397 1521 | 145788 145664 | 125 125 | 92.8 | pa_ill_pa_contig44 contig_36
		Skipping redundant alignment 1397 1521 | 181312 181188 | 125 125 | 92.8 | pa_ill_pa_contig44 contig_36
		Skipping redundant alignment 1873 1938 | 1659087 1659022 | 66 66 | 92.42 | pa_ill_pa_contig44 contig_36
		Skipping redundant alignment 1397 1521 | 1659572 1659448 | 125 125 | 92.8 | pa_ill_pa_contig44 contig_36
			The best set is below. Score: 479.0, number of alignments: 3, unaligned bases: 1938017
		This contig is misassembled.
		This contig is partially unaligned. (Aligned 521 out of 1938538 non-N bases (0.03%))
			Warning! This contig is more unaligned than misassembled. Contig length is 1938538 (number of Ns: 0) and total length of all aligns is 521
		Alignment: 1397 1521 | 842700 842824 | 125 125 | 92.8 | pa_ill_pa_contig44 contig_36
		Alignment: 4406 4500 | 845670 845764 | 95 95 | 96.84 | pa_ill_pa_contig44 contig_36
		Alignment: 4834 5134 | 846100 846400 | 301 301 | 90.03 | pa_ill_pa_contig44 contig_36
		Unaligned bases: 1938017

CONTIG: contig_44 (2719556bp)
Best alignment score: 211.0 (LEN: 233, IDY: 90.56), Total number of alignments: 18
			Looking for the best set of alignments (out of 18 total alignments)
			Skipping redundant alignments after choosing the best set of alignments
		Skipping redundant alignment 4403 4500 | 2585117 2585020 | 98 98 | 96.94 | pa_ill_pa_contig44 contig_44
		Skipping redundant alignment 1397 1503 | 2588169 2588063 | 107 107 | 96.26 | pa_ill_pa_contig44 contig_44
		Skipping redundant alignment 4903 5134 | 2584617 2584386 | 232 232 | 90.95 | pa_ill_pa_contig44 contig_44
			The best set is below. Score: 830.5, number of alignments: 15, unaligned bases: 2717368
		This contig is misassembled.
		This contig is partially unaligned. (Aligned 2188 out of 2719556 non-N bases (0.08%))
			Warning! This contig is more unaligned than misassembled. Contig length is 2719556 (number of Ns: 0) and total length of all aligns is 2188
		Alignment: 4903 5134 | 1073 841 | 232 233 | 90.56 | pa_ill_pa_contig44 contig_44
		Alignment: 4403 4500 | 1573 1476 | 98 98 | 96.94 | pa_ill_pa_contig44 contig_44
		Alignment: 1397 1503 | 4620 4514 | 107 107 | 96.26 | pa_ill_pa_contig44 contig_44
		Alignment: 4903 5134 | 114517 114286 | 232 232 | 90.95 | pa_ill_pa_contig44 contig_44
		Alignment: 4403 4500 | 115017 114920 | 98 98 | 96.94 | pa_ill_pa_contig44 contig_44
		Alignment: 1397 1503 | 118019 117913 | 107 107 | 96.26 | pa_ill_pa_contig44 contig_44
		Alignment: 1397 1503 | 1175041 1175147 | 107 107 | 96.26 | pa_ill_pa_contig44 contig_44
		Alignment: 4403 4500 | 1178060 1178157 | 98 98 | 96.94 | pa_ill_pa_contig44 contig_44
		Alignment: 4903 5134 | 1178560 1178792 | 232 233 | 90.56 | pa_ill_pa_contig44 contig_44
		Alignment: 1397 1503 | 1219654 1219760 | 107 107 | 96.26 | pa_ill_pa_contig44 contig_44
		Alignment: 4403 4500 | 1222614 1222711 | 98 98 | 96.94 | pa_ill_pa_contig44 contig_44
		Alignment: 4903 5134 | 1223114 1223346 | 232 233 | 90.56 | pa_ill_pa_contig44 contig_44
		Alignment: 1397 1503 | 1224911 1225017 | 107 107 | 96.26 | pa_ill_pa_contig44 contig_44
		Alignment: 4403 4500 | 1227837 1227934 | 98 98 | 96.94 | pa_ill_pa_contig44 contig_44
		Alignment: 4903 5134 | 1228337 1228568 | 232 232 | 90.56 | pa_ill_pa_contig44 contig_44
		Unaligned bases: 2717368

CONTIG: contig_50 (2845434bp)
Best alignment score: 129.0 (LEN: 142, IDY: 90.85), Total number of alignments: 12
			Looking for the best set of alignments (out of 12 total alignments)
			Skipping redundant alignments after choosing the best set of alignments
		Skipping redundant alignment 1200 1338 | 684330 684468 | 139 139 | 91.37 | pa_ill_pa_contig44 contig_50
		Skipping redundant alignment 1397 1538 | 684528 684669 | 142 142 | 90.85 | pa_ill_pa_contig44 contig_50
		Skipping redundant alignment 4406 4500 | 687420 687514 | 95 95 | 96.84 | pa_ill_pa_contig44 contig_50
		Skipping redundant alignment 1200 1338 | 1303565 1303703 | 139 139 | 91.37 | pa_ill_pa_contig44 contig_50
		Skipping redundant alignment 1397 1538 | 1303763 1303904 | 142 142 | 90.85 | pa_ill_pa_contig44 contig_50
		Skipping redundant alignment 4406 4500 | 1306655 1306749 | 95 95 | 96.84 | pa_ill_pa_contig44 contig_50
		Skipping redundant alignment 4406 4500 | 2812156 2812062 | 95 95 | 96.84 | pa_ill_pa_contig44 contig_50
		Skipping redundant alignment 1397 1538 | 2814946 2814805 | 142 142 | 90.85 | pa_ill_pa_contig44 contig_50
		Skipping redundant alignment 1200 1338 | 2815144 2815006 | 139 139 | 91.37 | pa_ill_pa_contig44 contig_50
		This contig has several significant sets of alignments. [An ambiguously mapped contig]
		Using only the very best set (option --ambiguity-usage is set to "one").
			The best set is below. Score: 324.0, number of alignments: 3, unaligned bases: 2845058
		This contig is misassembled.
		This contig is partially unaligned. (Aligned 376 out of 2845434 non-N bases (0.01%))
			Warning! This contig is more unaligned than misassembled. Contig length is 2845434 (number of Ns: 0) and total length of all aligns is 376
		Alignment: 1200 1338 | 241200 241338 | 139 139 | 91.37 | pa_ill_pa_contig44 contig_50
		Alignment: 1397 1538 | 241398 241539 | 142 142 | 90.85 | pa_ill_pa_contig44 contig_50
		Alignment: 4406 4500 | 244188 244282 | 95 95 | 96.84 | pa_ill_pa_contig44 contig_50
		Unaligned bases: 2845058

Analyzing coverage...
Writing SNPs into /media3/lucia/zymo_mock_community/asms_cuantizados/v2_31-1-21_8bins/metaquast-8bins/runs_per_reference/pa_ill/contigs_reports/minimap_output/r10_8bins_3_r2_medaka.used_snps.gz

Analysis is finished!
Founded SNPs were written into /media3/lucia/zymo_mock_community/asms_cuantizados/v2_31-1-21_8bins/metaquast-8bins/runs_per_reference/pa_ill/contigs_reports/minimap_output/r10_8bins_3_r2_medaka.used_snps.gz

Results:
	Local Misassemblies: 11
	Misassemblies: 6
		Relocations: 0
		Translocations: 6
		Inversions: 0
	Scaffold gap extensive misassemblies: 0
	Scaffold gap local misassemblies: 0
	Misassemblies caused by fragmented reference: 21
	Misassembled Contigs: 1
	Misassembled Contig Bases: 6792413
	Misassemblies Inter-Contig Overlap: 0
Unaligned Contigs: 0 + 8 part
Half Unaligned Contigs with Misassemblies: 7
Unaligned Contig Bases: 24037932

Ambiguously Mapped Contigs: 2
Total Bases in Ambiguously Mapped Contigs: 7610799
Extra Bases in Ambiguously Mapped Contigs: 0
Note that --allow-ambiguity option was set to "one" and only first alignment per each of these contigs was used.

	Covered Bases: 6720877

	SNPs: 3743
	Insertions: 228
	Deletions: 5031

