Aligning contigs to reference...
	Aligning contigs to the reference
Filtering alignments...
Parsing coords...
Loading reference...
	Loaded [pa_ill_pa_contig77]
	Loaded [pa_ill_pa_contig76]
	Loaded [pa_ill_pa_contig75]
	Loaded [pa_ill_pa_contig74]
	Loaded [pa_ill_pa_contig73]
	Loaded [pa_ill_pa_contig72]
	Loaded [pa_ill_pa_contig71]
	Loaded [pa_ill_pa_contig70]
	Loaded [pa_ill_pa_contig23]
	Loaded [pa_ill_pa_contig21]
	Loaded [pa_ill_pa_contig28]
	Loaded [pa_ill_pa_contig79]
	Loaded [pa_ill_pa_contig78]
	Loaded [pa_ill_pa_contig32]
	Loaded [pa_ill_pa_contig8]
	Loaded [pa_ill_pa_contig41]
	Loaded [pa_ill_pa_contig47]
	Loaded [pa_ill_pa_contig4]
	Loaded [pa_ill_pa_contig13]
	Loaded [pa_ill_pa_contig11]
	Loaded [pa_ill_pa_contig10]
	Loaded [pa_ill_pa_contig39]
	Loaded [pa_ill_pa_contig12]
	Loaded [pa_ill_pa_contig59]
	Loaded [pa_ill_pa_contig14]
	Loaded [pa_ill_pa_contig17]
	Loaded [pa_ill_pa_contig16]
	Loaded [pa_ill_pa_contig55]
	Loaded [pa_ill_pa_contig54]
	Loaded [pa_ill_pa_contig31]
	Loaded [pa_ill_pa_contig56]
	Loaded [pa_ill_pa_contig51]
	Loaded [pa_ill_pa_contig50]
	Loaded [pa_ill_pa_contig35]
	Loaded [pa_ill_pa_contig34]
	Loaded [pa_ill_pa_contig60]
	Loaded [pa_ill_pa_contig61]
	Loaded [pa_ill_pa_contig62]
	Loaded [pa_ill_pa_contig63]
	Loaded [pa_ill_pa_contig64]
	Loaded [pa_ill_pa_contig65]
	Loaded [pa_ill_pa_contig66]
	Loaded [pa_ill_pa_contig67]
	Loaded [pa_ill_pa_contig68]
	Loaded [pa_ill_pa_contig69]
	Loaded [pa_ill_pa_contig80]
	Loaded [pa_ill_pa_contig81]
	Loaded [pa_ill_pa_contig84]
	Loaded [pa_ill_pa_contig19]
	Loaded [pa_ill_pa_contig83]
	Loaded [pa_ill_pa_contig2]
	Loaded [pa_ill_pa_contig18]
	Loaded [pa_ill_pa_contig5]
	Loaded [pa_ill_pa_contig57]
	Loaded [pa_ill_pa_contig58]
	Loaded [pa_ill_pa_contig15]
	Loaded [pa_ill_pa_contig1]
	Loaded [pa_ill_pa_contig45]
	Loaded [pa_ill_pa_contig3]
	Loaded [pa_ill_pa_contig30]
	Loaded [pa_ill_pa_contig33]
	Loaded [pa_ill_pa_contig38]
	Loaded [pa_ill_pa_contig7]
	Loaded [pa_ill_pa_contig6]
	Loaded [pa_ill_pa_contig9]
	Loaded [pa_ill_pa_contig37]
	Loaded [pa_ill_pa_contig36]
	Loaded [pa_ill_pa_contig24]
	Loaded [pa_ill_pa_contig25]
	Loaded [pa_ill_pa_contig26]
	Loaded [pa_ill_pa_contig27]
	Loaded [pa_ill_pa_contig20]
	Loaded [pa_ill_pa_contig53]
	Loaded [pa_ill_pa_contig48]
	Loaded [pa_ill_pa_contig49]
	Loaded [pa_ill_pa_contig46]
	Loaded [pa_ill_pa_contig22]
	Loaded [pa_ill_pa_contig44]
	Loaded [pa_ill_pa_contig52]
	Loaded [pa_ill_pa_contig42]
	Loaded [pa_ill_pa_contig43]
	Loaded [pa_ill_pa_contig40]
	Loaded [pa_ill_pa_contig29]
	Total Regions: 83
	Total Region Length: 6728151
Analyzing contigs...
CONTIG: contig_106 (6788581bp)
Best alignment score: 846388.6 (LEN: 847151, IDY: 99.91), Total number of alignments: 175
			Too much alignments (175), will use speed up heuristics
			Found 102 solid alignments:
		Solid alignment 46754 47071 | 3 317 | 318 315 | 94.06 | pa_ill_pa_contig35 contig_106
		Solid alignment 5 2207 | 3178 995 | 2203 2184 | 96.8 | pa_ill_pa_contig55 contig_106
		Solid alignment 1 232544 | 3128 235572 | 232544 232445 | 99.91 | pa_ill_pa_contig10 contig_106
		Solid alignment 1 1874 | 235445 237316 | 1874 1872 | 99.68 | pa_ill_pa_contig57 contig_106
		Solid alignment 232388 237361 | 237161 242128 | 4974 4968 | 99.86 | pa_ill_pa_contig10 contig_106
		Solid alignment 1235 3702 | 244660 242179 | 2468 2482 | 94.15 | pa_ill_pa_contig48 contig_106
		Solid alignment 21 1079 | 245877 244812 | 1059 1066 | 91.8 | pa_ill_pa_contig48 contig_106
		Solid alignment 1 956 | 245843 246798 | 956 956 | 99.06 | pa_ill_pa_contig70 contig_106
		Solid alignment 1 3064 | 249802 246744 | 3064 3059 | 95.04 | pa_ill_pa_contig51 contig_106
		Solid alignment 92967 210873 | 367575 249749 | 117907 117827 | 99.91 | pa_ill_pa_contig11 contig_106
		Solid alignment 1 93281 | 460363 367153 | 93281 93211 | 99.9 | pa_ill_pa_contig11 contig_106
		Solid alignment 8 985 | 460316 461290 | 978 975 | 98.27 | pa_ill_pa_contig69 contig_106
		Solid alignment 13 48969 | 461248 510170 | 48957 48923 | 99.9 | pa_ill_pa_contig34 contig_106
		Solid alignment 1 5713 | 510117 515832 | 5713 5716 | 96.67 | pa_ill_pa_contig44 contig_106
		Solid alignment 1 106324 | 622051 515778 | 106324 106274 | 99.94 | pa_ill_pa_contig22 contig_106
		Solid alignment 6 90153 | 712525 622427 | 90148 90099 | 99.93 | pa_ill_pa_contig23 contig_106
		Solid alignment 1 1197 | 712474 713677 | 1197 1204 | 95.49 | pa_ill_pa_contig67 contig_106
		Solid alignment 1 465588 | 713623 1178833 | 465588 465211 | 99.88 | pa_ill_pa_contig3 contig_106
		Solid alignment 262 2514 | 1179209 1181432 | 2253 2224 | 94.59 | pa_ill_pa_contig54 contig_106
		Solid alignment 13 868 | 1181895 1182757 | 856 863 | 94.04 | pa_ill_pa_contig74 contig_106
		Solid alignment 61 118997 | 1183589 1302463 | 118937 118875 | 99.93 | pa_ill_pa_contig18 contig_106
		Solid alignment 1 5713 | 1302416 1308126 | 5713 5711 | 96.38 | pa_ill_pa_contig44 contig_106
		Solid alignment 1 1339 | 1308071 1309429 | 1339 1359 | 97.58 | pa_ill_pa_contig63 contig_106
		Solid alignment 1 1492 | 1310318 1311798 | 1492 1481 | 97.14 | pa_ill_pa_contig61 contig_106
		Solid alignment 1 21797 | 1311744 1333531 | 21797 21788 | 99.94 | pa_ill_pa_contig41 contig_106
		Solid alignment 1 868 | 1335216 1334347 | 868 870 | 92.89 | pa_ill_pa_contig74 contig_106
		Solid alignment 1276 2502 | 1336884 1335676 | 1227 1209 | 92.24 | pa_ill_pa_contig54 contig_106
		Solid alignment 1 834 | 1338008 1337175 | 834 834 | 92.82 | pa_ill_pa_contig54 contig_106
		Solid alignment 132 56425 | 1394167 1337962 | 56294 56206 | 99.58 | pa_ill_pa_contig31 contig_106
		Solid alignment 1 187635 | 1396237 1583774 | 187635 187538 | 99.93 | pa_ill_pa_contig14 contig_106
		Solid alignment 1 265097 | 1584619 1849590 | 265097 264972 | 99.93 | pa_ill_pa_contig7 contig_106
		Solid alignment 1 1538 | 1850041 1851595 | 1538 1555 | 98.14 | pa_ill_pa_contig60 contig_106
		Solid alignment 1 3511 | 1855509 1851966 | 3511 3544 | 98.76 | pa_ill_pa_contig49 contig_106
		Solid alignment 1 38107 | 1856104 1894198 | 38107 38095 | 99.89 | pa_ill_pa_contig36 contig_106
		Solid alignment 37 5713 | 1894216 1899887 | 5677 5672 | 93.0 | pa_ill_pa_contig44 contig_106
		Solid alignment 2 61716 | 1899834 1961523 | 61715 61690 | 99.9 | pa_ill_pa_contig29 contig_106
		Solid alignment 1 1185 | 1962653 1961481 | 1185 1173 | 92.51 | pa_ill_pa_contig67 contig_106
		Solid alignment 7 847683 | 2809750 1962600 | 847677 847151 | 99.91 | pa_ill_pa_contig1 contig_106
		Solid alignment 22 46754 | 2859595 2812881 | 46733 46715 | 99.91 | pa_ill_pa_contig35 contig_106
		Solid alignment 1 266935 | 2860226 3127020 | 266935 266795 | 99.91 | pa_ill_pa_contig6 contig_106
		Solid alignment 1 111253 | 3238174 3126980 | 111253 111195 | 99.87 | pa_ill_pa_contig20 contig_106
		Solid alignment 1 5507 | 3243568 3238120 | 5507 5449 | 92.88 | pa_ill_pa_contig45 contig_106
		Solid alignment 16 118702 | 3243529 3362157 | 118687 118629 | 99.9 | pa_ill_pa_contig19 contig_106
		Solid alignment 1 1225 | 3363912 3362668 | 1225 1245 | 91.42 | pa_ill_pa_contig65 contig_106
		Solid alignment 1 944 | 3364815 3363856 | 944 960 | 91.35 | pa_ill_pa_contig71 contig_106
		Solid alignment 102 23992 | 3365656 3389558 | 23891 23903 | 99.81 | pa_ill_pa_contig40 contig_106
		Solid alignment 1 1468 | 3389503 3390967 | 1468 1465 | 97.56 | pa_ill_pa_contig62 contig_106
		Solid alignment 1 56682 | 3390912 3447573 | 56682 56662 | 99.89 | pa_ill_pa_contig30 contig_106
		Solid alignment 1 927 | 3447519 3448432 | 927 914 | 92.42 | pa_ill_pa_contig73 contig_106
		Solid alignment 1 204998 | 3653180 3448377 | 204998 204804 | 99.82 | pa_ill_pa_contig12 contig_106
		Solid alignment 8 1488 | 3653133 3654635 | 1481 1503 | 94.59 | pa_ill_pa_contig61 contig_106
		Solid alignment 1 106741 | 3654585 3761248 | 106741 106664 | 99.88 | pa_ill_pa_contig21 contig_106
		Solid alignment 1 34671 | 3762523 3797252 | 34671 34730 | 99.67 | pa_ill_pa_contig15 contig_106
		Solid alignment 34236 173642 | 3796872 3936284 | 139407 139413 | 99.88 | pa_ill_pa_contig15 contig_106
		Solid alignment 1 1019 | 3941303 3940268 | 1019 1036 | 90.27 | pa_ill_pa_contig68 contig_106
		Solid alignment 1 1672 | 3942845 3944499 | 1672 1655 | 90.04 | pa_ill_pa_contig58 contig_106
		Solid alignment 25 4971 | 3944479 3949423 | 4947 4945 | 99.17 | pa_ill_pa_contig46 contig_106
		Solid alignment 1 1675 | 3949368 3951043 | 1675 1676 | 95.64 | pa_ill_pa_contig58 contig_106
		Solid alignment 1 3238 | 3950996 3954226 | 3238 3231 | 98.77 | pa_ill_pa_contig50 contig_106
		Solid alignment 1 799 | 3954172 3954969 | 799 798 | 96.03 | pa_ill_pa_contig75 contig_106
		Solid alignment 1 6093 | 3961813 3955729 | 6093 6085 | 99.49 | pa_ill_pa_contig43 contig_106
		Solid alignment 4 798 | 3961762 3962553 | 795 792 | 94.89 | pa_ill_pa_contig75 contig_106
		Solid alignment 1 68204 | 3963236 4031398 | 68204 68163 | 99.92 | pa_ill_pa_contig28 contig_106
		Solid alignment 1 30759 | 4063299 4032556 | 30759 30744 | 99.81 | pa_ill_pa_contig38 contig_106
		Solid alignment 1235 3722 | 4065719 4063245 | 2488 2475 | 96.72 | pa_ill_pa_contig48 contig_106
		Solid alignment 1 1079 | 4066937 4065875 | 1079 1063 | 95.31 | pa_ill_pa_contig48 contig_106
		Solid alignment 1 6590 | 4066883 4073469 | 6590 6587 | 99.59 | pa_ill_pa_contig42 contig_106
		Solid alignment 1 3064 | 4076471 4073415 | 3064 3057 | 95.92 | pa_ill_pa_contig51 contig_106
		Solid alignment 1 26794 | 4076418 4103144 | 26794 26727 | 99.72 | pa_ill_pa_contig39 contig_106
		Solid alignment 1 258570 | 4362100 4103638 | 258570 258463 | 99.91 | pa_ill_pa_contig8 contig_106
		Solid alignment 1 944 | 4362046 4362984 | 944 939 | 96.0 | pa_ill_pa_contig71 contig_106
		Solid alignment 2 1237 | 4362931 4364167 | 1236 1237 | 93.1 | pa_ill_pa_contig65 contig_106
		Solid alignment 1 191344 | 4364660 4555903 | 191344 191244 | 99.91 | pa_ill_pa_contig13 contig_106
		Solid alignment 68 1179 | 4556971 4555867 | 1112 1105 | 94.85 | pa_ill_pa_contig67 contig_106
		Solid alignment 55 86455 | 4557080 4643414 | 86401 86335 | 99.9 | pa_ill_pa_contig25 contig_106
		Solid alignment 161 249467 | 4643360 4892532 | 249307 249173 | 99.91 | pa_ill_pa_contig9 contig_106
		Solid alignment 1 2531 | 4895415 4892894 | 2531 2522 | 95.28 | pa_ill_pa_contig53 contig_106
		Solid alignment 1 929 | 4896473 4895542 | 929 932 | 97.12 | pa_ill_pa_contig72 contig_106
		Solid alignment 1 2072 | 4900743 4898681 | 2072 2063 | 96.08 | pa_ill_pa_contig56 contig_106
		Solid alignment 82527 121058 | 4939696 4901177 | 38532 38520 | 98.88 | pa_ill_pa_contig17 contig_106
		Solid alignment 1 82044 | 5021803 4939800 | 82044 82004 | 99.93 | pa_ill_pa_contig17 contig_106
		Solid alignment 1 56007 | 5022065 5078038 | 56007 55974 | 99.89 | pa_ill_pa_contig32 contig_106
		Solid alignment 1 1256 | 5079225 5077986 | 1256 1240 | 94.18 | pa_ill_pa_contig64 contig_106
		Solid alignment 247199 542364 | 5374210 5079171 | 295166 295040 | 99.92 | pa_ill_pa_contig2 contig_106
		Solid alignment 16725 247386 | 5604444 5373909 | 230662 230536 | 99.83 | pa_ill_pa_contig2 contig_106
		Solid alignment 22 16509 | 5621025 5604553 | 16488 16473 | 99.39 | pa_ill_pa_contig2 contig_106
		Solid alignment 6 3774 | 5625231 5621475 | 3769 3757 | 97.46 | pa_ill_pa_contig47 contig_106
		Solid alignment 1 929 | 5625754 5626685 | 929 932 | 94.38 | pa_ill_pa_contig72 contig_106
		Solid alignment 1 2549 | 5626813 5629357 | 2549 2545 | 96.23 | pa_ill_pa_contig52 contig_106
		Solid alignment 1 404310 | 6033813 5629717 | 404310 404097 | 99.92 | pa_ill_pa_contig4 contig_106
		Solid alignment 1 1468 | 6033759 6035211 | 1468 1453 | 96.34 | pa_ill_pa_contig62 contig_106
		Solid alignment 1 122468 | 6035156 6157559 | 122468 122404 | 99.9 | pa_ill_pa_contig16 contig_106
		Solid alignment 1 53273 | 6211220 6157972 | 53273 53249 | 99.93 | pa_ill_pa_contig33 contig_106
		Solid alignment 41099 76514 | 6247099 6211714 | 35416 35386 | 99.88 | pa_ill_pa_contig26 contig_106
		Solid alignment 1 41228 | 6288060 6246858 | 41228 41203 | 99.92 | pa_ill_pa_contig26 contig_106
		Solid alignment 1 5507 | 6294249 6288774 | 5507 5476 | 94.72 | pa_ill_pa_contig45 contig_106
		Solid alignment 1 65213 | 6294195 6359533 | 65213 65339 | 99.37 | pa_ill_pa_contig27 contig_106
		Solid alignment 65294 68332 | 6359721 6362751 | 3039 3031 | 99.74 | pa_ill_pa_contig27 contig_106
		Solid alignment 1 87994 | 6456402 6368448 | 87994 87955 | 99.88 | pa_ill_pa_contig24 contig_106
		Solid alignment 1 1197 | 6456344 6457523 | 1197 1180 | 94.62 | pa_ill_pa_contig67 contig_106
		Solid alignment 9 294352 | 6457477 6751633 | 294344 294157 | 99.92 | pa_ill_pa_contig5 contig_106
		Solid alignment 352 35650 | 6753306 6788581 | 35299 35276 | 99.92 | pa_ill_pa_contig37 contig_106
			Skipping alignments located inside solid regions since they are redundant:
		Skipping redundant alignment 2365 2502 | 2859058 2859195 | 138 138 | 92.75 | pa_ill_pa_contig6 contig_106
		Skipping redundant alignment 2663 2756 | 2859363 2859456 | 94 94 | 91.49 | pa_ill_pa_contig6 contig_106
		Skipping redundant alignment 2771 2866 | 2859472 2859567 | 96 96 | 92.71 | pa_ill_pa_contig6 contig_106
		Skipping redundant alignment 39244 39312 | 3126966 3127034 | 69 69 | 100.0 | pa_ill_pa_contig17 contig_106
		Skipping redundant alignment 468678 468746 | 3126966 3127034 | 69 69 | 100.0 | pa_ill_pa_contig2 contig_106
		Skipping redundant alignment 39053 39121 | 3126966 3127034 | 69 69 | 100.0 | pa_ill_pa_contig17 contig_106
		Skipping redundant alignment 1875 2030 | 4898845 4899000 | 156 156 | 92.31 | pa_ill_pa_contig47 contig_106
		Skipping redundant alignment 2120 2190 | 4899086 4899156 | 71 71 | 95.77 | pa_ill_pa_contig47 contig_106
			Looking for the best set of alignments (out of 167 total alignments)
		Ambiguity for this contig is not checked for speed up (too much alignments and --ambiguity-usage is "one")
			Skipping redundant alignments after choosing the best set of alignments
		Skipping redundant alignment 401 476 | 5021752 5021827 | 76 76 | 100.0 | pa_ill_pa_contig9 contig_106
		Skipping redundant alignment 99 178 | 5021870 5021949 | 80 80 | 98.75 | pa_ill_pa_contig32 contig_106
		Skipping redundant alignment 502 589 | 6288327 6288240 | 88 88 | 97.73 | pa_ill_pa_contig20 contig_106
		Skipping redundant alignment 2820 3940 | 6158263 6157145 | 1121 1119 | 90.25 | pa_ill_pa_contig6 contig_106
		Skipping redundant alignment 747 845 | 6288084 6287986 | 99 99 | 97.98 | pa_ill_pa_contig20 contig_106
		Skipping redundant alignment 952 1179 | 1309437 1309210 | 228 228 | 92.11 | pa_ill_pa_contig12 contig_106
		Skipping redundant alignment 630 849 | 1309765 1309546 | 220 220 | 92.27 | pa_ill_pa_contig12 contig_106
		Skipping redundant alignment 435 501 | 1309951 1309885 | 67 67 | 94.03 | pa_ill_pa_contig12 contig_106
		Skipping redundant alignment 193 281 | 1310179 1310091 | 89 89 | 98.88 | pa_ill_pa_contig12 contig_106
		Skipping redundant alignment 4958 5060 | 6363553 6363451 | 103 103 | 98.06 | pa_ill_pa_contig44 contig_106
		Skipping redundant alignment 3202 3268 | 6365348 6365282 | 67 67 | 97.01 | pa_ill_pa_contig44 contig_106
		Skipping redundant alignment 2622 2686 | 6365911 6365847 | 65 65 | 90.77 | pa_ill_pa_contig44 contig_106
		Skipping redundant alignment 1813 1879 | 6366710 6366644 | 67 67 | 94.03 | pa_ill_pa_contig44 contig_106
		Skipping redundant alignment 1404 1489 | 6367117 6367032 | 86 86 | 98.84 | pa_ill_pa_contig44 contig_106
		Skipping redundant alignment 536 614 | 6367968 6367890 | 79 79 | 98.73 | pa_ill_pa_contig44 contig_106
		Skipping redundant alignment 1099 1184 | 1394169 1394084 | 86 86 | 91.86 | pa_ill_pa_contig31 contig_106
		Skipping redundant alignment 590 763 | 1394678 1394505 | 174 174 | 93.1 | pa_ill_pa_contig31 contig_106
		Skipping redundant alignment 1105 1184 | 1394889 1394810 | 80 80 | 92.5 | pa_ill_pa_contig31 contig_106
		Skipping redundant alignment 419 580 | 1395089 1394928 | 162 162 | 91.36 | pa_ill_pa_contig31 contig_106
		Skipping redundant alignment 176 337 | 1395089 1394928 | 162 162 | 91.36 | pa_ill_pa_contig31 contig_106
		Skipping redundant alignment 104 348 | 1395884 1395640 | 245 245 | 91.43 | pa_ill_pa_contig31 contig_106
		Skipping redundant alignment 264617 265097 | 1851255 1851731 | 481 477 | 92.36 | pa_ill_pa_contig7 contig_106
		Skipping redundant alignment 264617 265097 | 1855161 1855650 | 481 490 | 90.24 | pa_ill_pa_contig7 contig_106
		Skipping redundant alignment 1399 1481 | 2811092 2811174 | 83 83 | 96.39 | pa_ill_pa_contig55 contig_106
		Skipping redundant alignment 2978 3157 | 2859682 2859861 | 180 180 | 95.0 | pa_ill_pa_contig6 contig_106
		Skipping redundant alignment 3278 3388 | 2859980 2860090 | 111 111 | 96.4 | pa_ill_pa_contig6 contig_106
		Skipping redundant alignment 3390 3475 | 2860091 2860176 | 86 86 | 94.19 | pa_ill_pa_contig6 contig_106
		Skipping redundant alignment 1028 1092 | 3761554 3761490 | 65 65 | 96.92 | pa_ill_pa_contig64 contig_106
		Skipping redundant alignment 556 627 | 3762026 3761955 | 72 72 | 97.22 | pa_ill_pa_contig64 contig_106
		Skipping redundant alignment 33 138 | 3762545 3762440 | 106 106 | 100.0 | pa_ill_pa_contig64 contig_106
		Skipping redundant alignment 545 610 | 3937577 3937512 | 66 66 | 98.48 | pa_ill_pa_contig68 contig_106
		Skipping redundant alignment 340 483 | 3937775 3937632 | 144 144 | 95.14 | pa_ill_pa_contig68 contig_106
		Skipping redundant alignment 726 843 | 3938993 3938876 | 118 118 | 92.37 | pa_ill_pa_contig59 contig_106
		Skipping redundant alignment 15 115 | 3939469 3939569 | 101 101 | 94.06 | pa_ill_pa_contig76 contig_106
		Skipping redundant alignment 126 196 | 3939583 3939653 | 71 71 | 100.0 | pa_ill_pa_contig76 contig_106
		Skipping redundant alignment 1582 1658 | 3941328 3941252 | 77 77 | 96.1 | pa_ill_pa_contig59 contig_106
		Skipping redundant alignment 894 970 | 3942012 3941936 | 77 77 | 94.81 | pa_ill_pa_contig59 contig_106
		Skipping redundant alignment 706 792 | 3942206 3942120 | 87 87 | 95.4 | pa_ill_pa_contig59 contig_106
		Skipping redundant alignment 495 568 | 3942418 3942345 | 74 74 | 94.59 | pa_ill_pa_contig59 contig_106
		Skipping redundant alignment 40 110 | 3942860 3942790 | 71 71 | 97.18 | pa_ill_pa_contig59 contig_106
		Skipping redundant alignment 682 802 | 4032298 4032418 | 121 121 | 96.69 | pa_ill_pa_contig69 contig_106
		Skipping redundant alignment 1 189 | 4896987 4897175 | 189 189 | 93.65 | pa_ill_pa_contig47 contig_106
		Skipping redundant alignment 219 435 | 4897205 4897421 | 217 217 | 92.63 | pa_ill_pa_contig47 contig_106
		Skipping redundant alignment 646 855 | 4897628 4897837 | 210 210 | 94.29 | pa_ill_pa_contig47 contig_106
		Skipping redundant alignment 1168 1251 | 4898142 4898225 | 84 84 | 97.62 | pa_ill_pa_contig47 contig_106
		Skipping redundant alignment 1489 1556 | 4898459 4898526 | 68 68 | 94.12 | pa_ill_pa_contig47 contig_106
		Skipping redundant alignment 1564 1652 | 4898534 4898622 | 89 89 | 91.01 | pa_ill_pa_contig47 contig_106
		Skipping redundant alignment 1682 1754 | 4898654 4898726 | 73 73 | 100.0 | pa_ill_pa_contig47 contig_106
			The best set is below. Score: 6741305.2, number of alignments: 119, unaligned bases: 31623
		This contig is misassembled.
		This contig is partially unaligned. (Aligned 6756958 out of 6788581 non-N bases (99.53%))
			Real Alignment 1: 46754 47071 | 3 317 | 318 315 | 94.06 | pa_ill_pa_contig35 contig_106
			  Not a misassembly [fragmentation of reference genome] between these two alignments
			Excluding internal overlap of size 51 between Alignment 2 and 3: 5 2207 | 3178 995 | 2203 2184 --> 56 2207 | 3127 995 | 2152 2133
			Real Alignment 2: 56 2207 | 3127 995 | 2152 2133 | 96.8 | pa_ill_pa_contig55 contig_106
			  Indel (> 5bp) between these two alignments: deletion of length 55; 0 mismatches (number of Ns: 0) [fragmentation of reference genome]
			Excluding internal overlap of size 128 between Alignment 3 and 4: 1 1874 | 235445 237316 | 1874 1872 --> 129 1874 | 235573 237316 | 1746 1744
			Real Alignment 3: 1 232544 | 3128 235572 | 232544 232445 | 99.91 | pa_ill_pa_contig10 contig_106
			  Extensive misassembly (translocation) between these two alignments
			Excluding internal overlap of size 156 between Alignment 4 and 5: 129 1874 | 235573 237316 | 1746 1744 --> 129 1718 | 235573 237160 | 1590 1588
			Real Alignment 4: 129 1718 | 235573 237160 | 1590 1588 | 99.68 | pa_ill_pa_contig57 contig_106
			  Extensive misassembly (translocation) between these two alignments
			Real Alignment 5: 232388 237361 | 237161 242128 | 4974 4968 | 99.86 | pa_ill_pa_contig10 contig_106
			  Indel (> 5bp) between these two alignments: deletion of length 74; 0 mismatches (number of Ns: 0) [fragmentation of reference genome]
			Real Alignment 6: 1235 3702 | 244660 242179 | 2468 2482 | 94.15 | pa_ill_pa_contig48 contig_106
			  Gap between these two alignments (local misassembly). Inconsistency = 4
			Excluding internal overlap of size 35 between Alignment 7 and 8: 1 956 | 245843 246798 | 956 956 --> 37 956 | 245878 246798 | 920 921
			Real Alignment 7: 21 1079 | 245877 244812 | 1059 1066 | 91.8 | pa_ill_pa_contig48 contig_106
			  Indel (> 5bp) between these two alignments: deletion of length 56; 0 mismatches (number of Ns: 0) [fragmentation of reference genome]
			Excluding internal overlap of size 55 between Alignment 8 and 9: 37 956 | 245878 246798 | 920 921 --> 37 901 | 245878 246743 | 865 866
			Real Alignment 8: 37 901 | 245878 246743 | 865 866 | 99.06 | pa_ill_pa_contig70 contig_106
			  Indel (> 5bp) between these two alignments: deletion of length 55; 0 mismatches (number of Ns: 0) [fragmentation of reference genome]
			Excluding internal overlap of size 54 between Alignment 9 and 10: 1 3064 | 249802 246744 | 3064 3059 --> 56 3064 | 249748 246744 | 3009 3005
			Real Alignment 9: 56 3064 | 249748 246744 | 3009 3005 | 95.04 | pa_ill_pa_contig51 contig_106
			  Indel (> 5bp) between these two alignments: deletion of length 55; 0 mismatches (number of Ns: 0) [fragmentation of reference genome]
			Excluding internal overlap of size 423 between Alignment 10 and 11: 1 93281 | 460363 367153 | 93281 93211 --> 1 92856 | 460363 367576 | 92856 92788
			Real Alignment 10: 92967 210873 | 367575 249749 | 117907 117827 | 99.91 | pa_ill_pa_contig11 contig_106
			  Gap between these two alignments (local misassembly). Inconsistency = 110
			Excluding internal overlap of size 48 between Alignment 11 and 12: 8 985 | 460316 461290 | 978 975 --> 56 985 | 460364 461290 | 930 927
			Real Alignment 11: 1 92856 | 460363 367576 | 92856 92788 | 99.9 | pa_ill_pa_contig11 contig_106
			  Indel (> 5bp) between these two alignments: deletion of length 55; 0 mismatches (number of Ns: 0) [fragmentation of reference genome]
			Excluding internal overlap of size 43 between Alignment 12 and 13: 56 985 | 460364 461290 | 930 927 --> 56 942 | 460364 461247 | 887 884
			Real Alignment 12: 56 942 | 460364 461247 | 887 884 | 98.27 | pa_ill_pa_contig69 contig_106
			  Indel (> 5bp) between these two alignments: deletion of length 55; 0 mismatches (number of Ns: 0) [fragmentation of reference genome]
			Excluding internal overlap of size 54 between Alignment 13 and 14: 1 5713 | 510117 515832 | 5713 5716 --> 56 5713 | 510171 515832 | 5658 5662
			Real Alignment 13: 13 48969 | 461248 510170 | 48957 48923 | 99.9 | pa_ill_pa_contig34 contig_106
			  Indel (> 5bp) between these two alignments: deletion of length 55; 0 mismatches (number of Ns: 0) [fragmentation of reference genome]
			Excluding internal overlap of size 55 between Alignment 14 and 15: 56 5713 | 510171 515832 | 5658 5662 --> 56 5658 | 510171 515777 | 5603 5607
			Real Alignment 14: 56 5658 | 510171 515777 | 5603 5607 | 96.67 | pa_ill_pa_contig44 contig_106
			  Indel (> 5bp) between these two alignments: deletion of length 55; 0 mismatches (number of Ns: 0) [fragmentation of reference genome]
			Real Alignment 15: 1 106324 | 622051 515778 | 106324 106274 | 99.94 | pa_ill_pa_contig22 contig_106
			  Not a misassembly [fragmentation of reference genome] between these two alignments
			Excluding internal overlap of size 52 between Alignment 16 and 17: 1 1197 | 712474 713677 | 1197 1204 --> 51 1197 | 712526 713677 | 1147 1152
			Real Alignment 16: 6 90153 | 712525 622427 | 90148 90099 | 99.93 | pa_ill_pa_contig23 contig_106
			  Indel (> 5bp) between these two alignments: deletion of length 55; 0 mismatches (number of Ns: 0) [fragmentation of reference genome]
			Excluding internal overlap of size 55 between Alignment 17 and 18: 51 1197 | 712526 713677 | 1147 1152 --> 51 1142 | 712526 713622 | 1092 1097
			Real Alignment 17: 51 1142 | 712526 713622 | 1092 1097 | 95.49 | pa_ill_pa_contig67 contig_106
			  Indel (> 5bp) between these two alignments: deletion of length 55; 0 mismatches (number of Ns: 0) [fragmentation of reference genome]
			Real Alignment 18: 1 465588 | 713623 1178833 | 465588 465211 | 99.88 | pa_ill_pa_contig3 contig_106
			  Extensive misassembly (translocation) between these two alignments
			Excluding internal overlap of size 55 between Alignment 19 and 20: 1 561 | 1181937 1181378 | 561 560 --> 1 506 | 1181937 1181433 | 506 505
			Real Alignment 19: 262 2514 | 1179209 1181432 | 2253 2224 | 94.59 | pa_ill_pa_contig54 contig_106
			  Indel (> 5bp) between these two alignments: deletion of length 55; 0 mismatches (number of Ns: 0) [fragmentation of reference genome]
			Excluding internal overlap of size 43 between Alignment 20 and 21: 1 506 | 1181937 1181433 | 506 505 --> 44 506 | 1181894 1181433 | 463 462
			Real Alignment 20: 44 506 | 1181894 1181433 | 463 462 | 95.42 | pa_ill_pa_contig83 contig_106
			  Indel (> 5bp) between these two alignments: deletion of length 55; 0 mismatches (number of Ns: 0) [fragmentation of reference genome]
			Real Alignment 21: 13 868 | 1181895 1182757 | 856 863 | 94.04 | pa_ill_pa_contig74 contig_106
			  Gap between these two alignments (local misassembly). Inconsistency = 60 [fragmentation of reference genome]
			Excluding internal overlap of size 48 between Alignment 22 and 23: 1 5713 | 1302416 1308126 | 5713 5711 --> 49 5713 | 1302464 1308126 | 5665 5663
			Real Alignment 22: 61 118997 | 1183589 1302463 | 118937 118875 | 99.93 | pa_ill_pa_contig18 contig_106
			  Indel (> 5bp) between these two alignments: deletion of length 55; 0 mismatches (number of Ns: 0) [fragmentation of reference genome]
			Excluding internal overlap of size 56 between Alignment 23 and 24: 1 1339 | 1308071 1309429 | 1339 1359 --> 56 1339 | 1308127 1309429 | 1284 1303
			Real Alignment 23: 49 5713 | 1302464 1308126 | 5665 5663 | 96.38 | pa_ill_pa_contig44 contig_106
			  Indel (> 5bp) between these two alignments: deletion of length 55; 0 mismatches (number of Ns: 0) [fragmentation of reference genome]
			Real Alignment 24: 56 1339 | 1308127 1309429 | 1284 1303 | 97.58 | pa_ill_pa_contig63 contig_106
			  Not a misassembly [fragmentation of reference genome] between these two alignments
			Excluding internal overlap of size 55 between Alignment 25 and 26: 1 1492 | 1310318 1311798 | 1492 1481 --> 1 1437 | 1310318 1311743 | 1437 1426
			Real Alignment 25: 1 1437 | 1310318 1311743 | 1437 1426 | 97.14 | pa_ill_pa_contig61 contig_106
			  Indel (> 5bp) between these two alignments: deletion of length 55; 0 mismatches (number of Ns: 0) [fragmentation of reference genome]
			Real Alignment 26: 1 21797 | 1311744 1333531 | 21797 21788 | 99.94 | pa_ill_pa_contig41 contig_106
			  Extensive misassembly (translocation) between these two alignments
			Real Alignment 27: 1 868 | 1335216 1334347 | 868 870 | 92.89 | pa_ill_pa_contig74 contig_106
			  Gap between these two alignments (local misassembly). Inconsistency = 12 [fragmentation of reference genome]
			Real Alignment 28: 1276 2502 | 1336884 1335676 | 1227 1209 | 92.24 | pa_ill_pa_contig54 contig_106
			  Gap between these two alignments (local misassembly). Inconsistency = 151
			Excluding internal overlap of size 47 between Alignment 29 and 30: 1 834 | 1338008 1337175 | 834 834 --> 49 834 | 1337961 1337175 | 786 787
			Real Alignment 29: 49 834 | 1337961 1337175 | 786 787 | 92.82 | pa_ill_pa_contig54 contig_106
			  Indel (> 5bp) between these two alignments: deletion of length 55; 0 mismatches (number of Ns: 0) [fragmentation of reference genome]
			Real Alignment 30: 132 56425 | 1394167 1337962 | 56294 56206 | 99.58 | pa_ill_pa_contig31 contig_106
			  Gap between these two alignments (local misassembly). Inconsistency = -483
			Real Alignment 31: 3 591 | 1394779 1394191 | 589 589 | 94.06 | pa_ill_pa_contig31 contig_106
			  Gap between these two alignments (local misassembly). Inconsistency = 2 [fragmentation of reference genome]
			Excluding internal overlap of size 10 between Alignment 32 and 33: 1 493 | 1395754 1396246 | 493 493 --> 1 483 | 1395754 1396236 | 483 483
			Real Alignment 32: 1 483 | 1395754 1396236 | 483 483 | 97.57 | pa_ill_pa_contig14 contig_106
			  Overlap between these two alignments (local misassembly). Inconsistency = -483
			Real Alignment 33: 1 187635 | 1396237 1583774 | 187635 187538 | 99.93 | pa_ill_pa_contig14 contig_106
			  Not a misassembly [fragmentation of reference genome] between these two alignments
			Real Alignment 34: 1 123 | 1583821 1583943 | 123 123 | 99.19 | pa_ill_pa_contig7 contig_106
			  Gap between these two alignments (local misassembly). Inconsistency = -342
			Real Alignment 35: 1 77 | 1584163 1584239 | 77 77 | 98.7 | pa_ill_pa_contig7 contig_106
			  Gap between these two alignments (local misassembly). Inconsistency = -456
			Real Alignment 36: 1 265097 | 1584619 1849590 | 265097 264972 | 99.93 | pa_ill_pa_contig7 contig_106
			  Not a misassembly [fragmentation of reference genome] between these two alignments
			Real Alignment 37: 1 1538 | 1850041 1851595 | 1538 1555 | 98.14 | pa_ill_pa_contig60 contig_106
			  Not a misassembly [fragmentation of reference genome] between these two alignments
			Real Alignment 38: 1 3511 | 1855509 1851966 | 3511 3544 | 98.76 | pa_ill_pa_contig49 contig_106
			  Not a misassembly [fragmentation of reference genome] between these two alignments
			Real Alignment 39: 1 38107 | 1856104 1894198 | 38107 38095 | 99.89 | pa_ill_pa_contig36 contig_106
			  Indel (> 5bp) between these two alignments: deletion of length 75; 0 mismatches (number of Ns: 0) [fragmentation of reference genome]
			Excluding internal overlap of size 54 between Alignment 40 and 41: 37 5713 | 1894216 1899887 | 5677 5672 --> 37 5657 | 1894216 1899833 | 5621 5618
			Real Alignment 40: 37 5657 | 1894216 1899833 | 5621 5618 | 93.0 | pa_ill_pa_contig44 contig_106
			  Indel (> 5bp) between these two alignments: deletion of length 57; 0 mismatches (number of Ns: 0) [fragmentation of reference genome]
			Excluding internal overlap of size 43 between Alignment 41 and 42: 1 1185 | 1962653 1961481 | 1185 1173 --> 1 1142 | 1962653 1961524 | 1142 1130
			Real Alignment 41: 2 61716 | 1899834 1961523 | 61715 61690 | 99.9 | pa_ill_pa_contig29 contig_106
			  Indel (> 5bp) between these two alignments: deletion of length 55; 0 mismatches (number of Ns: 0) [fragmentation of reference genome]
			Excluding internal overlap of size 54 between Alignment 42 and 43: 1 1142 | 1962653 1961524 | 1142 1130 --> 56 1142 | 1962599 1961524 | 1087 1076
			Real Alignment 42: 56 1142 | 1962599 1961524 | 1087 1076 | 92.51 | pa_ill_pa_contig67 contig_106
			  Indel (> 5bp) between these two alignments: deletion of length 55; 0 mismatches (number of Ns: 0) [fragmentation of reference genome]
			Real Alignment 43: 7 847683 | 2809750 1962600 | 847677 847151 | 99.91 | pa_ill_pa_contig1 contig_106
			  Extensive misassembly (translocation) between these two alignments
			Real Alignment 44: 22 46754 | 2859595 2812881 | 46733 46715 | 99.91 | pa_ill_pa_contig35 contig_106
			  Gap between these two alignments (local misassembly). Inconsistency = 21 [fragmentation of reference genome]
			Excluding internal overlap of size 41 between Alignment 45 and 46: 1 111253 | 3238174 3126980 | 111253 111195 --> 1 111212 | 3238174 3127021 | 111212 111154
			Real Alignment 45: 1 266935 | 2860226 3127020 | 266935 266795 | 99.91 | pa_ill_pa_contig6 contig_106
			  Indel (> 5bp) between these two alignments: deletion of length 41; 0 mismatches (number of Ns: 0) [fragmentation of reference genome]
			Excluding internal overlap of size 55 between Alignment 46 and 47: 1 5507 | 3243568 3238120 | 5507 5449 --> 1 5452 | 3243568 3238175 | 5452 5394
			Real Alignment 46: 1 111212 | 3238174 3127021 | 111212 111154 | 99.87 | pa_ill_pa_contig20 contig_106
			  Indel (> 5bp) between these two alignments: deletion of length 55; 0 mismatches (number of Ns: 0) [fragmentation of reference genome]
			Excluding internal overlap of size 40 between Alignment 47 and 48: 1 5452 | 3243568 3238175 | 5452 5394 --> 41 5452 | 3243528 3238175 | 5412 5354
			Real Alignment 47: 41 5452 | 3243528 3238175 | 5412 5354 | 92.88 | pa_ill_pa_contig45 contig_106
			  Indel (> 5bp) between these two alignments: deletion of length 55; 0 mismatches (number of Ns: 0) [fragmentation of reference genome]
			Excluding internal overlap of size 55 between Alignment 48 and 49: 1 602 | 3362103 3362709 | 602 607 --> 56 602 | 3362158 3362709 | 547 552
			Real Alignment 48: 16 118702 | 3243529 3362157 | 118687 118629 | 99.9 | pa_ill_pa_contig19 contig_106
			  Indel (> 5bp) between these two alignments: deletion of length 55; 0 mismatches (number of Ns: 0) [fragmentation of reference genome]
			Excluding internal overlap of size 42 between Alignment 49 and 50: 56 602 | 3362158 3362709 | 547 552 --> 56 558 | 3362158 3362667 | 503 510
			Real Alignment 49: 56 558 | 3362158 3362667 | 503 510 | 92.11 | pa_ill_pa_contig80 contig_106
			  Indel (> 5bp) between these two alignments: deletion of length 56; 0 mismatches (number of Ns: 0) [fragmentation of reference genome]
			Excluding internal overlap of size 57 between Alignment 50 and 51: 1 944 | 3364815 3363856 | 944 960 --> 1 889 | 3364815 3363913 | 889 903
			Real Alignment 50: 1 1225 | 3363912 3362668 | 1225 1245 | 91.42 | pa_ill_pa_contig65 contig_106
			  Indel (> 5bp) between these two alignments: deletion of length 55; 0 mismatches (number of Ns: 0) [fragmentation of reference genome]
			Excluding internal overlap of size 54 between Alignment 51 and 52: 1 689 | 3364762 3365457 | 689 696 --> 56 689 | 3364816 3365457 | 634 642
			Real Alignment 51: 1 889 | 3364815 3363913 | 889 903 | 91.35 | pa_ill_pa_contig71 contig_106
			  Indel (> 5bp) between these two alignments: deletion of length 55; 0 mismatches (number of Ns: 0) [fragmentation of reference genome]
			Real Alignment 52: 56 689 | 3364816 3365457 | 634 642 | 95.45 | pa_ill_pa_contig8 contig_106
			  Extensive misassembly (translocation) between these two alignments
			Excluding internal overlap of size 56 between Alignment 53 and 54: 1 1468 | 3389503 3390967 | 1468 1465 --> 56 1468 | 3389559 3390967 | 1413 1409
			Real Alignment 53: 102 23992 | 3365656 3389558 | 23891 23903 | 99.81 | pa_ill_pa_contig40 contig_106
			  Indel (> 5bp) between these two alignments: deletion of length 55; 0 mismatches (number of Ns: 0) [fragmentation of reference genome]
			Excluding internal overlap of size 56 between Alignment 54 and 55: 56 1468 | 3389559 3390967 | 1413 1409 --> 56 1413 | 3389559 3390911 | 1358 1353
			Real Alignment 54: 56 1413 | 3389559 3390911 | 1358 1353 | 97.56 | pa_ill_pa_contig62 contig_106
			  Indel (> 5bp) between these two alignments: deletion of length 55; 0 mismatches (number of Ns: 0) [fragmentation of reference genome]
			Excluding internal overlap of size 55 between Alignment 55 and 56: 1 927 | 3447519 3448432 | 927 914 --> 56 927 | 3447574 3448432 | 872 859
			Real Alignment 55: 1 56682 | 3390912 3447573 | 56682 56662 | 99.89 | pa_ill_pa_contig30 contig_106
			  Indel (> 5bp) between these two alignments: deletion of length 55; 0 mismatches (number of Ns: 0) [fragmentation of reference genome]
			Excluding internal overlap of size 56 between Alignment 56 and 57: 56 927 | 3447574 3448432 | 872 859 --> 56 867 | 3447574 3448376 | 812 803
			Real Alignment 56: 56 867 | 3447574 3448376 | 812 803 | 92.42 | pa_ill_pa_contig73 contig_106
			  Indel (> 5bp) between these two alignments: deletion of length 61; 0 mismatches (number of Ns: 0) [fragmentation of reference genome]
			Excluding internal overlap of size 48 between Alignment 57 and 58: 8 1488 | 3653133 3654635 | 1481 1503 --> 56 1488 | 3653181 3654635 | 1433 1455
			Real Alignment 57: 1 204998 | 3653180 3448377 | 204998 204804 | 99.82 | pa_ill_pa_contig12 contig_106
			  Indel (> 5bp) between these two alignments: deletion of length 55; 0 mismatches (number of Ns: 0) [fragmentation of reference genome]
			Excluding internal overlap of size 51 between Alignment 58 and 59: 56 1488 | 3653181 3654635 | 1433 1455 --> 56 1437 | 3653181 3654584 | 1382 1404
			Real Alignment 58: 56 1437 | 3653181 3654584 | 1382 1404 | 94.59 | pa_ill_pa_contig61 contig_106
			  Indel (> 5bp) between these two alignments: deletion of length 55; 0 mismatches (number of Ns: 0) [fragmentation of reference genome]
			Real Alignment 59: 1 106741 | 3654585 3761248 | 106741 106664 | 99.88 | pa_ill_pa_contig21 contig_106
			  Gap between these two alignments (local misassembly). Inconsistency = 55 [fragmentation of reference genome]
			Excluding internal overlap of size 381 between Alignment 60 and 61: 1 34671 | 3762523 3797252 | 34671 34730 --> 1 34328 | 3762523 3796871 | 34328 34349
			Real Alignment 60: 1 34328 | 3762523 3796871 | 34328 34349 | 99.67 | pa_ill_pa_contig15 contig_106
			  Overlap between these two alignments (local misassembly). Inconsistency = -93
			Real Alignment 61: 34236 173642 | 3796872 3936284 | 139407 139413 | 99.88 | pa_ill_pa_contig15 contig_106
			  Gap between these two alignments (local misassembly). Inconsistency = 59 [fragmentation of reference genome]
			Real Alignment 62: 5 508 | 3938875 3939376 | 504 502 | 91.07 | pa_ill_pa_contig77 contig_106
			  Extensive misassembly (translocation) between these two alignments
			Real Alignment 63: 1 1019 | 3941303 3940268 | 1019 1036 | 90.27 | pa_ill_pa_contig68 contig_106
			  Not a misassembly [fragmentation of reference genome] between these two alignments
			Excluding internal overlap of size 21 between Alignment 64 and 65: 1 1672 | 3942845 3944499 | 1672 1655 --> 1 1651 | 3942845 3944478 | 1651 1634
			Real Alignment 64: 1 1651 | 3942845 3944478 | 1651 1634 | 90.04 | pa_ill_pa_contig58 contig_106
			  Indel (> 5bp) between these two alignments: deletion of length 55; 0 mismatches (number of Ns: 0) [fragmentation of reference genome]
			Excluding internal overlap of size 56 between Alignment 65 and 66: 1 1675 | 3949368 3951043 | 1675 1676 --> 56 1675 | 3949424 3951043 | 1620 1620
			Real Alignment 65: 25 4971 | 3944479 3949423 | 4947 4945 | 99.17 | pa_ill_pa_contig46 contig_106
			  Indel (> 5bp) between these two alignments: deletion of length 55; 0 mismatches (number of Ns: 0) [fragmentation of reference genome]
			Excluding internal overlap of size 48 between Alignment 66 and 67: 56 1675 | 3949424 3951043 | 1620 1620 --> 56 1627 | 3949424 3950995 | 1572 1572
			Real Alignment 66: 56 1627 | 3949424 3950995 | 1572 1572 | 95.64 | pa_ill_pa_contig58 contig_106
			  Indel (> 5bp) between these two alignments: deletion of length 55; 0 mismatches (number of Ns: 0) [fragmentation of reference genome]
			Excluding internal overlap of size 55 between Alignment 67 and 68: 1 799 | 3954172 3954969 | 799 798 --> 56 799 | 3954227 3954969 | 744 743
			Real Alignment 67: 1 3238 | 3950996 3954226 | 3238 3231 | 98.77 | pa_ill_pa_contig50 contig_106
			  Indel (> 5bp) between these two alignments: deletion of length 55; 0 mismatches (number of Ns: 0) [fragmentation of reference genome]
			Real Alignment 68: 56 799 | 3954227 3954969 | 744 743 | 96.03 | pa_ill_pa_contig75 contig_106
			  Gap between these two alignments (local misassembly). Inconsistency = 55 [fragmentation of reference genome]
			Excluding internal overlap of size 52 between Alignment 69 and 70: 4 798 | 3961762 3962553 | 795 792 --> 56 798 | 3961814 3962553 | 743 740
			Real Alignment 69: 1 6093 | 3961813 3955729 | 6093 6085 | 99.49 | pa_ill_pa_contig43 contig_106
			  Indel (> 5bp) between these two alignments: deletion of length 55; 0 mismatches (number of Ns: 0) [fragmentation of reference genome]
			Real Alignment 70: 56 798 | 3961814 3962553 | 743 740 | 94.89 | pa_ill_pa_contig75 contig_106
			  Gap between these two alignments (local misassembly). Inconsistency = 1 [fragmentation of reference genome]
			Real Alignment 71: 1 68204 | 3963236 4031398 | 68204 68163 | 99.92 | pa_ill_pa_contig28 contig_106
			  Extensive misassembly (translocation) between these two alignments
			Excluding internal overlap of size 55 between Alignment 72 and 73: 1235 3722 | 4065719 4063245 | 2488 2475 --> 1235 3667 | 4065719 4063300 | 2433 2420
			Real Alignment 72: 1 30759 | 4063299 4032556 | 30759 30744 | 99.81 | pa_ill_pa_contig38 contig_106
			  Indel (> 5bp) between these two alignments: deletion of length 55; 0 mismatches (number of Ns: 0) [fragmentation of reference genome]
			Real Alignment 73: 1235 3667 | 4065719 4063300 | 2433 2420 | 96.72 | pa_ill_pa_contig48 contig_106
			  Gap between these two alignments (local misassembly). Inconsistency = 0
			Excluding internal overlap of size 55 between Alignment 74 and 75: 1 1079 | 4066937 4065875 | 1079 1063 --> 56 1079 | 4066882 4065875 | 1024 1008
			Real Alignment 74: 56 1079 | 4066882 4065875 | 1024 1008 | 95.31 | pa_ill_pa_contig48 contig_106
			  Indel (> 5bp) between these two alignments: deletion of length 55; 0 mismatches (number of Ns: 0) [fragmentation of reference genome]
			Excluding internal overlap of size 55 between Alignment 75 and 76: 1 3064 | 4076471 4073415 | 3064 3057 --> 1 3009 | 4076471 4073470 | 3009 3002
			Real Alignment 75: 1 6590 | 4066883 4073469 | 6590 6587 | 99.59 | pa_ill_pa_contig42 contig_106
			  Indel (> 5bp) between these two alignments: deletion of length 55; 0 mismatches (number of Ns: 0) [fragmentation of reference genome]
			Excluding internal overlap of size 54 between Alignment 76 and 77: 1 3009 | 4076471 4073470 | 3009 3002 --> 56 3009 | 4076417 4073470 | 2954 2948
			Real Alignment 76: 56 3009 | 4076417 4073470 | 2954 2948 | 95.92 | pa_ill_pa_contig51 contig_106
			  Indel (> 5bp) between these two alignments: deletion of length 55; 0 mismatches (number of Ns: 0) [fragmentation of reference genome]
			Excluding internal overlap of size 55 between Alignment 77 and 78: 1 603 | 4103692 4103090 | 603 603 --> 1 548 | 4103692 4103145 | 548 548
			Real Alignment 77: 1 26794 | 4076418 4103144 | 26794 26727 | 99.72 | pa_ill_pa_contig39 contig_106
			  Indel (> 5bp) between these two alignments: deletion of length 55; 0 mismatches (number of Ns: 0) [fragmentation of reference genome]
			Excluding internal overlap of size 55 between Alignment 78 and 79: 1 548 | 4103692 4103145 | 548 548 --> 56 548 | 4103637 4103145 | 493 493
			Real Alignment 78: 56 548 | 4103637 4103145 | 493 493 | 100.0 | pa_ill_pa_contig79 contig_106
			  Indel (> 5bp) between these two alignments: deletion of length 55; 0 mismatches (number of Ns: 0) [fragmentation of reference genome]
			Excluding internal overlap of size 55 between Alignment 79 and 80: 1 944 | 4362046 4362984 | 944 939 --> 56 944 | 4362101 4362984 | 889 884
			Real Alignment 79: 1 258570 | 4362100 4103638 | 258570 258463 | 99.91 | pa_ill_pa_contig8 contig_106
			  Indel (> 5bp) between these two alignments: deletion of length 55; 0 mismatches (number of Ns: 0) [fragmentation of reference genome]
			Excluding internal overlap of size 54 between Alignment 80 and 81: 56 944 | 4362101 4362984 | 889 884 --> 56 890 | 4362101 4362930 | 835 830
			Real Alignment 80: 56 890 | 4362101 4362930 | 835 830 | 96.0 | pa_ill_pa_contig71 contig_106
			  Indel (> 5bp) between these two alignments: deletion of length 55; 0 mismatches (number of Ns: 0) [fragmentation of reference genome]
			Excluding internal overlap of size 55 between Alignment 81 and 82: 1 602 | 4364714 4364113 | 602 602 --> 1 547 | 4364714 4364168 | 547 547
			Real Alignment 81: 2 1237 | 4362931 4364167 | 1236 1237 | 93.1 | pa_ill_pa_contig65 contig_106
			  Indel (> 5bp) between these two alignments: deletion of length 55; 0 mismatches (number of Ns: 0) [fragmentation of reference genome]
			Excluding internal overlap of size 55 between Alignment 82 and 83: 1 547 | 4364714 4364168 | 547 547 --> 56 547 | 4364659 4364168 | 492 492
			Real Alignment 82: 56 547 | 4364659 4364168 | 492 492 | 95.9 | pa_ill_pa_contig80 contig_106
			  Indel (> 5bp) between these two alignments: deletion of length 55; 0 mismatches (number of Ns: 0) [fragmentation of reference genome]
			Excluding internal overlap of size 37 between Alignment 83 and 84: 68 1179 | 4556971 4555867 | 1112 1105 --> 68 1142 | 4556971 4555904 | 1075 1068
			Real Alignment 83: 1 191344 | 4364660 4555903 | 191344 191244 | 99.91 | pa_ill_pa_contig13 contig_106
			  Indel (> 5bp) between these two alignments: deletion of length 55; 0 mismatches (number of Ns: 0) [fragmentation of reference genome]
			Real Alignment 84: 68 1142 | 4556971 4555904 | 1075 1068 | 94.85 | pa_ill_pa_contig67 contig_106
			  Gap between these two alignments (local misassembly). Inconsistency = 121 [fragmentation of reference genome]
			Excluding internal overlap of size 55 between Alignment 85 and 86: 55 86455 | 4557080 4643414 | 86401 86335 --> 55 86400 | 4557080 4643359 | 86346 86280
			Real Alignment 85: 55 86400 | 4557080 4643359 | 86346 86280 | 99.9 | pa_ill_pa_contig25 contig_106
			  Extensive misassembly (translocation) between these two alignments
			Real Alignment 86: 161 249467 | 4643360 4892532 | 249307 249173 | 99.91 | pa_ill_pa_contig9 contig_106
			  Not a misassembly [fragmentation of reference genome] between these two alignments
			Real Alignment 87: 1 2531 | 4895415 4892894 | 2531 2522 | 95.28 | pa_ill_pa_contig53 contig_106
			  Not a misassembly [fragmentation of reference genome] between these two alignments
			Excluding internal overlap of size 55 between Alignment 88 and 89: 2 623 | 4897040 4896419 | 622 622 --> 2 568 | 4897040 4896474 | 567 567
			Real Alignment 88: 1 929 | 4896473 4895542 | 929 932 | 97.12 | pa_ill_pa_contig72 contig_106
			  Indel (> 5bp) between these two alignments: deletion of length 55; 0 mismatches (number of Ns: 0) [fragmentation of reference genome]
			Excluding internal overlap of size 54 between Alignment 89 and 90: 2 568 | 4897040 4896474 | 567 567 --> 56 568 | 4896986 4896474 | 513 513
			Real Alignment 89: 56 568 | 4896986 4896474 | 513 513 | 96.48 | pa_ill_pa_contig78 contig_106
			  Indel (> 5bp) between these two alignments: deletion of length 55; 0 mismatches (number of Ns: 0) [fragmentation of reference genome]
			Real Alignment 90: 1 1235 | 4898209 4896987 | 1235 1223 | 94.94 | pa_ill_pa_contig66 contig_106
			  Not a misassembly [fragmentation of reference genome] between these two alignments
			Excluding internal overlap of size 55 between Alignment 91 and 92: 1 539 | 4901222 4900689 | 539 534 --> 1 484 | 4901222 4900744 | 484 479
			Real Alignment 91: 1 2072 | 4900743 4898681 | 2072 2063 | 96.08 | pa_ill_pa_contig56 contig_106
			  Indel (> 5bp) between these two alignments: deletion of length 55; 0 mismatches (number of Ns: 0) [fragmentation of reference genome]
			Excluding internal overlap of size 46 between Alignment 92 and 93: 1 484 | 4901222 4900744 | 484 479 --> 47 484 | 4901176 4900744 | 438 433
			Real Alignment 92: 47 484 | 4901176 4900744 | 438 433 | 95.4 | pa_ill_pa_contig84 contig_106
			  Indel (> 5bp) between these two alignments: deletion of length 55; 0 mismatches (number of Ns: 0) [fragmentation of reference genome]
			Real Alignment 93: 82527 121058 | 4939696 4901177 | 38532 38520 | 98.88 | pa_ill_pa_contig17 contig_106
			  Gap between these two alignments (local misassembly). Inconsistency = 379
			Real Alignment 94: 1 82044 | 5021803 4939800 | 82044 82004 | 99.93 | pa_ill_pa_contig17 contig_106
			  Not a misassembly [fragmentation of reference genome] between these two alignments
			Excluding internal overlap of size 53 between Alignment 95 and 96: 1 1256 | 5079225 5077986 | 1256 1240 --> 1 1203 | 5079225 5078039 | 1203 1187
			Real Alignment 95: 1 56007 | 5022065 5078038 | 56007 55974 | 99.89 | pa_ill_pa_contig32 contig_106
			  Indel (> 5bp) between these two alignments: deletion of length 55; 0 mismatches (number of Ns: 0) [fragmentation of reference genome]
			Excluding internal overlap of size 55 between Alignment 96 and 97: 1 1203 | 5079225 5078039 | 1203 1187 --> 56 1203 | 5079170 5078039 | 1148 1132
			Real Alignment 96: 56 1203 | 5079170 5078039 | 1148 1132 | 94.18 | pa_ill_pa_contig64 contig_106
			  Indel (> 5bp) between these two alignments: deletion of length 55; 0 mismatches (number of Ns: 0) [fragmentation of reference genome]
			Excluding internal overlap of size 302 between Alignment 97 and 98: 16725 247386 | 5604444 5373909 | 230662 230536 --> 16725 247083 | 5604444 5374211 | 230359 230234
			Real Alignment 97: 247199 542364 | 5374210 5079171 | 295166 295040 | 99.92 | pa_ill_pa_contig2 contig_106
			  Gap between these two alignments (local misassembly). Inconsistency = 115
			Real Alignment 98: 16725 247083 | 5604444 5374211 | 230359 230234 | 99.83 | pa_ill_pa_contig2 contig_106
			  Gap between these two alignments (local misassembly). Inconsistency = 107
			Excluding internal overlap of size 34 between Alignment 99 and 100: 1 539 | 5620992 5621529 | 539 538 --> 35 539 | 5621026 5621529 | 505 504
			Real Alignment 99: 22 16509 | 5621025 5604553 | 16488 16473 | 99.39 | pa_ill_pa_contig2 contig_106
			  Indel (> 5bp) between these two alignments: deletion of length 55; 0 mismatches (number of Ns: 0) [fragmentation of reference genome]
			Excluding internal overlap of size 55 between Alignment 100 and 101: 35 539 | 5621026 5621529 | 505 504 --> 35 484 | 5621026 5621474 | 450 449
			Real Alignment 100: 35 484 | 5621026 5621474 | 450 449 | 94.86 | pa_ill_pa_contig84 contig_106
			  Indel (> 5bp) between these two alignments: deletion of length 55; 0 mismatches (number of Ns: 0) [fragmentation of reference genome]
			Excluding internal overlap of size 50 between Alignment 101 and 102: 1 623 | 5625182 5625808 | 623 627 --> 50 623 | 5625232 5625808 | 574 577
			Real Alignment 101: 6 3774 | 5625231 5621475 | 3769 3757 | 97.46 | pa_ill_pa_contig47 contig_106
			  Indel (> 5bp) between these two alignments: deletion of length 54; 0 mismatches (number of Ns: 0) [fragmentation of reference genome]
			Excluding internal overlap of size 55 between Alignment 102 and 103: 50 623 | 5625232 5625808 | 574 577 --> 50 568 | 5625232 5625753 | 519 522
			Real Alignment 102: 50 568 | 5625232 5625753 | 519 522 | 96.36 | pa_ill_pa_contig78 contig_106
			  Indel (> 5bp) between these two alignments: deletion of length 55; 0 mismatches (number of Ns: 0) [fragmentation of reference genome]
			Real Alignment 103: 1 929 | 5625754 5626685 | 929 932 | 94.38 | pa_ill_pa_contig72 contig_106
			  Not a misassembly [fragmentation of reference genome] between these two alignments
			Real Alignment 104: 1 2549 | 5626813 5629357 | 2549 2545 | 96.23 | pa_ill_pa_contig52 contig_106
			  Not a misassembly [fragmentation of reference genome] between these two alignments
			Excluding internal overlap of size 55 between Alignment 105 and 106: 1 1468 | 6033759 6035211 | 1468 1453 --> 56 1468 | 6033814 6035211 | 1413 1398
			Real Alignment 105: 1 404310 | 6033813 5629717 | 404310 404097 | 99.92 | pa_ill_pa_contig4 contig_106
			  Indel (> 5bp) between these two alignments: deletion of length 55; 0 mismatches (number of Ns: 0) [fragmentation of reference genome]
			Excluding internal overlap of size 56 between Alignment 106 and 107: 56 1468 | 6033814 6035211 | 1413 1398 --> 56 1413 | 6033814 6035155 | 1358 1342
			Real Alignment 106: 56 1413 | 6033814 6035155 | 1358 1342 | 96.34 | pa_ill_pa_contig62 contig_106
			  Indel (> 5bp) between these two alignments: deletion of length 55; 0 mismatches (number of Ns: 0) [fragmentation of reference genome]
			Real Alignment 107: 1 122468 | 6035156 6157559 | 122468 122404 | 99.9 | pa_ill_pa_contig16 contig_106
			  Not a misassembly [fragmentation of reference genome] between these two alignments
			Excluding internal overlap of size 55 between Alignment 108 and 109: 1 603 | 6211768 6211166 | 603 603 --> 1 548 | 6211768 6211221 | 548 548
			Real Alignment 108: 1 53273 | 6211220 6157972 | 53273 53249 | 99.93 | pa_ill_pa_contig33 contig_106
			  Indel (> 5bp) between these two alignments: deletion of length 55; 0 mismatches (number of Ns: 0) [fragmentation of reference genome]
			Excluding internal overlap of size 55 between Alignment 109 and 110: 1 548 | 6211768 6211221 | 548 548 --> 56 548 | 6211713 6211221 | 493 493
			Real Alignment 109: 56 548 | 6211713 6211221 | 493 493 | 100.0 | pa_ill_pa_contig79 contig_106
			  Indel (> 5bp) between these two alignments: deletion of length 55; 0 mismatches (number of Ns: 0) [fragmentation of reference genome]
			Excluding internal overlap of size 242 between Alignment 110 and 111: 41099 76514 | 6247099 6211714 | 35416 35386 --> 41341 76514 | 6246857 6211714 | 35174 35144
			Real Alignment 110: 41341 76514 | 6246857 6211714 | 35174 35144 | 99.88 | pa_ill_pa_contig26 contig_106
			  Gap between these two alignments (local misassembly). Inconsistency = 112
			Real Alignment 111: 1 41228 | 6288060 6246858 | 41228 41203 | 99.92 | pa_ill_pa_contig26 contig_106
			  Not a misassembly [fragmentation of reference genome] between these two alignments
			Excluding internal overlap of size 55 between Alignment 112 and 113: 1 5507 | 6294249 6288774 | 5507 5476 --> 56 5507 | 6294194 6288774 | 5452 5421
			Real Alignment 112: 56 5507 | 6294194 6288774 | 5452 5421 | 94.72 | pa_ill_pa_contig45 contig_106
			  Indel (> 5bp) between these two alignments: deletion of length 55; 0 mismatches (number of Ns: 0) [fragmentation of reference genome]
			Real Alignment 113: 1 65213 | 6294195 6359533 | 65213 65339 | 99.37 | pa_ill_pa_contig27 contig_106
			  Gap between these two alignments (local misassembly). Inconsistency = -107
			Real Alignment 114: 65294 68332 | 6359721 6362751 | 3039 3031 | 99.74 | pa_ill_pa_contig27 contig_106
			  Gap between these two alignments (local misassembly). Inconsistency = 82 [fragmentation of reference genome]
			Excluding internal overlap of size 59 between Alignment 115 and 116: 1 1197 | 6456344 6457523 | 1197 1180 --> 56 1197 | 6456403 6457523 | 1142 1121
			Real Alignment 115: 1 87994 | 6456402 6368448 | 87994 87955 | 99.88 | pa_ill_pa_contig24 contig_106
			  Indel (> 5bp) between these two alignments: deletion of length 55; 0 mismatches (number of Ns: 0) [fragmentation of reference genome]
			Excluding internal overlap of size 47 between Alignment 116 and 117: 56 1197 | 6456403 6457523 | 1142 1121 --> 56 1150 | 6456403 6457476 | 1095 1074
			Real Alignment 116: 56 1150 | 6456403 6457476 | 1095 1074 | 94.62 | pa_ill_pa_contig67 contig_106
			  Indel (> 5bp) between these two alignments: deletion of length 55; 0 mismatches (number of Ns: 0) [fragmentation of reference genome]
			Real Alignment 117: 9 294352 | 6457477 6751633 | 294344 294157 | 99.92 | pa_ill_pa_contig5 contig_106
			  Extensive misassembly (translocation) between these two alignments
			Real Alignment 118: 308 380 | 6753076 6753148 | 73 73 | 97.26 | pa_ill_pa_contig37 contig_106
			  Gap between these two alignments (local misassembly). Inconsistency = -186
			Real Alignment 119: 352 35650 | 6753306 6788581 | 35299 35276 | 99.92 | pa_ill_pa_contig37 contig_106
		Unaligned bases: 31623

CONTIG: contig_93 (4756051bp)
Best alignment score: 288.0 (LEN: 307, IDY: 93.81), Total number of alignments: 83
			Looking for the best set of alignments (out of 83 total alignments)
			Skipping redundant alignments after choosing the best set of alignments
		Skipping redundant alignment 3 78 | 52779 52854 | 76 76 | 100.0 | pa_ill_pa_contig9 contig_93
		Skipping redundant alignment 163 238 | 52779 52854 | 76 76 | 100.0 | pa_ill_pa_contig9 contig_93
		Skipping redundant alignment 323 399 | 52779 52855 | 77 77 | 100.0 | pa_ill_pa_contig9 contig_93
		Skipping redundant alignment 28782 28858 | 52855 52779 | 77 77 | 100.0 | pa_ill_pa_contig8 contig_93
		Skipping redundant alignment 93682 93815 | 434319 434186 | 134 134 | 93.28 | pa_ill_pa_contig13 contig_93
		Skipping redundant alignment 84045 84123 | 445107 445029 | 79 79 | 96.2 | pa_ill_pa_contig13 contig_93
		Skipping redundant alignment 161 238 | 2486466 2486389 | 78 78 | 100.0 | pa_ill_pa_contig9 contig_93
		Skipping redundant alignment 321 399 | 2486466 2486388 | 79 79 | 100.0 | pa_ill_pa_contig9 contig_93
		Skipping redundant alignment 163517 163628 | 4622070 4621959 | 112 112 | 91.07 | pa_ill_pa_contig4 contig_93
		Skipping redundant alignment 159406 159543 | 4626119 4625982 | 138 138 | 92.03 | pa_ill_pa_contig4 contig_93
		This contig has several significant sets of alignments. [An ambiguously mapped contig]
		Using only the very best set (option --ambiguity-usage is set to "one").
			The best set is below. Score: 5084.9, number of alignments: 73, unaligned bases: 4748495
		This contig is misassembled.
		This contig is partially unaligned. (Aligned 7556 out of 4756051 non-N bases (0.16%))
			Warning! This contig is more unaligned than misassembled. Contig length is 4756051 (number of Ns: 0) and total length of all aligns is 7556
		Alignment: 4973 5158 | 806842 806657 | 186 186 | 96.24 | pa_ill_pa_contig44 contig_93
		Alignment: 4432 4503 | 807388 807317 | 72 72 | 98.61 | pa_ill_pa_contig44 contig_93
		Alignment: 4301 4409 | 807521 807413 | 109 109 | 96.33 | pa_ill_pa_contig44 contig_93
		Alignment: 4118 4231 | 807710 807597 | 114 114 | 93.86 | pa_ill_pa_contig44 contig_93
		Alignment: 3582 3662 | 808243 808163 | 81 81 | 96.3 | pa_ill_pa_contig44 contig_93
		Alignment: 1813 1920 | 809884 809777 | 108 108 | 94.44 | pa_ill_pa_contig44 contig_93
		Alignment: 1660 1760 | 810037 809937 | 101 101 | 94.06 | pa_ill_pa_contig44 contig_93
		Alignment: 1535 1650 | 810162 810047 | 116 116 | 91.38 | pa_ill_pa_contig44 contig_93
		Alignment: 1375 1484 | 810320 810211 | 110 110 | 95.45 | pa_ill_pa_contig44 contig_93
		Alignment: 818 893 | 810872 810797 | 76 76 | 96.05 | pa_ill_pa_contig44 contig_93
		Alignment: 529 593 | 811173 811109 | 65 65 | 96.92 | pa_ill_pa_contig44 contig_93
		Alignment: 5062 5138 | 1472850 1472774 | 77 77 | 98.7 | pa_ill_pa_contig44 contig_93
		Alignment: 4445 4579 | 1473456 1473322 | 135 135 | 94.81 | pa_ill_pa_contig44 contig_93
		Alignment: 3502 3616 | 1474401 1474287 | 115 115 | 90.43 | pa_ill_pa_contig44 contig_93
		Alignment: 1870 1945 | 1475884 1475809 | 76 76 | 96.05 | pa_ill_pa_contig44 contig_93
		Alignment: 1536 1650 | 1992934 1993048 | 115 115 | 91.3 | pa_ill_pa_contig44 contig_93
		Alignment: 1660 1733 | 1993058 1993131 | 74 74 | 91.89 | pa_ill_pa_contig44 contig_93
		Alignment: 1820 1945 | 1993219 1993344 | 126 126 | 95.24 | pa_ill_pa_contig44 contig_93
		Alignment: 2928 3116 | 1994372 1994562 | 189 191 | 90.82 | pa_ill_pa_contig44 contig_93
		Alignment: 4462 4614 | 1995906 1996058 | 153 153 | 92.81 | pa_ill_pa_contig44 contig_93
		Alignment: 4892 5104 | 1996335 1996547 | 213 213 | 94.84 | pa_ill_pa_contig44 contig_93
		Alignment: 529 593 | 2086940 2087004 | 65 65 | 98.46 | pa_ill_pa_contig44 contig_93
		Alignment: 995 1070 | 2087403 2087478 | 76 76 | 90.79 | pa_ill_pa_contig44 contig_93
		Alignment: 1260 1339 | 2087661 2087740 | 80 80 | 92.5 | pa_ill_pa_contig44 contig_93
		Alignment: 1375 1442 | 2087776 2087843 | 68 68 | 95.59 | pa_ill_pa_contig44 contig_93
		Alignment: 1445 1625 | 2087844 2088024 | 181 181 | 91.16 | pa_ill_pa_contig44 contig_93
		Alignment: 1660 1729 | 2088058 2088127 | 70 70 | 91.43 | pa_ill_pa_contig44 contig_93
		Alignment: 1813 1879 | 2088212 2088278 | 67 67 | 91.04 | pa_ill_pa_contig44 contig_93
		Alignment: 2936 3025 | 2089221 2089310 | 90 90 | 97.78 | pa_ill_pa_contig44 contig_93
		Alignment: 3371 3442 | 2089661 2089732 | 72 72 | 90.28 | pa_ill_pa_contig44 contig_93
		Alignment: 3453 3529 | 2089742 2089818 | 77 77 | 94.81 | pa_ill_pa_contig44 contig_93
		Alignment: 3565 3662 | 2089846 2089943 | 98 98 | 94.9 | pa_ill_pa_contig44 contig_93
		Alignment: 4268 4574 | 2090555 2090861 | 307 307 | 93.81 | pa_ill_pa_contig44 contig_93
		Alignment: 4920 5031 | 2091204 2091315 | 112 112 | 96.43 | pa_ill_pa_contig44 contig_93
		Alignment: 5058 5131 | 2091344 2091417 | 74 74 | 100.0 | pa_ill_pa_contig44 contig_93
		Alignment: 789 878 | 2242247 2242336 | 90 90 | 91.11 | pa_ill_pa_contig44 contig_93
		Alignment: 1003 1089 | 2242464 2242550 | 87 87 | 93.1 | pa_ill_pa_contig44 contig_93
		Alignment: 1422 1505 | 2242876 2242959 | 84 84 | 98.81 | pa_ill_pa_contig44 contig_93
		Alignment: 1511 1617 | 2242964 2243070 | 107 107 | 90.65 | pa_ill_pa_contig44 contig_93
		Alignment: 1840 1945 | 2243286 2243391 | 106 106 | 95.28 | pa_ill_pa_contig44 contig_93
		Alignment: 2988 3056 | 2244491 2244559 | 69 69 | 94.2 | pa_ill_pa_contig44 contig_93
		Alignment: 3074 3157 | 2244579 2244662 | 84 84 | 91.67 | pa_ill_pa_contig44 contig_93
		Alignment: 3374 3442 | 2244876 2244944 | 69 69 | 91.3 | pa_ill_pa_contig44 contig_93
		Alignment: 3558 3662 | 2245056 2245160 | 105 105 | 92.38 | pa_ill_pa_contig44 contig_93
		Alignment: 4268 4362 | 2245770 2245864 | 95 95 | 93.68 | pa_ill_pa_contig44 contig_93
		Alignment: 4411 4481 | 2245915 2245985 | 71 71 | 95.77 | pa_ill_pa_contig44 contig_93
		Alignment: 4882 4961 | 2246379 2246458 | 80 80 | 95.0 | pa_ill_pa_contig44 contig_93
		Alignment: 5100 5187 | 2246598 2246685 | 88 88 | 93.18 | pa_ill_pa_contig44 contig_93
		Alignment: 794 972 | 2285086 2285264 | 179 179 | 91.06 | pa_ill_pa_contig44 contig_93
		Alignment: 998 1106 | 2285295 2285403 | 109 109 | 91.74 | pa_ill_pa_contig44 contig_93
		Alignment: 1402 1477 | 2285695 2285770 | 76 76 | 96.05 | pa_ill_pa_contig44 contig_93
		Alignment: 1557 1650 | 2285844 2285937 | 94 94 | 91.49 | pa_ill_pa_contig44 contig_93
		Alignment: 1871 1943 | 2286155 2286227 | 73 73 | 95.89 | pa_ill_pa_contig44 contig_93
		Alignment: 1972 2044 | 2286256 2286328 | 73 73 | 90.41 | pa_ill_pa_contig44 contig_93
		Alignment: 2917 3056 | 2287088 2287227 | 140 140 | 95.71 | pa_ill_pa_contig44 contig_93
		Alignment: 3374 3442 | 2287549 2287617 | 69 69 | 92.75 | pa_ill_pa_contig44 contig_93
		Alignment: 3453 3604 | 2287627 2287778 | 152 152 | 90.79 | pa_ill_pa_contig44 contig_93
		Alignment: 4118 4227 | 2288297 2288406 | 110 110 | 93.64 | pa_ill_pa_contig44 contig_93
		Alignment: 4303 4413 | 2288481 2288591 | 111 111 | 95.5 | pa_ill_pa_contig44 contig_93
		Alignment: 4422 4516 | 2288593 2288687 | 95 95 | 94.74 | pa_ill_pa_contig44 contig_93
		Alignment: 4518 4601 | 2288688 2288771 | 84 84 | 95.24 | pa_ill_pa_contig44 contig_93
		Alignment: 4882 4961 | 2289055 2289134 | 80 80 | 95.0 | pa_ill_pa_contig44 contig_93
		Alignment: 5042 5115 | 2289214 2289287 | 74 74 | 97.3 | pa_ill_pa_contig44 contig_93
		Alignment: 5130 5195 | 2289303 2289368 | 66 66 | 90.91 | pa_ill_pa_contig44 contig_93
		Alignment: 529 593 | 3033958 3034022 | 65 65 | 96.92 | pa_ill_pa_contig44 contig_93
		Alignment: 818 902 | 3034254 3034338 | 85 85 | 94.12 | pa_ill_pa_contig44 contig_93
		Alignment: 1375 1454 | 3034791 3034870 | 80 80 | 95.0 | pa_ill_pa_contig44 contig_93
		Alignment: 1542 1611 | 3034956 3035025 | 70 70 | 91.43 | pa_ill_pa_contig44 contig_93
		Alignment: 3454 3528 | 3037006 3037080 | 75 75 | 96.0 | pa_ill_pa_contig44 contig_93
		Alignment: 4118 4233 | 3037667 3037782 | 116 116 | 91.38 | pa_ill_pa_contig44 contig_93
		Alignment: 4301 4401 | 3037855 3037955 | 101 101 | 96.04 | pa_ill_pa_contig44 contig_93
		Alignment: 4420 4647 | 3037974 3038201 | 228 228 | 92.98 | pa_ill_pa_contig44 contig_93
		Alignment: 4882 5047 | 3038436 3038601 | 166 166 | 93.98 | pa_ill_pa_contig44 contig_93
		Unaligned bases: 4748495

CONTIG: contig_94 (4763513bp)
Best alignment score: 245.2 (LEN: 268, IDY: 91.51), Total number of alignments: 70
			Looking for the best set of alignments (out of 70 total alignments)
			Skipping redundant alignments after choosing the best set of alignments
		Skipping redundant alignment 163 238 | 4333612 4333687 | 76 76 | 100.0 | pa_ill_pa_contig9 contig_94
		Skipping redundant alignment 3 78 | 4333612 4333687 | 76 76 | 100.0 | pa_ill_pa_contig9 contig_94
		Skipping redundant alignment 323 399 | 4333612 4333688 | 77 77 | 100.0 | pa_ill_pa_contig9 contig_94
		Skipping redundant alignment 28781 28858 | 4333689 4333612 | 78 78 | 100.0 | pa_ill_pa_contig8 contig_94
		Skipping redundant alignment 56559 56676 | 1798670 1798553 | 118 118 | 90.68 | pa_ill_pa_contig27 contig_94
		Skipping redundant alignment 161 240 | 1997001 1996922 | 80 80 | 100.0 | pa_ill_pa_contig9 contig_94
		Skipping redundant alignment 321 398 | 1997113 1997036 | 78 78 | 100.0 | pa_ill_pa_contig9 contig_94
		Skipping redundant alignment 161 238 | 1997113 1997036 | 78 78 | 100.0 | pa_ill_pa_contig9 contig_94
		Skipping redundant alignment 84045 84229 | 4761875 4761691 | 185 185 | 91.35 | pa_ill_pa_contig13 contig_94
		This contig has several significant sets of alignments. [An ambiguously mapped contig]
		Using only the very best set (option --ambiguity-usage is set to "one").
			The best set is below. Score: 4036.6, number of alignments: 61, unaligned bases: 4757124
		This contig is misassembled.
		This contig is partially unaligned. (Aligned 6389 out of 4763513 non-N bases (0.13%))
			Warning! This contig is more unaligned than misassembled. Contig length is 4763513 (number of Ns: 0) and total length of all aligns is 6389
		Alignment: 4925 5191 | 304128 303861 | 267 268 | 91.51 | pa_ill_pa_contig44 contig_94
		Alignment: 3580 3685 | 305461 305357 | 106 105 | 95.28 | pa_ill_pa_contig44 contig_94
		Alignment: 1695 1760 | 307340 307275 | 66 66 | 98.48 | pa_ill_pa_contig44 contig_94
		Alignment: 4958 5158 | 1012052 1011852 | 201 201 | 96.52 | pa_ill_pa_contig44 contig_94
		Alignment: 4882 4956 | 1012127 1012053 | 75 75 | 94.67 | pa_ill_pa_contig44 contig_94
		Alignment: 4432 4540 | 1012584 1012476 | 109 109 | 92.66 | pa_ill_pa_contig44 contig_94
		Alignment: 3453 3569 | 1013556 1013440 | 117 117 | 91.45 | pa_ill_pa_contig44 contig_94
		Alignment: 3074 3143 | 1013934 1013865 | 70 70 | 91.43 | pa_ill_pa_contig44 contig_94
		Alignment: 1975 2060 | 1015006 1014921 | 86 86 | 91.86 | pa_ill_pa_contig44 contig_94
		Alignment: 1879 1967 | 1015102 1015014 | 89 89 | 91.01 | pa_ill_pa_contig44 contig_94
		Alignment: 1813 1877 | 1015167 1015103 | 65 65 | 92.31 | pa_ill_pa_contig44 contig_94
		Alignment: 1376 1527 | 1015598 1015447 | 152 152 | 94.08 | pa_ill_pa_contig44 contig_94
		Alignment: 1230 1345 | 1556769 1556884 | 116 116 | 92.24 | pa_ill_pa_contig44 contig_94
		Alignment: 1439 1511 | 1556980 1557052 | 73 73 | 94.52 | pa_ill_pa_contig44 contig_94
		Alignment: 1817 1902 | 1557340 1557425 | 86 86 | 90.7 | pa_ill_pa_contig44 contig_94
		Alignment: 3469 3662 | 1558873 1559066 | 194 194 | 94.33 | pa_ill_pa_contig44 contig_94
		Alignment: 3704 3781 | 1559111 1559188 | 78 78 | 91.03 | pa_ill_pa_contig44 contig_94
		Alignment: 4268 4388 | 1559675 1559795 | 121 121 | 94.21 | pa_ill_pa_contig44 contig_94
		Alignment: 4390 4503 | 1559796 1559909 | 114 114 | 98.25 | pa_ill_pa_contig44 contig_94
		Alignment: 4509 4651 | 1559916 1560058 | 143 143 | 91.61 | pa_ill_pa_contig44 contig_94
		Alignment: 4882 4965 | 1560286 1560369 | 84 84 | 92.86 | pa_ill_pa_contig44 contig_94
		Alignment: 529 593 | 1649575 1649639 | 65 65 | 98.46 | pa_ill_pa_contig44 contig_94
		Alignment: 776 904 | 1649826 1649954 | 129 129 | 90.7 | pa_ill_pa_contig44 contig_94
		Alignment: 1269 1345 | 1650310 1650386 | 77 77 | 97.4 | pa_ill_pa_contig44 contig_94
		Alignment: 1443 1536 | 1650484 1650577 | 94 94 | 91.49 | pa_ill_pa_contig44 contig_94
		Alignment: 1669 1760 | 1650708 1650799 | 92 92 | 95.65 | pa_ill_pa_contig44 contig_94
		Alignment: 1852 1945 | 1650891 1650984 | 94 94 | 96.81 | pa_ill_pa_contig44 contig_94
		Alignment: 2929 3051 | 1651943 1652065 | 123 123 | 95.12 | pa_ill_pa_contig44 contig_94
		Alignment: 3453 3604 | 1652456 1652607 | 152 152 | 91.45 | pa_ill_pa_contig44 contig_94
		Alignment: 4118 4215 | 1653116 1653213 | 98 98 | 95.92 | pa_ill_pa_contig44 contig_94
		Alignment: 4433 4575 | 1653440 1653582 | 143 143 | 92.31 | pa_ill_pa_contig44 contig_94
		Alignment: 4882 5054 | 1653883 1654055 | 173 173 | 92.49 | pa_ill_pa_contig44 contig_94
		Alignment: 4316 4409 | 1784063 1784156 | 94 94 | 94.68 | pa_ill_pa_contig44 contig_94
		Alignment: 4573 4664 | 1784322 1784413 | 92 92 | 90.22 | pa_ill_pa_contig44 contig_94
		Alignment: 4896 4962 | 1784636 1784702 | 67 67 | 94.03 | pa_ill_pa_contig44 contig_94
		Alignment: 4963 5029 | 1784704 1784770 | 67 67 | 97.01 | pa_ill_pa_contig44 contig_94
		Alignment: 5037 5116 | 1784782 1784861 | 80 80 | 95.0 | pa_ill_pa_contig44 contig_94
		Alignment: 849 918 | 1822004 1822073 | 70 70 | 92.86 | pa_ill_pa_contig44 contig_94
		Alignment: 1842 1967 | 1822989 1823114 | 126 126 | 91.27 | pa_ill_pa_contig44 contig_94
		Alignment: 2934 3009 | 1823965 1824040 | 76 76 | 98.68 | pa_ill_pa_contig44 contig_94
		Alignment: 3074 3149 | 1824101 1824176 | 76 76 | 90.79 | pa_ill_pa_contig44 contig_94
		Alignment: 3495 3584 | 1824524 1824613 | 90 90 | 90.0 | pa_ill_pa_contig44 contig_94
		Alignment: 4124 4215 | 1825150 1825241 | 92 92 | 96.74 | pa_ill_pa_contig44 contig_94
		Alignment: 4268 4370 | 1825296 1825398 | 103 103 | 93.2 | pa_ill_pa_contig44 contig_94
		Alignment: 4404 4510 | 1825437 1825543 | 107 107 | 93.46 | pa_ill_pa_contig44 contig_94
		Alignment: 4512 4651 | 1825544 1825683 | 140 140 | 90.0 | pa_ill_pa_contig44 contig_94
		Alignment: 4957 5040 | 1825986 1826069 | 84 84 | 96.43 | pa_ill_pa_contig44 contig_94
		Alignment: 5129 5195 | 1826158 1826224 | 67 67 | 91.04 | pa_ill_pa_contig44 contig_94
		Alignment: 808 904 | 2470178 2470274 | 97 97 | 92.78 | pa_ill_pa_contig44 contig_94
		Alignment: 997 1074 | 2470367 2470444 | 78 78 | 93.59 | pa_ill_pa_contig44 contig_94
		Alignment: 1274 1345 | 2470646 2470717 | 72 72 | 97.22 | pa_ill_pa_contig44 contig_94
		Alignment: 1376 1503 | 2470748 2470875 | 128 128 | 96.88 | pa_ill_pa_contig44 contig_94
		Alignment: 1516 1760 | 2470887 2471131 | 245 245 | 90.2 | pa_ill_pa_contig44 contig_94
		Alignment: 1813 1891 | 2471184 2471262 | 79 79 | 91.14 | pa_ill_pa_contig44 contig_94
		Alignment: 1975 2060 | 2471350 2471435 | 86 86 | 90.7 | pa_ill_pa_contig44 contig_94
		Alignment: 3459 3524 | 2472801 2472866 | 66 66 | 95.45 | pa_ill_pa_contig44 contig_94
		Alignment: 3529 3620 | 2472873 2472964 | 92 92 | 90.22 | pa_ill_pa_contig44 contig_94
		Alignment: 4161 4231 | 2473497 2473567 | 71 71 | 91.55 | pa_ill_pa_contig44 contig_94
		Alignment: 4507 4596 | 2473847 2473936 | 90 90 | 93.33 | pa_ill_pa_contig44 contig_94
		Alignment: 4901 5021 | 2474233 2474353 | 121 121 | 95.04 | pa_ill_pa_contig44 contig_94
		Alignment: 5047 5127 | 2474377 2474457 | 81 81 | 92.59 | pa_ill_pa_contig44 contig_94
		Unaligned bases: 4757124

CONTIG: contig_100 (2718867bp)
Best alignment score: 102.0 (LEN: 106, IDY: 96.23), Total number of alignments: 4
			Looking for the best set of alignments (out of 4 total alignments)
			Skipping redundant alignments after choosing the best set of alignments
		Skipping redundant alignment 1405 1503 | 658473 658375 | 99 99 | 95.96 | pa_ill_pa_contig44 contig_100
		Skipping redundant alignment 4403 4500 | 1762868 1762965 | 98 98 | 94.95 | pa_ill_pa_contig44 contig_100
		Skipping redundant alignment 4406 4500 | 1768130 1768224 | 95 95 | 97.89 | pa_ill_pa_contig44 contig_100
			The best set is below. Score: 102.0, number of alignments: 1, unaligned bases: 2718761
		This contig is partially unaligned. (Aligned 106 out of 2718867 non-N bases (0.00%))
		Alignment: 1397 1502 | 1715348 1715453 | 106 106 | 96.23 | pa_ill_pa_contig44 contig_100
		Unaligned bases: 1 to 1715347 (1715347)
		Unaligned bases: 1715454 to 2718867 (1003414)

CONTIG: contig_2 (2843857bp)
Best alignment score: 127.0 (LEN: 139, IDY: 91.37), Total number of alignments: 7
			Looking for the best set of alignments (out of 7 total alignments)
			Skipping redundant alignments after choosing the best set of alignments
		Skipping redundant alignment 1397 1502 | 604955 605060 | 106 106 | 97.17 | pa_ill_pa_contig44 contig_2
		Skipping redundant alignment 4406 4500 | 607835 607929 | 95 95 | 94.74 | pa_ill_pa_contig44 contig_2
		Skipping redundant alignment 4416 4500 | 2832735 2832818 | 85 84 | 96.47 | pa_ill_pa_contig44 contig_2
			The best set is below. Score: 400.0, number of alignments: 4, unaligned bases: 2843396
		This contig is misassembled.
		This contig is partially unaligned. (Aligned 461 out of 2843857 non-N bases (0.02%))
			Warning! This contig is more unaligned than misassembled. Contig length is 2843857 (number of Ns: 0) and total length of all aligns is 461
		Alignment: 1200 1338 | 2386758 2386896 | 139 139 | 91.37 | pa_ill_pa_contig44 contig_2
		Alignment: 1404 1538 | 2386963 2387097 | 135 135 | 90.37 | pa_ill_pa_contig44 contig_2
		Alignment: 1543 1634 | 2387102 2387193 | 92 92 | 90.22 | pa_ill_pa_contig44 contig_2
		Alignment: 4406 4500 | 2389741 2389835 | 95 95 | 96.84 | pa_ill_pa_contig44 contig_2
		Unaligned bases: 2843396

CONTIG: contig_84 (2990627bp)
Best alignment score: 107.0 (LEN: 114, IDY: 93.86), Total number of alignments: 4
			Looking for the best set of alignments (out of 4 total alignments)
			Skipping redundant alignments after choosing the best set of alignments
		Skipping redundant alignment 1404 1517 | 289670 289557 | 114 114 | 93.86 | pa_ill_pa_contig44 contig_84
			The best set is below. Score: 207.0, number of alignments: 3, unaligned bases: 2990403
		This contig is misassembled.
		This contig is partially unaligned. (Aligned 224 out of 2990627 non-N bases (0.01%))
			Warning! This contig is more unaligned than misassembled. Contig length is 2990627 (number of Ns: 0) and total length of all aligns is 224
		Alignment: 1686 1759 | 295364 295291 | 74 74 | 91.89 | pa_ill_pa_contig44 contig_84
		Alignment: 1545 1616 | 295504 295433 | 72 72 | 90.28 | pa_ill_pa_contig44 contig_84
		Alignment: 1432 1509 | 295612 295535 | 78 78 | 94.87 | pa_ill_pa_contig44 contig_84
		Unaligned bases: 2990403

CONTIG: contig_87 (4043031bp)
Best alignment score: 112.0 (LEN: 119, IDY: 94.12), Total number of alignments: 19
			Looking for the best set of alignments (out of 19 total alignments)
			Skipping redundant alignments after choosing the best set of alignments
		Skipping redundant alignment 4406 4476 | 1502941 1502871 | 71 71 | 98.59 | pa_ill_pa_contig44 contig_87
		Skipping redundant alignment 1454 1523 | 1505619 1505550 | 70 70 | 90.0 | pa_ill_pa_contig44 contig_87
		Skipping redundant alignment 1561 1651 | 2599837 2599927 | 91 91 | 92.31 | pa_ill_pa_contig44 contig_87
		Skipping redundant alignment 1669 1773 | 2599945 2600049 | 105 105 | 90.48 | pa_ill_pa_contig44 contig_87
		Skipping redundant alignment 4406 4478 | 2662688 2662760 | 73 73 | 98.63 | pa_ill_pa_contig44 contig_87
		Skipping redundant alignment 4406 4476 | 2668587 2668657 | 71 71 | 98.59 | pa_ill_pa_contig44 contig_87
		Skipping redundant alignment 1418 1515 | 2735944 2736041 | 98 98 | 92.86 | pa_ill_pa_contig44 contig_87
		Skipping redundant alignment 1864 1938 | 2736373 2736447 | 75 75 | 90.67 | pa_ill_pa_contig44 contig_87
		Skipping redundant alignment 1425 1515 | 2740937 2741027 | 91 91 | 94.51 | pa_ill_pa_contig44 contig_87
		Skipping redundant alignment 1570 1651 | 2741076 2741157 | 82 82 | 91.46 | pa_ill_pa_contig44 contig_87
		Skipping redundant alignment 4406 4488 | 2743640 2743722 | 83 83 | 97.59 | pa_ill_pa_contig44 contig_87
		Skipping redundant alignment 1653 1736 | 3194472 3194555 | 84 84 | 90.48 | pa_ill_pa_contig44 contig_87
		Skipping redundant alignment 1230 1338 | 3486643 3486751 | 109 109 | 91.74 | pa_ill_pa_contig44 contig_87
		Skipping redundant alignment 1397 1515 | 3486810 3486928 | 119 119 | 94.12 | pa_ill_pa_contig44 contig_87
		Skipping redundant alignment 4406 4476 | 3489536 3489606 | 71 71 | 98.59 | pa_ill_pa_contig44 contig_87
			The best set is below. Score: 261.0, number of alignments: 4, unaligned bases: 4042731
		This contig is misassembled.
		This contig is partially unaligned. (Aligned 300 out of 4043031 non-N bases (0.01%))
			Warning! This contig is more unaligned than misassembled. Contig length is 4043031 (number of Ns: 0) and total length of all aligns is 300
		Alignment: 1397 1484 | 2730354 2730441 | 88 88 | 94.32 | pa_ill_pa_contig44 contig_87
		Alignment: 1561 1635 | 2730515 2730589 | 75 75 | 94.67 | pa_ill_pa_contig44 contig_87
		Alignment: 4417 4488 | 2733096 2733167 | 72 72 | 98.61 | pa_ill_pa_contig44 contig_87
		Alignment: 4914 4978 | 2733591 2733655 | 65 65 | 92.31 | pa_ill_pa_contig44 contig_87
		Unaligned bases: 4042731

CONTIG: contig_91 (1945673bp)
Best alignment score: 115.0 (LEN: 125, IDY: 92.00), Total number of alignments: 8
			Looking for the best set of alignments (out of 8 total alignments)
			Skipping redundant alignments after choosing the best set of alignments
		Skipping redundant alignment 4406 4500 | 65907 65813 | 95 95 | 94.74 | pa_ill_pa_contig44 contig_91
		Skipping redundant alignment 1672 1769 | 68592 68495 | 98 98 | 91.84 | pa_ill_pa_contig44 contig_91
		Skipping redundant alignment 1397 1521 | 68863 68739 | 125 125 | 92.0 | pa_ill_pa_contig44 contig_91
		Skipping redundant alignment 1404 1517 | 145660 145547 | 114 114 | 93.86 | pa_ill_pa_contig44 contig_91
			The best set is below. Score: 314.0, number of alignments: 4, unaligned bases: 1945339
		This contig is misassembled.
		This contig is partially unaligned. (Aligned 334 out of 1945673 non-N bases (0.02%))
			Warning! This contig is more unaligned than misassembled. Contig length is 1945673 (number of Ns: 0) and total length of all aligns is 334
		Alignment: 1440 1521 | 841963 842044 | 82 82 | 92.68 | pa_ill_pa_contig44 contig_91
		Alignment: 1579 1651 | 842102 842174 | 73 73 | 93.15 | pa_ill_pa_contig44 contig_91
		Alignment: 1851 1933 | 842373 842455 | 83 83 | 93.98 | pa_ill_pa_contig44 contig_91
		Alignment: 4406 4500 | 844872 844967 | 95 96 | 95.83 | pa_ill_pa_contig44 contig_91
		Unaligned bases: 1945339

Analyzing coverage...
Writing SNPs into /media3/lucia/zymo_mock_community/asms_cuantizados/v3_12-2-21_2bins/metaquast-2bins/runs_per_reference/pa_ill/contigs_reports/minimap_output/r10_2bins_3_raw.used_snps.gz

Analysis is finished!
Founded SNPs were written into /media3/lucia/zymo_mock_community/asms_cuantizados/v3_12-2-21_2bins/metaquast-2bins/runs_per_reference/pa_ill/contigs_reports/minimap_output/r10_2bins_3_raw.used_snps.gz

Results:
	Local Misassemblies: 25
	Misassemblies: 10
		Relocations: 0
		Translocations: 10
		Inversions: 0
	Scaffold gap extensive misassemblies: 0
	Scaffold gap local misassemblies: 0
	Misassemblies caused by fragmented reference: 16
	Misassembled Contigs: 1
	Misassembled Contig Bases: 6788581
	Misassemblies Inter-Contig Overlap: 0
Unaligned Contigs: 0 + 8 part
Half Unaligned Contigs with Misassemblies: 6
Unaligned Contig Bases: 24077872

Ambiguously Mapped Contigs: 2
Total Bases in Ambiguously Mapped Contigs: 9519564
Extra Bases in Ambiguously Mapped Contigs: 0
Note that --allow-ambiguity option was set to "one" and only first alignment per each of these contigs was used.

	Covered Bases: 6719777

	SNPs: 4373
	Insertions: 2708
	Deletions: 10221

