Aligning contigs to reference...
	Aligning contigs to the reference
Filtering alignments...
Parsing coords...
Loading reference...
	Loaded [pa_ill_pa_contig77]
	Loaded [pa_ill_pa_contig76]
	Loaded [pa_ill_pa_contig75]
	Loaded [pa_ill_pa_contig74]
	Loaded [pa_ill_pa_contig73]
	Loaded [pa_ill_pa_contig72]
	Loaded [pa_ill_pa_contig71]
	Loaded [pa_ill_pa_contig70]
	Loaded [pa_ill_pa_contig23]
	Loaded [pa_ill_pa_contig21]
	Loaded [pa_ill_pa_contig28]
	Loaded [pa_ill_pa_contig79]
	Loaded [pa_ill_pa_contig78]
	Loaded [pa_ill_pa_contig32]
	Loaded [pa_ill_pa_contig8]
	Loaded [pa_ill_pa_contig41]
	Loaded [pa_ill_pa_contig47]
	Loaded [pa_ill_pa_contig4]
	Loaded [pa_ill_pa_contig13]
	Loaded [pa_ill_pa_contig11]
	Loaded [pa_ill_pa_contig10]
	Loaded [pa_ill_pa_contig39]
	Loaded [pa_ill_pa_contig12]
	Loaded [pa_ill_pa_contig59]
	Loaded [pa_ill_pa_contig14]
	Loaded [pa_ill_pa_contig17]
	Loaded [pa_ill_pa_contig16]
	Loaded [pa_ill_pa_contig55]
	Loaded [pa_ill_pa_contig54]
	Loaded [pa_ill_pa_contig31]
	Loaded [pa_ill_pa_contig56]
	Loaded [pa_ill_pa_contig51]
	Loaded [pa_ill_pa_contig50]
	Loaded [pa_ill_pa_contig35]
	Loaded [pa_ill_pa_contig34]
	Loaded [pa_ill_pa_contig60]
	Loaded [pa_ill_pa_contig61]
	Loaded [pa_ill_pa_contig62]
	Loaded [pa_ill_pa_contig63]
	Loaded [pa_ill_pa_contig64]
	Loaded [pa_ill_pa_contig65]
	Loaded [pa_ill_pa_contig66]
	Loaded [pa_ill_pa_contig67]
	Loaded [pa_ill_pa_contig68]
	Loaded [pa_ill_pa_contig69]
	Loaded [pa_ill_pa_contig80]
	Loaded [pa_ill_pa_contig81]
	Loaded [pa_ill_pa_contig84]
	Loaded [pa_ill_pa_contig19]
	Loaded [pa_ill_pa_contig83]
	Loaded [pa_ill_pa_contig2]
	Loaded [pa_ill_pa_contig18]
	Loaded [pa_ill_pa_contig5]
	Loaded [pa_ill_pa_contig57]
	Loaded [pa_ill_pa_contig58]
	Loaded [pa_ill_pa_contig15]
	Loaded [pa_ill_pa_contig1]
	Loaded [pa_ill_pa_contig45]
	Loaded [pa_ill_pa_contig3]
	Loaded [pa_ill_pa_contig30]
	Loaded [pa_ill_pa_contig33]
	Loaded [pa_ill_pa_contig38]
	Loaded [pa_ill_pa_contig7]
	Loaded [pa_ill_pa_contig6]
	Loaded [pa_ill_pa_contig9]
	Loaded [pa_ill_pa_contig37]
	Loaded [pa_ill_pa_contig36]
	Loaded [pa_ill_pa_contig24]
	Loaded [pa_ill_pa_contig25]
	Loaded [pa_ill_pa_contig26]
	Loaded [pa_ill_pa_contig27]
	Loaded [pa_ill_pa_contig20]
	Loaded [pa_ill_pa_contig53]
	Loaded [pa_ill_pa_contig48]
	Loaded [pa_ill_pa_contig49]
	Loaded [pa_ill_pa_contig46]
	Loaded [pa_ill_pa_contig22]
	Loaded [pa_ill_pa_contig44]
	Loaded [pa_ill_pa_contig52]
	Loaded [pa_ill_pa_contig42]
	Loaded [pa_ill_pa_contig43]
	Loaded [pa_ill_pa_contig40]
	Loaded [pa_ill_pa_contig29]
	Total Regions: 83
	Total Region Length: 6728151
Analyzing contigs...
CONTIG: contig_109 (6787718bp)
Best alignment score: 846485.3 (LEN: 847163, IDY: 99.92), Total number of alignments: 184
			Too much alignments (184), will use speed up heuristics
			Found 106 solid alignments:
		Solid alignment 1 720 | 711 1 | 720 711 | 96.28 | pa_ill_pa_contig35 contig_109
		Solid alignment 1 266935 | 1326 268121 | 266935 266796 | 99.91 | pa_ill_pa_contig6 contig_109
		Solid alignment 1 111253 | 379272 268081 | 111253 111192 | 99.87 | pa_ill_pa_contig20 contig_109
		Solid alignment 1 5507 | 384666 379218 | 5507 5449 | 92.88 | pa_ill_pa_contig45 contig_109
		Solid alignment 16 118702 | 384627 503254 | 118687 118628 | 99.87 | pa_ill_pa_contig19 contig_109
		Solid alignment 1 1225 | 505009 503765 | 1225 1245 | 91.42 | pa_ill_pa_contig65 contig_109
		Solid alignment 1 944 | 505912 504953 | 944 960 | 91.35 | pa_ill_pa_contig71 contig_109
		Solid alignment 102 23992 | 506752 530647 | 23891 23896 | 99.87 | pa_ill_pa_contig40 contig_109
		Solid alignment 1 1468 | 530592 532056 | 1468 1465 | 97.56 | pa_ill_pa_contig62 contig_109
		Solid alignment 1 35827 | 532001 567804 | 35827 35804 | 99.91 | pa_ill_pa_contig30 contig_109
		Solid alignment 35946 56682 | 567803 588543 | 20737 20741 | 99.85 | pa_ill_pa_contig30 contig_109
		Solid alignment 1 927 | 588489 589402 | 927 914 | 92.42 | pa_ill_pa_contig73 contig_109
		Solid alignment 1 204998 | 794131 589347 | 204998 204785 | 99.8 | pa_ill_pa_contig12 contig_109
		Solid alignment 8 1488 | 794084 795586 | 1481 1503 | 94.59 | pa_ill_pa_contig61 contig_109
		Solid alignment 1 106741 | 795536 902209 | 106741 106674 | 99.88 | pa_ill_pa_contig21 contig_109
		Solid alignment 1 34671 | 903485 938220 | 34671 34736 | 99.64 | pa_ill_pa_contig15 contig_109
		Solid alignment 34236 173642 | 937840 1077252 | 139407 139413 | 99.86 | pa_ill_pa_contig15 contig_109
		Solid alignment 1 1019 | 1082271 1081236 | 1019 1036 | 90.27 | pa_ill_pa_contig68 contig_109
		Solid alignment 1 1672 | 1083813 1085467 | 1672 1655 | 90.04 | pa_ill_pa_contig58 contig_109
		Solid alignment 25 4971 | 1085447 1090389 | 4947 4943 | 99.8 | pa_ill_pa_contig46 contig_109
		Solid alignment 1 1682 | 1090335 1092014 | 1682 1680 | 98.22 | pa_ill_pa_contig58 contig_109
		Solid alignment 1 3238 | 1091961 1095196 | 3238 3236 | 98.98 | pa_ill_pa_contig50 contig_109
		Solid alignment 1 799 | 1095142 1095939 | 799 798 | 96.03 | pa_ill_pa_contig75 contig_109
		Solid alignment 1 6090 | 1102781 1096698 | 6090 6084 | 99.52 | pa_ill_pa_contig43 contig_109
		Solid alignment 4 798 | 1102730 1103521 | 795 792 | 94.89 | pa_ill_pa_contig75 contig_109
		Solid alignment 1 68204 | 1104204 1172367 | 68204 68164 | 99.92 | pa_ill_pa_contig28 contig_109
		Solid alignment 1 30759 | 1204268 1173526 | 30759 30743 | 99.81 | pa_ill_pa_contig38 contig_109
		Solid alignment 1235 3722 | 1206688 1204214 | 2488 2475 | 96.72 | pa_ill_pa_contig48 contig_109
		Solid alignment 1 1079 | 1207906 1206844 | 1079 1063 | 95.31 | pa_ill_pa_contig48 contig_109
		Solid alignment 1 6590 | 1207852 1214437 | 6590 6586 | 99.58 | pa_ill_pa_contig42 contig_109
		Solid alignment 1 3064 | 1217439 1214383 | 3064 3057 | 95.92 | pa_ill_pa_contig51 contig_109
		Solid alignment 1 26794 | 1217386 1244171 | 26794 26786 | 99.93 | pa_ill_pa_contig39 contig_109
		Solid alignment 1 258570 | 1503135 1244665 | 258570 258471 | 99.91 | pa_ill_pa_contig8 contig_109
		Solid alignment 1 944 | 1503081 1504019 | 944 939 | 96.0 | pa_ill_pa_contig71 contig_109
		Solid alignment 2 1237 | 1503966 1505202 | 1236 1237 | 93.1 | pa_ill_pa_contig65 contig_109
		Solid alignment 1 85827 | 1505695 1591460 | 85827 85766 | 99.9 | pa_ill_pa_contig13 contig_109
		Solid alignment 85988 191344 | 1591465 1696785 | 105357 105321 | 99.94 | pa_ill_pa_contig13 contig_109
		Solid alignment 68 1179 | 1697853 1696749 | 1112 1105 | 94.85 | pa_ill_pa_contig67 contig_109
		Solid alignment 55 86455 | 1697962 1784290 | 86401 86329 | 99.9 | pa_ill_pa_contig25 contig_109
		Solid alignment 161 246789 | 1784236 2030733 | 246629 246498 | 99.93 | pa_ill_pa_contig9 contig_109
		Solid alignment 247032 249467 | 2030858 2033290 | 2436 2433 | 97.88 | pa_ill_pa_contig9 contig_109
		Solid alignment 1 2531 | 2036173 2033652 | 2531 2522 | 95.28 | pa_ill_pa_contig53 contig_109
		Solid alignment 1 929 | 2037231 2036300 | 929 932 | 97.12 | pa_ill_pa_contig72 contig_109
		Solid alignment 1 2072 | 2041501 2039439 | 2072 2063 | 96.08 | pa_ill_pa_contig56 contig_109
		Solid alignment 1 121058 | 2162925 2041935 | 121058 120991 | 99.61 | pa_ill_pa_contig17 contig_109
		Solid alignment 1 56007 | 2163186 2219157 | 56007 55972 | 99.88 | pa_ill_pa_contig32 contig_109
		Solid alignment 1 1256 | 2220344 2219105 | 1256 1240 | 94.18 | pa_ill_pa_contig64 contig_109
		Solid alignment 247199 542364 | 2515324 2220290 | 295166 295035 | 99.91 | pa_ill_pa_contig2 contig_109
		Solid alignment 22 247386 | 2762223 2515023 | 247365 247201 | 99.81 | pa_ill_pa_contig2 contig_109
		Solid alignment 6 3774 | 2766429 2762673 | 3769 3757 | 97.46 | pa_ill_pa_contig47 contig_109
		Solid alignment 1 929 | 2766952 2767883 | 929 932 | 94.38 | pa_ill_pa_contig72 contig_109
		Solid alignment 1 2549 | 2768011 2770555 | 2549 2545 | 96.23 | pa_ill_pa_contig52 contig_109
		Solid alignment 187769 404310 | 2987352 2770915 | 216542 216438 | 99.9 | pa_ill_pa_contig4 contig_109
		Solid alignment 1 187153 | 3174451 2987379 | 187153 187073 | 99.92 | pa_ill_pa_contig4 contig_109
		Solid alignment 1 1468 | 3174397 3175849 | 1468 1453 | 96.34 | pa_ill_pa_contig62 contig_109
		Solid alignment 1 122460 | 3175794 3298192 | 122460 122399 | 99.9 | pa_ill_pa_contig16 contig_109
		Solid alignment 1 53273 | 3351868 3298614 | 53273 53255 | 99.93 | pa_ill_pa_contig33 contig_109
		Solid alignment 41099 76514 | 3387755 3352362 | 35416 35394 | 99.92 | pa_ill_pa_contig26 contig_109
		Solid alignment 1 41228 | 3428719 3387514 | 41228 41206 | 99.92 | pa_ill_pa_contig26 contig_109
		Solid alignment 1 5507 | 3434908 3429433 | 5507 5476 | 94.72 | pa_ill_pa_contig45 contig_109
		Solid alignment 1 65213 | 3434854 3500144 | 65213 65291 | 99.47 | pa_ill_pa_contig27 contig_109
		Solid alignment 65294 68332 | 3500331 3503366 | 3039 3036 | 99.87 | pa_ill_pa_contig27 contig_109
		Solid alignment 1 87994 | 3597012 3509062 | 87994 87951 | 99.89 | pa_ill_pa_contig24 contig_109
		Solid alignment 1 1197 | 3596954 3598133 | 1197 1180 | 94.62 | pa_ill_pa_contig67 contig_109
		Solid alignment 9 115019 | 3598087 3713028 | 115011 114942 | 99.93 | pa_ill_pa_contig5 contig_109
		Solid alignment 115201 294351 | 3713030 3892093 | 179151 179064 | 99.94 | pa_ill_pa_contig5 contig_109
		Solid alignment 352 35776 | 3893759 3929159 | 35425 35401 | 99.85 | pa_ill_pa_contig37 contig_109
		Solid alignment 5 2207 | 3932213 3930030 | 2203 2184 | 96.8 | pa_ill_pa_contig55 contig_109
		Solid alignment 1 232544 | 3932163 4164608 | 232544 232446 | 99.92 | pa_ill_pa_contig10 contig_109
		Solid alignment 1 1874 | 4164481 4166353 | 1874 1873 | 99.95 | pa_ill_pa_contig57 contig_109
		Solid alignment 232388 237360 | 4166198 4171167 | 4973 4970 | 99.92 | pa_ill_pa_contig10 contig_109
		Solid alignment 1235 3702 | 4173701 4171220 | 2468 2482 | 94.15 | pa_ill_pa_contig48 contig_109
		Solid alignment 21 1079 | 4174918 4173853 | 1059 1066 | 91.8 | pa_ill_pa_contig48 contig_109
		Solid alignment 1 956 | 4174884 4175839 | 956 956 | 99.06 | pa_ill_pa_contig70 contig_109
		Solid alignment 1 3064 | 4178843 4175785 | 3064 3059 | 95.04 | pa_ill_pa_contig51 contig_109
		Solid alignment 205780 210873 | 4183880 4178790 | 5094 5091 | 99.94 | pa_ill_pa_contig11 contig_109
		Solid alignment 92967 205616 | 4296453 4183876 | 112650 112578 | 99.91 | pa_ill_pa_contig11 contig_109
		Solid alignment 1 93281 | 4389260 4296029 | 93281 93232 | 99.86 | pa_ill_pa_contig11 contig_109
		Solid alignment 8 985 | 4389213 4390187 | 978 975 | 98.27 | pa_ill_pa_contig69 contig_109
		Solid alignment 13 48969 | 4390145 4439073 | 48957 48929 | 99.9 | pa_ill_pa_contig34 contig_109
		Solid alignment 1 5713 | 4439020 4444735 | 5713 5716 | 96.67 | pa_ill_pa_contig44 contig_109
		Solid alignment 1 106324 | 4550951 4444681 | 106324 106271 | 99.94 | pa_ill_pa_contig22 contig_109
		Solid alignment 6 90153 | 4641419 4551327 | 90148 90093 | 99.91 | pa_ill_pa_contig23 contig_109
		Solid alignment 1 1197 | 4641368 4642571 | 1197 1204 | 95.49 | pa_ill_pa_contig67 contig_109
		Solid alignment 1 465588 | 4642517 5107693 | 465588 465177 | 99.88 | pa_ill_pa_contig3 contig_109
		Solid alignment 262 2514 | 5108069 5110292 | 2253 2224 | 94.59 | pa_ill_pa_contig54 contig_109
		Solid alignment 13 868 | 5110755 5111617 | 856 863 | 94.04 | pa_ill_pa_contig74 contig_109
		Solid alignment 61 118997 | 5112449 5231321 | 118937 118873 | 99.92 | pa_ill_pa_contig18 contig_109
		Solid alignment 1 5713 | 5231274 5236984 | 5713 5711 | 96.38 | pa_ill_pa_contig44 contig_109
		Solid alignment 1 1339 | 5236929 5238287 | 1339 1359 | 97.58 | pa_ill_pa_contig63 contig_109
		Solid alignment 1 1492 | 5239176 5240656 | 1492 1481 | 97.14 | pa_ill_pa_contig61 contig_109
		Solid alignment 1 21798 | 5240602 5262385 | 21798 21784 | 99.91 | pa_ill_pa_contig41 contig_109
		Solid alignment 1 868 | 5264070 5263201 | 868 870 | 92.89 | pa_ill_pa_contig74 contig_109
		Solid alignment 1276 2502 | 5265738 5264530 | 1227 1209 | 92.24 | pa_ill_pa_contig54 contig_109
		Solid alignment 1 834 | 5266862 5266029 | 834 834 | 92.82 | pa_ill_pa_contig54 contig_109
		Solid alignment 132 56425 | 5323027 5266816 | 56294 56212 | 99.61 | pa_ill_pa_contig31 contig_109
		Solid alignment 1 187635 | 5325097 5512626 | 187635 187530 | 99.93 | pa_ill_pa_contig14 contig_109
		Solid alignment 1 265097 | 5513471 5778417 | 265097 264947 | 99.93 | pa_ill_pa_contig7 contig_109
		Solid alignment 1 1538 | 5778868 5780431 | 1538 1564 | 97.13 | pa_ill_pa_contig60 contig_109
		Solid alignment 1 3511 | 5784332 5780802 | 3511 3531 | 99.01 | pa_ill_pa_contig49 contig_109
		Solid alignment 1 38107 | 5784927 5823024 | 38107 38098 | 99.88 | pa_ill_pa_contig36 contig_109
		Solid alignment 37 5713 | 5823042 5828713 | 5677 5672 | 93.0 | pa_ill_pa_contig44 contig_109
		Solid alignment 2 61716 | 5828660 5890338 | 61715 61679 | 99.9 | pa_ill_pa_contig29 contig_109
		Solid alignment 1 1185 | 5891468 5890296 | 1185 1173 | 92.51 | pa_ill_pa_contig67 contig_109
		Solid alignment 7 847683 | 6738577 5891415 | 847677 847163 | 99.92 | pa_ill_pa_contig1 contig_109
		Solid alignment 721 46754 | 6787718 6741709 | 46034 46010 | 99.92 | pa_ill_pa_contig35 contig_109
			Skipping alignments located inside solid regions since they are redundant:
		Skipping redundant alignment 2671 2766 | 467 562 | 96 96 | 90.62 | pa_ill_pa_contig6 contig_109
		Skipping redundant alignment 2771 2900 | 567 696 | 130 130 | 93.08 | pa_ill_pa_contig6 contig_109
		Skipping redundant alignment 39053 39121 | 268067 268135 | 69 69 | 100.0 | pa_ill_pa_contig17 contig_109
		Skipping redundant alignment 39244 39312 | 268067 268135 | 69 69 | 100.0 | pa_ill_pa_contig17 contig_109
		Skipping redundant alignment 468678 468746 | 268067 268135 | 69 69 | 100.0 | pa_ill_pa_contig2 contig_109
		Skipping redundant alignment 1875 2030 | 2039603 2039758 | 156 156 | 92.31 | pa_ill_pa_contig47 contig_109
		Skipping redundant alignment 2120 2190 | 2039844 2039914 | 71 71 | 95.77 | pa_ill_pa_contig47 contig_109
		Skipping redundant alignment 3785 3940 | 3297943 3297788 | 156 156 | 92.95 | pa_ill_pa_contig6 contig_109
		Skipping redundant alignment 2841 3030 | 3298885 3298696 | 190 190 | 91.05 | pa_ill_pa_contig6 contig_109
			Looking for the best set of alignments (out of 175 total alignments)
		Ambiguity for this contig is not checked for speed up (too much alignments and --ambiguity-usage is "one")
			Skipping redundant alignments after choosing the best set of alignments
		Skipping redundant alignment 2902 2973 | 697 768 | 72 72 | 91.67 | pa_ill_pa_contig6 contig_109
		Skipping redundant alignment 2989 3245 | 783 1039 | 257 257 | 93.39 | pa_ill_pa_contig6 contig_109
		Skipping redundant alignment 3325 3517 | 1125 1317 | 193 193 | 92.23 | pa_ill_pa_contig6 contig_109
		Skipping redundant alignment 55609 56418 | 1333 520 | 810 814 | 90.0 | pa_ill_pa_contig20 contig_109
		Skipping redundant alignment 952 1179 | 5238295 5238068 | 228 228 | 92.11 | pa_ill_pa_contig12 contig_109
		Skipping redundant alignment 630 849 | 5238623 5238404 | 220 220 | 92.27 | pa_ill_pa_contig12 contig_109
		Skipping redundant alignment 435 501 | 5238809 5238743 | 67 67 | 94.03 | pa_ill_pa_contig12 contig_109
		Skipping redundant alignment 193 281 | 5239037 5238949 | 89 89 | 98.88 | pa_ill_pa_contig12 contig_109
		Skipping redundant alignment 1028 1092 | 902516 902452 | 65 65 | 96.92 | pa_ill_pa_contig64 contig_109
		Skipping redundant alignment 556 627 | 902988 902917 | 72 72 | 97.22 | pa_ill_pa_contig64 contig_109
		Skipping redundant alignment 33 138 | 903507 903402 | 106 106 | 100.0 | pa_ill_pa_contig64 contig_109
		Skipping redundant alignment 1099 1184 | 5323029 5322944 | 86 86 | 91.86 | pa_ill_pa_contig31 contig_109
		Skipping redundant alignment 590 763 | 5323538 5323365 | 174 174 | 93.1 | pa_ill_pa_contig31 contig_109
		Skipping redundant alignment 545 610 | 1078545 1078480 | 66 66 | 98.48 | pa_ill_pa_contig68 contig_109
		Skipping redundant alignment 340 483 | 1078743 1078600 | 144 144 | 95.14 | pa_ill_pa_contig68 contig_109
		Skipping redundant alignment 726 843 | 1079961 1079844 | 118 118 | 92.37 | pa_ill_pa_contig59 contig_109
		Skipping redundant alignment 176 337 | 5323949 5323788 | 162 162 | 91.36 | pa_ill_pa_contig31 contig_109
		Skipping redundant alignment 15 115 | 1080437 1080537 | 101 101 | 94.06 | pa_ill_pa_contig76 contig_109
		Skipping redundant alignment 126 196 | 1080551 1080621 | 71 71 | 100.0 | pa_ill_pa_contig76 contig_109
		Skipping redundant alignment 1582 1658 | 1082296 1082220 | 77 77 | 96.1 | pa_ill_pa_contig59 contig_109
		Skipping redundant alignment 894 970 | 1082980 1082904 | 77 77 | 94.81 | pa_ill_pa_contig59 contig_109
		Skipping redundant alignment 706 792 | 1083174 1083088 | 87 87 | 95.4 | pa_ill_pa_contig59 contig_109
		Skipping redundant alignment 495 568 | 1083386 1083313 | 74 74 | 94.59 | pa_ill_pa_contig59 contig_109
		Skipping redundant alignment 40 110 | 1083828 1083758 | 71 71 | 97.18 | pa_ill_pa_contig59 contig_109
		Skipping redundant alignment 264617 265097 | 5783984 5784473 | 481 490 | 90.24 | pa_ill_pa_contig7 contig_109
		Skipping redundant alignment 419 580 | 5323949 5323788 | 162 162 | 91.36 | pa_ill_pa_contig31 contig_109
		Skipping redundant alignment 1399 1481 | 6739919 6740001 | 83 83 | 96.39 | pa_ill_pa_contig55 contig_109
		Skipping redundant alignment 682 802 | 1173268 1173388 | 121 121 | 96.69 | pa_ill_pa_contig69 contig_109
		Skipping redundant alignment 1105 1184 | 5323749 5323670 | 80 80 | 92.5 | pa_ill_pa_contig31 contig_109
		Skipping redundant alignment 104 348 | 5324744 5324500 | 245 245 | 91.43 | pa_ill_pa_contig31 contig_109
		Skipping redundant alignment 1 189 | 2037745 2037933 | 189 189 | 93.65 | pa_ill_pa_contig47 contig_109
		Skipping redundant alignment 219 435 | 2037963 2038179 | 217 217 | 92.63 | pa_ill_pa_contig47 contig_109
		Skipping redundant alignment 646 855 | 2038386 2038595 | 210 210 | 94.29 | pa_ill_pa_contig47 contig_109
		Skipping redundant alignment 1168 1251 | 2038900 2038983 | 84 84 | 97.62 | pa_ill_pa_contig47 contig_109
		Skipping redundant alignment 1489 1556 | 2039217 2039284 | 68 68 | 94.12 | pa_ill_pa_contig47 contig_109
		Skipping redundant alignment 1564 1652 | 2039292 2039380 | 89 89 | 91.01 | pa_ill_pa_contig47 contig_109
		Skipping redundant alignment 1682 1754 | 2039412 2039484 | 73 73 | 100.0 | pa_ill_pa_contig47 contig_109
		Skipping redundant alignment 401 476 | 2162874 2162949 | 76 76 | 100.0 | pa_ill_pa_contig9 contig_109
		Skipping redundant alignment 99 178 | 2162992 2163071 | 80 80 | 98.75 | pa_ill_pa_contig32 contig_109
		Skipping redundant alignment 408 477 | 2163171 2163240 | 70 70 | 100.0 | pa_ill_pa_contig9 contig_109
		Skipping redundant alignment 3314 3391 | 3298408 3298331 | 78 78 | 92.31 | pa_ill_pa_contig6 contig_109
		Skipping redundant alignment 3031 3204 | 3298694 3298521 | 174 174 | 99.43 | pa_ill_pa_contig6 contig_109
		Skipping redundant alignment 264617 265097 | 5780091 5780567 | 481 477 | 92.36 | pa_ill_pa_contig7 contig_109
		Skipping redundant alignment 747 846 | 3428743 3428644 | 100 100 | 98.0 | pa_ill_pa_contig20 contig_109
		Skipping redundant alignment 502 589 | 3428986 3428899 | 88 88 | 97.73 | pa_ill_pa_contig20 contig_109
		Skipping redundant alignment 4958 5060 | 3504167 3504065 | 103 103 | 98.06 | pa_ill_pa_contig44 contig_109
		Skipping redundant alignment 3202 3268 | 3505962 3505896 | 67 67 | 97.01 | pa_ill_pa_contig44 contig_109
		Skipping redundant alignment 2622 2686 | 3506525 3506461 | 65 65 | 90.77 | pa_ill_pa_contig44 contig_109
		Skipping redundant alignment 1813 1879 | 3507324 3507258 | 67 67 | 94.03 | pa_ill_pa_contig44 contig_109
		Skipping redundant alignment 1404 1489 | 3507731 3507646 | 86 86 | 98.84 | pa_ill_pa_contig44 contig_109
		Skipping redundant alignment 536 614 | 3508582 3508504 | 79 79 | 98.73 | pa_ill_pa_contig44 contig_109
		Skipping redundant alignment 46729 47071 | 3929011 3929352 | 343 342 | 93.37 | pa_ill_pa_contig35 contig_109
			The best set is below. Score: 6740403.0, number of alignments: 123, unaligned bases: 31744
		This contig is misassembled.
		This contig is partially unaligned. (Aligned 6755974 out of 6787718 non-N bases (99.53%))
			Real Alignment 1: 1 720 | 711 1 | 720 711 | 96.28 | pa_ill_pa_contig35 contig_109
			  Not a misassembly [fragmentation of reference genome] between these two alignments
			Excluding internal overlap of size 41 between Alignment 2 and 3: 1 111253 | 379272 268081 | 111253 111192 --> 1 111212 | 379272 268122 | 111212 111151
			Real Alignment 2: 1 266935 | 1326 268121 | 266935 266796 | 99.91 | pa_ill_pa_contig6 contig_109
			  Indel (> 5bp) between these two alignments: deletion of length 41; 0 mismatches (number of Ns: 0) [fragmentation of reference genome]
			Excluding internal overlap of size 55 between Alignment 3 and 4: 1 5507 | 384666 379218 | 5507 5449 --> 1 5452 | 384666 379273 | 5452 5394
			Real Alignment 3: 1 111212 | 379272 268122 | 111212 111151 | 99.87 | pa_ill_pa_contig20 contig_109
			  Indel (> 5bp) between these two alignments: deletion of length 55; 0 mismatches (number of Ns: 0) [fragmentation of reference genome]
			Excluding internal overlap of size 40 between Alignment 4 and 5: 1 5452 | 384666 379273 | 5452 5394 --> 41 5452 | 384626 379273 | 5412 5354
			Real Alignment 4: 41 5452 | 384626 379273 | 5412 5354 | 92.88 | pa_ill_pa_contig45 contig_109
			  Indel (> 5bp) between these two alignments: deletion of length 55; 0 mismatches (number of Ns: 0) [fragmentation of reference genome]
			Excluding internal overlap of size 55 between Alignment 5 and 6: 1 602 | 503200 503806 | 602 607 --> 56 602 | 503255 503806 | 547 552
			Real Alignment 5: 16 118702 | 384627 503254 | 118687 118628 | 99.87 | pa_ill_pa_contig19 contig_109
			  Indel (> 5bp) between these two alignments: deletion of length 55; 0 mismatches (number of Ns: 0) [fragmentation of reference genome]
			Excluding internal overlap of size 42 between Alignment 6 and 7: 56 602 | 503255 503806 | 547 552 --> 56 558 | 503255 503764 | 503 510
			Real Alignment 6: 56 558 | 503255 503764 | 503 510 | 92.11 | pa_ill_pa_contig80 contig_109
			  Indel (> 5bp) between these two alignments: deletion of length 56; 0 mismatches (number of Ns: 0) [fragmentation of reference genome]
			Excluding internal overlap of size 57 between Alignment 7 and 8: 1 944 | 505912 504953 | 944 960 --> 1 889 | 505912 505010 | 889 903
			Real Alignment 7: 1 1225 | 505009 503765 | 1225 1245 | 91.42 | pa_ill_pa_contig65 contig_109
			  Indel (> 5bp) between these two alignments: deletion of length 55; 0 mismatches (number of Ns: 0) [fragmentation of reference genome]
			Excluding internal overlap of size 54 between Alignment 8 and 9: 1 689 | 505859 506554 | 689 696 --> 56 689 | 505913 506554 | 634 642
			Real Alignment 8: 1 889 | 505912 505010 | 889 903 | 91.35 | pa_ill_pa_contig71 contig_109
			  Indel (> 5bp) between these two alignments: deletion of length 55; 0 mismatches (number of Ns: 0) [fragmentation of reference genome]
			Real Alignment 9: 56 689 | 505913 506554 | 634 642 | 95.45 | pa_ill_pa_contig8 contig_109
			  Extensive misassembly (translocation) between these two alignments
			Excluding internal overlap of size 56 between Alignment 10 and 11: 1 1468 | 530592 532056 | 1468 1465 --> 56 1468 | 530648 532056 | 1413 1409
			Real Alignment 10: 102 23992 | 506752 530647 | 23891 23896 | 99.87 | pa_ill_pa_contig40 contig_109
			  Indel (> 5bp) between these two alignments: deletion of length 55; 0 mismatches (number of Ns: 0) [fragmentation of reference genome]
			Excluding internal overlap of size 56 between Alignment 11 and 12: 56 1468 | 530648 532056 | 1413 1409 --> 56 1413 | 530648 532000 | 1358 1353
			Real Alignment 11: 56 1413 | 530648 532000 | 1358 1353 | 97.56 | pa_ill_pa_contig62 contig_109
			  Indel (> 5bp) between these two alignments: deletion of length 55; 0 mismatches (number of Ns: 0) [fragmentation of reference genome]
			Excluding internal overlap of size 2 between Alignment 12 and 13: 35946 56682 | 567803 588543 | 20737 20741 --> 35948 56682 | 567805 588543 | 20735 20739
			Real Alignment 12: 1 35827 | 532001 567804 | 35827 35804 | 99.91 | pa_ill_pa_contig30 contig_109
			  Gap between these two alignments (local misassembly). Inconsistency = 120
			Excluding internal overlap of size 55 between Alignment 13 and 14: 1 927 | 588489 589402 | 927 914 --> 56 927 | 588544 589402 | 872 859
			Real Alignment 13: 35948 56682 | 567805 588543 | 20735 20739 | 99.85 | pa_ill_pa_contig30 contig_109
			  Indel (> 5bp) between these two alignments: deletion of length 55; 0 mismatches (number of Ns: 0) [fragmentation of reference genome]
			Excluding internal overlap of size 56 between Alignment 14 and 15: 56 927 | 588544 589402 | 872 859 --> 56 867 | 588544 589346 | 812 803
			Real Alignment 14: 56 867 | 588544 589346 | 812 803 | 92.42 | pa_ill_pa_contig73 contig_109
			  Indel (> 5bp) between these two alignments: deletion of length 61; 0 mismatches (number of Ns: 0) [fragmentation of reference genome]
			Excluding internal overlap of size 48 between Alignment 15 and 16: 8 1488 | 794084 795586 | 1481 1503 --> 56 1488 | 794132 795586 | 1433 1455
			Real Alignment 15: 1 204998 | 794131 589347 | 204998 204785 | 99.8 | pa_ill_pa_contig12 contig_109
			  Indel (> 5bp) between these two alignments: deletion of length 55; 0 mismatches (number of Ns: 0) [fragmentation of reference genome]
			Excluding internal overlap of size 51 between Alignment 16 and 17: 56 1488 | 794132 795586 | 1433 1455 --> 56 1437 | 794132 795535 | 1382 1404
			Real Alignment 16: 56 1437 | 794132 795535 | 1382 1404 | 94.59 | pa_ill_pa_contig61 contig_109
			  Indel (> 5bp) between these two alignments: deletion of length 55; 0 mismatches (number of Ns: 0) [fragmentation of reference genome]
			Real Alignment 17: 1 106741 | 795536 902209 | 106741 106674 | 99.88 | pa_ill_pa_contig21 contig_109
			  Gap between these two alignments (local misassembly). Inconsistency = 55 [fragmentation of reference genome]
			Excluding internal overlap of size 381 between Alignment 18 and 19: 1 34671 | 903485 938220 | 34671 34736 --> 1 34328 | 903485 937839 | 34328 34355
			Real Alignment 18: 1 34328 | 903485 937839 | 34328 34355 | 99.64 | pa_ill_pa_contig15 contig_109
			  Overlap between these two alignments (local misassembly). Inconsistency = -93
			Real Alignment 19: 34236 173642 | 937840 1077252 | 139407 139413 | 99.86 | pa_ill_pa_contig15 contig_109
			  Gap between these two alignments (local misassembly). Inconsistency = 59 [fragmentation of reference genome]
			Real Alignment 20: 5 508 | 1079843 1080344 | 504 502 | 91.07 | pa_ill_pa_contig77 contig_109
			  Extensive misassembly (translocation) between these two alignments
			Real Alignment 21: 1 1019 | 1082271 1081236 | 1019 1036 | 90.27 | pa_ill_pa_contig68 contig_109
			  Not a misassembly [fragmentation of reference genome] between these two alignments
			Excluding internal overlap of size 21 between Alignment 22 and 23: 1 1672 | 1083813 1085467 | 1672 1655 --> 1 1651 | 1083813 1085446 | 1651 1634
			Real Alignment 22: 1 1651 | 1083813 1085446 | 1651 1634 | 90.04 | pa_ill_pa_contig58 contig_109
			  Indel (> 5bp) between these two alignments: deletion of length 55; 0 mismatches (number of Ns: 0) [fragmentation of reference genome]
			Excluding internal overlap of size 55 between Alignment 23 and 24: 1 1682 | 1090335 1092014 | 1682 1680 --> 56 1682 | 1090390 1092014 | 1627 1625
			Real Alignment 23: 25 4971 | 1085447 1090389 | 4947 4943 | 99.8 | pa_ill_pa_contig46 contig_109
			  Indel (> 5bp) between these two alignments: deletion of length 55; 0 mismatches (number of Ns: 0) [fragmentation of reference genome]
			Excluding internal overlap of size 54 between Alignment 24 and 25: 56 1682 | 1090390 1092014 | 1627 1625 --> 56 1627 | 1090390 1091960 | 1572 1571
			Real Alignment 24: 56 1627 | 1090390 1091960 | 1572 1571 | 98.22 | pa_ill_pa_contig58 contig_109
			  Indel (> 5bp) between these two alignments: deletion of length 55; 0 mismatches (number of Ns: 0) [fragmentation of reference genome]
			Excluding internal overlap of size 55 between Alignment 25 and 26: 1 799 | 1095142 1095939 | 799 798 --> 56 799 | 1095197 1095939 | 744 743
			Real Alignment 25: 1 3238 | 1091961 1095196 | 3238 3236 | 98.98 | pa_ill_pa_contig50 contig_109
			  Indel (> 5bp) between these two alignments: deletion of length 55; 0 mismatches (number of Ns: 0) [fragmentation of reference genome]
			Real Alignment 26: 56 799 | 1095197 1095939 | 744 743 | 96.03 | pa_ill_pa_contig75 contig_109
			  Gap between these two alignments (local misassembly). Inconsistency = 58 [fragmentation of reference genome]
			Excluding internal overlap of size 52 between Alignment 27 and 28: 4 798 | 1102730 1103521 | 795 792 --> 56 798 | 1102782 1103521 | 743 740
			Real Alignment 27: 1 6090 | 1102781 1096698 | 6090 6084 | 99.52 | pa_ill_pa_contig43 contig_109
			  Indel (> 5bp) between these two alignments: deletion of length 55; 0 mismatches (number of Ns: 0) [fragmentation of reference genome]
			Real Alignment 28: 56 798 | 1102782 1103521 | 743 740 | 94.89 | pa_ill_pa_contig75 contig_109
			  Gap between these two alignments (local misassembly). Inconsistency = 1 [fragmentation of reference genome]
			Real Alignment 29: 1 68204 | 1104204 1172367 | 68204 68164 | 99.92 | pa_ill_pa_contig28 contig_109
			  Extensive misassembly (translocation) between these two alignments
			Excluding internal overlap of size 55 between Alignment 30 and 31: 1235 3722 | 1206688 1204214 | 2488 2475 --> 1235 3667 | 1206688 1204269 | 2433 2420
			Real Alignment 30: 1 30759 | 1204268 1173526 | 30759 30743 | 99.81 | pa_ill_pa_contig38 contig_109
			  Indel (> 5bp) between these two alignments: deletion of length 55; 0 mismatches (number of Ns: 0) [fragmentation of reference genome]
			Real Alignment 31: 1235 3667 | 1206688 1204269 | 2433 2420 | 96.72 | pa_ill_pa_contig48 contig_109
			  Gap between these two alignments (local misassembly). Inconsistency = 0
			Excluding internal overlap of size 55 between Alignment 32 and 33: 1 1079 | 1207906 1206844 | 1079 1063 --> 56 1079 | 1207851 1206844 | 1024 1008
			Real Alignment 32: 56 1079 | 1207851 1206844 | 1024 1008 | 95.31 | pa_ill_pa_contig48 contig_109
			  Indel (> 5bp) between these two alignments: deletion of length 55; 0 mismatches (number of Ns: 0) [fragmentation of reference genome]
			Excluding internal overlap of size 55 between Alignment 33 and 34: 1 3064 | 1217439 1214383 | 3064 3057 --> 1 3009 | 1217439 1214438 | 3009 3002
			Real Alignment 33: 1 6590 | 1207852 1214437 | 6590 6586 | 99.58 | pa_ill_pa_contig42 contig_109
			  Indel (> 5bp) between these two alignments: deletion of length 55; 0 mismatches (number of Ns: 0) [fragmentation of reference genome]
			Excluding internal overlap of size 54 between Alignment 34 and 35: 1 3009 | 1217439 1214438 | 3009 3002 --> 56 3009 | 1217385 1214438 | 2954 2948
			Real Alignment 34: 56 3009 | 1217385 1214438 | 2954 2948 | 95.92 | pa_ill_pa_contig51 contig_109
			  Indel (> 5bp) between these two alignments: deletion of length 55; 0 mismatches (number of Ns: 0) [fragmentation of reference genome]
			Excluding internal overlap of size 55 between Alignment 35 and 36: 1 603 | 1244719 1244117 | 603 603 --> 1 548 | 1244719 1244172 | 548 548
			Real Alignment 35: 1 26794 | 1217386 1244171 | 26794 26786 | 99.93 | pa_ill_pa_contig39 contig_109
			  Indel (> 5bp) between these two alignments: deletion of length 55; 0 mismatches (number of Ns: 0) [fragmentation of reference genome]
			Excluding internal overlap of size 55 between Alignment 36 and 37: 1 548 | 1244719 1244172 | 548 548 --> 56 548 | 1244664 1244172 | 493 493
			Real Alignment 36: 56 548 | 1244664 1244172 | 493 493 | 100.0 | pa_ill_pa_contig79 contig_109
			  Indel (> 5bp) between these two alignments: deletion of length 55; 0 mismatches (number of Ns: 0) [fragmentation of reference genome]
			Excluding internal overlap of size 55 between Alignment 37 and 38: 1 944 | 1503081 1504019 | 944 939 --> 56 944 | 1503136 1504019 | 889 884
			Real Alignment 37: 1 258570 | 1503135 1244665 | 258570 258471 | 99.91 | pa_ill_pa_contig8 contig_109
			  Indel (> 5bp) between these two alignments: deletion of length 55; 0 mismatches (number of Ns: 0) [fragmentation of reference genome]
			Excluding internal overlap of size 54 between Alignment 38 and 39: 56 944 | 1503136 1504019 | 889 884 --> 56 890 | 1503136 1503965 | 835 830
			Real Alignment 38: 56 890 | 1503136 1503965 | 835 830 | 96.0 | pa_ill_pa_contig71 contig_109
			  Indel (> 5bp) between these two alignments: deletion of length 55; 0 mismatches (number of Ns: 0) [fragmentation of reference genome]
			Excluding internal overlap of size 55 between Alignment 39 and 40: 1 602 | 1505749 1505148 | 602 602 --> 1 547 | 1505749 1505203 | 547 547
			Real Alignment 39: 2 1237 | 1503966 1505202 | 1236 1237 | 93.1 | pa_ill_pa_contig65 contig_109
			  Indel (> 5bp) between these two alignments: deletion of length 55; 0 mismatches (number of Ns: 0) [fragmentation of reference genome]
			Excluding internal overlap of size 55 between Alignment 40 and 41: 1 547 | 1505749 1505203 | 547 547 --> 56 547 | 1505694 1505203 | 492 492
			Real Alignment 40: 56 547 | 1505694 1505203 | 492 492 | 95.9 | pa_ill_pa_contig80 contig_109
			  Indel (> 5bp) between these two alignments: deletion of length 55; 0 mismatches (number of Ns: 0) [fragmentation of reference genome]
			Real Alignment 41: 1 85827 | 1505695 1591460 | 85827 85766 | 99.9 | pa_ill_pa_contig13 contig_109
			  Gap between these two alignments (local misassembly). Inconsistency = 156
			Excluding internal overlap of size 37 between Alignment 42 and 43: 68 1179 | 1697853 1696749 | 1112 1105 --> 68 1142 | 1697853 1696786 | 1075 1068
			Real Alignment 42: 85988 191344 | 1591465 1696785 | 105357 105321 | 99.94 | pa_ill_pa_contig13 contig_109
			  Indel (> 5bp) between these two alignments: deletion of length 55; 0 mismatches (number of Ns: 0) [fragmentation of reference genome]
			Real Alignment 43: 68 1142 | 1697853 1696786 | 1075 1068 | 94.85 | pa_ill_pa_contig67 contig_109
			  Gap between these two alignments (local misassembly). Inconsistency = 121 [fragmentation of reference genome]
			Excluding internal overlap of size 55 between Alignment 44 and 45: 55 86455 | 1697962 1784290 | 86401 86329 --> 55 86400 | 1697962 1784235 | 86346 86274
			Real Alignment 44: 55 86400 | 1697962 1784235 | 86346 86274 | 99.9 | pa_ill_pa_contig25 contig_109
			  Extensive misassembly (translocation) between these two alignments
			Real Alignment 45: 161 246789 | 1784236 2030733 | 246629 246498 | 99.93 | pa_ill_pa_contig9 contig_109
			  Gap between these two alignments (local misassembly). Inconsistency = 118
			Real Alignment 46: 247032 249467 | 2030858 2033290 | 2436 2433 | 97.88 | pa_ill_pa_contig9 contig_109
			  Not a misassembly [fragmentation of reference genome] between these two alignments
			Real Alignment 47: 1 2531 | 2036173 2033652 | 2531 2522 | 95.28 | pa_ill_pa_contig53 contig_109
			  Not a misassembly [fragmentation of reference genome] between these two alignments
			Excluding internal overlap of size 55 between Alignment 48 and 49: 2 623 | 2037798 2037177 | 622 622 --> 2 568 | 2037798 2037232 | 567 567
			Real Alignment 48: 1 929 | 2037231 2036300 | 929 932 | 97.12 | pa_ill_pa_contig72 contig_109
			  Indel (> 5bp) between these two alignments: deletion of length 55; 0 mismatches (number of Ns: 0) [fragmentation of reference genome]
			Excluding internal overlap of size 54 between Alignment 49 and 50: 2 568 | 2037798 2037232 | 567 567 --> 56 568 | 2037744 2037232 | 513 513
			Real Alignment 49: 56 568 | 2037744 2037232 | 513 513 | 96.48 | pa_ill_pa_contig78 contig_109
			  Indel (> 5bp) between these two alignments: deletion of length 55; 0 mismatches (number of Ns: 0) [fragmentation of reference genome]
			Real Alignment 50: 1 1235 | 2038967 2037745 | 1235 1223 | 94.94 | pa_ill_pa_contig66 contig_109
			  Not a misassembly [fragmentation of reference genome] between these two alignments
			Excluding internal overlap of size 55 between Alignment 51 and 52: 1 539 | 2041980 2041447 | 539 534 --> 1 484 | 2041980 2041502 | 484 479
			Real Alignment 51: 1 2072 | 2041501 2039439 | 2072 2063 | 96.08 | pa_ill_pa_contig56 contig_109
			  Indel (> 5bp) between these two alignments: deletion of length 55; 0 mismatches (number of Ns: 0) [fragmentation of reference genome]
			Excluding internal overlap of size 46 between Alignment 52 and 53: 1 484 | 2041980 2041502 | 484 479 --> 47 484 | 2041934 2041502 | 438 433
			Real Alignment 52: 47 484 | 2041934 2041502 | 438 433 | 95.4 | pa_ill_pa_contig84 contig_109
			  Indel (> 5bp) between these two alignments: deletion of length 55; 0 mismatches (number of Ns: 0) [fragmentation of reference genome]
			Real Alignment 53: 1 121058 | 2162925 2041935 | 121058 120991 | 99.61 | pa_ill_pa_contig17 contig_109
			  Not a misassembly [fragmentation of reference genome] between these two alignments
			Excluding internal overlap of size 53 between Alignment 54 and 55: 1 1256 | 2220344 2219105 | 1256 1240 --> 1 1203 | 2220344 2219158 | 1203 1187
			Real Alignment 54: 1 56007 | 2163186 2219157 | 56007 55972 | 99.88 | pa_ill_pa_contig32 contig_109
			  Indel (> 5bp) between these two alignments: deletion of length 55; 0 mismatches (number of Ns: 0) [fragmentation of reference genome]
			Excluding internal overlap of size 55 between Alignment 55 and 56: 1 1203 | 2220344 2219158 | 1203 1187 --> 56 1203 | 2220289 2219158 | 1148 1132
			Real Alignment 55: 56 1203 | 2220289 2219158 | 1148 1132 | 94.18 | pa_ill_pa_contig64 contig_109
			  Indel (> 5bp) between these two alignments: deletion of length 55; 0 mismatches (number of Ns: 0) [fragmentation of reference genome]
			Excluding internal overlap of size 302 between Alignment 56 and 57: 22 247386 | 2762223 2515023 | 247365 247201 --> 22 247083 | 2762223 2515325 | 247062 246899
			Real Alignment 56: 247199 542364 | 2515324 2220290 | 295166 295035 | 99.91 | pa_ill_pa_contig2 contig_109
			  Gap between these two alignments (local misassembly). Inconsistency = 115
			Excluding internal overlap of size 34 between Alignment 57 and 58: 1 539 | 2762190 2762727 | 539 538 --> 35 539 | 2762224 2762727 | 505 504
			Real Alignment 57: 22 247083 | 2762223 2515325 | 247062 246899 | 99.81 | pa_ill_pa_contig2 contig_109
			  Indel (> 5bp) between these two alignments: deletion of length 55; 0 mismatches (number of Ns: 0) [fragmentation of reference genome]
			Excluding internal overlap of size 55 between Alignment 58 and 59: 35 539 | 2762224 2762727 | 505 504 --> 35 484 | 2762224 2762672 | 450 449
			Real Alignment 58: 35 484 | 2762224 2762672 | 450 449 | 94.86 | pa_ill_pa_contig84 contig_109
			  Indel (> 5bp) between these two alignments: deletion of length 55; 0 mismatches (number of Ns: 0) [fragmentation of reference genome]
			Excluding internal overlap of size 50 between Alignment 59 and 60: 1 623 | 2766380 2767006 | 623 627 --> 50 623 | 2766430 2767006 | 574 577
			Real Alignment 59: 6 3774 | 2766429 2762673 | 3769 3757 | 97.46 | pa_ill_pa_contig47 contig_109
			  Indel (> 5bp) between these two alignments: deletion of length 54; 0 mismatches (number of Ns: 0) [fragmentation of reference genome]
			Excluding internal overlap of size 55 between Alignment 60 and 61: 50 623 | 2766430 2767006 | 574 577 --> 50 568 | 2766430 2766951 | 519 522
			Real Alignment 60: 50 568 | 2766430 2766951 | 519 522 | 96.36 | pa_ill_pa_contig78 contig_109
			  Indel (> 5bp) between these two alignments: deletion of length 55; 0 mismatches (number of Ns: 0) [fragmentation of reference genome]
			Real Alignment 61: 1 929 | 2766952 2767883 | 929 932 | 94.38 | pa_ill_pa_contig72 contig_109
			  Not a misassembly [fragmentation of reference genome] between these two alignments
			Real Alignment 62: 1 2549 | 2768011 2770555 | 2549 2545 | 96.23 | pa_ill_pa_contig52 contig_109
			  Not a misassembly [fragmentation of reference genome] between these two alignments
			Real Alignment 63: 187769 404310 | 2987352 2770915 | 216542 216438 | 99.9 | pa_ill_pa_contig4 contig_109
			  Gap between these two alignments (local misassembly). Inconsistency = 589
			Excluding internal overlap of size 55 between Alignment 64 and 65: 1 1468 | 3174397 3175849 | 1468 1453 --> 56 1468 | 3174452 3175849 | 1413 1398
			Real Alignment 64: 1 187153 | 3174451 2987379 | 187153 187073 | 99.92 | pa_ill_pa_contig4 contig_109
			  Indel (> 5bp) between these two alignments: deletion of length 55; 0 mismatches (number of Ns: 0) [fragmentation of reference genome]
			Excluding internal overlap of size 56 between Alignment 65 and 66: 56 1468 | 3174452 3175849 | 1413 1398 --> 56 1413 | 3174452 3175793 | 1358 1342
			Real Alignment 65: 56 1413 | 3174452 3175793 | 1358 1342 | 96.34 | pa_ill_pa_contig62 contig_109
			  Indel (> 5bp) between these two alignments: deletion of length 55; 0 mismatches (number of Ns: 0) [fragmentation of reference genome]
			Real Alignment 66: 1 122460 | 3175794 3298192 | 122460 122399 | 99.9 | pa_ill_pa_contig16 contig_109
			  Gap between these two alignments (local misassembly). Inconsistency = 8 [fragmentation of reference genome]
			Excluding internal overlap of size 55 between Alignment 67 and 68: 1 603 | 3352416 3351814 | 603 603 --> 1 548 | 3352416 3351869 | 548 548
			Real Alignment 67: 1 53273 | 3351868 3298614 | 53273 53255 | 99.93 | pa_ill_pa_contig33 contig_109
			  Indel (> 5bp) between these two alignments: deletion of length 55; 0 mismatches (number of Ns: 0) [fragmentation of reference genome]
			Excluding internal overlap of size 55 between Alignment 68 and 69: 1 548 | 3352416 3351869 | 548 548 --> 56 548 | 3352361 3351869 | 493 493
			Real Alignment 68: 56 548 | 3352361 3351869 | 493 493 | 100.0 | pa_ill_pa_contig79 contig_109
			  Indel (> 5bp) between these two alignments: deletion of length 55; 0 mismatches (number of Ns: 0) [fragmentation of reference genome]
			Excluding internal overlap of size 242 between Alignment 69 and 70: 41099 76514 | 3387755 3352362 | 35416 35394 --> 41341 76514 | 3387513 3352362 | 35174 35152
			Real Alignment 69: 41341 76514 | 3387513 3352362 | 35174 35152 | 99.92 | pa_ill_pa_contig26 contig_109
			  Gap between these two alignments (local misassembly). Inconsistency = 112
			Real Alignment 70: 1 41228 | 3428719 3387514 | 41228 41206 | 99.92 | pa_ill_pa_contig26 contig_109
			  Not a misassembly [fragmentation of reference genome] between these two alignments
			Excluding internal overlap of size 55 between Alignment 71 and 72: 1 5507 | 3434908 3429433 | 5507 5476 --> 56 5507 | 3434853 3429433 | 5452 5421
			Real Alignment 71: 56 5507 | 3434853 3429433 | 5452 5421 | 94.72 | pa_ill_pa_contig45 contig_109
			  Indel (> 5bp) between these two alignments: deletion of length 55; 0 mismatches (number of Ns: 0) [fragmentation of reference genome]
			Real Alignment 72: 1 65213 | 3434854 3500144 | 65213 65291 | 99.47 | pa_ill_pa_contig27 contig_109
			  Gap between these two alignments (local misassembly). Inconsistency = -106
			Real Alignment 73: 65294 68332 | 3500331 3503366 | 3039 3036 | 99.87 | pa_ill_pa_contig27 contig_109
			  Gap between these two alignments (local misassembly). Inconsistency = 82 [fragmentation of reference genome]
			Excluding internal overlap of size 59 between Alignment 74 and 75: 1 1197 | 3596954 3598133 | 1197 1180 --> 56 1197 | 3597013 3598133 | 1142 1121
			Real Alignment 74: 1 87994 | 3597012 3509062 | 87994 87951 | 99.89 | pa_ill_pa_contig24 contig_109
			  Indel (> 5bp) between these two alignments: deletion of length 55; 0 mismatches (number of Ns: 0) [fragmentation of reference genome]
			Excluding internal overlap of size 47 between Alignment 75 and 76: 56 1197 | 3597013 3598133 | 1142 1121 --> 56 1150 | 3597013 3598086 | 1095 1074
			Real Alignment 75: 56 1150 | 3597013 3598086 | 1095 1074 | 94.62 | pa_ill_pa_contig67 contig_109
			  Indel (> 5bp) between these two alignments: deletion of length 55; 0 mismatches (number of Ns: 0) [fragmentation of reference genome]
			Real Alignment 76: 9 115019 | 3598087 3713028 | 115011 114942 | 99.93 | pa_ill_pa_contig5 contig_109
			  Gap between these two alignments (local misassembly). Inconsistency = 180
			Real Alignment 77: 115201 294351 | 3713030 3892093 | 179151 179064 | 99.94 | pa_ill_pa_contig5 contig_109
			  Extensive misassembly (translocation) between these two alignments
			Real Alignment 78: 308 380 | 3893530 3893602 | 73 73 | 97.26 | pa_ill_pa_contig37 contig_109
			  Gap between these two alignments (local misassembly). Inconsistency = -185
			Real Alignment 79: 352 35776 | 3893759 3929159 | 35425 35401 | 99.85 | pa_ill_pa_contig37 contig_109
			  Not a misassembly [fragmentation of reference genome] between these two alignments
			Excluding internal overlap of size 51 between Alignment 80 and 81: 5 2207 | 3932213 3930030 | 2203 2184 --> 56 2207 | 3932162 3930030 | 2152 2133
			Real Alignment 80: 56 2207 | 3932162 3930030 | 2152 2133 | 96.8 | pa_ill_pa_contig55 contig_109
			  Indel (> 5bp) between these two alignments: deletion of length 55; 0 mismatches (number of Ns: 0) [fragmentation of reference genome]
			Excluding internal overlap of size 128 between Alignment 81 and 82: 1 1874 | 4164481 4166353 | 1874 1873 --> 129 1874 | 4164609 4166353 | 1746 1745
			Real Alignment 81: 1 232544 | 3932163 4164608 | 232544 232446 | 99.92 | pa_ill_pa_contig10 contig_109
			  Extensive misassembly (translocation) between these two alignments
			Excluding internal overlap of size 156 between Alignment 82 and 83: 129 1874 | 4164609 4166353 | 1746 1745 --> 129 1718 | 4164609 4166197 | 1590 1589
			Real Alignment 82: 129 1718 | 4164609 4166197 | 1590 1589 | 99.95 | pa_ill_pa_contig57 contig_109
			  Extensive misassembly (translocation) between these two alignments
			Real Alignment 83: 232388 237360 | 4166198 4171167 | 4973 4970 | 99.92 | pa_ill_pa_contig10 contig_109
			  Indel (> 5bp) between these two alignments: deletion of length 75; 0 mismatches (number of Ns: 0) [fragmentation of reference genome]
			Real Alignment 84: 1235 3702 | 4173701 4171220 | 2468 2482 | 94.15 | pa_ill_pa_contig48 contig_109
			  Gap between these two alignments (local misassembly). Inconsistency = 4
			Excluding internal overlap of size 35 between Alignment 85 and 86: 1 956 | 4174884 4175839 | 956 956 --> 37 956 | 4174919 4175839 | 920 921
			Real Alignment 85: 21 1079 | 4174918 4173853 | 1059 1066 | 91.8 | pa_ill_pa_contig48 contig_109
			  Indel (> 5bp) between these two alignments: deletion of length 56; 0 mismatches (number of Ns: 0) [fragmentation of reference genome]
			Excluding internal overlap of size 55 between Alignment 86 and 87: 37 956 | 4174919 4175839 | 920 921 --> 37 901 | 4174919 4175784 | 865 866
			Real Alignment 86: 37 901 | 4174919 4175784 | 865 866 | 99.06 | pa_ill_pa_contig70 contig_109
			  Indel (> 5bp) between these two alignments: deletion of length 55; 0 mismatches (number of Ns: 0) [fragmentation of reference genome]
			Excluding internal overlap of size 54 between Alignment 87 and 88: 1 3064 | 4178843 4175785 | 3064 3059 --> 56 3064 | 4178789 4175785 | 3009 3005
			Real Alignment 87: 56 3064 | 4178789 4175785 | 3009 3005 | 95.04 | pa_ill_pa_contig51 contig_109
			  Indel (> 5bp) between these two alignments: deletion of length 55; 0 mismatches (number of Ns: 0) [fragmentation of reference genome]
			Excluding internal overlap of size 5 between Alignment 88 and 89: 205780 210873 | 4183880 4178790 | 5094 5091 --> 205785 210873 | 4183875 4178790 | 5089 5086
			Real Alignment 88: 205785 210873 | 4183875 4178790 | 5089 5086 | 99.94 | pa_ill_pa_contig11 contig_109
			  Gap between these two alignments (local misassembly). Inconsistency = 168
			Excluding internal overlap of size 425 between Alignment 89 and 90: 1 93281 | 4389260 4296029 | 93281 93232 --> 1 92856 | 4389260 4296454 | 92856 92807
			Real Alignment 89: 92967 205616 | 4296453 4183876 | 112650 112578 | 99.91 | pa_ill_pa_contig11 contig_109
			  Gap between these two alignments (local misassembly). Inconsistency = 110
			Excluding internal overlap of size 48 between Alignment 90 and 91: 8 985 | 4389213 4390187 | 978 975 --> 56 985 | 4389261 4390187 | 930 927
			Real Alignment 90: 1 92856 | 4389260 4296454 | 92856 92807 | 99.86 | pa_ill_pa_contig11 contig_109
			  Indel (> 5bp) between these two alignments: deletion of length 55; 0 mismatches (number of Ns: 0) [fragmentation of reference genome]
			Excluding internal overlap of size 43 between Alignment 91 and 92: 56 985 | 4389261 4390187 | 930 927 --> 56 942 | 4389261 4390144 | 887 884
			Real Alignment 91: 56 942 | 4389261 4390144 | 887 884 | 98.27 | pa_ill_pa_contig69 contig_109
			  Indel (> 5bp) between these two alignments: deletion of length 55; 0 mismatches (number of Ns: 0) [fragmentation of reference genome]
			Excluding internal overlap of size 54 between Alignment 92 and 93: 1 5713 | 4439020 4444735 | 5713 5716 --> 56 5713 | 4439074 4444735 | 5658 5662
			Real Alignment 92: 13 48969 | 4390145 4439073 | 48957 48929 | 99.9 | pa_ill_pa_contig34 contig_109
			  Indel (> 5bp) between these two alignments: deletion of length 55; 0 mismatches (number of Ns: 0) [fragmentation of reference genome]
			Excluding internal overlap of size 55 between Alignment 93 and 94: 56 5713 | 4439074 4444735 | 5658 5662 --> 56 5658 | 4439074 4444680 | 5603 5607
			Real Alignment 93: 56 5658 | 4439074 4444680 | 5603 5607 | 96.67 | pa_ill_pa_contig44 contig_109
			  Indel (> 5bp) between these two alignments: deletion of length 55; 0 mismatches (number of Ns: 0) [fragmentation of reference genome]
			Real Alignment 94: 1 106324 | 4550951 4444681 | 106324 106271 | 99.94 | pa_ill_pa_contig22 contig_109
			  Not a misassembly [fragmentation of reference genome] between these two alignments
			Excluding internal overlap of size 52 between Alignment 95 and 96: 1 1197 | 4641368 4642571 | 1197 1204 --> 51 1197 | 4641420 4642571 | 1147 1152
			Real Alignment 95: 6 90153 | 4641419 4551327 | 90148 90093 | 99.91 | pa_ill_pa_contig23 contig_109
			  Indel (> 5bp) between these two alignments: deletion of length 55; 0 mismatches (number of Ns: 0) [fragmentation of reference genome]
			Excluding internal overlap of size 55 between Alignment 96 and 97: 51 1197 | 4641420 4642571 | 1147 1152 --> 51 1142 | 4641420 4642516 | 1092 1097
			Real Alignment 96: 51 1142 | 4641420 4642516 | 1092 1097 | 95.49 | pa_ill_pa_contig67 contig_109
			  Indel (> 5bp) between these two alignments: deletion of length 55; 0 mismatches (number of Ns: 0) [fragmentation of reference genome]
			Real Alignment 97: 1 465588 | 4642517 5107693 | 465588 465177 | 99.88 | pa_ill_pa_contig3 contig_109
			  Extensive misassembly (translocation) between these two alignments
			Excluding internal overlap of size 55 between Alignment 98 and 99: 1 561 | 5110797 5110238 | 561 560 --> 1 506 | 5110797 5110293 | 506 505
			Real Alignment 98: 262 2514 | 5108069 5110292 | 2253 2224 | 94.59 | pa_ill_pa_contig54 contig_109
			  Indel (> 5bp) between these two alignments: deletion of length 55; 0 mismatches (number of Ns: 0) [fragmentation of reference genome]
			Excluding internal overlap of size 43 between Alignment 99 and 100: 1 506 | 5110797 5110293 | 506 505 --> 44 506 | 5110754 5110293 | 463 462
			Real Alignment 99: 44 506 | 5110754 5110293 | 463 462 | 95.42 | pa_ill_pa_contig83 contig_109
			  Indel (> 5bp) between these two alignments: deletion of length 55; 0 mismatches (number of Ns: 0) [fragmentation of reference genome]
			Real Alignment 100: 13 868 | 5110755 5111617 | 856 863 | 94.04 | pa_ill_pa_contig74 contig_109
			  Gap between these two alignments (local misassembly). Inconsistency = 60 [fragmentation of reference genome]
			Excluding internal overlap of size 48 between Alignment 101 and 102: 1 5713 | 5231274 5236984 | 5713 5711 --> 49 5713 | 5231322 5236984 | 5665 5663
			Real Alignment 101: 61 118997 | 5112449 5231321 | 118937 118873 | 99.92 | pa_ill_pa_contig18 contig_109
			  Indel (> 5bp) between these two alignments: deletion of length 55; 0 mismatches (number of Ns: 0) [fragmentation of reference genome]
			Excluding internal overlap of size 56 between Alignment 102 and 103: 1 1339 | 5236929 5238287 | 1339 1359 --> 56 1339 | 5236985 5238287 | 1284 1303
			Real Alignment 102: 49 5713 | 5231322 5236984 | 5665 5663 | 96.38 | pa_ill_pa_contig44 contig_109
			  Indel (> 5bp) between these two alignments: deletion of length 55; 0 mismatches (number of Ns: 0) [fragmentation of reference genome]
			Real Alignment 103: 56 1339 | 5236985 5238287 | 1284 1303 | 97.58 | pa_ill_pa_contig63 contig_109
			  Not a misassembly [fragmentation of reference genome] between these two alignments
			Excluding internal overlap of size 55 between Alignment 104 and 105: 1 1492 | 5239176 5240656 | 1492 1481 --> 1 1437 | 5239176 5240601 | 1437 1426
			Real Alignment 104: 1 1437 | 5239176 5240601 | 1437 1426 | 97.14 | pa_ill_pa_contig61 contig_109
			  Indel (> 5bp) between these two alignments: deletion of length 55; 0 mismatches (number of Ns: 0) [fragmentation of reference genome]
			Real Alignment 105: 1 21798 | 5240602 5262385 | 21798 21784 | 99.91 | pa_ill_pa_contig41 contig_109
			  Extensive misassembly (translocation) between these two alignments
			Real Alignment 106: 1 868 | 5264070 5263201 | 868 870 | 92.89 | pa_ill_pa_contig74 contig_109
			  Gap between these two alignments (local misassembly). Inconsistency = 12 [fragmentation of reference genome]
			Real Alignment 107: 1276 2502 | 5265738 5264530 | 1227 1209 | 92.24 | pa_ill_pa_contig54 contig_109
			  Gap between these two alignments (local misassembly). Inconsistency = 151
			Excluding internal overlap of size 47 between Alignment 108 and 109: 1 834 | 5266862 5266029 | 834 834 --> 49 834 | 5266815 5266029 | 786 787
			Real Alignment 108: 49 834 | 5266815 5266029 | 786 787 | 92.82 | pa_ill_pa_contig54 contig_109
			  Indel (> 5bp) between these two alignments: deletion of length 55; 0 mismatches (number of Ns: 0) [fragmentation of reference genome]
			Real Alignment 109: 132 56425 | 5323027 5266816 | 56294 56212 | 99.61 | pa_ill_pa_contig31 contig_109
			  Gap between these two alignments (local misassembly). Inconsistency = -483
			Real Alignment 110: 3 591 | 5323639 5323051 | 589 589 | 94.06 | pa_ill_pa_contig31 contig_109
			  Gap between these two alignments (local misassembly). Inconsistency = 2 [fragmentation of reference genome]
			Excluding internal overlap of size 10 between Alignment 111 and 112: 1 493 | 5324614 5325106 | 493 493 --> 1 483 | 5324614 5325096 | 483 483
			Real Alignment 111: 1 483 | 5324614 5325096 | 483 483 | 97.57 | pa_ill_pa_contig14 contig_109
			  Overlap between these two alignments (local misassembly). Inconsistency = -483
			Real Alignment 112: 1 187635 | 5325097 5512626 | 187635 187530 | 99.93 | pa_ill_pa_contig14 contig_109
			  Not a misassembly [fragmentation of reference genome] between these two alignments
			Real Alignment 113: 1 123 | 5512673 5512795 | 123 123 | 99.19 | pa_ill_pa_contig7 contig_109
			  Gap between these two alignments (local misassembly). Inconsistency = -342
			Real Alignment 114: 1 77 | 5513015 5513091 | 77 77 | 98.7 | pa_ill_pa_contig7 contig_109
			  Gap between these two alignments (local misassembly). Inconsistency = -456
			Real Alignment 115: 1 265097 | 5513471 5778417 | 265097 264947 | 99.93 | pa_ill_pa_contig7 contig_109
			  Not a misassembly [fragmentation of reference genome] between these two alignments
			Real Alignment 116: 1 1538 | 5778868 5780431 | 1538 1564 | 97.13 | pa_ill_pa_contig60 contig_109
			  Not a misassembly [fragmentation of reference genome] between these two alignments
			Real Alignment 117: 1 3511 | 5784332 5780802 | 3511 3531 | 99.01 | pa_ill_pa_contig49 contig_109
			  Not a misassembly [fragmentation of reference genome] between these two alignments
			Real Alignment 118: 1 38107 | 5784927 5823024 | 38107 38098 | 99.88 | pa_ill_pa_contig36 contig_109
			  Indel (> 5bp) between these two alignments: deletion of length 75; 0 mismatches (number of Ns: 0) [fragmentation of reference genome]
			Excluding internal overlap of size 54 between Alignment 119 and 120: 37 5713 | 5823042 5828713 | 5677 5672 --> 37 5657 | 5823042 5828659 | 5621 5618
			Real Alignment 119: 37 5657 | 5823042 5828659 | 5621 5618 | 93.0 | pa_ill_pa_contig44 contig_109
			  Indel (> 5bp) between these two alignments: deletion of length 57; 0 mismatches (number of Ns: 0) [fragmentation of reference genome]
			Excluding internal overlap of size 43 between Alignment 120 and 121: 1 1185 | 5891468 5890296 | 1185 1173 --> 1 1142 | 5891468 5890339 | 1142 1130
			Real Alignment 120: 2 61716 | 5828660 5890338 | 61715 61679 | 99.9 | pa_ill_pa_contig29 contig_109
			  Indel (> 5bp) between these two alignments: deletion of length 55; 0 mismatches (number of Ns: 0) [fragmentation of reference genome]
			Excluding internal overlap of size 54 between Alignment 121 and 122: 1 1142 | 5891468 5890339 | 1142 1130 --> 56 1142 | 5891414 5890339 | 1087 1076
			Real Alignment 121: 56 1142 | 5891414 5890339 | 1087 1076 | 92.51 | pa_ill_pa_contig67 contig_109
			  Indel (> 5bp) between these two alignments: deletion of length 55; 0 mismatches (number of Ns: 0) [fragmentation of reference genome]
			Real Alignment 122: 7 847683 | 6738577 5891415 | 847677 847163 | 99.92 | pa_ill_pa_contig1 contig_109
			  Extensive misassembly (translocation) between these two alignments
			Real Alignment 123: 721 46754 | 6787718 6741709 | 46034 46010 | 99.92 | pa_ill_pa_contig35 contig_109
		Unaligned bases: 31744

CONTIG: contig_95 (4756113bp)
Best alignment score: 258.0 (LEN: 285, IDY: 90.53), Total number of alignments: 87
			Looking for the best set of alignments (out of 87 total alignments)
			Skipping redundant alignments after choosing the best set of alignments
		Skipping redundant alignment 163 238 | 52792 52867 | 76 76 | 100.0 | pa_ill_pa_contig9 contig_95
		Skipping redundant alignment 3 78 | 52792 52867 | 76 76 | 100.0 | pa_ill_pa_contig9 contig_95
		Skipping redundant alignment 323 399 | 52792 52868 | 77 77 | 100.0 | pa_ill_pa_contig9 contig_95
		Skipping redundant alignment 28782 28858 | 52868 52792 | 77 77 | 100.0 | pa_ill_pa_contig8 contig_95
		Skipping redundant alignment 93682 93815 | 434332 434199 | 134 134 | 93.28 | pa_ill_pa_contig13 contig_95
		Skipping redundant alignment 84045 84123 | 445122 445044 | 79 79 | 96.2 | pa_ill_pa_contig13 contig_95
		Skipping redundant alignment 161 238 | 2486526 2486449 | 78 78 | 100.0 | pa_ill_pa_contig9 contig_95
		Skipping redundant alignment 321 399 | 2486526 2486448 | 79 79 | 100.0 | pa_ill_pa_contig9 contig_95
		Skipping redundant alignment 3476 3662 | 3037236 3037422 | 187 187 | 93.05 | pa_ill_pa_contig44 contig_95
		Skipping redundant alignment 163517 163628 | 4622203 4622092 | 112 112 | 91.07 | pa_ill_pa_contig4 contig_95
		Skipping redundant alignment 159406 159543 | 4626249 4626112 | 138 138 | 91.3 | pa_ill_pa_contig4 contig_95
		This contig has several significant sets of alignments. [An ambiguously mapped contig]
		Using only the very best set (option --ambiguity-usage is set to "one").
			The best set is below. Score: 5172.8, number of alignments: 76, unaligned bases: 4748462
		This contig is misassembled.
		This contig is partially unaligned. (Aligned 7651 out of 4756113 non-N bases (0.16%))
			Warning! This contig is more unaligned than misassembled. Contig length is 4756113 (number of Ns: 0) and total length of all aligns is 7651
		Alignment: 4737 4814 | 807019 806942 | 78 78 | 92.31 | pa_ill_pa_contig44 contig_95
		Alignment: 4268 4346 | 807491 807413 | 79 79 | 92.41 | pa_ill_pa_contig44 contig_95
		Alignment: 4121 4195 | 807640 807566 | 75 75 | 97.33 | pa_ill_pa_contig44 contig_95
		Alignment: 3710 3790 | 808056 807976 | 81 81 | 91.36 | pa_ill_pa_contig44 contig_95
		Alignment: 3566 3662 | 808210 808114 | 97 97 | 94.85 | pa_ill_pa_contig44 contig_95
		Alignment: 1560 1650 | 810093 810003 | 91 91 | 92.31 | pa_ill_pa_contig44 contig_95
		Alignment: 860 945 | 810782 810697 | 86 86 | 90.7 | pa_ill_pa_contig44 contig_95
		Alignment: 5115 5195 | 1472809 1472729 | 81 81 | 92.59 | pa_ill_pa_contig44 contig_95
		Alignment: 4963 5114 | 1472962 1472811 | 152 152 | 98.68 | pa_ill_pa_contig44 contig_95
		Alignment: 4881 4961 | 1473043 1472963 | 81 81 | 93.83 | pa_ill_pa_contig44 contig_95
		Alignment: 4411 4578 | 1473515 1473348 | 168 168 | 95.83 | pa_ill_pa_contig44 contig_95
		Alignment: 4268 4398 | 1473658 1473528 | 131 131 | 94.66 | pa_ill_pa_contig44 contig_95
		Alignment: 2917 2988 | 1475013 1474942 | 72 72 | 97.22 | pa_ill_pa_contig44 contig_95
		Alignment: 1975 2060 | 1475840 1475755 | 86 86 | 91.86 | pa_ill_pa_contig44 contig_95
		Alignment: 1813 1911 | 1476002 1475904 | 99 99 | 93.94 | pa_ill_pa_contig44 contig_95
		Alignment: 1375 1485 | 1476434 1476324 | 111 111 | 95.5 | pa_ill_pa_contig44 contig_95
		Alignment: 529 593 | 1477268 1477204 | 65 65 | 98.46 | pa_ill_pa_contig44 contig_95
		Alignment: 1660 1760 | 1993048 1993148 | 101 101 | 94.06 | pa_ill_pa_contig44 contig_95
		Alignment: 2926 3014 | 1994352 1994440 | 89 89 | 93.26 | pa_ill_pa_contig44 contig_95
		Alignment: 3453 3587 | 1994879 1995013 | 135 135 | 90.37 | pa_ill_pa_contig44 contig_95
		Alignment: 3588 3662 | 1995015 1995089 | 75 75 | 94.67 | pa_ill_pa_contig44 contig_95
		Alignment: 3714 3790 | 1995142 1995218 | 77 77 | 90.91 | pa_ill_pa_contig44 contig_95
		Alignment: 4257 4396 | 1995689 1995828 | 140 140 | 91.43 | pa_ill_pa_contig44 contig_95
		Alignment: 4904 4984 | 1996340 1996420 | 81 81 | 96.3 | pa_ill_pa_contig44 contig_95
		Alignment: 4996 5138 | 1996432 1996574 | 143 143 | 97.2 | pa_ill_pa_contig44 contig_95
		Alignment: 806 898 | 2087184 2087276 | 93 93 | 92.47 | pa_ill_pa_contig44 contig_95
		Alignment: 995 1106 | 2087369 2087480 | 112 112 | 91.07 | pa_ill_pa_contig44 contig_95
		Alignment: 1256 1331 | 2087627 2087702 | 76 76 | 92.11 | pa_ill_pa_contig44 contig_95
		Alignment: 1441 1510 | 2087811 2087880 | 70 70 | 92.86 | pa_ill_pa_contig44 contig_95
		Alignment: 1563 1650 | 2087934 2088021 | 88 88 | 93.18 | pa_ill_pa_contig44 contig_95
		Alignment: 1691 1760 | 2088060 2088129 | 70 70 | 95.71 | pa_ill_pa_contig44 contig_95
		Alignment: 1813 1899 | 2088182 2088268 | 87 87 | 90.8 | pa_ill_pa_contig44 contig_95
		Alignment: 1901 1967 | 2088269 2088335 | 67 67 | 91.04 | pa_ill_pa_contig44 contig_95
		Alignment: 2929 3022 | 2089171 2089264 | 94 94 | 97.87 | pa_ill_pa_contig44 contig_95
		Alignment: 3374 3442 | 2089621 2089689 | 69 69 | 92.75 | pa_ill_pa_contig44 contig_95
		Alignment: 3473 3540 | 2089722 2089789 | 68 68 | 95.59 | pa_ill_pa_contig44 contig_95
		Alignment: 3592 3662 | 2089841 2089911 | 71 71 | 97.18 | pa_ill_pa_contig44 contig_95
		Alignment: 4121 4190 | 2090376 2090445 | 70 70 | 98.57 | pa_ill_pa_contig44 contig_95
		Alignment: 4302 4399 | 2090561 2090658 | 98 98 | 96.94 | pa_ill_pa_contig44 contig_95
		Alignment: 4405 4469 | 2090664 2090728 | 65 65 | 98.46 | pa_ill_pa_contig44 contig_95
		Alignment: 4482 4556 | 2090740 2090814 | 75 75 | 92.0 | pa_ill_pa_contig44 contig_95
		Alignment: 4963 5039 | 2091227 2091303 | 77 77 | 96.1 | pa_ill_pa_contig44 contig_95
		Alignment: 997 1106 | 2242505 2242614 | 110 110 | 90.91 | pa_ill_pa_contig44 contig_95
		Alignment: 1375 1445 | 2242882 2242952 | 71 71 | 95.77 | pa_ill_pa_contig44 contig_95
		Alignment: 1451 1636 | 2242953 2243138 | 186 186 | 91.4 | pa_ill_pa_contig44 contig_95
		Alignment: 1877 1945 | 2243374 2243442 | 69 69 | 98.55 | pa_ill_pa_contig44 contig_95
		Alignment: 3074 3148 | 2244613 2244687 | 75 75 | 93.33 | pa_ill_pa_contig44 contig_95
		Alignment: 3495 3621 | 2245034 2245160 | 127 127 | 91.34 | pa_ill_pa_contig44 contig_95
		Alignment: 4133 4233 | 2245671 2245771 | 101 101 | 92.08 | pa_ill_pa_contig44 contig_95
		Alignment: 4303 4389 | 2245841 2245927 | 87 87 | 96.55 | pa_ill_pa_contig44 contig_95
		Alignment: 4434 4718 | 2245971 2246255 | 285 285 | 90.53 | pa_ill_pa_contig44 contig_95
		Alignment: 4882 5078 | 2246422 2246618 | 197 197 | 96.45 | pa_ill_pa_contig44 contig_95
		Alignment: 5080 5158 | 2246619 2246697 | 79 79 | 92.41 | pa_ill_pa_contig44 contig_95
		Alignment: 830 957 | 2285172 2285299 | 128 128 | 94.53 | pa_ill_pa_contig44 contig_95
		Alignment: 995 1106 | 2285336 2285447 | 112 112 | 91.07 | pa_ill_pa_contig44 contig_95
		Alignment: 1375 1482 | 2285707 2285814 | 108 108 | 96.3 | pa_ill_pa_contig44 contig_95
		Alignment: 1531 1638 | 2285863 2285970 | 108 108 | 92.59 | pa_ill_pa_contig44 contig_95
		Alignment: 1667 1737 | 2286001 2286071 | 71 71 | 91.55 | pa_ill_pa_contig44 contig_95
		Alignment: 3501 3662 | 2287720 2287881 | 162 162 | 91.36 | pa_ill_pa_contig44 contig_95
		Alignment: 4118 4233 | 2288338 2288453 | 116 116 | 93.1 | pa_ill_pa_contig44 contig_95
		Alignment: 4299 4409 | 2288521 2288631 | 111 111 | 91.89 | pa_ill_pa_contig44 contig_95
		Alignment: 4429 4556 | 2288653 2288780 | 128 128 | 96.09 | pa_ill_pa_contig44 contig_95
		Alignment: 4724 4796 | 2288944 2289016 | 73 73 | 90.41 | pa_ill_pa_contig44 contig_95
		Alignment: 4882 4982 | 2289101 2289201 | 101 101 | 96.04 | pa_ill_pa_contig44 contig_95
		Alignment: 4983 5050 | 2289204 2289271 | 68 68 | 100.0 | pa_ill_pa_contig44 contig_95
		Alignment: 529 593 | 3034151 3034215 | 65 65 | 98.46 | pa_ill_pa_contig44 contig_95
		Alignment: 1441 1510 | 3035052 3035121 | 70 70 | 91.43 | pa_ill_pa_contig44 contig_95
		Alignment: 1542 1636 | 3035154 3035248 | 95 95 | 91.58 | pa_ill_pa_contig44 contig_95
		Alignment: 1873 1967 | 3035492 3035586 | 95 95 | 92.63 | pa_ill_pa_contig44 contig_95
		Alignment: 1975 2060 | 3035594 3035679 | 86 86 | 90.7 | pa_ill_pa_contig44 contig_95
		Alignment: 3374 3442 | 3037135 3037203 | 69 69 | 92.75 | pa_ill_pa_contig44 contig_95
		Alignment: 3453 3662 | 3037213 3037422 | 210 210 | 92.38 | pa_ill_pa_contig44 contig_95
		Alignment: 4268 4389 | 3038029 3038150 | 122 122 | 94.26 | pa_ill_pa_contig44 contig_95
		Alignment: 4398 4502 | 3038163 3038267 | 105 105 | 96.19 | pa_ill_pa_contig44 contig_95
		Alignment: 4507 4572 | 3038268 3038333 | 66 66 | 95.45 | pa_ill_pa_contig44 contig_95
		Alignment: 4972 5142 | 3038733 3038903 | 171 171 | 97.66 | pa_ill_pa_contig44 contig_95
		Unaligned bases: 4748462

CONTIG: contig_96 (4764018bp)
Best alignment score: 316.0 (LEN: 329, IDY: 96.05), Total number of alignments: 63
			Looking for the best set of alignments (out of 63 total alignments)
			Skipping redundant alignments after choosing the best set of alignments
		Skipping redundant alignment 161 240 | 1997423 1997344 | 80 80 | 100.0 | pa_ill_pa_contig9 contig_96
		Skipping redundant alignment 161 238 | 1997535 1997458 | 78 78 | 100.0 | pa_ill_pa_contig9 contig_96
		Skipping redundant alignment 321 398 | 1997535 1997458 | 78 78 | 100.0 | pa_ill_pa_contig9 contig_96
		Skipping redundant alignment 3 78 | 4334218 4334293 | 76 76 | 100.0 | pa_ill_pa_contig9 contig_96
		Skipping redundant alignment 163 238 | 4334218 4334293 | 76 76 | 100.0 | pa_ill_pa_contig9 contig_96
		Skipping redundant alignment 323 399 | 4334218 4334294 | 77 77 | 100.0 | pa_ill_pa_contig9 contig_96
		Skipping redundant alignment 28781 28858 | 4334295 4334218 | 78 78 | 100.0 | pa_ill_pa_contig8 contig_96
		Skipping redundant alignment 84045 84229 | 4762452 4762268 | 185 185 | 91.35 | pa_ill_pa_contig13 contig_96
		This contig has several significant sets of alignments. [An ambiguously mapped contig]
		Using only the very best set (option --ambiguity-usage is set to "one").
			The best set is below. Score: 3989.4, number of alignments: 55, unaligned bases: 4757952
		This contig is misassembled.
		This contig is partially unaligned. (Aligned 6066 out of 4764018 non-N bases (0.13%))
			Warning! This contig is more unaligned than misassembled. Contig length is 4764018 (number of Ns: 0) and total length of all aligns is 6066
		Alignment: 4915 5039 | 304164 304040 | 125 125 | 99.2 | pa_ill_pa_contig44 contig_96
		Alignment: 4403 4567 | 304676 304512 | 165 165 | 94.55 | pa_ill_pa_contig44 contig_96
		Alignment: 4301 4401 | 304777 304677 | 101 101 | 96.04 | pa_ill_pa_contig44 contig_96
		Alignment: 3870 3940 | 305203 305133 | 71 71 | 90.14 | pa_ill_pa_contig44 contig_96
		Alignment: 3541 3653 | 305538 305426 | 113 113 | 93.81 | pa_ill_pa_contig44 contig_96
		Alignment: 2999 3068 | 306082 306013 | 70 70 | 90.0 | pa_ill_pa_contig44 contig_96
		Alignment: 1832 1902 | 307214 307144 | 71 71 | 92.96 | pa_ill_pa_contig44 contig_96
		Alignment: 1260 1345 | 307792 307707 | 86 86 | 94.19 | pa_ill_pa_contig44 contig_96
		Alignment: 817 887 | 308228 308158 | 71 71 | 94.37 | pa_ill_pa_contig44 contig_96
		Alignment: 1565 1650 | 1557343 1557428 | 86 86 | 93.02 | pa_ill_pa_contig44 contig_96
		Alignment: 1873 1945 | 1557649 1557721 | 73 73 | 95.89 | pa_ill_pa_contig44 contig_96
		Alignment: 2687 2800 | 1558341 1558454 | 114 114 | 91.23 | pa_ill_pa_contig44 contig_96
		Alignment: 2892 3062 | 1558552 1558722 | 171 171 | 91.23 | pa_ill_pa_contig44 contig_96
		Alignment: 3494 3589 | 1559157 1559252 | 96 96 | 90.62 | pa_ill_pa_contig44 contig_96
		Alignment: 4118 4215 | 1559784 1559881 | 98 98 | 95.92 | pa_ill_pa_contig44 contig_96
		Alignment: 4268 4596 | 1559935 1560263 | 329 329 | 96.05 | pa_ill_pa_contig44 contig_96
		Alignment: 4913 5043 | 1560578 1560708 | 131 131 | 97.71 | pa_ill_pa_contig44 contig_96
		Alignment: 786 954 | 1650093 1650261 | 169 169 | 91.12 | pa_ill_pa_contig44 contig_96
		Alignment: 1418 1501 | 1650719 1650802 | 84 84 | 98.81 | pa_ill_pa_contig44 contig_96
		Alignment: 1903 1967 | 1651197 1651261 | 65 65 | 90.77 | pa_ill_pa_contig44 contig_96
		Alignment: 3455 3648 | 1652724 1652917 | 194 194 | 92.78 | pa_ill_pa_contig44 contig_96
		Alignment: 3714 3781 | 1652985 1653052 | 68 68 | 91.18 | pa_ill_pa_contig44 contig_96
		Alignment: 4121 4231 | 1653390 1653500 | 111 111 | 94.59 | pa_ill_pa_contig44 contig_96
		Alignment: 4303 4388 | 1653572 1653657 | 86 86 | 97.67 | pa_ill_pa_contig44 contig_96
		Alignment: 4432 4549 | 1653705 1653822 | 118 118 | 95.76 | pa_ill_pa_contig44 contig_96
		Alignment: 4882 5048 | 1654151 1654317 | 167 167 | 97.6 | pa_ill_pa_contig44 contig_96
		Alignment: 5057 5176 | 1654322 1654441 | 120 120 | 92.5 | pa_ill_pa_contig44 contig_96
		Alignment: 997 1143 | 1781304 1781450 | 147 147 | 90.48 | pa_ill_pa_contig44 contig_96
		Alignment: 1403 1467 | 1781701 1781765 | 65 65 | 100.0 | pa_ill_pa_contig44 contig_96
		Alignment: 1542 1637 | 1781839 1781934 | 96 96 | 91.67 | pa_ill_pa_contig44 contig_96
		Alignment: 3074 3148 | 1783253 1783327 | 75 75 | 90.67 | pa_ill_pa_contig44 contig_96
		Alignment: 3466 3661 | 1783645 1783840 | 196 196 | 94.9 | pa_ill_pa_contig44 contig_96
		Alignment: 4302 4402 | 1784481 1784581 | 101 101 | 95.05 | pa_ill_pa_contig44 contig_96
		Alignment: 4433 4546 | 1784615 1784728 | 114 114 | 95.61 | pa_ill_pa_contig44 contig_96
		Alignment: 4882 4961 | 1785057 1785136 | 80 80 | 95.0 | pa_ill_pa_contig44 contig_96
		Alignment: 4962 5150 | 1785138 1785326 | 189 189 | 96.83 | pa_ill_pa_contig44 contig_96
		Alignment: 849 918 | 1822420 1822489 | 70 70 | 92.86 | pa_ill_pa_contig44 contig_96
		Alignment: 1842 1967 | 1823405 1823530 | 126 126 | 91.27 | pa_ill_pa_contig44 contig_96
		Alignment: 2934 3009 | 1824381 1824456 | 76 76 | 98.68 | pa_ill_pa_contig44 contig_96
		Alignment: 3074 3149 | 1824517 1824592 | 76 76 | 90.79 | pa_ill_pa_contig44 contig_96
		Alignment: 3495 3584 | 1824940 1825029 | 90 90 | 90.0 | pa_ill_pa_contig44 contig_96
		Alignment: 4124 4215 | 1825566 1825657 | 92 92 | 96.74 | pa_ill_pa_contig44 contig_96
		Alignment: 4268 4370 | 1825712 1825814 | 103 103 | 93.2 | pa_ill_pa_contig44 contig_96
		Alignment: 4404 4510 | 1825853 1825959 | 107 107 | 93.46 | pa_ill_pa_contig44 contig_96
		Alignment: 4512 4651 | 1825960 1826099 | 140 140 | 90.0 | pa_ill_pa_contig44 contig_96
		Alignment: 4957 5040 | 1826402 1826485 | 84 84 | 96.43 | pa_ill_pa_contig44 contig_96
		Alignment: 5129 5195 | 1826574 1826640 | 67 67 | 91.04 | pa_ill_pa_contig44 contig_96
		Alignment: 529 593 | 2470499 2470563 | 65 65 | 98.46 | pa_ill_pa_contig44 contig_96
		Alignment: 791 968 | 2470765 2470942 | 178 178 | 91.01 | pa_ill_pa_contig44 contig_96
		Alignment: 1260 1345 | 2471230 2471315 | 86 86 | 91.86 | pa_ill_pa_contig44 contig_96
		Alignment: 1449 1594 | 2471414 2471559 | 146 146 | 91.1 | pa_ill_pa_contig44 contig_96
		Alignment: 3453 3546 | 2473412 2473505 | 94 94 | 92.55 | pa_ill_pa_contig44 contig_96
		Alignment: 4268 4385 | 2474222 2474339 | 118 118 | 92.37 | pa_ill_pa_contig44 contig_96
		Alignment: 4445 4511 | 2474404 2474470 | 67 67 | 92.54 | pa_ill_pa_contig44 contig_96
		Alignment: 4516 4580 | 2474475 2474539 | 65 65 | 90.77 | pa_ill_pa_contig44 contig_96
		Unaligned bases: 4757952

CONTIG: contig_103 (2718870bp)
Best alignment score: 102.0 (LEN: 106, IDY: 96.23), Total number of alignments: 5
			Looking for the best set of alignments (out of 5 total alignments)
			Skipping redundant alignments after choosing the best set of alignments
		Skipping redundant alignment 4403 4500 | 406130 406033 | 98 98 | 96.94 | pa_ill_pa_contig44 contig_103
		Skipping redundant alignment 1405 1503 | 658473 658375 | 99 99 | 95.96 | pa_ill_pa_contig44 contig_103
		Skipping redundant alignment 4403 4500 | 1762871 1762968 | 98 98 | 94.95 | pa_ill_pa_contig44 contig_103
		Skipping redundant alignment 4406 4500 | 1768133 1768227 | 95 95 | 97.89 | pa_ill_pa_contig44 contig_103
			The best set is below. Score: 102.0, number of alignments: 1, unaligned bases: 2718764
		This contig is partially unaligned. (Aligned 106 out of 2718870 non-N bases (0.00%))
		Alignment: 1397 1502 | 1715351 1715456 | 106 106 | 96.23 | pa_ill_pa_contig44 contig_103
		Unaligned bases: 1 to 1715350 (1715350)
		Unaligned bases: 1715457 to 2718870 (1003414)

CONTIG: contig_2 (2843857bp)
Best alignment score: 127.0 (LEN: 139, IDY: 91.37), Total number of alignments: 7
			Looking for the best set of alignments (out of 7 total alignments)
			Skipping redundant alignments after choosing the best set of alignments
		Skipping redundant alignment 1397 1502 | 604955 605060 | 106 106 | 97.17 | pa_ill_pa_contig44 contig_2
		Skipping redundant alignment 4406 4500 | 607835 607929 | 95 95 | 94.74 | pa_ill_pa_contig44 contig_2
		Skipping redundant alignment 4416 4500 | 2832735 2832818 | 85 84 | 96.47 | pa_ill_pa_contig44 contig_2
			The best set is below. Score: 400.0, number of alignments: 4, unaligned bases: 2843396
		This contig is misassembled.
		This contig is partially unaligned. (Aligned 461 out of 2843857 non-N bases (0.02%))
			Warning! This contig is more unaligned than misassembled. Contig length is 2843857 (number of Ns: 0) and total length of all aligns is 461
		Alignment: 1200 1338 | 2386758 2386896 | 139 139 | 91.37 | pa_ill_pa_contig44 contig_2
		Alignment: 1404 1538 | 2386963 2387097 | 135 135 | 90.37 | pa_ill_pa_contig44 contig_2
		Alignment: 1543 1634 | 2387102 2387193 | 92 92 | 90.22 | pa_ill_pa_contig44 contig_2
		Alignment: 4406 4500 | 2389741 2389835 | 95 95 | 96.84 | pa_ill_pa_contig44 contig_2
		Unaligned bases: 2843396

CONTIG: contig_86 (2990676bp)
Best alignment score: 107.0 (LEN: 114, IDY: 93.86), Total number of alignments: 4
			Looking for the best set of alignments (out of 4 total alignments)
			Skipping redundant alignments after choosing the best set of alignments
		Skipping redundant alignment 1404 1517 | 289670 289557 | 114 114 | 93.86 | pa_ill_pa_contig44 contig_86
			The best set is below. Score: 207.0, number of alignments: 3, unaligned bases: 2990452
		This contig is misassembled.
		This contig is partially unaligned. (Aligned 224 out of 2990676 non-N bases (0.01%))
			Warning! This contig is more unaligned than misassembled. Contig length is 2990676 (number of Ns: 0) and total length of all aligns is 224
		Alignment: 1686 1759 | 295364 295291 | 74 74 | 91.89 | pa_ill_pa_contig44 contig_86
		Alignment: 1545 1616 | 295504 295433 | 72 72 | 90.28 | pa_ill_pa_contig44 contig_86
		Alignment: 1432 1509 | 295612 295535 | 78 78 | 94.87 | pa_ill_pa_contig44 contig_86
		Unaligned bases: 2990452

CONTIG: contig_87 (1945528bp)
Best alignment score: 107.0 (LEN: 114, IDY: 93.86), Total number of alignments: 7
			Looking for the best set of alignments (out of 7 total alignments)
			Skipping redundant alignments after choosing the best set of alignments
		Skipping redundant alignment 4406 4500 | 65924 65830 | 95 95 | 96.84 | pa_ill_pa_contig44 contig_87
		Skipping redundant alignment 1550 1629 | 68718 68639 | 80 80 | 90.0 | pa_ill_pa_contig44 contig_87
		Skipping redundant alignment 1404 1517 | 145670 145557 | 114 114 | 93.86 | pa_ill_pa_contig44 contig_87
			The best set is below. Score: 314.0, number of alignments: 4, unaligned bases: 1945194
		This contig is misassembled.
		This contig is partially unaligned. (Aligned 334 out of 1945528 non-N bases (0.02%))
			Warning! This contig is more unaligned than misassembled. Contig length is 1945528 (number of Ns: 0) and total length of all aligns is 334
		Alignment: 1440 1521 | 841762 841843 | 82 82 | 92.68 | pa_ill_pa_contig44 contig_87
		Alignment: 1579 1651 | 841901 841973 | 73 73 | 93.15 | pa_ill_pa_contig44 contig_87
		Alignment: 1851 1933 | 842172 842254 | 83 83 | 93.98 | pa_ill_pa_contig44 contig_87
		Alignment: 4406 4500 | 844671 844766 | 95 96 | 95.83 | pa_ill_pa_contig44 contig_87
		Unaligned bases: 1945194

CONTIG: contig_89 (4042957bp)
Best alignment score: 112.0 (LEN: 119, IDY: 94.12), Total number of alignments: 23
			Looking for the best set of alignments (out of 23 total alignments)
			Skipping redundant alignments after choosing the best set of alignments
		Skipping redundant alignment 4406 4476 | 1502896 1502826 | 71 71 | 98.59 | pa_ill_pa_contig44 contig_89
		Skipping redundant alignment 1454 1523 | 1505574 1505505 | 70 70 | 90.0 | pa_ill_pa_contig44 contig_89
		Skipping redundant alignment 4415 4535 | 2581973 2582093 | 121 121 | 90.91 | pa_ill_pa_contig44 contig_89
		Skipping redundant alignment 4888 4957 | 2582449 2582518 | 70 70 | 91.43 | pa_ill_pa_contig44 contig_89
		Skipping redundant alignment 5057 5136 | 2582614 2582693 | 80 80 | 91.25 | pa_ill_pa_contig44 contig_89
		Skipping redundant alignment 1561 1651 | 2599791 2599881 | 91 91 | 92.31 | pa_ill_pa_contig44 contig_89
		Skipping redundant alignment 1669 1773 | 2599899 2600003 | 105 105 | 90.48 | pa_ill_pa_contig44 contig_89
		Skipping redundant alignment 4406 4478 | 2662636 2662708 | 73 73 | 98.63 | pa_ill_pa_contig44 contig_89
		Skipping redundant alignment 4406 4476 | 2668535 2668605 | 71 71 | 98.59 | pa_ill_pa_contig44 contig_89
		Skipping redundant alignment 1418 1515 | 2735903 2736000 | 98 98 | 92.86 | pa_ill_pa_contig44 contig_89
		Skipping redundant alignment 1864 1938 | 2736332 2736406 | 75 75 | 90.67 | pa_ill_pa_contig44 contig_89
		Skipping redundant alignment 1425 1515 | 2740896 2740986 | 91 91 | 94.51 | pa_ill_pa_contig44 contig_89
		Skipping redundant alignment 1570 1651 | 2741035 2741116 | 82 82 | 91.46 | pa_ill_pa_contig44 contig_89
		Skipping redundant alignment 4406 4488 | 2743599 2743681 | 83 83 | 97.59 | pa_ill_pa_contig44 contig_89
		Skipping redundant alignment 1561 1651 | 3194329 3194419 | 91 91 | 92.31 | pa_ill_pa_contig44 contig_89
		Skipping redundant alignment 5068 5134 | 3197559 3197625 | 67 67 | 94.03 | pa_ill_pa_contig44 contig_89
		Skipping redundant alignment 1230 1338 | 3486575 3486683 | 109 109 | 91.74 | pa_ill_pa_contig44 contig_89
		Skipping redundant alignment 1397 1515 | 3486742 3486860 | 119 119 | 94.12 | pa_ill_pa_contig44 contig_89
		Skipping redundant alignment 4406 4476 | 3489468 3489538 | 71 71 | 98.59 | pa_ill_pa_contig44 contig_89
			The best set is below. Score: 261.0, number of alignments: 4, unaligned bases: 4042657
		This contig is misassembled.
		This contig is partially unaligned. (Aligned 300 out of 4042957 non-N bases (0.01%))
			Warning! This contig is more unaligned than misassembled. Contig length is 4042957 (number of Ns: 0) and total length of all aligns is 300
		Alignment: 1397 1484 | 2730313 2730400 | 88 88 | 94.32 | pa_ill_pa_contig44 contig_89
		Alignment: 1561 1635 | 2730474 2730548 | 75 75 | 94.67 | pa_ill_pa_contig44 contig_89
		Alignment: 4417 4488 | 2733055 2733126 | 72 72 | 98.61 | pa_ill_pa_contig44 contig_89
		Alignment: 4914 4978 | 2733550 2733614 | 65 65 | 92.31 | pa_ill_pa_contig44 contig_89
		Unaligned bases: 4042657

Analyzing coverage...
Writing SNPs into /media3/lucia/zymo_mock_community/asms_cuantizados/v3_12-2-21_2bins/metaquast-2bins/runs_per_reference/pa_ill/contigs_reports/minimap_output/r10_2bins_1_raw.used_snps.gz

Analysis is finished!
Founded SNPs were written into /media3/lucia/zymo_mock_community/asms_cuantizados/v3_12-2-21_2bins/metaquast-2bins/runs_per_reference/pa_ill/contigs_reports/minimap_output/r10_2bins_1_raw.used_snps.gz

Results:
	Local Misassemblies: 29
	Misassemblies: 10
		Relocations: 0
		Translocations: 10
		Inversions: 0
	Scaffold gap extensive misassemblies: 0
	Scaffold gap local misassemblies: 0
	Misassemblies caused by fragmented reference: 16
	Misassembled Contigs: 1
	Misassembled Contig Bases: 6787718
	Misassemblies Inter-Contig Overlap: 0
Unaligned Contigs: 0 + 8 part
Half Unaligned Contigs with Misassemblies: 6
Unaligned Contig Bases: 24078621

Ambiguously Mapped Contigs: 2
Total Bases in Ambiguously Mapped Contigs: 9520131
Extra Bases in Ambiguously Mapped Contigs: 0
Note that --allow-ambiguity option was set to "one" and only first alignment per each of these contigs was used.

	Covered Bases: 6718806

	SNPs: 4359
	Insertions: 2641
	Deletions: 10169

