Aligning contigs to reference...
	Aligning contigs to the reference
Filtering alignments...
Parsing coords...
Loading reference...
	Loaded [pa_ill_pa_contig77]
	Loaded [pa_ill_pa_contig76]
	Loaded [pa_ill_pa_contig75]
	Loaded [pa_ill_pa_contig74]
	Loaded [pa_ill_pa_contig73]
	Loaded [pa_ill_pa_contig72]
	Loaded [pa_ill_pa_contig71]
	Loaded [pa_ill_pa_contig70]
	Loaded [pa_ill_pa_contig23]
	Loaded [pa_ill_pa_contig21]
	Loaded [pa_ill_pa_contig28]
	Loaded [pa_ill_pa_contig79]
	Loaded [pa_ill_pa_contig78]
	Loaded [pa_ill_pa_contig32]
	Loaded [pa_ill_pa_contig8]
	Loaded [pa_ill_pa_contig41]
	Loaded [pa_ill_pa_contig47]
	Loaded [pa_ill_pa_contig4]
	Loaded [pa_ill_pa_contig13]
	Loaded [pa_ill_pa_contig11]
	Loaded [pa_ill_pa_contig10]
	Loaded [pa_ill_pa_contig39]
	Loaded [pa_ill_pa_contig12]
	Loaded [pa_ill_pa_contig59]
	Loaded [pa_ill_pa_contig14]
	Loaded [pa_ill_pa_contig17]
	Loaded [pa_ill_pa_contig16]
	Loaded [pa_ill_pa_contig55]
	Loaded [pa_ill_pa_contig54]
	Loaded [pa_ill_pa_contig31]
	Loaded [pa_ill_pa_contig56]
	Loaded [pa_ill_pa_contig51]
	Loaded [pa_ill_pa_contig50]
	Loaded [pa_ill_pa_contig35]
	Loaded [pa_ill_pa_contig34]
	Loaded [pa_ill_pa_contig60]
	Loaded [pa_ill_pa_contig61]
	Loaded [pa_ill_pa_contig62]
	Loaded [pa_ill_pa_contig63]
	Loaded [pa_ill_pa_contig64]
	Loaded [pa_ill_pa_contig65]
	Loaded [pa_ill_pa_contig66]
	Loaded [pa_ill_pa_contig67]
	Loaded [pa_ill_pa_contig68]
	Loaded [pa_ill_pa_contig69]
	Loaded [pa_ill_pa_contig80]
	Loaded [pa_ill_pa_contig81]
	Loaded [pa_ill_pa_contig84]
	Loaded [pa_ill_pa_contig19]
	Loaded [pa_ill_pa_contig83]
	Loaded [pa_ill_pa_contig2]
	Loaded [pa_ill_pa_contig18]
	Loaded [pa_ill_pa_contig5]
	Loaded [pa_ill_pa_contig57]
	Loaded [pa_ill_pa_contig58]
	Loaded [pa_ill_pa_contig15]
	Loaded [pa_ill_pa_contig1]
	Loaded [pa_ill_pa_contig45]
	Loaded [pa_ill_pa_contig3]
	Loaded [pa_ill_pa_contig30]
	Loaded [pa_ill_pa_contig33]
	Loaded [pa_ill_pa_contig38]
	Loaded [pa_ill_pa_contig7]
	Loaded [pa_ill_pa_contig6]
	Loaded [pa_ill_pa_contig9]
	Loaded [pa_ill_pa_contig37]
	Loaded [pa_ill_pa_contig36]
	Loaded [pa_ill_pa_contig24]
	Loaded [pa_ill_pa_contig25]
	Loaded [pa_ill_pa_contig26]
	Loaded [pa_ill_pa_contig27]
	Loaded [pa_ill_pa_contig20]
	Loaded [pa_ill_pa_contig53]
	Loaded [pa_ill_pa_contig48]
	Loaded [pa_ill_pa_contig49]
	Loaded [pa_ill_pa_contig46]
	Loaded [pa_ill_pa_contig22]
	Loaded [pa_ill_pa_contig44]
	Loaded [pa_ill_pa_contig52]
	Loaded [pa_ill_pa_contig42]
	Loaded [pa_ill_pa_contig43]
	Loaded [pa_ill_pa_contig40]
	Loaded [pa_ill_pa_contig29]
	Total Regions: 83
	Total Region Length: 6728151
Analyzing contigs...
CONTIG: contig_106 (6791620bp)
Best alignment score: 847448.5 (LEN: 847618, IDY: 99.98), Total number of alignments: 153
			Too much alignments (153), will use speed up heuristics
			Found 105 solid alignments:
		Solid alignment 46754 47071 | 3 320 | 318 318 | 98.43 | pa_ill_pa_contig35 contig_106
		Solid alignment 1 2207 | 3204 998 | 2207 2207 | 99.82 | pa_ill_pa_contig55 contig_106
		Solid alignment 1 232544 | 3150 235689 | 232544 232540 | 99.97 | pa_ill_pa_contig10 contig_106
		Solid alignment 1 1874 | 235562 237435 | 1874 1874 | 100.0 | pa_ill_pa_contig57 contig_106
		Solid alignment 232388 237415 | 237280 242304 | 5028 5025 | 99.92 | pa_ill_pa_contig10 contig_106
		Solid alignment 1235 3722 | 244737 242250 | 2488 2488 | 99.56 | pa_ill_pa_contig48 contig_106
		Solid alignment 1 1079 | 245971 244893 | 1079 1079 | 99.81 | pa_ill_pa_contig48 contig_106
		Solid alignment 1 956 | 245917 246871 | 956 955 | 99.9 | pa_ill_pa_contig70 contig_106
		Solid alignment 1 3064 | 249880 246817 | 3064 3064 | 99.71 | pa_ill_pa_contig51 contig_106
		Solid alignment 92967 210873 | 367726 249826 | 117907 117901 | 99.97 | pa_ill_pa_contig11 contig_106
		Solid alignment 1 93281 | 460578 367302 | 93281 93277 | 99.98 | pa_ill_pa_contig11 contig_106
		Solid alignment 1 985 | 460524 461508 | 985 985 | 99.49 | pa_ill_pa_contig69 contig_106
		Solid alignment 1 48969 | 461454 510420 | 48969 48967 | 99.98 | pa_ill_pa_contig34 contig_106
		Solid alignment 1 5713 | 510366 516078 | 5713 5713 | 99.93 | pa_ill_pa_contig44 contig_106
		Solid alignment 1 106324 | 622339 516024 | 106324 106316 | 99.99 | pa_ill_pa_contig22 contig_106
		Solid alignment 1 90153 | 712857 622715 | 90153 90143 | 99.98 | pa_ill_pa_contig23 contig_106
		Solid alignment 1 1197 | 712803 713999 | 1197 1197 | 99.83 | pa_ill_pa_contig67 contig_106
		Solid alignment 1 465790 | 713945 1179578 | 465790 465634 | 99.96 | pa_ill_pa_contig3 contig_106
		Solid alignment 1 2514 | 1179524 1182037 | 2514 2514 | 99.68 | pa_ill_pa_contig54 contig_106
		Solid alignment 1 868 | 1182489 1183356 | 868 868 | 99.54 | pa_ill_pa_contig74 contig_106
		Solid alignment 1 119004 | 1184160 1303153 | 119004 118994 | 99.98 | pa_ill_pa_contig18 contig_106
		Solid alignment 1 5713 | 1303099 1308811 | 5713 5713 | 100.0 | pa_ill_pa_contig44 contig_106
		Solid alignment 1 1405 | 1311054 1309650 | 1405 1405 | 90.74 | pa_ill_pa_contig12 contig_106
		Solid alignment 1 1492 | 1311000 1312491 | 1492 1492 | 100.0 | pa_ill_pa_contig61 contig_106
		Solid alignment 1 21904 | 1312437 1334339 | 21904 21903 | 100.0 | pa_ill_pa_contig41 contig_106
		Solid alignment 1 868 | 1335867 1334994 | 868 874 | 98.4 | pa_ill_pa_contig74 contig_106
		Solid alignment 1 2514 | 1338832 1336319 | 2514 2514 | 99.72 | pa_ill_pa_contig54 contig_106
		Solid alignment 132 56432 | 1395074 1338778 | 56301 56297 | 99.93 | pa_ill_pa_contig31 contig_106
		Solid alignment 1 187635 | 1397144 1584763 | 187635 187620 | 99.98 | pa_ill_pa_contig14 contig_106
		Solid alignment 1 265097 | 1585608 1850685 | 265097 265078 | 99.98 | pa_ill_pa_contig7 contig_106
		Solid alignment 1 1538 | 1851136 1852673 | 1538 1538 | 100.0 | pa_ill_pa_contig60 contig_106
		Solid alignment 1 3511 | 1856556 1853046 | 3511 3511 | 100.0 | pa_ill_pa_contig49 contig_106
		Solid alignment 1 38146 | 1857145 1895287 | 38146 38143 | 99.99 | pa_ill_pa_contig36 contig_106
		Solid alignment 1 5713 | 1895233 1900945 | 5713 5713 | 99.95 | pa_ill_pa_contig44 contig_106
		Solid alignment 1 61716 | 1900891 1962603 | 61716 61713 | 99.98 | pa_ill_pa_contig29 contig_106
		Solid alignment 1 1197 | 1963745 1962549 | 1197 1197 | 99.08 | pa_ill_pa_contig67 contig_106
		Solid alignment 1 847683 | 2811308 1963691 | 847683 847618 | 99.98 | pa_ill_pa_contig1 contig_106
		Solid alignment 1 2207 | 2811254 2813460 | 2207 2207 | 99.5 | pa_ill_pa_contig55 contig_106
		Solid alignment 1 47071 | 2861207 2814138 | 47071 47070 | 99.99 | pa_ill_pa_contig35 contig_106
		Solid alignment 1 266935 | 2861817 3128724 | 266935 266908 | 99.98 | pa_ill_pa_contig6 contig_106
		Solid alignment 1 111253 | 3239932 3128684 | 111253 111249 | 99.98 | pa_ill_pa_contig20 contig_106
		Solid alignment 1 5507 | 3245384 3239878 | 5507 5507 | 99.46 | pa_ill_pa_contig45 contig_106
		Solid alignment 1 118702 | 3245330 3364020 | 118702 118691 | 99.98 | pa_ill_pa_contig19 contig_106
		Solid alignment 1 1237 | 3365749 3364513 | 1237 1237 | 99.68 | pa_ill_pa_contig65 contig_106
		Solid alignment 1 944 | 3366638 3365695 | 944 944 | 98.83 | pa_ill_pa_contig71 contig_106
		Solid alignment 1 23992 | 3367286 3391275 | 23992 23990 | 99.99 | pa_ill_pa_contig40 contig_106
		Solid alignment 1 1468 | 3391221 3392688 | 1468 1468 | 99.93 | pa_ill_pa_contig62 contig_106
		Solid alignment 1 56682 | 3392634 3449311 | 56682 56678 | 99.99 | pa_ill_pa_contig30 contig_106
		Solid alignment 1 927 | 3449257 3450183 | 927 927 | 97.63 | pa_ill_pa_contig73 contig_106
		Solid alignment 1 204999 | 3654981 3450129 | 204999 204853 | 99.92 | pa_ill_pa_contig12 contig_106
		Solid alignment 1 1492 | 3654927 3656418 | 1492 1492 | 99.87 | pa_ill_pa_contig61 contig_106
		Solid alignment 1 106796 | 3656364 3763146 | 106796 106783 | 99.98 | pa_ill_pa_contig21 contig_106
		Solid alignment 1 1258 | 3764349 3763092 | 1258 1258 | 99.52 | pa_ill_pa_contig64 contig_106
		Solid alignment 1 34671 | 3764295 3798996 | 34671 34702 | 99.84 | pa_ill_pa_contig15 contig_106
		Solid alignment 34236 173697 | 3798616 3938142 | 139462 139527 | 99.93 | pa_ill_pa_contig15 contig_106
		Solid alignment 1 1028 | 3939920 3938893 | 1028 1028 | 99.81 | pa_ill_pa_contig68 contig_106
		Solid alignment 1 1028 | 3943101 3942074 | 1028 1028 | 99.51 | pa_ill_pa_contig68 contig_106
		Solid alignment 1 1661 | 3944707 3943047 | 1661 1661 | 100.0 | pa_ill_pa_contig59 contig_106
		Solid alignment 1 1682 | 3944653 3946334 | 1682 1682 | 99.52 | pa_ill_pa_contig58 contig_106
		Solid alignment 1 4971 | 3946280 3951247 | 4971 4968 | 99.94 | pa_ill_pa_contig46 contig_106
		Solid alignment 1 1682 | 3951193 3952873 | 1682 1681 | 99.7 | pa_ill_pa_contig58 contig_106
		Solid alignment 1 3238 | 3952819 3956056 | 3238 3238 | 100.0 | pa_ill_pa_contig50 contig_106
		Solid alignment 1 799 | 3956002 3956799 | 799 798 | 99.0 | pa_ill_pa_contig75 contig_106
		Solid alignment 1 6148 | 3963634 3957489 | 6148 6146 | 99.97 | pa_ill_pa_contig43 contig_106
		Solid alignment 1 799 | 3963580 3964378 | 799 799 | 98.62 | pa_ill_pa_contig75 contig_106
		Solid alignment 1 68331 | 3965068 4033392 | 68331 68325 | 99.99 | pa_ill_pa_contig28 contig_106
		Solid alignment 1 985 | 4033338 4034322 | 985 985 | 98.48 | pa_ill_pa_contig69 contig_106
		Solid alignment 1 30768 | 4065031 4034268 | 30768 30764 | 99.96 | pa_ill_pa_contig38 contig_106
		Solid alignment 1235 3722 | 4067465 4064977 | 2488 2489 | 99.36 | pa_ill_pa_contig48 contig_106
		Solid alignment 1 1079 | 4068699 4067621 | 1079 1079 | 99.54 | pa_ill_pa_contig48 contig_106
		Solid alignment 1 6590 | 4068645 4075229 | 6590 6585 | 99.76 | pa_ill_pa_contig42 contig_106
		Solid alignment 1 3064 | 4078237 4075175 | 3064 3063 | 99.25 | pa_ill_pa_contig51 contig_106
		Solid alignment 1 26794 | 4078183 4104975 | 26794 26793 | 99.99 | pa_ill_pa_contig39 contig_106
		Solid alignment 1 258570 | 4364026 4105469 | 258570 258558 | 99.98 | pa_ill_pa_contig8 contig_106
		Solid alignment 1 944 | 4363972 4364914 | 944 943 | 99.26 | pa_ill_pa_contig71 contig_106
		Solid alignment 1 1237 | 4364860 4366096 | 1237 1237 | 95.64 | pa_ill_pa_contig65 contig_106
		Solid alignment 1 191344 | 4366589 4557907 | 191344 191319 | 99.98 | pa_ill_pa_contig13 contig_106
		Solid alignment 1 1197 | 4559049 4557853 | 1197 1197 | 99.83 | pa_ill_pa_contig67 contig_106
		Solid alignment 1 86455 | 4559034 4645472 | 86455 86439 | 99.97 | pa_ill_pa_contig25 contig_106
		Solid alignment 161 249467 | 4645418 4894701 | 249307 249284 | 99.99 | pa_ill_pa_contig9 contig_106
		Solid alignment 1 2531 | 4897596 4895066 | 2531 2531 | 99.84 | pa_ill_pa_contig53 contig_106
		Solid alignment 1 929 | 4898651 4897724 | 929 928 | 99.25 | pa_ill_pa_contig72 contig_106
		Solid alignment 1 121067 | 5024433 4903374 | 121067 121060 | 99.99 | pa_ill_pa_contig17 contig_106
		Solid alignment 1 56007 | 5024695 5080698 | 56007 56004 | 99.98 | pa_ill_pa_contig32 contig_106
		Solid alignment 1 1258 | 5081901 5080644 | 1258 1258 | 99.84 | pa_ill_pa_contig64 contig_106
		Solid alignment 247199 542364 | 5376981 5081847 | 295166 295135 | 99.98 | pa_ill_pa_contig2 contig_106
		Solid alignment 1 247386 | 5624027 5376679 | 247386 247349 | 99.98 | pa_ill_pa_contig2 contig_106
		Solid alignment 1 3774 | 5628230 5624457 | 3774 3774 | 100.0 | pa_ill_pa_contig47 contig_106
		Solid alignment 1 929 | 5628744 5629673 | 929 930 | 98.39 | pa_ill_pa_contig72 contig_106
		Solid alignment 1 2549 | 5629801 5632349 | 2549 2549 | 100.0 | pa_ill_pa_contig52 contig_106
		Solid alignment 1 404310 | 6036975 5632708 | 404310 404268 | 99.98 | pa_ill_pa_contig4 contig_106
		Solid alignment 1 1468 | 6036921 6038388 | 1468 1468 | 100.0 | pa_ill_pa_contig62 contig_106
		Solid alignment 1 122468 | 6038334 6160782 | 122468 122449 | 99.98 | pa_ill_pa_contig16 contig_106
		Solid alignment 1 53273 | 6214469 6161197 | 53273 53273 | 99.99 | pa_ill_pa_contig33 contig_106
		Solid alignment 41099 76514 | 6250370 6214963 | 35416 35408 | 99.96 | pa_ill_pa_contig26 contig_106
		Solid alignment 1 41228 | 6291351 6250129 | 41228 41223 | 99.96 | pa_ill_pa_contig26 contig_106
		Solid alignment 1 846 | 6292115 6291276 | 846 840 | 90.05 | pa_ill_pa_contig20 contig_106
		Solid alignment 1 5507 | 6297567 6292061 | 5507 5507 | 99.84 | pa_ill_pa_contig45 contig_106
		Solid alignment 1 68413 | 6297513 6365922 | 68413 68410 | 99.98 | pa_ill_pa_contig27 contig_106
		Solid alignment 1 5713 | 6371578 6365868 | 5713 5711 | 99.91 | pa_ill_pa_contig44 contig_106
		Solid alignment 1 87995 | 6459504 6371524 | 87995 87981 | 99.98 | pa_ill_pa_contig24 contig_106
		Solid alignment 1 1197 | 6459450 6460646 | 1197 1197 | 99.75 | pa_ill_pa_contig67 contig_106
		Solid alignment 1 294591 | 6460592 6755160 | 294591 294569 | 99.98 | pa_ill_pa_contig5 contig_106
		Solid alignment 1 927 | 6755106 6756032 | 927 927 | 99.89 | pa_ill_pa_contig73 contig_106
		Solid alignment 1 35650 | 6755978 6791620 | 35650 35643 | 99.98 | pa_ill_pa_contig37 contig_106
			Skipping alignments located inside solid regions since they are redundant:
		Skipping redundant alignment 2663 2766 | 2860954 2861057 | 104 104 | 91.35 | pa_ill_pa_contig6 contig_106
		Skipping redundant alignment 39244 39312 | 3128670 3128738 | 69 69 | 100.0 | pa_ill_pa_contig17 contig_106
		Skipping redundant alignment 468678 468746 | 3128670 3128738 | 69 69 | 100.0 | pa_ill_pa_contig2 contig_106
		Skipping redundant alignment 39053 39121 | 3128670 3128738 | 69 69 | 100.0 | pa_ill_pa_contig17 contig_106
		Skipping redundant alignment 1 94 | 4558995 4559088 | 94 94 | 100.0 | pa_ill_pa_contig23 contig_106
		Skipping redundant alignment 847590 847683 | 4559088 4558995 | 94 94 | 100.0 | pa_ill_pa_contig1 contig_106
		Skipping redundant alignment 1 97 | 4558995 4559091 | 97 97 | 98.97 | pa_ill_pa_contig24 contig_106
		Skipping redundant alignment 56166 56348 | 6161332 6161514 | 183 183 | 94.54 | pa_ill_pa_contig20 contig_106
			Looking for the best set of alignments (out of 145 total alignments)
		Ambiguity for this contig is not checked for speed up (too much alignments and --ambiguity-usage is "one")
			Skipping redundant alignments after choosing the best set of alignments
		Skipping redundant alignment 590 763 | 1395585 1395412 | 174 174 | 93.1 | pa_ill_pa_contig31 contig_106
		Skipping redundant alignment 1105 1184 | 1395796 1395717 | 80 80 | 92.5 | pa_ill_pa_contig31 contig_106
		Skipping redundant alignment 419 580 | 1395996 1395835 | 162 162 | 91.36 | pa_ill_pa_contig31 contig_106
		Skipping redundant alignment 176 337 | 1395996 1395835 | 162 162 | 91.36 | pa_ill_pa_contig31 contig_106
		Skipping redundant alignment 104 348 | 1396791 1396547 | 245 245 | 91.43 | pa_ill_pa_contig31 contig_106
		Skipping redundant alignment 55696 56158 | 6160862 6161324 | 463 463 | 95.25 | pa_ill_pa_contig20 contig_106
		Skipping redundant alignment 3381 3503 | 1851050 1850928 | 123 123 | 91.87 | pa_ill_pa_contig49 contig_106
		Skipping redundant alignment 1578 1661 | 3939949 3939866 | 84 84 | 90.48 | pa_ill_pa_contig59 contig_106
		Skipping redundant alignment 264591 265097 | 1852305 1852811 | 507 507 | 93.14 | pa_ill_pa_contig7 contig_106
		Skipping redundant alignment 1136 1458 | 3940391 3940069 | 323 323 | 96.28 | pa_ill_pa_contig59 contig_106
		Skipping redundant alignment 264617 265097 | 1856214 1856694 | 481 481 | 92.36 | pa_ill_pa_contig7 contig_106
		Skipping redundant alignment 1 2072 | 4902944 4900873 | 2072 2072 | 99.52 | pa_ill_pa_contig56 contig_106
		Skipping redundant alignment 2820 3940 | 6161488 6160368 | 1121 1121 | 90.51 | pa_ill_pa_contig6 contig_106
		Skipping redundant alignment 401 476 | 5024382 5024457 | 76 76 | 100.0 | pa_ill_pa_contig9 contig_106
		Skipping redundant alignment 947 1065 | 3940580 3940462 | 119 119 | 94.12 | pa_ill_pa_contig59 contig_106
		Skipping redundant alignment 2771 3517 | 2861062 2861808 | 747 747 | 94.65 | pa_ill_pa_contig6 contig_106
		Skipping redundant alignment 1 1235 | 4900399 4899165 | 1235 1235 | 99.92 | pa_ill_pa_contig66 contig_106
		Skipping redundant alignment 710 945 | 3940816 3940581 | 236 236 | 92.37 | pa_ill_pa_contig59 contig_106
		Skipping redundant alignment 99 178 | 5024500 5024579 | 80 80 | 98.75 | pa_ill_pa_contig32 contig_106
		Skipping redundant alignment 1099 1184 | 1395076 1394991 | 86 86 | 91.86 | pa_ill_pa_contig31 contig_106
			The best set is below. Score: 6775406.5, number of alignments: 125, unaligned bases: 11174
		This contig is misassembled.
		This contig is partially unaligned. (Aligned 6780446 out of 6791620 non-N bases (99.84%))
			Real Alignment 1: 46754 47071 | 3 320 | 318 318 | 98.43 | pa_ill_pa_contig35 contig_106
			  Not a misassembly [fragmentation of reference genome] between these two alignments
			Excluding internal overlap of size 55 between Alignment 2 and 3: 1 2207 | 3204 998 | 2207 2207 --> 56 2207 | 3149 998 | 2152 2152
			Real Alignment 2: 56 2207 | 3149 998 | 2152 2152 | 99.82 | pa_ill_pa_contig55 contig_106
			  Indel (> 5bp) between these two alignments: deletion of length 55; 0 mismatches (number of Ns: 0) [fragmentation of reference genome]
			Excluding internal overlap of size 128 between Alignment 3 and 4: 1 1874 | 235562 237435 | 1874 1874 --> 129 1874 | 235690 237435 | 1746 1746
			Real Alignment 3: 1 232544 | 3150 235689 | 232544 232540 | 99.97 | pa_ill_pa_contig10 contig_106
			  Extensive misassembly (translocation) between these two alignments
			Excluding internal overlap of size 156 between Alignment 4 and 5: 129 1874 | 235690 237435 | 1746 1746 --> 129 1718 | 235690 237279 | 1590 1590
			Real Alignment 4: 129 1718 | 235690 237279 | 1590 1590 | 100.0 | pa_ill_pa_contig57 contig_106
			  Extensive misassembly (translocation) between these two alignments
			Excluding internal overlap of size 55 between Alignment 5 and 6: 1235 3722 | 244737 242250 | 2488 2488 --> 1235 3667 | 244737 242305 | 2433 2433
			Real Alignment 5: 232388 237415 | 237280 242304 | 5028 5025 | 99.92 | pa_ill_pa_contig10 contig_106
			  Indel (> 5bp) between these two alignments: deletion of length 55; 0 mismatches (number of Ns: 0) [fragmentation of reference genome]
			Real Alignment 6: 1235 3667 | 244737 242305 | 2433 2433 | 99.56 | pa_ill_pa_contig48 contig_106
			  Gap between these two alignments (local misassembly). Inconsistency = 0
			Excluding internal overlap of size 55 between Alignment 7 and 8: 1 956 | 245917 246871 | 956 955 --> 56 956 | 245972 246871 | 901 900
			Real Alignment 7: 1 1079 | 245971 244893 | 1079 1079 | 99.81 | pa_ill_pa_contig48 contig_106
			  Indel (> 5bp) between these two alignments: deletion of length 55; 0 mismatches (number of Ns: 0) [fragmentation of reference genome]
			Excluding internal overlap of size 55 between Alignment 8 and 9: 56 956 | 245972 246871 | 901 900 --> 56 901 | 245972 246816 | 846 845
			Real Alignment 8: 56 901 | 245972 246816 | 846 845 | 99.9 | pa_ill_pa_contig70 contig_106
			  Indel (> 5bp) between these two alignments: deletion of length 55; 0 mismatches (number of Ns: 0) [fragmentation of reference genome]
			Excluding internal overlap of size 55 between Alignment 9 and 10: 1 3064 | 249880 246817 | 3064 3064 --> 56 3064 | 249825 246817 | 3009 3009
			Real Alignment 9: 56 3064 | 249825 246817 | 3009 3009 | 99.71 | pa_ill_pa_contig51 contig_106
			  Indel (> 5bp) between these two alignments: deletion of length 55; 0 mismatches (number of Ns: 0) [fragmentation of reference genome]
			Excluding internal overlap of size 425 between Alignment 10 and 11: 1 93281 | 460578 367302 | 93281 93277 --> 1 92856 | 460578 367727 | 92856 92852
			Real Alignment 10: 92967 210873 | 367726 249826 | 117907 117901 | 99.97 | pa_ill_pa_contig11 contig_106
			  Gap between these two alignments (local misassembly). Inconsistency = 110
			Excluding internal overlap of size 55 between Alignment 11 and 12: 1 985 | 460524 461508 | 985 985 --> 56 985 | 460579 461508 | 930 930
			Real Alignment 11: 1 92856 | 460578 367727 | 92856 92852 | 99.98 | pa_ill_pa_contig11 contig_106
			  Indel (> 5bp) between these two alignments: deletion of length 55; 0 mismatches (number of Ns: 0) [fragmentation of reference genome]
			Excluding internal overlap of size 55 between Alignment 12 and 13: 56 985 | 460579 461508 | 930 930 --> 56 930 | 460579 461453 | 875 875
			Real Alignment 12: 56 930 | 460579 461453 | 875 875 | 99.49 | pa_ill_pa_contig69 contig_106
			  Indel (> 5bp) between these two alignments: deletion of length 55; 0 mismatches (number of Ns: 0) [fragmentation of reference genome]
			Excluding internal overlap of size 55 between Alignment 13 and 14: 1 5713 | 510366 516078 | 5713 5713 --> 56 5713 | 510421 516078 | 5658 5658
			Real Alignment 13: 1 48969 | 461454 510420 | 48969 48967 | 99.98 | pa_ill_pa_contig34 contig_106
			  Indel (> 5bp) between these two alignments: deletion of length 55; 0 mismatches (number of Ns: 0) [fragmentation of reference genome]
			Excluding internal overlap of size 55 between Alignment 14 and 15: 56 5713 | 510421 516078 | 5658 5658 --> 56 5658 | 510421 516023 | 5603 5603
			Real Alignment 14: 56 5658 | 510421 516023 | 5603 5603 | 99.93 | pa_ill_pa_contig44 contig_106
			  Indel (> 5bp) between these two alignments: deletion of length 55; 0 mismatches (number of Ns: 0) [fragmentation of reference genome]
			Real Alignment 15: 1 106324 | 622339 516024 | 106324 106316 | 99.99 | pa_ill_pa_contig22 contig_106
			  Not a misassembly [fragmentation of reference genome] between these two alignments
			Excluding internal overlap of size 55 between Alignment 16 and 17: 1 1197 | 712803 713999 | 1197 1197 --> 56 1197 | 712858 713999 | 1142 1142
			Real Alignment 16: 1 90153 | 712857 622715 | 90153 90143 | 99.98 | pa_ill_pa_contig23 contig_106
			  Indel (> 5bp) between these two alignments: deletion of length 55; 0 mismatches (number of Ns: 0) [fragmentation of reference genome]
			Excluding internal overlap of size 55 between Alignment 17 and 18: 56 1197 | 712858 713999 | 1142 1142 --> 56 1142 | 712858 713944 | 1087 1087
			Real Alignment 17: 56 1142 | 712858 713944 | 1087 1087 | 99.83 | pa_ill_pa_contig67 contig_106
			  Indel (> 5bp) between these two alignments: deletion of length 55; 0 mismatches (number of Ns: 0) [fragmentation of reference genome]
			Excluding internal overlap of size 55 between Alignment 18 and 19: 1 2514 | 1179524 1182037 | 2514 2514 --> 56 2514 | 1179579 1182037 | 2459 2459
			Real Alignment 18: 1 465790 | 713945 1179578 | 465790 465634 | 99.96 | pa_ill_pa_contig3 contig_106
			  Indel (> 5bp) between these two alignments: deletion of length 55; 0 mismatches (number of Ns: 0) [fragmentation of reference genome]
			Excluding internal overlap of size 55 between Alignment 19 and 20: 1 561 | 1182543 1181983 | 561 561 --> 1 506 | 1182543 1182038 | 506 506
			Real Alignment 19: 56 2514 | 1179579 1182037 | 2459 2459 | 99.68 | pa_ill_pa_contig54 contig_106
			  Indel (> 5bp) between these two alignments: deletion of length 55; 0 mismatches (number of Ns: 0) [fragmentation of reference genome]
			Excluding internal overlap of size 55 between Alignment 20 and 21: 1 506 | 1182543 1182038 | 506 506 --> 56 506 | 1182488 1182038 | 451 451
			Real Alignment 20: 56 506 | 1182488 1182038 | 451 451 | 100.0 | pa_ill_pa_contig83 contig_106
			  Indel (> 5bp) between these two alignments: deletion of length 55; 0 mismatches (number of Ns: 0) [fragmentation of reference genome]
			Real Alignment 21: 1 868 | 1182489 1183356 | 868 868 | 99.54 | pa_ill_pa_contig74 contig_106
			  Not a misassembly [fragmentation of reference genome] between these two alignments
			Excluding internal overlap of size 55 between Alignment 22 and 23: 1 5713 | 1303099 1308811 | 5713 5713 --> 56 5713 | 1303154 1308811 | 5658 5658
			Real Alignment 22: 1 119004 | 1184160 1303153 | 119004 118994 | 99.98 | pa_ill_pa_contig18 contig_106
			  Indel (> 5bp) between these two alignments: deletion of length 55; 0 mismatches (number of Ns: 0) [fragmentation of reference genome]
			Excluding internal overlap of size 55 between Alignment 23 and 24: 1 1339 | 1308757 1310095 | 1339 1339 --> 56 1339 | 1308812 1310095 | 1284 1284
			Real Alignment 23: 56 5713 | 1303154 1308811 | 5658 5658 | 100.0 | pa_ill_pa_contig44 contig_106
			  Indel (> 5bp) between these two alignments: deletion of length 55; 0 mismatches (number of Ns: 0) [fragmentation of reference genome]
			Excluding internal overlap of size 446 between Alignment 24 and 25: 56 1339 | 1308812 1310095 | 1284 1284 --> 56 893 | 1308812 1309649 | 838 838
			Real Alignment 24: 56 893 | 1308812 1309649 | 838 838 | 100.0 | pa_ill_pa_contig63 contig_106
			  Extensive misassembly (translocation) between these two alignments
			Excluding internal overlap of size 55 between Alignment 25 and 26: 1 1405 | 1311054 1309650 | 1405 1405 --> 56 1405 | 1310999 1309650 | 1350 1350
			Real Alignment 25: 56 1405 | 1310999 1309650 | 1350 1350 | 90.74 | pa_ill_pa_contig12 contig_106
			  Indel (> 5bp) between these two alignments: deletion of length 55; 0 mismatches (number of Ns: 0) [fragmentation of reference genome]
			Excluding internal overlap of size 55 between Alignment 26 and 27: 1 1492 | 1311000 1312491 | 1492 1492 --> 1 1437 | 1311000 1312436 | 1437 1437
			Real Alignment 26: 1 1437 | 1311000 1312436 | 1437 1437 | 100.0 | pa_ill_pa_contig61 contig_106
			  Indel (> 5bp) between these two alignments: deletion of length 55; 0 mismatches (number of Ns: 0) [fragmentation of reference genome]
			Real Alignment 27: 1 21904 | 1312437 1334339 | 21904 21903 | 100.0 | pa_ill_pa_contig41 contig_106
			  Not a misassembly [fragmentation of reference genome] between these two alignments
			Excluding internal overlap of size 55 between Alignment 28 and 29: 1 561 | 1335813 1336373 | 561 561 --> 56 561 | 1335868 1336373 | 506 506
			Real Alignment 28: 1 868 | 1335867 1334994 | 868 874 | 98.4 | pa_ill_pa_contig74 contig_106
			  Indel (> 5bp) between these two alignments: deletion of length 55; 0 mismatches (number of Ns: 0) [fragmentation of reference genome]
			Excluding internal overlap of size 55 between Alignment 29 and 30: 56 561 | 1335868 1336373 | 506 506 --> 56 506 | 1335868 1336318 | 451 451
			Real Alignment 29: 56 506 | 1335868 1336318 | 451 451 | 95.37 | pa_ill_pa_contig83 contig_106
			  Indel (> 5bp) between these two alignments: deletion of length 55; 0 mismatches (number of Ns: 0) [fragmentation of reference genome]
			Excluding internal overlap of size 55 between Alignment 30 and 31: 1 2514 | 1338832 1336319 | 2514 2514 --> 56 2514 | 1338777 1336319 | 2459 2459
			Real Alignment 30: 56 2514 | 1338777 1336319 | 2459 2459 | 99.72 | pa_ill_pa_contig54 contig_106
			  Indel (> 5bp) between these two alignments: deletion of length 55; 0 mismatches (number of Ns: 0) [fragmentation of reference genome]
			Real Alignment 31: 132 56432 | 1395074 1338778 | 56301 56297 | 99.93 | pa_ill_pa_contig31 contig_106
			  Gap between these two alignments (local misassembly). Inconsistency = -483
			Real Alignment 32: 3 591 | 1395686 1395098 | 589 589 | 94.06 | pa_ill_pa_contig31 contig_106
			  Gap between these two alignments (local misassembly). Inconsistency = 2 [fragmentation of reference genome]
			Excluding internal overlap of size 10 between Alignment 33 and 34: 1 493 | 1396661 1397153 | 493 493 --> 1 483 | 1396661 1397143 | 483 483
			Real Alignment 33: 1 483 | 1396661 1397143 | 483 483 | 97.57 | pa_ill_pa_contig14 contig_106
			  Overlap between these two alignments (local misassembly). Inconsistency = -483
			Real Alignment 34: 1 187635 | 1397144 1584763 | 187635 187620 | 99.98 | pa_ill_pa_contig14 contig_106
			  Not a misassembly [fragmentation of reference genome] between these two alignments
			Real Alignment 35: 1 123 | 1584810 1584932 | 123 123 | 99.19 | pa_ill_pa_contig7 contig_106
			  Gap between these two alignments (local misassembly). Inconsistency = -342
			Real Alignment 36: 1 77 | 1585152 1585228 | 77 77 | 98.7 | pa_ill_pa_contig7 contig_106
			  Gap between these two alignments (local misassembly). Inconsistency = -456
			Real Alignment 37: 1 265097 | 1585608 1850685 | 265097 265078 | 99.98 | pa_ill_pa_contig7 contig_106
			  Not a misassembly [fragmentation of reference genome] between these two alignments
			Real Alignment 38: 1 1538 | 1851136 1852673 | 1538 1538 | 100.0 | pa_ill_pa_contig60 contig_106
			  Not a misassembly [fragmentation of reference genome] between these two alignments
			Real Alignment 39: 1 3511 | 1856556 1853046 | 3511 3511 | 100.0 | pa_ill_pa_contig49 contig_106
			  Not a misassembly [fragmentation of reference genome] between these two alignments
			Excluding internal overlap of size 55 between Alignment 40 and 41: 1 5713 | 1895233 1900945 | 5713 5713 --> 56 5713 | 1895288 1900945 | 5658 5658
			Real Alignment 40: 1 38146 | 1857145 1895287 | 38146 38143 | 99.99 | pa_ill_pa_contig36 contig_106
			  Indel (> 5bp) between these two alignments: deletion of length 55; 0 mismatches (number of Ns: 0) [fragmentation of reference genome]
			Excluding internal overlap of size 55 between Alignment 41 and 42: 56 5713 | 1895288 1900945 | 5658 5658 --> 56 5658 | 1895288 1900890 | 5603 5603
			Real Alignment 41: 56 5658 | 1895288 1900890 | 5603 5603 | 99.95 | pa_ill_pa_contig44 contig_106
			  Indel (> 5bp) between these two alignments: deletion of length 55; 0 mismatches (number of Ns: 0) [fragmentation of reference genome]
			Excluding internal overlap of size 55 between Alignment 42 and 43: 1 1197 | 1963745 1962549 | 1197 1197 --> 1 1142 | 1963745 1962604 | 1142 1142
			Real Alignment 42: 1 61716 | 1900891 1962603 | 61716 61713 | 99.98 | pa_ill_pa_contig29 contig_106
			  Indel (> 5bp) between these two alignments: deletion of length 55; 0 mismatches (number of Ns: 0) [fragmentation of reference genome]
			Excluding internal overlap of size 55 between Alignment 43 and 44: 1 1142 | 1963745 1962604 | 1142 1142 --> 56 1142 | 1963690 1962604 | 1087 1087
			Real Alignment 43: 56 1142 | 1963690 1962604 | 1087 1087 | 99.08 | pa_ill_pa_contig67 contig_106
			  Indel (> 5bp) between these two alignments: deletion of length 55; 0 mismatches (number of Ns: 0) [fragmentation of reference genome]
			Excluding internal overlap of size 55 between Alignment 44 and 45: 1 2207 | 2811254 2813460 | 2207 2207 --> 56 2207 | 2811309 2813460 | 2152 2152
			Real Alignment 44: 1 847683 | 2811308 1963691 | 847683 847618 | 99.98 | pa_ill_pa_contig1 contig_106
			  Indel (> 5bp) between these two alignments: deletion of length 55; 0 mismatches (number of Ns: 0) [fragmentation of reference genome]
			Real Alignment 45: 56 2207 | 2811309 2813460 | 2152 2152 | 99.5 | pa_ill_pa_contig55 contig_106
			  Not a misassembly [fragmentation of reference genome] between these two alignments
			Real Alignment 46: 1 47071 | 2861207 2814138 | 47071 47070 | 99.99 | pa_ill_pa_contig35 contig_106
			  Not a misassembly [fragmentation of reference genome] between these two alignments
			Excluding internal overlap of size 41 between Alignment 47 and 48: 1 111253 | 3239932 3128684 | 111253 111249 --> 1 111212 | 3239932 3128725 | 111212 111208
			Real Alignment 47: 1 266935 | 2861817 3128724 | 266935 266908 | 99.98 | pa_ill_pa_contig6 contig_106
			  Indel (> 5bp) between these two alignments: deletion of length 41; 0 mismatches (number of Ns: 0) [fragmentation of reference genome]
			Excluding internal overlap of size 55 between Alignment 48 and 49: 1 5507 | 3245384 3239878 | 5507 5507 --> 1 5452 | 3245384 3239933 | 5452 5452
			Real Alignment 48: 1 111212 | 3239932 3128725 | 111212 111208 | 99.98 | pa_ill_pa_contig20 contig_106
			  Indel (> 5bp) between these two alignments: deletion of length 55; 0 mismatches (number of Ns: 0) [fragmentation of reference genome]
			Excluding internal overlap of size 55 between Alignment 49 and 50: 1 5452 | 3245384 3239933 | 5452 5452 --> 56 5452 | 3245329 3239933 | 5397 5397
			Real Alignment 49: 56 5452 | 3245329 3239933 | 5397 5397 | 99.46 | pa_ill_pa_contig45 contig_106
			  Indel (> 5bp) between these two alignments: deletion of length 55; 0 mismatches (number of Ns: 0) [fragmentation of reference genome]
			Excluding internal overlap of size 55 between Alignment 50 and 51: 1 602 | 3363966 3364567 | 602 602 --> 56 602 | 3364021 3364567 | 547 547
			Real Alignment 50: 1 118702 | 3245330 3364020 | 118702 118691 | 99.98 | pa_ill_pa_contig19 contig_106
			  Indel (> 5bp) between these two alignments: deletion of length 55; 0 mismatches (number of Ns: 0) [fragmentation of reference genome]
			Excluding internal overlap of size 55 between Alignment 51 and 52: 56 602 | 3364021 3364567 | 547 547 --> 56 547 | 3364021 3364512 | 492 492
			Real Alignment 51: 56 547 | 3364021 3364512 | 492 492 | 99.34 | pa_ill_pa_contig80 contig_106
			  Indel (> 5bp) between these two alignments: deletion of length 55; 0 mismatches (number of Ns: 0) [fragmentation of reference genome]
			Excluding internal overlap of size 55 between Alignment 52 and 53: 1 944 | 3366638 3365695 | 944 944 --> 1 889 | 3366638 3365750 | 889 889
			Real Alignment 52: 1 1237 | 3365749 3364513 | 1237 1237 | 99.68 | pa_ill_pa_contig65 contig_106
			  Indel (> 5bp) between these two alignments: deletion of length 55; 0 mismatches (number of Ns: 0) [fragmentation of reference genome]
			Excluding internal overlap of size 55 between Alignment 53 and 54: 1 838 | 3366584 3367421 | 838 838 --> 56 838 | 3366639 3367421 | 783 783
			Real Alignment 53: 1 889 | 3366638 3365750 | 889 889 | 98.83 | pa_ill_pa_contig71 contig_106
			  Indel (> 5bp) between these two alignments: deletion of length 55; 0 mismatches (number of Ns: 0) [fragmentation of reference genome]
			Excluding internal overlap of size 136 between Alignment 54 and 55: 56 838 | 3366639 3367421 | 783 783 --> 56 702 | 3366639 3367285 | 647 647
			Real Alignment 54: 56 702 | 3366639 3367285 | 647 647 | 99.05 | pa_ill_pa_contig8 contig_106
			  Extensive misassembly (translocation) between these two alignments
			Excluding internal overlap of size 55 between Alignment 55 and 56: 1 1468 | 3391221 3392688 | 1468 1468 --> 56 1468 | 3391276 3392688 | 1413 1413
			Real Alignment 55: 1 23992 | 3367286 3391275 | 23992 23990 | 99.99 | pa_ill_pa_contig40 contig_106
			  Indel (> 5bp) between these two alignments: deletion of length 55; 0 mismatches (number of Ns: 0) [fragmentation of reference genome]
			Excluding internal overlap of size 55 between Alignment 56 and 57: 56 1468 | 3391276 3392688 | 1413 1413 --> 56 1413 | 3391276 3392633 | 1358 1358
			Real Alignment 56: 56 1413 | 3391276 3392633 | 1358 1358 | 99.93 | pa_ill_pa_contig62 contig_106
			  Indel (> 5bp) between these two alignments: deletion of length 55; 0 mismatches (number of Ns: 0) [fragmentation of reference genome]
			Excluding internal overlap of size 55 between Alignment 57 and 58: 1 927 | 3449257 3450183 | 927 927 --> 56 927 | 3449312 3450183 | 872 872
			Real Alignment 57: 1 56682 | 3392634 3449311 | 56682 56678 | 99.99 | pa_ill_pa_contig30 contig_106
			  Indel (> 5bp) between these two alignments: deletion of length 55; 0 mismatches (number of Ns: 0) [fragmentation of reference genome]
			Excluding internal overlap of size 55 between Alignment 58 and 59: 56 927 | 3449312 3450183 | 872 872 --> 56 872 | 3449312 3450128 | 817 817
			Real Alignment 58: 56 872 | 3449312 3450128 | 817 817 | 97.63 | pa_ill_pa_contig73 contig_106
			  Indel (> 5bp) between these two alignments: deletion of length 55; 0 mismatches (number of Ns: 0) [fragmentation of reference genome]
			Excluding internal overlap of size 55 between Alignment 59 and 60: 1 1492 | 3654927 3656418 | 1492 1492 --> 56 1492 | 3654982 3656418 | 1437 1437
			Real Alignment 59: 1 204999 | 3654981 3450129 | 204999 204853 | 99.92 | pa_ill_pa_contig12 contig_106
			  Indel (> 5bp) between these two alignments: deletion of length 55; 0 mismatches (number of Ns: 0) [fragmentation of reference genome]
			Excluding internal overlap of size 55 between Alignment 60 and 61: 56 1492 | 3654982 3656418 | 1437 1437 --> 56 1437 | 3654982 3656363 | 1382 1382
			Real Alignment 60: 56 1437 | 3654982 3656363 | 1382 1382 | 99.87 | pa_ill_pa_contig61 contig_106
			  Indel (> 5bp) between these two alignments: deletion of length 55; 0 mismatches (number of Ns: 0) [fragmentation of reference genome]
			Excluding internal overlap of size 55 between Alignment 61 and 62: 1 1258 | 3764349 3763092 | 1258 1258 --> 1 1203 | 3764349 3763147 | 1203 1203
			Real Alignment 61: 1 106796 | 3656364 3763146 | 106796 106783 | 99.98 | pa_ill_pa_contig21 contig_106
			  Indel (> 5bp) between these two alignments: deletion of length 55; 0 mismatches (number of Ns: 0) [fragmentation of reference genome]
			Excluding internal overlap of size 55 between Alignment 62 and 63: 1 1203 | 3764349 3763147 | 1203 1203 --> 56 1203 | 3764294 3763147 | 1148 1148
			Real Alignment 62: 56 1203 | 3764294 3763147 | 1148 1148 | 99.52 | pa_ill_pa_contig64 contig_106
			  Indel (> 5bp) between these two alignments: deletion of length 55; 0 mismatches (number of Ns: 0) [fragmentation of reference genome]
			Excluding internal overlap of size 381 between Alignment 63 and 64: 1 34671 | 3764295 3798996 | 34671 34702 --> 1 34328 | 3764295 3798615 | 34328 34321
			Real Alignment 63: 1 34328 | 3764295 3798615 | 34328 34321 | 99.84 | pa_ill_pa_contig15 contig_106
			  Overlap between these two alignments (local misassembly). Inconsistency = -93
			Excluding internal overlap of size 55 between Alignment 64 and 65: 1 690 | 3938088 3938777 | 690 690 --> 56 690 | 3938143 3938777 | 635 635
			Real Alignment 64: 34236 173697 | 3798616 3938142 | 139462 139527 | 99.93 | pa_ill_pa_contig15 contig_106
			  Indel (> 5bp) between these two alignments: deletion of length 55; 0 mismatches (number of Ns: 0) [fragmentation of reference genome]
			Real Alignment 65: 56 690 | 3938143 3938777 | 635 635 | 100.0 | pa_ill_pa_contig76 contig_106
			  Not a misassembly [fragmentation of reference genome] between these two alignments
			Real Alignment 66: 1 1028 | 3939920 3938893 | 1028 1028 | 99.81 | pa_ill_pa_contig68 contig_106
			  Not a misassembly [fragmentation of reference genome] between these two alignments
			Excluding internal overlap of size 55 between Alignment 67 and 68: 1 647 | 3940678 3941323 | 647 646 --> 1 592 | 3940678 3941268 | 592 591
			Real Alignment 67: 1 592 | 3940678 3941268 | 592 591 | 99.85 | pa_ill_pa_contig77 contig_106
			  Indel (> 5bp) between these two alignments: deletion of length 55; 0 mismatches (number of Ns: 0) [fragmentation of reference genome]
			Real Alignment 68: 1 690 | 3941269 3941958 | 690 690 | 99.86 | pa_ill_pa_contig76 contig_106
			  Not a misassembly [fragmentation of reference genome] between these two alignments
			Excluding internal overlap of size 55 between Alignment 69 and 70: 1 1028 | 3943101 3942074 | 1028 1028 --> 56 1028 | 3943046 3942074 | 973 973
			Real Alignment 69: 56 1028 | 3943046 3942074 | 973 973 | 99.51 | pa_ill_pa_contig68 contig_106
			  Indel (> 5bp) between these two alignments: deletion of length 55; 0 mismatches (number of Ns: 0) [fragmentation of reference genome]
			Excluding internal overlap of size 55 between Alignment 70 and 71: 1 1661 | 3944707 3943047 | 1661 1661 --> 56 1661 | 3944652 3943047 | 1606 1606
			Real Alignment 70: 56 1661 | 3944652 3943047 | 1606 1606 | 100.0 | pa_ill_pa_contig59 contig_106
			  Indel (> 5bp) between these two alignments: deletion of length 55; 0 mismatches (number of Ns: 0) [fragmentation of reference genome]
			Excluding internal overlap of size 55 between Alignment 71 and 72: 1 1682 | 3944653 3946334 | 1682 1682 --> 1 1627 | 3944653 3946279 | 1627 1627
			Real Alignment 71: 1 1627 | 3944653 3946279 | 1627 1627 | 99.52 | pa_ill_pa_contig58 contig_106
			  Indel (> 5bp) between these two alignments: deletion of length 55; 0 mismatches (number of Ns: 0) [fragmentation of reference genome]
			Excluding internal overlap of size 55 between Alignment 72 and 73: 1 1682 | 3951193 3952873 | 1682 1681 --> 56 1682 | 3951248 3952873 | 1627 1626
			Real Alignment 72: 1 4971 | 3946280 3951247 | 4971 4968 | 99.94 | pa_ill_pa_contig46 contig_106
			  Indel (> 5bp) between these two alignments: deletion of length 55; 0 mismatches (number of Ns: 0) [fragmentation of reference genome]
			Excluding internal overlap of size 55 between Alignment 73 and 74: 56 1682 | 3951248 3952873 | 1627 1626 --> 56 1627 | 3951248 3952818 | 1572 1571
			Real Alignment 73: 56 1627 | 3951248 3952818 | 1572 1571 | 99.7 | pa_ill_pa_contig58 contig_106
			  Indel (> 5bp) between these two alignments: deletion of length 55; 0 mismatches (number of Ns: 0) [fragmentation of reference genome]
			Excluding internal overlap of size 55 between Alignment 74 and 75: 1 799 | 3956002 3956799 | 799 798 --> 56 799 | 3956057 3956799 | 744 743
			Real Alignment 74: 1 3238 | 3952819 3956056 | 3238 3238 | 100.0 | pa_ill_pa_contig50 contig_106
			  Indel (> 5bp) between these two alignments: deletion of length 55; 0 mismatches (number of Ns: 0) [fragmentation of reference genome]
			Real Alignment 75: 56 799 | 3956057 3956799 | 744 743 | 99.0 | pa_ill_pa_contig75 contig_106
			  Not a misassembly [fragmentation of reference genome] between these two alignments
			Excluding internal overlap of size 55 between Alignment 76 and 77: 1 799 | 3963580 3964378 | 799 799 --> 56 799 | 3963635 3964378 | 744 744
			Real Alignment 76: 1 6148 | 3963634 3957489 | 6148 6146 | 99.97 | pa_ill_pa_contig43 contig_106
			  Indel (> 5bp) between these two alignments: deletion of length 55; 0 mismatches (number of Ns: 0) [fragmentation of reference genome]
			Real Alignment 77: 56 799 | 3963635 3964378 | 744 744 | 98.62 | pa_ill_pa_contig75 contig_106
			  Not a misassembly [fragmentation of reference genome] between these two alignments
			Excluding internal overlap of size 55 between Alignment 78 and 79: 1 985 | 4033338 4034322 | 985 985 --> 56 985 | 4033393 4034322 | 930 930
			Real Alignment 78: 1 68331 | 3965068 4033392 | 68331 68325 | 99.99 | pa_ill_pa_contig28 contig_106
			  Indel (> 5bp) between these two alignments: deletion of length 55; 0 mismatches (number of Ns: 0) [fragmentation of reference genome]
			Excluding internal overlap of size 55 between Alignment 79 and 80: 56 985 | 4033393 4034322 | 930 930 --> 56 930 | 4033393 4034267 | 875 875
			Real Alignment 79: 56 930 | 4033393 4034267 | 875 875 | 98.48 | pa_ill_pa_contig69 contig_106
			  Indel (> 5bp) between these two alignments: deletion of length 55; 0 mismatches (number of Ns: 0) [fragmentation of reference genome]
			Excluding internal overlap of size 55 between Alignment 80 and 81: 1235 3722 | 4067465 4064977 | 2488 2489 --> 1235 3667 | 4067465 4065032 | 2433 2434
			Real Alignment 80: 1 30768 | 4065031 4034268 | 30768 30764 | 99.96 | pa_ill_pa_contig38 contig_106
			  Indel (> 5bp) between these two alignments: deletion of length 55; 0 mismatches (number of Ns: 0) [fragmentation of reference genome]
			Real Alignment 81: 1235 3667 | 4067465 4065032 | 2433 2434 | 99.36 | pa_ill_pa_contig48 contig_106
			  Gap between these two alignments (local misassembly). Inconsistency = 0
			Excluding internal overlap of size 55 between Alignment 82 and 83: 1 1079 | 4068699 4067621 | 1079 1079 --> 56 1079 | 4068644 4067621 | 1024 1024
			Real Alignment 82: 56 1079 | 4068644 4067621 | 1024 1024 | 99.54 | pa_ill_pa_contig48 contig_106
			  Indel (> 5bp) between these two alignments: deletion of length 55; 0 mismatches (number of Ns: 0) [fragmentation of reference genome]
			Excluding internal overlap of size 55 between Alignment 83 and 84: 1 3064 | 4078237 4075175 | 3064 3063 --> 1 3009 | 4078237 4075230 | 3009 3008
			Real Alignment 83: 1 6590 | 4068645 4075229 | 6590 6585 | 99.76 | pa_ill_pa_contig42 contig_106
			  Indel (> 5bp) between these two alignments: deletion of length 55; 0 mismatches (number of Ns: 0) [fragmentation of reference genome]
			Excluding internal overlap of size 55 between Alignment 84 and 85: 1 3009 | 4078237 4075230 | 3009 3008 --> 56 3009 | 4078182 4075230 | 2954 2953
			Real Alignment 84: 56 3009 | 4078182 4075230 | 2954 2953 | 99.25 | pa_ill_pa_contig51 contig_106
			  Indel (> 5bp) between these two alignments: deletion of length 55; 0 mismatches (number of Ns: 0) [fragmentation of reference genome]
			Excluding internal overlap of size 55 between Alignment 85 and 86: 1 603 | 4105523 4104921 | 603 603 --> 1 548 | 4105523 4104976 | 548 548
			Real Alignment 85: 1 26794 | 4078183 4104975 | 26794 26793 | 99.99 | pa_ill_pa_contig39 contig_106
			  Indel (> 5bp) between these two alignments: deletion of length 55; 0 mismatches (number of Ns: 0) [fragmentation of reference genome]
			Excluding internal overlap of size 55 between Alignment 86 and 87: 1 548 | 4105523 4104976 | 548 548 --> 56 548 | 4105468 4104976 | 493 493
			Real Alignment 86: 56 548 | 4105468 4104976 | 493 493 | 100.0 | pa_ill_pa_contig79 contig_106
			  Indel (> 5bp) between these two alignments: deletion of length 55; 0 mismatches (number of Ns: 0) [fragmentation of reference genome]
			Excluding internal overlap of size 55 between Alignment 87 and 88: 1 944 | 4363972 4364914 | 944 943 --> 56 944 | 4364027 4364914 | 889 888
			Real Alignment 87: 1 258570 | 4364026 4105469 | 258570 258558 | 99.98 | pa_ill_pa_contig8 contig_106
			  Indel (> 5bp) between these two alignments: deletion of length 55; 0 mismatches (number of Ns: 0) [fragmentation of reference genome]
			Excluding internal overlap of size 55 between Alignment 88 and 89: 56 944 | 4364027 4364914 | 889 888 --> 56 889 | 4364027 4364859 | 834 833
			Real Alignment 88: 56 889 | 4364027 4364859 | 834 833 | 99.26 | pa_ill_pa_contig71 contig_106
			  Indel (> 5bp) between these two alignments: deletion of length 55; 0 mismatches (number of Ns: 0) [fragmentation of reference genome]
			Excluding internal overlap of size 55 between Alignment 89 and 90: 1 602 | 4366643 4366042 | 602 602 --> 1 547 | 4366643 4366097 | 547 547
			Real Alignment 89: 1 1237 | 4364860 4366096 | 1237 1237 | 95.64 | pa_ill_pa_contig65 contig_106
			  Indel (> 5bp) between these two alignments: deletion of length 55; 0 mismatches (number of Ns: 0) [fragmentation of reference genome]
			Excluding internal overlap of size 55 between Alignment 90 and 91: 1 547 | 4366643 4366097 | 547 547 --> 56 547 | 4366588 4366097 | 492 492
			Real Alignment 90: 56 547 | 4366588 4366097 | 492 492 | 99.17 | pa_ill_pa_contig80 contig_106
			  Indel (> 5bp) between these two alignments: deletion of length 55; 0 mismatches (number of Ns: 0) [fragmentation of reference genome]
			Excluding internal overlap of size 55 between Alignment 91 and 92: 1 1197 | 4559049 4557853 | 1197 1197 --> 1 1142 | 4559049 4557908 | 1142 1142
			Real Alignment 91: 1 191344 | 4366589 4557907 | 191344 191319 | 99.98 | pa_ill_pa_contig13 contig_106
			  Indel (> 5bp) between these two alignments: deletion of length 55; 0 mismatches (number of Ns: 0) [fragmentation of reference genome]
			Excluding internal overlap of size 16 between Alignment 92 and 93: 1 1142 | 4559049 4557908 | 1142 1142 --> 17 1142 | 4559033 4557908 | 1126 1126
			Real Alignment 92: 17 1142 | 4559033 4557908 | 1126 1126 | 99.83 | pa_ill_pa_contig67 contig_106
			  Indel (> 5bp) between these two alignments: deletion of length 16; 0 mismatches (number of Ns: 0) [fragmentation of reference genome]
			Excluding internal overlap of size 55 between Alignment 93 and 94: 1 86455 | 4559034 4645472 | 86455 86439 --> 1 86400 | 4559034 4645417 | 86400 86384
			Real Alignment 93: 1 86400 | 4559034 4645417 | 86400 86384 | 99.97 | pa_ill_pa_contig25 contig_106
			  Extensive misassembly (translocation) between these two alignments
			Real Alignment 94: 161 249467 | 4645418 4894701 | 249307 249284 | 99.99 | pa_ill_pa_contig9 contig_106
			  Not a misassembly [fragmentation of reference genome] between these two alignments
			Real Alignment 95: 1 2531 | 4897596 4895066 | 2531 2531 | 99.84 | pa_ill_pa_contig53 contig_106
			  Not a misassembly [fragmentation of reference genome] between these two alignments
			Excluding internal overlap of size 55 between Alignment 96 and 97: 1 623 | 4899219 4898597 | 623 623 --> 1 568 | 4899219 4898652 | 568 568
			Real Alignment 96: 1 929 | 4898651 4897724 | 929 928 | 99.25 | pa_ill_pa_contig72 contig_106
			  Indel (> 5bp) between these two alignments: deletion of length 55; 0 mismatches (number of Ns: 0) [fragmentation of reference genome]
			Excluding internal overlap of size 55 between Alignment 97 and 98: 1 568 | 4899219 4898652 | 568 568 --> 56 568 | 4899164 4898652 | 513 513
			Real Alignment 97: 56 568 | 4899164 4898652 | 513 513 | 97.75 | pa_ill_pa_contig78 contig_106
			  Indel (> 5bp) between these two alignments: deletion of length 55; 0 mismatches (number of Ns: 0) [fragmentation of reference genome]
			Excluding internal overlap of size 55 between Alignment 98 and 99: 1 539 | 4903428 4902890 | 539 539 --> 1 484 | 4903428 4902945 | 484 484
			Real Alignment 98: 1 3774 | 4899165 4902944 | 3774 3780 | 90.15 | pa_ill_pa_contig47 contig_106
			  Indel (> 5bp) between these two alignments: deletion of length 55; 0 mismatches (number of Ns: 0) [fragmentation of reference genome]
			Excluding internal overlap of size 55 between Alignment 99 and 100: 1 484 | 4903428 4902945 | 484 484 --> 56 484 | 4903373 4902945 | 429 429
			Real Alignment 99: 56 484 | 4903373 4902945 | 429 429 | 98.33 | pa_ill_pa_contig84 contig_106
			  Indel (> 5bp) between these two alignments: deletion of length 55; 0 mismatches (number of Ns: 0) [fragmentation of reference genome]
			Real Alignment 100: 1 121067 | 5024433 4903374 | 121067 121060 | 99.99 | pa_ill_pa_contig17 contig_106
			  Not a misassembly [fragmentation of reference genome] between these two alignments
			Excluding internal overlap of size 55 between Alignment 101 and 102: 1 1258 | 5081901 5080644 | 1258 1258 --> 1 1203 | 5081901 5080699 | 1203 1203
			Real Alignment 101: 1 56007 | 5024695 5080698 | 56007 56004 | 99.98 | pa_ill_pa_contig32 contig_106
			  Indel (> 5bp) between these two alignments: deletion of length 55; 0 mismatches (number of Ns: 0) [fragmentation of reference genome]
			Excluding internal overlap of size 55 between Alignment 102 and 103: 1 1203 | 5081901 5080699 | 1203 1203 --> 56 1203 | 5081846 5080699 | 1148 1148
			Real Alignment 102: 56 1203 | 5081846 5080699 | 1148 1148 | 99.84 | pa_ill_pa_contig64 contig_106
			  Indel (> 5bp) between these two alignments: deletion of length 55; 0 mismatches (number of Ns: 0) [fragmentation of reference genome]
			Excluding internal overlap of size 303 between Alignment 103 and 104: 1 247386 | 5624027 5376679 | 247386 247349 --> 1 247083 | 5624027 5376982 | 247083 247046
			Real Alignment 103: 247199 542364 | 5376981 5081847 | 295166 295135 | 99.98 | pa_ill_pa_contig2 contig_106
			  Gap between these two alignments (local misassembly). Inconsistency = 115
			Excluding internal overlap of size 55 between Alignment 104 and 105: 1 539 | 5623973 5624511 | 539 539 --> 56 539 | 5624028 5624511 | 484 484
			Real Alignment 104: 1 247083 | 5624027 5376982 | 247083 247046 | 99.98 | pa_ill_pa_contig2 contig_106
			  Indel (> 5bp) between these two alignments: deletion of length 55; 0 mismatches (number of Ns: 0) [fragmentation of reference genome]
			Excluding internal overlap of size 55 between Alignment 105 and 106: 56 539 | 5624028 5624511 | 484 484 --> 56 484 | 5624028 5624456 | 429 429
			Real Alignment 105: 56 484 | 5624028 5624456 | 429 429 | 98.52 | pa_ill_pa_contig84 contig_106
			  Indel (> 5bp) between these two alignments: deletion of length 55; 0 mismatches (number of Ns: 0) [fragmentation of reference genome]
			Excluding internal overlap of size 55 between Alignment 106 and 107: 1 623 | 5628176 5628798 | 623 623 --> 56 623 | 5628231 5628798 | 568 568
			Real Alignment 106: 1 3774 | 5628230 5624457 | 3774 3774 | 100.0 | pa_ill_pa_contig47 contig_106
			  Indel (> 5bp) between these two alignments: deletion of length 55; 0 mismatches (number of Ns: 0) [fragmentation of reference genome]
			Excluding internal overlap of size 55 between Alignment 107 and 108: 56 623 | 5628231 5628798 | 568 568 --> 56 568 | 5628231 5628743 | 513 513
			Real Alignment 107: 56 568 | 5628231 5628743 | 513 513 | 100.0 | pa_ill_pa_contig78 contig_106
			  Indel (> 5bp) between these two alignments: deletion of length 55; 0 mismatches (number of Ns: 0) [fragmentation of reference genome]
			Real Alignment 108: 1 929 | 5628744 5629673 | 929 930 | 98.39 | pa_ill_pa_contig72 contig_106
			  Not a misassembly [fragmentation of reference genome] between these two alignments
			Real Alignment 109: 1 2549 | 5629801 5632349 | 2549 2549 | 100.0 | pa_ill_pa_contig52 contig_106
			  Not a misassembly [fragmentation of reference genome] between these two alignments
			Excluding internal overlap of size 55 between Alignment 110 and 111: 1 1468 | 6036921 6038388 | 1468 1468 --> 56 1468 | 6036976 6038388 | 1413 1413
			Real Alignment 110: 1 404310 | 6036975 5632708 | 404310 404268 | 99.98 | pa_ill_pa_contig4 contig_106
			  Indel (> 5bp) between these two alignments: deletion of length 55; 0 mismatches (number of Ns: 0) [fragmentation of reference genome]
			Excluding internal overlap of size 55 between Alignment 111 and 112: 56 1468 | 6036976 6038388 | 1413 1413 --> 56 1413 | 6036976 6038333 | 1358 1358
			Real Alignment 111: 56 1413 | 6036976 6038333 | 1358 1358 | 100.0 | pa_ill_pa_contig62 contig_106
			  Indel (> 5bp) between these two alignments: deletion of length 55; 0 mismatches (number of Ns: 0) [fragmentation of reference genome]
			Real Alignment 112: 1 122468 | 6038334 6160782 | 122468 122449 | 99.98 | pa_ill_pa_contig16 contig_106
			  Not a misassembly [fragmentation of reference genome] between these two alignments
			Excluding internal overlap of size 55 between Alignment 113 and 114: 1 603 | 6215017 6214415 | 603 603 --> 1 548 | 6215017 6214470 | 548 548
			Real Alignment 113: 1 53273 | 6214469 6161197 | 53273 53273 | 99.99 | pa_ill_pa_contig33 contig_106
			  Indel (> 5bp) between these two alignments: deletion of length 55; 0 mismatches (number of Ns: 0) [fragmentation of reference genome]
			Excluding internal overlap of size 55 between Alignment 114 and 115: 1 548 | 6215017 6214470 | 548 548 --> 56 548 | 6214962 6214470 | 493 493
			Real Alignment 114: 56 548 | 6214962 6214470 | 493 493 | 100.0 | pa_ill_pa_contig79 contig_106
			  Indel (> 5bp) between these two alignments: deletion of length 55; 0 mismatches (number of Ns: 0) [fragmentation of reference genome]
			Excluding internal overlap of size 242 between Alignment 115 and 116: 41099 76514 | 6250370 6214963 | 35416 35408 --> 41341 76514 | 6250128 6214963 | 35174 35166
			Real Alignment 115: 41341 76514 | 6250128 6214963 | 35174 35166 | 99.96 | pa_ill_pa_contig26 contig_106
			  Gap between these two alignments (local misassembly). Inconsistency = 112
			Excluding internal overlap of size 76 between Alignment 116 and 117: 1 846 | 6292115 6291276 | 846 840 --> 1 770 | 6292115 6291352 | 770 764
			Real Alignment 116: 1 41228 | 6291351 6250129 | 41228 41223 | 99.96 | pa_ill_pa_contig26 contig_106
			  Extensive misassembly (translocation) between these two alignments
			Excluding internal overlap of size 55 between Alignment 117 and 118: 1 770 | 6292115 6291352 | 770 764 --> 56 770 | 6292060 6291352 | 715 709
			Real Alignment 117: 56 770 | 6292060 6291352 | 715 709 | 90.05 | pa_ill_pa_contig20 contig_106
			  Indel (> 5bp) between these two alignments: deletion of length 55; 0 mismatches (number of Ns: 0) [fragmentation of reference genome]
			Excluding internal overlap of size 55 between Alignment 118 and 119: 1 5507 | 6297567 6292061 | 5507 5507 --> 56 5507 | 6297512 6292061 | 5452 5452
			Real Alignment 118: 56 5507 | 6297512 6292061 | 5452 5452 | 99.84 | pa_ill_pa_contig45 contig_106
			  Indel (> 5bp) between these two alignments: deletion of length 55; 0 mismatches (number of Ns: 0) [fragmentation of reference genome]
			Excluding internal overlap of size 55 between Alignment 119 and 120: 1 5713 | 6371578 6365868 | 5713 5711 --> 1 5658 | 6371578 6365923 | 5658 5656
			Real Alignment 119: 1 68413 | 6297513 6365922 | 68413 68410 | 99.98 | pa_ill_pa_contig27 contig_106
			  Indel (> 5bp) between these two alignments: deletion of length 55; 0 mismatches (number of Ns: 0) [fragmentation of reference genome]
			Excluding internal overlap of size 55 between Alignment 120 and 121: 1 5658 | 6371578 6365923 | 5658 5656 --> 56 5658 | 6371523 6365923 | 5603 5601
			Real Alignment 120: 56 5658 | 6371523 6365923 | 5603 5601 | 99.91 | pa_ill_pa_contig44 contig_106
			  Indel (> 5bp) between these two alignments: deletion of length 55; 0 mismatches (number of Ns: 0) [fragmentation of reference genome]
			Excluding internal overlap of size 55 between Alignment 121 and 122: 1 1197 | 6459450 6460646 | 1197 1197 --> 56 1197 | 6459505 6460646 | 1142 1142
			Real Alignment 121: 1 87995 | 6459504 6371524 | 87995 87981 | 99.98 | pa_ill_pa_contig24 contig_106
			  Indel (> 5bp) between these two alignments: deletion of length 55; 0 mismatches (number of Ns: 0) [fragmentation of reference genome]
			Excluding internal overlap of size 55 between Alignment 122 and 123: 56 1197 | 6459505 6460646 | 1142 1142 --> 56 1142 | 6459505 6460591 | 1087 1087
			Real Alignment 122: 56 1142 | 6459505 6460591 | 1087 1087 | 99.75 | pa_ill_pa_contig67 contig_106
			  Indel (> 5bp) between these two alignments: deletion of length 55; 0 mismatches (number of Ns: 0) [fragmentation of reference genome]
			Excluding internal overlap of size 55 between Alignment 123 and 124: 1 927 | 6755106 6756032 | 927 927 --> 56 927 | 6755161 6756032 | 872 872
			Real Alignment 123: 1 294591 | 6460592 6755160 | 294591 294569 | 99.98 | pa_ill_pa_contig5 contig_106
			  Indel (> 5bp) between these two alignments: deletion of length 55; 0 mismatches (number of Ns: 0) [fragmentation of reference genome]
			Excluding internal overlap of size 55 between Alignment 124 and 125: 56 927 | 6755161 6756032 | 872 872 --> 56 872 | 6755161 6755977 | 817 817
			Real Alignment 124: 56 872 | 6755161 6755977 | 817 817 | 99.89 | pa_ill_pa_contig73 contig_106
			  Indel (> 5bp) between these two alignments: deletion of length 55; 0 mismatches (number of Ns: 0) [fragmentation of reference genome]
			Real Alignment 125: 1 35650 | 6755978 6791620 | 35650 35643 | 99.98 | pa_ill_pa_contig37 contig_106
		Unaligned bases: 11174

CONTIG: contig_93 (4757852bp)
Best alignment score: 418.0 (LEN: 451, IDY: 92.68), Total number of alignments: 102
			Too much alignments (102), will use speed up heuristics
			Found 0 solid alignments:
			Skipping alignments located inside solid regions since they are redundant:
		Nothing was skipped
			Looking for the best set of alignments (out of 102 total alignments)
		Ambiguity for this contig is not checked for speed up (too much alignments and --ambiguity-usage is "one")
			Skipping redundant alignments after choosing the best set of alignments
		Skipping redundant alignment 163 238 | 52828 52903 | 76 76 | 100.0 | pa_ill_pa_contig9 contig_93
		Skipping redundant alignment 3 78 | 52828 52903 | 76 76 | 100.0 | pa_ill_pa_contig9 contig_93
		Skipping redundant alignment 323 399 | 52828 52904 | 77 77 | 100.0 | pa_ill_pa_contig9 contig_93
		Skipping redundant alignment 28782 28858 | 52904 52828 | 77 77 | 100.0 | pa_ill_pa_contig8 contig_93
		Skipping redundant alignment 93682 93815 | 434568 434435 | 134 134 | 93.28 | pa_ill_pa_contig13 contig_93
		Skipping redundant alignment 84045 84123 | 444831 444753 | 79 79 | 96.2 | pa_ill_pa_contig13 contig_93
		Skipping redundant alignment 48504 48593 | 1504331 1504420 | 90 90 | 91.11 | pa_ill_pa_contig27 contig_93
		Skipping redundant alignment 161 238 | 2487038 2486961 | 78 78 | 100.0 | pa_ill_pa_contig9 contig_93
		Skipping redundant alignment 321 399 | 2487038 2486960 | 79 79 | 100.0 | pa_ill_pa_contig9 contig_93
		Skipping redundant alignment 163517 163628 | 4623827 4623716 | 112 112 | 91.07 | pa_ill_pa_contig4 contig_93
		Skipping redundant alignment 65009 65098 | 1504331 1504420 | 90 90 | 91.11 | pa_ill_pa_contig27 contig_93
		Skipping redundant alignment 159406 159543 | 4627881 4627744 | 138 138 | 92.03 | pa_ill_pa_contig4 contig_93
			The best set is below. Score: 12304.7, number of alignments: 90, unaligned bases: 4742513
		This contig is misassembled.
		This contig is partially unaligned. (Aligned 15339 out of 4757852 non-N bases (0.32%))
			Warning! This contig is more unaligned than misassembled. Contig length is 4757852 (number of Ns: 0) and total length of all aligns is 15339
		Alignment: 4882 5195 | 806755 806442 | 314 314 | 96.18 | pa_ill_pa_contig44 contig_93
		Alignment: 4268 4718 | 807369 806919 | 451 451 | 92.68 | pa_ill_pa_contig44 contig_93
		Alignment: 4118 4233 | 807522 807407 | 116 116 | 93.1 | pa_ill_pa_contig44 contig_93
		Alignment: 3453 3662 | 808189 807980 | 210 210 | 93.81 | pa_ill_pa_contig44 contig_93
		Alignment: 3374 3442 | 808267 808199 | 69 69 | 92.75 | pa_ill_pa_contig44 contig_93
		Alignment: 2892 3062 | 808751 808581 | 171 171 | 91.23 | pa_ill_pa_contig44 contig_93
		Alignment: 2687 2798 | 808965 808854 | 112 112 | 91.07 | pa_ill_pa_contig44 contig_93
		Alignment: 1975 2060 | 809558 809473 | 86 86 | 91.86 | pa_ill_pa_contig44 contig_93
		Alignment: 1813 1967 | 809720 809566 | 155 155 | 92.26 | pa_ill_pa_contig44 contig_93
		Alignment: 1660 1760 | 809873 809773 | 101 101 | 94.06 | pa_ill_pa_contig44 contig_93
		Alignment: 1375 1650 | 810158 809883 | 276 276 | 93.48 | pa_ill_pa_contig44 contig_93
		Alignment: 995 1106 | 810538 810427 | 112 112 | 91.07 | pa_ill_pa_contig44 contig_93
		Alignment: 529 593 | 811010 810946 | 65 65 | 98.46 | pa_ill_pa_contig44 contig_93
		Alignment: 4882 5195 | 1472914 1472601 | 314 314 | 96.18 | pa_ill_pa_contig44 contig_93
		Alignment: 4268 4718 | 1473528 1473078 | 451 451 | 92.68 | pa_ill_pa_contig44 contig_93
		Alignment: 4118 4233 | 1473681 1473566 | 116 116 | 93.1 | pa_ill_pa_contig44 contig_93
		Alignment: 3453 3662 | 1474348 1474139 | 210 210 | 93.81 | pa_ill_pa_contig44 contig_93
		Alignment: 3374 3442 | 1474426 1474358 | 69 69 | 92.75 | pa_ill_pa_contig44 contig_93
		Alignment: 2892 3062 | 1474912 1474742 | 171 171 | 91.23 | pa_ill_pa_contig44 contig_93
		Alignment: 2687 2798 | 1475126 1475015 | 112 112 | 91.07 | pa_ill_pa_contig44 contig_93
		Alignment: 1975 2060 | 1475719 1475634 | 86 86 | 91.86 | pa_ill_pa_contig44 contig_93
		Alignment: 1813 1967 | 1475881 1475727 | 155 155 | 92.26 | pa_ill_pa_contig44 contig_93
		Alignment: 1660 1760 | 1476034 1475934 | 101 101 | 94.06 | pa_ill_pa_contig44 contig_93
		Alignment: 1375 1650 | 1476319 1476044 | 276 276 | 93.48 | pa_ill_pa_contig44 contig_93
		Alignment: 995 1106 | 1476698 1476587 | 112 112 | 91.07 | pa_ill_pa_contig44 contig_93
		Alignment: 529 593 | 1477170 1477106 | 65 65 | 98.46 | pa_ill_pa_contig44 contig_93
		Alignment: 529 593 | 1992051 1992115 | 65 65 | 98.46 | pa_ill_pa_contig44 contig_93
		Alignment: 995 1106 | 1992523 1992634 | 112 112 | 91.07 | pa_ill_pa_contig44 contig_93
		Alignment: 1375 1650 | 1992902 1993177 | 276 276 | 93.48 | pa_ill_pa_contig44 contig_93
		Alignment: 1660 1760 | 1993187 1993287 | 101 101 | 94.06 | pa_ill_pa_contig44 contig_93
		Alignment: 1813 1967 | 1993340 1993494 | 155 155 | 92.26 | pa_ill_pa_contig44 contig_93
		Alignment: 1975 2060 | 1993502 1993587 | 86 86 | 91.86 | pa_ill_pa_contig44 contig_93
		Alignment: 2687 2798 | 1994254 1994365 | 112 112 | 91.07 | pa_ill_pa_contig44 contig_93
		Alignment: 2892 3062 | 1994468 1994638 | 171 171 | 91.23 | pa_ill_pa_contig44 contig_93
		Alignment: 3374 3442 | 1994954 1995022 | 69 69 | 92.75 | pa_ill_pa_contig44 contig_93
		Alignment: 3453 3662 | 1995032 1995241 | 210 210 | 93.81 | pa_ill_pa_contig44 contig_93
		Alignment: 4118 4233 | 1995699 1995814 | 116 116 | 93.1 | pa_ill_pa_contig44 contig_93
		Alignment: 4268 4718 | 1995852 1996302 | 451 451 | 92.68 | pa_ill_pa_contig44 contig_93
		Alignment: 4882 5195 | 1996466 1996779 | 314 314 | 96.18 | pa_ill_pa_contig44 contig_93
		Alignment: 529 593 | 2087127 2087191 | 65 65 | 98.46 | pa_ill_pa_contig44 contig_93
		Alignment: 995 1106 | 2087599 2087710 | 112 112 | 91.07 | pa_ill_pa_contig44 contig_93
		Alignment: 1375 1650 | 2087978 2088253 | 276 276 | 93.48 | pa_ill_pa_contig44 contig_93
		Alignment: 1660 1760 | 2088263 2088363 | 101 101 | 94.06 | pa_ill_pa_contig44 contig_93
		Alignment: 1813 1967 | 2088416 2088570 | 155 155 | 92.26 | pa_ill_pa_contig44 contig_93
		Alignment: 1975 2060 | 2088578 2088663 | 86 86 | 91.86 | pa_ill_pa_contig44 contig_93
		Alignment: 2687 2798 | 2089171 2089282 | 112 112 | 91.07 | pa_ill_pa_contig44 contig_93
		Alignment: 2892 3062 | 2089385 2089555 | 171 171 | 91.23 | pa_ill_pa_contig44 contig_93
		Alignment: 3374 3442 | 2089871 2089939 | 69 69 | 92.75 | pa_ill_pa_contig44 contig_93
		Alignment: 3453 3662 | 2089949 2090158 | 210 210 | 93.81 | pa_ill_pa_contig44 contig_93
		Alignment: 4118 4233 | 2090616 2090731 | 116 116 | 93.1 | pa_ill_pa_contig44 contig_93
		Alignment: 4268 4718 | 2090769 2091219 | 451 451 | 92.68 | pa_ill_pa_contig44 contig_93
		Alignment: 4882 5195 | 2091383 2091696 | 314 314 | 96.18 | pa_ill_pa_contig44 contig_93
		Alignment: 529 593 | 2242346 2242410 | 65 65 | 98.46 | pa_ill_pa_contig44 contig_93
		Alignment: 995 1106 | 2242818 2242929 | 112 112 | 91.07 | pa_ill_pa_contig44 contig_93
		Alignment: 1375 1650 | 2243197 2243472 | 276 276 | 93.48 | pa_ill_pa_contig44 contig_93
		Alignment: 1660 1760 | 2243482 2243582 | 101 101 | 94.06 | pa_ill_pa_contig44 contig_93
		Alignment: 1813 1967 | 2243635 2243789 | 155 155 | 92.26 | pa_ill_pa_contig44 contig_93
		Alignment: 1975 2050 | 2243797 2243872 | 76 76 | 90.79 | pa_ill_pa_contig44 contig_93
		Alignment: 2687 2769 | 2244548 2244630 | 83 83 | 93.98 | pa_ill_pa_contig44 contig_93
		Alignment: 2892 3062 | 2244761 2244931 | 171 171 | 91.23 | pa_ill_pa_contig44 contig_93
		Alignment: 3374 3442 | 2245247 2245315 | 69 69 | 92.75 | pa_ill_pa_contig44 contig_93
		Alignment: 3453 3662 | 2245325 2245534 | 210 210 | 93.33 | pa_ill_pa_contig44 contig_93
		Alignment: 4118 4233 | 2245992 2246107 | 116 116 | 93.1 | pa_ill_pa_contig44 contig_93
		Alignment: 4268 4718 | 2246145 2246595 | 451 451 | 92.68 | pa_ill_pa_contig44 contig_93
		Alignment: 4882 5195 | 2246759 2247072 | 314 314 | 96.18 | pa_ill_pa_contig44 contig_93
		Alignment: 529 593 | 2285249 2285313 | 65 65 | 98.46 | pa_ill_pa_contig44 contig_93
		Alignment: 995 1106 | 2285721 2285832 | 112 112 | 91.07 | pa_ill_pa_contig44 contig_93
		Alignment: 1375 1650 | 2286100 2286375 | 276 276 | 93.48 | pa_ill_pa_contig44 contig_93
		Alignment: 1660 1760 | 2286385 2286485 | 101 101 | 94.06 | pa_ill_pa_contig44 contig_93
		Alignment: 1813 1967 | 2286538 2286692 | 155 155 | 92.26 | pa_ill_pa_contig44 contig_93
		Alignment: 1975 2060 | 2286700 2286785 | 86 86 | 91.86 | pa_ill_pa_contig44 contig_93
		Alignment: 2687 2798 | 2287293 2287404 | 112 112 | 91.07 | pa_ill_pa_contig44 contig_93
		Alignment: 2892 3062 | 2287507 2287677 | 171 171 | 91.23 | pa_ill_pa_contig44 contig_93
		Alignment: 3374 3442 | 2287993 2288061 | 69 69 | 92.75 | pa_ill_pa_contig44 contig_93
		Alignment: 3453 3662 | 2288071 2288280 | 210 210 | 93.33 | pa_ill_pa_contig44 contig_93
		Alignment: 4118 4233 | 2288738 2288853 | 116 116 | 93.1 | pa_ill_pa_contig44 contig_93
		Alignment: 4268 4718 | 2288891 2289341 | 451 451 | 92.68 | pa_ill_pa_contig44 contig_93
		Alignment: 4882 5195 | 2289505 2289818 | 314 314 | 96.18 | pa_ill_pa_contig44 contig_93
		Alignment: 529 593 | 3034708 3034772 | 65 65 | 98.46 | pa_ill_pa_contig44 contig_93
		Alignment: 995 1106 | 3035180 3035291 | 112 112 | 91.07 | pa_ill_pa_contig44 contig_93
		Alignment: 1375 1536 | 3035559 3035720 | 162 162 | 93.21 | pa_ill_pa_contig44 contig_93
		Alignment: 1542 1650 | 3035726 3035834 | 109 109 | 90.83 | pa_ill_pa_contig44 contig_93
		Alignment: 1660 1760 | 3035844 3035944 | 101 101 | 94.06 | pa_ill_pa_contig44 contig_93
		Alignment: 1813 1967 | 3035997 3036151 | 155 155 | 92.26 | pa_ill_pa_contig44 contig_93
		Alignment: 1975 2060 | 3036159 3036244 | 86 86 | 91.86 | pa_ill_pa_contig44 contig_93
		Alignment: 3374 3442 | 3037711 3037779 | 69 69 | 92.75 | pa_ill_pa_contig44 contig_93
		Alignment: 3453 3662 | 3037789 3037998 | 210 210 | 93.81 | pa_ill_pa_contig44 contig_93
		Alignment: 4118 4233 | 3038456 3038571 | 116 116 | 93.1 | pa_ill_pa_contig44 contig_93
		Alignment: 4268 4718 | 3038609 3039059 | 451 451 | 92.68 | pa_ill_pa_contig44 contig_93
		Alignment: 4882 5195 | 3039223 3039536 | 314 314 | 96.18 | pa_ill_pa_contig44 contig_93
		Unaligned bases: 4742513

CONTIG: contig_94 (4764639bp)
Best alignment score: 513.0 (LEN: 564, IDY: 90.96), Total number of alignments: 94
			Looking for the best set of alignments (out of 94 total alignments)
			Skipping redundant alignments after choosing the best set of alignments
		Skipping redundant alignment 323 399 | 4334505 4334581 | 77 77 | 100.0 | pa_ill_pa_contig9 contig_94
		Skipping redundant alignment 161 240 | 1996622 1996543 | 80 80 | 100.0 | pa_ill_pa_contig9 contig_94
		Skipping redundant alignment 161 238 | 1996734 1996657 | 78 78 | 100.0 | pa_ill_pa_contig9 contig_94
		Skipping redundant alignment 321 398 | 1996734 1996657 | 78 78 | 100.0 | pa_ill_pa_contig9 contig_94
		Skipping redundant alignment 28781 28858 | 4334582 4334505 | 78 78 | 100.0 | pa_ill_pa_contig8 contig_94
		Skipping redundant alignment 3 78 | 4334505 4334580 | 76 76 | 100.0 | pa_ill_pa_contig9 contig_94
		Skipping redundant alignment 163 238 | 4334505 4334580 | 76 76 | 100.0 | pa_ill_pa_contig9 contig_94
		Skipping redundant alignment 48505 48596 | 1790086 1789995 | 92 92 | 91.3 | pa_ill_pa_contig27 contig_94
		Skipping redundant alignment 65010 65101 | 1790086 1789995 | 92 92 | 91.3 | pa_ill_pa_contig27 contig_94
		Skipping redundant alignment 84045 84229 | 4763000 4762816 | 185 185 | 91.35 | pa_ill_pa_contig13 contig_94
		This contig has several significant sets of alignments. [An ambiguously mapped contig]
		Using only the very best set (option --ambiguity-usage is set to "one").
			The best set is below. Score: 11834.8, number of alignments: 84, unaligned bases: 4749820
		This contig is misassembled.
		This contig is partially unaligned. (Aligned 14819 out of 4764639 non-N bases (0.31%))
			Warning! This contig is more unaligned than misassembled. Contig length is 4764639 (number of Ns: 0) and total length of all aligns is 14819
		Alignment: 4882 5195 | 304339 304026 | 314 314 | 96.18 | pa_ill_pa_contig44 contig_94
		Alignment: 4268 4831 | 304953 304390 | 564 564 | 90.96 | pa_ill_pa_contig44 contig_94
		Alignment: 4118 4231 | 305106 304993 | 114 114 | 93.86 | pa_ill_pa_contig44 contig_94
		Alignment: 3453 3662 | 305771 305562 | 210 210 | 93.81 | pa_ill_pa_contig44 contig_94
		Alignment: 3374 3442 | 305849 305781 | 69 69 | 94.2 | pa_ill_pa_contig44 contig_94
		Alignment: 2687 2800 | 306547 306434 | 114 114 | 91.23 | pa_ill_pa_contig44 contig_94
		Alignment: 1975 2060 | 307219 307134 | 86 86 | 91.86 | pa_ill_pa_contig44 contig_94
		Alignment: 1813 1967 | 307381 307227 | 155 155 | 92.26 | pa_ill_pa_contig44 contig_94
		Alignment: 1375 1536 | 307819 307658 | 162 162 | 93.83 | pa_ill_pa_contig44 contig_94
		Alignment: 997 1158 | 308197 308036 | 162 162 | 90.12 | pa_ill_pa_contig44 contig_94
		Alignment: 529 593 | 308671 308607 | 65 65 | 98.46 | pa_ill_pa_contig44 contig_94
		Alignment: 4882 5195 | 1012608 1012295 | 314 314 | 96.18 | pa_ill_pa_contig44 contig_94
		Alignment: 4268 4831 | 1013222 1012659 | 564 564 | 90.96 | pa_ill_pa_contig44 contig_94
		Alignment: 4118 4231 | 1013375 1013262 | 114 114 | 93.86 | pa_ill_pa_contig44 contig_94
		Alignment: 3453 3662 | 1014040 1013831 | 210 210 | 93.81 | pa_ill_pa_contig44 contig_94
		Alignment: 3374 3442 | 1014118 1014050 | 69 69 | 94.2 | pa_ill_pa_contig44 contig_94
		Alignment: 2687 2800 | 1014816 1014703 | 114 114 | 91.23 | pa_ill_pa_contig44 contig_94
		Alignment: 1975 2060 | 1015494 1015409 | 86 86 | 91.86 | pa_ill_pa_contig44 contig_94
		Alignment: 1813 1967 | 1015656 1015502 | 155 155 | 92.26 | pa_ill_pa_contig44 contig_94
		Alignment: 1375 1536 | 1016094 1015933 | 162 162 | 93.83 | pa_ill_pa_contig44 contig_94
		Alignment: 997 1158 | 1016472 1016311 | 162 162 | 90.12 | pa_ill_pa_contig44 contig_94
		Alignment: 529 593 | 1016946 1016882 | 65 65 | 98.46 | pa_ill_pa_contig44 contig_94
		Alignment: 529 593 | 1555869 1555933 | 65 65 | 98.46 | pa_ill_pa_contig44 contig_94
		Alignment: 997 1158 | 1556343 1556504 | 162 162 | 90.12 | pa_ill_pa_contig44 contig_94
		Alignment: 1375 1536 | 1556720 1556881 | 162 162 | 93.83 | pa_ill_pa_contig44 contig_94
		Alignment: 1813 1967 | 1557158 1557312 | 155 155 | 92.26 | pa_ill_pa_contig44 contig_94
		Alignment: 1975 2060 | 1557320 1557405 | 86 86 | 91.86 | pa_ill_pa_contig44 contig_94
		Alignment: 2687 2800 | 1557915 1558028 | 114 114 | 91.23 | pa_ill_pa_contig44 contig_94
		Alignment: 2892 3062 | 1558129 1558299 | 171 171 | 91.23 | pa_ill_pa_contig44 contig_94
		Alignment: 3374 3442 | 1558613 1558681 | 69 69 | 94.2 | pa_ill_pa_contig44 contig_94
		Alignment: 3453 3662 | 1558691 1558900 | 210 210 | 93.81 | pa_ill_pa_contig44 contig_94
		Alignment: 4118 4231 | 1559356 1559469 | 114 114 | 93.86 | pa_ill_pa_contig44 contig_94
		Alignment: 4268 4718 | 1559509 1559959 | 451 451 | 92.68 | pa_ill_pa_contig44 contig_94
		Alignment: 4882 5195 | 1560123 1560436 | 314 314 | 96.18 | pa_ill_pa_contig44 contig_94
		Alignment: 529 593 | 1649474 1649538 | 65 65 | 98.46 | pa_ill_pa_contig44 contig_94
		Alignment: 997 1143 | 1649948 1650094 | 147 147 | 90.48 | pa_ill_pa_contig44 contig_94
		Alignment: 1375 1536 | 1650324 1650485 | 162 162 | 93.83 | pa_ill_pa_contig44 contig_94
		Alignment: 1813 1967 | 1650762 1650916 | 155 155 | 92.26 | pa_ill_pa_contig44 contig_94
		Alignment: 1975 2060 | 1650924 1651009 | 86 86 | 91.86 | pa_ill_pa_contig44 contig_94
		Alignment: 2687 2800 | 1651611 1651724 | 114 114 | 91.23 | pa_ill_pa_contig44 contig_94
		Alignment: 2892 3062 | 1651825 1651995 | 171 171 | 91.23 | pa_ill_pa_contig44 contig_94
		Alignment: 3374 3442 | 1652309 1652377 | 69 69 | 94.2 | pa_ill_pa_contig44 contig_94
		Alignment: 3453 3662 | 1652387 1652596 | 210 210 | 93.81 | pa_ill_pa_contig44 contig_94
		Alignment: 4118 4231 | 1653052 1653165 | 114 114 | 93.86 | pa_ill_pa_contig44 contig_94
		Alignment: 4268 4385 | 1653205 1653322 | 118 118 | 94.92 | pa_ill_pa_contig44 contig_94
		Alignment: 4391 4831 | 1653330 1653770 | 441 441 | 90.25 | pa_ill_pa_contig44 contig_94
		Alignment: 4882 5195 | 1653821 1654134 | 314 314 | 96.18 | pa_ill_pa_contig44 contig_94
		Alignment: 529 593 | 1780580 1780644 | 65 65 | 98.46 | pa_ill_pa_contig44 contig_94
		Alignment: 997 1158 | 1781054 1781215 | 162 162 | 90.12 | pa_ill_pa_contig44 contig_94
		Alignment: 1375 1536 | 1781431 1781592 | 162 162 | 93.83 | pa_ill_pa_contig44 contig_94
		Alignment: 1813 1967 | 1781869 1782023 | 155 155 | 92.26 | pa_ill_pa_contig44 contig_94
		Alignment: 1975 2060 | 1782031 1782116 | 86 86 | 91.86 | pa_ill_pa_contig44 contig_94
		Alignment: 2687 2800 | 1782626 1782739 | 114 114 | 91.23 | pa_ill_pa_contig44 contig_94
		Alignment: 2892 3062 | 1782840 1783010 | 171 171 | 91.23 | pa_ill_pa_contig44 contig_94
		Alignment: 3374 3442 | 1783324 1783392 | 69 69 | 94.2 | pa_ill_pa_contig44 contig_94
		Alignment: 3453 3662 | 1783402 1783611 | 210 210 | 93.81 | pa_ill_pa_contig44 contig_94
		Alignment: 4118 4231 | 1784067 1784180 | 114 114 | 93.86 | pa_ill_pa_contig44 contig_94
		Alignment: 4268 4718 | 1784220 1784670 | 451 451 | 92.68 | pa_ill_pa_contig44 contig_94
		Alignment: 4882 5195 | 1784834 1785147 | 314 314 | 96.18 | pa_ill_pa_contig44 contig_94
		Alignment: 529 593 | 1821970 1822034 | 65 65 | 98.46 | pa_ill_pa_contig44 contig_94
		Alignment: 997 1158 | 1822444 1822605 | 162 162 | 90.12 | pa_ill_pa_contig44 contig_94
		Alignment: 1375 1536 | 1822821 1822982 | 162 162 | 93.83 | pa_ill_pa_contig44 contig_94
		Alignment: 1813 1967 | 1823259 1823413 | 155 155 | 92.26 | pa_ill_pa_contig44 contig_94
		Alignment: 1975 2060 | 1823421 1823506 | 86 86 | 91.86 | pa_ill_pa_contig44 contig_94
		Alignment: 2687 2800 | 1824016 1824129 | 114 114 | 91.23 | pa_ill_pa_contig44 contig_94
		Alignment: 2892 3062 | 1824230 1824400 | 171 171 | 91.23 | pa_ill_pa_contig44 contig_94
		Alignment: 3374 3442 | 1824714 1824782 | 69 69 | 94.2 | pa_ill_pa_contig44 contig_94
		Alignment: 3453 3662 | 1824792 1825001 | 210 210 | 93.81 | pa_ill_pa_contig44 contig_94
		Alignment: 4118 4231 | 1825457 1825570 | 114 114 | 93.86 | pa_ill_pa_contig44 contig_94
		Alignment: 4268 4718 | 1825610 1826060 | 451 451 | 92.68 | pa_ill_pa_contig44 contig_94
		Alignment: 4882 5195 | 1826224 1826537 | 314 314 | 96.18 | pa_ill_pa_contig44 contig_94
		Alignment: 529 593 | 2469689 2469753 | 65 65 | 98.46 | pa_ill_pa_contig44 contig_94
		Alignment: 997 1158 | 2470163 2470324 | 162 162 | 90.12 | pa_ill_pa_contig44 contig_94
		Alignment: 1376 1760 | 2470540 2470924 | 385 385 | 92.73 | pa_ill_pa_contig44 contig_94
		Alignment: 1813 1967 | 2470977 2471131 | 155 155 | 92.26 | pa_ill_pa_contig44 contig_94
		Alignment: 1975 2060 | 2471139 2471224 | 86 86 | 91.86 | pa_ill_pa_contig44 contig_94
		Alignment: 2687 2800 | 2471826 2471939 | 114 114 | 91.23 | pa_ill_pa_contig44 contig_94
		Alignment: 2892 3062 | 2472040 2472210 | 171 171 | 91.23 | pa_ill_pa_contig44 contig_94
		Alignment: 3374 3442 | 2472524 2472592 | 69 69 | 94.2 | pa_ill_pa_contig44 contig_94
		Alignment: 3453 3662 | 2472602 2472811 | 210 210 | 93.81 | pa_ill_pa_contig44 contig_94
		Alignment: 4118 4231 | 2473266 2473379 | 114 114 | 93.86 | pa_ill_pa_contig44 contig_94
		Alignment: 4268 4385 | 2473419 2473536 | 118 118 | 94.92 | pa_ill_pa_contig44 contig_94
		Alignment: 4391 4831 | 2473544 2473984 | 441 441 | 90.25 | pa_ill_pa_contig44 contig_94
		Alignment: 4882 5195 | 2474035 2474348 | 314 314 | 96.18 | pa_ill_pa_contig44 contig_94
		Unaligned bases: 4749820

CONTIG: contig_100 (2720441bp)
Best alignment score: 211.0 (LEN: 233, IDY: 90.56), Total number of alignments: 18
			Looking for the best set of alignments (out of 18 total alignments)
			The best set is below. Score: 966.5, number of alignments: 18, unaligned bases: 2717813
		This contig is misassembled.
		This contig is partially unaligned. (Aligned 2628 out of 2720441 non-N bases (0.10%))
			Warning! This contig is more unaligned than misassembled. Contig length is 2720441 (number of Ns: 0) and total length of all aligns is 2628
		Alignment: 4903 5134 | 405845 405613 | 232 233 | 90.56 | pa_ill_pa_contig44 contig_100
		Alignment: 4403 4500 | 406345 406248 | 98 98 | 96.94 | pa_ill_pa_contig44 contig_100
		Alignment: 1397 1503 | 409404 409298 | 107 107 | 96.26 | pa_ill_pa_contig44 contig_100
		Alignment: 4903 5134 | 541913 541681 | 232 233 | 90.56 | pa_ill_pa_contig44 contig_100
		Alignment: 4403 4500 | 542413 542316 | 98 98 | 96.94 | pa_ill_pa_contig44 contig_100
		Alignment: 1397 1503 | 545461 545355 | 107 107 | 96.26 | pa_ill_pa_contig44 contig_100
		Alignment: 4903 5134 | 655392 655160 | 232 233 | 90.56 | pa_ill_pa_contig44 contig_100
		Alignment: 4403 4500 | 655892 655795 | 98 98 | 96.94 | pa_ill_pa_contig44 contig_100
		Alignment: 1397 1503 | 658901 658795 | 107 107 | 96.26 | pa_ill_pa_contig44 contig_100
		Alignment: 1397 1503 | 1716230 1716336 | 107 107 | 96.26 | pa_ill_pa_contig44 contig_100
		Alignment: 4403 4500 | 1719249 1719346 | 98 98 | 96.94 | pa_ill_pa_contig44 contig_100
		Alignment: 4903 5134 | 1719749 1719981 | 232 233 | 90.56 | pa_ill_pa_contig44 contig_100
		Alignment: 1397 1503 | 1760865 1760971 | 107 107 | 96.26 | pa_ill_pa_contig44 contig_100
		Alignment: 4403 4500 | 1763826 1763923 | 98 98 | 96.94 | pa_ill_pa_contig44 contig_100
		Alignment: 4903 5134 | 1764326 1764558 | 232 233 | 90.56 | pa_ill_pa_contig44 contig_100
		Alignment: 1397 1503 | 1766124 1766230 | 107 107 | 96.26 | pa_ill_pa_contig44 contig_100
		Alignment: 4403 4500 | 1769051 1769148 | 98 98 | 96.94 | pa_ill_pa_contig44 contig_100
		Alignment: 4903 5134 | 1769551 1769783 | 232 233 | 90.56 | pa_ill_pa_contig44 contig_100
		Unaligned bases: 2717813

CONTIG: contig_2 (2845339bp)
Best alignment score: 129.0 (LEN: 142, IDY: 90.85), Total number of alignments: 12
			Looking for the best set of alignments (out of 12 total alignments)
			Skipping redundant alignments after choosing the best set of alignments
		Skipping redundant alignment 1200 1338 | 604968 605106 | 139 139 | 91.37 | pa_ill_pa_contig44 contig_2
		Skipping redundant alignment 1397 1538 | 605166 605307 | 142 142 | 90.85 | pa_ill_pa_contig44 contig_2
		Skipping redundant alignment 4406 4500 | 608058 608152 | 95 95 | 96.84 | pa_ill_pa_contig44 contig_2
		Skipping redundant alignment 1200 1338 | 2831107 2831245 | 139 139 | 91.37 | pa_ill_pa_contig44 contig_2
		Skipping redundant alignment 1397 1538 | 2831305 2831446 | 142 142 | 90.85 | pa_ill_pa_contig44 contig_2
		Skipping redundant alignment 4406 4500 | 2834197 2834291 | 95 95 | 96.84 | pa_ill_pa_contig44 contig_2
			The best set is below. Score: 350.5, number of alignments: 6, unaligned bases: 2844587
		This contig is misassembled.
		This contig is partially unaligned. (Aligned 752 out of 2845339 non-N bases (0.03%))
			Warning! This contig is more unaligned than misassembled. Contig length is 2845339 (number of Ns: 0) and total length of all aligns is 752
		Alignment: 4406 4500 | 2113516 2113422 | 95 95 | 96.84 | pa_ill_pa_contig44 contig_2
		Alignment: 1397 1538 | 2116306 2116165 | 142 142 | 90.85 | pa_ill_pa_contig44 contig_2
		Alignment: 1200 1338 | 2116504 2116366 | 139 139 | 91.37 | pa_ill_pa_contig44 contig_2
		Alignment: 1200 1338 | 2387983 2388121 | 139 139 | 91.37 | pa_ill_pa_contig44 contig_2
		Alignment: 1397 1538 | 2388181 2388322 | 142 142 | 90.85 | pa_ill_pa_contig44 contig_2
		Alignment: 4406 4500 | 2390971 2391065 | 95 95 | 96.84 | pa_ill_pa_contig44 contig_2
		Unaligned bases: 2844587

CONTIG: contig_84 (2991966bp)
Best alignment score: 127.0 (LEN: 138, IDY: 92.03), Total number of alignments: 19
			Looking for the best set of alignments (out of 19 total alignments)
		This contig has several significant sets of alignments. [An ambiguously mapped contig]
		Using only the very best set (option --ambiguity-usage is set to "one").
			The best set is below. Score: 399.9, number of alignments: 19, unaligned bases: 2989840
		This contig is misassembled.
		This contig is partially unaligned. (Aligned 2126 out of 2991966 non-N bases (0.07%))
			Warning! This contig is more unaligned than misassembled. Contig length is 2991966 (number of Ns: 0) and total length of all aligns is 2126
		Alignment: 4406 4488 | 286962 286880 | 83 83 | 97.59 | pa_ill_pa_contig44 contig_84
		Alignment: 1397 1517 | 289791 289671 | 121 121 | 95.04 | pa_ill_pa_contig44 contig_84
		Alignment: 1201 1338 | 289988 289851 | 138 138 | 92.03 | pa_ill_pa_contig44 contig_84
		Alignment: 4406 4488 | 292981 292899 | 83 83 | 97.59 | pa_ill_pa_contig44 contig_84
		Alignment: 1397 1517 | 295810 295690 | 121 121 | 95.04 | pa_ill_pa_contig44 contig_84
		Alignment: 1201 1338 | 296007 295870 | 138 138 | 92.03 | pa_ill_pa_contig44 contig_84
		Alignment: 4406 4488 | 530521 530439 | 83 83 | 97.59 | pa_ill_pa_contig44 contig_84
		Alignment: 1397 1517 | 533601 533481 | 121 121 | 95.04 | pa_ill_pa_contig44 contig_84
		Alignment: 1201 1338 | 533798 533661 | 138 138 | 92.03 | pa_ill_pa_contig44 contig_84
		Alignment: 1201 1338 | 1078395 1078532 | 138 138 | 92.03 | pa_ill_pa_contig44 contig_84
		Alignment: 1397 1517 | 1078592 1078712 | 121 121 | 95.04 | pa_ill_pa_contig44 contig_84
		Alignment: 4406 4488 | 1081672 1081754 | 83 83 | 97.59 | pa_ill_pa_contig44 contig_84
		Alignment: 1201 1338 | 1676865 1677002 | 138 138 | 92.03 | pa_ill_pa_contig44 contig_84
		Alignment: 1397 1517 | 1677062 1677182 | 121 121 | 95.04 | pa_ill_pa_contig44 contig_84
		Alignment: 1865 1938 | 1677527 1677600 | 74 74 | 93.24 | pa_ill_pa_contig44 contig_84
		Alignment: 4406 4488 | 1679890 1679972 | 83 83 | 97.59 | pa_ill_pa_contig44 contig_84
		Alignment: 1201 1338 | 1781539 1781676 | 138 138 | 92.03 | pa_ill_pa_contig44 contig_84
		Alignment: 1397 1517 | 1781736 1781856 | 121 121 | 95.04 | pa_ill_pa_contig44 contig_84
		Alignment: 4406 4488 | 1784566 1784648 | 83 83 | 97.59 | pa_ill_pa_contig44 contig_84
		Unaligned bases: 2989840

CONTIG: contig_87 (4045286bp)
Best alignment score: 125.0 (LEN: 138, IDY: 90.58), Total number of alignments: 30
			Looking for the best set of alignments (out of 30 total alignments)
			Skipping redundant alignments after choosing the best set of alignments
		Skipping redundant alignment 4406 4535 | 1503757 1503628 | 130 130 | 90.77 | pa_ill_pa_contig44 contig_87
		Skipping redundant alignment 1397 1515 | 1506506 1506388 | 119 119 | 94.12 | pa_ill_pa_contig44 contig_87
		Skipping redundant alignment 1201 1338 | 1506703 1506566 | 138 138 | 90.58 | pa_ill_pa_contig44 contig_87
			The best set is below. Score: 867.8, number of alignments: 27, unaligned bases: 4041803
		This contig is misassembled.
		This contig is partially unaligned. (Aligned 3483 out of 4045286 non-N bases (0.09%))
			Warning! This contig is more unaligned than misassembled. Contig length is 4045286 (number of Ns: 0) and total length of all aligns is 3483
		Alignment: 1201 1338 | 2580351 2580488 | 138 138 | 90.58 | pa_ill_pa_contig44 contig_87
		Alignment: 1397 1515 | 2580548 2580666 | 119 119 | 94.12 | pa_ill_pa_contig44 contig_87
		Alignment: 4406 4535 | 2583474 2583603 | 130 130 | 90.77 | pa_ill_pa_contig44 contig_87
		Alignment: 1201 1338 | 2600967 2601104 | 138 138 | 90.58 | pa_ill_pa_contig44 contig_87
		Alignment: 1397 1515 | 2601164 2601282 | 119 119 | 94.12 | pa_ill_pa_contig44 contig_87
		Alignment: 4406 4535 | 2604090 2604219 | 130 130 | 90.77 | pa_ill_pa_contig44 contig_87
		Alignment: 1201 1338 | 2661301 2661438 | 138 138 | 90.58 | pa_ill_pa_contig44 contig_87
		Alignment: 1397 1515 | 2661498 2661616 | 119 119 | 94.12 | pa_ill_pa_contig44 contig_87
		Alignment: 4406 4535 | 2664247 2664376 | 130 130 | 90.77 | pa_ill_pa_contig44 contig_87
		Alignment: 1201 1338 | 2667224 2667361 | 138 138 | 90.58 | pa_ill_pa_contig44 contig_87
		Alignment: 1397 1515 | 2667421 2667539 | 119 119 | 94.12 | pa_ill_pa_contig44 contig_87
		Alignment: 4406 4535 | 2670171 2670300 | 130 130 | 90.77 | pa_ill_pa_contig44 contig_87
		Alignment: 1201 1338 | 2731765 2731902 | 138 138 | 90.58 | pa_ill_pa_contig44 contig_87
		Alignment: 1397 1515 | 2731962 2732080 | 119 119 | 94.12 | pa_ill_pa_contig44 contig_87
		Alignment: 4406 4535 | 2734711 2734840 | 130 130 | 90.77 | pa_ill_pa_contig44 contig_87
		Alignment: 1201 1338 | 2737378 2737515 | 138 138 | 90.58 | pa_ill_pa_contig44 contig_87
		Alignment: 1397 1515 | 2737575 2737693 | 119 119 | 94.12 | pa_ill_pa_contig44 contig_87
		Alignment: 4406 4535 | 2740324 2740453 | 130 130 | 90.77 | pa_ill_pa_contig44 contig_87
		Alignment: 1201 1338 | 2742379 2742516 | 138 138 | 90.58 | pa_ill_pa_contig44 contig_87
		Alignment: 1397 1515 | 2742576 2742694 | 119 119 | 94.12 | pa_ill_pa_contig44 contig_87
		Alignment: 4406 4535 | 2745325 2745454 | 130 130 | 90.77 | pa_ill_pa_contig44 contig_87
		Alignment: 1201 1338 | 3195805 3195942 | 138 138 | 90.58 | pa_ill_pa_contig44 contig_87
		Alignment: 1397 1515 | 3196002 3196120 | 119 119 | 94.12 | pa_ill_pa_contig44 contig_87
		Alignment: 4406 4535 | 3198751 3198880 | 130 130 | 90.77 | pa_ill_pa_contig44 contig_87
		Alignment: 1201 1338 | 3488550 3488687 | 138 138 | 90.58 | pa_ill_pa_contig44 contig_87
		Alignment: 1397 1515 | 3488747 3488865 | 119 119 | 94.12 | pa_ill_pa_contig44 contig_87
		Alignment: 4406 4535 | 3491495 3491624 | 130 130 | 90.77 | pa_ill_pa_contig44 contig_87
		Unaligned bases: 4041803

CONTIG: contig_91 (1928675bp)
Best alignment score: 271.0 (LEN: 301, IDY: 90.03), Total number of alignments: 8
			Looking for the best set of alignments (out of 8 total alignments)
			Skipping redundant alignments after choosing the best set of alignments
		Skipping redundant alignment 1397 1521 | 145257 145133 | 125 125 | 92.8 | pa_ill_pa_contig44 contig_91
		Skipping redundant alignment 1397 1521 | 180757 180633 | 125 125 | 92.8 | pa_ill_pa_contig44 contig_91
		Skipping redundant alignment 1397 1521 | 841368 841492 | 125 125 | 92.8 | pa_ill_pa_contig44 contig_91
		Skipping redundant alignment 1579 1651 | 841547 841619 | 73 73 | 91.78 | pa_ill_pa_contig44 contig_91
		Skipping redundant alignment 1397 1521 | 1655276 1655152 | 125 125 | 92.8 | pa_ill_pa_contig44 contig_91
			The best set is below. Score: 455.0, number of alignments: 3, unaligned bases: 1928154
		This contig is misassembled.
		This contig is partially unaligned. (Aligned 521 out of 1928675 non-N bases (0.03%))
			Warning! This contig is more unaligned than misassembled. Contig length is 1928675 (number of Ns: 0) and total length of all aligns is 521
		Alignment: 4834 5134 | 65458 65158 | 301 301 | 90.03 | pa_ill_pa_contig44 contig_91
		Alignment: 4406 4500 | 65795 65701 | 95 95 | 96.84 | pa_ill_pa_contig44 contig_91
		Alignment: 1397 1521 | 68739 68615 | 125 125 | 92.8 | pa_ill_pa_contig44 contig_91
		Unaligned bases: 1928154

Analyzing coverage...
Writing SNPs into /media3/lucia/zymo_mock_community/asms_cuantizados/v3_12-2-21_2bins/metaquast-2bins/runs_per_reference/pa_ill/contigs_reports/minimap_output/r10_2bins_3_racon_r2.used_snps.gz

Analysis is finished!
Founded SNPs were written into /media3/lucia/zymo_mock_community/asms_cuantizados/v3_12-2-21_2bins/metaquast-2bins/runs_per_reference/pa_ill/contigs_reports/minimap_output/r10_2bins_3_racon_r2.used_snps.gz

Results:
	Local Misassemblies: 11
	Misassemblies: 6
		Relocations: 0
		Translocations: 6
		Inversions: 0
	Scaffold gap extensive misassemblies: 0
	Scaffold gap local misassemblies: 0
	Misassemblies caused by fragmented reference: 21
	Misassembled Contigs: 1
	Misassembled Contig Bases: 6791620
	Misassemblies Inter-Contig Overlap: 0
Unaligned Contigs: 0 + 8 part
Half Unaligned Contigs with Misassemblies: 7
Unaligned Contig Bases: 24025704

Ambiguously Mapped Contigs: 2
Total Bases in Ambiguously Mapped Contigs: 7756605
Extra Bases in Ambiguously Mapped Contigs: 0
Note that --allow-ambiguity option was set to "one" and only first alignment per each of these contigs was used.

	Covered Bases: 6720751

	SNPs: 4053
	Insertions: 286
	Deletions: 5716

