Aligning contigs to reference...
	Aligning contigs to the reference
Filtering alignments...
Parsing coords...
Loading reference...
	Loaded [sa_ill_sa_contig28]
	Loaded [sa_ill_sa_contig29]
	Loaded [sa_ill_sa_contig15]
	Loaded [sa_ill_sa_contig22]
	Loaded [sa_ill_sa_contig23]
	Loaded [sa_ill_sa_contig20]
	Loaded [sa_ill_sa_contig21]
	Loaded [sa_ill_sa_contig26]
	Loaded [sa_ill_sa_contig27]
	Loaded [sa_ill_sa_contig24]
	Loaded [sa_ill_sa_contig25]
	Loaded [sa_ill_sa_contig48]
	Loaded [sa_ill_sa_contig49]
	Loaded [sa_ill_sa_contig64]
	Loaded [sa_ill_sa_contig65]
	Loaded [sa_ill_sa_contig63]
	Loaded [sa_ill_sa_contig60]
	Loaded [sa_ill_sa_contig61]
	Loaded [sa_ill_sa_contig40]
	Loaded [sa_ill_sa_contig41]
	Loaded [sa_ill_sa_contig42]
	Loaded [sa_ill_sa_contig43]
	Loaded [sa_ill_sa_contig44]
	Loaded [sa_ill_sa_contig45]
	Loaded [sa_ill_sa_contig46]
	Loaded [sa_ill_sa_contig47]
	Loaded [sa_ill_sa_contig9]
	Loaded [sa_ill_sa_contig8]
	Loaded [sa_ill_sa_contig3]
	Loaded [sa_ill_sa_contig2]
	Loaded [sa_ill_sa_contig1]
	Loaded [sa_ill_sa_contig7]
	Loaded [sa_ill_sa_contig6]
	Loaded [sa_ill_sa_contig5]
	Loaded [sa_ill_sa_contig4]
	Loaded [sa_ill_sa_contig19]
	Loaded [sa_ill_sa_contig68]
	Loaded [sa_ill_sa_contig39]
	Loaded [sa_ill_sa_contig38]
	Loaded [sa_ill_sa_contig31]
	Loaded [sa_ill_sa_contig30]
	Loaded [sa_ill_sa_contig33]
	Loaded [sa_ill_sa_contig32]
	Loaded [sa_ill_sa_contig35]
	Loaded [sa_ill_sa_contig34]
	Loaded [sa_ill_sa_contig37]
	Loaded [sa_ill_sa_contig36]
	Loaded [sa_ill_sa_contig13]
	Loaded [sa_ill_sa_contig12]
	Loaded [sa_ill_sa_contig11]
	Loaded [sa_ill_sa_contig10]
	Loaded [sa_ill_sa_contig17]
	Loaded [sa_ill_sa_contig16]
	Loaded [sa_ill_sa_contig59]
	Loaded [sa_ill_sa_contig58]
	Loaded [sa_ill_sa_contig57]
	Loaded [sa_ill_sa_contig56]
	Loaded [sa_ill_sa_contig14]
	Loaded [sa_ill_sa_contig18]
	Loaded [sa_ill_sa_contig53]
	Loaded [sa_ill_sa_contig52]
	Loaded [sa_ill_sa_contig51]
	Loaded [sa_ill_sa_contig50]
	Loaded [sa_ill_sa_contig66]
	Loaded [sa_ill_sa_contig67]
	Loaded [sa_ill_sa_contig55]
	Loaded [sa_ill_sa_contig54]
	Total Regions: 67
	Total Region Length: 2689205
Analyzing contigs...
CONTIG: contig_14 (2719584bp)
Best alignment score: 223185.6 (LEN: 223409, IDY: 99.90), Total number of alignments: 168
			Too much alignments (168), will use speed up heuristics
			Found 63 solid alignments:
		Solid alignment 93908 142808 | 1 48927 | 48901 48927 | 99.88 | sa_ill_sa_contig6 contig_14
		Solid alignment 1 21042 | 49081 70130 | 21042 21050 | 99.9 | sa_ill_sa_contig31 contig_14
		Solid alignment 43249 70357 | 97624 70510 | 27109 27115 | 99.33 | sa_ill_sa_contig12 contig_14
		Solid alignment 1 44268 | 141396 97115 | 44268 44282 | 99.72 | sa_ill_sa_contig12 contig_14
		Solid alignment 1 50706 | 141352 192071 | 50706 50720 | 99.92 | sa_ill_sa_contig17 contig_14
		Solid alignment 1 5104 | 192017 197119 | 5104 5103 | 99.96 | sa_ill_sa_contig39 contig_14
		Solid alignment 1 14362 | 197065 211436 | 14362 14372 | 99.89 | sa_ill_sa_contig33 contig_14
		Solid alignment 1 6686 | 218835 212148 | 6686 6688 | 99.87 | sa_ill_sa_contig37 contig_14
		Solid alignment 1 2840 | 218861 221700 | 2840 2840 | 99.61 | sa_ill_sa_contig44 contig_14
		Solid alignment 1 1631 | 223276 221646 | 1631 1631 | 100.0 | sa_ill_sa_contig47 contig_14
		Solid alignment 1 41074 | 264386 223302 | 41074 41085 | 99.89 | sa_ill_sa_contig20 contig_14
		Solid alignment 1 1704 | 266034 264332 | 1704 1703 | 99.82 | sa_ill_sa_contig8 contig_14
		Solid alignment 203 3323 | 269544 266422 | 3121 3123 | 99.71 | sa_ill_sa_contig41 contig_14
		Solid alignment 1 38352 | 308543 270173 | 38352 38371 | 99.89 | sa_ill_sa_contig23 contig_14
		Solid alignment 1 1703 | 310652 308952 | 1703 1701 | 99.82 | sa_ill_sa_contig8 contig_14
		Solid alignment 1 3323 | 314304 310982 | 3323 3323 | 99.82 | sa_ill_sa_contig41 contig_14
		Solid alignment 1 1704 | 315908 314206 | 1704 1703 | 99.94 | sa_ill_sa_contig8 contig_14
		Solid alignment 203 3323 | 319326 316205 | 3121 3122 | 99.78 | sa_ill_sa_contig41 contig_14
		Solid alignment 1 56123 | 375813 319778 | 56123 56036 | 99.67 | sa_ill_sa_contig15 contig_14
		Solid alignment 1 3261 | 379790 376529 | 3261 3262 | 99.94 | sa_ill_sa_contig42 contig_14
		Solid alignment 1 211909 | 379990 591974 | 211909 211985 | 99.89 | sa_ill_sa_contig2 contig_14
		Solid alignment 1 207093 | 591921 798950 | 207093 207030 | 99.83 | sa_ill_sa_contig3 contig_14
		Solid alignment 1 78138 | 798963 877004 | 78138 78042 | 99.71 | sa_ill_sa_contig7 contig_14
		Solid alignment 77953 134302 | 876685 933050 | 56350 56366 | 99.88 | sa_ill_sa_contig7 contig_14
		Solid alignment 1 50729 | 983868 933113 | 50729 50756 | 99.89 | sa_ill_sa_contig16 contig_14
		Solid alignment 1 177172 | 1161103 983849 | 177172 177255 | 99.88 | sa_ill_sa_contig4 contig_14
		Solid alignment 1 41771 | 1161292 1203071 | 41771 41780 | 99.92 | sa_ill_sa_contig19 contig_14
		Solid alignment 62883 66071 | 1206251 1203061 | 3189 3191 | 99.59 | sa_ill_sa_contig13 contig_14
		Solid alignment 1 63338 | 1269392 1206026 | 63338 63367 | 99.83 | sa_ill_sa_contig13 contig_14
		Solid alignment 1 223346 | 1495612 1272204 | 223346 223409 | 99.9 | sa_ill_sa_contig1 contig_14
		Solid alignment 1 1418 | 1495558 1496976 | 1418 1419 | 99.79 | sa_ill_sa_contig48 contig_14
		Solid alignment 1 98600 | 1595583 1496943 | 98600 98641 | 99.89 | sa_ill_sa_contig11 contig_14
		Solid alignment 1 7163 | 1595529 1602695 | 7163 7167 | 99.92 | sa_ill_sa_contig36 contig_14
		Solid alignment 1 21790 | 1624464 1602670 | 21790 21795 | 99.91 | sa_ill_sa_contig30 contig_14
		Solid alignment 1 14210 | 1639387 1625177 | 14210 14211 | 99.89 | sa_ill_sa_contig34 contig_14
		Solid alignment 1 32969 | 1639540 1672519 | 32969 32980 | 99.86 | sa_ill_sa_contig26 contig_14
		Solid alignment 2 925 | 1672724 1673641 | 924 918 | 97.85 | sa_ill_sa_contig51 contig_14
		Solid alignment 198 3323 | 1674194 1677319 | 3126 3126 | 99.78 | sa_ill_sa_contig41 contig_14
		Solid alignment 1 1701 | 1677741 1679440 | 1701 1700 | 99.71 | sa_ill_sa_contig8 contig_14
		Solid alignment 1 28120 | 1679345 1707476 | 28120 28132 | 99.91 | sa_ill_sa_contig28 contig_14
		Solid alignment 1 39729 | 1707481 1747218 | 39729 39738 | 99.93 | sa_ill_sa_contig21 contig_14
		Solid alignment 1 62604 | 1747598 1810061 | 62604 62464 | 99.68 | sa_ill_sa_contig14 contig_14
		Solid alignment 203 3323 | 1810218 1813339 | 3121 3122 | 99.78 | sa_ill_sa_contig41 contig_14
		Solid alignment 1 1706 | 1813757 1815462 | 1706 1706 | 99.65 | sa_ill_sa_contig8 contig_14
		Solid alignment 1 34443 | 1849814 1815362 | 34443 34453 | 99.92 | sa_ill_sa_contig24 contig_14
		Solid alignment 1 38786 | 1888591 1849797 | 38786 38795 | 99.9 | sa_ill_sa_contig22 contig_14
		Solid alignment 1 34367 | 1923503 1889125 | 34367 34379 | 99.9 | sa_ill_sa_contig25 contig_14
		Solid alignment 203 3323 | 1923668 1926788 | 3121 3121 | 99.87 | sa_ill_sa_contig41 contig_14
		Solid alignment 1 131983 | 1927160 2059187 | 131983 132028 | 99.9 | sa_ill_sa_contig8 contig_14
		Solid alignment 1 149926 | 2059529 2209026 | 149926 149498 | 99.58 | sa_ill_sa_contig5 contig_14
		Solid alignment 1 30897 | 2209072 2239978 | 30897 30907 | 99.91 | sa_ill_sa_contig27 contig_14
		Solid alignment 5 2978 | 2243881 2240904 | 2974 2978 | 99.73 | sa_ill_sa_contig43 contig_14
		Solid alignment 1 13692 | 2257528 2243831 | 13692 13698 | 99.84 | sa_ill_sa_contig35 contig_14
		Solid alignment 1 125486 | 2258260 2383979 | 125486 125720 | 99.73 | sa_ill_sa_contig10 contig_14
		Solid alignment 1 20896 | 2407141 2386246 | 20896 20896 | 99.91 | sa_ill_sa_contig32 contig_14
		Solid alignment 1 130429 | 2537446 2407072 | 130429 130375 | 99.83 | sa_ill_sa_contig9 contig_14
		Solid alignment 1 4636 | 2537392 2542028 | 4636 4637 | 99.94 | sa_ill_sa_contig40 contig_14
		Solid alignment 1 5318 | 2542029 2547348 | 5318 5320 | 99.89 | sa_ill_sa_contig38 contig_14
		Solid alignment 1 4636 | 2551985 2547349 | 4636 4637 | 99.98 | sa_ill_sa_contig40 contig_14
		Solid alignment 1 26180 | 2578116 2551931 | 26180 26186 | 99.94 | sa_ill_sa_contig29 contig_14
		Solid alignment 1 1727 | 2581596 2579868 | 1727 1729 | 99.77 | sa_ill_sa_contig46 contig_14
		Solid alignment 1 43683 | 2581542 2625065 | 43683 43524 | 99.43 | sa_ill_sa_contig18 contig_14
		Solid alignment 1 93907 | 2625599 2719584 | 93907 93986 | 99.83 | sa_ill_sa_contig6 contig_14
			Skipping alignments located inside solid regions since they are redundant:
		Skipping redundant alignment 40727 41072 | 221854 221509 | 346 346 | 92.49 | sa_ill_sa_contig20 contig_14
		Skipping redundant alignment 1 157 | 264431 264274 | 157 158 | 98.1 | sa_ill_sa_contig41 contig_14
		Skipping redundant alignment 37896 37992 | 320181 320085 | 97 97 | 96.91 | sa_ill_sa_contig23 contig_14
		Skipping redundant alignment 353 542 | 376581 376770 | 190 190 | 94.74 | sa_ill_sa_contig2 contig_14
		Skipping redundant alignment 4728 4899 | 379725 379554 | 172 172 | 92.44 | sa_ill_sa_contig15 contig_14
		Skipping redundant alignment 4113 4199 | 380334 380248 | 87 87 | 91.95 | sa_ill_sa_contig15 contig_14
		Skipping redundant alignment 1 66 | 983822 983887 | 66 66 | 100.0 | sa_ill_sa_contig24 contig_14
		Skipping redundant alignment 164324 164418 | 983887 983794 | 95 94 | 96.84 | sa_ill_sa_contig2 contig_14
		Skipping redundant alignment 90837 90938 | 983787 983887 | 102 101 | 99.02 | sa_ill_sa_contig3 contig_14
		Skipping redundant alignment 45 153 | 983899 983792 | 109 108 | 99.08 | sa_ill_sa_contig21 contig_14
		Skipping redundant alignment 206251 206340 | 983903 983814 | 90 90 | 100.0 | sa_ill_sa_contig2 contig_14
		Skipping redundant alignment 46345 46434 | 983903 983814 | 90 90 | 100.0 | sa_ill_sa_contig4 contig_14
		Skipping redundant alignment 78678 78767 | 983903 983814 | 90 90 | 100.0 | sa_ill_sa_contig8 contig_14
		Skipping redundant alignment 31844 31933 | 983903 983814 | 90 90 | 97.78 | sa_ill_sa_contig10 contig_14
		Skipping redundant alignment 149769 149886 | 983787 983903 | 118 117 | 99.15 | sa_ill_sa_contig5 contig_14
		Skipping redundant alignment 34639 34756 | 983787 983903 | 118 117 | 99.15 | sa_ill_sa_contig6 contig_14
		Skipping redundant alignment 34799 34900 | 1202956 1202855 | 102 102 | 98.04 | sa_ill_sa_contig6 contig_14
		Skipping redundant alignment 31678 31950 | 1202889 1203163 | 273 275 | 95.64 | sa_ill_sa_contig10 contig_14
		Skipping redundant alignment 34638 34798 | 1203175 1203015 | 161 161 | 97.52 | sa_ill_sa_contig6 contig_14
		Skipping redundant alignment 149767 149926 | 1203176 1203017 | 160 160 | 98.12 | sa_ill_sa_contig5 contig_14
		Skipping redundant alignment 211641 211778 | 1595466 1595603 | 138 138 | 93.53 | sa_ill_sa_contig2 contig_14
		Skipping redundant alignment 139 293 | 1595614 1595460 | 155 155 | 93.59 | sa_ill_sa_contig27 contig_14
		Skipping redundant alignment 31526 31680 | 1595460 1595614 | 155 155 | 93.59 | sa_ill_sa_contig10 contig_14
		Skipping redundant alignment 90836 90999 | 1602724 1602561 | 164 164 | 99.39 | sa_ill_sa_contig3 contig_14
		Skipping redundant alignment 78536 78700 | 1602724 1602560 | 165 165 | 98.79 | sa_ill_sa_contig10 contig_14
		Skipping redundant alignment 206160 206254 | 1707371 1707465 | 95 95 | 96.84 | sa_ill_sa_contig2 contig_14
		Skipping redundant alignment 46254 46348 | 1707371 1707465 | 95 95 | 96.84 | sa_ill_sa_contig4 contig_14
		Skipping redundant alignment 206255 206363 | 1707525 1707633 | 109 109 | 99.08 | sa_ill_sa_contig2 contig_14
		Skipping redundant alignment 46349 46457 | 1707525 1707633 | 109 109 | 98.17 | sa_ill_sa_contig4 contig_14
		Skipping redundant alignment 78536 78699 | 1849851 1849688 | 164 164 | 99.39 | sa_ill_sa_contig10 contig_14
		Skipping redundant alignment 90836 91001 | 1849851 1849686 | 166 166 | 100.0 | sa_ill_sa_contig3 contig_14
		Skipping redundant alignment 12808 12927 | 2243703 2243584 | 120 120 | 90.83 | sa_ill_sa_contig35 contig_14
		Skipping redundant alignment 30505 30670 | 2243720 2243885 | 166 166 | 92.77 | sa_ill_sa_contig27 contig_14
		Skipping redundant alignment 12542 12624 | 2243970 2243888 | 83 83 | 96.39 | sa_ill_sa_contig35 contig_14
		Skipping redundant alignment 30742 30889 | 2243958 2244105 | 148 148 | 97.97 | sa_ill_sa_contig27 contig_14
		Skipping redundant alignment 7 169 | 2577665 2577827 | 163 163 | 92.02 | sa_ill_sa_contig54 contig_14
			Looking for the best set of alignments (out of 132 total alignments)
		Ambiguity for this contig is not checked for speed up (too much alignments and --ambiguity-usage is "one")
			Skipping redundant alignments after choosing the best set of alignments
		Skipping redundant alignment 98115 98262 | 49066 49213 | 148 148 | 100.0 | sa_ill_sa_contig11 contig_14
		Skipping redundant alignment 45956 46109 | 49060 49213 | 154 154 | 97.4 | sa_ill_sa_contig14 contig_14
		Skipping redundant alignment 106923 107138 | 70055 70270 | 216 216 | 99.54 | sa_ill_sa_contig3 contig_14
		Skipping redundant alignment 98002 98213 | 70076 70287 | 212 212 | 98.58 | sa_ill_sa_contig11 contig_14
		Skipping redundant alignment 45829 46060 | 70056 70287 | 232 232 | 99.57 | sa_ill_sa_contig14 contig_14
		Skipping redundant alignment 45829 46068 | 70056 70295 | 240 240 | 99.58 | sa_ill_sa_contig14 contig_14
		Skipping redundant alignment 98340 98591 | 70288 70539 | 252 252 | 98.02 | sa_ill_sa_contig11 contig_14
		Skipping redundant alignment 46187 46438 | 70288 70539 | 252 252 | 97.62 | sa_ill_sa_contig14 contig_14
		Skipping redundant alignment 62390 62538 | 269655 269509 | 149 147 | 92.72 | sa_ill_sa_contig14 contig_14
		Skipping redundant alignment 62501 62586 | 269801 269716 | 86 86 | 98.84 | sa_ill_sa_contig14 contig_14
		Skipping redundant alignment 55995 56117 | 269826 269705 | 123 122 | 98.37 | sa_ill_sa_contig15 contig_14
		Skipping redundant alignment 62390 62604 | 270191 269977 | 215 215 | 93.58 | sa_ill_sa_contig14 contig_14
		Skipping redundant alignment 62501 62604 | 319606 319503 | 104 104 | 99.04 | sa_ill_sa_contig14 contig_14
		Skipping redundant alignment 38161 38352 | 319631 319441 | 192 191 | 96.35 | sa_ill_sa_contig23 contig_14
		Skipping redundant alignment 38158 38352 | 319910 319716 | 195 195 | 94.87 | sa_ill_sa_contig23 contig_14
		Skipping redundant alignment 1 265 | 376241 376505 | 265 265 | 90.57 | sa_ill_sa_contig2 contig_14
		Skipping redundant alignment 266 334 | 376512 376580 | 69 69 | 92.75 | sa_ill_sa_contig2 contig_14
		Skipping redundant alignment 4206 4721 | 380247 379732 | 516 516 | 94.19 | sa_ill_sa_contig15 contig_14
		Skipping redundant alignment 3429 3620 | 1161026 1161217 | 192 192 | 99.48 | sa_ill_sa_contig19 contig_14
		Skipping redundant alignment 45962 46038 | 1161277 1161353 | 77 77 | 100.0 | sa_ill_sa_contig14 contig_14
		Skipping redundant alignment 98115 98191 | 1161277 1161353 | 77 77 | 98.7 | sa_ill_sa_contig11 contig_14
		Skipping redundant alignment 305 382 | 1639422 1639499 | 78 78 | 100.0 | sa_ill_sa_contig51 contig_14
		Skipping redundant alignment 1 161 | 1639422 1639594 | 161 173 | 93.06 | sa_ill_sa_contig51 contig_14
		Skipping redundant alignment 105 186 | 1672546 1672465 | 82 82 | 100.0 | sa_ill_sa_contig25 contig_14
		Skipping redundant alignment 164 242 | 1672550 1672628 | 79 79 | 100.0 | sa_ill_sa_contig23 contig_14
		Skipping redundant alignment 87 460 | 1673943 1674316 | 374 374 | 99.2 | sa_ill_sa_contig23 contig_14
		Skipping redundant alignment 688 765 | 1677522 1677599 | 78 78 | 100.0 | sa_ill_sa_contig51 contig_14
		Skipping redundant alignment 142 348 | 1707420 1707626 | 207 207 | 97.58 | sa_ill_sa_contig31 contig_14
		Skipping redundant alignment 45829 46373 | 1747707 1747164 | 545 544 | 98.17 | sa_ill_sa_contig14 contig_14
		Skipping redundant alignment 38188 38352 | 1809959 1810123 | 165 165 | 95.76 | sa_ill_sa_contig23 contig_14
		Skipping redundant alignment 249 397 | 1923658 1923510 | 149 149 | 98.66 | sa_ill_sa_contig34 contig_14
		Skipping redundant alignment 169546 169626 | 1923583 1923663 | 81 81 | 97.53 | sa_ill_sa_contig3 contig_14
		Skipping redundant alignment 98002 98191 | 2059091 2059280 | 190 190 | 97.89 | sa_ill_sa_contig11 contig_14
		Skipping redundant alignment 45846 46038 | 2059088 2059280 | 193 193 | 98.45 | sa_ill_sa_contig14 contig_14
		Skipping redundant alignment 106941 107135 | 2059088 2059282 | 195 195 | 98.46 | sa_ill_sa_contig3 contig_14
		Skipping redundant alignment 98002 98221 | 2059091 2059309 | 220 219 | 96.82 | sa_ill_sa_contig11 contig_14
		Skipping redundant alignment 98340 98600 | 2059302 2059562 | 261 261 | 95.02 | sa_ill_sa_contig11 contig_14
		Skipping redundant alignment 46187 46447 | 2059302 2059562 | 261 261 | 94.64 | sa_ill_sa_contig14 contig_14
		Skipping redundant alignment 126 348 | 2209102 2208881 | 223 222 | 91.67 | sa_ill_sa_contig31 contig_14
		Skipping redundant alignment 31524 31858 | 2209366 2209030 | 335 337 | 92.51 | sa_ill_sa_contig10 contig_14
		Skipping redundant alignment 13419 13651 | 2240841 2240608 | 233 234 | 91.49 | sa_ill_sa_contig35 contig_14
		Skipping redundant alignment 29935 30062 | 2240795 2240924 | 128 130 | 93.85 | sa_ill_sa_contig27 contig_14
		Skipping redundant alignment 1 162 | 2240795 2240958 | 162 164 | 93.29 | sa_ill_sa_contig53 contig_14
		Skipping redundant alignment 2568 3906 | 2258584 2257216 | 1339 1369 | 91.24 | sa_ill_sa_contig35 contig_14
		Skipping redundant alignment 334 638 | 2577993 2578297 | 305 305 | 90.16 | sa_ill_sa_contig54 contig_14
		Skipping redundant alignment 1173 1420 | 2578765 2578518 | 248 248 | 90.32 | sa_ill_sa_contig46 contig_14
		Skipping redundant alignment 1 280 | 2579102 2578823 | 280 280 | 91.07 | sa_ill_sa_contig46 contig_14
		Skipping redundant alignment 410 549 | 2579515 2579376 | 140 140 | 92.86 | sa_ill_sa_contig46 contig_14
		Skipping redundant alignment 1 370 | 2579924 2579555 | 370 370 | 91.35 | sa_ill_sa_contig46 contig_14
		Skipping redundant alignment 337 638 | 2579640 2579941 | 302 302 | 90.73 | sa_ill_sa_contig54 contig_14
			The best set is below. Score: 2701309.0, number of alignments: 82, unaligned bases: 9250
		This contig is misassembled.
		This contig is partially unaligned. (Aligned 2710334 out of 2719584 non-N bases (99.66%))
			Real Alignment 1: 93908 142808 | 1 48927 | 48901 48927 | 99.88 | sa_ill_sa_contig6 contig_14
			  Not a misassembly [fragmentation of reference genome] between these two alignments
			Excluding internal overlap of size 55 between Alignment 2 and 3: 98002 98213 | 70076 70287 | 212 212 --> 98057 98213 | 70131 70287 | 157 157
			Real Alignment 2: 1 21042 | 49081 70130 | 21042 21050 | 99.9 | sa_ill_sa_contig31 contig_14
			  Extensive misassembly (translocation) between these two alignments
			Real Alignment 3: 98057 98213 | 70131 70287 | 157 157 | 98.58 | sa_ill_sa_contig11 contig_14
			  Gap between these two alignments (local misassembly). Inconsistency = 126
			Excluding internal overlap of size 30 between Alignment 4 and 5: 98340 98591 | 70288 70539 | 252 252 --> 98340 98561 | 70288 70509 | 222 222
			Real Alignment 4: 98340 98561 | 70288 70509 | 222 222 | 98.02 | sa_ill_sa_contig11 contig_14
			  Indel (> 5bp) between these two alignments: deletion of length 39; 0 mismatches (number of Ns: 0) [fragmentation of reference genome]
			Excluding internal overlap of size 510 between Alignment 5 and 6: 43249 70357 | 97624 70510 | 27109 27115 --> 43758 70357 | 97114 70510 | 26600 26605
			Real Alignment 5: 43758 70357 | 97114 70510 | 26600 26605 | 99.33 | sa_ill_sa_contig12 contig_14
			  Overlap between these two alignments (local misassembly). Inconsistency = -511
			Excluding internal overlap of size 45 between Alignment 6 and 7: 1 44268 | 141396 97115 | 44268 44282 --> 46 44268 | 141351 97115 | 44223 44237
			Real Alignment 6: 46 44268 | 141351 97115 | 44223 44237 | 99.72 | sa_ill_sa_contig12 contig_14
			  Indel (> 5bp) between these two alignments: deletion of length 45; 0 mismatches (number of Ns: 0) [fragmentation of reference genome]
			Excluding internal overlap of size 55 between Alignment 7 and 8: 1 5104 | 192017 197119 | 5104 5103 --> 56 5104 | 192072 197119 | 5049 5048
			Real Alignment 7: 1 50706 | 141352 192071 | 50706 50720 | 99.92 | sa_ill_sa_contig17 contig_14
			  Indel (> 5bp) between these two alignments: deletion of length 55; 0 mismatches (number of Ns: 0) [fragmentation of reference genome]
			Excluding internal overlap of size 55 between Alignment 8 and 9: 56 5104 | 192072 197119 | 5049 5048 --> 56 5049 | 192072 197064 | 4994 4993
			Real Alignment 8: 56 5049 | 192072 197064 | 4994 4993 | 99.96 | sa_ill_sa_contig39 contig_14
			  Indel (> 5bp) between these two alignments: deletion of length 55; 0 mismatches (number of Ns: 0) [fragmentation of reference genome]
			Excluding internal overlap of size 55 between Alignment 9 and 10: 1 821 | 212202 211382 | 821 821 --> 1 766 | 212202 211437 | 766 766
			Real Alignment 9: 1 14362 | 197065 211436 | 14362 14372 | 99.89 | sa_ill_sa_contig33 contig_14
			  Indel (> 5bp) between these two alignments: deletion of length 55; 0 mismatches (number of Ns: 0) [fragmentation of reference genome]
			Excluding internal overlap of size 55 between Alignment 10 and 11: 1 766 | 212202 211437 | 766 766 --> 56 766 | 212147 211437 | 711 711
			Real Alignment 10: 56 766 | 212147 211437 | 711 711 | 100.0 | sa_ill_sa_contig55 contig_14
			  Indel (> 5bp) between these two alignments: deletion of length 55; 0 mismatches (number of Ns: 0) [fragmentation of reference genome]
			Real Alignment 11: 1 6686 | 218835 212148 | 6686 6688 | 99.87 | sa_ill_sa_contig37 contig_14
			  Not a misassembly [fragmentation of reference genome] between these two alignments
			Excluding internal overlap of size 55 between Alignment 12 and 13: 1 1631 | 223276 221646 | 1631 1631 --> 1 1576 | 223276 221701 | 1576 1576
			Real Alignment 12: 1 2840 | 218861 221700 | 2840 2840 | 99.61 | sa_ill_sa_contig44 contig_14
			  Indel (> 5bp) between these two alignments: deletion of length 55; 0 mismatches (number of Ns: 0) [fragmentation of reference genome]
			Real Alignment 13: 1 1576 | 223276 221701 | 1576 1576 | 100.0 | sa_ill_sa_contig47 contig_14
			  Not a misassembly [fragmentation of reference genome] between these two alignments
			Excluding internal overlap of size 55 between Alignment 14 and 15: 1 1704 | 266034 264332 | 1704 1703 --> 1 1649 | 266034 264387 | 1649 1648
			Real Alignment 14: 1 41074 | 264386 223302 | 41074 41085 | 99.89 | sa_ill_sa_contig20 contig_14
			  Extensive misassembly (translocation) between these two alignments
			Real Alignment 15: 1 1649 | 266034 264387 | 1649 1648 | 99.82 | sa_ill_sa_contig8 contig_14
			  Not a misassembly [fragmentation of reference genome] between these two alignments
			Real Alignment 16: 203 3323 | 269544 266422 | 3121 3123 | 99.71 | sa_ill_sa_contig41 contig_14
			  Extensive misassembly (translocation) between these two alignments
			Real Alignment 17: 38161 38352 | 269827 269637 | 192 191 | 95.31 | sa_ill_sa_contig23 contig_14
			  Gap between these two alignments (local misassembly). Inconsistency = -279
			Real Alignment 18: 38187 38352 | 270080 269915 | 166 166 | 98.8 | sa_ill_sa_contig23 contig_14
			  Gap between these two alignments (local misassembly). Inconsistency = -258
			Real Alignment 19: 1 38352 | 308543 270173 | 38352 38371 | 99.89 | sa_ill_sa_contig23 contig_14
			  Not a misassembly [fragmentation of reference genome] between these two alignments
			Real Alignment 20: 688 925 | 308938 308686 | 238 253 | 94.07 | sa_ill_sa_contig51 contig_14
			  Extensive misassembly (translocation) between these two alignments
			Real Alignment 21: 1 1703 | 310652 308952 | 1703 1701 | 99.82 | sa_ill_sa_contig8 contig_14
			  Not a misassembly [fragmentation of reference genome] between these two alignments
			Excluding internal overlap of size 99 between Alignment 22 and 23: 1 1704 | 315908 314206 | 1704 1703 --> 1 1604 | 315908 314305 | 1604 1604
			Real Alignment 22: 1 3323 | 314304 310982 | 3323 3323 | 99.82 | sa_ill_sa_contig41 contig_14
			  Extensive misassembly (translocation) between these two alignments
			Real Alignment 23: 1 1604 | 315908 314305 | 1604 1604 | 99.94 | sa_ill_sa_contig8 contig_14
			  Not a misassembly [fragmentation of reference genome] between these two alignments
			Real Alignment 24: 203 3323 | 319326 316205 | 3121 3122 | 99.78 | sa_ill_sa_contig41 contig_14
			  Extensive misassembly (translocation) between these two alignments
			Excluding internal overlap of size 3 between Alignment 25 and 26: 1 765 | 375811 376575 | 765 765 --> 4 765 | 375814 376575 | 762 762
			Real Alignment 25: 1 56123 | 375813 319778 | 56123 56036 | 99.67 | sa_ill_sa_contig15 contig_14
			  Indel (<= 5bp) between these two alignments: deletion of length 3; 0 mismatches (number of Ns: 0) [fragmentation of reference genome]
			Excluding internal overlap of size 47 between Alignment 26 and 27: 4 765 | 375814 376575 | 762 762 --> 4 718 | 375814 376528 | 715 715
			Real Alignment 26: 4 718 | 375814 376528 | 715 715 | 100.0 | sa_ill_sa_contig58 contig_14
			  Indel (> 5bp) between these two alignments: deletion of length 47; 0 mismatches (number of Ns: 0) [fragmentation of reference genome]
			Real Alignment 27: 1 3261 | 379790 376529 | 3261 3262 | 99.94 | sa_ill_sa_contig42 contig_14
			  Not a misassembly [fragmentation of reference genome] between these two alignments
			Excluding internal overlap of size 54 between Alignment 28 and 29: 1 207093 | 591921 798950 | 207093 207030 --> 55 207093 | 591975 798950 | 207039 206976
			Real Alignment 28: 1 211909 | 379990 591974 | 211909 211985 | 99.89 | sa_ill_sa_contig2 contig_14
			  Indel (> 5bp) between these two alignments: deletion of length 54; 0 mismatches (number of Ns: 0) [fragmentation of reference genome]
			Real Alignment 29: 55 207093 | 591975 798950 | 207039 206976 | 99.83 | sa_ill_sa_contig3 contig_14
			  Not a misassembly [fragmentation of reference genome] between these two alignments
			Excluding internal overlap of size 320 between Alignment 30 and 31: 77953 134302 | 876685 933050 | 56350 56366 --> 78271 134302 | 877005 933050 | 56032 56046
			Real Alignment 30: 1 78138 | 798963 877004 | 78138 78042 | 99.71 | sa_ill_sa_contig7 contig_14
			  Gap between these two alignments (local misassembly). Inconsistency = 132
			Real Alignment 31: 78271 134302 | 877005 933050 | 56032 56046 | 99.88 | sa_ill_sa_contig7 contig_14
			  Not a misassembly [fragmentation of reference genome] between these two alignments
			Excluding internal overlap of size 20 between Alignment 32 and 33: 1 50729 | 983868 933113 | 50729 50756 --> 21 50729 | 983848 933113 | 50709 50736
			Real Alignment 32: 21 50729 | 983848 933113 | 50709 50736 | 99.89 | sa_ill_sa_contig16 contig_14
			  Indel (> 5bp) between these two alignments: deletion of length 20; 0 mismatches (number of Ns: 0) [fragmentation of reference genome]
			Real Alignment 33: 1 177172 | 1161103 983849 | 177172 177255 | 99.88 | sa_ill_sa_contig4 contig_14
			  Not a misassembly [fragmentation of reference genome] between these two alignments
			Excluding internal overlap of size 11 between Alignment 34 and 35: 62883 66071 | 1206251 1203061 | 3189 3191 --> 62883 66060 | 1206251 1203072 | 3178 3180
			Real Alignment 34: 1 41771 | 1161292 1203071 | 41771 41780 | 99.92 | sa_ill_sa_contig19 contig_14
			  Indel (> 5bp) between these two alignments: deletion of length 11; 0 mismatches (number of Ns: 0) [fragmentation of reference genome]
			Excluding internal overlap of size 226 between Alignment 35 and 36: 62883 66060 | 1206251 1203072 | 3178 3180 --> 63108 66060 | 1206025 1203072 | 2953 2954
			Real Alignment 35: 63108 66060 | 1206025 1203072 | 2953 2954 | 99.59 | sa_ill_sa_contig13 contig_14
			  Overlap between these two alignments (local misassembly). Inconsistency = -231
			Excluding internal overlap of size 187 between Alignment 36 and 37: 124755 125486 | 1269206 1269937 | 732 732 --> 124942 125486 | 1269393 1269937 | 545 545
			Real Alignment 36: 1 63338 | 1269392 1206026 | 63338 63367 | 99.83 | sa_ill_sa_contig13 contig_14
			  Extensive misassembly (translocation) between these two alignments
			Excluding internal overlap of size 55 between Alignment 37 and 38: 124942 125486 | 1269393 1269937 | 545 545 --> 124942 125431 | 1269393 1269882 | 490 490
			Real Alignment 37: 124942 125431 | 1269393 1269882 | 490 490 | 93.44 | sa_ill_sa_contig10 contig_14
			  Indel (> 5bp) between these two alignments: deletion of length 55; 0 mismatches (number of Ns: 0) [fragmentation of reference genome]
			Real Alignment 38: 1 720 | 1269883 1270602 | 720 720 | 98.89 | sa_ill_sa_contig60 contig_14
			  Not a misassembly [fragmentation of reference genome] between these two alignments
			Excluding internal overlap of size 55 between Alignment 39 and 40: 1 539 | 1272258 1271720 | 539 539 --> 56 539 | 1272203 1271720 | 484 484
			Real Alignment 39: 56 539 | 1272203 1271720 | 484 484 | 99.07 | sa_ill_sa_contig65 contig_14
			  Indel (> 5bp) between these two alignments: deletion of length 55; 0 mismatches (number of Ns: 0) [fragmentation of reference genome]
			Excluding internal overlap of size 55 between Alignment 40 and 41: 1 1418 | 1495558 1496976 | 1418 1419 --> 56 1418 | 1495613 1496976 | 1363 1364
			Real Alignment 40: 1 223346 | 1495612 1272204 | 223346 223409 | 99.9 | sa_ill_sa_contig1 contig_14
			  Indel (> 5bp) between these two alignments: deletion of length 55; 0 mismatches (number of Ns: 0) [fragmentation of reference genome]
			Excluding internal overlap of size 34 between Alignment 41 and 42: 56 1418 | 1495613 1496976 | 1363 1364 --> 56 1384 | 1495613 1496942 | 1329 1330
			Real Alignment 41: 56 1384 | 1495613 1496942 | 1329 1330 | 99.79 | sa_ill_sa_contig48 contig_14
			  Indel (> 5bp) between these two alignments: deletion of length 34; 0 mismatches (number of Ns: 0) [fragmentation of reference genome]
			Excluding internal overlap of size 55 between Alignment 42 and 43: 1 7163 | 1595529 1602695 | 7163 7167 --> 56 7163 | 1595584 1602695 | 7108 7112
			Real Alignment 42: 1 98600 | 1595583 1496943 | 98600 98641 | 99.89 | sa_ill_sa_contig11 contig_14
			  Indel (> 5bp) between these two alignments: deletion of length 55; 0 mismatches (number of Ns: 0) [fragmentation of reference genome]
			Excluding internal overlap of size 26 between Alignment 43 and 44: 56 7163 | 1595584 1602695 | 7108 7112 --> 56 7137 | 1595584 1602669 | 7082 7086
			Real Alignment 43: 56 7137 | 1595584 1602669 | 7082 7086 | 99.92 | sa_ill_sa_contig36 contig_14
			  Indel (> 5bp) between these two alignments: deletion of length 26; 0 mismatches (number of Ns: 0) [fragmentation of reference genome]
			Excluding internal overlap of size 55 between Alignment 44 and 45: 1 821 | 1624410 1625231 | 821 822 --> 56 821 | 1624465 1625231 | 766 767
			Real Alignment 44: 1 21790 | 1624464 1602670 | 21790 21795 | 99.91 | sa_ill_sa_contig30 contig_14
			  Indel (> 5bp) between these two alignments: deletion of length 55; 0 mismatches (number of Ns: 0) [fragmentation of reference genome]
			Excluding internal overlap of size 55 between Alignment 45 and 46: 56 821 | 1624465 1625231 | 766 767 --> 56 766 | 1624465 1625176 | 711 712
			Real Alignment 45: 56 766 | 1624465 1625176 | 711 712 | 99.03 | sa_ill_sa_contig55 contig_14
			  Indel (> 5bp) between these two alignments: deletion of length 55; 0 mismatches (number of Ns: 0) [fragmentation of reference genome]
			Real Alignment 46: 1 14210 | 1639387 1625177 | 14210 14211 | 99.89 | sa_ill_sa_contig34 contig_14
			  Not a misassembly [fragmentation of reference genome] between these two alignments
			Real Alignment 47: 1 32969 | 1639540 1672519 | 32969 32980 | 99.86 | sa_ill_sa_contig26 contig_14
			  Gap between these two alignments (local misassembly). Inconsistency = 1 [fragmentation of reference genome]
			Real Alignment 48: 2 925 | 1672724 1673641 | 924 918 | 97.85 | sa_ill_sa_contig51 contig_14
			  Extensive misassembly (translocation) between these two alignments
			Real Alignment 49: 198 3323 | 1674194 1677319 | 3126 3126 | 99.78 | sa_ill_sa_contig41 contig_14
			  Not a misassembly [fragmentation of reference genome] between these two alignments
			Excluding internal overlap of size 96 between Alignment 50 and 51: 1 1701 | 1677741 1679440 | 1701 1700 --> 1 1604 | 1677741 1679344 | 1604 1604
			Real Alignment 50: 1 1604 | 1677741 1679344 | 1604 1604 | 99.71 | sa_ill_sa_contig8 contig_14
			  Extensive misassembly (translocation) between these two alignments
			Real Alignment 51: 1 28120 | 1679345 1707476 | 28120 28132 | 99.91 | sa_ill_sa_contig28 contig_14
			  Not a misassembly [fragmentation of reference genome] between these two alignments
			Excluding internal overlap of size 55 between Alignment 52 and 53: 97985 98526 | 1747703 1747164 | 542 540 --> 97985 98471 | 1747703 1747219 | 487 485
			Real Alignment 52: 1 39729 | 1707481 1747218 | 39729 39738 | 99.93 | sa_ill_sa_contig21 contig_14
			  Gap between these two alignments (local misassembly). Inconsistency = 129 [fragmentation of reference genome]
			Excluding internal overlap of size 106 between Alignment 53 and 54: 97985 98471 | 1747703 1747219 | 487 485 --> 98092 98471 | 1747597 1747219 | 380 379
			Real Alignment 53: 98092 98471 | 1747597 1747219 | 380 379 | 97.97 | sa_ill_sa_contig11 contig_14
			  Extensive misassembly (translocation) between these two alignments
			Real Alignment 54: 1 62604 | 1747598 1810061 | 62604 62464 | 99.68 | sa_ill_sa_contig14 contig_14
			  Gap between these two alignments (local misassembly). Inconsistency = -258
			Excluding internal overlap of size 36 between Alignment 55 and 56: 62396 62538 | 1810111 1810253 | 143 143 --> 62396 62502 | 1810111 1810217 | 107 107
			Real Alignment 55: 62396 62502 | 1810111 1810217 | 107 107 | 98.6 | sa_ill_sa_contig14 contig_14
			  Extensive misassembly (translocation) between these two alignments
			Real Alignment 56: 203 3323 | 1810218 1813339 | 3121 3122 | 99.78 | sa_ill_sa_contig41 contig_14
			  Not a misassembly [fragmentation of reference genome] between these two alignments
			Excluding internal overlap of size 101 between Alignment 57 and 58: 1 1706 | 1813757 1815462 | 1706 1706 --> 1 1604 | 1813757 1815361 | 1604 1605
			Real Alignment 57: 1 1604 | 1813757 1815361 | 1604 1605 | 99.65 | sa_ill_sa_contig8 contig_14
			  Extensive misassembly (translocation) between these two alignments
			Excluding internal overlap of size 18 between Alignment 58 and 59: 1 34443 | 1849814 1815362 | 34443 34453 --> 19 34443 | 1849796 1815362 | 34425 34435
			Real Alignment 58: 19 34443 | 1849796 1815362 | 34425 34435 | 99.92 | sa_ill_sa_contig24 contig_14
			  Indel (> 5bp) between these two alignments: deletion of length 18; 0 mismatches (number of Ns: 0) [fragmentation of reference genome]
			Excluding internal overlap of size 55 between Alignment 59 and 60: 1 643 | 1888537 1889179 | 643 643 --> 56 643 | 1888592 1889179 | 588 588
			Real Alignment 59: 1 38786 | 1888591 1849797 | 38786 38795 | 99.9 | sa_ill_sa_contig22 contig_14
			  Indel (> 5bp) between these two alignments: deletion of length 55; 0 mismatches (number of Ns: 0) [fragmentation of reference genome]
			Excluding internal overlap of size 55 between Alignment 60 and 61: 56 643 | 1888592 1889179 | 588 588 --> 56 588 | 1888592 1889124 | 533 533
			Real Alignment 60: 56 588 | 1888592 1889124 | 533 533 | 100.0 | sa_ill_sa_contig63 contig_14
			  Indel (> 5bp) between these two alignments: deletion of length 55; 0 mismatches (number of Ns: 0) [fragmentation of reference genome]
			Real Alignment 61: 1 34367 | 1923503 1889125 | 34367 34379 | 99.9 | sa_ill_sa_contig25 contig_14
			  Extensive misassembly (translocation) between these two alignments
			Real Alignment 62: 203 3323 | 1923668 1926788 | 3121 3121 | 99.87 | sa_ill_sa_contig41 contig_14
			  Not a misassembly [fragmentation of reference genome] between these two alignments
			Real Alignment 63: 1 131983 | 1927160 2059187 | 131983 132028 | 99.9 | sa_ill_sa_contig8 contig_14
			  Not a misassembly [fragmentation of reference genome] between these two alignments
			Real Alignment 64: 1 149926 | 2059529 2209026 | 149926 149498 | 99.58 | sa_ill_sa_contig5 contig_14
			  Not a misassembly [fragmentation of reference genome] between these two alignments
			Excluding internal overlap of size 55 between Alignment 65 and 66: 1 861 | 2239924 2240785 | 861 862 --> 56 861 | 2239979 2240785 | 806 807
			Real Alignment 65: 1 30897 | 2209072 2239978 | 30897 30907 | 99.91 | sa_ill_sa_contig27 contig_14
			  Indel (> 5bp) between these two alignments: deletion of length 55; 0 mismatches (number of Ns: 0) [fragmentation of reference genome]
			Real Alignment 66: 56 861 | 2239979 2240785 | 806 807 | 99.88 | sa_ill_sa_contig53 contig_14
			  Not a misassembly [fragmentation of reference genome] between these two alignments
			Excluding internal overlap of size 51 between Alignment 67 and 68: 5 2978 | 2243881 2240904 | 2974 2978 --> 56 2978 | 2243830 2240904 | 2923 2927
			Real Alignment 67: 56 2978 | 2243830 2240904 | 2923 2927 | 99.73 | sa_ill_sa_contig43 contig_14
			  Indel (> 5bp) between these two alignments: deletion of length 55; 0 mismatches (number of Ns: 0) [fragmentation of reference genome]
			Real Alignment 68: 1 13692 | 2257528 2243831 | 13692 13698 | 99.84 | sa_ill_sa_contig35 contig_14
			  Not a misassembly [fragmentation of reference genome] between these two alignments
			Excluding internal overlap of size 55 between Alignment 69 and 70: 1 720 | 2383925 2384644 | 720 720 --> 56 720 | 2383980 2384644 | 665 665
			Real Alignment 69: 1 125486 | 2258260 2383979 | 125486 125720 | 99.73 | sa_ill_sa_contig10 contig_14
			  Indel (> 5bp) between these two alignments: deletion of length 55; 0 mismatches (number of Ns: 0) [fragmentation of reference genome]
			Real Alignment 70: 56 720 | 2383980 2384644 | 665 665 | 100.0 | sa_ill_sa_contig60 contig_14
			  Not a misassembly [fragmentation of reference genome] between these two alignments
			Excluding internal overlap of size 55 between Alignment 71 and 72: 1 539 | 2386300 2385762 | 539 539 --> 56 539 | 2386245 2385762 | 484 484
			Real Alignment 71: 56 539 | 2386245 2385762 | 484 484 | 100.0 | sa_ill_sa_contig65 contig_14
			  Indel (> 5bp) between these two alignments: deletion of length 55; 0 mismatches (number of Ns: 0) [fragmentation of reference genome]
			Excluding internal overlap of size 70 between Alignment 72 and 73: 1 20896 | 2407141 2386246 | 20896 20896 --> 71 20896 | 2407071 2386246 | 20826 20826
			Real Alignment 72: 71 20896 | 2407071 2386246 | 20826 20826 | 99.91 | sa_ill_sa_contig32 contig_14
			  Extensive misassembly (translocation) between these two alignments
			Excluding internal overlap of size 55 between Alignment 73 and 74: 1 4636 | 2537392 2542028 | 4636 4637 --> 56 4636 | 2537447 2542028 | 4581 4582
			Real Alignment 73: 1 130429 | 2537446 2407072 | 130429 130375 | 99.83 | sa_ill_sa_contig9 contig_14
			  Indel (> 5bp) between these two alignments: deletion of length 55; 0 mismatches (number of Ns: 0) [fragmentation of reference genome]
			Real Alignment 74: 56 4636 | 2537447 2542028 | 4581 4582 | 99.94 | sa_ill_sa_contig40 contig_14
			  Not a misassembly [fragmentation of reference genome] between these two alignments
			Real Alignment 75: 1 5318 | 2542029 2547348 | 5318 5320 | 99.89 | sa_ill_sa_contig38 contig_14
			  Not a misassembly [fragmentation of reference genome] between these two alignments
			Excluding internal overlap of size 55 between Alignment 76 and 77: 1 4636 | 2551985 2547349 | 4636 4637 --> 56 4636 | 2551930 2547349 | 4581 4582
			Real Alignment 76: 56 4636 | 2551930 2547349 | 4581 4582 | 99.98 | sa_ill_sa_contig40 contig_14
			  Indel (> 5bp) between these two alignments: deletion of length 55; 0 mismatches (number of Ns: 0) [fragmentation of reference genome]
			Real Alignment 77: 1 26180 | 2578116 2551931 | 26180 26186 | 99.94 | sa_ill_sa_contig29 contig_14
			  Not a misassembly [fragmentation of reference genome] between these two alignments
			Real Alignment 78: 1 857 | 2578482 2579338 | 857 857 | 100.0 | sa_ill_sa_contig54 contig_14
			  Not a misassembly [fragmentation of reference genome] between these two alignments
			Excluding internal overlap of size 55 between Alignment 79 and 80: 1 1727 | 2581596 2579868 | 1727 1729 --> 56 1727 | 2581541 2579868 | 1672 1674
			Real Alignment 79: 56 1727 | 2581541 2579868 | 1672 1674 | 99.77 | sa_ill_sa_contig46 contig_14
			  Indel (> 5bp) between these two alignments: deletion of length 55; 0 mismatches (number of Ns: 0) [fragmentation of reference genome]
			Excluding internal overlap of size 54 between Alignment 80 and 81: 1 642 | 2625653 2625012 | 642 642 --> 1 588 | 2625653 2625066 | 588 588
			Real Alignment 80: 1 43683 | 2581542 2625065 | 43683 43524 | 99.43 | sa_ill_sa_contig18 contig_14
			  Indel (> 5bp) between these two alignments: deletion of length 55; 0 mismatches (number of Ns: 0) [fragmentation of reference genome]
			Excluding internal overlap of size 55 between Alignment 81 and 82: 1 588 | 2625653 2625066 | 588 588 --> 56 588 | 2625598 2625066 | 533 533
			Real Alignment 81: 56 588 | 2625598 2625066 | 533 533 | 99.07 | sa_ill_sa_contig63 contig_14
			  Indel (> 5bp) between these two alignments: deletion of length 55; 0 mismatches (number of Ns: 0) [fragmentation of reference genome]
			Real Alignment 82: 1 93907 | 2625599 2719584 | 93907 93986 | 99.83 | sa_ill_sa_contig6 contig_14
		Unaligned bases: 9250

CONTIG: contig_45 (2992072bp)
Best alignment score: 1409.5 (LEN: 1551, IDY: 90.88), Total number of alignments: 65
			Looking for the best set of alignments (out of 65 total alignments)
			Skipping redundant alignments after choosing the best set of alignments
		Skipping redundant alignment 689 759 | 1079615 1079545 | 71 71 | 98.59 | sa_ill_sa_contig51 contig_45
		Skipping redundant alignment 106080 106188 | 2093421 2093313 | 109 109 | 91.74 | sa_ill_sa_contig6 contig_45
		Skipping redundant alignment 681 862 | 290962 291138 | 182 177 | 92.9 | sa_ill_sa_contig51 contig_45
		Skipping redundant alignment 106 324 | 1304186 1303963 | 219 224 | 91.56 | sa_ill_sa_contig25 contig_45
		Skipping redundant alignment 689 759 | 532641 532711 | 71 71 | 98.59 | sa_ill_sa_contig51 contig_45
		Skipping redundant alignment 787 862 | 1786575 1786500 | 76 76 | 100.0 | sa_ill_sa_contig51 contig_45
		Skipping redundant alignment 691 768 | 1786670 1786593 | 78 78 | 97.44 | sa_ill_sa_contig51 contig_45
		Skipping redundant alignment 492 565 | 1786870 1786797 | 74 74 | 95.95 | sa_ill_sa_contig51 contig_45
		Skipping redundant alignment 106204 106292 | 2093297 2093209 | 89 89 | 91.01 | sa_ill_sa_contig6 contig_45
		This contig has several significant sets of alignments. [An ambiguously mapped contig]
		Using only the very best set (option --ambiguity-usage is set to "one").
			The best set is below. Score: 16778.6, number of alignments: 56, unaligned bases: 2970584
		This contig is misassembled.
		This contig is partially unaligned. (Aligned 21488 out of 2992072 non-N bases (0.72%))
			Warning! This contig is more unaligned than misassembled. Contig length is 2992072 (number of Ns: 0) and total length of all aligns is 21488
		Alignment: 497 577 | 286076 286156 | 81 81 | 92.59 | sa_ill_sa_contig41 contig_45
		Alignment: 589 1151 | 286168 286730 | 563 563 | 93.25 | sa_ill_sa_contig41 contig_45
		Alignment: 1158 1540 | 286737 287119 | 383 383 | 94.78 | sa_ill_sa_contig41 contig_45
		Alignment: 1559 1639 | 287139 287219 | 81 81 | 97.53 | sa_ill_sa_contig41 contig_45
		Alignment: 1871 2057 | 287449 287635 | 187 187 | 90.37 | sa_ill_sa_contig41 contig_45
		Alignment: 2099 2316 | 287682 287899 | 218 218 | 91.74 | sa_ill_sa_contig41 contig_45
		Alignment: 2614 2917 | 288199 288502 | 304 304 | 93.09 | sa_ill_sa_contig41 contig_45
		Alignment: 2985 3136 | 288571 288722 | 152 152 | 92.11 | sa_ill_sa_contig41 contig_45
		Alignment: 38 1590 | 289138 290688 | 1553 1551 | 90.88 | sa_ill_sa_contig8 contig_45
		Alignment: 497 577 | 292095 292175 | 81 81 | 92.59 | sa_ill_sa_contig41 contig_45
		Alignment: 589 1151 | 292187 292749 | 563 563 | 93.25 | sa_ill_sa_contig41 contig_45
		Alignment: 1158 1540 | 292756 293138 | 383 383 | 94.78 | sa_ill_sa_contig41 contig_45
		Alignment: 1559 1639 | 293158 293238 | 81 81 | 97.53 | sa_ill_sa_contig41 contig_45
		Alignment: 1871 2057 | 293468 293654 | 187 187 | 90.37 | sa_ill_sa_contig41 contig_45
		Alignment: 2099 2316 | 293701 293918 | 218 218 | 91.74 | sa_ill_sa_contig41 contig_45
		Alignment: 2614 2917 | 294218 294521 | 304 304 | 93.09 | sa_ill_sa_contig41 contig_45
		Alignment: 2985 3136 | 294590 294741 | 152 152 | 92.11 | sa_ill_sa_contig41 contig_45
		Alignment: 38 1590 | 295157 296707 | 1553 1551 | 90.82 | sa_ill_sa_contig8 contig_45
		Alignment: 497 577 | 529646 529726 | 81 81 | 92.59 | sa_ill_sa_contig41 contig_45
		Alignment: 589 1151 | 529738 530300 | 563 563 | 93.25 | sa_ill_sa_contig41 contig_45
		Alignment: 1158 1540 | 530307 530689 | 383 383 | 94.78 | sa_ill_sa_contig41 contig_45
		Alignment: 1559 1639 | 530709 530789 | 81 81 | 97.53 | sa_ill_sa_contig41 contig_45
		Alignment: 1871 2057 | 531019 531205 | 187 187 | 90.37 | sa_ill_sa_contig41 contig_45
		Alignment: 2099 2316 | 531252 531469 | 218 218 | 91.74 | sa_ill_sa_contig41 contig_45
		Alignment: 2614 2917 | 531769 532072 | 304 304 | 93.09 | sa_ill_sa_contig41 contig_45
		Alignment: 2985 3136 | 532141 532292 | 152 152 | 92.11 | sa_ill_sa_contig41 contig_45
		Alignment: 38 1590 | 532959 534509 | 1553 1551 | 90.82 | sa_ill_sa_contig8 contig_45
		Alignment: 20320 20490 | 581932 582102 | 171 171 | 90.64 | sa_ill_sa_contig15 contig_45
		Alignment: 20702 20898 | 582314 582510 | 197 197 | 90.86 | sa_ill_sa_contig15 contig_45
		Alignment: 38 1590 | 1079297 1077747 | 1553 1551 | 90.82 | sa_ill_sa_contig8 contig_45
		Alignment: 2985 3136 | 1080115 1079964 | 152 152 | 92.11 | sa_ill_sa_contig41 contig_45
		Alignment: 2614 2917 | 1080487 1080184 | 304 304 | 93.09 | sa_ill_sa_contig41 contig_45
		Alignment: 2099 2316 | 1081004 1080787 | 218 218 | 91.74 | sa_ill_sa_contig41 contig_45
		Alignment: 1871 2057 | 1081237 1081051 | 187 187 | 90.37 | sa_ill_sa_contig41 contig_45
		Alignment: 1559 1639 | 1081547 1081467 | 81 81 | 97.53 | sa_ill_sa_contig41 contig_45
		Alignment: 1158 1540 | 1081949 1081567 | 383 383 | 94.78 | sa_ill_sa_contig41 contig_45
		Alignment: 589 1151 | 1082518 1081956 | 563 563 | 93.25 | sa_ill_sa_contig41 contig_45
		Alignment: 497 577 | 1082610 1082530 | 81 81 | 92.59 | sa_ill_sa_contig41 contig_45
		Alignment: 38 1590 | 1677810 1676260 | 1553 1551 | 90.82 | sa_ill_sa_contig8 contig_45
		Alignment: 2985 3136 | 1678377 1678226 | 152 152 | 92.11 | sa_ill_sa_contig41 contig_45
		Alignment: 2614 2917 | 1678749 1678446 | 304 304 | 93.09 | sa_ill_sa_contig41 contig_45
		Alignment: 2099 2316 | 1679266 1679049 | 218 218 | 91.74 | sa_ill_sa_contig41 contig_45
		Alignment: 1871 2057 | 1679499 1679313 | 187 187 | 90.37 | sa_ill_sa_contig41 contig_45
		Alignment: 1559 1639 | 1679809 1679729 | 81 81 | 97.53 | sa_ill_sa_contig41 contig_45
		Alignment: 1158 1540 | 1680211 1679829 | 383 383 | 94.78 | sa_ill_sa_contig41 contig_45
		Alignment: 589 1151 | 1680780 1680218 | 563 563 | 93.25 | sa_ill_sa_contig41 contig_45
		Alignment: 497 577 | 1680872 1680792 | 81 81 | 92.59 | sa_ill_sa_contig41 contig_45
		Alignment: 38 1590 | 1782487 1780937 | 1553 1551 | 90.82 | sa_ill_sa_contig8 contig_45
		Alignment: 2985 3136 | 1783054 1782903 | 152 152 | 92.11 | sa_ill_sa_contig41 contig_45
		Alignment: 2614 2917 | 1783426 1783123 | 304 304 | 93.09 | sa_ill_sa_contig41 contig_45
		Alignment: 2099 2316 | 1783943 1783726 | 218 218 | 91.74 | sa_ill_sa_contig41 contig_45
		Alignment: 1871 2057 | 1784176 1783990 | 187 187 | 90.37 | sa_ill_sa_contig41 contig_45
		Alignment: 1559 1639 | 1784486 1784406 | 81 81 | 97.53 | sa_ill_sa_contig41 contig_45
		Alignment: 1158 1540 | 1784888 1784506 | 383 383 | 94.78 | sa_ill_sa_contig41 contig_45
		Alignment: 589 1151 | 1785457 1784895 | 563 563 | 93.25 | sa_ill_sa_contig41 contig_45
		Alignment: 497 577 | 1785549 1785469 | 81 81 | 92.59 | sa_ill_sa_contig41 contig_45
		Unaligned bases: 2970584

CONTIG: contig_47 (4045589bp)
Best alignment score: 2526.3 (LEN: 2807, IDY: 90.00), Total number of alignments: 57
			Looking for the best set of alignments (out of 57 total alignments)
			Skipping redundant alignments after choosing the best set of alignments
		Skipping redundant alignment 169463 169621 | 1500721 1500879 | 159 159 | 93.12 | sa_ill_sa_contig3 contig_47
		Skipping redundant alignment 788 861 | 2736634 2736561 | 74 74 | 97.3 | sa_ill_sa_contig51 contig_47
		Skipping redundant alignment 689 766 | 2736720 2736643 | 78 78 | 96.15 | sa_ill_sa_contig51 contig_47
		Skipping redundant alignment 165 240 | 1502406 1502481 | 76 76 | 96.05 | sa_ill_sa_contig23 contig_47
		Skipping redundant alignment 254 327 | 1502511 1502584 | 74 74 | 95.95 | sa_ill_sa_contig23 contig_47
		Skipping redundant alignment 689 766 | 2581684 2581607 | 78 78 | 97.44 | sa_ill_sa_contig51 contig_47
		Skipping redundant alignment 169463 169621 | 3096345 3096186 | 159 160 | 93.79 | sa_ill_sa_contig3 contig_47
		Skipping redundant alignment 198 275 | 3096467 3096544 | 78 78 | 97.44 | sa_ill_sa_contig25 contig_47
		Skipping redundant alignment 34155 34242 | 3096819 3096907 | 88 89 | 96.63 | sa_ill_sa_contig24 contig_47
		Skipping redundant alignment 689 766 | 2602296 2602219 | 78 78 | 97.44 | sa_ill_sa_contig51 contig_47
		Skipping redundant alignment 601 667 | 2640465 2640399 | 67 67 | 100.0 | sa_ill_sa_contig51 contig_47
		Skipping redundant alignment 105 270 | 2765001 2765165 | 166 165 | 96.41 | sa_ill_sa_contig25 contig_47
		Skipping redundant alignment 32667 32748 | 3494115 3494034 | 82 82 | 95.12 | sa_ill_sa_contig26 contig_47
		Skipping redundant alignment 105 190 | 3493769 3493855 | 86 87 | 97.7 | sa_ill_sa_contig25 contig_47
		Skipping redundant alignment 254 327 | 2665733 2665660 | 74 74 | 97.3 | sa_ill_sa_contig23 contig_47
		Skipping redundant alignment 165 240 | 2665810 2665735 | 76 76 | 96.05 | sa_ill_sa_contig23 contig_47
		Skipping redundant alignment 788 861 | 2666413 2666340 | 74 74 | 97.3 | sa_ill_sa_contig51 contig_47
		Skipping redundant alignment 689 766 | 2666499 2666422 | 78 78 | 97.44 | sa_ill_sa_contig51 contig_47
		Skipping redundant alignment 20693 20826 | 2703602 2703469 | 134 134 | 91.04 | sa_ill_sa_contig15 contig_47
		Skipping redundant alignment 32826 32901 | 3493933 3493858 | 76 76 | 94.74 | sa_ill_sa_contig26 contig_47
		This contig has several significant sets of alignments. [An ambiguously mapped contig]
		Using only the very best set (option --ambiguity-usage is set to "one").
			The best set is below. Score: 30723.7, number of alignments: 37, unaligned bases: 4007724
		This contig is misassembled.
		This contig is partially unaligned. (Aligned 37865 out of 4045589 non-N bases (0.94%))
			Warning! This contig is more unaligned than misassembled. Contig length is 4045589 (number of Ns: 0) and total length of all aligns is 37865
		Alignment: 492 565 | 1501587 1501660 | 74 74 | 93.24 | sa_ill_sa_contig51 contig_47
		Alignment: 589 679 | 1501661 1501751 | 91 91 | 90.11 | sa_ill_sa_contig51 contig_47
		Alignment: 691 765 | 1501759 1501833 | 75 75 | 97.33 | sa_ill_sa_contig51 contig_47
		Alignment: 788 861 | 1501841 1501914 | 74 74 | 97.3 | sa_ill_sa_contig51 contig_47
		Alignment: 497 3301 | 1502972 1505778 | 2805 2807 | 90.0 | sa_ill_sa_contig41 contig_47
		Alignment: 35 1591 | 1505950 1507504 | 1557 1555 | 91.96 | sa_ill_sa_contig8 contig_47
		Alignment: 35 1591 | 2581429 2579875 | 1557 1555 | 92.03 | sa_ill_sa_contig8 contig_47
		Alignment: 2615 2916 | 2582465 2582164 | 302 302 | 93.38 | sa_ill_sa_contig41 contig_47
		Alignment: 1867 2316 | 2583214 2582765 | 450 450 | 90.89 | sa_ill_sa_contig41 contig_47
		Alignment: 497 1540 | 2584584 2583541 | 1044 1044 | 94.25 | sa_ill_sa_contig41 contig_47
		Alignment: 35 1591 | 2602041 2600487 | 1557 1555 | 91.96 | sa_ill_sa_contig8 contig_47
		Alignment: 497 3301 | 2605196 2602390 | 2805 2807 | 90.0 | sa_ill_sa_contig41 contig_47
		Alignment: 35 1591 | 2662375 2660821 | 1557 1555 | 92.03 | sa_ill_sa_contig8 contig_47
		Alignment: 2615 2916 | 2663234 2662933 | 302 302 | 93.38 | sa_ill_sa_contig41 contig_47
		Alignment: 1867 2316 | 2663983 2663534 | 450 450 | 90.89 | sa_ill_sa_contig41 contig_47
		Alignment: 821 1540 | 2665029 2664310 | 720 720 | 93.19 | sa_ill_sa_contig41 contig_47
		Alignment: 497 819 | 2665352 2665030 | 323 323 | 96.59 | sa_ill_sa_contig41 contig_47
		Alignment: 35 1591 | 2668297 2666743 | 1557 1555 | 92.03 | sa_ill_sa_contig8 contig_47
		Alignment: 497 3301 | 2671275 2668469 | 2805 2807 | 90.0 | sa_ill_sa_contig41 contig_47
		Alignment: 35 1591 | 2732838 2731285 | 1557 1554 | 91.84 | sa_ill_sa_contig8 contig_47
		Alignment: 2615 2916 | 2733697 2733396 | 302 302 | 93.38 | sa_ill_sa_contig41 contig_47
		Alignment: 1867 2316 | 2734446 2733997 | 450 450 | 90.89 | sa_ill_sa_contig41 contig_47
		Alignment: 497 1540 | 2735816 2734773 | 1044 1044 | 94.25 | sa_ill_sa_contig41 contig_47
		Alignment: 35 1591 | 2738451 2736897 | 1557 1555 | 91.9 | sa_ill_sa_contig8 contig_47
		Alignment: 497 3301 | 2741429 2738623 | 2805 2807 | 90.0 | sa_ill_sa_contig41 contig_47
		Alignment: 35 1591 | 2743451 2741898 | 1557 1554 | 91.84 | sa_ill_sa_contig8 contig_47
		Alignment: 2615 2916 | 2744310 2744009 | 302 302 | 93.38 | sa_ill_sa_contig41 contig_47
		Alignment: 1867 2316 | 2745059 2744610 | 450 450 | 90.67 | sa_ill_sa_contig41 contig_47
		Alignment: 497 1540 | 2746429 2745386 | 1044 1044 | 94.25 | sa_ill_sa_contig41 contig_47
		Alignment: 35 1591 | 3196903 3195349 | 1557 1555 | 92.03 | sa_ill_sa_contig8 contig_47
		Alignment: 2615 2916 | 3197762 3197461 | 302 302 | 93.38 | sa_ill_sa_contig41 contig_47
		Alignment: 1867 2316 | 3198511 3198062 | 450 450 | 90.89 | sa_ill_sa_contig41 contig_47
		Alignment: 497 1540 | 3199881 3198838 | 1044 1044 | 94.16 | sa_ill_sa_contig41 contig_47
		Alignment: 35 1591 | 3489669 3488115 | 1557 1555 | 92.03 | sa_ill_sa_contig8 contig_47
		Alignment: 2615 2916 | 3490528 3490227 | 302 302 | 93.38 | sa_ill_sa_contig41 contig_47
		Alignment: 1867 2316 | 3491277 3490828 | 450 450 | 90.89 | sa_ill_sa_contig41 contig_47
		Alignment: 497 1540 | 3492647 3491604 | 1044 1044 | 94.25 | sa_ill_sa_contig41 contig_47
		Unaligned bases: 4007724

CONTIG: contig_128 (2845429bp)
Best alignment score: 567.0 (LEN: 599, IDY: 94.66), Total number of alignments: 48
			Looking for the best set of alignments (out of 48 total alignments)
			Skipping redundant alignments after choosing the best set of alignments
		Skipping redundant alignment 110713 110836 | 1594325 1594448 | 124 124 | 91.94 | sa_ill_sa_contig1 contig_128
		Skipping redundant alignment 786 861 | 280366 280291 | 76 76 | 100.0 | sa_ill_sa_contig51 contig_128
		This contig has several significant sets of alignments. [An ambiguously mapped contig]
		Using only the very best set (option --ambiguity-usage is set to "one").
			The best set is below. Score: 9415.1, number of alignments: 46, unaligned bases: 2833821
		This contig is misassembled.
		This contig is partially unaligned. (Aligned 11608 out of 2845429 non-N bases (0.41%))
			Warning! This contig is more unaligned than misassembled. Contig length is 2845429 (number of Ns: 0) and total length of all aligns is 11608
		Alignment: 497 1095 | 1 599 | 599 599 | 94.66 | sa_ill_sa_contig41 contig_128
		Alignment: 1191 1538 | 695 1042 | 348 348 | 95.11 | sa_ill_sa_contig41 contig_128
		Alignment: 2102 2316 | 1597 1811 | 215 215 | 95.35 | sa_ill_sa_contig41 contig_128
		Alignment: 2346 2414 | 1841 1909 | 69 69 | 95.65 | sa_ill_sa_contig41 contig_128
		Alignment: 3006 3134 | 2497 2625 | 129 129 | 93.8 | sa_ill_sa_contig41 contig_128
		Alignment: 3184 3302 | 2674 2792 | 119 119 | 94.12 | sa_ill_sa_contig41 contig_128
		Alignment: 38 431 | 3023 3416 | 394 394 | 90.61 | sa_ill_sa_contig8 contig_128
		Alignment: 437 551 | 3422 3536 | 115 115 | 96.52 | sa_ill_sa_contig8 contig_128
		Alignment: 561 1110 | 3544 4093 | 550 550 | 94.73 | sa_ill_sa_contig8 contig_128
		Alignment: 1136 1374 | 4119 4357 | 239 239 | 92.47 | sa_ill_sa_contig8 contig_128
		Alignment: 19874 19965 | 58856 58947 | 92 92 | 91.3 | sa_ill_sa_contig15 contig_128
		Alignment: 20204 20310 | 59186 59292 | 107 107 | 94.39 | sa_ill_sa_contig15 contig_128
		Alignment: 20351 20466 | 59336 59451 | 116 116 | 93.1 | sa_ill_sa_contig15 contig_128
		Alignment: 1136 1374 | 275150 274912 | 239 239 | 92.47 | sa_ill_sa_contig8 contig_128
		Alignment: 561 1110 | 275725 275176 | 550 550 | 94.73 | sa_ill_sa_contig8 contig_128
		Alignment: 437 551 | 275847 275733 | 115 115 | 96.52 | sa_ill_sa_contig8 contig_128
		Alignment: 38 431 | 276246 275853 | 394 394 | 90.61 | sa_ill_sa_contig8 contig_128
		Alignment: 3184 3302 | 276595 276477 | 119 119 | 94.12 | sa_ill_sa_contig41 contig_128
		Alignment: 3006 3134 | 276772 276644 | 129 129 | 93.8 | sa_ill_sa_contig41 contig_128
		Alignment: 2346 2414 | 277428 277360 | 69 69 | 95.65 | sa_ill_sa_contig41 contig_128
		Alignment: 2102 2316 | 277672 277458 | 215 215 | 95.35 | sa_ill_sa_contig41 contig_128
		Alignment: 1191 1538 | 278574 278227 | 348 348 | 95.11 | sa_ill_sa_contig41 contig_128
		Alignment: 497 1095 | 279268 278670 | 599 599 | 94.66 | sa_ill_sa_contig41 contig_128
		Alignment: 1136 1374 | 718278 718040 | 239 239 | 92.47 | sa_ill_sa_contig8 contig_128
		Alignment: 561 1110 | 718853 718304 | 550 550 | 94.73 | sa_ill_sa_contig8 contig_128
		Alignment: 437 551 | 718975 718861 | 115 115 | 96.52 | sa_ill_sa_contig8 contig_128
		Alignment: 38 431 | 719374 718981 | 394 394 | 90.61 | sa_ill_sa_contig8 contig_128
		Alignment: 3184 3302 | 719825 719707 | 119 119 | 94.12 | sa_ill_sa_contig41 contig_128
		Alignment: 3006 3134 | 720002 719874 | 129 129 | 93.8 | sa_ill_sa_contig41 contig_128
		Alignment: 2346 2414 | 720658 720590 | 69 69 | 95.65 | sa_ill_sa_contig41 contig_128
		Alignment: 2102 2316 | 720902 720688 | 215 215 | 95.35 | sa_ill_sa_contig41 contig_128
		Alignment: 1191 1538 | 721804 721457 | 348 348 | 95.11 | sa_ill_sa_contig41 contig_128
		Alignment: 497 1095 | 722498 721900 | 599 599 | 94.66 | sa_ill_sa_contig41 contig_128
		Alignment: 785 865 | 723519 723439 | 81 81 | 98.77 | sa_ill_sa_contig51 contig_128
		Alignment: 691 766 | 723603 723528 | 76 76 | 96.05 | sa_ill_sa_contig51 contig_128
		Alignment: 585 666 | 723707 723626 | 82 82 | 91.46 | sa_ill_sa_contig51 contig_128
		Alignment: 491 565 | 723793 723719 | 75 75 | 93.33 | sa_ill_sa_contig51 contig_128
		Alignment: 1136 1374 | 1337515 1337277 | 239 239 | 92.47 | sa_ill_sa_contig8 contig_128
		Alignment: 561 1110 | 1338090 1337541 | 550 550 | 94.73 | sa_ill_sa_contig8 contig_128
		Alignment: 437 551 | 1338212 1338098 | 115 115 | 96.52 | sa_ill_sa_contig8 contig_128
		Alignment: 38 431 | 1338611 1338218 | 394 394 | 90.61 | sa_ill_sa_contig8 contig_128
		Alignment: 3006 3124 | 1339239 1339121 | 119 119 | 96.64 | sa_ill_sa_contig41 contig_128
		Alignment: 2346 2414 | 1339895 1339827 | 69 69 | 95.65 | sa_ill_sa_contig41 contig_128
		Alignment: 2102 2316 | 1340139 1339925 | 215 215 | 95.35 | sa_ill_sa_contig41 contig_128
		Alignment: 1191 1538 | 1341041 1340694 | 348 348 | 95.11 | sa_ill_sa_contig41 contig_128
		Alignment: 497 1095 | 1341735 1341137 | 599 599 | 94.66 | sa_ill_sa_contig41 contig_128
		Unaligned bases: 2833821

CONTIG: contig_2 (1938810bp)
Best alignment score: 560.0 (LEN: 600, IDY: 93.33), Total number of alignments: 37
			Looking for the best set of alignments (out of 37 total alignments)
			The best set is below. Score: 5400.2, number of alignments: 37, unaligned bases: 1930287
		This contig is misassembled.
		This contig is partially unaligned. (Aligned 8523 out of 1938810 non-N bases (0.44%))
			Warning! This contig is more unaligned than misassembled. Contig length is 1938810 (number of Ns: 0) and total length of all aligns is 8523
		Alignment: 589 819 | 65121 65351 | 231 231 | 98.27 | sa_ill_sa_contig41 contig_2
		Alignment: 821 1095 | 65352 65626 | 275 275 | 93.45 | sa_ill_sa_contig41 contig_2
		Alignment: 1150 1543 | 65681 66074 | 394 394 | 90.61 | sa_ill_sa_contig41 contig_2
		Alignment: 2105 2299 | 66629 66823 | 195 195 | 93.33 | sa_ill_sa_contig41 contig_2
		Alignment: 2342 2421 | 66866 66945 | 80 80 | 90.0 | sa_ill_sa_contig41 contig_2
		Alignment: 3008 3122 | 67535 67649 | 115 115 | 91.3 | sa_ill_sa_contig41 contig_2
		Alignment: 471 545 | 68659 68733 | 75 75 | 98.67 | sa_ill_sa_contig8 contig_2
		Alignment: 567 826 | 68753 69012 | 260 260 | 91.54 | sa_ill_sa_contig8 contig_2
		Alignment: 589 1095 | 142210 142716 | 507 507 | 95.66 | sa_ill_sa_contig41 contig_2
		Alignment: 1150 1543 | 142771 143164 | 394 394 | 90.61 | sa_ill_sa_contig41 contig_2
		Alignment: 2105 2299 | 143719 143913 | 195 195 | 93.33 | sa_ill_sa_contig41 contig_2
		Alignment: 2342 2421 | 143956 144035 | 80 80 | 91.25 | sa_ill_sa_contig41 contig_2
		Alignment: 3008 3122 | 144625 144739 | 115 115 | 90.43 | sa_ill_sa_contig41 contig_2
		Alignment: 471 545 | 145554 145628 | 75 75 | 98.67 | sa_ill_sa_contig8 contig_2
		Alignment: 567 826 | 145648 145907 | 260 260 | 91.54 | sa_ill_sa_contig8 contig_2
		Alignment: 496 1095 | 177641 178240 | 600 600 | 93.33 | sa_ill_sa_contig41 contig_2
		Alignment: 1150 1543 | 178295 178688 | 394 394 | 90.61 | sa_ill_sa_contig41 contig_2
		Alignment: 2105 2299 | 179243 179437 | 195 195 | 93.33 | sa_ill_sa_contig41 contig_2
		Alignment: 2342 2421 | 179480 179559 | 80 80 | 90.0 | sa_ill_sa_contig41 contig_2
		Alignment: 3008 3122 | 180149 180263 | 115 115 | 91.3 | sa_ill_sa_contig41 contig_2
		Alignment: 471 545 | 181079 181153 | 75 75 | 98.67 | sa_ill_sa_contig8 contig_2
		Alignment: 567 826 | 181173 181432 | 260 260 | 91.54 | sa_ill_sa_contig8 contig_2
		Alignment: 965 1096 | 842448 842317 | 132 132 | 92.42 | sa_ill_sa_contig8 contig_2
		Alignment: 567 826 | 842846 842587 | 260 260 | 91.54 | sa_ill_sa_contig8 contig_2
		Alignment: 471 545 | 842940 842866 | 75 75 | 98.67 | sa_ill_sa_contig8 contig_2
		Alignment: 3008 3122 | 844064 843950 | 115 115 | 91.3 | sa_ill_sa_contig41 contig_2
		Alignment: 2342 2421 | 844733 844654 | 80 80 | 90.0 | sa_ill_sa_contig41 contig_2
		Alignment: 2105 2299 | 844970 844776 | 195 195 | 93.33 | sa_ill_sa_contig41 contig_2
		Alignment: 1150 1543 | 845918 845525 | 394 394 | 90.61 | sa_ill_sa_contig41 contig_2
		Alignment: 589 1095 | 846479 845973 | 507 507 | 95.66 | sa_ill_sa_contig41 contig_2
		Alignment: 496 1095 | 1655882 1656481 | 600 600 | 93.33 | sa_ill_sa_contig41 contig_2
		Alignment: 1150 1543 | 1656536 1656929 | 394 394 | 90.61 | sa_ill_sa_contig41 contig_2
		Alignment: 1561 1674 | 1656937 1657050 | 114 114 | 95.61 | sa_ill_sa_contig41 contig_2
		Alignment: 2683 2904 | 1658069 1658290 | 222 222 | 90.54 | sa_ill_sa_contig41 contig_2
		Alignment: 102 231 | 1658956 1659085 | 130 130 | 91.54 | sa_ill_sa_contig8 contig_2
		Alignment: 471 545 | 1659335 1659409 | 75 75 | 98.67 | sa_ill_sa_contig8 contig_2
		Alignment: 567 826 | 1659429 1659688 | 260 260 | 91.54 | sa_ill_sa_contig8 contig_2
		Unaligned bases: 1930287

CONTIG: contig_53 (4758100bp)
Best alignment score: 209.0 (LEN: 230, IDY: 90.87), Total number of alignments: 35
			Looking for the best set of alignments (out of 35 total alignments)
			The best set is below. Score: 773.1, number of alignments: 35, unaligned bases: 4753732
		This contig is misassembled.
		This contig is partially unaligned. (Aligned 4368 out of 4758100 non-N bases (0.09%))
			Warning! This contig is more unaligned than misassembled. Contig length is 4758100 (number of Ns: 0) and total length of all aligns is 4368
		Alignment: 671 900 | 806231 806460 | 230 230 | 90.87 | sa_ill_sa_contig41 contig_53
		Alignment: 1309 1402 | 806869 806962 | 94 94 | 96.81 | sa_ill_sa_contig41 contig_53
		Alignment: 455 542 | 809613 809700 | 88 88 | 90.91 | sa_ill_sa_contig8 contig_53
		Alignment: 590 729 | 809746 809885 | 140 140 | 91.43 | sa_ill_sa_contig8 contig_53
		Alignment: 769 840 | 809924 809995 | 72 72 | 95.83 | sa_ill_sa_contig8 contig_53
		Alignment: 671 900 | 1472498 1472727 | 230 230 | 90.87 | sa_ill_sa_contig41 contig_53
		Alignment: 1309 1402 | 1473136 1473229 | 94 94 | 96.81 | sa_ill_sa_contig41 contig_53
		Alignment: 455 542 | 1475880 1475967 | 88 88 | 90.91 | sa_ill_sa_contig8 contig_53
		Alignment: 590 729 | 1476013 1476152 | 140 140 | 91.43 | sa_ill_sa_contig8 contig_53
		Alignment: 769 840 | 1476191 1476262 | 72 72 | 95.83 | sa_ill_sa_contig8 contig_53
		Alignment: 769 840 | 1992778 1992707 | 72 72 | 95.83 | sa_ill_sa_contig8 contig_53
		Alignment: 590 729 | 1992956 1992817 | 140 140 | 91.43 | sa_ill_sa_contig8 contig_53
		Alignment: 455 542 | 1993089 1993002 | 88 88 | 90.91 | sa_ill_sa_contig8 contig_53
		Alignment: 1309 1402 | 1995992 1995899 | 94 94 | 96.81 | sa_ill_sa_contig41 contig_53
		Alignment: 671 900 | 1996630 1996401 | 230 230 | 90.87 | sa_ill_sa_contig41 contig_53
		Alignment: 769 840 | 2087866 2087795 | 72 72 | 95.83 | sa_ill_sa_contig8 contig_53
		Alignment: 590 729 | 2088044 2087905 | 140 140 | 91.43 | sa_ill_sa_contig8 contig_53
		Alignment: 455 542 | 2088177 2088090 | 88 88 | 90.91 | sa_ill_sa_contig8 contig_53
		Alignment: 1309 1402 | 2090921 2090828 | 94 94 | 96.81 | sa_ill_sa_contig41 contig_53
		Alignment: 671 900 | 2091559 2091330 | 230 230 | 90.87 | sa_ill_sa_contig41 contig_53
		Alignment: 769 840 | 2243101 2243030 | 72 72 | 95.83 | sa_ill_sa_contig8 contig_53
		Alignment: 590 729 | 2243279 2243140 | 140 140 | 91.43 | sa_ill_sa_contig8 contig_53
		Alignment: 455 542 | 2243412 2243325 | 88 88 | 90.91 | sa_ill_sa_contig8 contig_53
		Alignment: 1309 1402 | 2246315 2246222 | 94 94 | 96.81 | sa_ill_sa_contig41 contig_53
		Alignment: 671 900 | 2246953 2246724 | 230 230 | 90.87 | sa_ill_sa_contig41 contig_53
		Alignment: 769 840 | 2286016 2285945 | 72 72 | 95.83 | sa_ill_sa_contig8 contig_53
		Alignment: 590 729 | 2286194 2286055 | 140 140 | 91.43 | sa_ill_sa_contig8 contig_53
		Alignment: 455 542 | 2286327 2286240 | 88 88 | 90.91 | sa_ill_sa_contig8 contig_53
		Alignment: 1309 1402 | 2289071 2288978 | 94 94 | 96.81 | sa_ill_sa_contig41 contig_53
		Alignment: 671 900 | 2289709 2289480 | 230 230 | 90.87 | sa_ill_sa_contig41 contig_53
		Alignment: 769 840 | 3035558 3035487 | 72 72 | 95.83 | sa_ill_sa_contig8 contig_53
		Alignment: 590 729 | 3035736 3035597 | 140 140 | 91.43 | sa_ill_sa_contig8 contig_53
		Alignment: 455 542 | 3035869 3035782 | 88 88 | 90.91 | sa_ill_sa_contig8 contig_53
		Alignment: 1309 1402 | 3038872 3038779 | 94 94 | 96.81 | sa_ill_sa_contig41 contig_53
		Alignment: 671 900 | 3039510 3039281 | 230 230 | 90.87 | sa_ill_sa_contig41 contig_53
		Unaligned bases: 4753732

CONTIG: contig_54 (4765364bp)
Best alignment score: 209.0 (LEN: 230, IDY: 90.87), Total number of alignments: 35
			Looking for the best set of alignments (out of 35 total alignments)
			The best set is below. Score: 667.9, number of alignments: 35, unaligned bases: 4761129
		This contig is misassembled.
		This contig is partially unaligned. (Aligned 4235 out of 4765364 non-N bases (0.09%))
			Warning! This contig is more unaligned than misassembled. Contig length is 4765364 (number of Ns: 0) and total length of all aligns is 4235
		Alignment: 671 900 | 304200 304429 | 230 230 | 90.87 | sa_ill_sa_contig41 contig_54
		Alignment: 1309 1402 | 304838 304931 | 94 94 | 96.81 | sa_ill_sa_contig41 contig_54
		Alignment: 455 542 | 307657 307744 | 88 88 | 90.91 | sa_ill_sa_contig8 contig_54
		Alignment: 590 709 | 307790 307909 | 120 120 | 93.33 | sa_ill_sa_contig8 contig_54
		Alignment: 769 841 | 307968 308040 | 73 73 | 95.89 | sa_ill_sa_contig8 contig_54
		Alignment: 671 900 | 1012526 1012755 | 230 230 | 90.87 | sa_ill_sa_contig41 contig_54
		Alignment: 1309 1402 | 1013164 1013257 | 94 94 | 96.81 | sa_ill_sa_contig41 contig_54
		Alignment: 455 542 | 1015989 1016076 | 88 88 | 90.91 | sa_ill_sa_contig8 contig_54
		Alignment: 590 709 | 1016122 1016241 | 120 120 | 93.33 | sa_ill_sa_contig8 contig_54
		Alignment: 769 841 | 1016300 1016372 | 73 73 | 95.89 | sa_ill_sa_contig8 contig_54
		Alignment: 769 841 | 1556934 1556862 | 73 73 | 95.89 | sa_ill_sa_contig8 contig_54
		Alignment: 590 709 | 1557112 1556993 | 120 120 | 93.33 | sa_ill_sa_contig8 contig_54
		Alignment: 455 542 | 1557245 1557158 | 88 88 | 90.91 | sa_ill_sa_contig8 contig_54
		Alignment: 1309 1402 | 1559987 1559894 | 94 94 | 96.81 | sa_ill_sa_contig41 contig_54
		Alignment: 671 900 | 1560625 1560396 | 230 230 | 90.87 | sa_ill_sa_contig41 contig_54
		Alignment: 769 841 | 1650558 1650486 | 73 73 | 95.89 | sa_ill_sa_contig8 contig_54
		Alignment: 590 709 | 1650736 1650617 | 120 120 | 93.33 | sa_ill_sa_contig8 contig_54
		Alignment: 455 542 | 1650869 1650782 | 88 88 | 90.91 | sa_ill_sa_contig8 contig_54
		Alignment: 1309 1402 | 1653705 1653612 | 94 94 | 96.81 | sa_ill_sa_contig41 contig_54
		Alignment: 671 900 | 1654343 1654114 | 230 230 | 90.87 | sa_ill_sa_contig41 contig_54
		Alignment: 769 841 | 1781684 1781612 | 73 73 | 95.89 | sa_ill_sa_contig8 contig_54
		Alignment: 590 709 | 1781862 1781743 | 120 120 | 93.33 | sa_ill_sa_contig8 contig_54
		Alignment: 455 542 | 1781995 1781908 | 88 88 | 90.91 | sa_ill_sa_contig8 contig_54
		Alignment: 1309 1402 | 1784737 1784644 | 94 94 | 96.81 | sa_ill_sa_contig41 contig_54
		Alignment: 671 900 | 1785375 1785146 | 230 230 | 90.87 | sa_ill_sa_contig41 contig_54
		Alignment: 769 841 | 1823083 1823011 | 73 73 | 95.89 | sa_ill_sa_contig8 contig_54
		Alignment: 590 709 | 1823261 1823142 | 120 120 | 93.33 | sa_ill_sa_contig8 contig_54
		Alignment: 455 542 | 1823394 1823307 | 88 88 | 90.91 | sa_ill_sa_contig8 contig_54
		Alignment: 1309 1402 | 1826136 1826043 | 94 94 | 96.81 | sa_ill_sa_contig41 contig_54
		Alignment: 671 900 | 1826774 1826545 | 230 230 | 90.87 | sa_ill_sa_contig41 contig_54
		Alignment: 769 841 | 2470915 2470843 | 73 73 | 95.89 | sa_ill_sa_contig8 contig_54
		Alignment: 590 709 | 2471093 2470974 | 120 120 | 93.33 | sa_ill_sa_contig8 contig_54
		Alignment: 455 542 | 2471226 2471139 | 88 88 | 90.91 | sa_ill_sa_contig8 contig_54
		Alignment: 1309 1402 | 2474061 2473968 | 94 94 | 96.81 | sa_ill_sa_contig41 contig_54
		Alignment: 671 900 | 2474699 2474470 | 230 230 | 90.87 | sa_ill_sa_contig41 contig_54
		Unaligned bases: 4761129

Analyzing coverage...
Writing SNPs into /media3/lucia/zymo_mock_community/asms_cuantizados/v1_19-1-21_4bins/metaquast-bins/runs_per_reference/sa_ill/contigs_reports/minimap_output/r2_medaka_r10_bins_1.used_snps.gz

Analysis is finished!
Founded SNPs were written into /media3/lucia/zymo_mock_community/asms_cuantizados/v1_19-1-21_4bins/metaquast-bins/runs_per_reference/sa_ill/contigs_reports/minimap_output/r2_medaka_r10_bins_1.used_snps.gz

Results:
	Local Misassemblies: 9
	Misassemblies: 14
		Relocations: 0
		Translocations: 14
		Inversions: 0
	Scaffold gap extensive misassemblies: 0
	Scaffold gap local misassemblies: 0
	Misassemblies caused by fragmented reference: 26
	Misassembled Contigs: 1
	Misassembled Contig Bases: 2719584
	Misassemblies Inter-Contig Overlap: 0
Unaligned Contigs: 0 + 7 part
Half Unaligned Contigs with Misassemblies: 6
Unaligned Contig Bases: 21266527

Ambiguously Mapped Contigs: 3
Total Bases in Ambiguously Mapped Contigs: 9883090
Extra Bases in Ambiguously Mapped Contigs: 0
Note that --allow-ambiguity option was set to "one" and only first alignment per each of these contigs was used.

	Covered Bases: 2676992

	SNPs: 7598
	Insertions: 1868
	Deletions: 3501

