Aligning contigs to reference...
	Aligning contigs to the reference
Filtering alignments...
Parsing coords...
Loading reference...
	Loaded [ef_ill_ef_contig11]
	Loaded [ef_ill_ef_contig10]
	Loaded [ef_ill_ef_contig13]
	Loaded [ef_ill_ef_contig12]
	Loaded [ef_ill_ef_contig15]
	Loaded [ef_ill_ef_contig14]
	Loaded [ef_ill_ef_contig17]
	Loaded [ef_ill_ef_contig16]
	Loaded [ef_ill_ef_contig19]
	Loaded [ef_ill_ef_contig18]
	Loaded [ef_ill_ef_contig34]
	Loaded [ef_ill_ef_contig32]
	Loaded [ef_ill_ef_contig1]
	Loaded [ef_ill_ef_contig33]
	Loaded [ef_ill_ef_contig3]
	Loaded [ef_ill_ef_contig2]
	Loaded [ef_ill_ef_contig5]
	Loaded [ef_ill_ef_contig4]
	Loaded [ef_ill_ef_contig7]
	Loaded [ef_ill_ef_contig6]
	Loaded [ef_ill_ef_contig9]
	Loaded [ef_ill_ef_contig8]
	Loaded [ef_ill_ef_contig24]
	Loaded [ef_ill_ef_contig25]
	Loaded [ef_ill_ef_contig26]
	Loaded [ef_ill_ef_contig20]
	Loaded [ef_ill_ef_contig21]
	Loaded [ef_ill_ef_contig22]
	Loaded [ef_ill_ef_contig23]
	Loaded [ef_ill_ef_contig29]
	Total Regions: 30
	Total Region Length: 2820294
Analyzing contigs...
CONTIG: contig_50 (2845346bp)
Best alignment score: 596382.7 (LEN: 596502, IDY: 99.98), Total number of alignments: 87
			Looking for the best set of alignments (out of 87 total alignments)
			Skipping redundant alignments after choosing the best set of alignments
		Skipping redundant alignment 1 91 | 258342 258432 | 91 91 | 100.0 | ef_ill_ef_contig6 contig_50
		Skipping redundant alignment 1027333 1027525 | 258433 258241 | 193 193 | 98.96 | ef_ill_ef_contig1 contig_50
		Skipping redundant alignment 92 230 | 258475 258613 | 139 139 | 98.56 | ef_ill_ef_contig6 contig_50
		Skipping redundant alignment 231 304 | 258638 258711 | 74 74 | 95.95 | ef_ill_ef_contig6 contig_50
		Skipping redundant alignment 30 292 | 284925 284663 | 263 263 | 93.56 | ef_ill_ef_contig13 contig_50
		Skipping redundant alignment 22911 23120 | 297239 297030 | 210 210 | 95.71 | ef_ill_ef_contig13 contig_50
		Skipping redundant alignment 155366 155480 | 454198 454312 | 115 115 | 95.65 | ef_ill_ef_contig7 contig_50
		Skipping redundant alignment 720 823 | 454313 454210 | 104 104 | 94.23 | ef_ill_ef_contig18 contig_50
		Skipping redundant alignment 86382 86532 | 595386 595236 | 151 151 | 98.68 | ef_ill_ef_contig8 contig_50
		Skipping redundant alignment 86382 86532 | 595755 595605 | 151 151 | 98.68 | ef_ill_ef_contig8 contig_50
		Skipping redundant alignment 86382 86532 | 596123 595974 | 151 150 | 98.01 | ef_ill_ef_contig8 contig_50
		Skipping redundant alignment 86382 86532 | 596492 596342 | 151 151 | 98.68 | ef_ill_ef_contig8 contig_50
		Skipping redundant alignment 86382 86532 | 596861 596711 | 151 151 | 99.34 | ef_ill_ef_contig8 contig_50
		Skipping redundant alignment 238751 238991 | 683181 683420 | 241 240 | 98.34 | ef_ill_ef_contig3 contig_50
		Skipping redundant alignment 701 775 | 685244 685318 | 75 75 | 100.0 | ef_ill_ef_contig21 contig_50
		Skipping redundant alignment 19101 19183 | 690176 690094 | 83 83 | 98.8 | ef_ill_ef_contig14 contig_50
		Skipping redundant alignment 997 1201 | 690188 690392 | 205 205 | 100.0 | ef_ill_ef_contig21 contig_50
		Skipping redundant alignment 1 77 | 970469 970545 | 77 77 | 100.0 | ef_ill_ef_contig6 contig_50
		Skipping redundant alignment 1027346 1027576 | 970547 970317 | 231 231 | 99.13 | ef_ill_ef_contig1 contig_50
		Skipping redundant alignment 78 235 | 970590 970747 | 158 158 | 99.37 | ef_ill_ef_contig6 contig_50
		Skipping redundant alignment 22954 23120 | 970793 970627 | 167 167 | 96.41 | ef_ill_ef_contig13 contig_50
		Skipping redundant alignment 701 775 | 1304466 1304540 | 75 75 | 100.0 | ef_ill_ef_contig21 contig_50
		Skipping redundant alignment 1027318 1027422 | 1666439 1666543 | 105 105 | 100.0 | ef_ill_ef_contig1 contig_50
		Skipping redundant alignment 1027427 1027553 | 1666604 1666730 | 127 127 | 99.21 | ef_ill_ef_contig1 contig_50
		Skipping redundant alignment 1 552 | 2262648 2263199 | 552 552 | 99.28 | ef_ill_ef_contig33 contig_50
		Skipping redundant alignment 645532 646246 | 2312838 2313570 | 715 733 | 90.5 | ef_ill_ef_contig1 contig_50
		Skipping redundant alignment 238692 238991 | 2816240 2815941 | 300 300 | 99.67 | ef_ill_ef_contig3 contig_50
		This contig has several significant sets of alignments. [An ambiguously mapped contig]
		Using only the very best set (option --ambiguity-usage is set to "one").
			The best set is below. Score: 2840133.8, number of alignments: 60, unaligned bases: 3581
		This contig is misassembled.
			Excluding internal overlap of size 55 between Alignment 1 and 2: 1 1514 | 1516 3 | 1514 1514 --> 56 1514 | 1461 3 | 1459 1459
			Real Alignment 1: 56 1514 | 1461 3 | 1459 1459 | 100.0 | ef_ill_ef_contig20 contig_50
			  Indel (> 5bp) between these two alignments: deletion of length 55; 0 mismatches (number of Ns: 0) [fragmentation of reference genome]
			Excluding internal overlap of size 51 between Alignment 2 and 3: 5 1834 | 240256 242085 | 1830 1830 --> 56 1834 | 240307 242085 | 1779 1779
			Real Alignment 2: 1 238991 | 1462 240306 | 238991 238845 | 99.93 | ef_ill_ef_contig3 contig_50
			  Indel (> 5bp) between these two alignments: deletion of length 55; 0 mismatches (number of Ns: 0) [fragmentation of reference genome]
			Real Alignment 3: 56 1834 | 240307 242085 | 1779 1779 | 99.78 | ef_ill_ef_contig19 contig_50
			  Not a misassembly [fragmentation of reference genome] between these two alignments
			Real Alignment 4: 1 848 | 242968 242121 | 848 848 | 100.0 | ef_ill_ef_contig25 contig_50
			  Not a misassembly [fragmentation of reference genome] between these two alignments
			Real Alignment 5: 1 2434 | 245403 242970 | 2434 2434 | 100.0 | ef_ill_ef_contig17 contig_50
			  Not a misassembly [fragmentation of reference genome] between these two alignments
			Real Alignment 6: 1 603 | 245411 246013 | 603 603 | 100.0 | ef_ill_ef_contig21 contig_50
			  Extensive misassembly (translocation) between these two alignments
			Real Alignment 7: 1 12238 | 246102 258338 | 12238 12237 | 99.99 | ef_ill_ef_contig16 contig_50
			  Not a misassembly [fragmentation of reference genome] between these two alignments
			Excluding internal overlap of size 55 between Alignment 8 and 9: 1 508 | 281564 282071 | 508 508 --> 56 508 | 281619 282071 | 453 453
			Real Alignment 8: 1 23120 | 281618 258498 | 23120 23121 | 99.99 | ef_ill_ef_contig13 contig_50
			  Indel (> 5bp) between these two alignments: deletion of length 55; 0 mismatches (number of Ns: 0) [fragmentation of reference genome]
			Excluding internal overlap of size 55 between Alignment 9 and 10: 56 508 | 281619 282071 | 453 453 --> 56 453 | 281619 282016 | 398 398
			Real Alignment 9: 56 453 | 281619 282016 | 398 398 | 100.0 | ef_ill_ef_contig34 contig_50
			  Indel (> 5bp) between these two alignments: deletion of length 55; 0 mismatches (number of Ns: 0) [fragmentation of reference genome]
			Excluding internal overlap of size 7 between Alignment 10 and 11: 1 869 | 282885 282017 | 869 869 --> 8 869 | 282878 282017 | 862 862
			Real Alignment 10: 8 869 | 282878 282017 | 862 862 | 100.0 | ef_ill_ef_contig24 contig_50
			  Indel (> 5bp) between these two alignments: deletion of length 7; 0 mismatches (number of Ns: 0) [fragmentation of reference genome]
			Excluding internal overlap of size 55 between Alignment 11 and 12: 1 1890 | 284768 282879 | 1890 1890 --> 56 1890 | 284713 282879 | 1835 1835
			Real Alignment 11: 56 1890 | 284713 282879 | 1835 1835 | 100.0 | ef_ill_ef_contig18 contig_50
			  Indel (> 5bp) between these two alignments: deletion of length 55; 0 mismatches (number of Ns: 0) [fragmentation of reference genome]
			Real Alignment 12: 1 12372 | 297084 284714 | 12372 12371 | 99.95 | ef_ill_ef_contig15 contig_50
			  Not a misassembly [fragmentation of reference genome] between these two alignments
			Excluding internal overlap of size 634 between Alignment 13 and 14: 1 20331 | 297120 317449 | 20331 20330 --> 1 19697 | 297120 316815 | 19697 19696
			Real Alignment 13: 1 19697 | 297120 316815 | 19697 19696 | 99.95 | ef_ill_ef_contig7 contig_50
			  Overlap between these two alignments (local misassembly). Inconsistency = -447
			Real Alignment 14: 19251 144089 | 316816 441638 | 124839 124823 | 99.91 | ef_ill_ef_contig7 contig_50
			  Gap between these two alignments (local misassembly). Inconsistency = -434
			Excluding internal overlap of size 42 between Alignment 15 and 16: 1 843 | 454264 453422 | 843 843 --> 1 801 | 454264 453464 | 801 801
			Real Alignment 15: 143678 155480 | 441661 453463 | 11803 11803 | 99.97 | ef_ill_ef_contig7 contig_50
			  Indel (> 5bp) between these two alignments: deletion of length 42; 0 mismatches (number of Ns: 0) [fragmentation of reference genome]
			Real Alignment 16: 1 801 | 454264 453464 | 801 801 | 100.0 | ef_ill_ef_contig26 contig_50
			  Not a misassembly [fragmentation of reference genome] between these two alignments
			Excluding internal overlap of size 55 between Alignment 17 and 18: 1 508 | 455161 455668 | 508 508 --> 56 508 | 455216 455668 | 453 453
			Real Alignment 17: 1 945 | 455215 454271 | 945 945 | 100.0 | ef_ill_ef_contig22 contig_50
			  Indel (> 5bp) between these two alignments: deletion of length 55; 0 mismatches (number of Ns: 0) [fragmentation of reference genome]
			Excluding internal overlap of size 55 between Alignment 18 and 19: 56 508 | 455216 455668 | 453 453 --> 56 453 | 455216 455613 | 398 398
			Real Alignment 18: 56 453 | 455216 455613 | 398 398 | 99.02 | ef_ill_ef_contig34 contig_50
			  Indel (> 5bp) between these two alignments: deletion of length 55; 0 mismatches (number of Ns: 0) [fragmentation of reference genome]
			Real Alignment 19: 54 869 | 456432 455614 | 816 819 | 92.51 | ef_ill_ef_contig24 contig_50
			  Gap between these two alignments (local misassembly). Inconsistency = 53 [fragmentation of reference genome]
			Real Alignment 20: 61774 106275 | 501129 456625 | 44502 44505 | 99.98 | ef_ill_ef_contig9 contig_50
			  Gap between these two alignments (local misassembly). Inconsistency = 0
			Excluding internal overlap of size 55 between Alignment 21 and 22: 1 648 | 562846 563493 | 648 648 --> 56 648 | 562901 563493 | 593 593
			Real Alignment 21: 1 61659 | 562900 501244 | 61659 61657 | 99.96 | ef_ill_ef_contig9 contig_50
			  Indel (> 5bp) between these two alignments: deletion of length 55; 0 mismatches (number of Ns: 0) [fragmentation of reference genome]
			Real Alignment 22: 56 648 | 562901 563493 | 593 593 | 100.0 | ef_ill_ef_contig29 contig_50
			  Not a misassembly [fragmentation of reference genome] between these two alignments
			Excluding internal overlap of size 55 between Alignment 23 and 24: 1 944 | 564581 563638 | 944 944 --> 56 944 | 564526 563638 | 889 889
			Real Alignment 23: 56 944 | 564526 563638 | 889 889 | 100.0 | ef_ill_ef_contig23 contig_50
			  Indel (> 5bp) between these two alignments: deletion of length 55; 0 mismatches (number of Ns: 0) [fragmentation of reference genome]
			Real Alignment 24: 86382 116874 | 595017 564527 | 30493 30491 | 99.99 | ef_ill_ef_contig8 contig_50
			  Gap between these two alignments (local misassembly). Inconsistency = 0
			Real Alignment 25: 85898 86123 | 595501 595276 | 226 226 | 100.0 | ef_ill_ef_contig8 contig_50
			  Gap between these two alignments (local misassembly). Inconsistency = -369
			Real Alignment 26: 85898 86123 | 595870 595645 | 226 226 | 100.0 | ef_ill_ef_contig8 contig_50
			  Gap between these two alignments (local misassembly). Inconsistency = -369
			Real Alignment 27: 85898 86123 | 596238 596014 | 226 225 | 99.56 | ef_ill_ef_contig8 contig_50
			  Gap between these two alignments (local misassembly). Inconsistency = -369
			Real Alignment 28: 85898 86123 | 596607 596382 | 226 226 | 100.0 | ef_ill_ef_contig8 contig_50
			  Gap between these two alignments (local misassembly). Inconsistency = -369
			Real Alignment 29: 85898 86123 | 596976 596751 | 226 226 | 99.56 | ef_ill_ef_contig8 contig_50
			  Gap between these two alignments (local misassembly). Inconsistency = -369
			Real Alignment 30: 1 86123 | 683244 597120 | 86123 86125 | 99.99 | ef_ill_ef_contig8 contig_50
			  Not a misassembly [fragmentation of reference genome] between these two alignments
			Real Alignment 31: 1 1834 | 683366 685199 | 1834 1834 | 99.95 | ef_ill_ef_contig19 contig_50
			  Not a misassembly [fragmentation of reference genome] between these two alignments
			Real Alignment 32: 1 848 | 686184 685337 | 848 848 | 100.0 | ef_ill_ef_contig25 contig_50
			  Not a misassembly [fragmentation of reference genome] between these two alignments
			Real Alignment 33: 1 2434 | 688619 686186 | 2434 2434 | 100.0 | ef_ill_ef_contig17 contig_50
			  Not a misassembly [fragmentation of reference genome] between these two alignments
			Real Alignment 34: 1 1201 | 688627 689827 | 1201 1201 | 99.83 | ef_ill_ef_contig21 contig_50
			  Not a misassembly [fragmentation of reference genome] between these two alignments
			Real Alignment 35: 1 156 | 689935 690090 | 156 156 | 100.0 | ef_ill_ef_contig2 contig_50
			  Gap between these two alignments (local misassembly). Inconsistency = 99
			Real Alignment 36: 266 344 | 690101 690179 | 79 79 | 100.0 | ef_ill_ef_contig2 contig_50
			  Gap between these two alignments (local misassembly). Inconsistency = -762
			Real Alignment 37: 1 279869 | 690598 970465 | 279869 279868 | 99.99 | ef_ill_ef_contig2 contig_50
			  Not a misassembly [fragmentation of reference genome] between these two alignments
			Real Alignment 38: 1 30337 | 970717 1001055 | 30337 30339 | 99.97 | ef_ill_ef_contig10 contig_50
			  Gap between these two alignments (local misassembly). Inconsistency = 0
			Excluding internal overlap of size 55 between Alignment 39 and 40: 1 648 | 1066054 1066701 | 648 648 --> 56 648 | 1066109 1066701 | 593 593
			Real Alignment 39: 30504 95391 | 1001222 1066108 | 64888 64887 | 100.0 | ef_ill_ef_contig10 contig_50
			  Indel (> 5bp) between these two alignments: deletion of length 55; 0 mismatches (number of Ns: 0) [fragmentation of reference genome]
			Real Alignment 40: 56 648 | 1066109 1066701 | 593 593 | 97.99 | ef_ill_ef_contig29 contig_50
			  Not a misassembly [fragmentation of reference genome] between these two alignments
			Excluding internal overlap of size 55 between Alignment 41 and 42: 1 944 | 1067789 1066846 | 944 944 --> 56 944 | 1067734 1066846 | 889 889
			Real Alignment 41: 56 944 | 1067734 1066846 | 889 889 | 99.05 | ef_ill_ef_contig23 contig_50
			  Indel (> 5bp) between these two alignments: deletion of length 55; 0 mismatches (number of Ns: 0) [fragmentation of reference genome]
			Excluding internal overlap of size 55 between Alignment 42 and 43: 1 1834 | 1302588 1304421 | 1834 1834 --> 56 1834 | 1302643 1304421 | 1779 1779
			Real Alignment 42: 1 234919 | 1302642 1067735 | 234919 234908 | 99.99 | ef_ill_ef_contig4 contig_50
			  Indel (> 5bp) between these two alignments: deletion of length 55; 0 mismatches (number of Ns: 0) [fragmentation of reference genome]
			Real Alignment 43: 56 1834 | 1302643 1304421 | 1779 1779 | 100.0 | ef_ill_ef_contig19 contig_50
			  Not a misassembly [fragmentation of reference genome] between these two alignments
			Real Alignment 44: 1 848 | 1305406 1304559 | 848 848 | 99.65 | ef_ill_ef_contig25 contig_50
			  Not a misassembly [fragmentation of reference genome] between these two alignments
			Excluding internal overlap of size 55 between Alignment 45 and 46: 1 2434 | 1307841 1305408 | 2434 2434 --> 56 2434 | 1307786 1305408 | 2379 2379
			Real Alignment 45: 56 2434 | 1307786 1305408 | 2379 2379 | 100.0 | ef_ill_ef_contig17 contig_50
			  Indel (> 5bp) between these two alignments: deletion of length 55; 0 mismatches (number of Ns: 0) [fragmentation of reference genome]
			Excluding internal overlap of size 55 between Alignment 46 and 47: 1 580 | 1327766 1327187 | 580 580 --> 1 525 | 1327766 1327242 | 525 525
			Real Alignment 46: 1 19455 | 1327241 1307787 | 19455 19455 | 99.99 | ef_ill_ef_contig14 contig_50
			  Indel (> 5bp) between these two alignments: deletion of length 55; 0 mismatches (number of Ns: 0) [fragmentation of reference genome]
			Excluding internal overlap of size 55 between Alignment 47 and 48: 1 525 | 1327766 1327242 | 525 525 --> 56 525 | 1327711 1327242 | 470 470
			Real Alignment 47: 56 525 | 1327711 1327242 | 470 470 | 99.66 | ef_ill_ef_contig32 contig_50
			  Indel (> 5bp) between these two alignments: deletion of length 55; 0 mismatches (number of Ns: 0) [fragmentation of reference genome]
			Excluding internal overlap of size 603 between Alignment 48 and 49: 1 28668 | 1327712 1356379 | 28668 28668 --> 1 28065 | 1327712 1355776 | 28065 28065
			Real Alignment 48: 1 28065 | 1327712 1355776 | 28065 28065 | 99.93 | ef_ill_ef_contig5 contig_50
			  Gap between these two alignments (local misassembly). Inconsistency = 141
			Excluding internal overlap of size 55 between Alignment 49 and 50: 1 1514 | 1507351 1508864 | 1514 1514 --> 56 1514 | 1507406 1508864 | 1459 1459
			Real Alignment 49: 28207 180004 | 1355777 1507405 | 151798 151629 | 99.86 | ef_ill_ef_contig5 contig_50
			  Indel (> 5bp) between these two alignments: deletion of length 55; 0 mismatches (number of Ns: 0) [fragmentation of reference genome]
			Excluding internal overlap of size 55 between Alignment 50 and 51: 56 1514 | 1507406 1508864 | 1459 1459 --> 56 1459 | 1507406 1508809 | 1404 1404
			Real Alignment 50: 56 1459 | 1507406 1508809 | 1404 1404 | 100.0 | ef_ill_ef_contig20 contig_50
			  Indel (> 5bp) between these two alignments: deletion of length 55; 0 mismatches (number of Ns: 0) [fragmentation of reference genome]
			Excluding internal overlap of size 55 between Alignment 51 and 52: 1 157742 | 1666545 1508810 | 157742 157736 --> 56 157742 | 1666490 1508810 | 157687 157681
			Real Alignment 51: 56 157742 | 1666490 1508810 | 157687 157681 | 99.99 | ef_ill_ef_contig6 contig_50
			  Indel (> 5bp) between these two alignments: deletion of length 55; 0 mismatches (number of Ns: 0) [fragmentation of reference genome]
			Excluding internal overlap of size 222 between Alignment 52 and 53: 595858 646258 | 2262771 2313171 | 50401 50401 --> 596080 646258 | 2262993 2313171 | 50179 50179
			Real Alignment 52: 1 596523 | 1666491 2262992 | 596523 596502 | 99.98 | ef_ill_ef_contig1 contig_50
			  Overlap between these two alignments (local misassembly). Inconsistency = -444
			Real Alignment 53: 596080 646258 | 2262993 2313171 | 50179 50179 | 99.91 | ef_ill_ef_contig1 contig_50
			  Gap between these two alignments (local misassembly). Inconsistency = -804
			Excluding internal overlap of size 55 between Alignment 54 and 55: 1 580 | 2763721 2764300 | 580 580 --> 56 580 | 2763776 2764300 | 525 525
			Real Alignment 54: 645532 1096084 | 2313249 2763775 | 450553 450527 | 99.98 | ef_ill_ef_contig1 contig_50
			  Indel (> 5bp) between these two alignments: deletion of length 55; 0 mismatches (number of Ns: 0) [fragmentation of reference genome]
			Excluding internal overlap of size 55 between Alignment 55 and 56: 56 580 | 2763776 2764300 | 525 525 --> 56 525 | 2763776 2764245 | 470 470
			Real Alignment 55: 56 525 | 2763776 2764245 | 470 470 | 100.0 | ef_ill_ef_contig32 contig_50
			  Indel (> 5bp) between these two alignments: deletion of length 55; 0 mismatches (number of Ns: 0) [fragmentation of reference genome]
			Excluding internal overlap of size 55 between Alignment 56 and 57: 1 2434 | 2810844 2813277 | 2434 2434 --> 56 2434 | 2810899 2813277 | 2379 2379
			Real Alignment 56: 1 46653 | 2764246 2810898 | 46653 46653 | 99.99 | ef_ill_ef_contig11 contig_50
			  Indel (> 5bp) between these two alignments: deletion of length 55; 0 mismatches (number of Ns: 0) [fragmentation of reference genome]
			Real Alignment 57: 56 2434 | 2810899 2813277 | 2379 2379 | 100.0 | ef_ill_ef_contig17 contig_50
			  Not a misassembly [fragmentation of reference genome] between these two alignments
			Real Alignment 58: 1 848 | 2813279 2814126 | 848 848 | 100.0 | ef_ill_ef_contig25 contig_50
			  Not a misassembly [fragmentation of reference genome] between these two alignments
			Real Alignment 59: 1 1834 | 2815995 2814162 | 1834 1834 | 99.95 | ef_ill_ef_contig19 contig_50
			  Not a misassembly [fragmentation of reference genome] between these two alignments
			Real Alignment 60: 1 29162 | 2816186 2845346 | 29162 29161 | 99.99 | ef_ill_ef_contig12 contig_50

CONTIG: contig_2 (4045315bp)
Best alignment score: 1006.0 (LEN: 1077, IDY: 93.41), Total number of alignments: 104
			Too much alignments (104), will use speed up heuristics
			Found 9 solid alignments:
		Solid alignment 730 1806 | 2757955 2759031 | 1077 1077 | 93.41 | ef_ill_ef_contig19 contig_2
		Solid alignment 730 1806 | 2778564 2779640 | 1077 1077 | 93.41 | ef_ill_ef_contig19 contig_2
		Solid alignment 730 1806 | 2838894 2839970 | 1077 1077 | 93.41 | ef_ill_ef_contig19 contig_2
		Solid alignment 730 1806 | 2844818 2845894 | 1077 1077 | 93.41 | ef_ill_ef_contig19 contig_2
		Solid alignment 730 1806 | 2909352 2910428 | 1077 1077 | 93.41 | ef_ill_ef_contig19 contig_2
		Solid alignment 730 1806 | 2914965 2916041 | 1077 1077 | 93.41 | ef_ill_ef_contig19 contig_2
		Solid alignment 730 1806 | 2919966 2921042 | 1077 1077 | 93.31 | ef_ill_ef_contig19 contig_2
		Solid alignment 730 1806 | 3373386 3374462 | 1077 1077 | 93.41 | ef_ill_ef_contig19 contig_2
		Solid alignment 730 1806 | 3666124 3667200 | 1077 1077 | 93.41 | ef_ill_ef_contig19 contig_2
			Skipping alignments located inside solid regions since they are redundant:
		Nothing was skipped
			Looking for the best set of alignments (out of 104 total alignments)
		Ambiguity for this contig is not checked for speed up (too much alignments and --ambiguity-usage is "one")
			Skipping redundant alignments after choosing the best set of alignments
		Skipping redundant alignment 269 341 | 1678353 1678281 | 73 73 | 98.63 | ef_ill_ef_contig2 contig_2
		Skipping redundant alignment 169 253 | 1678471 1678387 | 85 85 | 96.47 | ef_ill_ef_contig2 contig_2
		Skipping redundant alignment 18438 18514 | 2942758 2942682 | 77 77 | 97.4 | ef_ill_ef_contig14 contig_2
		Skipping redundant alignment 19100 19173 | 3670806 3670733 | 74 74 | 98.65 | ef_ill_ef_contig14 contig_2
		Skipping redundant alignment 614 773 | 2914154 2914310 | 160 157 | 95.0 | ef_ill_ef_contig21 contig_2
		Skipping redundant alignment 18438 18586 | 3671648 3671502 | 149 147 | 91.33 | ef_ill_ef_contig14 contig_2
		Skipping redundant alignment 91 157 | 2843454 2843520 | 67 67 | 91.04 | ef_ill_ef_contig21 contig_2
		Skipping redundant alignment 614 686 | 2843940 2844012 | 73 73 | 97.26 | ef_ill_ef_contig21 contig_2
		Skipping redundant alignment 690 773 | 2844013 2844096 | 84 84 | 97.62 | ef_ill_ef_contig21 contig_2
		Skipping redundant alignment 19102 19173 | 2942413 2942342 | 72 72 | 98.61 | ef_ill_ef_contig14 contig_2
		Skipping redundant alignment 699 773 | 2759212 2759286 | 75 75 | 100.0 | ef_ill_ef_contig21 contig_2
		Skipping redundant alignment 169 253 | 3273835 3273919 | 85 85 | 96.47 | ef_ill_ef_contig2 contig_2
		Skipping redundant alignment 269 341 | 3273952 3274024 | 73 73 | 98.63 | ef_ill_ef_contig2 contig_2
		Skipping redundant alignment 24047 24196 | 2881191 2881042 | 150 150 | 92.0 | ef_ill_ef_contig3 contig_2
		Skipping redundant alignment 23237 23306 | 2882001 2881932 | 70 70 | 97.14 | ef_ill_ef_contig3 contig_2
		Skipping redundant alignment 699 773 | 2779821 2779895 | 75 75 | 100.0 | ef_ill_ef_contig21 contig_2
			The best set is below. Score: 24744.1, number of alignments: 88, unaligned bases: 4013091
		This contig is misassembled.
		This contig is partially unaligned. (Aligned 32224 out of 4045315 non-N bases (0.80%))
			Warning! This contig is more unaligned than misassembled. Contig length is 4045315 (number of Ns: 0) and total length of all aligns is 32224
		Alignment: 889 963 | 1679334 1679260 | 75 75 | 100.0 | ef_ill_ef_contig21 contig_2
		Alignment: 793 867 | 1679415 1679341 | 75 75 | 96.0 | ef_ill_ef_contig21 contig_2
		Alignment: 696 773 | 1679510 1679433 | 78 78 | 98.72 | ef_ill_ef_contig21 contig_2
		Alignment: 614 690 | 1679587 1679511 | 77 77 | 94.81 | ef_ill_ef_contig21 contig_2
		Alignment: 341 413 | 1679864 1679792 | 73 73 | 93.15 | ef_ill_ef_contig21 contig_2
		Alignment: 323 923 | 1680643 1681243 | 601 601 | 95.51 | ef_ill_ef_contig17 contig_2
		Alignment: 933 1365 | 1681253 1681685 | 433 433 | 90.76 | ef_ill_ef_contig17 contig_2
		Alignment: 1919 2151 | 1682248 1682480 | 233 233 | 93.56 | ef_ill_ef_contig17 contig_2
		Alignment: 2249 2426 | 1682577 1682754 | 178 178 | 91.01 | ef_ill_ef_contig17 contig_2
		Alignment: 63 300 | 1682826 1683063 | 238 238 | 93.28 | ef_ill_ef_contig25 contig_2
		Alignment: 560 680 | 1683331 1683451 | 121 121 | 93.39 | ef_ill_ef_contig25 contig_2
		Alignment: 1383 1806 | 1684049 1683626 | 424 424 | 92.45 | ef_ill_ef_contig19 contig_2
		Alignment: 730 1381 | 1684701 1684050 | 652 652 | 94.02 | ef_ill_ef_contig19 contig_2
		Alignment: 455 714 | 1684977 1684718 | 260 260 | 91.92 | ef_ill_ef_contig19 contig_2
		Alignment: 19095 19173 | 2697616 2697694 | 79 79 | 97.47 | ef_ill_ef_contig14 contig_2
		Alignment: 455 714 | 2757679 2757938 | 260 260 | 91.92 | ef_ill_ef_contig19 contig_2
		Alignment: 730 1806 | 2757955 2759031 | 1077 1077 | 93.41 | ef_ill_ef_contig19 contig_2
		Alignment: 560 680 | 2759503 2759383 | 121 121 | 93.39 | ef_ill_ef_contig25 contig_2
		Alignment: 4 300 | 2760067 2759771 | 297 297 | 91.92 | ef_ill_ef_contig25 contig_2
		Alignment: 2249 2426 | 2760257 2760080 | 178 178 | 91.01 | ef_ill_ef_contig17 contig_2
		Alignment: 1919 2151 | 2760586 2760354 | 233 233 | 93.56 | ef_ill_ef_contig17 contig_2
		Alignment: 933 1365 | 2761581 2761149 | 433 433 | 90.76 | ef_ill_ef_contig17 contig_2
		Alignment: 446 923 | 2762068 2761591 | 478 478 | 96.65 | ef_ill_ef_contig17 contig_2
		Alignment: 323 444 | 2762190 2762069 | 122 122 | 90.98 | ef_ill_ef_contig17 contig_2
		Alignment: 455 714 | 2778288 2778547 | 260 260 | 91.54 | ef_ill_ef_contig19 contig_2
		Alignment: 730 1806 | 2778564 2779640 | 1077 1077 | 93.41 | ef_ill_ef_contig19 contig_2
		Alignment: 560 680 | 2780112 2779992 | 121 121 | 93.39 | ef_ill_ef_contig25 contig_2
		Alignment: 63 300 | 2780617 2780380 | 238 238 | 93.28 | ef_ill_ef_contig25 contig_2
		Alignment: 2249 2426 | 2780866 2780689 | 178 178 | 91.01 | ef_ill_ef_contig17 contig_2
		Alignment: 1919 2151 | 2781195 2780963 | 233 233 | 93.56 | ef_ill_ef_contig17 contig_2
		Alignment: 933 1365 | 2782190 2781758 | 433 433 | 90.76 | ef_ill_ef_contig17 contig_2
		Alignment: 323 923 | 2782800 2782200 | 601 601 | 95.51 | ef_ill_ef_contig17 contig_2
		Alignment: 455 714 | 2838618 2838877 | 260 260 | 91.92 | ef_ill_ef_contig19 contig_2
		Alignment: 730 1806 | 2838894 2839970 | 1077 1077 | 93.41 | ef_ill_ef_contig19 contig_2
		Alignment: 560 680 | 2840265 2840145 | 121 121 | 93.39 | ef_ill_ef_contig25 contig_2
		Alignment: 4 300 | 2840829 2840533 | 297 297 | 91.92 | ef_ill_ef_contig25 contig_2
		Alignment: 2249 2426 | 2841019 2840842 | 178 178 | 91.01 | ef_ill_ef_contig17 contig_2
		Alignment: 1919 2151 | 2841349 2841117 | 233 233 | 93.56 | ef_ill_ef_contig17 contig_2
		Alignment: 933 1365 | 2842344 2841912 | 433 433 | 90.76 | ef_ill_ef_contig17 contig_2
		Alignment: 323 923 | 2842954 2842354 | 601 601 | 95.51 | ef_ill_ef_contig17 contig_2
		Alignment: 455 714 | 2844542 2844801 | 260 260 | 91.92 | ef_ill_ef_contig19 contig_2
		Alignment: 730 1806 | 2844818 2845894 | 1077 1077 | 93.41 | ef_ill_ef_contig19 contig_2
		Alignment: 560 680 | 2846189 2846069 | 121 121 | 93.39 | ef_ill_ef_contig25 contig_2
		Alignment: 4 300 | 2846753 2846457 | 297 297 | 91.92 | ef_ill_ef_contig25 contig_2
		Alignment: 2249 2426 | 2846943 2846766 | 178 178 | 91.01 | ef_ill_ef_contig17 contig_2
		Alignment: 1919 2151 | 2847272 2847040 | 233 233 | 93.56 | ef_ill_ef_contig17 contig_2
		Alignment: 933 1365 | 2848267 2847835 | 433 433 | 90.76 | ef_ill_ef_contig17 contig_2
		Alignment: 323 923 | 2848877 2848277 | 601 601 | 95.51 | ef_ill_ef_contig17 contig_2
		Alignment: 455 714 | 2909076 2909335 | 260 260 | 91.92 | ef_ill_ef_contig19 contig_2
		Alignment: 730 1806 | 2909352 2910428 | 1077 1077 | 93.41 | ef_ill_ef_contig19 contig_2
		Alignment: 560 680 | 2910723 2910603 | 121 121 | 93.39 | ef_ill_ef_contig25 contig_2
		Alignment: 4 300 | 2911287 2910991 | 297 297 | 91.92 | ef_ill_ef_contig25 contig_2
		Alignment: 2249 2426 | 2911477 2911300 | 178 178 | 91.01 | ef_ill_ef_contig17 contig_2
		Alignment: 1919 2151 | 2911806 2911574 | 233 233 | 93.56 | ef_ill_ef_contig17 contig_2
		Alignment: 933 1365 | 2912801 2912369 | 433 433 | 90.76 | ef_ill_ef_contig17 contig_2
		Alignment: 323 923 | 2913411 2912811 | 601 601 | 95.51 | ef_ill_ef_contig17 contig_2
		Alignment: 455 714 | 2914689 2914948 | 260 260 | 91.92 | ef_ill_ef_contig19 contig_2
		Alignment: 730 1806 | 2914965 2916041 | 1077 1077 | 93.41 | ef_ill_ef_contig19 contig_2
		Alignment: 560 680 | 2916336 2916216 | 121 121 | 93.39 | ef_ill_ef_contig25 contig_2
		Alignment: 63 300 | 2916841 2916604 | 238 238 | 93.28 | ef_ill_ef_contig25 contig_2
		Alignment: 2249 2426 | 2917090 2916913 | 178 178 | 91.01 | ef_ill_ef_contig17 contig_2
		Alignment: 1919 2151 | 2917419 2917187 | 233 233 | 93.56 | ef_ill_ef_contig17 contig_2
		Alignment: 933 1365 | 2918414 2917982 | 433 433 | 90.76 | ef_ill_ef_contig17 contig_2
		Alignment: 323 923 | 2919024 2918424 | 601 601 | 95.51 | ef_ill_ef_contig17 contig_2
		Alignment: 455 714 | 2919690 2919949 | 260 260 | 91.92 | ef_ill_ef_contig19 contig_2
		Alignment: 730 1806 | 2919966 2921042 | 1077 1077 | 93.31 | ef_ill_ef_contig19 contig_2
		Alignment: 560 680 | 2921337 2921217 | 121 121 | 93.39 | ef_ill_ef_contig25 contig_2
		Alignment: 4 300 | 2921901 2921605 | 297 297 | 91.92 | ef_ill_ef_contig25 contig_2
		Alignment: 2249 2426 | 2922091 2921914 | 178 178 | 91.01 | ef_ill_ef_contig17 contig_2
		Alignment: 1919 2151 | 2922420 2922188 | 233 233 | 93.13 | ef_ill_ef_contig17 contig_2
		Alignment: 933 1365 | 2923415 2922983 | 433 433 | 90.76 | ef_ill_ef_contig17 contig_2
		Alignment: 323 923 | 2924025 2923425 | 601 601 | 95.51 | ef_ill_ef_contig17 contig_2
		Alignment: 455 714 | 3373110 3373369 | 260 260 | 91.92 | ef_ill_ef_contig19 contig_2
		Alignment: 730 1806 | 3373386 3374462 | 1077 1077 | 93.41 | ef_ill_ef_contig19 contig_2
		Alignment: 560 680 | 3374757 3374637 | 121 121 | 93.39 | ef_ill_ef_contig25 contig_2
		Alignment: 4 246 | 3375320 3375078 | 243 243 | 92.59 | ef_ill_ef_contig25 contig_2
		Alignment: 2249 2426 | 3375510 3375333 | 178 178 | 91.01 | ef_ill_ef_contig17 contig_2
		Alignment: 1919 2151 | 3375839 3375607 | 233 233 | 93.56 | ef_ill_ef_contig17 contig_2
		Alignment: 933 1365 | 3376834 3376402 | 433 433 | 90.76 | ef_ill_ef_contig17 contig_2
		Alignment: 323 923 | 3377444 3376844 | 601 601 | 95.34 | ef_ill_ef_contig17 contig_2
		Alignment: 455 714 | 3665848 3666107 | 260 260 | 91.92 | ef_ill_ef_contig19 contig_2
		Alignment: 730 1806 | 3666124 3667200 | 1077 1077 | 93.41 | ef_ill_ef_contig19 contig_2
		Alignment: 560 680 | 3667495 3667375 | 121 121 | 93.39 | ef_ill_ef_contig25 contig_2
		Alignment: 4 300 | 3668059 3667763 | 297 297 | 91.92 | ef_ill_ef_contig25 contig_2
		Alignment: 2249 2426 | 3668249 3668072 | 178 178 | 91.01 | ef_ill_ef_contig17 contig_2
		Alignment: 1919 2151 | 3668578 3668346 | 233 233 | 93.56 | ef_ill_ef_contig17 contig_2
		Alignment: 933 1365 | 3669572 3669140 | 433 433 | 90.76 | ef_ill_ef_contig17 contig_2
		Alignment: 323 923 | 3670182 3669582 | 601 601 | 95.51 | ef_ill_ef_contig17 contig_2
		Unaligned bases: 4013091

CONTIG: contig_24 (2991952bp)
Best alignment score: 35765.4 (LEN: 35769, IDY: 99.99), Total number of alignments: 62
			Looking for the best set of alignments (out of 62 total alignments)
			Skipping redundant alignments after choosing the best set of alignments
		Skipping redundant alignment 697 773 | 291040 290964 | 77 77 | 98.7 | ef_ill_ef_contig21 contig_24
		Skipping redundant alignment 610 691 | 291132 291051 | 82 82 | 96.34 | ef_ill_ef_contig21 contig_24
		Skipping redundant alignment 423 516 | 291316 291223 | 94 94 | 93.62 | ef_ill_ef_contig21 contig_24
		Skipping redundant alignment 454351 454551 | 388840 389040 | 201 201 | 91.04 | ef_ill_ef_contig1 contig_24
		Skipping redundant alignment 930055 930202 | 469331 469478 | 148 148 | 91.22 | ef_ill_ef_contig1 contig_24
		Skipping redundant alignment 701 773 | 532699 532627 | 73 73 | 100.0 | ef_ill_ef_contig21 contig_24
		Skipping redundant alignment 18914 18992 | 1787111 1787033 | 79 79 | 98.73 | ef_ill_ef_contig14 contig_24
		Skipping redundant alignment 701 773 | 1079511 1079583 | 73 73 | 100.0 | ef_ill_ef_contig21 contig_24
		Skipping redundant alignment 18924 18992 | 2569629 2569697 | 69 69 | 100.0 | ef_ill_ef_contig14 contig_24
		This contig has several significant sets of alignments. [An ambiguously mapped contig]
		Using only the very best set (option --ambiguity-usage is set to "one").
			The best set is below. Score: 56151.9, number of alignments: 53, unaligned bases: 2929587
		This contig is misassembled.
		This contig is partially unaligned. (Aligned 62365 out of 2991952 non-N bases (2.08%))
			Warning! This contig is more unaligned than misassembled. Contig length is 2991952 (number of Ns: 0) and total length of all aligns is 62365
		Alignment: 214 2426 | 285957 288181 | 2213 2225 | 90.0 | ef_ill_ef_contig17 contig_24
		Alignment: 47 293 | 288237 288483 | 247 247 | 92.31 | ef_ill_ef_contig25 contig_24
		Alignment: 386 515 | 288583 288712 | 130 130 | 91.54 | ef_ill_ef_contig25 contig_24
		Alignment: 543 680 | 288740 288877 | 138 138 | 93.48 | ef_ill_ef_contig25 contig_24
		Alignment: 245 1807 | 290679 289128 | 1563 1552 | 91.01 | ef_ill_ef_contig19 contig_24
		Alignment: 214 2426 | 291976 294200 | 2213 2225 | 90.0 | ef_ill_ef_contig17 contig_24
		Alignment: 47 293 | 294256 294502 | 247 247 | 92.31 | ef_ill_ef_contig25 contig_24
		Alignment: 386 515 | 294602 294731 | 130 130 | 91.54 | ef_ill_ef_contig25 contig_24
		Alignment: 543 680 | 294759 294896 | 138 138 | 93.48 | ef_ill_ef_contig25 contig_24
		Alignment: 245 1807 | 296697 295146 | 1563 1552 | 90.95 | ef_ill_ef_contig19 contig_24
		Alignment: 214 2426 | 529519 531743 | 2213 2225 | 90.0 | ef_ill_ef_contig17 contig_24
		Alignment: 47 293 | 531799 532045 | 247 247 | 92.31 | ef_ill_ef_contig25 contig_24
		Alignment: 386 515 | 532145 532274 | 130 130 | 91.54 | ef_ill_ef_contig25 contig_24
		Alignment: 543 680 | 532302 532439 | 138 138 | 93.48 | ef_ill_ef_contig25 contig_24
		Alignment: 82 155 | 532819 532746 | 74 74 | 100.0 | ef_ill_ef_contig2 contig_24
		Alignment: 245 1807 | 534492 532941 | 1563 1552 | 91.07 | ef_ill_ef_contig19 contig_24
		Alignment: 23996 24184 | 582243 582431 | 189 189 | 91.53 | ef_ill_ef_contig3 contig_24
		Alignment: 245 1807 | 1077718 1079269 | 1563 1552 | 90.95 | ef_ill_ef_contig19 contig_24
		Alignment: 82 155 | 1079391 1079464 | 74 74 | 100.0 | ef_ill_ef_contig2 contig_24
		Alignment: 543 680 | 1079908 1079771 | 138 138 | 93.48 | ef_ill_ef_contig25 contig_24
		Alignment: 386 515 | 1080065 1079936 | 130 130 | 91.54 | ef_ill_ef_contig25 contig_24
		Alignment: 47 293 | 1080411 1080165 | 247 247 | 92.31 | ef_ill_ef_contig25 contig_24
		Alignment: 214 2426 | 1082691 1080467 | 2213 2225 | 90.0 | ef_ill_ef_contig17 contig_24
		Alignment: 19096 19173 | 1083175 1083098 | 78 78 | 98.72 | ef_ill_ef_contig14 contig_24
		Alignment: 19002 19075 | 1083299 1083226 | 74 74 | 97.3 | ef_ill_ef_contig14 contig_24
		Alignment: 18914 18992 | 1083481 1083403 | 79 79 | 98.73 | ef_ill_ef_contig14 contig_24
		Alignment: 18712 18794 | 1083657 1083575 | 83 83 | 90.36 | ef_ill_ef_contig14 contig_24
		Alignment: 18437 18511 | 1083932 1083858 | 75 75 | 94.67 | ef_ill_ef_contig14 contig_24
		Alignment: 18341 18413 | 1084099 1084027 | 73 73 | 91.78 | ef_ill_ef_contig14 contig_24
		Alignment: 18241 18329 | 1084234 1084146 | 89 89 | 93.26 | ef_ill_ef_contig14 contig_24
		Alignment: 723747 759515 | 1164859 1200627 | 35769 35769 | 99.99 | ef_ill_ef_contig1 contig_24
		Alignment: 245 1807 | 1676195 1677746 | 1563 1552 | 90.95 | ef_ill_ef_contig19 contig_24
		Alignment: 543 680 | 1678134 1677997 | 138 138 | 93.48 | ef_ill_ef_contig25 contig_24
		Alignment: 386 515 | 1678291 1678162 | 130 130 | 91.54 | ef_ill_ef_contig25 contig_24
		Alignment: 47 293 | 1678637 1678391 | 247 247 | 92.31 | ef_ill_ef_contig25 contig_24
		Alignment: 2248 2426 | 1678871 1678693 | 179 179 | 94.41 | ef_ill_ef_contig17 contig_24
		Alignment: 1922 2241 | 1679197 1678878 | 320 320 | 94.06 | ef_ill_ef_contig17 contig_24
		Alignment: 933 1365 | 1680199 1679767 | 433 433 | 91.92 | ef_ill_ef_contig17 contig_24
		Alignment: 649 928 | 1680483 1680204 | 280 280 | 92.86 | ef_ill_ef_contig17 contig_24
		Alignment: 317 646 | 1680813 1680484 | 330 330 | 95.45 | ef_ill_ef_contig17 contig_24
		Alignment: 245 1807 | 1780868 1782419 | 1563 1552 | 91.07 | ef_ill_ef_contig19 contig_24
		Alignment: 543 680 | 1782807 1782670 | 138 138 | 93.48 | ef_ill_ef_contig25 contig_24
		Alignment: 386 515 | 1782964 1782835 | 130 130 | 91.54 | ef_ill_ef_contig25 contig_24
		Alignment: 47 293 | 1783310 1783064 | 247 247 | 92.31 | ef_ill_ef_contig25 contig_24
		Alignment: 214 2426 | 1785590 1783366 | 2213 2225 | 90.0 | ef_ill_ef_contig17 contig_24
		Alignment: 427 514 | 1786251 1786338 | 88 88 | 95.45 | ef_ill_ef_contig21 contig_24
		Alignment: 610 689 | 1786428 1786507 | 80 80 | 98.75 | ef_ill_ef_contig21 contig_24
		Alignment: 697 773 | 1786524 1786600 | 77 77 | 98.7 | ef_ill_ef_contig21 contig_24
		Alignment: 885 963 | 1786723 1786801 | 79 79 | 94.94 | ef_ill_ef_contig21 contig_24
		Alignment: 1107 1194 | 1786943 1787030 | 88 88 | 94.32 | ef_ill_ef_contig21 contig_24
		Alignment: 1 75 | 1787311 1787385 | 75 75 | 93.33 | ef_ill_ef_contig2 contig_24
		Alignment: 82 158 | 1787408 1787484 | 77 77 | 100.0 | ef_ill_ef_contig2 contig_24
		Alignment: 267 341 | 1787689 1787763 | 75 75 | 98.67 | ef_ill_ef_contig2 contig_24
		Unaligned bases: 2929587

CONTIG: contig_25 (1926766bp)
Best alignment score: 2001.7 (LEN: 2204, IDY: 90.82), Total number of alignments: 42
			Looking for the best set of alignments (out of 42 total alignments)
			Skipping redundant alignments after choosing the best set of alignments
		Skipping redundant alignment 1 231 | 1649446 1649225 | 231 222 | 90.91 | ef_ill_ef_contig2 contig_25
		This contig has several significant sets of alignments. [An ambiguously mapped contig]
		Using only the very best set (option --ambiguity-usage is set to "one").
			The best set is below. Score: 12636.6, number of alignments: 41, unaligned bases: 1909500
		This contig is misassembled.
		This contig is partially unaligned. (Aligned 17266 out of 1926766 non-N bases (0.90%))
			Warning! This contig is more unaligned than misassembled. Contig length is 1926766 (number of Ns: 0) and total length of all aligns is 17266
		Alignment: 215 2419 | 64887 67088 | 2205 2202 | 90.64 | ef_ill_ef_contig17 contig_25
		Alignment: 47 292 | 67153 67398 | 246 246 | 90.24 | ef_ill_ef_contig25 contig_25
		Alignment: 394 537 | 67503 67646 | 144 144 | 91.67 | ef_ill_ef_contig25 contig_25
		Alignment: 561 680 | 67671 67790 | 120 120 | 92.5 | ef_ill_ef_contig25 contig_25
		Alignment: 1055 1808 | 68882 68129 | 754 754 | 92.73 | ef_ill_ef_contig19 contig_25
		Alignment: 736 868 | 69067 68935 | 133 133 | 94.74 | ef_ill_ef_contig19 contig_25
		Alignment: 242 309 | 69576 69509 | 68 68 | 95.59 | ef_ill_ef_contig19 contig_25
		Alignment: 215 2309 | 141745 143839 | 2095 2095 | 90.91 | ef_ill_ef_contig17 contig_25
		Alignment: 47 292 | 143969 144214 | 246 246 | 90.24 | ef_ill_ef_contig25 contig_25
		Alignment: 588 680 | 144515 144607 | 93 93 | 91.4 | ef_ill_ef_contig25 contig_25
		Alignment: 1598 1808 | 145018 144808 | 211 211 | 93.84 | ef_ill_ef_contig19 contig_25
		Alignment: 1264 1517 | 145340 145087 | 254 254 | 91.73 | ef_ill_ef_contig19 contig_25
		Alignment: 1050 1255 | 145554 145349 | 206 206 | 97.09 | ef_ill_ef_contig19 contig_25
		Alignment: 736 986 | 145805 145555 | 251 251 | 90.84 | ef_ill_ef_contig19 contig_25
		Alignment: 215 2419 | 177128 179331 | 2205 2204 | 90.82 | ef_ill_ef_contig17 contig_25
		Alignment: 47 292 | 179396 179641 | 246 246 | 90.24 | ef_ill_ef_contig25 contig_25
		Alignment: 378 537 | 179732 179891 | 160 160 | 90.0 | ef_ill_ef_contig25 contig_25
		Alignment: 561 680 | 179916 180035 | 120 120 | 91.67 | ef_ill_ef_contig25 contig_25
		Alignment: 481 1808 | 181562 180236 | 1328 1327 | 90.71 | ef_ill_ef_contig19 contig_25
		Alignment: 736 1478 | 840248 840990 | 743 743 | 92.21 | ef_ill_ef_contig19 contig_25
		Alignment: 561 680 | 841400 841281 | 120 120 | 91.67 | ef_ill_ef_contig25 contig_25
		Alignment: 378 537 | 841581 841422 | 160 160 | 90.0 | ef_ill_ef_contig25 contig_25
		Alignment: 47 292 | 841917 841672 | 246 246 | 90.24 | ef_ill_ef_contig25 contig_25
		Alignment: 1981 2419 | 842420 841982 | 439 439 | 90.43 | ef_ill_ef_contig17 contig_25
		Alignment: 1375 1574 | 842835 842636 | 200 200 | 92.5 | ef_ill_ef_contig17 contig_25
		Alignment: 1206 1366 | 843006 842846 | 161 161 | 95.03 | ef_ill_ef_contig17 contig_25
		Alignment: 215 805 | 843595 843007 | 591 589 | 93.58 | ef_ill_ef_contig17 contig_25
		Alignment: 888 964 | 1649908 1649832 | 77 77 | 94.81 | ef_ill_ef_contig21 contig_25
		Alignment: 793 871 | 1649999 1649921 | 79 79 | 97.47 | ef_ill_ef_contig21 contig_25
		Alignment: 613 688 | 1650104 1650029 | 76 76 | 94.74 | ef_ill_ef_contig21 contig_25
		Alignment: 424 514 | 1650279 1650189 | 91 91 | 93.41 | ef_ill_ef_contig21 contig_25
		Alignment: 353 423 | 1650353 1650283 | 71 71 | 91.55 | ef_ill_ef_contig21 contig_25
		Alignment: 318 1366 | 1650913 1651961 | 1049 1049 | 94.95 | ef_ill_ef_contig17 contig_25
		Alignment: 1444 1574 | 1652002 1652132 | 131 131 | 90.08 | ef_ill_ef_contig17 contig_25
		Alignment: 1924 2402 | 1652482 1652960 | 479 479 | 90.61 | ef_ill_ef_contig17 contig_25
		Alignment: 47 292 | 1653040 1653285 | 246 246 | 90.24 | ef_ill_ef_contig25 contig_25
		Alignment: 464 537 | 1653461 1653534 | 74 74 | 91.89 | ef_ill_ef_contig25 contig_25
		Alignment: 561 680 | 1653559 1653678 | 120 120 | 92.5 | ef_ill_ef_contig25 contig_25
		Alignment: 1521 1808 | 1654166 1653879 | 288 288 | 92.71 | ef_ill_ef_contig19 contig_25
		Alignment: 1264 1517 | 1654423 1654170 | 254 254 | 91.73 | ef_ill_ef_contig19 contig_25
		Alignment: 736 1228 | 1654948 1654456 | 493 493 | 92.7 | ef_ill_ef_contig19 contig_25
		Unaligned bases: 1909500

CONTIG: contig_35 (4757820bp)
Best alignment score: 131.0 (LEN: 142, IDY: 92.25), Total number of alignments: 15
			Looking for the best set of alignments (out of 15 total alignments)
			Skipping redundant alignments after choosing the best set of alignments
		Skipping redundant alignment 1137 1227 | 807111 807201 | 91 91 | 96.7 | ef_ill_ef_contig17 contig_35
		Skipping redundant alignment 1005 1076 | 810240 810169 | 72 72 | 95.83 | ef_ill_ef_contig19 contig_35
		Skipping redundant alignment 1137 1227 | 1473290 1473380 | 91 91 | 96.7 | ef_ill_ef_contig17 contig_35
		Skipping redundant alignment 1575 1669 | 1475846 1475752 | 95 95 | 92.63 | ef_ill_ef_contig19 contig_35
		Skipping redundant alignment 1005 1076 | 1476415 1476344 | 72 72 | 95.83 | ef_ill_ef_contig19 contig_35
		Skipping redundant alignment 1005 1076 | 1992790 1992861 | 72 72 | 95.83 | ef_ill_ef_contig19 contig_35
		Skipping redundant alignment 1137 1227 | 1996076 1995986 | 91 91 | 96.7 | ef_ill_ef_contig17 contig_35
		Skipping redundant alignment 1005 1076 | 2087869 2087940 | 72 72 | 95.83 | ef_ill_ef_contig19 contig_35
		Skipping redundant alignment 1137 1227 | 2090996 2090906 | 91 91 | 96.7 | ef_ill_ef_contig17 contig_35
		Skipping redundant alignment 1137 1227 | 2246378 2246288 | 91 91 | 96.7 | ef_ill_ef_contig17 contig_35
		Skipping redundant alignment 1005 1076 | 2286005 2286076 | 72 72 | 95.83 | ef_ill_ef_contig19 contig_35
		Skipping redundant alignment 1137 1227 | 2289132 2289042 | 91 91 | 96.7 | ef_ill_ef_contig17 contig_35
		Skipping redundant alignment 1137 1227 | 3038815 3038725 | 91 91 | 96.7 | ef_ill_ef_contig17 contig_35
			The best set is below. Score: 200.0, number of alignments: 2, unaligned bases: 4757606
		This contig is misassembled.
		This contig is partially unaligned. (Aligned 214 out of 4757820 non-N bases (0.00%))
			Warning! This contig is more unaligned than misassembled. Contig length is 4757820 (number of Ns: 0) and total length of all aligns is 214
		Alignment: 1005 1076 | 3035430 3035501 | 72 72 | 95.83 | ef_ill_ef_contig19 contig_35
		Alignment: 1115 1256 | 3035539 3035680 | 142 142 | 92.25 | ef_ill_ef_contig19 contig_35
		Unaligned bases: 4757606

CONTIG: contig_36 (4764622bp)
Best alignment score: 129.0 (LEN: 142, IDY: 90.85), Total number of alignments: 20
			Looking for the best set of alignments (out of 20 total alignments)
			Skipping redundant alignments after choosing the best set of alignments
		Skipping redundant alignment 1137 1227 | 304737 304827 | 91 91 | 96.7 | ef_ill_ef_contig17 contig_36
		Skipping redundant alignment 1136 1256 | 307809 307689 | 121 121 | 95.87 | ef_ill_ef_contig19 contig_36
		Skipping redundant alignment 1005 1076 | 307939 307868 | 72 72 | 95.83 | ef_ill_ef_contig19 contig_36
		Skipping redundant alignment 1137 1227 | 1012985 1013075 | 91 91 | 96.7 | ef_ill_ef_contig17 contig_36
		Skipping redundant alignment 1136 1256 | 1016063 1015943 | 121 121 | 95.87 | ef_ill_ef_contig19 contig_36
		Skipping redundant alignment 1005 1076 | 1016193 1016122 | 72 72 | 95.83 | ef_ill_ef_contig19 contig_36
		Skipping redundant alignment 1005 1076 | 1556598 1556669 | 72 72 | 95.83 | ef_ill_ef_contig19 contig_36
		Skipping redundant alignment 1136 1256 | 1556728 1556848 | 121 121 | 95.87 | ef_ill_ef_contig19 contig_36
		Skipping redundant alignment 1137 1227 | 1559723 1559633 | 91 91 | 96.7 | ef_ill_ef_contig17 contig_36
		Skipping redundant alignment 1005 1076 | 1650202 1650273 | 72 72 | 95.83 | ef_ill_ef_contig19 contig_36
		Skipping redundant alignment 1136 1256 | 1650332 1650452 | 121 121 | 95.87 | ef_ill_ef_contig19 contig_36
		Skipping redundant alignment 1137 1227 | 1653421 1653331 | 91 91 | 96.7 | ef_ill_ef_contig17 contig_36
		Skipping redundant alignment 1005 1076 | 1781314 1781385 | 72 72 | 95.83 | ef_ill_ef_contig19 contig_36
		Skipping redundant alignment 1136 1256 | 1781444 1781564 | 121 121 | 95.87 | ef_ill_ef_contig19 contig_36
		Skipping redundant alignment 1137 1227 | 1784439 1784349 | 91 91 | 96.7 | ef_ill_ef_contig17 contig_36
		Skipping redundant alignment 1136 1256 | 1822833 1822953 | 121 121 | 95.87 | ef_ill_ef_contig19 contig_36
		Skipping redundant alignment 1137 1227 | 1825826 1825736 | 91 91 | 96.7 | ef_ill_ef_contig17 contig_36
		Skipping redundant alignment 1137 1227 | 2473634 2473544 | 91 91 | 96.7 | ef_ill_ef_contig17 contig_36
			The best set is below. Score: 198.0, number of alignments: 2, unaligned bases: 4764408
		This contig is misassembled.
		This contig is partially unaligned. (Aligned 214 out of 4764622 non-N bases (0.00%))
			Warning! This contig is more unaligned than misassembled. Contig length is 4764622 (number of Ns: 0) and total length of all aligns is 214
		Alignment: 1005 1076 | 2470417 2470488 | 72 72 | 95.83 | ef_ill_ef_contig19 contig_36
		Alignment: 1136 1277 | 2470546 2470687 | 142 142 | 90.85 | ef_ill_ef_contig19 contig_36
		Unaligned bases: 4764408

CONTIG: contig_45 (2720646bp)
Best alignment score: 518.0 (LEN: 549, IDY: 94.35), Total number of alignments: 85
			Looking for the best set of alignments (out of 85 total alignments)
			Skipping redundant alignments after choosing the best set of alignments
		Skipping redundant alignment 386 504 | 1226742 1226624 | 119 119 | 96.64 | ef_ill_ef_contig25 contig_45
		Skipping redundant alignment 106324 106445 | 2295373 2295494 | 122 122 | 91.8 | ef_ill_ef_contig6 contig_45
		Skipping redundant alignment 613 688 | 1218979 1219054 | 76 76 | 100.0 | ef_ill_ef_contig21 contig_45
		Skipping redundant alignment 699 767 | 1219075 1219143 | 69 69 | 98.55 | ef_ill_ef_contig21 contig_45
		This contig has several significant sets of alignments. [An ambiguously mapped contig]
		Using only the very best set (option --ambiguity-usage is set to "one").
			The best set is below. Score: 13163.8, number of alignments: 81, unaligned bases: 2702750
		This contig is misassembled.
		This contig is partially unaligned. (Aligned 17896 out of 2720646 non-N bases (0.66%))
			Warning! This contig is more unaligned than misassembled. Contig length is 2720646 (number of Ns: 0) and total length of all aligns is 17896
		Alignment: 325 721 | 668 1064 | 397 397 | 94.96 | ef_ill_ef_contig17 contig_45
		Alignment: 722 923 | 1066 1267 | 202 202 | 93.56 | ef_ill_ef_contig17 contig_45
		Alignment: 1019 1366 | 1363 1710 | 348 348 | 95.11 | ef_ill_ef_contig17 contig_45
		Alignment: 1921 2135 | 2274 2488 | 215 215 | 95.35 | ef_ill_ef_contig17 contig_45
		Alignment: 2165 2233 | 2518 2586 | 69 69 | 95.65 | ef_ill_ef_contig17 contig_45
		Alignment: 2249 2365 | 2601 2717 | 117 117 | 92.31 | ef_ill_ef_contig17 contig_45
		Alignment: 4 288 | 2790 3074 | 285 285 | 90.18 | ef_ill_ef_contig25 contig_45
		Alignment: 386 504 | 3178 3296 | 119 119 | 96.64 | ef_ill_ef_contig25 contig_45
		Alignment: 1618 1806 | 4139 3951 | 189 189 | 93.12 | ef_ill_ef_contig19 contig_45
		Alignment: 1289 1407 | 4467 4349 | 119 119 | 96.64 | ef_ill_ef_contig19 contig_45
		Alignment: 1030 1278 | 4728 4480 | 249 249 | 95.98 | ef_ill_ef_contig19 contig_45
		Alignment: 734 1028 | 5023 4729 | 295 295 | 93.22 | ef_ill_ef_contig19 contig_45
		Alignment: 470 710 | 5287 5047 | 241 241 | 90.87 | ef_ill_ef_contig19 contig_45
		Alignment: 325 722 | 114152 114549 | 398 398 | 94.97 | ef_ill_ef_contig17 contig_45
		Alignment: 723 923 | 114551 114751 | 201 201 | 94.03 | ef_ill_ef_contig17 contig_45
		Alignment: 1019 1366 | 114847 115194 | 348 348 | 95.11 | ef_ill_ef_contig17 contig_45
		Alignment: 1921 2072 | 115761 115912 | 152 152 | 95.39 | ef_ill_ef_contig17 contig_45
		Alignment: 2165 2233 | 116003 116071 | 69 69 | 95.65 | ef_ill_ef_contig17 contig_45
		Alignment: 2249 2365 | 116086 116202 | 117 117 | 92.31 | ef_ill_ef_contig17 contig_45
		Alignment: 4 288 | 116274 116558 | 285 285 | 90.18 | ef_ill_ef_contig25 contig_45
		Alignment: 386 504 | 116662 116780 | 119 119 | 96.64 | ef_ill_ef_contig25 contig_45
		Alignment: 1412 1806 | 117783 117389 | 395 395 | 90.63 | ef_ill_ef_contig19 contig_45
		Alignment: 1289 1407 | 117906 117788 | 119 119 | 96.64 | ef_ill_ef_contig19 contig_45
		Alignment: 734 1282 | 118463 117915 | 549 549 | 94.17 | ef_ill_ef_contig19 contig_45
		Alignment: 487 680 | 118711 118518 | 194 194 | 93.3 | ef_ill_ef_contig19 contig_45
		Alignment: 487 710 | 1174872 1175095 | 224 224 | 92.86 | ef_ill_ef_contig19 contig_45
		Alignment: 734 1033 | 1175119 1175418 | 300 300 | 93.33 | ef_ill_ef_contig19 contig_45
		Alignment: 1034 1282 | 1175420 1175668 | 249 249 | 95.98 | ef_ill_ef_contig19 contig_45
		Alignment: 1289 1407 | 1175677 1175795 | 119 119 | 96.64 | ef_ill_ef_contig19 contig_45
		Alignment: 1618 1806 | 1176005 1176193 | 189 189 | 93.12 | ef_ill_ef_contig19 contig_45
		Alignment: 386 504 | 1176936 1176818 | 119 119 | 96.64 | ef_ill_ef_contig25 contig_45
		Alignment: 4 288 | 1177324 1177040 | 285 285 | 90.18 | ef_ill_ef_contig25 contig_45
		Alignment: 2249 2365 | 1177513 1177397 | 117 117 | 92.31 | ef_ill_ef_contig17 contig_45
		Alignment: 2165 2233 | 1177596 1177528 | 69 69 | 95.65 | ef_ill_ef_contig17 contig_45
		Alignment: 1921 2135 | 1177840 1177626 | 215 215 | 95.35 | ef_ill_ef_contig17 contig_45
		Alignment: 1019 1366 | 1178751 1178404 | 348 348 | 95.11 | ef_ill_ef_contig17 contig_45
		Alignment: 722 923 | 1179048 1178847 | 202 202 | 94.06 | ef_ill_ef_contig17 contig_45
		Alignment: 325 721 | 1179446 1179050 | 397 397 | 94.96 | ef_ill_ef_contig17 contig_45
		Alignment: 470 710 | 1219493 1219733 | 241 241 | 91.7 | ef_ill_ef_contig19 contig_45
		Alignment: 734 1282 | 1219757 1220305 | 549 549 | 94.17 | ef_ill_ef_contig19 contig_45
		Alignment: 1289 1407 | 1220314 1220432 | 119 119 | 96.64 | ef_ill_ef_contig19 contig_45
		Alignment: 1614 1806 | 1220640 1220832 | 193 193 | 93.26 | ef_ill_ef_contig19 contig_45
		Alignment: 386 504 | 1221516 1221398 | 119 119 | 96.64 | ef_ill_ef_contig25 contig_45
		Alignment: 4 289 | 1221904 1221619 | 286 286 | 90.21 | ef_ill_ef_contig25 contig_45
		Alignment: 2249 2365 | 1222093 1221977 | 117 117 | 92.31 | ef_ill_ef_contig17 contig_45
		Alignment: 2165 2233 | 1222176 1222108 | 69 69 | 95.65 | ef_ill_ef_contig17 contig_45
		Alignment: 1921 2135 | 1222420 1222206 | 215 215 | 95.35 | ef_ill_ef_contig17 contig_45
		Alignment: 1019 1366 | 1223331 1222984 | 348 348 | 95.11 | ef_ill_ef_contig17 contig_45
		Alignment: 723 923 | 1223627 1223427 | 201 201 | 94.03 | ef_ill_ef_contig17 contig_45
		Alignment: 325 722 | 1224026 1223629 | 398 398 | 94.97 | ef_ill_ef_contig17 contig_45
		Alignment: 487 710 | 1224768 1224991 | 224 224 | 93.3 | ef_ill_ef_contig19 contig_45
		Alignment: 734 1033 | 1225015 1225314 | 300 300 | 93.33 | ef_ill_ef_contig19 contig_45
		Alignment: 1034 1282 | 1225316 1225564 | 249 249 | 95.98 | ef_ill_ef_contig19 contig_45
		Alignment: 1289 1407 | 1225573 1225691 | 119 119 | 96.64 | ef_ill_ef_contig19 contig_45
		Alignment: 1412 1806 | 1225696 1226090 | 395 395 | 90.38 | ef_ill_ef_contig19 contig_45
		Alignment: 2249 2365 | 1227318 1227202 | 117 117 | 92.31 | ef_ill_ef_contig17 contig_45
		Alignment: 2165 2233 | 1227401 1227333 | 69 69 | 95.65 | ef_ill_ef_contig17 contig_45
		Alignment: 1921 2135 | 1227645 1227431 | 215 215 | 95.35 | ef_ill_ef_contig17 contig_45
		Alignment: 1019 1366 | 1228556 1228209 | 348 348 | 95.11 | ef_ill_ef_contig17 contig_45
		Alignment: 722 923 | 1228853 1228652 | 202 202 | 94.06 | ef_ill_ef_contig17 contig_45
		Alignment: 325 721 | 1229251 1228855 | 397 397 | 94.96 | ef_ill_ef_contig17 contig_45
		Alignment: 23697 23812 | 1265784 1265669 | 116 116 | 93.1 | ef_ill_ef_contig3 contig_45
		Alignment: 23547 23653 | 1265931 1265825 | 107 107 | 94.39 | ef_ill_ef_contig3 contig_45
		Alignment: 23217 23308 | 1266261 1266170 | 92 92 | 91.3 | ef_ill_ef_contig3 contig_45
		Alignment: 890 964 | 2584027 2583953 | 75 75 | 93.33 | ef_ill_ef_contig21 contig_45
		Alignment: 691 773 | 2584234 2584152 | 83 83 | 95.18 | ef_ill_ef_contig21 contig_45
		Alignment: 610 689 | 2584319 2584240 | 80 80 | 100.0 | ef_ill_ef_contig21 contig_45
		Alignment: 85 157 | 2584755 2584683 | 73 73 | 91.78 | ef_ill_ef_contig21 contig_45
		Alignment: 325 722 | 2585234 2585631 | 398 398 | 94.97 | ef_ill_ef_contig17 contig_45
		Alignment: 723 923 | 2585633 2585833 | 201 201 | 93.53 | ef_ill_ef_contig17 contig_45
		Alignment: 1019 1366 | 2585929 2586276 | 348 348 | 95.11 | ef_ill_ef_contig17 contig_45
		Alignment: 1921 2135 | 2586842 2587056 | 215 215 | 95.35 | ef_ill_ef_contig17 contig_45
		Alignment: 2165 2233 | 2587086 2587154 | 69 69 | 95.65 | ef_ill_ef_contig17 contig_45
		Alignment: 2249 2365 | 2587169 2587285 | 117 117 | 92.31 | ef_ill_ef_contig17 contig_45
		Alignment: 4 288 | 2587360 2587644 | 285 285 | 90.18 | ef_ill_ef_contig25 contig_45
		Alignment: 386 514 | 2587750 2587878 | 129 129 | 93.8 | ef_ill_ef_contig25 contig_45
		Alignment: 563 681 | 2587928 2588046 | 119 119 | 94.12 | ef_ill_ef_contig25 contig_45
		Alignment: 1412 1806 | 2588920 2588526 | 395 395 | 90.38 | ef_ill_ef_contig19 contig_45
		Alignment: 1289 1407 | 2589043 2588925 | 119 119 | 96.64 | ef_ill_ef_contig19 contig_45
		Alignment: 734 1282 | 2589600 2589052 | 549 549 | 94.35 | ef_ill_ef_contig19 contig_45
		Alignment: 470 681 | 2589865 2589654 | 212 212 | 91.98 | ef_ill_ef_contig19 contig_45
		Unaligned bases: 2702750

Analyzing coverage...
Writing SNPs into /media3/lucia/zymo_mock_community/asms_cuantizados/v6_27-2-21_1bin/metaquast-1bin-v2/runs_per_reference/ef_ill/contigs_reports/minimap_output/r10_1bin_v2_2_racon_r2.used_snps.gz

Analysis is finished!
Founded SNPs were written into /media3/lucia/zymo_mock_community/asms_cuantizados/v6_27-2-21_1bin/metaquast-1bin-v2/runs_per_reference/ef_ill/contigs_reports/minimap_output/r10_1bin_v2_2_racon_r2.used_snps.gz

Results:
	Local Misassemblies: 16
	Misassemblies: 1
		Relocations: 0
		Translocations: 1
		Inversions: 0
	Scaffold gap extensive misassemblies: 0
	Scaffold gap local misassemblies: 0
	Misassemblies caused by fragmented reference: 19
	Misassembled Contigs: 1
	Misassembled Contig Bases: 2845346
	Misassemblies Inter-Contig Overlap: 0
Unaligned Contigs: 0 + 6 part
Half Unaligned Contigs with Misassemblies: 6
Unaligned Contig Bases: 21076942

Ambiguously Mapped Contigs: 4
Total Bases in Ambiguously Mapped Contigs: 10484710
Extra Bases in Ambiguously Mapped Contigs: 0
Note that --allow-ambiguity option was set to "one" and only first alignment per each of these contigs was used.

	Covered Bases: 2818434

	SNPs: 6820
	Insertions: 439
	Deletions: 2051

