Aligning contigs to reference...
	Aligning contigs to the reference
Filtering alignments...
Parsing coords...
Loading reference...
	Loaded [pa_ill_pa_contig77]
	Loaded [pa_ill_pa_contig76]
	Loaded [pa_ill_pa_contig75]
	Loaded [pa_ill_pa_contig74]
	Loaded [pa_ill_pa_contig73]
	Loaded [pa_ill_pa_contig72]
	Loaded [pa_ill_pa_contig71]
	Loaded [pa_ill_pa_contig70]
	Loaded [pa_ill_pa_contig23]
	Loaded [pa_ill_pa_contig21]
	Loaded [pa_ill_pa_contig28]
	Loaded [pa_ill_pa_contig79]
	Loaded [pa_ill_pa_contig78]
	Loaded [pa_ill_pa_contig32]
	Loaded [pa_ill_pa_contig8]
	Loaded [pa_ill_pa_contig41]
	Loaded [pa_ill_pa_contig47]
	Loaded [pa_ill_pa_contig4]
	Loaded [pa_ill_pa_contig13]
	Loaded [pa_ill_pa_contig11]
	Loaded [pa_ill_pa_contig10]
	Loaded [pa_ill_pa_contig39]
	Loaded [pa_ill_pa_contig12]
	Loaded [pa_ill_pa_contig59]
	Loaded [pa_ill_pa_contig14]
	Loaded [pa_ill_pa_contig17]
	Loaded [pa_ill_pa_contig16]
	Loaded [pa_ill_pa_contig55]
	Loaded [pa_ill_pa_contig54]
	Loaded [pa_ill_pa_contig31]
	Loaded [pa_ill_pa_contig56]
	Loaded [pa_ill_pa_contig51]
	Loaded [pa_ill_pa_contig50]
	Loaded [pa_ill_pa_contig35]
	Loaded [pa_ill_pa_contig34]
	Loaded [pa_ill_pa_contig60]
	Loaded [pa_ill_pa_contig61]
	Loaded [pa_ill_pa_contig62]
	Loaded [pa_ill_pa_contig63]
	Loaded [pa_ill_pa_contig64]
	Loaded [pa_ill_pa_contig65]
	Loaded [pa_ill_pa_contig66]
	Loaded [pa_ill_pa_contig67]
	Loaded [pa_ill_pa_contig68]
	Loaded [pa_ill_pa_contig69]
	Loaded [pa_ill_pa_contig80]
	Loaded [pa_ill_pa_contig81]
	Loaded [pa_ill_pa_contig84]
	Loaded [pa_ill_pa_contig19]
	Loaded [pa_ill_pa_contig83]
	Loaded [pa_ill_pa_contig2]
	Loaded [pa_ill_pa_contig18]
	Loaded [pa_ill_pa_contig5]
	Loaded [pa_ill_pa_contig57]
	Loaded [pa_ill_pa_contig58]
	Loaded [pa_ill_pa_contig15]
	Loaded [pa_ill_pa_contig1]
	Loaded [pa_ill_pa_contig45]
	Loaded [pa_ill_pa_contig3]
	Loaded [pa_ill_pa_contig30]
	Loaded [pa_ill_pa_contig33]
	Loaded [pa_ill_pa_contig38]
	Loaded [pa_ill_pa_contig7]
	Loaded [pa_ill_pa_contig6]
	Loaded [pa_ill_pa_contig9]
	Loaded [pa_ill_pa_contig37]
	Loaded [pa_ill_pa_contig36]
	Loaded [pa_ill_pa_contig24]
	Loaded [pa_ill_pa_contig25]
	Loaded [pa_ill_pa_contig26]
	Loaded [pa_ill_pa_contig27]
	Loaded [pa_ill_pa_contig20]
	Loaded [pa_ill_pa_contig53]
	Loaded [pa_ill_pa_contig48]
	Loaded [pa_ill_pa_contig49]
	Loaded [pa_ill_pa_contig46]
	Loaded [pa_ill_pa_contig22]
	Loaded [pa_ill_pa_contig44]
	Loaded [pa_ill_pa_contig52]
	Loaded [pa_ill_pa_contig42]
	Loaded [pa_ill_pa_contig43]
	Loaded [pa_ill_pa_contig40]
	Loaded [pa_ill_pa_contig29]
	Total Regions: 83
	Total Region Length: 6728151
Analyzing contigs...
CONTIG: contig_152 (6792243bp)
Best alignment score: 847682.0 (LEN: 847682, IDY: 100.00), Total number of alignments: 158
			Too much alignments (158), will use speed up heuristics
			Found 105 solid alignments:
		Solid alignment 1 720 | 720 1 | 720 720 | 100.0 | pa_ill_pa_contig35 contig_152
		Solid alignment 1 266935 | 1330 268264 | 266935 266935 | 100.0 | pa_ill_pa_contig6 contig_152
		Solid alignment 1 111253 | 379475 268224 | 111253 111252 | 99.98 | pa_ill_pa_contig20 contig_152
		Solid alignment 1 5507 | 384927 379421 | 5507 5507 | 99.47 | pa_ill_pa_contig45 contig_152
		Solid alignment 1 118702 | 384873 503574 | 118702 118702 | 100.0 | pa_ill_pa_contig19 contig_152
		Solid alignment 1 1237 | 505303 504067 | 1237 1237 | 99.68 | pa_ill_pa_contig65 contig_152
		Solid alignment 1 944 | 506192 505249 | 944 944 | 98.83 | pa_ill_pa_contig71 contig_152
		Solid alignment 1 23992 | 506840 530831 | 23992 23992 | 100.0 | pa_ill_pa_contig40 contig_152
		Solid alignment 1 1468 | 530777 532244 | 1468 1468 | 99.93 | pa_ill_pa_contig62 contig_152
		Solid alignment 1 56682 | 532190 588871 | 56682 56682 | 100.0 | pa_ill_pa_contig30 contig_152
		Solid alignment 1 927 | 588817 589743 | 927 927 | 97.63 | pa_ill_pa_contig73 contig_152
		Solid alignment 1 204999 | 794574 589689 | 204999 204886 | 99.94 | pa_ill_pa_contig12 contig_152
		Solid alignment 1 1492 | 794520 796011 | 1492 1492 | 99.87 | pa_ill_pa_contig61 contig_152
		Solid alignment 1 106796 | 795957 902754 | 106796 106798 | 100.0 | pa_ill_pa_contig21 contig_152
		Solid alignment 1 1258 | 903957 902700 | 1258 1258 | 99.52 | pa_ill_pa_contig64 contig_152
		Solid alignment 1 34671 | 903903 938612 | 34671 34710 | 99.86 | pa_ill_pa_contig15 contig_152
		Solid alignment 34236 173697 | 938232 1077770 | 139462 139539 | 99.94 | pa_ill_pa_contig15 contig_152
		Solid alignment 1 1028 | 1079548 1078521 | 1028 1028 | 99.81 | pa_ill_pa_contig68 contig_152
		Solid alignment 1 1028 | 1082731 1081704 | 1028 1028 | 99.51 | pa_ill_pa_contig68 contig_152
		Solid alignment 1 1661 | 1084337 1082677 | 1661 1661 | 100.0 | pa_ill_pa_contig59 contig_152
		Solid alignment 1 1682 | 1084283 1085964 | 1682 1682 | 99.52 | pa_ill_pa_contig58 contig_152
		Solid alignment 1 4971 | 1085910 1090880 | 4971 4971 | 100.0 | pa_ill_pa_contig46 contig_152
		Solid alignment 1 1682 | 1090826 1092507 | 1682 1682 | 99.76 | pa_ill_pa_contig58 contig_152
		Solid alignment 1 3238 | 1092453 1095690 | 3238 3238 | 100.0 | pa_ill_pa_contig50 contig_152
		Solid alignment 1 799 | 1095636 1096434 | 799 799 | 99.12 | pa_ill_pa_contig75 contig_152
		Solid alignment 1 6148 | 1103271 1097124 | 6148 6148 | 100.0 | pa_ill_pa_contig43 contig_152
		Solid alignment 1 799 | 1103217 1104015 | 799 799 | 98.62 | pa_ill_pa_contig75 contig_152
		Solid alignment 1 68331 | 1104705 1173037 | 68331 68333 | 100.0 | pa_ill_pa_contig28 contig_152
		Solid alignment 1 985 | 1172983 1173967 | 985 985 | 98.48 | pa_ill_pa_contig69 contig_152
		Solid alignment 1 30768 | 1204680 1173913 | 30768 30768 | 99.97 | pa_ill_pa_contig38 contig_152
		Solid alignment 1235 3722 | 1207113 1204626 | 2488 2488 | 99.44 | pa_ill_pa_contig48 contig_152
		Solid alignment 1 1079 | 1208347 1207269 | 1079 1079 | 99.54 | pa_ill_pa_contig48 contig_152
		Solid alignment 1 6590 | 1208293 1214882 | 6590 6590 | 99.82 | pa_ill_pa_contig42 contig_152
		Solid alignment 1 3064 | 1217891 1214828 | 3064 3064 | 99.28 | pa_ill_pa_contig51 contig_152
		Solid alignment 1 26794 | 1217837 1244631 | 26794 26795 | 100.0 | pa_ill_pa_contig39 contig_152
		Solid alignment 1 258570 | 1503695 1245125 | 258570 258571 | 100.0 | pa_ill_pa_contig8 contig_152
		Solid alignment 1 944 | 1503641 1504584 | 944 944 | 99.36 | pa_ill_pa_contig71 contig_152
		Solid alignment 1 1237 | 1504530 1505766 | 1237 1237 | 95.64 | pa_ill_pa_contig65 contig_152
		Solid alignment 1 191344 | 1506259 1697584 | 191344 191326 | 99.99 | pa_ill_pa_contig13 contig_152
		Solid alignment 1 1197 | 1698726 1697530 | 1197 1197 | 99.83 | pa_ill_pa_contig67 contig_152
		Solid alignment 1 86455 | 1698711 1785163 | 86455 86453 | 100.0 | pa_ill_pa_contig25 contig_152
		Solid alignment 161 249467 | 1785109 2034418 | 249307 249310 | 100.0 | pa_ill_pa_contig9 contig_152
		Solid alignment 1 2531 | 2037313 2034783 | 2531 2531 | 99.84 | pa_ill_pa_contig53 contig_152
		Solid alignment 1 929 | 2038369 2037441 | 929 929 | 99.35 | pa_ill_pa_contig72 contig_152
		Solid alignment 1 121067 | 2164161 2043092 | 121067 121070 | 100.0 | pa_ill_pa_contig17 contig_152
		Solid alignment 1 56007 | 2164423 2220429 | 56007 56007 | 100.0 | pa_ill_pa_contig32 contig_152
		Solid alignment 1 1258 | 2221632 2220375 | 1258 1258 | 99.84 | pa_ill_pa_contig64 contig_152
		Solid alignment 247199 542364 | 2516745 2221578 | 295166 295168 | 100.0 | pa_ill_pa_contig2 contig_152
		Solid alignment 1 247386 | 2763830 2516443 | 247386 247388 | 100.0 | pa_ill_pa_contig2 contig_152
		Solid alignment 1 3774 | 2768033 2764260 | 3774 3774 | 100.0 | pa_ill_pa_contig47 contig_152
		Solid alignment 1 929 | 2768547 2769476 | 929 930 | 98.39 | pa_ill_pa_contig72 contig_152
		Solid alignment 1 2549 | 2769604 2772152 | 2549 2549 | 100.0 | pa_ill_pa_contig52 contig_152
		Solid alignment 1 404310 | 3176826 2772511 | 404310 404316 | 100.0 | pa_ill_pa_contig4 contig_152
		Solid alignment 1 1468 | 3176772 3178239 | 1468 1468 | 100.0 | pa_ill_pa_contig62 contig_152
		Solid alignment 1 122468 | 3178185 3300653 | 122468 122469 | 100.0 | pa_ill_pa_contig16 contig_152
		Solid alignment 1 53273 | 3354340 3301068 | 53273 53273 | 100.0 | pa_ill_pa_contig33 contig_152
		Solid alignment 41099 76514 | 3390248 3354834 | 35416 35415 | 99.99 | pa_ill_pa_contig26 contig_152
		Solid alignment 1 41228 | 3431234 3390007 | 41228 41228 | 100.0 | pa_ill_pa_contig26 contig_152
		Solid alignment 1 846 | 3431998 3431159 | 846 840 | 90.05 | pa_ill_pa_contig20 contig_152
		Solid alignment 1 5507 | 3437450 3431944 | 5507 5507 | 99.84 | pa_ill_pa_contig45 contig_152
		Solid alignment 1 68413 | 3437396 3505808 | 68413 68413 | 99.99 | pa_ill_pa_contig27 contig_152
		Solid alignment 1 5713 | 3511467 3505754 | 5713 5714 | 99.96 | pa_ill_pa_contig44 contig_152
		Solid alignment 1 87995 | 3599407 3511413 | 87995 87995 | 100.0 | pa_ill_pa_contig24 contig_152
		Solid alignment 1 1197 | 3599353 3600549 | 1197 1197 | 99.75 | pa_ill_pa_contig67 contig_152
		Solid alignment 1 294591 | 3600495 3895082 | 294591 294588 | 100.0 | pa_ill_pa_contig5 contig_152
		Solid alignment 1 927 | 3895028 3895954 | 927 927 | 99.89 | pa_ill_pa_contig73 contig_152
		Solid alignment 1 35776 | 3895900 3931674 | 35776 35775 | 100.0 | pa_ill_pa_contig37 contig_152
		Solid alignment 1 2207 | 3934750 3932544 | 2207 2207 | 99.82 | pa_ill_pa_contig55 contig_152
		Solid alignment 1 232544 | 3934696 4167263 | 232544 232568 | 99.99 | pa_ill_pa_contig10 contig_152
		Solid alignment 1 1874 | 4167136 4169009 | 1874 1874 | 100.0 | pa_ill_pa_contig57 contig_152
		Solid alignment 232388 237415 | 4168854 4173880 | 5028 5027 | 99.96 | pa_ill_pa_contig10 contig_152
		Solid alignment 1235 3722 | 4176313 4173826 | 2488 2488 | 99.6 | pa_ill_pa_contig48 contig_152
		Solid alignment 1 1079 | 4177547 4176469 | 1079 1079 | 99.81 | pa_ill_pa_contig48 contig_152
		Solid alignment 1 956 | 4177493 4178448 | 956 956 | 100.0 | pa_ill_pa_contig70 contig_152
		Solid alignment 1 3064 | 4181457 4178394 | 3064 3064 | 99.71 | pa_ill_pa_contig51 contig_152
		Solid alignment 92967 210873 | 4299310 4181403 | 117907 117908 | 99.99 | pa_ill_pa_contig11 contig_152
		Solid alignment 1 93281 | 4392168 4298886 | 93281 93283 | 99.99 | pa_ill_pa_contig11 contig_152
		Solid alignment 1 985 | 4392114 4393098 | 985 985 | 99.49 | pa_ill_pa_contig69 contig_152
		Solid alignment 1 48969 | 4393044 4442013 | 48969 48970 | 100.0 | pa_ill_pa_contig34 contig_152
		Solid alignment 1 5713 | 4441959 4447671 | 5713 5713 | 99.93 | pa_ill_pa_contig44 contig_152
		Solid alignment 1 106324 | 4553941 4447617 | 106324 106325 | 100.0 | pa_ill_pa_contig22 contig_152
		Solid alignment 1 90153 | 4644470 4554317 | 90153 90154 | 100.0 | pa_ill_pa_contig23 contig_152
		Solid alignment 1 1197 | 4644416 4645612 | 1197 1197 | 99.83 | pa_ill_pa_contig67 contig_152
		Solid alignment 1 465790 | 4645558 5111210 | 465790 465653 | 99.97 | pa_ill_pa_contig3 contig_152
		Solid alignment 1 2514 | 5111156 5113669 | 2514 2514 | 99.72 | pa_ill_pa_contig54 contig_152
		Solid alignment 1 868 | 5114121 5114988 | 868 868 | 99.54 | pa_ill_pa_contig74 contig_152
		Solid alignment 1 119004 | 5115792 5234796 | 119004 119005 | 100.0 | pa_ill_pa_contig18 contig_152
		Solid alignment 1 5713 | 5234742 5240454 | 5713 5713 | 100.0 | pa_ill_pa_contig44 contig_152
		Solid alignment 1 1405 | 5242697 5241293 | 1405 1405 | 90.74 | pa_ill_pa_contig12 contig_152
		Solid alignment 1 1492 | 5242643 5244134 | 1492 1492 | 100.0 | pa_ill_pa_contig61 contig_152
		Solid alignment 1 21904 | 5244080 5265983 | 21904 21904 | 100.0 | pa_ill_pa_contig41 contig_152
		Solid alignment 1 868 | 5267511 5266638 | 868 874 | 98.4 | pa_ill_pa_contig74 contig_152
		Solid alignment 1 2514 | 5270476 5267963 | 2514 2514 | 99.72 | pa_ill_pa_contig54 contig_152
		Solid alignment 132 56432 | 5326722 5270422 | 56301 56301 | 99.94 | pa_ill_pa_contig31 contig_152
		Solid alignment 1 187635 | 5328792 5516427 | 187635 187636 | 100.0 | pa_ill_pa_contig14 contig_152
		Solid alignment 1 265097 | 5517272 5782367 | 265097 265096 | 100.0 | pa_ill_pa_contig7 contig_152
		Solid alignment 1 1538 | 5782818 5784355 | 1538 1538 | 100.0 | pa_ill_pa_contig60 contig_152
		Solid alignment 1 3511 | 5788238 5784728 | 3511 3511 | 100.0 | pa_ill_pa_contig49 contig_152
		Solid alignment 1 38146 | 5788827 5826972 | 38146 38146 | 100.0 | pa_ill_pa_contig36 contig_152
		Solid alignment 1 5713 | 5826918 5832631 | 5713 5714 | 99.96 | pa_ill_pa_contig44 contig_152
		Solid alignment 1 61716 | 5832577 5894293 | 61716 61717 | 100.0 | pa_ill_pa_contig29 contig_152
		Solid alignment 1 1197 | 5895435 5894239 | 1197 1197 | 99.08 | pa_ill_pa_contig67 contig_152
		Solid alignment 1 847683 | 6743062 5895381 | 847683 847682 | 100.0 | pa_ill_pa_contig1 contig_152
		Solid alignment 1 2207 | 6743008 6745214 | 2207 2207 | 99.5 | pa_ill_pa_contig55 contig_152
		Solid alignment 721 47071 | 6792243 6745893 | 46351 46351 | 100.0 | pa_ill_pa_contig35 contig_152
			Skipping alignments located inside solid regions since they are redundant:
		Skipping redundant alignment 2205 2601 | 2 398 | 397 397 | 92.44 | pa_ill_pa_contig6 contig_152
		Skipping redundant alignment 2663 2766 | 467 570 | 104 104 | 91.35 | pa_ill_pa_contig6 contig_152
		Skipping redundant alignment 39244 39312 | 268210 268278 | 69 69 | 100.0 | pa_ill_pa_contig17 contig_152
		Skipping redundant alignment 468678 468746 | 268210 268278 | 69 69 | 100.0 | pa_ill_pa_contig2 contig_152
		Skipping redundant alignment 39053 39121 | 268210 268278 | 69 69 | 100.0 | pa_ill_pa_contig17 contig_152
		Skipping redundant alignment 1 94 | 1698672 1698765 | 94 94 | 100.0 | pa_ill_pa_contig23 contig_152
		Skipping redundant alignment 847590 847683 | 1698765 1698672 | 94 94 | 100.0 | pa_ill_pa_contig1 contig_152
		Skipping redundant alignment 1 97 | 1698672 1698768 | 97 97 | 98.97 | pa_ill_pa_contig24 contig_152
		Skipping redundant alignment 56166 56348 | 3301203 3301385 | 183 183 | 94.54 | pa_ill_pa_contig20 contig_152
			Looking for the best set of alignments (out of 149 total alignments)
		Ambiguity for this contig is not checked for speed up (too much alignments and --ambiguity-usage is "one")
			Skipping redundant alignments after choosing the best set of alignments
		Skipping redundant alignment 1105 1184 | 5327444 5327365 | 80 80 | 92.5 | pa_ill_pa_contig31 contig_152
		Skipping redundant alignment 2771 3517 | 575 1321 | 747 747 | 94.78 | pa_ill_pa_contig6 contig_152
		Skipping redundant alignment 55609 56418 | 1337 528 | 810 810 | 92.87 | pa_ill_pa_contig20 contig_152
		Skipping redundant alignment 104 348 | 5328439 5328195 | 245 245 | 91.43 | pa_ill_pa_contig31 contig_152
		Skipping redundant alignment 419 580 | 5327644 5327483 | 162 162 | 91.36 | pa_ill_pa_contig31 contig_152
		Skipping redundant alignment 3381 3503 | 5782732 5782610 | 123 123 | 91.87 | pa_ill_pa_contig49 contig_152
		Skipping redundant alignment 264591 265097 | 5783987 5784493 | 507 507 | 93.14 | pa_ill_pa_contig7 contig_152
		Skipping redundant alignment 176 337 | 5327644 5327483 | 162 162 | 91.36 | pa_ill_pa_contig31 contig_152
		Skipping redundant alignment 1578 1661 | 1079577 1079494 | 84 84 | 90.48 | pa_ill_pa_contig59 contig_152
		Skipping redundant alignment 1136 1458 | 1080019 1079697 | 323 323 | 96.28 | pa_ill_pa_contig59 contig_152
		Skipping redundant alignment 710 1065 | 1080445 1080090 | 356 356 | 92.98 | pa_ill_pa_contig59 contig_152
		Skipping redundant alignment 1 1235 | 2040117 2038883 | 1235 1235 | 99.92 | pa_ill_pa_contig66 contig_152
		Skipping redundant alignment 1 2072 | 2042662 2040591 | 2072 2072 | 99.52 | pa_ill_pa_contig56 contig_152
		Skipping redundant alignment 401 476 | 2164110 2164185 | 76 76 | 100.0 | pa_ill_pa_contig9 contig_152
		Skipping redundant alignment 99 178 | 2164228 2164307 | 80 80 | 98.75 | pa_ill_pa_contig32 contig_152
		Skipping redundant alignment 401 477 | 2164401 2164477 | 77 77 | 100.0 | pa_ill_pa_contig9 contig_152
		Skipping redundant alignment 55696 56158 | 3300733 3301195 | 463 463 | 95.25 | pa_ill_pa_contig20 contig_152
		Skipping redundant alignment 2820 3940 | 3301359 3300239 | 1121 1121 | 90.51 | pa_ill_pa_contig6 contig_152
		Skipping redundant alignment 264617 265097 | 5787896 5788376 | 481 481 | 92.36 | pa_ill_pa_contig7 contig_152
		Skipping redundant alignment 46729 47071 | 3931524 3931866 | 343 343 | 97.67 | pa_ill_pa_contig35 contig_152
		Skipping redundant alignment 1099 1184 | 5326724 5326639 | 86 86 | 91.86 | pa_ill_pa_contig31 contig_152
		Skipping redundant alignment 354 504 | 5326743 5326593 | 151 151 | 90.73 | pa_ill_pa_contig31 contig_152
		Skipping redundant alignment 117 348 | 5326977 5326746 | 232 232 | 90.52 | pa_ill_pa_contig31 contig_152
		Skipping redundant alignment 590 763 | 5327233 5327060 | 174 174 | 93.1 | pa_ill_pa_contig31 contig_152
			The best set is below. Score: 6777004.5, number of alignments: 125, unaligned bases: 11366
		This contig is misassembled.
		This contig is partially unaligned. (Aligned 6780877 out of 6792243 non-N bases (99.83%))
			Real Alignment 1: 1 720 | 720 1 | 720 720 | 100.0 | pa_ill_pa_contig35 contig_152
			  Not a misassembly [fragmentation of reference genome] between these two alignments
			Excluding internal overlap of size 41 between Alignment 2 and 3: 1 111253 | 379475 268224 | 111253 111252 --> 1 111212 | 379475 268265 | 111212 111211
			Real Alignment 2: 1 266935 | 1330 268264 | 266935 266935 | 100.0 | pa_ill_pa_contig6 contig_152
			  Indel (> 5bp) between these two alignments: deletion of length 41; 0 mismatches (number of Ns: 0) [fragmentation of reference genome]
			Excluding internal overlap of size 55 between Alignment 3 and 4: 1 5507 | 384927 379421 | 5507 5507 --> 1 5452 | 384927 379476 | 5452 5452
			Real Alignment 3: 1 111212 | 379475 268265 | 111212 111211 | 99.98 | pa_ill_pa_contig20 contig_152
			  Indel (> 5bp) between these two alignments: deletion of length 55; 0 mismatches (number of Ns: 0) [fragmentation of reference genome]
			Excluding internal overlap of size 55 between Alignment 4 and 5: 1 5452 | 384927 379476 | 5452 5452 --> 56 5452 | 384872 379476 | 5397 5397
			Real Alignment 4: 56 5452 | 384872 379476 | 5397 5397 | 99.47 | pa_ill_pa_contig45 contig_152
			  Indel (> 5bp) between these two alignments: deletion of length 55; 0 mismatches (number of Ns: 0) [fragmentation of reference genome]
			Excluding internal overlap of size 55 between Alignment 5 and 6: 1 602 | 503520 504121 | 602 602 --> 56 602 | 503575 504121 | 547 547
			Real Alignment 5: 1 118702 | 384873 503574 | 118702 118702 | 100.0 | pa_ill_pa_contig19 contig_152
			  Indel (> 5bp) between these two alignments: deletion of length 55; 0 mismatches (number of Ns: 0) [fragmentation of reference genome]
			Excluding internal overlap of size 55 between Alignment 6 and 7: 56 602 | 503575 504121 | 547 547 --> 56 547 | 503575 504066 | 492 492
			Real Alignment 6: 56 547 | 503575 504066 | 492 492 | 99.34 | pa_ill_pa_contig80 contig_152
			  Indel (> 5bp) between these two alignments: deletion of length 55; 0 mismatches (number of Ns: 0) [fragmentation of reference genome]
			Excluding internal overlap of size 55 between Alignment 7 and 8: 1 944 | 506192 505249 | 944 944 --> 1 889 | 506192 505304 | 889 889
			Real Alignment 7: 1 1237 | 505303 504067 | 1237 1237 | 99.68 | pa_ill_pa_contig65 contig_152
			  Indel (> 5bp) between these two alignments: deletion of length 55; 0 mismatches (number of Ns: 0) [fragmentation of reference genome]
			Excluding internal overlap of size 55 between Alignment 8 and 9: 1 838 | 506138 506975 | 838 838 --> 56 838 | 506193 506975 | 783 783
			Real Alignment 8: 1 889 | 506192 505304 | 889 889 | 98.83 | pa_ill_pa_contig71 contig_152
			  Indel (> 5bp) between these two alignments: deletion of length 55; 0 mismatches (number of Ns: 0) [fragmentation of reference genome]
			Excluding internal overlap of size 136 between Alignment 9 and 10: 56 838 | 506193 506975 | 783 783 --> 56 702 | 506193 506839 | 647 647
			Real Alignment 9: 56 702 | 506193 506839 | 647 647 | 99.05 | pa_ill_pa_contig8 contig_152
			  Extensive misassembly (translocation) between these two alignments
			Excluding internal overlap of size 55 between Alignment 10 and 11: 1 1468 | 530777 532244 | 1468 1468 --> 56 1468 | 530832 532244 | 1413 1413
			Real Alignment 10: 1 23992 | 506840 530831 | 23992 23992 | 100.0 | pa_ill_pa_contig40 contig_152
			  Indel (> 5bp) between these two alignments: deletion of length 55; 0 mismatches (number of Ns: 0) [fragmentation of reference genome]
			Excluding internal overlap of size 55 between Alignment 11 and 12: 56 1468 | 530832 532244 | 1413 1413 --> 56 1413 | 530832 532189 | 1358 1358
			Real Alignment 11: 56 1413 | 530832 532189 | 1358 1358 | 99.93 | pa_ill_pa_contig62 contig_152
			  Indel (> 5bp) between these two alignments: deletion of length 55; 0 mismatches (number of Ns: 0) [fragmentation of reference genome]
			Excluding internal overlap of size 55 between Alignment 12 and 13: 1 927 | 588817 589743 | 927 927 --> 56 927 | 588872 589743 | 872 872
			Real Alignment 12: 1 56682 | 532190 588871 | 56682 56682 | 100.0 | pa_ill_pa_contig30 contig_152
			  Indel (> 5bp) between these two alignments: deletion of length 55; 0 mismatches (number of Ns: 0) [fragmentation of reference genome]
			Excluding internal overlap of size 55 between Alignment 13 and 14: 56 927 | 588872 589743 | 872 872 --> 56 872 | 588872 589688 | 817 817
			Real Alignment 13: 56 872 | 588872 589688 | 817 817 | 97.63 | pa_ill_pa_contig73 contig_152
			  Indel (> 5bp) between these two alignments: deletion of length 55; 0 mismatches (number of Ns: 0) [fragmentation of reference genome]
			Excluding internal overlap of size 55 between Alignment 14 and 15: 1 1492 | 794520 796011 | 1492 1492 --> 56 1492 | 794575 796011 | 1437 1437
			Real Alignment 14: 1 204999 | 794574 589689 | 204999 204886 | 99.94 | pa_ill_pa_contig12 contig_152
			  Indel (> 5bp) between these two alignments: deletion of length 55; 0 mismatches (number of Ns: 0) [fragmentation of reference genome]
			Excluding internal overlap of size 55 between Alignment 15 and 16: 56 1492 | 794575 796011 | 1437 1437 --> 56 1437 | 794575 795956 | 1382 1382
			Real Alignment 15: 56 1437 | 794575 795956 | 1382 1382 | 99.87 | pa_ill_pa_contig61 contig_152
			  Indel (> 5bp) between these two alignments: deletion of length 55; 0 mismatches (number of Ns: 0) [fragmentation of reference genome]
			Excluding internal overlap of size 55 between Alignment 16 and 17: 1 1258 | 903957 902700 | 1258 1258 --> 1 1203 | 903957 902755 | 1203 1203
			Real Alignment 16: 1 106796 | 795957 902754 | 106796 106798 | 100.0 | pa_ill_pa_contig21 contig_152
			  Indel (> 5bp) between these two alignments: deletion of length 55; 0 mismatches (number of Ns: 0) [fragmentation of reference genome]
			Excluding internal overlap of size 55 between Alignment 17 and 18: 1 1203 | 903957 902755 | 1203 1203 --> 56 1203 | 903902 902755 | 1148 1148
			Real Alignment 17: 56 1203 | 903902 902755 | 1148 1148 | 99.52 | pa_ill_pa_contig64 contig_152
			  Indel (> 5bp) between these two alignments: deletion of length 55; 0 mismatches (number of Ns: 0) [fragmentation of reference genome]
			Excluding internal overlap of size 381 between Alignment 18 and 19: 1 34671 | 903903 938612 | 34671 34710 --> 1 34328 | 903903 938231 | 34328 34329
			Real Alignment 18: 1 34328 | 903903 938231 | 34328 34329 | 99.86 | pa_ill_pa_contig15 contig_152
			  Overlap between these two alignments (local misassembly). Inconsistency = -93
			Excluding internal overlap of size 55 between Alignment 19 and 20: 1 690 | 1077716 1078405 | 690 690 --> 56 690 | 1077771 1078405 | 635 635
			Real Alignment 19: 34236 173697 | 938232 1077770 | 139462 139539 | 99.94 | pa_ill_pa_contig15 contig_152
			  Indel (> 5bp) between these two alignments: deletion of length 55; 0 mismatches (number of Ns: 0) [fragmentation of reference genome]
			Real Alignment 20: 56 690 | 1077771 1078405 | 635 635 | 100.0 | pa_ill_pa_contig76 contig_152
			  Not a misassembly [fragmentation of reference genome] between these two alignments
			Real Alignment 21: 1 1028 | 1079548 1078521 | 1028 1028 | 99.81 | pa_ill_pa_contig68 contig_152
			  Not a misassembly [fragmentation of reference genome] between these two alignments
			Excluding internal overlap of size 55 between Alignment 22 and 23: 1 647 | 1080307 1080953 | 647 647 --> 1 592 | 1080307 1080898 | 592 592
			Real Alignment 22: 1 592 | 1080307 1080898 | 592 592 | 100.0 | pa_ill_pa_contig77 contig_152
			  Indel (> 5bp) between these two alignments: deletion of length 55; 0 mismatches (number of Ns: 0) [fragmentation of reference genome]
			Real Alignment 23: 1 690 | 1080899 1081588 | 690 690 | 99.86 | pa_ill_pa_contig76 contig_152
			  Not a misassembly [fragmentation of reference genome] between these two alignments
			Excluding internal overlap of size 55 between Alignment 24 and 25: 1 1028 | 1082731 1081704 | 1028 1028 --> 56 1028 | 1082676 1081704 | 973 973
			Real Alignment 24: 56 1028 | 1082676 1081704 | 973 973 | 99.51 | pa_ill_pa_contig68 contig_152
			  Indel (> 5bp) between these two alignments: deletion of length 55; 0 mismatches (number of Ns: 0) [fragmentation of reference genome]
			Excluding internal overlap of size 55 between Alignment 25 and 26: 1 1661 | 1084337 1082677 | 1661 1661 --> 56 1661 | 1084282 1082677 | 1606 1606
			Real Alignment 25: 56 1661 | 1084282 1082677 | 1606 1606 | 100.0 | pa_ill_pa_contig59 contig_152
			  Indel (> 5bp) between these two alignments: deletion of length 55; 0 mismatches (number of Ns: 0) [fragmentation of reference genome]
			Excluding internal overlap of size 55 between Alignment 26 and 27: 1 1682 | 1084283 1085964 | 1682 1682 --> 1 1627 | 1084283 1085909 | 1627 1627
			Real Alignment 26: 1 1627 | 1084283 1085909 | 1627 1627 | 99.52 | pa_ill_pa_contig58 contig_152
			  Indel (> 5bp) between these two alignments: deletion of length 55; 0 mismatches (number of Ns: 0) [fragmentation of reference genome]
			Excluding internal overlap of size 55 between Alignment 27 and 28: 1 1682 | 1090826 1092507 | 1682 1682 --> 56 1682 | 1090881 1092507 | 1627 1627
			Real Alignment 27: 1 4971 | 1085910 1090880 | 4971 4971 | 100.0 | pa_ill_pa_contig46 contig_152
			  Indel (> 5bp) between these two alignments: deletion of length 55; 0 mismatches (number of Ns: 0) [fragmentation of reference genome]
			Excluding internal overlap of size 55 between Alignment 28 and 29: 56 1682 | 1090881 1092507 | 1627 1627 --> 56 1627 | 1090881 1092452 | 1572 1572
			Real Alignment 28: 56 1627 | 1090881 1092452 | 1572 1572 | 99.76 | pa_ill_pa_contig58 contig_152
			  Indel (> 5bp) between these two alignments: deletion of length 55; 0 mismatches (number of Ns: 0) [fragmentation of reference genome]
			Excluding internal overlap of size 55 between Alignment 29 and 30: 1 799 | 1095636 1096434 | 799 799 --> 56 799 | 1095691 1096434 | 744 744
			Real Alignment 29: 1 3238 | 1092453 1095690 | 3238 3238 | 100.0 | pa_ill_pa_contig50 contig_152
			  Indel (> 5bp) between these two alignments: deletion of length 55; 0 mismatches (number of Ns: 0) [fragmentation of reference genome]
			Real Alignment 30: 56 799 | 1095691 1096434 | 744 744 | 99.12 | pa_ill_pa_contig75 contig_152
			  Not a misassembly [fragmentation of reference genome] between these two alignments
			Excluding internal overlap of size 55 between Alignment 31 and 32: 1 799 | 1103217 1104015 | 799 799 --> 56 799 | 1103272 1104015 | 744 744
			Real Alignment 31: 1 6148 | 1103271 1097124 | 6148 6148 | 100.0 | pa_ill_pa_contig43 contig_152
			  Indel (> 5bp) between these two alignments: deletion of length 55; 0 mismatches (number of Ns: 0) [fragmentation of reference genome]
			Real Alignment 32: 56 799 | 1103272 1104015 | 744 744 | 98.62 | pa_ill_pa_contig75 contig_152
			  Not a misassembly [fragmentation of reference genome] between these two alignments
			Excluding internal overlap of size 55 between Alignment 33 and 34: 1 985 | 1172983 1173967 | 985 985 --> 56 985 | 1173038 1173967 | 930 930
			Real Alignment 33: 1 68331 | 1104705 1173037 | 68331 68333 | 100.0 | pa_ill_pa_contig28 contig_152
			  Indel (> 5bp) between these two alignments: deletion of length 55; 0 mismatches (number of Ns: 0) [fragmentation of reference genome]
			Excluding internal overlap of size 55 between Alignment 34 and 35: 56 985 | 1173038 1173967 | 930 930 --> 56 930 | 1173038 1173912 | 875 875
			Real Alignment 34: 56 930 | 1173038 1173912 | 875 875 | 98.48 | pa_ill_pa_contig69 contig_152
			  Indel (> 5bp) between these two alignments: deletion of length 55; 0 mismatches (number of Ns: 0) [fragmentation of reference genome]
			Excluding internal overlap of size 55 between Alignment 35 and 36: 1235 3722 | 1207113 1204626 | 2488 2488 --> 1235 3667 | 1207113 1204681 | 2433 2433
			Real Alignment 35: 1 30768 | 1204680 1173913 | 30768 30768 | 99.97 | pa_ill_pa_contig38 contig_152
			  Indel (> 5bp) between these two alignments: deletion of length 55; 0 mismatches (number of Ns: 0) [fragmentation of reference genome]
			Real Alignment 36: 1235 3667 | 1207113 1204681 | 2433 2433 | 99.44 | pa_ill_pa_contig48 contig_152
			  Gap between these two alignments (local misassembly). Inconsistency = 0
			Excluding internal overlap of size 55 between Alignment 37 and 38: 1 1079 | 1208347 1207269 | 1079 1079 --> 56 1079 | 1208292 1207269 | 1024 1024
			Real Alignment 37: 56 1079 | 1208292 1207269 | 1024 1024 | 99.54 | pa_ill_pa_contig48 contig_152
			  Indel (> 5bp) between these two alignments: deletion of length 55; 0 mismatches (number of Ns: 0) [fragmentation of reference genome]
			Excluding internal overlap of size 55 between Alignment 38 and 39: 1 3064 | 1217891 1214828 | 3064 3064 --> 1 3009 | 1217891 1214883 | 3009 3009
			Real Alignment 38: 1 6590 | 1208293 1214882 | 6590 6590 | 99.82 | pa_ill_pa_contig42 contig_152
			  Indel (> 5bp) between these two alignments: deletion of length 55; 0 mismatches (number of Ns: 0) [fragmentation of reference genome]
			Excluding internal overlap of size 55 between Alignment 39 and 40: 1 3009 | 1217891 1214883 | 3009 3009 --> 56 3009 | 1217836 1214883 | 2954 2954
			Real Alignment 39: 56 3009 | 1217836 1214883 | 2954 2954 | 99.28 | pa_ill_pa_contig51 contig_152
			  Indel (> 5bp) between these two alignments: deletion of length 55; 0 mismatches (number of Ns: 0) [fragmentation of reference genome]
			Excluding internal overlap of size 55 between Alignment 40 and 41: 1 603 | 1245179 1244577 | 603 603 --> 1 548 | 1245179 1244632 | 548 548
			Real Alignment 40: 1 26794 | 1217837 1244631 | 26794 26795 | 100.0 | pa_ill_pa_contig39 contig_152
			  Indel (> 5bp) between these two alignments: deletion of length 55; 0 mismatches (number of Ns: 0) [fragmentation of reference genome]
			Excluding internal overlap of size 55 between Alignment 41 and 42: 1 548 | 1245179 1244632 | 548 548 --> 56 548 | 1245124 1244632 | 493 493
			Real Alignment 41: 56 548 | 1245124 1244632 | 493 493 | 100.0 | pa_ill_pa_contig79 contig_152
			  Indel (> 5bp) between these two alignments: deletion of length 55; 0 mismatches (number of Ns: 0) [fragmentation of reference genome]
			Excluding internal overlap of size 55 between Alignment 42 and 43: 1 944 | 1503641 1504584 | 944 944 --> 56 944 | 1503696 1504584 | 889 889
			Real Alignment 42: 1 258570 | 1503695 1245125 | 258570 258571 | 100.0 | pa_ill_pa_contig8 contig_152
			  Indel (> 5bp) between these two alignments: deletion of length 55; 0 mismatches (number of Ns: 0) [fragmentation of reference genome]
			Excluding internal overlap of size 55 between Alignment 43 and 44: 56 944 | 1503696 1504584 | 889 889 --> 56 889 | 1503696 1504529 | 834 834
			Real Alignment 43: 56 889 | 1503696 1504529 | 834 834 | 99.36 | pa_ill_pa_contig71 contig_152
			  Indel (> 5bp) between these two alignments: deletion of length 55; 0 mismatches (number of Ns: 0) [fragmentation of reference genome]
			Excluding internal overlap of size 55 between Alignment 44 and 45: 1 602 | 1506313 1505712 | 602 602 --> 1 547 | 1506313 1505767 | 547 547
			Real Alignment 44: 1 1237 | 1504530 1505766 | 1237 1237 | 95.64 | pa_ill_pa_contig65 contig_152
			  Indel (> 5bp) between these two alignments: deletion of length 55; 0 mismatches (number of Ns: 0) [fragmentation of reference genome]
			Excluding internal overlap of size 55 between Alignment 45 and 46: 1 547 | 1506313 1505767 | 547 547 --> 56 547 | 1506258 1505767 | 492 492
			Real Alignment 45: 56 547 | 1506258 1505767 | 492 492 | 99.17 | pa_ill_pa_contig80 contig_152
			  Indel (> 5bp) between these two alignments: deletion of length 55; 0 mismatches (number of Ns: 0) [fragmentation of reference genome]
			Excluding internal overlap of size 55 between Alignment 46 and 47: 1 1197 | 1698726 1697530 | 1197 1197 --> 1 1142 | 1698726 1697585 | 1142 1142
			Real Alignment 46: 1 191344 | 1506259 1697584 | 191344 191326 | 99.99 | pa_ill_pa_contig13 contig_152
			  Indel (> 5bp) between these two alignments: deletion of length 55; 0 mismatches (number of Ns: 0) [fragmentation of reference genome]
			Excluding internal overlap of size 16 between Alignment 47 and 48: 1 1142 | 1698726 1697585 | 1142 1142 --> 17 1142 | 1698710 1697585 | 1126 1126
			Real Alignment 47: 17 1142 | 1698710 1697585 | 1126 1126 | 99.83 | pa_ill_pa_contig67 contig_152
			  Indel (> 5bp) between these two alignments: deletion of length 16; 0 mismatches (number of Ns: 0) [fragmentation of reference genome]
			Excluding internal overlap of size 55 between Alignment 48 and 49: 1 86455 | 1698711 1785163 | 86455 86453 --> 1 86400 | 1698711 1785108 | 86400 86398
			Real Alignment 48: 1 86400 | 1698711 1785108 | 86400 86398 | 100.0 | pa_ill_pa_contig25 contig_152
			  Extensive misassembly (translocation) between these two alignments
			Real Alignment 49: 161 249467 | 1785109 2034418 | 249307 249310 | 100.0 | pa_ill_pa_contig9 contig_152
			  Not a misassembly [fragmentation of reference genome] between these two alignments
			Real Alignment 50: 1 2531 | 2037313 2034783 | 2531 2531 | 99.84 | pa_ill_pa_contig53 contig_152
			  Not a misassembly [fragmentation of reference genome] between these two alignments
			Excluding internal overlap of size 55 between Alignment 51 and 52: 1 623 | 2038937 2038315 | 623 623 --> 1 568 | 2038937 2038370 | 568 568
			Real Alignment 51: 1 929 | 2038369 2037441 | 929 929 | 99.35 | pa_ill_pa_contig72 contig_152
			  Indel (> 5bp) between these two alignments: deletion of length 55; 0 mismatches (number of Ns: 0) [fragmentation of reference genome]
			Excluding internal overlap of size 55 between Alignment 52 and 53: 1 568 | 2038937 2038370 | 568 568 --> 56 568 | 2038882 2038370 | 513 513
			Real Alignment 52: 56 568 | 2038882 2038370 | 513 513 | 97.75 | pa_ill_pa_contig78 contig_152
			  Indel (> 5bp) between these two alignments: deletion of length 55; 0 mismatches (number of Ns: 0) [fragmentation of reference genome]
			Excluding internal overlap of size 55 between Alignment 53 and 54: 1 539 | 2043146 2042608 | 539 539 --> 1 484 | 2043146 2042663 | 484 484
			Real Alignment 53: 1 3774 | 2038883 2042662 | 3774 3780 | 90.15 | pa_ill_pa_contig47 contig_152
			  Indel (> 5bp) between these two alignments: deletion of length 55; 0 mismatches (number of Ns: 0) [fragmentation of reference genome]
			Excluding internal overlap of size 55 between Alignment 54 and 55: 1 484 | 2043146 2042663 | 484 484 --> 56 484 | 2043091 2042663 | 429 429
			Real Alignment 54: 56 484 | 2043091 2042663 | 429 429 | 98.33 | pa_ill_pa_contig84 contig_152
			  Indel (> 5bp) between these two alignments: deletion of length 55; 0 mismatches (number of Ns: 0) [fragmentation of reference genome]
			Real Alignment 55: 1 121067 | 2164161 2043092 | 121067 121070 | 100.0 | pa_ill_pa_contig17 contig_152
			  Not a misassembly [fragmentation of reference genome] between these two alignments
			Excluding internal overlap of size 55 between Alignment 56 and 57: 1 1258 | 2221632 2220375 | 1258 1258 --> 1 1203 | 2221632 2220430 | 1203 1203
			Real Alignment 56: 1 56007 | 2164423 2220429 | 56007 56007 | 100.0 | pa_ill_pa_contig32 contig_152
			  Indel (> 5bp) between these two alignments: deletion of length 55; 0 mismatches (number of Ns: 0) [fragmentation of reference genome]
			Excluding internal overlap of size 55 between Alignment 57 and 58: 1 1203 | 2221632 2220430 | 1203 1203 --> 56 1203 | 2221577 2220430 | 1148 1148
			Real Alignment 57: 56 1203 | 2221577 2220430 | 1148 1148 | 99.84 | pa_ill_pa_contig64 contig_152
			  Indel (> 5bp) between these two alignments: deletion of length 55; 0 mismatches (number of Ns: 0) [fragmentation of reference genome]
			Excluding internal overlap of size 303 between Alignment 58 and 59: 1 247386 | 2763830 2516443 | 247386 247388 --> 1 247083 | 2763830 2516746 | 247083 247085
			Real Alignment 58: 247199 542364 | 2516745 2221578 | 295166 295168 | 100.0 | pa_ill_pa_contig2 contig_152
			  Gap between these two alignments (local misassembly). Inconsistency = 115
			Excluding internal overlap of size 55 between Alignment 59 and 60: 1 539 | 2763776 2764314 | 539 539 --> 56 539 | 2763831 2764314 | 484 484
			Real Alignment 59: 1 247083 | 2763830 2516746 | 247083 247085 | 100.0 | pa_ill_pa_contig2 contig_152
			  Indel (> 5bp) between these two alignments: deletion of length 55; 0 mismatches (number of Ns: 0) [fragmentation of reference genome]
			Excluding internal overlap of size 55 between Alignment 60 and 61: 56 539 | 2763831 2764314 | 484 484 --> 56 484 | 2763831 2764259 | 429 429
			Real Alignment 60: 56 484 | 2763831 2764259 | 429 429 | 98.52 | pa_ill_pa_contig84 contig_152
			  Indel (> 5bp) between these two alignments: deletion of length 55; 0 mismatches (number of Ns: 0) [fragmentation of reference genome]
			Excluding internal overlap of size 55 between Alignment 61 and 62: 1 623 | 2767979 2768601 | 623 623 --> 56 623 | 2768034 2768601 | 568 568
			Real Alignment 61: 1 3774 | 2768033 2764260 | 3774 3774 | 100.0 | pa_ill_pa_contig47 contig_152
			  Indel (> 5bp) between these two alignments: deletion of length 55; 0 mismatches (number of Ns: 0) [fragmentation of reference genome]
			Excluding internal overlap of size 55 between Alignment 62 and 63: 56 623 | 2768034 2768601 | 568 568 --> 56 568 | 2768034 2768546 | 513 513
			Real Alignment 62: 56 568 | 2768034 2768546 | 513 513 | 100.0 | pa_ill_pa_contig78 contig_152
			  Indel (> 5bp) between these two alignments: deletion of length 55; 0 mismatches (number of Ns: 0) [fragmentation of reference genome]
			Real Alignment 63: 1 929 | 2768547 2769476 | 929 930 | 98.39 | pa_ill_pa_contig72 contig_152
			  Not a misassembly [fragmentation of reference genome] between these two alignments
			Real Alignment 64: 1 2549 | 2769604 2772152 | 2549 2549 | 100.0 | pa_ill_pa_contig52 contig_152
			  Not a misassembly [fragmentation of reference genome] between these two alignments
			Excluding internal overlap of size 55 between Alignment 65 and 66: 1 1468 | 3176772 3178239 | 1468 1468 --> 56 1468 | 3176827 3178239 | 1413 1413
			Real Alignment 65: 1 404310 | 3176826 2772511 | 404310 404316 | 100.0 | pa_ill_pa_contig4 contig_152
			  Indel (> 5bp) between these two alignments: deletion of length 55; 0 mismatches (number of Ns: 0) [fragmentation of reference genome]
			Excluding internal overlap of size 55 between Alignment 66 and 67: 56 1468 | 3176827 3178239 | 1413 1413 --> 56 1413 | 3176827 3178184 | 1358 1358
			Real Alignment 66: 56 1413 | 3176827 3178184 | 1358 1358 | 100.0 | pa_ill_pa_contig62 contig_152
			  Indel (> 5bp) between these two alignments: deletion of length 55; 0 mismatches (number of Ns: 0) [fragmentation of reference genome]
			Real Alignment 67: 1 122468 | 3178185 3300653 | 122468 122469 | 100.0 | pa_ill_pa_contig16 contig_152
			  Not a misassembly [fragmentation of reference genome] between these two alignments
			Excluding internal overlap of size 55 between Alignment 68 and 69: 1 603 | 3354888 3354286 | 603 603 --> 1 548 | 3354888 3354341 | 548 548
			Real Alignment 68: 1 53273 | 3354340 3301068 | 53273 53273 | 100.0 | pa_ill_pa_contig33 contig_152
			  Indel (> 5bp) between these two alignments: deletion of length 55; 0 mismatches (number of Ns: 0) [fragmentation of reference genome]
			Excluding internal overlap of size 55 between Alignment 69 and 70: 1 548 | 3354888 3354341 | 548 548 --> 56 548 | 3354833 3354341 | 493 493
			Real Alignment 69: 56 548 | 3354833 3354341 | 493 493 | 100.0 | pa_ill_pa_contig79 contig_152
			  Indel (> 5bp) between these two alignments: deletion of length 55; 0 mismatches (number of Ns: 0) [fragmentation of reference genome]
			Excluding internal overlap of size 242 between Alignment 70 and 71: 41099 76514 | 3390248 3354834 | 35416 35415 --> 41341 76514 | 3390006 3354834 | 35174 35173
			Real Alignment 70: 41341 76514 | 3390006 3354834 | 35174 35173 | 99.99 | pa_ill_pa_contig26 contig_152
			  Gap between these two alignments (local misassembly). Inconsistency = 112
			Excluding internal overlap of size 76 between Alignment 71 and 72: 1 846 | 3431998 3431159 | 846 840 --> 1 770 | 3431998 3431235 | 770 764
			Real Alignment 71: 1 41228 | 3431234 3390007 | 41228 41228 | 100.0 | pa_ill_pa_contig26 contig_152
			  Extensive misassembly (translocation) between these two alignments
			Excluding internal overlap of size 55 between Alignment 72 and 73: 1 770 | 3431998 3431235 | 770 764 --> 56 770 | 3431943 3431235 | 715 709
			Real Alignment 72: 56 770 | 3431943 3431235 | 715 709 | 90.05 | pa_ill_pa_contig20 contig_152
			  Indel (> 5bp) between these two alignments: deletion of length 55; 0 mismatches (number of Ns: 0) [fragmentation of reference genome]
			Excluding internal overlap of size 55 between Alignment 73 and 74: 1 5507 | 3437450 3431944 | 5507 5507 --> 56 5507 | 3437395 3431944 | 5452 5452
			Real Alignment 73: 56 5507 | 3437395 3431944 | 5452 5452 | 99.84 | pa_ill_pa_contig45 contig_152
			  Indel (> 5bp) between these two alignments: deletion of length 55; 0 mismatches (number of Ns: 0) [fragmentation of reference genome]
			Excluding internal overlap of size 55 between Alignment 74 and 75: 1 5713 | 3511467 3505754 | 5713 5714 --> 1 5658 | 3511467 3505809 | 5658 5659
			Real Alignment 74: 1 68413 | 3437396 3505808 | 68413 68413 | 99.99 | pa_ill_pa_contig27 contig_152
			  Indel (> 5bp) between these two alignments: deletion of length 55; 0 mismatches (number of Ns: 0) [fragmentation of reference genome]
			Excluding internal overlap of size 55 between Alignment 75 and 76: 1 5658 | 3511467 3505809 | 5658 5659 --> 56 5658 | 3511412 3505809 | 5603 5604
			Real Alignment 75: 56 5658 | 3511412 3505809 | 5603 5604 | 99.96 | pa_ill_pa_contig44 contig_152
			  Indel (> 5bp) between these two alignments: deletion of length 55; 0 mismatches (number of Ns: 0) [fragmentation of reference genome]
			Excluding internal overlap of size 55 between Alignment 76 and 77: 1 1197 | 3599353 3600549 | 1197 1197 --> 56 1197 | 3599408 3600549 | 1142 1142
			Real Alignment 76: 1 87995 | 3599407 3511413 | 87995 87995 | 100.0 | pa_ill_pa_contig24 contig_152
			  Indel (> 5bp) between these two alignments: deletion of length 55; 0 mismatches (number of Ns: 0) [fragmentation of reference genome]
			Excluding internal overlap of size 55 between Alignment 77 and 78: 56 1197 | 3599408 3600549 | 1142 1142 --> 56 1142 | 3599408 3600494 | 1087 1087
			Real Alignment 77: 56 1142 | 3599408 3600494 | 1087 1087 | 99.75 | pa_ill_pa_contig67 contig_152
			  Indel (> 5bp) between these two alignments: deletion of length 55; 0 mismatches (number of Ns: 0) [fragmentation of reference genome]
			Excluding internal overlap of size 55 between Alignment 78 and 79: 1 927 | 3895028 3895954 | 927 927 --> 56 927 | 3895083 3895954 | 872 872
			Real Alignment 78: 1 294591 | 3600495 3895082 | 294591 294588 | 100.0 | pa_ill_pa_contig5 contig_152
			  Indel (> 5bp) between these two alignments: deletion of length 55; 0 mismatches (number of Ns: 0) [fragmentation of reference genome]
			Excluding internal overlap of size 55 between Alignment 79 and 80: 56 927 | 3895083 3895954 | 872 872 --> 56 872 | 3895083 3895899 | 817 817
			Real Alignment 79: 56 872 | 3895083 3895899 | 817 817 | 99.89 | pa_ill_pa_contig73 contig_152
			  Indel (> 5bp) between these two alignments: deletion of length 55; 0 mismatches (number of Ns: 0) [fragmentation of reference genome]
			Real Alignment 80: 1 35776 | 3895900 3931674 | 35776 35775 | 100.0 | pa_ill_pa_contig37 contig_152
			  Not a misassembly [fragmentation of reference genome] between these two alignments
			Excluding internal overlap of size 55 between Alignment 81 and 82: 1 2207 | 3934750 3932544 | 2207 2207 --> 56 2207 | 3934695 3932544 | 2152 2152
			Real Alignment 81: 56 2207 | 3934695 3932544 | 2152 2152 | 99.82 | pa_ill_pa_contig55 contig_152
			  Indel (> 5bp) between these two alignments: deletion of length 55; 0 mismatches (number of Ns: 0) [fragmentation of reference genome]
			Excluding internal overlap of size 128 between Alignment 82 and 83: 1 1874 | 4167136 4169009 | 1874 1874 --> 129 1874 | 4167264 4169009 | 1746 1746
			Real Alignment 82: 1 232544 | 3934696 4167263 | 232544 232568 | 99.99 | pa_ill_pa_contig10 contig_152
			  Extensive misassembly (translocation) between these two alignments
			Excluding internal overlap of size 156 between Alignment 83 and 84: 129 1874 | 4167264 4169009 | 1746 1746 --> 129 1718 | 4167264 4168853 | 1590 1590
			Real Alignment 83: 129 1718 | 4167264 4168853 | 1590 1590 | 100.0 | pa_ill_pa_contig57 contig_152
			  Extensive misassembly (translocation) between these two alignments
			Excluding internal overlap of size 55 between Alignment 84 and 85: 1235 3722 | 4176313 4173826 | 2488 2488 --> 1235 3667 | 4176313 4173881 | 2433 2433
			Real Alignment 84: 232388 237415 | 4168854 4173880 | 5028 5027 | 99.96 | pa_ill_pa_contig10 contig_152
			  Indel (> 5bp) between these two alignments: deletion of length 55; 0 mismatches (number of Ns: 0) [fragmentation of reference genome]
			Real Alignment 85: 1235 3667 | 4176313 4173881 | 2433 2433 | 99.6 | pa_ill_pa_contig48 contig_152
			  Gap between these two alignments (local misassembly). Inconsistency = 0
			Excluding internal overlap of size 55 between Alignment 86 and 87: 1 956 | 4177493 4178448 | 956 956 --> 56 956 | 4177548 4178448 | 901 901
			Real Alignment 86: 1 1079 | 4177547 4176469 | 1079 1079 | 99.81 | pa_ill_pa_contig48 contig_152
			  Indel (> 5bp) between these two alignments: deletion of length 55; 0 mismatches (number of Ns: 0) [fragmentation of reference genome]
			Excluding internal overlap of size 55 between Alignment 87 and 88: 56 956 | 4177548 4178448 | 901 901 --> 56 901 | 4177548 4178393 | 846 846
			Real Alignment 87: 56 901 | 4177548 4178393 | 846 846 | 100.0 | pa_ill_pa_contig70 contig_152
			  Indel (> 5bp) between these two alignments: deletion of length 55; 0 mismatches (number of Ns: 0) [fragmentation of reference genome]
			Excluding internal overlap of size 55 between Alignment 88 and 89: 1 3064 | 4181457 4178394 | 3064 3064 --> 56 3064 | 4181402 4178394 | 3009 3009
			Real Alignment 88: 56 3064 | 4181402 4178394 | 3009 3009 | 99.71 | pa_ill_pa_contig51 contig_152
			  Indel (> 5bp) between these two alignments: deletion of length 55; 0 mismatches (number of Ns: 0) [fragmentation of reference genome]
			Excluding internal overlap of size 425 between Alignment 89 and 90: 1 93281 | 4392168 4298886 | 93281 93283 --> 1 92856 | 4392168 4299311 | 92856 92858
			Real Alignment 89: 92967 210873 | 4299310 4181403 | 117907 117908 | 99.99 | pa_ill_pa_contig11 contig_152
			  Gap between these two alignments (local misassembly). Inconsistency = 110
			Excluding internal overlap of size 55 between Alignment 90 and 91: 1 985 | 4392114 4393098 | 985 985 --> 56 985 | 4392169 4393098 | 930 930
			Real Alignment 90: 1 92856 | 4392168 4299311 | 92856 92858 | 99.99 | pa_ill_pa_contig11 contig_152
			  Indel (> 5bp) between these two alignments: deletion of length 55; 0 mismatches (number of Ns: 0) [fragmentation of reference genome]
			Excluding internal overlap of size 55 between Alignment 91 and 92: 56 985 | 4392169 4393098 | 930 930 --> 56 930 | 4392169 4393043 | 875 875
			Real Alignment 91: 56 930 | 4392169 4393043 | 875 875 | 99.49 | pa_ill_pa_contig69 contig_152
			  Indel (> 5bp) between these two alignments: deletion of length 55; 0 mismatches (number of Ns: 0) [fragmentation of reference genome]
			Excluding internal overlap of size 55 between Alignment 92 and 93: 1 5713 | 4441959 4447671 | 5713 5713 --> 56 5713 | 4442014 4447671 | 5658 5658
			Real Alignment 92: 1 48969 | 4393044 4442013 | 48969 48970 | 100.0 | pa_ill_pa_contig34 contig_152
			  Indel (> 5bp) between these two alignments: deletion of length 55; 0 mismatches (number of Ns: 0) [fragmentation of reference genome]
			Excluding internal overlap of size 55 between Alignment 93 and 94: 56 5713 | 4442014 4447671 | 5658 5658 --> 56 5658 | 4442014 4447616 | 5603 5603
			Real Alignment 93: 56 5658 | 4442014 4447616 | 5603 5603 | 99.93 | pa_ill_pa_contig44 contig_152
			  Indel (> 5bp) between these two alignments: deletion of length 55; 0 mismatches (number of Ns: 0) [fragmentation of reference genome]
			Real Alignment 94: 1 106324 | 4553941 4447617 | 106324 106325 | 100.0 | pa_ill_pa_contig22 contig_152
			  Not a misassembly [fragmentation of reference genome] between these two alignments
			Excluding internal overlap of size 55 between Alignment 95 and 96: 1 1197 | 4644416 4645612 | 1197 1197 --> 56 1197 | 4644471 4645612 | 1142 1142
			Real Alignment 95: 1 90153 | 4644470 4554317 | 90153 90154 | 100.0 | pa_ill_pa_contig23 contig_152
			  Indel (> 5bp) between these two alignments: deletion of length 55; 0 mismatches (number of Ns: 0) [fragmentation of reference genome]
			Excluding internal overlap of size 55 between Alignment 96 and 97: 56 1197 | 4644471 4645612 | 1142 1142 --> 56 1142 | 4644471 4645557 | 1087 1087
			Real Alignment 96: 56 1142 | 4644471 4645557 | 1087 1087 | 99.83 | pa_ill_pa_contig67 contig_152
			  Indel (> 5bp) between these two alignments: deletion of length 55; 0 mismatches (number of Ns: 0) [fragmentation of reference genome]
			Excluding internal overlap of size 55 between Alignment 97 and 98: 1 2514 | 5111156 5113669 | 2514 2514 --> 56 2514 | 5111211 5113669 | 2459 2459
			Real Alignment 97: 1 465790 | 4645558 5111210 | 465790 465653 | 99.97 | pa_ill_pa_contig3 contig_152
			  Indel (> 5bp) between these two alignments: deletion of length 55; 0 mismatches (number of Ns: 0) [fragmentation of reference genome]
			Excluding internal overlap of size 55 between Alignment 98 and 99: 1 561 | 5114175 5113615 | 561 561 --> 1 506 | 5114175 5113670 | 506 506
			Real Alignment 98: 56 2514 | 5111211 5113669 | 2459 2459 | 99.72 | pa_ill_pa_contig54 contig_152
			  Indel (> 5bp) between these two alignments: deletion of length 55; 0 mismatches (number of Ns: 0) [fragmentation of reference genome]
			Excluding internal overlap of size 55 between Alignment 99 and 100: 1 506 | 5114175 5113670 | 506 506 --> 56 506 | 5114120 5113670 | 451 451
			Real Alignment 99: 56 506 | 5114120 5113670 | 451 451 | 100.0 | pa_ill_pa_contig83 contig_152
			  Indel (> 5bp) between these two alignments: deletion of length 55; 0 mismatches (number of Ns: 0) [fragmentation of reference genome]
			Real Alignment 100: 1 868 | 5114121 5114988 | 868 868 | 99.54 | pa_ill_pa_contig74 contig_152
			  Not a misassembly [fragmentation of reference genome] between these two alignments
			Excluding internal overlap of size 55 between Alignment 101 and 102: 1 5713 | 5234742 5240454 | 5713 5713 --> 56 5713 | 5234797 5240454 | 5658 5658
			Real Alignment 101: 1 119004 | 5115792 5234796 | 119004 119005 | 100.0 | pa_ill_pa_contig18 contig_152
			  Indel (> 5bp) between these two alignments: deletion of length 55; 0 mismatches (number of Ns: 0) [fragmentation of reference genome]
			Excluding internal overlap of size 55 between Alignment 102 and 103: 1 1339 | 5240400 5241738 | 1339 1339 --> 56 1339 | 5240455 5241738 | 1284 1284
			Real Alignment 102: 56 5713 | 5234797 5240454 | 5658 5658 | 100.0 | pa_ill_pa_contig44 contig_152
			  Indel (> 5bp) between these two alignments: deletion of length 55; 0 mismatches (number of Ns: 0) [fragmentation of reference genome]
			Excluding internal overlap of size 446 between Alignment 103 and 104: 56 1339 | 5240455 5241738 | 1284 1284 --> 56 893 | 5240455 5241292 | 838 838
			Real Alignment 103: 56 893 | 5240455 5241292 | 838 838 | 100.0 | pa_ill_pa_contig63 contig_152
			  Extensive misassembly (translocation) between these two alignments
			Excluding internal overlap of size 55 between Alignment 104 and 105: 1 1405 | 5242697 5241293 | 1405 1405 --> 56 1405 | 5242642 5241293 | 1350 1350
			Real Alignment 104: 56 1405 | 5242642 5241293 | 1350 1350 | 90.74 | pa_ill_pa_contig12 contig_152
			  Indel (> 5bp) between these two alignments: deletion of length 55; 0 mismatches (number of Ns: 0) [fragmentation of reference genome]
			Excluding internal overlap of size 55 between Alignment 105 and 106: 1 1492 | 5242643 5244134 | 1492 1492 --> 1 1437 | 5242643 5244079 | 1437 1437
			Real Alignment 105: 1 1437 | 5242643 5244079 | 1437 1437 | 100.0 | pa_ill_pa_contig61 contig_152
			  Indel (> 5bp) between these two alignments: deletion of length 55; 0 mismatches (number of Ns: 0) [fragmentation of reference genome]
			Real Alignment 106: 1 21904 | 5244080 5265983 | 21904 21904 | 100.0 | pa_ill_pa_contig41 contig_152
			  Not a misassembly [fragmentation of reference genome] between these two alignments
			Excluding internal overlap of size 55 between Alignment 107 and 108: 1 561 | 5267457 5268017 | 561 561 --> 56 561 | 5267512 5268017 | 506 506
			Real Alignment 107: 1 868 | 5267511 5266638 | 868 874 | 98.4 | pa_ill_pa_contig74 contig_152
			  Indel (> 5bp) between these two alignments: deletion of length 55; 0 mismatches (number of Ns: 0) [fragmentation of reference genome]
			Excluding internal overlap of size 55 between Alignment 108 and 109: 56 561 | 5267512 5268017 | 506 506 --> 56 506 | 5267512 5267962 | 451 451
			Real Alignment 108: 56 506 | 5267512 5267962 | 451 451 | 95.37 | pa_ill_pa_contig83 contig_152
			  Indel (> 5bp) between these two alignments: deletion of length 55; 0 mismatches (number of Ns: 0) [fragmentation of reference genome]
			Excluding internal overlap of size 55 between Alignment 109 and 110: 1 2514 | 5270476 5267963 | 2514 2514 --> 56 2514 | 5270421 5267963 | 2459 2459
			Real Alignment 109: 56 2514 | 5270421 5267963 | 2459 2459 | 99.72 | pa_ill_pa_contig54 contig_152
			  Indel (> 5bp) between these two alignments: deletion of length 55; 0 mismatches (number of Ns: 0) [fragmentation of reference genome]
			Real Alignment 110: 132 56432 | 5326722 5270422 | 56301 56301 | 99.94 | pa_ill_pa_contig31 contig_152
			  Gap between these two alignments (local misassembly). Inconsistency = -483
			Real Alignment 111: 3 591 | 5327334 5326746 | 589 589 | 94.06 | pa_ill_pa_contig31 contig_152
			  Gap between these two alignments (local misassembly). Inconsistency = 2 [fragmentation of reference genome]
			Excluding internal overlap of size 10 between Alignment 112 and 113: 1 493 | 5328309 5328801 | 493 493 --> 1 483 | 5328309 5328791 | 483 483
			Real Alignment 112: 1 483 | 5328309 5328791 | 483 483 | 97.57 | pa_ill_pa_contig14 contig_152
			  Overlap between these two alignments (local misassembly). Inconsistency = -483
			Real Alignment 113: 1 187635 | 5328792 5516427 | 187635 187636 | 100.0 | pa_ill_pa_contig14 contig_152
			  Not a misassembly [fragmentation of reference genome] between these two alignments
			Real Alignment 114: 1 123 | 5516474 5516596 | 123 123 | 99.19 | pa_ill_pa_contig7 contig_152
			  Gap between these two alignments (local misassembly). Inconsistency = -342
			Real Alignment 115: 1 77 | 5516816 5516892 | 77 77 | 98.7 | pa_ill_pa_contig7 contig_152
			  Gap between these two alignments (local misassembly). Inconsistency = -456
			Real Alignment 116: 1 265097 | 5517272 5782367 | 265097 265096 | 100.0 | pa_ill_pa_contig7 contig_152
			  Not a misassembly [fragmentation of reference genome] between these two alignments
			Real Alignment 117: 1 1538 | 5782818 5784355 | 1538 1538 | 100.0 | pa_ill_pa_contig60 contig_152
			  Not a misassembly [fragmentation of reference genome] between these two alignments
			Real Alignment 118: 1 3511 | 5788238 5784728 | 3511 3511 | 100.0 | pa_ill_pa_contig49 contig_152
			  Not a misassembly [fragmentation of reference genome] between these two alignments
			Excluding internal overlap of size 55 between Alignment 119 and 120: 1 5713 | 5826918 5832631 | 5713 5714 --> 56 5713 | 5826973 5832631 | 5658 5659
			Real Alignment 119: 1 38146 | 5788827 5826972 | 38146 38146 | 100.0 | pa_ill_pa_contig36 contig_152
			  Indel (> 5bp) between these two alignments: deletion of length 55; 0 mismatches (number of Ns: 0) [fragmentation of reference genome]
			Excluding internal overlap of size 55 between Alignment 120 and 121: 56 5713 | 5826973 5832631 | 5658 5659 --> 56 5658 | 5826973 5832576 | 5603 5604
			Real Alignment 120: 56 5658 | 5826973 5832576 | 5603 5604 | 99.96 | pa_ill_pa_contig44 contig_152
			  Indel (> 5bp) between these two alignments: deletion of length 55; 0 mismatches (number of Ns: 0) [fragmentation of reference genome]
			Excluding internal overlap of size 55 between Alignment 121 and 122: 1 1197 | 5895435 5894239 | 1197 1197 --> 1 1142 | 5895435 5894294 | 1142 1142
			Real Alignment 121: 1 61716 | 5832577 5894293 | 61716 61717 | 100.0 | pa_ill_pa_contig29 contig_152
			  Indel (> 5bp) between these two alignments: deletion of length 55; 0 mismatches (number of Ns: 0) [fragmentation of reference genome]
			Excluding internal overlap of size 55 between Alignment 122 and 123: 1 1142 | 5895435 5894294 | 1142 1142 --> 56 1142 | 5895380 5894294 | 1087 1087
			Real Alignment 122: 56 1142 | 5895380 5894294 | 1087 1087 | 99.08 | pa_ill_pa_contig67 contig_152
			  Indel (> 5bp) between these two alignments: deletion of length 55; 0 mismatches (number of Ns: 0) [fragmentation of reference genome]
			Excluding internal overlap of size 55 between Alignment 123 and 124: 1 2207 | 6743008 6745214 | 2207 2207 --> 56 2207 | 6743063 6745214 | 2152 2152
			Real Alignment 123: 1 847683 | 6743062 5895381 | 847683 847682 | 100.0 | pa_ill_pa_contig1 contig_152
			  Indel (> 5bp) between these two alignments: deletion of length 55; 0 mismatches (number of Ns: 0) [fragmentation of reference genome]
			Real Alignment 124: 56 2207 | 6743063 6745214 | 2152 2152 | 99.5 | pa_ill_pa_contig55 contig_152
			  Not a misassembly [fragmentation of reference genome] between these two alignments
			Real Alignment 125: 721 47071 | 6792243 6745893 | 46351 46351 | 100.0 | pa_ill_pa_contig35 contig_152
		Unaligned bases: 11366

CONTIG: contig_11 (4765353bp)
Best alignment score: 513.0 (LEN: 564, IDY: 90.96), Total number of alignments: 94
			Looking for the best set of alignments (out of 94 total alignments)
			Skipping redundant alignments after choosing the best set of alignments
		Skipping redundant alignment 3 78 | 423123 423048 | 76 76 | 100.0 | pa_ill_pa_contig9 contig_11
		Skipping redundant alignment 163 238 | 423123 423048 | 76 76 | 100.0 | pa_ill_pa_contig9 contig_11
		Skipping redundant alignment 323 399 | 423123 423047 | 77 77 | 100.0 | pa_ill_pa_contig9 contig_11
		Skipping redundant alignment 28781 28858 | 423046 423123 | 78 78 | 100.0 | pa_ill_pa_contig8 contig_11
		Skipping redundant alignment 48505 48596 | 2967945 2968036 | 92 92 | 91.3 | pa_ill_pa_contig27 contig_11
		Skipping redundant alignment 65010 65101 | 2967945 2968036 | 92 92 | 91.3 | pa_ill_pa_contig27 contig_11
		Skipping redundant alignment 321 398 | 2761266 2761343 | 78 78 | 100.0 | pa_ill_pa_contig9 contig_11
		Skipping redundant alignment 161 238 | 2761266 2761343 | 78 78 | 100.0 | pa_ill_pa_contig9 contig_11
		Skipping redundant alignment 161 240 | 2761378 2761457 | 80 80 | 100.0 | pa_ill_pa_contig9 contig_11
		Skipping redundant alignment 84045 84229 | 4759885 4760069 | 185 185 | 91.35 | pa_ill_pa_contig13 contig_11
		This contig has several significant sets of alignments. [An ambiguously mapped contig]
		Using only the very best set (option --ambiguity-usage is set to "one").
			The best set is below. Score: 11848.7, number of alignments: 84, unaligned bases: 4750518
		This contig is misassembled.
		This contig is partially unaligned. (Aligned 14835 out of 4765353 non-N bases (0.31%))
			Warning! This contig is more unaligned than misassembled. Contig length is 4765353 (number of Ns: 0) and total length of all aligns is 14835
		Alignment: 4882 5195 | 2283876 2283563 | 314 314 | 96.18 | pa_ill_pa_contig44 contig_11
		Alignment: 4391 4831 | 2284367 2283927 | 441 441 | 90.25 | pa_ill_pa_contig44 contig_11
		Alignment: 4268 4385 | 2284492 2284375 | 118 118 | 94.92 | pa_ill_pa_contig44 contig_11
		Alignment: 4118 4231 | 2284645 2284532 | 114 114 | 93.86 | pa_ill_pa_contig44 contig_11
		Alignment: 3453 3662 | 2285309 2285100 | 210 210 | 93.81 | pa_ill_pa_contig44 contig_11
		Alignment: 3374 3442 | 2285387 2285319 | 69 69 | 94.2 | pa_ill_pa_contig44 contig_11
		Alignment: 2892 3062 | 2285871 2285701 | 171 171 | 91.23 | pa_ill_pa_contig44 contig_11
		Alignment: 2687 2800 | 2286085 2285972 | 114 114 | 91.23 | pa_ill_pa_contig44 contig_11
		Alignment: 1975 2060 | 2286772 2286687 | 86 86 | 91.86 | pa_ill_pa_contig44 contig_11
		Alignment: 1813 1967 | 2286934 2286780 | 155 155 | 92.26 | pa_ill_pa_contig44 contig_11
		Alignment: 1375 1760 | 2287372 2286987 | 386 386 | 92.75 | pa_ill_pa_contig44 contig_11
		Alignment: 997 1158 | 2287750 2287589 | 162 162 | 90.12 | pa_ill_pa_contig44 contig_11
		Alignment: 529 593 | 2288224 2288160 | 65 65 | 98.46 | pa_ill_pa_contig44 contig_11
		Alignment: 4882 5195 | 2931800 2931487 | 314 314 | 96.18 | pa_ill_pa_contig44 contig_11
		Alignment: 4268 4718 | 2932414 2931964 | 451 451 | 92.68 | pa_ill_pa_contig44 contig_11
		Alignment: 4118 4231 | 2932567 2932454 | 114 114 | 93.86 | pa_ill_pa_contig44 contig_11
		Alignment: 3453 3662 | 2933232 2933023 | 210 210 | 93.81 | pa_ill_pa_contig44 contig_11
		Alignment: 3374 3442 | 2933310 2933242 | 69 69 | 94.2 | pa_ill_pa_contig44 contig_11
		Alignment: 2892 3062 | 2933794 2933624 | 171 171 | 91.23 | pa_ill_pa_contig44 contig_11
		Alignment: 2687 2800 | 2934008 2933895 | 114 114 | 91.23 | pa_ill_pa_contig44 contig_11
		Alignment: 1975 2060 | 2934603 2934518 | 86 86 | 91.86 | pa_ill_pa_contig44 contig_11
		Alignment: 1813 1967 | 2934765 2934611 | 155 155 | 92.26 | pa_ill_pa_contig44 contig_11
		Alignment: 1375 1536 | 2935203 2935042 | 162 162 | 93.83 | pa_ill_pa_contig44 contig_11
		Alignment: 997 1158 | 2935581 2935420 | 162 162 | 90.12 | pa_ill_pa_contig44 contig_11
		Alignment: 529 593 | 2936055 2935991 | 65 65 | 98.46 | pa_ill_pa_contig44 contig_11
		Alignment: 4882 5195 | 2973198 2972885 | 314 314 | 96.18 | pa_ill_pa_contig44 contig_11
		Alignment: 4268 4718 | 2973812 2973362 | 451 451 | 92.68 | pa_ill_pa_contig44 contig_11
		Alignment: 4118 4231 | 2973965 2973852 | 114 114 | 93.86 | pa_ill_pa_contig44 contig_11
		Alignment: 3453 3662 | 2974630 2974421 | 210 210 | 93.81 | pa_ill_pa_contig44 contig_11
		Alignment: 3374 3442 | 2974708 2974640 | 69 69 | 94.2 | pa_ill_pa_contig44 contig_11
		Alignment: 2892 3062 | 2975192 2975022 | 171 171 | 91.23 | pa_ill_pa_contig44 contig_11
		Alignment: 2687 2800 | 2975406 2975293 | 114 114 | 91.23 | pa_ill_pa_contig44 contig_11
		Alignment: 1975 2060 | 2976001 2975916 | 86 86 | 91.86 | pa_ill_pa_contig44 contig_11
		Alignment: 1813 1967 | 2976163 2976009 | 155 155 | 92.26 | pa_ill_pa_contig44 contig_11
		Alignment: 1375 1536 | 2976601 2976440 | 162 162 | 93.83 | pa_ill_pa_contig44 contig_11
		Alignment: 997 1158 | 2976979 2976818 | 162 162 | 90.12 | pa_ill_pa_contig44 contig_11
		Alignment: 529 593 | 2977453 2977389 | 65 65 | 98.46 | pa_ill_pa_contig44 contig_11
		Alignment: 4882 5195 | 3104229 3103916 | 314 314 | 96.18 | pa_ill_pa_contig44 contig_11
		Alignment: 4391 4831 | 3104720 3104280 | 441 441 | 90.25 | pa_ill_pa_contig44 contig_11
		Alignment: 4268 4385 | 3104845 3104728 | 118 118 | 94.92 | pa_ill_pa_contig44 contig_11
		Alignment: 4118 4231 | 3104998 3104885 | 114 114 | 93.86 | pa_ill_pa_contig44 contig_11
		Alignment: 3453 3662 | 3105663 3105454 | 210 210 | 93.81 | pa_ill_pa_contig44 contig_11
		Alignment: 3374 3442 | 3105741 3105673 | 69 69 | 94.2 | pa_ill_pa_contig44 contig_11
		Alignment: 2892 3062 | 3106225 3106055 | 171 171 | 91.23 | pa_ill_pa_contig44 contig_11
		Alignment: 2687 2800 | 3106439 3106326 | 114 114 | 91.23 | pa_ill_pa_contig44 contig_11
		Alignment: 1975 2060 | 3107126 3107041 | 86 86 | 91.86 | pa_ill_pa_contig44 contig_11
		Alignment: 1813 1967 | 3107288 3107134 | 155 155 | 92.26 | pa_ill_pa_contig44 contig_11
		Alignment: 1375 1536 | 3107726 3107565 | 162 162 | 93.83 | pa_ill_pa_contig44 contig_11
		Alignment: 997 1158 | 3108104 3107943 | 162 162 | 90.12 | pa_ill_pa_contig44 contig_11
		Alignment: 529 593 | 3108578 3108514 | 65 65 | 98.46 | pa_ill_pa_contig44 contig_11
		Alignment: 4882 5195 | 3197947 3197634 | 314 314 | 96.18 | pa_ill_pa_contig44 contig_11
		Alignment: 4268 4718 | 3198561 3198111 | 451 451 | 92.68 | pa_ill_pa_contig44 contig_11
		Alignment: 4118 4231 | 3198714 3198601 | 114 114 | 93.86 | pa_ill_pa_contig44 contig_11
		Alignment: 3453 3662 | 3199379 3199170 | 210 210 | 93.81 | pa_ill_pa_contig44 contig_11
		Alignment: 3374 3442 | 3199457 3199389 | 69 69 | 94.2 | pa_ill_pa_contig44 contig_11
		Alignment: 2892 3062 | 3199941 3199771 | 171 171 | 91.23 | pa_ill_pa_contig44 contig_11
		Alignment: 2687 2800 | 3200155 3200042 | 114 114 | 91.23 | pa_ill_pa_contig44 contig_11
		Alignment: 1975 2060 | 3200750 3200665 | 86 86 | 91.86 | pa_ill_pa_contig44 contig_11
		Alignment: 1813 1967 | 3200912 3200758 | 155 155 | 92.26 | pa_ill_pa_contig44 contig_11
		Alignment: 1375 1536 | 3201350 3201189 | 162 162 | 93.83 | pa_ill_pa_contig44 contig_11
		Alignment: 997 1158 | 3201728 3201567 | 162 162 | 90.12 | pa_ill_pa_contig44 contig_11
		Alignment: 529 593 | 3202202 3202138 | 65 65 | 98.46 | pa_ill_pa_contig44 contig_11
		Alignment: 529 593 | 3741206 3741270 | 65 65 | 98.46 | pa_ill_pa_contig44 contig_11
		Alignment: 997 1158 | 3741680 3741841 | 162 162 | 90.12 | pa_ill_pa_contig44 contig_11
		Alignment: 1375 1536 | 3742058 3742219 | 162 162 | 93.83 | pa_ill_pa_contig44 contig_11
		Alignment: 1813 1967 | 3742496 3742650 | 155 155 | 92.26 | pa_ill_pa_contig44 contig_11
		Alignment: 1975 2060 | 3742658 3742743 | 86 86 | 91.86 | pa_ill_pa_contig44 contig_11
		Alignment: 2687 2800 | 3743336 3743449 | 114 114 | 91.23 | pa_ill_pa_contig44 contig_11
		Alignment: 3374 3442 | 3744034 3744102 | 69 69 | 94.2 | pa_ill_pa_contig44 contig_11
		Alignment: 3453 3662 | 3744112 3744321 | 210 210 | 93.81 | pa_ill_pa_contig44 contig_11
		Alignment: 4118 4231 | 3744777 3744890 | 114 114 | 93.86 | pa_ill_pa_contig44 contig_11
		Alignment: 4268 4831 | 3744930 3745493 | 564 564 | 90.96 | pa_ill_pa_contig44 contig_11
		Alignment: 4882 5195 | 3745544 3745857 | 314 314 | 96.18 | pa_ill_pa_contig44 contig_11
		Alignment: 529 593 | 4449533 4449597 | 65 65 | 98.46 | pa_ill_pa_contig44 contig_11
		Alignment: 997 1158 | 4450007 4450168 | 162 162 | 90.12 | pa_ill_pa_contig44 contig_11
		Alignment: 1375 1536 | 4450385 4450546 | 162 162 | 93.83 | pa_ill_pa_contig44 contig_11
		Alignment: 1813 1967 | 4450823 4450977 | 155 155 | 92.26 | pa_ill_pa_contig44 contig_11
		Alignment: 1975 2060 | 4450985 4451070 | 86 86 | 91.86 | pa_ill_pa_contig44 contig_11
		Alignment: 2687 2800 | 4451657 4451770 | 114 114 | 91.23 | pa_ill_pa_contig44 contig_11
		Alignment: 3374 3442 | 4452355 4452423 | 69 69 | 94.2 | pa_ill_pa_contig44 contig_11
		Alignment: 3453 3662 | 4452433 4452642 | 210 210 | 93.81 | pa_ill_pa_contig44 contig_11
		Alignment: 4118 4231 | 4453098 4453211 | 114 114 | 93.86 | pa_ill_pa_contig44 contig_11
		Alignment: 4268 4831 | 4453251 4453814 | 564 564 | 90.96 | pa_ill_pa_contig44 contig_11
		Alignment: 4882 5195 | 4453865 4454178 | 314 314 | 96.18 | pa_ill_pa_contig44 contig_11
		Unaligned bases: 4750518

CONTIG: contig_37 (4758065bp)
Best alignment score: 418.0 (LEN: 451, IDY: 92.68), Total number of alignments: 103
			Too much alignments (103), will use speed up heuristics
			Found 0 solid alignments:
			Skipping alignments located inside solid regions since they are redundant:
		Nothing was skipped
			Looking for the best set of alignments (out of 103 total alignments)
		Ambiguity for this contig is not checked for speed up (too much alignments and --ambiguity-usage is "one")
			Skipping redundant alignments after choosing the best set of alignments
		Skipping redundant alignment 3 78 | 52834 52909 | 76 76 | 100.0 | pa_ill_pa_contig9 contig_37
		Skipping redundant alignment 163 238 | 52834 52909 | 76 76 | 100.0 | pa_ill_pa_contig9 contig_37
		Skipping redundant alignment 28782 28858 | 52910 52834 | 77 77 | 100.0 | pa_ill_pa_contig8 contig_37
		Skipping redundant alignment 323 399 | 52834 52910 | 77 77 | 100.0 | pa_ill_pa_contig9 contig_37
		Skipping redundant alignment 93682 93815 | 434619 434486 | 134 134 | 93.28 | pa_ill_pa_contig13 contig_37
		Skipping redundant alignment 84045 84142 | 444488 444391 | 98 98 | 95.92 | pa_ill_pa_contig13 contig_37
		Skipping redundant alignment 159406 159543 | 4628081 4627944 | 138 138 | 92.03 | pa_ill_pa_contig4 contig_37
		Skipping redundant alignment 65009 65098 | 1504139 1504228 | 90 90 | 91.11 | pa_ill_pa_contig27 contig_37
		Skipping redundant alignment 161 238 | 2486970 2486893 | 78 78 | 100.0 | pa_ill_pa_contig9 contig_37
		Skipping redundant alignment 321 399 | 2486970 2486892 | 79 79 | 100.0 | pa_ill_pa_contig9 contig_37
		Skipping redundant alignment 48504 48593 | 1504139 1504228 | 90 90 | 91.11 | pa_ill_pa_contig27 contig_37
		Skipping redundant alignment 163517 163628 | 4624027 4623916 | 112 112 | 91.07 | pa_ill_pa_contig4 contig_37
			The best set is below. Score: 12422.6, number of alignments: 91, unaligned bases: 4742597
		This contig is misassembled.
		This contig is partially unaligned. (Aligned 15468 out of 4758065 non-N bases (0.33%))
			Warning! This contig is more unaligned than misassembled. Contig length is 4758065 (number of Ns: 0) and total length of all aligns is 15468
		Alignment: 4882 5195 | 806453 806140 | 314 314 | 96.18 | pa_ill_pa_contig44 contig_37
		Alignment: 4268 4718 | 807067 806617 | 451 451 | 92.68 | pa_ill_pa_contig44 contig_37
		Alignment: 4118 4233 | 807220 807105 | 116 116 | 93.1 | pa_ill_pa_contig44 contig_37
		Alignment: 3453 3662 | 807887 807678 | 210 210 | 93.81 | pa_ill_pa_contig44 contig_37
		Alignment: 3374 3442 | 807965 807897 | 69 69 | 92.75 | pa_ill_pa_contig44 contig_37
		Alignment: 2892 3062 | 808451 808281 | 171 171 | 91.23 | pa_ill_pa_contig44 contig_37
		Alignment: 2687 2798 | 808665 808554 | 112 112 | 91.07 | pa_ill_pa_contig44 contig_37
		Alignment: 1975 2060 | 809258 809173 | 86 86 | 91.86 | pa_ill_pa_contig44 contig_37
		Alignment: 1813 1967 | 809420 809266 | 155 155 | 92.26 | pa_ill_pa_contig44 contig_37
		Alignment: 1660 1760 | 809573 809473 | 101 101 | 94.06 | pa_ill_pa_contig44 contig_37
		Alignment: 1375 1650 | 809858 809583 | 276 276 | 93.48 | pa_ill_pa_contig44 contig_37
		Alignment: 995 1106 | 810238 810127 | 112 112 | 91.07 | pa_ill_pa_contig44 contig_37
		Alignment: 529 593 | 810710 810646 | 65 65 | 98.46 | pa_ill_pa_contig44 contig_37
		Alignment: 4882 5195 | 1472717 1472404 | 314 314 | 96.18 | pa_ill_pa_contig44 contig_37
		Alignment: 4268 4718 | 1473331 1472881 | 451 451 | 92.68 | pa_ill_pa_contig44 contig_37
		Alignment: 4118 4233 | 1473484 1473369 | 116 116 | 93.1 | pa_ill_pa_contig44 contig_37
		Alignment: 3453 3662 | 1474151 1473942 | 210 210 | 93.81 | pa_ill_pa_contig44 contig_37
		Alignment: 3374 3442 | 1474229 1474161 | 69 69 | 92.75 | pa_ill_pa_contig44 contig_37
		Alignment: 2892 3062 | 1474715 1474545 | 171 171 | 91.23 | pa_ill_pa_contig44 contig_37
		Alignment: 2687 2798 | 1474929 1474818 | 112 112 | 91.07 | pa_ill_pa_contig44 contig_37
		Alignment: 1975 2060 | 1475522 1475437 | 86 86 | 91.86 | pa_ill_pa_contig44 contig_37
		Alignment: 1813 1967 | 1475684 1475530 | 155 155 | 92.26 | pa_ill_pa_contig44 contig_37
		Alignment: 1660 1760 | 1475837 1475737 | 101 101 | 94.06 | pa_ill_pa_contig44 contig_37
		Alignment: 1375 1650 | 1476122 1475847 | 276 276 | 93.48 | pa_ill_pa_contig44 contig_37
		Alignment: 995 1106 | 1476501 1476390 | 112 112 | 91.07 | pa_ill_pa_contig44 contig_37
		Alignment: 529 593 | 1476973 1476909 | 65 65 | 98.46 | pa_ill_pa_contig44 contig_37
		Alignment: 529 593 | 1991929 1991993 | 65 65 | 98.46 | pa_ill_pa_contig44 contig_37
		Alignment: 995 1106 | 1992401 1992512 | 112 112 | 91.07 | pa_ill_pa_contig44 contig_37
		Alignment: 1375 1650 | 1992781 1993056 | 276 276 | 93.48 | pa_ill_pa_contig44 contig_37
		Alignment: 1660 1760 | 1993066 1993166 | 101 101 | 94.06 | pa_ill_pa_contig44 contig_37
		Alignment: 1813 1967 | 1993219 1993373 | 155 155 | 92.26 | pa_ill_pa_contig44 contig_37
		Alignment: 1975 2060 | 1993381 1993466 | 86 86 | 91.86 | pa_ill_pa_contig44 contig_37
		Alignment: 2687 2798 | 1994133 1994244 | 112 112 | 91.07 | pa_ill_pa_contig44 contig_37
		Alignment: 2892 3062 | 1994347 1994517 | 171 171 | 91.23 | pa_ill_pa_contig44 contig_37
		Alignment: 3374 3442 | 1994833 1994901 | 69 69 | 92.75 | pa_ill_pa_contig44 contig_37
		Alignment: 3453 3662 | 1994911 1995120 | 210 210 | 93.81 | pa_ill_pa_contig44 contig_37
		Alignment: 4118 4233 | 1995578 1995693 | 116 116 | 93.1 | pa_ill_pa_contig44 contig_37
		Alignment: 4268 4718 | 1995731 1996181 | 451 451 | 92.68 | pa_ill_pa_contig44 contig_37
		Alignment: 4882 5195 | 1996345 1996658 | 314 314 | 96.18 | pa_ill_pa_contig44 contig_37
		Alignment: 529 593 | 2087017 2087081 | 65 65 | 98.46 | pa_ill_pa_contig44 contig_37
		Alignment: 995 1106 | 2087489 2087600 | 112 112 | 91.07 | pa_ill_pa_contig44 contig_37
		Alignment: 1375 1650 | 2087869 2088144 | 276 276 | 93.48 | pa_ill_pa_contig44 contig_37
		Alignment: 1660 1760 | 2088154 2088254 | 101 101 | 94.06 | pa_ill_pa_contig44 contig_37
		Alignment: 1813 1967 | 2088307 2088461 | 155 155 | 92.26 | pa_ill_pa_contig44 contig_37
		Alignment: 1975 2060 | 2088469 2088554 | 86 86 | 91.86 | pa_ill_pa_contig44 contig_37
		Alignment: 2687 2798 | 2089062 2089173 | 112 112 | 91.07 | pa_ill_pa_contig44 contig_37
		Alignment: 2892 3062 | 2089276 2089446 | 171 171 | 91.23 | pa_ill_pa_contig44 contig_37
		Alignment: 3374 3442 | 2089762 2089830 | 69 69 | 92.75 | pa_ill_pa_contig44 contig_37
		Alignment: 3453 3662 | 2089840 2090049 | 210 210 | 93.81 | pa_ill_pa_contig44 contig_37
		Alignment: 4118 4233 | 2090507 2090622 | 116 116 | 93.1 | pa_ill_pa_contig44 contig_37
		Alignment: 4268 4718 | 2090660 2091110 | 451 451 | 92.68 | pa_ill_pa_contig44 contig_37
		Alignment: 4882 5195 | 2091274 2091587 | 314 314 | 96.18 | pa_ill_pa_contig44 contig_37
		Alignment: 529 593 | 2242252 2242316 | 65 65 | 98.46 | pa_ill_pa_contig44 contig_37
		Alignment: 995 1106 | 2242724 2242835 | 112 112 | 91.07 | pa_ill_pa_contig44 contig_37
		Alignment: 1256 1345 | 2242984 2243073 | 90 90 | 93.33 | pa_ill_pa_contig44 contig_37
		Alignment: 1375 1650 | 2243103 2243378 | 276 276 | 93.48 | pa_ill_pa_contig44 contig_37
		Alignment: 1660 1760 | 2243388 2243488 | 101 101 | 94.06 | pa_ill_pa_contig44 contig_37
		Alignment: 1813 1967 | 2243541 2243695 | 155 155 | 92.26 | pa_ill_pa_contig44 contig_37
		Alignment: 1975 2060 | 2243703 2243788 | 86 86 | 91.86 | pa_ill_pa_contig44 contig_37
		Alignment: 2687 2798 | 2244455 2244566 | 112 112 | 91.07 | pa_ill_pa_contig44 contig_37
		Alignment: 2892 3062 | 2244669 2244839 | 171 171 | 91.23 | pa_ill_pa_contig44 contig_37
		Alignment: 3374 3442 | 2245155 2245223 | 69 69 | 92.75 | pa_ill_pa_contig44 contig_37
		Alignment: 3453 3662 | 2245233 2245442 | 210 210 | 93.33 | pa_ill_pa_contig44 contig_37
		Alignment: 4118 4233 | 2245900 2246015 | 116 116 | 93.1 | pa_ill_pa_contig44 contig_37
		Alignment: 4268 4718 | 2246053 2246503 | 451 451 | 92.68 | pa_ill_pa_contig44 contig_37
		Alignment: 4882 5195 | 2246667 2246980 | 314 314 | 96.18 | pa_ill_pa_contig44 contig_37
		Alignment: 529 593 | 2285166 2285230 | 65 65 | 98.46 | pa_ill_pa_contig44 contig_37
		Alignment: 995 1106 | 2285638 2285749 | 112 112 | 91.07 | pa_ill_pa_contig44 contig_37
		Alignment: 1375 1650 | 2286018 2286293 | 276 276 | 93.48 | pa_ill_pa_contig44 contig_37
		Alignment: 1660 1760 | 2286303 2286403 | 101 101 | 94.06 | pa_ill_pa_contig44 contig_37
		Alignment: 1813 1967 | 2286456 2286610 | 155 155 | 92.26 | pa_ill_pa_contig44 contig_37
		Alignment: 1975 2060 | 2286618 2286703 | 86 86 | 91.86 | pa_ill_pa_contig44 contig_37
		Alignment: 2687 2798 | 2287211 2287322 | 112 112 | 91.07 | pa_ill_pa_contig44 contig_37
		Alignment: 2892 3062 | 2287425 2287595 | 171 171 | 91.23 | pa_ill_pa_contig44 contig_37
		Alignment: 3374 3442 | 2287911 2287979 | 69 69 | 92.75 | pa_ill_pa_contig44 contig_37
		Alignment: 3453 3662 | 2287989 2288198 | 210 210 | 93.33 | pa_ill_pa_contig44 contig_37
		Alignment: 4118 4233 | 2288656 2288771 | 116 116 | 93.1 | pa_ill_pa_contig44 contig_37
		Alignment: 4268 4718 | 2288809 2289259 | 451 451 | 92.68 | pa_ill_pa_contig44 contig_37
		Alignment: 4882 5195 | 2289423 2289736 | 314 314 | 96.18 | pa_ill_pa_contig44 contig_37
		Alignment: 529 593 | 3034710 3034774 | 65 65 | 98.46 | pa_ill_pa_contig44 contig_37
		Alignment: 995 1106 | 3035182 3035293 | 112 112 | 91.07 | pa_ill_pa_contig44 contig_37
		Alignment: 1375 1536 | 3035561 3035722 | 162 162 | 93.21 | pa_ill_pa_contig44 contig_37
		Alignment: 1542 1650 | 3035728 3035836 | 109 109 | 90.83 | pa_ill_pa_contig44 contig_37
		Alignment: 1660 1760 | 3035846 3035946 | 101 101 | 94.06 | pa_ill_pa_contig44 contig_37
		Alignment: 1813 1967 | 3035999 3036153 | 155 155 | 92.26 | pa_ill_pa_contig44 contig_37
		Alignment: 1975 2060 | 3036161 3036246 | 86 86 | 91.86 | pa_ill_pa_contig44 contig_37
		Alignment: 3374 3442 | 3037713 3037781 | 69 69 | 92.75 | pa_ill_pa_contig44 contig_37
		Alignment: 3453 3662 | 3037791 3038000 | 210 210 | 93.81 | pa_ill_pa_contig44 contig_37
		Alignment: 4118 4233 | 3038458 3038573 | 116 116 | 93.1 | pa_ill_pa_contig44 contig_37
		Alignment: 4268 4718 | 3038611 3039061 | 451 451 | 92.68 | pa_ill_pa_contig44 contig_37
		Alignment: 4882 5195 | 3039225 3039538 | 314 314 | 96.18 | pa_ill_pa_contig44 contig_37
		Unaligned bases: 4742597

CONTIG: contig_102 (2845430bp)
Best alignment score: 129.0 (LEN: 142, IDY: 90.85), Total number of alignments: 12
			Looking for the best set of alignments (out of 12 total alignments)
			Skipping redundant alignments after choosing the best set of alignments
		Skipping redundant alignment 1200 1338 | 605002 605140 | 139 139 | 91.37 | pa_ill_pa_contig44 contig_102
		Skipping redundant alignment 1397 1538 | 605200 605341 | 142 142 | 90.85 | pa_ill_pa_contig44 contig_102
		Skipping redundant alignment 4406 4500 | 608092 608186 | 95 95 | 96.84 | pa_ill_pa_contig44 contig_102
		Skipping redundant alignment 1200 1338 | 2831196 2831334 | 139 139 | 91.37 | pa_ill_pa_contig44 contig_102
		Skipping redundant alignment 1397 1538 | 2831394 2831535 | 142 142 | 90.85 | pa_ill_pa_contig44 contig_102
		Skipping redundant alignment 4406 4500 | 2834286 2834380 | 95 95 | 96.84 | pa_ill_pa_contig44 contig_102
			The best set is below. Score: 350.5, number of alignments: 6, unaligned bases: 2844678
		This contig is misassembled.
		This contig is partially unaligned. (Aligned 752 out of 2845430 non-N bases (0.03%))
			Warning! This contig is more unaligned than misassembled. Contig length is 2845430 (number of Ns: 0) and total length of all aligns is 752
		Alignment: 4406 4500 | 2113590 2113496 | 95 95 | 96.84 | pa_ill_pa_contig44 contig_102
		Alignment: 1397 1538 | 2116380 2116239 | 142 142 | 90.85 | pa_ill_pa_contig44 contig_102
		Alignment: 1200 1338 | 2116578 2116440 | 139 139 | 91.37 | pa_ill_pa_contig44 contig_102
		Alignment: 1200 1338 | 2388066 2388204 | 139 139 | 91.37 | pa_ill_pa_contig44 contig_102
		Alignment: 1397 1538 | 2388264 2388405 | 142 142 | 90.85 | pa_ill_pa_contig44 contig_102
		Alignment: 4406 4500 | 2391054 2391148 | 95 95 | 96.84 | pa_ill_pa_contig44 contig_102
		Unaligned bases: 2844678

CONTIG: contig_13 (4045605bp)
Best alignment score: 125.0 (LEN: 138, IDY: 90.58), Total number of alignments: 32
			Looking for the best set of alignments (out of 32 total alignments)
			Skipping redundant alignments after choosing the best set of alignments
		Skipping redundant alignment 1201 1338 | 2325263 2325400 | 138 138 | 90.58 | pa_ill_pa_contig44 contig_13
		Skipping redundant alignment 1397 1515 | 2325460 2325578 | 119 119 | 94.12 | pa_ill_pa_contig44 contig_13
		Skipping redundant alignment 4406 4535 | 2328209 2328338 | 130 130 | 90.77 | pa_ill_pa_contig44 contig_13
			The best set is below. Score: 1035.8, number of alignments: 29, unaligned bases: 4041940
		This contig is misassembled.
		This contig is partially unaligned. (Aligned 3665 out of 4045605 non-N bases (0.09%))
			Warning! This contig is more unaligned than misassembled. Contig length is 4045605 (number of Ns: 0) and total length of all aligns is 3665
		Alignment: 4406 4535 | 340332 340203 | 130 130 | 90.77 | pa_ill_pa_contig44 contig_13
		Alignment: 1397 1515 | 343081 342963 | 119 119 | 94.12 | pa_ill_pa_contig44 contig_13
		Alignment: 1201 1338 | 343278 343141 | 138 138 | 90.58 | pa_ill_pa_contig44 contig_13
		Alignment: 4406 4535 | 633101 632972 | 130 130 | 90.77 | pa_ill_pa_contig44 contig_13
		Alignment: 1397 1515 | 635850 635732 | 119 119 | 94.12 | pa_ill_pa_contig44 contig_13
		Alignment: 1201 1338 | 636047 635910 | 138 138 | 90.58 | pa_ill_pa_contig44 contig_13
		Alignment: 4406 4535 | 1086555 1086426 | 130 130 | 90.77 | pa_ill_pa_contig44 contig_13
		Alignment: 1561 1651 | 1089140 1089050 | 91 91 | 92.31 | pa_ill_pa_contig44 contig_13
		Alignment: 1397 1515 | 1089303 1089185 | 119 119 | 94.12 | pa_ill_pa_contig44 contig_13
		Alignment: 1201 1338 | 1089500 1089363 | 138 138 | 90.58 | pa_ill_pa_contig44 contig_13
		Alignment: 4406 4535 | 1091555 1091426 | 130 130 | 90.77 | pa_ill_pa_contig44 contig_13
		Alignment: 1397 1515 | 1094304 1094186 | 119 119 | 94.12 | pa_ill_pa_contig44 contig_13
		Alignment: 1201 1338 | 1094501 1094364 | 138 138 | 90.58 | pa_ill_pa_contig44 contig_13
		Alignment: 4406 4535 | 1097168 1097039 | 130 130 | 90.77 | pa_ill_pa_contig44 contig_13
		Alignment: 1561 1651 | 1099753 1099663 | 91 91 | 92.31 | pa_ill_pa_contig44 contig_13
		Alignment: 1397 1515 | 1099916 1099798 | 119 119 | 94.12 | pa_ill_pa_contig44 contig_13
		Alignment: 1201 1338 | 1100113 1099976 | 138 138 | 90.58 | pa_ill_pa_contig44 contig_13
		Alignment: 4406 4535 | 1161709 1161580 | 130 130 | 90.77 | pa_ill_pa_contig44 contig_13
		Alignment: 1397 1515 | 1164458 1164340 | 119 119 | 94.12 | pa_ill_pa_contig44 contig_13
		Alignment: 1201 1338 | 1164655 1164518 | 138 138 | 90.58 | pa_ill_pa_contig44 contig_13
		Alignment: 4406 4535 | 1167632 1167503 | 130 130 | 90.77 | pa_ill_pa_contig44 contig_13
		Alignment: 1397 1515 | 1170381 1170263 | 119 119 | 94.12 | pa_ill_pa_contig44 contig_13
		Alignment: 1201 1338 | 1170578 1170441 | 138 138 | 90.58 | pa_ill_pa_contig44 contig_13
		Alignment: 4406 4535 | 1227788 1227659 | 130 130 | 90.77 | pa_ill_pa_contig44 contig_13
		Alignment: 1397 1515 | 1230714 1230596 | 119 119 | 94.12 | pa_ill_pa_contig44 contig_13
		Alignment: 1201 1338 | 1230911 1230774 | 138 138 | 90.58 | pa_ill_pa_contig44 contig_13
		Alignment: 4406 4535 | 1248400 1248271 | 130 130 | 90.77 | pa_ill_pa_contig44 contig_13
		Alignment: 1397 1515 | 1251326 1251208 | 119 119 | 94.12 | pa_ill_pa_contig44 contig_13
		Alignment: 1201 1338 | 1251523 1251386 | 138 138 | 90.58 | pa_ill_pa_contig44 contig_13
		Unaligned bases: 4041940

CONTIG: contig_26 (2992072bp)
Best alignment score: 127.0 (LEN: 138, IDY: 92.03), Total number of alignments: 18
			Looking for the best set of alignments (out of 18 total alignments)
			Skipping redundant alignments after choosing the best set of alignments
		Skipping redundant alignment 1201 1338 | 1078431 1078568 | 138 138 | 92.03 | pa_ill_pa_contig44 contig_26
		Skipping redundant alignment 1397 1517 | 1078628 1078748 | 121 121 | 95.04 | pa_ill_pa_contig44 contig_26
		Skipping redundant alignment 4406 4488 | 1081708 1081790 | 83 83 | 97.59 | pa_ill_pa_contig44 contig_26
		Skipping redundant alignment 1201 1338 | 1676945 1677082 | 138 138 | 92.03 | pa_ill_pa_contig44 contig_26
		Skipping redundant alignment 1397 1517 | 1677142 1677262 | 121 121 | 95.04 | pa_ill_pa_contig44 contig_26
		Skipping redundant alignment 4406 4488 | 1679971 1680053 | 83 83 | 97.59 | pa_ill_pa_contig44 contig_26
		Skipping redundant alignment 1201 1338 | 1781622 1781759 | 138 138 | 92.03 | pa_ill_pa_contig44 contig_26
		Skipping redundant alignment 1397 1517 | 1781819 1781939 | 121 121 | 95.04 | pa_ill_pa_contig44 contig_26
		Skipping redundant alignment 4406 4488 | 1784648 1784730 | 83 83 | 97.59 | pa_ill_pa_contig44 contig_26
			The best set is below. Score: 378.3, number of alignments: 9, unaligned bases: 2991046
		This contig is misassembled.
		This contig is partially unaligned. (Aligned 1026 out of 2992072 non-N bases (0.03%))
			Warning! This contig is more unaligned than misassembled. Contig length is 2992072 (number of Ns: 0) and total length of all aligns is 1026
		Alignment: 4406 4488 | 286978 286896 | 83 83 | 97.59 | pa_ill_pa_contig44 contig_26
		Alignment: 1397 1517 | 289807 289687 | 121 121 | 95.04 | pa_ill_pa_contig44 contig_26
		Alignment: 1201 1338 | 290004 289867 | 138 138 | 92.03 | pa_ill_pa_contig44 contig_26
		Alignment: 4406 4488 | 292997 292915 | 83 83 | 97.59 | pa_ill_pa_contig44 contig_26
		Alignment: 1397 1517 | 295826 295706 | 121 121 | 95.04 | pa_ill_pa_contig44 contig_26
		Alignment: 1201 1338 | 296023 295886 | 138 138 | 92.03 | pa_ill_pa_contig44 contig_26
		Alignment: 4406 4488 | 530548 530466 | 83 83 | 97.59 | pa_ill_pa_contig44 contig_26
		Alignment: 1397 1517 | 533628 533508 | 121 121 | 95.04 | pa_ill_pa_contig44 contig_26
		Alignment: 1201 1338 | 533825 533688 | 138 138 | 92.03 | pa_ill_pa_contig44 contig_26
		Unaligned bases: 2991046

CONTIG: contig_27 (1937122bp)
Best alignment score: 271.0 (LEN: 301, IDY: 90.03), Total number of alignments: 7
			Looking for the best set of alignments (out of 7 total alignments)
			Skipping redundant alignments after choosing the best set of alignments
		Skipping redundant alignment 1397 1521 | 68897 68773 | 125 125 | 92.8 | pa_ill_pa_contig44 contig_27
		Skipping redundant alignment 1397 1521 | 145791 145667 | 125 125 | 92.8 | pa_ill_pa_contig44 contig_27
		Skipping redundant alignment 1397 1521 | 181317 181193 | 125 125 | 92.8 | pa_ill_pa_contig44 contig_27
		Skipping redundant alignment 1397 1521 | 842704 842828 | 125 125 | 92.8 | pa_ill_pa_contig44 contig_27
			The best set is below. Score: 455.0, number of alignments: 3, unaligned bases: 1936601
		This contig is misassembled.
		This contig is partially unaligned. (Aligned 521 out of 1937122 non-N bases (0.03%))
			Warning! This contig is more unaligned than misassembled. Contig length is 1937122 (number of Ns: 0) and total length of all aligns is 521
		Alignment: 4834 5134 | 1656369 1656069 | 301 301 | 90.03 | pa_ill_pa_contig44 contig_27
		Alignment: 4406 4500 | 1656798 1656704 | 95 95 | 96.84 | pa_ill_pa_contig44 contig_27
		Alignment: 1397 1521 | 1659581 1659457 | 125 125 | 92.8 | pa_ill_pa_contig44 contig_27
		Unaligned bases: 1936601

CONTIG: contig_96 (2719633bp)
Best alignment score: 211.0 (LEN: 233, IDY: 90.56), Total number of alignments: 18
			Looking for the best set of alignments (out of 18 total alignments)
			The best set is below. Score: 965.7, number of alignments: 18, unaligned bases: 2717010
		This contig is misassembled.
		This contig is partially unaligned. (Aligned 2623 out of 2719633 non-N bases (0.10%))
			Warning! This contig is more unaligned than misassembled. Contig length is 2719633 (number of Ns: 0) and total length of all aligns is 2623
		Alignment: 4903 5134 | 405720 405489 | 232 232 | 90.95 | pa_ill_pa_contig44 contig_96
		Alignment: 4403 4500 | 406220 406123 | 98 98 | 96.94 | pa_ill_pa_contig44 contig_96
		Alignment: 1397 1503 | 409274 409168 | 107 107 | 96.26 | pa_ill_pa_contig44 contig_96
		Alignment: 4903 5134 | 541737 541506 | 232 232 | 90.95 | pa_ill_pa_contig44 contig_96
		Alignment: 4403 4500 | 542237 542140 | 98 98 | 96.94 | pa_ill_pa_contig44 contig_96
		Alignment: 1397 1503 | 545286 545180 | 107 107 | 96.26 | pa_ill_pa_contig44 contig_96
		Alignment: 4903 5134 | 655182 654951 | 232 232 | 90.95 | pa_ill_pa_contig44 contig_96
		Alignment: 4403 4500 | 655682 655585 | 98 98 | 96.94 | pa_ill_pa_contig44 contig_96
		Alignment: 1397 1503 | 658684 658578 | 107 107 | 96.26 | pa_ill_pa_contig44 contig_96
		Alignment: 1397 1503 | 1715747 1715853 | 107 107 | 96.26 | pa_ill_pa_contig44 contig_96
		Alignment: 4403 4500 | 1718765 1718862 | 98 98 | 96.94 | pa_ill_pa_contig44 contig_96
		Alignment: 4903 5134 | 1719265 1719497 | 232 233 | 90.56 | pa_ill_pa_contig44 contig_96
		Alignment: 1397 1503 | 1760363 1760469 | 107 107 | 96.26 | pa_ill_pa_contig44 contig_96
		Alignment: 4403 4500 | 1763323 1763420 | 98 98 | 96.94 | pa_ill_pa_contig44 contig_96
		Alignment: 4903 5134 | 1763823 1764055 | 232 233 | 90.56 | pa_ill_pa_contig44 contig_96
		Alignment: 1397 1503 | 1765620 1765726 | 107 107 | 96.26 | pa_ill_pa_contig44 contig_96
		Alignment: 4403 4500 | 1768547 1768644 | 98 98 | 96.94 | pa_ill_pa_contig44 contig_96
		Alignment: 4903 5134 | 1769047 1769277 | 232 231 | 90.95 | pa_ill_pa_contig44 contig_96
		Unaligned bases: 2717010

Analyzing coverage...
Writing SNPs into /media3/lucia/zymo_mock_community/asms_cuantizados/v4_13-2-21_2bins/metaquast-2bins-v2/runs_per_reference/pa_ill/contigs_reports/minimap_output/r10_2bins_v2_2_r2_medaka.used_snps.gz

Analysis is finished!
Founded SNPs were written into /media3/lucia/zymo_mock_community/asms_cuantizados/v4_13-2-21_2bins/metaquast-2bins-v2/runs_per_reference/pa_ill/contigs_reports/minimap_output/r10_2bins_v2_2_r2_medaka.used_snps.gz

Results:
	Local Misassemblies: 11
	Misassemblies: 6
		Relocations: 0
		Translocations: 6
		Inversions: 0
	Scaffold gap extensive misassemblies: 0
	Scaffold gap local misassemblies: 0
	Misassemblies caused by fragmented reference: 21
	Misassembled Contigs: 1
	Misassembled Contig Bases: 6792243
	Misassemblies Inter-Contig Overlap: 0
Unaligned Contigs: 0 + 8 part
Half Unaligned Contigs with Misassemblies: 7
Unaligned Contig Bases: 24035756

Ambiguously Mapped Contigs: 1
Total Bases in Ambiguously Mapped Contigs: 4765353
Extra Bases in Ambiguously Mapped Contigs: 0
Note that --allow-ambiguity option was set to "one" and only first alignment per each of these contigs was used.

	Covered Bases: 6720877

	SNPs: 3798
	Insertions: 223
	Deletions: 5035

