Aligning contigs to reference...
	Aligning contigs to the reference
Filtering alignments...
Parsing coords...
Loading reference...
	Loaded [pa_ill_pa_contig77]
	Loaded [pa_ill_pa_contig76]
	Loaded [pa_ill_pa_contig75]
	Loaded [pa_ill_pa_contig74]
	Loaded [pa_ill_pa_contig73]
	Loaded [pa_ill_pa_contig72]
	Loaded [pa_ill_pa_contig71]
	Loaded [pa_ill_pa_contig70]
	Loaded [pa_ill_pa_contig23]
	Loaded [pa_ill_pa_contig21]
	Loaded [pa_ill_pa_contig28]
	Loaded [pa_ill_pa_contig79]
	Loaded [pa_ill_pa_contig78]
	Loaded [pa_ill_pa_contig32]
	Loaded [pa_ill_pa_contig8]
	Loaded [pa_ill_pa_contig41]
	Loaded [pa_ill_pa_contig47]
	Loaded [pa_ill_pa_contig4]
	Loaded [pa_ill_pa_contig13]
	Loaded [pa_ill_pa_contig11]
	Loaded [pa_ill_pa_contig10]
	Loaded [pa_ill_pa_contig39]
	Loaded [pa_ill_pa_contig12]
	Loaded [pa_ill_pa_contig59]
	Loaded [pa_ill_pa_contig14]
	Loaded [pa_ill_pa_contig17]
	Loaded [pa_ill_pa_contig16]
	Loaded [pa_ill_pa_contig55]
	Loaded [pa_ill_pa_contig54]
	Loaded [pa_ill_pa_contig31]
	Loaded [pa_ill_pa_contig56]
	Loaded [pa_ill_pa_contig51]
	Loaded [pa_ill_pa_contig50]
	Loaded [pa_ill_pa_contig35]
	Loaded [pa_ill_pa_contig34]
	Loaded [pa_ill_pa_contig60]
	Loaded [pa_ill_pa_contig61]
	Loaded [pa_ill_pa_contig62]
	Loaded [pa_ill_pa_contig63]
	Loaded [pa_ill_pa_contig64]
	Loaded [pa_ill_pa_contig65]
	Loaded [pa_ill_pa_contig66]
	Loaded [pa_ill_pa_contig67]
	Loaded [pa_ill_pa_contig68]
	Loaded [pa_ill_pa_contig69]
	Loaded [pa_ill_pa_contig80]
	Loaded [pa_ill_pa_contig81]
	Loaded [pa_ill_pa_contig84]
	Loaded [pa_ill_pa_contig19]
	Loaded [pa_ill_pa_contig83]
	Loaded [pa_ill_pa_contig2]
	Loaded [pa_ill_pa_contig18]
	Loaded [pa_ill_pa_contig5]
	Loaded [pa_ill_pa_contig57]
	Loaded [pa_ill_pa_contig58]
	Loaded [pa_ill_pa_contig15]
	Loaded [pa_ill_pa_contig1]
	Loaded [pa_ill_pa_contig45]
	Loaded [pa_ill_pa_contig3]
	Loaded [pa_ill_pa_contig30]
	Loaded [pa_ill_pa_contig33]
	Loaded [pa_ill_pa_contig38]
	Loaded [pa_ill_pa_contig7]
	Loaded [pa_ill_pa_contig6]
	Loaded [pa_ill_pa_contig9]
	Loaded [pa_ill_pa_contig37]
	Loaded [pa_ill_pa_contig36]
	Loaded [pa_ill_pa_contig24]
	Loaded [pa_ill_pa_contig25]
	Loaded [pa_ill_pa_contig26]
	Loaded [pa_ill_pa_contig27]
	Loaded [pa_ill_pa_contig20]
	Loaded [pa_ill_pa_contig53]
	Loaded [pa_ill_pa_contig48]
	Loaded [pa_ill_pa_contig49]
	Loaded [pa_ill_pa_contig46]
	Loaded [pa_ill_pa_contig22]
	Loaded [pa_ill_pa_contig44]
	Loaded [pa_ill_pa_contig52]
	Loaded [pa_ill_pa_contig42]
	Loaded [pa_ill_pa_contig43]
	Loaded [pa_ill_pa_contig40]
	Loaded [pa_ill_pa_contig29]
	Total Regions: 83
	Total Region Length: 6728151
Analyzing contigs...
CONTIG: contig_152 (6791577bp)
Best alignment score: 847434.5 (LEN: 847604, IDY: 99.98), Total number of alignments: 158
			Too much alignments (158), will use speed up heuristics
			Found 105 solid alignments:
		Solid alignment 1 720 | 720 1 | 720 720 | 99.86 | pa_ill_pa_contig35 contig_152
		Solid alignment 1 266935 | 1330 268248 | 266935 266919 | 99.98 | pa_ill_pa_contig6 contig_152
		Solid alignment 1 111253 | 379456 268208 | 111253 111249 | 99.98 | pa_ill_pa_contig20 contig_152
		Solid alignment 1 5507 | 384908 379402 | 5507 5507 | 99.36 | pa_ill_pa_contig45 contig_152
		Solid alignment 1 118702 | 384854 503548 | 118702 118695 | 99.98 | pa_ill_pa_contig19 contig_152
		Solid alignment 1 1237 | 505277 504041 | 1237 1237 | 99.68 | pa_ill_pa_contig65 contig_152
		Solid alignment 1 944 | 506167 505223 | 944 945 | 98.73 | pa_ill_pa_contig71 contig_152
		Solid alignment 1 23992 | 506815 530802 | 23992 23988 | 99.98 | pa_ill_pa_contig40 contig_152
		Solid alignment 1 1468 | 530748 532215 | 1468 1468 | 99.93 | pa_ill_pa_contig62 contig_152
		Solid alignment 1 56682 | 532161 588837 | 56682 56677 | 99.98 | pa_ill_pa_contig30 contig_152
		Solid alignment 1 927 | 588783 589709 | 927 927 | 97.63 | pa_ill_pa_contig73 contig_152
		Solid alignment 1 204999 | 794511 589655 | 204999 204857 | 99.92 | pa_ill_pa_contig12 contig_152
		Solid alignment 1 1492 | 794457 795948 | 1492 1492 | 99.87 | pa_ill_pa_contig61 contig_152
		Solid alignment 1 106796 | 795894 902672 | 106796 106779 | 99.98 | pa_ill_pa_contig21 contig_152
		Solid alignment 1 1258 | 903874 902618 | 1258 1257 | 99.44 | pa_ill_pa_contig64 contig_152
		Solid alignment 1 34671 | 903820 938525 | 34671 34706 | 99.85 | pa_ill_pa_contig15 contig_152
		Solid alignment 34236 173697 | 938145 1077670 | 139462 139526 | 99.93 | pa_ill_pa_contig15 contig_152
		Solid alignment 1 1028 | 1079448 1078421 | 1028 1028 | 99.81 | pa_ill_pa_contig68 contig_152
		Solid alignment 1 1028 | 1082628 1081601 | 1028 1028 | 99.51 | pa_ill_pa_contig68 contig_152
		Solid alignment 1 1661 | 1084235 1082574 | 1661 1662 | 99.94 | pa_ill_pa_contig59 contig_152
		Solid alignment 1 1682 | 1084181 1085862 | 1682 1682 | 99.52 | pa_ill_pa_contig58 contig_152
		Solid alignment 1 4971 | 1085808 1090776 | 4971 4969 | 99.96 | pa_ill_pa_contig46 contig_152
		Solid alignment 1 1682 | 1090722 1092403 | 1682 1682 | 99.76 | pa_ill_pa_contig58 contig_152
		Solid alignment 1 3238 | 1092349 1095586 | 3238 3238 | 100.0 | pa_ill_pa_contig50 contig_152
		Solid alignment 1 799 | 1095532 1096330 | 799 799 | 99.12 | pa_ill_pa_contig75 contig_152
		Solid alignment 1 6148 | 1103164 1097020 | 6148 6145 | 99.95 | pa_ill_pa_contig43 contig_152
		Solid alignment 1 799 | 1103110 1103908 | 799 799 | 98.62 | pa_ill_pa_contig75 contig_152
		Solid alignment 1 68331 | 1104598 1172918 | 68331 68321 | 99.98 | pa_ill_pa_contig28 contig_152
		Solid alignment 1 985 | 1172864 1173848 | 985 985 | 98.48 | pa_ill_pa_contig69 contig_152
		Solid alignment 1 30768 | 1204555 1173794 | 30768 30762 | 99.95 | pa_ill_pa_contig38 contig_152
		Solid alignment 1235 3722 | 1206988 1204501 | 2488 2488 | 99.4 | pa_ill_pa_contig48 contig_152
		Solid alignment 1 1079 | 1208222 1207144 | 1079 1079 | 99.54 | pa_ill_pa_contig48 contig_152
		Solid alignment 1 6590 | 1208168 1214753 | 6590 6586 | 99.76 | pa_ill_pa_contig42 contig_152
		Solid alignment 1 3064 | 1217761 1214699 | 3064 3063 | 99.25 | pa_ill_pa_contig51 contig_152
		Solid alignment 1 26794 | 1217707 1244499 | 26794 26793 | 99.99 | pa_ill_pa_contig39 contig_152
		Solid alignment 1 258570 | 1503542 1244993 | 258570 258550 | 99.98 | pa_ill_pa_contig8 contig_152
		Solid alignment 1 944 | 1503488 1504430 | 944 943 | 99.26 | pa_ill_pa_contig71 contig_152
		Solid alignment 1 1237 | 1504376 1505612 | 1237 1237 | 95.64 | pa_ill_pa_contig65 contig_152
		Solid alignment 1 191344 | 1506105 1697421 | 191344 191317 | 99.98 | pa_ill_pa_contig13 contig_152
		Solid alignment 1 1197 | 1698563 1697367 | 1197 1197 | 99.83 | pa_ill_pa_contig67 contig_152
		Solid alignment 1 86455 | 1698548 1784986 | 86455 86439 | 99.98 | pa_ill_pa_contig25 contig_152
		Solid alignment 161 249467 | 1784932 2034215 | 249307 249284 | 99.98 | pa_ill_pa_contig9 contig_152
		Solid alignment 1 2531 | 2037110 2034580 | 2531 2531 | 99.84 | pa_ill_pa_contig53 contig_152
		Solid alignment 1 929 | 2038166 2037238 | 929 929 | 99.35 | pa_ill_pa_contig72 contig_152
		Solid alignment 1 121067 | 2163941 2042883 | 121067 121059 | 99.99 | pa_ill_pa_contig17 contig_152
		Solid alignment 1 56007 | 2164203 2220205 | 56007 56003 | 99.98 | pa_ill_pa_contig32 contig_152
		Solid alignment 1 1258 | 2221408 2220151 | 1258 1258 | 99.84 | pa_ill_pa_contig64 contig_152
		Solid alignment 247199 542364 | 2516496 2221354 | 295166 295143 | 99.99 | pa_ill_pa_contig2 contig_152
		Solid alignment 1 247386 | 2763533 2516194 | 247386 247340 | 99.98 | pa_ill_pa_contig2 contig_152
		Solid alignment 1 3774 | 2767736 2763963 | 3774 3774 | 100.0 | pa_ill_pa_contig47 contig_152
		Solid alignment 1 929 | 2768250 2769179 | 929 930 | 98.39 | pa_ill_pa_contig72 contig_152
		Solid alignment 1 2549 | 2769307 2771855 | 2549 2549 | 100.0 | pa_ill_pa_contig52 contig_152
		Solid alignment 1 404310 | 3176472 2772214 | 404310 404259 | 99.98 | pa_ill_pa_contig4 contig_152
		Solid alignment 1 1468 | 3176418 3177886 | 1468 1469 | 99.93 | pa_ill_pa_contig62 contig_152
		Solid alignment 1 122468 | 3177832 3300278 | 122468 122447 | 99.98 | pa_ill_pa_contig16 contig_152
		Solid alignment 1 53273 | 3353963 3300693 | 53273 53271 | 99.99 | pa_ill_pa_contig33 contig_152
		Solid alignment 41099 76514 | 3389868 3354457 | 35416 35412 | 99.96 | pa_ill_pa_contig26 contig_152
		Solid alignment 1 41228 | 3430849 3389627 | 41228 41223 | 99.96 | pa_ill_pa_contig26 contig_152
		Solid alignment 1 846 | 3431613 3430774 | 846 840 | 90.05 | pa_ill_pa_contig20 contig_152
		Solid alignment 1 5507 | 3437063 3431559 | 5507 5505 | 99.8 | pa_ill_pa_contig45 contig_152
		Solid alignment 1 68413 | 3437009 3505414 | 68413 68406 | 99.98 | pa_ill_pa_contig27 contig_152
		Solid alignment 1 5713 | 3511069 3505360 | 5713 5710 | 99.89 | pa_ill_pa_contig44 contig_152
		Solid alignment 1 87995 | 3598992 3511015 | 87995 87978 | 99.98 | pa_ill_pa_contig24 contig_152
		Solid alignment 1 1197 | 3598938 3600134 | 1197 1197 | 99.75 | pa_ill_pa_contig67 contig_152
		Solid alignment 1 294591 | 3600080 3894643 | 294591 294564 | 99.98 | pa_ill_pa_contig5 contig_152
		Solid alignment 1 927 | 3894589 3895515 | 927 927 | 99.89 | pa_ill_pa_contig73 contig_152
		Solid alignment 1 35776 | 3895461 3931233 | 35776 35773 | 99.96 | pa_ill_pa_contig37 contig_152
		Solid alignment 1 2207 | 3934308 3932103 | 2207 2206 | 99.77 | pa_ill_pa_contig55 contig_152
		Solid alignment 1 232544 | 3934254 4166796 | 232544 232543 | 99.97 | pa_ill_pa_contig10 contig_152
		Solid alignment 1 1874 | 4166669 4168542 | 1874 1874 | 100.0 | pa_ill_pa_contig57 contig_152
		Solid alignment 232388 237415 | 4168387 4173411 | 5028 5025 | 99.92 | pa_ill_pa_contig10 contig_152
		Solid alignment 1235 3722 | 4175844 4173357 | 2488 2488 | 99.6 | pa_ill_pa_contig48 contig_152
		Solid alignment 1 1079 | 4177078 4176000 | 1079 1079 | 99.81 | pa_ill_pa_contig48 contig_152
		Solid alignment 1 956 | 4177024 4177978 | 956 955 | 99.9 | pa_ill_pa_contig70 contig_152
		Solid alignment 1 3064 | 4180987 4177924 | 3064 3064 | 99.71 | pa_ill_pa_contig51 contig_152
		Solid alignment 92967 210873 | 4298831 4180933 | 117907 117899 | 99.98 | pa_ill_pa_contig11 contig_152
		Solid alignment 1 93281 | 4391683 4298407 | 93281 93277 | 99.98 | pa_ill_pa_contig11 contig_152
		Solid alignment 1 985 | 4391629 4392613 | 985 985 | 99.49 | pa_ill_pa_contig69 contig_152
		Solid alignment 1 48969 | 4392559 4441526 | 48969 48968 | 99.98 | pa_ill_pa_contig34 contig_152
		Solid alignment 1 5713 | 4441472 4447184 | 5713 5713 | 99.93 | pa_ill_pa_contig44 contig_152
		Solid alignment 1 106324 | 4553450 4447130 | 106324 106321 | 99.98 | pa_ill_pa_contig22 contig_152
		Solid alignment 1 90153 | 4643969 4553826 | 90153 90144 | 99.99 | pa_ill_pa_contig23 contig_152
		Solid alignment 1 1197 | 4643915 4645111 | 1197 1197 | 99.83 | pa_ill_pa_contig67 contig_152
		Solid alignment 1 465790 | 4645057 5110677 | 465790 465621 | 99.96 | pa_ill_pa_contig3 contig_152
		Solid alignment 1 2514 | 5110623 5113136 | 2514 2514 | 99.68 | pa_ill_pa_contig54 contig_152
		Solid alignment 1 868 | 5113588 5114455 | 868 868 | 99.54 | pa_ill_pa_contig74 contig_152
		Solid alignment 1 119004 | 5115259 5234256 | 119004 118998 | 99.98 | pa_ill_pa_contig18 contig_152
		Solid alignment 1 5713 | 5234202 5239914 | 5713 5713 | 100.0 | pa_ill_pa_contig44 contig_152
		Solid alignment 1 1405 | 5242157 5240753 | 1405 1405 | 90.74 | pa_ill_pa_contig12 contig_152
		Solid alignment 1 1492 | 5242103 5243594 | 1492 1492 | 100.0 | pa_ill_pa_contig61 contig_152
		Solid alignment 1 21904 | 5243540 5265442 | 21904 21903 | 100.0 | pa_ill_pa_contig41 contig_152
		Solid alignment 1 868 | 5266970 5266097 | 868 874 | 98.4 | pa_ill_pa_contig74 contig_152
		Solid alignment 1 2514 | 5269936 5267422 | 2514 2515 | 99.6 | pa_ill_pa_contig54 contig_152
		Solid alignment 132 56432 | 5326174 5269882 | 56301 56293 | 99.92 | pa_ill_pa_contig31 contig_152
		Solid alignment 1 187635 | 5328244 5515865 | 187635 187622 | 99.99 | pa_ill_pa_contig14 contig_152
		Solid alignment 1 265097 | 5516710 5781788 | 265097 265079 | 99.98 | pa_ill_pa_contig7 contig_152
		Solid alignment 1 1538 | 5782239 5783776 | 1538 1538 | 100.0 | pa_ill_pa_contig60 contig_152
		Solid alignment 1 3511 | 5787661 5784149 | 3511 3513 | 99.94 | pa_ill_pa_contig49 contig_152
		Solid alignment 1 38146 | 5788250 5826390 | 38146 38141 | 99.98 | pa_ill_pa_contig36 contig_152
		Solid alignment 1 5713 | 5826336 5832050 | 5713 5715 | 99.95 | pa_ill_pa_contig44 contig_152
		Solid alignment 1 61716 | 5831996 5893706 | 61716 61711 | 99.98 | pa_ill_pa_contig29 contig_152
		Solid alignment 1 1197 | 5894848 5893652 | 1197 1197 | 99.08 | pa_ill_pa_contig67 contig_152
		Solid alignment 1 847683 | 6742397 5894794 | 847683 847604 | 99.98 | pa_ill_pa_contig1 contig_152
		Solid alignment 1 2207 | 6742343 6744550 | 2207 2208 | 99.46 | pa_ill_pa_contig55 contig_152
		Solid alignment 721 47071 | 6791577 6745228 | 46351 46350 | 99.99 | pa_ill_pa_contig35 contig_152
			Skipping alignments located inside solid regions since they are redundant:
		Skipping redundant alignment 2205 2601 | 2 398 | 397 397 | 92.44 | pa_ill_pa_contig6 contig_152
		Skipping redundant alignment 2663 2766 | 467 570 | 104 104 | 91.35 | pa_ill_pa_contig6 contig_152
		Skipping redundant alignment 468678 468746 | 268194 268262 | 69 69 | 100.0 | pa_ill_pa_contig2 contig_152
		Skipping redundant alignment 39053 39121 | 268194 268262 | 69 69 | 100.0 | pa_ill_pa_contig17 contig_152
		Skipping redundant alignment 39244 39312 | 268194 268262 | 69 69 | 100.0 | pa_ill_pa_contig17 contig_152
		Skipping redundant alignment 847590 847683 | 1698602 1698509 | 94 94 | 100.0 | pa_ill_pa_contig1 contig_152
		Skipping redundant alignment 1 94 | 1698509 1698602 | 94 94 | 100.0 | pa_ill_pa_contig23 contig_152
		Skipping redundant alignment 1 97 | 1698509 1698605 | 97 97 | 98.97 | pa_ill_pa_contig24 contig_152
		Skipping redundant alignment 56166 56348 | 3300828 3301010 | 183 183 | 94.54 | pa_ill_pa_contig20 contig_152
			Looking for the best set of alignments (out of 149 total alignments)
		Ambiguity for this contig is not checked for speed up (too much alignments and --ambiguity-usage is "one")
			Skipping redundant alignments after choosing the best set of alignments
		Skipping redundant alignment 1105 1184 | 5326896 5326817 | 80 80 | 92.5 | pa_ill_pa_contig31 contig_152
		Skipping redundant alignment 2771 3517 | 575 1321 | 747 747 | 94.65 | pa_ill_pa_contig6 contig_152
		Skipping redundant alignment 176 337 | 5327096 5326935 | 162 162 | 91.36 | pa_ill_pa_contig31 contig_152
		Skipping redundant alignment 104 348 | 5327891 5327647 | 245 245 | 91.43 | pa_ill_pa_contig31 contig_152
		Skipping redundant alignment 419 580 | 5327096 5326935 | 162 162 | 91.36 | pa_ill_pa_contig31 contig_152
		Skipping redundant alignment 3381 3503 | 5782153 5782031 | 123 123 | 91.87 | pa_ill_pa_contig49 contig_152
		Skipping redundant alignment 264591 265097 | 5783408 5783914 | 507 507 | 93.14 | pa_ill_pa_contig7 contig_152
		Skipping redundant alignment 264617 265097 | 5787319 5787799 | 481 481 | 92.36 | pa_ill_pa_contig7 contig_152
		Skipping redundant alignment 1578 1661 | 1079477 1079394 | 84 84 | 90.48 | pa_ill_pa_contig59 contig_152
		Skipping redundant alignment 1196 1458 | 1079859 1079597 | 263 263 | 96.96 | pa_ill_pa_contig59 contig_152
		Skipping redundant alignment 947 1065 | 1080106 1079988 | 119 119 | 94.12 | pa_ill_pa_contig59 contig_152
		Skipping redundant alignment 710 945 | 1080342 1080107 | 236 236 | 92.37 | pa_ill_pa_contig59 contig_152
		Skipping redundant alignment 1 1235 | 2039913 2038680 | 1235 1234 | 99.84 | pa_ill_pa_contig66 contig_152
		Skipping redundant alignment 1 2072 | 2042455 2040387 | 2072 2069 | 99.37 | pa_ill_pa_contig56 contig_152
		Skipping redundant alignment 401 476 | 2163890 2163965 | 76 76 | 100.0 | pa_ill_pa_contig9 contig_152
		Skipping redundant alignment 99 178 | 2164008 2164087 | 80 80 | 98.75 | pa_ill_pa_contig32 contig_152
		Skipping redundant alignment 401 477 | 2164181 2164257 | 77 77 | 100.0 | pa_ill_pa_contig9 contig_152
		Skipping redundant alignment 55696 56158 | 3300358 3300820 | 463 463 | 95.25 | pa_ill_pa_contig20 contig_152
		Skipping redundant alignment 2820 3940 | 3300984 3299864 | 1121 1121 | 90.51 | pa_ill_pa_contig6 contig_152
		Skipping redundant alignment 46729 47071 | 3931083 3931425 | 343 343 | 97.67 | pa_ill_pa_contig35 contig_152
		Skipping redundant alignment 1099 1184 | 5326176 5326091 | 86 86 | 91.86 | pa_ill_pa_contig31 contig_152
		Skipping redundant alignment 354 504 | 5326195 5326045 | 151 151 | 90.73 | pa_ill_pa_contig31 contig_152
		Skipping redundant alignment 117 348 | 5326429 5326198 | 232 232 | 90.52 | pa_ill_pa_contig31 contig_152
		Skipping redundant alignment 590 763 | 5326685 5326512 | 174 174 | 93.1 | pa_ill_pa_contig31 contig_152
			The best set is below. Score: 6775173.5, number of alignments: 125, unaligned bases: 11362
		This contig is misassembled.
		This contig is partially unaligned. (Aligned 6780215 out of 6791577 non-N bases (99.83%))
			Real Alignment 1: 1 720 | 720 1 | 720 720 | 99.86 | pa_ill_pa_contig35 contig_152
			  Not a misassembly [fragmentation of reference genome] between these two alignments
			Excluding internal overlap of size 41 between Alignment 2 and 3: 1 111253 | 379456 268208 | 111253 111249 --> 1 111212 | 379456 268249 | 111212 111208
			Real Alignment 2: 1 266935 | 1330 268248 | 266935 266919 | 99.98 | pa_ill_pa_contig6 contig_152
			  Indel (> 5bp) between these two alignments: deletion of length 41; 0 mismatches (number of Ns: 0) [fragmentation of reference genome]
			Excluding internal overlap of size 55 between Alignment 3 and 4: 1 5507 | 384908 379402 | 5507 5507 --> 1 5452 | 384908 379457 | 5452 5452
			Real Alignment 3: 1 111212 | 379456 268249 | 111212 111208 | 99.98 | pa_ill_pa_contig20 contig_152
			  Indel (> 5bp) between these two alignments: deletion of length 55; 0 mismatches (number of Ns: 0) [fragmentation of reference genome]
			Excluding internal overlap of size 55 between Alignment 4 and 5: 1 5452 | 384908 379457 | 5452 5452 --> 56 5452 | 384853 379457 | 5397 5397
			Real Alignment 4: 56 5452 | 384853 379457 | 5397 5397 | 99.36 | pa_ill_pa_contig45 contig_152
			  Indel (> 5bp) between these two alignments: deletion of length 55; 0 mismatches (number of Ns: 0) [fragmentation of reference genome]
			Excluding internal overlap of size 55 between Alignment 5 and 6: 1 602 | 503494 504095 | 602 602 --> 56 602 | 503549 504095 | 547 547
			Real Alignment 5: 1 118702 | 384854 503548 | 118702 118695 | 99.98 | pa_ill_pa_contig19 contig_152
			  Indel (> 5bp) between these two alignments: deletion of length 55; 0 mismatches (number of Ns: 0) [fragmentation of reference genome]
			Excluding internal overlap of size 55 between Alignment 6 and 7: 56 602 | 503549 504095 | 547 547 --> 56 547 | 503549 504040 | 492 492
			Real Alignment 6: 56 547 | 503549 504040 | 492 492 | 99.34 | pa_ill_pa_contig80 contig_152
			  Indel (> 5bp) between these two alignments: deletion of length 55; 0 mismatches (number of Ns: 0) [fragmentation of reference genome]
			Excluding internal overlap of size 55 between Alignment 7 and 8: 1 944 | 506167 505223 | 944 945 --> 1 889 | 506167 505278 | 889 890
			Real Alignment 7: 1 1237 | 505277 504041 | 1237 1237 | 99.68 | pa_ill_pa_contig65 contig_152
			  Indel (> 5bp) between these two alignments: deletion of length 55; 0 mismatches (number of Ns: 0) [fragmentation of reference genome]
			Excluding internal overlap of size 55 between Alignment 8 and 9: 1 838 | 506113 506950 | 838 838 --> 56 838 | 506168 506950 | 783 783
			Real Alignment 8: 1 889 | 506167 505278 | 889 890 | 98.73 | pa_ill_pa_contig71 contig_152
			  Indel (> 5bp) between these two alignments: deletion of length 55; 0 mismatches (number of Ns: 0) [fragmentation of reference genome]
			Excluding internal overlap of size 136 between Alignment 9 and 10: 56 838 | 506168 506950 | 783 783 --> 56 702 | 506168 506814 | 647 647
			Real Alignment 9: 56 702 | 506168 506814 | 647 647 | 99.05 | pa_ill_pa_contig8 contig_152
			  Extensive misassembly (translocation) between these two alignments
			Excluding internal overlap of size 55 between Alignment 10 and 11: 1 1468 | 530748 532215 | 1468 1468 --> 56 1468 | 530803 532215 | 1413 1413
			Real Alignment 10: 1 23992 | 506815 530802 | 23992 23988 | 99.98 | pa_ill_pa_contig40 contig_152
			  Indel (> 5bp) between these two alignments: deletion of length 55; 0 mismatches (number of Ns: 0) [fragmentation of reference genome]
			Excluding internal overlap of size 55 between Alignment 11 and 12: 56 1468 | 530803 532215 | 1413 1413 --> 56 1413 | 530803 532160 | 1358 1358
			Real Alignment 11: 56 1413 | 530803 532160 | 1358 1358 | 99.93 | pa_ill_pa_contig62 contig_152
			  Indel (> 5bp) between these two alignments: deletion of length 55; 0 mismatches (number of Ns: 0) [fragmentation of reference genome]
			Excluding internal overlap of size 55 between Alignment 12 and 13: 1 927 | 588783 589709 | 927 927 --> 56 927 | 588838 589709 | 872 872
			Real Alignment 12: 1 56682 | 532161 588837 | 56682 56677 | 99.98 | pa_ill_pa_contig30 contig_152
			  Indel (> 5bp) between these two alignments: deletion of length 55; 0 mismatches (number of Ns: 0) [fragmentation of reference genome]
			Excluding internal overlap of size 55 between Alignment 13 and 14: 56 927 | 588838 589709 | 872 872 --> 56 872 | 588838 589654 | 817 817
			Real Alignment 13: 56 872 | 588838 589654 | 817 817 | 97.63 | pa_ill_pa_contig73 contig_152
			  Indel (> 5bp) between these two alignments: deletion of length 55; 0 mismatches (number of Ns: 0) [fragmentation of reference genome]
			Excluding internal overlap of size 55 between Alignment 14 and 15: 1 1492 | 794457 795948 | 1492 1492 --> 56 1492 | 794512 795948 | 1437 1437
			Real Alignment 14: 1 204999 | 794511 589655 | 204999 204857 | 99.92 | pa_ill_pa_contig12 contig_152
			  Indel (> 5bp) between these two alignments: deletion of length 55; 0 mismatches (number of Ns: 0) [fragmentation of reference genome]
			Excluding internal overlap of size 55 between Alignment 15 and 16: 56 1492 | 794512 795948 | 1437 1437 --> 56 1437 | 794512 795893 | 1382 1382
			Real Alignment 15: 56 1437 | 794512 795893 | 1382 1382 | 99.87 | pa_ill_pa_contig61 contig_152
			  Indel (> 5bp) between these two alignments: deletion of length 55; 0 mismatches (number of Ns: 0) [fragmentation of reference genome]
			Excluding internal overlap of size 55 between Alignment 16 and 17: 1 1258 | 903874 902618 | 1258 1257 --> 1 1203 | 903874 902673 | 1203 1202
			Real Alignment 16: 1 106796 | 795894 902672 | 106796 106779 | 99.98 | pa_ill_pa_contig21 contig_152
			  Indel (> 5bp) between these two alignments: deletion of length 55; 0 mismatches (number of Ns: 0) [fragmentation of reference genome]
			Excluding internal overlap of size 55 between Alignment 17 and 18: 1 1203 | 903874 902673 | 1203 1202 --> 56 1203 | 903819 902673 | 1148 1147
			Real Alignment 17: 56 1203 | 903819 902673 | 1148 1147 | 99.44 | pa_ill_pa_contig64 contig_152
			  Indel (> 5bp) between these two alignments: deletion of length 55; 0 mismatches (number of Ns: 0) [fragmentation of reference genome]
			Excluding internal overlap of size 381 between Alignment 18 and 19: 1 34671 | 903820 938525 | 34671 34706 --> 1 34328 | 903820 938144 | 34328 34325
			Real Alignment 18: 1 34328 | 903820 938144 | 34328 34325 | 99.85 | pa_ill_pa_contig15 contig_152
			  Overlap between these two alignments (local misassembly). Inconsistency = -93
			Excluding internal overlap of size 55 between Alignment 19 and 20: 1 690 | 1077616 1078305 | 690 690 --> 56 690 | 1077671 1078305 | 635 635
			Real Alignment 19: 34236 173697 | 938145 1077670 | 139462 139526 | 99.93 | pa_ill_pa_contig15 contig_152
			  Indel (> 5bp) between these two alignments: deletion of length 55; 0 mismatches (number of Ns: 0) [fragmentation of reference genome]
			Real Alignment 20: 56 690 | 1077671 1078305 | 635 635 | 100.0 | pa_ill_pa_contig76 contig_152
			  Not a misassembly [fragmentation of reference genome] between these two alignments
			Real Alignment 21: 1 1028 | 1079448 1078421 | 1028 1028 | 99.81 | pa_ill_pa_contig68 contig_152
			  Not a misassembly [fragmentation of reference genome] between these two alignments
			Excluding internal overlap of size 55 between Alignment 22 and 23: 1 647 | 1080204 1080850 | 647 647 --> 1 592 | 1080204 1080795 | 592 592
			Real Alignment 22: 1 592 | 1080204 1080795 | 592 592 | 100.0 | pa_ill_pa_contig77 contig_152
			  Indel (> 5bp) between these two alignments: deletion of length 55; 0 mismatches (number of Ns: 0) [fragmentation of reference genome]
			Real Alignment 23: 1 690 | 1080796 1081485 | 690 690 | 99.86 | pa_ill_pa_contig76 contig_152
			  Not a misassembly [fragmentation of reference genome] between these two alignments
			Excluding internal overlap of size 55 between Alignment 24 and 25: 1 1028 | 1082628 1081601 | 1028 1028 --> 56 1028 | 1082573 1081601 | 973 973
			Real Alignment 24: 56 1028 | 1082573 1081601 | 973 973 | 99.51 | pa_ill_pa_contig68 contig_152
			  Indel (> 5bp) between these two alignments: deletion of length 55; 0 mismatches (number of Ns: 0) [fragmentation of reference genome]
			Excluding internal overlap of size 55 between Alignment 25 and 26: 1 1661 | 1084235 1082574 | 1661 1662 --> 56 1661 | 1084180 1082574 | 1606 1607
			Real Alignment 25: 56 1661 | 1084180 1082574 | 1606 1607 | 99.94 | pa_ill_pa_contig59 contig_152
			  Indel (> 5bp) between these two alignments: deletion of length 55; 0 mismatches (number of Ns: 0) [fragmentation of reference genome]
			Excluding internal overlap of size 55 between Alignment 26 and 27: 1 1682 | 1084181 1085862 | 1682 1682 --> 1 1627 | 1084181 1085807 | 1627 1627
			Real Alignment 26: 1 1627 | 1084181 1085807 | 1627 1627 | 99.52 | pa_ill_pa_contig58 contig_152
			  Indel (> 5bp) between these two alignments: deletion of length 55; 0 mismatches (number of Ns: 0) [fragmentation of reference genome]
			Excluding internal overlap of size 55 between Alignment 27 and 28: 1 1682 | 1090722 1092403 | 1682 1682 --> 56 1682 | 1090777 1092403 | 1627 1627
			Real Alignment 27: 1 4971 | 1085808 1090776 | 4971 4969 | 99.96 | pa_ill_pa_contig46 contig_152
			  Indel (> 5bp) between these two alignments: deletion of length 55; 0 mismatches (number of Ns: 0) [fragmentation of reference genome]
			Excluding internal overlap of size 55 between Alignment 28 and 29: 56 1682 | 1090777 1092403 | 1627 1627 --> 56 1627 | 1090777 1092348 | 1572 1572
			Real Alignment 28: 56 1627 | 1090777 1092348 | 1572 1572 | 99.76 | pa_ill_pa_contig58 contig_152
			  Indel (> 5bp) between these two alignments: deletion of length 55; 0 mismatches (number of Ns: 0) [fragmentation of reference genome]
			Excluding internal overlap of size 55 between Alignment 29 and 30: 1 799 | 1095532 1096330 | 799 799 --> 56 799 | 1095587 1096330 | 744 744
			Real Alignment 29: 1 3238 | 1092349 1095586 | 3238 3238 | 100.0 | pa_ill_pa_contig50 contig_152
			  Indel (> 5bp) between these two alignments: deletion of length 55; 0 mismatches (number of Ns: 0) [fragmentation of reference genome]
			Real Alignment 30: 56 799 | 1095587 1096330 | 744 744 | 99.12 | pa_ill_pa_contig75 contig_152
			  Not a misassembly [fragmentation of reference genome] between these two alignments
			Excluding internal overlap of size 55 between Alignment 31 and 32: 1 799 | 1103110 1103908 | 799 799 --> 56 799 | 1103165 1103908 | 744 744
			Real Alignment 31: 1 6148 | 1103164 1097020 | 6148 6145 | 99.95 | pa_ill_pa_contig43 contig_152
			  Indel (> 5bp) between these two alignments: deletion of length 55; 0 mismatches (number of Ns: 0) [fragmentation of reference genome]
			Real Alignment 32: 56 799 | 1103165 1103908 | 744 744 | 98.62 | pa_ill_pa_contig75 contig_152
			  Not a misassembly [fragmentation of reference genome] between these two alignments
			Excluding internal overlap of size 55 between Alignment 33 and 34: 1 985 | 1172864 1173848 | 985 985 --> 56 985 | 1172919 1173848 | 930 930
			Real Alignment 33: 1 68331 | 1104598 1172918 | 68331 68321 | 99.98 | pa_ill_pa_contig28 contig_152
			  Indel (> 5bp) between these two alignments: deletion of length 55; 0 mismatches (number of Ns: 0) [fragmentation of reference genome]
			Excluding internal overlap of size 55 between Alignment 34 and 35: 56 985 | 1172919 1173848 | 930 930 --> 56 930 | 1172919 1173793 | 875 875
			Real Alignment 34: 56 930 | 1172919 1173793 | 875 875 | 98.48 | pa_ill_pa_contig69 contig_152
			  Indel (> 5bp) between these two alignments: deletion of length 55; 0 mismatches (number of Ns: 0) [fragmentation of reference genome]
			Excluding internal overlap of size 55 between Alignment 35 and 36: 1235 3722 | 1206988 1204501 | 2488 2488 --> 1235 3667 | 1206988 1204556 | 2433 2433
			Real Alignment 35: 1 30768 | 1204555 1173794 | 30768 30762 | 99.95 | pa_ill_pa_contig38 contig_152
			  Indel (> 5bp) between these two alignments: deletion of length 55; 0 mismatches (number of Ns: 0) [fragmentation of reference genome]
			Real Alignment 36: 1235 3667 | 1206988 1204556 | 2433 2433 | 99.4 | pa_ill_pa_contig48 contig_152
			  Gap between these two alignments (local misassembly). Inconsistency = 0
			Excluding internal overlap of size 55 between Alignment 37 and 38: 1 1079 | 1208222 1207144 | 1079 1079 --> 56 1079 | 1208167 1207144 | 1024 1024
			Real Alignment 37: 56 1079 | 1208167 1207144 | 1024 1024 | 99.54 | pa_ill_pa_contig48 contig_152
			  Indel (> 5bp) between these two alignments: deletion of length 55; 0 mismatches (number of Ns: 0) [fragmentation of reference genome]
			Excluding internal overlap of size 55 between Alignment 38 and 39: 1 3064 | 1217761 1214699 | 3064 3063 --> 1 3009 | 1217761 1214754 | 3009 3008
			Real Alignment 38: 1 6590 | 1208168 1214753 | 6590 6586 | 99.76 | pa_ill_pa_contig42 contig_152
			  Indel (> 5bp) between these two alignments: deletion of length 55; 0 mismatches (number of Ns: 0) [fragmentation of reference genome]
			Excluding internal overlap of size 55 between Alignment 39 and 40: 1 3009 | 1217761 1214754 | 3009 3008 --> 56 3009 | 1217706 1214754 | 2954 2953
			Real Alignment 39: 56 3009 | 1217706 1214754 | 2954 2953 | 99.25 | pa_ill_pa_contig51 contig_152
			  Indel (> 5bp) between these two alignments: deletion of length 55; 0 mismatches (number of Ns: 0) [fragmentation of reference genome]
			Excluding internal overlap of size 55 between Alignment 40 and 41: 1 603 | 1245047 1244445 | 603 603 --> 1 548 | 1245047 1244500 | 548 548
			Real Alignment 40: 1 26794 | 1217707 1244499 | 26794 26793 | 99.99 | pa_ill_pa_contig39 contig_152
			  Indel (> 5bp) between these two alignments: deletion of length 55; 0 mismatches (number of Ns: 0) [fragmentation of reference genome]
			Excluding internal overlap of size 55 between Alignment 41 and 42: 1 548 | 1245047 1244500 | 548 548 --> 56 548 | 1244992 1244500 | 493 493
			Real Alignment 41: 56 548 | 1244992 1244500 | 493 493 | 100.0 | pa_ill_pa_contig79 contig_152
			  Indel (> 5bp) between these two alignments: deletion of length 55; 0 mismatches (number of Ns: 0) [fragmentation of reference genome]
			Excluding internal overlap of size 55 between Alignment 42 and 43: 1 944 | 1503488 1504430 | 944 943 --> 56 944 | 1503543 1504430 | 889 888
			Real Alignment 42: 1 258570 | 1503542 1244993 | 258570 258550 | 99.98 | pa_ill_pa_contig8 contig_152
			  Indel (> 5bp) between these two alignments: deletion of length 55; 0 mismatches (number of Ns: 0) [fragmentation of reference genome]
			Excluding internal overlap of size 55 between Alignment 43 and 44: 56 944 | 1503543 1504430 | 889 888 --> 56 889 | 1503543 1504375 | 834 833
			Real Alignment 43: 56 889 | 1503543 1504375 | 834 833 | 99.26 | pa_ill_pa_contig71 contig_152
			  Indel (> 5bp) between these two alignments: deletion of length 55; 0 mismatches (number of Ns: 0) [fragmentation of reference genome]
			Excluding internal overlap of size 55 between Alignment 44 and 45: 1 602 | 1506159 1505558 | 602 602 --> 1 547 | 1506159 1505613 | 547 547
			Real Alignment 44: 1 1237 | 1504376 1505612 | 1237 1237 | 95.64 | pa_ill_pa_contig65 contig_152
			  Indel (> 5bp) between these two alignments: deletion of length 55; 0 mismatches (number of Ns: 0) [fragmentation of reference genome]
			Excluding internal overlap of size 55 between Alignment 45 and 46: 1 547 | 1506159 1505613 | 547 547 --> 56 547 | 1506104 1505613 | 492 492
			Real Alignment 45: 56 547 | 1506104 1505613 | 492 492 | 99.17 | pa_ill_pa_contig80 contig_152
			  Indel (> 5bp) between these two alignments: deletion of length 55; 0 mismatches (number of Ns: 0) [fragmentation of reference genome]
			Excluding internal overlap of size 55 between Alignment 46 and 47: 1 1197 | 1698563 1697367 | 1197 1197 --> 1 1142 | 1698563 1697422 | 1142 1142
			Real Alignment 46: 1 191344 | 1506105 1697421 | 191344 191317 | 99.98 | pa_ill_pa_contig13 contig_152
			  Indel (> 5bp) between these two alignments: deletion of length 55; 0 mismatches (number of Ns: 0) [fragmentation of reference genome]
			Excluding internal overlap of size 16 between Alignment 47 and 48: 1 1142 | 1698563 1697422 | 1142 1142 --> 17 1142 | 1698547 1697422 | 1126 1126
			Real Alignment 47: 17 1142 | 1698547 1697422 | 1126 1126 | 99.83 | pa_ill_pa_contig67 contig_152
			  Indel (> 5bp) between these two alignments: deletion of length 16; 0 mismatches (number of Ns: 0) [fragmentation of reference genome]
			Excluding internal overlap of size 55 between Alignment 48 and 49: 1 86455 | 1698548 1784986 | 86455 86439 --> 1 86400 | 1698548 1784931 | 86400 86384
			Real Alignment 48: 1 86400 | 1698548 1784931 | 86400 86384 | 99.98 | pa_ill_pa_contig25 contig_152
			  Extensive misassembly (translocation) between these two alignments
			Real Alignment 49: 161 249467 | 1784932 2034215 | 249307 249284 | 99.98 | pa_ill_pa_contig9 contig_152
			  Not a misassembly [fragmentation of reference genome] between these two alignments
			Real Alignment 50: 1 2531 | 2037110 2034580 | 2531 2531 | 99.84 | pa_ill_pa_contig53 contig_152
			  Not a misassembly [fragmentation of reference genome] between these two alignments
			Excluding internal overlap of size 55 between Alignment 51 and 52: 1 623 | 2038734 2038112 | 623 623 --> 1 568 | 2038734 2038167 | 568 568
			Real Alignment 51: 1 929 | 2038166 2037238 | 929 929 | 99.35 | pa_ill_pa_contig72 contig_152
			  Indel (> 5bp) between these two alignments: deletion of length 55; 0 mismatches (number of Ns: 0) [fragmentation of reference genome]
			Excluding internal overlap of size 55 between Alignment 52 and 53: 1 568 | 2038734 2038167 | 568 568 --> 56 568 | 2038679 2038167 | 513 513
			Real Alignment 52: 56 568 | 2038679 2038167 | 513 513 | 97.75 | pa_ill_pa_contig78 contig_152
			  Indel (> 5bp) between these two alignments: deletion of length 55; 0 mismatches (number of Ns: 0) [fragmentation of reference genome]
			Excluding internal overlap of size 55 between Alignment 53 and 54: 1 539 | 2042937 2042401 | 539 537 --> 1 482 | 2042937 2042456 | 482 482
			Real Alignment 53: 1 3774 | 2038680 2042455 | 3774 3776 | 90.1 | pa_ill_pa_contig47 contig_152
			  Indel (> 5bp) between these two alignments: deletion of length 57; 0 mismatches (number of Ns: 0) [fragmentation of reference genome]
			Excluding internal overlap of size 55 between Alignment 54 and 55: 1 482 | 2042937 2042456 | 482 482 --> 56 482 | 2042882 2042456 | 427 427
			Real Alignment 54: 56 482 | 2042882 2042456 | 427 427 | 97.96 | pa_ill_pa_contig84 contig_152
			  Indel (> 5bp) between these two alignments: deletion of length 55; 0 mismatches (number of Ns: 0) [fragmentation of reference genome]
			Real Alignment 55: 1 121067 | 2163941 2042883 | 121067 121059 | 99.99 | pa_ill_pa_contig17 contig_152
			  Not a misassembly [fragmentation of reference genome] between these two alignments
			Excluding internal overlap of size 55 between Alignment 56 and 57: 1 1258 | 2221408 2220151 | 1258 1258 --> 1 1203 | 2221408 2220206 | 1203 1203
			Real Alignment 56: 1 56007 | 2164203 2220205 | 56007 56003 | 99.98 | pa_ill_pa_contig32 contig_152
			  Indel (> 5bp) between these two alignments: deletion of length 55; 0 mismatches (number of Ns: 0) [fragmentation of reference genome]
			Excluding internal overlap of size 55 between Alignment 57 and 58: 1 1203 | 2221408 2220206 | 1203 1203 --> 56 1203 | 2221353 2220206 | 1148 1148
			Real Alignment 57: 56 1203 | 2221353 2220206 | 1148 1148 | 99.84 | pa_ill_pa_contig64 contig_152
			  Indel (> 5bp) between these two alignments: deletion of length 55; 0 mismatches (number of Ns: 0) [fragmentation of reference genome]
			Excluding internal overlap of size 303 between Alignment 58 and 59: 1 247386 | 2763533 2516194 | 247386 247340 --> 1 247083 | 2763533 2516497 | 247083 247037
			Real Alignment 58: 247199 542364 | 2516496 2221354 | 295166 295143 | 99.99 | pa_ill_pa_contig2 contig_152
			  Gap between these two alignments (local misassembly). Inconsistency = 115
			Excluding internal overlap of size 55 between Alignment 59 and 60: 1 539 | 2763479 2764017 | 539 539 --> 56 539 | 2763534 2764017 | 484 484
			Real Alignment 59: 1 247083 | 2763533 2516497 | 247083 247037 | 99.98 | pa_ill_pa_contig2 contig_152
			  Indel (> 5bp) between these two alignments: deletion of length 55; 0 mismatches (number of Ns: 0) [fragmentation of reference genome]
			Excluding internal overlap of size 55 between Alignment 60 and 61: 56 539 | 2763534 2764017 | 484 484 --> 56 484 | 2763534 2763962 | 429 429
			Real Alignment 60: 56 484 | 2763534 2763962 | 429 429 | 98.52 | pa_ill_pa_contig84 contig_152
			  Indel (> 5bp) between these two alignments: deletion of length 55; 0 mismatches (number of Ns: 0) [fragmentation of reference genome]
			Excluding internal overlap of size 55 between Alignment 61 and 62: 1 623 | 2767682 2768304 | 623 623 --> 56 623 | 2767737 2768304 | 568 568
			Real Alignment 61: 1 3774 | 2767736 2763963 | 3774 3774 | 100.0 | pa_ill_pa_contig47 contig_152
			  Indel (> 5bp) between these two alignments: deletion of length 55; 0 mismatches (number of Ns: 0) [fragmentation of reference genome]
			Excluding internal overlap of size 55 between Alignment 62 and 63: 56 623 | 2767737 2768304 | 568 568 --> 56 568 | 2767737 2768249 | 513 513
			Real Alignment 62: 56 568 | 2767737 2768249 | 513 513 | 100.0 | pa_ill_pa_contig78 contig_152
			  Indel (> 5bp) between these two alignments: deletion of length 55; 0 mismatches (number of Ns: 0) [fragmentation of reference genome]
			Real Alignment 63: 1 929 | 2768250 2769179 | 929 930 | 98.39 | pa_ill_pa_contig72 contig_152
			  Not a misassembly [fragmentation of reference genome] between these two alignments
			Real Alignment 64: 1 2549 | 2769307 2771855 | 2549 2549 | 100.0 | pa_ill_pa_contig52 contig_152
			  Not a misassembly [fragmentation of reference genome] between these two alignments
			Excluding internal overlap of size 55 between Alignment 65 and 66: 1 1468 | 3176418 3177886 | 1468 1469 --> 56 1468 | 3176473 3177886 | 1413 1414
			Real Alignment 65: 1 404310 | 3176472 2772214 | 404310 404259 | 99.98 | pa_ill_pa_contig4 contig_152
			  Indel (> 5bp) between these two alignments: deletion of length 55; 0 mismatches (number of Ns: 0) [fragmentation of reference genome]
			Excluding internal overlap of size 55 between Alignment 66 and 67: 56 1468 | 3176473 3177886 | 1413 1414 --> 56 1413 | 3176473 3177831 | 1358 1359
			Real Alignment 66: 56 1413 | 3176473 3177831 | 1358 1359 | 99.93 | pa_ill_pa_contig62 contig_152
			  Indel (> 5bp) between these two alignments: deletion of length 55; 0 mismatches (number of Ns: 0) [fragmentation of reference genome]
			Real Alignment 67: 1 122468 | 3177832 3300278 | 122468 122447 | 99.98 | pa_ill_pa_contig16 contig_152
			  Not a misassembly [fragmentation of reference genome] between these two alignments
			Excluding internal overlap of size 55 between Alignment 68 and 69: 1 603 | 3354511 3353909 | 603 603 --> 1 548 | 3354511 3353964 | 548 548
			Real Alignment 68: 1 53273 | 3353963 3300693 | 53273 53271 | 99.99 | pa_ill_pa_contig33 contig_152
			  Indel (> 5bp) between these two alignments: deletion of length 55; 0 mismatches (number of Ns: 0) [fragmentation of reference genome]
			Excluding internal overlap of size 55 between Alignment 69 and 70: 1 548 | 3354511 3353964 | 548 548 --> 56 548 | 3354456 3353964 | 493 493
			Real Alignment 69: 56 548 | 3354456 3353964 | 493 493 | 100.0 | pa_ill_pa_contig79 contig_152
			  Indel (> 5bp) between these two alignments: deletion of length 55; 0 mismatches (number of Ns: 0) [fragmentation of reference genome]
			Excluding internal overlap of size 242 between Alignment 70 and 71: 41099 76514 | 3389868 3354457 | 35416 35412 --> 41341 76514 | 3389626 3354457 | 35174 35170
			Real Alignment 70: 41341 76514 | 3389626 3354457 | 35174 35170 | 99.96 | pa_ill_pa_contig26 contig_152
			  Gap between these two alignments (local misassembly). Inconsistency = 112
			Excluding internal overlap of size 76 between Alignment 71 and 72: 1 846 | 3431613 3430774 | 846 840 --> 1 770 | 3431613 3430850 | 770 764
			Real Alignment 71: 1 41228 | 3430849 3389627 | 41228 41223 | 99.96 | pa_ill_pa_contig26 contig_152
			  Extensive misassembly (translocation) between these two alignments
			Excluding internal overlap of size 55 between Alignment 72 and 73: 1 770 | 3431613 3430850 | 770 764 --> 56 770 | 3431558 3430850 | 715 709
			Real Alignment 72: 56 770 | 3431558 3430850 | 715 709 | 90.05 | pa_ill_pa_contig20 contig_152
			  Indel (> 5bp) between these two alignments: deletion of length 55; 0 mismatches (number of Ns: 0) [fragmentation of reference genome]
			Excluding internal overlap of size 55 between Alignment 73 and 74: 1 5507 | 3437063 3431559 | 5507 5505 --> 56 5507 | 3437008 3431559 | 5452 5450
			Real Alignment 73: 56 5507 | 3437008 3431559 | 5452 5450 | 99.8 | pa_ill_pa_contig45 contig_152
			  Indel (> 5bp) between these two alignments: deletion of length 55; 0 mismatches (number of Ns: 0) [fragmentation of reference genome]
			Excluding internal overlap of size 55 between Alignment 74 and 75: 1 5713 | 3511069 3505360 | 5713 5710 --> 1 5658 | 3511069 3505415 | 5658 5655
			Real Alignment 74: 1 68413 | 3437009 3505414 | 68413 68406 | 99.98 | pa_ill_pa_contig27 contig_152
			  Indel (> 5bp) between these two alignments: deletion of length 55; 0 mismatches (number of Ns: 0) [fragmentation of reference genome]
			Excluding internal overlap of size 55 between Alignment 75 and 76: 1 5658 | 3511069 3505415 | 5658 5655 --> 56 5658 | 3511014 3505415 | 5603 5600
			Real Alignment 75: 56 5658 | 3511014 3505415 | 5603 5600 | 99.89 | pa_ill_pa_contig44 contig_152
			  Indel (> 5bp) between these two alignments: deletion of length 55; 0 mismatches (number of Ns: 0) [fragmentation of reference genome]
			Excluding internal overlap of size 55 between Alignment 76 and 77: 1 1197 | 3598938 3600134 | 1197 1197 --> 56 1197 | 3598993 3600134 | 1142 1142
			Real Alignment 76: 1 87995 | 3598992 3511015 | 87995 87978 | 99.98 | pa_ill_pa_contig24 contig_152
			  Indel (> 5bp) between these two alignments: deletion of length 55; 0 mismatches (number of Ns: 0) [fragmentation of reference genome]
			Excluding internal overlap of size 55 between Alignment 77 and 78: 56 1197 | 3598993 3600134 | 1142 1142 --> 56 1142 | 3598993 3600079 | 1087 1087
			Real Alignment 77: 56 1142 | 3598993 3600079 | 1087 1087 | 99.75 | pa_ill_pa_contig67 contig_152
			  Indel (> 5bp) between these two alignments: deletion of length 55; 0 mismatches (number of Ns: 0) [fragmentation of reference genome]
			Excluding internal overlap of size 55 between Alignment 78 and 79: 1 927 | 3894589 3895515 | 927 927 --> 56 927 | 3894644 3895515 | 872 872
			Real Alignment 78: 1 294591 | 3600080 3894643 | 294591 294564 | 99.98 | pa_ill_pa_contig5 contig_152
			  Indel (> 5bp) between these two alignments: deletion of length 55; 0 mismatches (number of Ns: 0) [fragmentation of reference genome]
			Excluding internal overlap of size 55 between Alignment 79 and 80: 56 927 | 3894644 3895515 | 872 872 --> 56 872 | 3894644 3895460 | 817 817
			Real Alignment 79: 56 872 | 3894644 3895460 | 817 817 | 99.89 | pa_ill_pa_contig73 contig_152
			  Indel (> 5bp) between these two alignments: deletion of length 55; 0 mismatches (number of Ns: 0) [fragmentation of reference genome]
			Real Alignment 80: 1 35776 | 3895461 3931233 | 35776 35773 | 99.96 | pa_ill_pa_contig37 contig_152
			  Not a misassembly [fragmentation of reference genome] between these two alignments
			Excluding internal overlap of size 55 between Alignment 81 and 82: 1 2207 | 3934308 3932103 | 2207 2206 --> 56 2207 | 3934253 3932103 | 2152 2151
			Real Alignment 81: 56 2207 | 3934253 3932103 | 2152 2151 | 99.77 | pa_ill_pa_contig55 contig_152
			  Indel (> 5bp) between these two alignments: deletion of length 55; 0 mismatches (number of Ns: 0) [fragmentation of reference genome]
			Excluding internal overlap of size 128 between Alignment 82 and 83: 1 1874 | 4166669 4168542 | 1874 1874 --> 129 1874 | 4166797 4168542 | 1746 1746
			Real Alignment 82: 1 232544 | 3934254 4166796 | 232544 232543 | 99.97 | pa_ill_pa_contig10 contig_152
			  Extensive misassembly (translocation) between these two alignments
			Excluding internal overlap of size 156 between Alignment 83 and 84: 129 1874 | 4166797 4168542 | 1746 1746 --> 129 1718 | 4166797 4168386 | 1590 1590
			Real Alignment 83: 129 1718 | 4166797 4168386 | 1590 1590 | 100.0 | pa_ill_pa_contig57 contig_152
			  Extensive misassembly (translocation) between these two alignments
			Excluding internal overlap of size 55 between Alignment 84 and 85: 1235 3722 | 4175844 4173357 | 2488 2488 --> 1235 3667 | 4175844 4173412 | 2433 2433
			Real Alignment 84: 232388 237415 | 4168387 4173411 | 5028 5025 | 99.92 | pa_ill_pa_contig10 contig_152
			  Indel (> 5bp) between these two alignments: deletion of length 55; 0 mismatches (number of Ns: 0) [fragmentation of reference genome]
			Real Alignment 85: 1235 3667 | 4175844 4173412 | 2433 2433 | 99.6 | pa_ill_pa_contig48 contig_152
			  Gap between these two alignments (local misassembly). Inconsistency = 0
			Excluding internal overlap of size 55 between Alignment 86 and 87: 1 956 | 4177024 4177978 | 956 955 --> 56 956 | 4177079 4177978 | 901 900
			Real Alignment 86: 1 1079 | 4177078 4176000 | 1079 1079 | 99.81 | pa_ill_pa_contig48 contig_152
			  Indel (> 5bp) between these two alignments: deletion of length 55; 0 mismatches (number of Ns: 0) [fragmentation of reference genome]
			Excluding internal overlap of size 55 between Alignment 87 and 88: 56 956 | 4177079 4177978 | 901 900 --> 56 901 | 4177079 4177923 | 846 845
			Real Alignment 87: 56 901 | 4177079 4177923 | 846 845 | 99.9 | pa_ill_pa_contig70 contig_152
			  Indel (> 5bp) between these two alignments: deletion of length 55; 0 mismatches (number of Ns: 0) [fragmentation of reference genome]
			Excluding internal overlap of size 55 between Alignment 88 and 89: 1 3064 | 4180987 4177924 | 3064 3064 --> 56 3064 | 4180932 4177924 | 3009 3009
			Real Alignment 88: 56 3064 | 4180932 4177924 | 3009 3009 | 99.71 | pa_ill_pa_contig51 contig_152
			  Indel (> 5bp) between these two alignments: deletion of length 55; 0 mismatches (number of Ns: 0) [fragmentation of reference genome]
			Excluding internal overlap of size 425 between Alignment 89 and 90: 1 93281 | 4391683 4298407 | 93281 93277 --> 1 92856 | 4391683 4298832 | 92856 92852
			Real Alignment 89: 92967 210873 | 4298831 4180933 | 117907 117899 | 99.98 | pa_ill_pa_contig11 contig_152
			  Gap between these two alignments (local misassembly). Inconsistency = 110
			Excluding internal overlap of size 55 between Alignment 90 and 91: 1 985 | 4391629 4392613 | 985 985 --> 56 985 | 4391684 4392613 | 930 930
			Real Alignment 90: 1 92856 | 4391683 4298832 | 92856 92852 | 99.98 | pa_ill_pa_contig11 contig_152
			  Indel (> 5bp) between these two alignments: deletion of length 55; 0 mismatches (number of Ns: 0) [fragmentation of reference genome]
			Excluding internal overlap of size 55 between Alignment 91 and 92: 56 985 | 4391684 4392613 | 930 930 --> 56 930 | 4391684 4392558 | 875 875
			Real Alignment 91: 56 930 | 4391684 4392558 | 875 875 | 99.49 | pa_ill_pa_contig69 contig_152
			  Indel (> 5bp) between these two alignments: deletion of length 55; 0 mismatches (number of Ns: 0) [fragmentation of reference genome]
			Excluding internal overlap of size 55 between Alignment 92 and 93: 1 5713 | 4441472 4447184 | 5713 5713 --> 56 5713 | 4441527 4447184 | 5658 5658
			Real Alignment 92: 1 48969 | 4392559 4441526 | 48969 48968 | 99.98 | pa_ill_pa_contig34 contig_152
			  Indel (> 5bp) between these two alignments: deletion of length 55; 0 mismatches (number of Ns: 0) [fragmentation of reference genome]
			Excluding internal overlap of size 55 between Alignment 93 and 94: 56 5713 | 4441527 4447184 | 5658 5658 --> 56 5658 | 4441527 4447129 | 5603 5603
			Real Alignment 93: 56 5658 | 4441527 4447129 | 5603 5603 | 99.93 | pa_ill_pa_contig44 contig_152
			  Indel (> 5bp) between these two alignments: deletion of length 55; 0 mismatches (number of Ns: 0) [fragmentation of reference genome]
			Real Alignment 94: 1 106324 | 4553450 4447130 | 106324 106321 | 99.98 | pa_ill_pa_contig22 contig_152
			  Not a misassembly [fragmentation of reference genome] between these two alignments
			Excluding internal overlap of size 55 between Alignment 95 and 96: 1 1197 | 4643915 4645111 | 1197 1197 --> 56 1197 | 4643970 4645111 | 1142 1142
			Real Alignment 95: 1 90153 | 4643969 4553826 | 90153 90144 | 99.99 | pa_ill_pa_contig23 contig_152
			  Indel (> 5bp) between these two alignments: deletion of length 55; 0 mismatches (number of Ns: 0) [fragmentation of reference genome]
			Excluding internal overlap of size 55 between Alignment 96 and 97: 56 1197 | 4643970 4645111 | 1142 1142 --> 56 1142 | 4643970 4645056 | 1087 1087
			Real Alignment 96: 56 1142 | 4643970 4645056 | 1087 1087 | 99.83 | pa_ill_pa_contig67 contig_152
			  Indel (> 5bp) between these two alignments: deletion of length 55; 0 mismatches (number of Ns: 0) [fragmentation of reference genome]
			Excluding internal overlap of size 55 between Alignment 97 and 98: 1 2514 | 5110623 5113136 | 2514 2514 --> 56 2514 | 5110678 5113136 | 2459 2459
			Real Alignment 97: 1 465790 | 4645057 5110677 | 465790 465621 | 99.96 | pa_ill_pa_contig3 contig_152
			  Indel (> 5bp) between these two alignments: deletion of length 55; 0 mismatches (number of Ns: 0) [fragmentation of reference genome]
			Excluding internal overlap of size 55 between Alignment 98 and 99: 1 561 | 5113642 5113082 | 561 561 --> 1 506 | 5113642 5113137 | 506 506
			Real Alignment 98: 56 2514 | 5110678 5113136 | 2459 2459 | 99.68 | pa_ill_pa_contig54 contig_152
			  Indel (> 5bp) between these two alignments: deletion of length 55; 0 mismatches (number of Ns: 0) [fragmentation of reference genome]
			Excluding internal overlap of size 55 between Alignment 99 and 100: 1 506 | 5113642 5113137 | 506 506 --> 56 506 | 5113587 5113137 | 451 451
			Real Alignment 99: 56 506 | 5113587 5113137 | 451 451 | 100.0 | pa_ill_pa_contig83 contig_152
			  Indel (> 5bp) between these two alignments: deletion of length 55; 0 mismatches (number of Ns: 0) [fragmentation of reference genome]
			Real Alignment 100: 1 868 | 5113588 5114455 | 868 868 | 99.54 | pa_ill_pa_contig74 contig_152
			  Not a misassembly [fragmentation of reference genome] between these two alignments
			Excluding internal overlap of size 55 between Alignment 101 and 102: 1 5713 | 5234202 5239914 | 5713 5713 --> 56 5713 | 5234257 5239914 | 5658 5658
			Real Alignment 101: 1 119004 | 5115259 5234256 | 119004 118998 | 99.98 | pa_ill_pa_contig18 contig_152
			  Indel (> 5bp) between these two alignments: deletion of length 55; 0 mismatches (number of Ns: 0) [fragmentation of reference genome]
			Excluding internal overlap of size 55 between Alignment 102 and 103: 1 1339 | 5239860 5241198 | 1339 1339 --> 56 1339 | 5239915 5241198 | 1284 1284
			Real Alignment 102: 56 5713 | 5234257 5239914 | 5658 5658 | 100.0 | pa_ill_pa_contig44 contig_152
			  Indel (> 5bp) between these two alignments: deletion of length 55; 0 mismatches (number of Ns: 0) [fragmentation of reference genome]
			Excluding internal overlap of size 446 between Alignment 103 and 104: 56 1339 | 5239915 5241198 | 1284 1284 --> 56 893 | 5239915 5240752 | 838 838
			Real Alignment 103: 56 893 | 5239915 5240752 | 838 838 | 100.0 | pa_ill_pa_contig63 contig_152
			  Extensive misassembly (translocation) between these two alignments
			Excluding internal overlap of size 55 between Alignment 104 and 105: 1 1405 | 5242157 5240753 | 1405 1405 --> 56 1405 | 5242102 5240753 | 1350 1350
			Real Alignment 104: 56 1405 | 5242102 5240753 | 1350 1350 | 90.74 | pa_ill_pa_contig12 contig_152
			  Indel (> 5bp) between these two alignments: deletion of length 55; 0 mismatches (number of Ns: 0) [fragmentation of reference genome]
			Excluding internal overlap of size 55 between Alignment 105 and 106: 1 1492 | 5242103 5243594 | 1492 1492 --> 1 1437 | 5242103 5243539 | 1437 1437
			Real Alignment 105: 1 1437 | 5242103 5243539 | 1437 1437 | 100.0 | pa_ill_pa_contig61 contig_152
			  Indel (> 5bp) between these two alignments: deletion of length 55; 0 mismatches (number of Ns: 0) [fragmentation of reference genome]
			Real Alignment 106: 1 21904 | 5243540 5265442 | 21904 21903 | 100.0 | pa_ill_pa_contig41 contig_152
			  Not a misassembly [fragmentation of reference genome] between these two alignments
			Excluding internal overlap of size 55 between Alignment 107 and 108: 1 561 | 5266916 5267476 | 561 561 --> 56 561 | 5266971 5267476 | 506 506
			Real Alignment 107: 1 868 | 5266970 5266097 | 868 874 | 98.4 | pa_ill_pa_contig74 contig_152
			  Indel (> 5bp) between these two alignments: deletion of length 55; 0 mismatches (number of Ns: 0) [fragmentation of reference genome]
			Excluding internal overlap of size 55 between Alignment 108 and 109: 56 561 | 5266971 5267476 | 506 506 --> 56 506 | 5266971 5267421 | 451 451
			Real Alignment 108: 56 506 | 5266971 5267421 | 451 451 | 95.37 | pa_ill_pa_contig83 contig_152
			  Indel (> 5bp) between these two alignments: deletion of length 55; 0 mismatches (number of Ns: 0) [fragmentation of reference genome]
			Excluding internal overlap of size 55 between Alignment 109 and 110: 1 2514 | 5269936 5267422 | 2514 2515 --> 56 2514 | 5269881 5267422 | 2459 2460
			Real Alignment 109: 56 2514 | 5269881 5267422 | 2459 2460 | 99.6 | pa_ill_pa_contig54 contig_152
			  Indel (> 5bp) between these two alignments: deletion of length 55; 0 mismatches (number of Ns: 0) [fragmentation of reference genome]
			Real Alignment 110: 132 56432 | 5326174 5269882 | 56301 56293 | 99.92 | pa_ill_pa_contig31 contig_152
			  Gap between these two alignments (local misassembly). Inconsistency = -483
			Real Alignment 111: 3 591 | 5326786 5326198 | 589 589 | 94.06 | pa_ill_pa_contig31 contig_152
			  Gap between these two alignments (local misassembly). Inconsistency = 2 [fragmentation of reference genome]
			Excluding internal overlap of size 10 between Alignment 112 and 113: 1 493 | 5327761 5328253 | 493 493 --> 1 483 | 5327761 5328243 | 483 483
			Real Alignment 112: 1 483 | 5327761 5328243 | 483 483 | 97.57 | pa_ill_pa_contig14 contig_152
			  Overlap between these two alignments (local misassembly). Inconsistency = -483
			Real Alignment 113: 1 187635 | 5328244 5515865 | 187635 187622 | 99.99 | pa_ill_pa_contig14 contig_152
			  Not a misassembly [fragmentation of reference genome] between these two alignments
			Real Alignment 114: 1 123 | 5515912 5516034 | 123 123 | 99.19 | pa_ill_pa_contig7 contig_152
			  Gap between these two alignments (local misassembly). Inconsistency = -342
			Real Alignment 115: 1 77 | 5516254 5516330 | 77 77 | 98.7 | pa_ill_pa_contig7 contig_152
			  Gap between these two alignments (local misassembly). Inconsistency = -456
			Real Alignment 116: 1 265097 | 5516710 5781788 | 265097 265079 | 99.98 | pa_ill_pa_contig7 contig_152
			  Not a misassembly [fragmentation of reference genome] between these two alignments
			Real Alignment 117: 1 1538 | 5782239 5783776 | 1538 1538 | 100.0 | pa_ill_pa_contig60 contig_152
			  Not a misassembly [fragmentation of reference genome] between these two alignments
			Real Alignment 118: 1 3511 | 5787661 5784149 | 3511 3513 | 99.94 | pa_ill_pa_contig49 contig_152
			  Not a misassembly [fragmentation of reference genome] between these two alignments
			Excluding internal overlap of size 55 between Alignment 119 and 120: 1 5713 | 5826336 5832050 | 5713 5715 --> 56 5713 | 5826391 5832050 | 5658 5660
			Real Alignment 119: 1 38146 | 5788250 5826390 | 38146 38141 | 99.98 | pa_ill_pa_contig36 contig_152
			  Indel (> 5bp) between these two alignments: deletion of length 55; 0 mismatches (number of Ns: 0) [fragmentation of reference genome]
			Excluding internal overlap of size 55 between Alignment 120 and 121: 56 5713 | 5826391 5832050 | 5658 5660 --> 56 5658 | 5826391 5831995 | 5603 5605
			Real Alignment 120: 56 5658 | 5826391 5831995 | 5603 5605 | 99.95 | pa_ill_pa_contig44 contig_152
			  Indel (> 5bp) between these two alignments: deletion of length 55; 0 mismatches (number of Ns: 0) [fragmentation of reference genome]
			Excluding internal overlap of size 55 between Alignment 121 and 122: 1 1197 | 5894848 5893652 | 1197 1197 --> 1 1142 | 5894848 5893707 | 1142 1142
			Real Alignment 121: 1 61716 | 5831996 5893706 | 61716 61711 | 99.98 | pa_ill_pa_contig29 contig_152
			  Indel (> 5bp) between these two alignments: deletion of length 55; 0 mismatches (number of Ns: 0) [fragmentation of reference genome]
			Excluding internal overlap of size 55 between Alignment 122 and 123: 1 1142 | 5894848 5893707 | 1142 1142 --> 56 1142 | 5894793 5893707 | 1087 1087
			Real Alignment 122: 56 1142 | 5894793 5893707 | 1087 1087 | 99.08 | pa_ill_pa_contig67 contig_152
			  Indel (> 5bp) between these two alignments: deletion of length 55; 0 mismatches (number of Ns: 0) [fragmentation of reference genome]
			Excluding internal overlap of size 55 between Alignment 123 and 124: 1 2207 | 6742343 6744550 | 2207 2208 --> 56 2207 | 6742398 6744550 | 2152 2153
			Real Alignment 123: 1 847683 | 6742397 5894794 | 847683 847604 | 99.98 | pa_ill_pa_contig1 contig_152
			  Indel (> 5bp) between these two alignments: deletion of length 55; 0 mismatches (number of Ns: 0) [fragmentation of reference genome]
			Real Alignment 124: 56 2207 | 6742398 6744550 | 2152 2153 | 99.46 | pa_ill_pa_contig55 contig_152
			  Not a misassembly [fragmentation of reference genome] between these two alignments
			Real Alignment 125: 721 47071 | 6791577 6745228 | 46351 46350 | 99.99 | pa_ill_pa_contig35 contig_152
		Unaligned bases: 11362

CONTIG: contig_11 (4764761bp)
Best alignment score: 513.0 (LEN: 564, IDY: 90.96), Total number of alignments: 97
			Looking for the best set of alignments (out of 97 total alignments)
			Skipping redundant alignments after choosing the best set of alignments
		Skipping redundant alignment 163 238 | 423028 422953 | 76 76 | 100.0 | pa_ill_pa_contig9 contig_11
		Skipping redundant alignment 3 78 | 423028 422953 | 76 76 | 100.0 | pa_ill_pa_contig9 contig_11
		Skipping redundant alignment 323 399 | 423028 422952 | 77 77 | 100.0 | pa_ill_pa_contig9 contig_11
		Skipping redundant alignment 28781 28858 | 422951 423028 | 78 78 | 100.0 | pa_ill_pa_contig8 contig_11
		Skipping redundant alignment 65010 65101 | 2967447 2967538 | 92 92 | 91.3 | pa_ill_pa_contig27 contig_11
		Skipping redundant alignment 84045 84229 | 4759293 4759477 | 185 185 | 91.35 | pa_ill_pa_contig13 contig_11
		Skipping redundant alignment 48505 48596 | 2967447 2967538 | 92 92 | 91.3 | pa_ill_pa_contig27 contig_11
		Skipping redundant alignment 321 398 | 2760807 2760884 | 78 78 | 100.0 | pa_ill_pa_contig9 contig_11
		Skipping redundant alignment 161 238 | 2760807 2760884 | 78 78 | 100.0 | pa_ill_pa_contig9 contig_11
		Skipping redundant alignment 161 240 | 2760919 2760998 | 80 80 | 100.0 | pa_ill_pa_contig9 contig_11
		This contig has several significant sets of alignments. [An ambiguously mapped contig]
		Using only the very best set (option --ambiguity-usage is set to "one").
			The best set is below. Score: 12169.7, number of alignments: 87, unaligned bases: 4749583
		This contig is misassembled.
		This contig is partially unaligned. (Aligned 15178 out of 4764761 non-N bases (0.32%))
			Warning! This contig is more unaligned than misassembled. Contig length is 4764761 (number of Ns: 0) and total length of all aligns is 15178
		Alignment: 4882 5195 | 2283495 2283182 | 314 314 | 96.18 | pa_ill_pa_contig44 contig_11
		Alignment: 4391 4831 | 2283986 2283546 | 441 441 | 90.25 | pa_ill_pa_contig44 contig_11
		Alignment: 4268 4385 | 2284111 2283994 | 118 118 | 94.92 | pa_ill_pa_contig44 contig_11
		Alignment: 4118 4231 | 2284264 2284151 | 114 114 | 93.86 | pa_ill_pa_contig44 contig_11
		Alignment: 3453 3662 | 2284928 2284719 | 210 210 | 93.81 | pa_ill_pa_contig44 contig_11
		Alignment: 3374 3442 | 2285006 2284938 | 69 69 | 94.2 | pa_ill_pa_contig44 contig_11
		Alignment: 2892 3062 | 2285490 2285320 | 171 171 | 91.23 | pa_ill_pa_contig44 contig_11
		Alignment: 2687 2800 | 2285704 2285591 | 114 114 | 91.23 | pa_ill_pa_contig44 contig_11
		Alignment: 1813 1967 | 2286553 2286399 | 155 155 | 92.26 | pa_ill_pa_contig44 contig_11
		Alignment: 1375 1760 | 2286991 2286606 | 386 386 | 92.75 | pa_ill_pa_contig44 contig_11
		Alignment: 997 1158 | 2287369 2287208 | 162 162 | 90.12 | pa_ill_pa_contig44 contig_11
		Alignment: 800 973 | 2287566 2287393 | 174 174 | 91.95 | pa_ill_pa_contig44 contig_11
		Alignment: 529 593 | 2287842 2287778 | 65 65 | 98.46 | pa_ill_pa_contig44 contig_11
		Alignment: 4882 5195 | 2931302 2930989 | 314 314 | 96.18 | pa_ill_pa_contig44 contig_11
		Alignment: 4268 4718 | 2931916 2931466 | 451 451 | 92.68 | pa_ill_pa_contig44 contig_11
		Alignment: 4118 4231 | 2932069 2931956 | 114 114 | 93.86 | pa_ill_pa_contig44 contig_11
		Alignment: 3453 3662 | 2932734 2932525 | 210 210 | 93.81 | pa_ill_pa_contig44 contig_11
		Alignment: 3374 3442 | 2932812 2932744 | 69 69 | 94.2 | pa_ill_pa_contig44 contig_11
		Alignment: 2892 3062 | 2933296 2933126 | 171 171 | 91.23 | pa_ill_pa_contig44 contig_11
		Alignment: 2687 2800 | 2933510 2933397 | 114 114 | 91.23 | pa_ill_pa_contig44 contig_11
		Alignment: 1975 2060 | 2934105 2934020 | 86 86 | 91.86 | pa_ill_pa_contig44 contig_11
		Alignment: 1813 1967 | 2934267 2934113 | 155 155 | 92.26 | pa_ill_pa_contig44 contig_11
		Alignment: 1375 1536 | 2934706 2934545 | 162 162 | 93.83 | pa_ill_pa_contig44 contig_11
		Alignment: 1230 1345 | 2934851 2934736 | 116 116 | 92.24 | pa_ill_pa_contig44 contig_11
		Alignment: 997 1158 | 2935085 2934924 | 162 162 | 90.12 | pa_ill_pa_contig44 contig_11
		Alignment: 529 593 | 2935559 2935495 | 65 65 | 98.46 | pa_ill_pa_contig44 contig_11
		Alignment: 4882 5195 | 2972700 2972387 | 314 314 | 96.18 | pa_ill_pa_contig44 contig_11
		Alignment: 4268 4718 | 2973314 2972864 | 451 451 | 92.68 | pa_ill_pa_contig44 contig_11
		Alignment: 4118 4231 | 2973467 2973354 | 114 114 | 93.86 | pa_ill_pa_contig44 contig_11
		Alignment: 3453 3662 | 2974132 2973923 | 210 210 | 93.81 | pa_ill_pa_contig44 contig_11
		Alignment: 3374 3442 | 2974210 2974142 | 69 69 | 94.2 | pa_ill_pa_contig44 contig_11
		Alignment: 3074 3140 | 2974510 2974444 | 67 67 | 94.03 | pa_ill_pa_contig44 contig_11
		Alignment: 2892 3062 | 2974693 2974523 | 171 171 | 91.23 | pa_ill_pa_contig44 contig_11
		Alignment: 2687 2800 | 2974907 2974794 | 114 114 | 91.23 | pa_ill_pa_contig44 contig_11
		Alignment: 1975 2060 | 2975502 2975417 | 86 86 | 91.86 | pa_ill_pa_contig44 contig_11
		Alignment: 1813 1967 | 2975664 2975510 | 155 155 | 92.26 | pa_ill_pa_contig44 contig_11
		Alignment: 1375 1536 | 2976102 2975941 | 162 162 | 93.83 | pa_ill_pa_contig44 contig_11
		Alignment: 997 1158 | 2976479 2976318 | 162 162 | 90.12 | pa_ill_pa_contig44 contig_11
		Alignment: 529 593 | 2976953 2976889 | 65 65 | 98.46 | pa_ill_pa_contig44 contig_11
		Alignment: 4882 5195 | 3103715 3103402 | 314 314 | 96.18 | pa_ill_pa_contig44 contig_11
		Alignment: 4391 4831 | 3104206 3103766 | 441 441 | 90.25 | pa_ill_pa_contig44 contig_11
		Alignment: 4268 4385 | 3104331 3104214 | 118 118 | 94.92 | pa_ill_pa_contig44 contig_11
		Alignment: 4118 4231 | 3104484 3104371 | 114 114 | 93.86 | pa_ill_pa_contig44 contig_11
		Alignment: 3453 3662 | 3105149 3104940 | 210 210 | 93.81 | pa_ill_pa_contig44 contig_11
		Alignment: 3374 3442 | 3105227 3105159 | 69 69 | 94.2 | pa_ill_pa_contig44 contig_11
		Alignment: 2892 3062 | 3105711 3105541 | 171 171 | 91.23 | pa_ill_pa_contig44 contig_11
		Alignment: 2687 2800 | 3105925 3105812 | 114 114 | 91.23 | pa_ill_pa_contig44 contig_11
		Alignment: 1975 2060 | 3106612 3106527 | 86 86 | 91.86 | pa_ill_pa_contig44 contig_11
		Alignment: 1813 1967 | 3106774 3106620 | 155 155 | 92.26 | pa_ill_pa_contig44 contig_11
		Alignment: 1375 1536 | 3107212 3107051 | 162 162 | 93.83 | pa_ill_pa_contig44 contig_11
		Alignment: 1256 1345 | 3107331 3107242 | 90 90 | 94.44 | pa_ill_pa_contig44 contig_11
		Alignment: 997 1143 | 3107588 3107442 | 147 147 | 90.48 | pa_ill_pa_contig44 contig_11
		Alignment: 529 593 | 3108062 3107998 | 65 65 | 98.46 | pa_ill_pa_contig44 contig_11
		Alignment: 4882 5195 | 3197408 3197095 | 314 314 | 96.18 | pa_ill_pa_contig44 contig_11
		Alignment: 4268 4718 | 3198022 3197572 | 451 451 | 92.68 | pa_ill_pa_contig44 contig_11
		Alignment: 4118 4231 | 3198175 3198062 | 114 114 | 93.86 | pa_ill_pa_contig44 contig_11
		Alignment: 3453 3662 | 3198840 3198631 | 210 210 | 93.81 | pa_ill_pa_contig44 contig_11
		Alignment: 3374 3442 | 3198918 3198850 | 69 69 | 94.2 | pa_ill_pa_contig44 contig_11
		Alignment: 2892 3062 | 3199402 3199232 | 171 171 | 91.23 | pa_ill_pa_contig44 contig_11
		Alignment: 2687 2800 | 3199616 3199503 | 114 114 | 91.23 | pa_ill_pa_contig44 contig_11
		Alignment: 1975 2060 | 3200210 3200125 | 86 86 | 91.86 | pa_ill_pa_contig44 contig_11
		Alignment: 1813 1967 | 3200372 3200218 | 155 155 | 92.26 | pa_ill_pa_contig44 contig_11
		Alignment: 1378 1536 | 3200807 3200649 | 159 159 | 94.34 | pa_ill_pa_contig44 contig_11
		Alignment: 997 1158 | 3201187 3201026 | 162 162 | 90.12 | pa_ill_pa_contig44 contig_11
		Alignment: 529 593 | 3201661 3201597 | 65 65 | 98.46 | pa_ill_pa_contig44 contig_11
		Alignment: 529 593 | 3740737 3740801 | 65 65 | 98.46 | pa_ill_pa_contig44 contig_11
		Alignment: 997 1158 | 3741211 3741372 | 162 162 | 90.12 | pa_ill_pa_contig44 contig_11
		Alignment: 1375 1536 | 3741588 3741749 | 162 162 | 93.83 | pa_ill_pa_contig44 contig_11
		Alignment: 1813 1967 | 3742026 3742180 | 155 155 | 92.26 | pa_ill_pa_contig44 contig_11
		Alignment: 1975 2060 | 3742188 3742273 | 86 86 | 91.86 | pa_ill_pa_contig44 contig_11
		Alignment: 2687 2800 | 3742867 3742980 | 114 114 | 91.23 | pa_ill_pa_contig44 contig_11
		Alignment: 3374 3442 | 3743565 3743633 | 69 69 | 94.2 | pa_ill_pa_contig44 contig_11
		Alignment: 3453 3662 | 3743643 3743852 | 210 210 | 93.81 | pa_ill_pa_contig44 contig_11
		Alignment: 4118 4231 | 3744308 3744421 | 114 114 | 93.86 | pa_ill_pa_contig44 contig_11
		Alignment: 4268 4831 | 3744461 3745024 | 564 564 | 90.96 | pa_ill_pa_contig44 contig_11
		Alignment: 4882 5195 | 3745075 3745388 | 314 314 | 96.18 | pa_ill_pa_contig44 contig_11
		Alignment: 529 593 | 4448986 4449050 | 65 65 | 98.46 | pa_ill_pa_contig44 contig_11
		Alignment: 997 1158 | 4449459 4449620 | 162 162 | 90.12 | pa_ill_pa_contig44 contig_11
		Alignment: 1375 1536 | 4449837 4449998 | 162 162 | 93.83 | pa_ill_pa_contig44 contig_11
		Alignment: 1813 1967 | 4450275 4450429 | 155 155 | 92.26 | pa_ill_pa_contig44 contig_11
		Alignment: 1975 2060 | 4450437 4450522 | 86 86 | 91.86 | pa_ill_pa_contig44 contig_11
		Alignment: 2687 2800 | 4451109 4451222 | 114 114 | 91.23 | pa_ill_pa_contig44 contig_11
		Alignment: 3374 3442 | 4451806 4451874 | 69 69 | 94.2 | pa_ill_pa_contig44 contig_11
		Alignment: 3453 3662 | 4451884 4452093 | 210 210 | 93.81 | pa_ill_pa_contig44 contig_11
		Alignment: 4118 4231 | 4452549 4452662 | 114 114 | 93.86 | pa_ill_pa_contig44 contig_11
		Alignment: 4268 4831 | 4452702 4453265 | 564 564 | 90.96 | pa_ill_pa_contig44 contig_11
		Alignment: 4882 5195 | 4453316 4453629 | 314 314 | 96.18 | pa_ill_pa_contig44 contig_11
		Unaligned bases: 4749583

CONTIG: contig_37 (4757922bp)
Best alignment score: 418.0 (LEN: 451, IDY: 92.68), Total number of alignments: 102
			Too much alignments (102), will use speed up heuristics
			Found 0 solid alignments:
			Skipping alignments located inside solid regions since they are redundant:
		Nothing was skipped
			Looking for the best set of alignments (out of 102 total alignments)
		Ambiguity for this contig is not checked for speed up (too much alignments and --ambiguity-usage is "one")
			Skipping redundant alignments after choosing the best set of alignments
		Skipping redundant alignment 3 78 | 52827 52902 | 76 76 | 100.0 | pa_ill_pa_contig9 contig_37
		Skipping redundant alignment 163 238 | 52827 52902 | 76 76 | 100.0 | pa_ill_pa_contig9 contig_37
		Skipping redundant alignment 323 399 | 52827 52903 | 77 77 | 100.0 | pa_ill_pa_contig9 contig_37
		Skipping redundant alignment 28782 28858 | 52903 52827 | 77 77 | 100.0 | pa_ill_pa_contig8 contig_37
		Skipping redundant alignment 93682 93815 | 434551 434418 | 134 134 | 93.28 | pa_ill_pa_contig13 contig_37
		Skipping redundant alignment 84045 84123 | 444937 444859 | 79 79 | 96.2 | pa_ill_pa_contig13 contig_37
		Skipping redundant alignment 65009 65098 | 1504443 1504532 | 90 90 | 91.11 | pa_ill_pa_contig27 contig_37
		Skipping redundant alignment 161 238 | 2487136 2487059 | 78 78 | 100.0 | pa_ill_pa_contig9 contig_37
		Skipping redundant alignment 321 399 | 2487136 2487058 | 79 79 | 100.0 | pa_ill_pa_contig9 contig_37
		Skipping redundant alignment 163517 163628 | 4623914 4623803 | 112 112 | 91.07 | pa_ill_pa_contig4 contig_37
		Skipping redundant alignment 48504 48593 | 1504443 1504532 | 90 90 | 91.11 | pa_ill_pa_contig27 contig_37
		Skipping redundant alignment 159406 159543 | 4627967 4627830 | 138 138 | 92.03 | pa_ill_pa_contig4 contig_37
			The best set is below. Score: 12066.7, number of alignments: 90, unaligned bases: 4742851
		This contig is misassembled.
		This contig is partially unaligned. (Aligned 15071 out of 4757922 non-N bases (0.32%))
			Warning! This contig is more unaligned than misassembled. Contig length is 4757922 (number of Ns: 0) and total length of all aligns is 15071
		Alignment: 4882 5195 | 806841 806528 | 314 314 | 96.18 | pa_ill_pa_contig44 contig_37
		Alignment: 4268 4718 | 807455 807005 | 451 451 | 92.68 | pa_ill_pa_contig44 contig_37
		Alignment: 4118 4233 | 807608 807493 | 116 116 | 93.1 | pa_ill_pa_contig44 contig_37
		Alignment: 3453 3662 | 808273 808064 | 210 210 | 93.81 | pa_ill_pa_contig44 contig_37
		Alignment: 3374 3442 | 808351 808283 | 69 69 | 92.75 | pa_ill_pa_contig44 contig_37
		Alignment: 2892 3062 | 808837 808667 | 171 171 | 91.23 | pa_ill_pa_contig44 contig_37
		Alignment: 2687 2798 | 809051 808940 | 112 112 | 91.07 | pa_ill_pa_contig44 contig_37
		Alignment: 1975 2060 | 809644 809559 | 86 86 | 91.86 | pa_ill_pa_contig44 contig_37
		Alignment: 1813 1967 | 809806 809652 | 155 155 | 92.26 | pa_ill_pa_contig44 contig_37
		Alignment: 1660 1760 | 809959 809859 | 101 101 | 94.06 | pa_ill_pa_contig44 contig_37
		Alignment: 1375 1650 | 810244 809969 | 276 276 | 93.48 | pa_ill_pa_contig44 contig_37
		Alignment: 995 1107 | 810627 810515 | 113 113 | 91.15 | pa_ill_pa_contig44 contig_37
		Alignment: 529 593 | 811099 811035 | 65 65 | 98.46 | pa_ill_pa_contig44 contig_37
		Alignment: 4882 5195 | 1473026 1472713 | 314 314 | 96.18 | pa_ill_pa_contig44 contig_37
		Alignment: 4268 4718 | 1473640 1473190 | 451 451 | 92.68 | pa_ill_pa_contig44 contig_37
		Alignment: 4118 4233 | 1473793 1473678 | 116 116 | 93.1 | pa_ill_pa_contig44 contig_37
		Alignment: 3453 3662 | 1474460 1474251 | 210 210 | 93.81 | pa_ill_pa_contig44 contig_37
		Alignment: 3374 3442 | 1474538 1474470 | 69 69 | 92.75 | pa_ill_pa_contig44 contig_37
		Alignment: 2892 3062 | 1475024 1474854 | 171 171 | 91.23 | pa_ill_pa_contig44 contig_37
		Alignment: 2687 2798 | 1475238 1475127 | 112 112 | 91.07 | pa_ill_pa_contig44 contig_37
		Alignment: 1975 2060 | 1475831 1475746 | 86 86 | 91.86 | pa_ill_pa_contig44 contig_37
		Alignment: 1813 1967 | 1475993 1475839 | 155 155 | 92.26 | pa_ill_pa_contig44 contig_37
		Alignment: 1660 1760 | 1476146 1476046 | 101 101 | 94.06 | pa_ill_pa_contig44 contig_37
		Alignment: 1375 1650 | 1476431 1476156 | 276 276 | 93.48 | pa_ill_pa_contig44 contig_37
		Alignment: 995 1106 | 1476811 1476700 | 112 112 | 91.07 | pa_ill_pa_contig44 contig_37
		Alignment: 529 593 | 1477283 1477219 | 65 65 | 98.46 | pa_ill_pa_contig44 contig_37
		Alignment: 529 593 | 1992171 1992235 | 65 65 | 98.46 | pa_ill_pa_contig44 contig_37
		Alignment: 995 1106 | 1992643 1992754 | 112 112 | 91.07 | pa_ill_pa_contig44 contig_37
		Alignment: 1375 1650 | 1993022 1993297 | 276 276 | 93.48 | pa_ill_pa_contig44 contig_37
		Alignment: 1660 1760 | 1993307 1993407 | 101 101 | 94.06 | pa_ill_pa_contig44 contig_37
		Alignment: 1813 1967 | 1993460 1993614 | 155 155 | 92.26 | pa_ill_pa_contig44 contig_37
		Alignment: 1975 2060 | 1993622 1993707 | 86 86 | 91.86 | pa_ill_pa_contig44 contig_37
		Alignment: 2687 2798 | 1994374 1994485 | 112 112 | 91.07 | pa_ill_pa_contig44 contig_37
		Alignment: 2892 3062 | 1994588 1994758 | 171 171 | 91.23 | pa_ill_pa_contig44 contig_37
		Alignment: 3374 3442 | 1995074 1995142 | 69 69 | 92.75 | pa_ill_pa_contig44 contig_37
		Alignment: 3453 3556 | 1995152 1995255 | 104 104 | 93.27 | pa_ill_pa_contig44 contig_37
		Alignment: 3558 3662 | 1995256 1995360 | 105 105 | 94.29 | pa_ill_pa_contig44 contig_37
		Alignment: 4118 4233 | 1995818 1995933 | 116 116 | 93.1 | pa_ill_pa_contig44 contig_37
		Alignment: 4268 4552 | 1995971 1996255 | 285 285 | 95.44 | pa_ill_pa_contig44 contig_37
		Alignment: 4882 5195 | 1996584 1996897 | 314 314 | 96.18 | pa_ill_pa_contig44 contig_37
		Alignment: 529 593 | 2087249 2087313 | 65 65 | 98.46 | pa_ill_pa_contig44 contig_37
		Alignment: 995 1106 | 2087721 2087832 | 112 112 | 91.07 | pa_ill_pa_contig44 contig_37
		Alignment: 1375 1650 | 2088100 2088375 | 276 276 | 93.48 | pa_ill_pa_contig44 contig_37
		Alignment: 1660 1760 | 2088385 2088485 | 101 101 | 94.06 | pa_ill_pa_contig44 contig_37
		Alignment: 1813 1967 | 2088538 2088692 | 155 155 | 92.26 | pa_ill_pa_contig44 contig_37
		Alignment: 1975 2060 | 2088700 2088785 | 86 86 | 91.86 | pa_ill_pa_contig44 contig_37
		Alignment: 2687 2798 | 2089293 2089404 | 112 112 | 91.07 | pa_ill_pa_contig44 contig_37
		Alignment: 2892 3062 | 2089507 2089677 | 171 171 | 91.23 | pa_ill_pa_contig44 contig_37
		Alignment: 3374 3442 | 2089993 2090061 | 69 69 | 92.75 | pa_ill_pa_contig44 contig_37
		Alignment: 3453 3662 | 2090071 2090280 | 210 210 | 93.81 | pa_ill_pa_contig44 contig_37
		Alignment: 4118 4233 | 2090738 2090853 | 116 116 | 93.1 | pa_ill_pa_contig44 contig_37
		Alignment: 4268 4718 | 2090891 2091341 | 451 451 | 92.68 | pa_ill_pa_contig44 contig_37
		Alignment: 4882 5195 | 2091505 2091818 | 314 314 | 96.18 | pa_ill_pa_contig44 contig_37
		Alignment: 529 593 | 2242465 2242529 | 65 65 | 98.46 | pa_ill_pa_contig44 contig_37
		Alignment: 995 1106 | 2242937 2243048 | 112 112 | 91.07 | pa_ill_pa_contig44 contig_37
		Alignment: 1375 1650 | 2243316 2243591 | 276 276 | 93.48 | pa_ill_pa_contig44 contig_37
		Alignment: 1660 1760 | 2243601 2243701 | 101 101 | 94.06 | pa_ill_pa_contig44 contig_37
		Alignment: 1813 1967 | 2243754 2243908 | 155 155 | 92.26 | pa_ill_pa_contig44 contig_37
		Alignment: 1975 2060 | 2243916 2244001 | 86 86 | 91.86 | pa_ill_pa_contig44 contig_37
		Alignment: 2687 2798 | 2244668 2244779 | 112 112 | 91.07 | pa_ill_pa_contig44 contig_37
		Alignment: 2892 3062 | 2244882 2245052 | 171 171 | 91.23 | pa_ill_pa_contig44 contig_37
		Alignment: 3374 3442 | 2245368 2245436 | 69 69 | 92.75 | pa_ill_pa_contig44 contig_37
		Alignment: 3453 3662 | 2245446 2245655 | 210 210 | 93.33 | pa_ill_pa_contig44 contig_37
		Alignment: 4118 4233 | 2246113 2246228 | 116 116 | 93.1 | pa_ill_pa_contig44 contig_37
		Alignment: 4268 4718 | 2246266 2246716 | 451 451 | 92.68 | pa_ill_pa_contig44 contig_37
		Alignment: 4882 5195 | 2246880 2247193 | 314 314 | 96.18 | pa_ill_pa_contig44 contig_37
		Alignment: 529 593 | 2285368 2285432 | 65 65 | 98.46 | pa_ill_pa_contig44 contig_37
		Alignment: 995 1106 | 2285840 2285951 | 112 112 | 91.07 | pa_ill_pa_contig44 contig_37
		Alignment: 1375 1650 | 2286220 2286495 | 276 276 | 93.48 | pa_ill_pa_contig44 contig_37
		Alignment: 1660 1760 | 2286505 2286605 | 101 101 | 94.06 | pa_ill_pa_contig44 contig_37
		Alignment: 1813 1967 | 2286658 2286812 | 155 155 | 92.26 | pa_ill_pa_contig44 contig_37
		Alignment: 1975 2060 | 2286820 2286905 | 86 86 | 91.86 | pa_ill_pa_contig44 contig_37
		Alignment: 2687 2769 | 2287413 2287495 | 83 83 | 93.98 | pa_ill_pa_contig44 contig_37
		Alignment: 2892 3062 | 2287626 2287796 | 171 171 | 91.23 | pa_ill_pa_contig44 contig_37
		Alignment: 3374 3442 | 2288111 2288179 | 69 69 | 92.75 | pa_ill_pa_contig44 contig_37
		Alignment: 3453 3662 | 2288189 2288398 | 210 210 | 93.33 | pa_ill_pa_contig44 contig_37
		Alignment: 4118 4233 | 2288856 2288971 | 116 116 | 93.1 | pa_ill_pa_contig44 contig_37
		Alignment: 4268 4718 | 2289009 2289459 | 451 451 | 92.68 | pa_ill_pa_contig44 contig_37
		Alignment: 4882 5195 | 2289622 2289935 | 314 314 | 96.18 | pa_ill_pa_contig44 contig_37
		Alignment: 529 593 | 3034813 3034877 | 65 65 | 98.46 | pa_ill_pa_contig44 contig_37
		Alignment: 1375 1536 | 3035663 3035824 | 162 162 | 93.21 | pa_ill_pa_contig44 contig_37
		Alignment: 1542 1650 | 3035830 3035938 | 109 109 | 90.83 | pa_ill_pa_contig44 contig_37
		Alignment: 1660 1760 | 3035948 3036048 | 101 101 | 94.06 | pa_ill_pa_contig44 contig_37
		Alignment: 1813 1967 | 3036101 3036255 | 155 155 | 92.26 | pa_ill_pa_contig44 contig_37
		Alignment: 1975 2060 | 3036263 3036348 | 86 86 | 91.86 | pa_ill_pa_contig44 contig_37
		Alignment: 3374 3442 | 3037815 3037883 | 69 69 | 92.75 | pa_ill_pa_contig44 contig_37
		Alignment: 3453 3662 | 3037893 3038102 | 210 210 | 93.81 | pa_ill_pa_contig44 contig_37
		Alignment: 4118 4233 | 3038560 3038675 | 116 116 | 93.1 | pa_ill_pa_contig44 contig_37
		Alignment: 4268 4718 | 3038713 3039163 | 451 451 | 92.68 | pa_ill_pa_contig44 contig_37
		Alignment: 4882 5195 | 3039327 3039640 | 314 314 | 96.18 | pa_ill_pa_contig44 contig_37
		Unaligned bases: 4742851

CONTIG: contig_102 (2845282bp)
Best alignment score: 129.0 (LEN: 142, IDY: 90.85), Total number of alignments: 12
			Looking for the best set of alignments (out of 12 total alignments)
			Skipping redundant alignments after choosing the best set of alignments
		Skipping redundant alignment 1200 1338 | 604974 605112 | 139 139 | 91.37 | pa_ill_pa_contig44 contig_102
		Skipping redundant alignment 1397 1538 | 605172 605313 | 142 142 | 90.85 | pa_ill_pa_contig44 contig_102
		Skipping redundant alignment 4406 4500 | 608064 608158 | 95 95 | 96.84 | pa_ill_pa_contig44 contig_102
		Skipping redundant alignment 1200 1338 | 2831048 2831186 | 139 139 | 91.37 | pa_ill_pa_contig44 contig_102
		Skipping redundant alignment 1397 1538 | 2831246 2831387 | 142 142 | 90.85 | pa_ill_pa_contig44 contig_102
		Skipping redundant alignment 4406 4500 | 2834138 2834232 | 95 95 | 96.84 | pa_ill_pa_contig44 contig_102
			The best set is below. Score: 350.5, number of alignments: 6, unaligned bases: 2844530
		This contig is misassembled.
		This contig is partially unaligned. (Aligned 752 out of 2845282 non-N bases (0.03%))
			Warning! This contig is more unaligned than misassembled. Contig length is 2845282 (number of Ns: 0) and total length of all aligns is 752
		Alignment: 4406 4500 | 2113505 2113411 | 95 95 | 96.84 | pa_ill_pa_contig44 contig_102
		Alignment: 1397 1538 | 2116295 2116154 | 142 142 | 90.85 | pa_ill_pa_contig44 contig_102
		Alignment: 1200 1338 | 2116493 2116355 | 139 139 | 91.37 | pa_ill_pa_contig44 contig_102
		Alignment: 1200 1338 | 2387968 2388106 | 139 139 | 91.37 | pa_ill_pa_contig44 contig_102
		Alignment: 1397 1538 | 2388166 2388307 | 142 142 | 90.85 | pa_ill_pa_contig44 contig_102
		Alignment: 4406 4500 | 2390953 2391047 | 95 95 | 96.84 | pa_ill_pa_contig44 contig_102
		Unaligned bases: 2844530

CONTIG: contig_13 (4045243bp)
Best alignment score: 230.0 (LEN: 255, IDY: 90.20), Total number of alignments: 31
			Looking for the best set of alignments (out of 31 total alignments)
			Skipping redundant alignments after choosing the best set of alignments
		Skipping redundant alignment 4406 4535 | 1091452 1091323 | 130 130 | 90.77 | pa_ill_pa_contig44 contig_13
		Skipping redundant alignment 1397 1515 | 1094202 1094084 | 119 119 | 94.12 | pa_ill_pa_contig44 contig_13
		Skipping redundant alignment 1201 1338 | 2325037 2325174 | 138 138 | 90.58 | pa_ill_pa_contig44 contig_13
		Skipping redundant alignment 1397 1515 | 2325234 2325352 | 119 119 | 94.12 | pa_ill_pa_contig44 contig_13
		Skipping redundant alignment 4406 4535 | 2327985 2328114 | 130 130 | 90.77 | pa_ill_pa_contig44 contig_13
			The best set is below. Score: 1154.8, number of alignments: 26, unaligned bases: 4041740
		This contig is misassembled.
		This contig is partially unaligned. (Aligned 3503 out of 4045243 non-N bases (0.09%))
			Warning! This contig is more unaligned than misassembled. Contig length is 4045243 (number of Ns: 0) and total length of all aligns is 3503
		Alignment: 4406 4535 | 340290 340161 | 130 130 | 90.77 | pa_ill_pa_contig44 contig_13
		Alignment: 1397 1515 | 343038 342920 | 119 119 | 94.12 | pa_ill_pa_contig44 contig_13
		Alignment: 1201 1338 | 343235 343098 | 138 138 | 90.58 | pa_ill_pa_contig44 contig_13
		Alignment: 4406 4535 | 633027 632898 | 130 130 | 90.77 | pa_ill_pa_contig44 contig_13
		Alignment: 1397 1515 | 635778 635660 | 119 119 | 94.12 | pa_ill_pa_contig44 contig_13
		Alignment: 1201 1338 | 635975 635838 | 138 138 | 90.58 | pa_ill_pa_contig44 contig_13
		Alignment: 4406 4535 | 1086453 1086324 | 130 130 | 90.77 | pa_ill_pa_contig44 contig_13
		Alignment: 1397 1515 | 1089200 1089082 | 119 119 | 94.12 | pa_ill_pa_contig44 contig_13
		Alignment: 1201 1338 | 1089397 1089260 | 138 138 | 90.58 | pa_ill_pa_contig44 contig_13
		Alignment: 4983 5134 | 1096485 1096334 | 152 152 | 90.79 | pa_ill_pa_contig44 contig_13
		Alignment: 4406 4535 | 1097061 1096932 | 130 130 | 90.77 | pa_ill_pa_contig44 contig_13
		Alignment: 1397 1515 | 1099809 1099691 | 119 119 | 94.12 | pa_ill_pa_contig44 contig_13
		Alignment: 1201 1338 | 1100006 1099869 | 138 138 | 90.58 | pa_ill_pa_contig44 contig_13
		Alignment: 4406 4535 | 1161596 1161467 | 130 130 | 90.77 | pa_ill_pa_contig44 contig_13
		Alignment: 1397 1515 | 1164345 1164227 | 119 119 | 94.12 | pa_ill_pa_contig44 contig_13
		Alignment: 1201 1338 | 1164542 1164405 | 138 138 | 90.58 | pa_ill_pa_contig44 contig_13
		Alignment: 4880 5134 | 1167044 1166790 | 255 255 | 90.2 | pa_ill_pa_contig44 contig_13
		Alignment: 4406 4535 | 1167517 1167388 | 130 130 | 90.77 | pa_ill_pa_contig44 contig_13
		Alignment: 1397 1515 | 1170265 1170147 | 119 119 | 94.12 | pa_ill_pa_contig44 contig_13
		Alignment: 1201 1338 | 1170462 1170325 | 138 138 | 90.58 | pa_ill_pa_contig44 contig_13
		Alignment: 4406 4535 | 1227670 1227541 | 130 130 | 90.77 | pa_ill_pa_contig44 contig_13
		Alignment: 1397 1515 | 1230595 1230477 | 119 119 | 94.12 | pa_ill_pa_contig44 contig_13
		Alignment: 1201 1338 | 1230792 1230655 | 138 138 | 90.58 | pa_ill_pa_contig44 contig_13
		Alignment: 4406 4535 | 1248279 1248150 | 130 130 | 90.77 | pa_ill_pa_contig44 contig_13
		Alignment: 1397 1515 | 1251205 1251087 | 119 119 | 94.12 | pa_ill_pa_contig44 contig_13
		Alignment: 1201 1338 | 1251402 1251265 | 138 138 | 90.58 | pa_ill_pa_contig44 contig_13
		Unaligned bases: 4041740

CONTIG: contig_26 (2991914bp)
Best alignment score: 127.0 (LEN: 138, IDY: 92.03), Total number of alignments: 18
			Looking for the best set of alignments (out of 18 total alignments)
			Skipping redundant alignments after choosing the best set of alignments
		Skipping redundant alignment 1201 1338 | 1078368 1078505 | 138 138 | 92.03 | pa_ill_pa_contig44 contig_26
		Skipping redundant alignment 1397 1517 | 1078565 1078685 | 121 121 | 95.04 | pa_ill_pa_contig44 contig_26
		Skipping redundant alignment 4406 4488 | 1081645 1081727 | 83 83 | 97.59 | pa_ill_pa_contig44 contig_26
		Skipping redundant alignment 1201 1338 | 1676836 1676973 | 138 138 | 92.03 | pa_ill_pa_contig44 contig_26
		Skipping redundant alignment 1397 1517 | 1677033 1677153 | 121 121 | 95.04 | pa_ill_pa_contig44 contig_26
		Skipping redundant alignment 4406 4488 | 1679862 1679944 | 83 83 | 97.59 | pa_ill_pa_contig44 contig_26
		Skipping redundant alignment 1201 1338 | 1781505 1781642 | 138 138 | 92.03 | pa_ill_pa_contig44 contig_26
		Skipping redundant alignment 1397 1517 | 1781702 1781822 | 121 121 | 95.04 | pa_ill_pa_contig44 contig_26
		Skipping redundant alignment 4406 4488 | 1784530 1784612 | 83 83 | 97.59 | pa_ill_pa_contig44 contig_26
			The best set is below. Score: 378.3, number of alignments: 9, unaligned bases: 2990888
		This contig is misassembled.
		This contig is partially unaligned. (Aligned 1026 out of 2991914 non-N bases (0.03%))
			Warning! This contig is more unaligned than misassembled. Contig length is 2991914 (number of Ns: 0) and total length of all aligns is 1026
		Alignment: 4406 4488 | 286964 286882 | 83 83 | 97.59 | pa_ill_pa_contig44 contig_26
		Alignment: 1397 1517 | 289791 289671 | 121 121 | 95.04 | pa_ill_pa_contig44 contig_26
		Alignment: 1201 1338 | 289988 289851 | 138 138 | 92.03 | pa_ill_pa_contig44 contig_26
		Alignment: 4406 4488 | 292981 292899 | 83 83 | 97.59 | pa_ill_pa_contig44 contig_26
		Alignment: 1397 1517 | 295810 295690 | 121 121 | 95.04 | pa_ill_pa_contig44 contig_26
		Alignment: 1201 1338 | 296007 295870 | 138 138 | 92.03 | pa_ill_pa_contig44 contig_26
		Alignment: 4406 4488 | 530523 530441 | 83 83 | 97.59 | pa_ill_pa_contig44 contig_26
		Alignment: 1397 1517 | 533601 533481 | 121 121 | 95.04 | pa_ill_pa_contig44 contig_26
		Alignment: 1201 1338 | 533798 533661 | 138 138 | 92.03 | pa_ill_pa_contig44 contig_26
		Unaligned bases: 2990888

CONTIG: contig_27 (1934693bp)
Best alignment score: 271.0 (LEN: 301, IDY: 90.03), Total number of alignments: 11
			Looking for the best set of alignments (out of 11 total alignments)
			Skipping redundant alignments after choosing the best set of alignments
		Skipping redundant alignment 1873 1938 | 1655532 1655467 | 66 66 | 92.42 | pa_ill_pa_contig44 contig_27
		Skipping redundant alignment 1397 1521 | 1656017 1655893 | 125 125 | 92.8 | pa_ill_pa_contig44 contig_27
		Skipping redundant alignment 1579 1651 | 144804 144732 | 73 73 | 93.15 | pa_ill_pa_contig44 contig_27
		Skipping redundant alignment 1397 1521 | 144976 144852 | 125 125 | 92.8 | pa_ill_pa_contig44 contig_27
		Skipping redundant alignment 1397 1521 | 180049 179925 | 125 125 | 92.8 | pa_ill_pa_contig44 contig_27
			The best set is below. Score: 500.9, number of alignments: 6, unaligned bases: 1933651
		This contig is misassembled.
		This contig is partially unaligned. (Aligned 1042 out of 1934693 non-N bases (0.05%))
			Warning! This contig is more unaligned than misassembled. Contig length is 1934693 (number of Ns: 0) and total length of all aligns is 1042
		Alignment: 4834 5134 | 65463 65163 | 301 301 | 90.03 | pa_ill_pa_contig44 contig_27
		Alignment: 4406 4500 | 65764 65670 | 95 95 | 96.84 | pa_ill_pa_contig44 contig_27
		Alignment: 1397 1521 | 68584 68460 | 125 125 | 92.8 | pa_ill_pa_contig44 contig_27
		Alignment: 1397 1521 | 840094 840218 | 125 125 | 92.8 | pa_ill_pa_contig44 contig_27
		Alignment: 4406 4500 | 843031 843125 | 95 95 | 96.84 | pa_ill_pa_contig44 contig_27
		Alignment: 4834 5134 | 843358 843658 | 301 301 | 90.03 | pa_ill_pa_contig44 contig_27
		Unaligned bases: 1933651

CONTIG: contig_96 (2720494bp)
Best alignment score: 211.0 (LEN: 233, IDY: 90.56), Total number of alignments: 18
			Looking for the best set of alignments (out of 18 total alignments)
			The best set is below. Score: 938.5, number of alignments: 18, unaligned bases: 2717899
		This contig is misassembled.
		This contig is partially unaligned. (Aligned 2595 out of 2720494 non-N bases (0.10%))
			Warning! This contig is more unaligned than misassembled. Contig length is 2720494 (number of Ns: 0) and total length of all aligns is 2595
		Alignment: 4925 5134 | 405830 405621 | 210 210 | 90.95 | pa_ill_pa_contig44 contig_96
		Alignment: 4403 4500 | 406355 406258 | 98 98 | 96.94 | pa_ill_pa_contig44 contig_96
		Alignment: 1397 1503 | 409412 409306 | 107 107 | 96.26 | pa_ill_pa_contig44 contig_96
		Alignment: 4903 5134 | 541920 541689 | 232 232 | 90.95 | pa_ill_pa_contig44 contig_96
		Alignment: 4403 4500 | 542420 542323 | 98 98 | 96.94 | pa_ill_pa_contig44 contig_96
		Alignment: 1397 1503 | 545466 545360 | 107 107 | 96.26 | pa_ill_pa_contig44 contig_96
		Alignment: 4903 5134 | 655392 655160 | 232 233 | 90.56 | pa_ill_pa_contig44 contig_96
		Alignment: 4403 4500 | 655892 655795 | 98 98 | 96.94 | pa_ill_pa_contig44 contig_96
		Alignment: 1397 1503 | 658895 658789 | 107 107 | 96.26 | pa_ill_pa_contig44 contig_96
		Alignment: 1397 1503 | 1716235 1716341 | 107 107 | 96.26 | pa_ill_pa_contig44 contig_96
		Alignment: 4403 4500 | 1719258 1719355 | 98 98 | 96.94 | pa_ill_pa_contig44 contig_96
		Alignment: 4903 5134 | 1719758 1719990 | 232 233 | 90.56 | pa_ill_pa_contig44 contig_96
		Alignment: 1397 1503 | 1760876 1760982 | 107 107 | 96.26 | pa_ill_pa_contig44 contig_96
		Alignment: 4403 4500 | 1763837 1763934 | 98 98 | 96.94 | pa_ill_pa_contig44 contig_96
		Alignment: 4903 5134 | 1764337 1764569 | 232 233 | 90.56 | pa_ill_pa_contig44 contig_96
		Alignment: 1397 1503 | 1766134 1766240 | 107 107 | 96.26 | pa_ill_pa_contig44 contig_96
		Alignment: 4403 4500 | 1769065 1769162 | 98 98 | 96.94 | pa_ill_pa_contig44 contig_96
		Alignment: 4911 5134 | 1769577 1769800 | 224 224 | 90.62 | pa_ill_pa_contig44 contig_96
		Unaligned bases: 2717899

Analyzing coverage...
Writing SNPs into /media3/lucia/zymo_mock_community/asms_cuantizados/v4_13-2-21_2bins/metaquast-2bins-v2/runs_per_reference/pa_ill/contigs_reports/minimap_output/r10_2bins_v2_2_racon_r1.used_snps.gz

Analysis is finished!
Founded SNPs were written into /media3/lucia/zymo_mock_community/asms_cuantizados/v4_13-2-21_2bins/metaquast-2bins-v2/runs_per_reference/pa_ill/contigs_reports/minimap_output/r10_2bins_v2_2_racon_r1.used_snps.gz

Results:
	Local Misassemblies: 11
	Misassemblies: 6
		Relocations: 0
		Translocations: 6
		Inversions: 0
	Scaffold gap extensive misassemblies: 0
	Scaffold gap local misassemblies: 0
	Misassemblies caused by fragmented reference: 21
	Misassembled Contigs: 1
	Misassembled Contig Bases: 6791577
	Misassemblies Inter-Contig Overlap: 0
Unaligned Contigs: 0 + 8 part
Half Unaligned Contigs with Misassemblies: 7
Unaligned Contig Bases: 24032504

Ambiguously Mapped Contigs: 1
Total Bases in Ambiguously Mapped Contigs: 4764761
Extra Bases in Ambiguously Mapped Contigs: 0
Note that --allow-ambiguity option was set to "one" and only first alignment per each of these contigs was used.

	Covered Bases: 6720877

	SNPs: 3994
	Insertions: 301
	Deletions: 5773

