Aligning contigs to reference...
	Aligning contigs to the reference
Filtering alignments...
Parsing coords...
Loading reference...
	Loaded [sa_ill_sa_contig28]
	Loaded [sa_ill_sa_contig29]
	Loaded [sa_ill_sa_contig15]
	Loaded [sa_ill_sa_contig22]
	Loaded [sa_ill_sa_contig23]
	Loaded [sa_ill_sa_contig20]
	Loaded [sa_ill_sa_contig21]
	Loaded [sa_ill_sa_contig26]
	Loaded [sa_ill_sa_contig27]
	Loaded [sa_ill_sa_contig24]
	Loaded [sa_ill_sa_contig25]
	Loaded [sa_ill_sa_contig48]
	Loaded [sa_ill_sa_contig49]
	Loaded [sa_ill_sa_contig64]
	Loaded [sa_ill_sa_contig65]
	Loaded [sa_ill_sa_contig63]
	Loaded [sa_ill_sa_contig60]
	Loaded [sa_ill_sa_contig61]
	Loaded [sa_ill_sa_contig40]
	Loaded [sa_ill_sa_contig41]
	Loaded [sa_ill_sa_contig42]
	Loaded [sa_ill_sa_contig43]
	Loaded [sa_ill_sa_contig44]
	Loaded [sa_ill_sa_contig45]
	Loaded [sa_ill_sa_contig46]
	Loaded [sa_ill_sa_contig47]
	Loaded [sa_ill_sa_contig9]
	Loaded [sa_ill_sa_contig8]
	Loaded [sa_ill_sa_contig3]
	Loaded [sa_ill_sa_contig2]
	Loaded [sa_ill_sa_contig1]
	Loaded [sa_ill_sa_contig7]
	Loaded [sa_ill_sa_contig6]
	Loaded [sa_ill_sa_contig5]
	Loaded [sa_ill_sa_contig4]
	Loaded [sa_ill_sa_contig19]
	Loaded [sa_ill_sa_contig68]
	Loaded [sa_ill_sa_contig39]
	Loaded [sa_ill_sa_contig38]
	Loaded [sa_ill_sa_contig31]
	Loaded [sa_ill_sa_contig30]
	Loaded [sa_ill_sa_contig33]
	Loaded [sa_ill_sa_contig32]
	Loaded [sa_ill_sa_contig35]
	Loaded [sa_ill_sa_contig34]
	Loaded [sa_ill_sa_contig37]
	Loaded [sa_ill_sa_contig36]
	Loaded [sa_ill_sa_contig13]
	Loaded [sa_ill_sa_contig12]
	Loaded [sa_ill_sa_contig11]
	Loaded [sa_ill_sa_contig10]
	Loaded [sa_ill_sa_contig17]
	Loaded [sa_ill_sa_contig16]
	Loaded [sa_ill_sa_contig59]
	Loaded [sa_ill_sa_contig58]
	Loaded [sa_ill_sa_contig57]
	Loaded [sa_ill_sa_contig56]
	Loaded [sa_ill_sa_contig14]
	Loaded [sa_ill_sa_contig18]
	Loaded [sa_ill_sa_contig53]
	Loaded [sa_ill_sa_contig52]
	Loaded [sa_ill_sa_contig51]
	Loaded [sa_ill_sa_contig50]
	Loaded [sa_ill_sa_contig66]
	Loaded [sa_ill_sa_contig67]
	Loaded [sa_ill_sa_contig55]
	Loaded [sa_ill_sa_contig54]
	Total Regions: 67
	Total Region Length: 2689205
Analyzing contigs...
CONTIG: contig_45 (2720345bp)
Best alignment score: 223099.7 (LEN: 223502, IDY: 99.82), Total number of alignments: 164
			Too much alignments (164), will use speed up heuristics
			Found 62 solid alignments:
		Solid alignment 203 3323 | 373 3499 | 3121 3127 | 99.49 | sa_ill_sa_contig41 contig_45
		Solid alignment 1 1706 | 3916 5624 | 1706 1709 | 99.36 | sa_ill_sa_contig8 contig_45
		Solid alignment 1 34443 | 39982 5524 | 34443 34459 | 99.88 | sa_ill_sa_contig24 contig_45
		Solid alignment 1 38786 | 78776 39965 | 38786 38812 | 99.84 | sa_ill_sa_contig22 contig_45
		Solid alignment 1 34367 | 113709 79310 | 34367 34400 | 99.81 | sa_ill_sa_contig25 contig_45
		Solid alignment 203 3323 | 113874 116992 | 3121 3119 | 99.71 | sa_ill_sa_contig41 contig_45
		Solid alignment 1 131983 | 117365 249397 | 131983 132033 | 99.85 | sa_ill_sa_contig8 contig_45
		Solid alignment 1 149926 | 249739 399253 | 149926 149515 | 99.53 | sa_ill_sa_contig5 contig_45
		Solid alignment 1 30897 | 399299 430212 | 30897 30914 | 99.86 | sa_ill_sa_contig27 contig_45
		Solid alignment 5 2978 | 434114 431138 | 2974 2977 | 99.56 | sa_ill_sa_contig43 contig_45
		Solid alignment 1 13692 | 447767 434064 | 13692 13704 | 99.77 | sa_ill_sa_contig35 contig_45
		Solid alignment 1 125486 | 448499 574266 | 125486 125768 | 99.67 | sa_ill_sa_contig10 contig_45
		Solid alignment 1 20896 | 597442 576536 | 20896 20907 | 99.83 | sa_ill_sa_contig32 contig_45
		Solid alignment 1 130429 | 727793 597373 | 130429 130421 | 99.78 | sa_ill_sa_contig9 contig_45
		Solid alignment 1 4636 | 727739 732379 | 4636 4641 | 99.78 | sa_ill_sa_contig40 contig_45
		Solid alignment 1 5318 | 732380 737700 | 5318 5321 | 99.83 | sa_ill_sa_contig38 contig_45
		Solid alignment 1 4636 | 742338 737701 | 4636 4638 | 99.78 | sa_ill_sa_contig40 contig_45
		Solid alignment 1 26180 | 768474 742284 | 26180 26191 | 99.9 | sa_ill_sa_contig29 contig_45
		Solid alignment 1 1727 | 771955 770225 | 1727 1731 | 99.65 | sa_ill_sa_contig46 contig_45
		Solid alignment 1 43683 | 771901 815428 | 43683 43528 | 99.36 | sa_ill_sa_contig18 contig_45
		Solid alignment 1 142808 | 815960 958892 | 142808 142933 | 99.81 | sa_ill_sa_contig6 contig_45
		Solid alignment 1 21042 | 959046 980095 | 21042 21050 | 99.88 | sa_ill_sa_contig31 contig_45
		Solid alignment 43249 70357 | 1007595 980475 | 27109 27121 | 99.32 | sa_ill_sa_contig12 contig_45
		Solid alignment 1 44268 | 1051371 1007086 | 44268 44286 | 99.69 | sa_ill_sa_contig12 contig_45
		Solid alignment 1 50706 | 1051327 1102058 | 50706 50732 | 99.87 | sa_ill_sa_contig17 contig_45
		Solid alignment 1 5104 | 1102004 1107106 | 5104 5103 | 99.96 | sa_ill_sa_contig39 contig_45
		Solid alignment 1 14362 | 1107052 1121424 | 14362 14373 | 99.86 | sa_ill_sa_contig33 contig_45
		Solid alignment 1 6686 | 1128827 1122137 | 6686 6691 | 99.73 | sa_ill_sa_contig37 contig_45
		Solid alignment 1 2840 | 1128854 1131694 | 2840 2841 | 99.58 | sa_ill_sa_contig44 contig_45
		Solid alignment 1 1631 | 1133270 1131640 | 1631 1631 | 99.88 | sa_ill_sa_contig47 contig_45
		Solid alignment 1 41074 | 1174391 1133297 | 41074 41095 | 99.83 | sa_ill_sa_contig20 contig_45
		Solid alignment 1 1704 | 1176041 1174337 | 1704 1705 | 99.71 | sa_ill_sa_contig8 contig_45
		Solid alignment 203 3323 | 1179555 1176429 | 3121 3127 | 99.49 | sa_ill_sa_contig41 contig_45
		Solid alignment 1 38352 | 1218560 1180183 | 38352 38378 | 99.86 | sa_ill_sa_contig23 contig_45
		Solid alignment 1 1703 | 1220670 1218969 | 1703 1702 | 99.47 | sa_ill_sa_contig8 contig_45
		Solid alignment 1 3323 | 1224324 1221000 | 3323 3325 | 99.64 | sa_ill_sa_contig41 contig_45
		Solid alignment 1 1704 | 1225927 1224226 | 1704 1702 | 99.65 | sa_ill_sa_contig8 contig_45
		Solid alignment 203 3323 | 1229348 1226224 | 3121 3125 | 99.68 | sa_ill_sa_contig41 contig_45
		Solid alignment 1 56123 | 1285848 1229800 | 56123 56049 | 99.61 | sa_ill_sa_contig15 contig_45
		Solid alignment 1 3261 | 1289829 1286565 | 3261 3265 | 99.82 | sa_ill_sa_contig42 contig_45
		Solid alignment 1 211909 | 1290030 1502073 | 211909 212044 | 99.83 | sa_ill_sa_contig2 contig_45
		Solid alignment 1 207093 | 1502020 1709131 | 207093 207112 | 99.76 | sa_ill_sa_contig3 contig_45
		Solid alignment 1 78138 | 1709144 1787208 | 78138 78065 | 99.63 | sa_ill_sa_contig7 contig_45
		Solid alignment 77953 134302 | 1786887 1843284 | 56350 56398 | 99.8 | sa_ill_sa_contig7 contig_45
		Solid alignment 1 50729 | 1894117 1843347 | 50729 50771 | 99.82 | sa_ill_sa_contig16 contig_45
		Solid alignment 1 177172 | 2071398 1894098 | 177172 177301 | 99.81 | sa_ill_sa_contig4 contig_45
		Solid alignment 1 41771 | 2071588 2113384 | 41771 41797 | 99.86 | sa_ill_sa_contig19 contig_45
		Solid alignment 62883 66071 | 2116568 2113374 | 3189 3195 | 99.37 | sa_ill_sa_contig13 contig_45
		Solid alignment 1 63338 | 2179729 2116343 | 63338 63387 | 99.76 | sa_ill_sa_contig13 contig_45
		Solid alignment 1 223346 | 2406040 2182539 | 223346 223502 | 99.82 | sa_ill_sa_contig1 contig_45
		Solid alignment 1 1418 | 2405986 2407409 | 1418 1424 | 99.51 | sa_ill_sa_contig48 contig_45
		Solid alignment 1 98600 | 2506028 2407375 | 98600 98654 | 99.85 | sa_ill_sa_contig11 contig_45
		Solid alignment 1 7163 | 2505974 2513139 | 7163 7166 | 99.85 | sa_ill_sa_contig36 contig_45
		Solid alignment 1 21790 | 2534908 2513114 | 21790 21795 | 99.87 | sa_ill_sa_contig30 contig_45
		Solid alignment 1 14210 | 2549837 2535621 | 14210 14217 | 99.85 | sa_ill_sa_contig34 contig_45
		Solid alignment 1 32969 | 2549991 2582976 | 32969 32986 | 99.79 | sa_ill_sa_contig26 contig_45
		Solid alignment 2 925 | 2583181 2584098 | 924 918 | 97.95 | sa_ill_sa_contig51 contig_45
		Solid alignment 198 3323 | 2584655 2587780 | 3126 3126 | 99.65 | sa_ill_sa_contig41 contig_45
		Solid alignment 1 1701 | 2588202 2589901 | 1701 1700 | 99.47 | sa_ill_sa_contig8 contig_45
		Solid alignment 1 28120 | 2589806 2617935 | 28120 28130 | 99.85 | sa_ill_sa_contig28 contig_45
		Solid alignment 1 39729 | 2617940 2657691 | 39729 39752 | 99.87 | sa_ill_sa_contig21 contig_45
		Solid alignment 1 62389 | 2658071 2720345 | 62389 62275 | 99.58 | sa_ill_sa_contig14 contig_45
			Skipping alignments located inside solid regions since they are redundant:
		Skipping redundant alignment 78536 78699 | 40019 39856 | 164 164 | 99.39 | sa_ill_sa_contig10 contig_45
		Skipping redundant alignment 90836 91001 | 40019 39854 | 166 166 | 100.0 | sa_ill_sa_contig3 contig_45
		Skipping redundant alignment 34638 34741 | 399095 399198 | 104 104 | 99.04 | sa_ill_sa_contig6 contig_45
		Skipping redundant alignment 30505 30668 | 433953 434116 | 164 164 | 92.68 | sa_ill_sa_contig27 contig_45
		Skipping redundant alignment 30742 30889 | 434193 434340 | 148 148 | 97.97 | sa_ill_sa_contig27 contig_45
		Skipping redundant alignment 7 169 | 768022 768184 | 163 163 | 92.02 | sa_ill_sa_contig54 contig_45
		Skipping redundant alignment 40727 41072 | 1131848 1131503 | 346 346 | 92.49 | sa_ill_sa_contig20 contig_45
		Skipping redundant alignment 1 157 | 1174436 1174279 | 157 158 | 98.1 | sa_ill_sa_contig41 contig_45
		Skipping redundant alignment 37896 37992 | 1230203 1230107 | 97 97 | 96.91 | sa_ill_sa_contig23 contig_45
		Skipping redundant alignment 353 495 | 1286617 1286759 | 143 143 | 95.1 | sa_ill_sa_contig2 contig_45
		Skipping redundant alignment 4728 4899 | 1289764 1289593 | 172 172 | 92.44 | sa_ill_sa_contig15 contig_45
		Skipping redundant alignment 4113 4199 | 1290374 1290288 | 87 87 | 91.95 | sa_ill_sa_contig15 contig_45
		Skipping redundant alignment 45 153 | 1894148 1894041 | 109 108 | 99.08 | sa_ill_sa_contig21 contig_45
		Skipping redundant alignment 206251 206340 | 1894152 1894063 | 90 90 | 100.0 | sa_ill_sa_contig2 contig_45
		Skipping redundant alignment 46345 46434 | 1894152 1894063 | 90 90 | 100.0 | sa_ill_sa_contig4 contig_45
		Skipping redundant alignment 78678 78767 | 1894152 1894063 | 90 90 | 100.0 | sa_ill_sa_contig8 contig_45
		Skipping redundant alignment 149769 149886 | 1894036 1894152 | 118 117 | 99.15 | sa_ill_sa_contig5 contig_45
		Skipping redundant alignment 34639 34756 | 1894036 1894152 | 118 117 | 99.15 | sa_ill_sa_contig6 contig_45
		Skipping redundant alignment 34799 34900 | 2113269 2113168 | 102 102 | 98.04 | sa_ill_sa_contig6 contig_45
		Skipping redundant alignment 31678 31950 | 2113202 2113476 | 273 275 | 95.64 | sa_ill_sa_contig10 contig_45
		Skipping redundant alignment 34638 34798 | 2113488 2113328 | 161 161 | 97.52 | sa_ill_sa_contig6 contig_45
		Skipping redundant alignment 149767 149926 | 2113489 2113330 | 160 160 | 98.12 | sa_ill_sa_contig5 contig_45
		Skipping redundant alignment 211641 211778 | 2505911 2506048 | 138 138 | 93.53 | sa_ill_sa_contig2 contig_45
		Skipping redundant alignment 139 293 | 2506059 2505905 | 155 155 | 93.59 | sa_ill_sa_contig27 contig_45
		Skipping redundant alignment 31526 31680 | 2505905 2506059 | 155 155 | 93.59 | sa_ill_sa_contig10 contig_45
		Skipping redundant alignment 90836 90999 | 2513168 2513005 | 164 164 | 99.39 | sa_ill_sa_contig3 contig_45
		Skipping redundant alignment 78536 78700 | 2513168 2513004 | 165 165 | 98.79 | sa_ill_sa_contig10 contig_45
		Skipping redundant alignment 206160 206254 | 2617830 2617924 | 95 95 | 96.84 | sa_ill_sa_contig2 contig_45
		Skipping redundant alignment 46254 46348 | 2617830 2617924 | 95 95 | 96.84 | sa_ill_sa_contig4 contig_45
		Skipping redundant alignment 206255 206363 | 2617984 2618092 | 109 109 | 99.08 | sa_ill_sa_contig2 contig_45
		Skipping redundant alignment 46349 46457 | 2617984 2618092 | 109 109 | 98.17 | sa_ill_sa_contig4 contig_45
			Looking for the best set of alignments (out of 133 total alignments)
		Ambiguity for this contig is not checked for speed up (too much alignments and --ambiguity-usage is "one")
			Skipping redundant alignments after choosing the best set of alignments
		Skipping redundant alignment 142 348 | 2617879 2618085 | 207 207 | 97.58 | sa_ill_sa_contig31 contig_45
		Skipping redundant alignment 38188 38352 | 114 278 | 165 165 | 95.76 | sa_ill_sa_contig23 contig_45
		Skipping redundant alignment 45829 46373 | 2658180 2657637 | 545 544 | 98.17 | sa_ill_sa_contig14 contig_45
		Skipping redundant alignment 249 397 | 113864 113716 | 149 149 | 100.0 | sa_ill_sa_contig34 contig_45
		Skipping redundant alignment 98002 98191 | 249301 249490 | 190 190 | 97.89 | sa_ill_sa_contig11 contig_45
		Skipping redundant alignment 45846 46038 | 249298 249490 | 193 193 | 98.45 | sa_ill_sa_contig14 contig_45
		Skipping redundant alignment 106941 107135 | 249298 249492 | 195 195 | 98.46 | sa_ill_sa_contig3 contig_45
		Skipping redundant alignment 98340 98600 | 249512 249772 | 261 261 | 95.02 | sa_ill_sa_contig11 contig_45
		Skipping redundant alignment 98340 98600 | 249512 249772 | 261 261 | 95.02 | sa_ill_sa_contig11 contig_45
		Skipping redundant alignment 46187 46447 | 249512 249772 | 261 261 | 94.64 | sa_ill_sa_contig14 contig_45
		Skipping redundant alignment 34742 34810 | 399257 399325 | 69 69 | 100.0 | sa_ill_sa_contig6 contig_45
		Skipping redundant alignment 31524 31858 | 399593 399257 | 335 337 | 92.51 | sa_ill_sa_contig10 contig_45
		Skipping redundant alignment 13419 13639 | 431075 430855 | 221 221 | 91.44 | sa_ill_sa_contig35 contig_45
		Skipping redundant alignment 29935 30062 | 431029 431158 | 128 130 | 93.85 | sa_ill_sa_contig27 contig_45
		Skipping redundant alignment 1 162 | 431029 431192 | 162 164 | 93.29 | sa_ill_sa_contig53 contig_45
		Skipping redundant alignment 2568 3906 | 448823 447455 | 1339 1369 | 91.24 | sa_ill_sa_contig35 contig_45
		Skipping redundant alignment 334 638 | 768351 768655 | 305 305 | 90.16 | sa_ill_sa_contig54 contig_45
		Skipping redundant alignment 1173 1420 | 769122 768875 | 248 248 | 90.32 | sa_ill_sa_contig46 contig_45
		Skipping redundant alignment 1 280 | 769459 769180 | 280 280 | 91.07 | sa_ill_sa_contig46 contig_45
		Skipping redundant alignment 410 549 | 769872 769733 | 140 140 | 92.86 | sa_ill_sa_contig46 contig_45
		Skipping redundant alignment 1 370 | 770281 769912 | 370 370 | 91.35 | sa_ill_sa_contig46 contig_45
		Skipping redundant alignment 337 638 | 769997 770298 | 302 302 | 90.73 | sa_ill_sa_contig54 contig_45
		Skipping redundant alignment 134184 134277 | 959124 959031 | 94 94 | 98.94 | sa_ill_sa_contig7 contig_45
		Skipping redundant alignment 98115 98262 | 959031 959178 | 148 148 | 100.0 | sa_ill_sa_contig11 contig_45
		Skipping redundant alignment 45956 46109 | 959025 959178 | 154 154 | 97.4 | sa_ill_sa_contig14 contig_45
		Skipping redundant alignment 106923 107138 | 980020 980235 | 216 216 | 99.54 | sa_ill_sa_contig3 contig_45
		Skipping redundant alignment 45829 46060 | 980021 980252 | 232 232 | 99.57 | sa_ill_sa_contig14 contig_45
		Skipping redundant alignment 97985 98221 | 980025 980260 | 237 236 | 98.31 | sa_ill_sa_contig11 contig_45
		Skipping redundant alignment 45829 46068 | 980021 980260 | 240 240 | 99.58 | sa_ill_sa_contig14 contig_45
		Skipping redundant alignment 46187 46438 | 980253 980504 | 252 252 | 97.62 | sa_ill_sa_contig14 contig_45
		Skipping redundant alignment 62390 62538 | 1179666 1179520 | 149 147 | 92.72 | sa_ill_sa_contig14 contig_45
		Skipping redundant alignment 62501 62586 | 1179812 1179727 | 86 86 | 98.84 | sa_ill_sa_contig14 contig_45
		Skipping redundant alignment 55995 56117 | 1179837 1179716 | 123 122 | 98.37 | sa_ill_sa_contig15 contig_45
		Skipping redundant alignment 62390 62604 | 1180201 1179988 | 215 214 | 94.01 | sa_ill_sa_contig14 contig_45
		Skipping redundant alignment 62501 62604 | 1229628 1229525 | 104 104 | 99.04 | sa_ill_sa_contig14 contig_45
		Skipping redundant alignment 38161 38352 | 1229653 1229463 | 192 191 | 96.35 | sa_ill_sa_contig23 contig_45
		Skipping redundant alignment 38158 38352 | 1229932 1229738 | 195 195 | 94.87 | sa_ill_sa_contig23 contig_45
		Skipping redundant alignment 1 265 | 1286277 1286541 | 265 265 | 90.57 | sa_ill_sa_contig2 contig_45
		Skipping redundant alignment 266 334 | 1286548 1286616 | 69 69 | 92.75 | sa_ill_sa_contig2 contig_45
		Skipping redundant alignment 4533 4721 | 1289959 1289771 | 189 189 | 96.3 | sa_ill_sa_contig15 contig_45
		Skipping redundant alignment 4206 4532 | 1290287 1289961 | 327 327 | 92.97 | sa_ill_sa_contig15 contig_45
		Skipping redundant alignment 3429 3620 | 2071321 2071512 | 192 192 | 99.48 | sa_ill_sa_contig19 contig_45
		Skipping redundant alignment 45962 46038 | 2071573 2071649 | 77 77 | 100.0 | sa_ill_sa_contig14 contig_45
		Skipping redundant alignment 98115 98191 | 2071573 2071649 | 77 77 | 98.7 | sa_ill_sa_contig11 contig_45
		Skipping redundant alignment 305 382 | 2549872 2549950 | 78 79 | 98.73 | sa_ill_sa_contig51 contig_45
		Skipping redundant alignment 1 161 | 2549872 2550045 | 161 174 | 92.53 | sa_ill_sa_contig51 contig_45
		Skipping redundant alignment 105 186 | 2583003 2582922 | 82 82 | 100.0 | sa_ill_sa_contig25 contig_45
		Skipping redundant alignment 164 242 | 2583007 2583085 | 79 79 | 100.0 | sa_ill_sa_contig23 contig_45
		Skipping redundant alignment 87 460 | 2584404 2584777 | 374 374 | 99.2 | sa_ill_sa_contig23 contig_45
		Skipping redundant alignment 688 765 | 2587983 2588060 | 78 78 | 100.0 | sa_ill_sa_contig51 contig_45
			The best set is below. Score: 2700471.4, number of alignments: 83, unaligned bases: 9132
		This contig is misassembled.
		This contig is partially unaligned. (Aligned 2711213 out of 2720345 non-N bases (99.66%))
			Real Alignment 1: 62389 62604 | 1 216 | 216 216 | 100.0 | sa_ill_sa_contig14 contig_45
			  Gap between these two alignments (local misassembly). Inconsistency = -258
			Excluding internal overlap of size 36 between Alignment 2 and 3: 62396 62538 | 266 408 | 143 143 --> 62396 62502 | 266 372 | 107 107
			Real Alignment 2: 62396 62502 | 266 372 | 107 107 | 98.6 | sa_ill_sa_contig14 contig_45
			  Extensive misassembly (translocation) between these two alignments
			Real Alignment 3: 203 3323 | 373 3499 | 3121 3127 | 99.49 | sa_ill_sa_contig41 contig_45
			  Not a misassembly [fragmentation of reference genome] between these two alignments
			Excluding internal overlap of size 101 between Alignment 4 and 5: 1 1706 | 3916 5624 | 1706 1709 --> 1 1604 | 3916 5523 | 1604 1608
			Real Alignment 4: 1 1604 | 3916 5523 | 1604 1608 | 99.36 | sa_ill_sa_contig8 contig_45
			  Extensive misassembly (translocation) between these two alignments
			Excluding internal overlap of size 18 between Alignment 5 and 6: 1 34443 | 39982 5524 | 34443 34459 --> 19 34443 | 39964 5524 | 34425 34441
			Real Alignment 5: 19 34443 | 39964 5524 | 34425 34441 | 99.88 | sa_ill_sa_contig24 contig_45
			  Indel (> 5bp) between these two alignments: deletion of length 18; 0 mismatches (number of Ns: 0) [fragmentation of reference genome]
			Excluding internal overlap of size 55 between Alignment 6 and 7: 1 642 | 78722 79363 | 642 642 --> 56 642 | 78777 79363 | 587 587
			Real Alignment 6: 1 38786 | 78776 39965 | 38786 38812 | 99.84 | sa_ill_sa_contig22 contig_45
			  Indel (> 5bp) between these two alignments: deletion of length 55; 0 mismatches (number of Ns: 0) [fragmentation of reference genome]
			Excluding internal overlap of size 54 between Alignment 7 and 8: 56 642 | 78777 79363 | 587 587 --> 56 588 | 78777 79309 | 533 533
			Real Alignment 7: 56 588 | 78777 79309 | 533 533 | 100.0 | sa_ill_sa_contig63 contig_45
			  Indel (> 5bp) between these two alignments: deletion of length 55; 0 mismatches (number of Ns: 0) [fragmentation of reference genome]
			Real Alignment 8: 1 34367 | 113709 79310 | 34367 34400 | 99.81 | sa_ill_sa_contig25 contig_45
			  Extensive misassembly (translocation) between these two alignments
			Real Alignment 9: 203 3323 | 113874 116992 | 3121 3119 | 99.71 | sa_ill_sa_contig41 contig_45
			  Not a misassembly [fragmentation of reference genome] between these two alignments
			Real Alignment 10: 1 131983 | 117365 249397 | 131983 132033 | 99.85 | sa_ill_sa_contig8 contig_45
			  Not a misassembly [fragmentation of reference genome] between these two alignments
			Real Alignment 11: 1 149926 | 249739 399253 | 149926 149515 | 99.53 | sa_ill_sa_contig5 contig_45
			  Not a misassembly [fragmentation of reference genome] between these two alignments
			Excluding internal overlap of size 55 between Alignment 12 and 13: 1 861 | 430158 431019 | 861 862 --> 56 861 | 430213 431019 | 806 807
			Real Alignment 12: 1 30897 | 399299 430212 | 30897 30914 | 99.86 | sa_ill_sa_contig27 contig_45
			  Indel (> 5bp) between these two alignments: deletion of length 55; 0 mismatches (number of Ns: 0) [fragmentation of reference genome]
			Real Alignment 13: 56 861 | 430213 431019 | 806 807 | 99.77 | sa_ill_sa_contig53 contig_45
			  Not a misassembly [fragmentation of reference genome] between these two alignments
			Excluding internal overlap of size 51 between Alignment 14 and 15: 5 2978 | 434114 431138 | 2974 2977 --> 56 2978 | 434063 431138 | 2923 2926
			Real Alignment 14: 56 2978 | 434063 431138 | 2923 2926 | 99.56 | sa_ill_sa_contig43 contig_45
			  Indel (> 5bp) between these two alignments: deletion of length 55; 0 mismatches (number of Ns: 0) [fragmentation of reference genome]
			Real Alignment 15: 1 13692 | 447767 434064 | 13692 13704 | 99.77 | sa_ill_sa_contig35 contig_45
			  Not a misassembly [fragmentation of reference genome] between these two alignments
			Excluding internal overlap of size 55 between Alignment 16 and 17: 1 720 | 574212 574930 | 720 719 --> 56 720 | 574267 574930 | 665 664
			Real Alignment 16: 1 125486 | 448499 574266 | 125486 125768 | 99.67 | sa_ill_sa_contig10 contig_45
			  Indel (> 5bp) between these two alignments: deletion of length 55; 0 mismatches (number of Ns: 0) [fragmentation of reference genome]
			Real Alignment 17: 56 720 | 574267 574930 | 665 664 | 99.86 | sa_ill_sa_contig60 contig_45
			  Not a misassembly [fragmentation of reference genome] between these two alignments
			Excluding internal overlap of size 55 between Alignment 18 and 19: 1 539 | 576590 576052 | 539 539 --> 56 539 | 576535 576052 | 484 484
			Real Alignment 18: 56 539 | 576535 576052 | 484 484 | 100.0 | sa_ill_sa_contig65 contig_45
			  Indel (> 5bp) between these two alignments: deletion of length 55; 0 mismatches (number of Ns: 0) [fragmentation of reference genome]
			Excluding internal overlap of size 70 between Alignment 19 and 20: 1 20896 | 597442 576536 | 20896 20907 --> 71 20896 | 597372 576536 | 20826 20837
			Real Alignment 19: 71 20896 | 597372 576536 | 20826 20837 | 99.83 | sa_ill_sa_contig32 contig_45
			  Extensive misassembly (translocation) between these two alignments
			Excluding internal overlap of size 55 between Alignment 20 and 21: 1 4636 | 727739 732379 | 4636 4641 --> 56 4636 | 727794 732379 | 4581 4586
			Real Alignment 20: 1 130429 | 727793 597373 | 130429 130421 | 99.78 | sa_ill_sa_contig9 contig_45
			  Indel (> 5bp) between these two alignments: deletion of length 55; 0 mismatches (number of Ns: 0) [fragmentation of reference genome]
			Real Alignment 21: 56 4636 | 727794 732379 | 4581 4586 | 99.78 | sa_ill_sa_contig40 contig_45
			  Not a misassembly [fragmentation of reference genome] between these two alignments
			Real Alignment 22: 1 5318 | 732380 737700 | 5318 5321 | 99.83 | sa_ill_sa_contig38 contig_45
			  Not a misassembly [fragmentation of reference genome] between these two alignments
			Excluding internal overlap of size 55 between Alignment 23 and 24: 1 4636 | 742338 737701 | 4636 4638 --> 56 4636 | 742283 737701 | 4581 4583
			Real Alignment 23: 56 4636 | 742283 737701 | 4581 4583 | 99.78 | sa_ill_sa_contig40 contig_45
			  Indel (> 5bp) between these two alignments: deletion of length 55; 0 mismatches (number of Ns: 0) [fragmentation of reference genome]
			Real Alignment 24: 1 26180 | 768474 742284 | 26180 26191 | 99.9 | sa_ill_sa_contig29 contig_45
			  Not a misassembly [fragmentation of reference genome] between these two alignments
			Real Alignment 25: 1 857 | 768839 769695 | 857 857 | 100.0 | sa_ill_sa_contig54 contig_45
			  Not a misassembly [fragmentation of reference genome] between these two alignments
			Excluding internal overlap of size 55 between Alignment 26 and 27: 1 1727 | 771955 770225 | 1727 1731 --> 56 1727 | 771900 770225 | 1672 1676
			Real Alignment 26: 56 1727 | 771900 770225 | 1672 1676 | 99.65 | sa_ill_sa_contig46 contig_45
			  Indel (> 5bp) between these two alignments: deletion of length 55; 0 mismatches (number of Ns: 0) [fragmentation of reference genome]
			Excluding internal overlap of size 54 between Alignment 27 and 28: 1 642 | 816014 815375 | 642 640 --> 1 588 | 816014 815429 | 588 586
			Real Alignment 27: 1 43683 | 771901 815428 | 43683 43528 | 99.36 | sa_ill_sa_contig18 contig_45
			  Indel (> 5bp) between these two alignments: deletion of length 55; 0 mismatches (number of Ns: 0) [fragmentation of reference genome]
			Excluding internal overlap of size 55 between Alignment 28 and 29: 1 588 | 816014 815429 | 588 586 --> 56 588 | 815959 815429 | 533 531
			Real Alignment 28: 56 588 | 815959 815429 | 533 531 | 98.75 | sa_ill_sa_contig63 contig_45
			  Indel (> 5bp) between these two alignments: deletion of length 55; 0 mismatches (number of Ns: 0) [fragmentation of reference genome]
			Real Alignment 29: 1 142808 | 815960 958892 | 142808 142933 | 99.81 | sa_ill_sa_contig6 contig_45
			  Not a misassembly [fragmentation of reference genome] between these two alignments
			Excluding internal overlap of size 55 between Alignment 30 and 31: 98002 98213 | 980041 980252 | 212 212 --> 98057 98213 | 980096 980252 | 157 157
			Real Alignment 30: 1 21042 | 959046 980095 | 21042 21050 | 99.88 | sa_ill_sa_contig31 contig_45
			  Extensive misassembly (translocation) between these two alignments
			Real Alignment 31: 98057 98213 | 980096 980252 | 157 157 | 98.58 | sa_ill_sa_contig11 contig_45
			  Gap between these two alignments (local misassembly). Inconsistency = 126
			Excluding internal overlap of size 30 between Alignment 32 and 33: 98340 98591 | 980253 980504 | 252 252 --> 98340 98561 | 980253 980474 | 222 222
			Real Alignment 32: 98340 98561 | 980253 980474 | 222 222 | 98.02 | sa_ill_sa_contig11 contig_45
			  Indel (> 5bp) between these two alignments: deletion of length 39; 0 mismatches (number of Ns: 0) [fragmentation of reference genome]
			Excluding internal overlap of size 510 between Alignment 33 and 34: 43249 70357 | 1007595 980475 | 27109 27121 --> 43758 70357 | 1007085 980475 | 26600 26611
			Real Alignment 33: 43758 70357 | 1007085 980475 | 26600 26611 | 99.32 | sa_ill_sa_contig12 contig_45
			  Overlap between these two alignments (local misassembly). Inconsistency = -511
			Excluding internal overlap of size 45 between Alignment 34 and 35: 1 44268 | 1051371 1007086 | 44268 44286 --> 46 44268 | 1051326 1007086 | 44223 44241
			Real Alignment 34: 46 44268 | 1051326 1007086 | 44223 44241 | 99.69 | sa_ill_sa_contig12 contig_45
			  Indel (> 5bp) between these two alignments: deletion of length 45; 0 mismatches (number of Ns: 0) [fragmentation of reference genome]
			Excluding internal overlap of size 55 between Alignment 35 and 36: 1 5104 | 1102004 1107106 | 5104 5103 --> 56 5104 | 1102059 1107106 | 5049 5048
			Real Alignment 35: 1 50706 | 1051327 1102058 | 50706 50732 | 99.87 | sa_ill_sa_contig17 contig_45
			  Indel (> 5bp) between these two alignments: deletion of length 55; 0 mismatches (number of Ns: 0) [fragmentation of reference genome]
			Excluding internal overlap of size 55 between Alignment 36 and 37: 56 5104 | 1102059 1107106 | 5049 5048 --> 56 5049 | 1102059 1107051 | 4994 4993
			Real Alignment 36: 56 5049 | 1102059 1107051 | 4994 4993 | 99.96 | sa_ill_sa_contig39 contig_45
			  Indel (> 5bp) between these two alignments: deletion of length 55; 0 mismatches (number of Ns: 0) [fragmentation of reference genome]
			Excluding internal overlap of size 55 between Alignment 37 and 38: 1 821 | 1122191 1121370 | 821 822 --> 1 766 | 1122191 1121425 | 766 767
			Real Alignment 37: 1 14362 | 1107052 1121424 | 14362 14373 | 99.86 | sa_ill_sa_contig33 contig_45
			  Indel (> 5bp) between these two alignments: deletion of length 55; 0 mismatches (number of Ns: 0) [fragmentation of reference genome]
			Excluding internal overlap of size 55 between Alignment 38 and 39: 1 766 | 1122191 1121425 | 766 767 --> 56 766 | 1122136 1121425 | 711 712
			Real Alignment 38: 56 766 | 1122136 1121425 | 711 712 | 99.88 | sa_ill_sa_contig55 contig_45
			  Indel (> 5bp) between these two alignments: deletion of length 55; 0 mismatches (number of Ns: 0) [fragmentation of reference genome]
			Real Alignment 39: 1 6686 | 1128827 1122137 | 6686 6691 | 99.73 | sa_ill_sa_contig37 contig_45
			  Not a misassembly [fragmentation of reference genome] between these two alignments
			Excluding internal overlap of size 55 between Alignment 40 and 41: 1 1631 | 1133270 1131640 | 1631 1631 --> 1 1576 | 1133270 1131695 | 1576 1576
			Real Alignment 40: 1 2840 | 1128854 1131694 | 2840 2841 | 99.58 | sa_ill_sa_contig44 contig_45
			  Indel (> 5bp) between these two alignments: deletion of length 55; 0 mismatches (number of Ns: 0) [fragmentation of reference genome]
			Real Alignment 41: 1 1576 | 1133270 1131695 | 1576 1576 | 99.88 | sa_ill_sa_contig47 contig_45
			  Not a misassembly [fragmentation of reference genome] between these two alignments
			Excluding internal overlap of size 55 between Alignment 42 and 43: 1 1704 | 1176041 1174337 | 1704 1705 --> 1 1649 | 1176041 1174392 | 1649 1650
			Real Alignment 42: 1 41074 | 1174391 1133297 | 41074 41095 | 99.83 | sa_ill_sa_contig20 contig_45
			  Extensive misassembly (translocation) between these two alignments
			Real Alignment 43: 1 1649 | 1176041 1174392 | 1649 1650 | 99.71 | sa_ill_sa_contig8 contig_45
			  Not a misassembly [fragmentation of reference genome] between these two alignments
			Real Alignment 44: 203 3323 | 1179555 1176429 | 3121 3127 | 99.49 | sa_ill_sa_contig41 contig_45
			  Extensive misassembly (translocation) between these two alignments
			Real Alignment 45: 38161 38352 | 1179838 1179648 | 192 191 | 95.31 | sa_ill_sa_contig23 contig_45
			  Gap between these two alignments (local misassembly). Inconsistency = -279
			Real Alignment 46: 38187 38352 | 1180091 1179926 | 166 166 | 98.8 | sa_ill_sa_contig23 contig_45
			  Gap between these two alignments (local misassembly). Inconsistency = -257
			Real Alignment 47: 1 38352 | 1218560 1180183 | 38352 38378 | 99.86 | sa_ill_sa_contig23 contig_45
			  Not a misassembly [fragmentation of reference genome] between these two alignments
			Real Alignment 48: 688 925 | 1218955 1218703 | 238 253 | 94.07 | sa_ill_sa_contig51 contig_45
			  Extensive misassembly (translocation) between these two alignments
			Real Alignment 49: 1 1703 | 1220670 1218969 | 1703 1702 | 99.47 | sa_ill_sa_contig8 contig_45
			  Not a misassembly [fragmentation of reference genome] between these two alignments
			Excluding internal overlap of size 99 between Alignment 50 and 51: 1 1704 | 1225927 1224226 | 1704 1702 --> 1 1604 | 1225927 1224325 | 1604 1603
			Real Alignment 50: 1 3323 | 1224324 1221000 | 3323 3325 | 99.64 | sa_ill_sa_contig41 contig_45
			  Extensive misassembly (translocation) between these two alignments
			Real Alignment 51: 1 1604 | 1225927 1224325 | 1604 1603 | 99.65 | sa_ill_sa_contig8 contig_45
			  Not a misassembly [fragmentation of reference genome] between these two alignments
			Real Alignment 52: 203 3323 | 1229348 1226224 | 3121 3125 | 99.68 | sa_ill_sa_contig41 contig_45
			  Extensive misassembly (translocation) between these two alignments
			Real Alignment 53: 55995 56123 | 1229652 1229525 | 129 128 | 98.45 | sa_ill_sa_contig15 contig_45
			  Gap between these two alignments (local misassembly). Inconsistency = -276
			Excluding internal overlap of size 3 between Alignment 54 and 55: 1 765 | 1285846 1286611 | 765 766 --> 4 765 | 1285849 1286611 | 762 763
			Real Alignment 54: 1 56123 | 1285848 1229800 | 56123 56049 | 99.61 | sa_ill_sa_contig15 contig_45
			  Indel (<= 5bp) between these two alignments: deletion of length 3; 0 mismatches (number of Ns: 0) [fragmentation of reference genome]
			Excluding internal overlap of size 47 between Alignment 55 and 56: 4 765 | 1285849 1286611 | 762 763 --> 4 718 | 1285849 1286564 | 715 716
			Real Alignment 55: 4 718 | 1285849 1286564 | 715 716 | 99.87 | sa_ill_sa_contig58 contig_45
			  Indel (> 5bp) between these two alignments: deletion of length 47; 0 mismatches (number of Ns: 0) [fragmentation of reference genome]
			Real Alignment 56: 1 3261 | 1289829 1286565 | 3261 3265 | 99.82 | sa_ill_sa_contig42 contig_45
			  Not a misassembly [fragmentation of reference genome] between these two alignments
			Excluding internal overlap of size 54 between Alignment 57 and 58: 1 207093 | 1502020 1709131 | 207093 207112 --> 55 207093 | 1502074 1709131 | 207039 207058
			Real Alignment 57: 1 211909 | 1290030 1502073 | 211909 212044 | 99.83 | sa_ill_sa_contig2 contig_45
			  Indel (> 5bp) between these two alignments: deletion of length 54; 0 mismatches (number of Ns: 0) [fragmentation of reference genome]
			Real Alignment 58: 55 207093 | 1502074 1709131 | 207039 207058 | 99.76 | sa_ill_sa_contig3 contig_45
			  Not a misassembly [fragmentation of reference genome] between these two alignments
			Excluding internal overlap of size 322 between Alignment 59 and 60: 77953 134302 | 1786887 1843284 | 56350 56398 --> 78271 134302 | 1787209 1843284 | 56032 56076
			Real Alignment 59: 1 78138 | 1709144 1787208 | 78138 78065 | 99.63 | sa_ill_sa_contig7 contig_45
			  Gap between these two alignments (local misassembly). Inconsistency = 132
			Real Alignment 60: 78271 134302 | 1787209 1843284 | 56032 56076 | 99.8 | sa_ill_sa_contig7 contig_45
			  Not a misassembly [fragmentation of reference genome] between these two alignments
			Excluding internal overlap of size 20 between Alignment 61 and 62: 1 50729 | 1894117 1843347 | 50729 50771 --> 21 50729 | 1894097 1843347 | 50709 50751
			Real Alignment 61: 21 50729 | 1894097 1843347 | 50709 50751 | 99.82 | sa_ill_sa_contig16 contig_45
			  Indel (> 5bp) between these two alignments: deletion of length 20; 0 mismatches (number of Ns: 0) [fragmentation of reference genome]
			Real Alignment 62: 1 177172 | 2071398 1894098 | 177172 177301 | 99.81 | sa_ill_sa_contig4 contig_45
			  Not a misassembly [fragmentation of reference genome] between these two alignments
			Excluding internal overlap of size 11 between Alignment 63 and 64: 62883 66071 | 2116568 2113374 | 3189 3195 --> 62883 66060 | 2116568 2113385 | 3178 3184
			Real Alignment 63: 1 41771 | 2071588 2113384 | 41771 41797 | 99.86 | sa_ill_sa_contig19 contig_45
			  Indel (> 5bp) between these two alignments: deletion of length 11; 0 mismatches (number of Ns: 0) [fragmentation of reference genome]
			Excluding internal overlap of size 226 between Alignment 64 and 65: 62883 66060 | 2116568 2113385 | 3178 3184 --> 63108 66060 | 2116342 2113385 | 2953 2958
			Real Alignment 64: 63108 66060 | 2116342 2113385 | 2953 2958 | 99.37 | sa_ill_sa_contig13 contig_45
			  Overlap between these two alignments (local misassembly). Inconsistency = -231
			Excluding internal overlap of size 187 between Alignment 65 and 66: 124755 125486 | 2179543 2180273 | 732 731 --> 124942 125486 | 2179730 2180273 | 545 544
			Real Alignment 65: 1 63338 | 2179729 2116343 | 63338 63387 | 99.76 | sa_ill_sa_contig13 contig_45
			  Extensive misassembly (translocation) between these two alignments
			Excluding internal overlap of size 55 between Alignment 66 and 67: 124942 125486 | 2179730 2180273 | 545 544 --> 124942 125431 | 2179730 2180218 | 490 489
			Real Alignment 66: 124942 125431 | 2179730 2180218 | 490 489 | 93.31 | sa_ill_sa_contig10 contig_45
			  Indel (> 5bp) between these two alignments: deletion of length 55; 0 mismatches (number of Ns: 0) [fragmentation of reference genome]
			Real Alignment 67: 1 720 | 2180219 2180938 | 720 720 | 98.89 | sa_ill_sa_contig60 contig_45
			  Not a misassembly [fragmentation of reference genome] between these two alignments
			Excluding internal overlap of size 55 between Alignment 68 and 69: 1 539 | 2182593 2182055 | 539 539 --> 56 539 | 2182538 2182055 | 484 484
			Real Alignment 68: 56 539 | 2182538 2182055 | 484 484 | 99.07 | sa_ill_sa_contig65 contig_45
			  Indel (> 5bp) between these two alignments: deletion of length 55; 0 mismatches (number of Ns: 0) [fragmentation of reference genome]
			Excluding internal overlap of size 55 between Alignment 69 and 70: 1 1418 | 2405986 2407409 | 1418 1424 --> 56 1418 | 2406041 2407409 | 1363 1369
			Real Alignment 69: 1 223346 | 2406040 2182539 | 223346 223502 | 99.82 | sa_ill_sa_contig1 contig_45
			  Indel (> 5bp) between these two alignments: deletion of length 55; 0 mismatches (number of Ns: 0) [fragmentation of reference genome]
			Excluding internal overlap of size 35 between Alignment 70 and 71: 56 1418 | 2406041 2407409 | 1363 1369 --> 56 1384 | 2406041 2407374 | 1329 1334
			Real Alignment 70: 56 1384 | 2406041 2407374 | 1329 1334 | 99.51 | sa_ill_sa_contig48 contig_45
			  Indel (> 5bp) between these two alignments: deletion of length 34; 0 mismatches (number of Ns: 0) [fragmentation of reference genome]
			Excluding internal overlap of size 55 between Alignment 71 and 72: 1 7163 | 2505974 2513139 | 7163 7166 --> 56 7163 | 2506029 2513139 | 7108 7111
			Real Alignment 71: 1 98600 | 2506028 2407375 | 98600 98654 | 99.85 | sa_ill_sa_contig11 contig_45
			  Indel (> 5bp) between these two alignments: deletion of length 55; 0 mismatches (number of Ns: 0) [fragmentation of reference genome]
			Excluding internal overlap of size 26 between Alignment 72 and 73: 56 7163 | 2506029 2513139 | 7108 7111 --> 56 7137 | 2506029 2513113 | 7082 7085
			Real Alignment 72: 56 7137 | 2506029 2513113 | 7082 7085 | 99.85 | sa_ill_sa_contig36 contig_45
			  Indel (> 5bp) between these two alignments: deletion of length 26; 0 mismatches (number of Ns: 0) [fragmentation of reference genome]
			Excluding internal overlap of size 55 between Alignment 73 and 74: 1 821 | 2534854 2535675 | 821 822 --> 56 821 | 2534909 2535675 | 766 767
			Real Alignment 73: 1 21790 | 2534908 2513114 | 21790 21795 | 99.87 | sa_ill_sa_contig30 contig_45
			  Indel (> 5bp) between these two alignments: deletion of length 55; 0 mismatches (number of Ns: 0) [fragmentation of reference genome]
			Excluding internal overlap of size 55 between Alignment 74 and 75: 56 821 | 2534909 2535675 | 766 767 --> 56 766 | 2534909 2535620 | 711 712
			Real Alignment 74: 56 766 | 2534909 2535620 | 711 712 | 99.03 | sa_ill_sa_contig55 contig_45
			  Indel (> 5bp) between these two alignments: deletion of length 55; 0 mismatches (number of Ns: 0) [fragmentation of reference genome]
			Real Alignment 75: 1 14210 | 2549837 2535621 | 14210 14217 | 99.85 | sa_ill_sa_contig34 contig_45
			  Not a misassembly [fragmentation of reference genome] between these two alignments
			Real Alignment 76: 1 32969 | 2549991 2582976 | 32969 32986 | 99.79 | sa_ill_sa_contig26 contig_45
			  Gap between these two alignments (local misassembly). Inconsistency = 1 [fragmentation of reference genome]
			Real Alignment 77: 2 925 | 2583181 2584098 | 924 918 | 97.95 | sa_ill_sa_contig51 contig_45
			  Extensive misassembly (translocation) between these two alignments
			Real Alignment 78: 198 3323 | 2584655 2587780 | 3126 3126 | 99.65 | sa_ill_sa_contig41 contig_45
			  Not a misassembly [fragmentation of reference genome] between these two alignments
			Excluding internal overlap of size 96 between Alignment 79 and 80: 1 1701 | 2588202 2589901 | 1701 1700 --> 1 1604 | 2588202 2589805 | 1604 1604
			Real Alignment 79: 1 1604 | 2588202 2589805 | 1604 1604 | 99.47 | sa_ill_sa_contig8 contig_45
			  Extensive misassembly (translocation) between these two alignments
			Real Alignment 80: 1 28120 | 2589806 2617935 | 28120 28130 | 99.85 | sa_ill_sa_contig28 contig_45
			  Not a misassembly [fragmentation of reference genome] between these two alignments
			Excluding internal overlap of size 55 between Alignment 81 and 82: 97985 98526 | 2658176 2657637 | 542 540 --> 97985 98471 | 2658176 2657692 | 487 485
			Real Alignment 81: 1 39729 | 2617940 2657691 | 39729 39752 | 99.87 | sa_ill_sa_contig21 contig_45
			  Gap between these two alignments (local misassembly). Inconsistency = 129 [fragmentation of reference genome]
			Excluding internal overlap of size 106 between Alignment 82 and 83: 97985 98471 | 2658176 2657692 | 487 485 --> 98092 98471 | 2658070 2657692 | 380 379
			Real Alignment 82: 98092 98471 | 2658070 2657692 | 380 379 | 97.97 | sa_ill_sa_contig11 contig_45
			  Extensive misassembly (translocation) between these two alignments
			Real Alignment 83: 1 62389 | 2658071 2720345 | 62389 62275 | 99.58 | sa_ill_sa_contig14 contig_45
		Unaligned bases: 9132

CONTIG: contig_2 (4045286bp)
Best alignment score: 2526.3 (LEN: 2807, IDY: 90.00), Total number of alignments: 63
			Looking for the best set of alignments (out of 63 total alignments)
			Skipping redundant alignments after choosing the best set of alignments
		Skipping redundant alignment 169463 169621 | 1678374 1678532 | 159 159 | 93.12 | sa_ill_sa_contig3 contig_2
		Skipping redundant alignment 20693 20826 | 2881160 2881027 | 134 134 | 91.04 | sa_ill_sa_contig15 contig_2
		Skipping redundant alignment 165 240 | 1680059 1680134 | 76 76 | 96.05 | sa_ill_sa_contig23 contig_2
		Skipping redundant alignment 254 327 | 1680164 1680237 | 74 74 | 95.95 | sa_ill_sa_contig23 contig_2
		Skipping redundant alignment 689 766 | 2914279 2914202 | 78 78 | 96.15 | sa_ill_sa_contig51 contig_2
		Skipping redundant alignment 689 766 | 2759254 2759177 | 78 78 | 97.44 | sa_ill_sa_contig51 contig_2
		Skipping redundant alignment 689 766 | 2779865 2779788 | 78 78 | 97.44 | sa_ill_sa_contig51 contig_2
		Skipping redundant alignment 105 270 | 2942556 2942720 | 166 165 | 96.41 | sa_ill_sa_contig25 contig_2
		Skipping redundant alignment 169463 169621 | 3273884 3273725 | 159 160 | 93.79 | sa_ill_sa_contig3 contig_2
		Skipping redundant alignment 198 275 | 3274006 3274083 | 78 78 | 97.44 | sa_ill_sa_contig25 contig_2
		Skipping redundant alignment 34155 34242 | 3274358 3274446 | 88 89 | 96.63 | sa_ill_sa_contig24 contig_2
		Skipping redundant alignment 601 667 | 2818031 2817965 | 67 67 | 100.0 | sa_ill_sa_contig51 contig_2
		Skipping redundant alignment 254 327 | 2843295 2843222 | 74 74 | 97.3 | sa_ill_sa_contig23 contig_2
		Skipping redundant alignment 165 240 | 2843372 2843297 | 76 76 | 96.05 | sa_ill_sa_contig23 contig_2
		Skipping redundant alignment 788 861 | 2843975 2843902 | 74 74 | 97.3 | sa_ill_sa_contig51 contig_2
		Skipping redundant alignment 689 766 | 2844061 2843984 | 78 78 | 97.44 | sa_ill_sa_contig51 contig_2
		Skipping redundant alignment 788 861 | 2914193 2914120 | 74 74 | 97.3 | sa_ill_sa_contig51 contig_2
		Skipping redundant alignment 105 190 | 3671272 3671358 | 86 87 | 97.7 | sa_ill_sa_contig25 contig_2
		Skipping redundant alignment 32826 32901 | 3671436 3671361 | 76 76 | 94.74 | sa_ill_sa_contig26 contig_2
		Skipping redundant alignment 32667 32748 | 3671618 3671537 | 82 82 | 95.12 | sa_ill_sa_contig26 contig_2
		This contig has several significant sets of alignments. [An ambiguously mapped contig]
		Using only the very best set (option --ambiguity-usage is set to "one").
			The best set is below. Score: 28529.0, number of alignments: 43, unaligned bases: 4009441
		This contig is misassembled.
		This contig is partially unaligned. (Aligned 35845 out of 4045286 non-N bases (0.89%))
			Warning! This contig is more unaligned than misassembled. Contig length is 4045286 (number of Ns: 0) and total length of all aligns is 35845
		Alignment: 492 565 | 1679240 1679313 | 74 74 | 93.24 | sa_ill_sa_contig51 contig_2
		Alignment: 589 679 | 1679314 1679404 | 91 91 | 90.11 | sa_ill_sa_contig51 contig_2
		Alignment: 691 765 | 1679412 1679486 | 75 75 | 97.33 | sa_ill_sa_contig51 contig_2
		Alignment: 788 861 | 1679494 1679567 | 74 74 | 97.3 | sa_ill_sa_contig51 contig_2
		Alignment: 497 3301 | 1680625 1683431 | 2805 2807 | 90.0 | sa_ill_sa_contig41 contig_2
		Alignment: 35 1591 | 1683602 1685156 | 1557 1555 | 91.96 | sa_ill_sa_contig8 contig_2
		Alignment: 35 1591 | 2758999 2757446 | 1557 1554 | 91.96 | sa_ill_sa_contig8 contig_2
		Alignment: 2615 2916 | 2760035 2759734 | 302 302 | 93.38 | sa_ill_sa_contig41 contig_2
		Alignment: 1867 2316 | 2760784 2760335 | 450 450 | 90.89 | sa_ill_sa_contig41 contig_2
		Alignment: 499 1540 | 2762152 2761111 | 1042 1042 | 94.24 | sa_ill_sa_contig41 contig_2
		Alignment: 35 1591 | 2779610 2778056 | 1557 1555 | 91.96 | sa_ill_sa_contig8 contig_2
		Alignment: 2676 2916 | 2780585 2780345 | 241 241 | 95.44 | sa_ill_sa_contig41 contig_2
		Alignment: 1867 2316 | 2781396 2780947 | 450 450 | 90.89 | sa_ill_sa_contig41 contig_2
		Alignment: 1069 1540 | 2782194 2781723 | 472 472 | 91.53 | sa_ill_sa_contig41 contig_2
		Alignment: 497 1067 | 2782765 2782195 | 571 571 | 96.67 | sa_ill_sa_contig41 contig_2
		Alignment: 35 1591 | 2839936 2838382 | 1557 1555 | 92.03 | sa_ill_sa_contig8 contig_2
		Alignment: 497 3301 | 2842914 2840108 | 2805 2807 | 90.0 | sa_ill_sa_contig41 contig_2
		Alignment: 35 1591 | 2845859 2844305 | 1557 1555 | 92.03 | sa_ill_sa_contig8 contig_2
		Alignment: 2985 3122 | 2846346 2846209 | 138 138 | 91.3 | sa_ill_sa_contig41 contig_2
		Alignment: 2615 2916 | 2846717 2846416 | 302 302 | 93.38 | sa_ill_sa_contig41 contig_2
		Alignment: 2002 2316 | 2847330 2847016 | 315 315 | 90.48 | sa_ill_sa_contig41 contig_2
		Alignment: 1867 2001 | 2847466 2847332 | 135 135 | 91.85 | sa_ill_sa_contig41 contig_2
		Alignment: 497 1540 | 2848836 2847793 | 1044 1044 | 94.25 | sa_ill_sa_contig41 contig_2
		Alignment: 35 1591 | 2910397 2908843 | 1557 1555 | 91.9 | sa_ill_sa_contig8 contig_2
		Alignment: 2615 2916 | 2911256 2910955 | 302 302 | 93.38 | sa_ill_sa_contig41 contig_2
		Alignment: 1867 2316 | 2912005 2911556 | 450 450 | 90.89 | sa_ill_sa_contig41 contig_2
		Alignment: 497 1540 | 2913375 2912332 | 1044 1044 | 94.25 | sa_ill_sa_contig41 contig_2
		Alignment: 35 1591 | 2916010 2914456 | 1557 1555 | 91.9 | sa_ill_sa_contig8 contig_2
		Alignment: 2688 2916 | 2916796 2916568 | 229 229 | 95.63 | sa_ill_sa_contig41 contig_2
		Alignment: 1867 2316 | 2917616 2917167 | 450 450 | 90.89 | sa_ill_sa_contig41 contig_2
		Alignment: 497 1540 | 2918986 2917943 | 1044 1044 | 94.25 | sa_ill_sa_contig41 contig_2
		Alignment: 35 1591 | 2921008 2919455 | 1557 1554 | 91.84 | sa_ill_sa_contig8 contig_2
		Alignment: 2615 2916 | 2921867 2921566 | 302 302 | 93.38 | sa_ill_sa_contig41 contig_2
		Alignment: 1867 2316 | 2922616 2922167 | 450 450 | 90.67 | sa_ill_sa_contig41 contig_2
		Alignment: 497 1540 | 2923986 2922943 | 1044 1044 | 94.25 | sa_ill_sa_contig41 contig_2
		Alignment: 35 1591 | 3374433 3372879 | 1557 1555 | 92.03 | sa_ill_sa_contig8 contig_2
		Alignment: 2615 2916 | 3375292 3374991 | 302 302 | 93.38 | sa_ill_sa_contig41 contig_2
		Alignment: 1867 2316 | 3376041 3375592 | 450 450 | 90.89 | sa_ill_sa_contig41 contig_2
		Alignment: 497 1540 | 3377411 3376368 | 1044 1044 | 94.16 | sa_ill_sa_contig41 contig_2
		Alignment: 35 1591 | 3667172 3665618 | 1557 1555 | 92.03 | sa_ill_sa_contig8 contig_2
		Alignment: 2615 2916 | 3668031 3667730 | 302 302 | 93.38 | sa_ill_sa_contig41 contig_2
		Alignment: 1867 2316 | 3668780 3668331 | 450 450 | 90.89 | sa_ill_sa_contig41 contig_2
		Alignment: 497 1540 | 3670150 3669107 | 1044 1044 | 94.25 | sa_ill_sa_contig41 contig_2
		Unaligned bases: 4009441

CONTIG: contig_24 (2991945bp)
Best alignment score: 1409.5 (LEN: 1551, IDY: 90.88), Total number of alignments: 67
			Looking for the best set of alignments (out of 67 total alignments)
			Skipping redundant alignments after choosing the best set of alignments
		Skipping redundant alignment 492 565 | 1786780 1786707 | 74 74 | 95.95 | sa_ill_sa_contig51 contig_24
		Skipping redundant alignment 106204 106292 | 2093207 2093119 | 89 89 | 91.01 | sa_ill_sa_contig6 contig_24
		Skipping redundant alignment 689 759 | 1079561 1079491 | 71 71 | 98.59 | sa_ill_sa_contig51 contig_24
		Skipping redundant alignment 681 862 | 290945 291121 | 182 177 | 92.9 | sa_ill_sa_contig51 contig_24
		Skipping redundant alignment 106 324 | 1304135 1303912 | 219 224 | 91.56 | sa_ill_sa_contig25 contig_24
		Skipping redundant alignment 106080 106188 | 2093331 2093223 | 109 109 | 91.74 | sa_ill_sa_contig6 contig_24
		Skipping redundant alignment 689 759 | 532615 532685 | 71 71 | 98.59 | sa_ill_sa_contig51 contig_24
		Skipping redundant alignment 787 862 | 1786485 1786410 | 76 76 | 100.0 | sa_ill_sa_contig51 contig_24
		Skipping redundant alignment 691 768 | 1786580 1786503 | 78 78 | 97.44 | sa_ill_sa_contig51 contig_24
		This contig has several significant sets of alignments. [An ambiguously mapped contig]
		Using only the very best set (option --ambiguity-usage is set to "one").
			The best set is below. Score: 16717.6, number of alignments: 58, unaligned bases: 2970519
		This contig is misassembled.
		This contig is partially unaligned. (Aligned 21426 out of 2991945 non-N bases (0.72%))
			Warning! This contig is more unaligned than misassembled. Contig length is 2991945 (number of Ns: 0) and total length of all aligns is 21426
		Alignment: 497 577 | 286058 286138 | 81 81 | 92.59 | sa_ill_sa_contig41 contig_24
		Alignment: 589 1151 | 286150 286712 | 563 563 | 93.25 | sa_ill_sa_contig41 contig_24
		Alignment: 1158 1540 | 286719 287101 | 383 383 | 94.78 | sa_ill_sa_contig41 contig_24
		Alignment: 1559 1639 | 287121 287201 | 81 81 | 97.53 | sa_ill_sa_contig41 contig_24
		Alignment: 1871 2057 | 287431 287617 | 187 187 | 90.37 | sa_ill_sa_contig41 contig_24
		Alignment: 2099 2316 | 287664 287881 | 218 218 | 91.74 | sa_ill_sa_contig41 contig_24
		Alignment: 2614 2917 | 288181 288484 | 304 304 | 93.09 | sa_ill_sa_contig41 contig_24
		Alignment: 3042 3136 | 288611 288705 | 95 95 | 90.53 | sa_ill_sa_contig41 contig_24
		Alignment: 38 1590 | 289121 290671 | 1553 1551 | 90.88 | sa_ill_sa_contig8 contig_24
		Alignment: 497 577 | 292078 292158 | 81 81 | 92.59 | sa_ill_sa_contig41 contig_24
		Alignment: 589 839 | 292170 292420 | 251 251 | 97.21 | sa_ill_sa_contig41 contig_24
		Alignment: 841 1151 | 292421 292731 | 311 311 | 90.03 | sa_ill_sa_contig41 contig_24
		Alignment: 1158 1540 | 292738 293120 | 383 383 | 94.78 | sa_ill_sa_contig41 contig_24
		Alignment: 1559 1639 | 293140 293220 | 81 81 | 97.53 | sa_ill_sa_contig41 contig_24
		Alignment: 1871 2056 | 293450 293635 | 186 186 | 90.32 | sa_ill_sa_contig41 contig_24
		Alignment: 2099 2316 | 293683 293900 | 218 218 | 91.74 | sa_ill_sa_contig41 contig_24
		Alignment: 2614 2844 | 294200 294430 | 231 231 | 93.94 | sa_ill_sa_contig41 contig_24
		Alignment: 2846 2917 | 294431 294502 | 72 72 | 90.28 | sa_ill_sa_contig41 contig_24
		Alignment: 2985 3136 | 294571 294722 | 152 152 | 92.11 | sa_ill_sa_contig41 contig_24
		Alignment: 38 1590 | 295137 296686 | 1553 1550 | 90.75 | sa_ill_sa_contig8 contig_24
		Alignment: 497 577 | 529620 529700 | 81 81 | 92.59 | sa_ill_sa_contig41 contig_24
		Alignment: 589 1151 | 529712 530274 | 563 563 | 93.25 | sa_ill_sa_contig41 contig_24
		Alignment: 1158 1540 | 530281 530663 | 383 383 | 94.78 | sa_ill_sa_contig41 contig_24
		Alignment: 1559 1639 | 530683 530763 | 81 81 | 97.53 | sa_ill_sa_contig41 contig_24
		Alignment: 1871 2057 | 530993 531179 | 187 187 | 90.37 | sa_ill_sa_contig41 contig_24
		Alignment: 2099 2316 | 531226 531443 | 218 218 | 91.74 | sa_ill_sa_contig41 contig_24
		Alignment: 2614 2917 | 531743 532046 | 304 304 | 93.09 | sa_ill_sa_contig41 contig_24
		Alignment: 2985 3136 | 532115 532266 | 152 152 | 92.11 | sa_ill_sa_contig41 contig_24
		Alignment: 38 1590 | 532933 534483 | 1553 1551 | 90.82 | sa_ill_sa_contig8 contig_24
		Alignment: 20320 20490 | 581899 582069 | 171 171 | 90.64 | sa_ill_sa_contig15 contig_24
		Alignment: 20702 20898 | 582281 582477 | 197 197 | 90.86 | sa_ill_sa_contig15 contig_24
		Alignment: 38 1590 | 1079243 1077693 | 1553 1551 | 90.82 | sa_ill_sa_contig8 contig_24
		Alignment: 2985 3136 | 1080061 1079910 | 152 152 | 92.11 | sa_ill_sa_contig41 contig_24
		Alignment: 2614 2917 | 1080433 1080130 | 304 304 | 93.09 | sa_ill_sa_contig41 contig_24
		Alignment: 2099 2316 | 1080950 1080733 | 218 218 | 91.74 | sa_ill_sa_contig41 contig_24
		Alignment: 1871 2057 | 1081183 1080997 | 187 187 | 90.37 | sa_ill_sa_contig41 contig_24
		Alignment: 1559 1639 | 1081493 1081413 | 81 81 | 97.53 | sa_ill_sa_contig41 contig_24
		Alignment: 1158 1540 | 1081895 1081513 | 383 383 | 94.78 | sa_ill_sa_contig41 contig_24
		Alignment: 589 1151 | 1082464 1081902 | 563 563 | 93.25 | sa_ill_sa_contig41 contig_24
		Alignment: 497 577 | 1082556 1082476 | 81 81 | 92.59 | sa_ill_sa_contig41 contig_24
		Alignment: 38 1590 | 1677722 1676173 | 1553 1550 | 90.75 | sa_ill_sa_contig8 contig_24
		Alignment: 2985 3136 | 1678289 1678138 | 152 152 | 92.11 | sa_ill_sa_contig41 contig_24
		Alignment: 2614 2917 | 1678661 1678358 | 304 304 | 93.09 | sa_ill_sa_contig41 contig_24
		Alignment: 2099 2316 | 1679178 1678961 | 218 218 | 91.74 | sa_ill_sa_contig41 contig_24
		Alignment: 1871 2057 | 1679411 1679225 | 187 187 | 90.37 | sa_ill_sa_contig41 contig_24
		Alignment: 1559 1639 | 1679721 1679641 | 81 81 | 97.53 | sa_ill_sa_contig41 contig_24
		Alignment: 1158 1540 | 1680123 1679741 | 383 383 | 94.78 | sa_ill_sa_contig41 contig_24
		Alignment: 589 1151 | 1680692 1680130 | 563 563 | 93.25 | sa_ill_sa_contig41 contig_24
		Alignment: 497 577 | 1680784 1680704 | 81 81 | 92.59 | sa_ill_sa_contig41 contig_24
		Alignment: 38 1590 | 1782396 1780846 | 1553 1551 | 90.82 | sa_ill_sa_contig8 contig_24
		Alignment: 2985 3136 | 1782963 1782812 | 152 152 | 92.11 | sa_ill_sa_contig41 contig_24
		Alignment: 2614 2917 | 1783335 1783032 | 304 304 | 93.09 | sa_ill_sa_contig41 contig_24
		Alignment: 2099 2316 | 1783852 1783635 | 218 218 | 91.74 | sa_ill_sa_contig41 contig_24
		Alignment: 1871 2057 | 1784084 1783898 | 187 187 | 90.37 | sa_ill_sa_contig41 contig_24
		Alignment: 1559 1639 | 1784394 1784314 | 81 81 | 97.53 | sa_ill_sa_contig41 contig_24
		Alignment: 1158 1540 | 1784796 1784414 | 383 383 | 94.78 | sa_ill_sa_contig41 contig_24
		Alignment: 589 1151 | 1785365 1784803 | 563 563 | 93.25 | sa_ill_sa_contig41 contig_24
		Alignment: 497 577 | 1785457 1785377 | 81 81 | 92.59 | sa_ill_sa_contig41 contig_24
		Unaligned bases: 2970519

CONTIG: contig_31 (1934980bp)
Best alignment score: 560.0 (LEN: 600, IDY: 93.33), Total number of alignments: 36
			Looking for the best set of alignments (out of 36 total alignments)
			Skipping redundant alignments after choosing the best set of alignments
		Skipping redundant alignment 567 826 | 145279 145538 | 260 260 | 91.54 | sa_ill_sa_contig8 contig_31
		This contig has several significant sets of alignments. [An ambiguously mapped contig]
		Using only the very best set (option --ambiguity-usage is set to "one").
			The best set is below. Score: 5005.0, number of alignments: 35, unaligned bases: 1927110
		This contig is misassembled.
		This contig is partially unaligned. (Aligned 7870 out of 1934980 non-N bases (0.41%))
			Warning! This contig is more unaligned than misassembled. Contig length is 1934980 (number of Ns: 0) and total length of all aligns is 7870
		Alignment: 589 817 | 65084 65312 | 229 229 | 98.25 | sa_ill_sa_contig41 contig_31
		Alignment: 819 1031 | 65313 65525 | 213 213 | 93.43 | sa_ill_sa_contig41 contig_31
		Alignment: 1150 1543 | 65642 66035 | 394 394 | 90.61 | sa_ill_sa_contig41 contig_31
		Alignment: 2105 2299 | 66589 66783 | 195 195 | 93.33 | sa_ill_sa_contig41 contig_31
		Alignment: 2342 2421 | 66826 66905 | 80 80 | 90.0 | sa_ill_sa_contig41 contig_31
		Alignment: 3008 3122 | 67495 67609 | 115 115 | 91.3 | sa_ill_sa_contig41 contig_31
		Alignment: 471 545 | 68619 68693 | 75 75 | 98.67 | sa_ill_sa_contig8 contig_31
		Alignment: 567 826 | 68713 68972 | 260 260 | 91.54 | sa_ill_sa_contig8 contig_31
		Alignment: 589 1095 | 142099 142605 | 507 507 | 95.66 | sa_ill_sa_contig41 contig_31
		Alignment: 1150 1543 | 142660 143053 | 394 394 | 90.61 | sa_ill_sa_contig41 contig_31
		Alignment: 2105 2299 | 143579 143773 | 195 195 | 93.33 | sa_ill_sa_contig41 contig_31
		Alignment: 2342 2421 | 143816 143895 | 80 80 | 90.0 | sa_ill_sa_contig41 contig_31
		Alignment: 496 1095 | 177074 177673 | 600 600 | 93.33 | sa_ill_sa_contig41 contig_31
		Alignment: 1150 1543 | 177728 178121 | 394 394 | 90.61 | sa_ill_sa_contig41 contig_31
		Alignment: 1561 1674 | 178129 178242 | 114 114 | 95.61 | sa_ill_sa_contig41 contig_31
		Alignment: 2105 2299 | 178439 178633 | 195 195 | 93.33 | sa_ill_sa_contig41 contig_31
		Alignment: 2342 2421 | 178676 178755 | 80 80 | 90.0 | sa_ill_sa_contig41 contig_31
		Alignment: 3008 3122 | 179341 179455 | 115 115 | 91.3 | sa_ill_sa_contig41 contig_31
		Alignment: 471 545 | 180270 180344 | 75 75 | 98.67 | sa_ill_sa_contig8 contig_31
		Alignment: 576 826 | 180366 180616 | 251 251 | 91.24 | sa_ill_sa_contig8 contig_31
		Alignment: 567 826 | 840556 840297 | 260 260 | 91.54 | sa_ill_sa_contig8 contig_31
		Alignment: 471 545 | 840650 840576 | 75 75 | 98.67 | sa_ill_sa_contig8 contig_31
		Alignment: 3008 3122 | 841574 841460 | 115 115 | 91.3 | sa_ill_sa_contig41 contig_31
		Alignment: 2342 2421 | 842241 842162 | 80 80 | 90.0 | sa_ill_sa_contig41 contig_31
		Alignment: 2105 2299 | 842478 842284 | 195 195 | 93.33 | sa_ill_sa_contig41 contig_31
		Alignment: 1271 1543 | 843305 843033 | 273 273 | 93.04 | sa_ill_sa_contig41 contig_31
		Alignment: 589 1071 | 843816 843334 | 483 483 | 96.07 | sa_ill_sa_contig41 contig_31
		Alignment: 496 1095 | 1652027 1652626 | 600 600 | 93.33 | sa_ill_sa_contig41 contig_31
		Alignment: 1235 1543 | 1652765 1653073 | 309 309 | 91.91 | sa_ill_sa_contig41 contig_31
		Alignment: 2105 2299 | 1653628 1653822 | 195 195 | 93.33 | sa_ill_sa_contig41 contig_31
		Alignment: 2342 2421 | 1653865 1653944 | 80 80 | 90.0 | sa_ill_sa_contig41 contig_31
		Alignment: 3008 3122 | 1654534 1654648 | 115 115 | 91.3 | sa_ill_sa_contig41 contig_31
		Alignment: 38 231 | 1655022 1655215 | 194 194 | 91.24 | sa_ill_sa_contig8 contig_31
		Alignment: 471 545 | 1655465 1655539 | 75 75 | 98.67 | sa_ill_sa_contig8 contig_31
		Alignment: 567 826 | 1655559 1655818 | 260 260 | 91.54 | sa_ill_sa_contig8 contig_31
		Unaligned bases: 1927110

CONTIG: contig_33 (4758019bp)
Best alignment score: 209.0 (LEN: 230, IDY: 90.87), Total number of alignments: 35
			Looking for the best set of alignments (out of 35 total alignments)
			The best set is below. Score: 772.2, number of alignments: 35, unaligned bases: 4753652
		This contig is misassembled.
		This contig is partially unaligned. (Aligned 4367 out of 4758019 non-N bases (0.09%))
			Warning! This contig is more unaligned than misassembled. Contig length is 4758019 (number of Ns: 0) and total length of all aligns is 4367
		Alignment: 671 900 | 806619 806848 | 230 230 | 90.87 | sa_ill_sa_contig41 contig_33
		Alignment: 1309 1402 | 807257 807350 | 94 94 | 96.81 | sa_ill_sa_contig41 contig_33
		Alignment: 455 542 | 810000 810087 | 88 88 | 90.91 | sa_ill_sa_contig8 contig_33
		Alignment: 590 729 | 810133 810272 | 140 140 | 91.43 | sa_ill_sa_contig8 contig_33
		Alignment: 769 840 | 810311 810382 | 72 72 | 95.83 | sa_ill_sa_contig8 contig_33
		Alignment: 671 900 | 1472815 1473044 | 230 230 | 90.87 | sa_ill_sa_contig41 contig_33
		Alignment: 1309 1402 | 1473453 1473546 | 94 94 | 96.81 | sa_ill_sa_contig41 contig_33
		Alignment: 455 542 | 1476197 1476284 | 88 88 | 90.91 | sa_ill_sa_contig8 contig_33
		Alignment: 590 729 | 1476330 1476469 | 140 140 | 91.43 | sa_ill_sa_contig8 contig_33
		Alignment: 769 840 | 1476508 1476579 | 72 72 | 95.83 | sa_ill_sa_contig8 contig_33
		Alignment: 769 840 | 1993029 1992958 | 72 72 | 95.83 | sa_ill_sa_contig8 contig_33
		Alignment: 590 729 | 1993207 1993068 | 140 140 | 91.43 | sa_ill_sa_contig8 contig_33
		Alignment: 455 542 | 1993340 1993253 | 88 88 | 90.91 | sa_ill_sa_contig8 contig_33
		Alignment: 1309 1402 | 1996243 1996150 | 94 94 | 96.81 | sa_ill_sa_contig41 contig_33
		Alignment: 671 900 | 1996881 1996652 | 230 230 | 90.87 | sa_ill_sa_contig41 contig_33
		Alignment: 769 840 | 2088119 2088048 | 72 72 | 95.83 | sa_ill_sa_contig8 contig_33
		Alignment: 590 729 | 2088297 2088158 | 140 140 | 91.43 | sa_ill_sa_contig8 contig_33
		Alignment: 455 542 | 2088430 2088343 | 88 88 | 90.91 | sa_ill_sa_contig8 contig_33
		Alignment: 1309 1402 | 2091174 2091081 | 94 94 | 96.81 | sa_ill_sa_contig41 contig_33
		Alignment: 671 900 | 2091812 2091583 | 230 230 | 90.87 | sa_ill_sa_contig41 contig_33
		Alignment: 769 840 | 2243344 2243273 | 72 72 | 95.83 | sa_ill_sa_contig8 contig_33
		Alignment: 590 729 | 2243522 2243383 | 140 140 | 91.43 | sa_ill_sa_contig8 contig_33
		Alignment: 455 542 | 2243655 2243568 | 88 88 | 90.91 | sa_ill_sa_contig8 contig_33
		Alignment: 1309 1402 | 2246557 2246464 | 94 94 | 96.81 | sa_ill_sa_contig41 contig_33
		Alignment: 671 900 | 2247195 2246966 | 230 230 | 90.87 | sa_ill_sa_contig41 contig_33
		Alignment: 769 840 | 2286252 2286181 | 72 72 | 95.83 | sa_ill_sa_contig8 contig_33
		Alignment: 590 729 | 2286430 2286291 | 140 140 | 91.43 | sa_ill_sa_contig8 contig_33
		Alignment: 455 542 | 2286563 2286476 | 88 88 | 90.91 | sa_ill_sa_contig8 contig_33
		Alignment: 1309 1402 | 2289307 2289214 | 94 94 | 96.81 | sa_ill_sa_contig41 contig_33
		Alignment: 671 900 | 2289945 2289716 | 230 230 | 90.87 | sa_ill_sa_contig41 contig_33
		Alignment: 769 840 | 3035720 3035649 | 72 72 | 95.83 | sa_ill_sa_contig8 contig_33
		Alignment: 590 729 | 3035898 3035759 | 140 140 | 91.43 | sa_ill_sa_contig8 contig_33
		Alignment: 455 542 | 3036031 3035944 | 88 88 | 90.91 | sa_ill_sa_contig8 contig_33
		Alignment: 1309 1402 | 3039034 3038941 | 94 94 | 96.81 | sa_ill_sa_contig41 contig_33
		Alignment: 671 900 | 3039671 3039443 | 230 229 | 90.87 | sa_ill_sa_contig41 contig_33
		Unaligned bases: 4753652

CONTIG: contig_34 (4764920bp)
Best alignment score: 209.0 (LEN: 230, IDY: 90.87), Total number of alignments: 35
			Looking for the best set of alignments (out of 35 total alignments)
			The best set is below. Score: 667.9, number of alignments: 35, unaligned bases: 4760685
		This contig is misassembled.
		This contig is partially unaligned. (Aligned 4235 out of 4764920 non-N bases (0.09%))
			Warning! This contig is more unaligned than misassembled. Contig length is 4764920 (number of Ns: 0) and total length of all aligns is 4235
		Alignment: 671 900 | 304153 304382 | 230 230 | 90.87 | sa_ill_sa_contig41 contig_34
		Alignment: 1309 1402 | 304791 304884 | 94 94 | 96.81 | sa_ill_sa_contig41 contig_34
		Alignment: 455 542 | 307609 307696 | 88 88 | 90.91 | sa_ill_sa_contig8 contig_34
		Alignment: 590 709 | 307742 307861 | 120 120 | 93.33 | sa_ill_sa_contig8 contig_34
		Alignment: 769 841 | 307920 307992 | 73 73 | 95.89 | sa_ill_sa_contig8 contig_34
		Alignment: 671 900 | 1012398 1012627 | 230 230 | 90.87 | sa_ill_sa_contig41 contig_34
		Alignment: 1309 1402 | 1013036 1013129 | 94 94 | 96.81 | sa_ill_sa_contig41 contig_34
		Alignment: 455 542 | 1015861 1015948 | 88 88 | 90.91 | sa_ill_sa_contig8 contig_34
		Alignment: 590 709 | 1015995 1016114 | 120 120 | 93.33 | sa_ill_sa_contig8 contig_34
		Alignment: 769 841 | 1016173 1016245 | 73 73 | 95.89 | sa_ill_sa_contig8 contig_34
		Alignment: 769 841 | 1557004 1556932 | 73 73 | 95.89 | sa_ill_sa_contig8 contig_34
		Alignment: 590 709 | 1557182 1557063 | 120 120 | 93.33 | sa_ill_sa_contig8 contig_34
		Alignment: 455 542 | 1557315 1557228 | 88 88 | 90.91 | sa_ill_sa_contig8 contig_34
		Alignment: 1309 1402 | 1560057 1559964 | 94 94 | 96.81 | sa_ill_sa_contig41 contig_34
		Alignment: 671 900 | 1560695 1560466 | 230 230 | 90.87 | sa_ill_sa_contig41 contig_34
		Alignment: 769 841 | 1650600 1650528 | 73 73 | 95.89 | sa_ill_sa_contig8 contig_34
		Alignment: 590 709 | 1650778 1650659 | 120 120 | 93.33 | sa_ill_sa_contig8 contig_34
		Alignment: 455 542 | 1650911 1650824 | 88 88 | 90.91 | sa_ill_sa_contig8 contig_34
		Alignment: 1309 1402 | 1653747 1653654 | 94 94 | 96.81 | sa_ill_sa_contig41 contig_34
		Alignment: 671 900 | 1654384 1654155 | 230 230 | 90.87 | sa_ill_sa_contig41 contig_34
		Alignment: 769 841 | 1781711 1781639 | 73 73 | 95.89 | sa_ill_sa_contig8 contig_34
		Alignment: 590 709 | 1781889 1781770 | 120 120 | 93.33 | sa_ill_sa_contig8 contig_34
		Alignment: 455 542 | 1782022 1781935 | 88 88 | 90.91 | sa_ill_sa_contig8 contig_34
		Alignment: 1309 1402 | 1784763 1784670 | 94 94 | 96.81 | sa_ill_sa_contig41 contig_34
		Alignment: 671 900 | 1785401 1785172 | 230 230 | 90.87 | sa_ill_sa_contig41 contig_34
		Alignment: 769 841 | 1823105 1823033 | 73 73 | 95.89 | sa_ill_sa_contig8 contig_34
		Alignment: 590 709 | 1823283 1823164 | 120 120 | 93.33 | sa_ill_sa_contig8 contig_34
		Alignment: 455 542 | 1823416 1823329 | 88 88 | 90.91 | sa_ill_sa_contig8 contig_34
		Alignment: 1309 1402 | 1826157 1826064 | 94 94 | 96.81 | sa_ill_sa_contig41 contig_34
		Alignment: 671 900 | 1826795 1826566 | 230 230 | 90.87 | sa_ill_sa_contig41 contig_34
		Alignment: 769 841 | 2470832 2470760 | 73 73 | 95.89 | sa_ill_sa_contig8 contig_34
		Alignment: 590 709 | 2471008 2470889 | 120 120 | 93.33 | sa_ill_sa_contig8 contig_34
		Alignment: 455 542 | 2471141 2471054 | 88 88 | 90.91 | sa_ill_sa_contig8 contig_34
		Alignment: 1309 1402 | 2473976 2473883 | 94 94 | 96.81 | sa_ill_sa_contig41 contig_34
		Alignment: 671 900 | 2474613 2474384 | 230 230 | 90.87 | sa_ill_sa_contig41 contig_34
		Unaligned bases: 4760685

CONTIG: contig_51 (2845303bp)
Best alignment score: 567.0 (LEN: 599, IDY: 94.66), Total number of alignments: 49
			Looking for the best set of alignments (out of 49 total alignments)
			Skipping redundant alignments after choosing the best set of alignments
		Skipping redundant alignment 786 861 | 246168 246093 | 76 76 | 100.0 | sa_ill_sa_contig51 contig_51
		This contig has several significant sets of alignments. [An ambiguously mapped contig]
		Using only the very best set (option --ambiguity-usage is set to "one").
			The best set is below. Score: 9257.1, number of alignments: 48, unaligned bases: 2833597
		This contig is misassembled.
		This contig is partially unaligned. (Aligned 11706 out of 2845303 non-N bases (0.41%))
			Warning! This contig is more unaligned than misassembled. Contig length is 2845303 (number of Ns: 0) and total length of all aligns is 11706
		Alignment: 19874 19965 | 24676 24767 | 92 92 | 91.3 | sa_ill_sa_contig15 contig_51
		Alignment: 20204 20310 | 25006 25112 | 107 107 | 94.39 | sa_ill_sa_contig15 contig_51
		Alignment: 20351 20466 | 25156 25271 | 116 116 | 93.1 | sa_ill_sa_contig15 contig_51
		Alignment: 1136 1374 | 240952 240714 | 239 239 | 92.47 | sa_ill_sa_contig8 contig_51
		Alignment: 561 1110 | 241527 240978 | 550 550 | 94.73 | sa_ill_sa_contig8 contig_51
		Alignment: 437 551 | 241649 241535 | 115 115 | 96.52 | sa_ill_sa_contig8 contig_51
		Alignment: 38 431 | 242048 241655 | 394 394 | 90.61 | sa_ill_sa_contig8 contig_51
		Alignment: 3184 3302 | 242397 242279 | 119 119 | 94.12 | sa_ill_sa_contig41 contig_51
		Alignment: 3006 3134 | 242574 242446 | 129 129 | 93.8 | sa_ill_sa_contig41 contig_51
		Alignment: 2346 2414 | 243230 243162 | 69 69 | 95.65 | sa_ill_sa_contig41 contig_51
		Alignment: 2102 2316 | 243474 243260 | 215 215 | 95.35 | sa_ill_sa_contig41 contig_51
		Alignment: 1191 1538 | 244376 244029 | 348 348 | 95.11 | sa_ill_sa_contig41 contig_51
		Alignment: 497 1095 | 245070 244472 | 599 599 | 94.66 | sa_ill_sa_contig41 contig_51
		Alignment: 1136 1374 | 684059 683821 | 239 239 | 92.47 | sa_ill_sa_contig8 contig_51
		Alignment: 561 1110 | 684634 684085 | 550 550 | 94.73 | sa_ill_sa_contig8 contig_51
		Alignment: 437 551 | 684756 684642 | 115 115 | 96.52 | sa_ill_sa_contig8 contig_51
		Alignment: 38 431 | 685155 684762 | 394 394 | 90.61 | sa_ill_sa_contig8 contig_51
		Alignment: 3184 3302 | 685606 685488 | 119 119 | 94.12 | sa_ill_sa_contig41 contig_51
		Alignment: 3006 3134 | 685783 685655 | 129 129 | 93.8 | sa_ill_sa_contig41 contig_51
		Alignment: 2346 2414 | 686439 686371 | 69 69 | 95.65 | sa_ill_sa_contig41 contig_51
		Alignment: 2102 2316 | 686683 686469 | 215 215 | 95.35 | sa_ill_sa_contig41 contig_51
		Alignment: 1191 1538 | 687585 687238 | 348 348 | 95.11 | sa_ill_sa_contig41 contig_51
		Alignment: 497 1095 | 688279 687681 | 599 599 | 94.66 | sa_ill_sa_contig41 contig_51
		Alignment: 785 865 | 689300 689220 | 81 81 | 98.77 | sa_ill_sa_contig51 contig_51
		Alignment: 691 766 | 689384 689309 | 76 76 | 96.05 | sa_ill_sa_contig51 contig_51
		Alignment: 585 666 | 689488 689407 | 82 82 | 91.46 | sa_ill_sa_contig51 contig_51
		Alignment: 491 565 | 689574 689500 | 75 75 | 93.33 | sa_ill_sa_contig51 contig_51
		Alignment: 1136 1374 | 1303275 1303037 | 239 239 | 92.47 | sa_ill_sa_contig8 contig_51
		Alignment: 561 1110 | 1303850 1303301 | 550 550 | 94.73 | sa_ill_sa_contig8 contig_51
		Alignment: 437 551 | 1303972 1303858 | 115 115 | 96.52 | sa_ill_sa_contig8 contig_51
		Alignment: 38 431 | 1304371 1303978 | 394 394 | 90.61 | sa_ill_sa_contig8 contig_51
		Alignment: 3006 3124 | 1304999 1304881 | 119 119 | 96.64 | sa_ill_sa_contig41 contig_51
		Alignment: 2346 2414 | 1305655 1305587 | 69 69 | 95.65 | sa_ill_sa_contig41 contig_51
		Alignment: 2102 2316 | 1305899 1305685 | 215 215 | 95.35 | sa_ill_sa_contig41 contig_51
		Alignment: 1406 1538 | 1306586 1306454 | 133 133 | 94.74 | sa_ill_sa_contig41 contig_51
		Alignment: 1191 1404 | 1306800 1306587 | 214 214 | 96.26 | sa_ill_sa_contig41 contig_51
		Alignment: 497 1095 | 1307494 1306896 | 599 599 | 94.66 | sa_ill_sa_contig41 contig_51
		Alignment: 110713 110836 | 1560064 1560187 | 124 124 | 91.94 | sa_ill_sa_contig1 contig_51
		Alignment: 497 1095 | 2811124 2811722 | 599 599 | 94.66 | sa_ill_sa_contig41 contig_51
		Alignment: 1191 1538 | 2811818 2812165 | 348 348 | 95.11 | sa_ill_sa_contig41 contig_51
		Alignment: 2102 2291 | 2812720 2812909 | 190 190 | 96.32 | sa_ill_sa_contig41 contig_51
		Alignment: 2346 2414 | 2812963 2813031 | 69 69 | 95.65 | sa_ill_sa_contig41 contig_51
		Alignment: 3006 3134 | 2813619 2813747 | 129 129 | 93.8 | sa_ill_sa_contig41 contig_51
		Alignment: 3184 3302 | 2813796 2813914 | 119 119 | 94.12 | sa_ill_sa_contig41 contig_51
		Alignment: 38 431 | 2814145 2814538 | 394 394 | 90.61 | sa_ill_sa_contig8 contig_51
		Alignment: 437 551 | 2814544 2814658 | 115 115 | 96.52 | sa_ill_sa_contig8 contig_51
		Alignment: 561 1110 | 2814666 2815215 | 550 550 | 94.73 | sa_ill_sa_contig8 contig_51
		Alignment: 1136 1374 | 2815241 2815479 | 239 239 | 92.47 | sa_ill_sa_contig8 contig_51
		Unaligned bases: 2833597

Analyzing coverage...
Writing SNPs into /media3/lucia/zymo_mock_community/asms_sin_cuantizar/asm_flye/metaquast-r10/runs_per_reference/sa_ill/contigs_reports/minimap_output/racon_r1_r10_2.used_snps.gz

Analysis is finished!
Founded SNPs were written into /media3/lucia/zymo_mock_community/asms_sin_cuantizar/asm_flye/metaquast-r10/runs_per_reference/sa_ill/contigs_reports/minimap_output/racon_r1_r10_2.used_snps.gz

Results:
	Local Misassemblies: 10
	Misassemblies: 14
		Relocations: 0
		Translocations: 14
		Inversions: 0
	Scaffold gap extensive misassemblies: 0
	Scaffold gap local misassemblies: 0
	Misassemblies caused by fragmented reference: 26
	Misassembled Contigs: 1
	Misassembled Contig Bases: 2720345
	Misassemblies Inter-Contig Overlap: 0
Unaligned Contigs: 0 + 7 part
Half Unaligned Contigs with Misassemblies: 6
Unaligned Contig Bases: 21264136

Ambiguously Mapped Contigs: 4
Total Bases in Ambiguously Mapped Contigs: 11817514
Extra Bases in Ambiguously Mapped Contigs: 0
Note that --allow-ambiguity option was set to "one" and only first alignment per each of these contigs was used.

	Covered Bases: 2676992

	SNPs: 7612
	Insertions: 2887
	Deletions: 3778

