Aligning contigs to reference...
	Aligning contigs to the reference
Filtering alignments...
Parsing coords...
Loading reference...
	Loaded [sa_ill_sa_contig28]
	Loaded [sa_ill_sa_contig29]
	Loaded [sa_ill_sa_contig15]
	Loaded [sa_ill_sa_contig22]
	Loaded [sa_ill_sa_contig23]
	Loaded [sa_ill_sa_contig20]
	Loaded [sa_ill_sa_contig21]
	Loaded [sa_ill_sa_contig26]
	Loaded [sa_ill_sa_contig27]
	Loaded [sa_ill_sa_contig24]
	Loaded [sa_ill_sa_contig25]
	Loaded [sa_ill_sa_contig48]
	Loaded [sa_ill_sa_contig49]
	Loaded [sa_ill_sa_contig64]
	Loaded [sa_ill_sa_contig65]
	Loaded [sa_ill_sa_contig63]
	Loaded [sa_ill_sa_contig60]
	Loaded [sa_ill_sa_contig61]
	Loaded [sa_ill_sa_contig40]
	Loaded [sa_ill_sa_contig41]
	Loaded [sa_ill_sa_contig42]
	Loaded [sa_ill_sa_contig43]
	Loaded [sa_ill_sa_contig44]
	Loaded [sa_ill_sa_contig45]
	Loaded [sa_ill_sa_contig46]
	Loaded [sa_ill_sa_contig47]
	Loaded [sa_ill_sa_contig9]
	Loaded [sa_ill_sa_contig8]
	Loaded [sa_ill_sa_contig3]
	Loaded [sa_ill_sa_contig2]
	Loaded [sa_ill_sa_contig1]
	Loaded [sa_ill_sa_contig7]
	Loaded [sa_ill_sa_contig6]
	Loaded [sa_ill_sa_contig5]
	Loaded [sa_ill_sa_contig4]
	Loaded [sa_ill_sa_contig19]
	Loaded [sa_ill_sa_contig68]
	Loaded [sa_ill_sa_contig39]
	Loaded [sa_ill_sa_contig38]
	Loaded [sa_ill_sa_contig31]
	Loaded [sa_ill_sa_contig30]
	Loaded [sa_ill_sa_contig33]
	Loaded [sa_ill_sa_contig32]
	Loaded [sa_ill_sa_contig35]
	Loaded [sa_ill_sa_contig34]
	Loaded [sa_ill_sa_contig37]
	Loaded [sa_ill_sa_contig36]
	Loaded [sa_ill_sa_contig13]
	Loaded [sa_ill_sa_contig12]
	Loaded [sa_ill_sa_contig11]
	Loaded [sa_ill_sa_contig10]
	Loaded [sa_ill_sa_contig17]
	Loaded [sa_ill_sa_contig16]
	Loaded [sa_ill_sa_contig59]
	Loaded [sa_ill_sa_contig58]
	Loaded [sa_ill_sa_contig57]
	Loaded [sa_ill_sa_contig56]
	Loaded [sa_ill_sa_contig14]
	Loaded [sa_ill_sa_contig18]
	Loaded [sa_ill_sa_contig53]
	Loaded [sa_ill_sa_contig52]
	Loaded [sa_ill_sa_contig51]
	Loaded [sa_ill_sa_contig50]
	Loaded [sa_ill_sa_contig66]
	Loaded [sa_ill_sa_contig67]
	Loaded [sa_ill_sa_contig55]
	Loaded [sa_ill_sa_contig54]
	Total Regions: 67
	Total Region Length: 2689205
Analyzing contigs...
CONTIG: contig_6 (2719575bp)
Best alignment score: 223166.2 (LEN: 223412, IDY: 99.89), Total number of alignments: 166
			Too much alignments (166), will use speed up heuristics
			Found 62 solid alignments:
		Solid alignment 203 3323 | 373 3493 | 3121 3121 | 99.81 | sa_ill_sa_contig41 contig_6
		Solid alignment 1 1706 | 3911 5616 | 1706 1706 | 99.59 | sa_ill_sa_contig8 contig_6
		Solid alignment 1 34443 | 39971 5516 | 34443 34456 | 99.91 | sa_ill_sa_contig24 contig_6
		Solid alignment 1 38786 | 78743 39954 | 38786 38790 | 99.9 | sa_ill_sa_contig22 contig_6
		Solid alignment 1 34367 | 113660 79277 | 34367 34384 | 99.89 | sa_ill_sa_contig25 contig_6
		Solid alignment 203 3323 | 113825 116945 | 3121 3121 | 99.87 | sa_ill_sa_contig41 contig_6
		Solid alignment 1 131983 | 117317 249340 | 131983 132024 | 99.9 | sa_ill_sa_contig8 contig_6
		Solid alignment 1 149926 | 249682 399176 | 149926 149495 | 99.59 | sa_ill_sa_contig5 contig_6
		Solid alignment 1 30897 | 399222 430124 | 30897 30903 | 99.92 | sa_ill_sa_contig27 contig_6
		Solid alignment 5 2978 | 434020 431050 | 2974 2971 | 99.73 | sa_ill_sa_contig43 contig_6
		Solid alignment 1 13692 | 447666 433970 | 13692 13697 | 99.82 | sa_ill_sa_contig35 contig_6
		Solid alignment 1 125486 | 448398 574116 | 125486 125719 | 99.74 | sa_ill_sa_contig10 contig_6
		Solid alignment 1 20896 | 597284 576385 | 20896 20900 | 99.93 | sa_ill_sa_contig32 contig_6
		Solid alignment 1 130429 | 727589 597215 | 130429 130375 | 99.83 | sa_ill_sa_contig9 contig_6
		Solid alignment 1 4636 | 727535 732171 | 4636 4637 | 99.96 | sa_ill_sa_contig40 contig_6
		Solid alignment 1 5318 | 732172 737492 | 5318 5321 | 99.91 | sa_ill_sa_contig38 contig_6
		Solid alignment 1 4636 | 742130 737493 | 4636 4638 | 99.94 | sa_ill_sa_contig40 contig_6
		Solid alignment 1 26180 | 768262 742076 | 26180 26187 | 99.93 | sa_ill_sa_contig29 contig_6
		Solid alignment 1 1727 | 771743 770015 | 1727 1729 | 99.83 | sa_ill_sa_contig46 contig_6
		Solid alignment 1 43683 | 771689 815208 | 43683 43520 | 99.41 | sa_ill_sa_contig18 contig_6
		Solid alignment 1 142808 | 815742 958656 | 142808 142915 | 99.86 | sa_ill_sa_contig6 contig_6
		Solid alignment 1 21042 | 958810 979857 | 21042 21048 | 99.92 | sa_ill_sa_contig31 contig_6
		Solid alignment 43249 70357 | 1007354 980237 | 27109 27118 | 99.35 | sa_ill_sa_contig12 contig_6
		Solid alignment 1 44268 | 1051126 1006845 | 44268 44282 | 99.71 | sa_ill_sa_contig12 contig_6
		Solid alignment 1 50706 | 1051082 1101803 | 50706 50722 | 99.92 | sa_ill_sa_contig17 contig_6
		Solid alignment 1 5104 | 1101749 1106851 | 5104 5103 | 99.96 | sa_ill_sa_contig39 contig_6
		Solid alignment 1 14362 | 1106797 1121167 | 14362 14371 | 99.89 | sa_ill_sa_contig33 contig_6
		Solid alignment 1 6686 | 1128567 1121879 | 6686 6689 | 99.85 | sa_ill_sa_contig37 contig_6
		Solid alignment 1 2840 | 1128593 1131432 | 2840 2840 | 99.61 | sa_ill_sa_contig44 contig_6
		Solid alignment 1 1631 | 1133009 1131378 | 1631 1632 | 99.94 | sa_ill_sa_contig47 contig_6
		Solid alignment 1 41074 | 1174122 1133035 | 41074 41088 | 99.88 | sa_ill_sa_contig20 contig_6
		Solid alignment 1 1704 | 1175770 1174068 | 1704 1703 | 99.77 | sa_ill_sa_contig8 contig_6
		Solid alignment 203 3323 | 1179279 1176158 | 3121 3122 | 99.74 | sa_ill_sa_contig41 contig_6
		Solid alignment 1 38352 | 1218277 1179908 | 38352 38370 | 99.89 | sa_ill_sa_contig23 contig_6
		Solid alignment 1 1703 | 1220388 1218686 | 1703 1703 | 99.77 | sa_ill_sa_contig8 contig_6
		Solid alignment 1 3323 | 1224041 1220718 | 3323 3324 | 99.82 | sa_ill_sa_contig41 contig_6
		Solid alignment 1 1704 | 1225645 1223943 | 1704 1703 | 99.77 | sa_ill_sa_contig8 contig_6
		Solid alignment 203 3323 | 1229060 1225942 | 3121 3119 | 99.74 | sa_ill_sa_contig41 contig_6
		Solid alignment 1 56123 | 1285550 1229512 | 56123 56039 | 99.67 | sa_ill_sa_contig15 contig_6
		Solid alignment 1 3261 | 1289527 1286266 | 3261 3262 | 99.94 | sa_ill_sa_contig42 contig_6
		Solid alignment 1 211909 | 1289727 1501706 | 211909 211980 | 99.89 | sa_ill_sa_contig2 contig_6
		Solid alignment 1 207093 | 1501653 1708681 | 207093 207029 | 99.83 | sa_ill_sa_contig3 contig_6
		Solid alignment 1 78138 | 1708694 1786742 | 78138 78049 | 99.72 | sa_ill_sa_contig7 contig_6
		Solid alignment 77953 134302 | 1786423 1842786 | 56350 56364 | 99.86 | sa_ill_sa_contig7 contig_6
		Solid alignment 1 50729 | 1893603 1842849 | 50729 50755 | 99.88 | sa_ill_sa_contig16 contig_6
		Solid alignment 1 177172 | 2070838 1893584 | 177172 177255 | 99.88 | sa_ill_sa_contig4 contig_6
		Solid alignment 1 41771 | 2071027 2112816 | 41771 41790 | 99.9 | sa_ill_sa_contig19 contig_6
		Solid alignment 62883 66071 | 2115997 2112806 | 3189 3192 | 99.56 | sa_ill_sa_contig13 contig_6
		Solid alignment 1 63338 | 2179133 2115772 | 63338 63362 | 99.81 | sa_ill_sa_contig13 contig_6
		Solid alignment 1 223346 | 2405356 2181945 | 223346 223412 | 99.89 | sa_ill_sa_contig1 contig_6
		Solid alignment 1 1418 | 2405302 2406720 | 1418 1419 | 99.79 | sa_ill_sa_contig48 contig_6
		Solid alignment 1 98600 | 2505328 2406687 | 98600 98642 | 99.9 | sa_ill_sa_contig11 contig_6
		Solid alignment 1 7163 | 2505274 2512440 | 7163 7167 | 99.93 | sa_ill_sa_contig36 contig_6
		Solid alignment 1 21790 | 2534207 2512415 | 21790 21793 | 99.91 | sa_ill_sa_contig30 contig_6
		Solid alignment 1 14210 | 2549131 2534920 | 14210 14212 | 99.92 | sa_ill_sa_contig34 contig_6
		Solid alignment 1 32969 | 2549284 2582261 | 32969 32978 | 99.87 | sa_ill_sa_contig26 contig_6
		Solid alignment 2 925 | 2582466 2583384 | 924 919 | 97.95 | sa_ill_sa_contig51 contig_6
		Solid alignment 198 3323 | 2583938 2587061 | 3126 3124 | 99.84 | sa_ill_sa_contig41 contig_6
		Solid alignment 1 1701 | 2587483 2589183 | 1701 1701 | 99.71 | sa_ill_sa_contig8 contig_6
		Solid alignment 1 28120 | 2589088 2617214 | 28120 28127 | 99.89 | sa_ill_sa_contig28 contig_6
		Solid alignment 1 39729 | 2617219 2656960 | 39729 39742 | 99.93 | sa_ill_sa_contig21 contig_6
		Solid alignment 1 62389 | 2657340 2719575 | 62389 62236 | 99.68 | sa_ill_sa_contig14 contig_6
			Skipping alignments located inside solid regions since they are redundant:
		Skipping redundant alignment 78536 78699 | 40008 39845 | 164 164 | 99.39 | sa_ill_sa_contig10 contig_6
		Skipping redundant alignment 90836 91001 | 40008 39843 | 166 166 | 100.0 | sa_ill_sa_contig3 contig_6
		Skipping redundant alignment 12808 12927 | 433842 433723 | 120 120 | 90.83 | sa_ill_sa_contig35 contig_6
		Skipping redundant alignment 30505 30670 | 433859 434024 | 166 166 | 92.77 | sa_ill_sa_contig27 contig_6
		Skipping redundant alignment 12542 12624 | 434109 434027 | 83 83 | 96.39 | sa_ill_sa_contig35 contig_6
		Skipping redundant alignment 30742 30889 | 434097 434244 | 148 148 | 97.97 | sa_ill_sa_contig27 contig_6
		Skipping redundant alignment 7 228 | 767812 768033 | 222 222 | 90.99 | sa_ill_sa_contig54 contig_6
		Skipping redundant alignment 40727 41072 | 1131586 1131241 | 346 346 | 92.49 | sa_ill_sa_contig20 contig_6
		Skipping redundant alignment 1 157 | 1174167 1174010 | 157 158 | 98.1 | sa_ill_sa_contig41 contig_6
		Skipping redundant alignment 37896 37992 | 1229915 1229819 | 97 97 | 96.91 | sa_ill_sa_contig23 contig_6
		Skipping redundant alignment 353 542 | 1286318 1286507 | 190 190 | 94.74 | sa_ill_sa_contig2 contig_6
		Skipping redundant alignment 4728 4899 | 1289462 1289291 | 172 172 | 92.44 | sa_ill_sa_contig15 contig_6
		Skipping redundant alignment 4113 4199 | 1290071 1289985 | 87 87 | 91.95 | sa_ill_sa_contig15 contig_6
		Skipping redundant alignment 1 66 | 1893557 1893622 | 66 66 | 100.0 | sa_ill_sa_contig24 contig_6
		Skipping redundant alignment 164324 164418 | 1893622 1893529 | 95 94 | 96.84 | sa_ill_sa_contig2 contig_6
		Skipping redundant alignment 90837 90938 | 1893522 1893622 | 102 101 | 99.02 | sa_ill_sa_contig3 contig_6
		Skipping redundant alignment 45 153 | 1893634 1893527 | 109 108 | 99.08 | sa_ill_sa_contig21 contig_6
		Skipping redundant alignment 206251 206340 | 1893638 1893549 | 90 90 | 100.0 | sa_ill_sa_contig2 contig_6
		Skipping redundant alignment 46345 46434 | 1893638 1893549 | 90 90 | 100.0 | sa_ill_sa_contig4 contig_6
		Skipping redundant alignment 78678 78767 | 1893638 1893549 | 90 90 | 100.0 | sa_ill_sa_contig8 contig_6
		Skipping redundant alignment 31844 31933 | 1893638 1893549 | 90 90 | 97.78 | sa_ill_sa_contig10 contig_6
		Skipping redundant alignment 34639 34756 | 1893522 1893638 | 118 117 | 99.15 | sa_ill_sa_contig6 contig_6
		Skipping redundant alignment 149769 149886 | 1893522 1893638 | 118 117 | 99.15 | sa_ill_sa_contig5 contig_6
		Skipping redundant alignment 34799 34900 | 2112701 2112600 | 102 102 | 98.04 | sa_ill_sa_contig6 contig_6
		Skipping redundant alignment 31678 31950 | 2112634 2112908 | 273 275 | 95.64 | sa_ill_sa_contig10 contig_6
		Skipping redundant alignment 34638 34798 | 2112920 2112760 | 161 161 | 97.52 | sa_ill_sa_contig6 contig_6
		Skipping redundant alignment 149767 149926 | 2112921 2112762 | 160 160 | 98.12 | sa_ill_sa_contig5 contig_6
		Skipping redundant alignment 211641 211778 | 2505211 2505348 | 138 138 | 93.53 | sa_ill_sa_contig2 contig_6
		Skipping redundant alignment 31526 31680 | 2505205 2505359 | 155 155 | 93.59 | sa_ill_sa_contig10 contig_6
		Skipping redundant alignment 139 293 | 2505359 2505205 | 155 155 | 93.59 | sa_ill_sa_contig27 contig_6
		Skipping redundant alignment 90836 90999 | 2512469 2512306 | 164 164 | 99.39 | sa_ill_sa_contig3 contig_6
		Skipping redundant alignment 78536 78700 | 2512469 2512305 | 165 165 | 98.79 | sa_ill_sa_contig10 contig_6
		Skipping redundant alignment 206160 206254 | 2617109 2617203 | 95 95 | 96.84 | sa_ill_sa_contig2 contig_6
		Skipping redundant alignment 46254 46348 | 2617109 2617203 | 95 95 | 96.84 | sa_ill_sa_contig4 contig_6
		Skipping redundant alignment 206255 206363 | 2617263 2617371 | 109 109 | 99.08 | sa_ill_sa_contig2 contig_6
		Skipping redundant alignment 46349 46457 | 2617263 2617371 | 109 109 | 98.17 | sa_ill_sa_contig4 contig_6
			Looking for the best set of alignments (out of 130 total alignments)
		Ambiguity for this contig is not checked for speed up (too much alignments and --ambiguity-usage is "one")
			Skipping redundant alignments after choosing the best set of alignments
		Skipping redundant alignment 45829 46373 | 2657449 2656906 | 545 544 | 98.17 | sa_ill_sa_contig14 contig_6
		Skipping redundant alignment 38188 38352 | 114 278 | 165 165 | 95.76 | sa_ill_sa_contig23 contig_6
		Skipping redundant alignment 249 397 | 113815 113667 | 149 149 | 99.33 | sa_ill_sa_contig34 contig_6
		Skipping redundant alignment 169546 169626 | 113740 113820 | 81 81 | 98.77 | sa_ill_sa_contig3 contig_6
		Skipping redundant alignment 98002 98191 | 249244 249433 | 190 190 | 97.89 | sa_ill_sa_contig11 contig_6
		Skipping redundant alignment 45846 46038 | 249241 249433 | 193 193 | 98.45 | sa_ill_sa_contig14 contig_6
		Skipping redundant alignment 106941 107135 | 249241 249435 | 195 195 | 98.46 | sa_ill_sa_contig3 contig_6
		Skipping redundant alignment 98340 98600 | 249455 249715 | 261 261 | 95.02 | sa_ill_sa_contig11 contig_6
		Skipping redundant alignment 98340 98600 | 249455 249715 | 261 261 | 95.02 | sa_ill_sa_contig11 contig_6
		Skipping redundant alignment 46187 46447 | 249455 249715 | 261 261 | 94.64 | sa_ill_sa_contig14 contig_6
		Skipping redundant alignment 126 348 | 399252 399031 | 223 222 | 91.67 | sa_ill_sa_contig31 contig_6
		Skipping redundant alignment 31524 31858 | 399516 399180 | 335 337 | 92.51 | sa_ill_sa_contig10 contig_6
		Skipping redundant alignment 13419 13651 | 430987 430754 | 233 234 | 91.49 | sa_ill_sa_contig35 contig_6
		Skipping redundant alignment 29935 30062 | 430941 431070 | 128 130 | 93.85 | sa_ill_sa_contig27 contig_6
		Skipping redundant alignment 1 162 | 430941 431104 | 162 164 | 93.29 | sa_ill_sa_contig53 contig_6
		Skipping redundant alignment 2568 3906 | 448722 447354 | 1339 1369 | 91.24 | sa_ill_sa_contig35 contig_6
		Skipping redundant alignment 334 638 | 768139 768443 | 305 305 | 90.16 | sa_ill_sa_contig54 contig_6
		Skipping redundant alignment 1287 1420 | 768797 768664 | 134 134 | 97.76 | sa_ill_sa_contig46 contig_6
		Skipping redundant alignment 1 280 | 769249 768970 | 280 280 | 91.07 | sa_ill_sa_contig46 contig_6
		Skipping redundant alignment 410 549 | 769662 769523 | 140 140 | 92.86 | sa_ill_sa_contig46 contig_6
		Skipping redundant alignment 1 370 | 770071 769702 | 370 370 | 91.35 | sa_ill_sa_contig46 contig_6
		Skipping redundant alignment 337 638 | 769787 770088 | 302 302 | 90.73 | sa_ill_sa_contig54 contig_6
		Skipping redundant alignment 98115 98262 | 958795 958942 | 148 148 | 100.0 | sa_ill_sa_contig11 contig_6
		Skipping redundant alignment 45956 46109 | 958789 958942 | 154 154 | 97.4 | sa_ill_sa_contig14 contig_6
		Skipping redundant alignment 106923 107138 | 979782 979997 | 216 216 | 99.54 | sa_ill_sa_contig3 contig_6
		Skipping redundant alignment 45829 46060 | 979783 980014 | 232 232 | 99.57 | sa_ill_sa_contig14 contig_6
		Skipping redundant alignment 97985 98221 | 979787 980022 | 237 236 | 98.31 | sa_ill_sa_contig11 contig_6
		Skipping redundant alignment 45829 46068 | 979783 980022 | 240 240 | 99.58 | sa_ill_sa_contig14 contig_6
		Skipping redundant alignment 46187 46438 | 980015 980266 | 252 252 | 97.62 | sa_ill_sa_contig14 contig_6
		Skipping redundant alignment 62390 62538 | 1179390 1179244 | 149 147 | 92.72 | sa_ill_sa_contig14 contig_6
		Skipping redundant alignment 62501 62586 | 1179536 1179451 | 86 86 | 98.84 | sa_ill_sa_contig14 contig_6
		Skipping redundant alignment 55995 56117 | 1179561 1179440 | 123 122 | 98.37 | sa_ill_sa_contig15 contig_6
		Skipping redundant alignment 62390 62604 | 1179926 1179712 | 215 215 | 93.58 | sa_ill_sa_contig14 contig_6
		Skipping redundant alignment 62501 62604 | 1229340 1229237 | 104 104 | 99.04 | sa_ill_sa_contig14 contig_6
		Skipping redundant alignment 38161 38352 | 1229365 1229175 | 192 191 | 96.35 | sa_ill_sa_contig23 contig_6
		Skipping redundant alignment 38158 38352 | 1229644 1229450 | 195 195 | 94.87 | sa_ill_sa_contig23 contig_6
		Skipping redundant alignment 1 265 | 1285978 1286242 | 265 265 | 90.57 | sa_ill_sa_contig2 contig_6
		Skipping redundant alignment 266 334 | 1286249 1286317 | 69 69 | 92.75 | sa_ill_sa_contig2 contig_6
		Skipping redundant alignment 4206 4721 | 1289984 1289469 | 516 516 | 94.19 | sa_ill_sa_contig15 contig_6
		Skipping redundant alignment 3429 3620 | 2070761 2070952 | 192 192 | 99.48 | sa_ill_sa_contig19 contig_6
		Skipping redundant alignment 45962 46038 | 2071012 2071088 | 77 77 | 100.0 | sa_ill_sa_contig14 contig_6
		Skipping redundant alignment 98115 98191 | 2071012 2071088 | 77 77 | 98.7 | sa_ill_sa_contig11 contig_6
		Skipping redundant alignment 1 161 | 2549166 2549338 | 161 173 | 93.06 | sa_ill_sa_contig51 contig_6
		Skipping redundant alignment 105 186 | 2582288 2582207 | 82 82 | 100.0 | sa_ill_sa_contig25 contig_6
		Skipping redundant alignment 164 242 | 2582292 2582370 | 79 79 | 100.0 | sa_ill_sa_contig23 contig_6
		Skipping redundant alignment 87 460 | 2583687 2584060 | 374 374 | 99.2 | sa_ill_sa_contig23 contig_6
		Skipping redundant alignment 688 765 | 2587264 2587341 | 78 78 | 100.0 | sa_ill_sa_contig51 contig_6
		Skipping redundant alignment 142 348 | 2617158 2617364 | 207 207 | 97.58 | sa_ill_sa_contig31 contig_6
			The best set is below. Score: 2701285.8, number of alignments: 82, unaligned bases: 9253
		This contig is misassembled.
		This contig is partially unaligned. (Aligned 2710322 out of 2719575 non-N bases (99.66%))
			Real Alignment 1: 62389 62604 | 1 216 | 216 216 | 100.0 | sa_ill_sa_contig14 contig_6
			  Gap between these two alignments (local misassembly). Inconsistency = -258
			Excluding internal overlap of size 36 between Alignment 2 and 3: 62396 62538 | 266 408 | 143 143 --> 62396 62502 | 266 372 | 107 107
			Real Alignment 2: 62396 62502 | 266 372 | 107 107 | 98.6 | sa_ill_sa_contig14 contig_6
			  Extensive misassembly (translocation) between these two alignments
			Real Alignment 3: 203 3323 | 373 3493 | 3121 3121 | 99.81 | sa_ill_sa_contig41 contig_6
			  Not a misassembly [fragmentation of reference genome] between these two alignments
			Excluding internal overlap of size 101 between Alignment 4 and 5: 1 1706 | 3911 5616 | 1706 1706 --> 1 1604 | 3911 5515 | 1604 1605
			Real Alignment 4: 1 1604 | 3911 5515 | 1604 1605 | 99.59 | sa_ill_sa_contig8 contig_6
			  Extensive misassembly (translocation) between these two alignments
			Excluding internal overlap of size 18 between Alignment 5 and 6: 1 34443 | 39971 5516 | 34443 34456 --> 19 34443 | 39953 5516 | 34425 34438
			Real Alignment 5: 19 34443 | 39953 5516 | 34425 34438 | 99.91 | sa_ill_sa_contig24 contig_6
			  Indel (> 5bp) between these two alignments: deletion of length 18; 0 mismatches (number of Ns: 0) [fragmentation of reference genome]
			Excluding internal overlap of size 55 between Alignment 6 and 7: 1 642 | 78689 79331 | 642 643 --> 56 642 | 78744 79331 | 587 588
			Real Alignment 6: 1 38786 | 78743 39954 | 38786 38790 | 99.9 | sa_ill_sa_contig22 contig_6
			  Indel (> 5bp) between these two alignments: deletion of length 55; 0 mismatches (number of Ns: 0) [fragmentation of reference genome]
			Excluding internal overlap of size 55 between Alignment 7 and 8: 56 642 | 78744 79331 | 587 588 --> 56 588 | 78744 79276 | 533 533
			Real Alignment 7: 56 588 | 78744 79276 | 533 533 | 99.84 | sa_ill_sa_contig63 contig_6
			  Indel (> 5bp) between these two alignments: deletion of length 55; 0 mismatches (number of Ns: 0) [fragmentation of reference genome]
			Real Alignment 8: 1 34367 | 113660 79277 | 34367 34384 | 99.89 | sa_ill_sa_contig25 contig_6
			  Extensive misassembly (translocation) between these two alignments
			Real Alignment 9: 203 3323 | 113825 116945 | 3121 3121 | 99.87 | sa_ill_sa_contig41 contig_6
			  Not a misassembly [fragmentation of reference genome] between these two alignments
			Real Alignment 10: 1 131983 | 117317 249340 | 131983 132024 | 99.9 | sa_ill_sa_contig8 contig_6
			  Not a misassembly [fragmentation of reference genome] between these two alignments
			Real Alignment 11: 1 149926 | 249682 399176 | 149926 149495 | 99.59 | sa_ill_sa_contig5 contig_6
			  Not a misassembly [fragmentation of reference genome] between these two alignments
			Excluding internal overlap of size 55 between Alignment 12 and 13: 1 861 | 430070 430931 | 861 862 --> 56 861 | 430125 430931 | 806 807
			Real Alignment 12: 1 30897 | 399222 430124 | 30897 30903 | 99.92 | sa_ill_sa_contig27 contig_6
			  Indel (> 5bp) between these two alignments: deletion of length 55; 0 mismatches (number of Ns: 0) [fragmentation of reference genome]
			Real Alignment 13: 56 861 | 430125 430931 | 806 807 | 99.88 | sa_ill_sa_contig53 contig_6
			  Not a misassembly [fragmentation of reference genome] between these two alignments
			Excluding internal overlap of size 51 between Alignment 14 and 15: 5 2978 | 434020 431050 | 2974 2971 --> 56 2978 | 433969 431050 | 2923 2920
			Real Alignment 14: 56 2978 | 433969 431050 | 2923 2920 | 99.73 | sa_ill_sa_contig43 contig_6
			  Indel (> 5bp) between these two alignments: deletion of length 55; 0 mismatches (number of Ns: 0) [fragmentation of reference genome]
			Real Alignment 15: 1 13692 | 447666 433970 | 13692 13697 | 99.82 | sa_ill_sa_contig35 contig_6
			  Not a misassembly [fragmentation of reference genome] between these two alignments
			Excluding internal overlap of size 55 between Alignment 16 and 17: 1 720 | 574062 574781 | 720 720 --> 56 720 | 574117 574781 | 665 665
			Real Alignment 16: 1 125486 | 448398 574116 | 125486 125719 | 99.74 | sa_ill_sa_contig10 contig_6
			  Indel (> 5bp) between these two alignments: deletion of length 55; 0 mismatches (number of Ns: 0) [fragmentation of reference genome]
			Real Alignment 17: 56 720 | 574117 574781 | 665 665 | 100.0 | sa_ill_sa_contig60 contig_6
			  Not a misassembly [fragmentation of reference genome] between these two alignments
			Excluding internal overlap of size 55 between Alignment 18 and 19: 1 539 | 576439 575901 | 539 539 --> 56 539 | 576384 575901 | 484 484
			Real Alignment 18: 56 539 | 576384 575901 | 484 484 | 100.0 | sa_ill_sa_contig65 contig_6
			  Indel (> 5bp) between these two alignments: deletion of length 55; 0 mismatches (number of Ns: 0) [fragmentation of reference genome]
			Excluding internal overlap of size 70 between Alignment 19 and 20: 1 20896 | 597284 576385 | 20896 20900 --> 71 20896 | 597214 576385 | 20826 20830
			Real Alignment 19: 71 20896 | 597214 576385 | 20826 20830 | 99.93 | sa_ill_sa_contig32 contig_6
			  Extensive misassembly (translocation) between these two alignments
			Excluding internal overlap of size 55 between Alignment 20 and 21: 1 4636 | 727535 732171 | 4636 4637 --> 56 4636 | 727590 732171 | 4581 4582
			Real Alignment 20: 1 130429 | 727589 597215 | 130429 130375 | 99.83 | sa_ill_sa_contig9 contig_6
			  Indel (> 5bp) between these two alignments: deletion of length 55; 0 mismatches (number of Ns: 0) [fragmentation of reference genome]
			Real Alignment 21: 56 4636 | 727590 732171 | 4581 4582 | 99.96 | sa_ill_sa_contig40 contig_6
			  Not a misassembly [fragmentation of reference genome] between these two alignments
			Real Alignment 22: 1 5318 | 732172 737492 | 5318 5321 | 99.91 | sa_ill_sa_contig38 contig_6
			  Not a misassembly [fragmentation of reference genome] between these two alignments
			Excluding internal overlap of size 55 between Alignment 23 and 24: 1 4636 | 742130 737493 | 4636 4638 --> 56 4636 | 742075 737493 | 4581 4583
			Real Alignment 23: 56 4636 | 742075 737493 | 4581 4583 | 99.94 | sa_ill_sa_contig40 contig_6
			  Indel (> 5bp) between these two alignments: deletion of length 55; 0 mismatches (number of Ns: 0) [fragmentation of reference genome]
			Real Alignment 24: 1 26180 | 768262 742076 | 26180 26187 | 99.93 | sa_ill_sa_contig29 contig_6
			  Not a misassembly [fragmentation of reference genome] between these two alignments
			Real Alignment 25: 1 857 | 768628 769485 | 857 858 | 99.88 | sa_ill_sa_contig54 contig_6
			  Not a misassembly [fragmentation of reference genome] between these two alignments
			Excluding internal overlap of size 55 between Alignment 26 and 27: 1 1727 | 771743 770015 | 1727 1729 --> 56 1727 | 771688 770015 | 1672 1674
			Real Alignment 26: 56 1727 | 771688 770015 | 1672 1674 | 99.83 | sa_ill_sa_contig46 contig_6
			  Indel (> 5bp) between these two alignments: deletion of length 55; 0 mismatches (number of Ns: 0) [fragmentation of reference genome]
			Excluding internal overlap of size 54 between Alignment 27 and 28: 1 642 | 815796 815155 | 642 642 --> 1 588 | 815796 815209 | 588 588
			Real Alignment 27: 1 43683 | 771689 815208 | 43683 43520 | 99.41 | sa_ill_sa_contig18 contig_6
			  Indel (> 5bp) between these two alignments: deletion of length 55; 0 mismatches (number of Ns: 0) [fragmentation of reference genome]
			Excluding internal overlap of size 55 between Alignment 28 and 29: 1 588 | 815796 815209 | 588 588 --> 56 588 | 815741 815209 | 533 533
			Real Alignment 28: 56 588 | 815741 815209 | 533 533 | 99.07 | sa_ill_sa_contig63 contig_6
			  Indel (> 5bp) between these two alignments: deletion of length 55; 0 mismatches (number of Ns: 0) [fragmentation of reference genome]
			Real Alignment 29: 1 142808 | 815742 958656 | 142808 142915 | 99.86 | sa_ill_sa_contig6 contig_6
			  Not a misassembly [fragmentation of reference genome] between these two alignments
			Excluding internal overlap of size 55 between Alignment 30 and 31: 98002 98213 | 979803 980014 | 212 212 --> 98057 98213 | 979858 980014 | 157 157
			Real Alignment 30: 1 21042 | 958810 979857 | 21042 21048 | 99.92 | sa_ill_sa_contig31 contig_6
			  Extensive misassembly (translocation) between these two alignments
			Real Alignment 31: 98057 98213 | 979858 980014 | 157 157 | 98.58 | sa_ill_sa_contig11 contig_6
			  Gap between these two alignments (local misassembly). Inconsistency = 126
			Excluding internal overlap of size 30 between Alignment 32 and 33: 98340 98591 | 980015 980266 | 252 252 --> 98340 98561 | 980015 980236 | 222 222
			Real Alignment 32: 98340 98561 | 980015 980236 | 222 222 | 98.02 | sa_ill_sa_contig11 contig_6
			  Indel (> 5bp) between these two alignments: deletion of length 39; 0 mismatches (number of Ns: 0) [fragmentation of reference genome]
			Excluding internal overlap of size 510 between Alignment 33 and 34: 43249 70357 | 1007354 980237 | 27109 27118 --> 43758 70357 | 1006844 980237 | 26600 26608
			Real Alignment 33: 43758 70357 | 1006844 980237 | 26600 26608 | 99.35 | sa_ill_sa_contig12 contig_6
			  Overlap between these two alignments (local misassembly). Inconsistency = -511
			Excluding internal overlap of size 45 between Alignment 34 and 35: 1 44268 | 1051126 1006845 | 44268 44282 --> 46 44268 | 1051081 1006845 | 44223 44237
			Real Alignment 34: 46 44268 | 1051081 1006845 | 44223 44237 | 99.71 | sa_ill_sa_contig12 contig_6
			  Indel (> 5bp) between these two alignments: deletion of length 45; 0 mismatches (number of Ns: 0) [fragmentation of reference genome]
			Excluding internal overlap of size 55 between Alignment 35 and 36: 1 5104 | 1101749 1106851 | 5104 5103 --> 56 5104 | 1101804 1106851 | 5049 5048
			Real Alignment 35: 1 50706 | 1051082 1101803 | 50706 50722 | 99.92 | sa_ill_sa_contig17 contig_6
			  Indel (> 5bp) between these two alignments: deletion of length 55; 0 mismatches (number of Ns: 0) [fragmentation of reference genome]
			Excluding internal overlap of size 55 between Alignment 36 and 37: 56 5104 | 1101804 1106851 | 5049 5048 --> 56 5049 | 1101804 1106796 | 4994 4993
			Real Alignment 36: 56 5049 | 1101804 1106796 | 4994 4993 | 99.96 | sa_ill_sa_contig39 contig_6
			  Indel (> 5bp) between these two alignments: deletion of length 55; 0 mismatches (number of Ns: 0) [fragmentation of reference genome]
			Excluding internal overlap of size 55 between Alignment 37 and 38: 1 821 | 1121933 1121113 | 821 821 --> 1 766 | 1121933 1121168 | 766 766
			Real Alignment 37: 1 14362 | 1106797 1121167 | 14362 14371 | 99.89 | sa_ill_sa_contig33 contig_6
			  Indel (> 5bp) between these two alignments: deletion of length 55; 0 mismatches (number of Ns: 0) [fragmentation of reference genome]
			Excluding internal overlap of size 55 between Alignment 38 and 39: 1 766 | 1121933 1121168 | 766 766 --> 56 766 | 1121878 1121168 | 711 711
			Real Alignment 38: 56 766 | 1121878 1121168 | 711 711 | 100.0 | sa_ill_sa_contig55 contig_6
			  Indel (> 5bp) between these two alignments: deletion of length 55; 0 mismatches (number of Ns: 0) [fragmentation of reference genome]
			Real Alignment 39: 1 6686 | 1128567 1121879 | 6686 6689 | 99.85 | sa_ill_sa_contig37 contig_6
			  Not a misassembly [fragmentation of reference genome] between these two alignments
			Excluding internal overlap of size 55 between Alignment 40 and 41: 1 1631 | 1133009 1131378 | 1631 1632 --> 1 1576 | 1133009 1131433 | 1576 1577
			Real Alignment 40: 1 2840 | 1128593 1131432 | 2840 2840 | 99.61 | sa_ill_sa_contig44 contig_6
			  Indel (> 5bp) between these two alignments: deletion of length 55; 0 mismatches (number of Ns: 0) [fragmentation of reference genome]
			Real Alignment 41: 1 1576 | 1133009 1131433 | 1576 1577 | 99.94 | sa_ill_sa_contig47 contig_6
			  Not a misassembly [fragmentation of reference genome] between these two alignments
			Excluding internal overlap of size 55 between Alignment 42 and 43: 1 1704 | 1175770 1174068 | 1704 1703 --> 1 1649 | 1175770 1174123 | 1649 1648
			Real Alignment 42: 1 41074 | 1174122 1133035 | 41074 41088 | 99.88 | sa_ill_sa_contig20 contig_6
			  Extensive misassembly (translocation) between these two alignments
			Real Alignment 43: 1 1649 | 1175770 1174123 | 1649 1648 | 99.77 | sa_ill_sa_contig8 contig_6
			  Not a misassembly [fragmentation of reference genome] between these two alignments
			Real Alignment 44: 203 3323 | 1179279 1176158 | 3121 3122 | 99.74 | sa_ill_sa_contig41 contig_6
			  Extensive misassembly (translocation) between these two alignments
			Real Alignment 45: 38161 38352 | 1179562 1179372 | 192 191 | 95.31 | sa_ill_sa_contig23 contig_6
			  Gap between these two alignments (local misassembly). Inconsistency = -279
			Real Alignment 46: 38187 38352 | 1179815 1179650 | 166 166 | 98.8 | sa_ill_sa_contig23 contig_6
			  Gap between these two alignments (local misassembly). Inconsistency = -258
			Real Alignment 47: 1 38352 | 1218277 1179908 | 38352 38370 | 99.89 | sa_ill_sa_contig23 contig_6
			  Not a misassembly [fragmentation of reference genome] between these two alignments
			Real Alignment 48: 688 925 | 1218672 1218420 | 238 253 | 94.07 | sa_ill_sa_contig51 contig_6
			  Extensive misassembly (translocation) between these two alignments
			Real Alignment 49: 1 1703 | 1220388 1218686 | 1703 1703 | 99.77 | sa_ill_sa_contig8 contig_6
			  Not a misassembly [fragmentation of reference genome] between these two alignments
			Excluding internal overlap of size 99 between Alignment 50 and 51: 1 1704 | 1225645 1223943 | 1704 1703 --> 1 1604 | 1225645 1224042 | 1604 1604
			Real Alignment 50: 1 3323 | 1224041 1220718 | 3323 3324 | 99.82 | sa_ill_sa_contig41 contig_6
			  Extensive misassembly (translocation) between these two alignments
			Real Alignment 51: 1 1604 | 1225645 1224042 | 1604 1604 | 99.77 | sa_ill_sa_contig8 contig_6
			  Not a misassembly [fragmentation of reference genome] between these two alignments
			Real Alignment 52: 203 3323 | 1229060 1225942 | 3121 3119 | 99.74 | sa_ill_sa_contig41 contig_6
			  Extensive misassembly (translocation) between these two alignments
			Excluding internal overlap of size 3 between Alignment 53 and 54: 1 765 | 1285548 1286312 | 765 765 --> 4 765 | 1285551 1286312 | 762 762
			Real Alignment 53: 1 56123 | 1285550 1229512 | 56123 56039 | 99.67 | sa_ill_sa_contig15 contig_6
			  Indel (<= 5bp) between these two alignments: deletion of length 3; 0 mismatches (number of Ns: 0) [fragmentation of reference genome]
			Excluding internal overlap of size 47 between Alignment 54 and 55: 4 765 | 1285551 1286312 | 762 762 --> 4 718 | 1285551 1286265 | 715 715
			Real Alignment 54: 4 718 | 1285551 1286265 | 715 715 | 100.0 | sa_ill_sa_contig58 contig_6
			  Indel (> 5bp) between these two alignments: deletion of length 47; 0 mismatches (number of Ns: 0) [fragmentation of reference genome]
			Real Alignment 55: 1 3261 | 1289527 1286266 | 3261 3262 | 99.94 | sa_ill_sa_contig42 contig_6
			  Not a misassembly [fragmentation of reference genome] between these two alignments
			Excluding internal overlap of size 54 between Alignment 56 and 57: 1 207093 | 1501653 1708681 | 207093 207029 --> 55 207093 | 1501707 1708681 | 207039 206975
			Real Alignment 56: 1 211909 | 1289727 1501706 | 211909 211980 | 99.89 | sa_ill_sa_contig2 contig_6
			  Indel (> 5bp) between these two alignments: deletion of length 54; 0 mismatches (number of Ns: 0) [fragmentation of reference genome]
			Real Alignment 57: 55 207093 | 1501707 1708681 | 207039 206975 | 99.83 | sa_ill_sa_contig3 contig_6
			  Not a misassembly [fragmentation of reference genome] between these two alignments
			Excluding internal overlap of size 320 between Alignment 58 and 59: 77953 134302 | 1786423 1842786 | 56350 56364 --> 78271 134302 | 1786743 1842786 | 56032 56044
			Real Alignment 58: 1 78138 | 1708694 1786742 | 78138 78049 | 99.72 | sa_ill_sa_contig7 contig_6
			  Gap between these two alignments (local misassembly). Inconsistency = 132
			Real Alignment 59: 78271 134302 | 1786743 1842786 | 56032 56044 | 99.86 | sa_ill_sa_contig7 contig_6
			  Not a misassembly [fragmentation of reference genome] between these two alignments
			Excluding internal overlap of size 20 between Alignment 60 and 61: 1 50729 | 1893603 1842849 | 50729 50755 --> 21 50729 | 1893583 1842849 | 50709 50735
			Real Alignment 60: 21 50729 | 1893583 1842849 | 50709 50735 | 99.88 | sa_ill_sa_contig16 contig_6
			  Indel (> 5bp) between these two alignments: deletion of length 20; 0 mismatches (number of Ns: 0) [fragmentation of reference genome]
			Real Alignment 61: 1 177172 | 2070838 1893584 | 177172 177255 | 99.88 | sa_ill_sa_contig4 contig_6
			  Not a misassembly [fragmentation of reference genome] between these two alignments
			Excluding internal overlap of size 11 between Alignment 62 and 63: 62883 66071 | 2115997 2112806 | 3189 3192 --> 62883 66060 | 2115997 2112817 | 3178 3181
			Real Alignment 62: 1 41771 | 2071027 2112816 | 41771 41790 | 99.9 | sa_ill_sa_contig19 contig_6
			  Indel (> 5bp) between these two alignments: deletion of length 11; 0 mismatches (number of Ns: 0) [fragmentation of reference genome]
			Excluding internal overlap of size 226 between Alignment 63 and 64: 62883 66060 | 2115997 2112817 | 3178 3181 --> 63108 66060 | 2115771 2112817 | 2953 2955
			Real Alignment 63: 63108 66060 | 2115771 2112817 | 2953 2955 | 99.56 | sa_ill_sa_contig13 contig_6
			  Overlap between these two alignments (local misassembly). Inconsistency = -231
			Excluding internal overlap of size 187 between Alignment 64 and 65: 124755 125486 | 2178947 2179678 | 732 732 --> 124942 125486 | 2179134 2179678 | 545 545
			Real Alignment 64: 1 63338 | 2179133 2115772 | 63338 63362 | 99.81 | sa_ill_sa_contig13 contig_6
			  Extensive misassembly (translocation) between these two alignments
			Excluding internal overlap of size 55 between Alignment 65 and 66: 124942 125486 | 2179134 2179678 | 545 545 --> 124942 125431 | 2179134 2179623 | 490 490
			Real Alignment 65: 124942 125431 | 2179134 2179623 | 490 490 | 93.44 | sa_ill_sa_contig10 contig_6
			  Indel (> 5bp) between these two alignments: deletion of length 55; 0 mismatches (number of Ns: 0) [fragmentation of reference genome]
			Real Alignment 66: 1 720 | 2179624 2180343 | 720 720 | 98.89 | sa_ill_sa_contig60 contig_6
			  Not a misassembly [fragmentation of reference genome] between these two alignments
			Excluding internal overlap of size 55 between Alignment 67 and 68: 1 539 | 2181999 2181461 | 539 539 --> 56 539 | 2181944 2181461 | 484 484
			Real Alignment 67: 56 539 | 2181944 2181461 | 484 484 | 99.07 | sa_ill_sa_contig65 contig_6
			  Indel (> 5bp) between these two alignments: deletion of length 55; 0 mismatches (number of Ns: 0) [fragmentation of reference genome]
			Excluding internal overlap of size 55 between Alignment 68 and 69: 1 1418 | 2405302 2406720 | 1418 1419 --> 56 1418 | 2405357 2406720 | 1363 1364
			Real Alignment 68: 1 223346 | 2405356 2181945 | 223346 223412 | 99.89 | sa_ill_sa_contig1 contig_6
			  Indel (> 5bp) between these two alignments: deletion of length 55; 0 mismatches (number of Ns: 0) [fragmentation of reference genome]
			Excluding internal overlap of size 34 between Alignment 69 and 70: 56 1418 | 2405357 2406720 | 1363 1364 --> 56 1384 | 2405357 2406686 | 1329 1330
			Real Alignment 69: 56 1384 | 2405357 2406686 | 1329 1330 | 99.79 | sa_ill_sa_contig48 contig_6
			  Indel (> 5bp) between these two alignments: deletion of length 34; 0 mismatches (number of Ns: 0) [fragmentation of reference genome]
			Excluding internal overlap of size 55 between Alignment 70 and 71: 1 7163 | 2505274 2512440 | 7163 7167 --> 56 7163 | 2505329 2512440 | 7108 7112
			Real Alignment 70: 1 98600 | 2505328 2406687 | 98600 98642 | 99.9 | sa_ill_sa_contig11 contig_6
			  Indel (> 5bp) between these two alignments: deletion of length 55; 0 mismatches (number of Ns: 0) [fragmentation of reference genome]
			Excluding internal overlap of size 26 between Alignment 71 and 72: 56 7163 | 2505329 2512440 | 7108 7112 --> 56 7137 | 2505329 2512414 | 7082 7086
			Real Alignment 71: 56 7137 | 2505329 2512414 | 7082 7086 | 99.93 | sa_ill_sa_contig36 contig_6
			  Indel (> 5bp) between these two alignments: deletion of length 26; 0 mismatches (number of Ns: 0) [fragmentation of reference genome]
			Excluding internal overlap of size 55 between Alignment 72 and 73: 1 821 | 2534153 2534974 | 821 822 --> 56 821 | 2534208 2534974 | 766 767
			Real Alignment 72: 1 21790 | 2534207 2512415 | 21790 21793 | 99.91 | sa_ill_sa_contig30 contig_6
			  Indel (> 5bp) between these two alignments: deletion of length 55; 0 mismatches (number of Ns: 0) [fragmentation of reference genome]
			Excluding internal overlap of size 55 between Alignment 73 and 74: 56 821 | 2534208 2534974 | 766 767 --> 56 766 | 2534208 2534919 | 711 712
			Real Alignment 73: 56 766 | 2534208 2534919 | 711 712 | 99.03 | sa_ill_sa_contig55 contig_6
			  Indel (> 5bp) between these two alignments: deletion of length 55; 0 mismatches (number of Ns: 0) [fragmentation of reference genome]
			Real Alignment 74: 1 14210 | 2549131 2534920 | 14210 14212 | 99.92 | sa_ill_sa_contig34 contig_6
			  Not a misassembly [fragmentation of reference genome] between these two alignments
			Real Alignment 75: 1 32969 | 2549284 2582261 | 32969 32978 | 99.87 | sa_ill_sa_contig26 contig_6
			  Gap between these two alignments (local misassembly). Inconsistency = 1 [fragmentation of reference genome]
			Real Alignment 76: 2 925 | 2582466 2583384 | 924 919 | 97.95 | sa_ill_sa_contig51 contig_6
			  Extensive misassembly (translocation) between these two alignments
			Real Alignment 77: 198 3323 | 2583938 2587061 | 3126 3124 | 99.84 | sa_ill_sa_contig41 contig_6
			  Not a misassembly [fragmentation of reference genome] between these two alignments
			Excluding internal overlap of size 96 between Alignment 78 and 79: 1 1701 | 2587483 2589183 | 1701 1701 --> 1 1604 | 2587483 2589087 | 1604 1605
			Real Alignment 78: 1 1604 | 2587483 2589087 | 1604 1605 | 99.71 | sa_ill_sa_contig8 contig_6
			  Extensive misassembly (translocation) between these two alignments
			Real Alignment 79: 1 28120 | 2589088 2617214 | 28120 28127 | 99.89 | sa_ill_sa_contig28 contig_6
			  Not a misassembly [fragmentation of reference genome] between these two alignments
			Excluding internal overlap of size 55 between Alignment 80 and 81: 97985 98526 | 2657445 2656906 | 542 540 --> 97985 98471 | 2657445 2656961 | 487 485
			Real Alignment 80: 1 39729 | 2617219 2656960 | 39729 39742 | 99.93 | sa_ill_sa_contig21 contig_6
			  Gap between these two alignments (local misassembly). Inconsistency = 129 [fragmentation of reference genome]
			Excluding internal overlap of size 106 between Alignment 81 and 82: 97985 98471 | 2657445 2656961 | 487 485 --> 98092 98471 | 2657339 2656961 | 380 379
			Real Alignment 81: 98092 98471 | 2657339 2656961 | 380 379 | 97.97 | sa_ill_sa_contig11 contig_6
			  Extensive misassembly (translocation) between these two alignments
			Real Alignment 82: 1 62389 | 2657340 2719575 | 62389 62236 | 99.68 | sa_ill_sa_contig14 contig_6
		Unaligned bases: 9253

CONTIG: contig_2 (4045600bp)
Best alignment score: 2526.3 (LEN: 2807, IDY: 90.00), Total number of alignments: 54
			Looking for the best set of alignments (out of 54 total alignments)
			Skipping redundant alignments after choosing the best set of alignments
		Skipping redundant alignment 169463 169621 | 1476348 1476506 | 159 159 | 93.12 | sa_ill_sa_contig3 contig_2
		Skipping redundant alignment 689 766 | 2712348 2712271 | 78 78 | 96.15 | sa_ill_sa_contig51 contig_2
		Skipping redundant alignment 165 240 | 1478033 1478108 | 76 76 | 96.05 | sa_ill_sa_contig23 contig_2
		Skipping redundant alignment 254 327 | 1478138 1478211 | 74 74 | 95.95 | sa_ill_sa_contig23 contig_2
		Skipping redundant alignment 105 270 | 2740629 2740793 | 166 165 | 96.41 | sa_ill_sa_contig25 contig_2
		Skipping redundant alignment 169463 169621 | 3071974 3071815 | 159 160 | 93.79 | sa_ill_sa_contig3 contig_2
		Skipping redundant alignment 198 275 | 3072096 3072173 | 78 78 | 97.44 | sa_ill_sa_contig25 contig_2
		Skipping redundant alignment 689 766 | 2557311 2557234 | 78 78 | 97.44 | sa_ill_sa_contig51 contig_2
		Skipping redundant alignment 689 766 | 2577923 2577846 | 78 78 | 97.44 | sa_ill_sa_contig51 contig_2
		Skipping redundant alignment 601 667 | 2616092 2616026 | 67 67 | 100.0 | sa_ill_sa_contig51 contig_2
		Skipping redundant alignment 32667 32748 | 3469744 3469663 | 82 82 | 95.12 | sa_ill_sa_contig26 contig_2
		Skipping redundant alignment 105 190 | 3469398 3469484 | 86 87 | 97.7 | sa_ill_sa_contig25 contig_2
		Skipping redundant alignment 254 327 | 2641361 2641288 | 74 74 | 97.3 | sa_ill_sa_contig23 contig_2
		Skipping redundant alignment 165 240 | 2641438 2641363 | 76 76 | 96.05 | sa_ill_sa_contig23 contig_2
		Skipping redundant alignment 788 861 | 2642041 2641968 | 74 74 | 97.3 | sa_ill_sa_contig51 contig_2
		Skipping redundant alignment 689 766 | 2642127 2642050 | 78 78 | 97.44 | sa_ill_sa_contig51 contig_2
		Skipping redundant alignment 32826 32901 | 3469562 3469487 | 76 76 | 94.74 | sa_ill_sa_contig26 contig_2
		Skipping redundant alignment 20693 20826 | 2679230 2679097 | 134 134 | 91.04 | sa_ill_sa_contig15 contig_2
		Skipping redundant alignment 34155 34242 | 3072448 3072536 | 88 89 | 96.63 | sa_ill_sa_contig24 contig_2
		Skipping redundant alignment 788 861 | 2712262 2712189 | 74 74 | 97.3 | sa_ill_sa_contig51 contig_2
		This contig has several significant sets of alignments. [An ambiguously mapped contig]
		Using only the very best set (option --ambiguity-usage is set to "one").
			The best set is below. Score: 31827.1, number of alignments: 34, unaligned bases: 4006723
		This contig is misassembled.
		This contig is partially unaligned. (Aligned 38877 out of 4045600 non-N bases (0.96%))
			Warning! This contig is more unaligned than misassembled. Contig length is 4045600 (number of Ns: 0) and total length of all aligns is 38877
		Alignment: 492 565 | 1477214 1477287 | 74 74 | 93.24 | sa_ill_sa_contig51 contig_2
		Alignment: 589 679 | 1477288 1477378 | 91 91 | 90.11 | sa_ill_sa_contig51 contig_2
		Alignment: 691 765 | 1477386 1477460 | 75 75 | 97.33 | sa_ill_sa_contig51 contig_2
		Alignment: 788 861 | 1477468 1477541 | 74 74 | 97.3 | sa_ill_sa_contig51 contig_2
		Alignment: 497 3301 | 1478599 1481405 | 2805 2807 | 90.0 | sa_ill_sa_contig41 contig_2
		Alignment: 35 1591 | 1481577 1483131 | 1557 1555 | 91.96 | sa_ill_sa_contig8 contig_2
		Alignment: 35 1591 | 2557056 2555502 | 1557 1555 | 92.03 | sa_ill_sa_contig8 contig_2
		Alignment: 2615 2916 | 2558092 2557791 | 302 302 | 93.38 | sa_ill_sa_contig41 contig_2
		Alignment: 1867 2316 | 2558841 2558392 | 450 450 | 90.89 | sa_ill_sa_contig41 contig_2
		Alignment: 497 1540 | 2560211 2559168 | 1044 1044 | 94.25 | sa_ill_sa_contig41 contig_2
		Alignment: 35 1591 | 2577668 2576114 | 1557 1555 | 91.96 | sa_ill_sa_contig8 contig_2
		Alignment: 497 3301 | 2580823 2578017 | 2805 2807 | 90.0 | sa_ill_sa_contig41 contig_2
		Alignment: 35 1591 | 2638002 2636448 | 1557 1555 | 92.03 | sa_ill_sa_contig8 contig_2
		Alignment: 497 3301 | 2640980 2638174 | 2805 2807 | 90.0 | sa_ill_sa_contig41 contig_2
		Alignment: 35 1591 | 2643925 2642371 | 1557 1555 | 92.03 | sa_ill_sa_contig8 contig_2
		Alignment: 497 3301 | 2646903 2644097 | 2805 2807 | 90.0 | sa_ill_sa_contig41 contig_2
		Alignment: 35 1591 | 2708466 2706913 | 1557 1554 | 91.84 | sa_ill_sa_contig8 contig_2
		Alignment: 2615 2916 | 2709325 2709024 | 302 302 | 93.38 | sa_ill_sa_contig41 contig_2
		Alignment: 1867 2316 | 2710074 2709625 | 450 450 | 90.89 | sa_ill_sa_contig41 contig_2
		Alignment: 497 1540 | 2711444 2710401 | 1044 1044 | 94.25 | sa_ill_sa_contig41 contig_2
		Alignment: 35 1591 | 2714079 2712525 | 1557 1555 | 91.9 | sa_ill_sa_contig8 contig_2
		Alignment: 497 3301 | 2717057 2714251 | 2805 2807 | 90.0 | sa_ill_sa_contig41 contig_2
		Alignment: 35 1591 | 2719079 2717526 | 1557 1554 | 91.84 | sa_ill_sa_contig8 contig_2
		Alignment: 2615 2916 | 2719938 2719637 | 302 302 | 93.38 | sa_ill_sa_contig41 contig_2
		Alignment: 1867 2316 | 2720687 2720238 | 450 450 | 90.67 | sa_ill_sa_contig41 contig_2
		Alignment: 497 1540 | 2722057 2721014 | 1044 1044 | 94.25 | sa_ill_sa_contig41 contig_2
		Alignment: 35 1591 | 3172531 3170977 | 1557 1555 | 92.03 | sa_ill_sa_contig8 contig_2
		Alignment: 2615 2916 | 3173390 3173089 | 302 302 | 93.38 | sa_ill_sa_contig41 contig_2
		Alignment: 1867 2316 | 3174139 3173690 | 450 450 | 90.89 | sa_ill_sa_contig41 contig_2
		Alignment: 497 1540 | 3175509 3174466 | 1044 1044 | 94.16 | sa_ill_sa_contig41 contig_2
		Alignment: 35 1591 | 3465298 3463744 | 1557 1555 | 92.03 | sa_ill_sa_contig8 contig_2
		Alignment: 2615 2916 | 3466157 3465856 | 302 302 | 93.38 | sa_ill_sa_contig41 contig_2
		Alignment: 1867 2316 | 3466906 3466457 | 450 450 | 90.89 | sa_ill_sa_contig41 contig_2
		Alignment: 497 1540 | 3468276 3467233 | 1044 1044 | 94.25 | sa_ill_sa_contig41 contig_2
		Unaligned bases: 4006723

CONTIG: contig_12 (2992046bp)
Best alignment score: 1409.5 (LEN: 1551, IDY: 90.88), Total number of alignments: 65
			Looking for the best set of alignments (out of 65 total alignments)
			Skipping redundant alignments after choosing the best set of alignments
		Skipping redundant alignment 106 324 | 376685 376908 | 219 224 | 91.56 | sa_ill_sa_contig25 contig_12
		Skipping redundant alignment 689 759 | 1148231 1148161 | 71 71 | 98.59 | sa_ill_sa_contig51 contig_12
		Skipping redundant alignment 689 759 | 601256 601326 | 71 71 | 98.59 | sa_ill_sa_contig51 contig_12
		Skipping redundant alignment 106080 106188 | 2579499 2579607 | 109 109 | 91.74 | sa_ill_sa_contig6 contig_12
		Skipping redundant alignment 106204 106292 | 2579623 2579711 | 89 89 | 91.01 | sa_ill_sa_contig6 contig_12
		Skipping redundant alignment 681 862 | 1389910 1389734 | 182 177 | 92.9 | sa_ill_sa_contig51 contig_12
		This contig has several significant sets of alignments. [An ambiguously mapped contig]
		Using only the very best set (option --ambiguity-usage is set to "one").
			The best set is below. Score: 16747.6, number of alignments: 59, unaligned bases: 2970333
		This contig is misassembled.
		This contig is partially unaligned. (Aligned 21713 out of 2992046 non-N bases (0.73%))
			Warning! This contig is more unaligned than misassembled. Contig length is 2992046 (number of Ns: 0) and total length of all aligns is 21713
		Alignment: 500 577 | 1 78 | 78 78 | 92.31 | sa_ill_sa_contig41 contig_12
		Alignment: 589 1151 | 90 652 | 563 563 | 93.25 | sa_ill_sa_contig41 contig_12
		Alignment: 1158 1540 | 659 1041 | 383 383 | 94.78 | sa_ill_sa_contig41 contig_12
		Alignment: 1559 1639 | 1061 1141 | 81 81 | 97.53 | sa_ill_sa_contig41 contig_12
		Alignment: 1871 2057 | 1371 1557 | 187 187 | 90.37 | sa_ill_sa_contig41 contig_12
		Alignment: 2099 2316 | 1604 1821 | 218 218 | 91.74 | sa_ill_sa_contig41 contig_12
		Alignment: 2614 2917 | 2121 2424 | 304 304 | 93.09 | sa_ill_sa_contig41 contig_12
		Alignment: 2985 3136 | 2493 2644 | 152 152 | 92.11 | sa_ill_sa_contig41 contig_12
		Alignment: 38 1590 | 3060 4610 | 1553 1551 | 90.82 | sa_ill_sa_contig8 contig_12
		Alignment: 497 577 | 598261 598341 | 81 81 | 92.59 | sa_ill_sa_contig41 contig_12
		Alignment: 589 1151 | 598353 598915 | 563 563 | 93.25 | sa_ill_sa_contig41 contig_12
		Alignment: 1158 1540 | 598922 599304 | 383 383 | 94.78 | sa_ill_sa_contig41 contig_12
		Alignment: 1559 1639 | 599324 599404 | 81 81 | 97.53 | sa_ill_sa_contig41 contig_12
		Alignment: 1871 2057 | 599634 599820 | 187 187 | 90.37 | sa_ill_sa_contig41 contig_12
		Alignment: 2099 2316 | 599867 600084 | 218 218 | 91.74 | sa_ill_sa_contig41 contig_12
		Alignment: 2614 2917 | 600384 600687 | 304 304 | 93.09 | sa_ill_sa_contig41 contig_12
		Alignment: 2985 3136 | 600756 600907 | 152 152 | 92.11 | sa_ill_sa_contig41 contig_12
		Alignment: 38 1590 | 601574 603124 | 1553 1551 | 90.82 | sa_ill_sa_contig8 contig_12
		Alignment: 20702 20898 | 1098557 1098361 | 197 197 | 90.86 | sa_ill_sa_contig15 contig_12
		Alignment: 20320 20490 | 1098939 1098769 | 171 171 | 90.64 | sa_ill_sa_contig15 contig_12
		Alignment: 38 1590 | 1147913 1146363 | 1553 1551 | 90.82 | sa_ill_sa_contig8 contig_12
		Alignment: 2985 3136 | 1148731 1148580 | 152 152 | 92.11 | sa_ill_sa_contig41 contig_12
		Alignment: 2614 2917 | 1149103 1148800 | 304 304 | 93.09 | sa_ill_sa_contig41 contig_12
		Alignment: 2099 2316 | 1149620 1149403 | 218 218 | 91.74 | sa_ill_sa_contig41 contig_12
		Alignment: 1871 2057 | 1149853 1149667 | 187 187 | 90.37 | sa_ill_sa_contig41 contig_12
		Alignment: 1559 1639 | 1150163 1150083 | 81 81 | 97.53 | sa_ill_sa_contig41 contig_12
		Alignment: 1158 1540 | 1150565 1150183 | 383 383 | 94.78 | sa_ill_sa_contig41 contig_12
		Alignment: 589 1151 | 1151134 1150572 | 563 563 | 93.25 | sa_ill_sa_contig41 contig_12
		Alignment: 497 577 | 1151226 1151146 | 81 81 | 92.59 | sa_ill_sa_contig41 contig_12
		Alignment: 38 1590 | 1385715 1384165 | 1553 1551 | 90.82 | sa_ill_sa_contig8 contig_12
		Alignment: 2985 3136 | 1386282 1386131 | 152 152 | 92.11 | sa_ill_sa_contig41 contig_12
		Alignment: 2614 2917 | 1386654 1386351 | 304 304 | 93.09 | sa_ill_sa_contig41 contig_12
		Alignment: 2099 2316 | 1387171 1386954 | 218 218 | 91.74 | sa_ill_sa_contig41 contig_12
		Alignment: 1871 2057 | 1387404 1387218 | 187 187 | 90.37 | sa_ill_sa_contig41 contig_12
		Alignment: 1559 1639 | 1387714 1387634 | 81 81 | 97.53 | sa_ill_sa_contig41 contig_12
		Alignment: 1158 1540 | 1388116 1387734 | 383 383 | 94.78 | sa_ill_sa_contig41 contig_12
		Alignment: 589 1151 | 1388685 1388123 | 563 563 | 93.25 | sa_ill_sa_contig41 contig_12
		Alignment: 497 577 | 1388777 1388697 | 81 81 | 92.59 | sa_ill_sa_contig41 contig_12
		Alignment: 38 1590 | 1391734 1390184 | 1553 1551 | 90.88 | sa_ill_sa_contig8 contig_12
		Alignment: 2985 3136 | 1392301 1392150 | 152 152 | 92.11 | sa_ill_sa_contig41 contig_12
		Alignment: 2614 2917 | 1392673 1392370 | 304 304 | 93.09 | sa_ill_sa_contig41 contig_12
		Alignment: 2099 2316 | 1393190 1392973 | 218 218 | 91.74 | sa_ill_sa_contig41 contig_12
		Alignment: 1871 2057 | 1393423 1393237 | 187 187 | 90.37 | sa_ill_sa_contig41 contig_12
		Alignment: 1559 1639 | 1393733 1393653 | 81 81 | 97.53 | sa_ill_sa_contig41 contig_12
		Alignment: 1158 1540 | 1394135 1393753 | 383 383 | 94.78 | sa_ill_sa_contig41 contig_12
		Alignment: 589 1151 | 1394704 1394142 | 563 563 | 93.25 | sa_ill_sa_contig41 contig_12
		Alignment: 497 577 | 1394796 1394716 | 81 81 | 92.59 | sa_ill_sa_contig41 contig_12
		Alignment: 492 565 | 2886051 2886124 | 74 74 | 95.95 | sa_ill_sa_contig51 contig_12
		Alignment: 691 768 | 2886251 2886328 | 78 78 | 97.44 | sa_ill_sa_contig51 contig_12
		Alignment: 787 862 | 2886346 2886421 | 76 76 | 100.0 | sa_ill_sa_contig51 contig_12
		Alignment: 497 577 | 2887372 2887452 | 81 81 | 92.59 | sa_ill_sa_contig41 contig_12
		Alignment: 589 1151 | 2887464 2888026 | 563 563 | 93.25 | sa_ill_sa_contig41 contig_12
		Alignment: 1158 1540 | 2888033 2888415 | 383 383 | 94.78 | sa_ill_sa_contig41 contig_12
		Alignment: 1559 1639 | 2888435 2888515 | 81 81 | 97.53 | sa_ill_sa_contig41 contig_12
		Alignment: 1871 2057 | 2888745 2888931 | 187 187 | 90.37 | sa_ill_sa_contig41 contig_12
		Alignment: 2099 2316 | 2888978 2889195 | 218 218 | 91.74 | sa_ill_sa_contig41 contig_12
		Alignment: 2614 2917 | 2889495 2889798 | 304 304 | 93.09 | sa_ill_sa_contig41 contig_12
		Alignment: 2985 3136 | 2889867 2890018 | 152 152 | 92.11 | sa_ill_sa_contig41 contig_12
		Alignment: 38 1590 | 2890434 2891984 | 1553 1551 | 90.82 | sa_ill_sa_contig8 contig_12
		Unaligned bases: 2970333

CONTIG: contig_14 (2845433bp)
Best alignment score: 567.0 (LEN: 599, IDY: 94.66), Total number of alignments: 48
			Looking for the best set of alignments (out of 48 total alignments)
			Skipping redundant alignments after choosing the best set of alignments
		Skipping redundant alignment 786 861 | 246188 246113 | 76 76 | 100.0 | sa_ill_sa_contig51 contig_14
		This contig has several significant sets of alignments. [An ambiguously mapped contig]
		Using only the very best set (option --ambiguity-usage is set to "one").
			The best set is below. Score: 9278.1, number of alignments: 47, unaligned bases: 2833701
		This contig is misassembled.
		This contig is partially unaligned. (Aligned 11732 out of 2845433 non-N bases (0.41%))
			Warning! This contig is more unaligned than misassembled. Contig length is 2845433 (number of Ns: 0) and total length of all aligns is 11732
		Alignment: 19874 19965 | 24678 24769 | 92 92 | 91.3 | sa_ill_sa_contig15 contig_14
		Alignment: 20204 20310 | 25008 25114 | 107 107 | 94.39 | sa_ill_sa_contig15 contig_14
		Alignment: 20351 20466 | 25158 25273 | 116 116 | 93.1 | sa_ill_sa_contig15 contig_14
		Alignment: 1136 1374 | 240972 240734 | 239 239 | 92.47 | sa_ill_sa_contig8 contig_14
		Alignment: 561 1110 | 241547 240998 | 550 550 | 94.73 | sa_ill_sa_contig8 contig_14
		Alignment: 437 551 | 241669 241555 | 115 115 | 96.52 | sa_ill_sa_contig8 contig_14
		Alignment: 38 431 | 242068 241675 | 394 394 | 90.61 | sa_ill_sa_contig8 contig_14
		Alignment: 3184 3302 | 242417 242299 | 119 119 | 94.12 | sa_ill_sa_contig41 contig_14
		Alignment: 3006 3134 | 242594 242466 | 129 129 | 93.8 | sa_ill_sa_contig41 contig_14
		Alignment: 2346 2414 | 243250 243182 | 69 69 | 95.65 | sa_ill_sa_contig41 contig_14
		Alignment: 2102 2316 | 243494 243280 | 215 215 | 95.35 | sa_ill_sa_contig41 contig_14
		Alignment: 1191 1538 | 244396 244049 | 348 348 | 95.11 | sa_ill_sa_contig41 contig_14
		Alignment: 497 1095 | 245090 244492 | 599 599 | 94.66 | sa_ill_sa_contig41 contig_14
		Alignment: 1136 1374 | 684101 683863 | 239 239 | 92.47 | sa_ill_sa_contig8 contig_14
		Alignment: 561 1110 | 684676 684127 | 550 550 | 94.73 | sa_ill_sa_contig8 contig_14
		Alignment: 437 551 | 684798 684684 | 115 115 | 96.52 | sa_ill_sa_contig8 contig_14
		Alignment: 38 431 | 685197 684804 | 394 394 | 90.61 | sa_ill_sa_contig8 contig_14
		Alignment: 3184 3302 | 685648 685530 | 119 119 | 94.12 | sa_ill_sa_contig41 contig_14
		Alignment: 3006 3134 | 685825 685697 | 129 129 | 93.8 | sa_ill_sa_contig41 contig_14
		Alignment: 2346 2414 | 686481 686413 | 69 69 | 95.65 | sa_ill_sa_contig41 contig_14
		Alignment: 2102 2316 | 686725 686511 | 215 215 | 95.35 | sa_ill_sa_contig41 contig_14
		Alignment: 1191 1538 | 687627 687280 | 348 348 | 95.11 | sa_ill_sa_contig41 contig_14
		Alignment: 497 1095 | 688321 687723 | 599 599 | 94.66 | sa_ill_sa_contig41 contig_14
		Alignment: 785 865 | 689342 689262 | 81 81 | 98.77 | sa_ill_sa_contig51 contig_14
		Alignment: 691 766 | 689426 689351 | 76 76 | 96.05 | sa_ill_sa_contig51 contig_14
		Alignment: 585 666 | 689530 689449 | 82 82 | 91.46 | sa_ill_sa_contig51 contig_14
		Alignment: 491 565 | 689616 689542 | 75 75 | 93.33 | sa_ill_sa_contig51 contig_14
		Alignment: 1136 1374 | 1303336 1303098 | 239 239 | 92.47 | sa_ill_sa_contig8 contig_14
		Alignment: 561 1110 | 1303911 1303362 | 550 550 | 94.73 | sa_ill_sa_contig8 contig_14
		Alignment: 437 551 | 1304033 1303919 | 115 115 | 96.52 | sa_ill_sa_contig8 contig_14
		Alignment: 38 431 | 1304432 1304039 | 394 394 | 90.61 | sa_ill_sa_contig8 contig_14
		Alignment: 3006 3124 | 1305060 1304942 | 119 119 | 96.64 | sa_ill_sa_contig41 contig_14
		Alignment: 2346 2414 | 1305716 1305648 | 69 69 | 95.65 | sa_ill_sa_contig41 contig_14
		Alignment: 2102 2316 | 1305960 1305746 | 215 215 | 95.35 | sa_ill_sa_contig41 contig_14
		Alignment: 1191 1538 | 1306862 1306515 | 348 348 | 95.11 | sa_ill_sa_contig41 contig_14
		Alignment: 497 1095 | 1307556 1306958 | 599 599 | 94.66 | sa_ill_sa_contig41 contig_14
		Alignment: 110713 110836 | 1560145 1560268 | 124 124 | 91.94 | sa_ill_sa_contig1 contig_14
		Alignment: 497 1095 | 2811253 2811851 | 599 599 | 94.66 | sa_ill_sa_contig41 contig_14
		Alignment: 1191 1538 | 2811947 2812294 | 348 348 | 95.11 | sa_ill_sa_contig41 contig_14
		Alignment: 2102 2316 | 2812849 2813063 | 215 215 | 95.35 | sa_ill_sa_contig41 contig_14
		Alignment: 2346 2414 | 2813093 2813161 | 69 69 | 95.65 | sa_ill_sa_contig41 contig_14
		Alignment: 3006 3134 | 2813749 2813877 | 129 129 | 93.8 | sa_ill_sa_contig41 contig_14
		Alignment: 3184 3302 | 2813926 2814044 | 119 119 | 94.12 | sa_ill_sa_contig41 contig_14
		Alignment: 38 431 | 2814275 2814668 | 394 394 | 90.61 | sa_ill_sa_contig8 contig_14
		Alignment: 437 551 | 2814674 2814788 | 115 115 | 96.52 | sa_ill_sa_contig8 contig_14
		Alignment: 561 1110 | 2814796 2815345 | 550 550 | 94.73 | sa_ill_sa_contig8 contig_14
		Alignment: 1136 1374 | 2815371 2815609 | 239 239 | 92.47 | sa_ill_sa_contig8 contig_14
		Unaligned bases: 2833701

CONTIG: contig_15 (1945619bp)
Best alignment score: 986.2 (LEN: 1076, IDY: 91.65), Total number of alignments: 37
			Looking for the best set of alignments (out of 37 total alignments)
			The best set is below. Score: 5506.5, number of alignments: 37, unaligned bases: 1936963
		This contig is misassembled.
		This contig is partially unaligned. (Aligned 8656 out of 1945619 non-N bases (0.44%))
			Warning! This contig is more unaligned than misassembled. Contig length is 1945619 (number of Ns: 0) and total length of all aligns is 8656
		Alignment: 567 826 | 231705 231446 | 260 260 | 91.54 | sa_ill_sa_contig8 contig_15
		Alignment: 471 545 | 231799 231725 | 75 75 | 98.67 | sa_ill_sa_contig8 contig_15
		Alignment: 38 231 | 232242 232049 | 194 194 | 91.24 | sa_ill_sa_contig8 contig_15
		Alignment: 3008 3098 | 232740 232650 | 91 91 | 92.31 | sa_ill_sa_contig41 contig_15
		Alignment: 2342 2421 | 233409 233330 | 80 80 | 90.0 | sa_ill_sa_contig41 contig_15
		Alignment: 2105 2299 | 233646 233452 | 195 195 | 93.33 | sa_ill_sa_contig41 contig_15
		Alignment: 1150 1543 | 234593 234200 | 394 394 | 90.61 | sa_ill_sa_contig41 contig_15
		Alignment: 821 1092 | 234922 234651 | 272 272 | 94.12 | sa_ill_sa_contig41 contig_15
		Alignment: 496 819 | 235246 234923 | 324 324 | 93.21 | sa_ill_sa_contig41 contig_15
		Alignment: 589 819 | 1044658 1044888 | 231 231 | 98.27 | sa_ill_sa_contig41 contig_15
		Alignment: 821 1095 | 1044889 1045163 | 275 275 | 93.45 | sa_ill_sa_contig41 contig_15
		Alignment: 1150 1543 | 1045218 1045611 | 394 394 | 90.61 | sa_ill_sa_contig41 contig_15
		Alignment: 2105 2299 | 1046166 1046360 | 195 195 | 93.33 | sa_ill_sa_contig41 contig_15
		Alignment: 2342 2421 | 1046403 1046482 | 80 80 | 90.0 | sa_ill_sa_contig41 contig_15
		Alignment: 3008 3122 | 1047072 1047186 | 115 115 | 91.3 | sa_ill_sa_contig41 contig_15
		Alignment: 471 545 | 1048196 1048270 | 75 75 | 98.67 | sa_ill_sa_contig8 contig_15
		Alignment: 567 826 | 1048290 1048549 | 260 260 | 91.54 | sa_ill_sa_contig8 contig_15
		Alignment: 567 826 | 1709968 1709709 | 260 260 | 91.54 | sa_ill_sa_contig8 contig_15
		Alignment: 471 545 | 1710062 1709988 | 75 75 | 98.67 | sa_ill_sa_contig8 contig_15
		Alignment: 3008 3122 | 1710991 1710877 | 115 115 | 91.3 | sa_ill_sa_contig41 contig_15
		Alignment: 2342 2421 | 1711660 1711581 | 80 80 | 90.0 | sa_ill_sa_contig41 contig_15
		Alignment: 2105 2299 | 1711897 1711703 | 195 195 | 93.33 | sa_ill_sa_contig41 contig_15
		Alignment: 1150 1543 | 1712845 1712452 | 394 394 | 90.61 | sa_ill_sa_contig41 contig_15
		Alignment: 496 1095 | 1713499 1712900 | 600 600 | 93.33 | sa_ill_sa_contig41 contig_15
		Alignment: 567 826 | 1745492 1745233 | 260 260 | 91.54 | sa_ill_sa_contig8 contig_15
		Alignment: 471 545 | 1745586 1745512 | 75 75 | 98.67 | sa_ill_sa_contig8 contig_15
		Alignment: 3008 3122 | 1746515 1746401 | 115 115 | 90.43 | sa_ill_sa_contig41 contig_15
		Alignment: 2342 2421 | 1747184 1747105 | 80 80 | 91.25 | sa_ill_sa_contig41 contig_15
		Alignment: 2105 2299 | 1747421 1747227 | 195 195 | 93.33 | sa_ill_sa_contig41 contig_15
		Alignment: 589 1674 | 1748932 1747857 | 1086 1076 | 91.65 | sa_ill_sa_contig41 contig_15
		Alignment: 567 826 | 1822388 1822129 | 260 260 | 91.54 | sa_ill_sa_contig8 contig_15
		Alignment: 471 545 | 1822482 1822408 | 75 75 | 98.67 | sa_ill_sa_contig8 contig_15
		Alignment: 3008 3122 | 1823607 1823493 | 115 115 | 91.3 | sa_ill_sa_contig41 contig_15
		Alignment: 2342 2421 | 1824276 1824197 | 80 80 | 90.0 | sa_ill_sa_contig41 contig_15
		Alignment: 2105 2299 | 1824513 1824319 | 195 195 | 93.33 | sa_ill_sa_contig41 contig_15
		Alignment: 1150 1543 | 1825461 1825068 | 394 394 | 90.61 | sa_ill_sa_contig41 contig_15
		Alignment: 589 1095 | 1826022 1825516 | 507 507 | 95.66 | sa_ill_sa_contig41 contig_15
		Unaligned bases: 1936963

CONTIG: contig_56 (4758100bp)
Best alignment score: 209.0 (LEN: 230, IDY: 90.87), Total number of alignments: 35
			Looking for the best set of alignments (out of 35 total alignments)
			The best set is below. Score: 773.1, number of alignments: 35, unaligned bases: 4753732
		This contig is misassembled.
		This contig is partially unaligned. (Aligned 4368 out of 4758100 non-N bases (0.09%))
			Warning! This contig is more unaligned than misassembled. Contig length is 4758100 (number of Ns: 0) and total length of all aligns is 4368
		Alignment: 671 900 | 806225 806454 | 230 230 | 90.87 | sa_ill_sa_contig41 contig_56
		Alignment: 1309 1402 | 806863 806956 | 94 94 | 96.81 | sa_ill_sa_contig41 contig_56
		Alignment: 455 542 | 809607 809694 | 88 88 | 90.91 | sa_ill_sa_contig8 contig_56
		Alignment: 590 729 | 809740 809879 | 140 140 | 91.43 | sa_ill_sa_contig8 contig_56
		Alignment: 769 840 | 809918 809989 | 72 72 | 95.83 | sa_ill_sa_contig8 contig_56
		Alignment: 671 900 | 1472492 1472721 | 230 230 | 90.87 | sa_ill_sa_contig41 contig_56
		Alignment: 1309 1402 | 1473130 1473223 | 94 94 | 96.81 | sa_ill_sa_contig41 contig_56
		Alignment: 455 542 | 1475874 1475961 | 88 88 | 90.91 | sa_ill_sa_contig8 contig_56
		Alignment: 590 729 | 1476007 1476146 | 140 140 | 91.43 | sa_ill_sa_contig8 contig_56
		Alignment: 769 840 | 1476185 1476256 | 72 72 | 95.83 | sa_ill_sa_contig8 contig_56
		Alignment: 769 840 | 1992773 1992702 | 72 72 | 95.83 | sa_ill_sa_contig8 contig_56
		Alignment: 590 729 | 1992951 1992812 | 140 140 | 91.43 | sa_ill_sa_contig8 contig_56
		Alignment: 455 542 | 1993084 1992997 | 88 88 | 90.91 | sa_ill_sa_contig8 contig_56
		Alignment: 1309 1402 | 1995987 1995894 | 94 94 | 96.81 | sa_ill_sa_contig41 contig_56
		Alignment: 671 900 | 1996625 1996396 | 230 230 | 90.87 | sa_ill_sa_contig41 contig_56
		Alignment: 769 840 | 2087861 2087790 | 72 72 | 95.83 | sa_ill_sa_contig8 contig_56
		Alignment: 590 729 | 2088039 2087900 | 140 140 | 91.43 | sa_ill_sa_contig8 contig_56
		Alignment: 455 542 | 2088172 2088085 | 88 88 | 90.91 | sa_ill_sa_contig8 contig_56
		Alignment: 1309 1402 | 2090916 2090823 | 94 94 | 96.81 | sa_ill_sa_contig41 contig_56
		Alignment: 671 900 | 2091554 2091325 | 230 230 | 90.87 | sa_ill_sa_contig41 contig_56
		Alignment: 769 840 | 2243097 2243026 | 72 72 | 95.83 | sa_ill_sa_contig8 contig_56
		Alignment: 590 729 | 2243275 2243136 | 140 140 | 91.43 | sa_ill_sa_contig8 contig_56
		Alignment: 455 542 | 2243408 2243321 | 88 88 | 90.91 | sa_ill_sa_contig8 contig_56
		Alignment: 1309 1402 | 2246311 2246218 | 94 94 | 96.81 | sa_ill_sa_contig41 contig_56
		Alignment: 671 900 | 2246949 2246720 | 230 230 | 90.87 | sa_ill_sa_contig41 contig_56
		Alignment: 769 840 | 2286012 2285941 | 72 72 | 95.83 | sa_ill_sa_contig8 contig_56
		Alignment: 590 729 | 2286190 2286051 | 140 140 | 91.43 | sa_ill_sa_contig8 contig_56
		Alignment: 455 542 | 2286323 2286236 | 88 88 | 90.91 | sa_ill_sa_contig8 contig_56
		Alignment: 1309 1402 | 2289067 2288974 | 94 94 | 96.81 | sa_ill_sa_contig41 contig_56
		Alignment: 671 900 | 2289705 2289476 | 230 230 | 90.87 | sa_ill_sa_contig41 contig_56
		Alignment: 769 840 | 3035559 3035488 | 72 72 | 95.83 | sa_ill_sa_contig8 contig_56
		Alignment: 590 729 | 3035737 3035598 | 140 140 | 91.43 | sa_ill_sa_contig8 contig_56
		Alignment: 455 542 | 3035870 3035783 | 88 88 | 90.91 | sa_ill_sa_contig8 contig_56
		Alignment: 1309 1402 | 3038873 3038780 | 94 94 | 96.81 | sa_ill_sa_contig41 contig_56
		Alignment: 671 900 | 3039511 3039282 | 230 230 | 90.87 | sa_ill_sa_contig41 contig_56
		Unaligned bases: 4753732

CONTIG: contig_57 (4765372bp)
Best alignment score: 209.0 (LEN: 230, IDY: 90.87), Total number of alignments: 35
			Looking for the best set of alignments (out of 35 total alignments)
			The best set is below. Score: 667.9, number of alignments: 35, unaligned bases: 4761137
		This contig is misassembled.
		This contig is partially unaligned. (Aligned 4235 out of 4765372 non-N bases (0.09%))
			Warning! This contig is more unaligned than misassembled. Contig length is 4765372 (number of Ns: 0) and total length of all aligns is 4235
		Alignment: 671 900 | 304198 304427 | 230 230 | 90.87 | sa_ill_sa_contig41 contig_57
		Alignment: 1309 1402 | 304836 304929 | 94 94 | 96.81 | sa_ill_sa_contig41 contig_57
		Alignment: 455 542 | 307655 307742 | 88 88 | 90.91 | sa_ill_sa_contig8 contig_57
		Alignment: 590 709 | 307788 307907 | 120 120 | 93.33 | sa_ill_sa_contig8 contig_57
		Alignment: 769 841 | 307966 308038 | 73 73 | 95.89 | sa_ill_sa_contig8 contig_57
		Alignment: 671 900 | 1012525 1012754 | 230 230 | 90.87 | sa_ill_sa_contig41 contig_57
		Alignment: 1309 1402 | 1013163 1013256 | 94 94 | 96.81 | sa_ill_sa_contig41 contig_57
		Alignment: 455 542 | 1015988 1016075 | 88 88 | 90.91 | sa_ill_sa_contig8 contig_57
		Alignment: 590 709 | 1016121 1016240 | 120 120 | 93.33 | sa_ill_sa_contig8 contig_57
		Alignment: 769 841 | 1016299 1016371 | 73 73 | 95.89 | sa_ill_sa_contig8 contig_57
		Alignment: 769 841 | 1556934 1556862 | 73 73 | 95.89 | sa_ill_sa_contig8 contig_57
		Alignment: 590 709 | 1557112 1556993 | 120 120 | 93.33 | sa_ill_sa_contig8 contig_57
		Alignment: 455 542 | 1557245 1557158 | 88 88 | 90.91 | sa_ill_sa_contig8 contig_57
		Alignment: 1309 1402 | 1559987 1559894 | 94 94 | 96.81 | sa_ill_sa_contig41 contig_57
		Alignment: 671 900 | 1560625 1560396 | 230 230 | 90.87 | sa_ill_sa_contig41 contig_57
		Alignment: 769 841 | 1650560 1650488 | 73 73 | 95.89 | sa_ill_sa_contig8 contig_57
		Alignment: 590 709 | 1650738 1650619 | 120 120 | 93.33 | sa_ill_sa_contig8 contig_57
		Alignment: 455 542 | 1650871 1650784 | 88 88 | 90.91 | sa_ill_sa_contig8 contig_57
		Alignment: 1309 1402 | 1653707 1653614 | 94 94 | 96.81 | sa_ill_sa_contig41 contig_57
		Alignment: 671 900 | 1654345 1654116 | 230 230 | 90.87 | sa_ill_sa_contig41 contig_57
		Alignment: 769 841 | 1781687 1781615 | 73 73 | 95.89 | sa_ill_sa_contig8 contig_57
		Alignment: 590 709 | 1781865 1781746 | 120 120 | 93.33 | sa_ill_sa_contig8 contig_57
		Alignment: 455 542 | 1781998 1781911 | 88 88 | 90.91 | sa_ill_sa_contig8 contig_57
		Alignment: 1309 1402 | 1784740 1784647 | 94 94 | 96.81 | sa_ill_sa_contig41 contig_57
		Alignment: 671 900 | 1785378 1785149 | 230 230 | 90.87 | sa_ill_sa_contig41 contig_57
		Alignment: 769 841 | 1823086 1823014 | 73 73 | 95.89 | sa_ill_sa_contig8 contig_57
		Alignment: 590 709 | 1823264 1823145 | 120 120 | 93.33 | sa_ill_sa_contig8 contig_57
		Alignment: 455 542 | 1823397 1823310 | 88 88 | 90.91 | sa_ill_sa_contig8 contig_57
		Alignment: 1309 1402 | 1826139 1826046 | 94 94 | 96.81 | sa_ill_sa_contig41 contig_57
		Alignment: 671 900 | 1826777 1826548 | 230 230 | 90.87 | sa_ill_sa_contig41 contig_57
		Alignment: 769 841 | 2470924 2470852 | 73 73 | 95.89 | sa_ill_sa_contig8 contig_57
		Alignment: 590 709 | 2471102 2470983 | 120 120 | 93.33 | sa_ill_sa_contig8 contig_57
		Alignment: 455 542 | 2471235 2471148 | 88 88 | 90.91 | sa_ill_sa_contig8 contig_57
		Alignment: 1309 1402 | 2474070 2473977 | 94 94 | 96.81 | sa_ill_sa_contig41 contig_57
		Alignment: 671 900 | 2474708 2474479 | 230 230 | 90.87 | sa_ill_sa_contig41 contig_57
		Unaligned bases: 4761137

Analyzing coverage...
Writing SNPs into /media3/lucia/zymo_mock_community/asms_sin_cuantizar/asm_flye/metaquast-r10/runs_per_reference/sa_ill/contigs_reports/minimap_output/r2_medaka_r10_3.used_snps.gz

Analysis is finished!
Founded SNPs were written into /media3/lucia/zymo_mock_community/asms_sin_cuantizar/asm_flye/metaquast-r10/runs_per_reference/sa_ill/contigs_reports/minimap_output/r2_medaka_r10_3.used_snps.gz

Results:
	Local Misassemblies: 9
	Misassemblies: 14
		Relocations: 0
		Translocations: 14
		Inversions: 0
	Scaffold gap extensive misassemblies: 0
	Scaffold gap local misassemblies: 0
	Misassemblies caused by fragmented reference: 26
	Misassembled Contigs: 1
	Misassembled Contig Bases: 2719575
	Misassemblies Inter-Contig Overlap: 0
Unaligned Contigs: 0 + 7 part
Half Unaligned Contigs with Misassemblies: 6
Unaligned Contig Bases: 21271842

Ambiguously Mapped Contigs: 3
Total Bases in Ambiguously Mapped Contigs: 9883079
Extra Bases in Ambiguously Mapped Contigs: 0
Note that --allow-ambiguity option was set to "one" and only first alignment per each of these contigs was used.

	Covered Bases: 2676992

	SNPs: 7760
	Insertions: 1889
	Deletions: 3543

