Aligning contigs to reference...
	Aligning contigs to the reference
Filtering alignments...
Parsing coords...
Loading reference...
	Loaded [bs_ill_bs_contig20]
	Loaded [bs_ill_bs_contig21]
	Loaded [bs_ill_bs_contig89]
	Loaded [bs_ill_bs_contig411]
	Loaded [bs_ill_bs_contig1250]
	Loaded [bs_ill_bs_contig11]
	Loaded [bs_ill_bs_contig10]
	Loaded [bs_ill_bs_contig13]
	Loaded [bs_ill_bs_contig12]
	Loaded [bs_ill_bs_contig15]
	Loaded [bs_ill_bs_contig14]
	Loaded [bs_ill_bs_contig17]
	Loaded [bs_ill_bs_contig16]
	Loaded [bs_ill_bs_contig19]
	Loaded [bs_ill_bs_contig18]
	Loaded [bs_ill_bs_contig839]
	Loaded [bs_ill_bs_contig9]
	Loaded [bs_ill_bs_contig1326]
	Loaded [bs_ill_bs_contig1146]
	Loaded [bs_ill_bs_contig1]
	Loaded [bs_ill_bs_contig3]
	Loaded [bs_ill_bs_contig2]
	Loaded [bs_ill_bs_contig5]
	Loaded [bs_ill_bs_contig4]
	Loaded [bs_ill_bs_contig7]
	Loaded [bs_ill_bs_contig6]
	Loaded [bs_ill_bs_contig933]
	Loaded [bs_ill_bs_contig8]
	Loaded [bs_ill_bs_contig991]
	Total Regions: 29
	Total Region Length: 3985829
Analyzing contigs...
CONTIG: contig_2 (4045480bp)
Best alignment score: 708785.2 (LEN: 708927, IDY: 99.98), Total number of alignments: 155
			Too much alignments (155), will use speed up heuristics
			Found 53 solid alignments:
		Solid alignment 1 178611 | 178450 1 | 178611 178450 | 99.91 | bs_ill_bs_contig2 contig_2
		Solid alignment 1 23242 | 179015 202255 | 23242 23241 | 100.0 | bs_ill_bs_contig19 contig_2
		Solid alignment 1 137190 | 340519 203330 | 137190 137190 | 100.0 | bs_ill_bs_contig11 contig_2
		Solid alignment 1 269408 | 341652 611058 | 269408 269407 | 100.0 | bs_ill_bs_contig6 contig_2
		Solid alignment 1 2262 | 613874 611613 | 2262 2262 | 100.0 | bs_ill_bs_contig411 contig_2
		Solid alignment 1 156862 | 614253 771123 | 156862 156871 | 99.85 | bs_ill_bs_contig10 contig_2
		Solid alignment 114 252570 | 775882 1028454 | 252457 252573 | 99.94 | bs_ill_bs_contig9 contig_2
		Solid alignment 1 294381 | 1029633 1324012 | 294381 294380 | 100.0 | bs_ill_bs_contig5 contig_2
		Solid alignment 1 315068 | 1640241 1325172 | 315068 315070 | 100.0 | bs_ill_bs_contig4 contig_2
		Solid alignment 1 37065 | 1641401 1678465 | 37065 37065 | 100.0 | bs_ill_bs_contig17 contig_2
		Solid alignment 1 1152 | 1680889 1682040 | 1152 1152 | 100.0 | bs_ill_bs_contig839 contig_2
		Solid alignment 1 911 | 1682042 1682952 | 911 911 | 100.0 | bs_ill_bs_contig991 contig_2
		Solid alignment 1 982 | 1685028 1684047 | 982 982 | 100.0 | bs_ill_bs_contig933 contig_2
		Solid alignment 1 38370 | 1685315 1723684 | 38370 38370 | 100.0 | bs_ill_bs_contig16 contig_2
		Solid alignment 1 263211 | 1724864 1987927 | 263211 263064 | 99.94 | bs_ill_bs_contig7 contig_2
		Solid alignment 1 709047 | 2697454 1988528 | 709047 708927 | 99.98 | bs_ill_bs_contig1 contig_2
		Solid alignment 1 59870 | 2697685 2757554 | 59870 59870 | 100.0 | bs_ill_bs_contig14 contig_2
		Solid alignment 1 982 | 2757808 2758789 | 982 982 | 100.0 | bs_ill_bs_contig933 contig_2
		Solid alignment 1 911 | 2760971 2760061 | 911 911 | 100.0 | bs_ill_bs_contig991 contig_2
		Solid alignment 1 1152 | 2762124 2760973 | 1152 1152 | 100.0 | bs_ill_bs_contig839 contig_2
		Solid alignment 1 15524 | 2762522 2778045 | 15524 15524 | 100.0 | bs_ill_bs_contig21 contig_2
		Solid alignment 1 982 | 2778420 2779401 | 982 982 | 99.9 | bs_ill_bs_contig933 contig_2
		Solid alignment 1 911 | 2781583 2780673 | 911 911 | 100.0 | bs_ill_bs_contig991 contig_2
		Solid alignment 1 1152 | 2782736 2781585 | 1152 1152 | 100.0 | bs_ill_bs_contig839 contig_2
		Solid alignment 1 55215 | 2783158 2838372 | 55215 55215 | 100.0 | bs_ill_bs_contig15 contig_2
		Solid alignment 1 982 | 2838754 2839735 | 982 982 | 100.0 | bs_ill_bs_contig933 contig_2
		Solid alignment 1 911 | 2841740 2840830 | 911 911 | 100.0 | bs_ill_bs_contig991 contig_2
		Solid alignment 1 1152 | 2842893 2841742 | 1152 1152 | 100.0 | bs_ill_bs_contig839 contig_2
		Solid alignment 1 982 | 2844677 2845658 | 982 982 | 100.0 | bs_ill_bs_contig933 contig_2
		Solid alignment 1 911 | 2847663 2846753 | 911 911 | 100.0 | bs_ill_bs_contig991 contig_2
		Solid alignment 1 1152 | 2848816 2847665 | 1152 1152 | 100.0 | bs_ill_bs_contig839 contig_2
		Solid alignment 1 60136 | 2848762 2908900 | 60136 60139 | 100.0 | bs_ill_bs_contig13 contig_2
		Solid alignment 1 982 | 2909221 2910202 | 982 982 | 100.0 | bs_ill_bs_contig933 contig_2
		Solid alignment 1 911 | 2912207 2911297 | 911 911 | 100.0 | bs_ill_bs_contig991 contig_2
		Solid alignment 1 1152 | 2913360 2912209 | 1152 1152 | 100.0 | bs_ill_bs_contig839 contig_2
		Solid alignment 1 982 | 2914834 2915815 | 982 982 | 100.0 | bs_ill_bs_contig933 contig_2
		Solid alignment 1 911 | 2917820 2916910 | 911 911 | 100.0 | bs_ill_bs_contig991 contig_2
		Solid alignment 1 1152 | 2918973 2917822 | 1152 1152 | 100.0 | bs_ill_bs_contig839 contig_2
		Solid alignment 1 982 | 2919835 2920816 | 982 982 | 100.0 | bs_ill_bs_contig933 contig_2
		Solid alignment 1 911 | 2922821 2921911 | 911 911 | 99.89 | bs_ill_bs_contig991 contig_2
		Solid alignment 1 1152 | 2923974 2922823 | 1152 1152 | 100.0 | bs_ill_bs_contig839 contig_2
		Solid alignment 1 18355 | 2924188 2942539 | 18355 18352 | 99.97 | bs_ill_bs_contig20 contig_2
		Solid alignment 1 104023 | 3046716 2942693 | 104023 104024 | 100.0 | bs_ill_bs_contig12 contig_2
		Solid alignment 1 325319 | 3373347 3047876 | 325319 325472 | 99.94 | bs_ill_bs_contig3 contig_2
		Solid alignment 1 982 | 3373293 3374274 | 982 982 | 100.0 | bs_ill_bs_contig933 contig_2
		Solid alignment 1 911 | 3376279 3375369 | 911 911 | 100.0 | bs_ill_bs_contig991 contig_2
		Solid alignment 1 1152 | 3377432 3376281 | 1152 1152 | 99.91 | bs_ill_bs_contig839 contig_2
		Solid alignment 1 29697 | 3377771 3407465 | 29697 29695 | 99.96 | bs_ill_bs_contig18 contig_2
		Solid alignment 1 257004 | 3408624 3665675 | 257004 257052 | 99.98 | bs_ill_bs_contig8 contig_2
		Solid alignment 1 982 | 3666061 3667042 | 982 982 | 100.0 | bs_ill_bs_contig933 contig_2
		Solid alignment 1 911 | 3669047 3668137 | 911 911 | 99.89 | bs_ill_bs_contig991 contig_2
		Solid alignment 1 1152 | 3670200 3669049 | 1152 1152 | 100.0 | bs_ill_bs_contig839 contig_2
		Solid alignment 178612 552243 | 4045480 3671851 | 373632 373630 | 100.0 | bs_ill_bs_contig2 contig_2
			Skipping alignments located inside solid regions since they are redundant:
		Skipping redundant alignment 1 138 | 770630 770767 | 138 138 | 99.28 | bs_ill_bs_contig9 contig_2
		Skipping redundant alignment 256 437 | 770903 771084 | 182 182 | 90.66 | bs_ill_bs_contig9 contig_2
		Skipping redundant alignment 487 557 | 776075 776145 | 71 71 | 92.96 | bs_ill_bs_contig9 contig_2
		Skipping redundant alignment 342 430 | 1685380 1685468 | 89 89 | 100.0 | bs_ill_bs_contig3 contig_2
			Looking for the best set of alignments (out of 151 total alignments)
		Ambiguity for this contig is not checked for speed up (too much alignments and --ambiguity-usage is "one")
			Skipping redundant alignments after choosing the best set of alignments
		Skipping redundant alignment 149 320 | 611496 611667 | 172 172 | 100.0 | bs_ill_bs_contig10 contig_2
		Skipping redundant alignment 156000 156083 | 771368 771451 | 84 84 | 96.43 | bs_ill_bs_contig10 contig_2
		Skipping redundant alignment 156171 156290 | 771548 771667 | 120 120 | 90.0 | bs_ill_bs_contig10 contig_2
		Skipping redundant alignment 155994 156067 | 771704 771777 | 74 74 | 94.59 | bs_ill_bs_contig10 contig_2
		Skipping redundant alignment 262 442 | 771665 771845 | 181 181 | 92.27 | bs_ill_bs_contig9 contig_2
		Skipping redundant alignment 99073 99146 | 3670940 3670867 | 74 74 | 100.0 | bs_ill_bs_contig3 contig_2
		Skipping redundant alignment 156531 156677 | 772016 772162 | 147 147 | 91.16 | bs_ill_bs_contig10 contig_2
		Skipping redundant alignment 70 297 | 3671023 3671250 | 228 228 | 100.0 | bs_ill_bs_contig18 contig_2
		Skipping redundant alignment 98992 99064 | 3671781 3671709 | 73 73 | 100.0 | bs_ill_bs_contig3 contig_2
		Skipping redundant alignment 103890 103965 | 3671783 3671708 | 76 76 | 100.0 | bs_ill_bs_contig12 contig_2
		Skipping redundant alignment 156834 156912 | 773030 773108 | 79 79 | 92.41 | bs_ill_bs_contig10 contig_2
		Skipping redundant alignment 1 120 | 773852 773971 | 120 120 | 99.17 | bs_ill_bs_contig9 contig_2
		Skipping redundant alignment 156810 156939 | 774230 774359 | 130 130 | 100.0 | bs_ill_bs_contig10 contig_2
		Skipping redundant alignment 445 517 | 774305 774377 | 73 73 | 100.0 | bs_ill_bs_contig9 contig_2
		Skipping redundant alignment 262 449 | 774311 774498 | 188 188 | 92.55 | bs_ill_bs_contig9 contig_2
		Skipping redundant alignment 156823 156913 | 775224 775314 | 91 91 | 92.31 | bs_ill_bs_contig10 contig_2
		Skipping redundant alignment 156456 156553 | 775586 775683 | 98 98 | 100.0 | bs_ill_bs_contig10 contig_2
		Skipping redundant alignment 99074 99348 | 1678411 1678685 | 275 275 | 100.0 | bs_ill_bs_contig3 contig_2
		Skipping redundant alignment 73 297 | 1679275 1679051 | 225 225 | 99.11 | bs_ill_bs_contig18 contig_2
		Skipping redundant alignment 7557 7656 | 1679384 1679285 | 100 100 | 99.0 | bs_ill_bs_contig21 contig_2
		Skipping redundant alignment 34895 34972 | 1679543 1679466 | 78 78 | 100.0 | bs_ill_bs_contig15 contig_2
		Skipping redundant alignment 524 601 | 1679732 1679809 | 78 78 | 100.0 | bs_ill_bs_contig3 contig_2
		Skipping redundant alignment 341 430 | 3665710 3665621 | 90 90 | 98.89 | bs_ill_bs_contig3 contig_2
		Skipping redundant alignment 219 297 | 2697585 2697507 | 79 79 | 100.0 | bs_ill_bs_contig18 contig_2
		Skipping redundant alignment 34982 35054 | 2697739 2697667 | 73 73 | 100.0 | bs_ill_bs_contig15 contig_2
		Skipping redundant alignment 18222 18295 | 2697739 2697666 | 74 74 | 100.0 | bs_ill_bs_contig20 contig_2
		Skipping redundant alignment 99073 99146 | 2697666 2697739 | 74 74 | 100.0 | bs_ill_bs_contig3 contig_2
		Skipping redundant alignment 1 425 | 2757862 2757437 | 425 426 | 99.53 | bs_ill_bs_contig3 contig_2
		Skipping redundant alignment 1 274 | 2762070 2762343 | 274 274 | 100.0 | bs_ill_bs_contig13 contig_2
		Skipping redundant alignment 328 450 | 2762478 2762600 | 123 123 | 100.0 | bs_ill_bs_contig13 contig_2
		Skipping redundant alignment 1 115 | 2783134 2783248 | 115 115 | 98.26 | bs_ill_bs_contig21 contig_2
		Skipping redundant alignment 521 601 | 2843972 2843892 | 81 81 | 100.0 | bs_ill_bs_contig3 contig_2
		Skipping redundant alignment 99271 99341 | 3670735 3670665 | 71 71 | 95.77 | bs_ill_bs_contig3 contig_2
		Skipping redundant alignment 299 374 | 2914008 2914083 | 76 76 | 100.0 | bs_ill_bs_contig1326 contig_2
		Skipping redundant alignment 104 170 | 2919509 2919443 | 67 67 | 91.04 | bs_ill_bs_contig16 contig_2
		Skipping redundant alignment 1 500 | 2923920 2924420 | 500 501 | 98.61 | bs_ill_bs_contig13 contig_2
			The best set is below. Score: 4022487.7, number of alignments: 115, unaligned bases: 12133
		This contig is misassembled.
		This contig is partially unaligned. (Aligned 4033347 out of 4045480 non-N bases (99.70%))
			Real Alignment 1: 1 178611 | 178450 1 | 178611 178450 | 99.91 | bs_ill_bs_contig2 contig_2
			  Not a misassembly [fragmentation of reference genome] between these two alignments
			Excluding internal overlap of size 55 between Alignment 2 and 3: 708430 709047 | 179069 178452 | 618 618 --> 708485 709047 | 179014 178452 | 563 563
			Real Alignment 2: 708485 709047 | 179014 178452 | 563 563 | 99.84 | bs_ill_bs_contig1 contig_2
			  Extensive misassembly (translocation) between these two alignments
			Excluding internal overlap of size 114 between Alignment 3 and 4: 708435 709047 | 202142 202754 | 613 613 --> 708549 709047 | 202256 202754 | 499 499
			Real Alignment 3: 1 23242 | 179015 202255 | 23242 23241 | 100.0 | bs_ill_bs_contig19 contig_2
			  Extensive misassembly (translocation) between these two alignments
			Real Alignment 4: 708549 709047 | 202256 202754 | 499 499 | 98.69 | bs_ill_bs_contig1 contig_2
			  Not a misassembly [fragmentation of reference genome] between these two alignments
			Excluding internal overlap of size 99 between Alignment 5 and 6: 1 673 | 202756 203428 | 673 673 --> 1 574 | 202756 203329 | 574 574
			Real Alignment 5: 1 574 | 202756 203329 | 574 574 | 97.62 | bs_ill_bs_contig2 contig_2
			  Extensive misassembly (translocation) between these two alignments
			Excluding internal overlap of size 55 between Alignment 6 and 7: 708461 709047 | 340465 341051 | 587 587 --> 708516 709047 | 340520 341051 | 532 532
			Real Alignment 6: 1 137190 | 340519 203330 | 137190 137190 | 100.0 | bs_ill_bs_contig11 contig_2
			  Extensive misassembly (translocation) between these two alignments
			Real Alignment 7: 708516 709047 | 340520 341051 | 532 532 | 98.81 | bs_ill_bs_contig1 contig_2
			  Not a misassembly [fragmentation of reference genome] between these two alignments
			Excluding internal overlap of size 72 between Alignment 8 and 9: 1 671 | 341053 341723 | 671 671 --> 1 599 | 341053 341651 | 599 599
			Real Alignment 8: 1 599 | 341053 341651 | 599 599 | 98.06 | bs_ill_bs_contig2 contig_2
			  Extensive misassembly (translocation) between these two alignments
			Real Alignment 9: 1 269408 | 341652 611058 | 269408 269407 | 100.0 | bs_ill_bs_contig6 contig_2
			  Not a misassembly [fragmentation of reference genome] between these two alignments
			Real Alignment 10: 1 2262 | 613874 611613 | 2262 2262 | 100.0 | bs_ill_bs_contig411 contig_2
			  Not a misassembly [fragmentation of reference genome] between these two alignments
			Real Alignment 11: 1 156862 | 614253 771123 | 156862 156871 | 99.85 | bs_ill_bs_contig10 contig_2
			  Gap between these two alignments (local misassembly). Inconsistency = -513
			Real Alignment 12: 156590 156939 | 771364 771713 | 350 350 | 100.0 | bs_ill_bs_contig10 contig_2
			  Gap between these two alignments (local misassembly). Inconsistency = -927
			Real Alignment 13: 156077 156223 | 771778 771924 | 147 147 | 97.96 | bs_ill_bs_contig10 contig_2
			  Gap between these two alignments (local misassembly). Inconsistency = -378
			Real Alignment 14: 155978 156197 | 772057 772276 | 220 220 | 99.55 | bs_ill_bs_contig10 contig_2
			  Indel (> 5bp) between these two alignments: deletion of length 36; 0 mismatches (number of Ns: 0)
			Real Alignment 15: 156234 156335 | 772277 772378 | 102 102 | 93.14 | bs_ill_bs_contig10 contig_2
			  Gap between these two alignments (local misassembly). Inconsistency = -153
			Excluding internal overlap of size 40 between Alignment 16 and 17: 156423 156826 | 772619 773022 | 404 404 --> 156423 156786 | 772619 772982 | 364 364
			Real Alignment 16: 156423 156786 | 772619 772982 | 364 364 | 92.08 | bs_ill_bs_contig10 contig_2
			  Extensive misassembly (translocation) between these two alignments
			Real Alignment 17: 59 507 | 773422 772983 | 449 440 | 97.77 | bs_ill_bs_contig1250 contig_2
			  Extensive misassembly (translocation) between these two alignments
			Real Alignment 18: 156140 156408 | 773659 773927 | 269 269 | 96.28 | bs_ill_bs_contig10 contig_2
			  Gap between these two alignments (local misassembly). Inconsistency = 243
			Real Alignment 19: 156684 156751 | 773960 774027 | 68 68 | 98.53 | bs_ill_bs_contig10 contig_2
			  Gap between these two alignments (local misassembly). Inconsistency = -747
			Real Alignment 20: 156140 156290 | 774163 774313 | 151 151 | 94.7 | bs_ill_bs_contig10 contig_2
			  Gap between these two alignments (local misassembly). Inconsistency = -333
			Real Alignment 21: 155994 156223 | 774350 774579 | 230 230 | 96.52 | bs_ill_bs_contig10 contig_2
			  Gap between these two alignments (local misassembly). Inconsistency = -378
			Excluding internal overlap of size 88 between Alignment 22 and 23: 155978 156223 | 774712 774957 | 246 246 --> 155978 156135 | 774712 774869 | 158 158
			Real Alignment 22: 155978 156135 | 774712 774869 | 158 158 | 98.37 | bs_ill_bs_contig10 contig_2
			  Extensive misassembly (translocation) between these two alignments
			Real Alignment 23: 1 609 | 775478 774870 | 609 609 | 100.0 | bs_ill_bs_contig1250 contig_2
			  Gap between these two alignments (local misassembly). Inconsistency = 33 [fragmentation of reference genome]
			Excluding internal overlap of size 13 between Alignment 24 and 25: 34 342 | 775586 775894 | 309 309 --> 34 329 | 775586 775881 | 296 296
			Real Alignment 24: 34 329 | 775586 775881 | 296 296 | 99.03 | bs_ill_bs_contig9 contig_2
			  Overlap between these two alignments (local misassembly). Inconsistency = -216
			Excluding internal overlap of size 55 between Alignment 25 and 26: 708434 709047 | 1028400 1029013 | 614 614 --> 708489 709047 | 1028455 1029013 | 559 559
			Real Alignment 25: 114 252570 | 775882 1028454 | 252457 252573 | 99.94 | bs_ill_bs_contig9 contig_2
			  Extensive misassembly (translocation) between these two alignments
			Real Alignment 26: 708489 709047 | 1028455 1029013 | 559 559 | 99.84 | bs_ill_bs_contig1 contig_2
			  Not a misassembly [fragmentation of reference genome] between these two alignments
			Excluding internal overlap of size 56 between Alignment 27 and 28: 1 674 | 1029015 1029688 | 674 674 --> 1 618 | 1029015 1029632 | 618 618
			Real Alignment 27: 1 618 | 1029015 1029632 | 618 618 | 99.26 | bs_ill_bs_contig2 contig_2
			  Extensive misassembly (translocation) between these two alignments
			Excluding internal overlap of size 74 between Alignment 28 and 29: 1 673 | 1324612 1323939 | 673 674 --> 1 599 | 1324612 1324013 | 599 600
			Real Alignment 28: 1 294381 | 1029633 1324012 | 294381 294380 | 100.0 | bs_ill_bs_contig5 contig_2
			  Extensive misassembly (translocation) between these two alignments
			Real Alignment 29: 1 599 | 1324612 1324013 | 599 600 | 99.11 | bs_ill_bs_contig2 contig_2
			  Not a misassembly [fragmentation of reference genome] between these two alignments
			Excluding internal overlap of size 55 between Alignment 30 and 31: 708435 709047 | 1325226 1324614 | 613 613 --> 708490 709047 | 1325171 1324614 | 558 558
			Real Alignment 30: 708490 709047 | 1325171 1324614 | 558 558 | 100.0 | bs_ill_bs_contig1 contig_2
			  Extensive misassembly (translocation) between these two alignments
			Excluding internal overlap of size 74 between Alignment 31 and 32: 1 673 | 1640840 1640168 | 673 673 --> 1 599 | 1640840 1640242 | 599 599
			Real Alignment 31: 1 315068 | 1640241 1325172 | 315068 315070 | 100.0 | bs_ill_bs_contig4 contig_2
			  Extensive misassembly (translocation) between these two alignments
			Real Alignment 32: 1 599 | 1640840 1640242 | 599 599 | 99.26 | bs_ill_bs_contig2 contig_2
			  Not a misassembly [fragmentation of reference genome] between these two alignments
			Excluding internal overlap of size 55 between Alignment 33 and 34: 708434 709047 | 1641455 1640842 | 614 614 --> 708489 709047 | 1641400 1640842 | 559 559
			Real Alignment 33: 708489 709047 | 1641400 1640842 | 559 559 | 99.84 | bs_ill_bs_contig1 contig_2
			  Extensive misassembly (translocation) between these two alignments
			Real Alignment 34: 1 37065 | 1641401 1678465 | 37065 37065 | 100.0 | bs_ill_bs_contig17 contig_2
			  Not a misassembly [fragmentation of reference genome] between these two alignments
			Real Alignment 35: 1 536 | 1680265 1679757 | 536 509 | 90.26 | bs_ill_bs_contig1326 contig_2
			  Extensive misassembly (translocation) between these two alignments
			Real Alignment 36: 328 453 | 1680535 1680410 | 126 126 | 100.0 | bs_ill_bs_contig13 contig_2
			  Gap between these two alignments (local misassembly). Inconsistency = -81
			Excluding internal overlap of size 55 between Alignment 37 and 38: 1 274 | 1680943 1680670 | 274 274 --> 56 274 | 1680888 1680670 | 219 219
			Real Alignment 37: 56 274 | 1680888 1680670 | 219 219 | 100.0 | bs_ill_bs_contig13 contig_2
			  Indel (> 5bp) between these two alignments: deletion of length 55; 0 mismatches (number of Ns: 0) [fragmentation of reference genome]
			Real Alignment 38: 1 1152 | 1680889 1682040 | 1152 1152 | 100.0 | bs_ill_bs_contig839 contig_2
			  Not a misassembly [fragmentation of reference genome] between these two alignments
			Real Alignment 39: 1 911 | 1682042 1682952 | 911 911 | 100.0 | bs_ill_bs_contig991 contig_2
			  Not a misassembly [fragmentation of reference genome] between these two alignments
			Real Alignment 40: 1 722 | 1683675 1682954 | 722 722 | 100.0 | bs_ill_bs_contig1146 contig_2
			  Not a misassembly [fragmentation of reference genome] between these two alignments
			Excluding internal overlap of size 55 between Alignment 41 and 42: 1 341 | 1684974 1685314 | 341 341 --> 56 341 | 1685029 1685314 | 286 286
			Real Alignment 41: 1 982 | 1685028 1684047 | 982 982 | 100.0 | bs_ill_bs_contig933 contig_2
			  Indel (> 5bp) between these two alignments: deletion of length 55; 0 mismatches (number of Ns: 0) [fragmentation of reference genome]
			Real Alignment 42: 56 341 | 1685029 1685314 | 286 286 | 100.0 | bs_ill_bs_contig3 contig_2
			  Extensive misassembly (translocation) between these two alignments
			Excluding internal overlap of size 55 between Alignment 43 and 44: 708435 709047 | 1723630 1724242 | 613 613 --> 708490 709047 | 1723685 1724242 | 558 558
			Real Alignment 43: 1 38370 | 1685315 1723684 | 38370 38370 | 100.0 | bs_ill_bs_contig16 contig_2
			  Extensive misassembly (translocation) between these two alignments
			Real Alignment 44: 708490 709047 | 1723685 1724242 | 558 558 | 99.84 | bs_ill_bs_contig1 contig_2
			  Not a misassembly [fragmentation of reference genome] between these two alignments
			Excluding internal overlap of size 53 between Alignment 45 and 46: 1 673 | 1724244 1724916 | 673 673 --> 1 620 | 1724244 1724863 | 620 620
			Real Alignment 45: 1 620 | 1724244 1724863 | 620 620 | 99.11 | bs_ill_bs_contig2 contig_2
			  Extensive misassembly (translocation) between these two alignments
			Excluding internal overlap of size 74 between Alignment 46 and 47: 1 673 | 1988526 1987854 | 673 673 --> 1 599 | 1988526 1987928 | 599 599
			Real Alignment 46: 1 263211 | 1724864 1987927 | 263211 263064 | 99.94 | bs_ill_bs_contig7 contig_2
			  Extensive misassembly (translocation) between these two alignments
			Real Alignment 47: 1 599 | 1988526 1987928 | 599 599 | 99.41 | bs_ill_bs_contig2 contig_2
			  Not a misassembly [fragmentation of reference genome] between these two alignments
			Real Alignment 48: 1 709047 | 2697454 1988528 | 709047 708927 | 99.98 | bs_ill_bs_contig1 contig_2
			  Not a misassembly [fragmentation of reference genome] between these two alignments
			Real Alignment 49: 1 59870 | 2697685 2757554 | 59870 59870 | 100.0 | bs_ill_bs_contig14 contig_2
			  Not a misassembly [fragmentation of reference genome] between these two alignments
			Real Alignment 50: 1 982 | 2757808 2758789 | 982 982 | 100.0 | bs_ill_bs_contig933 contig_2
			  Not a misassembly [fragmentation of reference genome] between these two alignments
			Real Alignment 51: 1 722 | 2759338 2760059 | 722 722 | 100.0 | bs_ill_bs_contig1146 contig_2
			  Not a misassembly [fragmentation of reference genome] between these two alignments
			Real Alignment 52: 1 911 | 2760971 2760061 | 911 911 | 100.0 | bs_ill_bs_contig991 contig_2
			  Not a misassembly [fragmentation of reference genome] between these two alignments
			Real Alignment 53: 1 1152 | 2762124 2760973 | 1152 1152 | 100.0 | bs_ill_bs_contig839 contig_2
			  Not a misassembly [fragmentation of reference genome] between these two alignments
			Real Alignment 54: 1 15524 | 2762522 2778045 | 15524 15524 | 100.0 | bs_ill_bs_contig21 contig_2
			  Extensive misassembly (translocation) between these two alignments
			Excluding internal overlap of size 55 between Alignment 55 and 56: 1 342 | 2778474 2778133 | 342 342 --> 56 342 | 2778419 2778133 | 287 287
			Real Alignment 55: 56 342 | 2778419 2778133 | 287 287 | 100.0 | bs_ill_bs_contig3 contig_2
			  Indel (> 5bp) between these two alignments: deletion of length 55; 0 mismatches (number of Ns: 0) [fragmentation of reference genome]
			Real Alignment 56: 1 982 | 2778420 2779401 | 982 982 | 99.9 | bs_ill_bs_contig933 contig_2
			  Not a misassembly [fragmentation of reference genome] between these two alignments
			Real Alignment 57: 1 722 | 2779950 2780671 | 722 722 | 100.0 | bs_ill_bs_contig1146 contig_2
			  Not a misassembly [fragmentation of reference genome] between these two alignments
			Real Alignment 58: 1 911 | 2781583 2780673 | 911 911 | 100.0 | bs_ill_bs_contig991 contig_2
			  Not a misassembly [fragmentation of reference genome] between these two alignments
			Excluding internal overlap of size 55 between Alignment 59 and 60: 1 274 | 2782682 2782955 | 274 274 --> 56 274 | 2782737 2782955 | 219 219
			Real Alignment 59: 1 1152 | 2782736 2781585 | 1152 1152 | 100.0 | bs_ill_bs_contig839 contig_2
			  Indel (> 5bp) between these two alignments: deletion of length 55; 0 mismatches (number of Ns: 0) [fragmentation of reference genome]
			Real Alignment 60: 56 274 | 2782737 2782955 | 219 219 | 100.0 | bs_ill_bs_contig13 contig_2
			  Gap between these two alignments (local misassembly). Inconsistency = -81
			Excluding internal overlap of size 55 between Alignment 61 and 62: 328 450 | 2783090 2783212 | 123 123 --> 328 395 | 2783090 2783157 | 68 68
			Real Alignment 61: 328 395 | 2783090 2783157 | 68 68 | 100.0 | bs_ill_bs_contig13 contig_2
			  Extensive misassembly (translocation) between these two alignments
			Real Alignment 62: 1 55215 | 2783158 2838372 | 55215 55215 | 100.0 | bs_ill_bs_contig15 contig_2
			  Extensive misassembly (translocation) between these two alignments
			Excluding internal overlap of size 55 between Alignment 63 and 64: 1 341 | 2838808 2838468 | 341 341 --> 56 341 | 2838753 2838468 | 286 286
			Real Alignment 63: 56 341 | 2838753 2838468 | 286 286 | 100.0 | bs_ill_bs_contig3 contig_2
			  Indel (> 5bp) between these two alignments: deletion of length 55; 0 mismatches (number of Ns: 0) [fragmentation of reference genome]
			Real Alignment 64: 1 982 | 2838754 2839735 | 982 982 | 100.0 | bs_ill_bs_contig933 contig_2
			  Not a misassembly [fragmentation of reference genome] between these two alignments
			Real Alignment 65: 1 722 | 2840107 2840828 | 722 722 | 100.0 | bs_ill_bs_contig1146 contig_2
			  Not a misassembly [fragmentation of reference genome] between these two alignments
			Real Alignment 66: 1 911 | 2841740 2840830 | 911 911 | 100.0 | bs_ill_bs_contig991 contig_2
			  Not a misassembly [fragmentation of reference genome] between these two alignments
			Excluding internal overlap of size 55 between Alignment 67 and 68: 1 453 | 2842839 2843292 | 453 454 --> 56 453 | 2842894 2843292 | 398 399
			Real Alignment 67: 1 1152 | 2842893 2841742 | 1152 1152 | 100.0 | bs_ill_bs_contig839 contig_2
			  Indel (> 5bp) between these two alignments: deletion of length 55; 0 mismatches (number of Ns: 0) [fragmentation of reference genome]
			Real Alignment 68: 56 453 | 2842894 2843292 | 398 399 | 99.78 | bs_ill_bs_contig13 contig_2
			  Extensive misassembly (translocation) between these two alignments
			Real Alignment 69: 1 536 | 2843409 2843944 | 536 536 | 100.0 | bs_ill_bs_contig1326 contig_2
			  Extensive misassembly (translocation) between these two alignments
			Excluding internal overlap of size 55 between Alignment 70 and 71: 1 341 | 2844731 2844391 | 341 341 --> 56 341 | 2844676 2844391 | 286 286
			Real Alignment 70: 56 341 | 2844676 2844391 | 286 286 | 100.0 | bs_ill_bs_contig3 contig_2
			  Indel (> 5bp) between these two alignments: deletion of length 55; 0 mismatches (number of Ns: 0) [fragmentation of reference genome]
			Real Alignment 71: 1 982 | 2844677 2845658 | 982 982 | 100.0 | bs_ill_bs_contig933 contig_2
			  Not a misassembly [fragmentation of reference genome] between these two alignments
			Real Alignment 72: 1 722 | 2846030 2846751 | 722 722 | 100.0 | bs_ill_bs_contig1146 contig_2
			  Not a misassembly [fragmentation of reference genome] between these two alignments
			Real Alignment 73: 1 911 | 2847663 2846753 | 911 911 | 100.0 | bs_ill_bs_contig991 contig_2
			  Not a misassembly [fragmentation of reference genome] between these two alignments
			Excluding internal overlap of size 55 between Alignment 74 and 75: 1 1152 | 2848816 2847665 | 1152 1152 --> 56 1152 | 2848761 2847665 | 1097 1097
			Real Alignment 74: 56 1152 | 2848761 2847665 | 1097 1097 | 100.0 | bs_ill_bs_contig839 contig_2
			  Indel (> 5bp) between these two alignments: deletion of length 55; 0 mismatches (number of Ns: 0) [fragmentation of reference genome]
			Excluding internal overlap of size 55 between Alignment 75 and 76: 1 430 | 2909275 2908846 | 430 430 --> 1 375 | 2909275 2908901 | 375 375
			Real Alignment 75: 1 60136 | 2848762 2908900 | 60136 60139 | 100.0 | bs_ill_bs_contig13 contig_2
			  Extensive misassembly (translocation) between these two alignments
			Excluding internal overlap of size 55 between Alignment 76 and 77: 1 375 | 2909275 2908901 | 375 375 --> 56 375 | 2909220 2908901 | 320 320
			Real Alignment 76: 56 375 | 2909220 2908901 | 320 320 | 99.77 | bs_ill_bs_contig3 contig_2
			  Indel (> 5bp) between these two alignments: deletion of length 55; 0 mismatches (number of Ns: 0) [fragmentation of reference genome]
			Real Alignment 77: 1 982 | 2909221 2910202 | 982 982 | 100.0 | bs_ill_bs_contig933 contig_2
			  Not a misassembly [fragmentation of reference genome] between these two alignments
			Real Alignment 78: 1 722 | 2910574 2911295 | 722 722 | 100.0 | bs_ill_bs_contig1146 contig_2
			  Not a misassembly [fragmentation of reference genome] between these two alignments
			Real Alignment 79: 1 911 | 2912207 2911297 | 911 911 | 100.0 | bs_ill_bs_contig991 contig_2
			  Not a misassembly [fragmentation of reference genome] between these two alignments
			Excluding internal overlap of size 55 between Alignment 80 and 81: 1 449 | 2913306 2913754 | 449 449 --> 56 449 | 2913361 2913754 | 394 394
			Real Alignment 80: 1 1152 | 2913360 2912209 | 1152 1152 | 100.0 | bs_ill_bs_contig839 contig_2
			  Indel (> 5bp) between these two alignments: deletion of length 55; 0 mismatches (number of Ns: 0) [fragmentation of reference genome]
			Real Alignment 81: 56 449 | 2913361 2913754 | 394 394 | 99.78 | bs_ill_bs_contig13 contig_2
			  Extensive misassembly (translocation) between these two alignments
			Real Alignment 82: 521 601 | 2914196 2914116 | 81 81 | 100.0 | bs_ill_bs_contig3 contig_2
			  Gap between these two alignments (local misassembly). Inconsistency = -171
			Excluding internal overlap of size 55 between Alignment 83 and 84: 1 430 | 2914888 2914458 | 430 431 --> 56 430 | 2914833 2914458 | 375 376
			Real Alignment 83: 56 430 | 2914833 2914458 | 375 376 | 99.54 | bs_ill_bs_contig3 contig_2
			  Indel (> 5bp) between these two alignments: deletion of length 55; 0 mismatches (number of Ns: 0) [fragmentation of reference genome]
			Real Alignment 84: 1 982 | 2914834 2915815 | 982 982 | 100.0 | bs_ill_bs_contig933 contig_2
			  Not a misassembly [fragmentation of reference genome] between these two alignments
			Real Alignment 85: 1 722 | 2916187 2916908 | 722 722 | 100.0 | bs_ill_bs_contig1146 contig_2
			  Not a misassembly [fragmentation of reference genome] between these two alignments
			Real Alignment 86: 1 911 | 2917820 2916910 | 911 911 | 100.0 | bs_ill_bs_contig991 contig_2
			  Not a misassembly [fragmentation of reference genome] between these two alignments
			Excluding internal overlap of size 55 between Alignment 87 and 88: 1 453 | 2918919 2919371 | 453 453 --> 56 453 | 2918974 2919371 | 398 398
			Real Alignment 87: 1 1152 | 2918973 2917822 | 1152 1152 | 100.0 | bs_ill_bs_contig839 contig_2
			  Indel (> 5bp) between these two alignments: deletion of length 55; 0 mismatches (number of Ns: 0) [fragmentation of reference genome]
			Real Alignment 88: 56 453 | 2918974 2919371 | 398 398 | 100.0 | bs_ill_bs_contig13 contig_2
			  Extensive misassembly (translocation) between these two alignments
			Excluding internal overlap of size 55 between Alignment 89 and 90: 1 430 | 2919889 2919459 | 430 431 --> 56 430 | 2919834 2919459 | 375 376
			Real Alignment 89: 56 430 | 2919834 2919459 | 375 376 | 99.54 | bs_ill_bs_contig3 contig_2
			  Indel (> 5bp) between these two alignments: deletion of length 55; 0 mismatches (number of Ns: 0) [fragmentation of reference genome]
			Real Alignment 90: 1 982 | 2919835 2920816 | 982 982 | 100.0 | bs_ill_bs_contig933 contig_2
			  Not a misassembly [fragmentation of reference genome] between these two alignments
			Real Alignment 91: 1 722 | 2921188 2921909 | 722 722 | 100.0 | bs_ill_bs_contig1146 contig_2
			  Not a misassembly [fragmentation of reference genome] between these two alignments
			Real Alignment 92: 1 911 | 2922821 2921911 | 911 911 | 99.89 | bs_ill_bs_contig991 contig_2
			  Not a misassembly [fragmentation of reference genome] between these two alignments
			Real Alignment 93: 1 1152 | 2923974 2922823 | 1152 1152 | 100.0 | bs_ill_bs_contig839 contig_2
			  Not a misassembly [fragmentation of reference genome] between these two alignments
			Real Alignment 94: 1 18355 | 2924188 2942539 | 18355 18352 | 99.97 | bs_ill_bs_contig20 contig_2
			  Not a misassembly [fragmentation of reference genome] between these two alignments
			Excluding internal overlap of size 55 between Alignment 95 and 96: 708434 709047 | 3046662 3047275 | 614 614 --> 708489 709047 | 3046717 3047275 | 559 559
			Real Alignment 95: 1 104023 | 3046716 2942693 | 104023 104024 | 100.0 | bs_ill_bs_contig12 contig_2
			  Extensive misassembly (translocation) between these two alignments
			Real Alignment 96: 708489 709047 | 3046717 3047275 | 559 559 | 99.84 | bs_ill_bs_contig1 contig_2
			  Not a misassembly [fragmentation of reference genome] between these two alignments
			Excluding internal overlap of size 74 between Alignment 97 and 98: 1 673 | 3047277 3047949 | 673 673 --> 1 599 | 3047277 3047875 | 599 599
			Real Alignment 97: 1 599 | 3047277 3047875 | 599 599 | 99.26 | bs_ill_bs_contig2 contig_2
			  Extensive misassembly (translocation) between these two alignments
			Excluding internal overlap of size 55 between Alignment 98 and 99: 1 982 | 3373293 3374274 | 982 982 --> 56 982 | 3373348 3374274 | 927 927
			Real Alignment 98: 1 325319 | 3373347 3047876 | 325319 325472 | 99.94 | bs_ill_bs_contig3 contig_2
			  Indel (> 5bp) between these two alignments: deletion of length 55; 0 mismatches (number of Ns: 0) [fragmentation of reference genome]
			Real Alignment 99: 56 982 | 3373348 3374274 | 927 927 | 100.0 | bs_ill_bs_contig933 contig_2
			  Not a misassembly [fragmentation of reference genome] between these two alignments
			Real Alignment 100: 1 722 | 3374646 3375367 | 722 722 | 100.0 | bs_ill_bs_contig1146 contig_2
			  Not a misassembly [fragmentation of reference genome] between these two alignments
			Real Alignment 101: 1 911 | 3376279 3375369 | 911 911 | 100.0 | bs_ill_bs_contig991 contig_2
			  Not a misassembly [fragmentation of reference genome] between these two alignments
			Excluding internal overlap of size 55 between Alignment 102 and 103: 1 448 | 3377378 3377825 | 448 448 --> 56 448 | 3377433 3377825 | 393 393
			Real Alignment 102: 1 1152 | 3377432 3376281 | 1152 1152 | 99.91 | bs_ill_bs_contig839 contig_2
			  Indel (> 5bp) between these two alignments: deletion of length 55; 0 mismatches (number of Ns: 0) [fragmentation of reference genome]
			Excluding internal overlap of size 55 between Alignment 103 and 104: 56 448 | 3377433 3377825 | 393 393 --> 56 393 | 3377433 3377770 | 338 338
			Real Alignment 103: 56 393 | 3377433 3377770 | 338 338 | 100.0 | bs_ill_bs_contig13 contig_2
			  Extensive misassembly (translocation) between these two alignments
			Excluding internal overlap of size 55 between Alignment 104 and 105: 708435 709047 | 3407411 3408023 | 613 613 --> 708490 709047 | 3407466 3408023 | 558 558
			Real Alignment 104: 1 29697 | 3377771 3407465 | 29697 29695 | 99.96 | bs_ill_bs_contig18 contig_2
			  Extensive misassembly (translocation) between these two alignments
			Real Alignment 105: 708490 709047 | 3407466 3408023 | 558 558 | 99.84 | bs_ill_bs_contig1 contig_2
			  Not a misassembly [fragmentation of reference genome] between these two alignments
			Excluding internal overlap of size 74 between Alignment 106 and 107: 1 673 | 3408025 3408697 | 673 673 --> 1 599 | 3408025 3408623 | 599 599
			Real Alignment 106: 1 599 | 3408025 3408623 | 599 599 | 99.11 | bs_ill_bs_contig2 contig_2
			  Extensive misassembly (translocation) between these two alignments
			Real Alignment 107: 1 257004 | 3408624 3665675 | 257004 257052 | 99.98 | bs_ill_bs_contig8 contig_2
			  Extensive misassembly (translocation) between these two alignments
			Excluding internal overlap of size 55 between Alignment 108 and 109: 1 340 | 3666115 3665776 | 340 340 --> 56 340 | 3666060 3665776 | 285 285
			Real Alignment 108: 56 340 | 3666060 3665776 | 285 285 | 100.0 | bs_ill_bs_contig3 contig_2
			  Indel (> 5bp) between these two alignments: deletion of length 55; 0 mismatches (number of Ns: 0) [fragmentation of reference genome]
			Real Alignment 109: 1 982 | 3666061 3667042 | 982 982 | 100.0 | bs_ill_bs_contig933 contig_2
			  Not a misassembly [fragmentation of reference genome] between these two alignments
			Real Alignment 110: 1 722 | 3667414 3668135 | 722 722 | 100.0 | bs_ill_bs_contig1146 contig_2
			  Not a misassembly [fragmentation of reference genome] between these two alignments
			Real Alignment 111: 1 911 | 3669047 3668137 | 911 911 | 99.89 | bs_ill_bs_contig991 contig_2
			  Not a misassembly [fragmentation of reference genome] between these two alignments
			Excluding internal overlap of size 55 between Alignment 112 and 113: 1 319 | 3670146 3670465 | 319 320 --> 56 319 | 3670201 3670465 | 264 265
			Real Alignment 112: 1 1152 | 3670200 3669049 | 1152 1152 | 100.0 | bs_ill_bs_contig839 contig_2
			  Indel (> 5bp) between these two alignments: deletion of length 55; 0 mismatches (number of Ns: 0) [fragmentation of reference genome]
			Real Alignment 113: 56 319 | 3670201 3670465 | 264 265 | 99.69 | bs_ill_bs_contig13 contig_2
			  Extensive misassembly (translocation) between these two alignments
			Real Alignment 114: 18222 18355 | 3670867 3671000 | 134 134 | 100.0 | bs_ill_bs_contig20 contig_2
			  Not a misassembly [fragmentation of reference genome] between these two alignments
			Real Alignment 115: 178612 552243 | 4045480 3671851 | 373632 373630 | 100.0 | bs_ill_bs_contig2 contig_2
		Unaligned bases: 12133

CONTIG: contig_24 (2992067bp)
Best alignment score: 4583.0 (LEN: 4701, IDY: 97.49), Total number of alignments: 63
			Looking for the best set of alignments (out of 63 total alignments)
			Skipping redundant alignments after choosing the best set of alignments
		Skipping redundant alignment 18222 18295 | 1083124 1083197 | 74 74 | 100.0 | bs_ill_bs_contig20 contig_24
		Skipping redundant alignment 99073 99150 | 1083197 1083120 | 78 78 | 97.44 | bs_ill_bs_contig3 contig_24
		Skipping redundant alignment 99075 99146 | 1304423 1304494 | 72 72 | 100.0 | bs_ill_bs_contig3 contig_24
		Skipping redundant alignment 18222 18293 | 1304494 1304423 | 72 72 | 100.0 | bs_ill_bs_contig20 contig_24
		Skipping redundant alignment 34981 35053 | 1304495 1304423 | 73 73 | 100.0 | bs_ill_bs_contig15 contig_24
		Skipping redundant alignment 99075 99146 | 2569813 2569884 | 72 72 | 100.0 | bs_ill_bs_contig3 contig_24
		Skipping redundant alignment 34981 35053 | 2569885 2569813 | 73 73 | 100.0 | bs_ill_bs_contig15 contig_24
		Skipping redundant alignment 18222 18293 | 2569884 2569813 | 72 72 | 100.0 | bs_ill_bs_contig20 contig_24
		Skipping redundant alignment 299 374 | 1786229 1786304 | 76 76 | 97.37 | bs_ill_bs_contig1326 contig_24
		Skipping redundant alignment 99074 99146 | 1787829 1787757 | 73 73 | 100.0 | bs_ill_bs_contig3 contig_24
		Skipping redundant alignment 1 133 | 534182 534314 | 133 133 | 91.73 | bs_ill_bs_contig3 contig_24
		Skipping redundant alignment 159 246 | 534340 534427 | 88 88 | 90.91 | bs_ill_bs_contig3 contig_24
		Skipping redundant alignment 266 333 | 534449 534516 | 68 68 | 95.59 | bs_ill_bs_contig3 contig_24
		Skipping redundant alignment 32167 32235 | 582638 582570 | 69 69 | 91.3 | bs_ill_bs_contig13 contig_24
		Skipping redundant alignment 34981 35062 | 1787756 1787837 | 82 82 | 100.0 | bs_ill_bs_contig15 contig_24
		Skipping redundant alignment 266 333 | 1077811 1077744 | 68 68 | 95.59 | bs_ill_bs_contig3 contig_24
		Skipping redundant alignment 159 246 | 1077920 1077833 | 88 88 | 90.91 | bs_ill_bs_contig3 contig_24
		Skipping redundant alignment 1 133 | 1078078 1077946 | 133 133 | 91.73 | bs_ill_bs_contig3 contig_24
		Skipping redundant alignment 99180 99347 | 2573849 2574014 | 168 166 | 90.64 | bs_ill_bs_contig3 contig_24
		This contig has several significant sets of alignments. [An ambiguously mapped contig]
		Using only the very best set (option --ambiguity-usage is set to "one").
			The best set is below. Score: 23564.3, number of alignments: 44, unaligned bases: 2964129
		This contig is misassembled.
		This contig is partially unaligned. (Aligned 27938 out of 2992067 non-N bases (0.93%))
			Warning! This contig is more unaligned than misassembled. Contig length is 2992067 (number of Ns: 0) and total length of all aligns is 27938
		Alignment: 18672 18790 | 268381 268263 | 119 119 | 90.76 | bs_ill_bs_contig13 contig_24
		Alignment: 1 277 | 286251 285975 | 277 277 | 91.07 | bs_ill_bs_contig13 contig_24
		Alignment: 1 1065 | 286197 287261 | 1065 1065 | 95.6 | bs_ill_bs_contig839 contig_24
		Alignment: 108 910 | 287456 288264 | 803 809 | 91.87 | bs_ill_bs_contig991 contig_24
		Alignment: 83 720 | 288905 288269 | 638 637 | 90.39 | bs_ill_bs_contig1146 contig_24
		Alignment: 1 966 | 290415 289452 | 966 964 | 94.21 | bs_ill_bs_contig933 contig_24
		Alignment: 1 133 | 290361 290493 | 133 133 | 91.73 | bs_ill_bs_contig3 contig_24
		Alignment: 159 246 | 290519 290606 | 88 88 | 90.91 | bs_ill_bs_contig3 contig_24
		Alignment: 266 333 | 290628 290695 | 68 68 | 95.59 | bs_ill_bs_contig3 contig_24
		Alignment: 1 277 | 292270 291994 | 277 277 | 91.07 | bs_ill_bs_contig13 contig_24
		Alignment: 1 1065 | 292216 293280 | 1065 1065 | 95.6 | bs_ill_bs_contig839 contig_24
		Alignment: 108 910 | 293475 294283 | 803 809 | 91.87 | bs_ill_bs_contig991 contig_24
		Alignment: 83 720 | 294924 294288 | 638 637 | 90.39 | bs_ill_bs_contig1146 contig_24
		Alignment: 1 966 | 296434 295471 | 966 964 | 94.21 | bs_ill_bs_contig933 contig_24
		Alignment: 1 133 | 296380 296512 | 133 133 | 91.73 | bs_ill_bs_contig3 contig_24
		Alignment: 159 246 | 296538 296625 | 88 88 | 90.91 | bs_ill_bs_contig3 contig_24
		Alignment: 266 333 | 296647 296714 | 68 68 | 95.59 | bs_ill_bs_contig3 contig_24
		Alignment: 1 277 | 529821 529545 | 277 277 | 91.07 | bs_ill_bs_contig13 contig_24
		Alignment: 1 1065 | 529767 530831 | 1065 1065 | 95.6 | bs_ill_bs_contig839 contig_24
		Alignment: 108 910 | 531026 531834 | 803 809 | 91.87 | bs_ill_bs_contig991 contig_24
		Alignment: 83 720 | 532475 531839 | 638 637 | 90.39 | bs_ill_bs_contig1146 contig_24
		Alignment: 1 966 | 534236 533273 | 966 964 | 94.21 | bs_ill_bs_contig933 contig_24
		Alignment: 1 4776 | 679057 674357 | 4776 4701 | 97.49 | bs_ill_bs_contig89 contig_24
		Alignment: 1 966 | 1078024 1078987 | 966 964 | 94.21 | bs_ill_bs_contig933 contig_24
		Alignment: 83 720 | 1079785 1080421 | 638 637 | 90.39 | bs_ill_bs_contig1146 contig_24
		Alignment: 108 910 | 1081234 1080426 | 803 809 | 91.87 | bs_ill_bs_contig991 contig_24
		Alignment: 1 1065 | 1082493 1081429 | 1065 1065 | 95.6 | bs_ill_bs_contig839 contig_24
		Alignment: 1 277 | 1082439 1082715 | 277 277 | 91.07 | bs_ill_bs_contig13 contig_24
		Alignment: 266 333 | 1676324 1676257 | 68 68 | 95.59 | bs_ill_bs_contig3 contig_24
		Alignment: 159 246 | 1676433 1676346 | 88 88 | 90.91 | bs_ill_bs_contig3 contig_24
		Alignment: 1 133 | 1676591 1676459 | 133 133 | 91.73 | bs_ill_bs_contig3 contig_24
		Alignment: 1 966 | 1676537 1677500 | 966 964 | 94.21 | bs_ill_bs_contig933 contig_24
		Alignment: 83 720 | 1678047 1678683 | 638 637 | 90.39 | bs_ill_bs_contig1146 contig_24
		Alignment: 108 910 | 1679496 1678688 | 803 809 | 91.87 | bs_ill_bs_contig991 contig_24
		Alignment: 1 1065 | 1680755 1679691 | 1065 1065 | 95.6 | bs_ill_bs_contig839 contig_24
		Alignment: 1 277 | 1680701 1680977 | 277 277 | 91.07 | bs_ill_bs_contig13 contig_24
		Alignment: 266 333 | 1781001 1780934 | 68 68 | 95.59 | bs_ill_bs_contig3 contig_24
		Alignment: 159 246 | 1781110 1781023 | 88 88 | 90.91 | bs_ill_bs_contig3 contig_24
		Alignment: 1 133 | 1781268 1781136 | 133 133 | 91.73 | bs_ill_bs_contig3 contig_24
		Alignment: 1 966 | 1781214 1782177 | 966 964 | 94.21 | bs_ill_bs_contig933 contig_24
		Alignment: 83 720 | 1782724 1783360 | 638 637 | 90.39 | bs_ill_bs_contig1146 contig_24
		Alignment: 108 910 | 1784173 1783365 | 803 809 | 91.87 | bs_ill_bs_contig991 contig_24
		Alignment: 1 1065 | 1785432 1784368 | 1065 1065 | 95.6 | bs_ill_bs_contig839 contig_24
		Alignment: 1 277 | 1785378 1785654 | 277 277 | 91.07 | bs_ill_bs_contig13 contig_24
		Unaligned bases: 2964129

CONTIG: contig_45 (2717942bp)
Best alignment score: 1002.1 (LEN: 1067, IDY: 93.92), Total number of alignments: 50
			Looking for the best set of alignments (out of 50 total alignments)
			Skipping redundant alignments after choosing the best set of alignments
		Skipping redundant alignment 105 553 | 2041 2489 | 449 449 | 91.09 | bs_ill_bs_contig991 contig_45
		Skipping redundant alignment 492 720 | 3078 2850 | 229 229 | 94.76 | bs_ill_bs_contig1146 contig_45
		Skipping redundant alignment 2 98 | 5168 5264 | 97 97 | 91.75 | bs_ill_bs_contig3 contig_45
		Skipping redundant alignment 261 334 | 5425 5498 | 74 74 | 93.24 | bs_ill_bs_contig3 contig_45
		Skipping redundant alignment 98624 98712 | 5713 5800 | 89 88 | 96.63 | bs_ill_bs_contig3 contig_45
		Skipping redundant alignment 98987 99064 | 113313 113390 | 78 78 | 97.44 | bs_ill_bs_contig3 contig_45
		Skipping redundant alignment 103892 104023 | 113318 113450 | 132 133 | 95.52 | bs_ill_bs_contig12 contig_45
		Skipping redundant alignment 18228 18355 | 113660 113535 | 128 126 | 94.53 | bs_ill_bs_contig20 contig_45
		Skipping redundant alignment 8 169 | 114207 114046 | 162 162 | 95.06 | bs_ill_bs_contig13 contig_45
		Skipping redundant alignment 105 292 | 115417 115604 | 188 188 | 92.55 | bs_ill_bs_contig991 contig_45
		Skipping redundant alignment 293 553 | 115606 115866 | 261 261 | 90.42 | bs_ill_bs_contig991 contig_45
		Skipping redundant alignment 497 720 | 116450 116227 | 224 224 | 95.98 | bs_ill_bs_contig1146 contig_45
		Skipping redundant alignment 493 720 | 1175967 1176194 | 228 228 | 96.05 | bs_ill_bs_contig1146 contig_45
		Skipping redundant alignment 105 553 | 1177003 1176555 | 449 449 | 91.09 | bs_ill_bs_contig991 contig_45
		Skipping redundant alignment 8 169 | 1178214 1178375 | 162 162 | 95.06 | bs_ill_bs_contig13 contig_45
		Skipping redundant alignment 261 334 | 1218236 1218163 | 74 74 | 93.24 | bs_ill_bs_contig3 contig_45
		Skipping redundant alignment 2 120 | 1218496 1218378 | 119 119 | 90.76 | bs_ill_bs_contig3 contig_45
		Skipping redundant alignment 495 720 | 1220501 1220726 | 226 226 | 96.02 | bs_ill_bs_contig1146 contig_45
		Skipping redundant alignment 105 553 | 1221535 1221087 | 449 449 | 91.09 | bs_ill_bs_contig991 contig_45
		Skipping redundant alignment 8 169 | 1222745 1222906 | 162 162 | 95.06 | bs_ill_bs_contig13 contig_45
		Skipping redundant alignment 261 334 | 1223488 1223415 | 74 74 | 93.24 | bs_ill_bs_contig3 contig_45
		Skipping redundant alignment 2 102 | 1223746 1223646 | 101 101 | 92.08 | bs_ill_bs_contig3 contig_45
		Skipping redundant alignment 480 720 | 1225706 1225946 | 241 241 | 95.44 | bs_ill_bs_contig1146 contig_45
		Skipping redundant alignment 292 553 | 1226568 1226307 | 262 262 | 90.08 | bs_ill_bs_contig991 contig_45
		Skipping redundant alignment 105 290 | 1226754 1226569 | 186 186 | 92.47 | bs_ill_bs_contig991 contig_45
		Skipping redundant alignment 32362 32495 | 1264153 1264286 | 134 134 | 91.04 | bs_ill_bs_contig13 contig_45
		Skipping redundant alignment 99187 99345 | 1670145 1670303 | 159 159 | 93.12 | bs_ill_bs_contig3 contig_45
		Skipping redundant alignment 92 173 | 2582219 2582138 | 82 82 | 93.9 | bs_ill_bs_contig1326 contig_45
		Skipping redundant alignment 105 553 | 2584065 2584513 | 449 449 | 90.87 | bs_ill_bs_contig991 contig_45
		Skipping redundant alignment 480 720 | 2585114 2584874 | 241 241 | 95.85 | bs_ill_bs_contig1146 contig_45
		Skipping redundant alignment 261 334 | 2587459 2587532 | 74 74 | 93.24 | bs_ill_bs_contig3 contig_45
		This contig has several significant sets of alignments. [An ambiguously mapped contig]
		Using only the very best set (option --ambiguity-usage is set to "one").
			The best set is below. Score: 11542.3, number of alignments: 19, unaligned bases: 2705018
		This contig is misassembled.
		This contig is partially unaligned. (Aligned 12924 out of 2717942 non-N bases (0.48%))
			Warning! This contig is more unaligned than misassembled. Contig length is 2717942 (number of Ns: 0) and total length of all aligns is 12924
		Alignment: 8 169 | 828 667 | 162 162 | 95.06 | bs_ill_bs_contig13 contig_45
		Alignment: 1 1068 | 781 1850 | 1068 1070 | 93.56 | bs_ill_bs_contig839 contig_45
		Alignment: 1 982 | 5221 4240 | 982 982 | 92.93 | bs_ill_bs_contig933 contig_45
		Alignment: 1 1068 | 114160 115226 | 1068 1067 | 93.92 | bs_ill_bs_contig839 contig_45
		Alignment: 1 982 | 118557 117574 | 982 984 | 92.84 | bs_ill_bs_contig933 contig_45
		Alignment: 2 120 | 118504 118622 | 119 119 | 90.76 | bs_ill_bs_contig3 contig_45
		Alignment: 261 334 | 118764 118837 | 74 74 | 93.24 | bs_ill_bs_contig3 contig_45
		Alignment: 261 334 | 1173644 1173571 | 74 74 | 93.24 | bs_ill_bs_contig3 contig_45
		Alignment: 2 120 | 1173904 1173786 | 119 119 | 90.76 | bs_ill_bs_contig3 contig_45
		Alignment: 1 982 | 1173851 1174833 | 982 983 | 92.93 | bs_ill_bs_contig933 contig_45
		Alignment: 1 1068 | 1178261 1177195 | 1068 1067 | 93.92 | bs_ill_bs_contig839 contig_45
		Alignment: 1 982 | 1218443 1219425 | 982 983 | 92.83 | bs_ill_bs_contig933 contig_45
		Alignment: 1 1068 | 1222792 1221726 | 1068 1067 | 93.92 | bs_ill_bs_contig839 contig_45
		Alignment: 1 982 | 1223693 1224674 | 982 982 | 92.83 | bs_ill_bs_contig933 contig_45
		Alignment: 1 1068 | 1228013 1226945 | 1068 1069 | 93.56 | bs_ill_bs_contig839 contig_45
		Alignment: 8 169 | 1227966 1228127 | 162 162 | 95.06 | bs_ill_bs_contig13 contig_45
		Alignment: 8 169 | 2582855 2582694 | 162 162 | 95.06 | bs_ill_bs_contig13 contig_45
		Alignment: 1 1068 | 2582808 2583874 | 1068 1067 | 93.83 | bs_ill_bs_contig839 contig_45
		Alignment: 1 982 | 2587252 2586270 | 982 983 | 93.03 | bs_ill_bs_contig933 contig_45
		Unaligned bases: 2705018

CONTIG: contig_50 (2845365bp)
Best alignment score: 971.1 (LEN: 1052, IDY: 92.31), Total number of alignments: 38
			Looking for the best set of alignments (out of 38 total alignments)
			Skipping redundant alignments after choosing the best set of alignments
		Skipping redundant alignment 33226 33297 | 24768 24697 | 72 72 | 95.83 | bs_ill_bs_contig13 contig_50
		Skipping redundant alignment 32338 32486 | 25656 25508 | 149 149 | 91.95 | bs_ill_bs_contig13 contig_50
		Skipping redundant alignment 9 171 | 244928 245090 | 163 163 | 93.25 | bs_ill_bs_contig13 contig_50
		Skipping redundant alignment 9 171 | 688108 688270 | 163 163 | 93.25 | bs_ill_bs_contig13 contig_50
		Skipping redundant alignment 99180 99264 | 690827 690743 | 85 85 | 96.47 | bs_ill_bs_contig3 contig_50
		Skipping redundant alignment 99074 99146 | 690915 690843 | 73 73 | 98.63 | bs_ill_bs_contig3 contig_50
		Skipping redundant alignment 18222 18295 | 1308051 1308124 | 74 74 | 98.65 | bs_ill_bs_contig20 contig_50
		Skipping redundant alignment 103891 103967 | 1308786 1308710 | 77 77 | 97.4 | bs_ill_bs_contig12 contig_50
		This contig has several significant sets of alignments. [An ambiguously mapped contig]
		Using only the very best set (option --ambiguity-usage is set to "one").
			The best set is below. Score: 9279.1, number of alignments: 30, unaligned bases: 2832917
		This contig is misassembled.
		This contig is partially unaligned. (Aligned 12448 out of 2845365 non-N bases (0.44%))
			Warning! This contig is more unaligned than misassembled. Contig length is 2845365 (number of Ns: 0) and total length of all aligns is 12448
		Alignment: 1 965 | 240795 241758 | 965 964 | 93.89 | bs_ill_bs_contig933 contig_50
		Alignment: 95 215 | 242298 242418 | 121 121 | 93.39 | bs_ill_bs_contig1146 contig_50
		Alignment: 483 720 | 242678 242915 | 238 238 | 93.28 | bs_ill_bs_contig1146 contig_50
		Alignment: 666 889 | 243164 242941 | 224 224 | 91.52 | bs_ill_bs_contig991 contig_50
		Alignment: 337 569 | 243494 243262 | 233 233 | 93.56 | bs_ill_bs_contig991 contig_50
		Alignment: 108 329 | 243726 243505 | 222 222 | 91.44 | bs_ill_bs_contig991 contig_50
		Alignment: 1 1065 | 244974 243923 | 1065 1052 | 92.31 | bs_ill_bs_contig839 contig_50
		Alignment: 1 965 | 683873 684836 | 965 964 | 93.89 | bs_ill_bs_contig933 contig_50
		Alignment: 95 215 | 685478 685598 | 121 121 | 93.39 | bs_ill_bs_contig1146 contig_50
		Alignment: 483 720 | 685858 686095 | 238 238 | 93.28 | bs_ill_bs_contig1146 contig_50
		Alignment: 666 889 | 686344 686121 | 224 224 | 91.07 | bs_ill_bs_contig991 contig_50
		Alignment: 337 569 | 686674 686442 | 233 233 | 93.56 | bs_ill_bs_contig991 contig_50
		Alignment: 108 329 | 686906 686685 | 222 222 | 91.44 | bs_ill_bs_contig991 contig_50
		Alignment: 1 1065 | 688154 687103 | 1065 1052 | 92.31 | bs_ill_bs_contig839 contig_50
		Alignment: 1 965 | 1303104 1304067 | 965 964 | 93.89 | bs_ill_bs_contig933 contig_50
		Alignment: 95 215 | 1304709 1304829 | 121 121 | 92.56 | bs_ill_bs_contig1146 contig_50
		Alignment: 483 720 | 1305089 1305326 | 238 238 | 93.28 | bs_ill_bs_contig1146 contig_50
		Alignment: 666 889 | 1305575 1305352 | 224 224 | 91.52 | bs_ill_bs_contig991 contig_50
		Alignment: 337 569 | 1305905 1305673 | 233 233 | 93.56 | bs_ill_bs_contig991 contig_50
		Alignment: 108 329 | 1306137 1305916 | 222 222 | 91.44 | bs_ill_bs_contig991 contig_50
		Alignment: 1 1065 | 1307385 1306334 | 1065 1052 | 92.31 | bs_ill_bs_contig839 contig_50
		Alignment: 9 171 | 1307339 1307501 | 163 163 | 93.25 | bs_ill_bs_contig13 contig_50
		Alignment: 9 171 | 2811348 2811186 | 163 163 | 93.25 | bs_ill_bs_contig13 contig_50
		Alignment: 1 1065 | 2811302 2812353 | 1065 1052 | 92.31 | bs_ill_bs_contig839 contig_50
		Alignment: 108 329 | 2812550 2812771 | 222 222 | 91.44 | bs_ill_bs_contig991 contig_50
		Alignment: 337 569 | 2812782 2813014 | 233 233 | 93.56 | bs_ill_bs_contig991 contig_50
		Alignment: 666 889 | 2813112 2813335 | 224 224 | 91.07 | bs_ill_bs_contig991 contig_50
		Alignment: 483 720 | 2813598 2813361 | 238 238 | 93.28 | bs_ill_bs_contig1146 contig_50
		Alignment: 95 215 | 2813978 2813858 | 121 121 | 93.39 | bs_ill_bs_contig1146 contig_50
		Alignment: 1 965 | 2815481 2814518 | 965 964 | 93.89 | bs_ill_bs_contig933 contig_50
		Unaligned bases: 2832917

CONTIG: contig_25 (1945631bp)
Best alignment score: 974.4 (LEN: 1054, IDY: 92.45), Total number of alignments: 26
			Looking for the best set of alignments (out of 26 total alignments)
			Skipping redundant alignments after choosing the best set of alignments
		Skipping redundant alignment 766 967 | 841709 841910 | 202 202 | 95.05 | bs_ill_bs_contig933 contig_25
		Skipping redundant alignment 26 176 | 840970 841120 | 151 151 | 91.39 | bs_ill_bs_contig933 contig_25
		This contig has several significant sets of alignments. [An ambiguously mapped contig]
		Using only the very best set (option --ambiguity-usage is set to "one").
			The best set is below. Score: 4831.3, number of alignments: 24, unaligned bases: 1937176
		This contig is misassembled.
		This contig is partially unaligned. (Aligned 8455 out of 1945631 non-N bases (0.43%))
			Warning! This contig is more unaligned than misassembled. Contig length is 1945631 (number of Ns: 0) and total length of all aligns is 8455
		Alignment: 1 1065 | 65152 66205 | 1065 1054 | 92.36 | bs_ill_bs_contig839 contig_25
		Alignment: 492 714 | 67443 67221 | 223 223 | 92.38 | bs_ill_bs_contig1146 contig_25
		Alignment: 95 211 | 67838 67722 | 117 117 | 94.02 | bs_ill_bs_contig1146 contig_25
		Alignment: 766 967 | 68743 68542 | 202 202 | 95.05 | bs_ill_bs_contig933 contig_25
		Alignment: 26 176 | 69482 69332 | 151 151 | 91.39 | bs_ill_bs_contig933 contig_25
		Alignment: 1 1065 | 142243 143296 | 1065 1054 | 92.45 | bs_ill_bs_contig839 contig_25
		Alignment: 492 714 | 144534 144312 | 223 223 | 92.83 | bs_ill_bs_contig1146 contig_25
		Alignment: 95 211 | 144929 144813 | 117 117 | 94.02 | bs_ill_bs_contig1146 contig_25
		Alignment: 766 967 | 145639 145438 | 202 202 | 95.05 | bs_ill_bs_contig933 contig_25
		Alignment: 26 176 | 146378 146228 | 151 151 | 91.39 | bs_ill_bs_contig933 contig_25
		Alignment: 1 1065 | 177767 178820 | 1065 1054 | 92.36 | bs_ill_bs_contig839 contig_25
		Alignment: 492 714 | 180058 179836 | 223 223 | 92.83 | bs_ill_bs_contig1146 contig_25
		Alignment: 95 211 | 180453 180337 | 117 117 | 93.16 | bs_ill_bs_contig1146 contig_25
		Alignment: 766 967 | 181163 180962 | 202 202 | 95.05 | bs_ill_bs_contig933 contig_25
		Alignment: 26 176 | 181902 181752 | 151 151 | 91.39 | bs_ill_bs_contig933 contig_25
		Alignment: 95 211 | 842614 842730 | 117 117 | 93.16 | bs_ill_bs_contig1146 contig_25
		Alignment: 492 714 | 843009 843231 | 223 223 | 92.83 | bs_ill_bs_contig1146 contig_25
		Alignment: 1 1065 | 845300 844247 | 1065 1054 | 92.45 | bs_ill_bs_contig839 contig_25
		Alignment: 299 371 | 1654720 1654648 | 73 73 | 97.26 | bs_ill_bs_contig1326 contig_25
		Alignment: 1 1065 | 1655390 1656443 | 1065 1054 | 92.45 | bs_ill_bs_contig839 contig_25
		Alignment: 492 714 | 1657681 1657459 | 223 223 | 92.83 | bs_ill_bs_contig1146 contig_25
		Alignment: 95 211 | 1658076 1657960 | 117 117 | 94.02 | bs_ill_bs_contig1146 contig_25
		Alignment: 766 967 | 1658796 1658595 | 202 202 | 95.05 | bs_ill_bs_contig933 contig_25
		Alignment: 26 176 | 1659535 1659385 | 151 151 | 91.39 | bs_ill_bs_contig933 contig_25
		Unaligned bases: 1937176

CONTIG: contig_35 (4757856bp)
Best alignment score: 208.0 (LEN: 230, IDY: 90.43), Total number of alignments: 28
			Looking for the best set of alignments (out of 28 total alignments)
			Skipping redundant alignments after choosing the best set of alignments
		Skipping redundant alignment 61 290 | 806081 806310 | 230 230 | 90.43 | bs_ill_bs_contig839 contig_35
		Skipping redundant alignment 707 789 | 806727 806809 | 83 83 | 97.59 | bs_ill_bs_contig839 contig_35
		Skipping redundant alignment 582 727 | 809724 809579 | 146 146 | 90.41 | bs_ill_bs_contig933 contig_35
		Skipping redundant alignment 472 543 | 809833 809762 | 72 72 | 95.83 | bs_ill_bs_contig933 contig_35
		Skipping redundant alignment 61 290 | 1472328 1472557 | 230 230 | 90.43 | bs_ill_bs_contig839 contig_35
		Skipping redundant alignment 707 789 | 1472974 1473056 | 83 83 | 97.59 | bs_ill_bs_contig839 contig_35
		Skipping redundant alignment 582 727 | 1475984 1475839 | 146 146 | 90.41 | bs_ill_bs_contig933 contig_35
		Skipping redundant alignment 472 543 | 1476093 1476022 | 72 72 | 95.83 | bs_ill_bs_contig933 contig_35
		Skipping redundant alignment 472 543 | 1992530 1992601 | 72 72 | 95.83 | bs_ill_bs_contig933 contig_35
		Skipping redundant alignment 582 727 | 1992639 1992784 | 146 146 | 90.41 | bs_ill_bs_contig933 contig_35
		Skipping redundant alignment 707 789 | 1995807 1995725 | 83 83 | 97.59 | bs_ill_bs_contig839 contig_35
		Skipping redundant alignment 61 290 | 1996453 1996224 | 230 230 | 90.43 | bs_ill_bs_contig839 contig_35
		Skipping redundant alignment 472 543 | 2087618 2087689 | 72 72 | 95.83 | bs_ill_bs_contig933 contig_35
		Skipping redundant alignment 582 727 | 2087727 2087872 | 146 146 | 90.41 | bs_ill_bs_contig933 contig_35
		Skipping redundant alignment 707 789 | 2090739 2090657 | 83 83 | 97.59 | bs_ill_bs_contig839 contig_35
		Skipping redundant alignment 61 290 | 2091385 2091156 | 230 230 | 90.43 | bs_ill_bs_contig839 contig_35
		Skipping redundant alignment 472 543 | 2242844 2242915 | 72 72 | 95.83 | bs_ill_bs_contig933 contig_35
		Skipping redundant alignment 582 727 | 2242953 2243098 | 146 146 | 90.41 | bs_ill_bs_contig933 contig_35
		Skipping redundant alignment 472 543 | 2285757 2285828 | 72 72 | 95.83 | bs_ill_bs_contig933 contig_35
		Skipping redundant alignment 582 727 | 2285866 2286011 | 146 146 | 90.41 | bs_ill_bs_contig933 contig_35
		Skipping redundant alignment 472 543 | 3035286 3035357 | 72 72 | 95.83 | bs_ill_bs_contig933 contig_35
		Skipping redundant alignment 582 728 | 3035395 3035541 | 147 147 | 90.48 | bs_ill_bs_contig933 contig_35
		Skipping redundant alignment 707 789 | 3038664 3038582 | 83 83 | 97.59 | bs_ill_bs_contig839 contig_35
		Skipping redundant alignment 61 290 | 3039310 3039081 | 230 230 | 90.43 | bs_ill_bs_contig839 contig_35
		This contig has several significant sets of alignments. [An ambiguously mapped contig]
		Using only the very best set (option --ambiguity-usage is set to "one").
			The best set is below. Score: 290.9, number of alignments: 4, unaligned bases: 4757230
		This contig is misassembled.
		This contig is partially unaligned. (Aligned 626 out of 4757856 non-N bases (0.01%))
			Warning! This contig is more unaligned than misassembled. Contig length is 4757856 (number of Ns: 0) and total length of all aligns is 626
		Alignment: 707 789 | 2246122 2246040 | 83 83 | 97.59 | bs_ill_bs_contig839 contig_35
		Alignment: 61 290 | 2246768 2246539 | 230 230 | 90.43 | bs_ill_bs_contig839 contig_35
		Alignment: 707 789 | 2288877 2288795 | 83 83 | 97.59 | bs_ill_bs_contig839 contig_35
		Alignment: 61 290 | 2289523 2289294 | 230 230 | 90.43 | bs_ill_bs_contig839 contig_35
		Unaligned bases: 4757230

CONTIG: contig_36 (4765330bp)
Best alignment score: 208.0 (LEN: 230, IDY: 90.43), Total number of alignments: 28
			Looking for the best set of alignments (out of 28 total alignments)
			Skipping redundant alignments after choosing the best set of alignments
		Skipping redundant alignment 61 290 | 304116 304345 | 230 230 | 90.43 | bs_ill_bs_contig839 contig_36
		Skipping redundant alignment 707 789 | 304762 304844 | 83 83 | 97.59 | bs_ill_bs_contig839 contig_36
		Skipping redundant alignment 603 728 | 307826 307701 | 126 126 | 92.86 | bs_ill_bs_contig933 contig_36
		Skipping redundant alignment 472 543 | 307956 307885 | 72 72 | 95.83 | bs_ill_bs_contig933 contig_36
		Skipping redundant alignment 61 290 | 1012419 1012648 | 230 230 | 90.43 | bs_ill_bs_contig839 contig_36
		Skipping redundant alignment 707 789 | 1013065 1013147 | 83 83 | 97.59 | bs_ill_bs_contig839 contig_36
		Skipping redundant alignment 603 728 | 1016135 1016010 | 126 126 | 92.86 | bs_ill_bs_contig933 contig_36
		Skipping redundant alignment 472 543 | 1016265 1016194 | 72 72 | 95.83 | bs_ill_bs_contig933 contig_36
		Skipping redundant alignment 472 543 | 1556752 1556823 | 72 72 | 95.83 | bs_ill_bs_contig933 contig_36
		Skipping redundant alignment 603 728 | 1556882 1557007 | 126 126 | 92.86 | bs_ill_bs_contig933 contig_36
		Skipping redundant alignment 707 789 | 1559870 1559788 | 83 83 | 97.59 | bs_ill_bs_contig839 contig_36
		Skipping redundant alignment 61 290 | 1560516 1560287 | 230 230 | 90.43 | bs_ill_bs_contig839 contig_36
		Skipping redundant alignment 472 543 | 1650375 1650446 | 72 72 | 95.83 | bs_ill_bs_contig933 contig_36
		Skipping redundant alignment 603 728 | 1650505 1650630 | 126 126 | 92.86 | bs_ill_bs_contig933 contig_36
		Skipping redundant alignment 707 789 | 1653587 1653505 | 83 83 | 97.59 | bs_ill_bs_contig839 contig_36
		Skipping redundant alignment 61 290 | 1654233 1654004 | 230 230 | 90.43 | bs_ill_bs_contig839 contig_36
		Skipping redundant alignment 472 543 | 1781504 1781575 | 72 72 | 95.83 | bs_ill_bs_contig933 contig_36
		Skipping redundant alignment 603 728 | 1781634 1781759 | 126 126 | 92.86 | bs_ill_bs_contig933 contig_36
		Skipping redundant alignment 472 543 | 1822907 1822978 | 72 72 | 95.83 | bs_ill_bs_contig933 contig_36
		Skipping redundant alignment 603 728 | 1823037 1823162 | 126 126 | 92.86 | bs_ill_bs_contig933 contig_36
		Skipping redundant alignment 472 543 | 2470736 2470807 | 72 72 | 95.83 | bs_ill_bs_contig933 contig_36
		Skipping redundant alignment 603 727 | 2470866 2470990 | 125 125 | 92.8 | bs_ill_bs_contig933 contig_36
		Skipping redundant alignment 707 789 | 2473946 2473864 | 83 83 | 97.59 | bs_ill_bs_contig839 contig_36
		Skipping redundant alignment 61 290 | 2474592 2474363 | 230 230 | 90.43 | bs_ill_bs_contig839 contig_36
			The best set is below. Score: 292.0, number of alignments: 4, unaligned bases: 4764704
		This contig is misassembled.
		This contig is partially unaligned. (Aligned 626 out of 4765330 non-N bases (0.01%))
			Warning! This contig is more unaligned than misassembled. Contig length is 4765330 (number of Ns: 0) and total length of all aligns is 626
		Alignment: 707 789 | 1784622 1784540 | 83 83 | 97.59 | bs_ill_bs_contig839 contig_36
		Alignment: 61 290 | 1785268 1785039 | 230 230 | 90.43 | bs_ill_bs_contig839 contig_36
		Alignment: 707 789 | 1826024 1825942 | 83 83 | 97.59 | bs_ill_bs_contig839 contig_36
		Alignment: 61 290 | 1826670 1826441 | 230 230 | 90.43 | bs_ill_bs_contig839 contig_36
		Unaligned bases: 4764704

Analyzing coverage...
Writing SNPs into /media3/lucia/zymo_mock_community/asms_cuantizados/v6_27-2-21_1bin/metaquast-1bin-v2/runs_per_reference/bs_ill/contigs_reports/minimap_output/r10_1bin_v2_2_MP_helen.used_snps.gz

Analysis is finished!
Founded SNPs were written into /media3/lucia/zymo_mock_community/asms_cuantizados/v6_27-2-21_1bin/metaquast-1bin-v2/runs_per_reference/bs_ill/contigs_reports/minimap_output/r10_1bin_v2_2_MP_helen.used_snps.gz

Results:
	Local Misassemblies: 13
	Misassemblies: 34
		Relocations: 0
		Translocations: 34
		Inversions: 0
	Scaffold gap extensive misassemblies: 0
	Scaffold gap local misassemblies: 0
	Misassemblies caused by fragmented reference: 49
	Misassembled Contigs: 1
	Misassembled Contig Bases: 4045480
	Misassemblies Inter-Contig Overlap: 0
Unaligned Contigs: 0 + 7 part
Half Unaligned Contigs with Misassemblies: 6
Unaligned Contig Bases: 19973307

Ambiguously Mapped Contigs: 5
Total Bases in Ambiguously Mapped Contigs: 15258861
Extra Bases in Ambiguously Mapped Contigs: 0
Note that --allow-ambiguity option was set to "one" and only first alignment per each of these contigs was used.

	Covered Bases: 3985764

	SNPs: 3835
	Insertions: 744
	Deletions: 2016

