Aligning contigs to reference...
	Aligning contigs to the reference
Filtering alignments...
Parsing coords...
Loading reference...
	Loaded [bs_ill_bs_contig20]
	Loaded [bs_ill_bs_contig21]
	Loaded [bs_ill_bs_contig89]
	Loaded [bs_ill_bs_contig411]
	Loaded [bs_ill_bs_contig1250]
	Loaded [bs_ill_bs_contig11]
	Loaded [bs_ill_bs_contig10]
	Loaded [bs_ill_bs_contig13]
	Loaded [bs_ill_bs_contig12]
	Loaded [bs_ill_bs_contig15]
	Loaded [bs_ill_bs_contig14]
	Loaded [bs_ill_bs_contig17]
	Loaded [bs_ill_bs_contig16]
	Loaded [bs_ill_bs_contig19]
	Loaded [bs_ill_bs_contig18]
	Loaded [bs_ill_bs_contig839]
	Loaded [bs_ill_bs_contig9]
	Loaded [bs_ill_bs_contig1326]
	Loaded [bs_ill_bs_contig1146]
	Loaded [bs_ill_bs_contig1]
	Loaded [bs_ill_bs_contig3]
	Loaded [bs_ill_bs_contig2]
	Loaded [bs_ill_bs_contig5]
	Loaded [bs_ill_bs_contig4]
	Loaded [bs_ill_bs_contig7]
	Loaded [bs_ill_bs_contig6]
	Loaded [bs_ill_bs_contig933]
	Loaded [bs_ill_bs_contig8]
	Loaded [bs_ill_bs_contig991]
	Total Regions: 29
	Total Region Length: 3985829
Analyzing contigs...
CONTIG: contig_10 (2719590bp)
Best alignment score: 1002.1 (LEN: 1067, IDY: 93.92), Total number of alignments: 49
			Looking for the best set of alignments (out of 49 total alignments)
			Skipping redundant alignments after choosing the best set of alignments
		Skipping redundant alignment 105 553 | 780674 780226 | 449 449 | 90.87 | bs_ill_bs_contig991 contig_10
		Skipping redundant alignment 8 169 | 781885 782046 | 162 162 | 95.06 | bs_ill_bs_contig13 contig_10
		Skipping redundant alignment 18228 18355 | 782432 782557 | 128 126 | 94.53 | bs_ill_bs_contig20 contig_10
		Skipping redundant alignment 103892 104023 | 782774 782642 | 132 133 | 95.52 | bs_ill_bs_contig12 contig_10
		Skipping redundant alignment 98987 99064 | 782779 782702 | 78 78 | 97.44 | bs_ill_bs_contig3 contig_10
		Skipping redundant alignment 98624 98712 | 890436 890349 | 89 88 | 96.63 | bs_ill_bs_contig3 contig_10
		Skipping redundant alignment 261 334 | 890724 890651 | 74 74 | 93.24 | bs_ill_bs_contig3 contig_10
		Skipping redundant alignment 2 102 | 890983 890883 | 101 101 | 91.09 | bs_ill_bs_contig3 contig_10
		Skipping redundant alignment 493 720 | 893077 893304 | 228 228 | 96.05 | bs_ill_bs_contig1146 contig_10
		Skipping redundant alignment 105 553 | 894113 893665 | 449 449 | 91.09 | bs_ill_bs_contig991 contig_10
		Skipping redundant alignment 8 169 | 895324 895485 | 162 162 | 95.06 | bs_ill_bs_contig13 contig_10
		Skipping redundant alignment 261 334 | 1026745 1026672 | 74 74 | 93.24 | bs_ill_bs_contig3 contig_10
		Skipping redundant alignment 2 120 | 1027005 1026887 | 119 119 | 90.76 | bs_ill_bs_contig3 contig_10
		Skipping redundant alignment 105 553 | 1030139 1029691 | 449 449 | 91.09 | bs_ill_bs_contig991 contig_10
		Skipping redundant alignment 92 173 | 1031986 1032067 | 82 82 | 93.9 | bs_ill_bs_contig1326 contig_10
		Skipping redundant alignment 99187 99345 | 1944696 1944538 | 159 159 | 92.5 | bs_ill_bs_contig3 contig_10
		Skipping redundant alignment 32362 32495 | 2350914 2350781 | 134 134 | 91.04 | bs_ill_bs_contig13 contig_10
		Skipping redundant alignment 105 553 | 2388343 2388791 | 449 449 | 91.09 | bs_ill_bs_contig991 contig_10
		Skipping redundant alignment 480 720 | 2389392 2389152 | 241 241 | 95.02 | bs_ill_bs_contig1146 contig_10
		Skipping redundant alignment 2 120 | 2391352 2391470 | 119 119 | 90.76 | bs_ill_bs_contig3 contig_10
		Skipping redundant alignment 8 169 | 2392355 2392194 | 162 162 | 95.06 | bs_ill_bs_contig13 contig_10
		Skipping redundant alignment 105 553 | 2393565 2394013 | 449 449 | 90.87 | bs_ill_bs_contig991 contig_10
		Skipping redundant alignment 493 720 | 2394601 2394374 | 228 228 | 96.05 | bs_ill_bs_contig1146 contig_10
		Skipping redundant alignment 2 120 | 2396606 2396724 | 119 119 | 90.76 | bs_ill_bs_contig3 contig_10
		Skipping redundant alignment 261 334 | 2396866 2396939 | 74 74 | 93.24 | bs_ill_bs_contig3 contig_10
		Skipping redundant alignment 8 169 | 2436918 2436757 | 162 162 | 95.06 | bs_ill_bs_contig13 contig_10
		Skipping redundant alignment 105 553 | 2438130 2438578 | 449 449 | 91.09 | bs_ill_bs_contig991 contig_10
		Skipping redundant alignment 480 720 | 2439179 2438939 | 241 241 | 95.85 | bs_ill_bs_contig1146 contig_10
		Skipping redundant alignment 2 102 | 2441230 2441330 | 101 101 | 92.08 | bs_ill_bs_contig3 contig_10
		This contig has several significant sets of alignments. [An ambiguously mapped contig]
		Using only the very best set (option --ambiguity-usage is set to "one").
			The best set is below. Score: 11600.2, number of alignments: 20, unaligned bases: 2706291
		This contig is misassembled.
		This contig is partially unaligned. (Aligned 13299 out of 2719590 non-N bases (0.49%))
			Warning! This contig is more unaligned than misassembled. Contig length is 2719590 (number of Ns: 0) and total length of all aligns is 13299
		Alignment: 261 334 | 777331 777258 | 74 74 | 93.24 | bs_ill_bs_contig3 contig_10
		Alignment: 2 120 | 777591 777473 | 119 119 | 90.76 | bs_ill_bs_contig3 contig_10
		Alignment: 1 982 | 777538 778520 | 982 983 | 92.73 | bs_ill_bs_contig933 contig_10
		Alignment: 95 183 | 779242 779330 | 89 89 | 91.01 | bs_ill_bs_contig1146 contig_10
		Alignment: 497 720 | 779642 779865 | 224 224 | 95.98 | bs_ill_bs_contig1146 contig_10
		Alignment: 1 1068 | 781932 780865 | 1068 1068 | 93.83 | bs_ill_bs_contig839 contig_10
		Alignment: 1 982 | 890930 891911 | 982 982 | 92.93 | bs_ill_bs_contig933 contig_10
		Alignment: 1 1068 | 895371 894304 | 1068 1068 | 93.74 | bs_ill_bs_contig839 contig_10
		Alignment: 1 982 | 1026952 1027933 | 982 982 | 92.93 | bs_ill_bs_contig933 contig_10
		Alignment: 95 183 | 1028706 1028794 | 89 89 | 91.01 | bs_ill_bs_contig1146 contig_10
		Alignment: 493 720 | 1029103 1029330 | 228 228 | 96.05 | bs_ill_bs_contig1146 contig_10
		Alignment: 1 1068 | 1031396 1030330 | 1068 1067 | 93.83 | bs_ill_bs_contig839 contig_10
		Alignment: 8 169 | 1031349 1031510 | 162 162 | 95.06 | bs_ill_bs_contig13 contig_10
		Alignment: 8 169 | 2387132 2386971 | 162 162 | 95.06 | bs_ill_bs_contig13 contig_10
		Alignment: 1 1068 | 2387085 2388152 | 1068 1068 | 93.83 | bs_ill_bs_contig839 contig_10
		Alignment: 1 982 | 2391405 2390423 | 982 983 | 92.73 | bs_ill_bs_contig933 contig_10
		Alignment: 1 1068 | 2392308 2393374 | 1068 1067 | 93.92 | bs_ill_bs_contig839 contig_10
		Alignment: 1 982 | 2396659 2395677 | 982 983 | 92.73 | bs_ill_bs_contig933 contig_10
		Alignment: 1 1068 | 2436871 2437938 | 1068 1068 | 93.83 | bs_ill_bs_contig839 contig_10
		Alignment: 1 982 | 2441283 2440301 | 982 983 | 92.73 | bs_ill_bs_contig933 contig_10
		Unaligned bases: 2706291

CONTIG: contig_89 (2992075bp)
Best alignment score: 4583.0 (LEN: 4700, IDY: 97.51), Total number of alignments: 63
			Looking for the best set of alignments (out of 63 total alignments)
			Skipping redundant alignments after choosing the best set of alignments
		Skipping redundant alignment 18222 18295 | 1083129 1083202 | 74 74 | 100.0 | bs_ill_bs_contig20 contig_89
		Skipping redundant alignment 99073 99150 | 1083202 1083125 | 78 78 | 97.44 | bs_ill_bs_contig3 contig_89
		Skipping redundant alignment 18222 18293 | 1304501 1304430 | 72 72 | 100.0 | bs_ill_bs_contig20 contig_89
		Skipping redundant alignment 99075 99146 | 1304430 1304501 | 72 72 | 100.0 | bs_ill_bs_contig3 contig_89
		Skipping redundant alignment 34981 35053 | 1304502 1304430 | 73 73 | 100.0 | bs_ill_bs_contig15 contig_89
		Skipping redundant alignment 99075 99146 | 2569821 2569892 | 72 72 | 100.0 | bs_ill_bs_contig3 contig_89
		Skipping redundant alignment 34981 35053 | 2569893 2569821 | 73 73 | 100.0 | bs_ill_bs_contig15 contig_89
		Skipping redundant alignment 18222 18293 | 2569892 2569821 | 72 72 | 100.0 | bs_ill_bs_contig20 contig_89
		Skipping redundant alignment 299 374 | 1786235 1786310 | 76 76 | 97.37 | bs_ill_bs_contig1326 contig_89
		Skipping redundant alignment 99074 99146 | 1787835 1787763 | 73 73 | 100.0 | bs_ill_bs_contig3 contig_89
		Skipping redundant alignment 1 133 | 534176 534308 | 133 133 | 91.73 | bs_ill_bs_contig3 contig_89
		Skipping redundant alignment 159 246 | 534334 534421 | 88 88 | 90.91 | bs_ill_bs_contig3 contig_89
		Skipping redundant alignment 266 333 | 534443 534510 | 68 68 | 95.59 | bs_ill_bs_contig3 contig_89
		Skipping redundant alignment 32167 32235 | 582632 582564 | 69 69 | 91.3 | bs_ill_bs_contig13 contig_89
		Skipping redundant alignment 34981 35062 | 1787762 1787843 | 82 82 | 100.0 | bs_ill_bs_contig15 contig_89
		Skipping redundant alignment 266 333 | 1077816 1077749 | 68 68 | 95.59 | bs_ill_bs_contig3 contig_89
		Skipping redundant alignment 159 246 | 1077925 1077838 | 88 88 | 90.91 | bs_ill_bs_contig3 contig_89
		Skipping redundant alignment 1 133 | 1078083 1077951 | 133 133 | 91.73 | bs_ill_bs_contig3 contig_89
		Skipping redundant alignment 99180 99347 | 2573857 2574022 | 168 166 | 90.64 | bs_ill_bs_contig3 contig_89
		This contig has several significant sets of alignments. [An ambiguously mapped contig]
		Using only the very best set (option --ambiguity-usage is set to "one").
			The best set is below. Score: 23564.3, number of alignments: 44, unaligned bases: 2964138
		This contig is misassembled.
		This contig is partially unaligned. (Aligned 27937 out of 2992075 non-N bases (0.93%))
			Warning! This contig is more unaligned than misassembled. Contig length is 2992075 (number of Ns: 0) and total length of all aligns is 27937
		Alignment: 18672 18790 | 268375 268257 | 119 119 | 90.76 | bs_ill_bs_contig13 contig_89
		Alignment: 1 277 | 286245 285969 | 277 277 | 91.07 | bs_ill_bs_contig13 contig_89
		Alignment: 1 1065 | 286191 287255 | 1065 1065 | 95.6 | bs_ill_bs_contig839 contig_89
		Alignment: 108 910 | 287450 288258 | 803 809 | 91.87 | bs_ill_bs_contig991 contig_89
		Alignment: 83 720 | 288899 288263 | 638 637 | 90.39 | bs_ill_bs_contig1146 contig_89
		Alignment: 1 966 | 290409 289446 | 966 964 | 94.21 | bs_ill_bs_contig933 contig_89
		Alignment: 1 133 | 290355 290487 | 133 133 | 91.73 | bs_ill_bs_contig3 contig_89
		Alignment: 159 246 | 290513 290600 | 88 88 | 90.91 | bs_ill_bs_contig3 contig_89
		Alignment: 266 333 | 290622 290689 | 68 68 | 95.59 | bs_ill_bs_contig3 contig_89
		Alignment: 1 277 | 292264 291988 | 277 277 | 91.07 | bs_ill_bs_contig13 contig_89
		Alignment: 1 1065 | 292210 293274 | 1065 1065 | 95.6 | bs_ill_bs_contig839 contig_89
		Alignment: 108 910 | 293469 294277 | 803 809 | 91.87 | bs_ill_bs_contig991 contig_89
		Alignment: 83 720 | 294918 294282 | 638 637 | 90.39 | bs_ill_bs_contig1146 contig_89
		Alignment: 1 966 | 296428 295465 | 966 964 | 94.21 | bs_ill_bs_contig933 contig_89
		Alignment: 1 133 | 296374 296506 | 133 133 | 91.73 | bs_ill_bs_contig3 contig_89
		Alignment: 159 246 | 296532 296619 | 88 88 | 90.91 | bs_ill_bs_contig3 contig_89
		Alignment: 266 333 | 296641 296708 | 68 68 | 95.59 | bs_ill_bs_contig3 contig_89
		Alignment: 1 277 | 529815 529539 | 277 277 | 91.07 | bs_ill_bs_contig13 contig_89
		Alignment: 1 1065 | 529761 530825 | 1065 1065 | 95.6 | bs_ill_bs_contig839 contig_89
		Alignment: 108 910 | 531020 531828 | 803 809 | 91.87 | bs_ill_bs_contig991 contig_89
		Alignment: 83 720 | 532469 531833 | 638 637 | 90.39 | bs_ill_bs_contig1146 contig_89
		Alignment: 1 966 | 534230 533267 | 966 964 | 94.21 | bs_ill_bs_contig933 contig_89
		Alignment: 1 4776 | 679050 674351 | 4776 4700 | 97.51 | bs_ill_bs_contig89 contig_89
		Alignment: 1 966 | 1078029 1078992 | 966 964 | 94.21 | bs_ill_bs_contig933 contig_89
		Alignment: 83 720 | 1079790 1080426 | 638 637 | 90.39 | bs_ill_bs_contig1146 contig_89
		Alignment: 108 910 | 1081239 1080431 | 803 809 | 91.87 | bs_ill_bs_contig991 contig_89
		Alignment: 1 1065 | 1082498 1081434 | 1065 1065 | 95.6 | bs_ill_bs_contig839 contig_89
		Alignment: 1 277 | 1082444 1082720 | 277 277 | 91.07 | bs_ill_bs_contig13 contig_89
		Alignment: 266 333 | 1676330 1676263 | 68 68 | 95.59 | bs_ill_bs_contig3 contig_89
		Alignment: 159 246 | 1676439 1676352 | 88 88 | 90.91 | bs_ill_bs_contig3 contig_89
		Alignment: 1 133 | 1676597 1676465 | 133 133 | 91.73 | bs_ill_bs_contig3 contig_89
		Alignment: 1 966 | 1676543 1677506 | 966 964 | 94.21 | bs_ill_bs_contig933 contig_89
		Alignment: 83 720 | 1678053 1678689 | 638 637 | 90.39 | bs_ill_bs_contig1146 contig_89
		Alignment: 108 910 | 1679502 1678694 | 803 809 | 91.87 | bs_ill_bs_contig991 contig_89
		Alignment: 1 1065 | 1680761 1679697 | 1065 1065 | 95.6 | bs_ill_bs_contig839 contig_89
		Alignment: 1 277 | 1680707 1680983 | 277 277 | 91.07 | bs_ill_bs_contig13 contig_89
		Alignment: 266 333 | 1781007 1780940 | 68 68 | 95.59 | bs_ill_bs_contig3 contig_89
		Alignment: 159 246 | 1781116 1781029 | 88 88 | 90.91 | bs_ill_bs_contig3 contig_89
		Alignment: 1 133 | 1781274 1781142 | 133 133 | 91.73 | bs_ill_bs_contig3 contig_89
		Alignment: 1 966 | 1781220 1782183 | 966 964 | 94.21 | bs_ill_bs_contig933 contig_89
		Alignment: 83 720 | 1782730 1783366 | 638 637 | 90.39 | bs_ill_bs_contig1146 contig_89
		Alignment: 108 910 | 1784179 1783371 | 803 809 | 91.87 | bs_ill_bs_contig991 contig_89
		Alignment: 1 1065 | 1785438 1784374 | 1065 1065 | 95.6 | bs_ill_bs_contig839 contig_89
		Alignment: 1 277 | 1785384 1785660 | 277 277 | 91.07 | bs_ill_bs_contig13 contig_89
		Unaligned bases: 2964138

CONTIG: contig_92 (4045588bp)
Best alignment score: 708786.2 (LEN: 708928, IDY: 99.98), Total number of alignments: 152
			Too much alignments (152), will use speed up heuristics
			Found 53 solid alignments:
		Solid alignment 1 659 | 659 1 | 659 659 | 99.39 | bs_ill_bs_contig2 contig_92
		Solid alignment 1 23242 | 1224 24464 | 23242 23241 | 100.0 | bs_ill_bs_contig19 contig_92
		Solid alignment 1 137190 | 162728 25539 | 137190 137190 | 100.0 | bs_ill_bs_contig11 contig_92
		Solid alignment 1 269408 | 163861 433267 | 269408 269407 | 100.0 | bs_ill_bs_contig6 contig_92
		Solid alignment 1 2262 | 436083 433822 | 2262 2262 | 100.0 | bs_ill_bs_contig411 contig_92
		Solid alignment 1 156862 | 436462 593323 | 156862 156862 | 99.86 | bs_ill_bs_contig10 contig_92
		Solid alignment 114 252570 | 598082 850654 | 252457 252573 | 99.94 | bs_ill_bs_contig9 contig_92
		Solid alignment 1 294381 | 851833 1146214 | 294381 294382 | 100.0 | bs_ill_bs_contig5 contig_92
		Solid alignment 1 315068 | 1462439 1147374 | 315068 315066 | 100.0 | bs_ill_bs_contig4 contig_92
		Solid alignment 1 37065 | 1463599 1500663 | 37065 37065 | 100.0 | bs_ill_bs_contig17 contig_92
		Solid alignment 1 1152 | 1503087 1504238 | 1152 1152 | 100.0 | bs_ill_bs_contig839 contig_92
		Solid alignment 1 911 | 1504240 1505150 | 911 911 | 100.0 | bs_ill_bs_contig991 contig_92
		Solid alignment 1 982 | 1507226 1506245 | 982 982 | 100.0 | bs_ill_bs_contig933 contig_92
		Solid alignment 1 38370 | 1507513 1545882 | 38370 38370 | 100.0 | bs_ill_bs_contig16 contig_92
		Solid alignment 1 263211 | 1547062 1810270 | 263211 263209 | 100.0 | bs_ill_bs_contig7 contig_92
		Solid alignment 1 709047 | 2519798 1810871 | 709047 708928 | 99.98 | bs_ill_bs_contig1 contig_92
		Solid alignment 1 59870 | 2520029 2579898 | 59870 59870 | 100.0 | bs_ill_bs_contig14 contig_92
		Solid alignment 1 982 | 2580152 2581133 | 982 982 | 100.0 | bs_ill_bs_contig933 contig_92
		Solid alignment 1 911 | 2583315 2582405 | 911 911 | 100.0 | bs_ill_bs_contig991 contig_92
		Solid alignment 1 1152 | 2584468 2583317 | 1152 1152 | 100.0 | bs_ill_bs_contig839 contig_92
		Solid alignment 1 15524 | 2584866 2600389 | 15524 15524 | 100.0 | bs_ill_bs_contig21 contig_92
		Solid alignment 1 982 | 2600764 2601745 | 982 982 | 99.9 | bs_ill_bs_contig933 contig_92
		Solid alignment 1 911 | 2603927 2603017 | 911 911 | 100.0 | bs_ill_bs_contig991 contig_92
		Solid alignment 1 1152 | 2605080 2603929 | 1152 1152 | 100.0 | bs_ill_bs_contig839 contig_92
		Solid alignment 1 55215 | 2605502 2660716 | 55215 55215 | 100.0 | bs_ill_bs_contig15 contig_92
		Solid alignment 1 982 | 2661098 2662079 | 982 982 | 100.0 | bs_ill_bs_contig933 contig_92
		Solid alignment 1 911 | 2664084 2663174 | 911 911 | 100.0 | bs_ill_bs_contig991 contig_92
		Solid alignment 1 1152 | 2665237 2664086 | 1152 1152 | 100.0 | bs_ill_bs_contig839 contig_92
		Solid alignment 1 982 | 2667021 2668002 | 982 982 | 100.0 | bs_ill_bs_contig933 contig_92
		Solid alignment 1 911 | 2670007 2669097 | 911 911 | 100.0 | bs_ill_bs_contig991 contig_92
		Solid alignment 1 1152 | 2671160 2670009 | 1152 1152 | 100.0 | bs_ill_bs_contig839 contig_92
		Solid alignment 1 60136 | 2671106 2731242 | 60136 60137 | 100.0 | bs_ill_bs_contig13 contig_92
		Solid alignment 1 982 | 2731563 2732543 | 982 981 | 99.9 | bs_ill_bs_contig933 contig_92
		Solid alignment 1 911 | 2734548 2733638 | 911 911 | 100.0 | bs_ill_bs_contig991 contig_92
		Solid alignment 1 1152 | 2735701 2734550 | 1152 1152 | 100.0 | bs_ill_bs_contig839 contig_92
		Solid alignment 1 982 | 2737175 2738156 | 982 982 | 100.0 | bs_ill_bs_contig933 contig_92
		Solid alignment 1 911 | 2740161 2739251 | 911 911 | 100.0 | bs_ill_bs_contig991 contig_92
		Solid alignment 1 1152 | 2741314 2740163 | 1152 1152 | 100.0 | bs_ill_bs_contig839 contig_92
		Solid alignment 1 982 | 2742176 2743156 | 982 981 | 99.9 | bs_ill_bs_contig933 contig_92
		Solid alignment 1 911 | 2745161 2744251 | 911 911 | 99.89 | bs_ill_bs_contig991 contig_92
		Solid alignment 1 1152 | 2746314 2745163 | 1152 1152 | 100.0 | bs_ill_bs_contig839 contig_92
		Solid alignment 1 18355 | 2746528 2764879 | 18355 18352 | 99.97 | bs_ill_bs_contig20 contig_92
		Solid alignment 1 104023 | 2869052 2765033 | 104023 104020 | 100.0 | bs_ill_bs_contig12 contig_92
		Solid alignment 1 325319 | 3195681 2870212 | 325319 325470 | 99.94 | bs_ill_bs_contig3 contig_92
		Solid alignment 1 982 | 3195627 3196608 | 982 982 | 100.0 | bs_ill_bs_contig933 contig_92
		Solid alignment 1 911 | 3198613 3197703 | 911 911 | 100.0 | bs_ill_bs_contig991 contig_92
		Solid alignment 1 1152 | 3199766 3198615 | 1152 1152 | 99.91 | bs_ill_bs_contig839 contig_92
		Solid alignment 1 29697 | 3200105 3229798 | 29697 29694 | 99.96 | bs_ill_bs_contig18 contig_92
		Solid alignment 1 257004 | 3230957 3488007 | 257004 257051 | 99.98 | bs_ill_bs_contig8 contig_92
		Solid alignment 1 982 | 3488393 3489374 | 982 982 | 100.0 | bs_ill_bs_contig933 contig_92
		Solid alignment 1 911 | 3491379 3490469 | 911 911 | 99.89 | bs_ill_bs_contig991 contig_92
		Solid alignment 1 1152 | 3492532 3491381 | 1152 1152 | 100.0 | bs_ill_bs_contig839 contig_92
		Solid alignment 674 552243 | 4045588 3494183 | 551570 551406 | 99.97 | bs_ill_bs_contig2 contig_92
			Skipping alignments located inside solid regions since they are redundant:
		Skipping redundant alignment 1 138 | 592830 592967 | 138 138 | 99.28 | bs_ill_bs_contig9 contig_92
		Skipping redundant alignment 256 437 | 593103 593284 | 182 182 | 90.66 | bs_ill_bs_contig9 contig_92
		Skipping redundant alignment 487 557 | 598275 598345 | 71 71 | 92.96 | bs_ill_bs_contig9 contig_92
		Skipping redundant alignment 342 430 | 1507578 1507666 | 89 89 | 100.0 | bs_ill_bs_contig3 contig_92
			Looking for the best set of alignments (out of 148 total alignments)
		Ambiguity for this contig is not checked for speed up (too much alignments and --ambiguity-usage is "one")
			Skipping redundant alignments after choosing the best set of alignments
		Skipping redundant alignment 341 430 | 3488042 3487953 | 90 90 | 98.89 | bs_ill_bs_contig3 contig_92
		Skipping redundant alignment 149 320 | 433705 433876 | 172 172 | 100.0 | bs_ill_bs_contig10 contig_92
		Skipping redundant alignment 155994 156067 | 593904 593977 | 74 74 | 94.59 | bs_ill_bs_contig10 contig_92
		Skipping redundant alignment 262 442 | 593865 594045 | 181 181 | 92.27 | bs_ill_bs_contig9 contig_92
		Skipping redundant alignment 70 297 | 3493355 3493582 | 228 228 | 100.0 | bs_ill_bs_contig18 contig_92
		Skipping redundant alignment 98992 99064 | 3494113 3494041 | 73 73 | 100.0 | bs_ill_bs_contig3 contig_92
		Skipping redundant alignment 103890 103965 | 3494115 3494040 | 76 76 | 100.0 | bs_ill_bs_contig12 contig_92
		Skipping redundant alignment 156834 156912 | 595230 595308 | 79 79 | 92.41 | bs_ill_bs_contig10 contig_92
		Skipping redundant alignment 1 120 | 596052 596171 | 120 120 | 99.17 | bs_ill_bs_contig9 contig_92
		Skipping redundant alignment 156810 156939 | 596430 596559 | 130 130 | 100.0 | bs_ill_bs_contig10 contig_92
		Skipping redundant alignment 445 517 | 596505 596577 | 73 73 | 100.0 | bs_ill_bs_contig9 contig_92
		Skipping redundant alignment 262 449 | 596511 596698 | 188 188 | 92.55 | bs_ill_bs_contig9 contig_92
		Skipping redundant alignment 156823 156913 | 597424 597514 | 91 91 | 92.31 | bs_ill_bs_contig10 contig_92
		Skipping redundant alignment 156456 156553 | 597786 597883 | 98 98 | 100.0 | bs_ill_bs_contig10 contig_92
		Skipping redundant alignment 99074 99348 | 1500609 1500883 | 275 275 | 100.0 | bs_ill_bs_contig3 contig_92
		Skipping redundant alignment 73 297 | 1501473 1501249 | 225 225 | 99.11 | bs_ill_bs_contig18 contig_92
		Skipping redundant alignment 7557 7656 | 1501582 1501483 | 100 100 | 99.0 | bs_ill_bs_contig21 contig_92
		Skipping redundant alignment 34895 34972 | 1501741 1501664 | 78 78 | 100.0 | bs_ill_bs_contig15 contig_92
		Skipping redundant alignment 524 601 | 1501930 1502007 | 78 78 | 100.0 | bs_ill_bs_contig3 contig_92
		Skipping redundant alignment 219 297 | 2519929 2519851 | 79 79 | 100.0 | bs_ill_bs_contig18 contig_92
		Skipping redundant alignment 34982 35054 | 2520083 2520011 | 73 73 | 100.0 | bs_ill_bs_contig15 contig_92
		Skipping redundant alignment 99073 99146 | 2520010 2520083 | 74 74 | 100.0 | bs_ill_bs_contig3 contig_92
		Skipping redundant alignment 18222 18295 | 2520083 2520010 | 74 74 | 100.0 | bs_ill_bs_contig20 contig_92
		Skipping redundant alignment 1 425 | 2580206 2579781 | 425 426 | 99.53 | bs_ill_bs_contig3 contig_92
		Skipping redundant alignment 1 274 | 2584414 2584687 | 274 274 | 100.0 | bs_ill_bs_contig13 contig_92
		Skipping redundant alignment 328 450 | 2584822 2584944 | 123 123 | 100.0 | bs_ill_bs_contig13 contig_92
		Skipping redundant alignment 99271 99341 | 3493067 3492997 | 71 71 | 95.77 | bs_ill_bs_contig3 contig_92
		Skipping redundant alignment 1 115 | 2605478 2605592 | 115 115 | 98.26 | bs_ill_bs_contig21 contig_92
		Skipping redundant alignment 99073 99146 | 3493272 3493199 | 74 74 | 100.0 | bs_ill_bs_contig3 contig_92
		Skipping redundant alignment 521 601 | 2666316 2666236 | 81 81 | 100.0 | bs_ill_bs_contig3 contig_92
		Skipping redundant alignment 299 374 | 2736349 2736424 | 76 76 | 100.0 | bs_ill_bs_contig1326 contig_92
		Skipping redundant alignment 104 170 | 2741850 2741784 | 67 67 | 91.04 | bs_ill_bs_contig16 contig_92
		Skipping redundant alignment 1 500 | 2746260 2746760 | 500 501 | 98.61 | bs_ill_bs_contig13 contig_92
			The best set is below. Score: 4022758.5, number of alignments: 115, unaligned bases: 12133
		This contig is misassembled.
		This contig is partially unaligned. (Aligned 4033455 out of 4045588 non-N bases (99.70%))
			Real Alignment 1: 1 659 | 659 1 | 659 659 | 99.39 | bs_ill_bs_contig2 contig_92
			  Not a misassembly [fragmentation of reference genome] between these two alignments
			Excluding internal overlap of size 55 between Alignment 2 and 3: 708430 709047 | 1278 661 | 618 618 --> 708485 709047 | 1223 661 | 563 563
			Real Alignment 2: 708485 709047 | 1223 661 | 563 563 | 99.84 | bs_ill_bs_contig1 contig_92
			  Extensive misassembly (translocation) between these two alignments
			Excluding internal overlap of size 114 between Alignment 3 and 4: 708435 709047 | 24351 24963 | 613 613 --> 708549 709047 | 24465 24963 | 499 499
			Real Alignment 3: 1 23242 | 1224 24464 | 23242 23241 | 100.0 | bs_ill_bs_contig19 contig_92
			  Extensive misassembly (translocation) between these two alignments
			Real Alignment 4: 708549 709047 | 24465 24963 | 499 499 | 98.69 | bs_ill_bs_contig1 contig_92
			  Not a misassembly [fragmentation of reference genome] between these two alignments
			Excluding internal overlap of size 99 between Alignment 5 and 6: 1 673 | 24965 25637 | 673 673 --> 1 574 | 24965 25538 | 574 574
			Real Alignment 5: 1 574 | 24965 25538 | 574 574 | 97.62 | bs_ill_bs_contig2 contig_92
			  Extensive misassembly (translocation) between these two alignments
			Excluding internal overlap of size 55 between Alignment 6 and 7: 708461 709047 | 162674 163260 | 587 587 --> 708516 709047 | 162729 163260 | 532 532
			Real Alignment 6: 1 137190 | 162728 25539 | 137190 137190 | 100.0 | bs_ill_bs_contig11 contig_92
			  Extensive misassembly (translocation) between these two alignments
			Real Alignment 7: 708516 709047 | 162729 163260 | 532 532 | 98.81 | bs_ill_bs_contig1 contig_92
			  Not a misassembly [fragmentation of reference genome] between these two alignments
			Excluding internal overlap of size 72 between Alignment 8 and 9: 1 671 | 163262 163932 | 671 671 --> 1 599 | 163262 163860 | 599 599
			Real Alignment 8: 1 599 | 163262 163860 | 599 599 | 98.06 | bs_ill_bs_contig2 contig_92
			  Extensive misassembly (translocation) between these two alignments
			Real Alignment 9: 1 269408 | 163861 433267 | 269408 269407 | 100.0 | bs_ill_bs_contig6 contig_92
			  Not a misassembly [fragmentation of reference genome] between these two alignments
			Real Alignment 10: 1 2262 | 436083 433822 | 2262 2262 | 100.0 | bs_ill_bs_contig411 contig_92
			  Not a misassembly [fragmentation of reference genome] between these two alignments
			Real Alignment 11: 1 156862 | 436462 593323 | 156862 156862 | 99.86 | bs_ill_bs_contig10 contig_92
			  Gap between these two alignments (local misassembly). Inconsistency = -513
			Real Alignment 12: 156590 156939 | 593564 593913 | 350 350 | 100.0 | bs_ill_bs_contig10 contig_92
			  Gap between these two alignments (local misassembly). Inconsistency = -927
			Real Alignment 13: 156077 156223 | 593978 594124 | 147 147 | 97.96 | bs_ill_bs_contig10 contig_92
			  Gap between these two alignments (local misassembly). Inconsistency = -378
			Real Alignment 14: 155978 156197 | 594257 594476 | 220 220 | 99.55 | bs_ill_bs_contig10 contig_92
			  Indel (> 5bp) between these two alignments: deletion of length 36; 0 mismatches (number of Ns: 0)
			Real Alignment 15: 156234 156335 | 594477 594578 | 102 102 | 93.14 | bs_ill_bs_contig10 contig_92
			  Gap between these two alignments (local misassembly). Inconsistency = -153
			Excluding internal overlap of size 40 between Alignment 16 and 17: 156423 156826 | 594819 595222 | 404 404 --> 156423 156786 | 594819 595182 | 364 364
			Real Alignment 16: 156423 156786 | 594819 595182 | 364 364 | 92.08 | bs_ill_bs_contig10 contig_92
			  Extensive misassembly (translocation) between these two alignments
			Real Alignment 17: 59 507 | 595622 595183 | 449 440 | 97.77 | bs_ill_bs_contig1250 contig_92
			  Extensive misassembly (translocation) between these two alignments
			Real Alignment 18: 156140 156408 | 595859 596127 | 269 269 | 96.28 | bs_ill_bs_contig10 contig_92
			  Gap between these two alignments (local misassembly). Inconsistency = 243
			Real Alignment 19: 156684 156751 | 596160 596227 | 68 68 | 98.53 | bs_ill_bs_contig10 contig_92
			  Gap between these two alignments (local misassembly). Inconsistency = -747
			Real Alignment 20: 156140 156290 | 596363 596513 | 151 151 | 94.7 | bs_ill_bs_contig10 contig_92
			  Gap between these two alignments (local misassembly). Inconsistency = -333
			Real Alignment 21: 155994 156223 | 596550 596779 | 230 230 | 96.52 | bs_ill_bs_contig10 contig_92
			  Gap between these two alignments (local misassembly). Inconsistency = -378
			Excluding internal overlap of size 88 between Alignment 22 and 23: 155978 156223 | 596912 597157 | 246 246 --> 155978 156135 | 596912 597069 | 158 158
			Real Alignment 22: 155978 156135 | 596912 597069 | 158 158 | 98.37 | bs_ill_bs_contig10 contig_92
			  Extensive misassembly (translocation) between these two alignments
			Real Alignment 23: 1 609 | 597678 597070 | 609 609 | 100.0 | bs_ill_bs_contig1250 contig_92
			  Gap between these two alignments (local misassembly). Inconsistency = 33 [fragmentation of reference genome]
			Excluding internal overlap of size 13 between Alignment 24 and 25: 34 342 | 597786 598094 | 309 309 --> 34 329 | 597786 598081 | 296 296
			Real Alignment 24: 34 329 | 597786 598081 | 296 296 | 99.03 | bs_ill_bs_contig9 contig_92
			  Overlap between these two alignments (local misassembly). Inconsistency = -216
			Excluding internal overlap of size 55 between Alignment 25 and 26: 708434 709047 | 850600 851213 | 614 614 --> 708489 709047 | 850655 851213 | 559 559
			Real Alignment 25: 114 252570 | 598082 850654 | 252457 252573 | 99.94 | bs_ill_bs_contig9 contig_92
			  Extensive misassembly (translocation) between these two alignments
			Real Alignment 26: 708489 709047 | 850655 851213 | 559 559 | 99.84 | bs_ill_bs_contig1 contig_92
			  Not a misassembly [fragmentation of reference genome] between these two alignments
			Excluding internal overlap of size 56 between Alignment 27 and 28: 1 674 | 851215 851888 | 674 674 --> 1 618 | 851215 851832 | 618 618
			Real Alignment 27: 1 618 | 851215 851832 | 618 618 | 99.26 | bs_ill_bs_contig2 contig_92
			  Extensive misassembly (translocation) between these two alignments
			Excluding internal overlap of size 74 between Alignment 28 and 29: 1 673 | 1146814 1146141 | 673 674 --> 1 599 | 1146814 1146215 | 599 600
			Real Alignment 28: 1 294381 | 851833 1146214 | 294381 294382 | 100.0 | bs_ill_bs_contig5 contig_92
			  Extensive misassembly (translocation) between these two alignments
			Real Alignment 29: 1 599 | 1146814 1146215 | 599 600 | 99.11 | bs_ill_bs_contig2 contig_92
			  Not a misassembly [fragmentation of reference genome] between these two alignments
			Excluding internal overlap of size 55 between Alignment 30 and 31: 708435 709047 | 1147428 1146816 | 613 613 --> 708490 709047 | 1147373 1146816 | 558 558
			Real Alignment 30: 708490 709047 | 1147373 1146816 | 558 558 | 100.0 | bs_ill_bs_contig1 contig_92
			  Extensive misassembly (translocation) between these two alignments
			Excluding internal overlap of size 74 between Alignment 31 and 32: 1 673 | 1463038 1462366 | 673 673 --> 1 599 | 1463038 1462440 | 599 599
			Real Alignment 31: 1 315068 | 1462439 1147374 | 315068 315066 | 100.0 | bs_ill_bs_contig4 contig_92
			  Extensive misassembly (translocation) between these two alignments
			Real Alignment 32: 1 599 | 1463038 1462440 | 599 599 | 99.26 | bs_ill_bs_contig2 contig_92
			  Not a misassembly [fragmentation of reference genome] between these two alignments
			Excluding internal overlap of size 55 between Alignment 33 and 34: 708434 709047 | 1463653 1463040 | 614 614 --> 708489 709047 | 1463598 1463040 | 559 559
			Real Alignment 33: 708489 709047 | 1463598 1463040 | 559 559 | 99.84 | bs_ill_bs_contig1 contig_92
			  Extensive misassembly (translocation) between these two alignments
			Real Alignment 34: 1 37065 | 1463599 1500663 | 37065 37065 | 100.0 | bs_ill_bs_contig17 contig_92
			  Not a misassembly [fragmentation of reference genome] between these two alignments
			Real Alignment 35: 1 536 | 1502463 1501955 | 536 509 | 90.26 | bs_ill_bs_contig1326 contig_92
			  Extensive misassembly (translocation) between these two alignments
			Real Alignment 36: 328 453 | 1502733 1502608 | 126 126 | 100.0 | bs_ill_bs_contig13 contig_92
			  Gap between these two alignments (local misassembly). Inconsistency = -81
			Excluding internal overlap of size 55 between Alignment 37 and 38: 1 274 | 1503141 1502868 | 274 274 --> 56 274 | 1503086 1502868 | 219 219
			Real Alignment 37: 56 274 | 1503086 1502868 | 219 219 | 100.0 | bs_ill_bs_contig13 contig_92
			  Indel (> 5bp) between these two alignments: deletion of length 55; 0 mismatches (number of Ns: 0) [fragmentation of reference genome]
			Real Alignment 38: 1 1152 | 1503087 1504238 | 1152 1152 | 100.0 | bs_ill_bs_contig839 contig_92
			  Not a misassembly [fragmentation of reference genome] between these two alignments
			Real Alignment 39: 1 911 | 1504240 1505150 | 911 911 | 100.0 | bs_ill_bs_contig991 contig_92
			  Not a misassembly [fragmentation of reference genome] between these two alignments
			Real Alignment 40: 1 722 | 1505873 1505152 | 722 722 | 100.0 | bs_ill_bs_contig1146 contig_92
			  Not a misassembly [fragmentation of reference genome] between these two alignments
			Excluding internal overlap of size 55 between Alignment 41 and 42: 1 341 | 1507172 1507512 | 341 341 --> 56 341 | 1507227 1507512 | 286 286
			Real Alignment 41: 1 982 | 1507226 1506245 | 982 982 | 100.0 | bs_ill_bs_contig933 contig_92
			  Indel (> 5bp) between these two alignments: deletion of length 55; 0 mismatches (number of Ns: 0) [fragmentation of reference genome]
			Real Alignment 42: 56 341 | 1507227 1507512 | 286 286 | 100.0 | bs_ill_bs_contig3 contig_92
			  Extensive misassembly (translocation) between these two alignments
			Excluding internal overlap of size 55 between Alignment 43 and 44: 708435 709047 | 1545828 1546440 | 613 613 --> 708490 709047 | 1545883 1546440 | 558 558
			Real Alignment 43: 1 38370 | 1507513 1545882 | 38370 38370 | 100.0 | bs_ill_bs_contig16 contig_92
			  Extensive misassembly (translocation) between these two alignments
			Real Alignment 44: 708490 709047 | 1545883 1546440 | 558 558 | 99.84 | bs_ill_bs_contig1 contig_92
			  Not a misassembly [fragmentation of reference genome] between these two alignments
			Excluding internal overlap of size 53 between Alignment 45 and 46: 1 673 | 1546442 1547114 | 673 673 --> 1 620 | 1546442 1547061 | 620 620
			Real Alignment 45: 1 620 | 1546442 1547061 | 620 620 | 99.11 | bs_ill_bs_contig2 contig_92
			  Extensive misassembly (translocation) between these two alignments
			Excluding internal overlap of size 74 between Alignment 46 and 47: 1 673 | 1810869 1810197 | 673 673 --> 1 599 | 1810869 1810271 | 599 599
			Real Alignment 46: 1 263211 | 1547062 1810270 | 263211 263209 | 100.0 | bs_ill_bs_contig7 contig_92
			  Extensive misassembly (translocation) between these two alignments
			Real Alignment 47: 1 599 | 1810869 1810271 | 599 599 | 99.41 | bs_ill_bs_contig2 contig_92
			  Not a misassembly [fragmentation of reference genome] between these two alignments
			Real Alignment 48: 1 709047 | 2519798 1810871 | 709047 708928 | 99.98 | bs_ill_bs_contig1 contig_92
			  Not a misassembly [fragmentation of reference genome] between these two alignments
			Real Alignment 49: 1 59870 | 2520029 2579898 | 59870 59870 | 100.0 | bs_ill_bs_contig14 contig_92
			  Not a misassembly [fragmentation of reference genome] between these two alignments
			Real Alignment 50: 1 982 | 2580152 2581133 | 982 982 | 100.0 | bs_ill_bs_contig933 contig_92
			  Not a misassembly [fragmentation of reference genome] between these two alignments
			Real Alignment 51: 1 722 | 2581682 2582403 | 722 722 | 100.0 | bs_ill_bs_contig1146 contig_92
			  Not a misassembly [fragmentation of reference genome] between these two alignments
			Real Alignment 52: 1 911 | 2583315 2582405 | 911 911 | 100.0 | bs_ill_bs_contig991 contig_92
			  Not a misassembly [fragmentation of reference genome] between these two alignments
			Real Alignment 53: 1 1152 | 2584468 2583317 | 1152 1152 | 100.0 | bs_ill_bs_contig839 contig_92
			  Not a misassembly [fragmentation of reference genome] between these two alignments
			Real Alignment 54: 1 15524 | 2584866 2600389 | 15524 15524 | 100.0 | bs_ill_bs_contig21 contig_92
			  Extensive misassembly (translocation) between these two alignments
			Excluding internal overlap of size 55 between Alignment 55 and 56: 1 342 | 2600818 2600477 | 342 342 --> 56 342 | 2600763 2600477 | 287 287
			Real Alignment 55: 56 342 | 2600763 2600477 | 287 287 | 100.0 | bs_ill_bs_contig3 contig_92
			  Indel (> 5bp) between these two alignments: deletion of length 55; 0 mismatches (number of Ns: 0) [fragmentation of reference genome]
			Real Alignment 56: 1 982 | 2600764 2601745 | 982 982 | 99.9 | bs_ill_bs_contig933 contig_92
			  Not a misassembly [fragmentation of reference genome] between these two alignments
			Real Alignment 57: 1 722 | 2602294 2603015 | 722 722 | 100.0 | bs_ill_bs_contig1146 contig_92
			  Not a misassembly [fragmentation of reference genome] between these two alignments
			Real Alignment 58: 1 911 | 2603927 2603017 | 911 911 | 100.0 | bs_ill_bs_contig991 contig_92
			  Not a misassembly [fragmentation of reference genome] between these two alignments
			Excluding internal overlap of size 55 between Alignment 59 and 60: 1 274 | 2605026 2605299 | 274 274 --> 56 274 | 2605081 2605299 | 219 219
			Real Alignment 59: 1 1152 | 2605080 2603929 | 1152 1152 | 100.0 | bs_ill_bs_contig839 contig_92
			  Indel (> 5bp) between these two alignments: deletion of length 55; 0 mismatches (number of Ns: 0) [fragmentation of reference genome]
			Real Alignment 60: 56 274 | 2605081 2605299 | 219 219 | 100.0 | bs_ill_bs_contig13 contig_92
			  Gap between these two alignments (local misassembly). Inconsistency = -81
			Excluding internal overlap of size 55 between Alignment 61 and 62: 328 450 | 2605434 2605556 | 123 123 --> 328 395 | 2605434 2605501 | 68 68
			Real Alignment 61: 328 395 | 2605434 2605501 | 68 68 | 100.0 | bs_ill_bs_contig13 contig_92
			  Extensive misassembly (translocation) between these two alignments
			Real Alignment 62: 1 55215 | 2605502 2660716 | 55215 55215 | 100.0 | bs_ill_bs_contig15 contig_92
			  Extensive misassembly (translocation) between these two alignments
			Excluding internal overlap of size 55 between Alignment 63 and 64: 1 341 | 2661152 2660812 | 341 341 --> 56 341 | 2661097 2660812 | 286 286
			Real Alignment 63: 56 341 | 2661097 2660812 | 286 286 | 100.0 | bs_ill_bs_contig3 contig_92
			  Indel (> 5bp) between these two alignments: deletion of length 55; 0 mismatches (number of Ns: 0) [fragmentation of reference genome]
			Real Alignment 64: 1 982 | 2661098 2662079 | 982 982 | 100.0 | bs_ill_bs_contig933 contig_92
			  Not a misassembly [fragmentation of reference genome] between these two alignments
			Real Alignment 65: 1 722 | 2662451 2663172 | 722 722 | 100.0 | bs_ill_bs_contig1146 contig_92
			  Not a misassembly [fragmentation of reference genome] between these two alignments
			Real Alignment 66: 1 911 | 2664084 2663174 | 911 911 | 100.0 | bs_ill_bs_contig991 contig_92
			  Not a misassembly [fragmentation of reference genome] between these two alignments
			Excluding internal overlap of size 55 between Alignment 67 and 68: 1 453 | 2665183 2665636 | 453 454 --> 56 453 | 2665238 2665636 | 398 399
			Real Alignment 67: 1 1152 | 2665237 2664086 | 1152 1152 | 100.0 | bs_ill_bs_contig839 contig_92
			  Indel (> 5bp) between these two alignments: deletion of length 55; 0 mismatches (number of Ns: 0) [fragmentation of reference genome]
			Real Alignment 68: 56 453 | 2665238 2665636 | 398 399 | 99.78 | bs_ill_bs_contig13 contig_92
			  Extensive misassembly (translocation) between these two alignments
			Real Alignment 69: 1 536 | 2665753 2666288 | 536 536 | 100.0 | bs_ill_bs_contig1326 contig_92
			  Extensive misassembly (translocation) between these two alignments
			Excluding internal overlap of size 55 between Alignment 70 and 71: 1 341 | 2667075 2666735 | 341 341 --> 56 341 | 2667020 2666735 | 286 286
			Real Alignment 70: 56 341 | 2667020 2666735 | 286 286 | 100.0 | bs_ill_bs_contig3 contig_92
			  Indel (> 5bp) between these two alignments: deletion of length 55; 0 mismatches (number of Ns: 0) [fragmentation of reference genome]
			Real Alignment 71: 1 982 | 2667021 2668002 | 982 982 | 100.0 | bs_ill_bs_contig933 contig_92
			  Not a misassembly [fragmentation of reference genome] between these two alignments
			Real Alignment 72: 1 722 | 2668374 2669095 | 722 722 | 100.0 | bs_ill_bs_contig1146 contig_92
			  Not a misassembly [fragmentation of reference genome] between these two alignments
			Real Alignment 73: 1 911 | 2670007 2669097 | 911 911 | 100.0 | bs_ill_bs_contig991 contig_92
			  Not a misassembly [fragmentation of reference genome] between these two alignments
			Excluding internal overlap of size 55 between Alignment 74 and 75: 1 1152 | 2671160 2670009 | 1152 1152 --> 56 1152 | 2671105 2670009 | 1097 1097
			Real Alignment 74: 56 1152 | 2671105 2670009 | 1097 1097 | 100.0 | bs_ill_bs_contig839 contig_92
			  Indel (> 5bp) between these two alignments: deletion of length 55; 0 mismatches (number of Ns: 0) [fragmentation of reference genome]
			Excluding internal overlap of size 55 between Alignment 75 and 76: 1 430 | 2731617 2731188 | 430 430 --> 1 375 | 2731617 2731243 | 375 375
			Real Alignment 75: 1 60136 | 2671106 2731242 | 60136 60137 | 100.0 | bs_ill_bs_contig13 contig_92
			  Extensive misassembly (translocation) between these two alignments
			Excluding internal overlap of size 55 between Alignment 76 and 77: 1 375 | 2731617 2731243 | 375 375 --> 56 375 | 2731562 2731243 | 320 320
			Real Alignment 76: 56 375 | 2731562 2731243 | 320 320 | 99.77 | bs_ill_bs_contig3 contig_92
			  Indel (> 5bp) between these two alignments: deletion of length 55; 0 mismatches (number of Ns: 0) [fragmentation of reference genome]
			Real Alignment 77: 1 982 | 2731563 2732543 | 982 981 | 99.9 | bs_ill_bs_contig933 contig_92
			  Not a misassembly [fragmentation of reference genome] between these two alignments
			Real Alignment 78: 1 722 | 2732915 2733636 | 722 722 | 100.0 | bs_ill_bs_contig1146 contig_92
			  Not a misassembly [fragmentation of reference genome] between these two alignments
			Real Alignment 79: 1 911 | 2734548 2733638 | 911 911 | 100.0 | bs_ill_bs_contig991 contig_92
			  Not a misassembly [fragmentation of reference genome] between these two alignments
			Excluding internal overlap of size 55 between Alignment 80 and 81: 1 449 | 2735647 2736095 | 449 449 --> 56 449 | 2735702 2736095 | 394 394
			Real Alignment 80: 1 1152 | 2735701 2734550 | 1152 1152 | 100.0 | bs_ill_bs_contig839 contig_92
			  Indel (> 5bp) between these two alignments: deletion of length 55; 0 mismatches (number of Ns: 0) [fragmentation of reference genome]
			Real Alignment 81: 56 449 | 2735702 2736095 | 394 394 | 99.78 | bs_ill_bs_contig13 contig_92
			  Extensive misassembly (translocation) between these two alignments
			Real Alignment 82: 521 601 | 2736537 2736457 | 81 81 | 100.0 | bs_ill_bs_contig3 contig_92
			  Gap between these two alignments (local misassembly). Inconsistency = -171
			Excluding internal overlap of size 55 between Alignment 83 and 84: 1 430 | 2737229 2736799 | 430 431 --> 56 430 | 2737174 2736799 | 375 376
			Real Alignment 83: 56 430 | 2737174 2736799 | 375 376 | 99.54 | bs_ill_bs_contig3 contig_92
			  Indel (> 5bp) between these two alignments: deletion of length 55; 0 mismatches (number of Ns: 0) [fragmentation of reference genome]
			Real Alignment 84: 1 982 | 2737175 2738156 | 982 982 | 100.0 | bs_ill_bs_contig933 contig_92
			  Not a misassembly [fragmentation of reference genome] between these two alignments
			Real Alignment 85: 1 722 | 2738528 2739249 | 722 722 | 100.0 | bs_ill_bs_contig1146 contig_92
			  Not a misassembly [fragmentation of reference genome] between these two alignments
			Real Alignment 86: 1 911 | 2740161 2739251 | 911 911 | 100.0 | bs_ill_bs_contig991 contig_92
			  Not a misassembly [fragmentation of reference genome] between these two alignments
			Excluding internal overlap of size 55 between Alignment 87 and 88: 1 453 | 2741260 2741712 | 453 453 --> 56 453 | 2741315 2741712 | 398 398
			Real Alignment 87: 1 1152 | 2741314 2740163 | 1152 1152 | 100.0 | bs_ill_bs_contig839 contig_92
			  Indel (> 5bp) between these two alignments: deletion of length 55; 0 mismatches (number of Ns: 0) [fragmentation of reference genome]
			Real Alignment 88: 56 453 | 2741315 2741712 | 398 398 | 100.0 | bs_ill_bs_contig13 contig_92
			  Extensive misassembly (translocation) between these two alignments
			Excluding internal overlap of size 55 between Alignment 89 and 90: 1 430 | 2742230 2741800 | 430 431 --> 56 430 | 2742175 2741800 | 375 376
			Real Alignment 89: 56 430 | 2742175 2741800 | 375 376 | 99.54 | bs_ill_bs_contig3 contig_92
			  Indel (> 5bp) between these two alignments: deletion of length 55; 0 mismatches (number of Ns: 0) [fragmentation of reference genome]
			Real Alignment 90: 1 982 | 2742176 2743156 | 982 981 | 99.9 | bs_ill_bs_contig933 contig_92
			  Not a misassembly [fragmentation of reference genome] between these two alignments
			Real Alignment 91: 1 722 | 2743528 2744249 | 722 722 | 100.0 | bs_ill_bs_contig1146 contig_92
			  Not a misassembly [fragmentation of reference genome] between these two alignments
			Real Alignment 92: 1 911 | 2745161 2744251 | 911 911 | 99.89 | bs_ill_bs_contig991 contig_92
			  Not a misassembly [fragmentation of reference genome] between these two alignments
			Real Alignment 93: 1 1152 | 2746314 2745163 | 1152 1152 | 100.0 | bs_ill_bs_contig839 contig_92
			  Not a misassembly [fragmentation of reference genome] between these two alignments
			Real Alignment 94: 1 18355 | 2746528 2764879 | 18355 18352 | 99.97 | bs_ill_bs_contig20 contig_92
			  Not a misassembly [fragmentation of reference genome] between these two alignments
			Excluding internal overlap of size 55 between Alignment 95 and 96: 708434 709047 | 2868998 2869611 | 614 614 --> 708489 709047 | 2869053 2869611 | 559 559
			Real Alignment 95: 1 104023 | 2869052 2765033 | 104023 104020 | 100.0 | bs_ill_bs_contig12 contig_92
			  Extensive misassembly (translocation) between these two alignments
			Real Alignment 96: 708489 709047 | 2869053 2869611 | 559 559 | 99.84 | bs_ill_bs_contig1 contig_92
			  Not a misassembly [fragmentation of reference genome] between these two alignments
			Excluding internal overlap of size 74 between Alignment 97 and 98: 1 673 | 2869613 2870285 | 673 673 --> 1 599 | 2869613 2870211 | 599 599
			Real Alignment 97: 1 599 | 2869613 2870211 | 599 599 | 99.26 | bs_ill_bs_contig2 contig_92
			  Extensive misassembly (translocation) between these two alignments
			Excluding internal overlap of size 55 between Alignment 98 and 99: 1 982 | 3195627 3196608 | 982 982 --> 56 982 | 3195682 3196608 | 927 927
			Real Alignment 98: 1 325319 | 3195681 2870212 | 325319 325470 | 99.94 | bs_ill_bs_contig3 contig_92
			  Indel (> 5bp) between these two alignments: deletion of length 55; 0 mismatches (number of Ns: 0) [fragmentation of reference genome]
			Real Alignment 99: 56 982 | 3195682 3196608 | 927 927 | 100.0 | bs_ill_bs_contig933 contig_92
			  Not a misassembly [fragmentation of reference genome] between these two alignments
			Real Alignment 100: 1 722 | 3196980 3197701 | 722 722 | 100.0 | bs_ill_bs_contig1146 contig_92
			  Not a misassembly [fragmentation of reference genome] between these two alignments
			Real Alignment 101: 1 911 | 3198613 3197703 | 911 911 | 100.0 | bs_ill_bs_contig991 contig_92
			  Not a misassembly [fragmentation of reference genome] between these two alignments
			Excluding internal overlap of size 55 between Alignment 102 and 103: 1 448 | 3199712 3200159 | 448 448 --> 56 448 | 3199767 3200159 | 393 393
			Real Alignment 102: 1 1152 | 3199766 3198615 | 1152 1152 | 99.91 | bs_ill_bs_contig839 contig_92
			  Indel (> 5bp) between these two alignments: deletion of length 55; 0 mismatches (number of Ns: 0) [fragmentation of reference genome]
			Excluding internal overlap of size 55 between Alignment 103 and 104: 56 448 | 3199767 3200159 | 393 393 --> 56 393 | 3199767 3200104 | 338 338
			Real Alignment 103: 56 393 | 3199767 3200104 | 338 338 | 100.0 | bs_ill_bs_contig13 contig_92
			  Extensive misassembly (translocation) between these two alignments
			Excluding internal overlap of size 55 between Alignment 104 and 105: 708435 709047 | 3229744 3230356 | 613 613 --> 708490 709047 | 3229799 3230356 | 558 558
			Real Alignment 104: 1 29697 | 3200105 3229798 | 29697 29694 | 99.96 | bs_ill_bs_contig18 contig_92
			  Extensive misassembly (translocation) between these two alignments
			Real Alignment 105: 708490 709047 | 3229799 3230356 | 558 558 | 99.84 | bs_ill_bs_contig1 contig_92
			  Not a misassembly [fragmentation of reference genome] between these two alignments
			Excluding internal overlap of size 74 between Alignment 106 and 107: 1 673 | 3230358 3231030 | 673 673 --> 1 599 | 3230358 3230956 | 599 599
			Real Alignment 106: 1 599 | 3230358 3230956 | 599 599 | 99.11 | bs_ill_bs_contig2 contig_92
			  Extensive misassembly (translocation) between these two alignments
			Real Alignment 107: 1 257004 | 3230957 3488007 | 257004 257051 | 99.98 | bs_ill_bs_contig8 contig_92
			  Extensive misassembly (translocation) between these two alignments
			Excluding internal overlap of size 55 between Alignment 108 and 109: 1 340 | 3488447 3488108 | 340 340 --> 56 340 | 3488392 3488108 | 285 285
			Real Alignment 108: 56 340 | 3488392 3488108 | 285 285 | 100.0 | bs_ill_bs_contig3 contig_92
			  Indel (> 5bp) between these two alignments: deletion of length 55; 0 mismatches (number of Ns: 0) [fragmentation of reference genome]
			Real Alignment 109: 1 982 | 3488393 3489374 | 982 982 | 100.0 | bs_ill_bs_contig933 contig_92
			  Not a misassembly [fragmentation of reference genome] between these two alignments
			Real Alignment 110: 1 722 | 3489746 3490467 | 722 722 | 100.0 | bs_ill_bs_contig1146 contig_92
			  Not a misassembly [fragmentation of reference genome] between these two alignments
			Real Alignment 111: 1 911 | 3491379 3490469 | 911 911 | 99.89 | bs_ill_bs_contig991 contig_92
			  Not a misassembly [fragmentation of reference genome] between these two alignments
			Excluding internal overlap of size 55 between Alignment 112 and 113: 1 319 | 3492478 3492797 | 319 320 --> 56 319 | 3492533 3492797 | 264 265
			Real Alignment 112: 1 1152 | 3492532 3491381 | 1152 1152 | 100.0 | bs_ill_bs_contig839 contig_92
			  Indel (> 5bp) between these two alignments: deletion of length 55; 0 mismatches (number of Ns: 0) [fragmentation of reference genome]
			Real Alignment 113: 56 319 | 3492533 3492797 | 264 265 | 99.69 | bs_ill_bs_contig13 contig_92
			  Extensive misassembly (translocation) between these two alignments
			Real Alignment 114: 18222 18355 | 3493199 3493332 | 134 134 | 100.0 | bs_ill_bs_contig20 contig_92
			  Not a misassembly [fragmentation of reference genome] between these two alignments
			Real Alignment 115: 674 552243 | 4045588 3494183 | 551570 551406 | 99.97 | bs_ill_bs_contig2 contig_92
		Unaligned bases: 12133

CONTIG: contig_2 (2845425bp)
Best alignment score: 971.1 (LEN: 1052, IDY: 92.31), Total number of alignments: 38
			Looking for the best set of alignments (out of 38 total alignments)
			Skipping redundant alignments after choosing the best set of alignments
		Skipping redundant alignment 18222 18295 | 609546 609619 | 74 74 | 98.65 | bs_ill_bs_contig20 contig_2
		Skipping redundant alignment 103891 103967 | 610281 610205 | 77 77 | 97.4 | bs_ill_bs_contig12 contig_2
		Skipping redundant alignment 9 171 | 2391791 2391953 | 163 163 | 93.25 | bs_ill_bs_contig13 contig_2
		Skipping redundant alignment 99180 99264 | 2837742 2837658 | 85 85 | 96.47 | bs_ill_bs_contig3 contig_2
		Skipping redundant alignment 99074 99146 | 2837830 2837758 | 73 73 | 98.63 | bs_ill_bs_contig3 contig_2
		This contig has several significant sets of alignments. [An ambiguously mapped contig]
		Using only the very best set (option --ambiguity-usage is set to "one").
			The best set is below. Score: 9091.3, number of alignments: 33, unaligned bases: 2832640
		This contig is misassembled.
		This contig is partially unaligned. (Aligned 12785 out of 2845425 non-N bases (0.45%))
			Warning! This contig is more unaligned than misassembled. Contig length is 2845425 (number of Ns: 0) and total length of all aligns is 12785
		Alignment: 1 965 | 604599 605562 | 965 964 | 93.89 | bs_ill_bs_contig933 contig_2
		Alignment: 95 215 | 606204 606324 | 121 121 | 92.56 | bs_ill_bs_contig1146 contig_2
		Alignment: 483 720 | 606584 606821 | 238 238 | 93.28 | bs_ill_bs_contig1146 contig_2
		Alignment: 666 889 | 607070 606847 | 224 224 | 91.52 | bs_ill_bs_contig991 contig_2
		Alignment: 337 569 | 607400 607168 | 233 233 | 93.56 | bs_ill_bs_contig991 contig_2
		Alignment: 108 329 | 607632 607411 | 222 222 | 91.44 | bs_ill_bs_contig991 contig_2
		Alignment: 1 1065 | 608880 607829 | 1065 1052 | 92.31 | bs_ill_bs_contig839 contig_2
		Alignment: 9 171 | 608834 608996 | 163 163 | 93.25 | bs_ill_bs_contig13 contig_2
		Alignment: 9 171 | 2112844 2112682 | 163 163 | 93.25 | bs_ill_bs_contig13 contig_2
		Alignment: 1 1065 | 2112798 2113849 | 1065 1052 | 92.31 | bs_ill_bs_contig839 contig_2
		Alignment: 108 329 | 2114046 2114267 | 222 222 | 91.44 | bs_ill_bs_contig991 contig_2
		Alignment: 337 569 | 2114278 2114510 | 233 233 | 93.56 | bs_ill_bs_contig991 contig_2
		Alignment: 666 889 | 2114608 2114831 | 224 224 | 91.07 | bs_ill_bs_contig991 contig_2
		Alignment: 483 720 | 2115094 2114857 | 238 238 | 93.28 | bs_ill_bs_contig1146 contig_2
		Alignment: 95 215 | 2115474 2115354 | 121 121 | 93.39 | bs_ill_bs_contig1146 contig_2
		Alignment: 1 965 | 2116977 2116014 | 965 964 | 93.89 | bs_ill_bs_contig933 contig_2
		Alignment: 33226 33297 | 2171631 2171560 | 72 72 | 95.83 | bs_ill_bs_contig13 contig_2
		Alignment: 32338 32486 | 2172519 2172371 | 149 149 | 91.95 | bs_ill_bs_contig13 contig_2
		Alignment: 1 965 | 2387658 2388621 | 965 964 | 93.89 | bs_ill_bs_contig933 contig_2
		Alignment: 95 215 | 2389161 2389281 | 121 121 | 93.39 | bs_ill_bs_contig1146 contig_2
		Alignment: 483 720 | 2389541 2389778 | 238 238 | 93.28 | bs_ill_bs_contig1146 contig_2
		Alignment: 666 889 | 2390027 2389804 | 224 224 | 91.52 | bs_ill_bs_contig991 contig_2
		Alignment: 337 569 | 2390357 2390125 | 233 233 | 93.56 | bs_ill_bs_contig991 contig_2
		Alignment: 108 329 | 2390589 2390368 | 222 222 | 91.44 | bs_ill_bs_contig991 contig_2
		Alignment: 1 1065 | 2391837 2390786 | 1065 1052 | 92.31 | bs_ill_bs_contig839 contig_2
		Alignment: 1 965 | 2830788 2831751 | 965 964 | 93.89 | bs_ill_bs_contig933 contig_2
		Alignment: 95 215 | 2832393 2832513 | 121 121 | 93.39 | bs_ill_bs_contig1146 contig_2
		Alignment: 483 720 | 2832773 2833010 | 238 238 | 93.28 | bs_ill_bs_contig1146 contig_2
		Alignment: 666 889 | 2833259 2833036 | 224 224 | 91.07 | bs_ill_bs_contig991 contig_2
		Alignment: 337 569 | 2833589 2833357 | 233 233 | 93.56 | bs_ill_bs_contig991 contig_2
		Alignment: 108 329 | 2833821 2833600 | 222 222 | 91.44 | bs_ill_bs_contig991 contig_2
		Alignment: 1 1065 | 2835069 2834018 | 1065 1052 | 92.31 | bs_ill_bs_contig839 contig_2
		Alignment: 9 171 | 2835023 2835185 | 163 163 | 93.25 | bs_ill_bs_contig13 contig_2
		Unaligned bases: 2832640

CONTIG: contig_97 (1938102bp)
Best alignment score: 974.4 (LEN: 1054, IDY: 92.45), Total number of alignments: 27
			Looking for the best set of alignments (out of 27 total alignments)
			Skipping redundant alignments after choosing the best set of alignments
		Skipping redundant alignment 766 967 | 842867 843068 | 202 202 | 95.05 | bs_ill_bs_contig933 contig_97
		Skipping redundant alignment 492 714 | 1658298 1658076 | 223 223 | 92.83 | bs_ill_bs_contig1146 contig_97
		Skipping redundant alignment 364 569 | 1657516 1657721 | 206 206 | 90.29 | bs_ill_bs_contig991 contig_97
		Skipping redundant alignment 26 176 | 842128 842278 | 151 151 | 91.39 | bs_ill_bs_contig933 contig_97
		This contig has several significant sets of alignments. [An ambiguously mapped contig]
		Using only the very best set (option --ambiguity-usage is set to "one").
			The best set is below. Score: 4459.7, number of alignments: 23, unaligned bases: 1930326
		This contig is misassembled.
		This contig is partially unaligned. (Aligned 7776 out of 1938102 non-N bases (0.40%))
			Warning! This contig is more unaligned than misassembled. Contig length is 1938102 (number of Ns: 0) and total length of all aligns is 7776
		Alignment: 1 1065 | 65143 66195 | 1065 1053 | 92.26 | bs_ill_bs_contig839 contig_97
		Alignment: 492 714 | 67433 67211 | 223 223 | 92.38 | bs_ill_bs_contig1146 contig_97
		Alignment: 95 211 | 67828 67712 | 117 117 | 94.02 | bs_ill_bs_contig1146 contig_97
		Alignment: 766 967 | 68733 68532 | 202 202 | 95.05 | bs_ill_bs_contig933 contig_97
		Alignment: 26 176 | 69473 69323 | 151 151 | 91.39 | bs_ill_bs_contig933 contig_97
		Alignment: 1 1065 | 142230 143283 | 1065 1054 | 92.45 | bs_ill_bs_contig839 contig_97
		Alignment: 492 714 | 144521 144299 | 223 223 | 92.83 | bs_ill_bs_contig1146 contig_97
		Alignment: 95 211 | 144916 144800 | 117 117 | 94.02 | bs_ill_bs_contig1146 contig_97
		Alignment: 766 967 | 145626 145425 | 202 202 | 95.05 | bs_ill_bs_contig933 contig_97
		Alignment: 26 176 | 146365 146215 | 151 151 | 91.39 | bs_ill_bs_contig933 contig_97
		Alignment: 1 1065 | 177754 178807 | 1065 1054 | 92.36 | bs_ill_bs_contig839 contig_97
		Alignment: 492 714 | 180045 179823 | 223 223 | 92.83 | bs_ill_bs_contig1146 contig_97
		Alignment: 95 211 | 180440 180324 | 117 117 | 93.16 | bs_ill_bs_contig1146 contig_97
		Alignment: 766 967 | 181150 180949 | 202 202 | 95.05 | bs_ill_bs_contig933 contig_97
		Alignment: 26 176 | 181889 181739 | 151 151 | 91.39 | bs_ill_bs_contig933 contig_97
		Alignment: 95 211 | 843777 843893 | 117 117 | 93.16 | bs_ill_bs_contig1146 contig_97
		Alignment: 549 714 | 844230 844395 | 166 166 | 92.17 | bs_ill_bs_contig1146 contig_97
		Alignment: 597 1065 | 845868 845411 | 469 458 | 90.13 | bs_ill_bs_contig839 contig_97
		Alignment: 1 315 | 846463 846149 | 315 315 | 99.05 | bs_ill_bs_contig839 contig_97
		Alignment: 299 371 | 1655339 1655267 | 73 73 | 97.26 | bs_ill_bs_contig1326 contig_97
		Alignment: 1 1065 | 1656009 1657062 | 1065 1054 | 92.45 | bs_ill_bs_contig839 contig_97
		Alignment: 766 967 | 1659409 1659208 | 202 202 | 95.05 | bs_ill_bs_contig933 contig_97
		Alignment: 26 176 | 1660148 1659998 | 151 151 | 91.39 | bs_ill_bs_contig933 contig_97
		Unaligned bases: 1930326

CONTIG: contig_100 (4765370bp)
Best alignment score: 208.0 (LEN: 230, IDY: 90.43), Total number of alignments: 28
			Looking for the best set of alignments (out of 28 total alignments)
			Skipping redundant alignments after choosing the best set of alignments
		Skipping redundant alignment 61 290 | 304198 304427 | 230 230 | 90.43 | bs_ill_bs_contig839 contig_100
		Skipping redundant alignment 707 789 | 304844 304926 | 83 83 | 97.59 | bs_ill_bs_contig839 contig_100
		Skipping redundant alignment 603 728 | 307908 307783 | 126 126 | 92.86 | bs_ill_bs_contig933 contig_100
		Skipping redundant alignment 472 543 | 308038 307967 | 72 72 | 95.83 | bs_ill_bs_contig933 contig_100
		Skipping redundant alignment 61 290 | 1012527 1012756 | 230 230 | 90.43 | bs_ill_bs_contig839 contig_100
		Skipping redundant alignment 707 789 | 1013173 1013255 | 83 83 | 97.59 | bs_ill_bs_contig839 contig_100
		Skipping redundant alignment 603 728 | 1016243 1016118 | 126 126 | 92.86 | bs_ill_bs_contig933 contig_100
		Skipping redundant alignment 472 543 | 1016373 1016302 | 72 72 | 95.83 | bs_ill_bs_contig933 contig_100
		Skipping redundant alignment 472 543 | 1556863 1556934 | 72 72 | 95.83 | bs_ill_bs_contig933 contig_100
		Skipping redundant alignment 603 728 | 1556993 1557118 | 126 126 | 92.86 | bs_ill_bs_contig933 contig_100
		Skipping redundant alignment 707 789 | 1559980 1559898 | 83 83 | 97.59 | bs_ill_bs_contig839 contig_100
		Skipping redundant alignment 61 290 | 1560626 1560397 | 230 230 | 90.43 | bs_ill_bs_contig839 contig_100
		Skipping redundant alignment 472 543 | 1650488 1650559 | 72 72 | 95.83 | bs_ill_bs_contig933 contig_100
		Skipping redundant alignment 603 728 | 1650618 1650743 | 126 126 | 92.86 | bs_ill_bs_contig933 contig_100
		Skipping redundant alignment 707 789 | 1653699 1653617 | 83 83 | 97.59 | bs_ill_bs_contig839 contig_100
		Skipping redundant alignment 61 290 | 1654345 1654116 | 230 230 | 90.43 | bs_ill_bs_contig839 contig_100
		Skipping redundant alignment 472 543 | 1781616 1781687 | 72 72 | 95.83 | bs_ill_bs_contig933 contig_100
		Skipping redundant alignment 603 728 | 1781746 1781871 | 126 126 | 92.86 | bs_ill_bs_contig933 contig_100
		Skipping redundant alignment 472 543 | 1823015 1823086 | 72 72 | 95.83 | bs_ill_bs_contig933 contig_100
		Skipping redundant alignment 603 728 | 1823145 1823270 | 126 126 | 92.86 | bs_ill_bs_contig933 contig_100
		Skipping redundant alignment 472 543 | 2470846 2470917 | 72 72 | 95.83 | bs_ill_bs_contig933 contig_100
		Skipping redundant alignment 603 727 | 2470976 2471100 | 125 125 | 92.8 | bs_ill_bs_contig933 contig_100
		Skipping redundant alignment 707 789 | 2474056 2473974 | 83 83 | 97.59 | bs_ill_bs_contig839 contig_100
		Skipping redundant alignment 61 290 | 2474702 2474473 | 230 230 | 90.43 | bs_ill_bs_contig839 contig_100
			The best set is below. Score: 292.0, number of alignments: 4, unaligned bases: 4764744
		This contig is misassembled.
		This contig is partially unaligned. (Aligned 626 out of 4765370 non-N bases (0.01%))
			Warning! This contig is more unaligned than misassembled. Contig length is 4765370 (number of Ns: 0) and total length of all aligns is 626
		Alignment: 707 789 | 1784733 1784651 | 83 83 | 97.59 | bs_ill_bs_contig839 contig_100
		Alignment: 61 290 | 1785379 1785150 | 230 230 | 90.43 | bs_ill_bs_contig839 contig_100
		Alignment: 707 789 | 1826132 1826050 | 83 83 | 97.59 | bs_ill_bs_contig839 contig_100
		Alignment: 61 290 | 1826778 1826549 | 230 230 | 90.43 | bs_ill_bs_contig839 contig_100
		Unaligned bases: 4764744

CONTIG: contig_99 (4758111bp)
Best alignment score: 208.0 (LEN: 230, IDY: 90.43), Total number of alignments: 28
			Looking for the best set of alignments (out of 28 total alignments)
			Skipping redundant alignments after choosing the best set of alignments
		Skipping redundant alignment 61 290 | 806244 806473 | 230 230 | 90.43 | bs_ill_bs_contig839 contig_99
		Skipping redundant alignment 707 789 | 806890 806972 | 83 83 | 97.59 | bs_ill_bs_contig839 contig_99
		Skipping redundant alignment 582 727 | 809900 809755 | 146 146 | 90.41 | bs_ill_bs_contig933 contig_99
		Skipping redundant alignment 472 543 | 810009 809938 | 72 72 | 95.83 | bs_ill_bs_contig933 contig_99
		Skipping redundant alignment 61 290 | 1472510 1472739 | 230 230 | 90.43 | bs_ill_bs_contig839 contig_99
		Skipping redundant alignment 707 789 | 1473156 1473238 | 83 83 | 97.59 | bs_ill_bs_contig839 contig_99
		Skipping redundant alignment 582 727 | 1476166 1476021 | 146 146 | 90.41 | bs_ill_bs_contig933 contig_99
		Skipping redundant alignment 472 543 | 1476275 1476204 | 72 72 | 95.83 | bs_ill_bs_contig933 contig_99
		Skipping redundant alignment 472 543 | 1992719 1992790 | 72 72 | 95.83 | bs_ill_bs_contig933 contig_99
		Skipping redundant alignment 582 727 | 1992828 1992973 | 146 146 | 90.41 | bs_ill_bs_contig933 contig_99
		Skipping redundant alignment 707 789 | 1995997 1995915 | 83 83 | 97.59 | bs_ill_bs_contig839 contig_99
		Skipping redundant alignment 61 290 | 1996643 1996414 | 230 230 | 90.43 | bs_ill_bs_contig839 contig_99
		Skipping redundant alignment 472 543 | 2087807 2087878 | 72 72 | 95.83 | bs_ill_bs_contig933 contig_99
		Skipping redundant alignment 582 727 | 2087916 2088061 | 146 146 | 90.41 | bs_ill_bs_contig933 contig_99
		Skipping redundant alignment 707 789 | 2090926 2090844 | 83 83 | 97.59 | bs_ill_bs_contig839 contig_99
		Skipping redundant alignment 61 290 | 2091572 2091343 | 230 230 | 90.43 | bs_ill_bs_contig839 contig_99
		Skipping redundant alignment 472 543 | 2243042 2243113 | 72 72 | 95.83 | bs_ill_bs_contig933 contig_99
		Skipping redundant alignment 582 727 | 2243151 2243296 | 146 146 | 90.41 | bs_ill_bs_contig933 contig_99
		Skipping redundant alignment 472 543 | 2285957 2286028 | 72 72 | 95.83 | bs_ill_bs_contig933 contig_99
		Skipping redundant alignment 582 727 | 2286066 2286211 | 146 146 | 90.41 | bs_ill_bs_contig933 contig_99
		Skipping redundant alignment 472 543 | 3035497 3035568 | 72 72 | 95.83 | bs_ill_bs_contig933 contig_99
		Skipping redundant alignment 582 728 | 3035606 3035752 | 147 147 | 90.48 | bs_ill_bs_contig933 contig_99
		Skipping redundant alignment 707 789 | 3038875 3038793 | 83 83 | 97.59 | bs_ill_bs_contig839 contig_99
		Skipping redundant alignment 61 290 | 3039521 3039292 | 230 230 | 90.43 | bs_ill_bs_contig839 contig_99
		This contig has several significant sets of alignments. [An ambiguously mapped contig]
		Using only the very best set (option --ambiguity-usage is set to "one").
			The best set is below. Score: 290.9, number of alignments: 4, unaligned bases: 4757485
		This contig is misassembled.
		This contig is partially unaligned. (Aligned 626 out of 4758111 non-N bases (0.01%))
			Warning! This contig is more unaligned than misassembled. Contig length is 4758111 (number of Ns: 0) and total length of all aligns is 626
		Alignment: 707 789 | 2246320 2246238 | 83 83 | 97.59 | bs_ill_bs_contig839 contig_99
		Alignment: 61 290 | 2246966 2246737 | 230 230 | 90.43 | bs_ill_bs_contig839 contig_99
		Alignment: 707 789 | 2289076 2288994 | 83 83 | 97.59 | bs_ill_bs_contig839 contig_99
		Alignment: 61 290 | 2289722 2289493 | 230 230 | 90.43 | bs_ill_bs_contig839 contig_99
		Unaligned bases: 4757485

Analyzing coverage...
Writing SNPs into /media3/lucia/zymo_mock_community/asms_cuantizados/v6_27-2-21_1bin/metaquast-1bin-v2/runs_per_reference/bs_ill/contigs_reports/minimap_output/r10_1bin_v2_1_r2_medaka.used_snps.gz

Analysis is finished!
Founded SNPs were written into /media3/lucia/zymo_mock_community/asms_cuantizados/v6_27-2-21_1bin/metaquast-1bin-v2/runs_per_reference/bs_ill/contigs_reports/minimap_output/r10_1bin_v2_1_r2_medaka.used_snps.gz

Results:
	Local Misassemblies: 13
	Misassemblies: 34
		Relocations: 0
		Translocations: 34
		Inversions: 0
	Scaffold gap extensive misassemblies: 0
	Scaffold gap local misassemblies: 0
	Misassemblies caused by fragmented reference: 49
	Misassembled Contigs: 1
	Misassembled Contig Bases: 4045588
	Misassemblies Inter-Contig Overlap: 0
Unaligned Contigs: 0 + 7 part
Half Unaligned Contigs with Misassemblies: 6
Unaligned Contig Bases: 19967757

Ambiguously Mapped Contigs: 5
Total Bases in Ambiguously Mapped Contigs: 15253303
Extra Bases in Ambiguously Mapped Contigs: 0
Note that --allow-ambiguity option was set to "one" and only first alignment per each of these contigs was used.

	Covered Bases: 3985750

	SNPs: 3816
	Insertions: 701
	Deletions: 1855

