Aligning contigs to reference...
	Aligning contigs to the reference
Filtering alignments...
Parsing coords...
Loading reference...
	Loaded [lm_ill_lm_contig11]
	Loaded [lm_ill_lm_contig10]
	Loaded [lm_ill_lm_contig12]
	Loaded [lm_ill_lm_contig21]
	Loaded [lm_ill_lm_contig16]
	Loaded [lm_ill_lm_contig37]
	Loaded [lm_ill_lm_contig29]
	Loaded [lm_ill_lm_contig2]
	Loaded [lm_ill_lm_contig1]
	Loaded [lm_ill_lm_contig3]
	Loaded [lm_ill_lm_contig27]
	Loaded [lm_ill_lm_contig5]
	Loaded [lm_ill_lm_contig4]
	Loaded [lm_ill_lm_contig7]
	Loaded [lm_ill_lm_contig6]
	Loaded [lm_ill_lm_contig8]
	Total Regions: 16
	Total Region Length: 2958570
Analyzing contigs...
CONTIG: contig_24 (2992066bp)
Best alignment score: 538019.0 (LEN: 538019, IDY: 100.00), Total number of alignments: 56
			Looking for the best set of alignments (out of 56 total alignments)
			Skipping redundant alignments after choosing the best set of alignments
		Skipping redundant alignment 1141 1216 | 1304499 1304424 | 76 76 | 100.0 | lm_ill_lm_contig1 contig_24
		Skipping redundant alignment 1218 1870 | 2559 1907 | 653 653 | 96.02 | lm_ill_lm_contig11 contig_24
		Skipping redundant alignment 1703 2447 | 1944 2688 | 745 745 | 92.44 | lm_ill_lm_contig10 contig_24
		Skipping redundant alignment 1932 2006 | 1415575 1415649 | 75 75 | 93.33 | lm_ill_lm_contig11 contig_24
		Skipping redundant alignment 1932 2508 | 6338 5762 | 577 577 | 94.97 | lm_ill_lm_contig11 contig_24
		Skipping redundant alignment 1 363 | 1418077 1418439 | 363 363 | 91.46 | lm_ill_lm_contig11 contig_24
		Skipping redundant alignment 935 1665 | 1418924 1419654 | 731 731 | 91.24 | lm_ill_lm_contig11 contig_24
		Skipping redundant alignment 542673 542799 | 290940 290814 | 127 127 | 100.0 | lm_ill_lm_contig2 contig_24
		Skipping redundant alignment 331 404 | 291718 291791 | 74 74 | 100.0 | lm_ill_lm_contig29 contig_24
		Skipping redundant alignment 331 404 | 1785930 1785857 | 74 74 | 100.0 | lm_ill_lm_contig29 contig_24
		Skipping redundant alignment 862 935 | 532843 532770 | 74 74 | 100.0 | lm_ill_lm_contig1 contig_24
		Skipping redundant alignment 862 935 | 1079418 1079491 | 74 74 | 100.0 | lm_ill_lm_contig1 contig_24
		Skipping redundant alignment 232021 232164 | 1083000 1082857 | 144 144 | 100.0 | lm_ill_lm_contig5 contig_24
		Skipping redundant alignment 666 745 | 1083781 1083860 | 80 80 | 97.5 | lm_ill_lm_contig1 contig_24
		Skipping redundant alignment 2007 2579 | 1415651 1416223 | 573 573 | 91.62 | lm_ill_lm_contig11 contig_24
		Skipping redundant alignment 461 532 | 1304424 1304495 | 72 72 | 100.0 | lm_ill_lm_contig29 contig_24
		Skipping redundant alignment 782245 782323 | 1304418 1304496 | 79 79 | 100.0 | lm_ill_lm_contig1 contig_24
		This contig has several significant sets of alignments. [An ambiguously mapped contig]
		Using only the very best set (option --ambiguity-usage is set to "one").
			The best set is below. Score: 2985008.2, number of alignments: 39, unaligned bases: 5953
		This contig is misassembled.
		This contig is partially unaligned. (Aligned 2986113 out of 2992066 non-N bases (99.80%))
			Excluding internal overlap of size 55 between Alignment 1 and 2: 1204909 1205589 | 20 700 | 681 681 --> 1204909 1205534 | 20 645 | 626 626
			Real Alignment 1: 1204909 1205534 | 20 645 | 626 626 | 100.0 | lm_ill_lm_contig1 contig_24
			  Indel (> 5bp) between these two alignments: deletion of length 55; 0 mismatches (number of Ns: 0) [fragmentation of reference genome]
			Real Alignment 2: 1 1131 | 646 1776 | 1131 1131 | 98.94 | lm_ill_lm_contig21 contig_24
			  Not a misassembly [fragmentation of reference genome] between these two alignments
			Real Alignment 3: 1 3660 | 2447 6106 | 3660 3660 | 99.73 | lm_ill_lm_contig10 contig_24
			  Not a misassembly [fragmentation of reference genome] between these two alignments
			Excluding internal overlap of size 55 between Alignment 4 and 5: 1 768 | 7449 6682 | 768 768 --> 56 768 | 7394 6682 | 713 713
			Real Alignment 4: 56 768 | 7394 6682 | 713 713 | 99.22 | lm_ill_lm_contig27 contig_24
			  Indel (> 5bp) between these two alignments: deletion of length 55; 0 mismatches (number of Ns: 0) [fragmentation of reference genome]
			Excluding internal overlap of size 55 between Alignment 5 and 6: 1 3237 | 285780 289016 | 3237 3237 --> 56 3237 | 285835 289016 | 3182 3182
			Real Alignment 5: 1 278439 | 285834 7395 | 278439 278440 | 100.0 | lm_ill_lm_contig3 contig_24
			  Indel (> 5bp) between these two alignments: deletion of length 55; 0 mismatches (number of Ns: 0) [fragmentation of reference genome]
			Real Alignment 6: 56 3237 | 285835 289016 | 3182 3182 | 100.0 | lm_ill_lm_contig12 contig_24
			  Not a misassembly [fragmentation of reference genome] between these two alignments
			Real Alignment 7: 1 1778 | 290868 289091 | 1778 1778 | 99.94 | lm_ill_lm_contig16 contig_24
			  Not a misassembly [fragmentation of reference genome] between these two alignments
			Real Alignment 8: 1 595 | 291594 290998 | 595 597 | 98.66 | lm_ill_lm_contig37 contig_24
			  Not a misassembly [fragmentation of reference genome] between these two alignments
			Real Alignment 9: 1 3237 | 291799 295035 | 3237 3237 | 100.0 | lm_ill_lm_contig12 contig_24
			  Not a misassembly [fragmentation of reference genome] between these two alignments
			Excluding internal overlap of size 55 between Alignment 10 and 11: 1 1778 | 296887 295110 | 1778 1778 --> 56 1778 | 296832 295110 | 1723 1723
			Real Alignment 10: 56 1778 | 296832 295110 | 1723 1723 | 99.89 | lm_ill_lm_contig16 contig_24
			  Indel (> 5bp) between these two alignments: deletion of length 55; 0 mismatches (number of Ns: 0) [fragmentation of reference genome]
			Real Alignment 11: 1 37130 | 296833 333962 | 37130 37130 | 99.99 | lm_ill_lm_contig5 contig_24
			  Gap between these two alignments (local misassembly). Inconsistency = -408
			Real Alignment 12: 36861 201191 | 334101 498430 | 164331 164330 | 99.98 | lm_ill_lm_contig5 contig_24
			  Gap between these two alignments (local misassembly). Inconsistency = 0
			Excluding internal overlap of size 55 between Alignment 13 and 14: 1 3237 | 529349 532586 | 3237 3238 --> 56 3237 | 529404 532586 | 3182 3183
			Real Alignment 13: 201553 232164 | 498792 529403 | 30612 30612 | 100.0 | lm_ill_lm_contig5 contig_24
			  Indel (> 5bp) between these two alignments: deletion of length 55; 0 mismatches (number of Ns: 0) [fragmentation of reference genome]
			Real Alignment 14: 56 3237 | 529404 532586 | 3182 3183 | 99.94 | lm_ill_lm_contig12 contig_24
			  Not a misassembly [fragmentation of reference genome] between these two alignments
			Excluding internal overlap of size 55 between Alignment 15 and 16: 1 1778 | 534689 532912 | 1778 1778 --> 56 1778 | 534634 532912 | 1723 1723
			Real Alignment 15: 56 1778 | 534634 532912 | 1723 1723 | 99.94 | lm_ill_lm_contig16 contig_24
			  Indel (> 5bp) between these two alignments: deletion of length 55; 0 mismatches (number of Ns: 0) [fragmentation of reference genome]
			Excluding internal overlap of size 318 between Alignment 16 and 17: 537510 542799 | 1072336 1077626 | 5290 5291 --> 537826 542799 | 1072654 1077626 | 4974 4973
			Real Alignment 16: 1 538033 | 534635 1072653 | 538033 538019 | 100.0 | lm_ill_lm_contig2 contig_24
			  Overlap between these two alignments (local misassembly). Inconsistency = -208
			Excluding internal overlap of size 55 between Alignment 17 and 18: 1 1778 | 1077572 1079349 | 1778 1778 --> 56 1778 | 1077627 1079349 | 1723 1723
			Real Alignment 17: 537826 542799 | 1072654 1077626 | 4974 4973 | 99.79 | lm_ill_lm_contig2 contig_24
			  Indel (> 5bp) between these two alignments: deletion of length 55; 0 mismatches (number of Ns: 0) [fragmentation of reference genome]
			Real Alignment 18: 56 1778 | 1077627 1079349 | 1723 1723 | 100.0 | lm_ill_lm_contig16 contig_24
			  Not a misassembly [fragmentation of reference genome] between these two alignments
			Real Alignment 19: 1 3237 | 1082911 1079675 | 3237 3237 | 99.97 | lm_ill_lm_contig12 contig_24
			  Not a misassembly [fragmentation of reference genome] between these two alignments
			Real Alignment 20: 1 740 | 1083658 1082917 | 740 742 | 99.73 | lm_ill_lm_contig29 contig_24
			  Not a misassembly [fragmentation of reference genome] between these two alignments
			Real Alignment 21: 1 220359 | 1083794 1304150 | 220359 220357 | 100.0 | lm_ill_lm_contig6 contig_24
			  Not a misassembly [fragmentation of reference genome] between these two alignments
			Excluding internal overlap of size 193 between Alignment 22 and 23: 277713 278439 | 1413792 1414518 | 727 727 --> 277906 278439 | 1413985 1414518 | 534 534
			Real Alignment 22: 1 109542 | 1413984 1304442 | 109542 109543 | 100.0 | lm_ill_lm_contig7 contig_24
			  Extensive misassembly (translocation) between these two alignments
			Excluding internal overlap of size 55 between Alignment 23 and 24: 277906 278439 | 1413985 1414518 | 534 534 --> 277906 278384 | 1413985 1414463 | 479 479
			Real Alignment 23: 277906 278384 | 1413985 1414463 | 479 479 | 96.29 | lm_ill_lm_contig3 contig_24
			  Indel (> 5bp) between these two alignments: deletion of length 55; 0 mismatches (number of Ns: 0) [fragmentation of reference genome]
			Real Alignment 24: 1 768 | 1414464 1415231 | 768 768 | 99.61 | lm_ill_lm_contig27 contig_24
			  Not a misassembly [fragmentation of reference genome] between these two alignments
			Real Alignment 25: 1 3504 | 1415861 1419364 | 3504 3504 | 99.83 | lm_ill_lm_contig11 contig_24
			  Not a misassembly [fragmentation of reference genome] between these two alignments
			Excluding internal overlap of size 55 between Alignment 26 and 27: 1204919 1205589 | 1421735 1421066 | 671 670 --> 1204919 1205534 | 1421735 1421121 | 616 615
			Real Alignment 26: 1 1131 | 1421120 1419990 | 1131 1131 | 99.56 | lm_ill_lm_contig21 contig_24
			  Indel (> 5bp) between these two alignments: deletion of length 55; 0 mismatches (number of Ns: 0) [fragmentation of reference genome]
			Excluding internal overlap of size 163 between Alignment 27 and 28: 1204919 1205534 | 1421735 1421121 | 616 615 --> 1205085 1205534 | 1421572 1421121 | 450 452
			Real Alignment 27: 1205085 1205534 | 1421572 1421121 | 450 452 | 95.69 | lm_ill_lm_contig1 contig_24
			  Extensive misassembly (translocation) between these two alignments
			Excluding internal overlap of size 55 between Alignment 28 and 29: 1 1778 | 1676084 1677861 | 1778 1778 --> 56 1778 | 1676139 1677861 | 1723 1723
			Real Alignment 28: 1 254567 | 1676138 1421573 | 254567 254566 | 100.0 | lm_ill_lm_contig4 contig_24
			  Indel (> 5bp) between these two alignments: deletion of length 55; 0 mismatches (number of Ns: 0) [fragmentation of reference genome]
			Real Alignment 29: 56 1778 | 1676139 1677861 | 1723 1723 | 100.0 | lm_ill_lm_contig16 contig_24
			  Not a misassembly [fragmentation of reference genome] between these two alignments
			Excluding internal overlap of size 55 between Alignment 30 and 31: 1 3237 | 1681172 1677936 | 3237 3237 --> 56 3237 | 1681117 1677936 | 3182 3182
			Real Alignment 30: 56 3237 | 1681117 1677936 | 3182 3182 | 99.97 | lm_ill_lm_contig12 contig_24
			  Indel (> 5bp) between these two alignments: deletion of length 55; 0 mismatches (number of Ns: 0) [fragmentation of reference genome]
			Excluding internal overlap of size 55 between Alignment 31 and 32: 1 1778 | 1780761 1782538 | 1778 1778 --> 56 1778 | 1780816 1782538 | 1723 1723
			Real Alignment 31: 1 99698 | 1780815 1681118 | 99698 99698 | 100.0 | lm_ill_lm_contig8 contig_24
			  Indel (> 5bp) between these two alignments: deletion of length 55; 0 mismatches (number of Ns: 0) [fragmentation of reference genome]
			Real Alignment 32: 56 1778 | 1780816 1782538 | 1723 1723 | 99.94 | lm_ill_lm_contig16 contig_24
			  Not a misassembly [fragmentation of reference genome] between these two alignments
			Real Alignment 33: 1 3237 | 1785849 1782613 | 3237 3237 | 100.0 | lm_ill_lm_contig12 contig_24
			  Not a misassembly [fragmentation of reference genome] between these two alignments
			Excluding internal overlap of size 36 between Alignment 34 and 35: 1 595 | 1786054 1786648 | 595 595 --> 1 559 | 1786054 1786612 | 559 559
			Real Alignment 34: 1 559 | 1786054 1786612 | 559 559 | 96.68 | lm_ill_lm_contig37 contig_24
			  Indel (> 5bp) between these two alignments: deletion of length 36; 0 mismatches (number of Ns: 0) [fragmentation of reference genome]
			Real Alignment 35: 1 475911 | 1786613 2262517 | 475911 475905 | 100.0 | lm_ill_lm_contig1 contig_24
			  Gap between these two alignments (local misassembly). Inconsistency = 0
			Real Alignment 36: 476227 476309 | 2262833 2262915 | 83 83 | 97.59 | lm_ill_lm_contig1 contig_24
			  Gap between these two alignments (local misassembly). Inconsistency = -882
			Real Alignment 37: 475820 475911 | 2263308 2263399 | 92 92 | 100.0 | lm_ill_lm_contig1 contig_24
			  Gap between these two alignments (local misassembly). Inconsistency = 0
			Excluding internal overlap of size 492 between Alignment 38 and 39: 904935 1204919 | 2692082 2992066 | 299985 299985 --> 905427 1204919 | 2692574 2992066 | 299493 299493
			Real Alignment 38: 476227 905012 | 2263715 2692573 | 428786 428859 | 99.98 | lm_ill_lm_contig1 contig_24
			  Gap between these two alignments (local misassembly). Inconsistency = 414
			Real Alignment 39: 905427 1204919 | 2692574 2992066 | 299493 299493 | 99.99 | lm_ill_lm_contig1 contig_24
		Unaligned bases: 5953

CONTIG: contig_2 (4045633bp)
Best alignment score: 2672.6 (LEN: 2927, IDY: 91.31), Total number of alignments: 48
			Looking for the best set of alignments (out of 48 total alignments)
			Skipping redundant alignments after choosing the best set of alignments
		Skipping redundant alignment 461 532 | 2942628 2942557 | 72 72 | 100.0 | lm_ill_lm_contig29 contig_2
		Skipping redundant alignment 1145 1216 | 2942557 2942628 | 72 72 | 100.0 | lm_ill_lm_contig1 contig_2
		Skipping redundant alignment 782250 782322 | 2942629 2942557 | 73 73 | 100.0 | lm_ill_lm_contig1 contig_2
		Skipping redundant alignment 449 522 | 1679719 1679646 | 74 74 | 97.3 | lm_ill_lm_contig37 contig_2
		Skipping redundant alignment 174 248 | 1679998 1679924 | 75 75 | 96.0 | lm_ill_lm_contig37 contig_2
		Skipping redundant alignment 782251 782322 | 2697820 2697891 | 72 72 | 100.0 | lm_ill_lm_contig1 contig_2
		Skipping redundant alignment 1145 1217 | 2697891 2697819 | 73 73 | 100.0 | lm_ill_lm_contig1 contig_2
		Skipping redundant alignment 459 534 | 3671090 3671015 | 76 76 | 98.68 | lm_ill_lm_contig29 contig_2
		Skipping redundant alignment 325 408 | 3671176 3671093 | 84 84 | 92.86 | lm_ill_lm_contig29 contig_2
		Skipping redundant alignment 233 306 | 3671254 3671181 | 74 74 | 95.95 | lm_ill_lm_contig29 contig_2
		Skipping redundant alignment 1145 1217 | 3274200 3274272 | 73 73 | 100.0 | lm_ill_lm_contig1 contig_2
		Skipping redundant alignment 782251 782323 | 2818358 2818286 | 73 73 | 100.0 | lm_ill_lm_contig1 contig_2
		Skipping redundant alignment 460 532 | 2818359 2818287 | 73 73 | 100.0 | lm_ill_lm_contig29 contig_2
		Skipping redundant alignment 1144 1225 | 2818286 2818367 | 82 82 | 100.0 | lm_ill_lm_contig1 contig_2
		Skipping redundant alignment 176 248 | 2843855 2843927 | 73 73 | 97.26 | lm_ill_lm_contig37 contig_2
		Skipping redundant alignment 449 522 | 2844143 2844216 | 74 74 | 97.3 | lm_ill_lm_contig37 contig_2
		Skipping redundant alignment 1048 1138 | 3274079 3274169 | 91 91 | 94.51 | lm_ill_lm_contig1 contig_2
		Skipping redundant alignment 17454 17572 | 2867583 2867701 | 119 119 | 90.76 | lm_ill_lm_contig3 contig_2
		Skipping redundant alignment 47930 48004 | 2881152 2881078 | 75 75 | 90.67 | lm_ill_lm_contig2 contig_2
		Skipping redundant alignment 449 595 | 2914367 2914505 | 147 139 | 91.16 | lm_ill_lm_contig37 contig_2
		This contig has several significant sets of alignments. [An ambiguously mapped contig]
		Using only the very best set (option --ambiguity-usage is set to "one").
			The best set is below. Score: 36289.1, number of alignments: 28, unaligned bases: 4000243
		This contig is misassembled.
		This contig is partially unaligned. (Aligned 45390 out of 4045633 non-N bases (1.12%))
			Warning! This contig is more unaligned than misassembled. Contig length is 4045633 (number of Ns: 0) and total length of all aligns is 45390
		Alignment: 1145 1219 | 1678485 1678411 | 75 75 | 100.0 | lm_ill_lm_contig1 contig_2
		Alignment: 859 935 | 1678774 1678698 | 77 77 | 94.81 | lm_ill_lm_contig1 contig_2
		Alignment: 765 836 | 1678861 1678790 | 72 72 | 95.83 | lm_ill_lm_contig1 contig_2
		Alignment: 405 482 | 1679277 1679200 | 78 78 | 93.59 | lm_ill_lm_contig1 contig_2
		Alignment: 276 367 | 1679384 1679293 | 92 92 | 92.39 | lm_ill_lm_contig1 contig_2
		Alignment: 181 256 | 1679466 1679391 | 76 76 | 97.37 | lm_ill_lm_contig1 contig_2
		Alignment: 96 170 | 1679545 1679471 | 75 75 | 90.67 | lm_ill_lm_contig1 contig_2
		Alignment: 197 3126 | 1680670 1683595 | 2930 2926 | 91.31 | lm_ill_lm_contig12 contig_2
		Alignment: 174 1724 | 1685309 1683758 | 1551 1552 | 91.87 | lm_ill_lm_contig16 contig_2
		Alignment: 459 533 | 2697818 2697892 | 75 75 | 100.0 | lm_ill_lm_contig29 contig_2
		Alignment: 174 1724 | 2757682 2759228 | 1551 1547 | 91.86 | lm_ill_lm_contig16 contig_2
		Alignment: 197 3126 | 2762493 2759568 | 2930 2926 | 91.27 | lm_ill_lm_contig12 contig_2
		Alignment: 174 1724 | 2778290 2779840 | 1551 1551 | 91.93 | lm_ill_lm_contig16 contig_2
		Alignment: 197 3126 | 2783105 2780180 | 2930 2926 | 91.31 | lm_ill_lm_contig12 contig_2
		Alignment: 174 1724 | 2838624 2840174 | 1551 1551 | 91.99 | lm_ill_lm_contig16 contig_2
		Alignment: 197 3126 | 2843262 2840337 | 2930 2926 | 91.3 | lm_ill_lm_contig12 contig_2
		Alignment: 174 1724 | 2844547 2846097 | 1551 1551 | 91.99 | lm_ill_lm_contig16 contig_2
		Alignment: 197 3126 | 2849185 2846260 | 2930 2926 | 91.3 | lm_ill_lm_contig12 contig_2
		Alignment: 174 1724 | 2909091 2910641 | 1551 1551 | 91.86 | lm_ill_lm_contig16 contig_2
		Alignment: 196 3126 | 2913730 2910804 | 2931 2927 | 91.27 | lm_ill_lm_contig12 contig_2
		Alignment: 174 1724 | 2914704 2916254 | 1551 1551 | 91.86 | lm_ill_lm_contig16 contig_2
		Alignment: 196 3126 | 2919343 2916417 | 2931 2927 | 91.31 | lm_ill_lm_contig12 contig_2
		Alignment: 174 1724 | 2919705 2921255 | 1551 1551 | 91.93 | lm_ill_lm_contig16 contig_2
		Alignment: 197 3126 | 2924343 2921418 | 2930 2926 | 91.24 | lm_ill_lm_contig12 contig_2
		Alignment: 174 1724 | 3373165 3374715 | 1551 1551 | 92.06 | lm_ill_lm_contig16 contig_2
		Alignment: 196 3126 | 3377804 3374878 | 2931 2927 | 91.24 | lm_ill_lm_contig12 contig_2
		Alignment: 174 1724 | 3665933 3667483 | 1551 1551 | 91.99 | lm_ill_lm_contig16 contig_2
		Alignment: 197 3126 | 3670571 3667646 | 2930 2926 | 91.27 | lm_ill_lm_contig12 contig_2
		Unaligned bases: 4000243

CONTIG: contig_51 (2845365bp)
Best alignment score: 35769.0 (LEN: 35769, IDY: 100.00), Total number of alignments: 52
			Looking for the best set of alignments (out of 52 total alignments)
			Skipping redundant alignments after choosing the best set of alignments
		Skipping redundant alignment 47636 47824 | 25456 25644 | 189 189 | 91.53 | lm_ill_lm_contig2 contig_51
		Skipping redundant alignment 455 532 | 1308128 1308051 | 78 78 | 98.72 | lm_ill_lm_contig29 contig_51
		Skipping redundant alignment 331 403 | 1308222 1308150 | 73 73 | 97.26 | lm_ill_lm_contig29 contig_51
		Skipping redundant alignment 782157 782225 | 1308300 1308232 | 69 69 | 100.0 | lm_ill_lm_contig1 contig_51
		Skipping redundant alignment 487 565 | 1308232 1308310 | 79 79 | 98.73 | lm_ill_lm_contig1 contig_51
		Skipping redundant alignment 151 229 | 1308310 1308232 | 79 79 | 98.73 | lm_ill_lm_contig29 contig_51
		Skipping redundant alignment 264 355 | 245842 245933 | 92 92 | 93.48 | lm_ill_lm_contig37 contig_51
		Skipping redundant alignment 172110 172257 | 2597768 2597915 | 148 148 | 91.22 | lm_ill_lm_contig5 contig_51
		Skipping redundant alignment 264 355 | 689022 689113 | 92 92 | 93.48 | lm_ill_lm_contig37 contig_51
		Skipping redundant alignment 445 526 | 689209 689290 | 82 82 | 96.34 | lm_ill_lm_contig37 contig_51
		Skipping redundant alignment 91616 91816 | 2120830 2121030 | 201 201 | 91.04 | lm_ill_lm_contig5 contig_51
		Skipping redundant alignment 232 307 | 690358 690283 | 76 76 | 98.68 | lm_ill_lm_contig29 contig_51
		This contig has several significant sets of alignments. [An ambiguously mapped contig]
		Using only the very best set (option --ambiguity-usage is set to "one").
			The best set is below. Score: 47335.2, number of alignments: 40, unaligned bases: 2794558
		This contig is misassembled.
		This contig is partially unaligned. (Aligned 50807 out of 2845365 non-N bases (1.79%))
			Warning! This contig is more unaligned than misassembled. Contig length is 2845365 (number of Ns: 0) and total length of all aligns is 50807
		Alignment: 174 1725 | 240505 242067 | 1552 1563 | 90.95 | lm_ill_lm_contig16 contig_51
		Alignment: 2977 3114 | 242435 242298 | 138 138 | 93.48 | lm_ill_lm_contig12 contig_51
		Alignment: 2820 2949 | 242592 242463 | 130 130 | 91.54 | lm_ill_lm_contig12 contig_51
		Alignment: 2474 2720 | 242931 242685 | 247 247 | 92.31 | lm_ill_lm_contig12 contig_51
		Alignment: 2240 2418 | 243165 242987 | 179 179 | 94.41 | lm_ill_lm_contig12 contig_51
		Alignment: 1914 2233 | 243491 243172 | 320 320 | 94.06 | lm_ill_lm_contig12 contig_51
		Alignment: 912 1344 | 244480 244048 | 433 433 | 91.92 | lm_ill_lm_contig12 contig_51
		Alignment: 296 907 | 245096 244485 | 612 612 | 94.28 | lm_ill_lm_contig12 contig_51
		Alignment: 174 1725 | 683583 685145 | 1552 1563 | 90.95 | lm_ill_lm_contig16 contig_51
		Alignment: 2977 3114 | 685615 685478 | 138 138 | 93.48 | lm_ill_lm_contig12 contig_51
		Alignment: 2820 2949 | 685772 685643 | 130 130 | 91.54 | lm_ill_lm_contig12 contig_51
		Alignment: 2474 2720 | 686111 685865 | 247 247 | 92.31 | lm_ill_lm_contig12 contig_51
		Alignment: 2240 2418 | 686345 686167 | 179 179 | 94.41 | lm_ill_lm_contig12 contig_51
		Alignment: 1914 2233 | 686671 686352 | 320 320 | 94.06 | lm_ill_lm_contig12 contig_51
		Alignment: 912 1344 | 687660 687228 | 433 433 | 91.92 | lm_ill_lm_contig12 contig_51
		Alignment: 296 907 | 688276 687665 | 612 612 | 94.28 | lm_ill_lm_contig12 contig_51
		Alignment: 177 255 | 689484 689562 | 79 79 | 94.94 | lm_ill_lm_contig1 contig_51
		Alignment: 397 484 | 689706 689793 | 88 88 | 93.18 | lm_ill_lm_contig1 contig_51
		Alignment: 764 839 | 689907 689982 | 76 76 | 93.42 | lm_ill_lm_contig1 contig_51
		Alignment: 862 936 | 689989 690063 | 75 75 | 100.0 | lm_ill_lm_contig1 contig_51
		Alignment: 765 842 | 690571 690648 | 78 78 | 92.31 | lm_ill_lm_contig1 contig_51
		Alignment: 860 938 | 690654 690732 | 79 79 | 100.0 | lm_ill_lm_contig1 contig_51
		Alignment: 1143 1217 | 690841 690915 | 75 75 | 98.67 | lm_ill_lm_contig1 contig_51
		Alignment: 174 1725 | 1302814 1304376 | 1552 1563 | 90.95 | lm_ill_lm_contig16 contig_51
		Alignment: 2977 3114 | 1304846 1304709 | 138 138 | 92.75 | lm_ill_lm_contig12 contig_51
		Alignment: 2820 2949 | 1305003 1304874 | 130 130 | 91.54 | lm_ill_lm_contig12 contig_51
		Alignment: 2474 2720 | 1305342 1305096 | 247 247 | 92.31 | lm_ill_lm_contig12 contig_51
		Alignment: 2240 2418 | 1305576 1305398 | 179 179 | 94.41 | lm_ill_lm_contig12 contig_51
		Alignment: 1914 2233 | 1305902 1305583 | 320 320 | 94.06 | lm_ill_lm_contig12 contig_51
		Alignment: 912 1344 | 1306891 1306459 | 433 433 | 91.92 | lm_ill_lm_contig12 contig_51
		Alignment: 296 907 | 1307507 1306896 | 612 612 | 94.28 | lm_ill_lm_contig12 contig_51
		Alignment: 81096 116864 | 2391471 2427239 | 35769 35769 | 100.0 | lm_ill_lm_contig6 contig_51
		Alignment: 296 907 | 2811180 2811791 | 612 612 | 94.28 | lm_ill_lm_contig12 contig_51
		Alignment: 912 1344 | 2811796 2812228 | 433 433 | 91.92 | lm_ill_lm_contig12 contig_51
		Alignment: 1914 2233 | 2812785 2813104 | 320 320 | 94.06 | lm_ill_lm_contig12 contig_51
		Alignment: 2240 2418 | 2813111 2813289 | 179 179 | 94.41 | lm_ill_lm_contig12 contig_51
		Alignment: 2474 2720 | 2813345 2813591 | 247 247 | 92.31 | lm_ill_lm_contig12 contig_51
		Alignment: 2820 2949 | 2813684 2813813 | 130 130 | 91.54 | lm_ill_lm_contig12 contig_51
		Alignment: 2977 3114 | 2813841 2813978 | 138 138 | 93.48 | lm_ill_lm_contig12 contig_51
		Alignment: 174 1725 | 2815771 2814209 | 1552 1563 | 90.95 | lm_ill_lm_contig16 contig_51
		Unaligned bases: 2794558

CONTIG: contig_45 (2718042bp)
Best alignment score: 1411.3 (LEN: 1554, IDY: 90.82), Total number of alignments: 62
			Looking for the best set of alignments (out of 62 total alignments)
			Skipping redundant alignments after choosing the best set of alignments
		Skipping redundant alignment 439 523 | 2581885 2581801 | 85 85 | 96.47 | lm_ill_lm_contig37 contig_45
		Skipping redundant alignment 269 356 | 2582066 2581979 | 88 88 | 95.45 | lm_ill_lm_contig37 contig_45
		Skipping redundant alignment 447 524 | 1217909 1217986 | 78 78 | 100.0 | lm_ill_lm_contig37 contig_45
		This contig has several significant sets of alignments. [An ambiguously mapped contig]
		Using only the very best set (option --ambiguity-usage is set to "one").
			The best set is below. Score: 16253.7, number of alignments: 59, unaligned bases: 2696868
		This contig is misassembled.
		This contig is partially unaligned. (Aligned 21174 out of 2718042 non-N bases (0.78%))
			Warning! This contig is more unaligned than misassembled. Contig length is 2718042 (number of Ns: 0) and total length of all aligns is 21174
		Alignment: 304 384 | 667 747 | 81 81 | 92.59 | lm_ill_lm_contig12 contig_45
		Alignment: 396 609 | 759 972 | 214 214 | 97.2 | lm_ill_lm_contig12 contig_45
		Alignment: 610 885 | 976 1251 | 276 276 | 93.48 | lm_ill_lm_contig12 contig_45
		Alignment: 965 1346 | 1331 1712 | 382 382 | 94.76 | lm_ill_lm_contig12 contig_45
		Alignment: 1367 1447 | 1732 1812 | 81 81 | 97.53 | lm_ill_lm_contig12 contig_45
		Alignment: 1677 1863 | 2044 2230 | 187 187 | 90.37 | lm_ill_lm_contig12 contig_45
		Alignment: 1910 2127 | 2272 2489 | 218 218 | 91.74 | lm_ill_lm_contig12 contig_45
		Alignment: 2427 2715 | 2787 3075 | 289 289 | 93.43 | lm_ill_lm_contig12 contig_45
		Alignment: 2799 2950 | 3155 3306 | 152 152 | 92.11 | lm_ill_lm_contig12 contig_45
		Alignment: 174 1724 | 5498 3949 | 1551 1550 | 90.31 | lm_ill_lm_contig16 contig_45
		Alignment: 304 384 | 114049 114129 | 81 81 | 92.59 | lm_ill_lm_contig12 contig_45
		Alignment: 396 958 | 114141 114703 | 563 563 | 93.25 | lm_ill_lm_contig12 contig_45
		Alignment: 965 1346 | 114710 115091 | 382 382 | 94.76 | lm_ill_lm_contig12 contig_45
		Alignment: 1367 1447 | 115111 115191 | 81 81 | 97.53 | lm_ill_lm_contig12 contig_45
		Alignment: 1677 1861 | 115423 115607 | 185 185 | 90.81 | lm_ill_lm_contig12 contig_45
		Alignment: 1910 2127 | 115652 115869 | 218 218 | 91.74 | lm_ill_lm_contig12 contig_45
		Alignment: 2427 2716 | 116167 116456 | 290 290 | 93.79 | lm_ill_lm_contig12 contig_45
		Alignment: 2799 2950 | 116539 116690 | 152 152 | 92.11 | lm_ill_lm_contig12 contig_45
		Alignment: 174 1724 | 118839 117287 | 1551 1553 | 90.82 | lm_ill_lm_contig16 contig_45
		Alignment: 306698 306806 | 921584 921476 | 109 109 | 91.74 | lm_ill_lm_contig1 contig_45
		Alignment: 306593 306681 | 921689 921601 | 89 89 | 91.01 | lm_ill_lm_contig1 contig_45
		Alignment: 174 1724 | 1173618 1175170 | 1551 1553 | 90.82 | lm_ill_lm_contig16 contig_45
		Alignment: 2799 2950 | 1175933 1175782 | 152 152 | 92.11 | lm_ill_lm_contig12 contig_45
		Alignment: 2427 2716 | 1176303 1176014 | 290 290 | 93.79 | lm_ill_lm_contig12 contig_45
		Alignment: 1910 2127 | 1176818 1176601 | 218 218 | 91.74 | lm_ill_lm_contig12 contig_45
		Alignment: 1677 1863 | 1177046 1176860 | 187 187 | 90.37 | lm_ill_lm_contig12 contig_45
		Alignment: 1367 1447 | 1177359 1177279 | 81 81 | 97.53 | lm_ill_lm_contig12 contig_45
		Alignment: 965 1346 | 1177760 1177379 | 382 382 | 94.76 | lm_ill_lm_contig12 contig_45
		Alignment: 396 958 | 1178329 1177767 | 563 563 | 93.25 | lm_ill_lm_contig12 contig_45
		Alignment: 304 384 | 1178421 1178341 | 81 81 | 92.59 | lm_ill_lm_contig12 contig_45
		Alignment: 174 1724 | 1218210 1219763 | 1551 1554 | 90.69 | lm_ill_lm_contig16 contig_45
		Alignment: 2799 2950 | 1220468 1220317 | 152 152 | 92.11 | lm_ill_lm_contig12 contig_45
		Alignment: 2427 2715 | 1220836 1220548 | 289 289 | 93.43 | lm_ill_lm_contig12 contig_45
		Alignment: 1910 2127 | 1221351 1221134 | 218 218 | 91.74 | lm_ill_lm_contig12 contig_45
		Alignment: 1677 1863 | 1221579 1221393 | 187 187 | 90.37 | lm_ill_lm_contig12 contig_45
		Alignment: 1367 1447 | 1221891 1221811 | 81 81 | 97.53 | lm_ill_lm_contig12 contig_45
		Alignment: 965 1346 | 1222292 1221911 | 382 382 | 94.76 | lm_ill_lm_contig12 contig_45
		Alignment: 396 958 | 1222861 1222299 | 563 563 | 93.25 | lm_ill_lm_contig12 contig_45
		Alignment: 304 384 | 1222953 1222873 | 81 81 | 92.59 | lm_ill_lm_contig12 contig_45
		Alignment: 174 1724 | 1223463 1225015 | 1551 1553 | 90.76 | lm_ill_lm_contig16 contig_45
		Alignment: 2799 2950 | 1225687 1225536 | 152 152 | 92.11 | lm_ill_lm_contig12 contig_45
		Alignment: 2427 2730 | 1226058 1225755 | 304 304 | 92.76 | lm_ill_lm_contig12 contig_45
		Alignment: 1910 2127 | 1226573 1226356 | 218 218 | 91.74 | lm_ill_lm_contig12 contig_45
		Alignment: 1677 1863 | 1226801 1226615 | 187 187 | 90.37 | lm_ill_lm_contig12 contig_45
		Alignment: 1367 1447 | 1227113 1227033 | 81 81 | 97.53 | lm_ill_lm_contig12 contig_45
		Alignment: 965 1346 | 1227514 1227133 | 382 382 | 94.76 | lm_ill_lm_contig12 contig_45
		Alignment: 396 650 | 1228084 1227830 | 255 255 | 97.25 | lm_ill_lm_contig12 contig_45
		Alignment: 304 384 | 1228176 1228096 | 81 81 | 92.59 | lm_ill_lm_contig12 contig_45
		Alignment: 47688 47884 | 1264334 1264138 | 197 197 | 90.86 | lm_ill_lm_contig2 contig_45
		Alignment: 47306 47476 | 1264716 1264546 | 171 171 | 90.64 | lm_ill_lm_contig2 contig_45
		Alignment: 304 384 | 2582791 2582871 | 81 81 | 92.59 | lm_ill_lm_contig12 contig_45
		Alignment: 396 885 | 2582883 2583372 | 490 490 | 95.1 | lm_ill_lm_contig12 contig_45
		Alignment: 965 1346 | 2583452 2583833 | 382 382 | 94.76 | lm_ill_lm_contig12 contig_45
		Alignment: 1367 1447 | 2583853 2583933 | 81 81 | 97.53 | lm_ill_lm_contig12 contig_45
		Alignment: 1677 1860 | 2584165 2584348 | 184 184 | 90.76 | lm_ill_lm_contig12 contig_45
		Alignment: 1910 2127 | 2584393 2584610 | 218 218 | 91.74 | lm_ill_lm_contig12 contig_45
		Alignment: 2427 2730 | 2584908 2585211 | 304 304 | 93.09 | lm_ill_lm_contig12 contig_45
		Alignment: 2799 2950 | 2585279 2585430 | 152 152 | 92.11 | lm_ill_lm_contig12 contig_45
		Alignment: 174 1724 | 2587629 2586076 | 1551 1554 | 90.82 | lm_ill_lm_contig16 contig_45
		Unaligned bases: 2696868

CONTIG: contig_31 (1945703bp)
Best alignment score: 691.0 (LEN: 764, IDY: 90.45), Total number of alignments: 51
			Looking for the best set of alignments (out of 51 total alignments)
		This contig has several significant sets of alignments. [An ambiguously mapped contig]
		Using only the very best set (option --ambiguity-usage is set to "one").
			The best set is below. Score: 10231.7, number of alignments: 51, unaligned bases: 1931480
		This contig is misassembled.
		This contig is partially unaligned. (Aligned 14223 out of 1945703 non-N bases (0.73%))
			Warning! This contig is more unaligned than misassembled. Contig length is 1945703 (number of Ns: 0) and total length of all aligns is 14223
		Alignment: 302 873 | 65034 65605 | 572 572 | 96.15 | lm_ill_lm_contig12 contig_31
		Alignment: 914 1211 | 65646 65943 | 298 298 | 90.94 | lm_ill_lm_contig12 contig_31
		Alignment: 1235 1345 | 65967 66077 | 111 111 | 93.69 | lm_ill_lm_contig12 contig_31
		Alignment: 1369 1484 | 66090 66205 | 116 116 | 97.41 | lm_ill_lm_contig12 contig_31
		Alignment: 2157 2233 | 66878 66954 | 77 77 | 90.91 | lm_ill_lm_contig12 contig_31
		Alignment: 2473 2718 | 67196 67441 | 246 246 | 90.65 | lm_ill_lm_contig12 contig_31
		Alignment: 2995 3114 | 67717 67836 | 120 120 | 90.0 | lm_ill_lm_contig12 contig_31
		Alignment: 1342 1725 | 68616 68233 | 384 384 | 90.36 | lm_ill_lm_contig16 contig_31
		Alignment: 411 1174 | 69548 68785 | 764 764 | 90.45 | lm_ill_lm_contig16 contig_31
		Alignment: 302 873 | 142125 142696 | 572 572 | 96.15 | lm_ill_lm_contig12 contig_31
		Alignment: 914 1211 | 142737 143034 | 298 298 | 91.28 | lm_ill_lm_contig12 contig_31
		Alignment: 1235 1345 | 143058 143168 | 111 111 | 93.69 | lm_ill_lm_contig12 contig_31
		Alignment: 1369 1484 | 143181 143296 | 116 116 | 97.41 | lm_ill_lm_contig12 contig_31
		Alignment: 1675 1898 | 143489 143712 | 224 224 | 90.18 | lm_ill_lm_contig12 contig_31
		Alignment: 2157 2233 | 143969 144045 | 77 77 | 92.21 | lm_ill_lm_contig12 contig_31
		Alignment: 2473 2718 | 144287 144532 | 246 246 | 91.06 | lm_ill_lm_contig12 contig_31
		Alignment: 2995 3114 | 144808 144927 | 120 120 | 90.0 | lm_ill_lm_contig12 contig_31
		Alignment: 1342 1725 | 145512 145129 | 384 384 | 90.36 | lm_ill_lm_contig16 contig_31
		Alignment: 411 1174 | 146444 145681 | 764 764 | 90.31 | lm_ill_lm_contig16 contig_31
		Alignment: 302 873 | 177649 178220 | 572 572 | 96.15 | lm_ill_lm_contig12 contig_31
		Alignment: 914 1211 | 178261 178558 | 298 298 | 90.94 | lm_ill_lm_contig12 contig_31
		Alignment: 1235 1345 | 178582 178692 | 111 111 | 93.69 | lm_ill_lm_contig12 contig_31
		Alignment: 1369 1484 | 178705 178820 | 116 116 | 97.41 | lm_ill_lm_contig12 contig_31
		Alignment: 1675 1898 | 179013 179236 | 224 224 | 90.18 | lm_ill_lm_contig12 contig_31
		Alignment: 2157 2233 | 179493 179569 | 77 77 | 90.91 | lm_ill_lm_contig12 contig_31
		Alignment: 2473 2718 | 179811 180056 | 246 246 | 91.06 | lm_ill_lm_contig12 contig_31
		Alignment: 1342 1725 | 181036 180653 | 384 384 | 90.36 | lm_ill_lm_contig16 contig_31
		Alignment: 411 1174 | 181968 181205 | 764 764 | 90.18 | lm_ill_lm_contig16 contig_31
		Alignment: 411 1174 | 840931 841694 | 764 764 | 90.18 | lm_ill_lm_contig16 contig_31
		Alignment: 1342 1725 | 841863 842246 | 384 384 | 90.62 | lm_ill_lm_contig16 contig_31
		Alignment: 2473 2718 | 843283 843038 | 246 246 | 91.06 | lm_ill_lm_contig12 contig_31
		Alignment: 2157 2233 | 843601 843525 | 77 77 | 90.91 | lm_ill_lm_contig12 contig_31
		Alignment: 1675 1898 | 844081 843858 | 224 224 | 90.18 | lm_ill_lm_contig12 contig_31
		Alignment: 1369 1484 | 844389 844274 | 116 116 | 97.41 | lm_ill_lm_contig12 contig_31
		Alignment: 1235 1345 | 844512 844402 | 111 111 | 93.69 | lm_ill_lm_contig12 contig_31
		Alignment: 914 1211 | 844833 844536 | 298 298 | 91.28 | lm_ill_lm_contig12 contig_31
		Alignment: 302 873 | 845445 844874 | 572 572 | 96.15 | lm_ill_lm_contig12 contig_31
		Alignment: 447 524 | 1654617 1654540 | 78 78 | 94.87 | lm_ill_lm_contig37 contig_31
		Alignment: 268 356 | 1654788 1654700 | 89 89 | 93.26 | lm_ill_lm_contig37 contig_31
		Alignment: 174 247 | 1654879 1654806 | 74 74 | 97.3 | lm_ill_lm_contig37 contig_31
		Alignment: 2 74 | 1655060 1654988 | 73 73 | 93.15 | lm_ill_lm_contig37 contig_31
		Alignment: 302 873 | 1655431 1656002 | 572 572 | 96.15 | lm_ill_lm_contig12 contig_31
		Alignment: 914 1211 | 1656043 1656340 | 298 298 | 91.28 | lm_ill_lm_contig12 contig_31
		Alignment: 1235 1345 | 1656364 1656474 | 111 111 | 93.69 | lm_ill_lm_contig12 contig_31
		Alignment: 1369 1484 | 1656487 1656602 | 116 116 | 97.41 | lm_ill_lm_contig12 contig_31
		Alignment: 1675 1898 | 1656795 1657018 | 224 224 | 90.18 | lm_ill_lm_contig12 contig_31
		Alignment: 2157 2233 | 1657275 1657351 | 77 77 | 90.91 | lm_ill_lm_contig12 contig_31
		Alignment: 2473 2718 | 1657593 1657838 | 246 246 | 91.06 | lm_ill_lm_contig12 contig_31
		Alignment: 2995 3114 | 1658114 1658233 | 120 120 | 90.0 | lm_ill_lm_contig12 contig_31
		Alignment: 1529 1725 | 1658631 1658435 | 197 197 | 92.89 | lm_ill_lm_contig16 contig_31
		Alignment: 411 1174 | 1659760 1658997 | 764 764 | 90.18 | lm_ill_lm_contig16 contig_31
		Unaligned bases: 1931480

CONTIG: contig_33 (4758004bp)
Best alignment score: 134.0 (LEN: 147, IDY: 91.16), Total number of alignments: 33
			Looking for the best set of alignments (out of 33 total alignments)
			Skipping redundant alignments after choosing the best set of alignments
		Skipping redundant alignment 1124 1206 | 806879 806961 | 83 83 | 97.59 | lm_ill_lm_contig12 contig_33
		Skipping redundant alignment 1473 1587 | 809448 809334 | 115 115 | 93.91 | lm_ill_lm_contig16 contig_33
		Skipping redundant alignment 1342 1416 | 809579 809505 | 75 75 | 90.67 | lm_ill_lm_contig16 contig_33
		Skipping redundant alignment 1034 1174 | 809889 809749 | 141 141 | 92.91 | lm_ill_lm_contig16 contig_33
		Skipping redundant alignment 924 995 | 809998 809927 | 72 72 | 97.22 | lm_ill_lm_contig16 contig_33
		Skipping redundant alignment 1124 1206 | 1473126 1473208 | 83 83 | 97.59 | lm_ill_lm_contig12 contig_33
		Skipping redundant alignment 1473 1587 | 1475694 1475580 | 115 115 | 93.91 | lm_ill_lm_contig16 contig_33
		Skipping redundant alignment 1342 1416 | 1475825 1475751 | 75 75 | 90.67 | lm_ill_lm_contig16 contig_33
		Skipping redundant alignment 1034 1174 | 1476135 1475995 | 141 141 | 92.91 | lm_ill_lm_contig16 contig_33
		Skipping redundant alignment 924 995 | 1476244 1476173 | 72 72 | 97.22 | lm_ill_lm_contig16 contig_33
		Skipping redundant alignment 1124 1206 | 1995954 1995872 | 83 83 | 97.59 | lm_ill_lm_contig12 contig_33
		Skipping redundant alignment 1124 1206 | 2090886 2090804 | 83 83 | 97.59 | lm_ill_lm_contig12 contig_33
		Skipping redundant alignment 1124 1206 | 3038815 3038733 | 83 83 | 97.59 | lm_ill_lm_contig12 contig_33
		Skipping redundant alignment 1124 1206 | 2246269 2246187 | 83 83 | 97.59 | lm_ill_lm_contig12 contig_33
		Skipping redundant alignment 1124 1206 | 2289022 2288940 | 83 83 | 97.59 | lm_ill_lm_contig12 contig_33
		Skipping redundant alignment 924 995 | 3035437 3035508 | 72 72 | 97.22 | lm_ill_lm_contig16 contig_33
		Skipping redundant alignment 1034 1180 | 3035546 3035692 | 147 147 | 91.16 | lm_ill_lm_contig16 contig_33
		Skipping redundant alignment 1342 1416 | 3035856 3035930 | 75 75 | 90.67 | lm_ill_lm_contig16 contig_33
		Skipping redundant alignment 1473 1587 | 3035987 3036101 | 115 115 | 93.91 | lm_ill_lm_contig16 contig_33
			The best set is below. Score: 457.1, number of alignments: 14, unaligned bases: 4756542
		This contig is misassembled.
		This contig is partially unaligned. (Aligned 1462 out of 4758004 non-N bases (0.03%))
			Warning! This contig is more unaligned than misassembled. Contig length is 4758004 (number of Ns: 0) and total length of all aligns is 1462
		Alignment: 924 995 | 1992677 1992748 | 72 72 | 97.22 | lm_ill_lm_contig16 contig_33
		Alignment: 1034 1174 | 1992786 1992926 | 141 141 | 92.91 | lm_ill_lm_contig16 contig_33
		Alignment: 1342 1416 | 1993096 1993170 | 75 75 | 90.67 | lm_ill_lm_contig16 contig_33
		Alignment: 1473 1587 | 1993227 1993341 | 115 115 | 93.91 | lm_ill_lm_contig16 contig_33
		Alignment: 924 995 | 2087765 2087836 | 72 72 | 97.22 | lm_ill_lm_contig16 contig_33
		Alignment: 1034 1174 | 2087874 2088014 | 141 141 | 92.91 | lm_ill_lm_contig16 contig_33
		Alignment: 1473 1587 | 2088316 2088430 | 115 115 | 93.91 | lm_ill_lm_contig16 contig_33
		Alignment: 924 995 | 2242991 2243062 | 72 72 | 97.22 | lm_ill_lm_contig16 contig_33
		Alignment: 1034 1174 | 2243100 2243240 | 141 141 | 92.91 | lm_ill_lm_contig16 contig_33
		Alignment: 1342 1416 | 2243410 2243484 | 75 75 | 90.67 | lm_ill_lm_contig16 contig_33
		Alignment: 1473 1587 | 2243541 2243655 | 115 115 | 93.91 | lm_ill_lm_contig16 contig_33
		Alignment: 924 995 | 2285902 2285973 | 72 72 | 97.22 | lm_ill_lm_contig16 contig_33
		Alignment: 1034 1174 | 2286011 2286151 | 141 141 | 92.91 | lm_ill_lm_contig16 contig_33
		Alignment: 1473 1587 | 2286453 2286567 | 115 115 | 93.91 | lm_ill_lm_contig16 contig_33
		Unaligned bases: 4756542

CONTIG: contig_34 (4765903bp)
Best alignment score: 118.0 (LEN: 126, IDY: 93.65), Total number of alignments: 33
			Looking for the best set of alignments (out of 33 total alignments)
			Skipping redundant alignments after choosing the best set of alignments
		Skipping redundant alignment 1124 1206 | 304841 304923 | 83 83 | 97.59 | lm_ill_lm_contig12 contig_34
		Skipping redundant alignment 1473 1587 | 307485 307371 | 115 115 | 93.91 | lm_ill_lm_contig16 contig_34
		Skipping redundant alignment 1342 1416 | 307616 307542 | 75 75 | 90.67 | lm_ill_lm_contig16 contig_34
		Skipping redundant alignment 1055 1180 | 307905 307780 | 126 126 | 93.65 | lm_ill_lm_contig16 contig_34
		Skipping redundant alignment 924 995 | 308035 307964 | 72 72 | 97.22 | lm_ill_lm_contig16 contig_34
		Skipping redundant alignment 1124 1206 | 1013166 1013248 | 83 83 | 97.59 | lm_ill_lm_contig12 contig_34
		Skipping redundant alignment 1473 1587 | 1015816 1015702 | 115 115 | 93.91 | lm_ill_lm_contig16 contig_34
		Skipping redundant alignment 1342 1416 | 1015947 1015873 | 75 75 | 90.67 | lm_ill_lm_contig16 contig_34
		Skipping redundant alignment 1055 1180 | 1016236 1016111 | 126 126 | 93.65 | lm_ill_lm_contig16 contig_34
		Skipping redundant alignment 924 995 | 1016366 1016295 | 72 72 | 97.22 | lm_ill_lm_contig16 contig_34
		Skipping redundant alignment 924 995 | 1557401 1557472 | 72 72 | 97.22 | lm_ill_lm_contig16 contig_34
		Skipping redundant alignment 1055 1180 | 1557531 1557656 | 126 126 | 93.65 | lm_ill_lm_contig16 contig_34
		Skipping redundant alignment 1473 1587 | 1557952 1558066 | 115 115 | 93.91 | lm_ill_lm_contig16 contig_34
		Skipping redundant alignment 1124 1206 | 1560519 1560437 | 83 83 | 97.59 | lm_ill_lm_contig12 contig_34
		Skipping redundant alignment 1124 1206 | 1654235 1654153 | 83 83 | 97.59 | lm_ill_lm_contig12 contig_34
		Skipping redundant alignment 1124 1206 | 1785270 1785188 | 83 83 | 97.59 | lm_ill_lm_contig12 contig_34
		Skipping redundant alignment 1124 1206 | 1826671 1826589 | 83 83 | 97.59 | lm_ill_lm_contig12 contig_34
		Skipping redundant alignment 924 995 | 2471379 2471450 | 72 72 | 97.22 | lm_ill_lm_contig16 contig_34
		Skipping redundant alignment 1055 1174 | 2471509 2471628 | 120 120 | 95.83 | lm_ill_lm_contig16 contig_34
		Skipping redundant alignment 1342 1416 | 2471798 2471872 | 75 75 | 90.67 | lm_ill_lm_contig16 contig_34
		Skipping redundant alignment 1473 1587 | 2471929 2472043 | 115 115 | 93.91 | lm_ill_lm_contig16 contig_34
		Skipping redundant alignment 1124 1206 | 2474589 2474507 | 83 83 | 97.59 | lm_ill_lm_contig12 contig_34
			The best set is below. Score: 427.0, number of alignments: 11, unaligned bases: 4764814
		This contig is misassembled.
		This contig is partially unaligned. (Aligned 1089 out of 4765903 non-N bases (0.02%))
			Warning! This contig is more unaligned than misassembled. Contig length is 4765903 (number of Ns: 0) and total length of all aligns is 1089
		Alignment: 924 995 | 1651023 1651094 | 72 72 | 97.22 | lm_ill_lm_contig16 contig_34
		Alignment: 1055 1180 | 1651153 1651278 | 126 126 | 93.65 | lm_ill_lm_contig16 contig_34
		Alignment: 1342 1416 | 1651442 1651516 | 75 75 | 90.67 | lm_ill_lm_contig16 contig_34
		Alignment: 1473 1587 | 1651573 1651687 | 115 115 | 93.91 | lm_ill_lm_contig16 contig_34
		Alignment: 924 995 | 1782152 1782223 | 72 72 | 97.22 | lm_ill_lm_contig16 contig_34
		Alignment: 1055 1180 | 1782282 1782407 | 126 126 | 93.65 | lm_ill_lm_contig16 contig_34
		Alignment: 1473 1587 | 1782703 1782817 | 115 115 | 93.91 | lm_ill_lm_contig16 contig_34
		Alignment: 924 995 | 1823554 1823625 | 72 72 | 97.22 | lm_ill_lm_contig16 contig_34
		Alignment: 1055 1180 | 1823684 1823809 | 126 126 | 93.65 | lm_ill_lm_contig16 contig_34
		Alignment: 1342 1416 | 1823973 1824047 | 75 75 | 90.67 | lm_ill_lm_contig16 contig_34
		Alignment: 1473 1587 | 1824104 1824218 | 115 115 | 93.91 | lm_ill_lm_contig16 contig_34
		Unaligned bases: 4764814

Analyzing coverage...
Writing SNPs into /media3/lucia/zymo_mock_community/asms_sin_cuantizar/asm_flye/metaquast-r10/runs_per_reference/lm_ill/contigs_reports/minimap_output/MP_helen_r10_2.used_snps.gz

Analysis is finished!
Founded SNPs were written into /media3/lucia/zymo_mock_community/asms_sin_cuantizar/asm_flye/metaquast-r10/runs_per_reference/lm_ill/contigs_reports/minimap_output/MP_helen_r10_2.used_snps.gz

Results:
	Local Misassemblies: 7
	Misassemblies: 2
		Relocations: 0
		Translocations: 2
		Inversions: 0
	Scaffold gap extensive misassemblies: 0
	Scaffold gap local misassemblies: 0
	Misassemblies caused by fragmented reference: 16
	Misassembled Contigs: 1
	Misassembled Contig Bases: 2992066
	Misassemblies Inter-Contig Overlap: 0
Unaligned Contigs: 0 + 7 part
Half Unaligned Contigs with Misassemblies: 6
Unaligned Contig Bases: 20950458

Ambiguously Mapped Contigs: 5
Total Bases in Ambiguously Mapped Contigs: 14546809
Extra Bases in Ambiguously Mapped Contigs: 0
Note that --allow-ambiguity option was set to "one" and only first alignment per each of these contigs was used.

	Covered Bases: 2957349

	SNPs: 6985
	Insertions: 670
	Deletions: 1297

