Aligning contigs to reference...
	Aligning contigs to the reference
Filtering alignments...
Parsing coords...
Loading reference...
	Loaded [bs_ill_bs_contig20]
	Loaded [bs_ill_bs_contig21]
	Loaded [bs_ill_bs_contig89]
	Loaded [bs_ill_bs_contig411]
	Loaded [bs_ill_bs_contig1250]
	Loaded [bs_ill_bs_contig11]
	Loaded [bs_ill_bs_contig10]
	Loaded [bs_ill_bs_contig13]
	Loaded [bs_ill_bs_contig12]
	Loaded [bs_ill_bs_contig15]
	Loaded [bs_ill_bs_contig14]
	Loaded [bs_ill_bs_contig17]
	Loaded [bs_ill_bs_contig16]
	Loaded [bs_ill_bs_contig19]
	Loaded [bs_ill_bs_contig18]
	Loaded [bs_ill_bs_contig839]
	Loaded [bs_ill_bs_contig9]
	Loaded [bs_ill_bs_contig1326]
	Loaded [bs_ill_bs_contig1146]
	Loaded [bs_ill_bs_contig1]
	Loaded [bs_ill_bs_contig3]
	Loaded [bs_ill_bs_contig2]
	Loaded [bs_ill_bs_contig5]
	Loaded [bs_ill_bs_contig4]
	Loaded [bs_ill_bs_contig7]
	Loaded [bs_ill_bs_contig6]
	Loaded [bs_ill_bs_contig933]
	Loaded [bs_ill_bs_contig8]
	Loaded [bs_ill_bs_contig991]
	Total Regions: 29
	Total Region Length: 3985829
Analyzing contigs...
CONTIG: contig_103 (2721107bp)
Best alignment score: 1002.1 (LEN: 1067, IDY: 93.92), Total number of alignments: 55
			Looking for the best set of alignments (out of 55 total alignments)
			Skipping redundant alignments after choosing the best set of alignments
		Skipping redundant alignment 480 720 | 697771 698011 | 241 241 | 95.02 | bs_ill_bs_contig1146 contig_103
		Skipping redundant alignment 293 553 | 698633 698373 | 261 261 | 90.42 | bs_ill_bs_contig991 contig_103
		Skipping redundant alignment 105 292 | 698824 698637 | 188 188 | 92.55 | bs_ill_bs_contig991 contig_103
		Skipping redundant alignment 8 169 | 700034 700195 | 162 162 | 95.06 | bs_ill_bs_contig13 contig_103
		Skipping redundant alignment 18228 18355 | 700582 700707 | 128 126 | 94.53 | bs_ill_bs_contig20 contig_103
		Skipping redundant alignment 103892 104023 | 700924 700792 | 132 133 | 95.52 | bs_ill_bs_contig12 contig_103
		Skipping redundant alignment 98987 99064 | 700929 700852 | 78 78 | 97.44 | bs_ill_bs_contig3 contig_103
		Skipping redundant alignment 98624 98712 | 808651 808564 | 89 88 | 96.63 | bs_ill_bs_contig3 contig_103
		Skipping redundant alignment 261 334 | 808939 808866 | 74 74 | 93.24 | bs_ill_bs_contig3 contig_103
		Skipping redundant alignment 2 100 | 809200 809102 | 99 99 | 91.92 | bs_ill_bs_contig3 contig_103
		Skipping redundant alignment 293 553 | 812144 811884 | 261 261 | 90.42 | bs_ill_bs_contig991 contig_103
		Skipping redundant alignment 105 292 | 812335 812148 | 188 188 | 92.55 | bs_ill_bs_contig991 contig_103
		Skipping redundant alignment 8 169 | 813546 813707 | 162 162 | 95.06 | bs_ill_bs_contig13 contig_103
		Skipping redundant alignment 261 334 | 945027 944954 | 74 74 | 93.24 | bs_ill_bs_contig3 contig_103
		Skipping redundant alignment 2 120 | 945287 945169 | 119 119 | 90.76 | bs_ill_bs_contig3 contig_103
		Skipping redundant alignment 497 720 | 947388 947611 | 224 224 | 95.98 | bs_ill_bs_contig1146 contig_103
		Skipping redundant alignment 297 553 | 948228 947972 | 257 257 | 91.05 | bs_ill_bs_contig991 contig_103
		Skipping redundant alignment 105 294 | 948421 948232 | 190 190 | 92.11 | bs_ill_bs_contig991 contig_103
		Skipping redundant alignment 92 173 | 950268 950349 | 82 82 | 93.9 | bs_ill_bs_contig1326 contig_103
		Skipping redundant alignment 99187 99345 | 1863533 1863375 | 159 159 | 92.5 | bs_ill_bs_contig3 contig_103
		Skipping redundant alignment 32362 32495 | 2269959 2269826 | 134 134 | 91.04 | bs_ill_bs_contig13 contig_103
		Skipping redundant alignment 105 288 | 2307411 2307594 | 184 184 | 92.93 | bs_ill_bs_contig991 contig_103
		Skipping redundant alignment 289 553 | 2307596 2307860 | 265 265 | 90.19 | bs_ill_bs_contig991 contig_103
		Skipping redundant alignment 2 120 | 2310423 2310541 | 119 119 | 90.76 | bs_ill_bs_contig3 contig_103
		Skipping redundant alignment 8 169 | 2311426 2311265 | 162 162 | 95.06 | bs_ill_bs_contig13 contig_103
		Skipping redundant alignment 105 553 | 2312637 2313085 | 449 449 | 91.09 | bs_ill_bs_contig991 contig_103
		Skipping redundant alignment 480 720 | 2313687 2313447 | 241 241 | 95.02 | bs_ill_bs_contig1146 contig_103
		Skipping redundant alignment 2 98 | 2315683 2315779 | 97 97 | 92.78 | bs_ill_bs_contig3 contig_103
		Skipping redundant alignment 261 334 | 2315942 2316015 | 74 74 | 93.24 | bs_ill_bs_contig3 contig_103
		Skipping redundant alignment 8 169 | 2356012 2355851 | 162 162 | 95.06 | bs_ill_bs_contig13 contig_103
		Skipping redundant alignment 105 288 | 2357224 2357407 | 184 184 | 92.93 | bs_ill_bs_contig991 contig_103
		This contig has several significant sets of alignments. [An ambiguously mapped contig]
		Using only the very best set (option --ambiguity-usage is set to "one").
			The best set is below. Score: 11783.1, number of alignments: 24, unaligned bases: 2707314
		This contig is misassembled.
		This contig is partially unaligned. (Aligned 13793 out of 2721107 non-N bases (0.51%))
			Warning! This contig is more unaligned than misassembled. Contig length is 2721107 (number of Ns: 0) and total length of all aligns is 13793
		Alignment: 261 334 | 695473 695400 | 74 74 | 93.24 | bs_ill_bs_contig3 contig_103
		Alignment: 2 120 | 695733 695615 | 119 119 | 90.76 | bs_ill_bs_contig3 contig_103
		Alignment: 1 982 | 695680 696663 | 982 984 | 92.63 | bs_ill_bs_contig933 contig_103
		Alignment: 1 1068 | 700081 699015 | 1068 1067 | 93.92 | bs_ill_bs_contig839 contig_103
		Alignment: 1 982 | 809147 810129 | 982 983 | 92.93 | bs_ill_bs_contig933 contig_103
		Alignment: 95 184 | 810897 810986 | 90 90 | 90.0 | bs_ill_bs_contig1146 contig_103
		Alignment: 480 720 | 811282 811522 | 241 241 | 95.44 | bs_ill_bs_contig1146 contig_103
		Alignment: 1 1068 | 813593 812526 | 1068 1068 | 93.74 | bs_ill_bs_contig839 contig_103
		Alignment: 1 982 | 945234 946215 | 982 982 | 92.93 | bs_ill_bs_contig933 contig_103
		Alignment: 1 1068 | 949679 948612 | 1068 1068 | 93.74 | bs_ill_bs_contig839 contig_103
		Alignment: 8 169 | 949632 949793 | 162 162 | 95.06 | bs_ill_bs_contig13 contig_103
		Alignment: 8 169 | 2306201 2306040 | 162 162 | 95.06 | bs_ill_bs_contig13 contig_103
		Alignment: 1 1068 | 2306154 2307220 | 1068 1067 | 93.92 | bs_ill_bs_contig839 contig_103
		Alignment: 480 720 | 2308461 2308221 | 241 241 | 95.44 | bs_ill_bs_contig1146 contig_103
		Alignment: 95 184 | 2308846 2308757 | 90 90 | 91.11 | bs_ill_bs_contig1146 contig_103
		Alignment: 1 982 | 2310476 2309494 | 982 983 | 92.73 | bs_ill_bs_contig933 contig_103
		Alignment: 1 1068 | 2311379 2312446 | 1068 1068 | 93.83 | bs_ill_bs_contig839 contig_103
		Alignment: 1 982 | 2315736 2314751 | 982 986 | 92.55 | bs_ill_bs_contig933 contig_103
		Alignment: 1 1068 | 2355965 2357032 | 1068 1068 | 93.83 | bs_ill_bs_contig839 contig_103
		Alignment: 493 720 | 2358261 2358034 | 228 228 | 96.05 | bs_ill_bs_contig1146 contig_103
		Alignment: 95 184 | 2358658 2358569 | 90 90 | 91.11 | bs_ill_bs_contig1146 contig_103
		Alignment: 1 982 | 2360380 2359398 | 982 983 | 92.73 | bs_ill_bs_contig933 contig_103
		Alignment: 2 120 | 2360327 2360445 | 119 119 | 90.76 | bs_ill_bs_contig3 contig_103
		Alignment: 261 334 | 2360587 2360660 | 74 74 | 93.24 | bs_ill_bs_contig3 contig_103
		Unaligned bases: 2707314

CONTIG: contig_83 (2992181bp)
Best alignment score: 4583.0 (LEN: 4701, IDY: 97.49), Total number of alignments: 63
			Looking for the best set of alignments (out of 63 total alignments)
			Skipping redundant alignments after choosing the best set of alignments
		Skipping redundant alignment 18222 18295 | 1083168 1083241 | 74 74 | 100.0 | bs_ill_bs_contig20 contig_83
		Skipping redundant alignment 99073 99150 | 1083241 1083164 | 78 78 | 97.44 | bs_ill_bs_contig3 contig_83
		Skipping redundant alignment 18222 18293 | 1304544 1304473 | 72 72 | 100.0 | bs_ill_bs_contig20 contig_83
		Skipping redundant alignment 99075 99146 | 1304473 1304544 | 72 72 | 100.0 | bs_ill_bs_contig3 contig_83
		Skipping redundant alignment 34981 35053 | 1304545 1304473 | 73 73 | 100.0 | bs_ill_bs_contig15 contig_83
		Skipping redundant alignment 18222 18293 | 2569987 2569916 | 72 72 | 100.0 | bs_ill_bs_contig20 contig_83
		Skipping redundant alignment 34981 35053 | 2569988 2569916 | 73 73 | 100.0 | bs_ill_bs_contig15 contig_83
		Skipping redundant alignment 99075 99146 | 2569916 2569987 | 72 72 | 100.0 | bs_ill_bs_contig3 contig_83
		Skipping redundant alignment 299 374 | 1786299 1786374 | 76 76 | 97.37 | bs_ill_bs_contig1326 contig_83
		Skipping redundant alignment 99074 99146 | 1787899 1787827 | 73 73 | 100.0 | bs_ill_bs_contig3 contig_83
		Skipping redundant alignment 1 133 | 534194 534326 | 133 133 | 91.73 | bs_ill_bs_contig3 contig_83
		Skipping redundant alignment 159 246 | 534352 534439 | 88 88 | 90.91 | bs_ill_bs_contig3 contig_83
		Skipping redundant alignment 266 333 | 534461 534528 | 68 68 | 95.59 | bs_ill_bs_contig3 contig_83
		Skipping redundant alignment 32167 32235 | 582650 582582 | 69 69 | 91.3 | bs_ill_bs_contig13 contig_83
		Skipping redundant alignment 34981 35062 | 1787826 1787907 | 82 82 | 100.0 | bs_ill_bs_contig15 contig_83
		Skipping redundant alignment 266 333 | 1077855 1077788 | 68 68 | 95.59 | bs_ill_bs_contig3 contig_83
		Skipping redundant alignment 159 246 | 1077964 1077877 | 88 88 | 90.91 | bs_ill_bs_contig3 contig_83
		Skipping redundant alignment 1 133 | 1078122 1077990 | 133 133 | 91.73 | bs_ill_bs_contig3 contig_83
		Skipping redundant alignment 99180 99347 | 2573952 2574117 | 168 166 | 90.64 | bs_ill_bs_contig3 contig_83
		This contig has several significant sets of alignments. [An ambiguously mapped contig]
		Using only the very best set (option --ambiguity-usage is set to "one").
			The best set is below. Score: 23564.4, number of alignments: 44, unaligned bases: 2964242
		This contig is misassembled.
		This contig is partially unaligned. (Aligned 27939 out of 2992181 non-N bases (0.93%))
			Warning! This contig is more unaligned than misassembled. Contig length is 2992181 (number of Ns: 0) and total length of all aligns is 27939
		Alignment: 18672 18790 | 268385 268267 | 119 119 | 90.76 | bs_ill_bs_contig13 contig_83
		Alignment: 1 277 | 286255 285979 | 277 277 | 91.07 | bs_ill_bs_contig13 contig_83
		Alignment: 1 1065 | 286201 287265 | 1065 1065 | 95.6 | bs_ill_bs_contig839 contig_83
		Alignment: 108 910 | 287460 288268 | 803 809 | 91.87 | bs_ill_bs_contig991 contig_83
		Alignment: 83 720 | 288909 288273 | 638 637 | 90.39 | bs_ill_bs_contig1146 contig_83
		Alignment: 1 966 | 290419 289456 | 966 964 | 94.21 | bs_ill_bs_contig933 contig_83
		Alignment: 1 133 | 290365 290497 | 133 133 | 91.73 | bs_ill_bs_contig3 contig_83
		Alignment: 159 246 | 290523 290610 | 88 88 | 90.91 | bs_ill_bs_contig3 contig_83
		Alignment: 266 333 | 290632 290699 | 68 68 | 95.59 | bs_ill_bs_contig3 contig_83
		Alignment: 1 277 | 292274 291998 | 277 277 | 91.07 | bs_ill_bs_contig13 contig_83
		Alignment: 1 1065 | 292220 293284 | 1065 1065 | 95.6 | bs_ill_bs_contig839 contig_83
		Alignment: 108 910 | 293479 294287 | 803 809 | 91.87 | bs_ill_bs_contig991 contig_83
		Alignment: 83 720 | 294928 294292 | 638 637 | 90.39 | bs_ill_bs_contig1146 contig_83
		Alignment: 1 966 | 296438 295475 | 966 964 | 94.21 | bs_ill_bs_contig933 contig_83
		Alignment: 1 133 | 296384 296516 | 133 133 | 91.73 | bs_ill_bs_contig3 contig_83
		Alignment: 159 246 | 296542 296629 | 88 88 | 90.91 | bs_ill_bs_contig3 contig_83
		Alignment: 266 333 | 296651 296718 | 68 68 | 95.59 | bs_ill_bs_contig3 contig_83
		Alignment: 1 277 | 529833 529557 | 277 277 | 91.07 | bs_ill_bs_contig13 contig_83
		Alignment: 1 1065 | 529779 530843 | 1065 1065 | 95.6 | bs_ill_bs_contig839 contig_83
		Alignment: 108 910 | 531038 531846 | 803 809 | 91.87 | bs_ill_bs_contig991 contig_83
		Alignment: 83 720 | 532487 531851 | 638 637 | 90.39 | bs_ill_bs_contig1146 contig_83
		Alignment: 1 966 | 534248 533285 | 966 964 | 94.21 | bs_ill_bs_contig933 contig_83
		Alignment: 1 4776 | 679071 674371 | 4776 4701 | 97.49 | bs_ill_bs_contig89 contig_83
		Alignment: 1 966 | 1078068 1079031 | 966 964 | 94.21 | bs_ill_bs_contig933 contig_83
		Alignment: 83 720 | 1079829 1080465 | 638 637 | 90.39 | bs_ill_bs_contig1146 contig_83
		Alignment: 108 910 | 1081278 1080470 | 803 809 | 91.87 | bs_ill_bs_contig991 contig_83
		Alignment: 1 1065 | 1082537 1081473 | 1065 1065 | 95.6 | bs_ill_bs_contig839 contig_83
		Alignment: 1 277 | 1082483 1082759 | 277 277 | 91.07 | bs_ill_bs_contig13 contig_83
		Alignment: 266 333 | 1676393 1676326 | 68 68 | 95.59 | bs_ill_bs_contig3 contig_83
		Alignment: 159 246 | 1676502 1676415 | 88 88 | 90.91 | bs_ill_bs_contig3 contig_83
		Alignment: 1 133 | 1676660 1676528 | 133 133 | 91.73 | bs_ill_bs_contig3 contig_83
		Alignment: 1 966 | 1676606 1677569 | 966 964 | 94.21 | bs_ill_bs_contig933 contig_83
		Alignment: 83 720 | 1678116 1678752 | 638 637 | 90.39 | bs_ill_bs_contig1146 contig_83
		Alignment: 108 910 | 1679565 1678757 | 803 809 | 91.87 | bs_ill_bs_contig991 contig_83
		Alignment: 1 1065 | 1680824 1679760 | 1065 1065 | 95.6 | bs_ill_bs_contig839 contig_83
		Alignment: 1 277 | 1680770 1681046 | 277 277 | 91.07 | bs_ill_bs_contig13 contig_83
		Alignment: 266 333 | 1781070 1781003 | 68 68 | 95.59 | bs_ill_bs_contig3 contig_83
		Alignment: 159 246 | 1781179 1781092 | 88 88 | 90.91 | bs_ill_bs_contig3 contig_83
		Alignment: 1 133 | 1781337 1781205 | 133 133 | 91.73 | bs_ill_bs_contig3 contig_83
		Alignment: 1 966 | 1781283 1782247 | 966 965 | 94.12 | bs_ill_bs_contig933 contig_83
		Alignment: 83 720 | 1782794 1783430 | 638 637 | 90.39 | bs_ill_bs_contig1146 contig_83
		Alignment: 108 910 | 1784243 1783435 | 803 809 | 91.87 | bs_ill_bs_contig991 contig_83
		Alignment: 1 1065 | 1785502 1784438 | 1065 1065 | 95.6 | bs_ill_bs_contig839 contig_83
		Alignment: 1 277 | 1785448 1785724 | 277 277 | 91.07 | bs_ill_bs_contig13 contig_83
		Unaligned bases: 2964242

CONTIG: contig_86 (4045837bp)
Best alignment score: 708832.2 (LEN: 708974, IDY: 99.98), Total number of alignments: 152
			Too much alignments (152), will use speed up heuristics
			Found 53 solid alignments:
		Solid alignment 1 659 | 659 1 | 659 659 | 99.39 | bs_ill_bs_contig2 contig_86
		Solid alignment 1 23242 | 1224 24465 | 23242 23242 | 100.0 | bs_ill_bs_contig19 contig_86
		Solid alignment 1 137190 | 162735 25540 | 137190 137196 | 99.99 | bs_ill_bs_contig11 contig_86
		Solid alignment 1 269408 | 163868 433291 | 269408 269424 | 99.99 | bs_ill_bs_contig6 contig_86
		Solid alignment 1 2262 | 436107 433846 | 2262 2262 | 100.0 | bs_ill_bs_contig411 contig_86
		Solid alignment 1 156862 | 436486 593359 | 156862 156874 | 99.85 | bs_ill_bs_contig10 contig_86
		Solid alignment 114 252570 | 598118 850706 | 252457 252589 | 99.93 | bs_ill_bs_contig9 contig_86
		Solid alignment 1 294381 | 851885 1146281 | 294381 294397 | 99.99 | bs_ill_bs_contig5 contig_86
		Solid alignment 1 315068 | 1462526 1147441 | 315068 315086 | 99.99 | bs_ill_bs_contig4 contig_86
		Solid alignment 1 37065 | 1463686 1500754 | 37065 37069 | 99.98 | bs_ill_bs_contig17 contig_86
		Solid alignment 1 1152 | 1503178 1504329 | 1152 1152 | 100.0 | bs_ill_bs_contig839 contig_86
		Solid alignment 1 911 | 1504331 1505241 | 911 911 | 100.0 | bs_ill_bs_contig991 contig_86
		Solid alignment 1 982 | 1507317 1506336 | 982 982 | 100.0 | bs_ill_bs_contig933 contig_86
		Solid alignment 1 38370 | 1507604 1545976 | 38370 38373 | 99.99 | bs_ill_bs_contig16 contig_86
		Solid alignment 1 263211 | 1547156 1810382 | 263211 263227 | 99.99 | bs_ill_bs_contig7 contig_86
		Solid alignment 1 709047 | 2519956 1810983 | 709047 708974 | 99.98 | bs_ill_bs_contig1 contig_86
		Solid alignment 1 59870 | 2520187 2580058 | 59870 59872 | 100.0 | bs_ill_bs_contig14 contig_86
		Solid alignment 1 982 | 2580312 2581293 | 982 982 | 100.0 | bs_ill_bs_contig933 contig_86
		Solid alignment 1 911 | 2583475 2582565 | 911 911 | 100.0 | bs_ill_bs_contig991 contig_86
		Solid alignment 1 1152 | 2584628 2583477 | 1152 1152 | 100.0 | bs_ill_bs_contig839 contig_86
		Solid alignment 1 15524 | 2585026 2600549 | 15524 15524 | 100.0 | bs_ill_bs_contig21 contig_86
		Solid alignment 1 982 | 2600924 2601905 | 982 982 | 99.9 | bs_ill_bs_contig933 contig_86
		Solid alignment 1 911 | 2604087 2603177 | 911 911 | 100.0 | bs_ill_bs_contig991 contig_86
		Solid alignment 1 1152 | 2605240 2604089 | 1152 1152 | 100.0 | bs_ill_bs_contig839 contig_86
		Solid alignment 1 55215 | 2605662 2660876 | 55215 55215 | 100.0 | bs_ill_bs_contig15 contig_86
		Solid alignment 1 982 | 2661258 2662239 | 982 982 | 100.0 | bs_ill_bs_contig933 contig_86
		Solid alignment 1 911 | 2664244 2663334 | 911 911 | 100.0 | bs_ill_bs_contig991 contig_86
		Solid alignment 1 1152 | 2665397 2664246 | 1152 1152 | 100.0 | bs_ill_bs_contig839 contig_86
		Solid alignment 1 982 | 2667181 2668162 | 982 982 | 100.0 | bs_ill_bs_contig933 contig_86
		Solid alignment 1 911 | 2670167 2669257 | 911 911 | 100.0 | bs_ill_bs_contig991 contig_86
		Solid alignment 1 1152 | 2671320 2670169 | 1152 1152 | 100.0 | bs_ill_bs_contig839 contig_86
		Solid alignment 1 60136 | 2671266 2731404 | 60136 60139 | 99.99 | bs_ill_bs_contig13 contig_86
		Solid alignment 1 982 | 2731725 2732706 | 982 982 | 100.0 | bs_ill_bs_contig933 contig_86
		Solid alignment 1 911 | 2734711 2733801 | 911 911 | 100.0 | bs_ill_bs_contig991 contig_86
		Solid alignment 1 1152 | 2735864 2734713 | 1152 1152 | 100.0 | bs_ill_bs_contig839 contig_86
		Solid alignment 1 982 | 2737338 2738319 | 982 982 | 100.0 | bs_ill_bs_contig933 contig_86
		Solid alignment 1 911 | 2740324 2739414 | 911 911 | 100.0 | bs_ill_bs_contig991 contig_86
		Solid alignment 1 1152 | 2741477 2740326 | 1152 1152 | 100.0 | bs_ill_bs_contig839 contig_86
		Solid alignment 1 982 | 2742340 2743321 | 982 982 | 100.0 | bs_ill_bs_contig933 contig_86
		Solid alignment 1 911 | 2745326 2744416 | 911 911 | 99.89 | bs_ill_bs_contig991 contig_86
		Solid alignment 1 1152 | 2746479 2745328 | 1152 1152 | 100.0 | bs_ill_bs_contig839 contig_86
		Solid alignment 1 18355 | 2746693 2765046 | 18355 18354 | 99.96 | bs_ill_bs_contig20 contig_86
		Solid alignment 1 104023 | 2869232 2765200 | 104023 104033 | 99.99 | bs_ill_bs_contig12 contig_86
		Solid alignment 1 325319 | 3195877 2870392 | 325319 325486 | 99.94 | bs_ill_bs_contig3 contig_86
		Solid alignment 1 982 | 3195823 3196804 | 982 982 | 100.0 | bs_ill_bs_contig933 contig_86
		Solid alignment 1 911 | 3198809 3197899 | 911 911 | 100.0 | bs_ill_bs_contig991 contig_86
		Solid alignment 1 1152 | 3199962 3198811 | 1152 1152 | 99.91 | bs_ill_bs_contig839 contig_86
		Solid alignment 1 29697 | 3200301 3230000 | 29697 29700 | 99.94 | bs_ill_bs_contig18 contig_86
		Solid alignment 1 257004 | 3231159 3488221 | 257004 257063 | 99.97 | bs_ill_bs_contig8 contig_86
		Solid alignment 1 982 | 3488607 3489589 | 982 983 | 99.9 | bs_ill_bs_contig933 contig_86
		Solid alignment 1 911 | 3491594 3490684 | 911 911 | 99.89 | bs_ill_bs_contig991 contig_86
		Solid alignment 1 1152 | 3492747 3491596 | 1152 1152 | 100.0 | bs_ill_bs_contig839 contig_86
		Solid alignment 674 552243 | 4045837 3494398 | 551570 551440 | 99.96 | bs_ill_bs_contig2 contig_86
			Skipping alignments located inside solid regions since they are redundant:
		Skipping redundant alignment 1 138 | 592866 593003 | 138 138 | 99.28 | bs_ill_bs_contig9 contig_86
		Skipping redundant alignment 256 437 | 593139 593320 | 182 182 | 90.66 | bs_ill_bs_contig9 contig_86
		Skipping redundant alignment 487 557 | 598311 598381 | 71 71 | 92.96 | bs_ill_bs_contig9 contig_86
		Skipping redundant alignment 342 430 | 1507669 1507757 | 89 89 | 100.0 | bs_ill_bs_contig3 contig_86
			Looking for the best set of alignments (out of 148 total alignments)
		Ambiguity for this contig is not checked for speed up (too much alignments and --ambiguity-usage is "one")
			Skipping redundant alignments after choosing the best set of alignments
		Skipping redundant alignment 341 430 | 3488256 3488167 | 90 90 | 98.89 | bs_ill_bs_contig3 contig_86
		Skipping redundant alignment 149 320 | 433729 433900 | 172 172 | 100.0 | bs_ill_bs_contig10 contig_86
		Skipping redundant alignment 155994 156067 | 593940 594013 | 74 74 | 94.59 | bs_ill_bs_contig10 contig_86
		Skipping redundant alignment 262 442 | 593901 594081 | 181 181 | 92.27 | bs_ill_bs_contig9 contig_86
		Skipping redundant alignment 70 297 | 3493570 3493797 | 228 228 | 100.0 | bs_ill_bs_contig18 contig_86
		Skipping redundant alignment 98992 99064 | 3494328 3494256 | 73 73 | 100.0 | bs_ill_bs_contig3 contig_86
		Skipping redundant alignment 103890 103965 | 3494330 3494255 | 76 76 | 100.0 | bs_ill_bs_contig12 contig_86
		Skipping redundant alignment 156834 156912 | 595266 595344 | 79 79 | 92.41 | bs_ill_bs_contig10 contig_86
		Skipping redundant alignment 1 120 | 596088 596207 | 120 120 | 99.17 | bs_ill_bs_contig9 contig_86
		Skipping redundant alignment 156810 156939 | 596466 596595 | 130 130 | 100.0 | bs_ill_bs_contig10 contig_86
		Skipping redundant alignment 445 517 | 596541 596613 | 73 73 | 100.0 | bs_ill_bs_contig9 contig_86
		Skipping redundant alignment 262 449 | 596547 596734 | 188 188 | 92.55 | bs_ill_bs_contig9 contig_86
		Skipping redundant alignment 156823 156913 | 597460 597550 | 91 91 | 92.31 | bs_ill_bs_contig10 contig_86
		Skipping redundant alignment 156456 156553 | 597822 597919 | 98 98 | 100.0 | bs_ill_bs_contig10 contig_86
		Skipping redundant alignment 99074 99348 | 1500700 1500974 | 275 275 | 100.0 | bs_ill_bs_contig3 contig_86
		Skipping redundant alignment 73 297 | 1501564 1501340 | 225 225 | 99.11 | bs_ill_bs_contig18 contig_86
		Skipping redundant alignment 7557 7656 | 1501673 1501574 | 100 100 | 99.0 | bs_ill_bs_contig21 contig_86
		Skipping redundant alignment 34895 34972 | 1501832 1501755 | 78 78 | 100.0 | bs_ill_bs_contig15 contig_86
		Skipping redundant alignment 524 601 | 1502021 1502098 | 78 78 | 100.0 | bs_ill_bs_contig3 contig_86
		Skipping redundant alignment 219 297 | 2520087 2520009 | 79 79 | 100.0 | bs_ill_bs_contig18 contig_86
		Skipping redundant alignment 34982 35054 | 2520241 2520169 | 73 73 | 100.0 | bs_ill_bs_contig15 contig_86
		Skipping redundant alignment 18222 18295 | 2520241 2520168 | 74 74 | 100.0 | bs_ill_bs_contig20 contig_86
		Skipping redundant alignment 99073 99146 | 2520168 2520241 | 74 74 | 100.0 | bs_ill_bs_contig3 contig_86
		Skipping redundant alignment 1 425 | 2580366 2579941 | 425 426 | 99.53 | bs_ill_bs_contig3 contig_86
		Skipping redundant alignment 1 274 | 2584574 2584847 | 274 274 | 100.0 | bs_ill_bs_contig13 contig_86
		Skipping redundant alignment 328 450 | 2584982 2585104 | 123 123 | 100.0 | bs_ill_bs_contig13 contig_86
		Skipping redundant alignment 99271 99341 | 3493282 3493212 | 71 71 | 95.77 | bs_ill_bs_contig3 contig_86
		Skipping redundant alignment 1 115 | 2605638 2605752 | 115 115 | 98.26 | bs_ill_bs_contig21 contig_86
		Skipping redundant alignment 99073 99146 | 3493487 3493414 | 74 74 | 100.0 | bs_ill_bs_contig3 contig_86
		Skipping redundant alignment 521 601 | 2666476 2666396 | 81 81 | 100.0 | bs_ill_bs_contig3 contig_86
		Skipping redundant alignment 299 374 | 2736512 2736587 | 76 76 | 100.0 | bs_ill_bs_contig1326 contig_86
		Skipping redundant alignment 104 170 | 2742014 2741948 | 67 67 | 91.04 | bs_ill_bs_contig16 contig_86
		Skipping redundant alignment 1 500 | 2746425 2746926 | 500 502 | 98.41 | bs_ill_bs_contig13 contig_86
			The best set is below. Score: 4022721.1, number of alignments: 115, unaligned bases: 12133
		This contig is misassembled.
		This contig is partially unaligned. (Aligned 4033704 out of 4045837 non-N bases (99.70%))
			Real Alignment 1: 1 659 | 659 1 | 659 659 | 99.39 | bs_ill_bs_contig2 contig_86
			  Not a misassembly [fragmentation of reference genome] between these two alignments
			Excluding internal overlap of size 55 between Alignment 2 and 3: 708430 709047 | 1278 661 | 618 618 --> 708485 709047 | 1223 661 | 563 563
			Real Alignment 2: 708485 709047 | 1223 661 | 563 563 | 99.84 | bs_ill_bs_contig1 contig_86
			  Extensive misassembly (translocation) between these two alignments
			Excluding internal overlap of size 114 between Alignment 3 and 4: 708435 709047 | 24352 24964 | 613 613 --> 708549 709047 | 24466 24964 | 499 499
			Real Alignment 3: 1 23242 | 1224 24465 | 23242 23242 | 100.0 | bs_ill_bs_contig19 contig_86
			  Extensive misassembly (translocation) between these two alignments
			Real Alignment 4: 708549 709047 | 24466 24964 | 499 499 | 98.69 | bs_ill_bs_contig1 contig_86
			  Not a misassembly [fragmentation of reference genome] between these two alignments
			Excluding internal overlap of size 99 between Alignment 5 and 6: 1 673 | 24966 25638 | 673 673 --> 1 574 | 24966 25539 | 574 574
			Real Alignment 5: 1 574 | 24966 25539 | 574 574 | 97.62 | bs_ill_bs_contig2 contig_86
			  Extensive misassembly (translocation) between these two alignments
			Excluding internal overlap of size 55 between Alignment 6 and 7: 708461 709047 | 162681 163267 | 587 587 --> 708516 709047 | 162736 163267 | 532 532
			Real Alignment 6: 1 137190 | 162735 25540 | 137190 137196 | 99.99 | bs_ill_bs_contig11 contig_86
			  Extensive misassembly (translocation) between these two alignments
			Real Alignment 7: 708516 709047 | 162736 163267 | 532 532 | 98.81 | bs_ill_bs_contig1 contig_86
			  Not a misassembly [fragmentation of reference genome] between these two alignments
			Excluding internal overlap of size 72 between Alignment 8 and 9: 1 671 | 163269 163939 | 671 671 --> 1 599 | 163269 163867 | 599 599
			Real Alignment 8: 1 599 | 163269 163867 | 599 599 | 98.06 | bs_ill_bs_contig2 contig_86
			  Extensive misassembly (translocation) between these two alignments
			Real Alignment 9: 1 269408 | 163868 433291 | 269408 269424 | 99.99 | bs_ill_bs_contig6 contig_86
			  Not a misassembly [fragmentation of reference genome] between these two alignments
			Real Alignment 10: 1 2262 | 436107 433846 | 2262 2262 | 100.0 | bs_ill_bs_contig411 contig_86
			  Not a misassembly [fragmentation of reference genome] between these two alignments
			Real Alignment 11: 1 156862 | 436486 593359 | 156862 156874 | 99.85 | bs_ill_bs_contig10 contig_86
			  Gap between these two alignments (local misassembly). Inconsistency = -513
			Real Alignment 12: 156590 156939 | 593600 593949 | 350 350 | 100.0 | bs_ill_bs_contig10 contig_86
			  Gap between these two alignments (local misassembly). Inconsistency = -927
			Real Alignment 13: 156077 156223 | 594014 594160 | 147 147 | 97.96 | bs_ill_bs_contig10 contig_86
			  Gap between these two alignments (local misassembly). Inconsistency = -378
			Real Alignment 14: 155978 156197 | 594293 594512 | 220 220 | 99.55 | bs_ill_bs_contig10 contig_86
			  Indel (> 5bp) between these two alignments: deletion of length 36; 0 mismatches (number of Ns: 0)
			Real Alignment 15: 156234 156335 | 594513 594614 | 102 102 | 93.14 | bs_ill_bs_contig10 contig_86
			  Gap between these two alignments (local misassembly). Inconsistency = -153
			Excluding internal overlap of size 40 between Alignment 16 and 17: 156423 156826 | 594855 595258 | 404 404 --> 156423 156786 | 594855 595218 | 364 364
			Real Alignment 16: 156423 156786 | 594855 595218 | 364 364 | 92.08 | bs_ill_bs_contig10 contig_86
			  Extensive misassembly (translocation) between these two alignments
			Real Alignment 17: 59 507 | 595658 595219 | 449 440 | 97.77 | bs_ill_bs_contig1250 contig_86
			  Extensive misassembly (translocation) between these two alignments
			Real Alignment 18: 156140 156408 | 595895 596163 | 269 269 | 96.28 | bs_ill_bs_contig10 contig_86
			  Gap between these two alignments (local misassembly). Inconsistency = 243
			Real Alignment 19: 156684 156751 | 596196 596263 | 68 68 | 98.53 | bs_ill_bs_contig10 contig_86
			  Gap between these two alignments (local misassembly). Inconsistency = -747
			Real Alignment 20: 156140 156290 | 596399 596549 | 151 151 | 94.7 | bs_ill_bs_contig10 contig_86
			  Gap between these two alignments (local misassembly). Inconsistency = -333
			Real Alignment 21: 155994 156223 | 596586 596815 | 230 230 | 96.52 | bs_ill_bs_contig10 contig_86
			  Gap between these two alignments (local misassembly). Inconsistency = -378
			Excluding internal overlap of size 88 between Alignment 22 and 23: 155978 156223 | 596948 597193 | 246 246 --> 155978 156135 | 596948 597105 | 158 158
			Real Alignment 22: 155978 156135 | 596948 597105 | 158 158 | 98.37 | bs_ill_bs_contig10 contig_86
			  Extensive misassembly (translocation) between these two alignments
			Real Alignment 23: 1 609 | 597714 597106 | 609 609 | 100.0 | bs_ill_bs_contig1250 contig_86
			  Gap between these two alignments (local misassembly). Inconsistency = 33 [fragmentation of reference genome]
			Excluding internal overlap of size 13 between Alignment 24 and 25: 34 342 | 597822 598130 | 309 309 --> 34 329 | 597822 598117 | 296 296
			Real Alignment 24: 34 329 | 597822 598117 | 296 296 | 99.03 | bs_ill_bs_contig9 contig_86
			  Overlap between these two alignments (local misassembly). Inconsistency = -216
			Excluding internal overlap of size 55 between Alignment 25 and 26: 708434 709047 | 850652 851265 | 614 614 --> 708489 709047 | 850707 851265 | 559 559
			Real Alignment 25: 114 252570 | 598118 850706 | 252457 252589 | 99.93 | bs_ill_bs_contig9 contig_86
			  Extensive misassembly (translocation) between these two alignments
			Real Alignment 26: 708489 709047 | 850707 851265 | 559 559 | 99.84 | bs_ill_bs_contig1 contig_86
			  Not a misassembly [fragmentation of reference genome] between these two alignments
			Excluding internal overlap of size 56 between Alignment 27 and 28: 1 674 | 851267 851940 | 674 674 --> 1 618 | 851267 851884 | 618 618
			Real Alignment 27: 1 618 | 851267 851884 | 618 618 | 99.26 | bs_ill_bs_contig2 contig_86
			  Extensive misassembly (translocation) between these two alignments
			Excluding internal overlap of size 74 between Alignment 28 and 29: 1 673 | 1146881 1146208 | 673 674 --> 1 599 | 1146881 1146282 | 599 600
			Real Alignment 28: 1 294381 | 851885 1146281 | 294381 294397 | 99.99 | bs_ill_bs_contig5 contig_86
			  Extensive misassembly (translocation) between these two alignments
			Real Alignment 29: 1 599 | 1146881 1146282 | 599 600 | 99.11 | bs_ill_bs_contig2 contig_86
			  Not a misassembly [fragmentation of reference genome] between these two alignments
			Excluding internal overlap of size 55 between Alignment 30 and 31: 708435 709047 | 1147495 1146883 | 613 613 --> 708490 709047 | 1147440 1146883 | 558 558
			Real Alignment 30: 708490 709047 | 1147440 1146883 | 558 558 | 100.0 | bs_ill_bs_contig1 contig_86
			  Extensive misassembly (translocation) between these two alignments
			Excluding internal overlap of size 74 between Alignment 31 and 32: 1 673 | 1463125 1462453 | 673 673 --> 1 599 | 1463125 1462527 | 599 599
			Real Alignment 31: 1 315068 | 1462526 1147441 | 315068 315086 | 99.99 | bs_ill_bs_contig4 contig_86
			  Extensive misassembly (translocation) between these two alignments
			Real Alignment 32: 1 599 | 1463125 1462527 | 599 599 | 99.26 | bs_ill_bs_contig2 contig_86
			  Not a misassembly [fragmentation of reference genome] between these two alignments
			Excluding internal overlap of size 55 between Alignment 33 and 34: 708434 709047 | 1463740 1463127 | 614 614 --> 708489 709047 | 1463685 1463127 | 559 559
			Real Alignment 33: 708489 709047 | 1463685 1463127 | 559 559 | 99.84 | bs_ill_bs_contig1 contig_86
			  Extensive misassembly (translocation) between these two alignments
			Real Alignment 34: 1 37065 | 1463686 1500754 | 37065 37069 | 99.98 | bs_ill_bs_contig17 contig_86
			  Not a misassembly [fragmentation of reference genome] between these two alignments
			Real Alignment 35: 1 536 | 1502554 1502046 | 536 509 | 90.26 | bs_ill_bs_contig1326 contig_86
			  Extensive misassembly (translocation) between these two alignments
			Real Alignment 36: 328 453 | 1502824 1502699 | 126 126 | 100.0 | bs_ill_bs_contig13 contig_86
			  Gap between these two alignments (local misassembly). Inconsistency = -81
			Excluding internal overlap of size 55 between Alignment 37 and 38: 1 274 | 1503232 1502959 | 274 274 --> 56 274 | 1503177 1502959 | 219 219
			Real Alignment 37: 56 274 | 1503177 1502959 | 219 219 | 100.0 | bs_ill_bs_contig13 contig_86
			  Indel (> 5bp) between these two alignments: deletion of length 55; 0 mismatches (number of Ns: 0) [fragmentation of reference genome]
			Real Alignment 38: 1 1152 | 1503178 1504329 | 1152 1152 | 100.0 | bs_ill_bs_contig839 contig_86
			  Not a misassembly [fragmentation of reference genome] between these two alignments
			Real Alignment 39: 1 911 | 1504331 1505241 | 911 911 | 100.0 | bs_ill_bs_contig991 contig_86
			  Not a misassembly [fragmentation of reference genome] between these two alignments
			Real Alignment 40: 1 722 | 1505964 1505243 | 722 722 | 100.0 | bs_ill_bs_contig1146 contig_86
			  Not a misassembly [fragmentation of reference genome] between these two alignments
			Excluding internal overlap of size 55 between Alignment 41 and 42: 1 341 | 1507263 1507603 | 341 341 --> 56 341 | 1507318 1507603 | 286 286
			Real Alignment 41: 1 982 | 1507317 1506336 | 982 982 | 100.0 | bs_ill_bs_contig933 contig_86
			  Indel (> 5bp) between these two alignments: deletion of length 55; 0 mismatches (number of Ns: 0) [fragmentation of reference genome]
			Real Alignment 42: 56 341 | 1507318 1507603 | 286 286 | 100.0 | bs_ill_bs_contig3 contig_86
			  Extensive misassembly (translocation) between these two alignments
			Excluding internal overlap of size 55 between Alignment 43 and 44: 708435 709047 | 1545922 1546534 | 613 613 --> 708490 709047 | 1545977 1546534 | 558 558
			Real Alignment 43: 1 38370 | 1507604 1545976 | 38370 38373 | 99.99 | bs_ill_bs_contig16 contig_86
			  Extensive misassembly (translocation) between these two alignments
			Real Alignment 44: 708490 709047 | 1545977 1546534 | 558 558 | 99.84 | bs_ill_bs_contig1 contig_86
			  Not a misassembly [fragmentation of reference genome] between these two alignments
			Excluding internal overlap of size 53 between Alignment 45 and 46: 1 673 | 1546536 1547208 | 673 673 --> 1 620 | 1546536 1547155 | 620 620
			Real Alignment 45: 1 620 | 1546536 1547155 | 620 620 | 99.11 | bs_ill_bs_contig2 contig_86
			  Extensive misassembly (translocation) between these two alignments
			Excluding internal overlap of size 74 between Alignment 46 and 47: 1 673 | 1810981 1810309 | 673 673 --> 1 599 | 1810981 1810383 | 599 599
			Real Alignment 46: 1 263211 | 1547156 1810382 | 263211 263227 | 99.99 | bs_ill_bs_contig7 contig_86
			  Extensive misassembly (translocation) between these two alignments
			Real Alignment 47: 1 599 | 1810981 1810383 | 599 599 | 99.41 | bs_ill_bs_contig2 contig_86
			  Not a misassembly [fragmentation of reference genome] between these two alignments
			Real Alignment 48: 1 709047 | 2519956 1810983 | 709047 708974 | 99.98 | bs_ill_bs_contig1 contig_86
			  Not a misassembly [fragmentation of reference genome] between these two alignments
			Real Alignment 49: 1 59870 | 2520187 2580058 | 59870 59872 | 100.0 | bs_ill_bs_contig14 contig_86
			  Not a misassembly [fragmentation of reference genome] between these two alignments
			Real Alignment 50: 1 982 | 2580312 2581293 | 982 982 | 100.0 | bs_ill_bs_contig933 contig_86
			  Not a misassembly [fragmentation of reference genome] between these two alignments
			Real Alignment 51: 1 722 | 2581842 2582563 | 722 722 | 100.0 | bs_ill_bs_contig1146 contig_86
			  Not a misassembly [fragmentation of reference genome] between these two alignments
			Real Alignment 52: 1 911 | 2583475 2582565 | 911 911 | 100.0 | bs_ill_bs_contig991 contig_86
			  Not a misassembly [fragmentation of reference genome] between these two alignments
			Real Alignment 53: 1 1152 | 2584628 2583477 | 1152 1152 | 100.0 | bs_ill_bs_contig839 contig_86
			  Not a misassembly [fragmentation of reference genome] between these two alignments
			Real Alignment 54: 1 15524 | 2585026 2600549 | 15524 15524 | 100.0 | bs_ill_bs_contig21 contig_86
			  Extensive misassembly (translocation) between these two alignments
			Excluding internal overlap of size 55 between Alignment 55 and 56: 1 342 | 2600978 2600637 | 342 342 --> 56 342 | 2600923 2600637 | 287 287
			Real Alignment 55: 56 342 | 2600923 2600637 | 287 287 | 100.0 | bs_ill_bs_contig3 contig_86
			  Indel (> 5bp) between these two alignments: deletion of length 55; 0 mismatches (number of Ns: 0) [fragmentation of reference genome]
			Real Alignment 56: 1 982 | 2600924 2601905 | 982 982 | 99.9 | bs_ill_bs_contig933 contig_86
			  Not a misassembly [fragmentation of reference genome] between these two alignments
			Real Alignment 57: 1 722 | 2602454 2603175 | 722 722 | 100.0 | bs_ill_bs_contig1146 contig_86
			  Not a misassembly [fragmentation of reference genome] between these two alignments
			Real Alignment 58: 1 911 | 2604087 2603177 | 911 911 | 100.0 | bs_ill_bs_contig991 contig_86
			  Not a misassembly [fragmentation of reference genome] between these two alignments
			Excluding internal overlap of size 55 between Alignment 59 and 60: 1 274 | 2605186 2605459 | 274 274 --> 56 274 | 2605241 2605459 | 219 219
			Real Alignment 59: 1 1152 | 2605240 2604089 | 1152 1152 | 100.0 | bs_ill_bs_contig839 contig_86
			  Indel (> 5bp) between these two alignments: deletion of length 55; 0 mismatches (number of Ns: 0) [fragmentation of reference genome]
			Real Alignment 60: 56 274 | 2605241 2605459 | 219 219 | 100.0 | bs_ill_bs_contig13 contig_86
			  Gap between these two alignments (local misassembly). Inconsistency = -81
			Excluding internal overlap of size 55 between Alignment 61 and 62: 328 450 | 2605594 2605716 | 123 123 --> 328 395 | 2605594 2605661 | 68 68
			Real Alignment 61: 328 395 | 2605594 2605661 | 68 68 | 100.0 | bs_ill_bs_contig13 contig_86
			  Extensive misassembly (translocation) between these two alignments
			Real Alignment 62: 1 55215 | 2605662 2660876 | 55215 55215 | 100.0 | bs_ill_bs_contig15 contig_86
			  Extensive misassembly (translocation) between these two alignments
			Excluding internal overlap of size 55 between Alignment 63 and 64: 1 341 | 2661312 2660972 | 341 341 --> 56 341 | 2661257 2660972 | 286 286
			Real Alignment 63: 56 341 | 2661257 2660972 | 286 286 | 100.0 | bs_ill_bs_contig3 contig_86
			  Indel (> 5bp) between these two alignments: deletion of length 55; 0 mismatches (number of Ns: 0) [fragmentation of reference genome]
			Real Alignment 64: 1 982 | 2661258 2662239 | 982 982 | 100.0 | bs_ill_bs_contig933 contig_86
			  Not a misassembly [fragmentation of reference genome] between these two alignments
			Real Alignment 65: 1 722 | 2662611 2663332 | 722 722 | 100.0 | bs_ill_bs_contig1146 contig_86
			  Not a misassembly [fragmentation of reference genome] between these two alignments
			Real Alignment 66: 1 911 | 2664244 2663334 | 911 911 | 100.0 | bs_ill_bs_contig991 contig_86
			  Not a misassembly [fragmentation of reference genome] between these two alignments
			Excluding internal overlap of size 55 between Alignment 67 and 68: 1 453 | 2665343 2665796 | 453 454 --> 56 453 | 2665398 2665796 | 398 399
			Real Alignment 67: 1 1152 | 2665397 2664246 | 1152 1152 | 100.0 | bs_ill_bs_contig839 contig_86
			  Indel (> 5bp) between these two alignments: deletion of length 55; 0 mismatches (number of Ns: 0) [fragmentation of reference genome]
			Real Alignment 68: 56 453 | 2665398 2665796 | 398 399 | 99.78 | bs_ill_bs_contig13 contig_86
			  Extensive misassembly (translocation) between these two alignments
			Real Alignment 69: 1 536 | 2665913 2666448 | 536 536 | 100.0 | bs_ill_bs_contig1326 contig_86
			  Extensive misassembly (translocation) between these two alignments
			Excluding internal overlap of size 55 between Alignment 70 and 71: 1 341 | 2667235 2666895 | 341 341 --> 56 341 | 2667180 2666895 | 286 286
			Real Alignment 70: 56 341 | 2667180 2666895 | 286 286 | 100.0 | bs_ill_bs_contig3 contig_86
			  Indel (> 5bp) between these two alignments: deletion of length 55; 0 mismatches (number of Ns: 0) [fragmentation of reference genome]
			Real Alignment 71: 1 982 | 2667181 2668162 | 982 982 | 100.0 | bs_ill_bs_contig933 contig_86
			  Not a misassembly [fragmentation of reference genome] between these two alignments
			Real Alignment 72: 1 722 | 2668534 2669255 | 722 722 | 100.0 | bs_ill_bs_contig1146 contig_86
			  Not a misassembly [fragmentation of reference genome] between these two alignments
			Real Alignment 73: 1 911 | 2670167 2669257 | 911 911 | 100.0 | bs_ill_bs_contig991 contig_86
			  Not a misassembly [fragmentation of reference genome] between these two alignments
			Excluding internal overlap of size 55 between Alignment 74 and 75: 1 1152 | 2671320 2670169 | 1152 1152 --> 56 1152 | 2671265 2670169 | 1097 1097
			Real Alignment 74: 56 1152 | 2671265 2670169 | 1097 1097 | 100.0 | bs_ill_bs_contig839 contig_86
			  Indel (> 5bp) between these two alignments: deletion of length 55; 0 mismatches (number of Ns: 0) [fragmentation of reference genome]
			Excluding internal overlap of size 55 between Alignment 75 and 76: 1 430 | 2731779 2731350 | 430 430 --> 1 375 | 2731779 2731405 | 375 375
			Real Alignment 75: 1 60136 | 2671266 2731404 | 60136 60139 | 99.99 | bs_ill_bs_contig13 contig_86
			  Extensive misassembly (translocation) between these two alignments
			Excluding internal overlap of size 55 between Alignment 76 and 77: 1 375 | 2731779 2731405 | 375 375 --> 56 375 | 2731724 2731405 | 320 320
			Real Alignment 76: 56 375 | 2731724 2731405 | 320 320 | 99.77 | bs_ill_bs_contig3 contig_86
			  Indel (> 5bp) between these two alignments: deletion of length 55; 0 mismatches (number of Ns: 0) [fragmentation of reference genome]
			Real Alignment 77: 1 982 | 2731725 2732706 | 982 982 | 100.0 | bs_ill_bs_contig933 contig_86
			  Not a misassembly [fragmentation of reference genome] between these two alignments
			Real Alignment 78: 1 722 | 2733078 2733799 | 722 722 | 100.0 | bs_ill_bs_contig1146 contig_86
			  Not a misassembly [fragmentation of reference genome] between these two alignments
			Real Alignment 79: 1 911 | 2734711 2733801 | 911 911 | 100.0 | bs_ill_bs_contig991 contig_86
			  Not a misassembly [fragmentation of reference genome] between these two alignments
			Excluding internal overlap of size 55 between Alignment 80 and 81: 1 449 | 2735810 2736258 | 449 449 --> 56 449 | 2735865 2736258 | 394 394
			Real Alignment 80: 1 1152 | 2735864 2734713 | 1152 1152 | 100.0 | bs_ill_bs_contig839 contig_86
			  Indel (> 5bp) between these two alignments: deletion of length 55; 0 mismatches (number of Ns: 0) [fragmentation of reference genome]
			Real Alignment 81: 56 449 | 2735865 2736258 | 394 394 | 99.78 | bs_ill_bs_contig13 contig_86
			  Extensive misassembly (translocation) between these two alignments
			Real Alignment 82: 521 601 | 2736700 2736620 | 81 81 | 100.0 | bs_ill_bs_contig3 contig_86
			  Gap between these two alignments (local misassembly). Inconsistency = -171
			Excluding internal overlap of size 55 between Alignment 83 and 84: 1 430 | 2737392 2736962 | 430 431 --> 56 430 | 2737337 2736962 | 375 376
			Real Alignment 83: 56 430 | 2737337 2736962 | 375 376 | 99.54 | bs_ill_bs_contig3 contig_86
			  Indel (> 5bp) between these two alignments: deletion of length 55; 0 mismatches (number of Ns: 0) [fragmentation of reference genome]
			Real Alignment 84: 1 982 | 2737338 2738319 | 982 982 | 100.0 | bs_ill_bs_contig933 contig_86
			  Not a misassembly [fragmentation of reference genome] between these two alignments
			Real Alignment 85: 1 722 | 2738691 2739412 | 722 722 | 100.0 | bs_ill_bs_contig1146 contig_86
			  Not a misassembly [fragmentation of reference genome] between these two alignments
			Real Alignment 86: 1 911 | 2740324 2739414 | 911 911 | 100.0 | bs_ill_bs_contig991 contig_86
			  Not a misassembly [fragmentation of reference genome] between these two alignments
			Excluding internal overlap of size 55 between Alignment 87 and 88: 1 453 | 2741423 2741876 | 453 454 --> 56 453 | 2741478 2741876 | 398 399
			Real Alignment 87: 1 1152 | 2741477 2740326 | 1152 1152 | 100.0 | bs_ill_bs_contig839 contig_86
			  Indel (> 5bp) between these two alignments: deletion of length 55; 0 mismatches (number of Ns: 0) [fragmentation of reference genome]
			Real Alignment 88: 56 453 | 2741478 2741876 | 398 399 | 99.78 | bs_ill_bs_contig13 contig_86
			  Extensive misassembly (translocation) between these two alignments
			Excluding internal overlap of size 55 between Alignment 89 and 90: 1 430 | 2742394 2741964 | 430 431 --> 56 430 | 2742339 2741964 | 375 376
			Real Alignment 89: 56 430 | 2742339 2741964 | 375 376 | 99.54 | bs_ill_bs_contig3 contig_86
			  Indel (> 5bp) between these two alignments: deletion of length 55; 0 mismatches (number of Ns: 0) [fragmentation of reference genome]
			Real Alignment 90: 1 982 | 2742340 2743321 | 982 982 | 100.0 | bs_ill_bs_contig933 contig_86
			  Not a misassembly [fragmentation of reference genome] between these two alignments
			Real Alignment 91: 1 722 | 2743693 2744414 | 722 722 | 100.0 | bs_ill_bs_contig1146 contig_86
			  Not a misassembly [fragmentation of reference genome] between these two alignments
			Real Alignment 92: 1 911 | 2745326 2744416 | 911 911 | 99.89 | bs_ill_bs_contig991 contig_86
			  Not a misassembly [fragmentation of reference genome] between these two alignments
			Real Alignment 93: 1 1152 | 2746479 2745328 | 1152 1152 | 100.0 | bs_ill_bs_contig839 contig_86
			  Not a misassembly [fragmentation of reference genome] between these two alignments
			Real Alignment 94: 1 18355 | 2746693 2765046 | 18355 18354 | 99.96 | bs_ill_bs_contig20 contig_86
			  Not a misassembly [fragmentation of reference genome] between these two alignments
			Excluding internal overlap of size 55 between Alignment 95 and 96: 708434 709047 | 2869178 2869791 | 614 614 --> 708489 709047 | 2869233 2869791 | 559 559
			Real Alignment 95: 1 104023 | 2869232 2765200 | 104023 104033 | 99.99 | bs_ill_bs_contig12 contig_86
			  Extensive misassembly (translocation) between these two alignments
			Real Alignment 96: 708489 709047 | 2869233 2869791 | 559 559 | 99.84 | bs_ill_bs_contig1 contig_86
			  Not a misassembly [fragmentation of reference genome] between these two alignments
			Excluding internal overlap of size 74 between Alignment 97 and 98: 1 673 | 2869793 2870465 | 673 673 --> 1 599 | 2869793 2870391 | 599 599
			Real Alignment 97: 1 599 | 2869793 2870391 | 599 599 | 99.26 | bs_ill_bs_contig2 contig_86
			  Extensive misassembly (translocation) between these two alignments
			Excluding internal overlap of size 55 between Alignment 98 and 99: 1 982 | 3195823 3196804 | 982 982 --> 56 982 | 3195878 3196804 | 927 927
			Real Alignment 98: 1 325319 | 3195877 2870392 | 325319 325486 | 99.94 | bs_ill_bs_contig3 contig_86
			  Indel (> 5bp) between these two alignments: deletion of length 55; 0 mismatches (number of Ns: 0) [fragmentation of reference genome]
			Real Alignment 99: 56 982 | 3195878 3196804 | 927 927 | 100.0 | bs_ill_bs_contig933 contig_86
			  Not a misassembly [fragmentation of reference genome] between these two alignments
			Real Alignment 100: 1 722 | 3197176 3197897 | 722 722 | 100.0 | bs_ill_bs_contig1146 contig_86
			  Not a misassembly [fragmentation of reference genome] between these two alignments
			Real Alignment 101: 1 911 | 3198809 3197899 | 911 911 | 100.0 | bs_ill_bs_contig991 contig_86
			  Not a misassembly [fragmentation of reference genome] between these two alignments
			Excluding internal overlap of size 55 between Alignment 102 and 103: 1 448 | 3199908 3200356 | 448 449 --> 56 448 | 3199963 3200356 | 393 394
			Real Alignment 102: 1 1152 | 3199962 3198811 | 1152 1152 | 99.91 | bs_ill_bs_contig839 contig_86
			  Indel (> 5bp) between these two alignments: deletion of length 55; 0 mismatches (number of Ns: 0) [fragmentation of reference genome]
			Excluding internal overlap of size 56 between Alignment 103 and 104: 56 448 | 3199963 3200356 | 393 394 --> 56 393 | 3199963 3200300 | 338 338
			Real Alignment 103: 56 393 | 3199963 3200300 | 338 338 | 99.78 | bs_ill_bs_contig13 contig_86
			  Extensive misassembly (translocation) between these two alignments
			Excluding internal overlap of size 55 between Alignment 104 and 105: 708435 709047 | 3229946 3230558 | 613 613 --> 708490 709047 | 3230001 3230558 | 558 558
			Real Alignment 104: 1 29697 | 3200301 3230000 | 29697 29700 | 99.94 | bs_ill_bs_contig18 contig_86
			  Extensive misassembly (translocation) between these two alignments
			Real Alignment 105: 708490 709047 | 3230001 3230558 | 558 558 | 99.84 | bs_ill_bs_contig1 contig_86
			  Not a misassembly [fragmentation of reference genome] between these two alignments
			Excluding internal overlap of size 74 between Alignment 106 and 107: 1 673 | 3230560 3231232 | 673 673 --> 1 599 | 3230560 3231158 | 599 599
			Real Alignment 106: 1 599 | 3230560 3231158 | 599 599 | 99.11 | bs_ill_bs_contig2 contig_86
			  Extensive misassembly (translocation) between these two alignments
			Real Alignment 107: 1 257004 | 3231159 3488221 | 257004 257063 | 99.97 | bs_ill_bs_contig8 contig_86
			  Extensive misassembly (translocation) between these two alignments
			Excluding internal overlap of size 55 between Alignment 108 and 109: 1 340 | 3488661 3488322 | 340 340 --> 56 340 | 3488606 3488322 | 285 285
			Real Alignment 108: 56 340 | 3488606 3488322 | 285 285 | 100.0 | bs_ill_bs_contig3 contig_86
			  Indel (> 5bp) between these two alignments: deletion of length 55; 0 mismatches (number of Ns: 0) [fragmentation of reference genome]
			Real Alignment 109: 1 982 | 3488607 3489589 | 982 983 | 99.9 | bs_ill_bs_contig933 contig_86
			  Not a misassembly [fragmentation of reference genome] between these two alignments
			Real Alignment 110: 1 722 | 3489961 3490682 | 722 722 | 100.0 | bs_ill_bs_contig1146 contig_86
			  Not a misassembly [fragmentation of reference genome] between these two alignments
			Real Alignment 111: 1 911 | 3491594 3490684 | 911 911 | 99.89 | bs_ill_bs_contig991 contig_86
			  Not a misassembly [fragmentation of reference genome] between these two alignments
			Excluding internal overlap of size 55 between Alignment 112 and 113: 1 319 | 3492693 3493012 | 319 320 --> 56 319 | 3492748 3493012 | 264 265
			Real Alignment 112: 1 1152 | 3492747 3491596 | 1152 1152 | 100.0 | bs_ill_bs_contig839 contig_86
			  Indel (> 5bp) between these two alignments: deletion of length 55; 0 mismatches (number of Ns: 0) [fragmentation of reference genome]
			Real Alignment 113: 56 319 | 3492748 3493012 | 264 265 | 99.69 | bs_ill_bs_contig13 contig_86
			  Extensive misassembly (translocation) between these two alignments
			Real Alignment 114: 18222 18355 | 3493414 3493547 | 134 134 | 100.0 | bs_ill_bs_contig20 contig_86
			  Not a misassembly [fragmentation of reference genome] between these two alignments
			Real Alignment 115: 674 552243 | 4045837 3494398 | 551570 551440 | 99.96 | bs_ill_bs_contig2 contig_86
		Unaligned bases: 12133

CONTIG: contig_125 (2845573bp)
Best alignment score: 971.1 (LEN: 1052, IDY: 92.31), Total number of alignments: 38
			Looking for the best set of alignments (out of 38 total alignments)
			Skipping redundant alignments after choosing the best set of alignments
		Skipping redundant alignment 18222 18295 | 1342364 1342437 | 74 74 | 98.65 | bs_ill_bs_contig20 contig_125
		Skipping redundant alignment 103891 103967 | 1343099 1343023 | 77 77 | 97.4 | bs_ill_bs_contig12 contig_125
		Skipping redundant alignment 9 171 | 279127 279289 | 163 163 | 93.25 | bs_ill_bs_contig13 contig_125
		Skipping redundant alignment 9 171 | 722386 722548 | 163 163 | 93.25 | bs_ill_bs_contig13 contig_125
		Skipping redundant alignment 99180 99264 | 725105 725021 | 85 85 | 96.47 | bs_ill_bs_contig3 contig_125
		Skipping redundant alignment 99074 99146 | 725193 725121 | 73 73 | 98.63 | bs_ill_bs_contig3 contig_125
		This contig has several significant sets of alignments. [An ambiguously mapped contig]
		Using only the very best set (option --ambiguity-usage is set to "one").
			The best set is below. Score: 9256.2, number of alignments: 32, unaligned bases: 2832906
		This contig is misassembled.
		This contig is partially unaligned. (Aligned 12667 out of 2845573 non-N bases (0.45%))
			Warning! This contig is more unaligned than misassembled. Contig length is 2845573 (number of Ns: 0) and total length of all aligns is 12667
		Alignment: 9 169 | 161 1 | 161 161 | 93.17 | bs_ill_bs_contig13 contig_125
		Alignment: 1 1065 | 115 1166 | 1065 1052 | 92.31 | bs_ill_bs_contig839 contig_125
		Alignment: 108 329 | 1363 1584 | 222 222 | 91.44 | bs_ill_bs_contig991 contig_125
		Alignment: 337 569 | 1595 1827 | 233 233 | 93.56 | bs_ill_bs_contig991 contig_125
		Alignment: 666 889 | 1925 2148 | 224 224 | 91.07 | bs_ill_bs_contig991 contig_125
		Alignment: 483 720 | 2411 2174 | 238 238 | 93.28 | bs_ill_bs_contig1146 contig_125
		Alignment: 95 215 | 2791 2671 | 121 121 | 93.39 | bs_ill_bs_contig1146 contig_125
		Alignment: 1 965 | 4294 3331 | 965 964 | 93.89 | bs_ill_bs_contig933 contig_125
		Alignment: 33226 33297 | 58949 58878 | 72 72 | 95.83 | bs_ill_bs_contig13 contig_125
		Alignment: 32338 32486 | 59837 59689 | 149 149 | 91.95 | bs_ill_bs_contig13 contig_125
		Alignment: 1 965 | 274994 275957 | 965 964 | 93.89 | bs_ill_bs_contig933 contig_125
		Alignment: 95 215 | 276497 276617 | 121 121 | 93.39 | bs_ill_bs_contig1146 contig_125
		Alignment: 483 720 | 276877 277114 | 238 238 | 93.28 | bs_ill_bs_contig1146 contig_125
		Alignment: 666 889 | 277363 277140 | 224 224 | 91.52 | bs_ill_bs_contig991 contig_125
		Alignment: 337 569 | 277693 277461 | 233 233 | 93.56 | bs_ill_bs_contig991 contig_125
		Alignment: 108 329 | 277925 277704 | 222 222 | 91.44 | bs_ill_bs_contig991 contig_125
		Alignment: 1 1065 | 279173 278122 | 1065 1052 | 92.31 | bs_ill_bs_contig839 contig_125
		Alignment: 1 965 | 718151 719114 | 965 964 | 93.89 | bs_ill_bs_contig933 contig_125
		Alignment: 95 215 | 719756 719876 | 121 121 | 93.39 | bs_ill_bs_contig1146 contig_125
		Alignment: 483 720 | 720136 720373 | 238 238 | 93.28 | bs_ill_bs_contig1146 contig_125
		Alignment: 666 889 | 720622 720399 | 224 224 | 91.07 | bs_ill_bs_contig991 contig_125
		Alignment: 337 569 | 720952 720720 | 233 233 | 93.56 | bs_ill_bs_contig991 contig_125
		Alignment: 108 329 | 721184 720963 | 222 222 | 91.44 | bs_ill_bs_contig991 contig_125
		Alignment: 1 1065 | 722432 721381 | 1065 1052 | 92.31 | bs_ill_bs_contig839 contig_125
		Alignment: 1 965 | 1337417 1338380 | 965 964 | 93.89 | bs_ill_bs_contig933 contig_125
		Alignment: 95 215 | 1339022 1339142 | 121 121 | 92.56 | bs_ill_bs_contig1146 contig_125
		Alignment: 483 720 | 1339402 1339639 | 238 238 | 93.28 | bs_ill_bs_contig1146 contig_125
		Alignment: 666 889 | 1339888 1339665 | 224 224 | 91.52 | bs_ill_bs_contig991 contig_125
		Alignment: 337 569 | 1340218 1339986 | 233 233 | 93.56 | bs_ill_bs_contig991 contig_125
		Alignment: 108 329 | 1340450 1340229 | 222 222 | 91.44 | bs_ill_bs_contig991 contig_125
		Alignment: 1 1065 | 1341698 1340647 | 1065 1052 | 92.31 | bs_ill_bs_contig839 contig_125
		Alignment: 9 171 | 1341652 1341814 | 163 163 | 93.25 | bs_ill_bs_contig13 contig_125
		Unaligned bases: 2832906

CONTIG: contig_90 (1946508bp)
Best alignment score: 974.4 (LEN: 1054, IDY: 92.45), Total number of alignments: 24
			Looking for the best set of alignments (out of 24 total alignments)
			Skipping redundant alignments after choosing the best set of alignments
		Skipping redundant alignment 26 176 | 842250 842400 | 151 151 | 91.39 | bs_ill_bs_contig933 contig_90
		Skipping redundant alignment 766 967 | 842990 843191 | 202 202 | 95.05 | bs_ill_bs_contig933 contig_90
		This contig has several significant sets of alignments. [An ambiguously mapped contig]
		Using only the very best set (option --ambiguity-usage is set to "one").
			The best set is below. Score: 4764.5, number of alignments: 22, unaligned bases: 1938392
		This contig is misassembled.
		This contig is partially unaligned. (Aligned 8116 out of 1946508 non-N bases (0.42%))
			Warning! This contig is more unaligned than misassembled. Contig length is 1946508 (number of Ns: 0) and total length of all aligns is 8116
		Alignment: 1 1065 | 65155 66208 | 1065 1054 | 92.36 | bs_ill_bs_contig839 contig_90
		Alignment: 492 714 | 67446 67224 | 223 223 | 92.38 | bs_ill_bs_contig1146 contig_90
		Alignment: 95 211 | 67841 67725 | 117 117 | 94.02 | bs_ill_bs_contig1146 contig_90
		Alignment: 766 967 | 68746 68545 | 202 202 | 95.05 | bs_ill_bs_contig933 contig_90
		Alignment: 26 176 | 69486 69336 | 151 151 | 91.39 | bs_ill_bs_contig933 contig_90
		Alignment: 1 1065 | 142258 143311 | 1065 1054 | 92.45 | bs_ill_bs_contig839 contig_90
		Alignment: 766 967 | 145655 145454 | 202 202 | 95.05 | bs_ill_bs_contig933 contig_90
		Alignment: 26 176 | 146394 146244 | 151 151 | 91.39 | bs_ill_bs_contig933 contig_90
		Alignment: 1 1065 | 177785 178838 | 1065 1054 | 92.36 | bs_ill_bs_contig839 contig_90
		Alignment: 492 714 | 180077 179855 | 223 223 | 92.83 | bs_ill_bs_contig1146 contig_90
		Alignment: 95 211 | 180472 180356 | 117 117 | 93.16 | bs_ill_bs_contig1146 contig_90
		Alignment: 766 967 | 181182 180981 | 202 202 | 95.05 | bs_ill_bs_contig933 contig_90
		Alignment: 26 176 | 181921 181771 | 151 151 | 91.39 | bs_ill_bs_contig933 contig_90
		Alignment: 95 211 | 843895 844011 | 117 117 | 93.16 | bs_ill_bs_contig1146 contig_90
		Alignment: 492 714 | 844290 844512 | 223 223 | 92.83 | bs_ill_bs_contig1146 contig_90
		Alignment: 1 1065 | 846583 845529 | 1065 1055 | 92.29 | bs_ill_bs_contig839 contig_90
		Alignment: 299 371 | 1655574 1655502 | 73 73 | 97.26 | bs_ill_bs_contig1326 contig_90
		Alignment: 1 1065 | 1656244 1657297 | 1065 1054 | 92.45 | bs_ill_bs_contig839 contig_90
		Alignment: 492 714 | 1658535 1658313 | 223 223 | 92.83 | bs_ill_bs_contig1146 contig_90
		Alignment: 95 211 | 1658930 1658814 | 117 117 | 94.02 | bs_ill_bs_contig1146 contig_90
		Alignment: 766 967 | 1659651 1659450 | 202 202 | 95.05 | bs_ill_bs_contig933 contig_90
		Alignment: 26 176 | 1660390 1660240 | 151 151 | 91.39 | bs_ill_bs_contig933 contig_90
		Unaligned bases: 1938392

CONTIG: contig_92 (4759008bp)
Best alignment score: 208.0 (LEN: 230, IDY: 90.43), Total number of alignments: 28
			Looking for the best set of alignments (out of 28 total alignments)
			Skipping redundant alignments after choosing the best set of alignments
		Skipping redundant alignment 61 290 | 806782 807011 | 230 230 | 90.43 | bs_ill_bs_contig839 contig_92
		Skipping redundant alignment 707 789 | 807428 807510 | 83 83 | 97.59 | bs_ill_bs_contig839 contig_92
		Skipping redundant alignment 582 727 | 810440 810295 | 146 146 | 90.41 | bs_ill_bs_contig933 contig_92
		Skipping redundant alignment 472 543 | 810549 810478 | 72 72 | 95.83 | bs_ill_bs_contig933 contig_92
		Skipping redundant alignment 61 290 | 1473090 1473319 | 230 230 | 90.43 | bs_ill_bs_contig839 contig_92
		Skipping redundant alignment 707 789 | 1473736 1473818 | 83 83 | 97.59 | bs_ill_bs_contig839 contig_92
		Skipping redundant alignment 582 727 | 1476747 1476602 | 146 146 | 90.41 | bs_ill_bs_contig933 contig_92
		Skipping redundant alignment 472 543 | 1476856 1476785 | 72 72 | 95.83 | bs_ill_bs_contig933 contig_92
		Skipping redundant alignment 472 543 | 1993337 1993408 | 72 72 | 95.83 | bs_ill_bs_contig933 contig_92
		Skipping redundant alignment 582 727 | 1993446 1993591 | 146 146 | 90.41 | bs_ill_bs_contig933 contig_92
		Skipping redundant alignment 707 789 | 1996617 1996535 | 83 83 | 97.59 | bs_ill_bs_contig839 contig_92
		Skipping redundant alignment 61 290 | 1997263 1997034 | 230 230 | 90.43 | bs_ill_bs_contig839 contig_92
		Skipping redundant alignment 472 543 | 2088440 2088511 | 72 72 | 95.83 | bs_ill_bs_contig933 contig_92
		Skipping redundant alignment 649 727 | 2088617 2088695 | 79 79 | 94.94 | bs_ill_bs_contig933 contig_92
		Skipping redundant alignment 707 789 | 2091563 2091481 | 83 83 | 97.59 | bs_ill_bs_contig839 contig_92
		Skipping redundant alignment 61 290 | 2092209 2091980 | 230 230 | 90.43 | bs_ill_bs_contig839 contig_92
		Skipping redundant alignment 472 543 | 2243692 2243763 | 72 72 | 95.83 | bs_ill_bs_contig933 contig_92
		Skipping redundant alignment 582 727 | 2243801 2243946 | 146 146 | 90.41 | bs_ill_bs_contig933 contig_92
		Skipping redundant alignment 472 543 | 2286610 2286681 | 72 72 | 95.83 | bs_ill_bs_contig933 contig_92
		Skipping redundant alignment 582 727 | 2286719 2286864 | 146 146 | 90.41 | bs_ill_bs_contig933 contig_92
		Skipping redundant alignment 472 543 | 3036217 3036288 | 72 72 | 95.83 | bs_ill_bs_contig933 contig_92
		Skipping redundant alignment 582 728 | 3036326 3036472 | 147 147 | 90.48 | bs_ill_bs_contig933 contig_92
		Skipping redundant alignment 707 789 | 3039595 3039513 | 83 83 | 97.59 | bs_ill_bs_contig839 contig_92
		Skipping redundant alignment 61 290 | 3040241 3040012 | 230 230 | 90.43 | bs_ill_bs_contig839 contig_92
		This contig has several significant sets of alignments. [An ambiguously mapped contig]
		Using only the very best set (option --ambiguity-usage is set to "one").
			The best set is below. Score: 290.9, number of alignments: 4, unaligned bases: 4758382
		This contig is misassembled.
		This contig is partially unaligned. (Aligned 626 out of 4759008 non-N bases (0.01%))
			Warning! This contig is more unaligned than misassembled. Contig length is 4759008 (number of Ns: 0) and total length of all aligns is 626
		Alignment: 707 789 | 2246970 2246888 | 83 83 | 97.59 | bs_ill_bs_contig839 contig_92
		Alignment: 61 290 | 2247616 2247387 | 230 230 | 90.43 | bs_ill_bs_contig839 contig_92
		Alignment: 707 789 | 2289731 2289649 | 83 83 | 97.59 | bs_ill_bs_contig839 contig_92
		Alignment: 61 290 | 2290377 2290148 | 230 230 | 90.43 | bs_ill_bs_contig839 contig_92
		Unaligned bases: 4758382

CONTIG: contig_93 (4765665bp)
Best alignment score: 208.0 (LEN: 230, IDY: 90.43), Total number of alignments: 28
			Looking for the best set of alignments (out of 28 total alignments)
			Skipping redundant alignments after choosing the best set of alignments
		Skipping redundant alignment 61 290 | 304215 304444 | 230 230 | 90.43 | bs_ill_bs_contig839 contig_93
		Skipping redundant alignment 707 789 | 304862 304944 | 83 83 | 97.59 | bs_ill_bs_contig839 contig_93
		Skipping redundant alignment 603 728 | 307927 307802 | 126 126 | 92.86 | bs_ill_bs_contig933 contig_93
		Skipping redundant alignment 472 543 | 308057 307986 | 72 72 | 95.83 | bs_ill_bs_contig933 contig_93
		Skipping redundant alignment 61 290 | 1012599 1012828 | 230 230 | 90.43 | bs_ill_bs_contig839 contig_93
		Skipping redundant alignment 707 789 | 1013245 1013327 | 83 83 | 97.59 | bs_ill_bs_contig839 contig_93
		Skipping redundant alignment 603 728 | 1016316 1016191 | 126 126 | 92.86 | bs_ill_bs_contig933 contig_93
		Skipping redundant alignment 472 543 | 1016446 1016375 | 72 72 | 95.83 | bs_ill_bs_contig933 contig_93
		Skipping redundant alignment 472 543 | 1556965 1557036 | 72 72 | 95.83 | bs_ill_bs_contig933 contig_93
		Skipping redundant alignment 603 728 | 1557095 1557220 | 126 126 | 92.86 | bs_ill_bs_contig933 contig_93
		Skipping redundant alignment 707 789 | 1560083 1560001 | 83 83 | 97.59 | bs_ill_bs_contig839 contig_93
		Skipping redundant alignment 61 290 | 1560729 1560500 | 230 230 | 90.43 | bs_ill_bs_contig839 contig_93
		Skipping redundant alignment 472 543 | 1650596 1650667 | 72 72 | 95.83 | bs_ill_bs_contig933 contig_93
		Skipping redundant alignment 603 728 | 1650726 1650851 | 126 126 | 92.86 | bs_ill_bs_contig933 contig_93
		Skipping redundant alignment 707 789 | 1653807 1653725 | 83 83 | 97.59 | bs_ill_bs_contig839 contig_93
		Skipping redundant alignment 61 290 | 1654453 1654224 | 230 230 | 90.43 | bs_ill_bs_contig839 contig_93
		Skipping redundant alignment 472 543 | 1781733 1781804 | 72 72 | 95.83 | bs_ill_bs_contig933 contig_93
		Skipping redundant alignment 603 728 | 1781863 1781988 | 126 126 | 92.86 | bs_ill_bs_contig933 contig_93
		Skipping redundant alignment 472 543 | 1823135 1823206 | 72 72 | 95.83 | bs_ill_bs_contig933 contig_93
		Skipping redundant alignment 649 728 | 1823312 1823391 | 80 80 | 95.0 | bs_ill_bs_contig933 contig_93
		Skipping redundant alignment 472 543 | 2470995 2471066 | 72 72 | 95.83 | bs_ill_bs_contig933 contig_93
		Skipping redundant alignment 603 727 | 2471125 2471249 | 125 125 | 92.8 | bs_ill_bs_contig933 contig_93
		Skipping redundant alignment 707 789 | 2474205 2474123 | 83 83 | 97.59 | bs_ill_bs_contig839 contig_93
		Skipping redundant alignment 61 290 | 2474851 2474622 | 230 230 | 90.43 | bs_ill_bs_contig839 contig_93
			The best set is below. Score: 292.0, number of alignments: 4, unaligned bases: 4765039
		This contig is misassembled.
		This contig is partially unaligned. (Aligned 626 out of 4765665 non-N bases (0.01%))
			Warning! This contig is more unaligned than misassembled. Contig length is 4765665 (number of Ns: 0) and total length of all aligns is 626
		Alignment: 707 789 | 1784851 1784769 | 83 83 | 97.59 | bs_ill_bs_contig839 contig_93
		Alignment: 61 290 | 1785497 1785268 | 230 230 | 90.43 | bs_ill_bs_contig839 contig_93
		Alignment: 707 789 | 1826254 1826172 | 83 83 | 97.59 | bs_ill_bs_contig839 contig_93
		Alignment: 61 290 | 1826900 1826671 | 230 230 | 90.43 | bs_ill_bs_contig839 contig_93
		Unaligned bases: 4765039

Analyzing coverage...
Writing SNPs into /media3/lucia/zymo_mock_community/asms_cuantizados/v8_3-3-21_1bin/metaquast-1bin-v4/runs_per_reference/bs_ill/contigs_reports/minimap_output/r10_1bin_v4_2_r1_medaka.used_snps.gz

Analysis is finished!
Founded SNPs were written into /media3/lucia/zymo_mock_community/asms_cuantizados/v8_3-3-21_1bin/metaquast-1bin-v4/runs_per_reference/bs_ill/contigs_reports/minimap_output/r10_1bin_v4_2_r1_medaka.used_snps.gz

Results:
	Local Misassemblies: 13
	Misassemblies: 34
		Relocations: 0
		Translocations: 34
		Inversions: 0
	Scaffold gap extensive misassemblies: 0
	Scaffold gap local misassemblies: 0
	Misassemblies caused by fragmented reference: 49
	Misassembled Contigs: 1
	Misassembled Contig Bases: 4045837
	Misassemblies Inter-Contig Overlap: 0
Unaligned Contigs: 0 + 7 part
Half Unaligned Contigs with Misassemblies: 6
Unaligned Contig Bases: 19978408

Ambiguously Mapped Contigs: 5
Total Bases in Ambiguously Mapped Contigs: 15264377
Extra Bases in Ambiguously Mapped Contigs: 0
Note that --allow-ambiguity option was set to "one" and only first alignment per each of these contigs was used.

	Covered Bases: 3985750

	SNPs: 3879
	Insertions: 963
	Deletions: 1859

