Aligning contigs to reference...
	Aligning contigs to the reference
Filtering alignments...
Parsing coords...
Loading reference...
	Loaded [bs_ill_bs_contig20]
	Loaded [bs_ill_bs_contig21]
	Loaded [bs_ill_bs_contig89]
	Loaded [bs_ill_bs_contig411]
	Loaded [bs_ill_bs_contig1250]
	Loaded [bs_ill_bs_contig11]
	Loaded [bs_ill_bs_contig10]
	Loaded [bs_ill_bs_contig13]
	Loaded [bs_ill_bs_contig12]
	Loaded [bs_ill_bs_contig15]
	Loaded [bs_ill_bs_contig14]
	Loaded [bs_ill_bs_contig17]
	Loaded [bs_ill_bs_contig16]
	Loaded [bs_ill_bs_contig19]
	Loaded [bs_ill_bs_contig18]
	Loaded [bs_ill_bs_contig839]
	Loaded [bs_ill_bs_contig9]
	Loaded [bs_ill_bs_contig1326]
	Loaded [bs_ill_bs_contig1146]
	Loaded [bs_ill_bs_contig1]
	Loaded [bs_ill_bs_contig3]
	Loaded [bs_ill_bs_contig2]
	Loaded [bs_ill_bs_contig5]
	Loaded [bs_ill_bs_contig4]
	Loaded [bs_ill_bs_contig7]
	Loaded [bs_ill_bs_contig6]
	Loaded [bs_ill_bs_contig933]
	Loaded [bs_ill_bs_contig8]
	Loaded [bs_ill_bs_contig991]
	Total Regions: 29
	Total Region Length: 3985829
Analyzing contigs...
CONTIG: contig_103 (2721159bp)
Best alignment score: 1002.1 (LEN: 1067, IDY: 93.92), Total number of alignments: 55
			Looking for the best set of alignments (out of 55 total alignments)
			Skipping redundant alignments after choosing the best set of alignments
		Skipping redundant alignment 293 553 | 698645 698385 | 261 261 | 90.42 | bs_ill_bs_contig991 contig_103
		Skipping redundant alignment 105 292 | 698836 698649 | 188 188 | 92.55 | bs_ill_bs_contig991 contig_103
		Skipping redundant alignment 8 169 | 700047 700208 | 162 162 | 95.06 | bs_ill_bs_contig13 contig_103
		Skipping redundant alignment 18228 18355 | 700595 700720 | 128 126 | 94.53 | bs_ill_bs_contig20 contig_103
		Skipping redundant alignment 103892 104023 | 700937 700805 | 132 133 | 95.52 | bs_ill_bs_contig12 contig_103
		Skipping redundant alignment 98987 99064 | 700942 700865 | 78 78 | 97.44 | bs_ill_bs_contig3 contig_103
		Skipping redundant alignment 98624 98712 | 808668 808581 | 89 88 | 96.63 | bs_ill_bs_contig3 contig_103
		Skipping redundant alignment 261 334 | 808956 808883 | 74 74 | 93.24 | bs_ill_bs_contig3 contig_103
		Skipping redundant alignment 2 100 | 809217 809119 | 99 99 | 91.92 | bs_ill_bs_contig3 contig_103
		Skipping redundant alignment 493 720 | 811311 811538 | 228 228 | 96.05 | bs_ill_bs_contig1146 contig_103
		Skipping redundant alignment 293 553 | 812160 811900 | 261 261 | 90.42 | bs_ill_bs_contig991 contig_103
		Skipping redundant alignment 105 292 | 812351 812164 | 188 188 | 92.55 | bs_ill_bs_contig991 contig_103
		Skipping redundant alignment 8 169 | 813562 813723 | 162 162 | 95.06 | bs_ill_bs_contig13 contig_103
		Skipping redundant alignment 261 334 | 945046 944973 | 74 74 | 93.24 | bs_ill_bs_contig3 contig_103
		Skipping redundant alignment 2 120 | 945306 945188 | 119 119 | 90.76 | bs_ill_bs_contig3 contig_103
		Skipping redundant alignment 105 553 | 948441 947993 | 449 449 | 91.09 | bs_ill_bs_contig991 contig_103
		Skipping redundant alignment 92 173 | 950288 950369 | 82 82 | 93.9 | bs_ill_bs_contig1326 contig_103
		Skipping redundant alignment 99187 99345 | 1863547 1863389 | 159 159 | 92.5 | bs_ill_bs_contig3 contig_103
		Skipping redundant alignment 32362 32495 | 2269981 2269848 | 134 134 | 91.04 | bs_ill_bs_contig13 contig_103
		Skipping redundant alignment 105 553 | 2307431 2307879 | 449 449 | 91.09 | bs_ill_bs_contig991 contig_103
		Skipping redundant alignment 2 120 | 2310441 2310559 | 119 119 | 90.76 | bs_ill_bs_contig3 contig_103
		Skipping redundant alignment 261 334 | 2310701 2310774 | 74 74 | 91.89 | bs_ill_bs_contig3 contig_103
		Skipping redundant alignment 8 169 | 2311445 2311284 | 162 162 | 95.06 | bs_ill_bs_contig13 contig_103
		Skipping redundant alignment 105 553 | 2312656 2313104 | 449 449 | 90.87 | bs_ill_bs_contig991 contig_103
		Skipping redundant alignment 491 720 | 2313694 2313465 | 230 230 | 95.22 | bs_ill_bs_contig1146 contig_103
		Skipping redundant alignment 2 100 | 2315701 2315799 | 99 99 | 92.93 | bs_ill_bs_contig3 contig_103
		Skipping redundant alignment 261 334 | 2315962 2316035 | 74 74 | 93.24 | bs_ill_bs_contig3 contig_103
		Skipping redundant alignment 8 169 | 2356037 2355876 | 162 162 | 95.06 | bs_ill_bs_contig13 contig_103
		Skipping redundant alignment 105 553 | 2357249 2357697 | 449 449 | 91.09 | bs_ill_bs_contig991 contig_103
		This contig has several significant sets of alignments. [An ambiguously mapped contig]
		Using only the very best set (option --ambiguity-usage is set to "one").
			The best set is below. Score: 11810.1, number of alignments: 26, unaligned bases: 2707042
		This contig is misassembled.
		This contig is partially unaligned. (Aligned 14117 out of 2721159 non-N bases (0.52%))
			Warning! This contig is more unaligned than misassembled. Contig length is 2721159 (number of Ns: 0) and total length of all aligns is 14117
		Alignment: 261 334 | 695485 695412 | 74 74 | 93.24 | bs_ill_bs_contig3 contig_103
		Alignment: 2 120 | 695745 695627 | 119 119 | 90.76 | bs_ill_bs_contig3 contig_103
		Alignment: 1 982 | 695692 696675 | 982 984 | 92.63 | bs_ill_bs_contig933 contig_103
		Alignment: 95 183 | 697399 697487 | 89 89 | 91.01 | bs_ill_bs_contig1146 contig_103
		Alignment: 480 720 | 697784 698024 | 241 241 | 95.02 | bs_ill_bs_contig1146 contig_103
		Alignment: 1 1068 | 700094 699027 | 1068 1068 | 93.83 | bs_ill_bs_contig839 contig_103
		Alignment: 1 982 | 809164 810145 | 982 982 | 92.93 | bs_ill_bs_contig933 contig_103
		Alignment: 1 1068 | 813609 812542 | 1068 1068 | 93.74 | bs_ill_bs_contig839 contig_103
		Alignment: 1 982 | 945253 946235 | 982 983 | 92.83 | bs_ill_bs_contig933 contig_103
		Alignment: 95 183 | 947007 947095 | 89 89 | 91.01 | bs_ill_bs_contig1146 contig_103
		Alignment: 497 720 | 947408 947631 | 224 224 | 95.98 | bs_ill_bs_contig1146 contig_103
		Alignment: 1 1068 | 949699 948632 | 1068 1068 | 93.74 | bs_ill_bs_contig839 contig_103
		Alignment: 8 169 | 949652 949813 | 162 162 | 95.06 | bs_ill_bs_contig13 contig_103
		Alignment: 8 169 | 2306221 2306060 | 162 162 | 95.06 | bs_ill_bs_contig13 contig_103
		Alignment: 1 1068 | 2306174 2307240 | 1068 1067 | 93.92 | bs_ill_bs_contig839 contig_103
		Alignment: 480 720 | 2308480 2308240 | 241 241 | 94.61 | bs_ill_bs_contig1146 contig_103
		Alignment: 95 184 | 2308865 2308776 | 90 90 | 91.11 | bs_ill_bs_contig1146 contig_103
		Alignment: 1 982 | 2310494 2309512 | 982 983 | 92.73 | bs_ill_bs_contig933 contig_103
		Alignment: 1 1068 | 2311398 2312465 | 1068 1068 | 93.83 | bs_ill_bs_contig839 contig_103
		Alignment: 1 982 | 2315754 2314770 | 982 985 | 92.64 | bs_ill_bs_contig933 contig_103
		Alignment: 1 1068 | 2355990 2357057 | 1068 1068 | 93.83 | bs_ill_bs_contig839 contig_103
		Alignment: 480 720 | 2358299 2358059 | 241 241 | 95.02 | bs_ill_bs_contig1146 contig_103
		Alignment: 95 184 | 2358684 2358595 | 90 90 | 91.11 | bs_ill_bs_contig1146 contig_103
		Alignment: 1 982 | 2360403 2359422 | 982 982 | 92.83 | bs_ill_bs_contig933 contig_103
		Alignment: 2 120 | 2360350 2360468 | 119 119 | 90.76 | bs_ill_bs_contig3 contig_103
		Alignment: 261 334 | 2360610 2360683 | 74 74 | 93.24 | bs_ill_bs_contig3 contig_103
		Unaligned bases: 2707042

CONTIG: contig_83 (2992179bp)
Best alignment score: 4583.0 (LEN: 4701, IDY: 97.49), Total number of alignments: 63
			Looking for the best set of alignments (out of 63 total alignments)
			Skipping redundant alignments after choosing the best set of alignments
		Skipping redundant alignment 18222 18295 | 1083162 1083235 | 74 74 | 100.0 | bs_ill_bs_contig20 contig_83
		Skipping redundant alignment 99073 99150 | 1083235 1083158 | 78 78 | 97.44 | bs_ill_bs_contig3 contig_83
		Skipping redundant alignment 18222 18293 | 1304538 1304467 | 72 72 | 100.0 | bs_ill_bs_contig20 contig_83
		Skipping redundant alignment 99075 99146 | 1304467 1304538 | 72 72 | 100.0 | bs_ill_bs_contig3 contig_83
		Skipping redundant alignment 34981 35053 | 1304539 1304467 | 73 73 | 100.0 | bs_ill_bs_contig15 contig_83
		Skipping redundant alignment 18222 18293 | 2569987 2569916 | 72 72 | 100.0 | bs_ill_bs_contig20 contig_83
		Skipping redundant alignment 34981 35053 | 2569988 2569916 | 73 73 | 100.0 | bs_ill_bs_contig15 contig_83
		Skipping redundant alignment 99075 99146 | 2569916 2569987 | 72 72 | 100.0 | bs_ill_bs_contig3 contig_83
		Skipping redundant alignment 299 374 | 1786294 1786369 | 76 76 | 97.37 | bs_ill_bs_contig1326 contig_83
		Skipping redundant alignment 99074 99146 | 1787894 1787822 | 73 73 | 100.0 | bs_ill_bs_contig3 contig_83
		Skipping redundant alignment 1 133 | 534191 534323 | 133 133 | 91.73 | bs_ill_bs_contig3 contig_83
		Skipping redundant alignment 159 246 | 534349 534436 | 88 88 | 90.91 | bs_ill_bs_contig3 contig_83
		Skipping redundant alignment 266 333 | 534458 534525 | 68 68 | 95.59 | bs_ill_bs_contig3 contig_83
		Skipping redundant alignment 32167 32235 | 582647 582579 | 69 69 | 91.3 | bs_ill_bs_contig13 contig_83
		Skipping redundant alignment 34981 35062 | 1787821 1787902 | 82 82 | 100.0 | bs_ill_bs_contig15 contig_83
		Skipping redundant alignment 266 333 | 1077849 1077782 | 68 68 | 95.59 | bs_ill_bs_contig3 contig_83
		Skipping redundant alignment 159 246 | 1077958 1077871 | 88 88 | 90.91 | bs_ill_bs_contig3 contig_83
		Skipping redundant alignment 1 133 | 1078116 1077984 | 133 133 | 91.73 | bs_ill_bs_contig3 contig_83
		Skipping redundant alignment 99180 99347 | 2573952 2574117 | 168 166 | 90.64 | bs_ill_bs_contig3 contig_83
		This contig has several significant sets of alignments. [An ambiguously mapped contig]
		Using only the very best set (option --ambiguity-usage is set to "one").
			The best set is below. Score: 23564.4, number of alignments: 44, unaligned bases: 2964240
		This contig is misassembled.
		This contig is partially unaligned. (Aligned 27939 out of 2992179 non-N bases (0.93%))
			Warning! This contig is more unaligned than misassembled. Contig length is 2992179 (number of Ns: 0) and total length of all aligns is 27939
		Alignment: 18672 18790 | 268385 268267 | 119 119 | 90.76 | bs_ill_bs_contig13 contig_83
		Alignment: 1 277 | 286255 285979 | 277 277 | 91.07 | bs_ill_bs_contig13 contig_83
		Alignment: 1 1065 | 286201 287265 | 1065 1065 | 95.6 | bs_ill_bs_contig839 contig_83
		Alignment: 108 910 | 287460 288268 | 803 809 | 91.87 | bs_ill_bs_contig991 contig_83
		Alignment: 83 720 | 288909 288273 | 638 637 | 90.39 | bs_ill_bs_contig1146 contig_83
		Alignment: 1 966 | 290419 289456 | 966 964 | 94.21 | bs_ill_bs_contig933 contig_83
		Alignment: 1 133 | 290365 290497 | 133 133 | 91.73 | bs_ill_bs_contig3 contig_83
		Alignment: 159 246 | 290523 290610 | 88 88 | 90.91 | bs_ill_bs_contig3 contig_83
		Alignment: 266 333 | 290632 290699 | 68 68 | 95.59 | bs_ill_bs_contig3 contig_83
		Alignment: 1 277 | 292274 291998 | 277 277 | 91.07 | bs_ill_bs_contig13 contig_83
		Alignment: 1 1065 | 292220 293284 | 1065 1065 | 95.6 | bs_ill_bs_contig839 contig_83
		Alignment: 108 910 | 293479 294287 | 803 809 | 91.87 | bs_ill_bs_contig991 contig_83
		Alignment: 83 720 | 294928 294292 | 638 637 | 90.39 | bs_ill_bs_contig1146 contig_83
		Alignment: 1 966 | 296438 295475 | 966 964 | 94.21 | bs_ill_bs_contig933 contig_83
		Alignment: 1 133 | 296384 296516 | 133 133 | 91.73 | bs_ill_bs_contig3 contig_83
		Alignment: 159 246 | 296542 296629 | 88 88 | 90.91 | bs_ill_bs_contig3 contig_83
		Alignment: 266 333 | 296651 296718 | 68 68 | 95.59 | bs_ill_bs_contig3 contig_83
		Alignment: 1 277 | 529830 529554 | 277 277 | 91.07 | bs_ill_bs_contig13 contig_83
		Alignment: 1 1065 | 529776 530840 | 1065 1065 | 95.6 | bs_ill_bs_contig839 contig_83
		Alignment: 108 910 | 531035 531843 | 803 809 | 91.87 | bs_ill_bs_contig991 contig_83
		Alignment: 83 720 | 532484 531848 | 638 637 | 90.39 | bs_ill_bs_contig1146 contig_83
		Alignment: 1 966 | 534245 533282 | 966 964 | 94.21 | bs_ill_bs_contig933 contig_83
		Alignment: 1 4776 | 679068 674368 | 4776 4701 | 97.49 | bs_ill_bs_contig89 contig_83
		Alignment: 1 966 | 1078062 1079025 | 966 964 | 94.21 | bs_ill_bs_contig933 contig_83
		Alignment: 83 720 | 1079823 1080459 | 638 637 | 90.39 | bs_ill_bs_contig1146 contig_83
		Alignment: 108 910 | 1081272 1080464 | 803 809 | 91.87 | bs_ill_bs_contig991 contig_83
		Alignment: 1 1065 | 1082531 1081467 | 1065 1065 | 95.6 | bs_ill_bs_contig839 contig_83
		Alignment: 1 277 | 1082477 1082753 | 277 277 | 91.07 | bs_ill_bs_contig13 contig_83
		Alignment: 266 333 | 1676388 1676321 | 68 68 | 95.59 | bs_ill_bs_contig3 contig_83
		Alignment: 159 246 | 1676497 1676410 | 88 88 | 90.91 | bs_ill_bs_contig3 contig_83
		Alignment: 1 133 | 1676655 1676523 | 133 133 | 91.73 | bs_ill_bs_contig3 contig_83
		Alignment: 1 966 | 1676601 1677564 | 966 964 | 94.21 | bs_ill_bs_contig933 contig_83
		Alignment: 83 720 | 1678111 1678747 | 638 637 | 90.39 | bs_ill_bs_contig1146 contig_83
		Alignment: 108 910 | 1679560 1678752 | 803 809 | 91.87 | bs_ill_bs_contig991 contig_83
		Alignment: 1 1065 | 1680819 1679755 | 1065 1065 | 95.6 | bs_ill_bs_contig839 contig_83
		Alignment: 1 277 | 1680765 1681041 | 277 277 | 91.07 | bs_ill_bs_contig13 contig_83
		Alignment: 266 333 | 1781065 1780998 | 68 68 | 95.59 | bs_ill_bs_contig3 contig_83
		Alignment: 159 246 | 1781174 1781087 | 88 88 | 90.91 | bs_ill_bs_contig3 contig_83
		Alignment: 1 133 | 1781332 1781200 | 133 133 | 91.73 | bs_ill_bs_contig3 contig_83
		Alignment: 1 966 | 1781278 1782242 | 966 965 | 94.12 | bs_ill_bs_contig933 contig_83
		Alignment: 83 720 | 1782789 1783425 | 638 637 | 90.39 | bs_ill_bs_contig1146 contig_83
		Alignment: 108 910 | 1784238 1783430 | 803 809 | 91.87 | bs_ill_bs_contig991 contig_83
		Alignment: 1 1065 | 1785497 1784433 | 1065 1065 | 95.6 | bs_ill_bs_contig839 contig_83
		Alignment: 1 277 | 1785443 1785719 | 277 277 | 91.07 | bs_ill_bs_contig13 contig_83
		Unaligned bases: 2964240

CONTIG: contig_86 (4045836bp)
Best alignment score: 708830.2 (LEN: 708972, IDY: 99.98), Total number of alignments: 155
			Too much alignments (155), will use speed up heuristics
			Found 53 solid alignments:
		Solid alignment 1 659 | 659 1 | 659 659 | 99.39 | bs_ill_bs_contig2 contig_86
		Solid alignment 1 23242 | 1224 24465 | 23242 23242 | 100.0 | bs_ill_bs_contig19 contig_86
		Solid alignment 1 137190 | 162736 25540 | 137190 137197 | 99.99 | bs_ill_bs_contig11 contig_86
		Solid alignment 1 269408 | 163869 433293 | 269408 269425 | 99.99 | bs_ill_bs_contig6 contig_86
		Solid alignment 1 2262 | 436109 433848 | 2262 2262 | 100.0 | bs_ill_bs_contig411 contig_86
		Solid alignment 1 156862 | 436488 593361 | 156862 156874 | 99.85 | bs_ill_bs_contig10 contig_86
		Solid alignment 114 252570 | 598120 850708 | 252457 252589 | 99.93 | bs_ill_bs_contig9 contig_86
		Solid alignment 1 294381 | 851887 1146282 | 294381 294396 | 99.99 | bs_ill_bs_contig5 contig_86
		Solid alignment 1 315068 | 1462528 1147442 | 315068 315087 | 99.99 | bs_ill_bs_contig4 contig_86
		Solid alignment 1 37065 | 1463688 1500756 | 37065 37069 | 99.98 | bs_ill_bs_contig17 contig_86
		Solid alignment 1 1152 | 1503180 1504331 | 1152 1152 | 100.0 | bs_ill_bs_contig839 contig_86
		Solid alignment 1 911 | 1504333 1505243 | 911 911 | 100.0 | bs_ill_bs_contig991 contig_86
		Solid alignment 1 982 | 1507319 1506338 | 982 982 | 100.0 | bs_ill_bs_contig933 contig_86
		Solid alignment 1 38370 | 1507606 1545978 | 38370 38373 | 99.99 | bs_ill_bs_contig16 contig_86
		Solid alignment 1 263211 | 1547158 1810382 | 263211 263225 | 99.99 | bs_ill_bs_contig7 contig_86
		Solid alignment 1 709047 | 2519954 1810983 | 709047 708972 | 99.98 | bs_ill_bs_contig1 contig_86
		Solid alignment 1 59870 | 2520185 2580056 | 59870 59872 | 100.0 | bs_ill_bs_contig14 contig_86
		Solid alignment 1 982 | 2580310 2581291 | 982 982 | 100.0 | bs_ill_bs_contig933 contig_86
		Solid alignment 1 911 | 2583473 2582563 | 911 911 | 100.0 | bs_ill_bs_contig991 contig_86
		Solid alignment 1 1152 | 2584626 2583475 | 1152 1152 | 100.0 | bs_ill_bs_contig839 contig_86
		Solid alignment 1 15524 | 2585024 2600547 | 15524 15524 | 100.0 | bs_ill_bs_contig21 contig_86
		Solid alignment 1 982 | 2600922 2601903 | 982 982 | 99.9 | bs_ill_bs_contig933 contig_86
		Solid alignment 1 911 | 2604085 2603175 | 911 911 | 100.0 | bs_ill_bs_contig991 contig_86
		Solid alignment 1 1152 | 2605238 2604087 | 1152 1152 | 100.0 | bs_ill_bs_contig839 contig_86
		Solid alignment 1 55215 | 2605660 2660874 | 55215 55215 | 100.0 | bs_ill_bs_contig15 contig_86
		Solid alignment 1 982 | 2661256 2662237 | 982 982 | 100.0 | bs_ill_bs_contig933 contig_86
		Solid alignment 1 911 | 2664242 2663332 | 911 911 | 100.0 | bs_ill_bs_contig991 contig_86
		Solid alignment 1 1152 | 2665395 2664244 | 1152 1152 | 100.0 | bs_ill_bs_contig839 contig_86
		Solid alignment 1 982 | 2667179 2668160 | 982 982 | 100.0 | bs_ill_bs_contig933 contig_86
		Solid alignment 1 911 | 2670165 2669255 | 911 911 | 100.0 | bs_ill_bs_contig991 contig_86
		Solid alignment 1 1152 | 2671318 2670167 | 1152 1152 | 100.0 | bs_ill_bs_contig839 contig_86
		Solid alignment 1 60136 | 2671264 2731402 | 60136 60139 | 99.99 | bs_ill_bs_contig13 contig_86
		Solid alignment 1 982 | 2731723 2732704 | 982 982 | 100.0 | bs_ill_bs_contig933 contig_86
		Solid alignment 1 911 | 2734709 2733799 | 911 911 | 100.0 | bs_ill_bs_contig991 contig_86
		Solid alignment 1 1152 | 2735862 2734711 | 1152 1152 | 100.0 | bs_ill_bs_contig839 contig_86
		Solid alignment 1 982 | 2737336 2738317 | 982 982 | 100.0 | bs_ill_bs_contig933 contig_86
		Solid alignment 1 911 | 2740322 2739412 | 911 911 | 100.0 | bs_ill_bs_contig991 contig_86
		Solid alignment 1 1152 | 2741475 2740324 | 1152 1152 | 100.0 | bs_ill_bs_contig839 contig_86
		Solid alignment 1 982 | 2742338 2743319 | 982 982 | 100.0 | bs_ill_bs_contig933 contig_86
		Solid alignment 1 911 | 2745324 2744414 | 911 911 | 99.89 | bs_ill_bs_contig991 contig_86
		Solid alignment 1 1152 | 2746477 2745326 | 1152 1152 | 100.0 | bs_ill_bs_contig839 contig_86
		Solid alignment 1 18355 | 2746691 2765044 | 18355 18354 | 99.96 | bs_ill_bs_contig20 contig_86
		Solid alignment 1 104023 | 2869228 2765198 | 104023 104031 | 99.99 | bs_ill_bs_contig12 contig_86
		Solid alignment 1 325319 | 3195874 2870388 | 325319 325487 | 99.94 | bs_ill_bs_contig3 contig_86
		Solid alignment 1 982 | 3195820 3196801 | 982 982 | 100.0 | bs_ill_bs_contig933 contig_86
		Solid alignment 1 911 | 3198806 3197896 | 911 911 | 100.0 | bs_ill_bs_contig991 contig_86
		Solid alignment 1 1152 | 3199959 3198808 | 1152 1152 | 99.91 | bs_ill_bs_contig839 contig_86
		Solid alignment 1 29697 | 3200298 3229997 | 29697 29700 | 99.94 | bs_ill_bs_contig18 contig_86
		Solid alignment 1 257004 | 3231156 3488220 | 257004 257065 | 99.97 | bs_ill_bs_contig8 contig_86
		Solid alignment 1 982 | 3488606 3489588 | 982 983 | 99.9 | bs_ill_bs_contig933 contig_86
		Solid alignment 1 911 | 3491593 3490683 | 911 911 | 99.89 | bs_ill_bs_contig991 contig_86
		Solid alignment 1 1152 | 3492746 3491595 | 1152 1152 | 100.0 | bs_ill_bs_contig839 contig_86
		Solid alignment 674 552243 | 4045836 3494397 | 551570 551440 | 99.96 | bs_ill_bs_contig2 contig_86
			Skipping alignments located inside solid regions since they are redundant:
		Skipping redundant alignment 1 138 | 592868 593005 | 138 138 | 99.28 | bs_ill_bs_contig9 contig_86
		Skipping redundant alignment 256 437 | 593141 593322 | 182 182 | 90.66 | bs_ill_bs_contig9 contig_86
		Skipping redundant alignment 487 557 | 598313 598383 | 71 71 | 92.96 | bs_ill_bs_contig9 contig_86
		Skipping redundant alignment 342 430 | 1507671 1507759 | 89 89 | 100.0 | bs_ill_bs_contig3 contig_86
			Looking for the best set of alignments (out of 151 total alignments)
		Ambiguity for this contig is not checked for speed up (too much alignments and --ambiguity-usage is "one")
			Skipping redundant alignments after choosing the best set of alignments
		Skipping redundant alignment 149 320 | 433731 433902 | 172 172 | 100.0 | bs_ill_bs_contig10 contig_86
		Skipping redundant alignment 156000 156083 | 593606 593689 | 84 84 | 96.43 | bs_ill_bs_contig10 contig_86
		Skipping redundant alignment 156171 156290 | 593786 593905 | 120 120 | 90.0 | bs_ill_bs_contig10 contig_86
		Skipping redundant alignment 155994 156067 | 593942 594015 | 74 74 | 94.59 | bs_ill_bs_contig10 contig_86
		Skipping redundant alignment 262 442 | 593903 594083 | 181 181 | 92.27 | bs_ill_bs_contig9 contig_86
		Skipping redundant alignment 99073 99146 | 3493486 3493413 | 74 74 | 100.0 | bs_ill_bs_contig3 contig_86
		Skipping redundant alignment 156531 156677 | 594254 594400 | 147 147 | 91.16 | bs_ill_bs_contig10 contig_86
		Skipping redundant alignment 70 297 | 3493569 3493796 | 228 228 | 100.0 | bs_ill_bs_contig18 contig_86
		Skipping redundant alignment 98992 99064 | 3494327 3494255 | 73 73 | 100.0 | bs_ill_bs_contig3 contig_86
		Skipping redundant alignment 103890 103965 | 3494329 3494254 | 76 76 | 100.0 | bs_ill_bs_contig12 contig_86
		Skipping redundant alignment 156834 156912 | 595268 595346 | 79 79 | 92.41 | bs_ill_bs_contig10 contig_86
		Skipping redundant alignment 1 120 | 596090 596209 | 120 120 | 99.17 | bs_ill_bs_contig9 contig_86
		Skipping redundant alignment 156810 156939 | 596468 596597 | 130 130 | 100.0 | bs_ill_bs_contig10 contig_86
		Skipping redundant alignment 445 517 | 596543 596615 | 73 73 | 100.0 | bs_ill_bs_contig9 contig_86
		Skipping redundant alignment 262 449 | 596549 596736 | 188 188 | 92.55 | bs_ill_bs_contig9 contig_86
		Skipping redundant alignment 156823 156913 | 597462 597552 | 91 91 | 92.31 | bs_ill_bs_contig10 contig_86
		Skipping redundant alignment 156456 156553 | 597824 597921 | 98 98 | 100.0 | bs_ill_bs_contig10 contig_86
		Skipping redundant alignment 99074 99348 | 1500702 1500976 | 275 275 | 100.0 | bs_ill_bs_contig3 contig_86
		Skipping redundant alignment 73 297 | 1501566 1501342 | 225 225 | 99.11 | bs_ill_bs_contig18 contig_86
		Skipping redundant alignment 7557 7656 | 1501675 1501576 | 100 100 | 99.0 | bs_ill_bs_contig21 contig_86
		Skipping redundant alignment 34895 34972 | 1501834 1501757 | 78 78 | 100.0 | bs_ill_bs_contig15 contig_86
		Skipping redundant alignment 524 601 | 1502023 1502100 | 78 78 | 100.0 | bs_ill_bs_contig3 contig_86
		Skipping redundant alignment 341 430 | 3488255 3488166 | 90 90 | 98.89 | bs_ill_bs_contig3 contig_86
		Skipping redundant alignment 219 297 | 2520085 2520007 | 79 79 | 100.0 | bs_ill_bs_contig18 contig_86
		Skipping redundant alignment 34982 35054 | 2520239 2520167 | 73 73 | 100.0 | bs_ill_bs_contig15 contig_86
		Skipping redundant alignment 99073 99146 | 2520166 2520239 | 74 74 | 100.0 | bs_ill_bs_contig3 contig_86
		Skipping redundant alignment 18222 18295 | 2520239 2520166 | 74 74 | 100.0 | bs_ill_bs_contig20 contig_86
		Skipping redundant alignment 1 425 | 2580364 2579939 | 425 426 | 99.53 | bs_ill_bs_contig3 contig_86
		Skipping redundant alignment 1 274 | 2584572 2584845 | 274 274 | 100.0 | bs_ill_bs_contig13 contig_86
		Skipping redundant alignment 328 450 | 2584980 2585102 | 123 123 | 100.0 | bs_ill_bs_contig13 contig_86
		Skipping redundant alignment 1 115 | 2605636 2605750 | 115 115 | 98.26 | bs_ill_bs_contig21 contig_86
		Skipping redundant alignment 521 601 | 2666474 2666394 | 81 81 | 100.0 | bs_ill_bs_contig3 contig_86
		Skipping redundant alignment 99271 99341 | 3493281 3493211 | 71 71 | 95.77 | bs_ill_bs_contig3 contig_86
		Skipping redundant alignment 299 374 | 2736510 2736585 | 76 76 | 100.0 | bs_ill_bs_contig1326 contig_86
		Skipping redundant alignment 104 170 | 2742012 2741946 | 67 67 | 91.04 | bs_ill_bs_contig16 contig_86
		Skipping redundant alignment 1 500 | 2746423 2746924 | 500 502 | 98.41 | bs_ill_bs_contig13 contig_86
			The best set is below. Score: 4022720.1, number of alignments: 115, unaligned bases: 12133
		This contig is misassembled.
		This contig is partially unaligned. (Aligned 4033703 out of 4045836 non-N bases (99.70%))
			Real Alignment 1: 1 659 | 659 1 | 659 659 | 99.39 | bs_ill_bs_contig2 contig_86
			  Not a misassembly [fragmentation of reference genome] between these two alignments
			Excluding internal overlap of size 55 between Alignment 2 and 3: 708430 709047 | 1278 661 | 618 618 --> 708485 709047 | 1223 661 | 563 563
			Real Alignment 2: 708485 709047 | 1223 661 | 563 563 | 99.84 | bs_ill_bs_contig1 contig_86
			  Extensive misassembly (translocation) between these two alignments
			Excluding internal overlap of size 114 between Alignment 3 and 4: 708435 709047 | 24352 24964 | 613 613 --> 708549 709047 | 24466 24964 | 499 499
			Real Alignment 3: 1 23242 | 1224 24465 | 23242 23242 | 100.0 | bs_ill_bs_contig19 contig_86
			  Extensive misassembly (translocation) between these two alignments
			Real Alignment 4: 708549 709047 | 24466 24964 | 499 499 | 98.69 | bs_ill_bs_contig1 contig_86
			  Not a misassembly [fragmentation of reference genome] between these two alignments
			Excluding internal overlap of size 99 between Alignment 5 and 6: 1 673 | 24966 25638 | 673 673 --> 1 574 | 24966 25539 | 574 574
			Real Alignment 5: 1 574 | 24966 25539 | 574 574 | 97.62 | bs_ill_bs_contig2 contig_86
			  Extensive misassembly (translocation) between these two alignments
			Excluding internal overlap of size 55 between Alignment 6 and 7: 708461 709047 | 162682 163268 | 587 587 --> 708516 709047 | 162737 163268 | 532 532
			Real Alignment 6: 1 137190 | 162736 25540 | 137190 137197 | 99.99 | bs_ill_bs_contig11 contig_86
			  Extensive misassembly (translocation) between these two alignments
			Real Alignment 7: 708516 709047 | 162737 163268 | 532 532 | 98.81 | bs_ill_bs_contig1 contig_86
			  Not a misassembly [fragmentation of reference genome] between these two alignments
			Excluding internal overlap of size 72 between Alignment 8 and 9: 1 671 | 163270 163940 | 671 671 --> 1 599 | 163270 163868 | 599 599
			Real Alignment 8: 1 599 | 163270 163868 | 599 599 | 98.06 | bs_ill_bs_contig2 contig_86
			  Extensive misassembly (translocation) between these two alignments
			Real Alignment 9: 1 269408 | 163869 433293 | 269408 269425 | 99.99 | bs_ill_bs_contig6 contig_86
			  Not a misassembly [fragmentation of reference genome] between these two alignments
			Real Alignment 10: 1 2262 | 436109 433848 | 2262 2262 | 100.0 | bs_ill_bs_contig411 contig_86
			  Not a misassembly [fragmentation of reference genome] between these two alignments
			Real Alignment 11: 1 156862 | 436488 593361 | 156862 156874 | 99.85 | bs_ill_bs_contig10 contig_86
			  Gap between these two alignments (local misassembly). Inconsistency = -513
			Real Alignment 12: 156590 156939 | 593602 593951 | 350 350 | 100.0 | bs_ill_bs_contig10 contig_86
			  Gap between these two alignments (local misassembly). Inconsistency = -927
			Real Alignment 13: 156077 156223 | 594016 594162 | 147 147 | 97.96 | bs_ill_bs_contig10 contig_86
			  Gap between these two alignments (local misassembly). Inconsistency = -378
			Real Alignment 14: 155978 156197 | 594295 594514 | 220 220 | 99.55 | bs_ill_bs_contig10 contig_86
			  Indel (> 5bp) between these two alignments: deletion of length 36; 0 mismatches (number of Ns: 0)
			Real Alignment 15: 156234 156335 | 594515 594616 | 102 102 | 93.14 | bs_ill_bs_contig10 contig_86
			  Gap between these two alignments (local misassembly). Inconsistency = -153
			Excluding internal overlap of size 40 between Alignment 16 and 17: 156423 156826 | 594857 595260 | 404 404 --> 156423 156786 | 594857 595220 | 364 364
			Real Alignment 16: 156423 156786 | 594857 595220 | 364 364 | 92.08 | bs_ill_bs_contig10 contig_86
			  Extensive misassembly (translocation) between these two alignments
			Real Alignment 17: 59 507 | 595660 595221 | 449 440 | 97.77 | bs_ill_bs_contig1250 contig_86
			  Extensive misassembly (translocation) between these two alignments
			Real Alignment 18: 156140 156408 | 595897 596165 | 269 269 | 96.28 | bs_ill_bs_contig10 contig_86
			  Gap between these two alignments (local misassembly). Inconsistency = 243
			Real Alignment 19: 156684 156751 | 596198 596265 | 68 68 | 98.53 | bs_ill_bs_contig10 contig_86
			  Gap between these two alignments (local misassembly). Inconsistency = -747
			Real Alignment 20: 156140 156290 | 596401 596551 | 151 151 | 94.7 | bs_ill_bs_contig10 contig_86
			  Gap between these two alignments (local misassembly). Inconsistency = -333
			Real Alignment 21: 155994 156223 | 596588 596817 | 230 230 | 96.52 | bs_ill_bs_contig10 contig_86
			  Gap between these two alignments (local misassembly). Inconsistency = -378
			Excluding internal overlap of size 88 between Alignment 22 and 23: 155978 156223 | 596950 597195 | 246 246 --> 155978 156135 | 596950 597107 | 158 158
			Real Alignment 22: 155978 156135 | 596950 597107 | 158 158 | 98.37 | bs_ill_bs_contig10 contig_86
			  Extensive misassembly (translocation) between these two alignments
			Real Alignment 23: 1 609 | 597716 597108 | 609 609 | 100.0 | bs_ill_bs_contig1250 contig_86
			  Gap between these two alignments (local misassembly). Inconsistency = 33 [fragmentation of reference genome]
			Excluding internal overlap of size 13 between Alignment 24 and 25: 34 342 | 597824 598132 | 309 309 --> 34 329 | 597824 598119 | 296 296
			Real Alignment 24: 34 329 | 597824 598119 | 296 296 | 99.03 | bs_ill_bs_contig9 contig_86
			  Overlap between these two alignments (local misassembly). Inconsistency = -216
			Excluding internal overlap of size 55 between Alignment 25 and 26: 708434 709047 | 850654 851267 | 614 614 --> 708489 709047 | 850709 851267 | 559 559
			Real Alignment 25: 114 252570 | 598120 850708 | 252457 252589 | 99.93 | bs_ill_bs_contig9 contig_86
			  Extensive misassembly (translocation) between these two alignments
			Real Alignment 26: 708489 709047 | 850709 851267 | 559 559 | 99.84 | bs_ill_bs_contig1 contig_86
			  Not a misassembly [fragmentation of reference genome] between these two alignments
			Excluding internal overlap of size 56 between Alignment 27 and 28: 1 674 | 851269 851942 | 674 674 --> 1 618 | 851269 851886 | 618 618
			Real Alignment 27: 1 618 | 851269 851886 | 618 618 | 99.26 | bs_ill_bs_contig2 contig_86
			  Extensive misassembly (translocation) between these two alignments
			Excluding internal overlap of size 74 between Alignment 28 and 29: 1 673 | 1146882 1146209 | 673 674 --> 1 599 | 1146882 1146283 | 599 600
			Real Alignment 28: 1 294381 | 851887 1146282 | 294381 294396 | 99.99 | bs_ill_bs_contig5 contig_86
			  Extensive misassembly (translocation) between these two alignments
			Real Alignment 29: 1 599 | 1146882 1146283 | 599 600 | 99.11 | bs_ill_bs_contig2 contig_86
			  Not a misassembly [fragmentation of reference genome] between these two alignments
			Excluding internal overlap of size 55 between Alignment 30 and 31: 708435 709047 | 1147496 1146884 | 613 613 --> 708490 709047 | 1147441 1146884 | 558 558
			Real Alignment 30: 708490 709047 | 1147441 1146884 | 558 558 | 100.0 | bs_ill_bs_contig1 contig_86
			  Extensive misassembly (translocation) between these two alignments
			Excluding internal overlap of size 74 between Alignment 31 and 32: 1 673 | 1463127 1462455 | 673 673 --> 1 599 | 1463127 1462529 | 599 599
			Real Alignment 31: 1 315068 | 1462528 1147442 | 315068 315087 | 99.99 | bs_ill_bs_contig4 contig_86
			  Extensive misassembly (translocation) between these two alignments
			Real Alignment 32: 1 599 | 1463127 1462529 | 599 599 | 99.26 | bs_ill_bs_contig2 contig_86
			  Not a misassembly [fragmentation of reference genome] between these two alignments
			Excluding internal overlap of size 55 between Alignment 33 and 34: 708434 709047 | 1463742 1463129 | 614 614 --> 708489 709047 | 1463687 1463129 | 559 559
			Real Alignment 33: 708489 709047 | 1463687 1463129 | 559 559 | 99.84 | bs_ill_bs_contig1 contig_86
			  Extensive misassembly (translocation) between these two alignments
			Real Alignment 34: 1 37065 | 1463688 1500756 | 37065 37069 | 99.98 | bs_ill_bs_contig17 contig_86
			  Not a misassembly [fragmentation of reference genome] between these two alignments
			Real Alignment 35: 1 536 | 1502556 1502048 | 536 509 | 90.26 | bs_ill_bs_contig1326 contig_86
			  Extensive misassembly (translocation) between these two alignments
			Real Alignment 36: 328 453 | 1502826 1502701 | 126 126 | 100.0 | bs_ill_bs_contig13 contig_86
			  Gap between these two alignments (local misassembly). Inconsistency = -81
			Excluding internal overlap of size 55 between Alignment 37 and 38: 1 274 | 1503234 1502961 | 274 274 --> 56 274 | 1503179 1502961 | 219 219
			Real Alignment 37: 56 274 | 1503179 1502961 | 219 219 | 100.0 | bs_ill_bs_contig13 contig_86
			  Indel (> 5bp) between these two alignments: deletion of length 55; 0 mismatches (number of Ns: 0) [fragmentation of reference genome]
			Real Alignment 38: 1 1152 | 1503180 1504331 | 1152 1152 | 100.0 | bs_ill_bs_contig839 contig_86
			  Not a misassembly [fragmentation of reference genome] between these two alignments
			Real Alignment 39: 1 911 | 1504333 1505243 | 911 911 | 100.0 | bs_ill_bs_contig991 contig_86
			  Not a misassembly [fragmentation of reference genome] between these two alignments
			Real Alignment 40: 1 722 | 1505966 1505245 | 722 722 | 100.0 | bs_ill_bs_contig1146 contig_86
			  Not a misassembly [fragmentation of reference genome] between these two alignments
			Excluding internal overlap of size 55 between Alignment 41 and 42: 1 341 | 1507265 1507605 | 341 341 --> 56 341 | 1507320 1507605 | 286 286
			Real Alignment 41: 1 982 | 1507319 1506338 | 982 982 | 100.0 | bs_ill_bs_contig933 contig_86
			  Indel (> 5bp) between these two alignments: deletion of length 55; 0 mismatches (number of Ns: 0) [fragmentation of reference genome]
			Real Alignment 42: 56 341 | 1507320 1507605 | 286 286 | 100.0 | bs_ill_bs_contig3 contig_86
			  Extensive misassembly (translocation) between these two alignments
			Excluding internal overlap of size 55 between Alignment 43 and 44: 708435 709047 | 1545924 1546536 | 613 613 --> 708490 709047 | 1545979 1546536 | 558 558
			Real Alignment 43: 1 38370 | 1507606 1545978 | 38370 38373 | 99.99 | bs_ill_bs_contig16 contig_86
			  Extensive misassembly (translocation) between these two alignments
			Real Alignment 44: 708490 709047 | 1545979 1546536 | 558 558 | 99.84 | bs_ill_bs_contig1 contig_86
			  Not a misassembly [fragmentation of reference genome] between these two alignments
			Excluding internal overlap of size 53 between Alignment 45 and 46: 1 673 | 1546538 1547210 | 673 673 --> 1 620 | 1546538 1547157 | 620 620
			Real Alignment 45: 1 620 | 1546538 1547157 | 620 620 | 99.11 | bs_ill_bs_contig2 contig_86
			  Extensive misassembly (translocation) between these two alignments
			Excluding internal overlap of size 74 between Alignment 46 and 47: 1 673 | 1810981 1810309 | 673 673 --> 1 599 | 1810981 1810383 | 599 599
			Real Alignment 46: 1 263211 | 1547158 1810382 | 263211 263225 | 99.99 | bs_ill_bs_contig7 contig_86
			  Extensive misassembly (translocation) between these two alignments
			Real Alignment 47: 1 599 | 1810981 1810383 | 599 599 | 99.41 | bs_ill_bs_contig2 contig_86
			  Not a misassembly [fragmentation of reference genome] between these two alignments
			Real Alignment 48: 1 709047 | 2519954 1810983 | 709047 708972 | 99.98 | bs_ill_bs_contig1 contig_86
			  Not a misassembly [fragmentation of reference genome] between these two alignments
			Real Alignment 49: 1 59870 | 2520185 2580056 | 59870 59872 | 100.0 | bs_ill_bs_contig14 contig_86
			  Not a misassembly [fragmentation of reference genome] between these two alignments
			Real Alignment 50: 1 982 | 2580310 2581291 | 982 982 | 100.0 | bs_ill_bs_contig933 contig_86
			  Not a misassembly [fragmentation of reference genome] between these two alignments
			Real Alignment 51: 1 722 | 2581840 2582561 | 722 722 | 100.0 | bs_ill_bs_contig1146 contig_86
			  Not a misassembly [fragmentation of reference genome] between these two alignments
			Real Alignment 52: 1 911 | 2583473 2582563 | 911 911 | 100.0 | bs_ill_bs_contig991 contig_86
			  Not a misassembly [fragmentation of reference genome] between these two alignments
			Real Alignment 53: 1 1152 | 2584626 2583475 | 1152 1152 | 100.0 | bs_ill_bs_contig839 contig_86
			  Not a misassembly [fragmentation of reference genome] between these two alignments
			Real Alignment 54: 1 15524 | 2585024 2600547 | 15524 15524 | 100.0 | bs_ill_bs_contig21 contig_86
			  Extensive misassembly (translocation) between these two alignments
			Excluding internal overlap of size 55 between Alignment 55 and 56: 1 342 | 2600976 2600635 | 342 342 --> 56 342 | 2600921 2600635 | 287 287
			Real Alignment 55: 56 342 | 2600921 2600635 | 287 287 | 100.0 | bs_ill_bs_contig3 contig_86
			  Indel (> 5bp) between these two alignments: deletion of length 55; 0 mismatches (number of Ns: 0) [fragmentation of reference genome]
			Real Alignment 56: 1 982 | 2600922 2601903 | 982 982 | 99.9 | bs_ill_bs_contig933 contig_86
			  Not a misassembly [fragmentation of reference genome] between these two alignments
			Real Alignment 57: 1 722 | 2602452 2603173 | 722 722 | 100.0 | bs_ill_bs_contig1146 contig_86
			  Not a misassembly [fragmentation of reference genome] between these two alignments
			Real Alignment 58: 1 911 | 2604085 2603175 | 911 911 | 100.0 | bs_ill_bs_contig991 contig_86
			  Not a misassembly [fragmentation of reference genome] between these two alignments
			Excluding internal overlap of size 55 between Alignment 59 and 60: 1 274 | 2605184 2605457 | 274 274 --> 56 274 | 2605239 2605457 | 219 219
			Real Alignment 59: 1 1152 | 2605238 2604087 | 1152 1152 | 100.0 | bs_ill_bs_contig839 contig_86
			  Indel (> 5bp) between these two alignments: deletion of length 55; 0 mismatches (number of Ns: 0) [fragmentation of reference genome]
			Real Alignment 60: 56 274 | 2605239 2605457 | 219 219 | 100.0 | bs_ill_bs_contig13 contig_86
			  Gap between these two alignments (local misassembly). Inconsistency = -81
			Excluding internal overlap of size 55 between Alignment 61 and 62: 328 450 | 2605592 2605714 | 123 123 --> 328 395 | 2605592 2605659 | 68 68
			Real Alignment 61: 328 395 | 2605592 2605659 | 68 68 | 100.0 | bs_ill_bs_contig13 contig_86
			  Extensive misassembly (translocation) between these two alignments
			Real Alignment 62: 1 55215 | 2605660 2660874 | 55215 55215 | 100.0 | bs_ill_bs_contig15 contig_86
			  Extensive misassembly (translocation) between these two alignments
			Excluding internal overlap of size 55 between Alignment 63 and 64: 1 341 | 2661310 2660970 | 341 341 --> 56 341 | 2661255 2660970 | 286 286
			Real Alignment 63: 56 341 | 2661255 2660970 | 286 286 | 100.0 | bs_ill_bs_contig3 contig_86
			  Indel (> 5bp) between these two alignments: deletion of length 55; 0 mismatches (number of Ns: 0) [fragmentation of reference genome]
			Real Alignment 64: 1 982 | 2661256 2662237 | 982 982 | 100.0 | bs_ill_bs_contig933 contig_86
			  Not a misassembly [fragmentation of reference genome] between these two alignments
			Real Alignment 65: 1 722 | 2662609 2663330 | 722 722 | 100.0 | bs_ill_bs_contig1146 contig_86
			  Not a misassembly [fragmentation of reference genome] between these two alignments
			Real Alignment 66: 1 911 | 2664242 2663332 | 911 911 | 100.0 | bs_ill_bs_contig991 contig_86
			  Not a misassembly [fragmentation of reference genome] between these two alignments
			Excluding internal overlap of size 55 between Alignment 67 and 68: 1 453 | 2665341 2665794 | 453 454 --> 56 453 | 2665396 2665794 | 398 399
			Real Alignment 67: 1 1152 | 2665395 2664244 | 1152 1152 | 100.0 | bs_ill_bs_contig839 contig_86
			  Indel (> 5bp) between these two alignments: deletion of length 55; 0 mismatches (number of Ns: 0) [fragmentation of reference genome]
			Real Alignment 68: 56 453 | 2665396 2665794 | 398 399 | 99.78 | bs_ill_bs_contig13 contig_86
			  Extensive misassembly (translocation) between these two alignments
			Real Alignment 69: 1 536 | 2665911 2666446 | 536 536 | 100.0 | bs_ill_bs_contig1326 contig_86
			  Extensive misassembly (translocation) between these two alignments
			Excluding internal overlap of size 55 between Alignment 70 and 71: 1 341 | 2667233 2666893 | 341 341 --> 56 341 | 2667178 2666893 | 286 286
			Real Alignment 70: 56 341 | 2667178 2666893 | 286 286 | 100.0 | bs_ill_bs_contig3 contig_86
			  Indel (> 5bp) between these two alignments: deletion of length 55; 0 mismatches (number of Ns: 0) [fragmentation of reference genome]
			Real Alignment 71: 1 982 | 2667179 2668160 | 982 982 | 100.0 | bs_ill_bs_contig933 contig_86
			  Not a misassembly [fragmentation of reference genome] between these two alignments
			Real Alignment 72: 1 722 | 2668532 2669253 | 722 722 | 100.0 | bs_ill_bs_contig1146 contig_86
			  Not a misassembly [fragmentation of reference genome] between these two alignments
			Real Alignment 73: 1 911 | 2670165 2669255 | 911 911 | 100.0 | bs_ill_bs_contig991 contig_86
			  Not a misassembly [fragmentation of reference genome] between these two alignments
			Excluding internal overlap of size 55 between Alignment 74 and 75: 1 1152 | 2671318 2670167 | 1152 1152 --> 56 1152 | 2671263 2670167 | 1097 1097
			Real Alignment 74: 56 1152 | 2671263 2670167 | 1097 1097 | 100.0 | bs_ill_bs_contig839 contig_86
			  Indel (> 5bp) between these two alignments: deletion of length 55; 0 mismatches (number of Ns: 0) [fragmentation of reference genome]
			Excluding internal overlap of size 55 between Alignment 75 and 76: 1 430 | 2731777 2731348 | 430 430 --> 1 375 | 2731777 2731403 | 375 375
			Real Alignment 75: 1 60136 | 2671264 2731402 | 60136 60139 | 99.99 | bs_ill_bs_contig13 contig_86
			  Extensive misassembly (translocation) between these two alignments
			Excluding internal overlap of size 55 between Alignment 76 and 77: 1 375 | 2731777 2731403 | 375 375 --> 56 375 | 2731722 2731403 | 320 320
			Real Alignment 76: 56 375 | 2731722 2731403 | 320 320 | 99.77 | bs_ill_bs_contig3 contig_86
			  Indel (> 5bp) between these two alignments: deletion of length 55; 0 mismatches (number of Ns: 0) [fragmentation of reference genome]
			Real Alignment 77: 1 982 | 2731723 2732704 | 982 982 | 100.0 | bs_ill_bs_contig933 contig_86
			  Not a misassembly [fragmentation of reference genome] between these two alignments
			Real Alignment 78: 1 722 | 2733076 2733797 | 722 722 | 100.0 | bs_ill_bs_contig1146 contig_86
			  Not a misassembly [fragmentation of reference genome] between these two alignments
			Real Alignment 79: 1 911 | 2734709 2733799 | 911 911 | 100.0 | bs_ill_bs_contig991 contig_86
			  Not a misassembly [fragmentation of reference genome] between these two alignments
			Excluding internal overlap of size 55 between Alignment 80 and 81: 1 449 | 2735808 2736256 | 449 449 --> 56 449 | 2735863 2736256 | 394 394
			Real Alignment 80: 1 1152 | 2735862 2734711 | 1152 1152 | 100.0 | bs_ill_bs_contig839 contig_86
			  Indel (> 5bp) between these two alignments: deletion of length 55; 0 mismatches (number of Ns: 0) [fragmentation of reference genome]
			Real Alignment 81: 56 449 | 2735863 2736256 | 394 394 | 99.78 | bs_ill_bs_contig13 contig_86
			  Extensive misassembly (translocation) between these two alignments
			Real Alignment 82: 521 601 | 2736698 2736618 | 81 81 | 100.0 | bs_ill_bs_contig3 contig_86
			  Gap between these two alignments (local misassembly). Inconsistency = -171
			Excluding internal overlap of size 55 between Alignment 83 and 84: 1 430 | 2737390 2736960 | 430 431 --> 56 430 | 2737335 2736960 | 375 376
			Real Alignment 83: 56 430 | 2737335 2736960 | 375 376 | 99.54 | bs_ill_bs_contig3 contig_86
			  Indel (> 5bp) between these two alignments: deletion of length 55; 0 mismatches (number of Ns: 0) [fragmentation of reference genome]
			Real Alignment 84: 1 982 | 2737336 2738317 | 982 982 | 100.0 | bs_ill_bs_contig933 contig_86
			  Not a misassembly [fragmentation of reference genome] between these two alignments
			Real Alignment 85: 1 722 | 2738689 2739410 | 722 722 | 100.0 | bs_ill_bs_contig1146 contig_86
			  Not a misassembly [fragmentation of reference genome] between these two alignments
			Real Alignment 86: 1 911 | 2740322 2739412 | 911 911 | 100.0 | bs_ill_bs_contig991 contig_86
			  Not a misassembly [fragmentation of reference genome] between these two alignments
			Excluding internal overlap of size 55 between Alignment 87 and 88: 1 453 | 2741421 2741874 | 453 454 --> 56 453 | 2741476 2741874 | 398 399
			Real Alignment 87: 1 1152 | 2741475 2740324 | 1152 1152 | 100.0 | bs_ill_bs_contig839 contig_86
			  Indel (> 5bp) between these two alignments: deletion of length 55; 0 mismatches (number of Ns: 0) [fragmentation of reference genome]
			Real Alignment 88: 56 453 | 2741476 2741874 | 398 399 | 99.78 | bs_ill_bs_contig13 contig_86
			  Extensive misassembly (translocation) between these two alignments
			Excluding internal overlap of size 55 between Alignment 89 and 90: 1 430 | 2742392 2741962 | 430 431 --> 56 430 | 2742337 2741962 | 375 376
			Real Alignment 89: 56 430 | 2742337 2741962 | 375 376 | 99.54 | bs_ill_bs_contig3 contig_86
			  Indel (> 5bp) between these two alignments: deletion of length 55; 0 mismatches (number of Ns: 0) [fragmentation of reference genome]
			Real Alignment 90: 1 982 | 2742338 2743319 | 982 982 | 100.0 | bs_ill_bs_contig933 contig_86
			  Not a misassembly [fragmentation of reference genome] between these two alignments
			Real Alignment 91: 1 722 | 2743691 2744412 | 722 722 | 100.0 | bs_ill_bs_contig1146 contig_86
			  Not a misassembly [fragmentation of reference genome] between these two alignments
			Real Alignment 92: 1 911 | 2745324 2744414 | 911 911 | 99.89 | bs_ill_bs_contig991 contig_86
			  Not a misassembly [fragmentation of reference genome] between these two alignments
			Real Alignment 93: 1 1152 | 2746477 2745326 | 1152 1152 | 100.0 | bs_ill_bs_contig839 contig_86
			  Not a misassembly [fragmentation of reference genome] between these two alignments
			Real Alignment 94: 1 18355 | 2746691 2765044 | 18355 18354 | 99.96 | bs_ill_bs_contig20 contig_86
			  Not a misassembly [fragmentation of reference genome] between these two alignments
			Excluding internal overlap of size 55 between Alignment 95 and 96: 708434 709047 | 2869174 2869787 | 614 614 --> 708489 709047 | 2869229 2869787 | 559 559
			Real Alignment 95: 1 104023 | 2869228 2765198 | 104023 104031 | 99.99 | bs_ill_bs_contig12 contig_86
			  Extensive misassembly (translocation) between these two alignments
			Real Alignment 96: 708489 709047 | 2869229 2869787 | 559 559 | 99.84 | bs_ill_bs_contig1 contig_86
			  Not a misassembly [fragmentation of reference genome] between these two alignments
			Excluding internal overlap of size 74 between Alignment 97 and 98: 1 673 | 2869789 2870461 | 673 673 --> 1 599 | 2869789 2870387 | 599 599
			Real Alignment 97: 1 599 | 2869789 2870387 | 599 599 | 99.26 | bs_ill_bs_contig2 contig_86
			  Extensive misassembly (translocation) between these two alignments
			Excluding internal overlap of size 55 between Alignment 98 and 99: 1 982 | 3195820 3196801 | 982 982 --> 56 982 | 3195875 3196801 | 927 927
			Real Alignment 98: 1 325319 | 3195874 2870388 | 325319 325487 | 99.94 | bs_ill_bs_contig3 contig_86
			  Indel (> 5bp) between these two alignments: deletion of length 55; 0 mismatches (number of Ns: 0) [fragmentation of reference genome]
			Real Alignment 99: 56 982 | 3195875 3196801 | 927 927 | 100.0 | bs_ill_bs_contig933 contig_86
			  Not a misassembly [fragmentation of reference genome] between these two alignments
			Real Alignment 100: 1 722 | 3197173 3197894 | 722 722 | 100.0 | bs_ill_bs_contig1146 contig_86
			  Not a misassembly [fragmentation of reference genome] between these two alignments
			Real Alignment 101: 1 911 | 3198806 3197896 | 911 911 | 100.0 | bs_ill_bs_contig991 contig_86
			  Not a misassembly [fragmentation of reference genome] between these two alignments
			Excluding internal overlap of size 55 between Alignment 102 and 103: 1 448 | 3199905 3200353 | 448 449 --> 56 448 | 3199960 3200353 | 393 394
			Real Alignment 102: 1 1152 | 3199959 3198808 | 1152 1152 | 99.91 | bs_ill_bs_contig839 contig_86
			  Indel (> 5bp) between these two alignments: deletion of length 55; 0 mismatches (number of Ns: 0) [fragmentation of reference genome]
			Excluding internal overlap of size 56 between Alignment 103 and 104: 56 448 | 3199960 3200353 | 393 394 --> 56 393 | 3199960 3200297 | 338 338
			Real Alignment 103: 56 393 | 3199960 3200297 | 338 338 | 99.78 | bs_ill_bs_contig13 contig_86
			  Extensive misassembly (translocation) between these two alignments
			Excluding internal overlap of size 55 between Alignment 104 and 105: 708435 709047 | 3229943 3230555 | 613 613 --> 708490 709047 | 3229998 3230555 | 558 558
			Real Alignment 104: 1 29697 | 3200298 3229997 | 29697 29700 | 99.94 | bs_ill_bs_contig18 contig_86
			  Extensive misassembly (translocation) between these two alignments
			Real Alignment 105: 708490 709047 | 3229998 3230555 | 558 558 | 99.84 | bs_ill_bs_contig1 contig_86
			  Not a misassembly [fragmentation of reference genome] between these two alignments
			Excluding internal overlap of size 74 between Alignment 106 and 107: 1 673 | 3230557 3231229 | 673 673 --> 1 599 | 3230557 3231155 | 599 599
			Real Alignment 106: 1 599 | 3230557 3231155 | 599 599 | 99.11 | bs_ill_bs_contig2 contig_86
			  Extensive misassembly (translocation) between these two alignments
			Real Alignment 107: 1 257004 | 3231156 3488220 | 257004 257065 | 99.97 | bs_ill_bs_contig8 contig_86
			  Extensive misassembly (translocation) between these two alignments
			Excluding internal overlap of size 55 between Alignment 108 and 109: 1 340 | 3488660 3488321 | 340 340 --> 56 340 | 3488605 3488321 | 285 285
			Real Alignment 108: 56 340 | 3488605 3488321 | 285 285 | 100.0 | bs_ill_bs_contig3 contig_86
			  Indel (> 5bp) between these two alignments: deletion of length 55; 0 mismatches (number of Ns: 0) [fragmentation of reference genome]
			Real Alignment 109: 1 982 | 3488606 3489588 | 982 983 | 99.9 | bs_ill_bs_contig933 contig_86
			  Not a misassembly [fragmentation of reference genome] between these two alignments
			Real Alignment 110: 1 722 | 3489960 3490681 | 722 722 | 100.0 | bs_ill_bs_contig1146 contig_86
			  Not a misassembly [fragmentation of reference genome] between these two alignments
			Real Alignment 111: 1 911 | 3491593 3490683 | 911 911 | 99.89 | bs_ill_bs_contig991 contig_86
			  Not a misassembly [fragmentation of reference genome] between these two alignments
			Excluding internal overlap of size 55 between Alignment 112 and 113: 1 319 | 3492692 3493011 | 319 320 --> 56 319 | 3492747 3493011 | 264 265
			Real Alignment 112: 1 1152 | 3492746 3491595 | 1152 1152 | 100.0 | bs_ill_bs_contig839 contig_86
			  Indel (> 5bp) between these two alignments: deletion of length 55; 0 mismatches (number of Ns: 0) [fragmentation of reference genome]
			Real Alignment 113: 56 319 | 3492747 3493011 | 264 265 | 99.69 | bs_ill_bs_contig13 contig_86
			  Extensive misassembly (translocation) between these two alignments
			Real Alignment 114: 18222 18355 | 3493413 3493546 | 134 134 | 100.0 | bs_ill_bs_contig20 contig_86
			  Not a misassembly [fragmentation of reference genome] between these two alignments
			Real Alignment 115: 674 552243 | 4045836 3494397 | 551570 551440 | 99.96 | bs_ill_bs_contig2 contig_86
		Unaligned bases: 12133

CONTIG: contig_125 (2845566bp)
Best alignment score: 971.1 (LEN: 1052, IDY: 92.31), Total number of alignments: 38
			Looking for the best set of alignments (out of 38 total alignments)
			Skipping redundant alignments after choosing the best set of alignments
		Skipping redundant alignment 18222 18295 | 1342358 1342431 | 74 74 | 98.65 | bs_ill_bs_contig20 contig_125
		Skipping redundant alignment 103891 103967 | 1343093 1343017 | 77 77 | 97.4 | bs_ill_bs_contig12 contig_125
		Skipping redundant alignment 9 171 | 279127 279289 | 163 163 | 93.25 | bs_ill_bs_contig13 contig_125
		Skipping redundant alignment 9 171 | 722382 722544 | 163 163 | 93.25 | bs_ill_bs_contig13 contig_125
		Skipping redundant alignment 99180 99264 | 725101 725017 | 85 85 | 96.47 | bs_ill_bs_contig3 contig_125
		Skipping redundant alignment 99074 99146 | 725189 725117 | 73 73 | 98.63 | bs_ill_bs_contig3 contig_125
		This contig has several significant sets of alignments. [An ambiguously mapped contig]
		Using only the very best set (option --ambiguity-usage is set to "one").
			The best set is below. Score: 9256.2, number of alignments: 32, unaligned bases: 2832899
		This contig is misassembled.
		This contig is partially unaligned. (Aligned 12667 out of 2845566 non-N bases (0.45%))
			Warning! This contig is more unaligned than misassembled. Contig length is 2845566 (number of Ns: 0) and total length of all aligns is 12667
		Alignment: 9 169 | 161 1 | 161 161 | 93.17 | bs_ill_bs_contig13 contig_125
		Alignment: 1 1065 | 115 1166 | 1065 1052 | 92.31 | bs_ill_bs_contig839 contig_125
		Alignment: 108 329 | 1363 1584 | 222 222 | 91.44 | bs_ill_bs_contig991 contig_125
		Alignment: 337 569 | 1595 1827 | 233 233 | 93.56 | bs_ill_bs_contig991 contig_125
		Alignment: 666 889 | 1925 2148 | 224 224 | 91.07 | bs_ill_bs_contig991 contig_125
		Alignment: 483 720 | 2411 2174 | 238 238 | 93.28 | bs_ill_bs_contig1146 contig_125
		Alignment: 95 215 | 2791 2671 | 121 121 | 93.39 | bs_ill_bs_contig1146 contig_125
		Alignment: 1 965 | 4294 3331 | 965 964 | 93.89 | bs_ill_bs_contig933 contig_125
		Alignment: 33226 33297 | 58949 58878 | 72 72 | 95.83 | bs_ill_bs_contig13 contig_125
		Alignment: 32338 32486 | 59837 59689 | 149 149 | 91.95 | bs_ill_bs_contig13 contig_125
		Alignment: 1 965 | 274994 275957 | 965 964 | 93.89 | bs_ill_bs_contig933 contig_125
		Alignment: 95 215 | 276497 276617 | 121 121 | 93.39 | bs_ill_bs_contig1146 contig_125
		Alignment: 483 720 | 276877 277114 | 238 238 | 93.28 | bs_ill_bs_contig1146 contig_125
		Alignment: 666 889 | 277363 277140 | 224 224 | 91.52 | bs_ill_bs_contig991 contig_125
		Alignment: 337 569 | 277693 277461 | 233 233 | 93.56 | bs_ill_bs_contig991 contig_125
		Alignment: 108 329 | 277925 277704 | 222 222 | 91.44 | bs_ill_bs_contig991 contig_125
		Alignment: 1 1065 | 279173 278122 | 1065 1052 | 92.31 | bs_ill_bs_contig839 contig_125
		Alignment: 1 965 | 718147 719110 | 965 964 | 93.89 | bs_ill_bs_contig933 contig_125
		Alignment: 95 215 | 719752 719872 | 121 121 | 93.39 | bs_ill_bs_contig1146 contig_125
		Alignment: 483 720 | 720132 720369 | 238 238 | 93.28 | bs_ill_bs_contig1146 contig_125
		Alignment: 666 889 | 720618 720395 | 224 224 | 91.07 | bs_ill_bs_contig991 contig_125
		Alignment: 337 569 | 720948 720716 | 233 233 | 93.56 | bs_ill_bs_contig991 contig_125
		Alignment: 108 329 | 721180 720959 | 222 222 | 91.44 | bs_ill_bs_contig991 contig_125
		Alignment: 1 1065 | 722428 721377 | 1065 1052 | 92.31 | bs_ill_bs_contig839 contig_125
		Alignment: 1 965 | 1337411 1338374 | 965 964 | 93.89 | bs_ill_bs_contig933 contig_125
		Alignment: 95 215 | 1339016 1339136 | 121 121 | 92.56 | bs_ill_bs_contig1146 contig_125
		Alignment: 483 720 | 1339396 1339633 | 238 238 | 93.28 | bs_ill_bs_contig1146 contig_125
		Alignment: 666 889 | 1339882 1339659 | 224 224 | 91.52 | bs_ill_bs_contig991 contig_125
		Alignment: 337 569 | 1340212 1339980 | 233 233 | 93.56 | bs_ill_bs_contig991 contig_125
		Alignment: 108 329 | 1340444 1340223 | 222 222 | 91.44 | bs_ill_bs_contig991 contig_125
		Alignment: 1 1065 | 1341692 1340641 | 1065 1052 | 92.31 | bs_ill_bs_contig839 contig_125
		Alignment: 9 171 | 1341646 1341808 | 163 163 | 93.25 | bs_ill_bs_contig13 contig_125
		Unaligned bases: 2832899

CONTIG: contig_90 (1936339bp)
Best alignment score: 975.3 (LEN: 1055, IDY: 92.45), Total number of alignments: 26
			Looking for the best set of alignments (out of 26 total alignments)
			Skipping redundant alignments after choosing the best set of alignments
		Skipping redundant alignment 766 967 | 842990 843191 | 202 202 | 95.05 | bs_ill_bs_contig933 contig_90
		Skipping redundant alignment 492 714 | 1658546 1658324 | 223 223 | 92.83 | bs_ill_bs_contig1146 contig_90
		Skipping redundant alignment 108 275 | 1657502 1657669 | 168 168 | 91.67 | bs_ill_bs_contig991 contig_90
		Skipping redundant alignment 26 176 | 842251 842401 | 151 151 | 91.39 | bs_ill_bs_contig933 contig_90
		This contig has several significant sets of alignments. [An ambiguously mapped contig]
		Using only the very best set (option --ambiguity-usage is set to "one").
			The best set is below. Score: 4746.0, number of alignments: 22, unaligned bases: 1928222
		This contig is misassembled.
		This contig is partially unaligned. (Aligned 8117 out of 1936339 non-N bases (0.42%))
			Warning! This contig is more unaligned than misassembled. Contig length is 1936339 (number of Ns: 0) and total length of all aligns is 8117
		Alignment: 1 1065 | 65154 66208 | 1065 1055 | 92.45 | bs_ill_bs_contig839 contig_90
		Alignment: 492 714 | 67447 67225 | 223 223 | 92.38 | bs_ill_bs_contig1146 contig_90
		Alignment: 95 211 | 67842 67726 | 117 117 | 94.02 | bs_ill_bs_contig1146 contig_90
		Alignment: 766 967 | 68748 68547 | 202 202 | 95.05 | bs_ill_bs_contig933 contig_90
		Alignment: 26 176 | 69487 69337 | 151 151 | 91.39 | bs_ill_bs_contig933 contig_90
		Alignment: 1 1065 | 142255 143308 | 1065 1054 | 92.45 | bs_ill_bs_contig839 contig_90
		Alignment: 492 714 | 144547 144325 | 223 223 | 92.83 | bs_ill_bs_contig1146 contig_90
		Alignment: 95 211 | 144942 144826 | 117 117 | 94.02 | bs_ill_bs_contig1146 contig_90
		Alignment: 766 967 | 145652 145451 | 202 202 | 95.05 | bs_ill_bs_contig933 contig_90
		Alignment: 26 176 | 146391 146241 | 151 151 | 91.39 | bs_ill_bs_contig933 contig_90
		Alignment: 1 1065 | 177782 178835 | 1065 1054 | 92.36 | bs_ill_bs_contig839 contig_90
		Alignment: 492 714 | 180073 179851 | 223 223 | 92.83 | bs_ill_bs_contig1146 contig_90
		Alignment: 95 211 | 180468 180352 | 117 117 | 93.16 | bs_ill_bs_contig1146 contig_90
		Alignment: 766 967 | 181178 180977 | 202 202 | 95.05 | bs_ill_bs_contig933 contig_90
		Alignment: 26 176 | 181917 181767 | 151 151 | 91.39 | bs_ill_bs_contig933 contig_90
		Alignment: 95 211 | 843895 844011 | 117 117 | 93.16 | bs_ill_bs_contig1146 contig_90
		Alignment: 492 714 | 844290 844512 | 223 223 | 92.83 | bs_ill_bs_contig1146 contig_90
		Alignment: 1 1065 | 846582 845529 | 1065 1054 | 92.45 | bs_ill_bs_contig839 contig_90
		Alignment: 299 371 | 1655581 1655509 | 73 73 | 97.26 | bs_ill_bs_contig1326 contig_90
		Alignment: 1 1065 | 1656251 1657305 | 1065 1055 | 90.36 | bs_ill_bs_contig839 contig_90
		Alignment: 766 967 | 1659664 1659463 | 202 202 | 95.05 | bs_ill_bs_contig933 contig_90
		Alignment: 26 176 | 1660403 1660253 | 151 151 | 91.39 | bs_ill_bs_contig933 contig_90
		Unaligned bases: 1928222

CONTIG: contig_92 (4758481bp)
Best alignment score: 208.0 (LEN: 230, IDY: 90.43), Total number of alignments: 28
			Looking for the best set of alignments (out of 28 total alignments)
			Skipping redundant alignments after choosing the best set of alignments
		Skipping redundant alignment 61 290 | 806245 806474 | 230 230 | 90.43 | bs_ill_bs_contig839 contig_92
		Skipping redundant alignment 707 789 | 806891 806973 | 83 83 | 97.59 | bs_ill_bs_contig839 contig_92
		Skipping redundant alignment 582 727 | 809903 809758 | 146 146 | 90.41 | bs_ill_bs_contig933 contig_92
		Skipping redundant alignment 472 543 | 810012 809941 | 72 72 | 95.83 | bs_ill_bs_contig933 contig_92
		Skipping redundant alignment 61 290 | 1472557 1472786 | 230 230 | 90.43 | bs_ill_bs_contig839 contig_92
		Skipping redundant alignment 707 789 | 1473203 1473285 | 83 83 | 97.59 | bs_ill_bs_contig839 contig_92
		Skipping redundant alignment 582 727 | 1476214 1476069 | 146 146 | 90.41 | bs_ill_bs_contig933 contig_92
		Skipping redundant alignment 472 543 | 1476323 1476252 | 72 72 | 95.83 | bs_ill_bs_contig933 contig_92
		Skipping redundant alignment 472 543 | 1992808 1992879 | 72 72 | 95.83 | bs_ill_bs_contig933 contig_92
		Skipping redundant alignment 582 727 | 1992917 1993062 | 146 146 | 90.41 | bs_ill_bs_contig933 contig_92
		Skipping redundant alignment 707 789 | 1996087 1996005 | 83 83 | 97.59 | bs_ill_bs_contig839 contig_92
		Skipping redundant alignment 61 290 | 1996733 1996504 | 230 230 | 90.43 | bs_ill_bs_contig839 contig_92
		Skipping redundant alignment 472 543 | 2087910 2087981 | 72 72 | 95.83 | bs_ill_bs_contig933 contig_92
		Skipping redundant alignment 649 727 | 2088087 2088165 | 79 79 | 94.94 | bs_ill_bs_contig933 contig_92
		Skipping redundant alignment 707 789 | 2091032 2090950 | 83 83 | 97.59 | bs_ill_bs_contig839 contig_92
		Skipping redundant alignment 61 290 | 2091678 2091449 | 230 230 | 90.43 | bs_ill_bs_contig839 contig_92
		Skipping redundant alignment 472 543 | 2243161 2243232 | 72 72 | 95.83 | bs_ill_bs_contig933 contig_92
		Skipping redundant alignment 582 727 | 2243270 2243415 | 146 146 | 90.41 | bs_ill_bs_contig933 contig_92
		Skipping redundant alignment 472 543 | 2286077 2286148 | 72 72 | 95.83 | bs_ill_bs_contig933 contig_92
		Skipping redundant alignment 582 727 | 2286186 2286331 | 146 146 | 90.41 | bs_ill_bs_contig933 contig_92
		Skipping redundant alignment 472 543 | 3035685 3035756 | 72 72 | 95.83 | bs_ill_bs_contig933 contig_92
		Skipping redundant alignment 582 728 | 3035794 3035940 | 147 147 | 90.48 | bs_ill_bs_contig933 contig_92
		Skipping redundant alignment 707 789 | 3039063 3038981 | 83 83 | 97.59 | bs_ill_bs_contig839 contig_92
		Skipping redundant alignment 61 290 | 3039709 3039480 | 230 230 | 90.43 | bs_ill_bs_contig839 contig_92
		This contig has several significant sets of alignments. [An ambiguously mapped contig]
		Using only the very best set (option --ambiguity-usage is set to "one").
			The best set is below. Score: 290.9, number of alignments: 4, unaligned bases: 4757855
		This contig is misassembled.
		This contig is partially unaligned. (Aligned 626 out of 4758481 non-N bases (0.01%))
			Warning! This contig is more unaligned than misassembled. Contig length is 4758481 (number of Ns: 0) and total length of all aligns is 626
		Alignment: 707 789 | 2246439 2246357 | 83 83 | 97.59 | bs_ill_bs_contig839 contig_92
		Alignment: 61 290 | 2247085 2246856 | 230 230 | 90.43 | bs_ill_bs_contig839 contig_92
		Alignment: 707 789 | 2289198 2289116 | 83 83 | 97.59 | bs_ill_bs_contig839 contig_92
		Alignment: 61 290 | 2289844 2289615 | 230 230 | 90.43 | bs_ill_bs_contig839 contig_92
		Unaligned bases: 4757855

CONTIG: contig_93 (4765638bp)
Best alignment score: 208.0 (LEN: 230, IDY: 90.43), Total number of alignments: 28
			Looking for the best set of alignments (out of 28 total alignments)
			Skipping redundant alignments after choosing the best set of alignments
		Skipping redundant alignment 61 290 | 304215 304444 | 230 230 | 90.43 | bs_ill_bs_contig839 contig_93
		Skipping redundant alignment 707 789 | 304862 304944 | 83 83 | 97.59 | bs_ill_bs_contig839 contig_93
		Skipping redundant alignment 603 728 | 307927 307802 | 126 126 | 92.86 | bs_ill_bs_contig933 contig_93
		Skipping redundant alignment 472 543 | 308057 307986 | 72 72 | 95.83 | bs_ill_bs_contig933 contig_93
		Skipping redundant alignment 61 290 | 1012588 1012817 | 230 230 | 90.43 | bs_ill_bs_contig839 contig_93
		Skipping redundant alignment 707 789 | 1013234 1013316 | 83 83 | 97.59 | bs_ill_bs_contig839 contig_93
		Skipping redundant alignment 603 728 | 1016305 1016180 | 126 126 | 92.86 | bs_ill_bs_contig933 contig_93
		Skipping redundant alignment 472 543 | 1016435 1016364 | 72 72 | 95.83 | bs_ill_bs_contig933 contig_93
		Skipping redundant alignment 472 543 | 1556955 1557026 | 72 72 | 95.83 | bs_ill_bs_contig933 contig_93
		Skipping redundant alignment 603 728 | 1557085 1557210 | 126 126 | 92.86 | bs_ill_bs_contig933 contig_93
		Skipping redundant alignment 707 789 | 1560074 1559992 | 83 83 | 97.59 | bs_ill_bs_contig839 contig_93
		Skipping redundant alignment 61 290 | 1560720 1560491 | 230 230 | 90.43 | bs_ill_bs_contig839 contig_93
		Skipping redundant alignment 472 543 | 1650588 1650659 | 72 72 | 95.83 | bs_ill_bs_contig933 contig_93
		Skipping redundant alignment 603 728 | 1650718 1650843 | 126 126 | 92.86 | bs_ill_bs_contig933 contig_93
		Skipping redundant alignment 707 789 | 1653799 1653717 | 83 83 | 97.59 | bs_ill_bs_contig839 contig_93
		Skipping redundant alignment 61 290 | 1654445 1654216 | 230 230 | 90.43 | bs_ill_bs_contig839 contig_93
		Skipping redundant alignment 472 543 | 1781724 1781795 | 72 72 | 95.83 | bs_ill_bs_contig933 contig_93
		Skipping redundant alignment 603 728 | 1781854 1781979 | 126 126 | 92.86 | bs_ill_bs_contig933 contig_93
		Skipping redundant alignment 472 543 | 1823124 1823195 | 72 72 | 95.83 | bs_ill_bs_contig933 contig_93
		Skipping redundant alignment 649 728 | 1823301 1823380 | 80 80 | 95.0 | bs_ill_bs_contig933 contig_93
		Skipping redundant alignment 472 543 | 2470983 2471054 | 72 72 | 95.83 | bs_ill_bs_contig933 contig_93
		Skipping redundant alignment 603 727 | 2471113 2471237 | 125 125 | 92.8 | bs_ill_bs_contig933 contig_93
		Skipping redundant alignment 707 789 | 2474193 2474111 | 83 83 | 97.59 | bs_ill_bs_contig839 contig_93
		Skipping redundant alignment 61 290 | 2474839 2474610 | 230 230 | 90.43 | bs_ill_bs_contig839 contig_93
			The best set is below. Score: 292.0, number of alignments: 4, unaligned bases: 4765012
		This contig is misassembled.
		This contig is partially unaligned. (Aligned 626 out of 4765638 non-N bases (0.01%))
			Warning! This contig is more unaligned than misassembled. Contig length is 4765638 (number of Ns: 0) and total length of all aligns is 626
		Alignment: 707 789 | 1784842 1784760 | 83 83 | 97.59 | bs_ill_bs_contig839 contig_93
		Alignment: 61 290 | 1785488 1785259 | 230 230 | 90.43 | bs_ill_bs_contig839 contig_93
		Alignment: 707 789 | 1826243 1826161 | 83 83 | 97.59 | bs_ill_bs_contig839 contig_93
		Alignment: 61 290 | 1826889 1826660 | 230 230 | 90.43 | bs_ill_bs_contig839 contig_93
		Unaligned bases: 4765012

Analyzing coverage...
Writing SNPs into /media3/lucia/zymo_mock_community/asms_cuantizados/v8_3-3-21_1bin/metaquast-1bin-v4/runs_per_reference/bs_ill/contigs_reports/minimap_output/r10_1bin_v4_2_r2_medaka.used_snps.gz

Analysis is finished!
Founded SNPs were written into /media3/lucia/zymo_mock_community/asms_cuantizados/v8_3-3-21_1bin/metaquast-1bin-v4/runs_per_reference/bs_ill/contigs_reports/minimap_output/r10_1bin_v4_2_r2_medaka.used_snps.gz

Results:
	Local Misassemblies: 13
	Misassemblies: 34
		Relocations: 0
		Translocations: 34
		Inversions: 0
	Scaffold gap extensive misassemblies: 0
	Scaffold gap local misassemblies: 0
	Misassemblies caused by fragmented reference: 49
	Misassembled Contigs: 1
	Misassembled Contig Bases: 4045836
	Misassemblies Inter-Contig Overlap: 0
Unaligned Contigs: 0 + 7 part
Half Unaligned Contigs with Misassemblies: 6
Unaligned Contig Bases: 19967403

Ambiguously Mapped Contigs: 5
Total Bases in Ambiguously Mapped Contigs: 15253724
Extra Bases in Ambiguously Mapped Contigs: 0
Note that --allow-ambiguity option was set to "one" and only first alignment per each of these contigs was used.

	Covered Bases: 3985750

	SNPs: 3910
	Insertions: 961
	Deletions: 1858

