Aligning contigs to reference...
	Aligning contigs to the reference
Filtering alignments...
Parsing coords...
Loading reference...
	Loaded [sa_ill_sa_contig28]
	Loaded [sa_ill_sa_contig29]
	Loaded [sa_ill_sa_contig15]
	Loaded [sa_ill_sa_contig22]
	Loaded [sa_ill_sa_contig23]
	Loaded [sa_ill_sa_contig20]
	Loaded [sa_ill_sa_contig21]
	Loaded [sa_ill_sa_contig26]
	Loaded [sa_ill_sa_contig27]
	Loaded [sa_ill_sa_contig24]
	Loaded [sa_ill_sa_contig25]
	Loaded [sa_ill_sa_contig48]
	Loaded [sa_ill_sa_contig49]
	Loaded [sa_ill_sa_contig64]
	Loaded [sa_ill_sa_contig65]
	Loaded [sa_ill_sa_contig63]
	Loaded [sa_ill_sa_contig60]
	Loaded [sa_ill_sa_contig61]
	Loaded [sa_ill_sa_contig40]
	Loaded [sa_ill_sa_contig41]
	Loaded [sa_ill_sa_contig42]
	Loaded [sa_ill_sa_contig43]
	Loaded [sa_ill_sa_contig44]
	Loaded [sa_ill_sa_contig45]
	Loaded [sa_ill_sa_contig46]
	Loaded [sa_ill_sa_contig47]
	Loaded [sa_ill_sa_contig9]
	Loaded [sa_ill_sa_contig8]
	Loaded [sa_ill_sa_contig3]
	Loaded [sa_ill_sa_contig2]
	Loaded [sa_ill_sa_contig1]
	Loaded [sa_ill_sa_contig7]
	Loaded [sa_ill_sa_contig6]
	Loaded [sa_ill_sa_contig5]
	Loaded [sa_ill_sa_contig4]
	Loaded [sa_ill_sa_contig19]
	Loaded [sa_ill_sa_contig68]
	Loaded [sa_ill_sa_contig39]
	Loaded [sa_ill_sa_contig38]
	Loaded [sa_ill_sa_contig31]
	Loaded [sa_ill_sa_contig30]
	Loaded [sa_ill_sa_contig33]
	Loaded [sa_ill_sa_contig32]
	Loaded [sa_ill_sa_contig35]
	Loaded [sa_ill_sa_contig34]
	Loaded [sa_ill_sa_contig37]
	Loaded [sa_ill_sa_contig36]
	Loaded [sa_ill_sa_contig13]
	Loaded [sa_ill_sa_contig12]
	Loaded [sa_ill_sa_contig11]
	Loaded [sa_ill_sa_contig10]
	Loaded [sa_ill_sa_contig17]
	Loaded [sa_ill_sa_contig16]
	Loaded [sa_ill_sa_contig59]
	Loaded [sa_ill_sa_contig58]
	Loaded [sa_ill_sa_contig57]
	Loaded [sa_ill_sa_contig56]
	Loaded [sa_ill_sa_contig14]
	Loaded [sa_ill_sa_contig18]
	Loaded [sa_ill_sa_contig53]
	Loaded [sa_ill_sa_contig52]
	Loaded [sa_ill_sa_contig51]
	Loaded [sa_ill_sa_contig50]
	Loaded [sa_ill_sa_contig66]
	Loaded [sa_ill_sa_contig67]
	Loaded [sa_ill_sa_contig55]
	Loaded [sa_ill_sa_contig54]
	Total Regions: 67
	Total Region Length: 2689205
Analyzing contigs...
CONTIG: contig_103 (2721107bp)
Best alignment score: 223220.3 (LEN: 223578, IDY: 99.84), Total number of alignments: 173
			Too much alignments (173), will use speed up heuristics
			Found 64 solid alignments:
		Solid alignment 1 42379 | 42238 1 | 42379 42238 | 99.37 | sa_ill_sa_contig18 contig_103
		Solid alignment 1 1727 | 42184 43913 | 1727 1730 | 99.83 | sa_ill_sa_contig46 contig_103
		Solid alignment 1 26180 | 45666 71863 | 26180 26198 | 99.89 | sa_ill_sa_contig29 contig_103
		Solid alignment 1 4636 | 71809 76447 | 4636 4639 | 99.87 | sa_ill_sa_contig40 contig_103
		Solid alignment 1 5318 | 81770 76448 | 5318 5323 | 99.87 | sa_ill_sa_contig38 contig_103
		Solid alignment 1 4636 | 86410 81771 | 4636 4640 | 99.91 | sa_ill_sa_contig40 contig_103
		Solid alignment 1 130429 | 86356 216829 | 130429 130474 | 99.78 | sa_ill_sa_contig9 contig_103
		Solid alignment 1 20896 | 216760 237665 | 20896 20906 | 99.89 | sa_ill_sa_contig32 contig_103
		Solid alignment 1 125486 | 365733 239935 | 125486 125799 | 99.7 | sa_ill_sa_contig10 contig_103
		Solid alignment 1 13692 | 366465 380175 | 13692 13711 | 99.77 | sa_ill_sa_contig35 contig_103
		Solid alignment 5 2978 | 380125 383100 | 2974 2976 | 99.66 | sa_ill_sa_contig43 contig_103
		Solid alignment 1 861 | 384081 383219 | 861 863 | 99.77 | sa_ill_sa_contig53 contig_103
		Solid alignment 1 30897 | 414951 384027 | 30897 30925 | 99.89 | sa_ill_sa_contig27 contig_103
		Solid alignment 1 149926 | 564554 414997 | 149926 149558 | 99.56 | sa_ill_sa_contig5 contig_103
		Solid alignment 1 131983 | 696993 564896 | 131983 132098 | 99.85 | sa_ill_sa_contig8 contig_103
		Solid alignment 203 3323 | 700489 697365 | 3121 3125 | 99.71 | sa_ill_sa_contig41 contig_103
		Solid alignment 1 34367 | 700655 735052 | 34367 34398 | 99.85 | sa_ill_sa_contig25 contig_103
		Solid alignment 1 38786 | 735586 774401 | 38786 38816 | 99.86 | sa_ill_sa_contig22 contig_103
		Solid alignment 1 34443 | 774384 808852 | 34443 34469 | 99.89 | sa_ill_sa_contig24 contig_103
		Solid alignment 1 1706 | 810457 808752 | 1706 1706 | 99.65 | sa_ill_sa_contig8 contig_103
		Solid alignment 203 3323 | 814002 810875 | 3121 3128 | 99.62 | sa_ill_sa_contig41 contig_103
		Solid alignment 1 62604 | 876657 814159 | 62604 62499 | 99.61 | sa_ill_sa_contig14 contig_103
		Solid alignment 1 39729 | 916796 877037 | 39729 39760 | 99.89 | sa_ill_sa_contig21 contig_103
		Solid alignment 1 28120 | 944940 916801 | 28120 28140 | 99.88 | sa_ill_sa_contig28 contig_103
		Solid alignment 1 1701 | 946544 944845 | 1701 1700 | 99.65 | sa_ill_sa_contig8 contig_103
		Solid alignment 198 3323 | 950092 946966 | 3126 3127 | 99.78 | sa_ill_sa_contig41 contig_103
		Solid alignment 2 925 | 951565 950646 | 924 920 | 98.06 | sa_ill_sa_contig51 contig_103
		Solid alignment 1 32969 | 984773 951770 | 32969 33004 | 99.81 | sa_ill_sa_contig26 contig_103
		Solid alignment 1 14210 | 984927 999146 | 14210 14220 | 99.86 | sa_ill_sa_contig34 contig_103
		Solid alignment 1 21790 | 999859 1021663 | 21790 21805 | 99.89 | sa_ill_sa_contig30 contig_103
		Solid alignment 1 7163 | 1028806 1021638 | 7163 7169 | 99.87 | sa_ill_sa_contig36 contig_103
		Solid alignment 1 98600 | 1028752 1127444 | 98600 98693 | 99.85 | sa_ill_sa_contig11 contig_103
		Solid alignment 1 1418 | 1128830 1127411 | 1418 1420 | 99.72 | sa_ill_sa_contig48 contig_103
		Solid alignment 1 223346 | 1128776 1352353 | 223346 223578 | 99.84 | sa_ill_sa_contig1 contig_103
		Solid alignment 1 63338 | 1355167 1418592 | 63338 63426 | 99.78 | sa_ill_sa_contig13 contig_103
		Solid alignment 62883 66071 | 1418367 1421560 | 3189 3194 | 99.5 | sa_ill_sa_contig13 contig_103
		Solid alignment 1 41771 | 1463369 1421550 | 41771 41820 | 99.84 | sa_ill_sa_contig19 contig_103
		Solid alignment 1 177172 | 1463558 1640880 | 177172 177323 | 99.85 | sa_ill_sa_contig4 contig_103
		Solid alignment 1 50729 | 1640861 1691635 | 50729 50775 | 99.84 | sa_ill_sa_contig16 contig_103
		Solid alignment 77953 134302 | 1748104 1691698 | 56350 56407 | 99.83 | sa_ill_sa_contig7 contig_103
		Solid alignment 1 78138 | 1825866 1747784 | 78138 78083 | 99.7 | sa_ill_sa_contig7 contig_103
		Solid alignment 1 207093 | 2033018 1825879 | 207093 207140 | 99.79 | sa_ill_sa_contig3 contig_103
		Solid alignment 1 211909 | 2245047 2032965 | 211909 212083 | 99.86 | sa_ill_sa_contig2 contig_103
		Solid alignment 1 3261 | 2245248 2248511 | 3261 3264 | 99.91 | sa_ill_sa_contig42 contig_103
		Solid alignment 1 56123 | 2249228 2305294 | 56123 56067 | 99.62 | sa_ill_sa_contig15 contig_103
		Solid alignment 203 3323 | 2305746 2308868 | 3121 3123 | 99.84 | sa_ill_sa_contig41 contig_103
		Solid alignment 1 1704 | 2309165 2310867 | 1704 1703 | 99.71 | sa_ill_sa_contig8 contig_103
		Solid alignment 1 3323 | 2310769 2314093 | 3323 3325 | 99.76 | sa_ill_sa_contig41 contig_103
		Solid alignment 1 1703 | 2314423 2316126 | 1703 1704 | 99.65 | sa_ill_sa_contig8 contig_103
		Solid alignment 1 38352 | 2316536 2354927 | 38352 38392 | 99.83 | sa_ill_sa_contig23 contig_103
		Solid alignment 203 3323 | 2355557 2358680 | 3121 3124 | 99.62 | sa_ill_sa_contig41 contig_103
		Solid alignment 1 1704 | 2359068 2360773 | 1704 1706 | 99.53 | sa_ill_sa_contig8 contig_103
		Solid alignment 1 41074 | 2360719 2401832 | 41074 41114 | 99.82 | sa_ill_sa_contig20 contig_103
		Solid alignment 1 1631 | 2401860 2403490 | 1631 1631 | 99.88 | sa_ill_sa_contig47 contig_103
		Solid alignment 1 2840 | 2406275 2403436 | 2840 2840 | 99.61 | sa_ill_sa_contig44 contig_103
		Solid alignment 1 6686 | 2406302 2412993 | 6686 6692 | 99.84 | sa_ill_sa_contig37 contig_103
		Solid alignment 1 14362 | 2428082 2413706 | 14362 14377 | 99.87 | sa_ill_sa_contig33 contig_103
		Solid alignment 1 5104 | 2433132 2428028 | 5104 5105 | 99.96 | sa_ill_sa_contig39 contig_103
		Solid alignment 1 50706 | 2483828 2433078 | 50706 50751 | 99.87 | sa_ill_sa_contig17 contig_103
		Solid alignment 1 44268 | 2483784 2528085 | 44268 44302 | 99.68 | sa_ill_sa_contig12 contig_103
		Solid alignment 43249 70357 | 2527576 2554704 | 27109 27129 | 99.29 | sa_ill_sa_contig12 contig_103
		Solid alignment 1 21042 | 2576139 2555084 | 21042 21056 | 99.9 | sa_ill_sa_contig31 contig_103
		Solid alignment 1 142808 | 2719268 2576293 | 142808 142976 | 99.83 | sa_ill_sa_contig6 contig_103
		Solid alignment 42380 43683 | 2721107 2719802 | 1304 1306 | 99.69 | sa_ill_sa_contig18 contig_103
			Skipping alignments located inside solid regions since they are redundant:
		Skipping redundant alignment 7 171 | 46118 45954 | 165 165 | 92.12 | sa_ill_sa_contig54 contig_103
		Skipping redundant alignment 30742 30889 | 380046 379899 | 148 148 | 97.97 | sa_ill_sa_contig27 contig_103
		Skipping redundant alignment 12542 12624 | 380034 380116 | 83 83 | 96.39 | sa_ill_sa_contig35 contig_103
		Skipping redundant alignment 30505 30668 | 380286 380123 | 164 164 | 92.68 | sa_ill_sa_contig27 contig_103
		Skipping redundant alignment 12808 12927 | 380303 380422 | 120 120 | 90.83 | sa_ill_sa_contig35 contig_103
		Skipping redundant alignment 31524 31744 | 414657 414877 | 221 221 | 100.0 | sa_ill_sa_contig10 contig_103
		Skipping redundant alignment 78536 78699 | 774347 774510 | 164 164 | 99.39 | sa_ill_sa_contig10 contig_103
		Skipping redundant alignment 90836 91001 | 774347 774512 | 166 166 | 100.0 | sa_ill_sa_contig3 contig_103
		Skipping redundant alignment 206255 206363 | 916752 916644 | 109 109 | 99.08 | sa_ill_sa_contig2 contig_103
		Skipping redundant alignment 46349 46457 | 916752 916644 | 109 109 | 98.17 | sa_ill_sa_contig4 contig_103
		Skipping redundant alignment 31835 31950 | 916765 916650 | 116 116 | 93.97 | sa_ill_sa_contig10 contig_103
		Skipping redundant alignment 206160 206254 | 916906 916812 | 95 95 | 96.84 | sa_ill_sa_contig2 contig_103
		Skipping redundant alignment 46254 46348 | 916906 916812 | 95 95 | 96.84 | sa_ill_sa_contig4 contig_103
		Skipping redundant alignment 90836 90999 | 1021609 1021772 | 164 164 | 99.39 | sa_ill_sa_contig3 contig_103
		Skipping redundant alignment 78536 78700 | 1021609 1021773 | 165 165 | 98.79 | sa_ill_sa_contig10 contig_103
		Skipping redundant alignment 211641 211778 | 1028869 1028732 | 138 138 | 93.53 | sa_ill_sa_contig2 contig_103
		Skipping redundant alignment 139 293 | 1028721 1028875 | 155 155 | 93.59 | sa_ill_sa_contig27 contig_103
		Skipping redundant alignment 31526 31680 | 1028875 1028721 | 155 155 | 93.59 | sa_ill_sa_contig10 contig_103
		Skipping redundant alignment 149767 149926 | 1421445 1421604 | 160 160 | 98.12 | sa_ill_sa_contig5 contig_103
		Skipping redundant alignment 34638 34798 | 1421446 1421606 | 161 161 | 97.52 | sa_ill_sa_contig6 contig_103
		Skipping redundant alignment 31678 31950 | 1421732 1421458 | 273 275 | 95.64 | sa_ill_sa_contig10 contig_103
		Skipping redundant alignment 34799 34900 | 1421665 1421766 | 102 102 | 98.04 | sa_ill_sa_contig6 contig_103
		Skipping redundant alignment 1 66 | 1640907 1640842 | 66 66 | 100.0 | sa_ill_sa_contig24 contig_103
		Skipping redundant alignment 206251 206340 | 1640826 1640915 | 90 90 | 100.0 | sa_ill_sa_contig2 contig_103
		Skipping redundant alignment 46345 46434 | 1640826 1640915 | 90 90 | 100.0 | sa_ill_sa_contig4 contig_103
		Skipping redundant alignment 78678 78767 | 1640826 1640915 | 90 90 | 100.0 | sa_ill_sa_contig8 contig_103
		Skipping redundant alignment 31844 31933 | 1640826 1640915 | 90 90 | 97.78 | sa_ill_sa_contig10 contig_103
		Skipping redundant alignment 164324 164418 | 1640842 1640935 | 95 94 | 96.84 | sa_ill_sa_contig2 contig_103
		Skipping redundant alignment 45 153 | 1640830 1640937 | 109 108 | 99.08 | sa_ill_sa_contig21 contig_103
		Skipping redundant alignment 90837 90938 | 1640942 1640842 | 102 101 | 99.02 | sa_ill_sa_contig3 contig_103
		Skipping redundant alignment 149769 149886 | 1640942 1640826 | 118 117 | 99.15 | sa_ill_sa_contig5 contig_103
		Skipping redundant alignment 34639 34756 | 1640942 1640826 | 118 117 | 99.15 | sa_ill_sa_contig6 contig_103
		Skipping redundant alignment 4113 4199 | 2244703 2244789 | 87 87 | 91.95 | sa_ill_sa_contig15 contig_103
		Skipping redundant alignment 4728 4899 | 2245313 2245484 | 172 172 | 92.44 | sa_ill_sa_contig15 contig_103
		Skipping redundant alignment 353 495 | 2248459 2248317 | 143 143 | 95.1 | sa_ill_sa_contig2 contig_103
		Skipping redundant alignment 37896 37992 | 2304891 2304987 | 97 97 | 96.91 | sa_ill_sa_contig23 contig_103
		Skipping redundant alignment 1 157 | 2360674 2360831 | 157 158 | 98.1 | sa_ill_sa_contig41 contig_103
		Skipping redundant alignment 40727 41072 | 2403282 2403627 | 346 346 | 92.49 | sa_ill_sa_contig20 contig_103
			Looking for the best set of alignments (out of 135 total alignments)
		Ambiguity for this contig is not checked for speed up (too much alignments and --ambiguity-usage is "one")
			Skipping redundant alignments after choosing the best set of alignments
		Skipping redundant alignment 134184 134277 | 2576061 2576154 | 94 94 | 98.94 | sa_ill_sa_contig7 contig_103
		Skipping redundant alignment 337 638 | 44141 43840 | 302 302 | 90.73 | sa_ill_sa_contig54 contig_103
		Skipping redundant alignment 1 370 | 43857 44226 | 370 370 | 91.35 | sa_ill_sa_contig46 contig_103
		Skipping redundant alignment 410 549 | 44266 44405 | 140 140 | 92.86 | sa_ill_sa_contig46 contig_103
		Skipping redundant alignment 1230 1434 | 44251 44455 | 205 205 | 90.24 | sa_ill_sa_contig46 contig_103
		Skipping redundant alignment 1654 1727 | 44662 44735 | 74 74 | 93.24 | sa_ill_sa_contig46 contig_103
		Skipping redundant alignment 1 280 | 44679 44958 | 280 280 | 91.07 | sa_ill_sa_contig46 contig_103
		Skipping redundant alignment 1287 1420 | 45131 45264 | 134 134 | 97.76 | sa_ill_sa_contig46 contig_103
		Skipping redundant alignment 334 638 | 45789 45485 | 305 305 | 90.16 | sa_ill_sa_contig54 contig_103
		Skipping redundant alignment 98115 98262 | 2576154 2576007 | 148 148 | 100.0 | sa_ill_sa_contig11 contig_103
		Skipping redundant alignment 45956 46109 | 2576160 2576007 | 154 154 | 97.4 | sa_ill_sa_contig14 contig_103
		Skipping redundant alignment 2568 3906 | 365409 366777 | 1339 1369 | 91.24 | sa_ill_sa_contig35 contig_103
		Skipping redundant alignment 29935 30062 | 383209 383080 | 128 130 | 93.85 | sa_ill_sa_contig27 contig_103
		Skipping redundant alignment 1 162 | 383209 383046 | 162 164 | 93.29 | sa_ill_sa_contig53 contig_103
		Skipping redundant alignment 13419 13651 | 383163 383397 | 233 235 | 91.1 | sa_ill_sa_contig35 contig_103
		Skipping redundant alignment 31786 31950 | 414979 415143 | 165 165 | 96.36 | sa_ill_sa_contig10 contig_103
		Skipping redundant alignment 98340 98591 | 564781 564530 | 252 252 | 94.84 | sa_ill_sa_contig11 contig_103
		Skipping redundant alignment 46187 46438 | 564781 564530 | 252 252 | 94.44 | sa_ill_sa_contig14 contig_103
		Skipping redundant alignment 98002 98191 | 564992 564803 | 190 190 | 97.89 | sa_ill_sa_contig11 contig_103
		Skipping redundant alignment 98002 98221 | 564992 564774 | 220 219 | 96.82 | sa_ill_sa_contig11 contig_103
		Skipping redundant alignment 45846 46038 | 564995 564803 | 193 193 | 98.45 | sa_ill_sa_contig14 contig_103
		Skipping redundant alignment 106941 107135 | 564995 564801 | 195 195 | 98.46 | sa_ill_sa_contig3 contig_103
		Skipping redundant alignment 249 397 | 700499 700648 | 149 150 | 99.33 | sa_ill_sa_contig34 contig_103
		Skipping redundant alignment 38188 38352 | 814261 814097 | 165 165 | 95.76 | sa_ill_sa_contig23 contig_103
		Skipping redundant alignment 45829 46373 | 876548 877091 | 545 544 | 98.17 | sa_ill_sa_contig14 contig_103
		Skipping redundant alignment 142 348 | 916857 916651 | 207 207 | 97.58 | sa_ill_sa_contig31 contig_103
		Skipping redundant alignment 688 765 | 946763 946686 | 78 78 | 100.0 | sa_ill_sa_contig51 contig_103
		Skipping redundant alignment 87 460 | 950343 949970 | 374 374 | 99.2 | sa_ill_sa_contig23 contig_103
		Skipping redundant alignment 164 242 | 951739 951661 | 79 79 | 100.0 | sa_ill_sa_contig23 contig_103
		Skipping redundant alignment 105 186 | 951743 951824 | 82 82 | 100.0 | sa_ill_sa_contig25 contig_103
		Skipping redundant alignment 305 382 | 984892 984814 | 78 79 | 98.73 | sa_ill_sa_contig51 contig_103
		Skipping redundant alignment 1 161 | 984892 984719 | 161 174 | 92.53 | sa_ill_sa_contig51 contig_103
		Skipping redundant alignment 45962 46038 | 1463384 1463308 | 77 77 | 100.0 | sa_ill_sa_contig14 contig_103
		Skipping redundant alignment 98115 98191 | 1463384 1463308 | 77 77 | 98.7 | sa_ill_sa_contig11 contig_103
		Skipping redundant alignment 3429 3620 | 1463635 1463444 | 192 192 | 99.48 | sa_ill_sa_contig19 contig_103
		Skipping redundant alignment 4206 4532 | 2244790 2245116 | 327 327 | 92.97 | sa_ill_sa_contig15 contig_103
		Skipping redundant alignment 4533 4721 | 2245118 2245306 | 189 189 | 96.3 | sa_ill_sa_contig15 contig_103
		Skipping redundant alignment 266 334 | 2248528 2248460 | 69 69 | 92.75 | sa_ill_sa_contig2 contig_103
		Skipping redundant alignment 1 265 | 2248799 2248535 | 265 265 | 90.57 | sa_ill_sa_contig2 contig_103
		Skipping redundant alignment 38158 38352 | 2305162 2305356 | 195 195 | 94.87 | sa_ill_sa_contig23 contig_103
		Skipping redundant alignment 62501 62604 | 2305466 2305569 | 104 104 | 99.04 | sa_ill_sa_contig14 contig_103
		Skipping redundant alignment 38161 38352 | 2305441 2305631 | 192 191 | 96.35 | sa_ill_sa_contig23 contig_103
		Skipping redundant alignment 62390 62604 | 2354909 2355123 | 215 215 | 93.58 | sa_ill_sa_contig14 contig_103
		Skipping redundant alignment 62501 62586 | 2355300 2355385 | 86 86 | 98.84 | sa_ill_sa_contig14 contig_103
		Skipping redundant alignment 55995 56117 | 2355275 2355396 | 123 122 | 98.37 | sa_ill_sa_contig15 contig_103
		Skipping redundant alignment 62390 62538 | 2355446 2355592 | 149 147 | 92.72 | sa_ill_sa_contig14 contig_103
		Skipping redundant alignment 98340 98591 | 2554926 2554675 | 252 252 | 98.02 | sa_ill_sa_contig11 contig_103
		Skipping redundant alignment 46187 46438 | 2554926 2554675 | 252 252 | 97.62 | sa_ill_sa_contig14 contig_103
		Skipping redundant alignment 98002 98213 | 2555138 2554927 | 212 212 | 98.58 | sa_ill_sa_contig11 contig_103
		Skipping redundant alignment 45829 46060 | 2555158 2554927 | 232 232 | 99.57 | sa_ill_sa_contig14 contig_103
		Skipping redundant alignment 45829 46068 | 2555158 2554919 | 240 240 | 99.58 | sa_ill_sa_contig14 contig_103
		Skipping redundant alignment 106923 107138 | 2555159 2554944 | 216 216 | 99.54 | sa_ill_sa_contig3 contig_103
			The best set is below. Score: 2701814.3, number of alignments: 83, unaligned bases: 9136
		This contig is misassembled.
		This contig is partially unaligned. (Aligned 2711971 out of 2721107 non-N bases (99.66%))
			Excluding internal overlap of size 55 between Alignment 1 and 2: 1 1727 | 42184 43913 | 1727 1730 --> 56 1727 | 42239 43913 | 1672 1675
			Real Alignment 1: 1 42379 | 42238 1 | 42379 42238 | 99.37 | sa_ill_sa_contig18 contig_103
			  Indel (> 5bp) between these two alignments: deletion of length 55; 0 mismatches (number of Ns: 0) [fragmentation of reference genome]
			Real Alignment 2: 56 1727 | 42239 43913 | 1672 1675 | 99.83 | sa_ill_sa_contig46 contig_103
			  Not a misassembly [fragmentation of reference genome] between these two alignments
			Real Alignment 3: 1 857 | 45300 44443 | 857 858 | 99.88 | sa_ill_sa_contig54 contig_103
			  Not a misassembly [fragmentation of reference genome] between these two alignments
			Excluding internal overlap of size 55 between Alignment 4 and 5: 1 4636 | 71809 76447 | 4636 4639 --> 56 4636 | 71864 76447 | 4581 4584
			Real Alignment 4: 1 26180 | 45666 71863 | 26180 26198 | 99.89 | sa_ill_sa_contig29 contig_103
			  Indel (> 5bp) between these two alignments: deletion of length 55; 0 mismatches (number of Ns: 0) [fragmentation of reference genome]
			Real Alignment 5: 56 4636 | 71864 76447 | 4581 4584 | 99.87 | sa_ill_sa_contig40 contig_103
			  Not a misassembly [fragmentation of reference genome] between these two alignments
			Real Alignment 6: 1 5318 | 81770 76448 | 5318 5323 | 99.87 | sa_ill_sa_contig38 contig_103
			  Not a misassembly [fragmentation of reference genome] between these two alignments
			Excluding internal overlap of size 55 between Alignment 7 and 8: 1 4636 | 86410 81771 | 4636 4640 --> 56 4636 | 86355 81771 | 4581 4585
			Real Alignment 7: 56 4636 | 86355 81771 | 4581 4585 | 99.91 | sa_ill_sa_contig40 contig_103
			  Indel (> 5bp) between these two alignments: deletion of length 55; 0 mismatches (number of Ns: 0) [fragmentation of reference genome]
			Excluding internal overlap of size 70 between Alignment 8 and 9: 1 20896 | 216760 237665 | 20896 20906 --> 71 20896 | 216830 237665 | 20826 20836
			Real Alignment 8: 1 130429 | 86356 216829 | 130429 130474 | 99.78 | sa_ill_sa_contig9 contig_103
			  Extensive misassembly (translocation) between these two alignments
			Excluding internal overlap of size 55 between Alignment 9 and 10: 1 539 | 237611 238149 | 539 539 --> 56 539 | 237666 238149 | 484 484
			Real Alignment 9: 71 20896 | 216830 237665 | 20826 20836 | 99.89 | sa_ill_sa_contig32 contig_103
			  Indel (> 5bp) between these two alignments: deletion of length 55; 0 mismatches (number of Ns: 0) [fragmentation of reference genome]
			Real Alignment 10: 56 539 | 237666 238149 | 484 484 | 100.0 | sa_ill_sa_contig65 contig_103
			  Not a misassembly [fragmentation of reference genome] between these two alignments
			Excluding internal overlap of size 55 between Alignment 11 and 12: 1 720 | 239989 239270 | 720 720 --> 56 720 | 239934 239270 | 665 665
			Real Alignment 11: 56 720 | 239934 239270 | 665 665 | 100.0 | sa_ill_sa_contig60 contig_103
			  Indel (> 5bp) between these two alignments: deletion of length 55; 0 mismatches (number of Ns: 0) [fragmentation of reference genome]
			Real Alignment 12: 1 125486 | 365733 239935 | 125486 125799 | 99.7 | sa_ill_sa_contig10 contig_103
			  Not a misassembly [fragmentation of reference genome] between these two alignments
			Excluding internal overlap of size 51 between Alignment 13 and 14: 5 2978 | 380125 383100 | 2974 2976 --> 56 2978 | 380176 383100 | 2923 2925
			Real Alignment 13: 1 13692 | 366465 380175 | 13692 13711 | 99.77 | sa_ill_sa_contig35 contig_103
			  Indel (> 5bp) between these two alignments: deletion of length 55; 0 mismatches (number of Ns: 0) [fragmentation of reference genome]
			Real Alignment 14: 56 2978 | 380176 383100 | 2923 2925 | 99.66 | sa_ill_sa_contig43 contig_103
			  Not a misassembly [fragmentation of reference genome] between these two alignments
			Excluding internal overlap of size 55 between Alignment 15 and 16: 1 861 | 384081 383219 | 861 863 --> 56 861 | 384026 383219 | 806 808
			Real Alignment 15: 56 861 | 384026 383219 | 806 808 | 99.77 | sa_ill_sa_contig53 contig_103
			  Indel (> 5bp) between these two alignments: deletion of length 55; 0 mismatches (number of Ns: 0) [fragmentation of reference genome]
			Real Alignment 16: 1 30897 | 414951 384027 | 30897 30925 | 99.89 | sa_ill_sa_contig27 contig_103
			  Not a misassembly [fragmentation of reference genome] between these two alignments
			Real Alignment 17: 1 149926 | 564554 414997 | 149926 149558 | 99.56 | sa_ill_sa_contig5 contig_103
			  Not a misassembly [fragmentation of reference genome] between these two alignments
			Real Alignment 18: 1 131983 | 696993 564896 | 131983 132098 | 99.85 | sa_ill_sa_contig8 contig_103
			  Not a misassembly [fragmentation of reference genome] between these two alignments
			Real Alignment 19: 203 3323 | 700489 697365 | 3121 3125 | 99.71 | sa_ill_sa_contig41 contig_103
			  Extensive misassembly (translocation) between these two alignments
			Excluding internal overlap of size 55 between Alignment 20 and 21: 1 642 | 735640 734998 | 642 643 --> 1 588 | 735640 735053 | 588 588
			Real Alignment 20: 1 34367 | 700655 735052 | 34367 34398 | 99.85 | sa_ill_sa_contig25 contig_103
			  Indel (> 5bp) between these two alignments: deletion of length 55; 0 mismatches (number of Ns: 0) [fragmentation of reference genome]
			Excluding internal overlap of size 55 between Alignment 21 and 22: 1 588 | 735640 735053 | 588 588 --> 56 588 | 735585 735053 | 533 533
			Real Alignment 21: 56 588 | 735585 735053 | 533 533 | 99.84 | sa_ill_sa_contig63 contig_103
			  Indel (> 5bp) between these two alignments: deletion of length 55; 0 mismatches (number of Ns: 0) [fragmentation of reference genome]
			Excluding internal overlap of size 18 between Alignment 22 and 23: 1 34443 | 774384 808852 | 34443 34469 --> 19 34443 | 774402 808852 | 34425 34451
			Real Alignment 22: 1 38786 | 735586 774401 | 38786 38816 | 99.86 | sa_ill_sa_contig22 contig_103
			  Indel (> 5bp) between these two alignments: deletion of length 18; 0 mismatches (number of Ns: 0) [fragmentation of reference genome]
			Excluding internal overlap of size 101 between Alignment 23 and 24: 1 1706 | 810457 808752 | 1706 1706 --> 1 1604 | 810457 808853 | 1604 1605
			Real Alignment 23: 19 34443 | 774402 808852 | 34425 34451 | 99.89 | sa_ill_sa_contig24 contig_103
			  Extensive misassembly (translocation) between these two alignments
			Real Alignment 24: 1 1604 | 810457 808853 | 1604 1605 | 99.65 | sa_ill_sa_contig8 contig_103
			  Not a misassembly [fragmentation of reference genome] between these two alignments
			Excluding internal overlap of size 36 between Alignment 25 and 26: 62396 62538 | 814109 813967 | 143 143 --> 62396 62502 | 814109 814003 | 107 107
			Real Alignment 25: 203 3323 | 814002 810875 | 3121 3128 | 99.62 | sa_ill_sa_contig41 contig_103
			  Extensive misassembly (translocation) between these two alignments
			Real Alignment 26: 62396 62502 | 814109 814003 | 107 107 | 98.6 | sa_ill_sa_contig14 contig_103
			  Gap between these two alignments (local misassembly). Inconsistency = -258
			Excluding internal overlap of size 106 between Alignment 27 and 28: 97985 98526 | 876552 877091 | 542 540 --> 98092 98526 | 876658 877091 | 435 434
			Real Alignment 27: 1 62604 | 876657 814159 | 62604 62499 | 99.61 | sa_ill_sa_contig14 contig_103
			  Extensive misassembly (translocation) between these two alignments
			Excluding internal overlap of size 55 between Alignment 28 and 29: 98092 98526 | 876658 877091 | 435 434 --> 98092 98471 | 876658 877036 | 380 379
			Real Alignment 28: 98092 98471 | 876658 877036 | 380 379 | 97.97 | sa_ill_sa_contig11 contig_103
			  Gap between these two alignments (local misassembly). Inconsistency = 129 [fragmentation of reference genome]
			Real Alignment 29: 1 39729 | 916796 877037 | 39729 39760 | 99.89 | sa_ill_sa_contig21 contig_103
			  Not a misassembly [fragmentation of reference genome] between these two alignments
			Excluding internal overlap of size 96 between Alignment 30 and 31: 1 1701 | 946544 944845 | 1701 1700 --> 1 1604 | 946544 944941 | 1604 1604
			Real Alignment 30: 1 28120 | 944940 916801 | 28120 28140 | 99.88 | sa_ill_sa_contig28 contig_103
			  Extensive misassembly (translocation) between these two alignments
			Real Alignment 31: 1 1604 | 946544 944941 | 1604 1604 | 99.65 | sa_ill_sa_contig8 contig_103
			  Not a misassembly [fragmentation of reference genome] between these two alignments
			Real Alignment 32: 198 3323 | 950092 946966 | 3126 3127 | 99.78 | sa_ill_sa_contig41 contig_103
			  Extensive misassembly (translocation) between these two alignments
			Real Alignment 33: 2 925 | 951565 950646 | 924 920 | 98.06 | sa_ill_sa_contig51 contig_103
			  Gap between these two alignments (local misassembly). Inconsistency = 1 [fragmentation of reference genome]
			Real Alignment 34: 1 32969 | 984773 951770 | 32969 33004 | 99.81 | sa_ill_sa_contig26 contig_103
			  Not a misassembly [fragmentation of reference genome] between these two alignments
			Excluding internal overlap of size 55 between Alignment 35 and 36: 1 821 | 999913 999092 | 821 822 --> 1 766 | 999913 999147 | 766 767
			Real Alignment 35: 1 14210 | 984927 999146 | 14210 14220 | 99.86 | sa_ill_sa_contig34 contig_103
			  Indel (> 5bp) between these two alignments: deletion of length 55; 0 mismatches (number of Ns: 0) [fragmentation of reference genome]
			Excluding internal overlap of size 55 between Alignment 36 and 37: 1 766 | 999913 999147 | 766 767 --> 56 766 | 999858 999147 | 711 712
			Real Alignment 36: 56 766 | 999858 999147 | 711 712 | 99.03 | sa_ill_sa_contig55 contig_103
			  Indel (> 5bp) between these two alignments: deletion of length 55; 0 mismatches (number of Ns: 0) [fragmentation of reference genome]
			Excluding internal overlap of size 26 between Alignment 37 and 38: 1 7163 | 1028806 1021638 | 7163 7169 --> 1 7137 | 1028806 1021664 | 7137 7143
			Real Alignment 37: 1 21790 | 999859 1021663 | 21790 21805 | 99.89 | sa_ill_sa_contig30 contig_103
			  Indel (> 5bp) between these two alignments: deletion of length 26; 0 mismatches (number of Ns: 0) [fragmentation of reference genome]
			Excluding internal overlap of size 55 between Alignment 38 and 39: 1 7137 | 1028806 1021664 | 7137 7143 --> 56 7137 | 1028751 1021664 | 7082 7088
			Real Alignment 38: 56 7137 | 1028751 1021664 | 7082 7088 | 99.87 | sa_ill_sa_contig36 contig_103
			  Indel (> 5bp) between these two alignments: deletion of length 55; 0 mismatches (number of Ns: 0) [fragmentation of reference genome]
			Excluding internal overlap of size 34 between Alignment 39 and 40: 1 1418 | 1128830 1127411 | 1418 1420 --> 1 1384 | 1128830 1127445 | 1384 1386
			Real Alignment 39: 1 98600 | 1028752 1127444 | 98600 98693 | 99.85 | sa_ill_sa_contig11 contig_103
			  Indel (> 5bp) between these two alignments: deletion of length 34; 0 mismatches (number of Ns: 0) [fragmentation of reference genome]
			Excluding internal overlap of size 55 between Alignment 40 and 41: 1 1384 | 1128830 1127445 | 1384 1386 --> 56 1384 | 1128775 1127445 | 1329 1331
			Real Alignment 40: 56 1384 | 1128775 1127445 | 1329 1331 | 99.72 | sa_ill_sa_contig48 contig_103
			  Indel (> 5bp) between these two alignments: deletion of length 55; 0 mismatches (number of Ns: 0) [fragmentation of reference genome]
			Excluding internal overlap of size 55 between Alignment 41 and 42: 1 539 | 1352299 1352837 | 539 539 --> 56 539 | 1352354 1352837 | 484 484
			Real Alignment 41: 1 223346 | 1128776 1352353 | 223346 223578 | 99.84 | sa_ill_sa_contig1 contig_103
			  Indel (> 5bp) between these two alignments: deletion of length 55; 0 mismatches (number of Ns: 0) [fragmentation of reference genome]
			Real Alignment 42: 56 539 | 1352354 1352837 | 484 484 | 99.07 | sa_ill_sa_contig65 contig_103
			  Not a misassembly [fragmentation of reference genome] between these two alignments
			Excluding internal overlap of size 55 between Alignment 43 and 44: 1 720 | 1354676 1353957 | 720 720 --> 56 720 | 1354621 1353957 | 665 665
			Real Alignment 43: 56 720 | 1354621 1353957 | 665 665 | 98.89 | sa_ill_sa_contig60 contig_103
			  Indel (> 5bp) between these two alignments: deletion of length 55; 0 mismatches (number of Ns: 0) [fragmentation of reference genome]
			Excluding internal overlap of size 187 between Alignment 44 and 45: 124755 125486 | 1355353 1354622 | 732 732 --> 124942 125486 | 1355166 1354622 | 545 545
			Real Alignment 44: 124942 125486 | 1355166 1354622 | 545 545 | 93.31 | sa_ill_sa_contig10 contig_103
			  Extensive misassembly (translocation) between these two alignments
			Excluding internal overlap of size 226 between Alignment 45 and 46: 62883 66071 | 1418367 1421560 | 3189 3194 --> 63108 66071 | 1418593 1421560 | 2964 2968
			Real Alignment 45: 1 63338 | 1355167 1418592 | 63338 63426 | 99.78 | sa_ill_sa_contig13 contig_103
			  Overlap between these two alignments (local misassembly). Inconsistency = -231
			Excluding internal overlap of size 11 between Alignment 46 and 47: 63108 66071 | 1418593 1421560 | 2964 2968 --> 63108 66060 | 1418593 1421549 | 2953 2957
			Real Alignment 46: 63108 66060 | 1418593 1421549 | 2953 2957 | 99.5 | sa_ill_sa_contig13 contig_103
			  Indel (> 5bp) between these two alignments: deletion of length 11; 0 mismatches (number of Ns: 0) [fragmentation of reference genome]
			Real Alignment 47: 1 41771 | 1463369 1421550 | 41771 41820 | 99.84 | sa_ill_sa_contig19 contig_103
			  Not a misassembly [fragmentation of reference genome] between these two alignments
			Excluding internal overlap of size 20 between Alignment 48 and 49: 1 50729 | 1640861 1691635 | 50729 50775 --> 21 50729 | 1640881 1691635 | 50709 50755
			Real Alignment 48: 1 177172 | 1463558 1640880 | 177172 177323 | 99.85 | sa_ill_sa_contig4 contig_103
			  Indel (> 5bp) between these two alignments: deletion of length 20; 0 mismatches (number of Ns: 0) [fragmentation of reference genome]
			Real Alignment 49: 21 50729 | 1640881 1691635 | 50709 50755 | 99.84 | sa_ill_sa_contig16 contig_103
			  Not a misassembly [fragmentation of reference genome] between these two alignments
			Excluding internal overlap of size 321 between Alignment 50 and 51: 77953 134302 | 1748104 1691698 | 56350 56407 --> 78271 134302 | 1747783 1691698 | 56032 56086
			Real Alignment 50: 78271 134302 | 1747783 1691698 | 56032 56086 | 99.83 | sa_ill_sa_contig7 contig_103
			  Gap between these two alignments (local misassembly). Inconsistency = 132
			Real Alignment 51: 1 78138 | 1825866 1747784 | 78138 78083 | 99.7 | sa_ill_sa_contig7 contig_103
			  Not a misassembly [fragmentation of reference genome] between these two alignments
			Excluding internal overlap of size 54 between Alignment 52 and 53: 1 207093 | 2033018 1825879 | 207093 207140 --> 55 207093 | 2032964 1825879 | 207039 207086
			Real Alignment 52: 55 207093 | 2032964 1825879 | 207039 207086 | 99.79 | sa_ill_sa_contig3 contig_103
			  Indel (> 5bp) between these two alignments: deletion of length 54; 0 mismatches (number of Ns: 0) [fragmentation of reference genome]
			Real Alignment 53: 1 211909 | 2245047 2032965 | 211909 212083 | 99.86 | sa_ill_sa_contig2 contig_103
			  Not a misassembly [fragmentation of reference genome] between these two alignments
			Excluding internal overlap of size 47 between Alignment 54 and 55: 1 765 | 2249230 2248465 | 765 766 --> 1 718 | 2249230 2248512 | 718 719
			Real Alignment 54: 1 3261 | 2245248 2248511 | 3261 3264 | 99.91 | sa_ill_sa_contig42 contig_103
			  Indel (> 5bp) between these two alignments: deletion of length 47; 0 mismatches (number of Ns: 0) [fragmentation of reference genome]
			Excluding internal overlap of size 3 between Alignment 55 and 56: 1 718 | 2249230 2248512 | 718 719 --> 4 718 | 2249227 2248512 | 715 716
			Real Alignment 55: 4 718 | 2249227 2248512 | 715 716 | 99.74 | sa_ill_sa_contig58 contig_103
			  Indel (<= 5bp) between these two alignments: deletion of length 3; 0 mismatches (number of Ns: 0) [fragmentation of reference genome]
			Real Alignment 56: 1 56123 | 2249228 2305294 | 56123 56067 | 99.62 | sa_ill_sa_contig15 contig_103
			  Gap between these two alignments (local misassembly). Inconsistency = -276
			Real Alignment 57: 55995 56123 | 2305442 2305569 | 129 128 | 98.45 | sa_ill_sa_contig15 contig_103
			  Extensive misassembly (translocation) between these two alignments
			Real Alignment 58: 203 3323 | 2305746 2308868 | 3121 3123 | 99.84 | sa_ill_sa_contig41 contig_103
			  Not a misassembly [fragmentation of reference genome] between these two alignments
			Excluding internal overlap of size 99 between Alignment 59 and 60: 1 1704 | 2309165 2310867 | 1704 1703 --> 1 1604 | 2309165 2310768 | 1604 1604
			Real Alignment 59: 1 1604 | 2309165 2310768 | 1604 1604 | 99.71 | sa_ill_sa_contig8 contig_103
			  Extensive misassembly (translocation) between these two alignments
			Real Alignment 60: 1 3323 | 2310769 2314093 | 3323 3325 | 99.76 | sa_ill_sa_contig41 contig_103
			  Not a misassembly [fragmentation of reference genome] between these two alignments
			Real Alignment 61: 1 1703 | 2314423 2316126 | 1703 1704 | 99.65 | sa_ill_sa_contig8 contig_103
			  Extensive misassembly (translocation) between these two alignments
			Real Alignment 62: 688 925 | 2316140 2316392 | 238 253 | 94.07 | sa_ill_sa_contig51 contig_103
			  Not a misassembly [fragmentation of reference genome] between these two alignments
			Real Alignment 63: 1 38352 | 2316536 2354927 | 38352 38392 | 99.83 | sa_ill_sa_contig23 contig_103
			  Gap between these two alignments (local misassembly). Inconsistency = -258
			Real Alignment 64: 38187 38352 | 2355020 2355185 | 166 166 | 98.8 | sa_ill_sa_contig23 contig_103
			  Gap between these two alignments (local misassembly). Inconsistency = -280
			Real Alignment 65: 38161 38352 | 2355274 2355464 | 192 191 | 95.31 | sa_ill_sa_contig23 contig_103
			  Extensive misassembly (translocation) between these two alignments
			Real Alignment 66: 203 3323 | 2355557 2358680 | 3121 3124 | 99.62 | sa_ill_sa_contig41 contig_103
			  Not a misassembly [fragmentation of reference genome] between these two alignments
			Excluding internal overlap of size 55 between Alignment 67 and 68: 1 1704 | 2359068 2360773 | 1704 1706 --> 1 1649 | 2359068 2360718 | 1649 1651
			Real Alignment 67: 1 1649 | 2359068 2360718 | 1649 1651 | 99.53 | sa_ill_sa_contig8 contig_103
			  Extensive misassembly (translocation) between these two alignments
			Real Alignment 68: 1 41074 | 2360719 2401832 | 41074 41114 | 99.82 | sa_ill_sa_contig20 contig_103
			  Not a misassembly [fragmentation of reference genome] between these two alignments
			Excluding internal overlap of size 55 between Alignment 69 and 70: 1 1631 | 2401860 2403490 | 1631 1631 --> 1 1576 | 2401860 2403435 | 1576 1576
			Real Alignment 69: 1 1576 | 2401860 2403435 | 1576 1576 | 99.88 | sa_ill_sa_contig47 contig_103
			  Indel (> 5bp) between these two alignments: deletion of length 55; 0 mismatches (number of Ns: 0) [fragmentation of reference genome]
			Real Alignment 70: 1 2840 | 2406275 2403436 | 2840 2840 | 99.61 | sa_ill_sa_contig44 contig_103
			  Not a misassembly [fragmentation of reference genome] between these two alignments
			Excluding internal overlap of size 55 between Alignment 71 and 72: 1 821 | 2412939 2413760 | 821 822 --> 56 821 | 2412994 2413760 | 766 767
			Real Alignment 71: 1 6686 | 2406302 2412993 | 6686 6692 | 99.84 | sa_ill_sa_contig37 contig_103
			  Indel (> 5bp) between these two alignments: deletion of length 55; 0 mismatches (number of Ns: 0) [fragmentation of reference genome]
			Excluding internal overlap of size 55 between Alignment 72 and 73: 56 821 | 2412994 2413760 | 766 767 --> 56 766 | 2412994 2413705 | 711 712
			Real Alignment 72: 56 766 | 2412994 2413705 | 711 712 | 99.88 | sa_ill_sa_contig55 contig_103
			  Indel (> 5bp) between these two alignments: deletion of length 55; 0 mismatches (number of Ns: 0) [fragmentation of reference genome]
			Excluding internal overlap of size 55 between Alignment 73 and 74: 1 5104 | 2433132 2428028 | 5104 5105 --> 1 5049 | 2433132 2428083 | 5049 5050
			Real Alignment 73: 1 14362 | 2428082 2413706 | 14362 14377 | 99.87 | sa_ill_sa_contig33 contig_103
			  Indel (> 5bp) between these two alignments: deletion of length 55; 0 mismatches (number of Ns: 0) [fragmentation of reference genome]
			Excluding internal overlap of size 55 between Alignment 74 and 75: 1 5049 | 2433132 2428083 | 5049 5050 --> 56 5049 | 2433077 2428083 | 4994 4995
			Real Alignment 74: 56 5049 | 2433077 2428083 | 4994 4995 | 99.96 | sa_ill_sa_contig39 contig_103
			  Indel (> 5bp) between these two alignments: deletion of length 55; 0 mismatches (number of Ns: 0) [fragmentation of reference genome]
			Excluding internal overlap of size 45 between Alignment 75 and 76: 1 44268 | 2483784 2528085 | 44268 44302 --> 46 44268 | 2483829 2528085 | 44223 44257
			Real Alignment 75: 1 50706 | 2483828 2433078 | 50706 50751 | 99.87 | sa_ill_sa_contig17 contig_103
			  Indel (> 5bp) between these two alignments: deletion of length 45; 0 mismatches (number of Ns: 0) [fragmentation of reference genome]
			Excluding internal overlap of size 510 between Alignment 76 and 77: 43249 70357 | 2527576 2554704 | 27109 27129 --> 43758 70357 | 2528086 2554704 | 26600 26619
			Real Alignment 76: 46 44268 | 2483829 2528085 | 44223 44257 | 99.68 | sa_ill_sa_contig12 contig_103
			  Overlap between these two alignments (local misassembly). Inconsistency = -511
			Excluding internal overlap of size 30 between Alignment 77 and 78: 98340 98591 | 2554926 2554675 | 252 252 --> 98340 98561 | 2554926 2554705 | 222 222
			Real Alignment 77: 43758 70357 | 2528086 2554704 | 26600 26619 | 99.29 | sa_ill_sa_contig12 contig_103
			  Indel (> 5bp) between these two alignments: deletion of length 39; 0 mismatches (number of Ns: 0) [fragmentation of reference genome]
			Real Alignment 78: 98340 98561 | 2554926 2554705 | 222 222 | 98.02 | sa_ill_sa_contig11 contig_103
			  Gap between these two alignments (local misassembly). Inconsistency = 126
			Excluding internal overlap of size 55 between Alignment 79 and 80: 98002 98213 | 2555138 2554927 | 212 212 --> 98057 98213 | 2555083 2554927 | 157 157
			Real Alignment 79: 98057 98213 | 2555083 2554927 | 157 157 | 98.58 | sa_ill_sa_contig11 contig_103
			  Extensive misassembly (translocation) between these two alignments
			Real Alignment 80: 1 21042 | 2576139 2555084 | 21042 21056 | 99.9 | sa_ill_sa_contig31 contig_103
			  Not a misassembly [fragmentation of reference genome] between these two alignments
			Excluding internal overlap of size 55 between Alignment 81 and 82: 1 642 | 2719214 2719855 | 642 642 --> 56 642 | 2719269 2719855 | 587 587
			Real Alignment 81: 1 142808 | 2719268 2576293 | 142808 142976 | 99.83 | sa_ill_sa_contig6 contig_103
			  Indel (> 5bp) between these two alignments: deletion of length 55; 0 mismatches (number of Ns: 0) [fragmentation of reference genome]
			Excluding internal overlap of size 54 between Alignment 82 and 83: 56 642 | 2719269 2719855 | 587 587 --> 56 588 | 2719269 2719801 | 533 533
			Real Alignment 82: 56 588 | 2719269 2719801 | 533 533 | 99.22 | sa_ill_sa_contig63 contig_103
			  Indel (> 5bp) between these two alignments: deletion of length 55; 0 mismatches (number of Ns: 0) [fragmentation of reference genome]
			Real Alignment 83: 42380 43683 | 2721107 2719802 | 1304 1306 | 99.69 | sa_ill_sa_contig18 contig_103
		Unaligned bases: 9136

CONTIG: contig_83 (2992181bp)
Best alignment score: 1409.5 (LEN: 1551, IDY: 90.88), Total number of alignments: 65
			Looking for the best set of alignments (out of 65 total alignments)
			Skipping redundant alignments after choosing the best set of alignments
		Skipping redundant alignment 689 759 | 1079656 1079586 | 71 71 | 98.59 | sa_ill_sa_contig51 contig_83
		Skipping redundant alignment 106080 106188 | 2093499 2093391 | 109 109 | 91.74 | sa_ill_sa_contig6 contig_83
		Skipping redundant alignment 681 862 | 290973 291149 | 182 177 | 92.9 | sa_ill_sa_contig51 contig_83
		Skipping redundant alignment 106 324 | 1304232 1304009 | 219 224 | 91.56 | sa_ill_sa_contig25 contig_83
		Skipping redundant alignment 689 759 | 532660 532730 | 71 71 | 98.59 | sa_ill_sa_contig51 contig_83
		Skipping redundant alignment 787 862 | 1786642 1786567 | 76 76 | 100.0 | sa_ill_sa_contig51 contig_83
		Skipping redundant alignment 691 768 | 1786737 1786660 | 78 78 | 97.44 | sa_ill_sa_contig51 contig_83
		Skipping redundant alignment 492 565 | 1786937 1786864 | 74 74 | 95.95 | sa_ill_sa_contig51 contig_83
		Skipping redundant alignment 106204 106292 | 2093375 2093287 | 89 89 | 91.01 | sa_ill_sa_contig6 contig_83
		This contig has several significant sets of alignments. [An ambiguously mapped contig]
		Using only the very best set (option --ambiguity-usage is set to "one").
			The best set is below. Score: 16778.5, number of alignments: 56, unaligned bases: 2970692
		This contig is misassembled.
		This contig is partially unaligned. (Aligned 21489 out of 2992181 non-N bases (0.72%))
			Warning! This contig is more unaligned than misassembled. Contig length is 2992181 (number of Ns: 0) and total length of all aligns is 21489
		Alignment: 497 577 | 286087 286167 | 81 81 | 92.59 | sa_ill_sa_contig41 contig_83
		Alignment: 589 1151 | 286179 286741 | 563 563 | 93.25 | sa_ill_sa_contig41 contig_83
		Alignment: 1158 1540 | 286748 287130 | 383 383 | 94.78 | sa_ill_sa_contig41 contig_83
		Alignment: 1559 1639 | 287150 287230 | 81 81 | 97.53 | sa_ill_sa_contig41 contig_83
		Alignment: 1871 2057 | 287460 287646 | 187 187 | 90.37 | sa_ill_sa_contig41 contig_83
		Alignment: 2099 2316 | 287693 287910 | 218 218 | 91.74 | sa_ill_sa_contig41 contig_83
		Alignment: 2614 2917 | 288210 288513 | 304 304 | 93.09 | sa_ill_sa_contig41 contig_83
		Alignment: 2985 3136 | 288582 288733 | 152 152 | 92.11 | sa_ill_sa_contig41 contig_83
		Alignment: 38 1590 | 289149 290699 | 1553 1551 | 90.88 | sa_ill_sa_contig8 contig_83
		Alignment: 497 577 | 292106 292186 | 81 81 | 92.59 | sa_ill_sa_contig41 contig_83
		Alignment: 589 1151 | 292198 292760 | 563 563 | 93.25 | sa_ill_sa_contig41 contig_83
		Alignment: 1158 1540 | 292767 293149 | 383 383 | 94.78 | sa_ill_sa_contig41 contig_83
		Alignment: 1559 1639 | 293169 293249 | 81 81 | 97.53 | sa_ill_sa_contig41 contig_83
		Alignment: 1871 2057 | 293479 293665 | 187 187 | 90.37 | sa_ill_sa_contig41 contig_83
		Alignment: 2099 2316 | 293712 293929 | 218 218 | 91.74 | sa_ill_sa_contig41 contig_83
		Alignment: 2614 2917 | 294229 294532 | 304 304 | 93.09 | sa_ill_sa_contig41 contig_83
		Alignment: 2985 3136 | 294601 294752 | 152 152 | 92.11 | sa_ill_sa_contig41 contig_83
		Alignment: 38 1590 | 295168 296718 | 1553 1551 | 90.82 | sa_ill_sa_contig8 contig_83
		Alignment: 497 577 | 529665 529745 | 81 81 | 92.59 | sa_ill_sa_contig41 contig_83
		Alignment: 589 1151 | 529757 530319 | 563 563 | 93.25 | sa_ill_sa_contig41 contig_83
		Alignment: 1158 1540 | 530326 530708 | 383 383 | 94.78 | sa_ill_sa_contig41 contig_83
		Alignment: 1559 1639 | 530728 530808 | 81 81 | 97.53 | sa_ill_sa_contig41 contig_83
		Alignment: 1871 2057 | 531038 531224 | 187 187 | 90.37 | sa_ill_sa_contig41 contig_83
		Alignment: 2099 2316 | 531271 531488 | 218 218 | 91.74 | sa_ill_sa_contig41 contig_83
		Alignment: 2614 2917 | 531788 532091 | 304 304 | 93.09 | sa_ill_sa_contig41 contig_83
		Alignment: 2985 3136 | 532160 532311 | 152 152 | 92.11 | sa_ill_sa_contig41 contig_83
		Alignment: 38 1590 | 532978 534528 | 1553 1551 | 90.82 | sa_ill_sa_contig8 contig_83
		Alignment: 20320 20490 | 581952 582122 | 171 171 | 90.64 | sa_ill_sa_contig15 contig_83
		Alignment: 20702 20898 | 582334 582530 | 197 197 | 90.86 | sa_ill_sa_contig15 contig_83
		Alignment: 38 1590 | 1079338 1077788 | 1553 1551 | 90.82 | sa_ill_sa_contig8 contig_83
		Alignment: 2985 3136 | 1080156 1080005 | 152 152 | 92.11 | sa_ill_sa_contig41 contig_83
		Alignment: 2614 2917 | 1080528 1080225 | 304 304 | 93.09 | sa_ill_sa_contig41 contig_83
		Alignment: 2099 2316 | 1081045 1080828 | 218 218 | 91.74 | sa_ill_sa_contig41 contig_83
		Alignment: 1871 2057 | 1081278 1081092 | 187 187 | 90.37 | sa_ill_sa_contig41 contig_83
		Alignment: 1559 1639 | 1081588 1081508 | 81 81 | 97.53 | sa_ill_sa_contig41 contig_83
		Alignment: 1158 1540 | 1081990 1081608 | 383 383 | 94.78 | sa_ill_sa_contig41 contig_83
		Alignment: 589 1151 | 1082559 1081997 | 563 563 | 93.25 | sa_ill_sa_contig41 contig_83
		Alignment: 497 577 | 1082651 1082571 | 81 81 | 92.59 | sa_ill_sa_contig41 contig_83
		Alignment: 38 1590 | 1677876 1676326 | 1553 1551 | 90.82 | sa_ill_sa_contig8 contig_83
		Alignment: 2985 3136 | 1678443 1678292 | 152 152 | 92.11 | sa_ill_sa_contig41 contig_83
		Alignment: 2614 2917 | 1678815 1678512 | 304 304 | 93.09 | sa_ill_sa_contig41 contig_83
		Alignment: 2099 2316 | 1679332 1679115 | 218 218 | 91.74 | sa_ill_sa_contig41 contig_83
		Alignment: 1871 2057 | 1679565 1679379 | 187 187 | 90.37 | sa_ill_sa_contig41 contig_83
		Alignment: 1559 1639 | 1679875 1679795 | 81 81 | 97.53 | sa_ill_sa_contig41 contig_83
		Alignment: 1158 1540 | 1680277 1679895 | 383 383 | 94.78 | sa_ill_sa_contig41 contig_83
		Alignment: 589 1151 | 1680846 1680284 | 563 563 | 93.25 | sa_ill_sa_contig41 contig_83
		Alignment: 497 577 | 1680938 1680858 | 81 81 | 92.59 | sa_ill_sa_contig41 contig_83
		Alignment: 38 1590 | 1782554 1781003 | 1553 1552 | 90.76 | sa_ill_sa_contig8 contig_83
		Alignment: 2985 3136 | 1783121 1782970 | 152 152 | 92.11 | sa_ill_sa_contig41 contig_83
		Alignment: 2614 2917 | 1783493 1783190 | 304 304 | 93.09 | sa_ill_sa_contig41 contig_83
		Alignment: 2099 2316 | 1784010 1783793 | 218 218 | 91.74 | sa_ill_sa_contig41 contig_83
		Alignment: 1871 2057 | 1784243 1784057 | 187 187 | 90.37 | sa_ill_sa_contig41 contig_83
		Alignment: 1559 1639 | 1784553 1784473 | 81 81 | 97.53 | sa_ill_sa_contig41 contig_83
		Alignment: 1158 1540 | 1784955 1784573 | 383 383 | 94.78 | sa_ill_sa_contig41 contig_83
		Alignment: 589 1151 | 1785524 1784962 | 563 563 | 93.25 | sa_ill_sa_contig41 contig_83
		Alignment: 497 577 | 1785616 1785536 | 81 81 | 92.59 | sa_ill_sa_contig41 contig_83
		Unaligned bases: 2970692

CONTIG: contig_86 (4045837bp)
Best alignment score: 2526.3 (LEN: 2807, IDY: 90.00), Total number of alignments: 54
			Looking for the best set of alignments (out of 54 total alignments)
			Skipping redundant alignments after choosing the best set of alignments
		Skipping redundant alignment 169463 169621 | 1500813 1500971 | 159 159 | 93.12 | sa_ill_sa_contig3 contig_86
		Skipping redundant alignment 689 766 | 2736882 2736805 | 78 78 | 96.15 | sa_ill_sa_contig51 contig_86
		Skipping redundant alignment 165 240 | 1502498 1502573 | 76 76 | 96.05 | sa_ill_sa_contig23 contig_86
		Skipping redundant alignment 254 327 | 1502603 1502676 | 74 74 | 95.95 | sa_ill_sa_contig23 contig_86
		Skipping redundant alignment 105 270 | 2765167 2765331 | 166 165 | 96.41 | sa_ill_sa_contig25 contig_86
		Skipping redundant alignment 169463 169621 | 3096533 3096374 | 159 160 | 93.79 | sa_ill_sa_contig3 contig_86
		Skipping redundant alignment 198 275 | 3096655 3096732 | 78 78 | 97.44 | sa_ill_sa_contig25 contig_86
		Skipping redundant alignment 689 766 | 2581842 2581765 | 78 78 | 97.44 | sa_ill_sa_contig51 contig_86
		Skipping redundant alignment 689 766 | 2602454 2602377 | 78 78 | 97.44 | sa_ill_sa_contig51 contig_86
		Skipping redundant alignment 601 667 | 2640623 2640557 | 67 67 | 100.0 | sa_ill_sa_contig51 contig_86
		Skipping redundant alignment 32667 32748 | 3494329 3494248 | 82 82 | 95.12 | sa_ill_sa_contig26 contig_86
		Skipping redundant alignment 105 190 | 3493983 3494069 | 86 87 | 97.7 | sa_ill_sa_contig25 contig_86
		Skipping redundant alignment 254 327 | 2665892 2665819 | 74 74 | 97.3 | sa_ill_sa_contig23 contig_86
		Skipping redundant alignment 165 240 | 2665969 2665894 | 76 76 | 96.05 | sa_ill_sa_contig23 contig_86
		Skipping redundant alignment 788 861 | 2666572 2666499 | 74 74 | 97.3 | sa_ill_sa_contig51 contig_86
		Skipping redundant alignment 689 766 | 2666658 2666581 | 78 78 | 97.44 | sa_ill_sa_contig51 contig_86
		Skipping redundant alignment 32826 32901 | 3494147 3494072 | 76 76 | 94.74 | sa_ill_sa_contig26 contig_86
		Skipping redundant alignment 20693 20826 | 2703763 2703630 | 134 134 | 91.04 | sa_ill_sa_contig15 contig_86
		Skipping redundant alignment 34155 34242 | 3097007 3097095 | 88 89 | 96.63 | sa_ill_sa_contig24 contig_86
		Skipping redundant alignment 788 861 | 2736796 2736723 | 74 74 | 97.3 | sa_ill_sa_contig51 contig_86
		This contig has several significant sets of alignments. [An ambiguously mapped contig]
		Using only the very best set (option --ambiguity-usage is set to "one").
			The best set is below. Score: 31830.8, number of alignments: 34, unaligned bases: 4006957
		This contig is misassembled.
		This contig is partially unaligned. (Aligned 38880 out of 4045837 non-N bases (0.96%))
			Warning! This contig is more unaligned than misassembled. Contig length is 4045837 (number of Ns: 0) and total length of all aligns is 38880
		Alignment: 492 565 | 1501679 1501752 | 74 74 | 93.24 | sa_ill_sa_contig51 contig_86
		Alignment: 589 679 | 1501753 1501843 | 91 91 | 90.11 | sa_ill_sa_contig51 contig_86
		Alignment: 691 765 | 1501851 1501925 | 75 75 | 97.33 | sa_ill_sa_contig51 contig_86
		Alignment: 788 861 | 1501933 1502006 | 74 74 | 97.3 | sa_ill_sa_contig51 contig_86
		Alignment: 497 3301 | 1503064 1505870 | 2805 2807 | 90.0 | sa_ill_sa_contig41 contig_86
		Alignment: 35 1591 | 1506042 1507596 | 1557 1555 | 91.96 | sa_ill_sa_contig8 contig_86
		Alignment: 35 1591 | 2581587 2580033 | 1557 1555 | 92.03 | sa_ill_sa_contig8 contig_86
		Alignment: 2615 2916 | 2582623 2582322 | 302 302 | 93.38 | sa_ill_sa_contig41 contig_86
		Alignment: 1867 2316 | 2583372 2582923 | 450 450 | 90.89 | sa_ill_sa_contig41 contig_86
		Alignment: 497 1540 | 2584742 2583699 | 1044 1044 | 94.25 | sa_ill_sa_contig41 contig_86
		Alignment: 35 1591 | 2602199 2600645 | 1557 1555 | 91.96 | sa_ill_sa_contig8 contig_86
		Alignment: 497 3301 | 2605354 2602548 | 2805 2807 | 90.0 | sa_ill_sa_contig41 contig_86
		Alignment: 35 1591 | 2662533 2660979 | 1557 1555 | 92.03 | sa_ill_sa_contig8 contig_86
		Alignment: 497 3301 | 2665511 2662705 | 2805 2807 | 90.0 | sa_ill_sa_contig41 contig_86
		Alignment: 35 1591 | 2668456 2666902 | 1557 1555 | 92.03 | sa_ill_sa_contig8 contig_86
		Alignment: 497 3301 | 2671434 2668628 | 2805 2807 | 90.0 | sa_ill_sa_contig41 contig_86
		Alignment: 35 1591 | 2733000 2731446 | 1557 1555 | 91.9 | sa_ill_sa_contig8 contig_86
		Alignment: 2615 2916 | 2733859 2733558 | 302 302 | 93.38 | sa_ill_sa_contig41 contig_86
		Alignment: 1867 2316 | 2734608 2734159 | 450 450 | 90.89 | sa_ill_sa_contig41 contig_86
		Alignment: 497 1540 | 2735978 2734935 | 1044 1044 | 94.25 | sa_ill_sa_contig41 contig_86
		Alignment: 35 1591 | 2738613 2737059 | 1557 1555 | 91.9 | sa_ill_sa_contig8 contig_86
		Alignment: 497 3301 | 2741591 2738785 | 2805 2807 | 90.0 | sa_ill_sa_contig41 contig_86
		Alignment: 35 1591 | 2743615 2742061 | 1557 1555 | 91.9 | sa_ill_sa_contig8 contig_86
		Alignment: 2615 2916 | 2744474 2744173 | 302 302 | 93.38 | sa_ill_sa_contig41 contig_86
		Alignment: 1867 2316 | 2745223 2744774 | 450 450 | 90.67 | sa_ill_sa_contig41 contig_86
		Alignment: 497 1540 | 2746593 2745550 | 1044 1044 | 94.25 | sa_ill_sa_contig41 contig_86
		Alignment: 35 1591 | 3197098 3195544 | 1557 1555 | 92.03 | sa_ill_sa_contig8 contig_86
		Alignment: 2615 2916 | 3197957 3197656 | 302 302 | 93.38 | sa_ill_sa_contig41 contig_86
		Alignment: 1867 2316 | 3198706 3198257 | 450 450 | 90.89 | sa_ill_sa_contig41 contig_86
		Alignment: 497 1540 | 3200076 3199033 | 1044 1044 | 94.16 | sa_ill_sa_contig41 contig_86
		Alignment: 35 1591 | 3489883 3488328 | 1557 1556 | 91.97 | sa_ill_sa_contig8 contig_86
		Alignment: 2615 2916 | 3490742 3490441 | 302 302 | 93.38 | sa_ill_sa_contig41 contig_86
		Alignment: 1867 2316 | 3491491 3491042 | 450 450 | 90.89 | sa_ill_sa_contig41 contig_86
		Alignment: 497 1540 | 3492861 3491818 | 1044 1044 | 94.25 | sa_ill_sa_contig41 contig_86
		Unaligned bases: 4006957

CONTIG: contig_125 (2845573bp)
Best alignment score: 567.0 (LEN: 599, IDY: 94.66), Total number of alignments: 48
			Looking for the best set of alignments (out of 48 total alignments)
			Skipping redundant alignments after choosing the best set of alignments
		Skipping redundant alignment 110713 110836 | 1594414 1594537 | 124 124 | 91.94 | sa_ill_sa_contig1 contig_125
		Skipping redundant alignment 786 861 | 280385 280310 | 76 76 | 100.0 | sa_ill_sa_contig51 contig_125
		This contig has several significant sets of alignments. [An ambiguously mapped contig]
		Using only the very best set (option --ambiguity-usage is set to "one").
			The best set is below. Score: 9415.1, number of alignments: 46, unaligned bases: 2833965
		This contig is misassembled.
		This contig is partially unaligned. (Aligned 11608 out of 2845573 non-N bases (0.41%))
			Warning! This contig is more unaligned than misassembled. Contig length is 2845573 (number of Ns: 0) and total length of all aligns is 11608
		Alignment: 497 1095 | 1 599 | 599 599 | 94.66 | sa_ill_sa_contig41 contig_125
		Alignment: 1191 1538 | 695 1042 | 348 348 | 95.11 | sa_ill_sa_contig41 contig_125
		Alignment: 2102 2316 | 1597 1811 | 215 215 | 95.35 | sa_ill_sa_contig41 contig_125
		Alignment: 2346 2414 | 1841 1909 | 69 69 | 95.65 | sa_ill_sa_contig41 contig_125
		Alignment: 3006 3134 | 2497 2625 | 129 129 | 93.8 | sa_ill_sa_contig41 contig_125
		Alignment: 3184 3302 | 2674 2792 | 119 119 | 94.12 | sa_ill_sa_contig41 contig_125
		Alignment: 38 431 | 3023 3416 | 394 394 | 90.61 | sa_ill_sa_contig8 contig_125
		Alignment: 437 551 | 3422 3536 | 115 115 | 96.52 | sa_ill_sa_contig8 contig_125
		Alignment: 561 1110 | 3544 4093 | 550 550 | 94.73 | sa_ill_sa_contig8 contig_125
		Alignment: 1136 1374 | 4119 4357 | 239 239 | 92.47 | sa_ill_sa_contig8 contig_125
		Alignment: 19874 19965 | 58858 58949 | 92 92 | 91.3 | sa_ill_sa_contig15 contig_125
		Alignment: 20204 20310 | 59188 59294 | 107 107 | 94.39 | sa_ill_sa_contig15 contig_125
		Alignment: 20351 20466 | 59338 59453 | 116 116 | 93.1 | sa_ill_sa_contig15 contig_125
		Alignment: 1136 1374 | 275169 274931 | 239 239 | 92.47 | sa_ill_sa_contig8 contig_125
		Alignment: 561 1110 | 275744 275195 | 550 550 | 94.73 | sa_ill_sa_contig8 contig_125
		Alignment: 437 551 | 275866 275752 | 115 115 | 96.52 | sa_ill_sa_contig8 contig_125
		Alignment: 38 431 | 276265 275872 | 394 394 | 90.61 | sa_ill_sa_contig8 contig_125
		Alignment: 3184 3302 | 276614 276496 | 119 119 | 94.12 | sa_ill_sa_contig41 contig_125
		Alignment: 3006 3134 | 276791 276663 | 129 129 | 93.8 | sa_ill_sa_contig41 contig_125
		Alignment: 2346 2414 | 277447 277379 | 69 69 | 95.65 | sa_ill_sa_contig41 contig_125
		Alignment: 2102 2316 | 277691 277477 | 215 215 | 95.35 | sa_ill_sa_contig41 contig_125
		Alignment: 1191 1538 | 278593 278246 | 348 348 | 95.11 | sa_ill_sa_contig41 contig_125
		Alignment: 497 1095 | 279287 278689 | 599 599 | 94.66 | sa_ill_sa_contig41 contig_125
		Alignment: 1136 1374 | 718326 718088 | 239 239 | 92.47 | sa_ill_sa_contig8 contig_125
		Alignment: 561 1110 | 718901 718352 | 550 550 | 94.73 | sa_ill_sa_contig8 contig_125
		Alignment: 437 551 | 719023 718909 | 115 115 | 96.52 | sa_ill_sa_contig8 contig_125
		Alignment: 38 431 | 719422 719029 | 394 394 | 90.61 | sa_ill_sa_contig8 contig_125
		Alignment: 3184 3302 | 719873 719755 | 119 119 | 94.12 | sa_ill_sa_contig41 contig_125
		Alignment: 3006 3134 | 720050 719922 | 129 129 | 93.8 | sa_ill_sa_contig41 contig_125
		Alignment: 2346 2414 | 720706 720638 | 69 69 | 95.65 | sa_ill_sa_contig41 contig_125
		Alignment: 2102 2316 | 720950 720736 | 215 215 | 95.35 | sa_ill_sa_contig41 contig_125
		Alignment: 1191 1538 | 721852 721505 | 348 348 | 95.11 | sa_ill_sa_contig41 contig_125
		Alignment: 497 1095 | 722546 721948 | 599 599 | 94.66 | sa_ill_sa_contig41 contig_125
		Alignment: 785 865 | 723567 723487 | 81 81 | 98.77 | sa_ill_sa_contig51 contig_125
		Alignment: 691 766 | 723651 723576 | 76 76 | 96.05 | sa_ill_sa_contig51 contig_125
		Alignment: 585 666 | 723755 723674 | 82 82 | 91.46 | sa_ill_sa_contig51 contig_125
		Alignment: 491 565 | 723841 723767 | 75 75 | 93.33 | sa_ill_sa_contig51 contig_125
		Alignment: 1136 1374 | 1337592 1337354 | 239 239 | 92.47 | sa_ill_sa_contig8 contig_125
		Alignment: 561 1110 | 1338167 1337618 | 550 550 | 94.73 | sa_ill_sa_contig8 contig_125
		Alignment: 437 551 | 1338289 1338175 | 115 115 | 96.52 | sa_ill_sa_contig8 contig_125
		Alignment: 38 431 | 1338688 1338295 | 394 394 | 90.61 | sa_ill_sa_contig8 contig_125
		Alignment: 3006 3124 | 1339316 1339198 | 119 119 | 96.64 | sa_ill_sa_contig41 contig_125
		Alignment: 2346 2414 | 1339972 1339904 | 69 69 | 95.65 | sa_ill_sa_contig41 contig_125
		Alignment: 2102 2316 | 1340216 1340002 | 215 215 | 95.35 | sa_ill_sa_contig41 contig_125
		Alignment: 1191 1538 | 1341118 1340771 | 348 348 | 95.11 | sa_ill_sa_contig41 contig_125
		Alignment: 497 1095 | 1341812 1341214 | 599 599 | 94.66 | sa_ill_sa_contig41 contig_125
		Unaligned bases: 2833965

CONTIG: contig_90 (1946508bp)
Best alignment score: 560.0 (LEN: 600, IDY: 93.33), Total number of alignments: 37
			Looking for the best set of alignments (out of 37 total alignments)
			The best set is below. Score: 5311.2, number of alignments: 37, unaligned bases: 1938087
		This contig is misassembled.
		This contig is partially unaligned. (Aligned 8421 out of 1946508 non-N bases (0.43%))
			Warning! This contig is more unaligned than misassembled. Contig length is 1946508 (number of Ns: 0) and total length of all aligns is 8421
		Alignment: 589 1095 | 65133 65639 | 507 507 | 95.66 | sa_ill_sa_contig41 contig_90
		Alignment: 1150 1543 | 65694 66087 | 394 394 | 90.61 | sa_ill_sa_contig41 contig_90
		Alignment: 2105 2299 | 66642 66836 | 195 195 | 93.33 | sa_ill_sa_contig41 contig_90
		Alignment: 2342 2421 | 66879 66958 | 80 80 | 90.0 | sa_ill_sa_contig41 contig_90
		Alignment: 3008 3122 | 67548 67662 | 115 115 | 91.3 | sa_ill_sa_contig41 contig_90
		Alignment: 471 545 | 68672 68746 | 75 75 | 98.67 | sa_ill_sa_contig8 contig_90
		Alignment: 567 826 | 68766 69025 | 260 260 | 91.54 | sa_ill_sa_contig8 contig_90
		Alignment: 589 1095 | 142236 142742 | 507 507 | 95.66 | sa_ill_sa_contig41 contig_90
		Alignment: 1150 1543 | 142797 143190 | 394 394 | 90.61 | sa_ill_sa_contig41 contig_90
		Alignment: 2105 2299 | 143745 143939 | 195 195 | 93.33 | sa_ill_sa_contig41 contig_90
		Alignment: 2342 2421 | 143982 144061 | 80 80 | 91.25 | sa_ill_sa_contig41 contig_90
		Alignment: 2661 2855 | 144305 144499 | 195 195 | 90.77 | sa_ill_sa_contig41 contig_90
		Alignment: 471 545 | 145581 145655 | 75 75 | 98.67 | sa_ill_sa_contig8 contig_90
		Alignment: 567 826 | 145675 145934 | 260 260 | 91.54 | sa_ill_sa_contig8 contig_90
		Alignment: 496 1095 | 177670 178269 | 600 600 | 93.33 | sa_ill_sa_contig41 contig_90
		Alignment: 1150 1543 | 178324 178717 | 394 394 | 90.61 | sa_ill_sa_contig41 contig_90
		Alignment: 1561 1674 | 178725 178838 | 114 114 | 95.61 | sa_ill_sa_contig41 contig_90
		Alignment: 2105 2299 | 179273 179467 | 195 195 | 93.33 | sa_ill_sa_contig41 contig_90
		Alignment: 2342 2421 | 179510 179589 | 80 80 | 90.0 | sa_ill_sa_contig41 contig_90
		Alignment: 3008 3122 | 180179 180293 | 115 115 | 91.3 | sa_ill_sa_contig41 contig_90
		Alignment: 471 545 | 181108 181182 | 75 75 | 98.67 | sa_ill_sa_contig8 contig_90
		Alignment: 567 826 | 181202 181461 | 260 260 | 91.54 | sa_ill_sa_contig8 contig_90
		Alignment: 965 1054 | 842572 842483 | 90 90 | 90.0 | sa_ill_sa_contig8 contig_90
		Alignment: 567 826 | 842970 842711 | 260 260 | 91.54 | sa_ill_sa_contig8 contig_90
		Alignment: 471 545 | 843064 842990 | 75 75 | 98.67 | sa_ill_sa_contig8 contig_90
		Alignment: 3008 3122 | 844188 844074 | 115 115 | 91.3 | sa_ill_sa_contig41 contig_90
		Alignment: 2342 2421 | 844858 844779 | 80 80 | 90.0 | sa_ill_sa_contig41 contig_90
		Alignment: 1270 1543 | 845923 845650 | 274 274 | 92.7 | sa_ill_sa_contig41 contig_90
		Alignment: 589 1095 | 846605 846099 | 507 507 | 95.66 | sa_ill_sa_contig41 contig_90
		Alignment: 496 1095 | 1656129 1656728 | 600 600 | 93.33 | sa_ill_sa_contig41 contig_90
		Alignment: 1150 1543 | 1656783 1657176 | 394 394 | 90.61 | sa_ill_sa_contig41 contig_90
		Alignment: 2105 2299 | 1657731 1657925 | 195 195 | 93.33 | sa_ill_sa_contig41 contig_90
		Alignment: 2342 2421 | 1657968 1658047 | 80 80 | 90.0 | sa_ill_sa_contig41 contig_90
		Alignment: 3008 3122 | 1658637 1658751 | 115 115 | 91.3 | sa_ill_sa_contig41 contig_90
		Alignment: 96 231 | 1659192 1659327 | 136 136 | 91.18 | sa_ill_sa_contig8 contig_90
		Alignment: 471 545 | 1659577 1659651 | 75 75 | 98.67 | sa_ill_sa_contig8 contig_90
		Alignment: 567 826 | 1659671 1659930 | 260 260 | 91.54 | sa_ill_sa_contig8 contig_90
		Unaligned bases: 1938087

CONTIG: contig_92 (4759008bp)
Best alignment score: 209.0 (LEN: 230, IDY: 90.87), Total number of alignments: 35
			Looking for the best set of alignments (out of 35 total alignments)
			Skipping redundant alignments after choosing the best set of alignments
		Skipping redundant alignment 590 659 | 2088691 2088622 | 70 70 | 94.29 | sa_ill_sa_contig8 contig_92
		Skipping redundant alignment 455 542 | 2088824 2088737 | 88 88 | 90.91 | sa_ill_sa_contig8 contig_92
		Skipping redundant alignment 769 840 | 2088512 2088441 | 72 72 | 95.83 | sa_ill_sa_contig8 contig_92
			The best set is below. Score: 719.5, number of alignments: 32, unaligned bases: 4754940
		This contig is misassembled.
		This contig is partially unaligned. (Aligned 4068 out of 4759008 non-N bases (0.09%))
			Warning! This contig is more unaligned than misassembled. Contig length is 4759008 (number of Ns: 0) and total length of all aligns is 4068
		Alignment: 671 900 | 806782 807011 | 230 230 | 90.87 | sa_ill_sa_contig41 contig_92
		Alignment: 1309 1402 | 807420 807513 | 94 94 | 96.81 | sa_ill_sa_contig41 contig_92
		Alignment: 455 542 | 810166 810253 | 88 88 | 90.91 | sa_ill_sa_contig8 contig_92
		Alignment: 590 729 | 810299 810438 | 140 140 | 91.43 | sa_ill_sa_contig8 contig_92
		Alignment: 769 840 | 810477 810548 | 72 72 | 95.83 | sa_ill_sa_contig8 contig_92
		Alignment: 671 900 | 1473090 1473319 | 230 230 | 90.87 | sa_ill_sa_contig41 contig_92
		Alignment: 1309 1402 | 1473728 1473821 | 94 94 | 96.81 | sa_ill_sa_contig41 contig_92
		Alignment: 455 542 | 1476473 1476560 | 88 88 | 90.91 | sa_ill_sa_contig8 contig_92
		Alignment: 590 729 | 1476606 1476745 | 140 140 | 91.43 | sa_ill_sa_contig8 contig_92
		Alignment: 769 840 | 1476784 1476855 | 72 72 | 95.83 | sa_ill_sa_contig8 contig_92
		Alignment: 769 840 | 1993409 1993338 | 72 72 | 95.83 | sa_ill_sa_contig8 contig_92
		Alignment: 590 729 | 1993587 1993448 | 140 140 | 91.43 | sa_ill_sa_contig8 contig_92
		Alignment: 455 542 | 1993720 1993633 | 88 88 | 90.91 | sa_ill_sa_contig8 contig_92
		Alignment: 1309 1402 | 1996625 1996532 | 94 94 | 96.81 | sa_ill_sa_contig41 contig_92
		Alignment: 671 900 | 1997263 1997034 | 230 230 | 90.87 | sa_ill_sa_contig41 contig_92
		Alignment: 1309 1402 | 2091571 2091478 | 94 94 | 96.81 | sa_ill_sa_contig41 contig_92
		Alignment: 671 900 | 2092209 2091980 | 230 230 | 90.87 | sa_ill_sa_contig41 contig_92
		Alignment: 769 840 | 2243764 2243693 | 72 72 | 95.83 | sa_ill_sa_contig8 contig_92
		Alignment: 590 729 | 2243942 2243803 | 140 140 | 91.43 | sa_ill_sa_contig8 contig_92
		Alignment: 455 542 | 2244075 2243988 | 88 88 | 90.91 | sa_ill_sa_contig8 contig_92
		Alignment: 1309 1402 | 2246978 2246885 | 94 94 | 96.81 | sa_ill_sa_contig41 contig_92
		Alignment: 671 900 | 2247616 2247387 | 230 230 | 90.87 | sa_ill_sa_contig41 contig_92
		Alignment: 769 840 | 2286682 2286611 | 72 72 | 95.83 | sa_ill_sa_contig8 contig_92
		Alignment: 590 729 | 2286860 2286721 | 140 140 | 91.43 | sa_ill_sa_contig8 contig_92
		Alignment: 455 542 | 2286993 2286906 | 88 88 | 90.91 | sa_ill_sa_contig8 contig_92
		Alignment: 1309 1402 | 2289739 2289646 | 94 94 | 96.81 | sa_ill_sa_contig41 contig_92
		Alignment: 671 900 | 2290377 2290148 | 230 230 | 90.87 | sa_ill_sa_contig41 contig_92
		Alignment: 769 840 | 3036289 3036218 | 72 72 | 95.83 | sa_ill_sa_contig8 contig_92
		Alignment: 590 729 | 3036467 3036328 | 140 140 | 91.43 | sa_ill_sa_contig8 contig_92
		Alignment: 455 542 | 3036600 3036513 | 88 88 | 90.91 | sa_ill_sa_contig8 contig_92
		Alignment: 1309 1402 | 3039603 3039510 | 94 94 | 96.81 | sa_ill_sa_contig41 contig_92
		Alignment: 671 900 | 3040241 3040012 | 230 230 | 90.87 | sa_ill_sa_contig41 contig_92
		Unaligned bases: 4754940

CONTIG: contig_93 (4765665bp)
Best alignment score: 209.0 (LEN: 230, IDY: 90.87), Total number of alignments: 35
			Looking for the best set of alignments (out of 35 total alignments)
			Skipping redundant alignments after choosing the best set of alignments
		Skipping redundant alignment 769 841 | 1823207 1823135 | 73 73 | 95.89 | sa_ill_sa_contig8 contig_93
		Skipping redundant alignment 590 659 | 1823386 1823317 | 70 70 | 94.29 | sa_ill_sa_contig8 contig_93
		Skipping redundant alignment 455 542 | 1823519 1823432 | 88 88 | 90.91 | sa_ill_sa_contig8 contig_93
			The best set is below. Score: 645.4, number of alignments: 32, unaligned bases: 4761711
		This contig is misassembled.
		This contig is partially unaligned. (Aligned 3954 out of 4765665 non-N bases (0.08%))
			Warning! This contig is more unaligned than misassembled. Contig length is 4765665 (number of Ns: 0) and total length of all aligns is 3954
		Alignment: 671 900 | 304215 304444 | 230 230 | 90.87 | sa_ill_sa_contig41 contig_93
		Alignment: 1309 1402 | 304854 304947 | 94 94 | 96.81 | sa_ill_sa_contig41 contig_93
		Alignment: 455 542 | 307674 307761 | 88 88 | 90.91 | sa_ill_sa_contig8 contig_93
		Alignment: 590 709 | 307807 307926 | 120 120 | 93.33 | sa_ill_sa_contig8 contig_93
		Alignment: 769 841 | 307985 308057 | 73 73 | 95.89 | sa_ill_sa_contig8 contig_93
		Alignment: 671 900 | 1012599 1012828 | 230 230 | 90.87 | sa_ill_sa_contig41 contig_93
		Alignment: 1309 1402 | 1013237 1013330 | 94 94 | 96.81 | sa_ill_sa_contig41 contig_93
		Alignment: 455 542 | 1016063 1016150 | 88 88 | 90.91 | sa_ill_sa_contig8 contig_93
		Alignment: 590 709 | 1016196 1016315 | 120 120 | 93.33 | sa_ill_sa_contig8 contig_93
		Alignment: 769 841 | 1016374 1016446 | 73 73 | 95.89 | sa_ill_sa_contig8 contig_93
		Alignment: 769 841 | 1557037 1556965 | 73 73 | 95.89 | sa_ill_sa_contig8 contig_93
		Alignment: 590 709 | 1557215 1557096 | 120 120 | 93.33 | sa_ill_sa_contig8 contig_93
		Alignment: 455 542 | 1557348 1557261 | 88 88 | 90.91 | sa_ill_sa_contig8 contig_93
		Alignment: 1309 1402 | 1560091 1559998 | 94 94 | 96.81 | sa_ill_sa_contig41 contig_93
		Alignment: 671 900 | 1560729 1560500 | 230 230 | 90.87 | sa_ill_sa_contig41 contig_93
		Alignment: 769 841 | 1650668 1650596 | 73 73 | 95.89 | sa_ill_sa_contig8 contig_93
		Alignment: 590 709 | 1650846 1650727 | 120 120 | 93.33 | sa_ill_sa_contig8 contig_93
		Alignment: 455 542 | 1650979 1650892 | 88 88 | 90.91 | sa_ill_sa_contig8 contig_93
		Alignment: 1309 1402 | 1653815 1653722 | 94 94 | 96.81 | sa_ill_sa_contig41 contig_93
		Alignment: 671 900 | 1654453 1654224 | 230 230 | 90.87 | sa_ill_sa_contig41 contig_93
		Alignment: 769 841 | 1781805 1781733 | 73 73 | 95.89 | sa_ill_sa_contig8 contig_93
		Alignment: 590 709 | 1781983 1781864 | 120 120 | 93.33 | sa_ill_sa_contig8 contig_93
		Alignment: 455 542 | 1782116 1782029 | 88 88 | 90.91 | sa_ill_sa_contig8 contig_93
		Alignment: 1309 1402 | 1784859 1784766 | 94 94 | 96.81 | sa_ill_sa_contig41 contig_93
		Alignment: 671 900 | 1785497 1785268 | 230 230 | 90.87 | sa_ill_sa_contig41 contig_93
		Alignment: 1309 1402 | 1826262 1826169 | 94 94 | 96.81 | sa_ill_sa_contig41 contig_93
		Alignment: 671 900 | 1826900 1826671 | 230 230 | 90.87 | sa_ill_sa_contig41 contig_93
		Alignment: 769 841 | 2471067 2470995 | 73 73 | 95.89 | sa_ill_sa_contig8 contig_93
		Alignment: 590 709 | 2471245 2471126 | 120 120 | 93.33 | sa_ill_sa_contig8 contig_93
		Alignment: 455 542 | 2471378 2471291 | 88 88 | 90.91 | sa_ill_sa_contig8 contig_93
		Alignment: 1309 1402 | 2474213 2474120 | 94 94 | 96.81 | sa_ill_sa_contig41 contig_93
		Alignment: 671 900 | 2474851 2474622 | 230 230 | 90.87 | sa_ill_sa_contig41 contig_93
		Unaligned bases: 4761711

Analyzing coverage...
Writing SNPs into /media3/lucia/zymo_mock_community/asms_cuantizados/v8_3-3-21_1bin/metaquast-1bin-v4/runs_per_reference/sa_ill/contigs_reports/minimap_output/r10_1bin_v4_2_r1_medaka.used_snps.gz

Analysis is finished!
Founded SNPs were written into /media3/lucia/zymo_mock_community/asms_cuantizados/v8_3-3-21_1bin/metaquast-1bin-v4/runs_per_reference/sa_ill/contigs_reports/minimap_output/r10_1bin_v4_2_r1_medaka.used_snps.gz

Results:
	Local Misassemblies: 10
	Misassemblies: 14
		Relocations: 0
		Translocations: 14
		Inversions: 0
	Scaffold gap extensive misassemblies: 0
	Scaffold gap local misassemblies: 0
	Misassemblies caused by fragmented reference: 26
	Misassembled Contigs: 1
	Misassembled Contig Bases: 2721107
	Misassemblies Inter-Contig Overlap: 0
Unaligned Contigs: 0 + 7 part
Half Unaligned Contigs with Misassemblies: 6
Unaligned Contig Bases: 21275488

Ambiguously Mapped Contigs: 3
Total Bases in Ambiguously Mapped Contigs: 9883591
Extra Bases in Ambiguously Mapped Contigs: 0
Note that --allow-ambiguity option was set to "one" and only first alignment per each of these contigs was used.

	Covered Bases: 2676937

	SNPs: 7733
	Insertions: 3176
	Deletions: 3295

