Aligning contigs to reference...
	Aligning contigs to the reference
Filtering alignments...
Parsing coords...
Loading reference...
	Loaded [sa_ill_sa_contig28]
	Loaded [sa_ill_sa_contig29]
	Loaded [sa_ill_sa_contig15]
	Loaded [sa_ill_sa_contig22]
	Loaded [sa_ill_sa_contig23]
	Loaded [sa_ill_sa_contig20]
	Loaded [sa_ill_sa_contig21]
	Loaded [sa_ill_sa_contig26]
	Loaded [sa_ill_sa_contig27]
	Loaded [sa_ill_sa_contig24]
	Loaded [sa_ill_sa_contig25]
	Loaded [sa_ill_sa_contig48]
	Loaded [sa_ill_sa_contig49]
	Loaded [sa_ill_sa_contig64]
	Loaded [sa_ill_sa_contig65]
	Loaded [sa_ill_sa_contig63]
	Loaded [sa_ill_sa_contig60]
	Loaded [sa_ill_sa_contig61]
	Loaded [sa_ill_sa_contig40]
	Loaded [sa_ill_sa_contig41]
	Loaded [sa_ill_sa_contig42]
	Loaded [sa_ill_sa_contig43]
	Loaded [sa_ill_sa_contig44]
	Loaded [sa_ill_sa_contig45]
	Loaded [sa_ill_sa_contig46]
	Loaded [sa_ill_sa_contig47]
	Loaded [sa_ill_sa_contig9]
	Loaded [sa_ill_sa_contig8]
	Loaded [sa_ill_sa_contig3]
	Loaded [sa_ill_sa_contig2]
	Loaded [sa_ill_sa_contig1]
	Loaded [sa_ill_sa_contig7]
	Loaded [sa_ill_sa_contig6]
	Loaded [sa_ill_sa_contig5]
	Loaded [sa_ill_sa_contig4]
	Loaded [sa_ill_sa_contig19]
	Loaded [sa_ill_sa_contig68]
	Loaded [sa_ill_sa_contig39]
	Loaded [sa_ill_sa_contig38]
	Loaded [sa_ill_sa_contig31]
	Loaded [sa_ill_sa_contig30]
	Loaded [sa_ill_sa_contig33]
	Loaded [sa_ill_sa_contig32]
	Loaded [sa_ill_sa_contig35]
	Loaded [sa_ill_sa_contig34]
	Loaded [sa_ill_sa_contig37]
	Loaded [sa_ill_sa_contig36]
	Loaded [sa_ill_sa_contig13]
	Loaded [sa_ill_sa_contig12]
	Loaded [sa_ill_sa_contig11]
	Loaded [sa_ill_sa_contig10]
	Loaded [sa_ill_sa_contig17]
	Loaded [sa_ill_sa_contig16]
	Loaded [sa_ill_sa_contig59]
	Loaded [sa_ill_sa_contig58]
	Loaded [sa_ill_sa_contig57]
	Loaded [sa_ill_sa_contig56]
	Loaded [sa_ill_sa_contig14]
	Loaded [sa_ill_sa_contig18]
	Loaded [sa_ill_sa_contig53]
	Loaded [sa_ill_sa_contig52]
	Loaded [sa_ill_sa_contig51]
	Loaded [sa_ill_sa_contig50]
	Loaded [sa_ill_sa_contig66]
	Loaded [sa_ill_sa_contig67]
	Loaded [sa_ill_sa_contig55]
	Loaded [sa_ill_sa_contig54]
	Total Regions: 67
	Total Region Length: 2689205
Analyzing contigs...
CONTIG: contig_103 (2720624bp)
Best alignment score: 223090.3 (LEN: 223515, IDY: 99.81), Total number of alignments: 171
			Too much alignments (171), will use speed up heuristics
			Found 63 solid alignments:
		Solid alignment 124755 125486 | 3 734 | 732 732 | 93.31 | sa_ill_sa_contig10 contig_103
		Solid alignment 1 223346 | 226514 3000 | 223346 223515 | 99.81 | sa_ill_sa_contig1 contig_103
		Solid alignment 1 1418 | 226460 227880 | 1418 1421 | 99.72 | sa_ill_sa_contig48 contig_103
		Solid alignment 1 98600 | 326509 227846 | 98600 98664 | 99.81 | sa_ill_sa_contig11 contig_103
		Solid alignment 1 7163 | 326455 333621 | 7163 7167 | 99.85 | sa_ill_sa_contig36 contig_103
		Solid alignment 1 21790 | 355400 333596 | 21790 21805 | 99.84 | sa_ill_sa_contig30 contig_103
		Solid alignment 1 14210 | 370328 356114 | 14210 14215 | 99.85 | sa_ill_sa_contig34 contig_103
		Solid alignment 1 32969 | 370482 403471 | 32969 32990 | 99.77 | sa_ill_sa_contig26 contig_103
		Solid alignment 2 925 | 403676 404592 | 924 917 | 97.95 | sa_ill_sa_contig51 contig_103
		Solid alignment 198 3323 | 405147 408276 | 3126 3130 | 99.71 | sa_ill_sa_contig41 contig_103
		Solid alignment 1 1701 | 408698 410397 | 1701 1700 | 99.59 | sa_ill_sa_contig8 contig_103
		Solid alignment 1 28120 | 410302 438441 | 28120 28140 | 99.83 | sa_ill_sa_contig28 contig_103
		Solid alignment 1 39729 | 438446 478194 | 39729 39749 | 99.87 | sa_ill_sa_contig21 contig_103
		Solid alignment 1 62604 | 478574 541057 | 62604 62484 | 99.61 | sa_ill_sa_contig14 contig_103
		Solid alignment 203 3323 | 541214 544335 | 3121 3122 | 99.74 | sa_ill_sa_contig41 contig_103
		Solid alignment 1 1706 | 544753 546456 | 1706 1704 | 99.59 | sa_ill_sa_contig8 contig_103
		Solid alignment 1 34443 | 580804 546356 | 34443 34449 | 99.85 | sa_ill_sa_contig24 contig_103
		Solid alignment 1 38786 | 619596 580787 | 38786 38810 | 99.85 | sa_ill_sa_contig22 contig_103
		Solid alignment 1 34367 | 654523 620130 | 34367 34394 | 99.81 | sa_ill_sa_contig25 contig_103
		Solid alignment 203 3323 | 654688 657813 | 3121 3126 | 99.62 | sa_ill_sa_contig41 contig_103
		Solid alignment 1 131983 | 658186 790262 | 131983 132077 | 99.83 | sa_ill_sa_contig8 contig_103
		Solid alignment 1 149926 | 790604 940147 | 149926 149544 | 99.53 | sa_ill_sa_contig5 contig_103
		Solid alignment 1 30897 | 940193 971113 | 30897 30921 | 99.86 | sa_ill_sa_contig27 contig_103
		Solid alignment 5 2978 | 975017 972041 | 2974 2977 | 99.46 | sa_ill_sa_contig43 contig_103
		Solid alignment 1 13692 | 988673 974967 | 13692 13707 | 99.79 | sa_ill_sa_contig35 contig_103
		Solid alignment 1 125486 | 989405 1115187 | 125486 125783 | 99.67 | sa_ill_sa_contig10 contig_103
		Solid alignment 1 20896 | 1138353 1117456 | 20896 20898 | 99.88 | sa_ill_sa_contig32 contig_103
		Solid alignment 1 130429 | 1268723 1138284 | 130429 130440 | 99.77 | sa_ill_sa_contig9 contig_103
		Solid alignment 1 4636 | 1268669 1273309 | 4636 4641 | 99.85 | sa_ill_sa_contig40 contig_103
		Solid alignment 1 5318 | 1273310 1278634 | 5318 5325 | 99.81 | sa_ill_sa_contig38 contig_103
		Solid alignment 1 4636 | 1283274 1278635 | 4636 4640 | 99.91 | sa_ill_sa_contig40 contig_103
		Solid alignment 1 26180 | 1309409 1283220 | 26180 26190 | 99.89 | sa_ill_sa_contig29 contig_103
		Solid alignment 1 1727 | 1312888 1311158 | 1727 1731 | 99.65 | sa_ill_sa_contig46 contig_103
		Solid alignment 1 43683 | 1312834 1356383 | 43683 43550 | 99.34 | sa_ill_sa_contig18 contig_103
		Solid alignment 1 142808 | 1356917 1499872 | 142808 142956 | 99.8 | sa_ill_sa_contig6 contig_103
		Solid alignment 1 21042 | 1500026 1521082 | 21042 21057 | 99.88 | sa_ill_sa_contig31 contig_103
		Solid alignment 43249 70357 | 1548580 1521462 | 27109 27119 | 99.29 | sa_ill_sa_contig12 contig_103
		Solid alignment 1 44268 | 1592357 1548071 | 44268 44287 | 99.69 | sa_ill_sa_contig12 contig_103
		Solid alignment 1 50706 | 1592313 1643052 | 50706 50740 | 99.88 | sa_ill_sa_contig17 contig_103
		Solid alignment 1 5104 | 1642998 1648099 | 5104 5102 | 99.92 | sa_ill_sa_contig39 contig_103
		Solid alignment 1 14362 | 1648045 1662416 | 14362 14372 | 99.86 | sa_ill_sa_contig33 contig_103
		Solid alignment 1 6686 | 1669820 1663128 | 6686 6693 | 99.76 | sa_ill_sa_contig37 contig_103
		Solid alignment 1 2840 | 1669847 1672686 | 2840 2840 | 99.61 | sa_ill_sa_contig44 contig_103
		Solid alignment 1 1631 | 1674262 1672632 | 1631 1631 | 99.88 | sa_ill_sa_contig47 contig_103
		Solid alignment 1 41074 | 1715387 1674289 | 41074 41099 | 99.84 | sa_ill_sa_contig20 contig_103
		Solid alignment 6 1704 | 1717033 1715333 | 1699 1701 | 99.59 | sa_ill_sa_contig8 contig_103
		Solid alignment 203 3323 | 1720547 1717424 | 3121 3124 | 99.81 | sa_ill_sa_contig41 contig_103
		Solid alignment 1 38352 | 1759558 1721175 | 38352 38384 | 99.83 | sa_ill_sa_contig23 contig_103
		Solid alignment 1 1703 | 1761676 1759969 | 1703 1708 | 99.47 | sa_ill_sa_contig8 contig_103
		Solid alignment 1 3323 | 1765326 1762006 | 3323 3321 | 99.79 | sa_ill_sa_contig41 contig_103
		Solid alignment 1 1704 | 1766930 1765228 | 1704 1703 | 99.88 | sa_ill_sa_contig8 contig_103
		Solid alignment 203 3323 | 1770348 1767227 | 3121 3122 | 99.71 | sa_ill_sa_contig41 contig_103
		Solid alignment 1 56123 | 1826851 1770800 | 56123 56052 | 99.58 | sa_ill_sa_contig15 contig_103
		Solid alignment 1 3261 | 1830832 1827568 | 3261 3265 | 99.79 | sa_ill_sa_contig42 contig_103
		Solid alignment 1 211909 | 1831033 2043108 | 211909 212076 | 99.82 | sa_ill_sa_contig2 contig_103
		Solid alignment 1 207093 | 2043055 2250191 | 207093 207137 | 99.76 | sa_ill_sa_contig3 contig_103
		Solid alignment 1 78138 | 2250204 2328276 | 78138 78073 | 99.66 | sa_ill_sa_contig7 contig_103
		Solid alignment 77953 134302 | 2327956 2384355 | 56350 56400 | 99.79 | sa_ill_sa_contig7 contig_103
		Solid alignment 1 50729 | 2435184 2384418 | 50729 50767 | 99.81 | sa_ill_sa_contig16 contig_103
		Solid alignment 1 177172 | 2612452 2435165 | 177172 177288 | 99.82 | sa_ill_sa_contig4 contig_103
		Solid alignment 1 41771 | 2612639 2654453 | 41771 41815 | 99.83 | sa_ill_sa_contig19 contig_103
		Solid alignment 62883 66071 | 2657634 2654443 | 3189 3192 | 99.25 | sa_ill_sa_contig13 contig_103
		Solid alignment 188 63338 | 2720624 2657409 | 63151 63216 | 99.75 | sa_ill_sa_contig13 contig_103
			Skipping alignments located inside solid regions since they are redundant:
		Skipping redundant alignment 211641 211778 | 326392 326529 | 138 138 | 93.53 | sa_ill_sa_contig2 contig_103
		Skipping redundant alignment 31526 31680 | 326386 326540 | 155 155 | 93.59 | sa_ill_sa_contig10 contig_103
		Skipping redundant alignment 139 293 | 326540 326386 | 155 155 | 93.59 | sa_ill_sa_contig27 contig_103
		Skipping redundant alignment 90836 90999 | 333650 333487 | 164 164 | 99.39 | sa_ill_sa_contig3 contig_103
		Skipping redundant alignment 78536 78700 | 333650 333486 | 165 165 | 98.79 | sa_ill_sa_contig10 contig_103
		Skipping redundant alignment 34827 34905 | 438415 438337 | 79 79 | 91.14 | sa_ill_sa_contig6 contig_103
		Skipping redundant alignment 206160 206257 | 438336 438433 | 98 98 | 96.94 | sa_ill_sa_contig2 contig_103
		Skipping redundant alignment 46254 46351 | 438336 438433 | 98 98 | 96.94 | sa_ill_sa_contig4 contig_103
		Skipping redundant alignment 34644 34748 | 438597 438493 | 105 105 | 99.05 | sa_ill_sa_contig6 contig_103
		Skipping redundant alignment 206258 206363 | 438492 438597 | 106 106 | 99.06 | sa_ill_sa_contig2 contig_103
		Skipping redundant alignment 46352 46457 | 438492 438597 | 106 106 | 98.11 | sa_ill_sa_contig4 contig_103
		Skipping redundant alignment 78536 78699 | 580841 580678 | 164 164 | 99.39 | sa_ill_sa_contig10 contig_103
		Skipping redundant alignment 90836 91001 | 580841 580676 | 166 166 | 100.0 | sa_ill_sa_contig3 contig_103
		Skipping redundant alignment 12808 12927 | 974839 974720 | 120 120 | 90.83 | sa_ill_sa_contig35 contig_103
		Skipping redundant alignment 30505 30668 | 974856 975019 | 164 164 | 92.68 | sa_ill_sa_contig27 contig_103
		Skipping redundant alignment 12542 12627 | 975107 975022 | 86 86 | 96.51 | sa_ill_sa_contig35 contig_103
		Skipping redundant alignment 30742 30889 | 975095 975242 | 148 148 | 97.97 | sa_ill_sa_contig27 contig_103
		Skipping redundant alignment 7 228 | 1308959 1309180 | 222 222 | 90.99 | sa_ill_sa_contig54 contig_103
		Skipping redundant alignment 40727 41072 | 1672840 1672495 | 346 346 | 92.49 | sa_ill_sa_contig20 contig_103
		Skipping redundant alignment 1 157 | 1715432 1715275 | 157 158 | 98.1 | sa_ill_sa_contig41 contig_103
		Skipping redundant alignment 37896 37992 | 1771203 1771107 | 97 97 | 96.91 | sa_ill_sa_contig23 contig_103
		Skipping redundant alignment 353 496 | 1827620 1827763 | 144 144 | 95.14 | sa_ill_sa_contig2 contig_103
		Skipping redundant alignment 4728 4899 | 1830767 1830596 | 172 172 | 92.44 | sa_ill_sa_contig15 contig_103
		Skipping redundant alignment 4113 4199 | 1831377 1831291 | 87 87 | 91.95 | sa_ill_sa_contig15 contig_103
		Skipping redundant alignment 1 66 | 2435138 2435203 | 66 66 | 100.0 | sa_ill_sa_contig24 contig_103
		Skipping redundant alignment 164324 164418 | 2435203 2435110 | 95 94 | 96.84 | sa_ill_sa_contig2 contig_103
		Skipping redundant alignment 90837 90938 | 2435103 2435203 | 102 101 | 99.02 | sa_ill_sa_contig3 contig_103
		Skipping redundant alignment 45 153 | 2435215 2435108 | 109 108 | 99.08 | sa_ill_sa_contig21 contig_103
		Skipping redundant alignment 206251 206340 | 2435219 2435130 | 90 90 | 100.0 | sa_ill_sa_contig2 contig_103
		Skipping redundant alignment 46345 46434 | 2435219 2435130 | 90 90 | 100.0 | sa_ill_sa_contig4 contig_103
		Skipping redundant alignment 78678 78767 | 2435219 2435130 | 90 90 | 100.0 | sa_ill_sa_contig8 contig_103
		Skipping redundant alignment 31844 31933 | 2435219 2435130 | 90 90 | 97.78 | sa_ill_sa_contig10 contig_103
		Skipping redundant alignment 149769 149886 | 2435103 2435219 | 118 117 | 99.15 | sa_ill_sa_contig5 contig_103
		Skipping redundant alignment 34639 34756 | 2435103 2435219 | 118 117 | 99.15 | sa_ill_sa_contig6 contig_103
		Skipping redundant alignment 34799 34900 | 2654338 2654237 | 102 102 | 98.04 | sa_ill_sa_contig6 contig_103
		Skipping redundant alignment 31678 31950 | 2654271 2654545 | 273 275 | 95.64 | sa_ill_sa_contig10 contig_103
		Skipping redundant alignment 78636 78790 | 2654397 2654551 | 155 155 | 96.77 | sa_ill_sa_contig8 contig_103
		Skipping redundant alignment 34638 34798 | 2654557 2654397 | 161 161 | 97.52 | sa_ill_sa_contig6 contig_103
		Skipping redundant alignment 149767 149926 | 2654558 2654399 | 160 160 | 98.12 | sa_ill_sa_contig5 contig_103
		Skipping redundant alignment 206209 206370 | 2654397 2654558 | 162 162 | 96.91 | sa_ill_sa_contig2 contig_103
		Skipping redundant alignment 46303 46464 | 2654397 2654558 | 162 162 | 96.3 | sa_ill_sa_contig4 contig_103
			Looking for the best set of alignments (out of 130 total alignments)
		Ambiguity for this contig is not checked for speed up (too much alignments and --ambiguity-usage is "one")
			Skipping redundant alignments after choosing the best set of alignments
		Skipping redundant alignment 305 382 | 370363 370441 | 78 79 | 98.73 | sa_ill_sa_contig51 contig_103
		Skipping redundant alignment 1 161 | 370363 370536 | 161 174 | 92.53 | sa_ill_sa_contig51 contig_103
		Skipping redundant alignment 105 186 | 403498 403417 | 82 82 | 100.0 | sa_ill_sa_contig25 contig_103
		Skipping redundant alignment 164 242 | 403502 403580 | 79 79 | 100.0 | sa_ill_sa_contig23 contig_103
		Skipping redundant alignment 87 460 | 404896 405269 | 374 374 | 99.2 | sa_ill_sa_contig23 contig_103
		Skipping redundant alignment 688 765 | 408479 408556 | 78 78 | 100.0 | sa_ill_sa_contig51 contig_103
		Skipping redundant alignment 142 348 | 438385 438590 | 207 206 | 97.1 | sa_ill_sa_contig31 contig_103
		Skipping redundant alignment 45829 46373 | 478683 478140 | 545 544 | 98.17 | sa_ill_sa_contig14 contig_103
		Skipping redundant alignment 38188 38352 | 540955 541119 | 165 165 | 95.76 | sa_ill_sa_contig23 contig_103
		Skipping redundant alignment 249 397 | 654678 654530 | 149 149 | 99.33 | sa_ill_sa_contig34 contig_103
		Skipping redundant alignment 98002 98191 | 790166 790355 | 190 190 | 97.89 | sa_ill_sa_contig11 contig_103
		Skipping redundant alignment 45846 46038 | 790163 790355 | 193 193 | 98.45 | sa_ill_sa_contig14 contig_103
		Skipping redundant alignment 98340 98600 | 790377 790637 | 261 261 | 95.02 | sa_ill_sa_contig11 contig_103
		Skipping redundant alignment 98340 98600 | 790377 790637 | 261 261 | 95.02 | sa_ill_sa_contig11 contig_103
		Skipping redundant alignment 46187 46447 | 790377 790637 | 261 261 | 94.64 | sa_ill_sa_contig14 contig_103
		Skipping redundant alignment 126 348 | 940223 940002 | 223 222 | 91.67 | sa_ill_sa_contig31 contig_103
		Skipping redundant alignment 31524 31858 | 940487 940151 | 335 337 | 92.51 | sa_ill_sa_contig10 contig_103
		Skipping redundant alignment 13419 13639 | 971978 971758 | 221 221 | 91.44 | sa_ill_sa_contig35 contig_103
		Skipping redundant alignment 29935 30062 | 971932 972061 | 128 130 | 93.85 | sa_ill_sa_contig27 contig_103
		Skipping redundant alignment 1 162 | 971932 972095 | 162 164 | 93.29 | sa_ill_sa_contig53 contig_103
		Skipping redundant alignment 2568 3906 | 989729 988361 | 1339 1369 | 91.24 | sa_ill_sa_contig35 contig_103
		Skipping redundant alignment 334 638 | 1309286 1309590 | 305 305 | 90.16 | sa_ill_sa_contig54 contig_103
		Skipping redundant alignment 1173 1420 | 1310057 1309810 | 248 248 | 90.32 | sa_ill_sa_contig46 contig_103
		Skipping redundant alignment 1 280 | 1310394 1310115 | 280 280 | 91.07 | sa_ill_sa_contig46 contig_103
		Skipping redundant alignment 1654 1727 | 1310411 1310338 | 74 74 | 93.24 | sa_ill_sa_contig46 contig_103
		Skipping redundant alignment 410 549 | 1310807 1310668 | 140 140 | 92.86 | sa_ill_sa_contig46 contig_103
		Skipping redundant alignment 1230 1434 | 1310822 1310618 | 205 205 | 90.24 | sa_ill_sa_contig46 contig_103
		Skipping redundant alignment 1025 1093 | 1311027 1310959 | 69 69 | 91.3 | sa_ill_sa_contig46 contig_103
		Skipping redundant alignment 1 188 | 1311214 1311027 | 188 188 | 96.28 | sa_ill_sa_contig46 contig_103
		Skipping redundant alignment 434 638 | 1311027 1311231 | 205 205 | 93.17 | sa_ill_sa_contig54 contig_103
		Skipping redundant alignment 134184 134277 | 1500104 1500011 | 94 94 | 98.94 | sa_ill_sa_contig7 contig_103
		Skipping redundant alignment 98115 98262 | 1500011 1500158 | 148 148 | 100.0 | sa_ill_sa_contig11 contig_103
		Skipping redundant alignment 45956 46109 | 1500005 1500158 | 154 154 | 97.4 | sa_ill_sa_contig14 contig_103
		Skipping redundant alignment 45829 46068 | 1521008 1521247 | 240 240 | 99.58 | sa_ill_sa_contig14 contig_103
		Skipping redundant alignment 62390 62538 | 1720658 1720512 | 149 147 | 92.72 | sa_ill_sa_contig14 contig_103
		Skipping redundant alignment 62501 62586 | 1720804 1720719 | 86 86 | 98.84 | sa_ill_sa_contig14 contig_103
		Skipping redundant alignment 55995 56117 | 1720829 1720708 | 123 122 | 98.37 | sa_ill_sa_contig15 contig_103
		Skipping redundant alignment 62390 62604 | 1721193 1720980 | 215 214 | 94.01 | sa_ill_sa_contig14 contig_103
		Skipping redundant alignment 62501 62604 | 1770628 1770525 | 104 104 | 99.04 | sa_ill_sa_contig14 contig_103
		Skipping redundant alignment 38161 38352 | 1770653 1770463 | 192 191 | 96.35 | sa_ill_sa_contig23 contig_103
		Skipping redundant alignment 38158 38352 | 1770932 1770738 | 195 195 | 94.87 | sa_ill_sa_contig23 contig_103
		Skipping redundant alignment 1 265 | 1827280 1827544 | 265 265 | 90.57 | sa_ill_sa_contig2 contig_103
		Skipping redundant alignment 266 334 | 1827551 1827619 | 69 69 | 92.75 | sa_ill_sa_contig2 contig_103
		Skipping redundant alignment 4533 4721 | 1830962 1830774 | 189 189 | 96.3 | sa_ill_sa_contig15 contig_103
		Skipping redundant alignment 4206 4532 | 1831290 1830964 | 327 327 | 92.97 | sa_ill_sa_contig15 contig_103
		Skipping redundant alignment 3429 3614 | 2612375 2612560 | 186 186 | 99.46 | sa_ill_sa_contig19 contig_103
		Skipping redundant alignment 45962 46038 | 2612624 2612700 | 77 77 | 100.0 | sa_ill_sa_contig14 contig_103
		Skipping redundant alignment 98115 98191 | 2612624 2612700 | 77 77 | 98.7 | sa_ill_sa_contig11 contig_103
			The best set is below. Score: 2700958.3, number of alignments: 82, unaligned bases: 9130
		This contig is misassembled.
		This contig is partially unaligned. (Aligned 2711494 out of 2720624 non-N bases (99.66%))
			Excluding internal overlap of size 55 between Alignment 1 and 2: 1 720 | 680 1399 | 720 720 --> 56 720 | 735 1399 | 665 665
			Real Alignment 1: 124755 125486 | 3 734 | 732 732 | 93.31 | sa_ill_sa_contig10 contig_103
			  Indel (> 5bp) between these two alignments: deletion of length 55; 0 mismatches (number of Ns: 0) [fragmentation of reference genome]
			Real Alignment 2: 56 720 | 735 1399 | 665 665 | 98.89 | sa_ill_sa_contig60 contig_103
			  Not a misassembly [fragmentation of reference genome] between these two alignments
			Excluding internal overlap of size 55 between Alignment 3 and 4: 1 539 | 3054 2516 | 539 539 --> 56 539 | 2999 2516 | 484 484
			Real Alignment 3: 56 539 | 2999 2516 | 484 484 | 99.07 | sa_ill_sa_contig65 contig_103
			  Indel (> 5bp) between these two alignments: deletion of length 55; 0 mismatches (number of Ns: 0) [fragmentation of reference genome]
			Excluding internal overlap of size 55 between Alignment 4 and 5: 1 1418 | 226460 227880 | 1418 1421 --> 56 1418 | 226515 227880 | 1363 1366
			Real Alignment 4: 1 223346 | 226514 3000 | 223346 223515 | 99.81 | sa_ill_sa_contig1 contig_103
			  Indel (> 5bp) between these two alignments: deletion of length 55; 0 mismatches (number of Ns: 0) [fragmentation of reference genome]
			Excluding internal overlap of size 35 between Alignment 5 and 6: 56 1418 | 226515 227880 | 1363 1366 --> 56 1384 | 226515 227845 | 1329 1331
			Real Alignment 5: 56 1384 | 226515 227845 | 1329 1331 | 99.72 | sa_ill_sa_contig48 contig_103
			  Indel (> 5bp) between these two alignments: deletion of length 34; 0 mismatches (number of Ns: 0) [fragmentation of reference genome]
			Excluding internal overlap of size 55 between Alignment 6 and 7: 1 7163 | 326455 333621 | 7163 7167 --> 56 7163 | 326510 333621 | 7108 7112
			Real Alignment 6: 1 98600 | 326509 227846 | 98600 98664 | 99.81 | sa_ill_sa_contig11 contig_103
			  Indel (> 5bp) between these two alignments: deletion of length 55; 0 mismatches (number of Ns: 0) [fragmentation of reference genome]
			Excluding internal overlap of size 26 between Alignment 7 and 8: 56 7163 | 326510 333621 | 7108 7112 --> 56 7137 | 326510 333595 | 7082 7086
			Real Alignment 7: 56 7137 | 326510 333595 | 7082 7086 | 99.85 | sa_ill_sa_contig36 contig_103
			  Indel (> 5bp) between these two alignments: deletion of length 26; 0 mismatches (number of Ns: 0) [fragmentation of reference genome]
			Excluding internal overlap of size 55 between Alignment 8 and 9: 1 821 | 355346 356168 | 821 823 --> 56 821 | 355401 356168 | 766 768
			Real Alignment 8: 1 21790 | 355400 333596 | 21790 21805 | 99.84 | sa_ill_sa_contig30 contig_103
			  Indel (> 5bp) between these two alignments: deletion of length 55; 0 mismatches (number of Ns: 0) [fragmentation of reference genome]
			Excluding internal overlap of size 55 between Alignment 9 and 10: 56 821 | 355401 356168 | 766 768 --> 56 766 | 355401 356113 | 711 713
			Real Alignment 9: 56 766 | 355401 356113 | 711 713 | 98.91 | sa_ill_sa_contig55 contig_103
			  Indel (> 5bp) between these two alignments: deletion of length 55; 0 mismatches (number of Ns: 0) [fragmentation of reference genome]
			Real Alignment 10: 1 14210 | 370328 356114 | 14210 14215 | 99.85 | sa_ill_sa_contig34 contig_103
			  Not a misassembly [fragmentation of reference genome] between these two alignments
			Real Alignment 11: 1 32969 | 370482 403471 | 32969 32990 | 99.77 | sa_ill_sa_contig26 contig_103
			  Gap between these two alignments (local misassembly). Inconsistency = 1 [fragmentation of reference genome]
			Real Alignment 12: 2 925 | 403676 404592 | 924 917 | 97.95 | sa_ill_sa_contig51 contig_103
			  Extensive misassembly (translocation) between these two alignments
			Real Alignment 13: 198 3323 | 405147 408276 | 3126 3130 | 99.71 | sa_ill_sa_contig41 contig_103
			  Not a misassembly [fragmentation of reference genome] between these two alignments
			Excluding internal overlap of size 96 between Alignment 14 and 15: 1 1701 | 408698 410397 | 1701 1700 --> 1 1604 | 408698 410301 | 1604 1604
			Real Alignment 14: 1 1604 | 408698 410301 | 1604 1604 | 99.59 | sa_ill_sa_contig8 contig_103
			  Extensive misassembly (translocation) between these two alignments
			Real Alignment 15: 1 28120 | 410302 438441 | 28120 28140 | 99.83 | sa_ill_sa_contig28 contig_103
			  Not a misassembly [fragmentation of reference genome] between these two alignments
			Excluding internal overlap of size 55 between Alignment 16 and 17: 97985 98526 | 478679 478140 | 542 540 --> 97985 98471 | 478679 478195 | 487 485
			Real Alignment 16: 1 39729 | 438446 478194 | 39729 39749 | 99.87 | sa_ill_sa_contig21 contig_103
			  Gap between these two alignments (local misassembly). Inconsistency = 129 [fragmentation of reference genome]
			Excluding internal overlap of size 106 between Alignment 17 and 18: 97985 98471 | 478679 478195 | 487 485 --> 98092 98471 | 478573 478195 | 380 379
			Real Alignment 17: 98092 98471 | 478573 478195 | 380 379 | 97.97 | sa_ill_sa_contig11 contig_103
			  Extensive misassembly (translocation) between these two alignments
			Real Alignment 18: 1 62604 | 478574 541057 | 62604 62484 | 99.61 | sa_ill_sa_contig14 contig_103
			  Gap between these two alignments (local misassembly). Inconsistency = -258
			Excluding internal overlap of size 36 between Alignment 19 and 20: 62396 62538 | 541107 541249 | 143 143 --> 62396 62502 | 541107 541213 | 107 107
			Real Alignment 19: 62396 62502 | 541107 541213 | 107 107 | 98.6 | sa_ill_sa_contig14 contig_103
			  Extensive misassembly (translocation) between these two alignments
			Real Alignment 20: 203 3323 | 541214 544335 | 3121 3122 | 99.74 | sa_ill_sa_contig41 contig_103
			  Not a misassembly [fragmentation of reference genome] between these two alignments
			Excluding internal overlap of size 101 between Alignment 21 and 22: 1 1706 | 544753 546456 | 1706 1704 --> 1 1604 | 544753 546355 | 1604 1603
			Real Alignment 21: 1 1604 | 544753 546355 | 1604 1603 | 99.59 | sa_ill_sa_contig8 contig_103
			  Extensive misassembly (translocation) between these two alignments
			Excluding internal overlap of size 18 between Alignment 22 and 23: 1 34443 | 580804 546356 | 34443 34449 --> 19 34443 | 580786 546356 | 34425 34431
			Real Alignment 22: 19 34443 | 580786 546356 | 34425 34431 | 99.85 | sa_ill_sa_contig24 contig_103
			  Indel (> 5bp) between these two alignments: deletion of length 18; 0 mismatches (number of Ns: 0) [fragmentation of reference genome]
			Excluding internal overlap of size 55 between Alignment 23 and 24: 1 643 | 619542 620184 | 643 643 --> 56 643 | 619597 620184 | 588 588
			Real Alignment 23: 1 38786 | 619596 580787 | 38786 38810 | 99.85 | sa_ill_sa_contig22 contig_103
			  Indel (> 5bp) between these two alignments: deletion of length 55; 0 mismatches (number of Ns: 0) [fragmentation of reference genome]
			Excluding internal overlap of size 55 between Alignment 24 and 25: 56 643 | 619597 620184 | 588 588 --> 56 588 | 619597 620129 | 533 533
			Real Alignment 24: 56 588 | 619597 620129 | 533 533 | 100.0 | sa_ill_sa_contig63 contig_103
			  Indel (> 5bp) between these two alignments: deletion of length 55; 0 mismatches (number of Ns: 0) [fragmentation of reference genome]
			Real Alignment 25: 1 34367 | 654523 620130 | 34367 34394 | 99.81 | sa_ill_sa_contig25 contig_103
			  Extensive misassembly (translocation) between these two alignments
			Real Alignment 26: 203 3323 | 654688 657813 | 3121 3126 | 99.62 | sa_ill_sa_contig41 contig_103
			  Not a misassembly [fragmentation of reference genome] between these two alignments
			Real Alignment 27: 1 131983 | 658186 790262 | 131983 132077 | 99.83 | sa_ill_sa_contig8 contig_103
			  Not a misassembly [fragmentation of reference genome] between these two alignments
			Real Alignment 28: 1 149926 | 790604 940147 | 149926 149544 | 99.53 | sa_ill_sa_contig5 contig_103
			  Not a misassembly [fragmentation of reference genome] between these two alignments
			Excluding internal overlap of size 55 between Alignment 29 and 30: 1 861 | 971059 971922 | 861 864 --> 56 861 | 971114 971922 | 806 809
			Real Alignment 29: 1 30897 | 940193 971113 | 30897 30921 | 99.86 | sa_ill_sa_contig27 contig_103
			  Indel (> 5bp) between these two alignments: deletion of length 55; 0 mismatches (number of Ns: 0) [fragmentation of reference genome]
			Real Alignment 30: 56 861 | 971114 971922 | 806 809 | 99.54 | sa_ill_sa_contig53 contig_103
			  Not a misassembly [fragmentation of reference genome] between these two alignments
			Excluding internal overlap of size 51 between Alignment 31 and 32: 5 2978 | 975017 972041 | 2974 2977 --> 56 2978 | 974966 972041 | 2923 2926
			Real Alignment 31: 56 2978 | 974966 972041 | 2923 2926 | 99.46 | sa_ill_sa_contig43 contig_103
			  Indel (> 5bp) between these two alignments: deletion of length 55; 0 mismatches (number of Ns: 0) [fragmentation of reference genome]
			Real Alignment 32: 1 13692 | 988673 974967 | 13692 13707 | 99.79 | sa_ill_sa_contig35 contig_103
			  Not a misassembly [fragmentation of reference genome] between these two alignments
			Excluding internal overlap of size 55 between Alignment 33 and 34: 1 720 | 1115133 1115852 | 720 720 --> 56 720 | 1115188 1115852 | 665 665
			Real Alignment 33: 1 125486 | 989405 1115187 | 125486 125783 | 99.67 | sa_ill_sa_contig10 contig_103
			  Indel (> 5bp) between these two alignments: deletion of length 55; 0 mismatches (number of Ns: 0) [fragmentation of reference genome]
			Real Alignment 34: 56 720 | 1115188 1115852 | 665 665 | 100.0 | sa_ill_sa_contig60 contig_103
			  Not a misassembly [fragmentation of reference genome] between these two alignments
			Excluding internal overlap of size 55 between Alignment 35 and 36: 1 539 | 1117510 1116972 | 539 539 --> 56 539 | 1117455 1116972 | 484 484
			Real Alignment 35: 56 539 | 1117455 1116972 | 484 484 | 100.0 | sa_ill_sa_contig65 contig_103
			  Indel (> 5bp) between these two alignments: deletion of length 55; 0 mismatches (number of Ns: 0) [fragmentation of reference genome]
			Excluding internal overlap of size 70 between Alignment 36 and 37: 1 20896 | 1138353 1117456 | 20896 20898 --> 71 20896 | 1138283 1117456 | 20826 20828
			Real Alignment 36: 71 20896 | 1138283 1117456 | 20826 20828 | 99.88 | sa_ill_sa_contig32 contig_103
			  Extensive misassembly (translocation) between these two alignments
			Excluding internal overlap of size 55 between Alignment 37 and 38: 1 4636 | 1268669 1273309 | 4636 4641 --> 56 4636 | 1268724 1273309 | 4581 4586
			Real Alignment 37: 1 130429 | 1268723 1138284 | 130429 130440 | 99.77 | sa_ill_sa_contig9 contig_103
			  Indel (> 5bp) between these two alignments: deletion of length 55; 0 mismatches (number of Ns: 0) [fragmentation of reference genome]
			Real Alignment 38: 56 4636 | 1268724 1273309 | 4581 4586 | 99.85 | sa_ill_sa_contig40 contig_103
			  Not a misassembly [fragmentation of reference genome] between these two alignments
			Real Alignment 39: 1 5318 | 1273310 1278634 | 5318 5325 | 99.81 | sa_ill_sa_contig38 contig_103
			  Not a misassembly [fragmentation of reference genome] between these two alignments
			Excluding internal overlap of size 55 between Alignment 40 and 41: 1 4636 | 1283274 1278635 | 4636 4640 --> 56 4636 | 1283219 1278635 | 4581 4585
			Real Alignment 40: 56 4636 | 1283219 1278635 | 4581 4585 | 99.91 | sa_ill_sa_contig40 contig_103
			  Indel (> 5bp) between these two alignments: deletion of length 55; 0 mismatches (number of Ns: 0) [fragmentation of reference genome]
			Real Alignment 41: 1 26180 | 1309409 1283220 | 26180 26190 | 99.89 | sa_ill_sa_contig29 contig_103
			  Not a misassembly [fragmentation of reference genome] between these two alignments
			Real Alignment 42: 1 857 | 1309774 1310630 | 857 857 | 100.0 | sa_ill_sa_contig54 contig_103
			  Not a misassembly [fragmentation of reference genome] between these two alignments
			Excluding internal overlap of size 55 between Alignment 43 and 44: 1 1727 | 1312888 1311158 | 1727 1731 --> 56 1727 | 1312833 1311158 | 1672 1676
			Real Alignment 43: 56 1727 | 1312833 1311158 | 1672 1676 | 99.65 | sa_ill_sa_contig46 contig_103
			  Indel (> 5bp) between these two alignments: deletion of length 55; 0 mismatches (number of Ns: 0) [fragmentation of reference genome]
			Excluding internal overlap of size 55 between Alignment 44 and 45: 1 643 | 1356971 1356329 | 643 643 --> 1 588 | 1356971 1356384 | 588 588
			Real Alignment 44: 1 43683 | 1312834 1356383 | 43683 43550 | 99.34 | sa_ill_sa_contig18 contig_103
			  Indel (> 5bp) between these two alignments: deletion of length 55; 0 mismatches (number of Ns: 0) [fragmentation of reference genome]
			Excluding internal overlap of size 55 between Alignment 45 and 46: 1 588 | 1356971 1356384 | 588 588 --> 56 588 | 1356916 1356384 | 533 533
			Real Alignment 45: 56 588 | 1356916 1356384 | 533 533 | 99.22 | sa_ill_sa_contig63 contig_103
			  Indel (> 5bp) between these two alignments: deletion of length 55; 0 mismatches (number of Ns: 0) [fragmentation of reference genome]
			Real Alignment 46: 1 142808 | 1356917 1499872 | 142808 142956 | 99.8 | sa_ill_sa_contig6 contig_103
			  Not a misassembly [fragmentation of reference genome] between these two alignments
			Excluding internal overlap of size 55 between Alignment 47 and 48: 98002 98213 | 1521028 1521239 | 212 212 --> 98057 98213 | 1521083 1521239 | 157 157
			Real Alignment 47: 1 21042 | 1500026 1521082 | 21042 21057 | 99.88 | sa_ill_sa_contig31 contig_103
			  Extensive misassembly (translocation) between these two alignments
			Real Alignment 48: 98057 98213 | 1521083 1521239 | 157 157 | 98.58 | sa_ill_sa_contig11 contig_103
			  Gap between these two alignments (local misassembly). Inconsistency = 126
			Excluding internal overlap of size 39 between Alignment 49 and 50: 98340 98600 | 1521240 1521500 | 261 261 --> 98340 98561 | 1521240 1521461 | 222 222
			Real Alignment 49: 98340 98561 | 1521240 1521461 | 222 222 | 98.08 | sa_ill_sa_contig11 contig_103
			  Indel (> 5bp) between these two alignments: deletion of length 39; 0 mismatches (number of Ns: 0) [fragmentation of reference genome]
			Excluding internal overlap of size 510 between Alignment 50 and 51: 43249 70357 | 1548580 1521462 | 27109 27119 --> 43758 70357 | 1548070 1521462 | 26600 26609
			Real Alignment 50: 43758 70357 | 1548070 1521462 | 26600 26609 | 99.29 | sa_ill_sa_contig12 contig_103
			  Overlap between these two alignments (local misassembly). Inconsistency = -511
			Excluding internal overlap of size 45 between Alignment 51 and 52: 1 44268 | 1592357 1548071 | 44268 44287 --> 46 44268 | 1592312 1548071 | 44223 44242
			Real Alignment 51: 46 44268 | 1592312 1548071 | 44223 44242 | 99.69 | sa_ill_sa_contig12 contig_103
			  Indel (> 5bp) between these two alignments: deletion of length 45; 0 mismatches (number of Ns: 0) [fragmentation of reference genome]
			Excluding internal overlap of size 55 between Alignment 52 and 53: 1 5104 | 1642998 1648099 | 5104 5102 --> 56 5104 | 1643053 1648099 | 5049 5047
			Real Alignment 52: 1 50706 | 1592313 1643052 | 50706 50740 | 99.88 | sa_ill_sa_contig17 contig_103
			  Indel (> 5bp) between these two alignments: deletion of length 55; 0 mismatches (number of Ns: 0) [fragmentation of reference genome]
			Excluding internal overlap of size 55 between Alignment 53 and 54: 56 5104 | 1643053 1648099 | 5049 5047 --> 56 5049 | 1643053 1648044 | 4994 4992
			Real Alignment 53: 56 5049 | 1643053 1648044 | 4994 4992 | 99.92 | sa_ill_sa_contig39 contig_103
			  Indel (> 5bp) between these two alignments: deletion of length 55; 0 mismatches (number of Ns: 0) [fragmentation of reference genome]
			Excluding internal overlap of size 55 between Alignment 54 and 55: 1 821 | 1663182 1662362 | 821 821 --> 1 766 | 1663182 1662417 | 766 766
			Real Alignment 54: 1 14362 | 1648045 1662416 | 14362 14372 | 99.86 | sa_ill_sa_contig33 contig_103
			  Indel (> 5bp) between these two alignments: deletion of length 55; 0 mismatches (number of Ns: 0) [fragmentation of reference genome]
			Excluding internal overlap of size 55 between Alignment 55 and 56: 1 766 | 1663182 1662417 | 766 766 --> 56 766 | 1663127 1662417 | 711 711
			Real Alignment 55: 56 766 | 1663127 1662417 | 711 711 | 100.0 | sa_ill_sa_contig55 contig_103
			  Indel (> 5bp) between these two alignments: deletion of length 55; 0 mismatches (number of Ns: 0) [fragmentation of reference genome]
			Real Alignment 56: 1 6686 | 1669820 1663128 | 6686 6693 | 99.76 | sa_ill_sa_contig37 contig_103
			  Not a misassembly [fragmentation of reference genome] between these two alignments
			Excluding internal overlap of size 55 between Alignment 57 and 58: 1 1631 | 1674262 1672632 | 1631 1631 --> 1 1576 | 1674262 1672687 | 1576 1576
			Real Alignment 57: 1 2840 | 1669847 1672686 | 2840 2840 | 99.61 | sa_ill_sa_contig44 contig_103
			  Indel (> 5bp) between these two alignments: deletion of length 55; 0 mismatches (number of Ns: 0) [fragmentation of reference genome]
			Real Alignment 58: 1 1576 | 1674262 1672687 | 1576 1576 | 99.88 | sa_ill_sa_contig47 contig_103
			  Not a misassembly [fragmentation of reference genome] between these two alignments
			Excluding internal overlap of size 55 between Alignment 59 and 60: 6 1704 | 1717033 1715333 | 1699 1701 --> 6 1649 | 1717033 1715388 | 1644 1646
			Real Alignment 59: 1 41074 | 1715387 1674289 | 41074 41099 | 99.84 | sa_ill_sa_contig20 contig_103
			  Extensive misassembly (translocation) between these two alignments
			Real Alignment 60: 6 1649 | 1717033 1715388 | 1644 1646 | 99.59 | sa_ill_sa_contig8 contig_103
			  Gap between these two alignments (local misassembly). Inconsistency = 5 [fragmentation of reference genome]
			Real Alignment 61: 203 3323 | 1720547 1717424 | 3121 3124 | 99.81 | sa_ill_sa_contig41 contig_103
			  Extensive misassembly (translocation) between these two alignments
			Real Alignment 62: 38161 38352 | 1720830 1720640 | 192 191 | 95.31 | sa_ill_sa_contig23 contig_103
			  Gap between these two alignments (local misassembly). Inconsistency = -279
			Real Alignment 63: 38187 38352 | 1721083 1720918 | 166 166 | 98.8 | sa_ill_sa_contig23 contig_103
			  Gap between these two alignments (local misassembly). Inconsistency = -257
			Real Alignment 64: 1 38352 | 1759558 1721175 | 38352 38384 | 99.83 | sa_ill_sa_contig23 contig_103
			  Not a misassembly [fragmentation of reference genome] between these two alignments
			Real Alignment 65: 688 925 | 1759955 1759702 | 238 254 | 93.7 | sa_ill_sa_contig51 contig_103
			  Extensive misassembly (translocation) between these two alignments
			Real Alignment 66: 1 1703 | 1761676 1759969 | 1703 1708 | 99.47 | sa_ill_sa_contig8 contig_103
			  Not a misassembly [fragmentation of reference genome] between these two alignments
			Excluding internal overlap of size 99 between Alignment 67 and 68: 1 1704 | 1766930 1765228 | 1704 1703 --> 1 1604 | 1766930 1765327 | 1604 1604
			Real Alignment 67: 1 3323 | 1765326 1762006 | 3323 3321 | 99.79 | sa_ill_sa_contig41 contig_103
			  Extensive misassembly (translocation) between these two alignments
			Real Alignment 68: 1 1604 | 1766930 1765327 | 1604 1604 | 99.88 | sa_ill_sa_contig8 contig_103
			  Not a misassembly [fragmentation of reference genome] between these two alignments
			Real Alignment 69: 203 3323 | 1770348 1767227 | 3121 3122 | 99.71 | sa_ill_sa_contig41 contig_103
			  Extensive misassembly (translocation) between these two alignments
			Real Alignment 70: 55995 56123 | 1770652 1770525 | 129 128 | 98.45 | sa_ill_sa_contig15 contig_103
			  Gap between these two alignments (local misassembly). Inconsistency = -276
			Excluding internal overlap of size 3 between Alignment 71 and 72: 1 765 | 1826849 1827614 | 765 766 --> 4 765 | 1826852 1827614 | 762 763
			Real Alignment 71: 1 56123 | 1826851 1770800 | 56123 56052 | 99.58 | sa_ill_sa_contig15 contig_103
			  Indel (<= 5bp) between these two alignments: deletion of length 3; 0 mismatches (number of Ns: 0) [fragmentation of reference genome]
			Excluding internal overlap of size 47 between Alignment 72 and 73: 4 765 | 1826852 1827614 | 762 763 --> 4 718 | 1826852 1827567 | 715 716
			Real Alignment 72: 4 718 | 1826852 1827567 | 715 716 | 99.87 | sa_ill_sa_contig58 contig_103
			  Indel (> 5bp) between these two alignments: deletion of length 47; 0 mismatches (number of Ns: 0) [fragmentation of reference genome]
			Real Alignment 73: 1 3261 | 1830832 1827568 | 3261 3265 | 99.79 | sa_ill_sa_contig42 contig_103
			  Not a misassembly [fragmentation of reference genome] between these two alignments
			Excluding internal overlap of size 54 between Alignment 74 and 75: 1 207093 | 2043055 2250191 | 207093 207137 --> 55 207093 | 2043109 2250191 | 207039 207083
			Real Alignment 74: 1 211909 | 1831033 2043108 | 211909 212076 | 99.82 | sa_ill_sa_contig2 contig_103
			  Indel (> 5bp) between these two alignments: deletion of length 54; 0 mismatches (number of Ns: 0) [fragmentation of reference genome]
			Real Alignment 75: 55 207093 | 2043109 2250191 | 207039 207083 | 99.76 | sa_ill_sa_contig3 contig_103
			  Not a misassembly [fragmentation of reference genome] between these two alignments
			Excluding internal overlap of size 321 between Alignment 76 and 77: 77953 134302 | 2327956 2384355 | 56350 56400 --> 78271 134302 | 2328277 2384355 | 56032 56079
			Real Alignment 76: 1 78138 | 2250204 2328276 | 78138 78073 | 99.66 | sa_ill_sa_contig7 contig_103
			  Gap between these two alignments (local misassembly). Inconsistency = 132
			Real Alignment 77: 78271 134302 | 2328277 2384355 | 56032 56079 | 99.79 | sa_ill_sa_contig7 contig_103
			  Not a misassembly [fragmentation of reference genome] between these two alignments
			Excluding internal overlap of size 20 between Alignment 78 and 79: 1 50729 | 2435184 2384418 | 50729 50767 --> 21 50729 | 2435164 2384418 | 50709 50747
			Real Alignment 78: 21 50729 | 2435164 2384418 | 50709 50747 | 99.81 | sa_ill_sa_contig16 contig_103
			  Indel (> 5bp) between these two alignments: deletion of length 20; 0 mismatches (number of Ns: 0) [fragmentation of reference genome]
			Real Alignment 79: 1 177172 | 2612452 2435165 | 177172 177288 | 99.82 | sa_ill_sa_contig4 contig_103
			  Not a misassembly [fragmentation of reference genome] between these two alignments
			Excluding internal overlap of size 11 between Alignment 80 and 81: 62883 66071 | 2657634 2654443 | 3189 3192 --> 62883 66060 | 2657634 2654454 | 3178 3181
			Real Alignment 80: 1 41771 | 2612639 2654453 | 41771 41815 | 99.83 | sa_ill_sa_contig19 contig_103
			  Indel (> 5bp) between these two alignments: deletion of length 11; 0 mismatches (number of Ns: 0) [fragmentation of reference genome]
			Excluding internal overlap of size 226 between Alignment 81 and 82: 62883 66060 | 2657634 2654454 | 3178 3181 --> 63108 66060 | 2657408 2654454 | 2953 2955
			Real Alignment 81: 63108 66060 | 2657408 2654454 | 2953 2955 | 99.25 | sa_ill_sa_contig13 contig_103
			  Overlap between these two alignments (local misassembly). Inconsistency = -231
			Real Alignment 82: 188 63338 | 2720624 2657409 | 63151 63216 | 99.75 | sa_ill_sa_contig13 contig_103
		Unaligned bases: 9130

CONTIG: contig_91 (4045325bp)
Best alignment score: 2526.3 (LEN: 2807, IDY: 90.00), Total number of alignments: 61
			Looking for the best set of alignments (out of 61 total alignments)
			Skipping redundant alignments after choosing the best set of alignments
		Skipping redundant alignment 169463 169621 | 1500604 1500762 | 159 159 | 93.12 | sa_ill_sa_contig3 contig_91
		Skipping redundant alignment 788 861 | 2736440 2736367 | 74 74 | 97.3 | sa_ill_sa_contig51 contig_91
		Skipping redundant alignment 689 766 | 2736526 2736449 | 78 78 | 96.15 | sa_ill_sa_contig51 contig_91
		Skipping redundant alignment 165 240 | 1502289 1502364 | 76 76 | 96.05 | sa_ill_sa_contig23 contig_91
		Skipping redundant alignment 254 327 | 1502394 1502467 | 74 74 | 95.95 | sa_ill_sa_contig23 contig_91
		Skipping redundant alignment 689 766 | 2581492 2581415 | 78 78 | 97.44 | sa_ill_sa_contig51 contig_91
		Skipping redundant alignment 32826 32901 | 3493700 3493625 | 76 76 | 94.74 | sa_ill_sa_contig26 contig_91
		Skipping redundant alignment 105 270 | 2764806 2764970 | 166 165 | 96.41 | sa_ill_sa_contig25 contig_91
		Skipping redundant alignment 169463 169621 | 3096138 3095979 | 159 160 | 93.79 | sa_ill_sa_contig3 contig_91
		Skipping redundant alignment 689 766 | 2602103 2602026 | 78 78 | 97.44 | sa_ill_sa_contig51 contig_91
		Skipping redundant alignment 34155 34242 | 3096612 3096700 | 88 89 | 96.63 | sa_ill_sa_contig24 contig_91
		Skipping redundant alignment 601 667 | 2640269 2640203 | 67 67 | 100.0 | sa_ill_sa_contig51 contig_91
		Skipping redundant alignment 254 327 | 2665538 2665465 | 74 74 | 97.3 | sa_ill_sa_contig23 contig_91
		Skipping redundant alignment 165 240 | 2665615 2665540 | 76 76 | 96.05 | sa_ill_sa_contig23 contig_91
		Skipping redundant alignment 788 861 | 2666218 2666145 | 74 74 | 97.3 | sa_ill_sa_contig51 contig_91
		Skipping redundant alignment 689 766 | 2666304 2666227 | 78 78 | 97.44 | sa_ill_sa_contig51 contig_91
		Skipping redundant alignment 105 190 | 3493536 3493622 | 86 87 | 97.7 | sa_ill_sa_contig25 contig_91
		Skipping redundant alignment 198 275 | 3096260 3096337 | 78 78 | 97.44 | sa_ill_sa_contig25 contig_91
		Skipping redundant alignment 32667 32748 | 3493882 3493801 | 82 82 | 95.12 | sa_ill_sa_contig26 contig_91
		Skipping redundant alignment 20693 20826 | 2703407 2703274 | 134 134 | 91.04 | sa_ill_sa_contig15 contig_91
		This contig has several significant sets of alignments. [An ambiguously mapped contig]
		Using only the very best set (option --ambiguity-usage is set to "one").
			The best set is below. Score: 29570.3, number of alignments: 41, unaligned bases: 4008533
		This contig is misassembled.
		This contig is partially unaligned. (Aligned 36792 out of 4045325 non-N bases (0.91%))
			Warning! This contig is more unaligned than misassembled. Contig length is 4045325 (number of Ns: 0) and total length of all aligns is 36792
		Alignment: 492 565 | 1501470 1501543 | 74 74 | 93.24 | sa_ill_sa_contig51 contig_91
		Alignment: 589 679 | 1501544 1501634 | 91 91 | 90.11 | sa_ill_sa_contig51 contig_91
		Alignment: 691 765 | 1501642 1501716 | 75 75 | 97.33 | sa_ill_sa_contig51 contig_91
		Alignment: 788 861 | 1501724 1501797 | 74 74 | 97.3 | sa_ill_sa_contig51 contig_91
		Alignment: 497 3301 | 1502855 1505661 | 2805 2807 | 90.0 | sa_ill_sa_contig41 contig_91
		Alignment: 35 1591 | 1505833 1507386 | 1557 1554 | 91.9 | sa_ill_sa_contig8 contig_91
		Alignment: 35 1591 | 2581237 2579683 | 1557 1555 | 92.03 | sa_ill_sa_contig8 contig_91
		Alignment: 2615 2916 | 2582273 2581972 | 302 302 | 93.38 | sa_ill_sa_contig41 contig_91
		Alignment: 1867 2316 | 2583022 2582573 | 450 450 | 90.89 | sa_ill_sa_contig41 contig_91
		Alignment: 497 1540 | 2584392 2583349 | 1044 1044 | 94.25 | sa_ill_sa_contig41 contig_91
		Alignment: 35 1591 | 2601848 2600294 | 1557 1555 | 91.96 | sa_ill_sa_contig8 contig_91
		Alignment: 497 3301 | 2605003 2602197 | 2805 2807 | 90.0 | sa_ill_sa_contig41 contig_91
		Alignment: 35 1591 | 2662179 2660625 | 1557 1555 | 92.03 | sa_ill_sa_contig8 contig_91
		Alignment: 497 3301 | 2665157 2662351 | 2805 2807 | 90.0 | sa_ill_sa_contig41 contig_91
		Alignment: 35 1591 | 2668102 2666548 | 1557 1555 | 92.03 | sa_ill_sa_contig8 contig_91
		Alignment: 2615 2916 | 2668961 2668660 | 302 302 | 93.38 | sa_ill_sa_contig41 contig_91
		Alignment: 1867 2316 | 2669710 2669261 | 450 450 | 90.89 | sa_ill_sa_contig41 contig_91
		Alignment: 1035 1540 | 2670542 2670037 | 506 506 | 91.7 | sa_ill_sa_contig41 contig_91
		Alignment: 497 1033 | 2671079 2670543 | 537 537 | 96.65 | sa_ill_sa_contig41 contig_91
		Alignment: 35 1591 | 2732643 2731089 | 1557 1555 | 91.9 | sa_ill_sa_contig8 contig_91
		Alignment: 2615 2916 | 2733503 2733202 | 302 302 | 93.38 | sa_ill_sa_contig41 contig_91
		Alignment: 1867 2316 | 2734252 2733803 | 450 450 | 90.89 | sa_ill_sa_contig41 contig_91
		Alignment: 497 1540 | 2735622 2734579 | 1044 1044 | 94.25 | sa_ill_sa_contig41 contig_91
		Alignment: 35 1591 | 2738257 2736703 | 1557 1555 | 91.9 | sa_ill_sa_contig8 contig_91
		Alignment: 2676 2916 | 2739055 2738815 | 241 241 | 95.44 | sa_ill_sa_contig41 contig_91
		Alignment: 1867 2316 | 2739865 2739416 | 450 450 | 90.89 | sa_ill_sa_contig41 contig_91
		Alignment: 689 1540 | 2741043 2740192 | 852 852 | 94.13 | sa_ill_sa_contig41 contig_91
		Alignment: 497 687 | 2741234 2741044 | 191 191 | 94.76 | sa_ill_sa_contig41 contig_91
		Alignment: 35 1591 | 2743257 2741703 | 1557 1555 | 91.9 | sa_ill_sa_contig8 contig_91
		Alignment: 2615 2916 | 2744116 2743815 | 302 302 | 93.38 | sa_ill_sa_contig41 contig_91
		Alignment: 1867 2316 | 2744865 2744416 | 450 450 | 90.67 | sa_ill_sa_contig41 contig_91
		Alignment: 497 1540 | 2746235 2745192 | 1044 1044 | 94.25 | sa_ill_sa_contig41 contig_91
		Alignment: 35 1591 | 3196692 3195138 | 1557 1555 | 92.03 | sa_ill_sa_contig8 contig_91
		Alignment: 2615 2916 | 3197551 3197250 | 302 302 | 93.38 | sa_ill_sa_contig41 contig_91
		Alignment: 1867 2316 | 3198300 3197851 | 450 450 | 90.89 | sa_ill_sa_contig41 contig_91
		Alignment: 497 1540 | 3199670 3198627 | 1044 1044 | 94.16 | sa_ill_sa_contig41 contig_91
		Alignment: 35 1591 | 3489437 3487883 | 1557 1555 | 92.03 | sa_ill_sa_contig8 contig_91
		Alignment: 2615 2916 | 3490296 3489995 | 302 302 | 93.38 | sa_ill_sa_contig41 contig_91
		Alignment: 1986 2316 | 3490926 3490596 | 331 331 | 90.63 | sa_ill_sa_contig41 contig_91
		Alignment: 1867 1984 | 3491044 3490927 | 118 118 | 92.37 | sa_ill_sa_contig41 contig_91
		Alignment: 497 1540 | 3492414 3491371 | 1044 1044 | 94.25 | sa_ill_sa_contig41 contig_91
		Unaligned bases: 4008533

CONTIG: contig_2 (2845313bp)
Best alignment score: 567.0 (LEN: 599, IDY: 94.66), Total number of alignments: 49
			Looking for the best set of alignments (out of 49 total alignments)
			Skipping redundant alignments after choosing the best set of alignments
		Skipping redundant alignment 786 861 | 2392963 2392888 | 76 76 | 100.0 | sa_ill_sa_contig51 contig_2
		This contig has several significant sets of alignments. [An ambiguously mapped contig]
		Using only the very best set (option --ambiguity-usage is set to "one").
			The best set is below. Score: 9498.1, number of alignments: 48, unaligned bases: 2833337
		This contig is misassembled.
		This contig is partially unaligned. (Aligned 11976 out of 2845313 non-N bases (0.42%))
			Warning! This contig is more unaligned than misassembled. Contig length is 2845313 (number of Ns: 0) and total length of all aligns is 11976
		Alignment: 1136 1374 | 604760 604522 | 239 239 | 92.47 | sa_ill_sa_contig8 contig_2
		Alignment: 561 1110 | 605335 604786 | 550 550 | 94.73 | sa_ill_sa_contig8 contig_2
		Alignment: 437 551 | 605457 605343 | 115 115 | 96.52 | sa_ill_sa_contig8 contig_2
		Alignment: 38 431 | 605856 605463 | 394 394 | 90.61 | sa_ill_sa_contig8 contig_2
		Alignment: 3006 3124 | 606484 606366 | 119 119 | 96.64 | sa_ill_sa_contig41 contig_2
		Alignment: 2346 2414 | 607140 607072 | 69 69 | 95.65 | sa_ill_sa_contig41 contig_2
		Alignment: 2102 2316 | 607384 607170 | 215 215 | 95.35 | sa_ill_sa_contig41 contig_2
		Alignment: 1191 1538 | 608286 607939 | 348 348 | 95.11 | sa_ill_sa_contig41 contig_2
		Alignment: 497 1095 | 608980 608382 | 599 599 | 94.66 | sa_ill_sa_contig41 contig_2
		Alignment: 110713 110836 | 861560 861683 | 124 124 | 91.94 | sa_ill_sa_contig1 contig_2
		Alignment: 497 1095 | 2112616 2113214 | 599 599 | 94.66 | sa_ill_sa_contig41 contig_2
		Alignment: 1191 1538 | 2113310 2113657 | 348 348 | 95.11 | sa_ill_sa_contig41 contig_2
		Alignment: 2102 2316 | 2114212 2114426 | 215 215 | 95.35 | sa_ill_sa_contig41 contig_2
		Alignment: 2346 2414 | 2114456 2114524 | 69 69 | 95.65 | sa_ill_sa_contig41 contig_2
		Alignment: 3006 3134 | 2115112 2115240 | 129 129 | 93.8 | sa_ill_sa_contig41 contig_2
		Alignment: 3184 3302 | 2115289 2115407 | 119 119 | 94.12 | sa_ill_sa_contig41 contig_2
		Alignment: 38 431 | 2115638 2116031 | 394 394 | 90.61 | sa_ill_sa_contig8 contig_2
		Alignment: 437 551 | 2116037 2116151 | 115 115 | 96.52 | sa_ill_sa_contig8 contig_2
		Alignment: 561 1110 | 2116159 2116708 | 550 550 | 94.73 | sa_ill_sa_contig8 contig_2
		Alignment: 1136 1374 | 2116734 2116972 | 239 239 | 92.47 | sa_ill_sa_contig8 contig_2
		Alignment: 19874 19965 | 2171468 2171559 | 92 92 | 91.3 | sa_ill_sa_contig15 contig_2
		Alignment: 20204 20310 | 2171798 2171904 | 107 107 | 94.39 | sa_ill_sa_contig15 contig_2
		Alignment: 20351 20466 | 2171948 2172063 | 116 116 | 93.1 | sa_ill_sa_contig15 contig_2
		Alignment: 1136 1374 | 2387748 2387510 | 239 239 | 92.47 | sa_ill_sa_contig8 contig_2
		Alignment: 561 1110 | 2388323 2387774 | 550 550 | 94.73 | sa_ill_sa_contig8 contig_2
		Alignment: 437 551 | 2388445 2388331 | 115 115 | 96.52 | sa_ill_sa_contig8 contig_2
		Alignment: 38 431 | 2388844 2388451 | 394 394 | 90.61 | sa_ill_sa_contig8 contig_2
		Alignment: 3184 3302 | 2389193 2389075 | 119 119 | 94.12 | sa_ill_sa_contig41 contig_2
		Alignment: 3006 3134 | 2389370 2389242 | 129 129 | 93.8 | sa_ill_sa_contig41 contig_2
		Alignment: 2615 2858 | 2389754 2389511 | 244 244 | 90.16 | sa_ill_sa_contig41 contig_2
		Alignment: 2346 2414 | 2390025 2389957 | 69 69 | 95.65 | sa_ill_sa_contig41 contig_2
		Alignment: 2102 2316 | 2390269 2390055 | 215 215 | 95.35 | sa_ill_sa_contig41 contig_2
		Alignment: 1191 1538 | 2391171 2390824 | 348 348 | 95.11 | sa_ill_sa_contig41 contig_2
		Alignment: 497 1095 | 2391865 2391267 | 599 599 | 94.66 | sa_ill_sa_contig41 contig_2
		Alignment: 1136 1374 | 2830853 2830615 | 239 239 | 92.47 | sa_ill_sa_contig8 contig_2
		Alignment: 561 1110 | 2831428 2830879 | 550 550 | 94.73 | sa_ill_sa_contig8 contig_2
		Alignment: 437 551 | 2831550 2831436 | 115 115 | 96.52 | sa_ill_sa_contig8 contig_2
		Alignment: 38 431 | 2831949 2831556 | 394 394 | 90.61 | sa_ill_sa_contig8 contig_2
		Alignment: 3184 3302 | 2832400 2832282 | 119 119 | 94.12 | sa_ill_sa_contig41 contig_2
		Alignment: 3006 3134 | 2832577 2832449 | 129 129 | 93.8 | sa_ill_sa_contig41 contig_2
		Alignment: 2346 2414 | 2833233 2833165 | 69 69 | 95.65 | sa_ill_sa_contig41 contig_2
		Alignment: 2102 2316 | 2833477 2833263 | 215 215 | 95.35 | sa_ill_sa_contig41 contig_2
		Alignment: 1191 1538 | 2834379 2834032 | 348 348 | 95.11 | sa_ill_sa_contig41 contig_2
		Alignment: 497 1095 | 2835073 2834475 | 599 599 | 94.66 | sa_ill_sa_contig41 contig_2
		Alignment: 785 865 | 2836094 2836014 | 81 81 | 98.77 | sa_ill_sa_contig51 contig_2
		Alignment: 691 766 | 2836178 2836103 | 76 76 | 96.05 | sa_ill_sa_contig51 contig_2
		Alignment: 585 666 | 2836282 2836201 | 82 82 | 91.46 | sa_ill_sa_contig51 contig_2
		Alignment: 491 565 | 2836368 2836294 | 75 75 | 93.33 | sa_ill_sa_contig51 contig_2
		Unaligned bases: 2833337

CONTIG: contig_86 (2991954bp)
Best alignment score: 1409.5 (LEN: 1551, IDY: 90.88), Total number of alignments: 65
			Looking for the best set of alignments (out of 65 total alignments)
			Skipping redundant alignments after choosing the best set of alignments
		Skipping redundant alignment 689 759 | 1079575 1079505 | 71 71 | 98.59 | sa_ill_sa_contig51 contig_86
		Skipping redundant alignment 106080 106188 | 2093328 2093220 | 109 109 | 91.74 | sa_ill_sa_contig6 contig_86
		Skipping redundant alignment 681 862 | 290946 291122 | 182 177 | 92.9 | sa_ill_sa_contig51 contig_86
		Skipping redundant alignment 106 324 | 1304131 1303908 | 219 224 | 91.56 | sa_ill_sa_contig25 contig_86
		Skipping redundant alignment 689 759 | 532625 532695 | 71 71 | 98.59 | sa_ill_sa_contig51 contig_86
		Skipping redundant alignment 787 862 | 1786491 1786416 | 76 76 | 100.0 | sa_ill_sa_contig51 contig_86
		Skipping redundant alignment 691 768 | 1786586 1786509 | 78 78 | 97.44 | sa_ill_sa_contig51 contig_86
		Skipping redundant alignment 492 565 | 1786786 1786713 | 74 74 | 95.95 | sa_ill_sa_contig51 contig_86
		Skipping redundant alignment 106204 106292 | 2093204 2093116 | 89 89 | 91.01 | sa_ill_sa_contig6 contig_86
		This contig has several significant sets of alignments. [An ambiguously mapped contig]
		Using only the very best set (option --ambiguity-usage is set to "one").
			The best set is below. Score: 16778.6, number of alignments: 56, unaligned bases: 2970466
		This contig is misassembled.
		This contig is partially unaligned. (Aligned 21488 out of 2991954 non-N bases (0.72%))
			Warning! This contig is more unaligned than misassembled. Contig length is 2991954 (number of Ns: 0) and total length of all aligns is 21488
		Alignment: 497 577 | 286060 286140 | 81 81 | 92.59 | sa_ill_sa_contig41 contig_86
		Alignment: 589 1151 | 286152 286714 | 563 563 | 93.25 | sa_ill_sa_contig41 contig_86
		Alignment: 1158 1540 | 286721 287103 | 383 383 | 94.78 | sa_ill_sa_contig41 contig_86
		Alignment: 1559 1639 | 287123 287203 | 81 81 | 97.53 | sa_ill_sa_contig41 contig_86
		Alignment: 1871 2057 | 287433 287619 | 187 187 | 90.37 | sa_ill_sa_contig41 contig_86
		Alignment: 2099 2316 | 287666 287883 | 218 218 | 91.74 | sa_ill_sa_contig41 contig_86
		Alignment: 2614 2917 | 288183 288486 | 304 304 | 93.09 | sa_ill_sa_contig41 contig_86
		Alignment: 2985 3136 | 288555 288706 | 152 152 | 92.11 | sa_ill_sa_contig41 contig_86
		Alignment: 38 1590 | 289122 290672 | 1553 1551 | 90.88 | sa_ill_sa_contig8 contig_86
		Alignment: 497 577 | 292079 292159 | 81 81 | 92.59 | sa_ill_sa_contig41 contig_86
		Alignment: 589 1151 | 292171 292733 | 563 563 | 93.25 | sa_ill_sa_contig41 contig_86
		Alignment: 1158 1540 | 292740 293122 | 383 383 | 94.78 | sa_ill_sa_contig41 contig_86
		Alignment: 1559 1639 | 293142 293222 | 81 81 | 97.53 | sa_ill_sa_contig41 contig_86
		Alignment: 1871 2057 | 293452 293638 | 187 187 | 90.37 | sa_ill_sa_contig41 contig_86
		Alignment: 2099 2316 | 293685 293902 | 218 218 | 91.74 | sa_ill_sa_contig41 contig_86
		Alignment: 2614 2917 | 294202 294505 | 304 304 | 93.09 | sa_ill_sa_contig41 contig_86
		Alignment: 2985 3136 | 294574 294725 | 152 152 | 92.11 | sa_ill_sa_contig41 contig_86
		Alignment: 38 1590 | 295141 296691 | 1553 1551 | 90.82 | sa_ill_sa_contig8 contig_86
		Alignment: 497 577 | 529630 529710 | 81 81 | 92.59 | sa_ill_sa_contig41 contig_86
		Alignment: 589 1151 | 529722 530284 | 563 563 | 93.25 | sa_ill_sa_contig41 contig_86
		Alignment: 1158 1540 | 530291 530673 | 383 383 | 94.78 | sa_ill_sa_contig41 contig_86
		Alignment: 1559 1639 | 530693 530773 | 81 81 | 97.53 | sa_ill_sa_contig41 contig_86
		Alignment: 1871 2057 | 531003 531189 | 187 187 | 90.37 | sa_ill_sa_contig41 contig_86
		Alignment: 2099 2316 | 531236 531453 | 218 218 | 91.74 | sa_ill_sa_contig41 contig_86
		Alignment: 2614 2917 | 531753 532056 | 304 304 | 93.09 | sa_ill_sa_contig41 contig_86
		Alignment: 2985 3136 | 532125 532276 | 152 152 | 92.11 | sa_ill_sa_contig41 contig_86
		Alignment: 38 1590 | 532943 534493 | 1553 1551 | 90.82 | sa_ill_sa_contig8 contig_86
		Alignment: 20320 20490 | 581921 582091 | 171 171 | 90.64 | sa_ill_sa_contig15 contig_86
		Alignment: 20702 20898 | 582303 582499 | 197 197 | 90.86 | sa_ill_sa_contig15 contig_86
		Alignment: 38 1590 | 1079257 1077707 | 1553 1551 | 90.82 | sa_ill_sa_contig8 contig_86
		Alignment: 2985 3136 | 1080075 1079924 | 152 152 | 92.11 | sa_ill_sa_contig41 contig_86
		Alignment: 2614 2917 | 1080447 1080144 | 304 304 | 93.09 | sa_ill_sa_contig41 contig_86
		Alignment: 2099 2316 | 1080964 1080747 | 218 218 | 91.74 | sa_ill_sa_contig41 contig_86
		Alignment: 1871 2057 | 1081197 1081011 | 187 187 | 90.37 | sa_ill_sa_contig41 contig_86
		Alignment: 1559 1639 | 1081507 1081427 | 81 81 | 97.53 | sa_ill_sa_contig41 contig_86
		Alignment: 1158 1540 | 1081909 1081527 | 383 383 | 94.78 | sa_ill_sa_contig41 contig_86
		Alignment: 589 1151 | 1082478 1081916 | 563 563 | 93.25 | sa_ill_sa_contig41 contig_86
		Alignment: 497 577 | 1082570 1082490 | 81 81 | 92.59 | sa_ill_sa_contig41 contig_86
		Alignment: 38 1590 | 1677731 1676181 | 1553 1551 | 90.82 | sa_ill_sa_contig8 contig_86
		Alignment: 2985 3136 | 1678298 1678147 | 152 152 | 92.11 | sa_ill_sa_contig41 contig_86
		Alignment: 2614 2917 | 1678670 1678367 | 304 304 | 93.09 | sa_ill_sa_contig41 contig_86
		Alignment: 2099 2316 | 1679187 1678970 | 218 218 | 91.74 | sa_ill_sa_contig41 contig_86
		Alignment: 1871 2057 | 1679420 1679234 | 187 187 | 90.37 | sa_ill_sa_contig41 contig_86
		Alignment: 1559 1639 | 1679730 1679650 | 81 81 | 97.53 | sa_ill_sa_contig41 contig_86
		Alignment: 1158 1540 | 1680132 1679750 | 383 383 | 94.78 | sa_ill_sa_contig41 contig_86
		Alignment: 589 1151 | 1680701 1680139 | 563 563 | 93.25 | sa_ill_sa_contig41 contig_86
		Alignment: 497 577 | 1680793 1680713 | 81 81 | 92.59 | sa_ill_sa_contig41 contig_86
		Alignment: 38 1590 | 1782403 1780853 | 1553 1551 | 90.82 | sa_ill_sa_contig8 contig_86
		Alignment: 2985 3136 | 1782970 1782819 | 152 152 | 92.11 | sa_ill_sa_contig41 contig_86
		Alignment: 2614 2917 | 1783342 1783039 | 304 304 | 93.09 | sa_ill_sa_contig41 contig_86
		Alignment: 2099 2316 | 1783859 1783642 | 218 218 | 91.74 | sa_ill_sa_contig41 contig_86
		Alignment: 1871 2057 | 1784092 1783906 | 187 187 | 90.37 | sa_ill_sa_contig41 contig_86
		Alignment: 1559 1639 | 1784402 1784322 | 81 81 | 97.53 | sa_ill_sa_contig41 contig_86
		Alignment: 1158 1540 | 1784804 1784422 | 383 383 | 94.78 | sa_ill_sa_contig41 contig_86
		Alignment: 589 1151 | 1785373 1784811 | 563 563 | 93.25 | sa_ill_sa_contig41 contig_86
		Alignment: 497 577 | 1785465 1785385 | 81 81 | 92.59 | sa_ill_sa_contig41 contig_86
		Unaligned bases: 2970466

CONTIG: contig_87 (4757863bp)
Best alignment score: 209.0 (LEN: 230, IDY: 90.87), Total number of alignments: 35
			Looking for the best set of alignments (out of 35 total alignments)
			The best set is below. Score: 773.1, number of alignments: 35, unaligned bases: 4753495
		This contig is misassembled.
		This contig is partially unaligned. (Aligned 4368 out of 4757863 non-N bases (0.09%))
			Warning! This contig is more unaligned than misassembled. Contig length is 4757863 (number of Ns: 0) and total length of all aligns is 4368
		Alignment: 671 900 | 806491 806720 | 230 230 | 90.87 | sa_ill_sa_contig41 contig_87
		Alignment: 1309 1402 | 807129 807222 | 94 94 | 96.81 | sa_ill_sa_contig41 contig_87
		Alignment: 455 542 | 809873 809960 | 88 88 | 90.91 | sa_ill_sa_contig8 contig_87
		Alignment: 590 729 | 810006 810145 | 140 140 | 91.43 | sa_ill_sa_contig8 contig_87
		Alignment: 769 840 | 810184 810255 | 72 72 | 95.83 | sa_ill_sa_contig8 contig_87
		Alignment: 671 900 | 1472669 1472898 | 230 230 | 90.87 | sa_ill_sa_contig41 contig_87
		Alignment: 1309 1402 | 1473307 1473400 | 94 94 | 96.81 | sa_ill_sa_contig41 contig_87
		Alignment: 455 542 | 1476050 1476137 | 88 88 | 90.91 | sa_ill_sa_contig8 contig_87
		Alignment: 590 729 | 1476183 1476322 | 140 140 | 91.43 | sa_ill_sa_contig8 contig_87
		Alignment: 769 840 | 1476361 1476432 | 72 72 | 95.83 | sa_ill_sa_contig8 contig_87
		Alignment: 769 840 | 1992888 1992817 | 72 72 | 95.83 | sa_ill_sa_contig8 contig_87
		Alignment: 590 729 | 1993066 1992927 | 140 140 | 91.43 | sa_ill_sa_contig8 contig_87
		Alignment: 455 542 | 1993199 1993112 | 88 88 | 90.91 | sa_ill_sa_contig8 contig_87
		Alignment: 1309 1402 | 1996101 1996008 | 94 94 | 96.81 | sa_ill_sa_contig41 contig_87
		Alignment: 671 900 | 1996739 1996510 | 230 230 | 90.87 | sa_ill_sa_contig41 contig_87
		Alignment: 769 840 | 2087967 2087896 | 72 72 | 95.83 | sa_ill_sa_contig8 contig_87
		Alignment: 590 729 | 2088145 2088006 | 140 140 | 91.43 | sa_ill_sa_contig8 contig_87
		Alignment: 455 542 | 2088278 2088191 | 88 88 | 90.91 | sa_ill_sa_contig8 contig_87
		Alignment: 1309 1402 | 2091022 2090929 | 94 94 | 96.81 | sa_ill_sa_contig41 contig_87
		Alignment: 671 900 | 2091660 2091431 | 230 230 | 90.87 | sa_ill_sa_contig41 contig_87
		Alignment: 769 840 | 2243193 2243122 | 72 72 | 95.83 | sa_ill_sa_contig8 contig_87
		Alignment: 590 729 | 2243371 2243232 | 140 140 | 91.43 | sa_ill_sa_contig8 contig_87
		Alignment: 455 542 | 2243504 2243417 | 88 88 | 90.91 | sa_ill_sa_contig8 contig_87
		Alignment: 1309 1402 | 2246409 2246316 | 94 94 | 96.81 | sa_ill_sa_contig41 contig_87
		Alignment: 671 900 | 2247047 2246818 | 230 230 | 90.87 | sa_ill_sa_contig41 contig_87
		Alignment: 769 840 | 2286105 2286034 | 72 72 | 95.83 | sa_ill_sa_contig8 contig_87
		Alignment: 590 729 | 2286283 2286144 | 140 140 | 91.43 | sa_ill_sa_contig8 contig_87
		Alignment: 455 542 | 2286416 2286329 | 88 88 | 90.91 | sa_ill_sa_contig8 contig_87
		Alignment: 1309 1402 | 2289160 2289067 | 94 94 | 96.81 | sa_ill_sa_contig41 contig_87
		Alignment: 671 900 | 2289798 2289569 | 230 230 | 90.87 | sa_ill_sa_contig41 contig_87
		Alignment: 769 840 | 3035554 3035483 | 72 72 | 95.83 | sa_ill_sa_contig8 contig_87
		Alignment: 590 729 | 3035732 3035593 | 140 140 | 91.43 | sa_ill_sa_contig8 contig_87
		Alignment: 455 542 | 3035865 3035778 | 88 88 | 90.91 | sa_ill_sa_contig8 contig_87
		Alignment: 1309 1402 | 3038866 3038773 | 94 94 | 96.81 | sa_ill_sa_contig41 contig_87
		Alignment: 671 900 | 3039504 3039275 | 230 230 | 90.87 | sa_ill_sa_contig41 contig_87
		Unaligned bases: 4753495

CONTIG: contig_88 (4764872bp)
Best alignment score: 209.0 (LEN: 230, IDY: 90.87), Total number of alignments: 34
			Looking for the best set of alignments (out of 34 total alignments)
			Skipping redundant alignments after choosing the best set of alignments
		Skipping redundant alignment 769 841 | 1822782 1822710 | 73 73 | 95.89 | sa_ill_sa_contig8 contig_88
		Skipping redundant alignment 590 709 | 1822959 1822840 | 120 120 | 93.33 | sa_ill_sa_contig8 contig_88
			The best set is below. Score: 634.4, number of alignments: 32, unaligned bases: 4760930
		This contig is misassembled.
		This contig is partially unaligned. (Aligned 3942 out of 4764872 non-N bases (0.08%))
			Warning! This contig is more unaligned than misassembled. Contig length is 4764872 (number of Ns: 0) and total length of all aligns is 3942
		Alignment: 671 900 | 304099 304328 | 230 230 | 90.87 | sa_ill_sa_contig41 contig_88
		Alignment: 1309 1402 | 304737 304830 | 94 94 | 96.81 | sa_ill_sa_contig41 contig_88
		Alignment: 455 542 | 307556 307643 | 88 88 | 90.91 | sa_ill_sa_contig8 contig_88
		Alignment: 590 709 | 307689 307808 | 120 120 | 93.33 | sa_ill_sa_contig8 contig_88
		Alignment: 769 841 | 307867 307939 | 73 73 | 95.89 | sa_ill_sa_contig8 contig_88
		Alignment: 671 900 | 1012347 1012576 | 230 230 | 90.87 | sa_ill_sa_contig41 contig_88
		Alignment: 1309 1402 | 1012985 1013078 | 94 94 | 96.81 | sa_ill_sa_contig41 contig_88
		Alignment: 455 542 | 1015810 1015897 | 88 88 | 90.91 | sa_ill_sa_contig8 contig_88
		Alignment: 590 709 | 1015943 1016062 | 120 120 | 93.33 | sa_ill_sa_contig8 contig_88
		Alignment: 769 841 | 1016121 1016193 | 73 73 | 95.89 | sa_ill_sa_contig8 contig_88
		Alignment: 769 841 | 1556682 1556610 | 73 73 | 95.89 | sa_ill_sa_contig8 contig_88
		Alignment: 590 709 | 1556860 1556741 | 120 120 | 93.33 | sa_ill_sa_contig8 contig_88
		Alignment: 455 542 | 1556993 1556906 | 88 88 | 90.91 | sa_ill_sa_contig8 contig_88
		Alignment: 1309 1402 | 1559735 1559642 | 94 94 | 96.81 | sa_ill_sa_contig41 contig_88
		Alignment: 671 900 | 1560373 1560144 | 230 230 | 90.87 | sa_ill_sa_contig41 contig_88
		Alignment: 769 841 | 1650282 1650210 | 73 73 | 95.89 | sa_ill_sa_contig8 contig_88
		Alignment: 590 709 | 1650460 1650341 | 120 120 | 93.33 | sa_ill_sa_contig8 contig_88
		Alignment: 455 542 | 1650593 1650506 | 88 88 | 90.91 | sa_ill_sa_contig8 contig_88
		Alignment: 1309 1402 | 1653428 1653335 | 94 94 | 96.81 | sa_ill_sa_contig41 contig_88
		Alignment: 671 900 | 1654066 1653837 | 230 230 | 90.87 | sa_ill_sa_contig41 contig_88
		Alignment: 769 841 | 1781391 1781319 | 73 73 | 95.89 | sa_ill_sa_contig8 contig_88
		Alignment: 602 709 | 1781557 1781450 | 108 108 | 93.52 | sa_ill_sa_contig8 contig_88
		Alignment: 455 542 | 1781701 1781614 | 88 88 | 90.91 | sa_ill_sa_contig8 contig_88
		Alignment: 1309 1402 | 1784443 1784350 | 94 94 | 96.81 | sa_ill_sa_contig41 contig_88
		Alignment: 671 900 | 1785081 1784852 | 230 230 | 90.87 | sa_ill_sa_contig41 contig_88
		Alignment: 1309 1402 | 1825836 1825743 | 94 94 | 96.81 | sa_ill_sa_contig41 contig_88
		Alignment: 671 900 | 1826474 1826245 | 230 230 | 90.87 | sa_ill_sa_contig41 contig_88
		Alignment: 769 841 | 2470481 2470409 | 73 73 | 95.89 | sa_ill_sa_contig8 contig_88
		Alignment: 590 709 | 2470657 2470538 | 120 120 | 93.33 | sa_ill_sa_contig8 contig_88
		Alignment: 455 542 | 2470790 2470703 | 88 88 | 90.91 | sa_ill_sa_contig8 contig_88
		Alignment: 1309 1402 | 2473625 2473532 | 94 94 | 96.81 | sa_ill_sa_contig41 contig_88
		Alignment: 671 900 | 2474263 2474034 | 230 230 | 90.87 | sa_ill_sa_contig41 contig_88
		Unaligned bases: 4760930

CONTIG: contig_95 (1927607bp)
Best alignment score: 560.0 (LEN: 600, IDY: 93.33), Total number of alignments: 40
			Looking for the best set of alignments (out of 40 total alignments)
			Skipping redundant alignments after choosing the best set of alignments
		Skipping redundant alignment 567 826 | 145053 145312 | 260 260 | 91.54 | sa_ill_sa_contig8 contig_95
		This contig has several significant sets of alignments. [An ambiguously mapped contig]
		Using only the very best set (option --ambiguity-usage is set to "one").
			The best set is below. Score: 5595.2, number of alignments: 39, unaligned bases: 1919081
		This contig is misassembled.
		This contig is partially unaligned. (Aligned 8526 out of 1927607 non-N bases (0.44%))
			Warning! This contig is more unaligned than misassembled. Contig length is 1927607 (number of Ns: 0) and total length of all aligns is 8526
		Alignment: 589 1095 | 65090 65596 | 507 507 | 95.66 | sa_ill_sa_contig41 contig_95
		Alignment: 1150 1505 | 65651 66006 | 356 356 | 90.73 | sa_ill_sa_contig41 contig_95
		Alignment: 2105 2299 | 66596 66790 | 195 195 | 93.33 | sa_ill_sa_contig41 contig_95
		Alignment: 2342 2421 | 66833 66912 | 80 80 | 90.0 | sa_ill_sa_contig41 contig_95
		Alignment: 3025 3122 | 67518 67615 | 98 98 | 92.86 | sa_ill_sa_contig41 contig_95
		Alignment: 471 545 | 68565 68639 | 75 75 | 98.67 | sa_ill_sa_contig8 contig_95
		Alignment: 567 794 | 68659 68886 | 228 228 | 92.11 | sa_ill_sa_contig8 contig_95
		Alignment: 978 1127 | 68941 69090 | 150 150 | 90.67 | sa_ill_sa_contig8 contig_95
		Alignment: 589 731 | 141762 141904 | 143 143 | 97.9 | sa_ill_sa_contig41 contig_95
		Alignment: 733 1095 | 141905 142267 | 363 363 | 94.77 | sa_ill_sa_contig41 contig_95
		Alignment: 1150 1543 | 142322 142715 | 394 394 | 90.61 | sa_ill_sa_contig41 contig_95
		Alignment: 2105 2299 | 143270 143464 | 195 195 | 93.33 | sa_ill_sa_contig41 contig_95
		Alignment: 2342 2421 | 143507 143586 | 80 80 | 91.25 | sa_ill_sa_contig41 contig_95
		Alignment: 2752 2904 | 143843 143995 | 153 153 | 91.5 | sa_ill_sa_contig41 contig_95
		Alignment: 3008 3122 | 144098 144212 | 115 115 | 90.43 | sa_ill_sa_contig41 contig_95
		Alignment: 496 1095 | 177024 177623 | 600 600 | 93.33 | sa_ill_sa_contig41 contig_95
		Alignment: 1150 1543 | 177678 178071 | 394 394 | 90.61 | sa_ill_sa_contig41 contig_95
		Alignment: 1561 1662 | 178079 178180 | 102 102 | 95.1 | sa_ill_sa_contig41 contig_95
		Alignment: 2105 2299 | 178623 178817 | 195 195 | 93.33 | sa_ill_sa_contig41 contig_95
		Alignment: 2342 2421 | 178860 178939 | 80 80 | 90.0 | sa_ill_sa_contig41 contig_95
		Alignment: 3008 3122 | 179529 179643 | 115 115 | 91.3 | sa_ill_sa_contig41 contig_95
		Alignment: 470 545 | 180420 180495 | 76 76 | 96.05 | sa_ill_sa_contig8 contig_95
		Alignment: 567 826 | 180515 180774 | 260 260 | 91.54 | sa_ill_sa_contig8 contig_95
		Alignment: 965 1100 | 841053 840918 | 136 136 | 91.91 | sa_ill_sa_contig8 contig_95
		Alignment: 567 826 | 841451 841192 | 260 260 | 91.54 | sa_ill_sa_contig8 contig_95
		Alignment: 471 545 | 841545 841471 | 75 75 | 98.67 | sa_ill_sa_contig8 contig_95
		Alignment: 3008 3122 | 842474 842360 | 115 115 | 91.3 | sa_ill_sa_contig41 contig_95
		Alignment: 2342 2421 | 843143 843064 | 80 80 | 90.0 | sa_ill_sa_contig41 contig_95
		Alignment: 2105 2299 | 843380 843186 | 195 195 | 93.33 | sa_ill_sa_contig41 contig_95
		Alignment: 1150 1543 | 844327 843934 | 394 394 | 90.61 | sa_ill_sa_contig41 contig_95
		Alignment: 589 1095 | 844888 844382 | 507 507 | 95.66 | sa_ill_sa_contig41 contig_95
		Alignment: 496 1095 | 1652277 1652876 | 600 600 | 93.33 | sa_ill_sa_contig41 contig_95
		Alignment: 1150 1543 | 1652931 1653324 | 394 394 | 90.61 | sa_ill_sa_contig41 contig_95
		Alignment: 1561 1674 | 1653332 1653445 | 114 114 | 95.61 | sa_ill_sa_contig41 contig_95
		Alignment: 2683 2904 | 1654148 1654369 | 222 222 | 90.54 | sa_ill_sa_contig41 contig_95
		Alignment: 102 253 | 1654674 1654825 | 152 152 | 90.79 | sa_ill_sa_contig8 contig_95
		Alignment: 471 545 | 1655052 1655126 | 75 75 | 98.67 | sa_ill_sa_contig8 contig_95
		Alignment: 567 737 | 1655146 1655316 | 171 171 | 92.98 | sa_ill_sa_contig8 contig_95
		Alignment: 745 826 | 1655323 1655404 | 82 82 | 90.24 | sa_ill_sa_contig8 contig_95
		Unaligned bases: 1919081

Analyzing coverage...
Writing SNPs into /media3/lucia/zymo_mock_community/asms_cuantizados/v8_3-3-21_1bin/metaquast-1bin-v4/runs_per_reference/sa_ill/contigs_reports/minimap_output/r10_1bin_v4_3_racon_r2.used_snps.gz

Analysis is finished!
Founded SNPs were written into /media3/lucia/zymo_mock_community/asms_cuantizados/v8_3-3-21_1bin/metaquast-1bin-v4/runs_per_reference/sa_ill/contigs_reports/minimap_output/r10_1bin_v4_3_racon_r2.used_snps.gz

Results:
	Local Misassemblies: 11
	Misassemblies: 13
		Relocations: 0
		Translocations: 13
		Inversions: 0
	Scaffold gap extensive misassemblies: 0
	Scaffold gap local misassemblies: 0
	Misassemblies caused by fragmented reference: 25
	Misassembled Contigs: 1
	Misassembled Contig Bases: 2720624
	Misassemblies Inter-Contig Overlap: 0
Unaligned Contigs: 0 + 7 part
Half Unaligned Contigs with Misassemblies: 6
Unaligned Contig Bases: 21254972

Ambiguously Mapped Contigs: 4
Total Bases in Ambiguously Mapped Contigs: 11810199
Extra Bases in Ambiguously Mapped Contigs: 0
Note that --allow-ambiguity option was set to "one" and only first alignment per each of these contigs was used.

	Covered Bases: 2676750

	SNPs: 7840
	Insertions: 3097
	Deletions: 3695

