/usr/local/lib/python2.7/dist-packages/quast-5.0.2-py2.7.egg/EGG-INFO/scripts/quast.py --no-icarus --fragmented --min-identity 90 --min-contig 5000 --threads 28 --colors #E31A1C,#1F78B4,#33A02C,#6A3D9A,#FF7F00,#800000,#A6CEE3,#B2DF8A,#333300,#CCCC00,#000080,#008080,#00FF00,#E31A1C,#1F78B4,#33A02C,#6A3D9A,#FF7F00,#800000,#A6CEE3,#B2DF8A --ls solid,solid,solid,solid,solid,solid,solid,solid,solid,solid,solid,solid,solid,solid,solid,solid,solid,solid,solid,solid,solid --no-check-meta --contig-thresholds 5000,10000,25000,50000 /media3/lucia/zymo_mock_community/asms_cuantizados/v1_19-1-21_4bins/metaquast-bins/quast_corrected_input/MP_helen_r10_bins_1_to_lm_ill.fasta /media3/lucia/zymo_mock_community/asms_cuantizados/v1_19-1-21_4bins/metaquast-bins/quast_corrected_input/MP_helen_r10_bins_2_to_lm_ill.fasta /media3/lucia/zymo_mock_community/asms_cuantizados/v1_19-1-21_4bins/metaquast-bins/quast_corrected_input/MP_helen_r10_bins_3_to_lm_ill.fasta /media3/lucia/zymo_mock_community/asms_cuantizados/v1_19-1-21_4bins/metaquast-bins/quast_corrected_input/MP_r10_bins_1_to_lm_ill.fasta /media3/lucia/zymo_mock_community/asms_cuantizados/v1_19-1-21_4bins/metaquast-bins/quast_corrected_input/MP_r10_bins_2_to_lm_ill.fasta /media3/lucia/zymo_mock_community/asms_cuantizados/v1_19-1-21_4bins/metaquast-bins/quast_corrected_input/MP_r10_bins_3_to_lm_ill.fasta /media3/lucia/zymo_mock_community/asms_cuantizados/v1_19-1-21_4bins/metaquast-bins/quast_corrected_input/r1_medaka_r10_bins_1_to_lm_ill.fasta /media3/lucia/zymo_mock_community/asms_cuantizados/v1_19-1-21_4bins/metaquast-bins/quast_corrected_input/r1_medaka_r10_bins_2_to_lm_ill.fasta /media3/lucia/zymo_mock_community/asms_cuantizados/v1_19-1-21_4bins/metaquast-bins/quast_corrected_input/r1_medaka_r10_bins_3_to_lm_ill.fasta /media3/lucia/zymo_mock_community/asms_cuantizados/v1_19-1-21_4bins/metaquast-bins/quast_corrected_input/r2_medaka_r10_bins_1_to_lm_ill.fasta /media3/lucia/zymo_mock_community/asms_cuantizados/v1_19-1-21_4bins/metaquast-bins/quast_corrected_input/r2_medaka_r10_bins_2_to_lm_ill.fasta /media3/lucia/zymo_mock_community/asms_cuantizados/v1_19-1-21_4bins/metaquast-bins/quast_corrected_input/r2_medaka_r10_bins_3_to_lm_ill.fasta /media3/lucia/zymo_mock_community/asms_cuantizados/v1_19-1-21_4bins/metaquast-bins/quast_corrected_input/racon_r1_r10_bins_1_to_lm_ill.fasta /media3/lucia/zymo_mock_community/asms_cuantizados/v1_19-1-21_4bins/metaquast-bins/quast_corrected_input/racon_r1_r10_bins_2_to_lm_ill.fasta /media3/lucia/zymo_mock_community/asms_cuantizados/v1_19-1-21_4bins/metaquast-bins/quast_corrected_input/racon_r1_r10_bins_3_to_lm_ill.fasta /media3/lucia/zymo_mock_community/asms_cuantizados/v1_19-1-21_4bins/metaquast-bins/quast_corrected_input/racon_r2_r10_bins_1_to_lm_ill.fasta /media3/lucia/zymo_mock_community/asms_cuantizados/v1_19-1-21_4bins/metaquast-bins/quast_corrected_input/racon_r2_r10_bins_2_to_lm_ill.fasta /media3/lucia/zymo_mock_community/asms_cuantizados/v1_19-1-21_4bins/metaquast-bins/quast_corrected_input/racon_r2_r10_bins_3_to_lm_ill.fasta /media3/lucia/zymo_mock_community/asms_cuantizados/v1_19-1-21_4bins/metaquast-bins/quast_corrected_input/raw_r10_bins_1_to_lm_ill.fasta /media3/lucia/zymo_mock_community/asms_cuantizados/v1_19-1-21_4bins/metaquast-bins/quast_corrected_input/raw_r10_bins_2_to_lm_ill.fasta /media3/lucia/zymo_mock_community/asms_cuantizados/v1_19-1-21_4bins/metaquast-bins/quast_corrected_input/raw_r10_bins_3_to_lm_ill.fasta -R /media3/lucia/zymo_mock_community/asms_cuantizados/v1_19-1-21_4bins/metaquast-bins/quast_corrected_input/lm_ill.fa -o /media3/lucia/zymo_mock_community/asms_cuantizados/v1_19-1-21_4bins/metaquast-bins/runs_per_reference/lm_ill --labels "MP_helen_r10_bins_1, MP_helen_r10_bins_2, MP_helen_r10_bins_3, MP_r10_bins_1, MP_r10_bins_2, MP_r10_bins_3, r1_medaka_r10_bins_1, r1_medaka_r10_bins_2, r1_medaka_r10_bins_3, r2_medaka_r10_bins_1, r2_medaka_r10_bins_2, r2_medaka_r10_bins_3, racon_r1_r10_bins_1, racon_r1_r10_bins_2, racon_r1_r10_bins_3, racon_r2_r10_bins_1, racon_r2_r10_bins_2, racon_r2_r10_bins_3, raw_r10_bins_1, raw_r10_bins_2, raw_r10_bins_3"

Started: 2021-01-21 20:29:08

Logging to /media3/lucia/zymo_mock_community/asms_cuantizados/v1_19-1-21_4bins/metaquast-bins/runs_per_reference/lm_ill/quast.log

CWD: /media3/lucia/zymo_mock_community/asms_cuantizados/v1_19-1-21_4bins
Main parameters: 
  MODE: meta, threads: 28, minimum contig length: 5000, minimum alignment length: 65, \
  ambiguity: one, threshold for extensive misassembly size: 1000

Reference:
  /media3/lucia/zymo_mock_community/asms_cuantizados/v1_19-1-21_4bins/metaquast-bins/quast_corrected_input/lm_ill.fa ==> lm_ill

Contigs:
  Pre-processing...
  1  /media3/lucia/zymo_mock_community/asms_cuantizados/v1_19-1-21_4bins/metaquast-bins/quast_corrected_input/MP_helen_r10_bins_1_to_lm_ill.fasta ==> MP_helen_r10_bins_1
  2  /media3/lucia/zymo_mock_community/asms_cuantizados/v1_19-1-21_4bins/metaquast-bins/quast_corrected_input/MP_helen_r10_bins_2_to_lm_ill.fasta ==> MP_helen_r10_bins_2
  3  /media3/lucia/zymo_mock_community/asms_cuantizados/v1_19-1-21_4bins/metaquast-bins/quast_corrected_input/MP_helen_r10_bins_3_to_lm_ill.fasta ==> MP_helen_r10_bins_3
  4  /media3/lucia/zymo_mock_community/asms_cuantizados/v1_19-1-21_4bins/metaquast-bins/quast_corrected_input/MP_r10_bins_1_to_lm_ill.fasta ==> MP_r10_bins_1
  5  /media3/lucia/zymo_mock_community/asms_cuantizados/v1_19-1-21_4bins/metaquast-bins/quast_corrected_input/MP_r10_bins_2_to_lm_ill.fasta ==> MP_r10_bins_2
  6  /media3/lucia/zymo_mock_community/asms_cuantizados/v1_19-1-21_4bins/metaquast-bins/quast_corrected_input/MP_r10_bins_3_to_lm_ill.fasta ==> MP_r10_bins_3
  7  /media3/lucia/zymo_mock_community/asms_cuantizados/v1_19-1-21_4bins/metaquast-bins/quast_corrected_input/r1_medaka_r10_bins_1_to_lm_ill.fasta ==> r1_medaka_r10_bins_1
  8  /media3/lucia/zymo_mock_community/asms_cuantizados/v1_19-1-21_4bins/metaquast-bins/quast_corrected_input/r1_medaka_r10_bins_2_to_lm_ill.fasta ==> r1_medaka_r10_bins_2
  9  /media3/lucia/zymo_mock_community/asms_cuantizados/v1_19-1-21_4bins/metaquast-bins/quast_corrected_input/r1_medaka_r10_bins_3_to_lm_ill.fasta ==> r1_medaka_r10_bins_3
  10 /media3/lucia/zymo_mock_community/asms_cuantizados/v1_19-1-21_4bins/metaquast-bins/quast_corrected_input/r2_medaka_r10_bins_1_to_lm_ill.fasta ==> r2_medaka_r10_bins_1
  11 /media3/lucia/zymo_mock_community/asms_cuantizados/v1_19-1-21_4bins/metaquast-bins/quast_corrected_input/r2_medaka_r10_bins_2_to_lm_ill.fasta ==> r2_medaka_r10_bins_2
  12 /media3/lucia/zymo_mock_community/asms_cuantizados/v1_19-1-21_4bins/metaquast-bins/quast_corrected_input/r2_medaka_r10_bins_3_to_lm_ill.fasta ==> r2_medaka_r10_bins_3
  13 /media3/lucia/zymo_mock_community/asms_cuantizados/v1_19-1-21_4bins/metaquast-bins/quast_corrected_input/racon_r1_r10_bins_1_to_lm_ill.fasta ==> racon_r1_r10_bins_1
  14 /media3/lucia/zymo_mock_community/asms_cuantizados/v1_19-1-21_4bins/metaquast-bins/quast_corrected_input/racon_r1_r10_bins_2_to_lm_ill.fasta ==> racon_r1_r10_bins_2
  15 /media3/lucia/zymo_mock_community/asms_cuantizados/v1_19-1-21_4bins/metaquast-bins/quast_corrected_input/racon_r1_r10_bins_3_to_lm_ill.fasta ==> racon_r1_r10_bins_3
  16 /media3/lucia/zymo_mock_community/asms_cuantizados/v1_19-1-21_4bins/metaquast-bins/quast_corrected_input/racon_r2_r10_bins_1_to_lm_ill.fasta ==> racon_r2_r10_bins_1
  17 /media3/lucia/zymo_mock_community/asms_cuantizados/v1_19-1-21_4bins/metaquast-bins/quast_corrected_input/racon_r2_r10_bins_2_to_lm_ill.fasta ==> racon_r2_r10_bins_2
  18 /media3/lucia/zymo_mock_community/asms_cuantizados/v1_19-1-21_4bins/metaquast-bins/quast_corrected_input/racon_r2_r10_bins_3_to_lm_ill.fasta ==> racon_r2_r10_bins_3
  19 /media3/lucia/zymo_mock_community/asms_cuantizados/v1_19-1-21_4bins/metaquast-bins/quast_corrected_input/raw_r10_bins_1_to_lm_ill.fasta ==> raw_r10_bins_1
  20 /media3/lucia/zymo_mock_community/asms_cuantizados/v1_19-1-21_4bins/metaquast-bins/quast_corrected_input/raw_r10_bins_2_to_lm_ill.fasta ==> raw_r10_bins_2
  21 /media3/lucia/zymo_mock_community/asms_cuantizados/v1_19-1-21_4bins/metaquast-bins/quast_corrected_input/raw_r10_bins_3_to_lm_ill.fasta ==> raw_r10_bins_3

2021-01-21 20:29:09
Running Basic statistics processor...
  Reference genome:
    lm_ill.fa, length = 2958570, num fragments = 16, GC % = 37.84
  Contig files: 
    1  MP_helen_r10_bins_1
    2  MP_helen_r10_bins_2
    3  MP_helen_r10_bins_3
    4  MP_r10_bins_1
    5  MP_r10_bins_2
    6  MP_r10_bins_3
    7  r1_medaka_r10_bins_1
    8  r1_medaka_r10_bins_2
    9  r1_medaka_r10_bins_3
    10 r2_medaka_r10_bins_1
    11 r2_medaka_r10_bins_2
    12 r2_medaka_r10_bins_3
    13 racon_r1_r10_bins_1
    14 racon_r1_r10_bins_2
    15 racon_r1_r10_bins_3
    16 racon_r2_r10_bins_1
    17 racon_r2_r10_bins_2
    18 racon_r2_r10_bins_3
    19 raw_r10_bins_1
    20 raw_r10_bins_2
    21 raw_r10_bins_3
  Calculating N50 and L50...
    1  MP_helen_r10_bins_1, N50 = 4045615, L50 = 3, Total length = 24069494, GC % = 44.80, # N's per 100 kbp =  0.00
    2  MP_helen_r10_bins_2, N50 = 4045634, L50 = 3, Total length = 24072731, GC % = 44.81, # N's per 100 kbp =  0.00
    3  MP_helen_r10_bins_3, N50 = 4045636, L50 = 3, Total length = 24070272, GC % = 44.80, # N's per 100 kbp =  0.00
    4  MP_r10_bins_1, N50 = 4045594, L50 = 3, Total length = 24075146, GC % = 44.80, # N's per 100 kbp =  0.00
    5  MP_r10_bins_2, N50 = 4045608, L50 = 3, Total length = 24075931, GC % = 44.80, # N's per 100 kbp =  0.00
    6  MP_r10_bins_3, N50 = 4045601, L50 = 3, Total length = 24075224, GC % = 44.80, # N's per 100 kbp =  0.00
    7  r1_medaka_r10_bins_1, N50 = 4045589, L50 = 3, Total length = 24072592, GC % = 44.80, # N's per 100 kbp =  0.00
    8  r1_medaka_r10_bins_2, N50 = 4045607, L50 = 3, Total length = 24074864, GC % = 44.80, # N's per 100 kbp =  0.00
    9  r1_medaka_r10_bins_3, N50 = 4045601, L50 = 3, Total length = 24072788, GC % = 44.80, # N's per 100 kbp =  0.00
    10 r2_medaka_r10_bins_1, N50 = 4045589, L50 = 3, Total length = 24064948, GC % = 44.80, # N's per 100 kbp =  0.00
    11 r2_medaka_r10_bins_2, N50 = 4045605, L50 = 3, Total length = 24068153, GC % = 44.80, # N's per 100 kbp =  0.00
    12 r2_medaka_r10_bins_3, N50 = 4045604, L50 = 3, Total length = 24065807, GC % = 44.80, # N's per 100 kbp =  0.00
    13 racon_r1_r10_bins_1, N50 = 4045233, L50 = 3, Total length = 24059729, GC % = 44.79, # N's per 100 kbp =  0.00
    14 racon_r1_r10_bins_2, N50 = 4045287, L50 = 3, Total length = 24064644, GC % = 44.79, # N's per 100 kbp =  0.00
    15 racon_r1_r10_bins_3, N50 = 4045256, L50 = 3, Total length = 24059333, GC % = 44.79, # N's per 100 kbp =  0.00
    16 racon_r2_r10_bins_1, N50 = 4045364, L50 = 3, Total length = 24055079, GC % = 44.79, # N's per 100 kbp =  0.00
    17 racon_r2_r10_bins_2, N50 = 4045333, L50 = 3, Total length = 24060632, GC % = 44.79, # N's per 100 kbp =  0.00
    18 racon_r2_r10_bins_3, N50 = 4045318, L50 = 3, Total length = 24052503, GC % = 44.79, # N's per 100 kbp =  0.00
    19 raw_r10_bins_1, N50 = 4755983, L50 = 3, Total length = 30847938, GC % = 49.48, # N's per 100 kbp =  0.00
    20 raw_r10_bins_2, N50 = 4756088, L50 = 3, Total length = 30850309, GC % = 49.48, # N's per 100 kbp =  0.00
    21 raw_r10_bins_3, N50 = 4755683, L50 = 3, Total length = 30849039, GC % = 49.48, # N's per 100 kbp =  0.00
  Drawing Nx plot...
    saved to /media3/lucia/zymo_mock_community/asms_cuantizados/v1_19-1-21_4bins/metaquast-bins/runs_per_reference/lm_ill/basic_stats/Nx_plot.pdf
  Drawing NGx plot...
    saved to /media3/lucia/zymo_mock_community/asms_cuantizados/v1_19-1-21_4bins/metaquast-bins/runs_per_reference/lm_ill/basic_stats/NGx_plot.pdf
  Drawing cumulative plot...
    saved to /media3/lucia/zymo_mock_community/asms_cuantizados/v1_19-1-21_4bins/metaquast-bins/runs_per_reference/lm_ill/basic_stats/cumulative_plot.pdf
  Drawing GC content plot...
    saved to /media3/lucia/zymo_mock_community/asms_cuantizados/v1_19-1-21_4bins/metaquast-bins/runs_per_reference/lm_ill/basic_stats/GC_content_plot.pdf
  Drawing MP_helen_r10_bins_1 GC content plot...
    saved to /media3/lucia/zymo_mock_community/asms_cuantizados/v1_19-1-21_4bins/metaquast-bins/runs_per_reference/lm_ill/basic_stats/MP_helen_r10_bins_1_GC_content_plot.pdf
  Drawing MP_helen_r10_bins_2 GC content plot...
    saved to /media3/lucia/zymo_mock_community/asms_cuantizados/v1_19-1-21_4bins/metaquast-bins/runs_per_reference/lm_ill/basic_stats/MP_helen_r10_bins_2_GC_content_plot.pdf
  Drawing MP_helen_r10_bins_3 GC content plot...
    saved to /media3/lucia/zymo_mock_community/asms_cuantizados/v1_19-1-21_4bins/metaquast-bins/runs_per_reference/lm_ill/basic_stats/MP_helen_r10_bins_3_GC_content_plot.pdf
  Drawing MP_r10_bins_1 GC content plot...
    saved to /media3/lucia/zymo_mock_community/asms_cuantizados/v1_19-1-21_4bins/metaquast-bins/runs_per_reference/lm_ill/basic_stats/MP_r10_bins_1_GC_content_plot.pdf
  Drawing MP_r10_bins_2 GC content plot...
    saved to /media3/lucia/zymo_mock_community/asms_cuantizados/v1_19-1-21_4bins/metaquast-bins/runs_per_reference/lm_ill/basic_stats/MP_r10_bins_2_GC_content_plot.pdf
  Drawing MP_r10_bins_3 GC content plot...
    saved to /media3/lucia/zymo_mock_community/asms_cuantizados/v1_19-1-21_4bins/metaquast-bins/runs_per_reference/lm_ill/basic_stats/MP_r10_bins_3_GC_content_plot.pdf
  Drawing r1_medaka_r10_bins_1 GC content plot...
    saved to /media3/lucia/zymo_mock_community/asms_cuantizados/v1_19-1-21_4bins/metaquast-bins/runs_per_reference/lm_ill/basic_stats/r1_medaka_r10_bins_1_GC_content_plot.pdf
  Drawing r1_medaka_r10_bins_2 GC content plot...
    saved to /media3/lucia/zymo_mock_community/asms_cuantizados/v1_19-1-21_4bins/metaquast-bins/runs_per_reference/lm_ill/basic_stats/r1_medaka_r10_bins_2_GC_content_plot.pdf
  Drawing r1_medaka_r10_bins_3 GC content plot...
    saved to /media3/lucia/zymo_mock_community/asms_cuantizados/v1_19-1-21_4bins/metaquast-bins/runs_per_reference/lm_ill/basic_stats/r1_medaka_r10_bins_3_GC_content_plot.pdf
  Drawing r2_medaka_r10_bins_1 GC content plot...
    saved to /media3/lucia/zymo_mock_community/asms_cuantizados/v1_19-1-21_4bins/metaquast-bins/runs_per_reference/lm_ill/basic_stats/r2_medaka_r10_bins_1_GC_content_plot.pdf
  Drawing r2_medaka_r10_bins_2 GC content plot...
    saved to /media3/lucia/zymo_mock_community/asms_cuantizados/v1_19-1-21_4bins/metaquast-bins/runs_per_reference/lm_ill/basic_stats/r2_medaka_r10_bins_2_GC_content_plot.pdf
  Drawing r2_medaka_r10_bins_3 GC content plot...
    saved to /media3/lucia/zymo_mock_community/asms_cuantizados/v1_19-1-21_4bins/metaquast-bins/runs_per_reference/lm_ill/basic_stats/r2_medaka_r10_bins_3_GC_content_plot.pdf
  Drawing racon_r1_r10_bins_1 GC content plot...
    saved to /media3/lucia/zymo_mock_community/asms_cuantizados/v1_19-1-21_4bins/metaquast-bins/runs_per_reference/lm_ill/basic_stats/racon_r1_r10_bins_1_GC_content_plot.pdf
  Drawing racon_r1_r10_bins_2 GC content plot...
    saved to /media3/lucia/zymo_mock_community/asms_cuantizados/v1_19-1-21_4bins/metaquast-bins/runs_per_reference/lm_ill/basic_stats/racon_r1_r10_bins_2_GC_content_plot.pdf
  Drawing racon_r1_r10_bins_3 GC content plot...
    saved to /media3/lucia/zymo_mock_community/asms_cuantizados/v1_19-1-21_4bins/metaquast-bins/runs_per_reference/lm_ill/basic_stats/racon_r1_r10_bins_3_GC_content_plot.pdf
  Drawing racon_r2_r10_bins_1 GC content plot...
    saved to /media3/lucia/zymo_mock_community/asms_cuantizados/v1_19-1-21_4bins/metaquast-bins/runs_per_reference/lm_ill/basic_stats/racon_r2_r10_bins_1_GC_content_plot.pdf
  Drawing racon_r2_r10_bins_2 GC content plot...
    saved to /media3/lucia/zymo_mock_community/asms_cuantizados/v1_19-1-21_4bins/metaquast-bins/runs_per_reference/lm_ill/basic_stats/racon_r2_r10_bins_2_GC_content_plot.pdf
  Drawing racon_r2_r10_bins_3 GC content plot...
    saved to /media3/lucia/zymo_mock_community/asms_cuantizados/v1_19-1-21_4bins/metaquast-bins/runs_per_reference/lm_ill/basic_stats/racon_r2_r10_bins_3_GC_content_plot.pdf
  Drawing raw_r10_bins_1 GC content plot...
    saved to /media3/lucia/zymo_mock_community/asms_cuantizados/v1_19-1-21_4bins/metaquast-bins/runs_per_reference/lm_ill/basic_stats/raw_r10_bins_1_GC_content_plot.pdf
  Drawing raw_r10_bins_2 GC content plot...
    saved to /media3/lucia/zymo_mock_community/asms_cuantizados/v1_19-1-21_4bins/metaquast-bins/runs_per_reference/lm_ill/basic_stats/raw_r10_bins_2_GC_content_plot.pdf
  Drawing raw_r10_bins_3 GC content plot...
    saved to /media3/lucia/zymo_mock_community/asms_cuantizados/v1_19-1-21_4bins/metaquast-bins/runs_per_reference/lm_ill/basic_stats/raw_r10_bins_3_GC_content_plot.pdf
Done.

2021-01-21 20:29:27
Running Contig analyzer...
  1  MP_helen_r10_bins_1
  1  Logging to files /media3/lucia/zymo_mock_community/asms_cuantizados/v1_19-1-21_4bins/metaquast-bins/runs_per_reference/lm_ill/contigs_reports/contigs_report_MP_helen_r10_bins_1.stdout and contigs_report_MP_helen_r10_bins_1.stderr...
  1  Aligning contigs to the reference
  2  MP_helen_r10_bins_2
  2  Logging to files /media3/lucia/zymo_mock_community/asms_cuantizados/v1_19-1-21_4bins/metaquast-bins/runs_per_reference/lm_ill/contigs_reports/contigs_report_MP_helen_r10_bins_2.stdout and contigs_report_MP_helen_r10_bins_2.stderr...
  2  Aligning contigs to the reference
  3  MP_helen_r10_bins_3
  3  Logging to files /media3/lucia/zymo_mock_community/asms_cuantizados/v1_19-1-21_4bins/metaquast-bins/runs_per_reference/lm_ill/contigs_reports/contigs_report_MP_helen_r10_bins_3.stdout and contigs_report_MP_helen_r10_bins_3.stderr...
  3  Aligning contigs to the reference
  4  MP_r10_bins_1
  4  Logging to files /media3/lucia/zymo_mock_community/asms_cuantizados/v1_19-1-21_4bins/metaquast-bins/runs_per_reference/lm_ill/contigs_reports/contigs_report_MP_r10_bins_1.stdout and contigs_report_MP_r10_bins_1.stderr...
  4  Aligning contigs to the reference
  5  MP_r10_bins_2
  5  Logging to files /media3/lucia/zymo_mock_community/asms_cuantizados/v1_19-1-21_4bins/metaquast-bins/runs_per_reference/lm_ill/contigs_reports/contigs_report_MP_r10_bins_2.stdout and contigs_report_MP_r10_bins_2.stderr...
  1  /usr/local/lib/python2.7/dist-packages/quast-5.0.2-py2.7.egg/quast_libs/minimap2/minimap2 \
     -c -x asm10 -B5 -O4,16 --no-long-join -r 85 -N 50 -s 65 -z 200 --mask-level 0.9 \
     --min-occ 200 -g 2500 --score-N 2 --cs -t 1 metaquast-bins/quast_corrected_input/lm_ill.fa \
     metaquast-bins/quast_corrected_input/MP_helen_r10_bins_1_to_lm_ill.fasta > metaquast-bins/runs_per_reference/lm_ill/contigs_reports/minimap_output/MP_helen_r10_bins_1.coords_tmp \
     2>> metaquast-bins/runs_per_reference/lm_ill/contigs_reports/contigs_report_MP_helen_r10_bins_1.stderr
  5  Aligning contigs to the reference
  6  MP_r10_bins_3
  6  Logging to files /media3/lucia/zymo_mock_community/asms_cuantizados/v1_19-1-21_4bins/metaquast-bins/runs_per_reference/lm_ill/contigs_reports/contigs_report_MP_r10_bins_3.stdout and contigs_report_MP_r10_bins_3.stderr...
  6  Aligning contigs to the reference
  7  r1_medaka_r10_bins_1
  7  Logging to files /media3/lucia/zymo_mock_community/asms_cuantizados/v1_19-1-21_4bins/metaquast-bins/runs_per_reference/lm_ill/contigs_reports/contigs_report_r1_medaka_r10_bins_1.stdout and contigs_report_r1_medaka_r10_bins_1.stderr...
  7  Aligning contigs to the reference
  8  r1_medaka_r10_bins_2
  8  Logging to files /media3/lucia/zymo_mock_community/asms_cuantizados/v1_19-1-21_4bins/metaquast-bins/runs_per_reference/lm_ill/contigs_reports/contigs_report_r1_medaka_r10_bins_2.stdout and contigs_report_r1_medaka_r10_bins_2.stderr...
  8  Aligning contigs to the reference
  9  r1_medaka_r10_bins_3
  9  Logging to files /media3/lucia/zymo_mock_community/asms_cuantizados/v1_19-1-21_4bins/metaquast-bins/runs_per_reference/lm_ill/contigs_reports/contigs_report_r1_medaka_r10_bins_3.stdout and contigs_report_r1_medaka_r10_bins_3.stderr...
  9  Aligning contigs to the reference
  10 r2_medaka_r10_bins_1
  10 Logging to files /media3/lucia/zymo_mock_community/asms_cuantizados/v1_19-1-21_4bins/metaquast-bins/runs_per_reference/lm_ill/contigs_reports/contigs_report_r2_medaka_r10_bins_1.stdout and contigs_report_r2_medaka_r10_bins_1.stderr...
  10 Aligning contigs to the reference
  2  /usr/local/lib/python2.7/dist-packages/quast-5.0.2-py2.7.egg/quast_libs/minimap2/minimap2 \
     -c -x asm10 -B5 -O4,16 --no-long-join -r 85 -N 50 -s 65 -z 200 --mask-level 0.9 \
     --min-occ 200 -g 2500 --score-N 2 --cs -t 1 metaquast-bins/quast_corrected_input/lm_ill.fa \
     metaquast-bins/quast_corrected_input/MP_helen_r10_bins_2_to_lm_ill.fasta > metaquast-bins/runs_per_reference/lm_ill/contigs_reports/minimap_output/MP_helen_r10_bins_2.coords_tmp \
     2>> metaquast-bins/runs_per_reference/lm_ill/contigs_reports/contigs_report_MP_helen_r10_bins_2.stderr
  11 r2_medaka_r10_bins_2
  11 Logging to files /media3/lucia/zymo_mock_community/asms_cuantizados/v1_19-1-21_4bins/metaquast-bins/runs_per_reference/lm_ill/contigs_reports/contigs_report_r2_medaka_r10_bins_2.stdout and contigs_report_r2_medaka_r10_bins_2.stderr...
  11 Aligning contigs to the reference
  12 r2_medaka_r10_bins_3
  12 Logging to files /media3/lucia/zymo_mock_community/asms_cuantizados/v1_19-1-21_4bins/metaquast-bins/runs_per_reference/lm_ill/contigs_reports/contigs_report_r2_medaka_r10_bins_3.stdout and contigs_report_r2_medaka_r10_bins_3.stderr...
  12 Aligning contigs to the reference
  3  /usr/local/lib/python2.7/dist-packages/quast-5.0.2-py2.7.egg/quast_libs/minimap2/minimap2 \
     -c -x asm10 -B5 -O4,16 --no-long-join -r 85 -N 50 -s 65 -z 200 --mask-level 0.9 \
     --min-occ 200 -g 2500 --score-N 2 --cs -t 1 metaquast-bins/quast_corrected_input/lm_ill.fa \
     metaquast-bins/quast_corrected_input/MP_helen_r10_bins_3_to_lm_ill.fasta > metaquast-bins/runs_per_reference/lm_ill/contigs_reports/minimap_output/MP_helen_r10_bins_3.coords_tmp \
     2>> metaquast-bins/runs_per_reference/lm_ill/contigs_reports/contigs_report_MP_helen_r10_bins_3.stderr
  13 racon_r1_r10_bins_1
  13 Logging to files /media3/lucia/zymo_mock_community/asms_cuantizados/v1_19-1-21_4bins/metaquast-bins/runs_per_reference/lm_ill/contigs_reports/contigs_report_racon_r1_r10_bins_1.stdout and contigs_report_racon_r1_r10_bins_1.stderr...
  13 Aligning contigs to the reference
  14 racon_r1_r10_bins_2
  14 Logging to files /media3/lucia/zymo_mock_community/asms_cuantizados/v1_19-1-21_4bins/metaquast-bins/runs_per_reference/lm_ill/contigs_reports/contigs_report_racon_r1_r10_bins_2.stdout and contigs_report_racon_r1_r10_bins_2.stderr...
  15 racon_r1_r10_bins_3
  4  /usr/local/lib/python2.7/dist-packages/quast-5.0.2-py2.7.egg/quast_libs/minimap2/minimap2 \
     -c -x asm10 -B5 -O4,16 --no-long-join -r 85 -N 50 -s 65 -z 200 --mask-level 0.9 \
     --min-occ 200 -g 2500 --score-N 2 --cs -t 1 metaquast-bins/quast_corrected_input/lm_ill.fa \
     metaquast-bins/quast_corrected_input/MP_r10_bins_1_to_lm_ill.fasta > metaquast-bins/runs_per_reference/lm_ill/contigs_reports/minimap_output/MP_r10_bins_1.coords_tmp \
     2>> metaquast-bins/runs_per_reference/lm_ill/contigs_reports/contigs_report_MP_r10_bins_1.stderr
  14 Aligning contigs to the reference
  15 Logging to files /media3/lucia/zymo_mock_community/asms_cuantizados/v1_19-1-21_4bins/metaquast-bins/runs_per_reference/lm_ill/contigs_reports/contigs_report_racon_r1_r10_bins_3.stdout and contigs_report_racon_r1_r10_bins_3.stderr...
  15 Aligning contigs to the reference
  16 racon_r2_r10_bins_1
  16 Logging to files /media3/lucia/zymo_mock_community/asms_cuantizados/v1_19-1-21_4bins/metaquast-bins/runs_per_reference/lm_ill/contigs_reports/contigs_report_racon_r2_r10_bins_1.stdout and contigs_report_racon_r2_r10_bins_1.stderr...
  16 Aligning contigs to the reference
  17 racon_r2_r10_bins_2
  17 Logging to files /media3/lucia/zymo_mock_community/asms_cuantizados/v1_19-1-21_4bins/metaquast-bins/runs_per_reference/lm_ill/contigs_reports/contigs_report_racon_r2_r10_bins_2.stdout and contigs_report_racon_r2_r10_bins_2.stderr...
  17 Aligning contigs to the reference
  18 racon_r2_r10_bins_3
  18 Logging to files /media3/lucia/zymo_mock_community/asms_cuantizados/v1_19-1-21_4bins/metaquast-bins/runs_per_reference/lm_ill/contigs_reports/contigs_report_racon_r2_r10_bins_3.stdout and contigs_report_racon_r2_r10_bins_3.stderr...
  18 Aligning contigs to the reference
  19 raw_r10_bins_1
  19 Logging to files /media3/lucia/zymo_mock_community/asms_cuantizados/v1_19-1-21_4bins/metaquast-bins/runs_per_reference/lm_ill/contigs_reports/contigs_report_raw_r10_bins_1.stdout and contigs_report_raw_r10_bins_1.stderr...
  19 Aligning contigs to the reference
  5  /usr/local/lib/python2.7/dist-packages/quast-5.0.2-py2.7.egg/quast_libs/minimap2/minimap2 \
     -c -x asm10 -B5 -O4,16 --no-long-join -r 85 -N 50 -s 65 -z 200 --mask-level 0.9 \
     --min-occ 200 -g 2500 --score-N 2 --cs -t 1 metaquast-bins/quast_corrected_input/lm_ill.fa \
     metaquast-bins/quast_corrected_input/MP_r10_bins_2_to_lm_ill.fasta > metaquast-bins/runs_per_reference/lm_ill/contigs_reports/minimap_output/MP_r10_bins_2.coords_tmp \
     2>> metaquast-bins/runs_per_reference/lm_ill/contigs_reports/contigs_report_MP_r10_bins_2.stderr
  20 raw_r10_bins_2
  20 Logging to files /media3/lucia/zymo_mock_community/asms_cuantizados/v1_19-1-21_4bins/metaquast-bins/runs_per_reference/lm_ill/contigs_reports/contigs_report_raw_r10_bins_2.stdout and contigs_report_raw_r10_bins_2.stderr...
  20 Aligning contigs to the reference
  21 raw_r10_bins_3
  7  /usr/local/lib/python2.7/dist-packages/quast-5.0.2-py2.7.egg/quast_libs/minimap2/minimap2 \
     -c -x asm10 -B5 -O4,16 --no-long-join -r 85 -N 50 -s 65 -z 200 --mask-level 0.9 \
     --min-occ 200 -g 2500 --score-N 2 --cs -t 1 metaquast-bins/quast_corrected_input/lm_ill.fa \
     metaquast-bins/quast_corrected_input/r1_medaka_r10_bins_1_to_lm_ill.fasta > metaquast-bins/runs_per_reference/lm_ill/contigs_reports/minimap_output/r1_medaka_r10_bins_1.coords_tmp \
     2>> metaquast-bins/runs_per_reference/lm_ill/contigs_reports/contigs_report_r1_medaka_r10_bins_1.stderr
  21 Logging to files /media3/lucia/zymo_mock_community/asms_cuantizados/v1_19-1-21_4bins/metaquast-bins/runs_per_reference/lm_ill/contigs_reports/contigs_report_raw_r10_bins_3.stdout and contigs_report_raw_r10_bins_3.stderr...
  21 Aligning contigs to the reference
  6  /usr/local/lib/python2.7/dist-packages/quast-5.0.2-py2.7.egg/quast_libs/minimap2/minimap2 \
     -c -x asm10 -B5 -O4,16 --no-long-join -r 85 -N 50 -s 65 -z 200 --mask-level 0.9 \
     --min-occ 200 -g 2500 --score-N 2 --cs -t 1 metaquast-bins/quast_corrected_input/lm_ill.fa \
     metaquast-bins/quast_corrected_input/MP_r10_bins_3_to_lm_ill.fasta > metaquast-bins/runs_per_reference/lm_ill/contigs_reports/minimap_output/MP_r10_bins_3.coords_tmp \
     2>> metaquast-bins/runs_per_reference/lm_ill/contigs_reports/contigs_report_MP_r10_bins_3.stderr
  9  /usr/local/lib/python2.7/dist-packages/quast-5.0.2-py2.7.egg/quast_libs/minimap2/minimap2 \
     -c -x asm10 -B5 -O4,16 --no-long-join -r 85 -N 50 -s 65 -z 200 --mask-level 0.9 \
     --min-occ 200 -g 2500 --score-N 2 --cs -t 1 metaquast-bins/quast_corrected_input/lm_ill.fa \
     metaquast-bins/quast_corrected_input/r1_medaka_r10_bins_3_to_lm_ill.fasta > metaquast-bins/runs_per_reference/lm_ill/contigs_reports/minimap_output/r1_medaka_r10_bins_3.coords_tmp \
     2>> metaquast-bins/runs_per_reference/lm_ill/contigs_reports/contigs_report_r1_medaka_r10_bins_3.stderr
  8  /usr/local/lib/python2.7/dist-packages/quast-5.0.2-py2.7.egg/quast_libs/minimap2/minimap2 \
     -c -x asm10 -B5 -O4,16 --no-long-join -r 85 -N 50 -s 65 -z 200 --mask-level 0.9 \
     --min-occ 200 -g 2500 --score-N 2 --cs -t 1 metaquast-bins/quast_corrected_input/lm_ill.fa \
     metaquast-bins/quast_corrected_input/r1_medaka_r10_bins_2_to_lm_ill.fasta > metaquast-bins/runs_per_reference/lm_ill/contigs_reports/minimap_output/r1_medaka_r10_bins_2.coords_tmp \
     2>> metaquast-bins/runs_per_reference/lm_ill/contigs_reports/contigs_report_r1_medaka_r10_bins_2.stderr
  10 /usr/local/lib/python2.7/dist-packages/quast-5.0.2-py2.7.egg/quast_libs/minimap2/minimap2 \
     -c -x asm10 -B5 -O4,16 --no-long-join -r 85 -N 50 -s 65 -z 200 --mask-level 0.9 \
     --min-occ 200 -g 2500 --score-N 2 --cs -t 1 metaquast-bins/quast_corrected_input/lm_ill.fa \
     metaquast-bins/quast_corrected_input/r2_medaka_r10_bins_1_to_lm_ill.fasta > metaquast-bins/runs_per_reference/lm_ill/contigs_reports/minimap_output/r2_medaka_r10_bins_1.coords_tmp \
     2>> metaquast-bins/runs_per_reference/lm_ill/contigs_reports/contigs_report_r2_medaka_r10_bins_1.stderr
  12 /usr/local/lib/python2.7/dist-packages/quast-5.0.2-py2.7.egg/quast_libs/minimap2/minimap2 \
     -c -x asm10 -B5 -O4,16 --no-long-join -r 85 -N 50 -s 65 -z 200 --mask-level 0.9 \
     --min-occ 200 -g 2500 --score-N 2 --cs -t 1 metaquast-bins/quast_corrected_input/lm_ill.fa \
     metaquast-bins/quast_corrected_input/r2_medaka_r10_bins_3_to_lm_ill.fasta > metaquast-bins/runs_per_reference/lm_ill/contigs_reports/minimap_output/r2_medaka_r10_bins_3.coords_tmp \
     2>> metaquast-bins/runs_per_reference/lm_ill/contigs_reports/contigs_report_r2_medaka_r10_bins_3.stderr
  11 /usr/local/lib/python2.7/dist-packages/quast-5.0.2-py2.7.egg/quast_libs/minimap2/minimap2 \
     -c -x asm10 -B5 -O4,16 --no-long-join -r 85 -N 50 -s 65 -z 200 --mask-level 0.9 \
     --min-occ 200 -g 2500 --score-N 2 --cs -t 1 metaquast-bins/quast_corrected_input/lm_ill.fa \
     metaquast-bins/quast_corrected_input/r2_medaka_r10_bins_2_to_lm_ill.fasta > metaquast-bins/runs_per_reference/lm_ill/contigs_reports/minimap_output/r2_medaka_r10_bins_2.coords_tmp \
     2>> metaquast-bins/runs_per_reference/lm_ill/contigs_reports/contigs_report_r2_medaka_r10_bins_2.stderr
  15 /usr/local/lib/python2.7/dist-packages/quast-5.0.2-py2.7.egg/quast_libs/minimap2/minimap2 \
     -c -x asm10 -B5 -O4,16 --no-long-join -r 85 -N 50 -s 65 -z 200 --mask-level 0.9 \
     --min-occ 200 -g 2500 --score-N 2 --cs -t 1 metaquast-bins/quast_corrected_input/lm_ill.fa \
     metaquast-bins/quast_corrected_input/racon_r1_r10_bins_3_to_lm_ill.fasta > metaquast-bins/runs_per_reference/lm_ill/contigs_reports/minimap_output/racon_r1_r10_bins_3.coords_tmp \
     2>> metaquast-bins/runs_per_reference/lm_ill/contigs_reports/contigs_report_racon_r1_r10_bins_3.stderr
  14 /usr/local/lib/python2.7/dist-packages/quast-5.0.2-py2.7.egg/quast_libs/minimap2/minimap2 \
     -c -x asm10 -B5 -O4,16 --no-long-join -r 85 -N 50 -s 65 -z 200 --mask-level 0.9 \
     --min-occ 200 -g 2500 --score-N 2 --cs -t 1 metaquast-bins/quast_corrected_input/lm_ill.fa \
     metaquast-bins/quast_corrected_input/racon_r1_r10_bins_2_to_lm_ill.fasta > metaquast-bins/runs_per_reference/lm_ill/contigs_reports/minimap_output/racon_r1_r10_bins_2.coords_tmp \
     2>> metaquast-bins/runs_per_reference/lm_ill/contigs_reports/contigs_report_racon_r1_r10_bins_2.stderr
  16 /usr/local/lib/python2.7/dist-packages/quast-5.0.2-py2.7.egg/quast_libs/minimap2/minimap2 \
     -c -x asm10 -B5 -O4,16 --no-long-join -r 85 -N 50 -s 65 -z 200 --mask-level 0.9 \
     --min-occ 200 -g 2500 --score-N 2 --cs -t 1 metaquast-bins/quast_corrected_input/lm_ill.fa \
     metaquast-bins/quast_corrected_input/racon_r2_r10_bins_1_to_lm_ill.fasta > metaquast-bins/runs_per_reference/lm_ill/contigs_reports/minimap_output/racon_r2_r10_bins_1.coords_tmp \
     2>> metaquast-bins/runs_per_reference/lm_ill/contigs_reports/contigs_report_racon_r2_r10_bins_1.stderr
  13 /usr/local/lib/python2.7/dist-packages/quast-5.0.2-py2.7.egg/quast_libs/minimap2/minimap2 \
     -c -x asm10 -B5 -O4,16 --no-long-join -r 85 -N 50 -s 65 -z 200 --mask-level 0.9 \
     --min-occ 200 -g 2500 --score-N 2 --cs -t 1 metaquast-bins/quast_corrected_input/lm_ill.fa \
     metaquast-bins/quast_corrected_input/racon_r1_r10_bins_1_to_lm_ill.fasta > metaquast-bins/runs_per_reference/lm_ill/contigs_reports/minimap_output/racon_r1_r10_bins_1.coords_tmp \
     2>> metaquast-bins/runs_per_reference/lm_ill/contigs_reports/contigs_report_racon_r1_r10_bins_1.stderr
  17 /usr/local/lib/python2.7/dist-packages/quast-5.0.2-py2.7.egg/quast_libs/minimap2/minimap2 \
     -c -x asm10 -B5 -O4,16 --no-long-join -r 85 -N 50 -s 65 -z 200 --mask-level 0.9 \
     --min-occ 200 -g 2500 --score-N 2 --cs -t 1 metaquast-bins/quast_corrected_input/lm_ill.fa \
     metaquast-bins/quast_corrected_input/racon_r2_r10_bins_2_to_lm_ill.fasta > metaquast-bins/runs_per_reference/lm_ill/contigs_reports/minimap_output/racon_r2_r10_bins_2.coords_tmp \
     2>> metaquast-bins/runs_per_reference/lm_ill/contigs_reports/contigs_report_racon_r2_r10_bins_2.stderr
  18 /usr/local/lib/python2.7/dist-packages/quast-5.0.2-py2.7.egg/quast_libs/minimap2/minimap2 \
     -c -x asm10 -B5 -O4,16 --no-long-join -r 85 -N 50 -s 65 -z 200 --mask-level 0.9 \
     --min-occ 200 -g 2500 --score-N 2 --cs -t 1 metaquast-bins/quast_corrected_input/lm_ill.fa \
     metaquast-bins/quast_corrected_input/racon_r2_r10_bins_3_to_lm_ill.fasta > metaquast-bins/runs_per_reference/lm_ill/contigs_reports/minimap_output/racon_r2_r10_bins_3.coords_tmp \
     2>> metaquast-bins/runs_per_reference/lm_ill/contigs_reports/contigs_report_racon_r2_r10_bins_3.stderr
  19 /usr/local/lib/python2.7/dist-packages/quast-5.0.2-py2.7.egg/quast_libs/minimap2/minimap2 \
     -c -x asm10 -B5 -O4,16 --no-long-join -r 85 -N 50 -s 65 -z 200 --mask-level 0.9 \
     --min-occ 200 -g 2500 --score-N 2 --cs -t 1 metaquast-bins/quast_corrected_input/lm_ill.fa \
     metaquast-bins/quast_corrected_input/raw_r10_bins_1_to_lm_ill.fasta > metaquast-bins/runs_per_reference/lm_ill/contigs_reports/minimap_output/raw_r10_bins_1.coords_tmp \
     2>> metaquast-bins/runs_per_reference/lm_ill/contigs_reports/contigs_report_raw_r10_bins_1.stderr
  20 /usr/local/lib/python2.7/dist-packages/quast-5.0.2-py2.7.egg/quast_libs/minimap2/minimap2 \
     -c -x asm10 -B5 -O4,16 --no-long-join -r 85 -N 50 -s 65 -z 200 --mask-level 0.9 \
     --min-occ 200 -g 2500 --score-N 2 --cs -t 1 metaquast-bins/quast_corrected_input/lm_ill.fa \
     metaquast-bins/quast_corrected_input/raw_r10_bins_2_to_lm_ill.fasta > metaquast-bins/runs_per_reference/lm_ill/contigs_reports/minimap_output/raw_r10_bins_2.coords_tmp \
     2>> metaquast-bins/runs_per_reference/lm_ill/contigs_reports/contigs_report_raw_r10_bins_2.stderr
  21 /usr/local/lib/python2.7/dist-packages/quast-5.0.2-py2.7.egg/quast_libs/minimap2/minimap2 \
     -c -x asm10 -B5 -O4,16 --no-long-join -r 85 -N 50 -s 65 -z 200 --mask-level 0.9 \
     --min-occ 200 -g 2500 --score-N 2 --cs -t 1 metaquast-bins/quast_corrected_input/lm_ill.fa \
     metaquast-bins/quast_corrected_input/raw_r10_bins_3_to_lm_ill.fasta > metaquast-bins/runs_per_reference/lm_ill/contigs_reports/minimap_output/raw_r10_bins_3.coords_tmp \
     2>> metaquast-bins/runs_per_reference/lm_ill/contigs_reports/contigs_report_raw_r10_bins_3.stderr
  4  Analysis is finished.

  7  Analysis is finished.

  6  Analysis is finished.

  12 Analysis is finished.

  1  Analysis is finished.

  8  Analysis is finished.

  17 Analysis is finished.

  18 Analysis is finished.

  14 Analysis is finished.

  5  Analysis is finished.

  13 Analysis is finished.

  15 Analysis is finished.

  10 Analysis is finished.

  11 Analysis is finished.

  9  Analysis is finished.

  2  Analysis is finished.

  16 Analysis is finished.

  3  Analysis is finished.

  19 Analysis is finished.

  20 Analysis is finished.

  21 Analysis is finished.

  Creating total report...
    saved to /media3/lucia/zymo_mock_community/asms_cuantizados/v1_19-1-21_4bins/metaquast-bins/runs_per_reference/lm_ill/contigs_reports/misassemblies_report.txt, misassemblies_report.tsv, and misassemblies_report.tex
  Transposed version of total report...
    saved to /media3/lucia/zymo_mock_community/asms_cuantizados/v1_19-1-21_4bins/metaquast-bins/runs_per_reference/lm_ill/contigs_reports/transposed_report_misassemblies.txt, transposed_report_misassemblies.tsv, and transposed_report_misassemblies.tex
  Creating total report...
    saved to /media3/lucia/zymo_mock_community/asms_cuantizados/v1_19-1-21_4bins/metaquast-bins/runs_per_reference/lm_ill/contigs_reports/unaligned_report.txt, unaligned_report.tsv, and unaligned_report.tex
  Drawing misassemblies by types plot...
    saved to /media3/lucia/zymo_mock_community/asms_cuantizados/v1_19-1-21_4bins/metaquast-bins/runs_per_reference/lm_ill/contigs_reports/misassemblies_plot.pdf
  Drawing misassemblies FRCurve plot...
    saved to /media3/lucia/zymo_mock_community/asms_cuantizados/v1_19-1-21_4bins/metaquast-bins/runs_per_reference/lm_ill/contigs_reports/misassemblies_frcurve_plot.pdf
Done.

2021-01-21 20:29:32
Running NA-NGA calculation...
  1  MP_helen_r10_bins_1, Largest alignment = 1569028, NA50 = None, NGA50 = 1569028, LA50 = None, LGA50 = 1
  2  MP_helen_r10_bins_2, Largest alignment = 2022617, NA50 = None, NGA50 = 2022617, LA50 = None, LGA50 = 1
  3  MP_helen_r10_bins_3, Largest alignment = 1569034, NA50 = None, NGA50 = 1569034, LA50 = None, LGA50 = 1
  4  MP_r10_bins_1, Largest alignment = 1569037, NA50 = None, NGA50 = 1569037, LA50 = None, LGA50 = 1
  5  MP_r10_bins_2, Largest alignment = 2022620, NA50 = None, NGA50 = 2022620, LA50 = None, LGA50 = 1
  6  MP_r10_bins_3, Largest alignment = 1569036, NA50 = None, NGA50 = 1569036, LA50 = None, LGA50 = 1
  7  r1_medaka_r10_bins_1, Largest alignment = 1569032, NA50 = None, NGA50 = 1569032, LA50 = None, LGA50 = 1
  8  r1_medaka_r10_bins_2, Largest alignment = 2022616, NA50 = None, NGA50 = 2022616, LA50 = None, LGA50 = 1
  9  r1_medaka_r10_bins_3, Largest alignment = 1569034, NA50 = None, NGA50 = 1569034, LA50 = None, LGA50 = 1
  10 r2_medaka_r10_bins_1, Largest alignment = 1569033, NA50 = None, NGA50 = 1569033, LA50 = None, LGA50 = 1
  11 r2_medaka_r10_bins_2, Largest alignment = 2022615, NA50 = None, NGA50 = 2022615, LA50 = None, LGA50 = 1
  12 r2_medaka_r10_bins_3, Largest alignment = 1569033, NA50 = None, NGA50 = 1569033, LA50 = None, LGA50 = 1
  13 racon_r1_r10_bins_1, Largest alignment = 1568975, NA50 = None, NGA50 = 1568975, LA50 = None, LGA50 = 1
  14 racon_r1_r10_bins_2, Largest alignment = 2022540, NA50 = None, NGA50 = 2022540, LA50 = None, LGA50 = 1
  15 racon_r1_r10_bins_3, Largest alignment = 1568946, NA50 = None, NGA50 = 1568946, LA50 = None, LGA50 = 1
  16 racon_r2_r10_bins_1, Largest alignment = 1568967, NA50 = None, NGA50 = 1568967, LA50 = None, LGA50 = 1
  17 racon_r2_r10_bins_2, Largest alignment = 2022543, NA50 = None, NGA50 = 2022543, LA50 = None, LGA50 = 1
  18 racon_r2_r10_bins_3, Largest alignment = 1568978, NA50 = None, NGA50 = 1568978, LA50 = None, LGA50 = 1
  19 raw_r10_bins_1, Largest alignment = 1568349, NA50 = None, NGA50 = 1568349, LA50 = None, LGA50 = 1
  20 raw_r10_bins_2, Largest alignment = 2021412, NA50 = None, NGA50 = 2021412, LA50 = None, LGA50 = 1
  21 raw_r10_bins_3, Largest alignment = 1568099, NA50 = None, NGA50 = 1568099, LA50 = None, LGA50 = 1
  Drawing cumulative plot...
    saved to /media3/lucia/zymo_mock_community/asms_cuantizados/v1_19-1-21_4bins/metaquast-bins/runs_per_reference/lm_ill/aligned_stats/cumulative_plot.pdf
  Drawing NAx plot...
    saved to /media3/lucia/zymo_mock_community/asms_cuantizados/v1_19-1-21_4bins/metaquast-bins/runs_per_reference/lm_ill/aligned_stats/NAx_plot.pdf
  Drawing NGAx plot...
    saved to /media3/lucia/zymo_mock_community/asms_cuantizados/v1_19-1-21_4bins/metaquast-bins/runs_per_reference/lm_ill/aligned_stats/NGAx_plot.pdf
Done.

2021-01-21 20:29:35
Running Genome analyzer...
  NOTICE: No file with genomic features were provided. Use the --features option if you want to specify it.

  NOTICE: No file with operons were provided. Use the -O option if you want to specify it.
  1  MP_helen_r10_bins_1
  2  MP_helen_r10_bins_2
  3  MP_helen_r10_bins_3
  4  MP_r10_bins_1
  5  MP_r10_bins_2
  6  MP_r10_bins_3
  7  r1_medaka_r10_bins_1
  8  r1_medaka_r10_bins_2
  9  r1_medaka_r10_bins_3
  10 r2_medaka_r10_bins_1
  11 r2_medaka_r10_bins_2
  12 r2_medaka_r10_bins_3
  13 racon_r1_r10_bins_1
  14 racon_r1_r10_bins_2
  15 racon_r1_r10_bins_3
  16 racon_r2_r10_bins_1
  17 racon_r2_r10_bins_2
  18 racon_r2_r10_bins_3
  19 raw_r10_bins_1
  20 raw_r10_bins_2
  21 raw_r10_bins_3
  2  Analysis is finished.
  1  Analysis is finished.
  10 Analysis is finished.
  3  Analysis is finished.
  5  Analysis is finished.
  6  Analysis is finished.
  4  Analysis is finished.
  7  Analysis is finished.
  9  Analysis is finished.
  11 Analysis is finished.
  15 Analysis is finished.
  17 Analysis is finished.
  8  Analysis is finished.
  18 Analysis is finished.
  13 Analysis is finished.
  12 Analysis is finished.
  16 Analysis is finished.
  14 Analysis is finished.
  19 Analysis is finished.
  20 Analysis is finished.
  21 Analysis is finished.
  Drawing Genome fraction, % histogram...
    saved to /media3/lucia/zymo_mock_community/asms_cuantizados/v1_19-1-21_4bins/metaquast-bins/runs_per_reference/lm_ill/genome_stats/genome_fraction_histogram.pdf
Done.

NOTICE: Genes are not predicted by default. Use --gene-finding or --glimmer option to enable it.

2021-01-21 20:29:37
Creating large visual summaries...
This may take a while: press Ctrl-C to skip this step..
  1 of 1: Creating PDF with all tables and plots...
Done

2021-01-21 20:29:42
RESULTS:
  Text versions of total report are saved to /media3/lucia/zymo_mock_community/asms_cuantizados/v1_19-1-21_4bins/metaquast-bins/runs_per_reference/lm_ill/report.txt, report.tsv, and report.tex
  Text versions of transposed total report are saved to /media3/lucia/zymo_mock_community/asms_cuantizados/v1_19-1-21_4bins/metaquast-bins/runs_per_reference/lm_ill/transposed_report.txt, transposed_report.tsv, and transposed_report.tex
  HTML version (interactive tables and plots) is saved to /media3/lucia/zymo_mock_community/asms_cuantizados/v1_19-1-21_4bins/metaquast-bins/runs_per_reference/lm_ill/report.html
  PDF version (tables and plots) is saved to /media3/lucia/zymo_mock_community/asms_cuantizados/v1_19-1-21_4bins/metaquast-bins/runs_per_reference/lm_ill/report.pdf
