Aligning contigs to reference...
	Aligning contigs to the reference
Filtering alignments...
Parsing coords...
Loading reference...
	Loaded [sa_ill_sa_contig28]
	Loaded [sa_ill_sa_contig29]
	Loaded [sa_ill_sa_contig15]
	Loaded [sa_ill_sa_contig22]
	Loaded [sa_ill_sa_contig23]
	Loaded [sa_ill_sa_contig20]
	Loaded [sa_ill_sa_contig21]
	Loaded [sa_ill_sa_contig26]
	Loaded [sa_ill_sa_contig27]
	Loaded [sa_ill_sa_contig24]
	Loaded [sa_ill_sa_contig25]
	Loaded [sa_ill_sa_contig48]
	Loaded [sa_ill_sa_contig49]
	Loaded [sa_ill_sa_contig64]
	Loaded [sa_ill_sa_contig65]
	Loaded [sa_ill_sa_contig63]
	Loaded [sa_ill_sa_contig60]
	Loaded [sa_ill_sa_contig61]
	Loaded [sa_ill_sa_contig40]
	Loaded [sa_ill_sa_contig41]
	Loaded [sa_ill_sa_contig42]
	Loaded [sa_ill_sa_contig43]
	Loaded [sa_ill_sa_contig44]
	Loaded [sa_ill_sa_contig45]
	Loaded [sa_ill_sa_contig46]
	Loaded [sa_ill_sa_contig47]
	Loaded [sa_ill_sa_contig9]
	Loaded [sa_ill_sa_contig8]
	Loaded [sa_ill_sa_contig3]
	Loaded [sa_ill_sa_contig2]
	Loaded [sa_ill_sa_contig1]
	Loaded [sa_ill_sa_contig7]
	Loaded [sa_ill_sa_contig6]
	Loaded [sa_ill_sa_contig5]
	Loaded [sa_ill_sa_contig4]
	Loaded [sa_ill_sa_contig19]
	Loaded [sa_ill_sa_contig68]
	Loaded [sa_ill_sa_contig39]
	Loaded [sa_ill_sa_contig38]
	Loaded [sa_ill_sa_contig31]
	Loaded [sa_ill_sa_contig30]
	Loaded [sa_ill_sa_contig33]
	Loaded [sa_ill_sa_contig32]
	Loaded [sa_ill_sa_contig35]
	Loaded [sa_ill_sa_contig34]
	Loaded [sa_ill_sa_contig37]
	Loaded [sa_ill_sa_contig36]
	Loaded [sa_ill_sa_contig13]
	Loaded [sa_ill_sa_contig12]
	Loaded [sa_ill_sa_contig11]
	Loaded [sa_ill_sa_contig10]
	Loaded [sa_ill_sa_contig17]
	Loaded [sa_ill_sa_contig16]
	Loaded [sa_ill_sa_contig59]
	Loaded [sa_ill_sa_contig58]
	Loaded [sa_ill_sa_contig57]
	Loaded [sa_ill_sa_contig56]
	Loaded [sa_ill_sa_contig14]
	Loaded [sa_ill_sa_contig18]
	Loaded [sa_ill_sa_contig53]
	Loaded [sa_ill_sa_contig52]
	Loaded [sa_ill_sa_contig51]
	Loaded [sa_ill_sa_contig50]
	Loaded [sa_ill_sa_contig66]
	Loaded [sa_ill_sa_contig67]
	Loaded [sa_ill_sa_contig55]
	Loaded [sa_ill_sa_contig54]
	Total Regions: 67
	Total Region Length: 2689205
Analyzing contigs...
CONTIG: contig_102 (2720329bp)
Best alignment score: 223107.3 (LEN: 223532, IDY: 99.81), Total number of alignments: 162
			Too much alignments (162), will use speed up heuristics
			Found 63 solid alignments:
		Solid alignment 124755 125486 | 3 734 | 732 732 | 93.31 | sa_ill_sa_contig10 contig_102
		Solid alignment 1 223346 | 226531 3000 | 223346 223532 | 99.81 | sa_ill_sa_contig1 contig_102
		Solid alignment 1 1418 | 226477 227896 | 1418 1420 | 99.72 | sa_ill_sa_contig48 contig_102
		Solid alignment 1 98600 | 326536 227862 | 98600 98675 | 99.82 | sa_ill_sa_contig11 contig_102
		Solid alignment 1 7163 | 326482 333648 | 7163 7167 | 99.9 | sa_ill_sa_contig36 contig_102
		Solid alignment 1 21790 | 355412 333623 | 21790 21790 | 99.83 | sa_ill_sa_contig30 contig_102
		Solid alignment 1 14210 | 370336 356125 | 14210 14212 | 99.84 | sa_ill_sa_contig34 contig_102
		Solid alignment 1 32969 | 370490 403482 | 32969 32993 | 99.81 | sa_ill_sa_contig26 contig_102
		Solid alignment 2 925 | 403687 404607 | 924 921 | 97.64 | sa_ill_sa_contig51 contig_102
		Solid alignment 198 3323 | 405162 408289 | 3126 3128 | 99.71 | sa_ill_sa_contig41 contig_102
		Solid alignment 1 1701 | 408711 410409 | 1701 1699 | 99.53 | sa_ill_sa_contig8 contig_102
		Solid alignment 1 28120 | 410314 438440 | 28120 28127 | 99.85 | sa_ill_sa_contig28 contig_102
		Solid alignment 1 39729 | 438445 478181 | 39729 39737 | 99.88 | sa_ill_sa_contig21 contig_102
		Solid alignment 1 62604 | 478561 541044 | 62604 62484 | 99.6 | sa_ill_sa_contig14 contig_102
		Solid alignment 203 3323 | 541201 544320 | 3121 3120 | 99.74 | sa_ill_sa_contig41 contig_102
		Solid alignment 1 1706 | 544737 546442 | 1706 1706 | 99.53 | sa_ill_sa_contig8 contig_102
		Solid alignment 1 34443 | 580794 546342 | 34443 34453 | 99.88 | sa_ill_sa_contig24 contig_102
		Solid alignment 1 38786 | 619576 580777 | 38786 38800 | 99.86 | sa_ill_sa_contig22 contig_102
		Solid alignment 1 34367 | 654493 620110 | 34367 34384 | 99.84 | sa_ill_sa_contig25 contig_102
		Solid alignment 203 3323 | 654658 657780 | 3121 3123 | 99.74 | sa_ill_sa_contig41 contig_102
		Solid alignment 1 131983 | 658150 790196 | 131983 132047 | 99.85 | sa_ill_sa_contig8 contig_102
		Solid alignment 1 149926 | 790538 940076 | 149926 149539 | 99.52 | sa_ill_sa_contig5 contig_102
		Solid alignment 1 30897 | 940122 971027 | 30897 30906 | 99.88 | sa_ill_sa_contig27 contig_102
		Solid alignment 5 2978 | 974927 971955 | 2974 2973 | 99.6 | sa_ill_sa_contig43 contig_102
		Solid alignment 1 13692 | 988585 974877 | 13692 13709 | 99.74 | sa_ill_sa_contig35 contig_102
		Solid alignment 1 125486 | 989317 1115103 | 125486 125787 | 99.66 | sa_ill_sa_contig10 contig_102
		Solid alignment 1 20896 | 1138274 1117370 | 20896 20905 | 99.83 | sa_ill_sa_contig32 contig_102
		Solid alignment 1 130429 | 1268608 1138205 | 130429 130404 | 99.76 | sa_ill_sa_contig9 contig_102
		Solid alignment 1 4636 | 1268554 1273194 | 4636 4641 | 99.89 | sa_ill_sa_contig40 contig_102
		Solid alignment 1 5318 | 1273195 1278518 | 5318 5324 | 99.79 | sa_ill_sa_contig38 contig_102
		Solid alignment 1 4636 | 1283152 1278519 | 4636 4634 | 99.91 | sa_ill_sa_contig40 contig_102
		Solid alignment 1 26180 | 1309279 1283098 | 26180 26182 | 99.88 | sa_ill_sa_contig29 contig_102
		Solid alignment 1 1727 | 1312761 1311031 | 1727 1731 | 99.65 | sa_ill_sa_contig46 contig_102
		Solid alignment 1 43683 | 1312707 1356244 | 43683 43538 | 99.35 | sa_ill_sa_contig18 contig_102
		Solid alignment 1 142808 | 1356778 1499729 | 142808 142952 | 99.8 | sa_ill_sa_contig6 contig_102
		Solid alignment 1 21042 | 1499883 1520931 | 21042 21049 | 99.83 | sa_ill_sa_contig31 contig_102
		Solid alignment 43249 70357 | 1548432 1521310 | 27109 27123 | 99.31 | sa_ill_sa_contig12 contig_102
		Solid alignment 1 44268 | 1592213 1547923 | 44268 44291 | 99.67 | sa_ill_sa_contig12 contig_102
		Solid alignment 1 50706 | 1592169 1642901 | 50706 50733 | 99.88 | sa_ill_sa_contig17 contig_102
		Solid alignment 1 5104 | 1642847 1647951 | 5104 5105 | 99.92 | sa_ill_sa_contig39 contig_102
		Solid alignment 1 14362 | 1647897 1662269 | 14362 14373 | 99.85 | sa_ill_sa_contig33 contig_102
		Solid alignment 1 6686 | 1669675 1662982 | 6686 6694 | 99.78 | sa_ill_sa_contig37 contig_102
		Solid alignment 1 2840 | 1669702 1672541 | 2840 2840 | 99.61 | sa_ill_sa_contig44 contig_102
		Solid alignment 1 1631 | 1674117 1672487 | 1631 1631 | 99.88 | sa_ill_sa_contig47 contig_102
		Solid alignment 1 41074 | 1715243 1674144 | 41074 41100 | 99.84 | sa_ill_sa_contig20 contig_102
		Solid alignment 1 1704 | 1716892 1715189 | 1704 1704 | 99.47 | sa_ill_sa_contig8 contig_102
		Solid alignment 203 3323 | 1720401 1717280 | 3121 3122 | 99.71 | sa_ill_sa_contig41 contig_102
		Solid alignment 1 38352 | 1759408 1721029 | 38352 38380 | 99.82 | sa_ill_sa_contig23 contig_102
		Solid alignment 1 1703 | 1761523 1759817 | 1703 1707 | 99.47 | sa_ill_sa_contig8 contig_102
		Solid alignment 1 3323 | 1765180 1761853 | 3323 3328 | 99.67 | sa_ill_sa_contig41 contig_102
		Solid alignment 1 1704 | 1766788 1765082 | 1704 1707 | 99.3 | sa_ill_sa_contig8 contig_102
		Solid alignment 203 3323 | 1770210 1767084 | 3121 3127 | 99.52 | sa_ill_sa_contig41 contig_102
		Solid alignment 1 56123 | 1826706 1770662 | 56123 56045 | 99.58 | sa_ill_sa_contig15 contig_102
		Solid alignment 1 3261 | 1830686 1827423 | 3261 3264 | 99.85 | sa_ill_sa_contig42 contig_102
		Solid alignment 1 211909 | 1830886 2042915 | 211909 212030 | 99.83 | sa_ill_sa_contig2 contig_102
		Solid alignment 1 207093 | 2042862 2249940 | 207093 207079 | 99.77 | sa_ill_sa_contig3 contig_102
		Solid alignment 1 78138 | 2249953 2328011 | 78138 78059 | 99.65 | sa_ill_sa_contig7 contig_102
		Solid alignment 77953 134302 | 2327690 2384085 | 56350 56396 | 99.78 | sa_ill_sa_contig7 contig_102
		Solid alignment 1 50729 | 2434917 2384148 | 50729 50770 | 99.82 | sa_ill_sa_contig16 contig_102
		Solid alignment 1 177172 | 2612185 2434898 | 177172 177288 | 99.82 | sa_ill_sa_contig4 contig_102
		Solid alignment 1 41771 | 2612377 2654176 | 41771 41800 | 99.86 | sa_ill_sa_contig19 contig_102
		Solid alignment 62883 66071 | 2657355 2654166 | 3189 3190 | 99.47 | sa_ill_sa_contig13 contig_102
		Solid alignment 188 63338 | 2720329 2657130 | 63151 63200 | 99.77 | sa_ill_sa_contig13 contig_102
			Skipping alignments located inside solid regions since they are redundant:
		Skipping redundant alignment 211641 211778 | 326419 326556 | 138 138 | 93.53 | sa_ill_sa_contig2 contig_102
		Skipping redundant alignment 31526 31680 | 326413 326567 | 155 155 | 93.59 | sa_ill_sa_contig10 contig_102
		Skipping redundant alignment 139 293 | 326567 326413 | 155 155 | 93.59 | sa_ill_sa_contig27 contig_102
		Skipping redundant alignment 90836 90999 | 333677 333514 | 164 164 | 99.39 | sa_ill_sa_contig3 contig_102
		Skipping redundant alignment 78536 78700 | 333677 333513 | 165 165 | 98.79 | sa_ill_sa_contig10 contig_102
		Skipping redundant alignment 206160 206254 | 438335 438429 | 95 95 | 96.84 | sa_ill_sa_contig2 contig_102
		Skipping redundant alignment 46254 46348 | 438335 438429 | 95 95 | 96.84 | sa_ill_sa_contig4 contig_102
		Skipping redundant alignment 206255 206363 | 438489 438597 | 109 109 | 99.08 | sa_ill_sa_contig2 contig_102
		Skipping redundant alignment 46349 46457 | 438489 438597 | 109 109 | 98.17 | sa_ill_sa_contig4 contig_102
		Skipping redundant alignment 78536 78699 | 580831 580668 | 164 164 | 99.39 | sa_ill_sa_contig10 contig_102
		Skipping redundant alignment 90836 91001 | 580831 580666 | 166 166 | 100.0 | sa_ill_sa_contig3 contig_102
		Skipping redundant alignment 30505 30668 | 974766 974929 | 164 164 | 92.68 | sa_ill_sa_contig27 contig_102
		Skipping redundant alignment 30742 30889 | 975005 975152 | 148 148 | 97.97 | sa_ill_sa_contig27 contig_102
		Skipping redundant alignment 7 170 | 1308828 1308991 | 164 164 | 92.07 | sa_ill_sa_contig54 contig_102
		Skipping redundant alignment 40727 41072 | 1672695 1672350 | 346 346 | 92.49 | sa_ill_sa_contig20 contig_102
		Skipping redundant alignment 1 157 | 1715288 1715131 | 157 158 | 98.1 | sa_ill_sa_contig41 contig_102
		Skipping redundant alignment 37896 37992 | 1771065 1770969 | 97 97 | 96.91 | sa_ill_sa_contig23 contig_102
		Skipping redundant alignment 353 542 | 1827475 1827664 | 190 190 | 94.21 | sa_ill_sa_contig2 contig_102
		Skipping redundant alignment 4728 4899 | 1830621 1830450 | 172 172 | 92.44 | sa_ill_sa_contig15 contig_102
		Skipping redundant alignment 4113 4199 | 1831230 1831144 | 87 87 | 91.95 | sa_ill_sa_contig15 contig_102
		Skipping redundant alignment 1 66 | 2434871 2434936 | 66 66 | 100.0 | sa_ill_sa_contig24 contig_102
		Skipping redundant alignment 164324 164418 | 2434936 2434843 | 95 94 | 96.84 | sa_ill_sa_contig2 contig_102
		Skipping redundant alignment 90837 90938 | 2434836 2434936 | 102 101 | 99.02 | sa_ill_sa_contig3 contig_102
		Skipping redundant alignment 45 153 | 2434948 2434841 | 109 108 | 99.08 | sa_ill_sa_contig21 contig_102
		Skipping redundant alignment 206251 206340 | 2434952 2434863 | 90 90 | 100.0 | sa_ill_sa_contig2 contig_102
		Skipping redundant alignment 46345 46434 | 2434952 2434863 | 90 90 | 100.0 | sa_ill_sa_contig4 contig_102
		Skipping redundant alignment 78678 78767 | 2434952 2434863 | 90 90 | 100.0 | sa_ill_sa_contig8 contig_102
		Skipping redundant alignment 31844 31933 | 2434952 2434863 | 90 90 | 97.78 | sa_ill_sa_contig10 contig_102
		Skipping redundant alignment 34639 34756 | 2434836 2434952 | 118 117 | 99.15 | sa_ill_sa_contig6 contig_102
		Skipping redundant alignment 149769 149886 | 2434836 2434952 | 118 117 | 99.15 | sa_ill_sa_contig5 contig_102
		Skipping redundant alignment 34799 34900 | 2654061 2653960 | 102 102 | 98.04 | sa_ill_sa_contig6 contig_102
		Skipping redundant alignment 31678 31950 | 2653994 2654268 | 273 275 | 95.64 | sa_ill_sa_contig10 contig_102
		Skipping redundant alignment 34638 34798 | 2654280 2654120 | 161 161 | 97.52 | sa_ill_sa_contig6 contig_102
			Looking for the best set of alignments (out of 129 total alignments)
		Ambiguity for this contig is not checked for speed up (too much alignments and --ambiguity-usage is "one")
			Skipping redundant alignments after choosing the best set of alignments
		Skipping redundant alignment 305 382 | 370371 370449 | 78 79 | 98.73 | sa_ill_sa_contig51 contig_102
		Skipping redundant alignment 1 161 | 370371 370544 | 161 174 | 92.53 | sa_ill_sa_contig51 contig_102
		Skipping redundant alignment 105 186 | 403509 403428 | 82 82 | 100.0 | sa_ill_sa_contig25 contig_102
		Skipping redundant alignment 164 242 | 403513 403591 | 79 79 | 100.0 | sa_ill_sa_contig23 contig_102
		Skipping redundant alignment 87 460 | 404911 405284 | 374 374 | 99.2 | sa_ill_sa_contig23 contig_102
		Skipping redundant alignment 688 765 | 408492 408569 | 78 78 | 100.0 | sa_ill_sa_contig51 contig_102
		Skipping redundant alignment 142 348 | 438384 438590 | 207 207 | 97.58 | sa_ill_sa_contig31 contig_102
		Skipping redundant alignment 45829 46373 | 478670 478127 | 545 544 | 98.17 | sa_ill_sa_contig14 contig_102
		Skipping redundant alignment 38188 38352 | 540942 541106 | 165 165 | 95.76 | sa_ill_sa_contig23 contig_102
		Skipping redundant alignment 249 397 | 654648 654500 | 149 149 | 99.33 | sa_ill_sa_contig34 contig_102
		Skipping redundant alignment 98002 98191 | 790100 790289 | 190 190 | 97.89 | sa_ill_sa_contig11 contig_102
		Skipping redundant alignment 45846 46038 | 790097 790289 | 193 193 | 98.45 | sa_ill_sa_contig14 contig_102
		Skipping redundant alignment 106941 107135 | 790097 790291 | 195 195 | 98.46 | sa_ill_sa_contig3 contig_102
		Skipping redundant alignment 98340 98600 | 790311 790571 | 261 261 | 95.02 | sa_ill_sa_contig11 contig_102
		Skipping redundant alignment 98340 98600 | 790311 790571 | 261 261 | 95.02 | sa_ill_sa_contig11 contig_102
		Skipping redundant alignment 46187 46447 | 790311 790571 | 261 261 | 94.64 | sa_ill_sa_contig14 contig_102
		Skipping redundant alignment 126 348 | 940152 939931 | 223 222 | 91.67 | sa_ill_sa_contig31 contig_102
		Skipping redundant alignment 31524 31858 | 940416 940080 | 335 337 | 92.51 | sa_ill_sa_contig10 contig_102
		Skipping redundant alignment 13419 13639 | 971892 971672 | 221 221 | 91.44 | sa_ill_sa_contig35 contig_102
		Skipping redundant alignment 29935 30062 | 971846 971975 | 128 130 | 93.85 | sa_ill_sa_contig27 contig_102
		Skipping redundant alignment 1 162 | 971846 972009 | 162 164 | 93.29 | sa_ill_sa_contig53 contig_102
		Skipping redundant alignment 2568 3906 | 989641 988273 | 1339 1369 | 91.24 | sa_ill_sa_contig35 contig_102
		Skipping redundant alignment 334 638 | 1309156 1309460 | 305 305 | 90.16 | sa_ill_sa_contig54 contig_102
		Skipping redundant alignment 1287 1420 | 1309813 1309680 | 134 134 | 97.76 | sa_ill_sa_contig46 contig_102
		Skipping redundant alignment 1 280 | 1310265 1309986 | 280 280 | 91.07 | sa_ill_sa_contig46 contig_102
		Skipping redundant alignment 1654 1727 | 1310282 1310209 | 74 74 | 93.24 | sa_ill_sa_contig46 contig_102
		Skipping redundant alignment 410 549 | 1310678 1310539 | 140 140 | 92.86 | sa_ill_sa_contig46 contig_102
		Skipping redundant alignment 1230 1434 | 1310693 1310489 | 205 205 | 90.24 | sa_ill_sa_contig46 contig_102
		Skipping redundant alignment 1 370 | 1311087 1310718 | 370 370 | 91.35 | sa_ill_sa_contig46 contig_102
		Skipping redundant alignment 337 638 | 1310803 1311104 | 302 302 | 90.73 | sa_ill_sa_contig54 contig_102
		Skipping redundant alignment 134184 134277 | 1499961 1499868 | 94 94 | 98.94 | sa_ill_sa_contig7 contig_102
		Skipping redundant alignment 98115 98262 | 1499868 1500015 | 148 148 | 100.0 | sa_ill_sa_contig11 contig_102
		Skipping redundant alignment 45956 46109 | 1499862 1500015 | 154 154 | 97.4 | sa_ill_sa_contig14 contig_102
		Skipping redundant alignment 45829 46068 | 1520857 1521095 | 240 239 | 99.17 | sa_ill_sa_contig14 contig_102
		Skipping redundant alignment 62390 62538 | 1720512 1720366 | 149 147 | 92.72 | sa_ill_sa_contig14 contig_102
		Skipping redundant alignment 62501 62586 | 1720658 1720573 | 86 86 | 98.84 | sa_ill_sa_contig14 contig_102
		Skipping redundant alignment 55995 56117 | 1720683 1720562 | 123 122 | 98.37 | sa_ill_sa_contig15 contig_102
		Skipping redundant alignment 62390 62604 | 1721047 1720834 | 215 214 | 94.01 | sa_ill_sa_contig14 contig_102
		Skipping redundant alignment 62501 62604 | 1770490 1770387 | 104 104 | 99.04 | sa_ill_sa_contig14 contig_102
		Skipping redundant alignment 38161 38352 | 1770515 1770325 | 192 191 | 96.35 | sa_ill_sa_contig23 contig_102
		Skipping redundant alignment 38158 38352 | 1770794 1770600 | 195 195 | 94.87 | sa_ill_sa_contig23 contig_102
		Skipping redundant alignment 1 265 | 1827135 1827399 | 265 265 | 90.57 | sa_ill_sa_contig2 contig_102
		Skipping redundant alignment 266 334 | 1827406 1827474 | 69 69 | 92.75 | sa_ill_sa_contig2 contig_102
		Skipping redundant alignment 4206 4721 | 1831143 1830628 | 516 516 | 94.19 | sa_ill_sa_contig15 contig_102
		Skipping redundant alignment 3429 3620 | 2612108 2612299 | 192 192 | 99.48 | sa_ill_sa_contig19 contig_102
		Skipping redundant alignment 45962 46038 | 2612362 2612438 | 77 77 | 100.0 | sa_ill_sa_contig14 contig_102
		Skipping redundant alignment 98115 98191 | 2612362 2612438 | 77 77 | 98.7 | sa_ill_sa_contig11 contig_102
			The best set is below. Score: 2700703.8, number of alignments: 82, unaligned bases: 9146
		This contig is misassembled.
		This contig is partially unaligned. (Aligned 2711183 out of 2720329 non-N bases (99.66%))
			Excluding internal overlap of size 55 between Alignment 1 and 2: 1 720 | 680 1399 | 720 720 --> 56 720 | 735 1399 | 665 665
			Real Alignment 1: 124755 125486 | 3 734 | 732 732 | 93.31 | sa_ill_sa_contig10 contig_102
			  Indel (> 5bp) between these two alignments: deletion of length 55; 0 mismatches (number of Ns: 0) [fragmentation of reference genome]
			Real Alignment 2: 56 720 | 735 1399 | 665 665 | 98.89 | sa_ill_sa_contig60 contig_102
			  Not a misassembly [fragmentation of reference genome] between these two alignments
			Excluding internal overlap of size 55 between Alignment 3 and 4: 1 539 | 3054 2516 | 539 539 --> 56 539 | 2999 2516 | 484 484
			Real Alignment 3: 56 539 | 2999 2516 | 484 484 | 99.07 | sa_ill_sa_contig65 contig_102
			  Indel (> 5bp) between these two alignments: deletion of length 55; 0 mismatches (number of Ns: 0) [fragmentation of reference genome]
			Excluding internal overlap of size 55 between Alignment 4 and 5: 1 1418 | 226477 227896 | 1418 1420 --> 56 1418 | 226532 227896 | 1363 1365
			Real Alignment 4: 1 223346 | 226531 3000 | 223346 223532 | 99.81 | sa_ill_sa_contig1 contig_102
			  Indel (> 5bp) between these two alignments: deletion of length 55; 0 mismatches (number of Ns: 0) [fragmentation of reference genome]
			Excluding internal overlap of size 35 between Alignment 5 and 6: 56 1418 | 226532 227896 | 1363 1365 --> 56 1384 | 226532 227861 | 1329 1330
			Real Alignment 5: 56 1384 | 226532 227861 | 1329 1330 | 99.72 | sa_ill_sa_contig48 contig_102
			  Indel (> 5bp) between these two alignments: deletion of length 34; 0 mismatches (number of Ns: 0) [fragmentation of reference genome]
			Excluding internal overlap of size 55 between Alignment 6 and 7: 1 7163 | 326482 333648 | 7163 7167 --> 56 7163 | 326537 333648 | 7108 7112
			Real Alignment 6: 1 98600 | 326536 227862 | 98600 98675 | 99.82 | sa_ill_sa_contig11 contig_102
			  Indel (> 5bp) between these two alignments: deletion of length 55; 0 mismatches (number of Ns: 0) [fragmentation of reference genome]
			Excluding internal overlap of size 26 between Alignment 7 and 8: 56 7163 | 326537 333648 | 7108 7112 --> 56 7137 | 326537 333622 | 7082 7086
			Real Alignment 7: 56 7137 | 326537 333622 | 7082 7086 | 99.9 | sa_ill_sa_contig36 contig_102
			  Indel (> 5bp) between these two alignments: deletion of length 26; 0 mismatches (number of Ns: 0) [fragmentation of reference genome]
			Excluding internal overlap of size 55 between Alignment 8 and 9: 1 821 | 355358 356179 | 821 822 --> 56 821 | 355413 356179 | 766 767
			Real Alignment 8: 1 21790 | 355412 333623 | 21790 21790 | 99.83 | sa_ill_sa_contig30 contig_102
			  Indel (> 5bp) between these two alignments: deletion of length 55; 0 mismatches (number of Ns: 0) [fragmentation of reference genome]
			Excluding internal overlap of size 55 between Alignment 9 and 10: 56 821 | 355413 356179 | 766 767 --> 56 766 | 355413 356124 | 711 712
			Real Alignment 9: 56 766 | 355413 356124 | 711 712 | 99.03 | sa_ill_sa_contig55 contig_102
			  Indel (> 5bp) between these two alignments: deletion of length 55; 0 mismatches (number of Ns: 0) [fragmentation of reference genome]
			Real Alignment 10: 1 14210 | 370336 356125 | 14210 14212 | 99.84 | sa_ill_sa_contig34 contig_102
			  Not a misassembly [fragmentation of reference genome] between these two alignments
			Real Alignment 11: 1 32969 | 370490 403482 | 32969 32993 | 99.81 | sa_ill_sa_contig26 contig_102
			  Gap between these two alignments (local misassembly). Inconsistency = 1 [fragmentation of reference genome]
			Real Alignment 12: 2 925 | 403687 404607 | 924 921 | 97.64 | sa_ill_sa_contig51 contig_102
			  Extensive misassembly (translocation) between these two alignments
			Real Alignment 13: 198 3323 | 405162 408289 | 3126 3128 | 99.71 | sa_ill_sa_contig41 contig_102
			  Not a misassembly [fragmentation of reference genome] between these two alignments
			Excluding internal overlap of size 96 between Alignment 14 and 15: 1 1701 | 408711 410409 | 1701 1699 --> 1 1604 | 408711 410313 | 1604 1603
			Real Alignment 14: 1 1604 | 408711 410313 | 1604 1603 | 99.53 | sa_ill_sa_contig8 contig_102
			  Extensive misassembly (translocation) between these two alignments
			Real Alignment 15: 1 28120 | 410314 438440 | 28120 28127 | 99.85 | sa_ill_sa_contig28 contig_102
			  Not a misassembly [fragmentation of reference genome] between these two alignments
			Excluding internal overlap of size 55 between Alignment 16 and 17: 97985 98526 | 478666 478127 | 542 540 --> 97985 98471 | 478666 478182 | 487 485
			Real Alignment 16: 1 39729 | 438445 478181 | 39729 39737 | 99.88 | sa_ill_sa_contig21 contig_102
			  Gap between these two alignments (local misassembly). Inconsistency = 129 [fragmentation of reference genome]
			Excluding internal overlap of size 106 between Alignment 17 and 18: 97985 98471 | 478666 478182 | 487 485 --> 98092 98471 | 478560 478182 | 380 379
			Real Alignment 17: 98092 98471 | 478560 478182 | 380 379 | 97.97 | sa_ill_sa_contig11 contig_102
			  Extensive misassembly (translocation) between these two alignments
			Real Alignment 18: 1 62604 | 478561 541044 | 62604 62484 | 99.6 | sa_ill_sa_contig14 contig_102
			  Gap between these two alignments (local misassembly). Inconsistency = -258
			Excluding internal overlap of size 36 between Alignment 19 and 20: 62396 62538 | 541094 541236 | 143 143 --> 62396 62502 | 541094 541200 | 107 107
			Real Alignment 19: 62396 62502 | 541094 541200 | 107 107 | 98.6 | sa_ill_sa_contig14 contig_102
			  Extensive misassembly (translocation) between these two alignments
			Real Alignment 20: 203 3323 | 541201 544320 | 3121 3120 | 99.74 | sa_ill_sa_contig41 contig_102
			  Not a misassembly [fragmentation of reference genome] between these two alignments
			Excluding internal overlap of size 101 between Alignment 21 and 22: 1 1706 | 544737 546442 | 1706 1706 --> 1 1604 | 544737 546341 | 1604 1605
			Real Alignment 21: 1 1604 | 544737 546341 | 1604 1605 | 99.53 | sa_ill_sa_contig8 contig_102
			  Extensive misassembly (translocation) between these two alignments
			Excluding internal overlap of size 18 between Alignment 22 and 23: 1 34443 | 580794 546342 | 34443 34453 --> 19 34443 | 580776 546342 | 34425 34435
			Real Alignment 22: 19 34443 | 580776 546342 | 34425 34435 | 99.88 | sa_ill_sa_contig24 contig_102
			  Indel (> 5bp) between these two alignments: deletion of length 18; 0 mismatches (number of Ns: 0) [fragmentation of reference genome]
			Excluding internal overlap of size 55 between Alignment 23 and 24: 1 643 | 619522 620164 | 643 643 --> 56 643 | 619577 620164 | 588 588
			Real Alignment 23: 1 38786 | 619576 580777 | 38786 38800 | 99.86 | sa_ill_sa_contig22 contig_102
			  Indel (> 5bp) between these two alignments: deletion of length 55; 0 mismatches (number of Ns: 0) [fragmentation of reference genome]
			Excluding internal overlap of size 55 between Alignment 24 and 25: 56 643 | 619577 620164 | 588 588 --> 56 588 | 619577 620109 | 533 533
			Real Alignment 24: 56 588 | 619577 620109 | 533 533 | 100.0 | sa_ill_sa_contig63 contig_102
			  Indel (> 5bp) between these two alignments: deletion of length 55; 0 mismatches (number of Ns: 0) [fragmentation of reference genome]
			Real Alignment 25: 1 34367 | 654493 620110 | 34367 34384 | 99.84 | sa_ill_sa_contig25 contig_102
			  Extensive misassembly (translocation) between these two alignments
			Real Alignment 26: 203 3323 | 654658 657780 | 3121 3123 | 99.74 | sa_ill_sa_contig41 contig_102
			  Not a misassembly [fragmentation of reference genome] between these two alignments
			Real Alignment 27: 1 131983 | 658150 790196 | 131983 132047 | 99.85 | sa_ill_sa_contig8 contig_102
			  Not a misassembly [fragmentation of reference genome] between these two alignments
			Real Alignment 28: 1 149926 | 790538 940076 | 149926 149539 | 99.52 | sa_ill_sa_contig5 contig_102
			  Not a misassembly [fragmentation of reference genome] between these two alignments
			Excluding internal overlap of size 55 between Alignment 29 and 30: 1 861 | 970973 971836 | 861 864 --> 56 861 | 971028 971836 | 806 809
			Real Alignment 29: 1 30897 | 940122 971027 | 30897 30906 | 99.88 | sa_ill_sa_contig27 contig_102
			  Indel (> 5bp) between these two alignments: deletion of length 55; 0 mismatches (number of Ns: 0) [fragmentation of reference genome]
			Real Alignment 30: 56 861 | 971028 971836 | 806 809 | 99.54 | sa_ill_sa_contig53 contig_102
			  Not a misassembly [fragmentation of reference genome] between these two alignments
			Excluding internal overlap of size 51 between Alignment 31 and 32: 5 2978 | 974927 971955 | 2974 2973 --> 56 2978 | 974876 971955 | 2923 2922
			Real Alignment 31: 56 2978 | 974876 971955 | 2923 2922 | 99.6 | sa_ill_sa_contig43 contig_102
			  Indel (> 5bp) between these two alignments: deletion of length 55; 0 mismatches (number of Ns: 0) [fragmentation of reference genome]
			Real Alignment 32: 1 13692 | 988585 974877 | 13692 13709 | 99.74 | sa_ill_sa_contig35 contig_102
			  Not a misassembly [fragmentation of reference genome] between these two alignments
			Excluding internal overlap of size 55 between Alignment 33 and 34: 1 720 | 1115049 1115768 | 720 720 --> 56 720 | 1115104 1115768 | 665 665
			Real Alignment 33: 1 125486 | 989317 1115103 | 125486 125787 | 99.66 | sa_ill_sa_contig10 contig_102
			  Indel (> 5bp) between these two alignments: deletion of length 55; 0 mismatches (number of Ns: 0) [fragmentation of reference genome]
			Real Alignment 34: 56 720 | 1115104 1115768 | 665 665 | 100.0 | sa_ill_sa_contig60 contig_102
			  Not a misassembly [fragmentation of reference genome] between these two alignments
			Excluding internal overlap of size 55 between Alignment 35 and 36: 1 539 | 1117424 1116886 | 539 539 --> 56 539 | 1117369 1116886 | 484 484
			Real Alignment 35: 56 539 | 1117369 1116886 | 484 484 | 100.0 | sa_ill_sa_contig65 contig_102
			  Indel (> 5bp) between these two alignments: deletion of length 55; 0 mismatches (number of Ns: 0) [fragmentation of reference genome]
			Excluding internal overlap of size 70 between Alignment 36 and 37: 1 20896 | 1138274 1117370 | 20896 20905 --> 71 20896 | 1138204 1117370 | 20826 20835
			Real Alignment 36: 71 20896 | 1138204 1117370 | 20826 20835 | 99.83 | sa_ill_sa_contig32 contig_102
			  Extensive misassembly (translocation) between these two alignments
			Excluding internal overlap of size 55 between Alignment 37 and 38: 1 4636 | 1268554 1273194 | 4636 4641 --> 56 4636 | 1268609 1273194 | 4581 4586
			Real Alignment 37: 1 130429 | 1268608 1138205 | 130429 130404 | 99.76 | sa_ill_sa_contig9 contig_102
			  Indel (> 5bp) between these two alignments: deletion of length 55; 0 mismatches (number of Ns: 0) [fragmentation of reference genome]
			Real Alignment 38: 56 4636 | 1268609 1273194 | 4581 4586 | 99.89 | sa_ill_sa_contig40 contig_102
			  Not a misassembly [fragmentation of reference genome] between these two alignments
			Real Alignment 39: 1 5318 | 1273195 1278518 | 5318 5324 | 99.79 | sa_ill_sa_contig38 contig_102
			  Not a misassembly [fragmentation of reference genome] between these two alignments
			Excluding internal overlap of size 55 between Alignment 40 and 41: 1 4636 | 1283152 1278519 | 4636 4634 --> 56 4636 | 1283097 1278519 | 4581 4579
			Real Alignment 40: 56 4636 | 1283097 1278519 | 4581 4579 | 99.91 | sa_ill_sa_contig40 contig_102
			  Indel (> 5bp) between these two alignments: deletion of length 55; 0 mismatches (number of Ns: 0) [fragmentation of reference genome]
			Real Alignment 41: 1 26180 | 1309279 1283098 | 26180 26182 | 99.88 | sa_ill_sa_contig29 contig_102
			  Not a misassembly [fragmentation of reference genome] between these two alignments
			Real Alignment 42: 1 857 | 1309644 1310501 | 857 858 | 99.88 | sa_ill_sa_contig54 contig_102
			  Not a misassembly [fragmentation of reference genome] between these two alignments
			Excluding internal overlap of size 55 between Alignment 43 and 44: 1 1727 | 1312761 1311031 | 1727 1731 --> 56 1727 | 1312706 1311031 | 1672 1676
			Real Alignment 43: 56 1727 | 1312706 1311031 | 1672 1676 | 99.65 | sa_ill_sa_contig46 contig_102
			  Indel (> 5bp) between these two alignments: deletion of length 55; 0 mismatches (number of Ns: 0) [fragmentation of reference genome]
			Excluding internal overlap of size 54 between Alignment 44 and 45: 1 642 | 1356832 1356191 | 642 642 --> 1 588 | 1356832 1356245 | 588 588
			Real Alignment 44: 1 43683 | 1312707 1356244 | 43683 43538 | 99.35 | sa_ill_sa_contig18 contig_102
			  Indel (> 5bp) between these two alignments: deletion of length 55; 0 mismatches (number of Ns: 0) [fragmentation of reference genome]
			Excluding internal overlap of size 55 between Alignment 45 and 46: 1 588 | 1356832 1356245 | 588 588 --> 56 588 | 1356777 1356245 | 533 533
			Real Alignment 45: 56 588 | 1356777 1356245 | 533 533 | 99.07 | sa_ill_sa_contig63 contig_102
			  Indel (> 5bp) between these two alignments: deletion of length 55; 0 mismatches (number of Ns: 0) [fragmentation of reference genome]
			Real Alignment 46: 1 142808 | 1356778 1499729 | 142808 142952 | 99.8 | sa_ill_sa_contig6 contig_102
			  Not a misassembly [fragmentation of reference genome] between these two alignments
			Excluding internal overlap of size 55 between Alignment 47 and 48: 98002 98191 | 1520877 1521066 | 190 190 --> 98057 98191 | 1520932 1521066 | 135 135
			Real Alignment 47: 1 21042 | 1499883 1520931 | 21042 21049 | 99.83 | sa_ill_sa_contig31 contig_102
			  Extensive misassembly (translocation) between these two alignments
			Real Alignment 48: 98057 98191 | 1520932 1521066 | 135 135 | 98.95 | sa_ill_sa_contig11 contig_102
			  Gap between these two alignments (local misassembly). Inconsistency = 127
			Excluding internal overlap of size 30 between Alignment 49 and 50: 98340 98591 | 1521088 1521339 | 252 252 --> 98340 98561 | 1521088 1521309 | 222 222
			Real Alignment 49: 98340 98561 | 1521088 1521309 | 222 222 | 98.02 | sa_ill_sa_contig11 contig_102
			  Indel (> 5bp) between these two alignments: deletion of length 39; 0 mismatches (number of Ns: 0) [fragmentation of reference genome]
			Excluding internal overlap of size 510 between Alignment 50 and 51: 43249 70357 | 1548432 1521310 | 27109 27123 --> 43758 70357 | 1547922 1521310 | 26600 26613
			Real Alignment 50: 43758 70357 | 1547922 1521310 | 26600 26613 | 99.31 | sa_ill_sa_contig12 contig_102
			  Overlap between these two alignments (local misassembly). Inconsistency = -511
			Excluding internal overlap of size 45 between Alignment 51 and 52: 1 44268 | 1592213 1547923 | 44268 44291 --> 46 44268 | 1592168 1547923 | 44223 44246
			Real Alignment 51: 46 44268 | 1592168 1547923 | 44223 44246 | 99.67 | sa_ill_sa_contig12 contig_102
			  Indel (> 5bp) between these two alignments: deletion of length 45; 0 mismatches (number of Ns: 0) [fragmentation of reference genome]
			Excluding internal overlap of size 55 between Alignment 52 and 53: 1 5104 | 1642847 1647951 | 5104 5105 --> 56 5104 | 1642902 1647951 | 5049 5050
			Real Alignment 52: 1 50706 | 1592169 1642901 | 50706 50733 | 99.88 | sa_ill_sa_contig17 contig_102
			  Indel (> 5bp) between these two alignments: deletion of length 55; 0 mismatches (number of Ns: 0) [fragmentation of reference genome]
			Excluding internal overlap of size 55 between Alignment 53 and 54: 56 5104 | 1642902 1647951 | 5049 5050 --> 56 5049 | 1642902 1647896 | 4994 4995
			Real Alignment 53: 56 5049 | 1642902 1647896 | 4994 4995 | 99.92 | sa_ill_sa_contig39 contig_102
			  Indel (> 5bp) between these two alignments: deletion of length 55; 0 mismatches (number of Ns: 0) [fragmentation of reference genome]
			Excluding internal overlap of size 55 between Alignment 54 and 55: 1 821 | 1663036 1662215 | 821 822 --> 1 766 | 1663036 1662270 | 766 767
			Real Alignment 54: 1 14362 | 1647897 1662269 | 14362 14373 | 99.85 | sa_ill_sa_contig33 contig_102
			  Indel (> 5bp) between these two alignments: deletion of length 55; 0 mismatches (number of Ns: 0) [fragmentation of reference genome]
			Excluding internal overlap of size 55 between Alignment 55 and 56: 1 766 | 1663036 1662270 | 766 767 --> 56 766 | 1662981 1662270 | 711 712
			Real Alignment 55: 56 766 | 1662981 1662270 | 711 712 | 99.88 | sa_ill_sa_contig55 contig_102
			  Indel (> 5bp) between these two alignments: deletion of length 55; 0 mismatches (number of Ns: 0) [fragmentation of reference genome]
			Real Alignment 56: 1 6686 | 1669675 1662982 | 6686 6694 | 99.78 | sa_ill_sa_contig37 contig_102
			  Not a misassembly [fragmentation of reference genome] between these two alignments
			Excluding internal overlap of size 55 between Alignment 57 and 58: 1 1631 | 1674117 1672487 | 1631 1631 --> 1 1576 | 1674117 1672542 | 1576 1576
			Real Alignment 57: 1 2840 | 1669702 1672541 | 2840 2840 | 99.61 | sa_ill_sa_contig44 contig_102
			  Indel (> 5bp) between these two alignments: deletion of length 55; 0 mismatches (number of Ns: 0) [fragmentation of reference genome]
			Real Alignment 58: 1 1576 | 1674117 1672542 | 1576 1576 | 99.88 | sa_ill_sa_contig47 contig_102
			  Not a misassembly [fragmentation of reference genome] between these two alignments
			Excluding internal overlap of size 55 between Alignment 59 and 60: 1 1704 | 1716892 1715189 | 1704 1704 --> 1 1649 | 1716892 1715244 | 1649 1649
			Real Alignment 59: 1 41074 | 1715243 1674144 | 41074 41100 | 99.84 | sa_ill_sa_contig20 contig_102
			  Extensive misassembly (translocation) between these two alignments
			Real Alignment 60: 1 1649 | 1716892 1715244 | 1649 1649 | 99.47 | sa_ill_sa_contig8 contig_102
			  Not a misassembly [fragmentation of reference genome] between these two alignments
			Real Alignment 61: 203 3323 | 1720401 1717280 | 3121 3122 | 99.71 | sa_ill_sa_contig41 contig_102
			  Extensive misassembly (translocation) between these two alignments
			Real Alignment 62: 38161 38352 | 1720684 1720494 | 192 191 | 95.31 | sa_ill_sa_contig23 contig_102
			  Gap between these two alignments (local misassembly). Inconsistency = -279
			Real Alignment 63: 38187 38352 | 1720937 1720772 | 166 166 | 98.8 | sa_ill_sa_contig23 contig_102
			  Gap between these two alignments (local misassembly). Inconsistency = -257
			Real Alignment 64: 1 38352 | 1759408 1721029 | 38352 38380 | 99.82 | sa_ill_sa_contig23 contig_102
			  Not a misassembly [fragmentation of reference genome] between these two alignments
			Real Alignment 65: 688 925 | 1759803 1759551 | 238 253 | 94.07 | sa_ill_sa_contig51 contig_102
			  Extensive misassembly (translocation) between these two alignments
			Real Alignment 66: 1 1703 | 1761523 1759817 | 1703 1707 | 99.47 | sa_ill_sa_contig8 contig_102
			  Not a misassembly [fragmentation of reference genome] between these two alignments
			Excluding internal overlap of size 99 between Alignment 67 and 68: 1 1704 | 1766788 1765082 | 1704 1707 --> 1 1604 | 1766788 1765181 | 1604 1608
			Real Alignment 67: 1 3323 | 1765180 1761853 | 3323 3328 | 99.67 | sa_ill_sa_contig41 contig_102
			  Extensive misassembly (translocation) between these two alignments
			Real Alignment 68: 1 1604 | 1766788 1765181 | 1604 1608 | 99.3 | sa_ill_sa_contig8 contig_102
			  Not a misassembly [fragmentation of reference genome] between these two alignments
			Real Alignment 69: 203 3323 | 1770210 1767084 | 3121 3127 | 99.52 | sa_ill_sa_contig41 contig_102
			  Extensive misassembly (translocation) between these two alignments
			Real Alignment 70: 55995 56123 | 1770514 1770387 | 129 128 | 98.45 | sa_ill_sa_contig15 contig_102
			  Gap between these two alignments (local misassembly). Inconsistency = -276
			Excluding internal overlap of size 3 between Alignment 71 and 72: 1 765 | 1826704 1827469 | 765 766 --> 4 765 | 1826707 1827469 | 762 763
			Real Alignment 71: 1 56123 | 1826706 1770662 | 56123 56045 | 99.58 | sa_ill_sa_contig15 contig_102
			  Indel (<= 5bp) between these two alignments: deletion of length 3; 0 mismatches (number of Ns: 0) [fragmentation of reference genome]
			Excluding internal overlap of size 47 between Alignment 72 and 73: 4 765 | 1826707 1827469 | 762 763 --> 4 718 | 1826707 1827422 | 715 716
			Real Alignment 72: 4 718 | 1826707 1827422 | 715 716 | 99.87 | sa_ill_sa_contig58 contig_102
			  Indel (> 5bp) between these two alignments: deletion of length 47; 0 mismatches (number of Ns: 0) [fragmentation of reference genome]
			Real Alignment 73: 1 3261 | 1830686 1827423 | 3261 3264 | 99.85 | sa_ill_sa_contig42 contig_102
			  Not a misassembly [fragmentation of reference genome] between these two alignments
			Excluding internal overlap of size 54 between Alignment 74 and 75: 1 207093 | 2042862 2249940 | 207093 207079 --> 55 207093 | 2042916 2249940 | 207039 207025
			Real Alignment 74: 1 211909 | 1830886 2042915 | 211909 212030 | 99.83 | sa_ill_sa_contig2 contig_102
			  Indel (> 5bp) between these two alignments: deletion of length 54; 0 mismatches (number of Ns: 0) [fragmentation of reference genome]
			Real Alignment 75: 55 207093 | 2042916 2249940 | 207039 207025 | 99.77 | sa_ill_sa_contig3 contig_102
			  Not a misassembly [fragmentation of reference genome] between these two alignments
			Excluding internal overlap of size 322 between Alignment 76 and 77: 77953 134302 | 2327690 2384085 | 56350 56396 --> 78271 134302 | 2328012 2384085 | 56032 56074
			Real Alignment 76: 1 78138 | 2249953 2328011 | 78138 78059 | 99.65 | sa_ill_sa_contig7 contig_102
			  Gap between these two alignments (local misassembly). Inconsistency = 132
			Real Alignment 77: 78271 134302 | 2328012 2384085 | 56032 56074 | 99.78 | sa_ill_sa_contig7 contig_102
			  Not a misassembly [fragmentation of reference genome] between these two alignments
			Excluding internal overlap of size 20 between Alignment 78 and 79: 1 50729 | 2434917 2384148 | 50729 50770 --> 21 50729 | 2434897 2384148 | 50709 50750
			Real Alignment 78: 21 50729 | 2434897 2384148 | 50709 50750 | 99.82 | sa_ill_sa_contig16 contig_102
			  Indel (> 5bp) between these two alignments: deletion of length 20; 0 mismatches (number of Ns: 0) [fragmentation of reference genome]
			Real Alignment 79: 1 177172 | 2612185 2434898 | 177172 177288 | 99.82 | sa_ill_sa_contig4 contig_102
			  Not a misassembly [fragmentation of reference genome] between these two alignments
			Excluding internal overlap of size 11 between Alignment 80 and 81: 62883 66071 | 2657355 2654166 | 3189 3190 --> 62883 66060 | 2657355 2654177 | 3178 3179
			Real Alignment 80: 1 41771 | 2612377 2654176 | 41771 41800 | 99.86 | sa_ill_sa_contig19 contig_102
			  Indel (> 5bp) between these two alignments: deletion of length 11; 0 mismatches (number of Ns: 0) [fragmentation of reference genome]
			Excluding internal overlap of size 226 between Alignment 81 and 82: 62883 66060 | 2657355 2654177 | 3178 3179 --> 63108 66060 | 2657129 2654177 | 2953 2953
			Real Alignment 81: 63108 66060 | 2657129 2654177 | 2953 2953 | 99.47 | sa_ill_sa_contig13 contig_102
			  Overlap between these two alignments (local misassembly). Inconsistency = -231
			Real Alignment 82: 188 63338 | 2720329 2657130 | 63151 63200 | 99.77 | sa_ill_sa_contig13 contig_102
		Unaligned bases: 9146

CONTIG: contig_85 (2991898bp)
Best alignment score: 1409.5 (LEN: 1551, IDY: 90.88), Total number of alignments: 65
			Looking for the best set of alignments (out of 65 total alignments)
			Skipping redundant alignments after choosing the best set of alignments
		Skipping redundant alignment 689 759 | 1079571 1079501 | 71 71 | 98.59 | sa_ill_sa_contig51 contig_85
		Skipping redundant alignment 106080 106188 | 2093289 2093181 | 109 109 | 91.74 | sa_ill_sa_contig6 contig_85
		Skipping redundant alignment 681 862 | 290946 291122 | 182 177 | 92.9 | sa_ill_sa_contig51 contig_85
		Skipping redundant alignment 106 324 | 1304125 1303902 | 219 224 | 91.56 | sa_ill_sa_contig25 contig_85
		Skipping redundant alignment 689 759 | 532617 532687 | 71 71 | 98.59 | sa_ill_sa_contig51 contig_85
		Skipping redundant alignment 787 862 | 1786459 1786384 | 76 76 | 100.0 | sa_ill_sa_contig51 contig_85
		Skipping redundant alignment 691 768 | 1786554 1786477 | 78 78 | 97.44 | sa_ill_sa_contig51 contig_85
		Skipping redundant alignment 492 565 | 1786754 1786681 | 74 74 | 95.95 | sa_ill_sa_contig51 contig_85
		Skipping redundant alignment 106204 106292 | 2093165 2093077 | 89 89 | 91.01 | sa_ill_sa_contig6 contig_85
		This contig has several significant sets of alignments. [An ambiguously mapped contig]
		Using only the very best set (option --ambiguity-usage is set to "one").
			The best set is below. Score: 16773.5, number of alignments: 56, unaligned bases: 2970414
		This contig is misassembled.
		This contig is partially unaligned. (Aligned 21484 out of 2991898 non-N bases (0.72%))
			Warning! This contig is more unaligned than misassembled. Contig length is 2991898 (number of Ns: 0) and total length of all aligns is 21484
		Alignment: 497 577 | 286060 286140 | 81 81 | 92.59 | sa_ill_sa_contig41 contig_85
		Alignment: 589 1151 | 286152 286714 | 563 563 | 93.25 | sa_ill_sa_contig41 contig_85
		Alignment: 1158 1540 | 286721 287103 | 383 383 | 94.78 | sa_ill_sa_contig41 contig_85
		Alignment: 1559 1639 | 287123 287203 | 81 81 | 97.53 | sa_ill_sa_contig41 contig_85
		Alignment: 1871 2057 | 287433 287619 | 187 187 | 90.37 | sa_ill_sa_contig41 contig_85
		Alignment: 2099 2316 | 287666 287883 | 218 218 | 91.74 | sa_ill_sa_contig41 contig_85
		Alignment: 2614 2917 | 288183 288486 | 304 304 | 93.09 | sa_ill_sa_contig41 contig_85
		Alignment: 2985 3136 | 288555 288706 | 152 152 | 92.11 | sa_ill_sa_contig41 contig_85
		Alignment: 38 1590 | 289122 290672 | 1553 1551 | 90.88 | sa_ill_sa_contig8 contig_85
		Alignment: 497 577 | 292079 292159 | 81 81 | 92.59 | sa_ill_sa_contig41 contig_85
		Alignment: 589 1151 | 292171 292733 | 563 563 | 93.25 | sa_ill_sa_contig41 contig_85
		Alignment: 1158 1540 | 292740 293122 | 383 383 | 94.78 | sa_ill_sa_contig41 contig_85
		Alignment: 1559 1639 | 293142 293222 | 81 81 | 97.53 | sa_ill_sa_contig41 contig_85
		Alignment: 1871 2057 | 293452 293638 | 187 187 | 90.37 | sa_ill_sa_contig41 contig_85
		Alignment: 2099 2316 | 293685 293902 | 218 218 | 91.74 | sa_ill_sa_contig41 contig_85
		Alignment: 2614 2917 | 294202 294505 | 304 304 | 93.09 | sa_ill_sa_contig41 contig_85
		Alignment: 2985 3136 | 294574 294725 | 152 152 | 92.11 | sa_ill_sa_contig41 contig_85
		Alignment: 41 1590 | 295145 296692 | 1550 1548 | 90.8 | sa_ill_sa_contig8 contig_85
		Alignment: 497 577 | 529622 529702 | 81 81 | 92.59 | sa_ill_sa_contig41 contig_85
		Alignment: 589 1151 | 529714 530276 | 563 563 | 93.25 | sa_ill_sa_contig41 contig_85
		Alignment: 1158 1540 | 530283 530665 | 383 383 | 94.78 | sa_ill_sa_contig41 contig_85
		Alignment: 1559 1639 | 530685 530765 | 81 81 | 97.53 | sa_ill_sa_contig41 contig_85
		Alignment: 1871 2057 | 530995 531181 | 187 187 | 90.37 | sa_ill_sa_contig41 contig_85
		Alignment: 2099 2316 | 531228 531445 | 218 218 | 91.74 | sa_ill_sa_contig41 contig_85
		Alignment: 2614 2917 | 531745 532048 | 304 304 | 93.09 | sa_ill_sa_contig41 contig_85
		Alignment: 2985 3136 | 532117 532268 | 152 152 | 92.11 | sa_ill_sa_contig41 contig_85
		Alignment: 38 1590 | 532935 534485 | 1553 1551 | 90.82 | sa_ill_sa_contig8 contig_85
		Alignment: 20320 20490 | 581906 582076 | 171 171 | 90.64 | sa_ill_sa_contig15 contig_85
		Alignment: 20702 20898 | 582288 582484 | 197 197 | 90.86 | sa_ill_sa_contig15 contig_85
		Alignment: 38 1590 | 1079253 1077704 | 1553 1550 | 90.75 | sa_ill_sa_contig8 contig_85
		Alignment: 2985 3136 | 1080071 1079920 | 152 152 | 92.11 | sa_ill_sa_contig41 contig_85
		Alignment: 2614 2917 | 1080443 1080140 | 304 304 | 93.09 | sa_ill_sa_contig41 contig_85
		Alignment: 2099 2316 | 1080960 1080743 | 218 218 | 91.74 | sa_ill_sa_contig41 contig_85
		Alignment: 1871 2057 | 1081193 1081007 | 187 187 | 90.37 | sa_ill_sa_contig41 contig_85
		Alignment: 1559 1639 | 1081503 1081423 | 81 81 | 97.53 | sa_ill_sa_contig41 contig_85
		Alignment: 1158 1540 | 1081905 1081523 | 383 383 | 94.78 | sa_ill_sa_contig41 contig_85
		Alignment: 589 1151 | 1082474 1081912 | 563 563 | 93.25 | sa_ill_sa_contig41 contig_85
		Alignment: 497 577 | 1082566 1082486 | 81 81 | 92.59 | sa_ill_sa_contig41 contig_85
		Alignment: 38 1590 | 1677698 1676148 | 1553 1551 | 90.82 | sa_ill_sa_contig8 contig_85
		Alignment: 2985 3136 | 1678265 1678114 | 152 152 | 92.11 | sa_ill_sa_contig41 contig_85
		Alignment: 2614 2917 | 1678637 1678334 | 304 304 | 93.09 | sa_ill_sa_contig41 contig_85
		Alignment: 2099 2316 | 1679154 1678937 | 218 218 | 91.74 | sa_ill_sa_contig41 contig_85
		Alignment: 1871 2057 | 1679387 1679201 | 187 187 | 90.37 | sa_ill_sa_contig41 contig_85
		Alignment: 1559 1639 | 1679697 1679617 | 81 81 | 97.53 | sa_ill_sa_contig41 contig_85
		Alignment: 1158 1540 | 1680099 1679717 | 383 383 | 94.78 | sa_ill_sa_contig41 contig_85
		Alignment: 589 1151 | 1680668 1680106 | 563 563 | 93.25 | sa_ill_sa_contig41 contig_85
		Alignment: 497 577 | 1680760 1680680 | 81 81 | 92.59 | sa_ill_sa_contig41 contig_85
		Alignment: 38 1590 | 1782371 1780821 | 1553 1551 | 90.82 | sa_ill_sa_contig8 contig_85
		Alignment: 2985 3136 | 1782938 1782787 | 152 152 | 92.11 | sa_ill_sa_contig41 contig_85
		Alignment: 2614 2917 | 1783310 1783007 | 304 304 | 93.09 | sa_ill_sa_contig41 contig_85
		Alignment: 2099 2316 | 1783827 1783610 | 218 218 | 91.74 | sa_ill_sa_contig41 contig_85
		Alignment: 1871 2057 | 1784060 1783874 | 187 187 | 90.37 | sa_ill_sa_contig41 contig_85
		Alignment: 1559 1639 | 1784370 1784290 | 81 81 | 97.53 | sa_ill_sa_contig41 contig_85
		Alignment: 1158 1540 | 1784772 1784390 | 383 383 | 94.78 | sa_ill_sa_contig41 contig_85
		Alignment: 589 1151 | 1785341 1784779 | 563 563 | 93.25 | sa_ill_sa_contig41 contig_85
		Alignment: 497 577 | 1785433 1785353 | 81 81 | 92.59 | sa_ill_sa_contig41 contig_85
		Unaligned bases: 2970414

CONTIG: contig_88 (4045204bp)
Best alignment score: 2526.3 (LEN: 2807, IDY: 90.00), Total number of alignments: 64
			Looking for the best set of alignments (out of 64 total alignments)
			Skipping redundant alignments after choosing the best set of alignments
		Skipping redundant alignment 169463 169621 | 1500571 1500729 | 159 159 | 93.12 | sa_ill_sa_contig3 contig_88
		Skipping redundant alignment 20693 20826 | 2703330 2703197 | 134 134 | 91.04 | sa_ill_sa_contig15 contig_88
		Skipping redundant alignment 169463 169621 | 3096046 3095887 | 159 160 | 93.79 | sa_ill_sa_contig3 contig_88
		Skipping redundant alignment 254 327 | 1502362 1502435 | 74 74 | 95.95 | sa_ill_sa_contig23 contig_88
		Skipping redundant alignment 788 861 | 2736361 2736288 | 74 74 | 97.3 | sa_ill_sa_contig51 contig_88
		Skipping redundant alignment 689 766 | 2736447 2736370 | 78 78 | 96.15 | sa_ill_sa_contig51 contig_88
		Skipping redundant alignment 689 766 | 2581422 2581345 | 78 78 | 97.44 | sa_ill_sa_contig51 contig_88
		Skipping redundant alignment 689 766 | 2602031 2601954 | 78 78 | 97.44 | sa_ill_sa_contig51 contig_88
		Skipping redundant alignment 105 270 | 2764723 2764887 | 166 165 | 96.41 | sa_ill_sa_contig25 contig_88
		Skipping redundant alignment 601 667 | 2640198 2640132 | 67 67 | 100.0 | sa_ill_sa_contig51 contig_88
		Skipping redundant alignment 198 275 | 3096168 3096245 | 78 78 | 97.44 | sa_ill_sa_contig25 contig_88
		Skipping redundant alignment 34155 34242 | 3096520 3096608 | 88 89 | 96.63 | sa_ill_sa_contig24 contig_88
		Skipping redundant alignment 254 327 | 2665465 2665392 | 74 74 | 97.3 | sa_ill_sa_contig23 contig_88
		Skipping redundant alignment 165 240 | 2665542 2665467 | 76 76 | 96.05 | sa_ill_sa_contig23 contig_88
		Skipping redundant alignment 788 861 | 2666145 2666072 | 74 74 | 97.3 | sa_ill_sa_contig51 contig_88
		Skipping redundant alignment 689 766 | 2666231 2666154 | 78 78 | 97.44 | sa_ill_sa_contig51 contig_88
		Skipping redundant alignment 105 190 | 3493434 3493520 | 86 87 | 97.7 | sa_ill_sa_contig25 contig_88
		Skipping redundant alignment 32826 32901 | 3493598 3493523 | 76 76 | 94.74 | sa_ill_sa_contig26 contig_88
		Skipping redundant alignment 32667 32748 | 3493780 3493699 | 82 82 | 95.12 | sa_ill_sa_contig26 contig_88
		This contig has several significant sets of alignments. [An ambiguously mapped contig]
		Using only the very best set (option --ambiguity-usage is set to "one").
			The best set is below. Score: 28393.0, number of alignments: 45, unaligned bases: 4009500
		This contig is misassembled.
		This contig is partially unaligned. (Aligned 35704 out of 4045204 non-N bases (0.88%))
			Warning! This contig is more unaligned than misassembled. Contig length is 4045204 (number of Ns: 0) and total length of all aligns is 35704
		Alignment: 492 565 | 1501437 1501510 | 74 74 | 93.24 | sa_ill_sa_contig51 contig_88
		Alignment: 589 679 | 1501511 1501601 | 91 91 | 90.11 | sa_ill_sa_contig51 contig_88
		Alignment: 691 765 | 1501609 1501683 | 75 75 | 97.33 | sa_ill_sa_contig51 contig_88
		Alignment: 788 861 | 1501691 1501764 | 74 74 | 97.3 | sa_ill_sa_contig51 contig_88
		Alignment: 497 3301 | 1502822 1505628 | 2805 2807 | 90.0 | sa_ill_sa_contig41 contig_88
		Alignment: 35 1591 | 1505800 1507354 | 1557 1555 | 91.96 | sa_ill_sa_contig8 contig_88
		Alignment: 35 1591 | 2581167 2579614 | 1557 1554 | 91.96 | sa_ill_sa_contig8 contig_88
		Alignment: 2615 2916 | 2582203 2581902 | 302 302 | 93.38 | sa_ill_sa_contig41 contig_88
		Alignment: 1867 2316 | 2582952 2582503 | 450 450 | 90.89 | sa_ill_sa_contig41 contig_88
		Alignment: 1416 1540 | 2583403 2583279 | 125 125 | 91.2 | sa_ill_sa_contig41 contig_88
		Alignment: 497 1414 | 2584321 2583404 | 918 918 | 94.66 | sa_ill_sa_contig41 contig_88
		Alignment: 35 1591 | 2601776 2600222 | 1557 1555 | 91.96 | sa_ill_sa_contig8 contig_88
		Alignment: 497 3301 | 2604931 2602125 | 2805 2807 | 90.0 | sa_ill_sa_contig41 contig_88
		Alignment: 35 1591 | 2662107 2660553 | 1557 1555 | 92.03 | sa_ill_sa_contig8 contig_88
		Alignment: 2615 2916 | 2662966 2662665 | 302 302 | 93.38 | sa_ill_sa_contig41 contig_88
		Alignment: 1867 2316 | 2663715 2663266 | 450 450 | 90.89 | sa_ill_sa_contig41 contig_88
		Alignment: 1436 1540 | 2664146 2664042 | 105 105 | 94.29 | sa_ill_sa_contig41 contig_88
		Alignment: 497 1434 | 2665084 2664147 | 938 938 | 94.24 | sa_ill_sa_contig41 contig_88
		Alignment: 35 1591 | 2668029 2666475 | 1557 1555 | 92.03 | sa_ill_sa_contig8 contig_88
		Alignment: 2615 2916 | 2668889 2668588 | 302 302 | 93.38 | sa_ill_sa_contig41 contig_88
		Alignment: 1867 2316 | 2669637 2669188 | 450 450 | 90.89 | sa_ill_sa_contig41 contig_88
		Alignment: 1070 1540 | 2670434 2669964 | 471 471 | 91.72 | sa_ill_sa_contig41 contig_88
		Alignment: 497 1069 | 2671009 2670437 | 573 573 | 96.51 | sa_ill_sa_contig41 contig_88
		Alignment: 35 1591 | 2732565 2731012 | 1557 1554 | 91.84 | sa_ill_sa_contig8 contig_88
		Alignment: 2615 2916 | 2733424 2733123 | 302 302 | 93.38 | sa_ill_sa_contig41 contig_88
		Alignment: 1867 2316 | 2734173 2733724 | 450 450 | 90.89 | sa_ill_sa_contig41 contig_88
		Alignment: 821 1540 | 2735219 2734500 | 720 720 | 93.19 | sa_ill_sa_contig41 contig_88
		Alignment: 497 819 | 2735542 2735220 | 323 323 | 96.59 | sa_ill_sa_contig41 contig_88
		Alignment: 35 1591 | 2738178 2736624 | 1557 1555 | 91.9 | sa_ill_sa_contig8 contig_88
		Alignment: 2699 2916 | 2738953 2738736 | 218 218 | 95.41 | sa_ill_sa_contig41 contig_88
		Alignment: 1867 2316 | 2739783 2739334 | 450 450 | 90.89 | sa_ill_sa_contig41 contig_88
		Alignment: 497 1488 | 2741151 2740160 | 992 992 | 94.15 | sa_ill_sa_contig41 contig_88
		Alignment: 35 1591 | 2743174 2741620 | 1557 1555 | 91.9 | sa_ill_sa_contig8 contig_88
		Alignment: 2615 2916 | 2744033 2743732 | 302 302 | 93.38 | sa_ill_sa_contig41 contig_88
		Alignment: 1867 2316 | 2744782 2744333 | 450 450 | 90.67 | sa_ill_sa_contig41 contig_88
		Alignment: 497 1540 | 2746152 2745109 | 1044 1044 | 94.25 | sa_ill_sa_contig41 contig_88
		Alignment: 35 1591 | 3196599 3195045 | 1557 1555 | 92.03 | sa_ill_sa_contig8 contig_88
		Alignment: 2615 2916 | 3197458 3197157 | 302 302 | 93.38 | sa_ill_sa_contig41 contig_88
		Alignment: 1867 2316 | 3198207 3197758 | 450 450 | 90.89 | sa_ill_sa_contig41 contig_88
		Alignment: 497 1540 | 3199577 3198534 | 1044 1044 | 94.16 | sa_ill_sa_contig41 contig_88
		Alignment: 35 1591 | 3489335 3487781 | 1557 1555 | 92.03 | sa_ill_sa_contig8 contig_88
		Alignment: 2615 2916 | 3490194 3489893 | 302 302 | 93.38 | sa_ill_sa_contig41 contig_88
		Alignment: 2002 2316 | 3490808 3490494 | 315 315 | 90.48 | sa_ill_sa_contig41 contig_88
		Alignment: 1867 2000 | 3490942 3490809 | 134 134 | 91.79 | sa_ill_sa_contig41 contig_88
		Alignment: 497 1540 | 3492312 3491269 | 1044 1044 | 94.25 | sa_ill_sa_contig41 contig_88
		Unaligned bases: 4009500

CONTIG: contig_2 (2845272bp)
Best alignment score: 567.0 (LEN: 599, IDY: 94.66), Total number of alignments: 48
			Looking for the best set of alignments (out of 48 total alignments)
			Skipping redundant alignments after choosing the best set of alignments
		Skipping redundant alignment 786 861 | 2392926 2392851 | 76 76 | 100.0 | sa_ill_sa_contig51 contig_2
		This contig has several significant sets of alignments. [An ambiguously mapped contig]
		Using only the very best set (option --ambiguity-usage is set to "one").
			The best set is below. Score: 8639.0, number of alignments: 47, unaligned bases: 2833972
		This contig is misassembled.
		This contig is partially unaligned. (Aligned 11300 out of 2845272 non-N bases (0.40%))
			Warning! This contig is more unaligned than misassembled. Contig length is 2845272 (number of Ns: 0) and total length of all aligns is 11300
		Alignment: 1136 1374 | 604746 604508 | 239 239 | 92.47 | sa_ill_sa_contig8 contig_2
		Alignment: 821 1110 | 605061 604772 | 290 290 | 93.45 | sa_ill_sa_contig8 contig_2
		Alignment: 561 818 | 605319 605062 | 258 258 | 96.12 | sa_ill_sa_contig8 contig_2
		Alignment: 437 551 | 605441 605327 | 115 115 | 96.52 | sa_ill_sa_contig8 contig_2
		Alignment: 38 219 | 605838 605657 | 182 182 | 94.51 | sa_ill_sa_contig8 contig_2
		Alignment: 3006 3124 | 606466 606348 | 119 119 | 96.64 | sa_ill_sa_contig41 contig_2
		Alignment: 2346 2414 | 607122 607054 | 69 69 | 95.65 | sa_ill_sa_contig41 contig_2
		Alignment: 2102 2316 | 607366 607152 | 215 215 | 95.35 | sa_ill_sa_contig41 contig_2
		Alignment: 1191 1538 | 608268 607921 | 348 348 | 95.11 | sa_ill_sa_contig41 contig_2
		Alignment: 497 1095 | 608962 608364 | 599 599 | 94.66 | sa_ill_sa_contig41 contig_2
		Alignment: 110713 110836 | 861542 861665 | 124 124 | 91.94 | sa_ill_sa_contig1 contig_2
		Alignment: 497 1095 | 2112601 2113199 | 599 599 | 94.66 | sa_ill_sa_contig41 contig_2
		Alignment: 1191 1538 | 2113295 2113642 | 348 348 | 95.11 | sa_ill_sa_contig41 contig_2
		Alignment: 2102 2316 | 2114197 2114411 | 215 215 | 95.35 | sa_ill_sa_contig41 contig_2
		Alignment: 2346 2414 | 2114441 2114509 | 69 69 | 95.65 | sa_ill_sa_contig41 contig_2
		Alignment: 3006 3134 | 2115097 2115225 | 129 129 | 93.8 | sa_ill_sa_contig41 contig_2
		Alignment: 3184 3302 | 2115274 2115392 | 119 119 | 94.12 | sa_ill_sa_contig41 contig_2
		Alignment: 38 431 | 2115623 2116016 | 394 394 | 90.61 | sa_ill_sa_contig8 contig_2
		Alignment: 437 551 | 2116022 2116136 | 115 115 | 96.52 | sa_ill_sa_contig8 contig_2
		Alignment: 561 1110 | 2116144 2116693 | 550 550 | 94.73 | sa_ill_sa_contig8 contig_2
		Alignment: 1136 1374 | 2116719 2116957 | 239 239 | 92.47 | sa_ill_sa_contig8 contig_2
		Alignment: 19874 19965 | 2171447 2171538 | 92 92 | 91.3 | sa_ill_sa_contig15 contig_2
		Alignment: 20204 20310 | 2171777 2171883 | 107 107 | 94.39 | sa_ill_sa_contig15 contig_2
		Alignment: 20351 20466 | 2171927 2172042 | 116 116 | 93.1 | sa_ill_sa_contig15 contig_2
		Alignment: 1136 1374 | 2387712 2387474 | 239 239 | 92.47 | sa_ill_sa_contig8 contig_2
		Alignment: 561 1110 | 2388287 2387738 | 550 550 | 94.73 | sa_ill_sa_contig8 contig_2
		Alignment: 437 551 | 2388409 2388295 | 115 115 | 96.52 | sa_ill_sa_contig8 contig_2
		Alignment: 38 431 | 2388808 2388415 | 394 394 | 90.61 | sa_ill_sa_contig8 contig_2
		Alignment: 3184 3302 | 2389157 2389039 | 119 119 | 94.12 | sa_ill_sa_contig41 contig_2
		Alignment: 3006 3134 | 2389334 2389206 | 129 129 | 93.8 | sa_ill_sa_contig41 contig_2
		Alignment: 2346 2414 | 2389990 2389922 | 69 69 | 95.65 | sa_ill_sa_contig41 contig_2
		Alignment: 2151 2316 | 2390185 2390020 | 166 166 | 95.78 | sa_ill_sa_contig41 contig_2
		Alignment: 1191 1538 | 2391135 2390788 | 348 348 | 95.11 | sa_ill_sa_contig41 contig_2
		Alignment: 497 1095 | 2391829 2391231 | 599 599 | 94.66 | sa_ill_sa_contig41 contig_2
		Alignment: 1136 1374 | 2830811 2830573 | 239 239 | 92.47 | sa_ill_sa_contig8 contig_2
		Alignment: 561 1110 | 2831386 2830837 | 550 550 | 94.73 | sa_ill_sa_contig8 contig_2
		Alignment: 437 551 | 2831508 2831394 | 115 115 | 96.52 | sa_ill_sa_contig8 contig_2
		Alignment: 38 431 | 2831907 2831514 | 394 394 | 90.61 | sa_ill_sa_contig8 contig_2
		Alignment: 3006 3124 | 2832536 2832418 | 119 119 | 96.64 | sa_ill_sa_contig41 contig_2
		Alignment: 2346 2414 | 2833192 2833124 | 69 69 | 95.65 | sa_ill_sa_contig41 contig_2
		Alignment: 2142 2316 | 2833396 2833222 | 175 175 | 96.0 | sa_ill_sa_contig41 contig_2
		Alignment: 1191 1538 | 2834337 2833990 | 348 348 | 95.11 | sa_ill_sa_contig41 contig_2
		Alignment: 497 1095 | 2835031 2834433 | 599 599 | 94.66 | sa_ill_sa_contig41 contig_2
		Alignment: 785 865 | 2836052 2835972 | 81 81 | 98.77 | sa_ill_sa_contig51 contig_2
		Alignment: 691 766 | 2836136 2836061 | 76 76 | 96.05 | sa_ill_sa_contig51 contig_2
		Alignment: 585 666 | 2836240 2836159 | 82 82 | 91.46 | sa_ill_sa_contig51 contig_2
		Alignment: 491 565 | 2836326 2836252 | 75 75 | 93.33 | sa_ill_sa_contig51 contig_2
		Unaligned bases: 2833972

CONTIG: contig_86 (1934551bp)
Best alignment score: 987.1 (LEN: 1076, IDY: 91.74), Total number of alignments: 37
			Looking for the best set of alignments (out of 37 total alignments)
			Skipping redundant alignments after choosing the best set of alignments
		Skipping redundant alignment 567 826 | 144836 145095 | 260 260 | 91.54 | sa_ill_sa_contig8 contig_86
		This contig has several significant sets of alignments. [An ambiguously mapped contig]
		Using only the very best set (option --ambiguity-usage is set to "one").
			The best set is below. Score: 5153.1, number of alignments: 36, unaligned bases: 1926464
		This contig is misassembled.
		This contig is partially unaligned. (Aligned 8087 out of 1934551 non-N bases (0.42%))
			Warning! This contig is more unaligned than misassembled. Contig length is 1934551 (number of Ns: 0) and total length of all aligns is 8087
		Alignment: 497 982 | 64987 65472 | 486 486 | 93.42 | sa_ill_sa_contig41 contig_86
		Alignment: 1193 1263 | 65556 65626 | 71 71 | 95.77 | sa_ill_sa_contig41 contig_86
		Alignment: 1270 1543 | 65633 65906 | 274 274 | 92.7 | sa_ill_sa_contig41 contig_86
		Alignment: 2105 2299 | 66460 66654 | 195 195 | 93.33 | sa_ill_sa_contig41 contig_86
		Alignment: 2342 2421 | 66697 66776 | 80 80 | 90.0 | sa_ill_sa_contig41 contig_86
		Alignment: 3008 3122 | 67276 67390 | 115 115 | 91.3 | sa_ill_sa_contig41 contig_86
		Alignment: 471 545 | 68346 68420 | 75 75 | 98.67 | sa_ill_sa_contig8 contig_86
		Alignment: 567 826 | 68440 68699 | 260 260 | 91.54 | sa_ill_sa_contig8 contig_86
		Alignment: 858 956 | 68716 68814 | 99 99 | 90.91 | sa_ill_sa_contig8 contig_86
		Alignment: 589 1095 | 141634 142140 | 507 507 | 95.66 | sa_ill_sa_contig41 contig_86
		Alignment: 1150 1543 | 142195 142588 | 394 394 | 90.61 | sa_ill_sa_contig41 contig_86
		Alignment: 2105 2299 | 143106 143300 | 195 195 | 93.33 | sa_ill_sa_contig41 contig_86
		Alignment: 2342 2421 | 143343 143422 | 80 80 | 90.0 | sa_ill_sa_contig41 contig_86
		Alignment: 2429 2499 | 143431 143501 | 71 71 | 90.14 | sa_ill_sa_contig41 contig_86
		Alignment: 589 1674 | 176721 177796 | 1086 1076 | 91.74 | sa_ill_sa_contig41 contig_86
		Alignment: 2105 2299 | 178019 178213 | 195 195 | 93.33 | sa_ill_sa_contig41 contig_86
		Alignment: 2342 2421 | 178256 178335 | 80 80 | 90.0 | sa_ill_sa_contig41 contig_86
		Alignment: 3008 3122 | 178922 179036 | 115 115 | 91.3 | sa_ill_sa_contig41 contig_86
		Alignment: 471 545 | 179850 179924 | 75 75 | 98.67 | sa_ill_sa_contig8 contig_86
		Alignment: 576 826 | 179946 180196 | 251 251 | 91.24 | sa_ill_sa_contig8 contig_86
		Alignment: 965 1096 | 839852 839721 | 132 132 | 92.42 | sa_ill_sa_contig8 contig_86
		Alignment: 567 826 | 840250 839991 | 260 260 | 91.54 | sa_ill_sa_contig8 contig_86
		Alignment: 471 545 | 840344 840270 | 75 75 | 98.67 | sa_ill_sa_contig8 contig_86
		Alignment: 3008 3122 | 841443 841329 | 115 115 | 91.3 | sa_ill_sa_contig41 contig_86
		Alignment: 2342 2421 | 842112 842033 | 80 80 | 90.0 | sa_ill_sa_contig41 contig_86
		Alignment: 2105 2299 | 842349 842155 | 195 195 | 93.33 | sa_ill_sa_contig41 contig_86
		Alignment: 1150 1543 | 843294 842901 | 394 394 | 90.61 | sa_ill_sa_contig41 contig_86
		Alignment: 589 1067 | 843835 843357 | 479 479 | 96.03 | sa_ill_sa_contig41 contig_86
		Alignment: 693 1095 | 1652630 1653032 | 403 403 | 95.29 | sa_ill_sa_contig41 contig_86
		Alignment: 1150 1543 | 1653087 1653480 | 394 394 | 90.61 | sa_ill_sa_contig41 contig_86
		Alignment: 2105 2212 | 1654035 1654142 | 108 108 | 95.37 | sa_ill_sa_contig41 contig_86
		Alignment: 2214 2299 | 1654143 1654228 | 86 86 | 90.7 | sa_ill_sa_contig41 contig_86
		Alignment: 2342 2421 | 1654271 1654350 | 80 80 | 90.0 | sa_ill_sa_contig41 contig_86
		Alignment: 3008 3122 | 1654940 1655054 | 115 115 | 91.3 | sa_ill_sa_contig41 contig_86
		Alignment: 38 254 | 1655436 1655652 | 217 217 | 90.32 | sa_ill_sa_contig8 contig_86
		Alignment: 567 826 | 1655964 1656223 | 260 260 | 91.54 | sa_ill_sa_contig8 contig_86
		Unaligned bases: 1926464

CONTIG: contig_94 (4757983bp)
Best alignment score: 209.0 (LEN: 230, IDY: 90.87), Total number of alignments: 34
			Looking for the best set of alignments (out of 34 total alignments)
			Skipping redundant alignments after choosing the best set of alignments
		Skipping redundant alignment 590 729 | 1993185 1993046 | 140 140 | 91.43 | sa_ill_sa_contig8 contig_94
		Skipping redundant alignment 455 542 | 1993318 1993231 | 88 88 | 90.91 | sa_ill_sa_contig8 contig_94
			The best set is below. Score: 750.0, number of alignments: 32, unaligned bases: 4753915
		This contig is misassembled.
		This contig is partially unaligned. (Aligned 4068 out of 4757983 non-N bases (0.09%))
			Warning! This contig is more unaligned than misassembled. Contig length is 4757983 (number of Ns: 0) and total length of all aligns is 4068
		Alignment: 671 900 | 806589 806818 | 230 230 | 90.87 | sa_ill_sa_contig41 contig_94
		Alignment: 1309 1402 | 807227 807320 | 94 94 | 96.81 | sa_ill_sa_contig41 contig_94
		Alignment: 455 542 | 809969 810056 | 88 88 | 90.91 | sa_ill_sa_contig8 contig_94
		Alignment: 590 729 | 810102 810241 | 140 140 | 91.43 | sa_ill_sa_contig8 contig_94
		Alignment: 769 840 | 810280 810351 | 72 72 | 95.83 | sa_ill_sa_contig8 contig_94
		Alignment: 671 900 | 1472799 1473028 | 230 230 | 90.87 | sa_ill_sa_contig41 contig_94
		Alignment: 1309 1402 | 1473437 1473530 | 94 94 | 96.81 | sa_ill_sa_contig41 contig_94
		Alignment: 455 542 | 1476181 1476268 | 88 88 | 90.91 | sa_ill_sa_contig8 contig_94
		Alignment: 590 729 | 1476314 1476453 | 140 140 | 91.43 | sa_ill_sa_contig8 contig_94
		Alignment: 769 840 | 1476492 1476563 | 72 72 | 95.83 | sa_ill_sa_contig8 contig_94
		Alignment: 1309 1402 | 1996221 1996128 | 94 94 | 96.81 | sa_ill_sa_contig41 contig_94
		Alignment: 671 900 | 1996859 1996630 | 230 230 | 90.87 | sa_ill_sa_contig41 contig_94
		Alignment: 769 840 | 2088092 2088021 | 72 72 | 95.83 | sa_ill_sa_contig8 contig_94
		Alignment: 590 729 | 2088270 2088131 | 140 140 | 91.43 | sa_ill_sa_contig8 contig_94
		Alignment: 455 542 | 2088403 2088316 | 88 88 | 90.91 | sa_ill_sa_contig8 contig_94
		Alignment: 1309 1402 | 2091147 2091054 | 94 94 | 96.81 | sa_ill_sa_contig41 contig_94
		Alignment: 671 900 | 2091785 2091556 | 230 230 | 90.87 | sa_ill_sa_contig41 contig_94
		Alignment: 769 840 | 2243302 2243231 | 72 72 | 95.83 | sa_ill_sa_contig8 contig_94
		Alignment: 590 729 | 2243480 2243341 | 140 140 | 91.43 | sa_ill_sa_contig8 contig_94
		Alignment: 455 542 | 2243613 2243526 | 88 88 | 90.91 | sa_ill_sa_contig8 contig_94
		Alignment: 1309 1402 | 2246514 2246421 | 94 94 | 96.81 | sa_ill_sa_contig41 contig_94
		Alignment: 671 900 | 2247152 2246923 | 230 230 | 90.87 | sa_ill_sa_contig41 contig_94
		Alignment: 769 840 | 2286201 2286130 | 72 72 | 95.83 | sa_ill_sa_contig8 contig_94
		Alignment: 590 729 | 2286379 2286240 | 140 140 | 91.43 | sa_ill_sa_contig8 contig_94
		Alignment: 455 542 | 2286512 2286425 | 88 88 | 90.91 | sa_ill_sa_contig8 contig_94
		Alignment: 1309 1402 | 2289255 2289162 | 94 94 | 96.81 | sa_ill_sa_contig41 contig_94
		Alignment: 671 900 | 2289893 2289664 | 230 230 | 90.87 | sa_ill_sa_contig41 contig_94
		Alignment: 769 840 | 3035658 3035587 | 72 72 | 95.83 | sa_ill_sa_contig8 contig_94
		Alignment: 590 729 | 3035836 3035697 | 140 140 | 91.43 | sa_ill_sa_contig8 contig_94
		Alignment: 455 542 | 3035969 3035882 | 88 88 | 90.91 | sa_ill_sa_contig8 contig_94
		Alignment: 1309 1402 | 3038973 3038880 | 94 94 | 96.81 | sa_ill_sa_contig41 contig_94
		Alignment: 671 900 | 3039611 3039382 | 230 230 | 90.87 | sa_ill_sa_contig41 contig_94
		Unaligned bases: 4753915

CONTIG: contig_95 (4764584bp)
Best alignment score: 209.0 (LEN: 230, IDY: 90.87), Total number of alignments: 35
			Looking for the best set of alignments (out of 35 total alignments)
			The best set is below. Score: 667.9, number of alignments: 35, unaligned bases: 4760349
		This contig is misassembled.
		This contig is partially unaligned. (Aligned 4235 out of 4764584 non-N bases (0.09%))
			Warning! This contig is more unaligned than misassembled. Contig length is 4764584 (number of Ns: 0) and total length of all aligns is 4235
		Alignment: 671 900 | 304097 304326 | 230 230 | 90.87 | sa_ill_sa_contig41 contig_95
		Alignment: 1309 1402 | 304735 304828 | 94 94 | 96.81 | sa_ill_sa_contig41 contig_95
		Alignment: 455 542 | 307554 307641 | 88 88 | 90.91 | sa_ill_sa_contig8 contig_95
		Alignment: 590 709 | 307687 307806 | 120 120 | 93.33 | sa_ill_sa_contig8 contig_95
		Alignment: 769 841 | 307865 307937 | 73 73 | 95.89 | sa_ill_sa_contig8 contig_95
		Alignment: 671 900 | 1012327 1012556 | 230 230 | 90.87 | sa_ill_sa_contig41 contig_95
		Alignment: 1309 1402 | 1012965 1013058 | 94 94 | 96.81 | sa_ill_sa_contig41 contig_95
		Alignment: 455 542 | 1015786 1015873 | 88 88 | 90.91 | sa_ill_sa_contig8 contig_95
		Alignment: 590 709 | 1015919 1016038 | 120 120 | 93.33 | sa_ill_sa_contig8 contig_95
		Alignment: 769 841 | 1016097 1016169 | 73 73 | 95.89 | sa_ill_sa_contig8 contig_95
		Alignment: 769 841 | 1556634 1556562 | 73 73 | 95.89 | sa_ill_sa_contig8 contig_95
		Alignment: 590 709 | 1556812 1556693 | 120 120 | 93.33 | sa_ill_sa_contig8 contig_95
		Alignment: 455 542 | 1556945 1556858 | 88 88 | 90.91 | sa_ill_sa_contig8 contig_95
		Alignment: 1309 1402 | 1559687 1559594 | 94 94 | 96.81 | sa_ill_sa_contig41 contig_95
		Alignment: 671 900 | 1560325 1560096 | 230 230 | 90.87 | sa_ill_sa_contig41 contig_95
		Alignment: 769 841 | 1650237 1650165 | 73 73 | 95.89 | sa_ill_sa_contig8 contig_95
		Alignment: 590 709 | 1650414 1650295 | 120 120 | 93.33 | sa_ill_sa_contig8 contig_95
		Alignment: 455 542 | 1650547 1650460 | 88 88 | 90.91 | sa_ill_sa_contig8 contig_95
		Alignment: 1309 1402 | 1653382 1653289 | 94 94 | 96.81 | sa_ill_sa_contig41 contig_95
		Alignment: 671 900 | 1654020 1653791 | 230 230 | 90.87 | sa_ill_sa_contig41 contig_95
		Alignment: 769 841 | 1781344 1781272 | 73 73 | 95.89 | sa_ill_sa_contig8 contig_95
		Alignment: 590 709 | 1781522 1781403 | 120 120 | 93.33 | sa_ill_sa_contig8 contig_95
		Alignment: 455 542 | 1781655 1781568 | 88 88 | 90.91 | sa_ill_sa_contig8 contig_95
		Alignment: 1309 1402 | 1784397 1784304 | 94 94 | 96.81 | sa_ill_sa_contig41 contig_95
		Alignment: 671 900 | 1785035 1784806 | 230 230 | 90.87 | sa_ill_sa_contig41 contig_95
		Alignment: 769 841 | 1822739 1822667 | 73 73 | 95.89 | sa_ill_sa_contig8 contig_95
		Alignment: 590 709 | 1822917 1822798 | 120 120 | 93.33 | sa_ill_sa_contig8 contig_95
		Alignment: 455 542 | 1823050 1822963 | 88 88 | 90.91 | sa_ill_sa_contig8 contig_95
		Alignment: 1309 1402 | 1825792 1825699 | 94 94 | 96.81 | sa_ill_sa_contig41 contig_95
		Alignment: 671 900 | 1826430 1826201 | 230 230 | 90.87 | sa_ill_sa_contig41 contig_95
		Alignment: 769 841 | 2470473 2470401 | 73 73 | 95.89 | sa_ill_sa_contig8 contig_95
		Alignment: 590 709 | 2470651 2470532 | 120 120 | 93.33 | sa_ill_sa_contig8 contig_95
		Alignment: 455 542 | 2470784 2470697 | 88 88 | 90.91 | sa_ill_sa_contig8 contig_95
		Alignment: 1309 1402 | 2473618 2473525 | 94 94 | 96.81 | sa_ill_sa_contig41 contig_95
		Alignment: 671 900 | 2474256 2474027 | 230 230 | 90.87 | sa_ill_sa_contig41 contig_95
		Unaligned bases: 4760349

Analyzing coverage...
Writing SNPs into /media3/lucia/zymo_mock_community/asms_cuantizados/v4_13-2-21_2bins/metaquast-2bins-v2/runs_per_reference/sa_ill/contigs_reports/minimap_output/r10_2bins_v2_1_racon_r1.used_snps.gz

Analysis is finished!
Founded SNPs were written into /media3/lucia/zymo_mock_community/asms_cuantizados/v4_13-2-21_2bins/metaquast-2bins-v2/runs_per_reference/sa_ill/contigs_reports/minimap_output/r10_2bins_v2_1_racon_r1.used_snps.gz

Results:
	Local Misassemblies: 10
	Misassemblies: 13
		Relocations: 0
		Translocations: 13
		Inversions: 0
	Scaffold gap extensive misassemblies: 0
	Scaffold gap local misassemblies: 0
	Misassemblies caused by fragmented reference: 26
	Misassembled Contigs: 1
	Misassembled Contig Bases: 2720329
	Misassemblies Inter-Contig Overlap: 0
Unaligned Contigs: 0 + 7 part
Half Unaligned Contigs with Misassemblies: 6
Unaligned Contig Bases: 21263760

Ambiguously Mapped Contigs: 4
Total Bases in Ambiguously Mapped Contigs: 11816925
Extra Bases in Ambiguously Mapped Contigs: 0
Note that --allow-ambiguity option was set to "one" and only first alignment per each of these contigs was used.

	Covered Bases: 2676750

	SNPs: 7620
	Insertions: 2887
	Deletions: 3793

