Aligning contigs to reference...
	Aligning contigs to the reference
Filtering alignments...
Parsing coords...
Loading reference...
	Loaded [pa_ill_pa_contig77]
	Loaded [pa_ill_pa_contig76]
	Loaded [pa_ill_pa_contig75]
	Loaded [pa_ill_pa_contig74]
	Loaded [pa_ill_pa_contig73]
	Loaded [pa_ill_pa_contig72]
	Loaded [pa_ill_pa_contig71]
	Loaded [pa_ill_pa_contig70]
	Loaded [pa_ill_pa_contig23]
	Loaded [pa_ill_pa_contig21]
	Loaded [pa_ill_pa_contig28]
	Loaded [pa_ill_pa_contig79]
	Loaded [pa_ill_pa_contig78]
	Loaded [pa_ill_pa_contig32]
	Loaded [pa_ill_pa_contig8]
	Loaded [pa_ill_pa_contig41]
	Loaded [pa_ill_pa_contig47]
	Loaded [pa_ill_pa_contig4]
	Loaded [pa_ill_pa_contig13]
	Loaded [pa_ill_pa_contig11]
	Loaded [pa_ill_pa_contig10]
	Loaded [pa_ill_pa_contig39]
	Loaded [pa_ill_pa_contig12]
	Loaded [pa_ill_pa_contig59]
	Loaded [pa_ill_pa_contig14]
	Loaded [pa_ill_pa_contig17]
	Loaded [pa_ill_pa_contig16]
	Loaded [pa_ill_pa_contig55]
	Loaded [pa_ill_pa_contig54]
	Loaded [pa_ill_pa_contig31]
	Loaded [pa_ill_pa_contig56]
	Loaded [pa_ill_pa_contig51]
	Loaded [pa_ill_pa_contig50]
	Loaded [pa_ill_pa_contig35]
	Loaded [pa_ill_pa_contig34]
	Loaded [pa_ill_pa_contig60]
	Loaded [pa_ill_pa_contig61]
	Loaded [pa_ill_pa_contig62]
	Loaded [pa_ill_pa_contig63]
	Loaded [pa_ill_pa_contig64]
	Loaded [pa_ill_pa_contig65]
	Loaded [pa_ill_pa_contig66]
	Loaded [pa_ill_pa_contig67]
	Loaded [pa_ill_pa_contig68]
	Loaded [pa_ill_pa_contig69]
	Loaded [pa_ill_pa_contig80]
	Loaded [pa_ill_pa_contig81]
	Loaded [pa_ill_pa_contig84]
	Loaded [pa_ill_pa_contig19]
	Loaded [pa_ill_pa_contig83]
	Loaded [pa_ill_pa_contig2]
	Loaded [pa_ill_pa_contig18]
	Loaded [pa_ill_pa_contig5]
	Loaded [pa_ill_pa_contig57]
	Loaded [pa_ill_pa_contig58]
	Loaded [pa_ill_pa_contig15]
	Loaded [pa_ill_pa_contig1]
	Loaded [pa_ill_pa_contig45]
	Loaded [pa_ill_pa_contig3]
	Loaded [pa_ill_pa_contig30]
	Loaded [pa_ill_pa_contig33]
	Loaded [pa_ill_pa_contig38]
	Loaded [pa_ill_pa_contig7]
	Loaded [pa_ill_pa_contig6]
	Loaded [pa_ill_pa_contig9]
	Loaded [pa_ill_pa_contig37]
	Loaded [pa_ill_pa_contig36]
	Loaded [pa_ill_pa_contig24]
	Loaded [pa_ill_pa_contig25]
	Loaded [pa_ill_pa_contig26]
	Loaded [pa_ill_pa_contig27]
	Loaded [pa_ill_pa_contig20]
	Loaded [pa_ill_pa_contig53]
	Loaded [pa_ill_pa_contig48]
	Loaded [pa_ill_pa_contig49]
	Loaded [pa_ill_pa_contig46]
	Loaded [pa_ill_pa_contig22]
	Loaded [pa_ill_pa_contig44]
	Loaded [pa_ill_pa_contig52]
	Loaded [pa_ill_pa_contig42]
	Loaded [pa_ill_pa_contig43]
	Loaded [pa_ill_pa_contig40]
	Loaded [pa_ill_pa_contig29]
	Total Regions: 83
	Total Region Length: 6728151
Analyzing contigs...
CONTIG: contig_142 (6792182bp)
Best alignment score: 847678.0 (LEN: 847678, IDY: 100.00), Total number of alignments: 156
			Too much alignments (156), will use speed up heuristics
			Found 105 solid alignments:
		Solid alignment 46754 47071 | 3 320 | 318 318 | 98.43 | pa_ill_pa_contig35 contig_142
		Solid alignment 1 2207 | 3204 998 | 2207 2207 | 99.82 | pa_ill_pa_contig55 contig_142
		Solid alignment 1 232544 | 3150 235715 | 232544 232566 | 99.98 | pa_ill_pa_contig10 contig_142
		Solid alignment 1 1874 | 235588 237461 | 1874 1874 | 100.0 | pa_ill_pa_contig57 contig_142
		Solid alignment 232388 237415 | 237306 242332 | 5028 5027 | 99.96 | pa_ill_pa_contig10 contig_142
		Solid alignment 1235 3722 | 244765 242278 | 2488 2488 | 99.6 | pa_ill_pa_contig48 contig_142
		Solid alignment 1 1079 | 245999 244921 | 1079 1079 | 99.81 | pa_ill_pa_contig48 contig_142
		Solid alignment 1 956 | 245945 246900 | 956 956 | 100.0 | pa_ill_pa_contig70 contig_142
		Solid alignment 1 3064 | 249909 246846 | 3064 3064 | 99.71 | pa_ill_pa_contig51 contig_142
		Solid alignment 92967 210873 | 367762 249855 | 117907 117908 | 99.99 | pa_ill_pa_contig11 contig_142
		Solid alignment 1 93281 | 460619 367338 | 93281 93282 | 99.99 | pa_ill_pa_contig11 contig_142
		Solid alignment 1 985 | 460565 461549 | 985 985 | 99.49 | pa_ill_pa_contig69 contig_142
		Solid alignment 1 48969 | 461495 510463 | 48969 48969 | 99.99 | pa_ill_pa_contig34 contig_142
		Solid alignment 1 5713 | 510409 516121 | 5713 5713 | 99.93 | pa_ill_pa_contig44 contig_142
		Solid alignment 1 106324 | 622391 516067 | 106324 106325 | 100.0 | pa_ill_pa_contig22 contig_142
		Solid alignment 1 90153 | 712919 622767 | 90153 90153 | 100.0 | pa_ill_pa_contig23 contig_142
		Solid alignment 1 1197 | 712865 714061 | 1197 1197 | 99.83 | pa_ill_pa_contig67 contig_142
		Solid alignment 1 465790 | 714007 1179657 | 465790 465651 | 99.97 | pa_ill_pa_contig3 contig_142
		Solid alignment 1 2514 | 1179603 1182116 | 2514 2514 | 99.72 | pa_ill_pa_contig54 contig_142
		Solid alignment 1 868 | 1182568 1183435 | 868 868 | 99.54 | pa_ill_pa_contig74 contig_142
		Solid alignment 1 119004 | 1184239 1303242 | 119004 119004 | 100.0 | pa_ill_pa_contig18 contig_142
		Solid alignment 1 5713 | 1303188 1308900 | 5713 5713 | 100.0 | pa_ill_pa_contig44 contig_142
		Solid alignment 1 1405 | 1311143 1309739 | 1405 1405 | 90.74 | pa_ill_pa_contig12 contig_142
		Solid alignment 1 1492 | 1311089 1312580 | 1492 1492 | 100.0 | pa_ill_pa_contig61 contig_142
		Solid alignment 1 21904 | 1312526 1334428 | 21904 21903 | 100.0 | pa_ill_pa_contig41 contig_142
		Solid alignment 1 868 | 1335956 1335083 | 868 874 | 98.4 | pa_ill_pa_contig74 contig_142
		Solid alignment 1 2514 | 1338921 1336408 | 2514 2514 | 99.72 | pa_ill_pa_contig54 contig_142
		Solid alignment 132 56432 | 1395162 1338867 | 56301 56296 | 99.92 | pa_ill_pa_contig31 contig_142
		Solid alignment 1 187635 | 1397232 1584863 | 187635 187632 | 100.0 | pa_ill_pa_contig14 contig_142
		Solid alignment 1 265097 | 1585708 1850802 | 265097 265095 | 100.0 | pa_ill_pa_contig7 contig_142
		Solid alignment 1 1538 | 1851253 1852790 | 1538 1538 | 100.0 | pa_ill_pa_contig60 contig_142
		Solid alignment 1 3511 | 1856673 1853163 | 3511 3511 | 100.0 | pa_ill_pa_contig49 contig_142
		Solid alignment 1 38146 | 1857262 1895407 | 38146 38146 | 100.0 | pa_ill_pa_contig36 contig_142
		Solid alignment 1 5713 | 1895353 1901066 | 5713 5714 | 99.96 | pa_ill_pa_contig44 contig_142
		Solid alignment 1 61716 | 1901012 1962727 | 61716 61716 | 100.0 | pa_ill_pa_contig29 contig_142
		Solid alignment 1 1197 | 1963869 1962673 | 1197 1197 | 99.08 | pa_ill_pa_contig67 contig_142
		Solid alignment 1 847683 | 2811492 1963815 | 847683 847678 | 100.0 | pa_ill_pa_contig1 contig_142
		Solid alignment 1 2207 | 2811438 2813644 | 2207 2207 | 99.5 | pa_ill_pa_contig55 contig_142
		Solid alignment 1 47071 | 2861393 2814323 | 47071 47071 | 100.0 | pa_ill_pa_contig35 contig_142
		Solid alignment 1 266935 | 2862003 3128936 | 266935 266934 | 100.0 | pa_ill_pa_contig6 contig_142
		Solid alignment 1 111253 | 3240145 3128896 | 111253 111250 | 99.98 | pa_ill_pa_contig20 contig_142
		Solid alignment 1 5507 | 3245597 3240091 | 5507 5507 | 99.47 | pa_ill_pa_contig45 contig_142
		Solid alignment 1 118702 | 3245543 3364236 | 118702 118694 | 99.98 | pa_ill_pa_contig19 contig_142
		Solid alignment 1 1237 | 3365965 3364729 | 1237 1237 | 99.68 | pa_ill_pa_contig65 contig_142
		Solid alignment 1 944 | 3366854 3365911 | 944 944 | 98.83 | pa_ill_pa_contig71 contig_142
		Solid alignment 1 23992 | 3367502 3391493 | 23992 23992 | 100.0 | pa_ill_pa_contig40 contig_142
		Solid alignment 1 1468 | 3391439 3392906 | 1468 1468 | 99.93 | pa_ill_pa_contig62 contig_142
		Solid alignment 1 56682 | 3392852 3449533 | 56682 56682 | 100.0 | pa_ill_pa_contig30 contig_142
		Solid alignment 1 927 | 3449479 3450405 | 927 927 | 97.63 | pa_ill_pa_contig73 contig_142
		Solid alignment 1 204999 | 3655237 3450351 | 204999 204887 | 99.94 | pa_ill_pa_contig12 contig_142
		Solid alignment 1 1492 | 3655183 3656674 | 1492 1492 | 99.87 | pa_ill_pa_contig61 contig_142
		Solid alignment 1 106796 | 3656620 3763415 | 106796 106796 | 100.0 | pa_ill_pa_contig21 contig_142
		Solid alignment 1 1258 | 3764618 3763361 | 1258 1258 | 99.52 | pa_ill_pa_contig64 contig_142
		Solid alignment 1 34671 | 3764564 3799273 | 34671 34710 | 99.86 | pa_ill_pa_contig15 contig_142
		Solid alignment 34236 173697 | 3798893 3938437 | 139462 139545 | 99.93 | pa_ill_pa_contig15 contig_142
		Solid alignment 1 1028 | 3940215 3939188 | 1028 1028 | 99.81 | pa_ill_pa_contig68 contig_142
		Solid alignment 1 1028 | 3943399 3942372 | 1028 1028 | 99.51 | pa_ill_pa_contig68 contig_142
		Solid alignment 1 1661 | 3945005 3943345 | 1661 1661 | 100.0 | pa_ill_pa_contig59 contig_142
		Solid alignment 1 1682 | 3944951 3946632 | 1682 1682 | 99.52 | pa_ill_pa_contig58 contig_142
		Solid alignment 1 4971 | 3946578 3951548 | 4971 4971 | 100.0 | pa_ill_pa_contig46 contig_142
		Solid alignment 1 1682 | 3951494 3953175 | 1682 1682 | 99.76 | pa_ill_pa_contig58 contig_142
		Solid alignment 1 3238 | 3953121 3956358 | 3238 3238 | 100.0 | pa_ill_pa_contig50 contig_142
		Solid alignment 1 799 | 3956304 3957102 | 799 799 | 99.12 | pa_ill_pa_contig75 contig_142
		Solid alignment 1 6148 | 3963938 3957792 | 6148 6147 | 99.98 | pa_ill_pa_contig43 contig_142
		Solid alignment 1 799 | 3963884 3964682 | 799 799 | 98.62 | pa_ill_pa_contig75 contig_142
		Solid alignment 1 68331 | 3965372 4033702 | 68331 68331 | 99.99 | pa_ill_pa_contig28 contig_142
		Solid alignment 1 985 | 4033648 4034632 | 985 985 | 98.48 | pa_ill_pa_contig69 contig_142
		Solid alignment 1 30768 | 4065345 4034578 | 30768 30768 | 99.97 | pa_ill_pa_contig38 contig_142
		Solid alignment 1235 3722 | 4067778 4065291 | 2488 2488 | 99.44 | pa_ill_pa_contig48 contig_142
		Solid alignment 1 1079 | 4069012 4067934 | 1079 1079 | 99.54 | pa_ill_pa_contig48 contig_142
		Solid alignment 1 6590 | 4068958 4075546 | 6590 6589 | 99.8 | pa_ill_pa_contig42 contig_142
		Solid alignment 1 3064 | 4078555 4075492 | 3064 3064 | 99.28 | pa_ill_pa_contig51 contig_142
		Solid alignment 1 26794 | 4078501 4105294 | 26794 26794 | 100.0 | pa_ill_pa_contig39 contig_142
		Solid alignment 1 258570 | 4364353 4105788 | 258570 258566 | 99.99 | pa_ill_pa_contig8 contig_142
		Solid alignment 1 944 | 4364299 4365241 | 944 943 | 99.26 | pa_ill_pa_contig71 contig_142
		Solid alignment 1 1237 | 4365187 4366423 | 1237 1237 | 95.64 | pa_ill_pa_contig65 contig_142
		Solid alignment 1 191344 | 4366916 4558239 | 191344 191324 | 99.98 | pa_ill_pa_contig13 contig_142
		Solid alignment 1 1197 | 4559381 4558185 | 1197 1197 | 99.83 | pa_ill_pa_contig67 contig_142
		Solid alignment 1 86455 | 4559366 4645808 | 86455 86443 | 99.99 | pa_ill_pa_contig25 contig_142
		Solid alignment 161 249467 | 4645754 4895064 | 249307 249311 | 99.99 | pa_ill_pa_contig9 contig_142
		Solid alignment 1 2531 | 4897959 4895429 | 2531 2531 | 99.84 | pa_ill_pa_contig53 contig_142
		Solid alignment 1 929 | 4899016 4898087 | 929 930 | 99.25 | pa_ill_pa_contig72 contig_142
		Solid alignment 1 121067 | 5024808 4903740 | 121067 121069 | 100.0 | pa_ill_pa_contig17 contig_142
		Solid alignment 1 56007 | 5025070 5081076 | 56007 56007 | 100.0 | pa_ill_pa_contig32 contig_142
		Solid alignment 1 1258 | 5082279 5081022 | 1258 1258 | 99.84 | pa_ill_pa_contig64 contig_142
		Solid alignment 247199 542364 | 5377388 5082225 | 295166 295164 | 99.99 | pa_ill_pa_contig2 contig_142
		Solid alignment 1 247386 | 5624469 5377086 | 247386 247384 | 99.99 | pa_ill_pa_contig2 contig_142
		Solid alignment 1 3774 | 5628673 5624900 | 3774 3774 | 100.0 | pa_ill_pa_contig47 contig_142
		Solid alignment 1 929 | 5629187 5630114 | 929 928 | 98.17 | pa_ill_pa_contig72 contig_142
		Solid alignment 1 2549 | 5630242 5632790 | 2549 2549 | 100.0 | pa_ill_pa_contig52 contig_142
		Solid alignment 1 404310 | 6037463 5633149 | 404310 404315 | 100.0 | pa_ill_pa_contig4 contig_142
		Solid alignment 1 1468 | 6037409 6038876 | 1468 1468 | 100.0 | pa_ill_pa_contig62 contig_142
		Solid alignment 1 122468 | 6038822 6161290 | 122468 122469 | 100.0 | pa_ill_pa_contig16 contig_142
		Solid alignment 1 53273 | 6214976 6161705 | 53273 53272 | 99.99 | pa_ill_pa_contig33 contig_142
		Solid alignment 41099 76514 | 6250884 6215470 | 35416 35415 | 99.98 | pa_ill_pa_contig26 contig_142
		Solid alignment 1 41228 | 6291869 6250643 | 41228 41227 | 99.99 | pa_ill_pa_contig26 contig_142
		Solid alignment 1 846 | 6292633 6291794 | 846 840 | 90.05 | pa_ill_pa_contig20 contig_142
		Solid alignment 1 5507 | 6298085 6292579 | 5507 5507 | 99.84 | pa_ill_pa_contig45 contig_142
		Solid alignment 1 68413 | 6298031 6366441 | 68413 68411 | 99.99 | pa_ill_pa_contig27 contig_142
		Solid alignment 1 5713 | 6372102 6366387 | 5713 5716 | 99.91 | pa_ill_pa_contig44 contig_142
		Solid alignment 1 87995 | 6460039 6372048 | 87995 87992 | 100.0 | pa_ill_pa_contig24 contig_142
		Solid alignment 1 1197 | 6459985 6461181 | 1197 1197 | 99.75 | pa_ill_pa_contig67 contig_142
		Solid alignment 1 294591 | 6461127 6755715 | 294591 294589 | 100.0 | pa_ill_pa_contig5 contig_142
		Solid alignment 1 927 | 6755661 6756587 | 927 927 | 99.89 | pa_ill_pa_contig73 contig_142
		Solid alignment 1 35650 | 6756533 6792182 | 35650 35650 | 100.0 | pa_ill_pa_contig37 contig_142
			Skipping alignments located inside solid regions since they are redundant:
		Skipping redundant alignment 2663 2766 | 2861140 2861243 | 104 104 | 91.35 | pa_ill_pa_contig6 contig_142
		Skipping redundant alignment 39244 39312 | 3128882 3128950 | 69 69 | 100.0 | pa_ill_pa_contig17 contig_142
		Skipping redundant alignment 468678 468746 | 3128882 3128950 | 69 69 | 100.0 | pa_ill_pa_contig2 contig_142
		Skipping redundant alignment 39053 39121 | 3128882 3128950 | 69 69 | 100.0 | pa_ill_pa_contig17 contig_142
		Skipping redundant alignment 847590 847683 | 4559420 4559327 | 94 94 | 100.0 | pa_ill_pa_contig1 contig_142
		Skipping redundant alignment 1 94 | 4559327 4559420 | 94 94 | 100.0 | pa_ill_pa_contig23 contig_142
		Skipping redundant alignment 1 97 | 4559327 4559423 | 97 97 | 98.97 | pa_ill_pa_contig24 contig_142
		Skipping redundant alignment 56166 56348 | 6161840 6162022 | 183 183 | 94.54 | pa_ill_pa_contig20 contig_142
			Looking for the best set of alignments (out of 148 total alignments)
		Ambiguity for this contig is not checked for speed up (too much alignments and --ambiguity-usage is "one")
			Skipping redundant alignments after choosing the best set of alignments
		Skipping redundant alignment 55696 56158 | 6161370 6161832 | 463 463 | 95.25 | pa_ill_pa_contig20 contig_142
		Skipping redundant alignment 2820 3940 | 6161996 6160876 | 1121 1121 | 90.51 | pa_ill_pa_contig6 contig_142
		Skipping redundant alignment 1099 1184 | 1395164 1395079 | 86 86 | 91.86 | pa_ill_pa_contig31 contig_142
		Skipping redundant alignment 354 504 | 1395183 1395033 | 151 151 | 90.73 | pa_ill_pa_contig31 contig_142
		Skipping redundant alignment 117 348 | 1395417 1395186 | 232 232 | 90.52 | pa_ill_pa_contig31 contig_142
		Skipping redundant alignment 590 763 | 1395673 1395500 | 174 174 | 93.1 | pa_ill_pa_contig31 contig_142
		Skipping redundant alignment 1105 1184 | 1395884 1395805 | 80 80 | 92.5 | pa_ill_pa_contig31 contig_142
		Skipping redundant alignment 419 580 | 1396084 1395923 | 162 162 | 91.36 | pa_ill_pa_contig31 contig_142
		Skipping redundant alignment 176 337 | 1396084 1395923 | 162 162 | 91.36 | pa_ill_pa_contig31 contig_142
		Skipping redundant alignment 104 348 | 1396879 1396635 | 245 245 | 91.43 | pa_ill_pa_contig31 contig_142
		Skipping redundant alignment 3381 3503 | 1851167 1851045 | 123 123 | 91.87 | pa_ill_pa_contig49 contig_142
		Skipping redundant alignment 264591 265097 | 1852422 1852928 | 507 507 | 93.14 | pa_ill_pa_contig7 contig_142
		Skipping redundant alignment 264617 265097 | 1856331 1856811 | 481 481 | 92.36 | pa_ill_pa_contig7 contig_142
		Skipping redundant alignment 2771 3517 | 2861248 2861994 | 747 747 | 94.78 | pa_ill_pa_contig6 contig_142
		Skipping redundant alignment 1578 1661 | 3940244 3940161 | 84 84 | 90.48 | pa_ill_pa_contig59 contig_142
		Skipping redundant alignment 1136 1458 | 3940686 3940364 | 323 323 | 96.28 | pa_ill_pa_contig59 contig_142
		Skipping redundant alignment 951 1065 | 3940871 3940757 | 115 115 | 93.91 | pa_ill_pa_contig59 contig_142
		Skipping redundant alignment 710 950 | 3941113 3940873 | 241 241 | 92.53 | pa_ill_pa_contig59 contig_142
		Skipping redundant alignment 1 1235 | 4900764 4899530 | 1235 1235 | 99.92 | pa_ill_pa_contig66 contig_142
		Skipping redundant alignment 1 2072 | 4903309 4901238 | 2072 2072 | 99.52 | pa_ill_pa_contig56 contig_142
		Skipping redundant alignment 401 476 | 5024757 5024832 | 76 76 | 100.0 | pa_ill_pa_contig9 contig_142
		Skipping redundant alignment 99 178 | 5024875 5024954 | 80 80 | 98.75 | pa_ill_pa_contig32 contig_142
		Skipping redundant alignment 401 477 | 5025048 5025124 | 77 77 | 100.0 | pa_ill_pa_contig9 contig_142
			The best set is below. Score: 6776887.1, number of alignments: 125, unaligned bases: 11177
		This contig is misassembled.
		This contig is partially unaligned. (Aligned 6781005 out of 6792182 non-N bases (99.84%))
			Real Alignment 1: 46754 47071 | 3 320 | 318 318 | 98.43 | pa_ill_pa_contig35 contig_142
			  Not a misassembly [fragmentation of reference genome] between these two alignments
			Excluding internal overlap of size 55 between Alignment 2 and 3: 1 2207 | 3204 998 | 2207 2207 --> 56 2207 | 3149 998 | 2152 2152
			Real Alignment 2: 56 2207 | 3149 998 | 2152 2152 | 99.82 | pa_ill_pa_contig55 contig_142
			  Indel (> 5bp) between these two alignments: deletion of length 55; 0 mismatches (number of Ns: 0) [fragmentation of reference genome]
			Excluding internal overlap of size 128 between Alignment 3 and 4: 1 1874 | 235588 237461 | 1874 1874 --> 129 1874 | 235716 237461 | 1746 1746
			Real Alignment 3: 1 232544 | 3150 235715 | 232544 232566 | 99.98 | pa_ill_pa_contig10 contig_142
			  Extensive misassembly (translocation) between these two alignments
			Excluding internal overlap of size 156 between Alignment 4 and 5: 129 1874 | 235716 237461 | 1746 1746 --> 129 1718 | 235716 237305 | 1590 1590
			Real Alignment 4: 129 1718 | 235716 237305 | 1590 1590 | 100.0 | pa_ill_pa_contig57 contig_142
			  Extensive misassembly (translocation) between these two alignments
			Excluding internal overlap of size 55 between Alignment 5 and 6: 1235 3722 | 244765 242278 | 2488 2488 --> 1235 3667 | 244765 242333 | 2433 2433
			Real Alignment 5: 232388 237415 | 237306 242332 | 5028 5027 | 99.96 | pa_ill_pa_contig10 contig_142
			  Indel (> 5bp) between these two alignments: deletion of length 55; 0 mismatches (number of Ns: 0) [fragmentation of reference genome]
			Real Alignment 6: 1235 3667 | 244765 242333 | 2433 2433 | 99.6 | pa_ill_pa_contig48 contig_142
			  Gap between these two alignments (local misassembly). Inconsistency = 0
			Excluding internal overlap of size 55 between Alignment 7 and 8: 1 956 | 245945 246900 | 956 956 --> 56 956 | 246000 246900 | 901 901
			Real Alignment 7: 1 1079 | 245999 244921 | 1079 1079 | 99.81 | pa_ill_pa_contig48 contig_142
			  Indel (> 5bp) between these two alignments: deletion of length 55; 0 mismatches (number of Ns: 0) [fragmentation of reference genome]
			Excluding internal overlap of size 55 between Alignment 8 and 9: 56 956 | 246000 246900 | 901 901 --> 56 901 | 246000 246845 | 846 846
			Real Alignment 8: 56 901 | 246000 246845 | 846 846 | 100.0 | pa_ill_pa_contig70 contig_142
			  Indel (> 5bp) between these two alignments: deletion of length 55; 0 mismatches (number of Ns: 0) [fragmentation of reference genome]
			Excluding internal overlap of size 55 between Alignment 9 and 10: 1 3064 | 249909 246846 | 3064 3064 --> 56 3064 | 249854 246846 | 3009 3009
			Real Alignment 9: 56 3064 | 249854 246846 | 3009 3009 | 99.71 | pa_ill_pa_contig51 contig_142
			  Indel (> 5bp) between these two alignments: deletion of length 55; 0 mismatches (number of Ns: 0) [fragmentation of reference genome]
			Excluding internal overlap of size 425 between Alignment 10 and 11: 1 93281 | 460619 367338 | 93281 93282 --> 1 92856 | 460619 367763 | 92856 92857
			Real Alignment 10: 92967 210873 | 367762 249855 | 117907 117908 | 99.99 | pa_ill_pa_contig11 contig_142
			  Gap between these two alignments (local misassembly). Inconsistency = 110
			Excluding internal overlap of size 55 between Alignment 11 and 12: 1 985 | 460565 461549 | 985 985 --> 56 985 | 460620 461549 | 930 930
			Real Alignment 11: 1 92856 | 460619 367763 | 92856 92857 | 99.99 | pa_ill_pa_contig11 contig_142
			  Indel (> 5bp) between these two alignments: deletion of length 55; 0 mismatches (number of Ns: 0) [fragmentation of reference genome]
			Excluding internal overlap of size 55 between Alignment 12 and 13: 56 985 | 460620 461549 | 930 930 --> 56 930 | 460620 461494 | 875 875
			Real Alignment 12: 56 930 | 460620 461494 | 875 875 | 99.49 | pa_ill_pa_contig69 contig_142
			  Indel (> 5bp) between these two alignments: deletion of length 55; 0 mismatches (number of Ns: 0) [fragmentation of reference genome]
			Excluding internal overlap of size 55 between Alignment 13 and 14: 1 5713 | 510409 516121 | 5713 5713 --> 56 5713 | 510464 516121 | 5658 5658
			Real Alignment 13: 1 48969 | 461495 510463 | 48969 48969 | 99.99 | pa_ill_pa_contig34 contig_142
			  Indel (> 5bp) between these two alignments: deletion of length 55; 0 mismatches (number of Ns: 0) [fragmentation of reference genome]
			Excluding internal overlap of size 55 between Alignment 14 and 15: 56 5713 | 510464 516121 | 5658 5658 --> 56 5658 | 510464 516066 | 5603 5603
			Real Alignment 14: 56 5658 | 510464 516066 | 5603 5603 | 99.93 | pa_ill_pa_contig44 contig_142
			  Indel (> 5bp) between these two alignments: deletion of length 55; 0 mismatches (number of Ns: 0) [fragmentation of reference genome]
			Real Alignment 15: 1 106324 | 622391 516067 | 106324 106325 | 100.0 | pa_ill_pa_contig22 contig_142
			  Not a misassembly [fragmentation of reference genome] between these two alignments
			Excluding internal overlap of size 55 between Alignment 16 and 17: 1 1197 | 712865 714061 | 1197 1197 --> 56 1197 | 712920 714061 | 1142 1142
			Real Alignment 16: 1 90153 | 712919 622767 | 90153 90153 | 100.0 | pa_ill_pa_contig23 contig_142
			  Indel (> 5bp) between these two alignments: deletion of length 55; 0 mismatches (number of Ns: 0) [fragmentation of reference genome]
			Excluding internal overlap of size 55 between Alignment 17 and 18: 56 1197 | 712920 714061 | 1142 1142 --> 56 1142 | 712920 714006 | 1087 1087
			Real Alignment 17: 56 1142 | 712920 714006 | 1087 1087 | 99.83 | pa_ill_pa_contig67 contig_142
			  Indel (> 5bp) between these two alignments: deletion of length 55; 0 mismatches (number of Ns: 0) [fragmentation of reference genome]
			Excluding internal overlap of size 55 between Alignment 18 and 19: 1 2514 | 1179603 1182116 | 2514 2514 --> 56 2514 | 1179658 1182116 | 2459 2459
			Real Alignment 18: 1 465790 | 714007 1179657 | 465790 465651 | 99.97 | pa_ill_pa_contig3 contig_142
			  Indel (> 5bp) between these two alignments: deletion of length 55; 0 mismatches (number of Ns: 0) [fragmentation of reference genome]
			Excluding internal overlap of size 55 between Alignment 19 and 20: 1 561 | 1182622 1182062 | 561 561 --> 1 506 | 1182622 1182117 | 506 506
			Real Alignment 19: 56 2514 | 1179658 1182116 | 2459 2459 | 99.72 | pa_ill_pa_contig54 contig_142
			  Indel (> 5bp) between these two alignments: deletion of length 55; 0 mismatches (number of Ns: 0) [fragmentation of reference genome]
			Excluding internal overlap of size 55 between Alignment 20 and 21: 1 506 | 1182622 1182117 | 506 506 --> 56 506 | 1182567 1182117 | 451 451
			Real Alignment 20: 56 506 | 1182567 1182117 | 451 451 | 100.0 | pa_ill_pa_contig83 contig_142
			  Indel (> 5bp) between these two alignments: deletion of length 55; 0 mismatches (number of Ns: 0) [fragmentation of reference genome]
			Real Alignment 21: 1 868 | 1182568 1183435 | 868 868 | 99.54 | pa_ill_pa_contig74 contig_142
			  Not a misassembly [fragmentation of reference genome] between these two alignments
			Excluding internal overlap of size 55 between Alignment 22 and 23: 1 5713 | 1303188 1308900 | 5713 5713 --> 56 5713 | 1303243 1308900 | 5658 5658
			Real Alignment 22: 1 119004 | 1184239 1303242 | 119004 119004 | 100.0 | pa_ill_pa_contig18 contig_142
			  Indel (> 5bp) between these two alignments: deletion of length 55; 0 mismatches (number of Ns: 0) [fragmentation of reference genome]
			Excluding internal overlap of size 55 between Alignment 23 and 24: 1 1339 | 1308846 1310184 | 1339 1339 --> 56 1339 | 1308901 1310184 | 1284 1284
			Real Alignment 23: 56 5713 | 1303243 1308900 | 5658 5658 | 100.0 | pa_ill_pa_contig44 contig_142
			  Indel (> 5bp) between these two alignments: deletion of length 55; 0 mismatches (number of Ns: 0) [fragmentation of reference genome]
			Excluding internal overlap of size 446 between Alignment 24 and 25: 56 1339 | 1308901 1310184 | 1284 1284 --> 56 893 | 1308901 1309738 | 838 838
			Real Alignment 24: 56 893 | 1308901 1309738 | 838 838 | 100.0 | pa_ill_pa_contig63 contig_142
			  Extensive misassembly (translocation) between these two alignments
			Excluding internal overlap of size 55 between Alignment 25 and 26: 1 1405 | 1311143 1309739 | 1405 1405 --> 56 1405 | 1311088 1309739 | 1350 1350
			Real Alignment 25: 56 1405 | 1311088 1309739 | 1350 1350 | 90.74 | pa_ill_pa_contig12 contig_142
			  Indel (> 5bp) between these two alignments: deletion of length 55; 0 mismatches (number of Ns: 0) [fragmentation of reference genome]
			Excluding internal overlap of size 55 between Alignment 26 and 27: 1 1492 | 1311089 1312580 | 1492 1492 --> 1 1437 | 1311089 1312525 | 1437 1437
			Real Alignment 26: 1 1437 | 1311089 1312525 | 1437 1437 | 100.0 | pa_ill_pa_contig61 contig_142
			  Indel (> 5bp) between these two alignments: deletion of length 55; 0 mismatches (number of Ns: 0) [fragmentation of reference genome]
			Real Alignment 27: 1 21904 | 1312526 1334428 | 21904 21903 | 100.0 | pa_ill_pa_contig41 contig_142
			  Not a misassembly [fragmentation of reference genome] between these two alignments
			Excluding internal overlap of size 55 between Alignment 28 and 29: 1 561 | 1335902 1336462 | 561 561 --> 56 561 | 1335957 1336462 | 506 506
			Real Alignment 28: 1 868 | 1335956 1335083 | 868 874 | 98.4 | pa_ill_pa_contig74 contig_142
			  Indel (> 5bp) between these two alignments: deletion of length 55; 0 mismatches (number of Ns: 0) [fragmentation of reference genome]
			Excluding internal overlap of size 55 between Alignment 29 and 30: 56 561 | 1335957 1336462 | 506 506 --> 56 506 | 1335957 1336407 | 451 451
			Real Alignment 29: 56 506 | 1335957 1336407 | 451 451 | 95.37 | pa_ill_pa_contig83 contig_142
			  Indel (> 5bp) between these two alignments: deletion of length 55; 0 mismatches (number of Ns: 0) [fragmentation of reference genome]
			Excluding internal overlap of size 55 between Alignment 30 and 31: 1 2514 | 1338921 1336408 | 2514 2514 --> 56 2514 | 1338866 1336408 | 2459 2459
			Real Alignment 30: 56 2514 | 1338866 1336408 | 2459 2459 | 99.72 | pa_ill_pa_contig54 contig_142
			  Indel (> 5bp) between these two alignments: deletion of length 55; 0 mismatches (number of Ns: 0) [fragmentation of reference genome]
			Real Alignment 31: 132 56432 | 1395162 1338867 | 56301 56296 | 99.92 | pa_ill_pa_contig31 contig_142
			  Gap between these two alignments (local misassembly). Inconsistency = -483
			Real Alignment 32: 3 591 | 1395774 1395186 | 589 589 | 94.06 | pa_ill_pa_contig31 contig_142
			  Gap between these two alignments (local misassembly). Inconsistency = 2 [fragmentation of reference genome]
			Excluding internal overlap of size 10 between Alignment 33 and 34: 1 493 | 1396749 1397241 | 493 493 --> 1 483 | 1396749 1397231 | 483 483
			Real Alignment 33: 1 483 | 1396749 1397231 | 483 483 | 97.57 | pa_ill_pa_contig14 contig_142
			  Overlap between these two alignments (local misassembly). Inconsistency = -483
			Real Alignment 34: 1 187635 | 1397232 1584863 | 187635 187632 | 100.0 | pa_ill_pa_contig14 contig_142
			  Not a misassembly [fragmentation of reference genome] between these two alignments
			Real Alignment 35: 1 123 | 1584910 1585032 | 123 123 | 99.19 | pa_ill_pa_contig7 contig_142
			  Gap between these two alignments (local misassembly). Inconsistency = -342
			Real Alignment 36: 1 77 | 1585252 1585328 | 77 77 | 98.7 | pa_ill_pa_contig7 contig_142
			  Gap between these two alignments (local misassembly). Inconsistency = -456
			Real Alignment 37: 1 265097 | 1585708 1850802 | 265097 265095 | 100.0 | pa_ill_pa_contig7 contig_142
			  Not a misassembly [fragmentation of reference genome] between these two alignments
			Real Alignment 38: 1 1538 | 1851253 1852790 | 1538 1538 | 100.0 | pa_ill_pa_contig60 contig_142
			  Not a misassembly [fragmentation of reference genome] between these two alignments
			Real Alignment 39: 1 3511 | 1856673 1853163 | 3511 3511 | 100.0 | pa_ill_pa_contig49 contig_142
			  Not a misassembly [fragmentation of reference genome] between these two alignments
			Excluding internal overlap of size 55 between Alignment 40 and 41: 1 5713 | 1895353 1901066 | 5713 5714 --> 56 5713 | 1895408 1901066 | 5658 5659
			Real Alignment 40: 1 38146 | 1857262 1895407 | 38146 38146 | 100.0 | pa_ill_pa_contig36 contig_142
			  Indel (> 5bp) between these two alignments: deletion of length 55; 0 mismatches (number of Ns: 0) [fragmentation of reference genome]
			Excluding internal overlap of size 55 between Alignment 41 and 42: 56 5713 | 1895408 1901066 | 5658 5659 --> 56 5658 | 1895408 1901011 | 5603 5604
			Real Alignment 41: 56 5658 | 1895408 1901011 | 5603 5604 | 99.96 | pa_ill_pa_contig44 contig_142
			  Indel (> 5bp) between these two alignments: deletion of length 55; 0 mismatches (number of Ns: 0) [fragmentation of reference genome]
			Excluding internal overlap of size 55 between Alignment 42 and 43: 1 1197 | 1963869 1962673 | 1197 1197 --> 1 1142 | 1963869 1962728 | 1142 1142
			Real Alignment 42: 1 61716 | 1901012 1962727 | 61716 61716 | 100.0 | pa_ill_pa_contig29 contig_142
			  Indel (> 5bp) between these two alignments: deletion of length 55; 0 mismatches (number of Ns: 0) [fragmentation of reference genome]
			Excluding internal overlap of size 55 between Alignment 43 and 44: 1 1142 | 1963869 1962728 | 1142 1142 --> 56 1142 | 1963814 1962728 | 1087 1087
			Real Alignment 43: 56 1142 | 1963814 1962728 | 1087 1087 | 99.08 | pa_ill_pa_contig67 contig_142
			  Indel (> 5bp) between these two alignments: deletion of length 55; 0 mismatches (number of Ns: 0) [fragmentation of reference genome]
			Excluding internal overlap of size 55 between Alignment 44 and 45: 1 2207 | 2811438 2813644 | 2207 2207 --> 56 2207 | 2811493 2813644 | 2152 2152
			Real Alignment 44: 1 847683 | 2811492 1963815 | 847683 847678 | 100.0 | pa_ill_pa_contig1 contig_142
			  Indel (> 5bp) between these two alignments: deletion of length 55; 0 mismatches (number of Ns: 0) [fragmentation of reference genome]
			Real Alignment 45: 56 2207 | 2811493 2813644 | 2152 2152 | 99.5 | pa_ill_pa_contig55 contig_142
			  Not a misassembly [fragmentation of reference genome] between these two alignments
			Real Alignment 46: 1 47071 | 2861393 2814323 | 47071 47071 | 100.0 | pa_ill_pa_contig35 contig_142
			  Not a misassembly [fragmentation of reference genome] between these two alignments
			Excluding internal overlap of size 41 between Alignment 47 and 48: 1 111253 | 3240145 3128896 | 111253 111250 --> 1 111212 | 3240145 3128937 | 111212 111209
			Real Alignment 47: 1 266935 | 2862003 3128936 | 266935 266934 | 100.0 | pa_ill_pa_contig6 contig_142
			  Indel (> 5bp) between these two alignments: deletion of length 41; 0 mismatches (number of Ns: 0) [fragmentation of reference genome]
			Excluding internal overlap of size 55 between Alignment 48 and 49: 1 5507 | 3245597 3240091 | 5507 5507 --> 1 5452 | 3245597 3240146 | 5452 5452
			Real Alignment 48: 1 111212 | 3240145 3128937 | 111212 111209 | 99.98 | pa_ill_pa_contig20 contig_142
			  Indel (> 5bp) between these two alignments: deletion of length 55; 0 mismatches (number of Ns: 0) [fragmentation of reference genome]
			Excluding internal overlap of size 55 between Alignment 49 and 50: 1 5452 | 3245597 3240146 | 5452 5452 --> 56 5452 | 3245542 3240146 | 5397 5397
			Real Alignment 49: 56 5452 | 3245542 3240146 | 5397 5397 | 99.47 | pa_ill_pa_contig45 contig_142
			  Indel (> 5bp) between these two alignments: deletion of length 55; 0 mismatches (number of Ns: 0) [fragmentation of reference genome]
			Excluding internal overlap of size 55 between Alignment 50 and 51: 1 602 | 3364182 3364783 | 602 602 --> 56 602 | 3364237 3364783 | 547 547
			Real Alignment 50: 1 118702 | 3245543 3364236 | 118702 118694 | 99.98 | pa_ill_pa_contig19 contig_142
			  Indel (> 5bp) between these two alignments: deletion of length 55; 0 mismatches (number of Ns: 0) [fragmentation of reference genome]
			Excluding internal overlap of size 55 between Alignment 51 and 52: 56 602 | 3364237 3364783 | 547 547 --> 56 547 | 3364237 3364728 | 492 492
			Real Alignment 51: 56 547 | 3364237 3364728 | 492 492 | 99.34 | pa_ill_pa_contig80 contig_142
			  Indel (> 5bp) between these two alignments: deletion of length 55; 0 mismatches (number of Ns: 0) [fragmentation of reference genome]
			Excluding internal overlap of size 55 between Alignment 52 and 53: 1 944 | 3366854 3365911 | 944 944 --> 1 889 | 3366854 3365966 | 889 889
			Real Alignment 52: 1 1237 | 3365965 3364729 | 1237 1237 | 99.68 | pa_ill_pa_contig65 contig_142
			  Indel (> 5bp) between these two alignments: deletion of length 55; 0 mismatches (number of Ns: 0) [fragmentation of reference genome]
			Excluding internal overlap of size 55 between Alignment 53 and 54: 1 838 | 3366800 3367637 | 838 838 --> 56 838 | 3366855 3367637 | 783 783
			Real Alignment 53: 1 889 | 3366854 3365966 | 889 889 | 98.83 | pa_ill_pa_contig71 contig_142
			  Indel (> 5bp) between these two alignments: deletion of length 55; 0 mismatches (number of Ns: 0) [fragmentation of reference genome]
			Excluding internal overlap of size 136 between Alignment 54 and 55: 56 838 | 3366855 3367637 | 783 783 --> 56 702 | 3366855 3367501 | 647 647
			Real Alignment 54: 56 702 | 3366855 3367501 | 647 647 | 99.05 | pa_ill_pa_contig8 contig_142
			  Extensive misassembly (translocation) between these two alignments
			Excluding internal overlap of size 55 between Alignment 55 and 56: 1 1468 | 3391439 3392906 | 1468 1468 --> 56 1468 | 3391494 3392906 | 1413 1413
			Real Alignment 55: 1 23992 | 3367502 3391493 | 23992 23992 | 100.0 | pa_ill_pa_contig40 contig_142
			  Indel (> 5bp) between these two alignments: deletion of length 55; 0 mismatches (number of Ns: 0) [fragmentation of reference genome]
			Excluding internal overlap of size 55 between Alignment 56 and 57: 56 1468 | 3391494 3392906 | 1413 1413 --> 56 1413 | 3391494 3392851 | 1358 1358
			Real Alignment 56: 56 1413 | 3391494 3392851 | 1358 1358 | 99.93 | pa_ill_pa_contig62 contig_142
			  Indel (> 5bp) between these two alignments: deletion of length 55; 0 mismatches (number of Ns: 0) [fragmentation of reference genome]
			Excluding internal overlap of size 55 between Alignment 57 and 58: 1 927 | 3449479 3450405 | 927 927 --> 56 927 | 3449534 3450405 | 872 872
			Real Alignment 57: 1 56682 | 3392852 3449533 | 56682 56682 | 100.0 | pa_ill_pa_contig30 contig_142
			  Indel (> 5bp) between these two alignments: deletion of length 55; 0 mismatches (number of Ns: 0) [fragmentation of reference genome]
			Excluding internal overlap of size 55 between Alignment 58 and 59: 56 927 | 3449534 3450405 | 872 872 --> 56 872 | 3449534 3450350 | 817 817
			Real Alignment 58: 56 872 | 3449534 3450350 | 817 817 | 97.63 | pa_ill_pa_contig73 contig_142
			  Indel (> 5bp) between these two alignments: deletion of length 55; 0 mismatches (number of Ns: 0) [fragmentation of reference genome]
			Excluding internal overlap of size 55 between Alignment 59 and 60: 1 1492 | 3655183 3656674 | 1492 1492 --> 56 1492 | 3655238 3656674 | 1437 1437
			Real Alignment 59: 1 204999 | 3655237 3450351 | 204999 204887 | 99.94 | pa_ill_pa_contig12 contig_142
			  Indel (> 5bp) between these two alignments: deletion of length 55; 0 mismatches (number of Ns: 0) [fragmentation of reference genome]
			Excluding internal overlap of size 55 between Alignment 60 and 61: 56 1492 | 3655238 3656674 | 1437 1437 --> 56 1437 | 3655238 3656619 | 1382 1382
			Real Alignment 60: 56 1437 | 3655238 3656619 | 1382 1382 | 99.87 | pa_ill_pa_contig61 contig_142
			  Indel (> 5bp) between these two alignments: deletion of length 55; 0 mismatches (number of Ns: 0) [fragmentation of reference genome]
			Excluding internal overlap of size 55 between Alignment 61 and 62: 1 1258 | 3764618 3763361 | 1258 1258 --> 1 1203 | 3764618 3763416 | 1203 1203
			Real Alignment 61: 1 106796 | 3656620 3763415 | 106796 106796 | 100.0 | pa_ill_pa_contig21 contig_142
			  Indel (> 5bp) between these two alignments: deletion of length 55; 0 mismatches (number of Ns: 0) [fragmentation of reference genome]
			Excluding internal overlap of size 55 between Alignment 62 and 63: 1 1203 | 3764618 3763416 | 1203 1203 --> 56 1203 | 3764563 3763416 | 1148 1148
			Real Alignment 62: 56 1203 | 3764563 3763416 | 1148 1148 | 99.52 | pa_ill_pa_contig64 contig_142
			  Indel (> 5bp) between these two alignments: deletion of length 55; 0 mismatches (number of Ns: 0) [fragmentation of reference genome]
			Excluding internal overlap of size 381 between Alignment 63 and 64: 1 34671 | 3764564 3799273 | 34671 34710 --> 1 34328 | 3764564 3798892 | 34328 34329
			Real Alignment 63: 1 34328 | 3764564 3798892 | 34328 34329 | 99.86 | pa_ill_pa_contig15 contig_142
			  Overlap between these two alignments (local misassembly). Inconsistency = -93
			Excluding internal overlap of size 55 between Alignment 64 and 65: 1 690 | 3938383 3939072 | 690 690 --> 56 690 | 3938438 3939072 | 635 635
			Real Alignment 64: 34236 173697 | 3798893 3938437 | 139462 139545 | 99.93 | pa_ill_pa_contig15 contig_142
			  Indel (> 5bp) between these two alignments: deletion of length 55; 0 mismatches (number of Ns: 0) [fragmentation of reference genome]
			Real Alignment 65: 56 690 | 3938438 3939072 | 635 635 | 100.0 | pa_ill_pa_contig76 contig_142
			  Not a misassembly [fragmentation of reference genome] between these two alignments
			Real Alignment 66: 1 1028 | 3940215 3939188 | 1028 1028 | 99.81 | pa_ill_pa_contig68 contig_142
			  Not a misassembly [fragmentation of reference genome] between these two alignments
			Excluding internal overlap of size 55 between Alignment 67 and 68: 1 647 | 3940975 3941621 | 647 647 --> 1 592 | 3940975 3941566 | 592 592
			Real Alignment 67: 1 592 | 3940975 3941566 | 592 592 | 100.0 | pa_ill_pa_contig77 contig_142
			  Indel (> 5bp) between these two alignments: deletion of length 55; 0 mismatches (number of Ns: 0) [fragmentation of reference genome]
			Real Alignment 68: 1 690 | 3941567 3942256 | 690 690 | 99.86 | pa_ill_pa_contig76 contig_142
			  Not a misassembly [fragmentation of reference genome] between these two alignments
			Excluding internal overlap of size 55 between Alignment 69 and 70: 1 1028 | 3943399 3942372 | 1028 1028 --> 56 1028 | 3943344 3942372 | 973 973
			Real Alignment 69: 56 1028 | 3943344 3942372 | 973 973 | 99.51 | pa_ill_pa_contig68 contig_142
			  Indel (> 5bp) between these two alignments: deletion of length 55; 0 mismatches (number of Ns: 0) [fragmentation of reference genome]
			Excluding internal overlap of size 55 between Alignment 70 and 71: 1 1661 | 3945005 3943345 | 1661 1661 --> 56 1661 | 3944950 3943345 | 1606 1606
			Real Alignment 70: 56 1661 | 3944950 3943345 | 1606 1606 | 100.0 | pa_ill_pa_contig59 contig_142
			  Indel (> 5bp) between these two alignments: deletion of length 55; 0 mismatches (number of Ns: 0) [fragmentation of reference genome]
			Excluding internal overlap of size 55 between Alignment 71 and 72: 1 1682 | 3944951 3946632 | 1682 1682 --> 1 1627 | 3944951 3946577 | 1627 1627
			Real Alignment 71: 1 1627 | 3944951 3946577 | 1627 1627 | 99.52 | pa_ill_pa_contig58 contig_142
			  Indel (> 5bp) between these two alignments: deletion of length 55; 0 mismatches (number of Ns: 0) [fragmentation of reference genome]
			Excluding internal overlap of size 55 between Alignment 72 and 73: 1 1682 | 3951494 3953175 | 1682 1682 --> 56 1682 | 3951549 3953175 | 1627 1627
			Real Alignment 72: 1 4971 | 3946578 3951548 | 4971 4971 | 100.0 | pa_ill_pa_contig46 contig_142
			  Indel (> 5bp) between these two alignments: deletion of length 55; 0 mismatches (number of Ns: 0) [fragmentation of reference genome]
			Excluding internal overlap of size 55 between Alignment 73 and 74: 56 1682 | 3951549 3953175 | 1627 1627 --> 56 1627 | 3951549 3953120 | 1572 1572
			Real Alignment 73: 56 1627 | 3951549 3953120 | 1572 1572 | 99.76 | pa_ill_pa_contig58 contig_142
			  Indel (> 5bp) between these two alignments: deletion of length 55; 0 mismatches (number of Ns: 0) [fragmentation of reference genome]
			Excluding internal overlap of size 55 between Alignment 74 and 75: 1 799 | 3956304 3957102 | 799 799 --> 56 799 | 3956359 3957102 | 744 744
			Real Alignment 74: 1 3238 | 3953121 3956358 | 3238 3238 | 100.0 | pa_ill_pa_contig50 contig_142
			  Indel (> 5bp) between these two alignments: deletion of length 55; 0 mismatches (number of Ns: 0) [fragmentation of reference genome]
			Real Alignment 75: 56 799 | 3956359 3957102 | 744 744 | 99.12 | pa_ill_pa_contig75 contig_142
			  Not a misassembly [fragmentation of reference genome] between these two alignments
			Excluding internal overlap of size 55 between Alignment 76 and 77: 1 799 | 3963884 3964682 | 799 799 --> 56 799 | 3963939 3964682 | 744 744
			Real Alignment 76: 1 6148 | 3963938 3957792 | 6148 6147 | 99.98 | pa_ill_pa_contig43 contig_142
			  Indel (> 5bp) between these two alignments: deletion of length 55; 0 mismatches (number of Ns: 0) [fragmentation of reference genome]
			Real Alignment 77: 56 799 | 3963939 3964682 | 744 744 | 98.62 | pa_ill_pa_contig75 contig_142
			  Not a misassembly [fragmentation of reference genome] between these two alignments
			Excluding internal overlap of size 55 between Alignment 78 and 79: 1 985 | 4033648 4034632 | 985 985 --> 56 985 | 4033703 4034632 | 930 930
			Real Alignment 78: 1 68331 | 3965372 4033702 | 68331 68331 | 99.99 | pa_ill_pa_contig28 contig_142
			  Indel (> 5bp) between these two alignments: deletion of length 55; 0 mismatches (number of Ns: 0) [fragmentation of reference genome]
			Excluding internal overlap of size 55 between Alignment 79 and 80: 56 985 | 4033703 4034632 | 930 930 --> 56 930 | 4033703 4034577 | 875 875
			Real Alignment 79: 56 930 | 4033703 4034577 | 875 875 | 98.48 | pa_ill_pa_contig69 contig_142
			  Indel (> 5bp) between these two alignments: deletion of length 55; 0 mismatches (number of Ns: 0) [fragmentation of reference genome]
			Excluding internal overlap of size 55 between Alignment 80 and 81: 1235 3722 | 4067778 4065291 | 2488 2488 --> 1235 3667 | 4067778 4065346 | 2433 2433
			Real Alignment 80: 1 30768 | 4065345 4034578 | 30768 30768 | 99.97 | pa_ill_pa_contig38 contig_142
			  Indel (> 5bp) between these two alignments: deletion of length 55; 0 mismatches (number of Ns: 0) [fragmentation of reference genome]
			Real Alignment 81: 1235 3667 | 4067778 4065346 | 2433 2433 | 99.44 | pa_ill_pa_contig48 contig_142
			  Gap between these two alignments (local misassembly). Inconsistency = 0
			Excluding internal overlap of size 55 between Alignment 82 and 83: 1 1079 | 4069012 4067934 | 1079 1079 --> 56 1079 | 4068957 4067934 | 1024 1024
			Real Alignment 82: 56 1079 | 4068957 4067934 | 1024 1024 | 99.54 | pa_ill_pa_contig48 contig_142
			  Indel (> 5bp) between these two alignments: deletion of length 55; 0 mismatches (number of Ns: 0) [fragmentation of reference genome]
			Excluding internal overlap of size 55 between Alignment 83 and 84: 1 3064 | 4078555 4075492 | 3064 3064 --> 1 3009 | 4078555 4075547 | 3009 3009
			Real Alignment 83: 1 6590 | 4068958 4075546 | 6590 6589 | 99.8 | pa_ill_pa_contig42 contig_142
			  Indel (> 5bp) between these two alignments: deletion of length 55; 0 mismatches (number of Ns: 0) [fragmentation of reference genome]
			Excluding internal overlap of size 55 between Alignment 84 and 85: 1 3009 | 4078555 4075547 | 3009 3009 --> 56 3009 | 4078500 4075547 | 2954 2954
			Real Alignment 84: 56 3009 | 4078500 4075547 | 2954 2954 | 99.28 | pa_ill_pa_contig51 contig_142
			  Indel (> 5bp) between these two alignments: deletion of length 55; 0 mismatches (number of Ns: 0) [fragmentation of reference genome]
			Excluding internal overlap of size 55 between Alignment 85 and 86: 1 603 | 4105842 4105240 | 603 603 --> 1 548 | 4105842 4105295 | 548 548
			Real Alignment 85: 1 26794 | 4078501 4105294 | 26794 26794 | 100.0 | pa_ill_pa_contig39 contig_142
			  Indel (> 5bp) between these two alignments: deletion of length 55; 0 mismatches (number of Ns: 0) [fragmentation of reference genome]
			Excluding internal overlap of size 55 between Alignment 86 and 87: 1 548 | 4105842 4105295 | 548 548 --> 56 548 | 4105787 4105295 | 493 493
			Real Alignment 86: 56 548 | 4105787 4105295 | 493 493 | 100.0 | pa_ill_pa_contig79 contig_142
			  Indel (> 5bp) between these two alignments: deletion of length 55; 0 mismatches (number of Ns: 0) [fragmentation of reference genome]
			Excluding internal overlap of size 55 between Alignment 87 and 88: 1 944 | 4364299 4365241 | 944 943 --> 56 944 | 4364354 4365241 | 889 888
			Real Alignment 87: 1 258570 | 4364353 4105788 | 258570 258566 | 99.99 | pa_ill_pa_contig8 contig_142
			  Indel (> 5bp) between these two alignments: deletion of length 55; 0 mismatches (number of Ns: 0) [fragmentation of reference genome]
			Excluding internal overlap of size 55 between Alignment 88 and 89: 56 944 | 4364354 4365241 | 889 888 --> 56 889 | 4364354 4365186 | 834 833
			Real Alignment 88: 56 889 | 4364354 4365186 | 834 833 | 99.26 | pa_ill_pa_contig71 contig_142
			  Indel (> 5bp) between these two alignments: deletion of length 55; 0 mismatches (number of Ns: 0) [fragmentation of reference genome]
			Excluding internal overlap of size 55 between Alignment 89 and 90: 1 602 | 4366970 4366369 | 602 602 --> 1 547 | 4366970 4366424 | 547 547
			Real Alignment 89: 1 1237 | 4365187 4366423 | 1237 1237 | 95.64 | pa_ill_pa_contig65 contig_142
			  Indel (> 5bp) between these two alignments: deletion of length 55; 0 mismatches (number of Ns: 0) [fragmentation of reference genome]
			Excluding internal overlap of size 55 between Alignment 90 and 91: 1 547 | 4366970 4366424 | 547 547 --> 56 547 | 4366915 4366424 | 492 492
			Real Alignment 90: 56 547 | 4366915 4366424 | 492 492 | 99.17 | pa_ill_pa_contig80 contig_142
			  Indel (> 5bp) between these two alignments: deletion of length 55; 0 mismatches (number of Ns: 0) [fragmentation of reference genome]
			Excluding internal overlap of size 55 between Alignment 91 and 92: 1 1197 | 4559381 4558185 | 1197 1197 --> 1 1142 | 4559381 4558240 | 1142 1142
			Real Alignment 91: 1 191344 | 4366916 4558239 | 191344 191324 | 99.98 | pa_ill_pa_contig13 contig_142
			  Indel (> 5bp) between these two alignments: deletion of length 55; 0 mismatches (number of Ns: 0) [fragmentation of reference genome]
			Excluding internal overlap of size 16 between Alignment 92 and 93: 1 1142 | 4559381 4558240 | 1142 1142 --> 17 1142 | 4559365 4558240 | 1126 1126
			Real Alignment 92: 17 1142 | 4559365 4558240 | 1126 1126 | 99.83 | pa_ill_pa_contig67 contig_142
			  Indel (> 5bp) between these two alignments: deletion of length 16; 0 mismatches (number of Ns: 0) [fragmentation of reference genome]
			Excluding internal overlap of size 55 between Alignment 93 and 94: 1 86455 | 4559366 4645808 | 86455 86443 --> 1 86400 | 4559366 4645753 | 86400 86388
			Real Alignment 93: 1 86400 | 4559366 4645753 | 86400 86388 | 99.99 | pa_ill_pa_contig25 contig_142
			  Extensive misassembly (translocation) between these two alignments
			Real Alignment 94: 161 249467 | 4645754 4895064 | 249307 249311 | 99.99 | pa_ill_pa_contig9 contig_142
			  Not a misassembly [fragmentation of reference genome] between these two alignments
			Real Alignment 95: 1 2531 | 4897959 4895429 | 2531 2531 | 99.84 | pa_ill_pa_contig53 contig_142
			  Not a misassembly [fragmentation of reference genome] between these two alignments
			Excluding internal overlap of size 55 between Alignment 96 and 97: 1 623 | 4899584 4898962 | 623 623 --> 1 568 | 4899584 4899017 | 568 568
			Real Alignment 96: 1 929 | 4899016 4898087 | 929 930 | 99.25 | pa_ill_pa_contig72 contig_142
			  Indel (> 5bp) between these two alignments: deletion of length 55; 0 mismatches (number of Ns: 0) [fragmentation of reference genome]
			Excluding internal overlap of size 55 between Alignment 97 and 98: 1 568 | 4899584 4899017 | 568 568 --> 56 568 | 4899529 4899017 | 513 513
			Real Alignment 97: 56 568 | 4899529 4899017 | 513 513 | 97.75 | pa_ill_pa_contig78 contig_142
			  Indel (> 5bp) between these two alignments: deletion of length 55; 0 mismatches (number of Ns: 0) [fragmentation of reference genome]
			Excluding internal overlap of size 55 between Alignment 98 and 99: 1 539 | 4903794 4903255 | 539 540 --> 1 484 | 4903794 4903310 | 484 485
			Real Alignment 98: 1 3774 | 4899530 4903309 | 3774 3780 | 90.15 | pa_ill_pa_contig47 contig_142
			  Indel (> 5bp) between these two alignments: deletion of length 55; 0 mismatches (number of Ns: 0) [fragmentation of reference genome]
			Excluding internal overlap of size 55 between Alignment 99 and 100: 1 484 | 4903794 4903310 | 484 485 --> 56 484 | 4903739 4903310 | 429 430
			Real Alignment 99: 56 484 | 4903739 4903310 | 429 430 | 98.15 | pa_ill_pa_contig84 contig_142
			  Indel (> 5bp) between these two alignments: deletion of length 55; 0 mismatches (number of Ns: 0) [fragmentation of reference genome]
			Real Alignment 100: 1 121067 | 5024808 4903740 | 121067 121069 | 100.0 | pa_ill_pa_contig17 contig_142
			  Not a misassembly [fragmentation of reference genome] between these two alignments
			Excluding internal overlap of size 55 between Alignment 101 and 102: 1 1258 | 5082279 5081022 | 1258 1258 --> 1 1203 | 5082279 5081077 | 1203 1203
			Real Alignment 101: 1 56007 | 5025070 5081076 | 56007 56007 | 100.0 | pa_ill_pa_contig32 contig_142
			  Indel (> 5bp) between these two alignments: deletion of length 55; 0 mismatches (number of Ns: 0) [fragmentation of reference genome]
			Excluding internal overlap of size 55 between Alignment 102 and 103: 1 1203 | 5082279 5081077 | 1203 1203 --> 56 1203 | 5082224 5081077 | 1148 1148
			Real Alignment 102: 56 1203 | 5082224 5081077 | 1148 1148 | 99.84 | pa_ill_pa_contig64 contig_142
			  Indel (> 5bp) between these two alignments: deletion of length 55; 0 mismatches (number of Ns: 0) [fragmentation of reference genome]
			Excluding internal overlap of size 303 between Alignment 103 and 104: 1 247386 | 5624469 5377086 | 247386 247384 --> 1 247083 | 5624469 5377389 | 247083 247081
			Real Alignment 103: 247199 542364 | 5377388 5082225 | 295166 295164 | 99.99 | pa_ill_pa_contig2 contig_142
			  Gap between these two alignments (local misassembly). Inconsistency = 115
			Excluding internal overlap of size 55 between Alignment 104 and 105: 1 539 | 5624415 5624954 | 539 540 --> 56 539 | 5624470 5624954 | 484 485
			Real Alignment 104: 1 247083 | 5624469 5377389 | 247083 247081 | 99.99 | pa_ill_pa_contig2 contig_142
			  Indel (> 5bp) between these two alignments: deletion of length 55; 0 mismatches (number of Ns: 0) [fragmentation of reference genome]
			Excluding internal overlap of size 55 between Alignment 105 and 106: 56 539 | 5624470 5624954 | 484 485 --> 56 484 | 5624470 5624899 | 429 430
			Real Alignment 105: 56 484 | 5624470 5624899 | 429 430 | 98.33 | pa_ill_pa_contig84 contig_142
			  Indel (> 5bp) between these two alignments: deletion of length 55; 0 mismatches (number of Ns: 0) [fragmentation of reference genome]
			Excluding internal overlap of size 55 between Alignment 106 and 107: 1 623 | 5628619 5629241 | 623 623 --> 56 623 | 5628674 5629241 | 568 568
			Real Alignment 106: 1 3774 | 5628673 5624900 | 3774 3774 | 100.0 | pa_ill_pa_contig47 contig_142
			  Indel (> 5bp) between these two alignments: deletion of length 55; 0 mismatches (number of Ns: 0) [fragmentation of reference genome]
			Excluding internal overlap of size 55 between Alignment 107 and 108: 56 623 | 5628674 5629241 | 568 568 --> 56 568 | 5628674 5629186 | 513 513
			Real Alignment 107: 56 568 | 5628674 5629186 | 513 513 | 100.0 | pa_ill_pa_contig78 contig_142
			  Indel (> 5bp) between these two alignments: deletion of length 55; 0 mismatches (number of Ns: 0) [fragmentation of reference genome]
			Real Alignment 108: 1 929 | 5629187 5630114 | 929 928 | 98.17 | pa_ill_pa_contig72 contig_142
			  Not a misassembly [fragmentation of reference genome] between these two alignments
			Real Alignment 109: 1 2549 | 5630242 5632790 | 2549 2549 | 100.0 | pa_ill_pa_contig52 contig_142
			  Not a misassembly [fragmentation of reference genome] between these two alignments
			Excluding internal overlap of size 55 between Alignment 110 and 111: 1 1468 | 6037409 6038876 | 1468 1468 --> 56 1468 | 6037464 6038876 | 1413 1413
			Real Alignment 110: 1 404310 | 6037463 5633149 | 404310 404315 | 100.0 | pa_ill_pa_contig4 contig_142
			  Indel (> 5bp) between these two alignments: deletion of length 55; 0 mismatches (number of Ns: 0) [fragmentation of reference genome]
			Excluding internal overlap of size 55 between Alignment 111 and 112: 56 1468 | 6037464 6038876 | 1413 1413 --> 56 1413 | 6037464 6038821 | 1358 1358
			Real Alignment 111: 56 1413 | 6037464 6038821 | 1358 1358 | 100.0 | pa_ill_pa_contig62 contig_142
			  Indel (> 5bp) between these two alignments: deletion of length 55; 0 mismatches (number of Ns: 0) [fragmentation of reference genome]
			Real Alignment 112: 1 122468 | 6038822 6161290 | 122468 122469 | 100.0 | pa_ill_pa_contig16 contig_142
			  Not a misassembly [fragmentation of reference genome] between these two alignments
			Excluding internal overlap of size 55 between Alignment 113 and 114: 1 603 | 6215524 6214922 | 603 603 --> 1 548 | 6215524 6214977 | 548 548
			Real Alignment 113: 1 53273 | 6214976 6161705 | 53273 53272 | 99.99 | pa_ill_pa_contig33 contig_142
			  Indel (> 5bp) between these two alignments: deletion of length 55; 0 mismatches (number of Ns: 0) [fragmentation of reference genome]
			Excluding internal overlap of size 55 between Alignment 114 and 115: 1 548 | 6215524 6214977 | 548 548 --> 56 548 | 6215469 6214977 | 493 493
			Real Alignment 114: 56 548 | 6215469 6214977 | 493 493 | 100.0 | pa_ill_pa_contig79 contig_142
			  Indel (> 5bp) between these two alignments: deletion of length 55; 0 mismatches (number of Ns: 0) [fragmentation of reference genome]
			Excluding internal overlap of size 242 between Alignment 115 and 116: 41099 76514 | 6250884 6215470 | 35416 35415 --> 41341 76514 | 6250642 6215470 | 35174 35173
			Real Alignment 115: 41341 76514 | 6250642 6215470 | 35174 35173 | 99.98 | pa_ill_pa_contig26 contig_142
			  Gap between these two alignments (local misassembly). Inconsistency = 112
			Excluding internal overlap of size 76 between Alignment 116 and 117: 1 846 | 6292633 6291794 | 846 840 --> 1 770 | 6292633 6291870 | 770 764
			Real Alignment 116: 1 41228 | 6291869 6250643 | 41228 41227 | 99.99 | pa_ill_pa_contig26 contig_142
			  Extensive misassembly (translocation) between these two alignments
			Excluding internal overlap of size 55 between Alignment 117 and 118: 1 770 | 6292633 6291870 | 770 764 --> 56 770 | 6292578 6291870 | 715 709
			Real Alignment 117: 56 770 | 6292578 6291870 | 715 709 | 90.05 | pa_ill_pa_contig20 contig_142
			  Indel (> 5bp) between these two alignments: deletion of length 55; 0 mismatches (number of Ns: 0) [fragmentation of reference genome]
			Excluding internal overlap of size 55 between Alignment 118 and 119: 1 5507 | 6298085 6292579 | 5507 5507 --> 56 5507 | 6298030 6292579 | 5452 5452
			Real Alignment 118: 56 5507 | 6298030 6292579 | 5452 5452 | 99.84 | pa_ill_pa_contig45 contig_142
			  Indel (> 5bp) between these two alignments: deletion of length 55; 0 mismatches (number of Ns: 0) [fragmentation of reference genome]
			Excluding internal overlap of size 55 between Alignment 119 and 120: 1 5713 | 6372102 6366387 | 5713 5716 --> 1 5658 | 6372102 6366442 | 5658 5661
			Real Alignment 119: 1 68413 | 6298031 6366441 | 68413 68411 | 99.99 | pa_ill_pa_contig27 contig_142
			  Indel (> 5bp) between these two alignments: deletion of length 55; 0 mismatches (number of Ns: 0) [fragmentation of reference genome]
			Excluding internal overlap of size 55 between Alignment 120 and 121: 1 5658 | 6372102 6366442 | 5658 5661 --> 56 5658 | 6372047 6366442 | 5603 5606
			Real Alignment 120: 56 5658 | 6372047 6366442 | 5603 5606 | 99.91 | pa_ill_pa_contig44 contig_142
			  Indel (> 5bp) between these two alignments: deletion of length 55; 0 mismatches (number of Ns: 0) [fragmentation of reference genome]
			Excluding internal overlap of size 55 between Alignment 121 and 122: 1 1197 | 6459985 6461181 | 1197 1197 --> 56 1197 | 6460040 6461181 | 1142 1142
			Real Alignment 121: 1 87995 | 6460039 6372048 | 87995 87992 | 100.0 | pa_ill_pa_contig24 contig_142
			  Indel (> 5bp) between these two alignments: deletion of length 55; 0 mismatches (number of Ns: 0) [fragmentation of reference genome]
			Excluding internal overlap of size 55 between Alignment 122 and 123: 56 1197 | 6460040 6461181 | 1142 1142 --> 56 1142 | 6460040 6461126 | 1087 1087
			Real Alignment 122: 56 1142 | 6460040 6461126 | 1087 1087 | 99.75 | pa_ill_pa_contig67 contig_142
			  Indel (> 5bp) between these two alignments: deletion of length 55; 0 mismatches (number of Ns: 0) [fragmentation of reference genome]
			Excluding internal overlap of size 55 between Alignment 123 and 124: 1 927 | 6755661 6756587 | 927 927 --> 56 927 | 6755716 6756587 | 872 872
			Real Alignment 123: 1 294591 | 6461127 6755715 | 294591 294589 | 100.0 | pa_ill_pa_contig5 contig_142
			  Indel (> 5bp) between these two alignments: deletion of length 55; 0 mismatches (number of Ns: 0) [fragmentation of reference genome]
			Excluding internal overlap of size 55 between Alignment 124 and 125: 56 927 | 6755716 6756587 | 872 872 --> 56 872 | 6755716 6756532 | 817 817
			Real Alignment 124: 56 872 | 6755716 6756532 | 817 817 | 99.89 | pa_ill_pa_contig73 contig_142
			  Indel (> 5bp) between these two alignments: deletion of length 55; 0 mismatches (number of Ns: 0) [fragmentation of reference genome]
			Real Alignment 125: 1 35650 | 6756533 6792182 | 35650 35650 | 100.0 | pa_ill_pa_contig37 contig_142
		Unaligned bases: 11177

CONTIG: contig_56 (4757772bp)
Best alignment score: 418.0 (LEN: 451, IDY: 92.68), Total number of alignments: 102
			Too much alignments (102), will use speed up heuristics
			Found 0 solid alignments:
			Skipping alignments located inside solid regions since they are redundant:
		Nothing was skipped
			Looking for the best set of alignments (out of 102 total alignments)
		Ambiguity for this contig is not checked for speed up (too much alignments and --ambiguity-usage is "one")
			Skipping redundant alignments after choosing the best set of alignments
		Skipping redundant alignment 163 238 | 52832 52907 | 76 76 | 100.0 | pa_ill_pa_contig9 contig_56
		Skipping redundant alignment 3 78 | 52832 52907 | 76 76 | 100.0 | pa_ill_pa_contig9 contig_56
		Skipping redundant alignment 28782 28858 | 52908 52832 | 77 77 | 100.0 | pa_ill_pa_contig8 contig_56
		Skipping redundant alignment 323 399 | 52832 52908 | 77 77 | 100.0 | pa_ill_pa_contig9 contig_56
		Skipping redundant alignment 93682 93815 | 434582 434449 | 134 134 | 93.28 | pa_ill_pa_contig13 contig_56
		Skipping redundant alignment 84045 84142 | 444557 444460 | 98 98 | 95.92 | pa_ill_pa_contig13 contig_56
		Skipping redundant alignment 65009 65098 | 1503913 1504002 | 90 90 | 91.11 | pa_ill_pa_contig27 contig_56
		Skipping redundant alignment 161 238 | 2486723 2486646 | 78 78 | 100.0 | pa_ill_pa_contig9 contig_56
		Skipping redundant alignment 321 399 | 2486723 2486645 | 79 79 | 100.0 | pa_ill_pa_contig9 contig_56
		Skipping redundant alignment 163517 163628 | 4623741 4623630 | 112 112 | 91.07 | pa_ill_pa_contig4 contig_56
		Skipping redundant alignment 48504 48593 | 1503913 1504002 | 90 90 | 91.11 | pa_ill_pa_contig27 contig_56
		Skipping redundant alignment 159406 159543 | 4627795 4627658 | 138 138 | 92.03 | pa_ill_pa_contig4 contig_56
			The best set is below. Score: 12292.6, number of alignments: 90, unaligned bases: 4742440
		This contig is misassembled.
		This contig is partially unaligned. (Aligned 15332 out of 4757772 non-N bases (0.32%))
			Warning! This contig is more unaligned than misassembled. Contig length is 4757772 (number of Ns: 0) and total length of all aligns is 15332
		Alignment: 4882 5195 | 806243 805930 | 314 314 | 96.18 | pa_ill_pa_contig44 contig_56
		Alignment: 4268 4718 | 806857 806407 | 451 451 | 92.68 | pa_ill_pa_contig44 contig_56
		Alignment: 4118 4233 | 807010 806895 | 116 116 | 93.1 | pa_ill_pa_contig44 contig_56
		Alignment: 3453 3662 | 807678 807469 | 210 210 | 93.81 | pa_ill_pa_contig44 contig_56
		Alignment: 3374 3442 | 807756 807688 | 69 69 | 92.75 | pa_ill_pa_contig44 contig_56
		Alignment: 2892 3062 | 808242 808072 | 171 171 | 91.23 | pa_ill_pa_contig44 contig_56
		Alignment: 2687 2798 | 808456 808345 | 112 112 | 91.07 | pa_ill_pa_contig44 contig_56
		Alignment: 1975 2060 | 809049 808964 | 86 86 | 91.86 | pa_ill_pa_contig44 contig_56
		Alignment: 1813 1967 | 809211 809057 | 155 155 | 92.26 | pa_ill_pa_contig44 contig_56
		Alignment: 1660 1760 | 809364 809264 | 101 101 | 94.06 | pa_ill_pa_contig44 contig_56
		Alignment: 1375 1650 | 809649 809374 | 276 276 | 93.48 | pa_ill_pa_contig44 contig_56
		Alignment: 995 1106 | 810029 809918 | 112 112 | 91.07 | pa_ill_pa_contig44 contig_56
		Alignment: 529 593 | 810501 810437 | 65 65 | 98.46 | pa_ill_pa_contig44 contig_56
		Alignment: 4882 5195 | 1472491 1472178 | 314 314 | 96.18 | pa_ill_pa_contig44 contig_56
		Alignment: 4268 4718 | 1473105 1472655 | 451 451 | 92.68 | pa_ill_pa_contig44 contig_56
		Alignment: 4118 4233 | 1473258 1473143 | 116 116 | 93.1 | pa_ill_pa_contig44 contig_56
		Alignment: 3453 3662 | 1473925 1473716 | 210 210 | 93.81 | pa_ill_pa_contig44 contig_56
		Alignment: 3374 3442 | 1474003 1473935 | 69 69 | 92.75 | pa_ill_pa_contig44 contig_56
		Alignment: 2892 3062 | 1474488 1474318 | 171 171 | 91.23 | pa_ill_pa_contig44 contig_56
		Alignment: 2687 2798 | 1474702 1474591 | 112 112 | 91.07 | pa_ill_pa_contig44 contig_56
		Alignment: 1975 2060 | 1475295 1475210 | 86 86 | 91.86 | pa_ill_pa_contig44 contig_56
		Alignment: 1813 1967 | 1475457 1475303 | 155 155 | 92.26 | pa_ill_pa_contig44 contig_56
		Alignment: 1660 1760 | 1475610 1475510 | 101 101 | 94.06 | pa_ill_pa_contig44 contig_56
		Alignment: 1375 1650 | 1475895 1475620 | 276 276 | 93.48 | pa_ill_pa_contig44 contig_56
		Alignment: 995 1106 | 1476275 1476164 | 112 112 | 91.07 | pa_ill_pa_contig44 contig_56
		Alignment: 529 593 | 1476747 1476683 | 65 65 | 98.46 | pa_ill_pa_contig44 contig_56
		Alignment: 529 593 | 1991694 1991758 | 65 65 | 98.46 | pa_ill_pa_contig44 contig_56
		Alignment: 995 1106 | 1992166 1992277 | 112 112 | 91.07 | pa_ill_pa_contig44 contig_56
		Alignment: 1375 1650 | 1992546 1992821 | 276 276 | 93.48 | pa_ill_pa_contig44 contig_56
		Alignment: 1660 1760 | 1992831 1992931 | 101 101 | 94.06 | pa_ill_pa_contig44 contig_56
		Alignment: 1813 1967 | 1992984 1993138 | 155 155 | 92.26 | pa_ill_pa_contig44 contig_56
		Alignment: 1975 2060 | 1993146 1993231 | 86 86 | 91.86 | pa_ill_pa_contig44 contig_56
		Alignment: 2687 2798 | 1993898 1994009 | 112 112 | 91.07 | pa_ill_pa_contig44 contig_56
		Alignment: 2892 3062 | 1994112 1994282 | 171 171 | 91.23 | pa_ill_pa_contig44 contig_56
		Alignment: 3374 3442 | 1994597 1994665 | 69 69 | 92.75 | pa_ill_pa_contig44 contig_56
		Alignment: 3453 3662 | 1994675 1994884 | 210 210 | 93.81 | pa_ill_pa_contig44 contig_56
		Alignment: 4118 4233 | 1995342 1995457 | 116 116 | 93.1 | pa_ill_pa_contig44 contig_56
		Alignment: 4268 4718 | 1995495 1995945 | 451 451 | 92.68 | pa_ill_pa_contig44 contig_56
		Alignment: 4882 5195 | 1996109 1996422 | 314 314 | 96.18 | pa_ill_pa_contig44 contig_56
		Alignment: 529 593 | 2086779 2086843 | 65 65 | 98.46 | pa_ill_pa_contig44 contig_56
		Alignment: 995 1106 | 2087251 2087362 | 112 112 | 91.07 | pa_ill_pa_contig44 contig_56
		Alignment: 1375 1650 | 2087631 2087906 | 276 276 | 93.48 | pa_ill_pa_contig44 contig_56
		Alignment: 1660 1737 | 2087916 2087993 | 78 78 | 92.31 | pa_ill_pa_contig44 contig_56
		Alignment: 1813 1967 | 2088070 2088224 | 155 155 | 92.26 | pa_ill_pa_contig44 contig_56
		Alignment: 1975 2060 | 2088232 2088317 | 86 86 | 91.86 | pa_ill_pa_contig44 contig_56
		Alignment: 2687 2798 | 2088825 2088936 | 112 112 | 91.07 | pa_ill_pa_contig44 contig_56
		Alignment: 2892 3062 | 2089039 2089209 | 171 171 | 91.23 | pa_ill_pa_contig44 contig_56
		Alignment: 3374 3442 | 2089525 2089593 | 69 69 | 92.75 | pa_ill_pa_contig44 contig_56
		Alignment: 3453 3662 | 2089603 2089812 | 210 210 | 93.81 | pa_ill_pa_contig44 contig_56
		Alignment: 4118 4233 | 2090271 2090386 | 116 116 | 93.1 | pa_ill_pa_contig44 contig_56
		Alignment: 4268 4718 | 2090424 2090874 | 451 451 | 92.68 | pa_ill_pa_contig44 contig_56
		Alignment: 4882 5195 | 2091038 2091351 | 314 314 | 96.18 | pa_ill_pa_contig44 contig_56
		Alignment: 529 593 | 2242006 2242070 | 65 65 | 98.46 | pa_ill_pa_contig44 contig_56
		Alignment: 995 1106 | 2242478 2242589 | 112 112 | 91.07 | pa_ill_pa_contig44 contig_56
		Alignment: 1375 1650 | 2242858 2243133 | 276 276 | 93.48 | pa_ill_pa_contig44 contig_56
		Alignment: 1660 1760 | 2243143 2243243 | 101 101 | 94.06 | pa_ill_pa_contig44 contig_56
		Alignment: 1813 1967 | 2243296 2243450 | 155 155 | 92.26 | pa_ill_pa_contig44 contig_56
		Alignment: 1975 2060 | 2243458 2243543 | 86 86 | 91.86 | pa_ill_pa_contig44 contig_56
		Alignment: 2687 2798 | 2244210 2244321 | 112 112 | 91.07 | pa_ill_pa_contig44 contig_56
		Alignment: 2892 3062 | 2244424 2244594 | 171 171 | 91.23 | pa_ill_pa_contig44 contig_56
		Alignment: 3374 3442 | 2244910 2244978 | 69 69 | 92.75 | pa_ill_pa_contig44 contig_56
		Alignment: 3453 3662 | 2244988 2245197 | 210 210 | 93.33 | pa_ill_pa_contig44 contig_56
		Alignment: 4118 4233 | 2245655 2245770 | 116 116 | 93.1 | pa_ill_pa_contig44 contig_56
		Alignment: 4268 4718 | 2245808 2246258 | 451 451 | 92.68 | pa_ill_pa_contig44 contig_56
		Alignment: 4882 5195 | 2246422 2246735 | 314 314 | 96.18 | pa_ill_pa_contig44 contig_56
		Alignment: 529 593 | 2284920 2284984 | 65 65 | 98.46 | pa_ill_pa_contig44 contig_56
		Alignment: 995 1106 | 2285392 2285503 | 112 112 | 91.07 | pa_ill_pa_contig44 contig_56
		Alignment: 1375 1650 | 2285772 2286047 | 276 276 | 93.48 | pa_ill_pa_contig44 contig_56
		Alignment: 1660 1737 | 2286057 2286134 | 78 78 | 92.31 | pa_ill_pa_contig44 contig_56
		Alignment: 1813 1967 | 2286211 2286365 | 155 155 | 92.26 | pa_ill_pa_contig44 contig_56
		Alignment: 1975 2060 | 2286373 2286458 | 86 86 | 91.86 | pa_ill_pa_contig44 contig_56
		Alignment: 2687 2798 | 2286966 2287077 | 112 112 | 91.07 | pa_ill_pa_contig44 contig_56
		Alignment: 2892 3062 | 2287180 2287350 | 171 171 | 91.23 | pa_ill_pa_contig44 contig_56
		Alignment: 3374 3442 | 2287666 2287734 | 69 69 | 92.75 | pa_ill_pa_contig44 contig_56
		Alignment: 3453 3662 | 2287744 2287953 | 210 210 | 93.33 | pa_ill_pa_contig44 contig_56
		Alignment: 4118 4233 | 2288411 2288526 | 116 116 | 93.1 | pa_ill_pa_contig44 contig_56
		Alignment: 4268 4718 | 2288564 2289014 | 451 451 | 92.68 | pa_ill_pa_contig44 contig_56
		Alignment: 4882 5195 | 2289178 2289491 | 314 314 | 96.18 | pa_ill_pa_contig44 contig_56
		Alignment: 529 593 | 3034452 3034516 | 65 65 | 98.46 | pa_ill_pa_contig44 contig_56
		Alignment: 995 1106 | 3034924 3035035 | 112 112 | 91.07 | pa_ill_pa_contig44 contig_56
		Alignment: 1375 1536 | 3035304 3035465 | 162 162 | 93.21 | pa_ill_pa_contig44 contig_56
		Alignment: 1542 1650 | 3035471 3035579 | 109 109 | 90.83 | pa_ill_pa_contig44 contig_56
		Alignment: 1660 1760 | 3035589 3035689 | 101 101 | 94.06 | pa_ill_pa_contig44 contig_56
		Alignment: 1813 1967 | 3035742 3035896 | 155 155 | 92.26 | pa_ill_pa_contig44 contig_56
		Alignment: 1975 2060 | 3035904 3035989 | 86 86 | 91.86 | pa_ill_pa_contig44 contig_56
		Alignment: 3374 3442 | 3037456 3037524 | 69 69 | 92.75 | pa_ill_pa_contig44 contig_56
		Alignment: 3453 3662 | 3037534 3037743 | 210 210 | 93.81 | pa_ill_pa_contig44 contig_56
		Alignment: 4118 4233 | 3038201 3038316 | 116 116 | 93.1 | pa_ill_pa_contig44 contig_56
		Alignment: 4268 4718 | 3038354 3038804 | 451 451 | 92.68 | pa_ill_pa_contig44 contig_56
		Alignment: 4882 5195 | 3038968 3039281 | 314 314 | 96.18 | pa_ill_pa_contig44 contig_56
		Unaligned bases: 4742440

CONTIG: contig_57 (4765296bp)
Best alignment score: 513.0 (LEN: 564, IDY: 90.96), Total number of alignments: 94
			Looking for the best set of alignments (out of 94 total alignments)
			Skipping redundant alignments after choosing the best set of alignments
		Skipping redundant alignment 323 399 | 4335133 4335209 | 77 77 | 100.0 | pa_ill_pa_contig9 contig_57
		Skipping redundant alignment 161 240 | 1996871 1996792 | 80 80 | 100.0 | pa_ill_pa_contig9 contig_57
		Skipping redundant alignment 161 238 | 1996983 1996906 | 78 78 | 100.0 | pa_ill_pa_contig9 contig_57
		Skipping redundant alignment 321 398 | 1996983 1996906 | 78 78 | 100.0 | pa_ill_pa_contig9 contig_57
		Skipping redundant alignment 28781 28858 | 4335210 4335133 | 78 78 | 100.0 | pa_ill_pa_contig8 contig_57
		Skipping redundant alignment 163 238 | 4335133 4335208 | 76 76 | 100.0 | pa_ill_pa_contig9 contig_57
		Skipping redundant alignment 3 78 | 4335133 4335208 | 76 76 | 100.0 | pa_ill_pa_contig9 contig_57
		Skipping redundant alignment 65010 65101 | 1790297 1790206 | 92 92 | 91.3 | pa_ill_pa_contig27 contig_57
		Skipping redundant alignment 48505 48596 | 1790297 1790206 | 92 92 | 91.3 | pa_ill_pa_contig27 contig_57
		Skipping redundant alignment 84045 84229 | 4763728 4763544 | 185 185 | 91.35 | pa_ill_pa_contig13 contig_57
		This contig has several significant sets of alignments. [An ambiguously mapped contig]
		Using only the very best set (option --ambiguity-usage is set to "one").
			The best set is below. Score: 11848.7, number of alignments: 84, unaligned bases: 4750461
		This contig is misassembled.
		This contig is partially unaligned. (Aligned 14835 out of 4765296 non-N bases (0.31%))
			Warning! This contig is more unaligned than misassembled. Contig length is 4765296 (number of Ns: 0) and total length of all aligns is 14835
		Alignment: 4882 5195 | 304442 304129 | 314 314 | 96.18 | pa_ill_pa_contig44 contig_57
		Alignment: 4268 4831 | 305056 304493 | 564 564 | 90.96 | pa_ill_pa_contig44 contig_57
		Alignment: 4118 4231 | 305209 305096 | 114 114 | 93.86 | pa_ill_pa_contig44 contig_57
		Alignment: 3453 3662 | 305874 305665 | 210 210 | 93.81 | pa_ill_pa_contig44 contig_57
		Alignment: 3374 3442 | 305952 305884 | 69 69 | 94.2 | pa_ill_pa_contig44 contig_57
		Alignment: 2687 2800 | 306650 306537 | 114 114 | 91.23 | pa_ill_pa_contig44 contig_57
		Alignment: 1975 2060 | 307322 307237 | 86 86 | 91.86 | pa_ill_pa_contig44 contig_57
		Alignment: 1813 1967 | 307484 307330 | 155 155 | 92.26 | pa_ill_pa_contig44 contig_57
		Alignment: 1375 1536 | 307922 307761 | 162 162 | 93.83 | pa_ill_pa_contig44 contig_57
		Alignment: 997 1158 | 308300 308139 | 162 162 | 90.12 | pa_ill_pa_contig44 contig_57
		Alignment: 529 593 | 308774 308710 | 65 65 | 98.46 | pa_ill_pa_contig44 contig_57
		Alignment: 4882 5195 | 1012751 1012438 | 314 314 | 96.18 | pa_ill_pa_contig44 contig_57
		Alignment: 4268 4831 | 1013365 1012802 | 564 564 | 90.96 | pa_ill_pa_contig44 contig_57
		Alignment: 4118 4231 | 1013518 1013405 | 114 114 | 93.86 | pa_ill_pa_contig44 contig_57
		Alignment: 3453 3662 | 1014183 1013974 | 210 210 | 93.81 | pa_ill_pa_contig44 contig_57
		Alignment: 3374 3442 | 1014261 1014193 | 69 69 | 94.2 | pa_ill_pa_contig44 contig_57
		Alignment: 2687 2800 | 1014959 1014846 | 114 114 | 91.23 | pa_ill_pa_contig44 contig_57
		Alignment: 1975 2060 | 1015637 1015552 | 86 86 | 91.86 | pa_ill_pa_contig44 contig_57
		Alignment: 1813 1967 | 1015799 1015645 | 155 155 | 92.26 | pa_ill_pa_contig44 contig_57
		Alignment: 1375 1536 | 1016237 1016076 | 162 162 | 93.83 | pa_ill_pa_contig44 contig_57
		Alignment: 997 1158 | 1016615 1016454 | 162 162 | 90.12 | pa_ill_pa_contig44 contig_57
		Alignment: 529 593 | 1017089 1017025 | 65 65 | 98.46 | pa_ill_pa_contig44 contig_57
		Alignment: 529 593 | 1556036 1556100 | 65 65 | 98.46 | pa_ill_pa_contig44 contig_57
		Alignment: 997 1158 | 1556510 1556671 | 162 162 | 90.12 | pa_ill_pa_contig44 contig_57
		Alignment: 1375 1536 | 1556888 1557049 | 162 162 | 93.83 | pa_ill_pa_contig44 contig_57
		Alignment: 1813 1967 | 1557327 1557481 | 155 155 | 92.26 | pa_ill_pa_contig44 contig_57
		Alignment: 1975 2060 | 1557489 1557574 | 86 86 | 91.86 | pa_ill_pa_contig44 contig_57
		Alignment: 2687 2800 | 1558084 1558197 | 114 114 | 91.23 | pa_ill_pa_contig44 contig_57
		Alignment: 2892 3062 | 1558298 1558468 | 171 171 | 91.23 | pa_ill_pa_contig44 contig_57
		Alignment: 3374 3442 | 1558782 1558850 | 69 69 | 94.2 | pa_ill_pa_contig44 contig_57
		Alignment: 3453 3662 | 1558860 1559069 | 210 210 | 93.81 | pa_ill_pa_contig44 contig_57
		Alignment: 4118 4231 | 1559525 1559638 | 114 114 | 93.86 | pa_ill_pa_contig44 contig_57
		Alignment: 4268 4718 | 1559678 1560128 | 451 451 | 92.68 | pa_ill_pa_contig44 contig_57
		Alignment: 4882 5195 | 1560292 1560605 | 314 314 | 96.18 | pa_ill_pa_contig44 contig_57
		Alignment: 529 593 | 1649660 1649724 | 65 65 | 98.46 | pa_ill_pa_contig44 contig_57
		Alignment: 997 1158 | 1650134 1650295 | 162 162 | 90.12 | pa_ill_pa_contig44 contig_57
		Alignment: 1375 1536 | 1650512 1650673 | 162 162 | 93.83 | pa_ill_pa_contig44 contig_57
		Alignment: 1813 1967 | 1650950 1651104 | 155 155 | 92.26 | pa_ill_pa_contig44 contig_57
		Alignment: 1975 2060 | 1651112 1651197 | 86 86 | 91.86 | pa_ill_pa_contig44 contig_57
		Alignment: 2687 2800 | 1651799 1651912 | 114 114 | 91.23 | pa_ill_pa_contig44 contig_57
		Alignment: 2892 3062 | 1652013 1652183 | 171 171 | 91.23 | pa_ill_pa_contig44 contig_57
		Alignment: 3374 3442 | 1652497 1652565 | 69 69 | 94.2 | pa_ill_pa_contig44 contig_57
		Alignment: 3453 3662 | 1652575 1652784 | 210 210 | 93.81 | pa_ill_pa_contig44 contig_57
		Alignment: 4118 4231 | 1653241 1653354 | 114 114 | 93.86 | pa_ill_pa_contig44 contig_57
		Alignment: 4268 4385 | 1653394 1653511 | 118 118 | 94.92 | pa_ill_pa_contig44 contig_57
		Alignment: 4391 4831 | 1653519 1653959 | 441 441 | 90.25 | pa_ill_pa_contig44 contig_57
		Alignment: 4882 5195 | 1654010 1654323 | 314 314 | 96.18 | pa_ill_pa_contig44 contig_57
		Alignment: 529 593 | 1780788 1780852 | 65 65 | 98.46 | pa_ill_pa_contig44 contig_57
		Alignment: 997 1158 | 1781262 1781423 | 162 162 | 90.12 | pa_ill_pa_contig44 contig_57
		Alignment: 1375 1536 | 1781640 1781801 | 162 162 | 93.83 | pa_ill_pa_contig44 contig_57
		Alignment: 1813 1967 | 1782079 1782233 | 155 155 | 92.26 | pa_ill_pa_contig44 contig_57
		Alignment: 1975 2060 | 1782241 1782326 | 86 86 | 91.86 | pa_ill_pa_contig44 contig_57
		Alignment: 2687 2800 | 1782836 1782949 | 114 114 | 91.23 | pa_ill_pa_contig44 contig_57
		Alignment: 2892 3062 | 1783050 1783220 | 171 171 | 91.23 | pa_ill_pa_contig44 contig_57
		Alignment: 3374 3442 | 1783534 1783602 | 69 69 | 94.2 | pa_ill_pa_contig44 contig_57
		Alignment: 3453 3662 | 1783612 1783821 | 210 210 | 93.81 | pa_ill_pa_contig44 contig_57
		Alignment: 4118 4231 | 1784277 1784390 | 114 114 | 93.86 | pa_ill_pa_contig44 contig_57
		Alignment: 4268 4718 | 1784430 1784880 | 451 451 | 92.68 | pa_ill_pa_contig44 contig_57
		Alignment: 4882 5195 | 1785044 1785357 | 314 314 | 96.18 | pa_ill_pa_contig44 contig_57
		Alignment: 529 593 | 1822190 1822254 | 65 65 | 98.46 | pa_ill_pa_contig44 contig_57
		Alignment: 997 1158 | 1822664 1822825 | 162 162 | 90.12 | pa_ill_pa_contig44 contig_57
		Alignment: 1375 1536 | 1823042 1823203 | 162 162 | 93.83 | pa_ill_pa_contig44 contig_57
		Alignment: 1813 1967 | 1823480 1823634 | 155 155 | 92.26 | pa_ill_pa_contig44 contig_57
		Alignment: 1975 2060 | 1823642 1823727 | 86 86 | 91.86 | pa_ill_pa_contig44 contig_57
		Alignment: 2687 2800 | 1824237 1824350 | 114 114 | 91.23 | pa_ill_pa_contig44 contig_57
		Alignment: 2892 3062 | 1824451 1824621 | 171 171 | 91.23 | pa_ill_pa_contig44 contig_57
		Alignment: 3374 3442 | 1824935 1825003 | 69 69 | 94.2 | pa_ill_pa_contig44 contig_57
		Alignment: 3453 3662 | 1825013 1825222 | 210 210 | 93.81 | pa_ill_pa_contig44 contig_57
		Alignment: 4118 4231 | 1825678 1825791 | 114 114 | 93.86 | pa_ill_pa_contig44 contig_57
		Alignment: 4268 4718 | 1825831 1826281 | 451 451 | 92.68 | pa_ill_pa_contig44 contig_57
		Alignment: 4882 5195 | 1826445 1826758 | 314 314 | 96.18 | pa_ill_pa_contig44 contig_57
		Alignment: 529 593 | 2470025 2470089 | 65 65 | 98.46 | pa_ill_pa_contig44 contig_57
		Alignment: 997 1158 | 2470499 2470660 | 162 162 | 90.12 | pa_ill_pa_contig44 contig_57
		Alignment: 1375 1760 | 2470877 2471262 | 386 386 | 92.75 | pa_ill_pa_contig44 contig_57
		Alignment: 1813 1967 | 2471315 2471469 | 155 155 | 92.26 | pa_ill_pa_contig44 contig_57
		Alignment: 1975 2060 | 2471477 2471562 | 86 86 | 91.86 | pa_ill_pa_contig44 contig_57
		Alignment: 2687 2800 | 2472164 2472277 | 114 114 | 91.23 | pa_ill_pa_contig44 contig_57
		Alignment: 2892 3062 | 2472378 2472548 | 171 171 | 91.23 | pa_ill_pa_contig44 contig_57
		Alignment: 3374 3442 | 2472862 2472930 | 69 69 | 94.2 | pa_ill_pa_contig44 contig_57
		Alignment: 3453 3662 | 2472940 2473149 | 210 210 | 93.81 | pa_ill_pa_contig44 contig_57
		Alignment: 4118 4231 | 2473604 2473717 | 114 114 | 93.86 | pa_ill_pa_contig44 contig_57
		Alignment: 4268 4385 | 2473757 2473874 | 118 118 | 94.92 | pa_ill_pa_contig44 contig_57
		Alignment: 4391 4831 | 2473882 2474322 | 441 441 | 90.25 | pa_ill_pa_contig44 contig_57
		Alignment: 4882 5195 | 2474373 2474686 | 314 314 | 96.18 | pa_ill_pa_contig44 contig_57
		Unaligned bases: 4750461

CONTIG: contig_12 (2992057bp)
Best alignment score: 127.0 (LEN: 138, IDY: 92.03), Total number of alignments: 18
			Looking for the best set of alignments (out of 18 total alignments)
			Skipping redundant alignments after choosing the best set of alignments
		Skipping redundant alignment 4406 4488 | 900 818 | 83 83 | 97.59 | pa_ill_pa_contig44 contig_12
		Skipping redundant alignment 1397 1517 | 3729 3609 | 121 121 | 95.04 | pa_ill_pa_contig44 contig_12
		Skipping redundant alignment 1201 1338 | 3926 3789 | 138 138 | 92.03 | pa_ill_pa_contig44 contig_12
		Skipping redundant alignment 4406 4488 | 599168 599086 | 83 83 | 97.59 | pa_ill_pa_contig44 contig_12
		Skipping redundant alignment 1397 1517 | 602248 602128 | 121 121 | 95.04 | pa_ill_pa_contig44 contig_12
		Skipping redundant alignment 1201 1338 | 602445 602308 | 138 138 | 92.03 | pa_ill_pa_contig44 contig_12
		Skipping redundant alignment 4406 4488 | 2888285 2888203 | 83 83 | 97.59 | pa_ill_pa_contig44 contig_12
		Skipping redundant alignment 1397 1517 | 2891114 2890994 | 121 121 | 95.04 | pa_ill_pa_contig44 contig_12
		Skipping redundant alignment 1201 1338 | 2891311 2891174 | 138 138 | 92.03 | pa_ill_pa_contig44 contig_12
			The best set is below. Score: 378.3, number of alignments: 9, unaligned bases: 2991031
		This contig is misassembled.
		This contig is partially unaligned. (Aligned 1026 out of 2992057 non-N bases (0.03%))
			Warning! This contig is more unaligned than misassembled. Contig length is 2992057 (number of Ns: 0) and total length of all aligns is 1026
		Alignment: 1201 1338 | 1147060 1147197 | 138 138 | 92.03 | pa_ill_pa_contig44 contig_12
		Alignment: 1397 1517 | 1147257 1147377 | 121 121 | 95.04 | pa_ill_pa_contig44 contig_12
		Alignment: 4406 4488 | 1150337 1150419 | 83 83 | 97.59 | pa_ill_pa_contig44 contig_12
		Alignment: 1201 1338 | 1384860 1384997 | 138 138 | 92.03 | pa_ill_pa_contig44 contig_12
		Alignment: 1397 1517 | 1385057 1385177 | 121 121 | 95.04 | pa_ill_pa_contig44 contig_12
		Alignment: 4406 4488 | 1387886 1387968 | 83 83 | 97.59 | pa_ill_pa_contig44 contig_12
		Alignment: 1201 1338 | 1390879 1391016 | 138 138 | 92.03 | pa_ill_pa_contig44 contig_12
		Alignment: 1397 1517 | 1391076 1391196 | 121 121 | 95.04 | pa_ill_pa_contig44 contig_12
		Alignment: 4406 4488 | 1393905 1393987 | 83 83 | 97.59 | pa_ill_pa_contig44 contig_12
		Unaligned bases: 2991031

CONTIG: contig_14 (2845381bp)
Best alignment score: 129.0 (LEN: 142, IDY: 90.85), Total number of alignments: 12
			Looking for the best set of alignments (out of 12 total alignments)
			Skipping redundant alignments after choosing the best set of alignments
		Skipping redundant alignment 1200 1338 | 684293 684431 | 139 139 | 91.37 | pa_ill_pa_contig44 contig_14
		Skipping redundant alignment 1397 1538 | 684491 684632 | 142 142 | 90.85 | pa_ill_pa_contig44 contig_14
		Skipping redundant alignment 4406 4500 | 687383 687477 | 95 95 | 96.84 | pa_ill_pa_contig44 contig_14
		Skipping redundant alignment 1200 1338 | 1303525 1303663 | 139 139 | 91.37 | pa_ill_pa_contig44 contig_14
		Skipping redundant alignment 1397 1538 | 1303723 1303864 | 142 142 | 90.85 | pa_ill_pa_contig44 contig_14
		Skipping redundant alignment 4406 4500 | 1306615 1306709 | 95 95 | 96.84 | pa_ill_pa_contig44 contig_14
		Skipping redundant alignment 4406 4500 | 2812109 2812015 | 95 95 | 96.84 | pa_ill_pa_contig44 contig_14
		Skipping redundant alignment 1397 1538 | 2814899 2814758 | 142 142 | 90.85 | pa_ill_pa_contig44 contig_14
		Skipping redundant alignment 1200 1338 | 2815097 2814959 | 139 139 | 91.37 | pa_ill_pa_contig44 contig_14
		This contig has several significant sets of alignments. [An ambiguously mapped contig]
		Using only the very best set (option --ambiguity-usage is set to "one").
			The best set is below. Score: 324.0, number of alignments: 3, unaligned bases: 2845005
		This contig is misassembled.
		This contig is partially unaligned. (Aligned 376 out of 2845381 non-N bases (0.01%))
			Warning! This contig is more unaligned than misassembled. Contig length is 2845381 (number of Ns: 0) and total length of all aligns is 376
		Alignment: 1200 1338 | 241198 241336 | 139 139 | 91.37 | pa_ill_pa_contig44 contig_14
		Alignment: 1397 1538 | 241396 241537 | 142 142 | 90.85 | pa_ill_pa_contig44 contig_14
		Alignment: 4406 4500 | 244186 244280 | 95 95 | 96.84 | pa_ill_pa_contig44 contig_14
		Unaligned bases: 2845005

CONTIG: contig_15 (1947905bp)
Best alignment score: 116.0 (LEN: 125, IDY: 92.80), Total number of alignments: 6
			Looking for the best set of alignments (out of 6 total alignments)
			Skipping redundant alignments after choosing the best set of alignments
		Skipping redundant alignment 1397 1521 | 1047856 1047732 | 125 125 | 92.8 | pa_ill_pa_contig44 contig_15
		Skipping redundant alignment 1397 1521 | 1709264 1709388 | 125 125 | 92.8 | pa_ill_pa_contig44 contig_15
		Skipping redundant alignment 1397 1521 | 1744788 1744912 | 125 125 | 92.8 | pa_ill_pa_contig44 contig_15
		Skipping redundant alignment 1397 1521 | 1821683 1821807 | 125 125 | 92.8 | pa_ill_pa_contig44 contig_15
			The best set is below. Score: 177.0, number of alignments: 2, unaligned bases: 1947714
		This contig is misassembled.
		This contig is partially unaligned. (Aligned 191 out of 1947905 non-N bases (0.01%))
			Warning! This contig is more unaligned than misassembled. Contig length is 1947905 (number of Ns: 0) and total length of all aligns is 191
		Alignment: 1397 1521 | 231625 231749 | 125 125 | 92.8 | pa_ill_pa_contig44 contig_15
		Alignment: 1873 1938 | 232110 232175 | 66 66 | 92.42 | pa_ill_pa_contig44 contig_15
		Unaligned bases: 1947714

CONTIG: contig_2 (4045623bp)
Best alignment score: 125.0 (LEN: 138, IDY: 90.58), Total number of alignments: 30
			Looking for the best set of alignments (out of 30 total alignments)
			Skipping redundant alignments after choosing the best set of alignments
		Skipping redundant alignment 4406 4535 | 1479516 1479387 | 130 130 | 90.77 | pa_ill_pa_contig44 contig_2
		Skipping redundant alignment 1397 1515 | 1482266 1482148 | 119 119 | 94.12 | pa_ill_pa_contig44 contig_2
		Skipping redundant alignment 1201 1338 | 1482463 1482326 | 138 138 | 90.58 | pa_ill_pa_contig44 contig_2
			The best set is below. Score: 867.8, number of alignments: 27, unaligned bases: 4042140
		This contig is misassembled.
		This contig is partially unaligned. (Aligned 3483 out of 4045623 non-N bases (0.09%))
			Warning! This contig is more unaligned than misassembled. Contig length is 4045623 (number of Ns: 0) and total length of all aligns is 3483
		Alignment: 1201 1338 | 2556196 2556333 | 138 138 | 90.58 | pa_ill_pa_contig44 contig_2
		Alignment: 1397 1515 | 2556393 2556511 | 119 119 | 94.12 | pa_ill_pa_contig44 contig_2
		Alignment: 4406 4535 | 2559319 2559448 | 130 130 | 90.77 | pa_ill_pa_contig44 contig_2
		Alignment: 1201 1338 | 2576808 2576945 | 138 138 | 90.58 | pa_ill_pa_contig44 contig_2
		Alignment: 1397 1515 | 2577005 2577123 | 119 119 | 94.12 | pa_ill_pa_contig44 contig_2
		Alignment: 4406 4535 | 2579931 2580060 | 130 130 | 90.77 | pa_ill_pa_contig44 contig_2
		Alignment: 1201 1338 | 2637142 2637279 | 138 138 | 90.58 | pa_ill_pa_contig44 contig_2
		Alignment: 1397 1515 | 2637339 2637457 | 119 119 | 94.12 | pa_ill_pa_contig44 contig_2
		Alignment: 4406 4535 | 2640088 2640217 | 130 130 | 90.77 | pa_ill_pa_contig44 contig_2
		Alignment: 1201 1338 | 2643065 2643202 | 138 138 | 90.58 | pa_ill_pa_contig44 contig_2
		Alignment: 1397 1515 | 2643262 2643380 | 119 119 | 94.12 | pa_ill_pa_contig44 contig_2
		Alignment: 4406 4535 | 2646011 2646140 | 130 130 | 90.77 | pa_ill_pa_contig44 contig_2
		Alignment: 1201 1338 | 2707609 2707746 | 138 138 | 90.58 | pa_ill_pa_contig44 contig_2
		Alignment: 1397 1515 | 2707806 2707924 | 119 119 | 94.12 | pa_ill_pa_contig44 contig_2
		Alignment: 4406 4535 | 2710555 2710684 | 130 130 | 90.77 | pa_ill_pa_contig44 contig_2
		Alignment: 1201 1338 | 2713222 2713359 | 138 138 | 90.58 | pa_ill_pa_contig44 contig_2
		Alignment: 1397 1515 | 2713419 2713537 | 119 119 | 94.12 | pa_ill_pa_contig44 contig_2
		Alignment: 4406 4535 | 2716168 2716297 | 130 130 | 90.77 | pa_ill_pa_contig44 contig_2
		Alignment: 1201 1338 | 2718223 2718360 | 138 138 | 90.58 | pa_ill_pa_contig44 contig_2
		Alignment: 1397 1515 | 2718420 2718538 | 119 119 | 94.12 | pa_ill_pa_contig44 contig_2
		Alignment: 4406 4535 | 2721169 2721298 | 130 130 | 90.77 | pa_ill_pa_contig44 contig_2
		Alignment: 1201 1338 | 3171684 3171821 | 138 138 | 90.58 | pa_ill_pa_contig44 contig_2
		Alignment: 1397 1515 | 3171881 3171999 | 119 119 | 94.12 | pa_ill_pa_contig44 contig_2
		Alignment: 4406 4535 | 3174630 3174759 | 130 130 | 90.77 | pa_ill_pa_contig44 contig_2
		Alignment: 1201 1338 | 3464452 3464589 | 138 138 | 90.58 | pa_ill_pa_contig44 contig_2
		Alignment: 1397 1515 | 3464649 3464767 | 119 119 | 94.12 | pa_ill_pa_contig44 contig_2
		Alignment: 4406 4535 | 3467398 3467527 | 130 130 | 90.77 | pa_ill_pa_contig44 contig_2
		Unaligned bases: 4042140

CONTIG: contig_6 (2718049bp)
Best alignment score: 212.0 (LEN: 235, IDY: 90.21), Total number of alignments: 18
			Looking for the best set of alignments (out of 18 total alignments)
			Skipping redundant alignments after choosing the best set of alignments
		Skipping redundant alignment 4403 4500 | 2583702 2583605 | 98 98 | 96.94 | pa_ill_pa_contig44 contig_6
		Skipping redundant alignment 1397 1503 | 2586754 2586648 | 107 107 | 96.26 | pa_ill_pa_contig44 contig_6
		Skipping redundant alignment 4903 5134 | 2583202 2582971 | 232 232 | 90.95 | pa_ill_pa_contig44 contig_6
			The best set is below. Score: 823.5, number of alignments: 15, unaligned bases: 2715869
		This contig is misassembled.
		This contig is partially unaligned. (Aligned 2180 out of 2718049 non-N bases (0.08%))
			Warning! This contig is more unaligned than misassembled. Contig length is 2718049 (number of Ns: 0) and total length of all aligns is 2180
		Alignment: 4903 5134 | 1075 841 | 232 235 | 90.21 | pa_ill_pa_contig44 contig_6
		Alignment: 4403 4500 | 1575 1478 | 98 98 | 96.94 | pa_ill_pa_contig44 contig_6
		Alignment: 1397 1503 | 4621 4515 | 107 107 | 96.26 | pa_ill_pa_contig44 contig_6
		Alignment: 4903 5134 | 114454 114223 | 232 232 | 90.95 | pa_ill_pa_contig44 contig_6
		Alignment: 4403 4500 | 114954 114857 | 98 98 | 96.94 | pa_ill_pa_contig44 contig_6
		Alignment: 1397 1503 | 117959 117853 | 107 107 | 96.26 | pa_ill_pa_contig44 contig_6
		Alignment: 1397 1503 | 1174503 1174609 | 107 107 | 96.26 | pa_ill_pa_contig44 contig_6
		Alignment: 4403 4500 | 1177521 1177618 | 98 98 | 96.94 | pa_ill_pa_contig44 contig_6
		Alignment: 4903 5134 | 1178021 1178252 | 232 232 | 90.95 | pa_ill_pa_contig44 contig_6
		Alignment: 1397 1503 | 1219095 1219201 | 107 107 | 96.26 | pa_ill_pa_contig44 contig_6
		Alignment: 4403 4500 | 1222052 1222149 | 98 98 | 96.94 | pa_ill_pa_contig44 contig_6
		Alignment: 4903 5134 | 1222552 1222783 | 232 232 | 90.95 | pa_ill_pa_contig44 contig_6
		Alignment: 1397 1503 | 1224346 1224452 | 107 107 | 96.26 | pa_ill_pa_contig44 contig_6
		Alignment: 4403 4500 | 1227274 1227371 | 98 98 | 96.94 | pa_ill_pa_contig44 contig_6
		Alignment: 4912 5134 | 1227783 1228006 | 223 224 | 90.18 | pa_ill_pa_contig44 contig_6
		Unaligned bases: 2715869

Analyzing coverage...
Writing SNPs into /media3/lucia/zymo_mock_community/asms_sin_cuantizar/asm_flye/metaquast-r10/runs_per_reference/pa_ill/contigs_reports/minimap_output/MP_helen_r10_3.used_snps.gz

Analysis is finished!
Founded SNPs were written into /media3/lucia/zymo_mock_community/asms_sin_cuantizar/asm_flye/metaquast-r10/runs_per_reference/pa_ill/contigs_reports/minimap_output/MP_helen_r10_3.used_snps.gz

Results:
	Local Misassemblies: 11
	Misassemblies: 6
		Relocations: 0
		Translocations: 6
		Inversions: 0
	Scaffold gap extensive misassemblies: 0
	Scaffold gap local misassemblies: 0
	Misassemblies caused by fragmented reference: 21
	Misassembled Contigs: 1
	Misassembled Contig Bases: 6792182
	Misassemblies Inter-Contig Overlap: 0
Unaligned Contigs: 0 + 8 part
Half Unaligned Contigs with Misassemblies: 7
Unaligned Contig Bases: 24045837

Ambiguously Mapped Contigs: 2
Total Bases in Ambiguously Mapped Contigs: 7610677
Extra Bases in Ambiguously Mapped Contigs: 0
Note that --allow-ambiguity option was set to "one" and only first alignment per each of these contigs was used.

	Covered Bases: 6720751

	SNPs: 3724
	Insertions: 264
	Deletions: 5137

