Aligning contigs to reference...
	Aligning contigs to the reference
Filtering alignments...
Parsing coords...
Loading reference...
	Loaded [bs_ill_bs_contig20]
	Loaded [bs_ill_bs_contig21]
	Loaded [bs_ill_bs_contig89]
	Loaded [bs_ill_bs_contig411]
	Loaded [bs_ill_bs_contig1250]
	Loaded [bs_ill_bs_contig11]
	Loaded [bs_ill_bs_contig10]
	Loaded [bs_ill_bs_contig13]
	Loaded [bs_ill_bs_contig12]
	Loaded [bs_ill_bs_contig15]
	Loaded [bs_ill_bs_contig14]
	Loaded [bs_ill_bs_contig17]
	Loaded [bs_ill_bs_contig16]
	Loaded [bs_ill_bs_contig19]
	Loaded [bs_ill_bs_contig18]
	Loaded [bs_ill_bs_contig839]
	Loaded [bs_ill_bs_contig9]
	Loaded [bs_ill_bs_contig1326]
	Loaded [bs_ill_bs_contig1146]
	Loaded [bs_ill_bs_contig1]
	Loaded [bs_ill_bs_contig3]
	Loaded [bs_ill_bs_contig2]
	Loaded [bs_ill_bs_contig5]
	Loaded [bs_ill_bs_contig4]
	Loaded [bs_ill_bs_contig7]
	Loaded [bs_ill_bs_contig6]
	Loaded [bs_ill_bs_contig933]
	Loaded [bs_ill_bs_contig8]
	Loaded [bs_ill_bs_contig991]
	Total Regions: 29
	Total Region Length: 3985829
Analyzing contigs...
CONTIG: contig_102 (2720329bp)
Best alignment score: 1002.1 (LEN: 1068, IDY: 93.83), Total number of alignments: 53
			Looking for the best set of alignments (out of 53 total alignments)
			Skipping redundant alignments after choosing the best set of alignments
		Skipping redundant alignment 92 173 | 404986 404905 | 82 82 | 93.9 | bs_ill_bs_contig1326 contig_102
		Skipping redundant alignment 105 553 | 406834 407282 | 449 449 | 90.87 | bs_ill_bs_contig991 contig_102
		Skipping redundant alignment 480 720 | 407883 407643 | 241 241 | 95.85 | bs_ill_bs_contig1146 contig_102
		Skipping redundant alignment 2 120 | 409967 410085 | 119 119 | 90.76 | bs_ill_bs_contig3 contig_102
		Skipping redundant alignment 261 334 | 410227 410300 | 74 74 | 93.24 | bs_ill_bs_contig3 contig_102
		Skipping redundant alignment 8 169 | 541656 541495 | 162 162 | 95.06 | bs_ill_bs_contig13 contig_102
		Skipping redundant alignment 105 553 | 542866 543314 | 449 449 | 91.09 | bs_ill_bs_contig991 contig_102
		Skipping redundant alignment 493 720 | 543902 543675 | 228 228 | 96.05 | bs_ill_bs_contig1146 contig_102
		Skipping redundant alignment 2 100 | 545994 546092 | 99 99 | 91.92 | bs_ill_bs_contig3 contig_102
		Skipping redundant alignment 261 334 | 546255 546328 | 74 74 | 93.24 | bs_ill_bs_contig3 contig_102
		Skipping redundant alignment 98624 98712 | 546543 546630 | 89 88 | 96.63 | bs_ill_bs_contig3 contig_102
		Skipping redundant alignment 98987 99064 | 654219 654296 | 78 78 | 97.44 | bs_ill_bs_contig3 contig_102
		Skipping redundant alignment 103892 104023 | 654224 654356 | 132 133 | 95.52 | bs_ill_bs_contig12 contig_102
		Skipping redundant alignment 18228 18355 | 654566 654441 | 128 126 | 94.53 | bs_ill_bs_contig20 contig_102
		Skipping redundant alignment 8 169 | 655113 654952 | 162 162 | 95.06 | bs_ill_bs_contig13 contig_102
		Skipping redundant alignment 105 553 | 656324 656772 | 449 449 | 91.09 | bs_ill_bs_contig991 contig_102
		Skipping redundant alignment 529 720 | 657324 657133 | 192 192 | 96.35 | bs_ill_bs_contig1146 contig_102
		Skipping redundant alignment 95 183 | 657758 657670 | 89 89 | 91.01 | bs_ill_bs_contig1146 contig_102
		Skipping redundant alignment 2 98 | 1715635 1715539 | 97 97 | 92.78 | bs_ill_bs_contig3 contig_102
		Skipping redundant alignment 105 553 | 1718735 1718287 | 449 449 | 91.09 | bs_ill_bs_contig991 contig_102
		Skipping redundant alignment 292 553 | 1763123 1762862 | 262 262 | 90.08 | bs_ill_bs_contig991 contig_102
		Skipping redundant alignment 105 291 | 1763311 1763125 | 187 187 | 92.51 | bs_ill_bs_contig991 contig_102
		Skipping redundant alignment 8 169 | 1764524 1764685 | 162 162 | 95.06 | bs_ill_bs_contig13 contig_102
		Skipping redundant alignment 2 100 | 1765531 1765433 | 99 99 | 92.93 | bs_ill_bs_contig3 contig_102
		Skipping redundant alignment 293 553 | 1768352 1768092 | 261 261 | 90.42 | bs_ill_bs_contig991 contig_102
		Skipping redundant alignment 105 292 | 1768543 1768356 | 188 188 | 92.55 | bs_ill_bs_contig991 contig_102
		Skipping redundant alignment 32362 32495 | 1805983 1806116 | 134 134 | 91.04 | bs_ill_bs_contig13 contig_102
		Skipping redundant alignment 99187 99345 | 2212297 2212455 | 159 159 | 93.12 | bs_ill_bs_contig3 contig_102
		This contig has several significant sets of alignments. [An ambiguously mapped contig]
		Using only the very best set (option --ambiguity-usage is set to "one").
			The best set is below. Score: 11437.1, number of alignments: 25, unaligned bases: 2706375
		This contig is misassembled.
		This contig is partially unaligned. (Aligned 13954 out of 2720329 non-N bases (0.51%))
			Warning! This contig is more unaligned than misassembled. Contig length is 2720329 (number of Ns: 0) and total length of all aligns is 13954
		Alignment: 8 169 | 405622 405461 | 162 162 | 95.06 | bs_ill_bs_contig13 contig_102
		Alignment: 1 1068 | 405575 406644 | 1068 1070 | 93.56 | bs_ill_bs_contig839 contig_102
		Alignment: 1 982 | 410020 409040 | 982 981 | 92.63 | bs_ill_bs_contig933 contig_102
		Alignment: 1 1068 | 541609 542675 | 1068 1067 | 93.83 | bs_ill_bs_contig839 contig_102
		Alignment: 1 982 | 546047 545064 | 982 984 | 92.84 | bs_ill_bs_contig933 contig_102
		Alignment: 1 1068 | 655066 656133 | 1068 1068 | 93.83 | bs_ill_bs_contig839 contig_102
		Alignment: 1 982 | 659463 658479 | 982 985 | 92.34 | bs_ill_bs_contig933 contig_102
		Alignment: 261 334 | 659670 659743 | 74 74 | 93.24 | bs_ill_bs_contig3 contig_102
		Alignment: 1 982 | 1715582 1716564 | 982 983 | 92.73 | bs_ill_bs_contig933 contig_102
		Alignment: 95 184 | 1717302 1717391 | 90 90 | 91.11 | bs_ill_bs_contig1146 contig_102
		Alignment: 322 405 | 1717529 1717612 | 84 84 | 90.48 | bs_ill_bs_contig1146 contig_102
		Alignment: 480 720 | 1717686 1717926 | 241 241 | 95.02 | bs_ill_bs_contig1146 contig_102
		Alignment: 1 1068 | 1719993 1718926 | 1068 1068 | 93.83 | bs_ill_bs_contig839 contig_102
		Alignment: 8 169 | 1719946 1720107 | 162 162 | 95.06 | bs_ill_bs_contig13 contig_102
		Alignment: 155 251 | 1760108 1760012 | 97 97 | 90.72 | bs_ill_bs_contig3 contig_102
		Alignment: 2 120 | 1760261 1760143 | 119 119 | 90.76 | bs_ill_bs_contig3 contig_102
		Alignment: 1 982 | 1760208 1761194 | 982 987 | 92.45 | bs_ill_bs_contig933 contig_102
		Alignment: 95 184 | 1761875 1761964 | 90 90 | 91.11 | bs_ill_bs_contig1146 contig_102
		Alignment: 493 720 | 1762274 1762501 | 228 228 | 95.61 | bs_ill_bs_contig1146 contig_102
		Alignment: 1 1068 | 1764571 1763504 | 1068 1068 | 93.83 | bs_ill_bs_contig839 contig_102
		Alignment: 1 982 | 1765478 1766460 | 982 983 | 92.73 | bs_ill_bs_contig933 contig_102
		Alignment: 95 183 | 1767106 1767194 | 89 89 | 91.01 | bs_ill_bs_contig1146 contig_102
		Alignment: 480 720 | 1767491 1767731 | 241 241 | 94.61 | bs_ill_bs_contig1146 contig_102
		Alignment: 1 1068 | 1769802 1768734 | 1068 1069 | 93.74 | bs_ill_bs_contig839 contig_102
		Alignment: 8 169 | 1769755 1769916 | 162 162 | 95.06 | bs_ill_bs_contig13 contig_102
		Unaligned bases: 2706375

CONTIG: contig_85 (2991898bp)
Best alignment score: 4578.7 (LEN: 4698, IDY: 97.46), Total number of alignments: 63
			Looking for the best set of alignments (out of 63 total alignments)
			Skipping redundant alignments after choosing the best set of alignments
		Skipping redundant alignment 18222 18295 | 1083083 1083156 | 74 74 | 100.0 | bs_ill_bs_contig20 contig_85
		Skipping redundant alignment 99073 99150 | 1083156 1083079 | 78 78 | 97.44 | bs_ill_bs_contig3 contig_85
		Skipping redundant alignment 18222 18293 | 1304437 1304366 | 72 72 | 100.0 | bs_ill_bs_contig20 contig_85
		Skipping redundant alignment 99075 99146 | 1304366 1304437 | 72 72 | 100.0 | bs_ill_bs_contig3 contig_85
		Skipping redundant alignment 34981 35053 | 1304438 1304366 | 73 73 | 100.0 | bs_ill_bs_contig15 contig_85
		Skipping redundant alignment 99075 99146 | 2569667 2569738 | 72 72 | 100.0 | bs_ill_bs_contig3 contig_85
		Skipping redundant alignment 34981 35053 | 2569739 2569667 | 73 73 | 100.0 | bs_ill_bs_contig15 contig_85
		Skipping redundant alignment 18222 18293 | 2569738 2569667 | 72 72 | 100.0 | bs_ill_bs_contig20 contig_85
		Skipping redundant alignment 299 374 | 1786116 1786191 | 76 76 | 97.37 | bs_ill_bs_contig1326 contig_85
		Skipping redundant alignment 99074 99146 | 1787716 1787644 | 73 73 | 100.0 | bs_ill_bs_contig3 contig_85
		Skipping redundant alignment 1 133 | 534151 534283 | 133 133 | 91.73 | bs_ill_bs_contig3 contig_85
		Skipping redundant alignment 159 246 | 534309 534396 | 88 88 | 90.91 | bs_ill_bs_contig3 contig_85
		Skipping redundant alignment 266 333 | 534418 534485 | 68 68 | 95.59 | bs_ill_bs_contig3 contig_85
		Skipping redundant alignment 32167 32235 | 582604 582536 | 69 69 | 91.3 | bs_ill_bs_contig13 contig_85
		Skipping redundant alignment 34981 35062 | 1787643 1787724 | 82 82 | 100.0 | bs_ill_bs_contig15 contig_85
		Skipping redundant alignment 266 333 | 1077771 1077704 | 68 68 | 95.59 | bs_ill_bs_contig3 contig_85
		Skipping redundant alignment 159 246 | 1077880 1077793 | 88 88 | 90.91 | bs_ill_bs_contig3 contig_85
		Skipping redundant alignment 1 133 | 1078038 1077906 | 133 133 | 91.73 | bs_ill_bs_contig3 contig_85
		Skipping redundant alignment 99180 99347 | 2573703 2573868 | 168 166 | 90.64 | bs_ill_bs_contig3 contig_85
		This contig has several significant sets of alignments. [An ambiguously mapped contig]
		Using only the very best set (option --ambiguity-usage is set to "one").
			The best set is below. Score: 23560.0, number of alignments: 44, unaligned bases: 2963963
		This contig is misassembled.
		This contig is partially unaligned. (Aligned 27935 out of 2991898 non-N bases (0.93%))
			Warning! This contig is more unaligned than misassembled. Contig length is 2991898 (number of Ns: 0) and total length of all aligns is 27935
		Alignment: 18672 18790 | 268360 268242 | 119 119 | 90.76 | bs_ill_bs_contig13 contig_85
		Alignment: 1 277 | 286228 285952 | 277 277 | 91.07 | bs_ill_bs_contig13 contig_85
		Alignment: 1 1065 | 286174 287238 | 1065 1065 | 95.6 | bs_ill_bs_contig839 contig_85
		Alignment: 108 910 | 287433 288241 | 803 809 | 91.87 | bs_ill_bs_contig991 contig_85
		Alignment: 83 720 | 288882 288246 | 638 637 | 90.39 | bs_ill_bs_contig1146 contig_85
		Alignment: 1 966 | 290392 289429 | 966 964 | 94.21 | bs_ill_bs_contig933 contig_85
		Alignment: 1 133 | 290338 290470 | 133 133 | 91.73 | bs_ill_bs_contig3 contig_85
		Alignment: 159 246 | 290496 290583 | 88 88 | 90.91 | bs_ill_bs_contig3 contig_85
		Alignment: 266 333 | 290605 290672 | 68 68 | 95.59 | bs_ill_bs_contig3 contig_85
		Alignment: 1 277 | 292247 291971 | 277 277 | 91.07 | bs_ill_bs_contig13 contig_85
		Alignment: 1 1065 | 292193 293257 | 1065 1065 | 95.6 | bs_ill_bs_contig839 contig_85
		Alignment: 108 910 | 293452 294260 | 803 809 | 91.87 | bs_ill_bs_contig991 contig_85
		Alignment: 83 720 | 294901 294265 | 638 637 | 90.39 | bs_ill_bs_contig1146 contig_85
		Alignment: 1 966 | 296412 295449 | 966 964 | 94.21 | bs_ill_bs_contig933 contig_85
		Alignment: 1 133 | 296358 296490 | 133 133 | 91.73 | bs_ill_bs_contig3 contig_85
		Alignment: 159 246 | 296516 296603 | 88 88 | 90.91 | bs_ill_bs_contig3 contig_85
		Alignment: 266 333 | 296625 296692 | 68 68 | 95.59 | bs_ill_bs_contig3 contig_85
		Alignment: 1 277 | 529790 529514 | 277 277 | 91.07 | bs_ill_bs_contig13 contig_85
		Alignment: 1 1065 | 529736 530800 | 1065 1065 | 95.6 | bs_ill_bs_contig839 contig_85
		Alignment: 108 910 | 530995 531803 | 803 809 | 91.87 | bs_ill_bs_contig991 contig_85
		Alignment: 83 720 | 532444 531808 | 638 637 | 90.39 | bs_ill_bs_contig1146 contig_85
		Alignment: 1 966 | 534205 533242 | 966 964 | 94.21 | bs_ill_bs_contig933 contig_85
		Alignment: 1 4776 | 679016 674319 | 4776 4698 | 97.46 | bs_ill_bs_contig89 contig_85
		Alignment: 1 966 | 1077984 1078947 | 966 964 | 94.21 | bs_ill_bs_contig933 contig_85
		Alignment: 83 720 | 1079744 1080380 | 638 637 | 90.39 | bs_ill_bs_contig1146 contig_85
		Alignment: 108 910 | 1081193 1080385 | 803 809 | 91.87 | bs_ill_bs_contig991 contig_85
		Alignment: 1 1065 | 1082452 1081388 | 1065 1065 | 95.6 | bs_ill_bs_contig839 contig_85
		Alignment: 1 277 | 1082398 1082674 | 277 277 | 91.07 | bs_ill_bs_contig13 contig_85
		Alignment: 266 333 | 1676215 1676148 | 68 68 | 95.59 | bs_ill_bs_contig3 contig_85
		Alignment: 159 246 | 1676324 1676237 | 88 88 | 90.91 | bs_ill_bs_contig3 contig_85
		Alignment: 1 133 | 1676482 1676350 | 133 133 | 91.73 | bs_ill_bs_contig3 contig_85
		Alignment: 1 966 | 1676428 1677391 | 966 964 | 94.21 | bs_ill_bs_contig933 contig_85
		Alignment: 83 720 | 1677938 1678574 | 638 637 | 90.39 | bs_ill_bs_contig1146 contig_85
		Alignment: 108 910 | 1679387 1678579 | 803 809 | 91.87 | bs_ill_bs_contig991 contig_85
		Alignment: 1 1065 | 1680646 1679582 | 1065 1065 | 95.6 | bs_ill_bs_contig839 contig_85
		Alignment: 1 277 | 1680592 1680868 | 277 277 | 91.07 | bs_ill_bs_contig13 contig_85
		Alignment: 266 333 | 1780888 1780821 | 68 68 | 95.59 | bs_ill_bs_contig3 contig_85
		Alignment: 159 246 | 1780997 1780910 | 88 88 | 90.91 | bs_ill_bs_contig3 contig_85
		Alignment: 1 133 | 1781155 1781023 | 133 133 | 91.73 | bs_ill_bs_contig3 contig_85
		Alignment: 1 966 | 1781101 1782064 | 966 964 | 94.21 | bs_ill_bs_contig933 contig_85
		Alignment: 83 720 | 1782611 1783247 | 638 637 | 90.39 | bs_ill_bs_contig1146 contig_85
		Alignment: 108 910 | 1784060 1783252 | 803 809 | 91.87 | bs_ill_bs_contig991 contig_85
		Alignment: 1 1065 | 1785319 1784255 | 1065 1065 | 95.6 | bs_ill_bs_contig839 contig_85
		Alignment: 1 277 | 1785265 1785541 | 277 277 | 91.07 | bs_ill_bs_contig13 contig_85
		Unaligned bases: 2963963

CONTIG: contig_88 (4045204bp)
Best alignment score: 708646.3 (LEN: 708859, IDY: 99.97), Total number of alignments: 152
			Too much alignments (152), will use speed up heuristics
			Found 53 solid alignments:
		Solid alignment 1 659 | 659 1 | 659 659 | 99.39 | bs_ill_bs_contig2 contig_88
		Solid alignment 1 23242 | 1224 24466 | 23242 23243 | 99.99 | bs_ill_bs_contig19 contig_88
		Solid alignment 1 137190 | 162723 25541 | 137190 137183 | 99.99 | bs_ill_bs_contig11 contig_88
		Solid alignment 1 269408 | 163856 433236 | 269408 269381 | 99.98 | bs_ill_bs_contig6 contig_88
		Solid alignment 1 2262 | 436052 433791 | 2262 2262 | 100.0 | bs_ill_bs_contig411 contig_88
		Solid alignment 1 156862 | 436431 593279 | 156862 156849 | 99.84 | bs_ill_bs_contig10 contig_88
		Solid alignment 114 252570 | 598038 850588 | 252457 252551 | 99.92 | bs_ill_bs_contig9 contig_88
		Solid alignment 1 294381 | 851767 1146106 | 294381 294340 | 99.98 | bs_ill_bs_contig5 contig_88
		Solid alignment 1 315068 | 1462290 1147266 | 315068 315025 | 99.98 | bs_ill_bs_contig4 contig_88
		Solid alignment 1 37065 | 1463450 1500512 | 37065 37063 | 99.98 | bs_ill_bs_contig17 contig_88
		Solid alignment 1 1152 | 1502936 1504087 | 1152 1152 | 100.0 | bs_ill_bs_contig839 contig_88
		Solid alignment 1 911 | 1504089 1504999 | 911 911 | 100.0 | bs_ill_bs_contig991 contig_88
		Solid alignment 1 982 | 1507075 1506094 | 982 982 | 100.0 | bs_ill_bs_contig933 contig_88
		Solid alignment 1 38370 | 1507362 1545728 | 38370 38367 | 99.99 | bs_ill_bs_contig16 contig_88
		Solid alignment 1 263211 | 1546908 1810085 | 263211 263178 | 99.98 | bs_ill_bs_contig7 contig_88
		Solid alignment 1 709047 | 2519544 1810686 | 709047 708859 | 99.97 | bs_ill_bs_contig1 contig_88
		Solid alignment 1 59870 | 2519775 2579639 | 59870 59865 | 99.98 | bs_ill_bs_contig14 contig_88
		Solid alignment 1 982 | 2579892 2580873 | 982 982 | 100.0 | bs_ill_bs_contig933 contig_88
		Solid alignment 1 911 | 2583055 2582145 | 911 911 | 100.0 | bs_ill_bs_contig991 contig_88
		Solid alignment 1 1152 | 2584207 2583057 | 1152 1151 | 99.91 | bs_ill_bs_contig839 contig_88
		Solid alignment 1 15524 | 2584605 2600126 | 15524 15522 | 99.99 | bs_ill_bs_contig21 contig_88
		Solid alignment 1 982 | 2600501 2601482 | 982 982 | 99.9 | bs_ill_bs_contig933 contig_88
		Solid alignment 1 911 | 2603664 2602754 | 911 911 | 100.0 | bs_ill_bs_contig991 contig_88
		Solid alignment 1 1152 | 2604817 2603666 | 1152 1152 | 100.0 | bs_ill_bs_contig839 contig_88
		Solid alignment 1 55215 | 2605239 2660450 | 55215 55212 | 99.99 | bs_ill_bs_contig15 contig_88
		Solid alignment 1 982 | 2660832 2661813 | 982 982 | 100.0 | bs_ill_bs_contig933 contig_88
		Solid alignment 1 911 | 2663818 2662908 | 911 911 | 100.0 | bs_ill_bs_contig991 contig_88
		Solid alignment 1 1152 | 2664970 2663820 | 1152 1151 | 99.91 | bs_ill_bs_contig839 contig_88
		Solid alignment 1 982 | 2666754 2667735 | 982 982 | 100.0 | bs_ill_bs_contig933 contig_88
		Solid alignment 1 911 | 2669740 2668831 | 911 910 | 99.89 | bs_ill_bs_contig991 contig_88
		Solid alignment 1 1152 | 2670895 2669742 | 1152 1154 | 99.83 | bs_ill_bs_contig839 contig_88
		Solid alignment 1 60136 | 2670841 2730970 | 60136 60130 | 99.98 | bs_ill_bs_contig13 contig_88
		Solid alignment 1 982 | 2731291 2732272 | 982 982 | 100.0 | bs_ill_bs_contig933 contig_88
		Solid alignment 1 911 | 2734276 2733366 | 911 911 | 100.0 | bs_ill_bs_contig991 contig_88
		Solid alignment 1 1152 | 2735428 2734278 | 1152 1151 | 99.91 | bs_ill_bs_contig839 contig_88
		Solid alignment 1 982 | 2736903 2737884 | 982 982 | 100.0 | bs_ill_bs_contig933 contig_88
		Solid alignment 1 911 | 2739886 2738977 | 911 910 | 99.89 | bs_ill_bs_contig991 contig_88
		Solid alignment 1 1152 | 2741037 2739888 | 1152 1150 | 99.83 | bs_ill_bs_contig839 contig_88
		Solid alignment 1 982 | 2741899 2742880 | 982 982 | 100.0 | bs_ill_bs_contig933 contig_88
		Solid alignment 1 911 | 2744885 2743975 | 911 911 | 99.89 | bs_ill_bs_contig991 contig_88
		Solid alignment 1 1152 | 2746038 2744887 | 1152 1152 | 100.0 | bs_ill_bs_contig839 contig_88
		Solid alignment 1 18355 | 2746252 2764602 | 18355 18351 | 99.95 | bs_ill_bs_contig20 contig_88
		Solid alignment 1 104023 | 2868772 2764756 | 104023 104017 | 99.99 | bs_ill_bs_contig12 contig_88
		Solid alignment 1 325319 | 3195378 2869932 | 325319 325447 | 99.93 | bs_ill_bs_contig3 contig_88
		Solid alignment 1 982 | 3195324 3196305 | 982 982 | 100.0 | bs_ill_bs_contig933 contig_88
		Solid alignment 1 911 | 3198310 3197400 | 911 911 | 100.0 | bs_ill_bs_contig991 contig_88
		Solid alignment 1 1152 | 3199463 3198312 | 1152 1152 | 99.91 | bs_ill_bs_contig839 contig_88
		Solid alignment 1 29697 | 3199802 3229496 | 29697 29695 | 99.95 | bs_ill_bs_contig18 contig_88
		Solid alignment 1 257004 | 3230655 3487674 | 257004 257020 | 99.96 | bs_ill_bs_contig8 contig_88
		Solid alignment 1 982 | 3488060 3489041 | 982 982 | 100.0 | bs_ill_bs_contig933 contig_88
		Solid alignment 1 911 | 3491045 3490136 | 911 910 | 99.78 | bs_ill_bs_contig991 contig_88
		Solid alignment 1 1152 | 3492198 3491047 | 1152 1152 | 100.0 | bs_ill_bs_contig839 contig_88
		Solid alignment 674 552243 | 4045204 3493849 | 551570 551356 | 99.95 | bs_ill_bs_contig2 contig_88
			Skipping alignments located inside solid regions since they are redundant:
		Skipping redundant alignment 1 138 | 592786 592923 | 138 138 | 99.28 | bs_ill_bs_contig9 contig_88
		Skipping redundant alignment 256 437 | 593059 593240 | 182 182 | 90.66 | bs_ill_bs_contig9 contig_88
		Skipping redundant alignment 487 557 | 598231 598301 | 71 71 | 92.96 | bs_ill_bs_contig9 contig_88
		Skipping redundant alignment 342 430 | 1507427 1507515 | 89 89 | 100.0 | bs_ill_bs_contig3 contig_88
			Looking for the best set of alignments (out of 148 total alignments)
		Ambiguity for this contig is not checked for speed up (too much alignments and --ambiguity-usage is "one")
			Skipping redundant alignments after choosing the best set of alignments
		Skipping redundant alignment 341 430 | 3487709 3487620 | 90 90 | 98.89 | bs_ill_bs_contig3 contig_88
		Skipping redundant alignment 149 320 | 433674 433845 | 172 172 | 100.0 | bs_ill_bs_contig10 contig_88
		Skipping redundant alignment 155994 156067 | 593860 593933 | 74 74 | 94.59 | bs_ill_bs_contig10 contig_88
		Skipping redundant alignment 262 442 | 593821 594001 | 181 181 | 92.27 | bs_ill_bs_contig9 contig_88
		Skipping redundant alignment 70 297 | 3493021 3493248 | 228 228 | 100.0 | bs_ill_bs_contig18 contig_88
		Skipping redundant alignment 98992 99064 | 3493779 3493707 | 73 73 | 100.0 | bs_ill_bs_contig3 contig_88
		Skipping redundant alignment 103890 103965 | 3493781 3493706 | 76 76 | 100.0 | bs_ill_bs_contig12 contig_88
		Skipping redundant alignment 156834 156912 | 595186 595264 | 79 79 | 92.41 | bs_ill_bs_contig10 contig_88
		Skipping redundant alignment 1 120 | 596008 596127 | 120 120 | 99.17 | bs_ill_bs_contig9 contig_88
		Skipping redundant alignment 156810 156939 | 596386 596515 | 130 130 | 100.0 | bs_ill_bs_contig10 contig_88
		Skipping redundant alignment 445 517 | 596461 596533 | 73 73 | 100.0 | bs_ill_bs_contig9 contig_88
		Skipping redundant alignment 262 449 | 596467 596654 | 188 188 | 92.55 | bs_ill_bs_contig9 contig_88
		Skipping redundant alignment 156823 156913 | 597380 597470 | 91 91 | 92.31 | bs_ill_bs_contig10 contig_88
		Skipping redundant alignment 156456 156553 | 597742 597839 | 98 98 | 100.0 | bs_ill_bs_contig10 contig_88
		Skipping redundant alignment 99074 99348 | 1500458 1500732 | 275 275 | 100.0 | bs_ill_bs_contig3 contig_88
		Skipping redundant alignment 73 297 | 1501322 1501098 | 225 225 | 99.11 | bs_ill_bs_contig18 contig_88
		Skipping redundant alignment 7557 7656 | 1501431 1501332 | 100 100 | 99.0 | bs_ill_bs_contig21 contig_88
		Skipping redundant alignment 34895 34972 | 1501590 1501513 | 78 78 | 100.0 | bs_ill_bs_contig15 contig_88
		Skipping redundant alignment 524 601 | 1501779 1501856 | 78 78 | 100.0 | bs_ill_bs_contig3 contig_88
		Skipping redundant alignment 219 297 | 2519675 2519597 | 79 79 | 100.0 | bs_ill_bs_contig18 contig_88
		Skipping redundant alignment 34982 35054 | 2519829 2519757 | 73 73 | 100.0 | bs_ill_bs_contig15 contig_88
		Skipping redundant alignment 18222 18295 | 2519829 2519756 | 74 74 | 100.0 | bs_ill_bs_contig20 contig_88
		Skipping redundant alignment 99073 99146 | 2519756 2519829 | 74 74 | 100.0 | bs_ill_bs_contig3 contig_88
		Skipping redundant alignment 1 425 | 2579946 2579522 | 425 425 | 99.3 | bs_ill_bs_contig3 contig_88
		Skipping redundant alignment 1 274 | 2584153 2584426 | 274 274 | 100.0 | bs_ill_bs_contig13 contig_88
		Skipping redundant alignment 328 450 | 2584561 2584683 | 123 123 | 100.0 | bs_ill_bs_contig13 contig_88
		Skipping redundant alignment 99271 99341 | 3492733 3492663 | 71 71 | 95.77 | bs_ill_bs_contig3 contig_88
		Skipping redundant alignment 1 115 | 2605215 2605329 | 115 115 | 98.26 | bs_ill_bs_contig21 contig_88
		Skipping redundant alignment 99073 99146 | 3492938 3492865 | 74 74 | 100.0 | bs_ill_bs_contig3 contig_88
		Skipping redundant alignment 521 601 | 2666049 2665969 | 81 81 | 100.0 | bs_ill_bs_contig3 contig_88
		Skipping redundant alignment 299 374 | 2736076 2736151 | 76 76 | 100.0 | bs_ill_bs_contig1326 contig_88
		Skipping redundant alignment 104 170 | 2741573 2741507 | 67 67 | 91.04 | bs_ill_bs_contig16 contig_88
		Skipping redundant alignment 1 500 | 2745984 2746484 | 500 501 | 98.61 | bs_ill_bs_contig13 contig_88
			The best set is below. Score: 4021671.8, number of alignments: 115, unaligned bases: 12172
		This contig is misassembled.
		This contig is partially unaligned. (Aligned 4033032 out of 4045204 non-N bases (99.70%))
			Real Alignment 1: 1 659 | 659 1 | 659 659 | 99.39 | bs_ill_bs_contig2 contig_88
			  Not a misassembly [fragmentation of reference genome] between these two alignments
			Excluding internal overlap of size 55 between Alignment 2 and 3: 708430 709047 | 1278 661 | 618 618 --> 708485 709047 | 1223 661 | 563 563
			Real Alignment 2: 708485 709047 | 1223 661 | 563 563 | 99.84 | bs_ill_bs_contig1 contig_88
			  Extensive misassembly (translocation) between these two alignments
			Excluding internal overlap of size 114 between Alignment 3 and 4: 708435 709047 | 24353 24965 | 613 613 --> 708549 709047 | 24467 24965 | 499 499
			Real Alignment 3: 1 23242 | 1224 24466 | 23242 23243 | 99.99 | bs_ill_bs_contig19 contig_88
			  Extensive misassembly (translocation) between these two alignments
			Real Alignment 4: 708549 709047 | 24467 24965 | 499 499 | 98.69 | bs_ill_bs_contig1 contig_88
			  Not a misassembly [fragmentation of reference genome] between these two alignments
			Excluding internal overlap of size 99 between Alignment 5 and 6: 1 673 | 24967 25639 | 673 673 --> 1 574 | 24967 25540 | 574 574
			Real Alignment 5: 1 574 | 24967 25540 | 574 574 | 97.62 | bs_ill_bs_contig2 contig_88
			  Extensive misassembly (translocation) between these two alignments
			Excluding internal overlap of size 55 between Alignment 6 and 7: 708461 709047 | 162669 163255 | 587 587 --> 708516 709047 | 162724 163255 | 532 532
			Real Alignment 6: 1 137190 | 162723 25541 | 137190 137183 | 99.99 | bs_ill_bs_contig11 contig_88
			  Extensive misassembly (translocation) between these two alignments
			Real Alignment 7: 708516 709047 | 162724 163255 | 532 532 | 98.81 | bs_ill_bs_contig1 contig_88
			  Not a misassembly [fragmentation of reference genome] between these two alignments
			Excluding internal overlap of size 72 between Alignment 8 and 9: 1 671 | 163257 163927 | 671 671 --> 1 599 | 163257 163855 | 599 599
			Real Alignment 8: 1 599 | 163257 163855 | 599 599 | 98.06 | bs_ill_bs_contig2 contig_88
			  Extensive misassembly (translocation) between these two alignments
			Real Alignment 9: 1 269408 | 163856 433236 | 269408 269381 | 99.98 | bs_ill_bs_contig6 contig_88
			  Not a misassembly [fragmentation of reference genome] between these two alignments
			Real Alignment 10: 1 2262 | 436052 433791 | 2262 2262 | 100.0 | bs_ill_bs_contig411 contig_88
			  Not a misassembly [fragmentation of reference genome] between these two alignments
			Real Alignment 11: 1 156862 | 436431 593279 | 156862 156849 | 99.84 | bs_ill_bs_contig10 contig_88
			  Gap between these two alignments (local misassembly). Inconsistency = -513
			Real Alignment 12: 156590 156939 | 593520 593869 | 350 350 | 100.0 | bs_ill_bs_contig10 contig_88
			  Gap between these two alignments (local misassembly). Inconsistency = -927
			Real Alignment 13: 156077 156223 | 593934 594080 | 147 147 | 97.96 | bs_ill_bs_contig10 contig_88
			  Gap between these two alignments (local misassembly). Inconsistency = -378
			Real Alignment 14: 155978 156197 | 594213 594432 | 220 220 | 99.55 | bs_ill_bs_contig10 contig_88
			  Indel (> 5bp) between these two alignments: deletion of length 36; 0 mismatches (number of Ns: 0)
			Real Alignment 15: 156234 156335 | 594433 594534 | 102 102 | 93.14 | bs_ill_bs_contig10 contig_88
			  Gap between these two alignments (local misassembly). Inconsistency = -153
			Excluding internal overlap of size 40 between Alignment 16 and 17: 156423 156826 | 594775 595178 | 404 404 --> 156423 156786 | 594775 595138 | 364 364
			Real Alignment 16: 156423 156786 | 594775 595138 | 364 364 | 92.08 | bs_ill_bs_contig10 contig_88
			  Extensive misassembly (translocation) between these two alignments
			Real Alignment 17: 59 507 | 595578 595139 | 449 440 | 97.77 | bs_ill_bs_contig1250 contig_88
			  Extensive misassembly (translocation) between these two alignments
			Real Alignment 18: 156140 156408 | 595815 596083 | 269 269 | 96.28 | bs_ill_bs_contig10 contig_88
			  Gap between these two alignments (local misassembly). Inconsistency = 243
			Real Alignment 19: 156684 156751 | 596116 596183 | 68 68 | 98.53 | bs_ill_bs_contig10 contig_88
			  Gap between these two alignments (local misassembly). Inconsistency = -747
			Real Alignment 20: 156140 156290 | 596319 596469 | 151 151 | 94.7 | bs_ill_bs_contig10 contig_88
			  Gap between these two alignments (local misassembly). Inconsistency = -333
			Real Alignment 21: 155994 156223 | 596506 596735 | 230 230 | 96.52 | bs_ill_bs_contig10 contig_88
			  Gap between these two alignments (local misassembly). Inconsistency = -378
			Excluding internal overlap of size 88 between Alignment 22 and 23: 155978 156223 | 596868 597113 | 246 246 --> 155978 156135 | 596868 597025 | 158 158
			Real Alignment 22: 155978 156135 | 596868 597025 | 158 158 | 98.37 | bs_ill_bs_contig10 contig_88
			  Extensive misassembly (translocation) between these two alignments
			Real Alignment 23: 1 609 | 597634 597026 | 609 609 | 100.0 | bs_ill_bs_contig1250 contig_88
			  Gap between these two alignments (local misassembly). Inconsistency = 33 [fragmentation of reference genome]
			Excluding internal overlap of size 13 between Alignment 24 and 25: 34 342 | 597742 598050 | 309 309 --> 34 329 | 597742 598037 | 296 296
			Real Alignment 24: 34 329 | 597742 598037 | 296 296 | 99.03 | bs_ill_bs_contig9 contig_88
			  Overlap between these two alignments (local misassembly). Inconsistency = -216
			Excluding internal overlap of size 55 between Alignment 25 and 26: 708434 709047 | 850534 851147 | 614 614 --> 708489 709047 | 850589 851147 | 559 559
			Real Alignment 25: 114 252570 | 598038 850588 | 252457 252551 | 99.92 | bs_ill_bs_contig9 contig_88
			  Extensive misassembly (translocation) between these two alignments
			Real Alignment 26: 708489 709047 | 850589 851147 | 559 559 | 99.84 | bs_ill_bs_contig1 contig_88
			  Not a misassembly [fragmentation of reference genome] between these two alignments
			Excluding internal overlap of size 56 between Alignment 27 and 28: 1 674 | 851149 851822 | 674 674 --> 1 618 | 851149 851766 | 618 618
			Real Alignment 27: 1 618 | 851149 851766 | 618 618 | 99.26 | bs_ill_bs_contig2 contig_88
			  Extensive misassembly (translocation) between these two alignments
			Excluding internal overlap of size 74 between Alignment 28 and 29: 1 673 | 1146706 1146033 | 673 674 --> 1 599 | 1146706 1146107 | 599 600
			Real Alignment 28: 1 294381 | 851767 1146106 | 294381 294340 | 99.98 | bs_ill_bs_contig5 contig_88
			  Extensive misassembly (translocation) between these two alignments
			Real Alignment 29: 1 599 | 1146706 1146107 | 599 600 | 99.11 | bs_ill_bs_contig2 contig_88
			  Not a misassembly [fragmentation of reference genome] between these two alignments
			Excluding internal overlap of size 55 between Alignment 30 and 31: 708435 709047 | 1147320 1146708 | 613 613 --> 708490 709047 | 1147265 1146708 | 558 558
			Real Alignment 30: 708490 709047 | 1147265 1146708 | 558 558 | 100.0 | bs_ill_bs_contig1 contig_88
			  Extensive misassembly (translocation) between these two alignments
			Excluding internal overlap of size 74 between Alignment 31 and 32: 1 673 | 1462889 1462217 | 673 673 --> 1 599 | 1462889 1462291 | 599 599
			Real Alignment 31: 1 315068 | 1462290 1147266 | 315068 315025 | 99.98 | bs_ill_bs_contig4 contig_88
			  Extensive misassembly (translocation) between these two alignments
			Real Alignment 32: 1 599 | 1462889 1462291 | 599 599 | 99.26 | bs_ill_bs_contig2 contig_88
			  Not a misassembly [fragmentation of reference genome] between these two alignments
			Excluding internal overlap of size 55 between Alignment 33 and 34: 708434 709047 | 1463504 1462891 | 614 614 --> 708489 709047 | 1463449 1462891 | 559 559
			Real Alignment 33: 708489 709047 | 1463449 1462891 | 559 559 | 99.84 | bs_ill_bs_contig1 contig_88
			  Extensive misassembly (translocation) between these two alignments
			Real Alignment 34: 1 37065 | 1463450 1500512 | 37065 37063 | 99.98 | bs_ill_bs_contig17 contig_88
			  Not a misassembly [fragmentation of reference genome] between these two alignments
			Real Alignment 35: 1 536 | 1502313 1501804 | 536 510 | 90.09 | bs_ill_bs_contig1326 contig_88
			  Extensive misassembly (translocation) between these two alignments
			Real Alignment 36: 328 411 | 1502582 1502499 | 84 84 | 100.0 | bs_ill_bs_contig13 contig_88
			  Gap between these two alignments (local misassembly). Inconsistency = -81
			Excluding internal overlap of size 55 between Alignment 37 and 38: 1 274 | 1502990 1502717 | 274 274 --> 56 274 | 1502935 1502717 | 219 219
			Real Alignment 37: 56 274 | 1502935 1502717 | 219 219 | 100.0 | bs_ill_bs_contig13 contig_88
			  Indel (> 5bp) between these two alignments: deletion of length 55; 0 mismatches (number of Ns: 0) [fragmentation of reference genome]
			Real Alignment 38: 1 1152 | 1502936 1504087 | 1152 1152 | 100.0 | bs_ill_bs_contig839 contig_88
			  Not a misassembly [fragmentation of reference genome] between these two alignments
			Real Alignment 39: 1 911 | 1504089 1504999 | 911 911 | 100.0 | bs_ill_bs_contig991 contig_88
			  Not a misassembly [fragmentation of reference genome] between these two alignments
			Real Alignment 40: 1 722 | 1505722 1505001 | 722 722 | 100.0 | bs_ill_bs_contig1146 contig_88
			  Not a misassembly [fragmentation of reference genome] between these two alignments
			Excluding internal overlap of size 55 between Alignment 41 and 42: 1 341 | 1507021 1507361 | 341 341 --> 56 341 | 1507076 1507361 | 286 286
			Real Alignment 41: 1 982 | 1507075 1506094 | 982 982 | 100.0 | bs_ill_bs_contig933 contig_88
			  Indel (> 5bp) between these two alignments: deletion of length 55; 0 mismatches (number of Ns: 0) [fragmentation of reference genome]
			Real Alignment 42: 56 341 | 1507076 1507361 | 286 286 | 100.0 | bs_ill_bs_contig3 contig_88
			  Extensive misassembly (translocation) between these two alignments
			Excluding internal overlap of size 55 between Alignment 43 and 44: 708435 709047 | 1545674 1546286 | 613 613 --> 708490 709047 | 1545729 1546286 | 558 558
			Real Alignment 43: 1 38370 | 1507362 1545728 | 38370 38367 | 99.99 | bs_ill_bs_contig16 contig_88
			  Extensive misassembly (translocation) between these two alignments
			Real Alignment 44: 708490 709047 | 1545729 1546286 | 558 558 | 99.84 | bs_ill_bs_contig1 contig_88
			  Not a misassembly [fragmentation of reference genome] between these two alignments
			Excluding internal overlap of size 53 between Alignment 45 and 46: 1 673 | 1546288 1546960 | 673 673 --> 1 620 | 1546288 1546907 | 620 620
			Real Alignment 45: 1 620 | 1546288 1546907 | 620 620 | 99.11 | bs_ill_bs_contig2 contig_88
			  Extensive misassembly (translocation) between these two alignments
			Excluding internal overlap of size 74 between Alignment 46 and 47: 1 673 | 1810684 1810012 | 673 673 --> 1 599 | 1810684 1810086 | 599 599
			Real Alignment 46: 1 263211 | 1546908 1810085 | 263211 263178 | 99.98 | bs_ill_bs_contig7 contig_88
			  Extensive misassembly (translocation) between these two alignments
			Real Alignment 47: 1 599 | 1810684 1810086 | 599 599 | 99.41 | bs_ill_bs_contig2 contig_88
			  Not a misassembly [fragmentation of reference genome] between these two alignments
			Real Alignment 48: 1 709047 | 2519544 1810686 | 709047 708859 | 99.97 | bs_ill_bs_contig1 contig_88
			  Not a misassembly [fragmentation of reference genome] between these two alignments
			Real Alignment 49: 1 59870 | 2519775 2579639 | 59870 59865 | 99.98 | bs_ill_bs_contig14 contig_88
			  Not a misassembly [fragmentation of reference genome] between these two alignments
			Real Alignment 50: 1 982 | 2579892 2580873 | 982 982 | 100.0 | bs_ill_bs_contig933 contig_88
			  Not a misassembly [fragmentation of reference genome] between these two alignments
			Real Alignment 51: 1 722 | 2581422 2582143 | 722 722 | 100.0 | bs_ill_bs_contig1146 contig_88
			  Not a misassembly [fragmentation of reference genome] between these two alignments
			Real Alignment 52: 1 911 | 2583055 2582145 | 911 911 | 100.0 | bs_ill_bs_contig991 contig_88
			  Not a misassembly [fragmentation of reference genome] between these two alignments
			Real Alignment 53: 1 1152 | 2584207 2583057 | 1152 1151 | 99.91 | bs_ill_bs_contig839 contig_88
			  Not a misassembly [fragmentation of reference genome] between these two alignments
			Real Alignment 54: 1 15524 | 2584605 2600126 | 15524 15522 | 99.99 | bs_ill_bs_contig21 contig_88
			  Extensive misassembly (translocation) between these two alignments
			Excluding internal overlap of size 55 between Alignment 55 and 56: 1 342 | 2600555 2600214 | 342 342 --> 56 342 | 2600500 2600214 | 287 287
			Real Alignment 55: 56 342 | 2600500 2600214 | 287 287 | 100.0 | bs_ill_bs_contig3 contig_88
			  Indel (> 5bp) between these two alignments: deletion of length 55; 0 mismatches (number of Ns: 0) [fragmentation of reference genome]
			Real Alignment 56: 1 982 | 2600501 2601482 | 982 982 | 99.9 | bs_ill_bs_contig933 contig_88
			  Not a misassembly [fragmentation of reference genome] between these two alignments
			Real Alignment 57: 1 722 | 2602031 2602752 | 722 722 | 100.0 | bs_ill_bs_contig1146 contig_88
			  Not a misassembly [fragmentation of reference genome] between these two alignments
			Real Alignment 58: 1 911 | 2603664 2602754 | 911 911 | 100.0 | bs_ill_bs_contig991 contig_88
			  Not a misassembly [fragmentation of reference genome] between these two alignments
			Excluding internal overlap of size 55 between Alignment 59 and 60: 1 274 | 2604763 2605036 | 274 274 --> 56 274 | 2604818 2605036 | 219 219
			Real Alignment 59: 1 1152 | 2604817 2603666 | 1152 1152 | 100.0 | bs_ill_bs_contig839 contig_88
			  Indel (> 5bp) between these two alignments: deletion of length 55; 0 mismatches (number of Ns: 0) [fragmentation of reference genome]
			Real Alignment 60: 56 274 | 2604818 2605036 | 219 219 | 100.0 | bs_ill_bs_contig13 contig_88
			  Gap between these two alignments (local misassembly). Inconsistency = -81
			Excluding internal overlap of size 55 between Alignment 61 and 62: 328 450 | 2605171 2605293 | 123 123 --> 328 395 | 2605171 2605238 | 68 68
			Real Alignment 61: 328 395 | 2605171 2605238 | 68 68 | 100.0 | bs_ill_bs_contig13 contig_88
			  Extensive misassembly (translocation) between these two alignments
			Real Alignment 62: 1 55215 | 2605239 2660450 | 55215 55212 | 99.99 | bs_ill_bs_contig15 contig_88
			  Extensive misassembly (translocation) between these two alignments
			Excluding internal overlap of size 55 between Alignment 63 and 64: 1 341 | 2660886 2660546 | 341 341 --> 56 341 | 2660831 2660546 | 286 286
			Real Alignment 63: 56 341 | 2660831 2660546 | 286 286 | 100.0 | bs_ill_bs_contig3 contig_88
			  Indel (> 5bp) between these two alignments: deletion of length 55; 0 mismatches (number of Ns: 0) [fragmentation of reference genome]
			Real Alignment 64: 1 982 | 2660832 2661813 | 982 982 | 100.0 | bs_ill_bs_contig933 contig_88
			  Not a misassembly [fragmentation of reference genome] between these two alignments
			Real Alignment 65: 1 722 | 2662185 2662906 | 722 722 | 100.0 | bs_ill_bs_contig1146 contig_88
			  Not a misassembly [fragmentation of reference genome] between these two alignments
			Real Alignment 66: 1 911 | 2663818 2662908 | 911 911 | 100.0 | bs_ill_bs_contig991 contig_88
			  Not a misassembly [fragmentation of reference genome] between these two alignments
			Excluding internal overlap of size 55 between Alignment 67 and 68: 1 453 | 2664916 2665369 | 453 454 --> 56 453 | 2664971 2665369 | 398 399
			Real Alignment 67: 1 1152 | 2664970 2663820 | 1152 1151 | 99.91 | bs_ill_bs_contig839 contig_88
			  Indel (> 5bp) between these two alignments: deletion of length 55; 0 mismatches (number of Ns: 0) [fragmentation of reference genome]
			Real Alignment 68: 56 453 | 2664971 2665369 | 398 399 | 99.78 | bs_ill_bs_contig13 contig_88
			  Extensive misassembly (translocation) between these two alignments
			Real Alignment 69: 1 536 | 2665486 2666021 | 536 536 | 100.0 | bs_ill_bs_contig1326 contig_88
			  Extensive misassembly (translocation) between these two alignments
			Excluding internal overlap of size 55 between Alignment 70 and 71: 1 341 | 2666808 2666468 | 341 341 --> 56 341 | 2666753 2666468 | 286 286
			Real Alignment 70: 56 341 | 2666753 2666468 | 286 286 | 100.0 | bs_ill_bs_contig3 contig_88
			  Indel (> 5bp) between these two alignments: deletion of length 55; 0 mismatches (number of Ns: 0) [fragmentation of reference genome]
			Real Alignment 71: 1 982 | 2666754 2667735 | 982 982 | 100.0 | bs_ill_bs_contig933 contig_88
			  Not a misassembly [fragmentation of reference genome] between these two alignments
			Real Alignment 72: 1 722 | 2668107 2668829 | 722 723 | 99.86 | bs_ill_bs_contig1146 contig_88
			  Not a misassembly [fragmentation of reference genome] between these two alignments
			Real Alignment 73: 1 911 | 2669740 2668831 | 911 910 | 99.89 | bs_ill_bs_contig991 contig_88
			  Not a misassembly [fragmentation of reference genome] between these two alignments
			Excluding internal overlap of size 55 between Alignment 74 and 75: 1 1152 | 2670895 2669742 | 1152 1154 --> 56 1152 | 2670840 2669742 | 1097 1099
			Real Alignment 74: 56 1152 | 2670840 2669742 | 1097 1099 | 99.83 | bs_ill_bs_contig839 contig_88
			  Indel (> 5bp) between these two alignments: deletion of length 55; 0 mismatches (number of Ns: 0) [fragmentation of reference genome]
			Excluding internal overlap of size 55 between Alignment 75 and 76: 1 430 | 2731345 2730916 | 430 430 --> 1 375 | 2731345 2730971 | 375 375
			Real Alignment 75: 1 60136 | 2670841 2730970 | 60136 60130 | 99.98 | bs_ill_bs_contig13 contig_88
			  Extensive misassembly (translocation) between these two alignments
			Excluding internal overlap of size 55 between Alignment 76 and 77: 1 375 | 2731345 2730971 | 375 375 --> 56 375 | 2731290 2730971 | 320 320
			Real Alignment 76: 56 375 | 2731290 2730971 | 320 320 | 99.77 | bs_ill_bs_contig3 contig_88
			  Indel (> 5bp) between these two alignments: deletion of length 55; 0 mismatches (number of Ns: 0) [fragmentation of reference genome]
			Real Alignment 77: 1 982 | 2731291 2732272 | 982 982 | 100.0 | bs_ill_bs_contig933 contig_88
			  Not a misassembly [fragmentation of reference genome] between these two alignments
			Real Alignment 78: 1 722 | 2732643 2733364 | 722 722 | 100.0 | bs_ill_bs_contig1146 contig_88
			  Not a misassembly [fragmentation of reference genome] between these two alignments
			Real Alignment 79: 1 911 | 2734276 2733366 | 911 911 | 100.0 | bs_ill_bs_contig991 contig_88
			  Not a misassembly [fragmentation of reference genome] between these two alignments
			Excluding internal overlap of size 55 between Alignment 80 and 81: 1 449 | 2735374 2735822 | 449 449 --> 56 449 | 2735429 2735822 | 394 394
			Real Alignment 80: 1 1152 | 2735428 2734278 | 1152 1151 | 99.91 | bs_ill_bs_contig839 contig_88
			  Indel (> 5bp) between these two alignments: deletion of length 55; 0 mismatches (number of Ns: 0) [fragmentation of reference genome]
			Real Alignment 81: 56 449 | 2735429 2735822 | 394 394 | 99.78 | bs_ill_bs_contig13 contig_88
			  Extensive misassembly (translocation) between these two alignments
			Real Alignment 82: 521 601 | 2736265 2736184 | 81 82 | 98.78 | bs_ill_bs_contig3 contig_88
			  Gap between these two alignments (local misassembly). Inconsistency = -171
			Excluding internal overlap of size 55 between Alignment 83 and 84: 1 430 | 2736957 2736527 | 430 431 --> 56 430 | 2736902 2736527 | 375 376
			Real Alignment 83: 56 430 | 2736902 2736527 | 375 376 | 99.54 | bs_ill_bs_contig3 contig_88
			  Indel (> 5bp) between these two alignments: deletion of length 55; 0 mismatches (number of Ns: 0) [fragmentation of reference genome]
			Real Alignment 84: 1 982 | 2736903 2737884 | 982 982 | 100.0 | bs_ill_bs_contig933 contig_88
			  Not a misassembly [fragmentation of reference genome] between these two alignments
			Real Alignment 85: 1 722 | 2738256 2738975 | 722 720 | 99.72 | bs_ill_bs_contig1146 contig_88
			  Not a misassembly [fragmentation of reference genome] between these two alignments
			Real Alignment 86: 1 911 | 2739886 2738977 | 911 910 | 99.89 | bs_ill_bs_contig991 contig_88
			  Not a misassembly [fragmentation of reference genome] between these two alignments
			Excluding internal overlap of size 55 between Alignment 87 and 88: 1 453 | 2740983 2741435 | 453 453 --> 56 453 | 2741038 2741435 | 398 398
			Real Alignment 87: 1 1152 | 2741037 2739888 | 1152 1150 | 99.83 | bs_ill_bs_contig839 contig_88
			  Indel (> 5bp) between these two alignments: deletion of length 55; 0 mismatches (number of Ns: 0) [fragmentation of reference genome]
			Real Alignment 88: 56 453 | 2741038 2741435 | 398 398 | 100.0 | bs_ill_bs_contig13 contig_88
			  Extensive misassembly (translocation) between these two alignments
			Excluding internal overlap of size 55 between Alignment 89 and 90: 1 430 | 2741953 2741523 | 430 431 --> 56 430 | 2741898 2741523 | 375 376
			Real Alignment 89: 56 430 | 2741898 2741523 | 375 376 | 99.54 | bs_ill_bs_contig3 contig_88
			  Indel (> 5bp) between these two alignments: deletion of length 55; 0 mismatches (number of Ns: 0) [fragmentation of reference genome]
			Real Alignment 90: 1 982 | 2741899 2742880 | 982 982 | 100.0 | bs_ill_bs_contig933 contig_88
			  Not a misassembly [fragmentation of reference genome] between these two alignments
			Real Alignment 91: 1 722 | 2743252 2743973 | 722 722 | 100.0 | bs_ill_bs_contig1146 contig_88
			  Not a misassembly [fragmentation of reference genome] between these two alignments
			Real Alignment 92: 1 911 | 2744885 2743975 | 911 911 | 99.89 | bs_ill_bs_contig991 contig_88
			  Not a misassembly [fragmentation of reference genome] between these two alignments
			Real Alignment 93: 1 1152 | 2746038 2744887 | 1152 1152 | 100.0 | bs_ill_bs_contig839 contig_88
			  Not a misassembly [fragmentation of reference genome] between these two alignments
			Real Alignment 94: 1 18355 | 2746252 2764602 | 18355 18351 | 99.95 | bs_ill_bs_contig20 contig_88
			  Not a misassembly [fragmentation of reference genome] between these two alignments
			Excluding internal overlap of size 55 between Alignment 95 and 96: 708434 709047 | 2868718 2869331 | 614 614 --> 708489 709047 | 2868773 2869331 | 559 559
			Real Alignment 95: 1 104023 | 2868772 2764756 | 104023 104017 | 99.99 | bs_ill_bs_contig12 contig_88
			  Extensive misassembly (translocation) between these two alignments
			Real Alignment 96: 708489 709047 | 2868773 2869331 | 559 559 | 99.84 | bs_ill_bs_contig1 contig_88
			  Not a misassembly [fragmentation of reference genome] between these two alignments
			Excluding internal overlap of size 74 between Alignment 97 and 98: 1 673 | 2869333 2870005 | 673 673 --> 1 599 | 2869333 2869931 | 599 599
			Real Alignment 97: 1 599 | 2869333 2869931 | 599 599 | 99.26 | bs_ill_bs_contig2 contig_88
			  Extensive misassembly (translocation) between these two alignments
			Excluding internal overlap of size 55 between Alignment 98 and 99: 1 982 | 3195324 3196305 | 982 982 --> 56 982 | 3195379 3196305 | 927 927
			Real Alignment 98: 1 325319 | 3195378 2869932 | 325319 325447 | 99.93 | bs_ill_bs_contig3 contig_88
			  Indel (> 5bp) between these two alignments: deletion of length 55; 0 mismatches (number of Ns: 0) [fragmentation of reference genome]
			Real Alignment 99: 56 982 | 3195379 3196305 | 927 927 | 100.0 | bs_ill_bs_contig933 contig_88
			  Not a misassembly [fragmentation of reference genome] between these two alignments
			Real Alignment 100: 1 722 | 3196677 3197398 | 722 722 | 100.0 | bs_ill_bs_contig1146 contig_88
			  Not a misassembly [fragmentation of reference genome] between these two alignments
			Real Alignment 101: 1 911 | 3198310 3197400 | 911 911 | 100.0 | bs_ill_bs_contig991 contig_88
			  Not a misassembly [fragmentation of reference genome] between these two alignments
			Excluding internal overlap of size 55 between Alignment 102 and 103: 1 448 | 3199409 3199856 | 448 448 --> 56 448 | 3199464 3199856 | 393 393
			Real Alignment 102: 1 1152 | 3199463 3198312 | 1152 1152 | 99.91 | bs_ill_bs_contig839 contig_88
			  Indel (> 5bp) between these two alignments: deletion of length 55; 0 mismatches (number of Ns: 0) [fragmentation of reference genome]
			Excluding internal overlap of size 55 between Alignment 103 and 104: 56 448 | 3199464 3199856 | 393 393 --> 56 393 | 3199464 3199801 | 338 338
			Real Alignment 103: 56 393 | 3199464 3199801 | 338 338 | 100.0 | bs_ill_bs_contig13 contig_88
			  Extensive misassembly (translocation) between these two alignments
			Excluding internal overlap of size 55 between Alignment 104 and 105: 708435 709047 | 3229442 3230054 | 613 613 --> 708490 709047 | 3229497 3230054 | 558 558
			Real Alignment 104: 1 29697 | 3199802 3229496 | 29697 29695 | 99.95 | bs_ill_bs_contig18 contig_88
			  Extensive misassembly (translocation) between these two alignments
			Real Alignment 105: 708490 709047 | 3229497 3230054 | 558 558 | 99.84 | bs_ill_bs_contig1 contig_88
			  Not a misassembly [fragmentation of reference genome] between these two alignments
			Excluding internal overlap of size 74 between Alignment 106 and 107: 1 673 | 3230056 3230728 | 673 673 --> 1 599 | 3230056 3230654 | 599 599
			Real Alignment 106: 1 599 | 3230056 3230654 | 599 599 | 99.11 | bs_ill_bs_contig2 contig_88
			  Extensive misassembly (translocation) between these two alignments
			Real Alignment 107: 1 257004 | 3230655 3487674 | 257004 257020 | 99.96 | bs_ill_bs_contig8 contig_88
			  Extensive misassembly (translocation) between these two alignments
			Excluding internal overlap of size 55 between Alignment 108 and 109: 1 340 | 3488114 3487775 | 340 340 --> 56 340 | 3488059 3487775 | 285 285
			Real Alignment 108: 56 340 | 3488059 3487775 | 285 285 | 100.0 | bs_ill_bs_contig3 contig_88
			  Indel (> 5bp) between these two alignments: deletion of length 55; 0 mismatches (number of Ns: 0) [fragmentation of reference genome]
			Real Alignment 109: 1 982 | 3488060 3489041 | 982 982 | 100.0 | bs_ill_bs_contig933 contig_88
			  Not a misassembly [fragmentation of reference genome] between these two alignments
			Real Alignment 110: 1 722 | 3489413 3490134 | 722 722 | 100.0 | bs_ill_bs_contig1146 contig_88
			  Not a misassembly [fragmentation of reference genome] between these two alignments
			Real Alignment 111: 1 911 | 3491045 3490136 | 911 910 | 99.78 | bs_ill_bs_contig991 contig_88
			  Not a misassembly [fragmentation of reference genome] between these two alignments
			Excluding internal overlap of size 55 between Alignment 112 and 113: 1 319 | 3492144 3492463 | 319 320 --> 56 319 | 3492199 3492463 | 264 265
			Real Alignment 112: 1 1152 | 3492198 3491047 | 1152 1152 | 100.0 | bs_ill_bs_contig839 contig_88
			  Indel (> 5bp) between these two alignments: deletion of length 55; 0 mismatches (number of Ns: 0) [fragmentation of reference genome]
			Real Alignment 113: 56 319 | 3492199 3492463 | 264 265 | 99.69 | bs_ill_bs_contig13 contig_88
			  Extensive misassembly (translocation) between these two alignments
			Real Alignment 114: 18222 18355 | 3492865 3492998 | 134 134 | 100.0 | bs_ill_bs_contig20 contig_88
			  Not a misassembly [fragmentation of reference genome] between these two alignments
			Real Alignment 115: 674 552243 | 4045204 3493849 | 551570 551356 | 99.95 | bs_ill_bs_contig2 contig_88
		Unaligned bases: 12172

CONTIG: contig_2 (2845272bp)
Best alignment score: 971.1 (LEN: 1052, IDY: 92.31), Total number of alignments: 39
			Looking for the best set of alignments (out of 39 total alignments)
			Skipping redundant alignments after choosing the best set of alignments
		Skipping redundant alignment 18222 18295 | 609514 609587 | 74 74 | 98.65 | bs_ill_bs_contig20 contig_2
		Skipping redundant alignment 103891 103967 | 610249 610173 | 77 77 | 97.4 | bs_ill_bs_contig12 contig_2
		Skipping redundant alignment 9 171 | 2391669 2391831 | 163 163 | 93.25 | bs_ill_bs_contig13 contig_2
		Skipping redundant alignment 99180 99264 | 2837590 2837506 | 85 85 | 96.47 | bs_ill_bs_contig3 contig_2
		Skipping redundant alignment 99074 99146 | 2837678 2837606 | 73 73 | 98.63 | bs_ill_bs_contig3 contig_2
		This contig has several significant sets of alignments. [An ambiguously mapped contig]
		Using only the very best set (option --ambiguity-usage is set to "one").
			The best set is below. Score: 9148.5, number of alignments: 34, unaligned bases: 2832428
		This contig is misassembled.
		This contig is partially unaligned. (Aligned 12844 out of 2845272 non-N bases (0.45%))
			Warning! This contig is more unaligned than misassembled. Contig length is 2845272 (number of Ns: 0) and total length of all aligns is 12844
		Alignment: 1 965 | 604571 605532 | 965 962 | 93.69 | bs_ill_bs_contig933 contig_2
		Alignment: 95 215 | 606172 606292 | 121 121 | 92.56 | bs_ill_bs_contig1146 contig_2
		Alignment: 483 720 | 606552 606789 | 238 238 | 93.28 | bs_ill_bs_contig1146 contig_2
		Alignment: 666 889 | 607038 606815 | 224 224 | 91.52 | bs_ill_bs_contig991 contig_2
		Alignment: 337 569 | 607368 607136 | 233 233 | 93.56 | bs_ill_bs_contig991 contig_2
		Alignment: 108 329 | 607600 607379 | 222 222 | 91.44 | bs_ill_bs_contig991 contig_2
		Alignment: 1 1065 | 608848 607797 | 1065 1052 | 92.31 | bs_ill_bs_contig839 contig_2
		Alignment: 9 171 | 608802 608964 | 163 163 | 93.25 | bs_ill_bs_contig13 contig_2
		Alignment: 9 171 | 2112761 2112599 | 163 163 | 93.25 | bs_ill_bs_contig13 contig_2
		Alignment: 1 1065 | 2112715 2113766 | 1065 1052 | 92.31 | bs_ill_bs_contig839 contig_2
		Alignment: 108 329 | 2113963 2114184 | 222 222 | 91.44 | bs_ill_bs_contig991 contig_2
		Alignment: 337 569 | 2114195 2114427 | 233 233 | 93.56 | bs_ill_bs_contig991 contig_2
		Alignment: 666 889 | 2114525 2114748 | 224 224 | 91.07 | bs_ill_bs_contig991 contig_2
		Alignment: 483 720 | 2115011 2114774 | 238 238 | 93.28 | bs_ill_bs_contig1146 contig_2
		Alignment: 95 215 | 2115391 2115271 | 121 121 | 93.39 | bs_ill_bs_contig1146 contig_2
		Alignment: 1 965 | 2116894 2115931 | 965 964 | 93.89 | bs_ill_bs_contig933 contig_2
		Alignment: 33226 33297 | 2171538 2171467 | 72 72 | 95.83 | bs_ill_bs_contig13 contig_2
		Alignment: 32338 32486 | 2172426 2172278 | 149 149 | 91.95 | bs_ill_bs_contig13 contig_2
		Alignment: 30047 30200 | 2174747 2174594 | 154 154 | 92.21 | bs_ill_bs_contig13 contig_2
		Alignment: 1 965 | 2387537 2388500 | 965 964 | 93.89 | bs_ill_bs_contig933 contig_2
		Alignment: 95 215 | 2389040 2389160 | 121 121 | 93.39 | bs_ill_bs_contig1146 contig_2
		Alignment: 483 720 | 2389420 2389657 | 238 238 | 93.28 | bs_ill_bs_contig1146 contig_2
		Alignment: 666 889 | 2389906 2389683 | 224 224 | 91.52 | bs_ill_bs_contig991 contig_2
		Alignment: 388 569 | 2390185 2390004 | 182 182 | 95.05 | bs_ill_bs_contig991 contig_2
		Alignment: 108 329 | 2390467 2390246 | 222 222 | 91.44 | bs_ill_bs_contig991 contig_2
		Alignment: 1 1065 | 2391715 2390664 | 1065 1052 | 92.31 | bs_ill_bs_contig839 contig_2
		Alignment: 1 965 | 2830636 2831599 | 965 964 | 93.89 | bs_ill_bs_contig933 contig_2
		Alignment: 95 215 | 2832241 2832361 | 121 121 | 93.39 | bs_ill_bs_contig1146 contig_2
		Alignment: 483 720 | 2832622 2832859 | 238 238 | 93.28 | bs_ill_bs_contig1146 contig_2
		Alignment: 666 889 | 2833108 2832885 | 224 224 | 91.07 | bs_ill_bs_contig991 contig_2
		Alignment: 379 569 | 2833396 2833206 | 191 191 | 95.29 | bs_ill_bs_contig991 contig_2
		Alignment: 108 329 | 2833669 2833448 | 222 222 | 91.44 | bs_ill_bs_contig991 contig_2
		Alignment: 1 1065 | 2834917 2833866 | 1065 1052 | 92.31 | bs_ill_bs_contig839 contig_2
		Alignment: 9 171 | 2834871 2835033 | 163 163 | 93.25 | bs_ill_bs_contig13 contig_2
		Unaligned bases: 2832428

CONTIG: contig_86 (1934551bp)
Best alignment score: 974.4 (LEN: 1054, IDY: 92.45), Total number of alignments: 27
			Looking for the best set of alignments (out of 27 total alignments)
			Skipping redundant alignments after choosing the best set of alignments
		Skipping redundant alignment 766 967 | 840270 840471 | 202 202 | 95.05 | bs_ill_bs_contig933 contig_86
		Skipping redundant alignment 108 230 | 66224 66346 | 123 123 | 90.24 | bs_ill_bs_contig991 contig_86
		Skipping redundant alignment 343 449 | 1654036 1654142 | 107 107 | 91.59 | bs_ill_bs_contig991 contig_86
		This contig has several significant sets of alignments. [An ambiguously mapped contig]
		Using only the very best set (option --ambiguity-usage is set to "one").
			The best set is below. Score: 4755.1, number of alignments: 24, unaligned bases: 1926407
		This contig is misassembled.
		This contig is partially unaligned. (Aligned 8144 out of 1934551 non-N bases (0.42%))
			Warning! This contig is more unaligned than misassembled. Contig length is 1934551 (number of Ns: 0) and total length of all aligns is 8144
		Alignment: 1 372 | 65101 65472 | 372 372 | 98.12 | bs_ill_bs_contig839 contig_86
		Alignment: 548 1065 | 65521 66027 | 518 507 | 90.1 | bs_ill_bs_contig839 contig_86
		Alignment: 492 714 | 67176 66954 | 223 223 | 92.83 | bs_ill_bs_contig1146 contig_86
		Alignment: 95 211 | 67569 67453 | 117 117 | 94.02 | bs_ill_bs_contig1146 contig_86
		Alignment: 766 967 | 68420 68219 | 202 202 | 95.05 | bs_ill_bs_contig933 contig_86
		Alignment: 471 758 | 68715 68428 | 288 288 | 90.97 | bs_ill_bs_contig933 contig_86
		Alignment: 26 176 | 69144 68994 | 151 151 | 91.39 | bs_ill_bs_contig933 contig_86
		Alignment: 1 1065 | 141656 142709 | 1065 1054 | 92.45 | bs_ill_bs_contig839 contig_86
		Alignment: 786 967 | 144805 144624 | 182 182 | 95.05 | bs_ill_bs_contig933 contig_86
		Alignment: 26 176 | 145555 145405 | 151 151 | 91.39 | bs_ill_bs_contig933 contig_86
		Alignment: 1 1065 | 176743 177796 | 1065 1054 | 92.36 | bs_ill_bs_contig839 contig_86
		Alignment: 492 714 | 178820 178598 | 223 223 | 92.83 | bs_ill_bs_contig1146 contig_86
		Alignment: 95 211 | 179215 179099 | 117 117 | 93.16 | bs_ill_bs_contig1146 contig_86
		Alignment: 766 967 | 179924 179723 | 202 202 | 95.05 | bs_ill_bs_contig933 contig_86
		Alignment: 26 176 | 180656 180506 | 151 151 | 91.39 | bs_ill_bs_contig933 contig_86
		Alignment: 95 211 | 841150 841266 | 117 117 | 93.16 | bs_ill_bs_contig1146 contig_86
		Alignment: 492 714 | 841545 841767 | 223 223 | 92.83 | bs_ill_bs_contig1146 contig_86
		Alignment: 1 1065 | 843813 842780 | 1065 1034 | 91.24 | bs_ill_bs_contig839 contig_86
		Alignment: 299 371 | 1651883 1651811 | 73 73 | 97.26 | bs_ill_bs_contig1326 contig_86
		Alignment: 1 1065 | 1652553 1653601 | 1065 1049 | 91.99 | bs_ill_bs_contig839 contig_86
		Alignment: 492 714 | 1654838 1654616 | 223 223 | 92.83 | bs_ill_bs_contig1146 contig_86
		Alignment: 95 211 | 1655233 1655117 | 117 117 | 94.02 | bs_ill_bs_contig1146 contig_86
		Alignment: 805 967 | 1655907 1655745 | 163 163 | 94.48 | bs_ill_bs_contig933 contig_86
		Alignment: 26 176 | 1656683 1656533 | 151 151 | 91.39 | bs_ill_bs_contig933 contig_86
		Unaligned bases: 1926407

CONTIG: contig_94 (4757983bp)
Best alignment score: 208.0 (LEN: 230, IDY: 90.43), Total number of alignments: 27
			Looking for the best set of alignments (out of 27 total alignments)
			Skipping redundant alignments after choosing the best set of alignments
		Skipping redundant alignment 61 290 | 806589 806818 | 230 230 | 90.43 | bs_ill_bs_contig839 contig_94
		Skipping redundant alignment 707 789 | 807235 807317 | 83 83 | 97.59 | bs_ill_bs_contig839 contig_94
		Skipping redundant alignment 582 727 | 810243 810098 | 146 146 | 90.41 | bs_ill_bs_contig933 contig_94
		Skipping redundant alignment 472 543 | 810352 810281 | 72 72 | 95.83 | bs_ill_bs_contig933 contig_94
		Skipping redundant alignment 61 290 | 1472799 1473028 | 230 230 | 90.43 | bs_ill_bs_contig839 contig_94
		Skipping redundant alignment 707 789 | 1473445 1473527 | 83 83 | 97.59 | bs_ill_bs_contig839 contig_94
		Skipping redundant alignment 582 727 | 1476455 1476310 | 146 146 | 90.41 | bs_ill_bs_contig933 contig_94
		Skipping redundant alignment 472 543 | 1476564 1476493 | 72 72 | 95.83 | bs_ill_bs_contig933 contig_94
		Skipping redundant alignment 582 727 | 1993044 1993189 | 146 146 | 90.41 | bs_ill_bs_contig933 contig_94
		Skipping redundant alignment 707 789 | 1996213 1996131 | 83 83 | 97.59 | bs_ill_bs_contig839 contig_94
		Skipping redundant alignment 61 290 | 1996859 1996630 | 230 230 | 90.43 | bs_ill_bs_contig839 contig_94
		Skipping redundant alignment 472 543 | 2088020 2088091 | 72 72 | 95.83 | bs_ill_bs_contig933 contig_94
		Skipping redundant alignment 582 727 | 2088129 2088274 | 146 146 | 90.41 | bs_ill_bs_contig933 contig_94
		Skipping redundant alignment 707 789 | 2091139 2091057 | 83 83 | 97.59 | bs_ill_bs_contig839 contig_94
		Skipping redundant alignment 61 290 | 2091785 2091556 | 230 230 | 90.43 | bs_ill_bs_contig839 contig_94
		Skipping redundant alignment 472 543 | 2243230 2243301 | 72 72 | 95.83 | bs_ill_bs_contig933 contig_94
		Skipping redundant alignment 582 727 | 2243339 2243484 | 146 146 | 90.41 | bs_ill_bs_contig933 contig_94
		Skipping redundant alignment 472 543 | 2286129 2286200 | 72 72 | 95.83 | bs_ill_bs_contig933 contig_94
		Skipping redundant alignment 582 727 | 2286238 2286383 | 146 146 | 90.41 | bs_ill_bs_contig933 contig_94
		Skipping redundant alignment 472 543 | 3035586 3035657 | 72 72 | 95.83 | bs_ill_bs_contig933 contig_94
		Skipping redundant alignment 582 728 | 3035695 3035841 | 147 147 | 90.48 | bs_ill_bs_contig933 contig_94
		Skipping redundant alignment 707 789 | 3038965 3038883 | 83 83 | 97.59 | bs_ill_bs_contig839 contig_94
		Skipping redundant alignment 61 290 | 3039611 3039382 | 230 230 | 90.43 | bs_ill_bs_contig839 contig_94
		This contig has several significant sets of alignments. [An ambiguously mapped contig]
		Using only the very best set (option --ambiguity-usage is set to "one").
			The best set is below. Score: 290.9, number of alignments: 4, unaligned bases: 4757357
		This contig is misassembled.
		This contig is partially unaligned. (Aligned 626 out of 4757983 non-N bases (0.01%))
			Warning! This contig is more unaligned than misassembled. Contig length is 4757983 (number of Ns: 0) and total length of all aligns is 626
		Alignment: 707 789 | 2246506 2246424 | 83 83 | 97.59 | bs_ill_bs_contig839 contig_94
		Alignment: 61 290 | 2247152 2246923 | 230 230 | 90.43 | bs_ill_bs_contig839 contig_94
		Alignment: 707 789 | 2289247 2289165 | 83 83 | 97.59 | bs_ill_bs_contig839 contig_94
		Alignment: 61 290 | 2289893 2289664 | 230 230 | 90.43 | bs_ill_bs_contig839 contig_94
		Unaligned bases: 4757357

CONTIG: contig_95 (4764584bp)
Best alignment score: 208.0 (LEN: 230, IDY: 90.43), Total number of alignments: 28
			Looking for the best set of alignments (out of 28 total alignments)
			Skipping redundant alignments after choosing the best set of alignments
		Skipping redundant alignment 61 290 | 304097 304326 | 230 230 | 90.43 | bs_ill_bs_contig839 contig_95
		Skipping redundant alignment 707 789 | 304743 304825 | 83 83 | 97.59 | bs_ill_bs_contig839 contig_95
		Skipping redundant alignment 603 728 | 307807 307682 | 126 126 | 92.86 | bs_ill_bs_contig933 contig_95
		Skipping redundant alignment 472 543 | 307937 307866 | 72 72 | 95.83 | bs_ill_bs_contig933 contig_95
		Skipping redundant alignment 61 290 | 1012327 1012556 | 230 230 | 90.43 | bs_ill_bs_contig839 contig_95
		Skipping redundant alignment 707 789 | 1012973 1013055 | 83 83 | 97.59 | bs_ill_bs_contig839 contig_95
		Skipping redundant alignment 603 728 | 1016039 1015914 | 126 126 | 92.86 | bs_ill_bs_contig933 contig_95
		Skipping redundant alignment 472 543 | 1016169 1016098 | 72 72 | 95.83 | bs_ill_bs_contig933 contig_95
		Skipping redundant alignment 472 543 | 1556562 1556633 | 72 72 | 95.83 | bs_ill_bs_contig933 contig_95
		Skipping redundant alignment 603 728 | 1556692 1556817 | 126 126 | 92.86 | bs_ill_bs_contig933 contig_95
		Skipping redundant alignment 707 789 | 1559679 1559597 | 83 83 | 97.59 | bs_ill_bs_contig839 contig_95
		Skipping redundant alignment 61 290 | 1560325 1560096 | 230 230 | 90.43 | bs_ill_bs_contig839 contig_95
		Skipping redundant alignment 472 543 | 1650165 1650236 | 72 72 | 95.83 | bs_ill_bs_contig933 contig_95
		Skipping redundant alignment 603 728 | 1650294 1650419 | 126 126 | 92.86 | bs_ill_bs_contig933 contig_95
		Skipping redundant alignment 707 789 | 1653374 1653292 | 83 83 | 97.59 | bs_ill_bs_contig839 contig_95
		Skipping redundant alignment 61 290 | 1654020 1653791 | 230 230 | 90.43 | bs_ill_bs_contig839 contig_95
		Skipping redundant alignment 472 543 | 1781272 1781343 | 72 72 | 95.83 | bs_ill_bs_contig933 contig_95
		Skipping redundant alignment 603 728 | 1781402 1781527 | 126 126 | 92.86 | bs_ill_bs_contig933 contig_95
		Skipping redundant alignment 472 543 | 1822667 1822738 | 72 72 | 95.83 | bs_ill_bs_contig933 contig_95
		Skipping redundant alignment 603 728 | 1822797 1822922 | 126 126 | 92.86 | bs_ill_bs_contig933 contig_95
		Skipping redundant alignment 472 543 | 2470401 2470472 | 72 72 | 95.83 | bs_ill_bs_contig933 contig_95
		Skipping redundant alignment 603 727 | 2470531 2470655 | 125 125 | 92.8 | bs_ill_bs_contig933 contig_95
		Skipping redundant alignment 707 789 | 2473610 2473528 | 83 83 | 97.59 | bs_ill_bs_contig839 contig_95
		Skipping redundant alignment 61 290 | 2474256 2474027 | 230 230 | 90.43 | bs_ill_bs_contig839 contig_95
			The best set is below. Score: 292.0, number of alignments: 4, unaligned bases: 4763958
		This contig is misassembled.
		This contig is partially unaligned. (Aligned 626 out of 4764584 non-N bases (0.01%))
			Warning! This contig is more unaligned than misassembled. Contig length is 4764584 (number of Ns: 0) and total length of all aligns is 626
		Alignment: 707 789 | 1784389 1784307 | 83 83 | 97.59 | bs_ill_bs_contig839 contig_95
		Alignment: 61 290 | 1785035 1784806 | 230 230 | 90.43 | bs_ill_bs_contig839 contig_95
		Alignment: 707 789 | 1825784 1825702 | 83 83 | 97.59 | bs_ill_bs_contig839 contig_95
		Alignment: 61 290 | 1826430 1826201 | 230 230 | 90.43 | bs_ill_bs_contig839 contig_95
		Unaligned bases: 4763958

Analyzing coverage...
Writing SNPs into /media3/lucia/zymo_mock_community/asms_cuantizados/v4_13-2-21_2bins/metaquast-2bins-v2/runs_per_reference/bs_ill/contigs_reports/minimap_output/r10_2bins_v2_1_racon_r1.used_snps.gz

Analysis is finished!
Founded SNPs were written into /media3/lucia/zymo_mock_community/asms_cuantizados/v4_13-2-21_2bins/metaquast-2bins-v2/runs_per_reference/bs_ill/contigs_reports/minimap_output/r10_2bins_v2_1_racon_r1.used_snps.gz

Results:
	Local Misassemblies: 13
	Misassemblies: 34
		Relocations: 0
		Translocations: 34
		Inversions: 0
	Scaffold gap extensive misassemblies: 0
	Scaffold gap local misassemblies: 0
	Misassemblies caused by fragmented reference: 49
	Misassembled Contigs: 1
	Misassembled Contig Bases: 4045204
	Misassemblies Inter-Contig Overlap: 0
Unaligned Contigs: 0 + 7 part
Half Unaligned Contigs with Misassemblies: 6
Unaligned Contig Bases: 19962660

Ambiguously Mapped Contigs: 5
Total Bases in Ambiguously Mapped Contigs: 15250033
Extra Bases in Ambiguously Mapped Contigs: 0
Note that --allow-ambiguity option was set to "one" and only first alignment per each of these contigs was used.

	Covered Bases: 3985750

	SNPs: 3924
	Insertions: 813
	Deletions: 2365

