Aligning contigs to reference...
	Aligning contigs to the reference
Filtering alignments...
Parsing coords...
Loading reference...
	Loaded [bs_ill_bs_contig20]
	Loaded [bs_ill_bs_contig21]
	Loaded [bs_ill_bs_contig89]
	Loaded [bs_ill_bs_contig411]
	Loaded [bs_ill_bs_contig1250]
	Loaded [bs_ill_bs_contig11]
	Loaded [bs_ill_bs_contig10]
	Loaded [bs_ill_bs_contig13]
	Loaded [bs_ill_bs_contig12]
	Loaded [bs_ill_bs_contig15]
	Loaded [bs_ill_bs_contig14]
	Loaded [bs_ill_bs_contig17]
	Loaded [bs_ill_bs_contig16]
	Loaded [bs_ill_bs_contig19]
	Loaded [bs_ill_bs_contig18]
	Loaded [bs_ill_bs_contig839]
	Loaded [bs_ill_bs_contig9]
	Loaded [bs_ill_bs_contig1326]
	Loaded [bs_ill_bs_contig1146]
	Loaded [bs_ill_bs_contig1]
	Loaded [bs_ill_bs_contig3]
	Loaded [bs_ill_bs_contig2]
	Loaded [bs_ill_bs_contig5]
	Loaded [bs_ill_bs_contig4]
	Loaded [bs_ill_bs_contig7]
	Loaded [bs_ill_bs_contig6]
	Loaded [bs_ill_bs_contig933]
	Loaded [bs_ill_bs_contig8]
	Loaded [bs_ill_bs_contig991]
	Total Regions: 29
	Total Region Length: 3985829
Analyzing contigs...
CONTIG: contig_102 (2717938bp)
Best alignment score: 1002.1 (LEN: 1067, IDY: 93.92), Total number of alignments: 49
			Looking for the best set of alignments (out of 49 total alignments)
			Skipping redundant alignments after choosing the best set of alignments
		Skipping redundant alignment 92 173 | 404550 404469 | 82 82 | 93.9 | bs_ill_bs_contig1326 contig_102
		Skipping redundant alignment 105 553 | 406396 406844 | 449 449 | 90.87 | bs_ill_bs_contig991 contig_102
		Skipping redundant alignment 480 720 | 407445 407205 | 241 241 | 95.85 | bs_ill_bs_contig1146 contig_102
		Skipping redundant alignment 261 334 | 409790 409863 | 74 74 | 93.24 | bs_ill_bs_contig3 contig_102
		Skipping redundant alignment 8 169 | 541092 540931 | 162 162 | 95.06 | bs_ill_bs_contig13 contig_102
		Skipping redundant alignment 105 553 | 542302 542750 | 449 449 | 91.09 | bs_ill_bs_contig991 contig_102
		Skipping redundant alignment 480 720 | 543351 543111 | 241 241 | 95.85 | bs_ill_bs_contig1146 contig_102
		Skipping redundant alignment 2 98 | 545430 545526 | 97 97 | 91.75 | bs_ill_bs_contig3 contig_102
		Skipping redundant alignment 261 334 | 545687 545760 | 74 74 | 93.24 | bs_ill_bs_contig3 contig_102
		Skipping redundant alignment 98624 98712 | 545975 546062 | 89 88 | 96.63 | bs_ill_bs_contig3 contig_102
		Skipping redundant alignment 98987 99064 | 653577 653654 | 78 78 | 97.44 | bs_ill_bs_contig3 contig_102
		Skipping redundant alignment 103892 104023 | 653582 653714 | 132 133 | 95.52 | bs_ill_bs_contig12 contig_102
		Skipping redundant alignment 18228 18355 | 653924 653799 | 128 126 | 94.53 | bs_ill_bs_contig20 contig_102
		Skipping redundant alignment 8 169 | 654471 654310 | 162 162 | 95.06 | bs_ill_bs_contig13 contig_102
		Skipping redundant alignment 105 553 | 655681 656129 | 449 449 | 91.09 | bs_ill_bs_contig991 contig_102
		Skipping redundant alignment 497 720 | 656713 656490 | 224 224 | 95.98 | bs_ill_bs_contig1146 contig_102
		Skipping redundant alignment 261 334 | 1713912 1713839 | 74 74 | 93.24 | bs_ill_bs_contig3 contig_102
		Skipping redundant alignment 2 100 | 1714173 1714075 | 99 99 | 92.93 | bs_ill_bs_contig3 contig_102
		Skipping redundant alignment 493 720 | 1716231 1716458 | 228 228 | 96.05 | bs_ill_bs_contig1146 contig_102
		Skipping redundant alignment 105 553 | 1717267 1716819 | 449 449 | 91.09 | bs_ill_bs_contig991 contig_102
		Skipping redundant alignment 8 169 | 1718478 1718639 | 162 162 | 95.06 | bs_ill_bs_contig13 contig_102
		Skipping redundant alignment 261 334 | 1758499 1758426 | 74 74 | 93.24 | bs_ill_bs_contig3 contig_102
		Skipping redundant alignment 2 120 | 1758759 1758641 | 119 119 | 90.76 | bs_ill_bs_contig3 contig_102
		Skipping redundant alignment 495 720 | 1760765 1760990 | 226 226 | 96.02 | bs_ill_bs_contig1146 contig_102
		Skipping redundant alignment 105 553 | 1761799 1761351 | 449 449 | 91.09 | bs_ill_bs_contig991 contig_102
		Skipping redundant alignment 8 169 | 1763009 1763170 | 162 162 | 95.06 | bs_ill_bs_contig13 contig_102
		Skipping redundant alignment 261 334 | 1763752 1763679 | 74 74 | 93.24 | bs_ill_bs_contig3 contig_102
		Skipping redundant alignment 2 102 | 1764010 1763910 | 101 101 | 92.08 | bs_ill_bs_contig3 contig_102
		Skipping redundant alignment 480 720 | 1765970 1766210 | 241 241 | 95.44 | bs_ill_bs_contig1146 contig_102
		Skipping redundant alignment 292 553 | 1766832 1766571 | 262 262 | 90.08 | bs_ill_bs_contig991 contig_102
		Skipping redundant alignment 105 290 | 1767018 1766833 | 186 186 | 92.47 | bs_ill_bs_contig991 contig_102
		Skipping redundant alignment 32362 32495 | 1804417 1804550 | 134 134 | 91.04 | bs_ill_bs_contig13 contig_102
		Skipping redundant alignment 99187 99345 | 2210409 2210567 | 159 159 | 93.12 | bs_ill_bs_contig3 contig_102
		This contig has several significant sets of alignments. [An ambiguously mapped contig]
		Using only the very best set (option --ambiguity-usage is set to "one").
			The best set is below. Score: 11574.1, number of alignments: 16, unaligned bases: 2705274
		This contig is misassembled.
		This contig is partially unaligned. (Aligned 12664 out of 2717938 non-N bases (0.47%))
			Warning! This contig is more unaligned than misassembled. Contig length is 2717938 (number of Ns: 0) and total length of all aligns is 12664
		Alignment: 8 169 | 405186 405025 | 162 162 | 95.06 | bs_ill_bs_contig13 contig_102
		Alignment: 1 1068 | 405139 406205 | 1068 1067 | 93.83 | bs_ill_bs_contig839 contig_102
		Alignment: 1 982 | 409583 408601 | 982 983 | 93.03 | bs_ill_bs_contig933 contig_102
		Alignment: 1 1068 | 541045 542111 | 1068 1067 | 93.83 | bs_ill_bs_contig839 contig_102
		Alignment: 1 982 | 545483 544502 | 982 982 | 92.93 | bs_ill_bs_contig933 contig_102
		Alignment: 1 1068 | 654424 655490 | 1068 1067 | 93.92 | bs_ill_bs_contig839 contig_102
		Alignment: 1 982 | 658820 657837 | 982 984 | 92.84 | bs_ill_bs_contig933 contig_102
		Alignment: 2 120 | 658767 658885 | 119 119 | 90.76 | bs_ill_bs_contig3 contig_102
		Alignment: 261 334 | 659027 659100 | 74 74 | 93.24 | bs_ill_bs_contig3 contig_102
		Alignment: 1 982 | 1714120 1715097 | 982 978 | 92.42 | bs_ill_bs_contig933 contig_102
		Alignment: 1 1068 | 1718525 1717459 | 1068 1067 | 93.92 | bs_ill_bs_contig839 contig_102
		Alignment: 1 982 | 1758706 1759689 | 982 984 | 92.84 | bs_ill_bs_contig933 contig_102
		Alignment: 1 1068 | 1763056 1761990 | 1068 1067 | 93.92 | bs_ill_bs_contig839 contig_102
		Alignment: 1 982 | 1763957 1764938 | 982 982 | 92.83 | bs_ill_bs_contig933 contig_102
		Alignment: 1 1068 | 1768277 1767209 | 1068 1069 | 93.74 | bs_ill_bs_contig839 contig_102
		Alignment: 8 169 | 1768230 1768391 | 162 162 | 95.06 | bs_ill_bs_contig13 contig_102
		Unaligned bases: 2705274

CONTIG: contig_84 (2992066bp)
Best alignment score: 4583.0 (LEN: 4701, IDY: 97.49), Total number of alignments: 63
			Looking for the best set of alignments (out of 63 total alignments)
			Skipping redundant alignments after choosing the best set of alignments
		Skipping redundant alignment 18222 18295 | 1083124 1083197 | 74 74 | 100.0 | bs_ill_bs_contig20 contig_84
		Skipping redundant alignment 99073 99150 | 1083197 1083120 | 78 78 | 97.44 | bs_ill_bs_contig3 contig_84
		Skipping redundant alignment 99075 99146 | 1304423 1304494 | 72 72 | 100.0 | bs_ill_bs_contig3 contig_84
		Skipping redundant alignment 18222 18293 | 1304494 1304423 | 72 72 | 100.0 | bs_ill_bs_contig20 contig_84
		Skipping redundant alignment 34981 35053 | 1304495 1304423 | 73 73 | 100.0 | bs_ill_bs_contig15 contig_84
		Skipping redundant alignment 18222 18293 | 2569883 2569812 | 72 72 | 100.0 | bs_ill_bs_contig20 contig_84
		Skipping redundant alignment 34981 35053 | 2569884 2569812 | 73 73 | 100.0 | bs_ill_bs_contig15 contig_84
		Skipping redundant alignment 99075 99146 | 2569812 2569883 | 72 72 | 100.0 | bs_ill_bs_contig3 contig_84
		Skipping redundant alignment 299 374 | 1786228 1786303 | 76 76 | 97.37 | bs_ill_bs_contig1326 contig_84
		Skipping redundant alignment 99074 99146 | 1787828 1787756 | 73 73 | 100.0 | bs_ill_bs_contig3 contig_84
		Skipping redundant alignment 1 133 | 534182 534314 | 133 133 | 91.73 | bs_ill_bs_contig3 contig_84
		Skipping redundant alignment 159 246 | 534340 534427 | 88 88 | 90.91 | bs_ill_bs_contig3 contig_84
		Skipping redundant alignment 266 333 | 534449 534516 | 68 68 | 95.59 | bs_ill_bs_contig3 contig_84
		Skipping redundant alignment 32167 32235 | 582638 582570 | 69 69 | 91.3 | bs_ill_bs_contig13 contig_84
		Skipping redundant alignment 34981 35062 | 1787755 1787836 | 82 82 | 100.0 | bs_ill_bs_contig15 contig_84
		Skipping redundant alignment 266 333 | 1077811 1077744 | 68 68 | 95.59 | bs_ill_bs_contig3 contig_84
		Skipping redundant alignment 159 246 | 1077920 1077833 | 88 88 | 90.91 | bs_ill_bs_contig3 contig_84
		Skipping redundant alignment 1 133 | 1078078 1077946 | 133 133 | 91.73 | bs_ill_bs_contig3 contig_84
		Skipping redundant alignment 99180 99347 | 2573848 2574013 | 168 166 | 90.64 | bs_ill_bs_contig3 contig_84
		This contig has several significant sets of alignments. [An ambiguously mapped contig]
		Using only the very best set (option --ambiguity-usage is set to "one").
			The best set is below. Score: 23564.3, number of alignments: 44, unaligned bases: 2964128
		This contig is misassembled.
		This contig is partially unaligned. (Aligned 27938 out of 2992066 non-N bases (0.93%))
			Warning! This contig is more unaligned than misassembled. Contig length is 2992066 (number of Ns: 0) and total length of all aligns is 27938
		Alignment: 18672 18790 | 268381 268263 | 119 119 | 90.76 | bs_ill_bs_contig13 contig_84
		Alignment: 1 277 | 286251 285975 | 277 277 | 91.07 | bs_ill_bs_contig13 contig_84
		Alignment: 1 1065 | 286197 287261 | 1065 1065 | 95.6 | bs_ill_bs_contig839 contig_84
		Alignment: 108 910 | 287456 288264 | 803 809 | 91.87 | bs_ill_bs_contig991 contig_84
		Alignment: 83 720 | 288905 288269 | 638 637 | 90.39 | bs_ill_bs_contig1146 contig_84
		Alignment: 1 966 | 290415 289452 | 966 964 | 94.21 | bs_ill_bs_contig933 contig_84
		Alignment: 1 133 | 290361 290493 | 133 133 | 91.73 | bs_ill_bs_contig3 contig_84
		Alignment: 159 246 | 290519 290606 | 88 88 | 90.91 | bs_ill_bs_contig3 contig_84
		Alignment: 266 333 | 290628 290695 | 68 68 | 95.59 | bs_ill_bs_contig3 contig_84
		Alignment: 1 277 | 292270 291994 | 277 277 | 91.07 | bs_ill_bs_contig13 contig_84
		Alignment: 1 1065 | 292216 293280 | 1065 1065 | 95.6 | bs_ill_bs_contig839 contig_84
		Alignment: 108 910 | 293475 294283 | 803 809 | 91.87 | bs_ill_bs_contig991 contig_84
		Alignment: 83 720 | 294924 294288 | 638 637 | 90.39 | bs_ill_bs_contig1146 contig_84
		Alignment: 1 966 | 296434 295471 | 966 964 | 94.21 | bs_ill_bs_contig933 contig_84
		Alignment: 1 133 | 296380 296512 | 133 133 | 91.73 | bs_ill_bs_contig3 contig_84
		Alignment: 159 246 | 296538 296625 | 88 88 | 90.91 | bs_ill_bs_contig3 contig_84
		Alignment: 266 333 | 296647 296714 | 68 68 | 95.59 | bs_ill_bs_contig3 contig_84
		Alignment: 1 277 | 529821 529545 | 277 277 | 91.07 | bs_ill_bs_contig13 contig_84
		Alignment: 1 1065 | 529767 530831 | 1065 1065 | 95.6 | bs_ill_bs_contig839 contig_84
		Alignment: 108 910 | 531026 531834 | 803 809 | 91.87 | bs_ill_bs_contig991 contig_84
		Alignment: 83 720 | 532475 531839 | 638 637 | 90.39 | bs_ill_bs_contig1146 contig_84
		Alignment: 1 966 | 534236 533273 | 966 964 | 94.21 | bs_ill_bs_contig933 contig_84
		Alignment: 1 4776 | 679057 674357 | 4776 4701 | 97.49 | bs_ill_bs_contig89 contig_84
		Alignment: 1 966 | 1078024 1078987 | 966 964 | 94.21 | bs_ill_bs_contig933 contig_84
		Alignment: 83 720 | 1079785 1080421 | 638 637 | 90.39 | bs_ill_bs_contig1146 contig_84
		Alignment: 108 910 | 1081234 1080426 | 803 809 | 91.87 | bs_ill_bs_contig991 contig_84
		Alignment: 1 1065 | 1082493 1081429 | 1065 1065 | 95.6 | bs_ill_bs_contig839 contig_84
		Alignment: 1 277 | 1082439 1082715 | 277 277 | 91.07 | bs_ill_bs_contig13 contig_84
		Alignment: 266 333 | 1676323 1676256 | 68 68 | 95.59 | bs_ill_bs_contig3 contig_84
		Alignment: 159 246 | 1676432 1676345 | 88 88 | 90.91 | bs_ill_bs_contig3 contig_84
		Alignment: 1 133 | 1676590 1676458 | 133 133 | 91.73 | bs_ill_bs_contig3 contig_84
		Alignment: 1 966 | 1676536 1677499 | 966 964 | 94.21 | bs_ill_bs_contig933 contig_84
		Alignment: 83 720 | 1678046 1678682 | 638 637 | 90.39 | bs_ill_bs_contig1146 contig_84
		Alignment: 108 910 | 1679495 1678687 | 803 809 | 91.87 | bs_ill_bs_contig991 contig_84
		Alignment: 1 1065 | 1680754 1679690 | 1065 1065 | 95.6 | bs_ill_bs_contig839 contig_84
		Alignment: 1 277 | 1680700 1680976 | 277 277 | 91.07 | bs_ill_bs_contig13 contig_84
		Alignment: 266 333 | 1781000 1780933 | 68 68 | 95.59 | bs_ill_bs_contig3 contig_84
		Alignment: 159 246 | 1781109 1781022 | 88 88 | 90.91 | bs_ill_bs_contig3 contig_84
		Alignment: 1 133 | 1781267 1781135 | 133 133 | 91.73 | bs_ill_bs_contig3 contig_84
		Alignment: 1 966 | 1781213 1782176 | 966 964 | 94.21 | bs_ill_bs_contig933 contig_84
		Alignment: 83 720 | 1782723 1783359 | 638 637 | 90.39 | bs_ill_bs_contig1146 contig_84
		Alignment: 108 910 | 1784172 1783364 | 803 809 | 91.87 | bs_ill_bs_contig991 contig_84
		Alignment: 1 1065 | 1785431 1784367 | 1065 1065 | 95.6 | bs_ill_bs_contig839 contig_84
		Alignment: 1 277 | 1785377 1785653 | 277 277 | 91.07 | bs_ill_bs_contig13 contig_84
		Unaligned bases: 2964128

CONTIG: contig_87 (4045617bp)
Best alignment score: 708784.2 (LEN: 708926, IDY: 99.98), Total number of alignments: 152
			Too much alignments (152), will use speed up heuristics
			Found 53 solid alignments:
		Solid alignment 1 659 | 665 7 | 659 659 | 99.39 | bs_ill_bs_contig2 contig_87
		Solid alignment 1 23242 | 1230 24470 | 23242 23241 | 100.0 | bs_ill_bs_contig19 contig_87
		Solid alignment 1 137190 | 162734 25545 | 137190 137190 | 100.0 | bs_ill_bs_contig11 contig_87
		Solid alignment 1 269408 | 163867 433274 | 269408 269408 | 100.0 | bs_ill_bs_contig6 contig_87
		Solid alignment 1 2262 | 436090 433829 | 2262 2262 | 100.0 | bs_ill_bs_contig411 contig_87
		Solid alignment 1 156862 | 436469 593337 | 156862 156869 | 99.85 | bs_ill_bs_contig10 contig_87
		Solid alignment 114 252570 | 598096 850667 | 252457 252572 | 99.94 | bs_ill_bs_contig9 contig_87
		Solid alignment 1 294381 | 851846 1146226 | 294381 294381 | 100.0 | bs_ill_bs_contig5 contig_87
		Solid alignment 1 315068 | 1462455 1147386 | 315068 315070 | 100.0 | bs_ill_bs_contig4 contig_87
		Solid alignment 1 37065 | 1463615 1500679 | 37065 37065 | 100.0 | bs_ill_bs_contig17 contig_87
		Solid alignment 1 1152 | 1503103 1504254 | 1152 1152 | 100.0 | bs_ill_bs_contig839 contig_87
		Solid alignment 1 911 | 1504256 1505166 | 911 911 | 100.0 | bs_ill_bs_contig991 contig_87
		Solid alignment 1 982 | 1507242 1506261 | 982 982 | 100.0 | bs_ill_bs_contig933 contig_87
		Solid alignment 1 38370 | 1507529 1545898 | 38370 38370 | 100.0 | bs_ill_bs_contig16 contig_87
		Solid alignment 1 263211 | 1547078 1810290 | 263211 263213 | 100.0 | bs_ill_bs_contig7 contig_87
		Solid alignment 1 709047 | 2519816 1810891 | 709047 708926 | 99.98 | bs_ill_bs_contig1 contig_87
		Solid alignment 1 59870 | 2520047 2579916 | 59870 59870 | 100.0 | bs_ill_bs_contig14 contig_87
		Solid alignment 1 982 | 2580166 2581147 | 982 982 | 100.0 | bs_ill_bs_contig933 contig_87
		Solid alignment 1 911 | 2583329 2582419 | 911 911 | 100.0 | bs_ill_bs_contig991 contig_87
		Solid alignment 1 1152 | 2584482 2583331 | 1152 1152 | 100.0 | bs_ill_bs_contig839 contig_87
		Solid alignment 1 15524 | 2584880 2600403 | 15524 15524 | 100.0 | bs_ill_bs_contig21 contig_87
		Solid alignment 1 982 | 2600778 2601759 | 982 982 | 99.9 | bs_ill_bs_contig933 contig_87
		Solid alignment 1 911 | 2603941 2603031 | 911 911 | 100.0 | bs_ill_bs_contig991 contig_87
		Solid alignment 1 1152 | 2605094 2603943 | 1152 1152 | 100.0 | bs_ill_bs_contig839 contig_87
		Solid alignment 1 55215 | 2605516 2660730 | 55215 55215 | 100.0 | bs_ill_bs_contig15 contig_87
		Solid alignment 1 982 | 2661112 2662093 | 982 982 | 100.0 | bs_ill_bs_contig933 contig_87
		Solid alignment 1 911 | 2664098 2663188 | 911 911 | 100.0 | bs_ill_bs_contig991 contig_87
		Solid alignment 1 1152 | 2665251 2664100 | 1152 1152 | 100.0 | bs_ill_bs_contig839 contig_87
		Solid alignment 1 982 | 2667035 2668016 | 982 982 | 100.0 | bs_ill_bs_contig933 contig_87
		Solid alignment 1 911 | 2670021 2669111 | 911 911 | 100.0 | bs_ill_bs_contig991 contig_87
		Solid alignment 1 1152 | 2671174 2670023 | 1152 1152 | 100.0 | bs_ill_bs_contig839 contig_87
		Solid alignment 1 60136 | 2671120 2731258 | 60136 60139 | 100.0 | bs_ill_bs_contig13 contig_87
		Solid alignment 1 982 | 2731579 2732560 | 982 982 | 100.0 | bs_ill_bs_contig933 contig_87
		Solid alignment 1 911 | 2734565 2733655 | 911 911 | 100.0 | bs_ill_bs_contig991 contig_87
		Solid alignment 1 1152 | 2735718 2734567 | 1152 1152 | 100.0 | bs_ill_bs_contig839 contig_87
		Solid alignment 1 982 | 2737192 2738173 | 982 982 | 100.0 | bs_ill_bs_contig933 contig_87
		Solid alignment 1 911 | 2740178 2739268 | 911 911 | 100.0 | bs_ill_bs_contig991 contig_87
		Solid alignment 1 1152 | 2741331 2740180 | 1152 1152 | 100.0 | bs_ill_bs_contig839 contig_87
		Solid alignment 1 982 | 2742193 2743174 | 982 982 | 100.0 | bs_ill_bs_contig933 contig_87
		Solid alignment 1 911 | 2745179 2744269 | 911 911 | 99.89 | bs_ill_bs_contig991 contig_87
		Solid alignment 1 1152 | 2746332 2745181 | 1152 1152 | 100.0 | bs_ill_bs_contig839 contig_87
		Solid alignment 1 18355 | 2746546 2764897 | 18355 18352 | 99.97 | bs_ill_bs_contig20 contig_87
		Solid alignment 1 104023 | 2869074 2765051 | 104023 104024 | 100.0 | bs_ill_bs_contig12 contig_87
		Solid alignment 1 325319 | 3195707 2870234 | 325319 325474 | 99.94 | bs_ill_bs_contig3 contig_87
		Solid alignment 1 982 | 3195653 3196634 | 982 982 | 100.0 | bs_ill_bs_contig933 contig_87
		Solid alignment 1 911 | 3198639 3197729 | 911 911 | 100.0 | bs_ill_bs_contig991 contig_87
		Solid alignment 1 1152 | 3199792 3198641 | 1152 1152 | 99.91 | bs_ill_bs_contig839 contig_87
		Solid alignment 1 29697 | 3200131 3229825 | 29697 29695 | 99.96 | bs_ill_bs_contig18 contig_87
		Solid alignment 1 257004 | 3230984 3488035 | 257004 257052 | 99.98 | bs_ill_bs_contig8 contig_87
		Solid alignment 1 982 | 3488421 3489402 | 982 982 | 100.0 | bs_ill_bs_contig933 contig_87
		Solid alignment 1 911 | 3491407 3490497 | 911 911 | 99.89 | bs_ill_bs_contig991 contig_87
		Solid alignment 1 1152 | 3492560 3491409 | 1152 1152 | 100.0 | bs_ill_bs_contig839 contig_87
		Solid alignment 674 552243 | 4045617 3494211 | 551570 551407 | 99.97 | bs_ill_bs_contig2 contig_87
			Skipping alignments located inside solid regions since they are redundant:
		Skipping redundant alignment 1 138 | 592844 592981 | 138 138 | 99.28 | bs_ill_bs_contig9 contig_87
		Skipping redundant alignment 256 437 | 593117 593298 | 182 182 | 90.66 | bs_ill_bs_contig9 contig_87
		Skipping redundant alignment 487 557 | 598289 598359 | 71 71 | 92.96 | bs_ill_bs_contig9 contig_87
		Skipping redundant alignment 342 430 | 1507594 1507682 | 89 89 | 100.0 | bs_ill_bs_contig3 contig_87
			Looking for the best set of alignments (out of 148 total alignments)
		Ambiguity for this contig is not checked for speed up (too much alignments and --ambiguity-usage is "one")
			Skipping redundant alignments after choosing the best set of alignments
		Skipping redundant alignment 341 430 | 3488070 3487981 | 90 90 | 98.89 | bs_ill_bs_contig3 contig_87
		Skipping redundant alignment 149 320 | 433712 433883 | 172 172 | 100.0 | bs_ill_bs_contig10 contig_87
		Skipping redundant alignment 155994 156067 | 593918 593991 | 74 74 | 94.59 | bs_ill_bs_contig10 contig_87
		Skipping redundant alignment 262 442 | 593879 594059 | 181 181 | 92.27 | bs_ill_bs_contig9 contig_87
		Skipping redundant alignment 70 297 | 3493383 3493610 | 228 228 | 100.0 | bs_ill_bs_contig18 contig_87
		Skipping redundant alignment 98992 99064 | 3494141 3494069 | 73 73 | 100.0 | bs_ill_bs_contig3 contig_87
		Skipping redundant alignment 103890 103965 | 3494143 3494068 | 76 76 | 100.0 | bs_ill_bs_contig12 contig_87
		Skipping redundant alignment 156834 156912 | 595244 595322 | 79 79 | 92.41 | bs_ill_bs_contig10 contig_87
		Skipping redundant alignment 1 120 | 596066 596185 | 120 120 | 99.17 | bs_ill_bs_contig9 contig_87
		Skipping redundant alignment 156810 156939 | 596444 596573 | 130 130 | 100.0 | bs_ill_bs_contig10 contig_87
		Skipping redundant alignment 445 517 | 596519 596591 | 73 73 | 100.0 | bs_ill_bs_contig9 contig_87
		Skipping redundant alignment 262 449 | 596525 596712 | 188 188 | 92.55 | bs_ill_bs_contig9 contig_87
		Skipping redundant alignment 156823 156913 | 597438 597528 | 91 91 | 92.31 | bs_ill_bs_contig10 contig_87
		Skipping redundant alignment 156456 156553 | 597800 597897 | 98 98 | 100.0 | bs_ill_bs_contig10 contig_87
		Skipping redundant alignment 99074 99348 | 1500625 1500899 | 275 275 | 100.0 | bs_ill_bs_contig3 contig_87
		Skipping redundant alignment 73 297 | 1501489 1501265 | 225 225 | 99.11 | bs_ill_bs_contig18 contig_87
		Skipping redundant alignment 7557 7656 | 1501598 1501499 | 100 100 | 99.0 | bs_ill_bs_contig21 contig_87
		Skipping redundant alignment 34895 34972 | 1501757 1501680 | 78 78 | 100.0 | bs_ill_bs_contig15 contig_87
		Skipping redundant alignment 524 601 | 1501946 1502023 | 78 78 | 100.0 | bs_ill_bs_contig3 contig_87
		Skipping redundant alignment 219 297 | 2519947 2519869 | 79 79 | 100.0 | bs_ill_bs_contig18 contig_87
		Skipping redundant alignment 34982 35054 | 2520101 2520029 | 73 73 | 100.0 | bs_ill_bs_contig15 contig_87
		Skipping redundant alignment 18222 18295 | 2520101 2520028 | 74 74 | 100.0 | bs_ill_bs_contig20 contig_87
		Skipping redundant alignment 99073 99146 | 2520028 2520101 | 74 74 | 100.0 | bs_ill_bs_contig3 contig_87
		Skipping redundant alignment 1 425 | 2580220 2579799 | 425 422 | 98.59 | bs_ill_bs_contig3 contig_87
		Skipping redundant alignment 1 274 | 2584428 2584701 | 274 274 | 100.0 | bs_ill_bs_contig13 contig_87
		Skipping redundant alignment 328 450 | 2584836 2584958 | 123 123 | 100.0 | bs_ill_bs_contig13 contig_87
		Skipping redundant alignment 99271 99341 | 3493095 3493025 | 71 71 | 95.77 | bs_ill_bs_contig3 contig_87
		Skipping redundant alignment 1 115 | 2605492 2605606 | 115 115 | 98.26 | bs_ill_bs_contig21 contig_87
		Skipping redundant alignment 99073 99146 | 3493300 3493227 | 74 74 | 100.0 | bs_ill_bs_contig3 contig_87
		Skipping redundant alignment 521 601 | 2666330 2666250 | 81 81 | 100.0 | bs_ill_bs_contig3 contig_87
		Skipping redundant alignment 299 374 | 2736366 2736441 | 76 76 | 100.0 | bs_ill_bs_contig1326 contig_87
		Skipping redundant alignment 104 170 | 2741867 2741801 | 67 67 | 91.04 | bs_ill_bs_contig16 contig_87
		Skipping redundant alignment 1 500 | 2746278 2746778 | 500 501 | 98.61 | bs_ill_bs_contig13 contig_87
			The best set is below. Score: 4022771.7, number of alignments: 115, unaligned bases: 12135
		This contig is misassembled.
		This contig is partially unaligned. (Aligned 4033482 out of 4045617 non-N bases (99.70%))
			Real Alignment 1: 1 659 | 665 7 | 659 659 | 99.39 | bs_ill_bs_contig2 contig_87
			  Not a misassembly [fragmentation of reference genome] between these two alignments
			Excluding internal overlap of size 55 between Alignment 2 and 3: 708430 709047 | 1284 667 | 618 618 --> 708485 709047 | 1229 667 | 563 563
			Real Alignment 2: 708485 709047 | 1229 667 | 563 563 | 99.84 | bs_ill_bs_contig1 contig_87
			  Extensive misassembly (translocation) between these two alignments
			Excluding internal overlap of size 114 between Alignment 3 and 4: 708435 709047 | 24357 24969 | 613 613 --> 708549 709047 | 24471 24969 | 499 499
			Real Alignment 3: 1 23242 | 1230 24470 | 23242 23241 | 100.0 | bs_ill_bs_contig19 contig_87
			  Extensive misassembly (translocation) between these two alignments
			Real Alignment 4: 708549 709047 | 24471 24969 | 499 499 | 98.69 | bs_ill_bs_contig1 contig_87
			  Not a misassembly [fragmentation of reference genome] between these two alignments
			Excluding internal overlap of size 99 between Alignment 5 and 6: 1 673 | 24971 25643 | 673 673 --> 1 574 | 24971 25544 | 574 574
			Real Alignment 5: 1 574 | 24971 25544 | 574 574 | 97.62 | bs_ill_bs_contig2 contig_87
			  Extensive misassembly (translocation) between these two alignments
			Excluding internal overlap of size 55 between Alignment 6 and 7: 708461 709047 | 162680 163266 | 587 587 --> 708516 709047 | 162735 163266 | 532 532
			Real Alignment 6: 1 137190 | 162734 25545 | 137190 137190 | 100.0 | bs_ill_bs_contig11 contig_87
			  Extensive misassembly (translocation) between these two alignments
			Real Alignment 7: 708516 709047 | 162735 163266 | 532 532 | 98.81 | bs_ill_bs_contig1 contig_87
			  Not a misassembly [fragmentation of reference genome] between these two alignments
			Excluding internal overlap of size 72 between Alignment 8 and 9: 1 671 | 163268 163938 | 671 671 --> 1 599 | 163268 163866 | 599 599
			Real Alignment 8: 1 599 | 163268 163866 | 599 599 | 98.06 | bs_ill_bs_contig2 contig_87
			  Extensive misassembly (translocation) between these two alignments
			Real Alignment 9: 1 269408 | 163867 433274 | 269408 269408 | 100.0 | bs_ill_bs_contig6 contig_87
			  Not a misassembly [fragmentation of reference genome] between these two alignments
			Real Alignment 10: 1 2262 | 436090 433829 | 2262 2262 | 100.0 | bs_ill_bs_contig411 contig_87
			  Not a misassembly [fragmentation of reference genome] between these two alignments
			Real Alignment 11: 1 156862 | 436469 593337 | 156862 156869 | 99.85 | bs_ill_bs_contig10 contig_87
			  Gap between these two alignments (local misassembly). Inconsistency = -513
			Real Alignment 12: 156590 156939 | 593578 593927 | 350 350 | 100.0 | bs_ill_bs_contig10 contig_87
			  Gap between these two alignments (local misassembly). Inconsistency = -927
			Real Alignment 13: 156077 156223 | 593992 594138 | 147 147 | 97.96 | bs_ill_bs_contig10 contig_87
			  Gap between these two alignments (local misassembly). Inconsistency = -378
			Real Alignment 14: 155978 156197 | 594271 594490 | 220 220 | 99.55 | bs_ill_bs_contig10 contig_87
			  Indel (> 5bp) between these two alignments: deletion of length 36; 0 mismatches (number of Ns: 0)
			Real Alignment 15: 156234 156335 | 594491 594592 | 102 102 | 93.14 | bs_ill_bs_contig10 contig_87
			  Gap between these two alignments (local misassembly). Inconsistency = -153
			Excluding internal overlap of size 40 between Alignment 16 and 17: 156423 156826 | 594833 595236 | 404 404 --> 156423 156786 | 594833 595196 | 364 364
			Real Alignment 16: 156423 156786 | 594833 595196 | 364 364 | 92.08 | bs_ill_bs_contig10 contig_87
			  Extensive misassembly (translocation) between these two alignments
			Real Alignment 17: 59 507 | 595636 595197 | 449 440 | 97.77 | bs_ill_bs_contig1250 contig_87
			  Extensive misassembly (translocation) between these two alignments
			Real Alignment 18: 156140 156408 | 595873 596141 | 269 269 | 96.28 | bs_ill_bs_contig10 contig_87
			  Gap between these two alignments (local misassembly). Inconsistency = 243
			Real Alignment 19: 156684 156751 | 596174 596241 | 68 68 | 98.53 | bs_ill_bs_contig10 contig_87
			  Gap between these two alignments (local misassembly). Inconsistency = -747
			Real Alignment 20: 156140 156290 | 596377 596527 | 151 151 | 94.7 | bs_ill_bs_contig10 contig_87
			  Gap between these two alignments (local misassembly). Inconsistency = -333
			Real Alignment 21: 155994 156223 | 596564 596793 | 230 230 | 96.52 | bs_ill_bs_contig10 contig_87
			  Gap between these two alignments (local misassembly). Inconsistency = -378
			Excluding internal overlap of size 88 between Alignment 22 and 23: 155978 156223 | 596926 597171 | 246 246 --> 155978 156135 | 596926 597083 | 158 158
			Real Alignment 22: 155978 156135 | 596926 597083 | 158 158 | 98.37 | bs_ill_bs_contig10 contig_87
			  Extensive misassembly (translocation) between these two alignments
			Real Alignment 23: 1 609 | 597692 597084 | 609 609 | 100.0 | bs_ill_bs_contig1250 contig_87
			  Gap between these two alignments (local misassembly). Inconsistency = 33 [fragmentation of reference genome]
			Excluding internal overlap of size 13 between Alignment 24 and 25: 34 342 | 597800 598108 | 309 309 --> 34 329 | 597800 598095 | 296 296
			Real Alignment 24: 34 329 | 597800 598095 | 296 296 | 99.03 | bs_ill_bs_contig9 contig_87
			  Overlap between these two alignments (local misassembly). Inconsistency = -216
			Excluding internal overlap of size 55 between Alignment 25 and 26: 708434 709047 | 850613 851226 | 614 614 --> 708489 709047 | 850668 851226 | 559 559
			Real Alignment 25: 114 252570 | 598096 850667 | 252457 252572 | 99.94 | bs_ill_bs_contig9 contig_87
			  Extensive misassembly (translocation) between these two alignments
			Real Alignment 26: 708489 709047 | 850668 851226 | 559 559 | 99.84 | bs_ill_bs_contig1 contig_87
			  Not a misassembly [fragmentation of reference genome] between these two alignments
			Excluding internal overlap of size 56 between Alignment 27 and 28: 1 674 | 851228 851901 | 674 674 --> 1 618 | 851228 851845 | 618 618
			Real Alignment 27: 1 618 | 851228 851845 | 618 618 | 99.26 | bs_ill_bs_contig2 contig_87
			  Extensive misassembly (translocation) between these two alignments
			Excluding internal overlap of size 74 between Alignment 28 and 29: 1 673 | 1146826 1146153 | 673 674 --> 1 599 | 1146826 1146227 | 599 600
			Real Alignment 28: 1 294381 | 851846 1146226 | 294381 294381 | 100.0 | bs_ill_bs_contig5 contig_87
			  Extensive misassembly (translocation) between these two alignments
			Real Alignment 29: 1 599 | 1146826 1146227 | 599 600 | 99.11 | bs_ill_bs_contig2 contig_87
			  Not a misassembly [fragmentation of reference genome] between these two alignments
			Excluding internal overlap of size 55 between Alignment 30 and 31: 708435 709047 | 1147440 1146828 | 613 613 --> 708490 709047 | 1147385 1146828 | 558 558
			Real Alignment 30: 708490 709047 | 1147385 1146828 | 558 558 | 100.0 | bs_ill_bs_contig1 contig_87
			  Extensive misassembly (translocation) between these two alignments
			Excluding internal overlap of size 74 between Alignment 31 and 32: 1 673 | 1463054 1462382 | 673 673 --> 1 599 | 1463054 1462456 | 599 599
			Real Alignment 31: 1 315068 | 1462455 1147386 | 315068 315070 | 100.0 | bs_ill_bs_contig4 contig_87
			  Extensive misassembly (translocation) between these two alignments
			Real Alignment 32: 1 599 | 1463054 1462456 | 599 599 | 99.26 | bs_ill_bs_contig2 contig_87
			  Not a misassembly [fragmentation of reference genome] between these two alignments
			Excluding internal overlap of size 55 between Alignment 33 and 34: 708434 709047 | 1463669 1463056 | 614 614 --> 708489 709047 | 1463614 1463056 | 559 559
			Real Alignment 33: 708489 709047 | 1463614 1463056 | 559 559 | 99.84 | bs_ill_bs_contig1 contig_87
			  Extensive misassembly (translocation) between these two alignments
			Real Alignment 34: 1 37065 | 1463615 1500679 | 37065 37065 | 100.0 | bs_ill_bs_contig17 contig_87
			  Not a misassembly [fragmentation of reference genome] between these two alignments
			Real Alignment 35: 1 536 | 1502479 1501971 | 536 509 | 90.26 | bs_ill_bs_contig1326 contig_87
			  Extensive misassembly (translocation) between these two alignments
			Real Alignment 36: 328 453 | 1502749 1502624 | 126 126 | 100.0 | bs_ill_bs_contig13 contig_87
			  Gap between these two alignments (local misassembly). Inconsistency = -81
			Excluding internal overlap of size 55 between Alignment 37 and 38: 1 274 | 1503157 1502884 | 274 274 --> 56 274 | 1503102 1502884 | 219 219
			Real Alignment 37: 56 274 | 1503102 1502884 | 219 219 | 100.0 | bs_ill_bs_contig13 contig_87
			  Indel (> 5bp) between these two alignments: deletion of length 55; 0 mismatches (number of Ns: 0) [fragmentation of reference genome]
			Real Alignment 38: 1 1152 | 1503103 1504254 | 1152 1152 | 100.0 | bs_ill_bs_contig839 contig_87
			  Not a misassembly [fragmentation of reference genome] between these two alignments
			Real Alignment 39: 1 911 | 1504256 1505166 | 911 911 | 100.0 | bs_ill_bs_contig991 contig_87
			  Not a misassembly [fragmentation of reference genome] between these two alignments
			Real Alignment 40: 1 722 | 1505889 1505168 | 722 722 | 100.0 | bs_ill_bs_contig1146 contig_87
			  Not a misassembly [fragmentation of reference genome] between these two alignments
			Excluding internal overlap of size 55 between Alignment 41 and 42: 1 341 | 1507188 1507528 | 341 341 --> 56 341 | 1507243 1507528 | 286 286
			Real Alignment 41: 1 982 | 1507242 1506261 | 982 982 | 100.0 | bs_ill_bs_contig933 contig_87
			  Indel (> 5bp) between these two alignments: deletion of length 55; 0 mismatches (number of Ns: 0) [fragmentation of reference genome]
			Real Alignment 42: 56 341 | 1507243 1507528 | 286 286 | 100.0 | bs_ill_bs_contig3 contig_87
			  Extensive misassembly (translocation) between these two alignments
			Excluding internal overlap of size 55 between Alignment 43 and 44: 708435 709047 | 1545844 1546456 | 613 613 --> 708490 709047 | 1545899 1546456 | 558 558
			Real Alignment 43: 1 38370 | 1507529 1545898 | 38370 38370 | 100.0 | bs_ill_bs_contig16 contig_87
			  Extensive misassembly (translocation) between these two alignments
			Real Alignment 44: 708490 709047 | 1545899 1546456 | 558 558 | 99.84 | bs_ill_bs_contig1 contig_87
			  Not a misassembly [fragmentation of reference genome] between these two alignments
			Excluding internal overlap of size 53 between Alignment 45 and 46: 1 673 | 1546458 1547130 | 673 673 --> 1 620 | 1546458 1547077 | 620 620
			Real Alignment 45: 1 620 | 1546458 1547077 | 620 620 | 99.11 | bs_ill_bs_contig2 contig_87
			  Extensive misassembly (translocation) between these two alignments
			Excluding internal overlap of size 74 between Alignment 46 and 47: 1 673 | 1810889 1810217 | 673 673 --> 1 599 | 1810889 1810291 | 599 599
			Real Alignment 46: 1 263211 | 1547078 1810290 | 263211 263213 | 100.0 | bs_ill_bs_contig7 contig_87
			  Extensive misassembly (translocation) between these two alignments
			Real Alignment 47: 1 599 | 1810889 1810291 | 599 599 | 99.41 | bs_ill_bs_contig2 contig_87
			  Not a misassembly [fragmentation of reference genome] between these two alignments
			Real Alignment 48: 1 709047 | 2519816 1810891 | 709047 708926 | 99.98 | bs_ill_bs_contig1 contig_87
			  Not a misassembly [fragmentation of reference genome] between these two alignments
			Real Alignment 49: 1 59870 | 2520047 2579916 | 59870 59870 | 100.0 | bs_ill_bs_contig14 contig_87
			  Not a misassembly [fragmentation of reference genome] between these two alignments
			Real Alignment 50: 1 982 | 2580166 2581147 | 982 982 | 100.0 | bs_ill_bs_contig933 contig_87
			  Not a misassembly [fragmentation of reference genome] between these two alignments
			Real Alignment 51: 1 722 | 2581696 2582417 | 722 722 | 100.0 | bs_ill_bs_contig1146 contig_87
			  Not a misassembly [fragmentation of reference genome] between these two alignments
			Real Alignment 52: 1 911 | 2583329 2582419 | 911 911 | 100.0 | bs_ill_bs_contig991 contig_87
			  Not a misassembly [fragmentation of reference genome] between these two alignments
			Real Alignment 53: 1 1152 | 2584482 2583331 | 1152 1152 | 100.0 | bs_ill_bs_contig839 contig_87
			  Not a misassembly [fragmentation of reference genome] between these two alignments
			Real Alignment 54: 1 15524 | 2584880 2600403 | 15524 15524 | 100.0 | bs_ill_bs_contig21 contig_87
			  Extensive misassembly (translocation) between these two alignments
			Excluding internal overlap of size 55 between Alignment 55 and 56: 1 342 | 2600832 2600491 | 342 342 --> 56 342 | 2600777 2600491 | 287 287
			Real Alignment 55: 56 342 | 2600777 2600491 | 287 287 | 100.0 | bs_ill_bs_contig3 contig_87
			  Indel (> 5bp) between these two alignments: deletion of length 55; 0 mismatches (number of Ns: 0) [fragmentation of reference genome]
			Real Alignment 56: 1 982 | 2600778 2601759 | 982 982 | 99.9 | bs_ill_bs_contig933 contig_87
			  Not a misassembly [fragmentation of reference genome] between these two alignments
			Real Alignment 57: 1 722 | 2602308 2603029 | 722 722 | 100.0 | bs_ill_bs_contig1146 contig_87
			  Not a misassembly [fragmentation of reference genome] between these two alignments
			Real Alignment 58: 1 911 | 2603941 2603031 | 911 911 | 100.0 | bs_ill_bs_contig991 contig_87
			  Not a misassembly [fragmentation of reference genome] between these two alignments
			Excluding internal overlap of size 55 between Alignment 59 and 60: 1 274 | 2605040 2605313 | 274 274 --> 56 274 | 2605095 2605313 | 219 219
			Real Alignment 59: 1 1152 | 2605094 2603943 | 1152 1152 | 100.0 | bs_ill_bs_contig839 contig_87
			  Indel (> 5bp) between these two alignments: deletion of length 55; 0 mismatches (number of Ns: 0) [fragmentation of reference genome]
			Real Alignment 60: 56 274 | 2605095 2605313 | 219 219 | 100.0 | bs_ill_bs_contig13 contig_87
			  Gap between these two alignments (local misassembly). Inconsistency = -81
			Excluding internal overlap of size 55 between Alignment 61 and 62: 328 450 | 2605448 2605570 | 123 123 --> 328 395 | 2605448 2605515 | 68 68
			Real Alignment 61: 328 395 | 2605448 2605515 | 68 68 | 100.0 | bs_ill_bs_contig13 contig_87
			  Extensive misassembly (translocation) between these two alignments
			Real Alignment 62: 1 55215 | 2605516 2660730 | 55215 55215 | 100.0 | bs_ill_bs_contig15 contig_87
			  Extensive misassembly (translocation) between these two alignments
			Excluding internal overlap of size 55 between Alignment 63 and 64: 1 341 | 2661166 2660826 | 341 341 --> 56 341 | 2661111 2660826 | 286 286
			Real Alignment 63: 56 341 | 2661111 2660826 | 286 286 | 100.0 | bs_ill_bs_contig3 contig_87
			  Indel (> 5bp) between these two alignments: deletion of length 55; 0 mismatches (number of Ns: 0) [fragmentation of reference genome]
			Real Alignment 64: 1 982 | 2661112 2662093 | 982 982 | 100.0 | bs_ill_bs_contig933 contig_87
			  Not a misassembly [fragmentation of reference genome] between these two alignments
			Real Alignment 65: 1 722 | 2662465 2663186 | 722 722 | 100.0 | bs_ill_bs_contig1146 contig_87
			  Not a misassembly [fragmentation of reference genome] between these two alignments
			Real Alignment 66: 1 911 | 2664098 2663188 | 911 911 | 100.0 | bs_ill_bs_contig991 contig_87
			  Not a misassembly [fragmentation of reference genome] between these two alignments
			Excluding internal overlap of size 55 between Alignment 67 and 68: 1 453 | 2665197 2665650 | 453 454 --> 56 453 | 2665252 2665650 | 398 399
			Real Alignment 67: 1 1152 | 2665251 2664100 | 1152 1152 | 100.0 | bs_ill_bs_contig839 contig_87
			  Indel (> 5bp) between these two alignments: deletion of length 55; 0 mismatches (number of Ns: 0) [fragmentation of reference genome]
			Real Alignment 68: 56 453 | 2665252 2665650 | 398 399 | 99.78 | bs_ill_bs_contig13 contig_87
			  Extensive misassembly (translocation) between these two alignments
			Real Alignment 69: 1 536 | 2665767 2666302 | 536 536 | 100.0 | bs_ill_bs_contig1326 contig_87
			  Extensive misassembly (translocation) between these two alignments
			Excluding internal overlap of size 55 between Alignment 70 and 71: 1 341 | 2667089 2666749 | 341 341 --> 56 341 | 2667034 2666749 | 286 286
			Real Alignment 70: 56 341 | 2667034 2666749 | 286 286 | 100.0 | bs_ill_bs_contig3 contig_87
			  Indel (> 5bp) between these two alignments: deletion of length 55; 0 mismatches (number of Ns: 0) [fragmentation of reference genome]
			Real Alignment 71: 1 982 | 2667035 2668016 | 982 982 | 100.0 | bs_ill_bs_contig933 contig_87
			  Not a misassembly [fragmentation of reference genome] between these two alignments
			Real Alignment 72: 1 722 | 2668388 2669109 | 722 722 | 100.0 | bs_ill_bs_contig1146 contig_87
			  Not a misassembly [fragmentation of reference genome] between these two alignments
			Real Alignment 73: 1 911 | 2670021 2669111 | 911 911 | 100.0 | bs_ill_bs_contig991 contig_87
			  Not a misassembly [fragmentation of reference genome] between these two alignments
			Excluding internal overlap of size 55 between Alignment 74 and 75: 1 1152 | 2671174 2670023 | 1152 1152 --> 56 1152 | 2671119 2670023 | 1097 1097
			Real Alignment 74: 56 1152 | 2671119 2670023 | 1097 1097 | 100.0 | bs_ill_bs_contig839 contig_87
			  Indel (> 5bp) between these two alignments: deletion of length 55; 0 mismatches (number of Ns: 0) [fragmentation of reference genome]
			Excluding internal overlap of size 55 between Alignment 75 and 76: 1 430 | 2731633 2731204 | 430 430 --> 1 375 | 2731633 2731259 | 375 375
			Real Alignment 75: 1 60136 | 2671120 2731258 | 60136 60139 | 100.0 | bs_ill_bs_contig13 contig_87
			  Extensive misassembly (translocation) between these two alignments
			Excluding internal overlap of size 55 between Alignment 76 and 77: 1 375 | 2731633 2731259 | 375 375 --> 56 375 | 2731578 2731259 | 320 320
			Real Alignment 76: 56 375 | 2731578 2731259 | 320 320 | 99.77 | bs_ill_bs_contig3 contig_87
			  Indel (> 5bp) between these two alignments: deletion of length 55; 0 mismatches (number of Ns: 0) [fragmentation of reference genome]
			Real Alignment 77: 1 982 | 2731579 2732560 | 982 982 | 100.0 | bs_ill_bs_contig933 contig_87
			  Not a misassembly [fragmentation of reference genome] between these two alignments
			Real Alignment 78: 1 722 | 2732932 2733653 | 722 722 | 100.0 | bs_ill_bs_contig1146 contig_87
			  Not a misassembly [fragmentation of reference genome] between these two alignments
			Real Alignment 79: 1 911 | 2734565 2733655 | 911 911 | 100.0 | bs_ill_bs_contig991 contig_87
			  Not a misassembly [fragmentation of reference genome] between these two alignments
			Excluding internal overlap of size 55 between Alignment 80 and 81: 1 449 | 2735664 2736112 | 449 449 --> 56 449 | 2735719 2736112 | 394 394
			Real Alignment 80: 1 1152 | 2735718 2734567 | 1152 1152 | 100.0 | bs_ill_bs_contig839 contig_87
			  Indel (> 5bp) between these two alignments: deletion of length 55; 0 mismatches (number of Ns: 0) [fragmentation of reference genome]
			Real Alignment 81: 56 449 | 2735719 2736112 | 394 394 | 99.78 | bs_ill_bs_contig13 contig_87
			  Extensive misassembly (translocation) between these two alignments
			Real Alignment 82: 521 601 | 2736554 2736474 | 81 81 | 100.0 | bs_ill_bs_contig3 contig_87
			  Gap between these two alignments (local misassembly). Inconsistency = -171
			Excluding internal overlap of size 55 between Alignment 83 and 84: 1 430 | 2737246 2736816 | 430 431 --> 56 430 | 2737191 2736816 | 375 376
			Real Alignment 83: 56 430 | 2737191 2736816 | 375 376 | 99.54 | bs_ill_bs_contig3 contig_87
			  Indel (> 5bp) between these two alignments: deletion of length 55; 0 mismatches (number of Ns: 0) [fragmentation of reference genome]
			Real Alignment 84: 1 982 | 2737192 2738173 | 982 982 | 100.0 | bs_ill_bs_contig933 contig_87
			  Not a misassembly [fragmentation of reference genome] between these two alignments
			Real Alignment 85: 1 722 | 2738545 2739266 | 722 722 | 100.0 | bs_ill_bs_contig1146 contig_87
			  Not a misassembly [fragmentation of reference genome] between these two alignments
			Real Alignment 86: 1 911 | 2740178 2739268 | 911 911 | 100.0 | bs_ill_bs_contig991 contig_87
			  Not a misassembly [fragmentation of reference genome] between these two alignments
			Excluding internal overlap of size 55 between Alignment 87 and 88: 1 453 | 2741277 2741729 | 453 453 --> 56 453 | 2741332 2741729 | 398 398
			Real Alignment 87: 1 1152 | 2741331 2740180 | 1152 1152 | 100.0 | bs_ill_bs_contig839 contig_87
			  Indel (> 5bp) between these two alignments: deletion of length 55; 0 mismatches (number of Ns: 0) [fragmentation of reference genome]
			Real Alignment 88: 56 453 | 2741332 2741729 | 398 398 | 100.0 | bs_ill_bs_contig13 contig_87
			  Extensive misassembly (translocation) between these two alignments
			Excluding internal overlap of size 55 between Alignment 89 and 90: 1 430 | 2742247 2741817 | 430 431 --> 56 430 | 2742192 2741817 | 375 376
			Real Alignment 89: 56 430 | 2742192 2741817 | 375 376 | 99.54 | bs_ill_bs_contig3 contig_87
			  Indel (> 5bp) between these two alignments: deletion of length 55; 0 mismatches (number of Ns: 0) [fragmentation of reference genome]
			Real Alignment 90: 1 982 | 2742193 2743174 | 982 982 | 100.0 | bs_ill_bs_contig933 contig_87
			  Not a misassembly [fragmentation of reference genome] between these two alignments
			Real Alignment 91: 1 722 | 2743546 2744267 | 722 722 | 100.0 | bs_ill_bs_contig1146 contig_87
			  Not a misassembly [fragmentation of reference genome] between these two alignments
			Real Alignment 92: 1 911 | 2745179 2744269 | 911 911 | 99.89 | bs_ill_bs_contig991 contig_87
			  Not a misassembly [fragmentation of reference genome] between these two alignments
			Real Alignment 93: 1 1152 | 2746332 2745181 | 1152 1152 | 100.0 | bs_ill_bs_contig839 contig_87
			  Not a misassembly [fragmentation of reference genome] between these two alignments
			Real Alignment 94: 1 18355 | 2746546 2764897 | 18355 18352 | 99.97 | bs_ill_bs_contig20 contig_87
			  Not a misassembly [fragmentation of reference genome] between these two alignments
			Excluding internal overlap of size 55 between Alignment 95 and 96: 708434 709047 | 2869020 2869633 | 614 614 --> 708489 709047 | 2869075 2869633 | 559 559
			Real Alignment 95: 1 104023 | 2869074 2765051 | 104023 104024 | 100.0 | bs_ill_bs_contig12 contig_87
			  Extensive misassembly (translocation) between these two alignments
			Real Alignment 96: 708489 709047 | 2869075 2869633 | 559 559 | 99.84 | bs_ill_bs_contig1 contig_87
			  Not a misassembly [fragmentation of reference genome] between these two alignments
			Excluding internal overlap of size 74 between Alignment 97 and 98: 1 673 | 2869635 2870307 | 673 673 --> 1 599 | 2869635 2870233 | 599 599
			Real Alignment 97: 1 599 | 2869635 2870233 | 599 599 | 99.26 | bs_ill_bs_contig2 contig_87
			  Extensive misassembly (translocation) between these two alignments
			Excluding internal overlap of size 55 between Alignment 98 and 99: 1 982 | 3195653 3196634 | 982 982 --> 56 982 | 3195708 3196634 | 927 927
			Real Alignment 98: 1 325319 | 3195707 2870234 | 325319 325474 | 99.94 | bs_ill_bs_contig3 contig_87
			  Indel (> 5bp) between these two alignments: deletion of length 55; 0 mismatches (number of Ns: 0) [fragmentation of reference genome]
			Real Alignment 99: 56 982 | 3195708 3196634 | 927 927 | 100.0 | bs_ill_bs_contig933 contig_87
			  Not a misassembly [fragmentation of reference genome] between these two alignments
			Real Alignment 100: 1 722 | 3197006 3197727 | 722 722 | 100.0 | bs_ill_bs_contig1146 contig_87
			  Not a misassembly [fragmentation of reference genome] between these two alignments
			Real Alignment 101: 1 911 | 3198639 3197729 | 911 911 | 100.0 | bs_ill_bs_contig991 contig_87
			  Not a misassembly [fragmentation of reference genome] between these two alignments
			Excluding internal overlap of size 55 between Alignment 102 and 103: 1 448 | 3199738 3200185 | 448 448 --> 56 448 | 3199793 3200185 | 393 393
			Real Alignment 102: 1 1152 | 3199792 3198641 | 1152 1152 | 99.91 | bs_ill_bs_contig839 contig_87
			  Indel (> 5bp) between these two alignments: deletion of length 55; 0 mismatches (number of Ns: 0) [fragmentation of reference genome]
			Excluding internal overlap of size 55 between Alignment 103 and 104: 56 448 | 3199793 3200185 | 393 393 --> 56 393 | 3199793 3200130 | 338 338
			Real Alignment 103: 56 393 | 3199793 3200130 | 338 338 | 100.0 | bs_ill_bs_contig13 contig_87
			  Extensive misassembly (translocation) between these two alignments
			Excluding internal overlap of size 55 between Alignment 104 and 105: 708435 709047 | 3229771 3230383 | 613 613 --> 708490 709047 | 3229826 3230383 | 558 558
			Real Alignment 104: 1 29697 | 3200131 3229825 | 29697 29695 | 99.96 | bs_ill_bs_contig18 contig_87
			  Extensive misassembly (translocation) between these two alignments
			Real Alignment 105: 708490 709047 | 3229826 3230383 | 558 558 | 99.84 | bs_ill_bs_contig1 contig_87
			  Not a misassembly [fragmentation of reference genome] between these two alignments
			Excluding internal overlap of size 74 between Alignment 106 and 107: 1 673 | 3230385 3231057 | 673 673 --> 1 599 | 3230385 3230983 | 599 599
			Real Alignment 106: 1 599 | 3230385 3230983 | 599 599 | 99.11 | bs_ill_bs_contig2 contig_87
			  Extensive misassembly (translocation) between these two alignments
			Real Alignment 107: 1 257004 | 3230984 3488035 | 257004 257052 | 99.98 | bs_ill_bs_contig8 contig_87
			  Extensive misassembly (translocation) between these two alignments
			Excluding internal overlap of size 55 between Alignment 108 and 109: 1 340 | 3488475 3488136 | 340 340 --> 56 340 | 3488420 3488136 | 285 285
			Real Alignment 108: 56 340 | 3488420 3488136 | 285 285 | 100.0 | bs_ill_bs_contig3 contig_87
			  Indel (> 5bp) between these two alignments: deletion of length 55; 0 mismatches (number of Ns: 0) [fragmentation of reference genome]
			Real Alignment 109: 1 982 | 3488421 3489402 | 982 982 | 100.0 | bs_ill_bs_contig933 contig_87
			  Not a misassembly [fragmentation of reference genome] between these two alignments
			Real Alignment 110: 1 722 | 3489774 3490495 | 722 722 | 100.0 | bs_ill_bs_contig1146 contig_87
			  Not a misassembly [fragmentation of reference genome] between these two alignments
			Real Alignment 111: 1 911 | 3491407 3490497 | 911 911 | 99.89 | bs_ill_bs_contig991 contig_87
			  Not a misassembly [fragmentation of reference genome] between these two alignments
			Excluding internal overlap of size 55 between Alignment 112 and 113: 1 319 | 3492506 3492825 | 319 320 --> 56 319 | 3492561 3492825 | 264 265
			Real Alignment 112: 1 1152 | 3492560 3491409 | 1152 1152 | 100.0 | bs_ill_bs_contig839 contig_87
			  Indel (> 5bp) between these two alignments: deletion of length 55; 0 mismatches (number of Ns: 0) [fragmentation of reference genome]
			Real Alignment 113: 56 319 | 3492561 3492825 | 264 265 | 99.69 | bs_ill_bs_contig13 contig_87
			  Extensive misassembly (translocation) between these two alignments
			Real Alignment 114: 18222 18355 | 3493227 3493360 | 134 134 | 100.0 | bs_ill_bs_contig20 contig_87
			  Not a misassembly [fragmentation of reference genome] between these two alignments
			Real Alignment 115: 674 552243 | 4045617 3494211 | 551570 551407 | 99.97 | bs_ill_bs_contig2 contig_87
		Unaligned bases: 12135

CONTIG: contig_2 (2845363bp)
Best alignment score: 971.1 (LEN: 1052, IDY: 92.31), Total number of alignments: 38
			Looking for the best set of alignments (out of 38 total alignments)
			Skipping redundant alignments after choosing the best set of alignments
		Skipping redundant alignment 18222 18295 | 609540 609613 | 74 74 | 98.65 | bs_ill_bs_contig20 contig_2
		Skipping redundant alignment 103891 103967 | 610275 610199 | 77 77 | 97.4 | bs_ill_bs_contig12 contig_2
		Skipping redundant alignment 9 171 | 2391780 2391942 | 163 163 | 93.25 | bs_ill_bs_contig13 contig_2
		Skipping redundant alignment 99180 99264 | 2837680 2837596 | 85 85 | 96.47 | bs_ill_bs_contig3 contig_2
		Skipping redundant alignment 99074 99146 | 2837768 2837696 | 73 73 | 98.63 | bs_ill_bs_contig3 contig_2
		This contig has several significant sets of alignments. [An ambiguously mapped contig]
		Using only the very best set (option --ambiguity-usage is set to "one").
			The best set is below. Score: 9091.3, number of alignments: 33, unaligned bases: 2832578
		This contig is misassembled.
		This contig is partially unaligned. (Aligned 12785 out of 2845363 non-N bases (0.45%))
			Warning! This contig is more unaligned than misassembled. Contig length is 2845363 (number of Ns: 0) and total length of all aligns is 12785
		Alignment: 1 965 | 604593 605556 | 965 964 | 93.89 | bs_ill_bs_contig933 contig_2
		Alignment: 95 215 | 606198 606318 | 121 121 | 92.56 | bs_ill_bs_contig1146 contig_2
		Alignment: 483 720 | 606578 606815 | 238 238 | 93.28 | bs_ill_bs_contig1146 contig_2
		Alignment: 666 889 | 607064 606841 | 224 224 | 91.52 | bs_ill_bs_contig991 contig_2
		Alignment: 337 569 | 607394 607162 | 233 233 | 93.56 | bs_ill_bs_contig991 contig_2
		Alignment: 108 329 | 607626 607405 | 222 222 | 91.44 | bs_ill_bs_contig991 contig_2
		Alignment: 1 1065 | 608874 607823 | 1065 1052 | 92.31 | bs_ill_bs_contig839 contig_2
		Alignment: 9 171 | 608828 608990 | 163 163 | 93.25 | bs_ill_bs_contig13 contig_2
		Alignment: 9 171 | 2112836 2112674 | 163 163 | 93.25 | bs_ill_bs_contig13 contig_2
		Alignment: 1 1065 | 2112790 2113841 | 1065 1052 | 92.31 | bs_ill_bs_contig839 contig_2
		Alignment: 108 329 | 2114038 2114259 | 222 222 | 91.44 | bs_ill_bs_contig991 contig_2
		Alignment: 337 569 | 2114270 2114502 | 233 233 | 93.56 | bs_ill_bs_contig991 contig_2
		Alignment: 666 889 | 2114600 2114823 | 224 224 | 91.07 | bs_ill_bs_contig991 contig_2
		Alignment: 483 720 | 2115086 2114849 | 238 238 | 93.28 | bs_ill_bs_contig1146 contig_2
		Alignment: 95 215 | 2115466 2115346 | 121 121 | 93.39 | bs_ill_bs_contig1146 contig_2
		Alignment: 1 965 | 2116969 2116006 | 965 964 | 93.89 | bs_ill_bs_contig933 contig_2
		Alignment: 33226 33297 | 2171620 2171549 | 72 72 | 95.83 | bs_ill_bs_contig13 contig_2
		Alignment: 32338 32486 | 2172508 2172360 | 149 149 | 91.95 | bs_ill_bs_contig13 contig_2
		Alignment: 1 965 | 2387647 2388610 | 965 964 | 93.89 | bs_ill_bs_contig933 contig_2
		Alignment: 95 215 | 2389150 2389270 | 121 121 | 93.39 | bs_ill_bs_contig1146 contig_2
		Alignment: 483 720 | 2389530 2389767 | 238 238 | 93.28 | bs_ill_bs_contig1146 contig_2
		Alignment: 666 889 | 2390016 2389793 | 224 224 | 91.52 | bs_ill_bs_contig991 contig_2
		Alignment: 337 569 | 2390346 2390114 | 233 233 | 93.56 | bs_ill_bs_contig991 contig_2
		Alignment: 108 329 | 2390578 2390357 | 222 222 | 91.44 | bs_ill_bs_contig991 contig_2
		Alignment: 1 1065 | 2391826 2390775 | 1065 1052 | 92.31 | bs_ill_bs_contig839 contig_2
		Alignment: 1 965 | 2830726 2831689 | 965 964 | 93.89 | bs_ill_bs_contig933 contig_2
		Alignment: 95 215 | 2832331 2832451 | 121 121 | 93.39 | bs_ill_bs_contig1146 contig_2
		Alignment: 483 720 | 2832711 2832948 | 238 238 | 93.28 | bs_ill_bs_contig1146 contig_2
		Alignment: 666 889 | 2833197 2832974 | 224 224 | 91.07 | bs_ill_bs_contig991 contig_2
		Alignment: 337 569 | 2833527 2833295 | 233 233 | 93.56 | bs_ill_bs_contig991 contig_2
		Alignment: 108 329 | 2833759 2833538 | 222 222 | 91.44 | bs_ill_bs_contig991 contig_2
		Alignment: 1 1065 | 2835007 2833956 | 1065 1052 | 92.31 | bs_ill_bs_contig839 contig_2
		Alignment: 9 171 | 2834961 2835123 | 163 163 | 93.25 | bs_ill_bs_contig13 contig_2
		Unaligned bases: 2832578

CONTIG: contig_92 (1946735bp)
Best alignment score: 974.4 (LEN: 1054, IDY: 92.45), Total number of alignments: 26
			Looking for the best set of alignments (out of 26 total alignments)
			Skipping redundant alignments after choosing the best set of alignments
		Skipping redundant alignment 766 967 | 842848 843049 | 202 202 | 95.05 | bs_ill_bs_contig933 contig_92
		Skipping redundant alignment 26 176 | 842109 842259 | 151 151 | 91.39 | bs_ill_bs_contig933 contig_92
		This contig has several significant sets of alignments. [An ambiguously mapped contig]
		Using only the very best set (option --ambiguity-usage is set to "one").
			The best set is below. Score: 4831.3, number of alignments: 24, unaligned bases: 1938280
		This contig is misassembled.
		This contig is partially unaligned. (Aligned 8455 out of 1946735 non-N bases (0.43%))
			Warning! This contig is more unaligned than misassembled. Contig length is 1946735 (number of Ns: 0) and total length of all aligns is 8455
		Alignment: 1 1065 | 65151 66204 | 1065 1054 | 92.36 | bs_ill_bs_contig839 contig_92
		Alignment: 492 714 | 67442 67220 | 223 223 | 92.38 | bs_ill_bs_contig1146 contig_92
		Alignment: 95 211 | 67837 67721 | 117 117 | 94.02 | bs_ill_bs_contig1146 contig_92
		Alignment: 766 967 | 68742 68541 | 202 202 | 95.05 | bs_ill_bs_contig933 contig_92
		Alignment: 26 176 | 69481 69331 | 151 151 | 91.39 | bs_ill_bs_contig933 contig_92
		Alignment: 1 1065 | 142242 143295 | 1065 1054 | 92.45 | bs_ill_bs_contig839 contig_92
		Alignment: 492 714 | 144533 144311 | 223 223 | 92.83 | bs_ill_bs_contig1146 contig_92
		Alignment: 95 211 | 144928 144812 | 117 117 | 94.02 | bs_ill_bs_contig1146 contig_92
		Alignment: 766 967 | 145637 145436 | 202 202 | 95.05 | bs_ill_bs_contig933 contig_92
		Alignment: 26 176 | 146376 146226 | 151 151 | 91.39 | bs_ill_bs_contig933 contig_92
		Alignment: 1 1065 | 177766 178819 | 1065 1054 | 92.36 | bs_ill_bs_contig839 contig_92
		Alignment: 492 714 | 180057 179835 | 223 223 | 92.83 | bs_ill_bs_contig1146 contig_92
		Alignment: 95 211 | 180452 180336 | 117 117 | 93.16 | bs_ill_bs_contig1146 contig_92
		Alignment: 766 967 | 181162 180961 | 202 202 | 95.05 | bs_ill_bs_contig933 contig_92
		Alignment: 26 176 | 181901 181751 | 151 151 | 91.39 | bs_ill_bs_contig933 contig_92
		Alignment: 95 211 | 843753 843869 | 117 117 | 93.16 | bs_ill_bs_contig1146 contig_92
		Alignment: 492 714 | 844148 844370 | 223 223 | 92.83 | bs_ill_bs_contig1146 contig_92
		Alignment: 1 1065 | 846439 845386 | 1065 1054 | 92.45 | bs_ill_bs_contig839 contig_92
		Alignment: 299 371 | 1655960 1655888 | 73 73 | 97.26 | bs_ill_bs_contig1326 contig_92
		Alignment: 1 1065 | 1656630 1657683 | 1065 1054 | 92.45 | bs_ill_bs_contig839 contig_92
		Alignment: 492 714 | 1658921 1658699 | 223 223 | 92.83 | bs_ill_bs_contig1146 contig_92
		Alignment: 95 211 | 1659316 1659200 | 117 117 | 94.02 | bs_ill_bs_contig1146 contig_92
		Alignment: 766 967 | 1660036 1659835 | 202 202 | 95.05 | bs_ill_bs_contig933 contig_92
		Alignment: 26 176 | 1660775 1660625 | 151 151 | 91.39 | bs_ill_bs_contig933 contig_92
		Unaligned bases: 1938280

CONTIG: contig_94 (4757856bp)
Best alignment score: 208.0 (LEN: 230, IDY: 90.43), Total number of alignments: 28
			Looking for the best set of alignments (out of 28 total alignments)
			Skipping redundant alignments after choosing the best set of alignments
		Skipping redundant alignment 61 290 | 806081 806310 | 230 230 | 90.43 | bs_ill_bs_contig839 contig_94
		Skipping redundant alignment 707 789 | 806727 806809 | 83 83 | 97.59 | bs_ill_bs_contig839 contig_94
		Skipping redundant alignment 582 727 | 809724 809579 | 146 146 | 90.41 | bs_ill_bs_contig933 contig_94
		Skipping redundant alignment 472 543 | 809833 809762 | 72 72 | 95.83 | bs_ill_bs_contig933 contig_94
		Skipping redundant alignment 61 290 | 1472328 1472557 | 230 230 | 90.43 | bs_ill_bs_contig839 contig_94
		Skipping redundant alignment 707 789 | 1472974 1473056 | 83 83 | 97.59 | bs_ill_bs_contig839 contig_94
		Skipping redundant alignment 582 727 | 1475984 1475839 | 146 146 | 90.41 | bs_ill_bs_contig933 contig_94
		Skipping redundant alignment 472 543 | 1476093 1476022 | 72 72 | 95.83 | bs_ill_bs_contig933 contig_94
		Skipping redundant alignment 472 543 | 1992531 1992602 | 72 72 | 95.83 | bs_ill_bs_contig933 contig_94
		Skipping redundant alignment 582 727 | 1992640 1992785 | 146 146 | 90.41 | bs_ill_bs_contig933 contig_94
		Skipping redundant alignment 707 789 | 1995808 1995726 | 83 83 | 97.59 | bs_ill_bs_contig839 contig_94
		Skipping redundant alignment 61 290 | 1996454 1996225 | 230 230 | 90.43 | bs_ill_bs_contig839 contig_94
		Skipping redundant alignment 472 543 | 2087618 2087689 | 72 72 | 95.83 | bs_ill_bs_contig933 contig_94
		Skipping redundant alignment 582 727 | 2087727 2087872 | 146 146 | 90.41 | bs_ill_bs_contig933 contig_94
		Skipping redundant alignment 707 789 | 2090739 2090657 | 83 83 | 97.59 | bs_ill_bs_contig839 contig_94
		Skipping redundant alignment 61 290 | 2091385 2091156 | 230 230 | 90.43 | bs_ill_bs_contig839 contig_94
		Skipping redundant alignment 472 543 | 2242844 2242915 | 72 72 | 95.83 | bs_ill_bs_contig933 contig_94
		Skipping redundant alignment 582 727 | 2242953 2243098 | 146 146 | 90.41 | bs_ill_bs_contig933 contig_94
		Skipping redundant alignment 472 543 | 2285757 2285828 | 72 72 | 95.83 | bs_ill_bs_contig933 contig_94
		Skipping redundant alignment 582 727 | 2285866 2286011 | 146 146 | 90.41 | bs_ill_bs_contig933 contig_94
		Skipping redundant alignment 472 543 | 3035287 3035358 | 72 72 | 95.83 | bs_ill_bs_contig933 contig_94
		Skipping redundant alignment 582 728 | 3035396 3035542 | 147 147 | 90.48 | bs_ill_bs_contig933 contig_94
		Skipping redundant alignment 707 789 | 3038665 3038583 | 83 83 | 97.59 | bs_ill_bs_contig839 contig_94
		Skipping redundant alignment 61 290 | 3039311 3039082 | 230 230 | 90.43 | bs_ill_bs_contig839 contig_94
		This contig has several significant sets of alignments. [An ambiguously mapped contig]
		Using only the very best set (option --ambiguity-usage is set to "one").
			The best set is below. Score: 290.9, number of alignments: 4, unaligned bases: 4757230
		This contig is misassembled.
		This contig is partially unaligned. (Aligned 626 out of 4757856 non-N bases (0.01%))
			Warning! This contig is more unaligned than misassembled. Contig length is 4757856 (number of Ns: 0) and total length of all aligns is 626
		Alignment: 707 789 | 2246122 2246040 | 83 83 | 97.59 | bs_ill_bs_contig839 contig_94
		Alignment: 61 290 | 2246768 2246539 | 230 230 | 90.43 | bs_ill_bs_contig839 contig_94
		Alignment: 707 789 | 2288877 2288795 | 83 83 | 97.59 | bs_ill_bs_contig839 contig_94
		Alignment: 61 290 | 2289523 2289294 | 230 230 | 90.43 | bs_ill_bs_contig839 contig_94
		Unaligned bases: 4757230

CONTIG: contig_95 (4765342bp)
Best alignment score: 208.0 (LEN: 230, IDY: 90.43), Total number of alignments: 28
			Looking for the best set of alignments (out of 28 total alignments)
			Skipping redundant alignments after choosing the best set of alignments
		Skipping redundant alignment 61 290 | 304117 304346 | 230 230 | 90.43 | bs_ill_bs_contig839 contig_95
		Skipping redundant alignment 707 789 | 304763 304845 | 83 83 | 97.59 | bs_ill_bs_contig839 contig_95
		Skipping redundant alignment 603 728 | 307827 307702 | 126 126 | 92.86 | bs_ill_bs_contig933 contig_95
		Skipping redundant alignment 472 543 | 307957 307886 | 72 72 | 95.83 | bs_ill_bs_contig933 contig_95
		Skipping redundant alignment 61 290 | 1012423 1012652 | 230 230 | 90.43 | bs_ill_bs_contig839 contig_95
		Skipping redundant alignment 707 789 | 1013069 1013151 | 83 83 | 97.59 | bs_ill_bs_contig839 contig_95
		Skipping redundant alignment 603 728 | 1016139 1016014 | 126 126 | 92.86 | bs_ill_bs_contig933 contig_95
		Skipping redundant alignment 472 543 | 1016269 1016198 | 72 72 | 95.83 | bs_ill_bs_contig933 contig_95
		Skipping redundant alignment 472 543 | 1556759 1556830 | 72 72 | 95.83 | bs_ill_bs_contig933 contig_95
		Skipping redundant alignment 603 728 | 1556889 1557014 | 126 126 | 92.86 | bs_ill_bs_contig933 contig_95
		Skipping redundant alignment 707 789 | 1559877 1559795 | 83 83 | 97.59 | bs_ill_bs_contig839 contig_95
		Skipping redundant alignment 61 290 | 1560523 1560294 | 230 230 | 90.43 | bs_ill_bs_contig839 contig_95
		Skipping redundant alignment 472 543 | 1650382 1650453 | 72 72 | 95.83 | bs_ill_bs_contig933 contig_95
		Skipping redundant alignment 603 728 | 1650512 1650637 | 126 126 | 92.86 | bs_ill_bs_contig933 contig_95
		Skipping redundant alignment 707 789 | 1653594 1653512 | 83 83 | 97.59 | bs_ill_bs_contig839 contig_95
		Skipping redundant alignment 61 290 | 1654240 1654011 | 230 230 | 90.43 | bs_ill_bs_contig839 contig_95
		Skipping redundant alignment 472 543 | 1781511 1781582 | 72 72 | 95.83 | bs_ill_bs_contig933 contig_95
		Skipping redundant alignment 603 728 | 1781641 1781766 | 126 126 | 92.86 | bs_ill_bs_contig933 contig_95
		Skipping redundant alignment 472 543 | 1822914 1822985 | 72 72 | 95.83 | bs_ill_bs_contig933 contig_95
		Skipping redundant alignment 603 728 | 1823044 1823169 | 126 126 | 92.86 | bs_ill_bs_contig933 contig_95
		Skipping redundant alignment 472 543 | 2470744 2470815 | 72 72 | 95.83 | bs_ill_bs_contig933 contig_95
		Skipping redundant alignment 603 727 | 2470874 2470998 | 125 125 | 92.8 | bs_ill_bs_contig933 contig_95
		Skipping redundant alignment 707 789 | 2473954 2473872 | 83 83 | 97.59 | bs_ill_bs_contig839 contig_95
		Skipping redundant alignment 61 290 | 2474600 2474371 | 230 230 | 90.43 | bs_ill_bs_contig839 contig_95
			The best set is below. Score: 292.0, number of alignments: 4, unaligned bases: 4764716
		This contig is misassembled.
		This contig is partially unaligned. (Aligned 626 out of 4765342 non-N bases (0.01%))
			Warning! This contig is more unaligned than misassembled. Contig length is 4765342 (number of Ns: 0) and total length of all aligns is 626
		Alignment: 707 789 | 1784629 1784547 | 83 83 | 97.59 | bs_ill_bs_contig839 contig_95
		Alignment: 61 290 | 1785275 1785046 | 230 230 | 90.43 | bs_ill_bs_contig839 contig_95
		Alignment: 707 789 | 1826031 1825949 | 83 83 | 97.59 | bs_ill_bs_contig839 contig_95
		Alignment: 61 290 | 1826677 1826448 | 230 230 | 90.43 | bs_ill_bs_contig839 contig_95
		Unaligned bases: 4764716

Analyzing coverage...
Writing SNPs into /media3/lucia/zymo_mock_community/asms_cuantizados/v4_13-2-21_2bins/metaquast-2bins-v2/runs_per_reference/bs_ill/contigs_reports/minimap_output/r10_2bins_v2_3_MP_helen.used_snps.gz

Analysis is finished!
Founded SNPs were written into /media3/lucia/zymo_mock_community/asms_cuantizados/v4_13-2-21_2bins/metaquast-2bins-v2/runs_per_reference/bs_ill/contigs_reports/minimap_output/r10_2bins_v2_3_MP_helen.used_snps.gz

Results:
	Local Misassemblies: 13
	Misassemblies: 34
		Relocations: 0
		Translocations: 34
		Inversions: 0
	Scaffold gap extensive misassemblies: 0
	Scaffold gap local misassemblies: 0
	Misassemblies caused by fragmented reference: 49
	Misassembled Contigs: 1
	Misassembled Contig Bases: 4045617
	Misassemblies Inter-Contig Overlap: 0
Unaligned Contigs: 0 + 7 part
Half Unaligned Contigs with Misassemblies: 6
Unaligned Contig Bases: 19974341

Ambiguously Mapped Contigs: 5
Total Bases in Ambiguously Mapped Contigs: 15259958
Extra Bases in Ambiguously Mapped Contigs: 0
Note that --allow-ambiguity option was set to "one" and only first alignment per each of these contigs was used.

	Covered Bases: 3985750

	SNPs: 3830
	Insertions: 738
	Deletions: 1868

