Aligning contigs to reference...
	Aligning contigs to the reference
Filtering alignments...
Parsing coords...
Loading reference...
	Loaded [lm_ill_lm_contig11]
	Loaded [lm_ill_lm_contig10]
	Loaded [lm_ill_lm_contig12]
	Loaded [lm_ill_lm_contig21]
	Loaded [lm_ill_lm_contig16]
	Loaded [lm_ill_lm_contig37]
	Loaded [lm_ill_lm_contig29]
	Loaded [lm_ill_lm_contig2]
	Loaded [lm_ill_lm_contig1]
	Loaded [lm_ill_lm_contig3]
	Loaded [lm_ill_lm_contig27]
	Loaded [lm_ill_lm_contig5]
	Loaded [lm_ill_lm_contig4]
	Loaded [lm_ill_lm_contig7]
	Loaded [lm_ill_lm_contig6]
	Loaded [lm_ill_lm_contig8]
	Total Regions: 16
	Total Region Length: 2958570
Analyzing contigs...
CONTIG: contig_87 (2990669bp)
Best alignment score: 537578.9 (LEN: 537794, IDY: 99.96), Total number of alignments: 59
			Looking for the best set of alignments (out of 59 total alignments)
			Skipping redundant alignments after choosing the best set of alignments
		Skipping redundant alignment 461 532 | 1303675 1303746 | 72 72 | 100.0 | lm_ill_lm_contig29 contig_87
		Skipping redundant alignment 782245 782323 | 1303669 1303747 | 79 79 | 100.0 | lm_ill_lm_contig1 contig_87
		Skipping redundant alignment 1781 1848 | 2022 2089 | 68 68 | 97.06 | lm_ill_lm_contig10 contig_87
		Skipping redundant alignment 1981 2083 | 2220 2322 | 103 103 | 96.12 | lm_ill_lm_contig10 contig_87
		Skipping redundant alignment 2203 2279 | 2439 2515 | 77 77 | 100.0 | lm_ill_lm_contig10 contig_87
		Skipping redundant alignment 1254 1870 | 2518 1908 | 617 611 | 92.77 | lm_ill_lm_contig11 contig_87
		Skipping redundant alignment 2401 2486 | 1415242 1415327 | 86 86 | 94.19 | lm_ill_lm_contig11 contig_87
		Skipping redundant alignment 1932 2508 | 6330 5756 | 577 575 | 92.45 | lm_ill_lm_contig11 contig_87
		Skipping redundant alignment 1152 1331 | 1418384 1418563 | 180 180 | 91.67 | lm_ill_lm_contig11 contig_87
		Skipping redundant alignment 1703 2385 | 1419067 1418383 | 683 685 | 91.01 | lm_ill_lm_contig10 contig_87
		Skipping redundant alignment 1353 1429 | 1418583 1418659 | 77 77 | 100.0 | lm_ill_lm_contig11 contig_87
		Skipping redundant alignment 1 363 | 1417314 1417676 | 363 363 | 91.46 | lm_ill_lm_contig11 contig_87
		Skipping redundant alignment 542679 542799 | 290791 290672 | 121 120 | 95.9 | lm_ill_lm_contig2 contig_87
		Skipping redundant alignment 1141 1216 | 1303750 1303675 | 76 76 | 100.0 | lm_ill_lm_contig1 contig_87
		Skipping redundant alignment 331 404 | 291578 291651 | 74 74 | 100.0 | lm_ill_lm_contig29 contig_87
		Skipping redundant alignment 1431 1510 | 1418660 1418739 | 80 80 | 100.0 | lm_ill_lm_contig11 contig_87
		Skipping redundant alignment 862 935 | 532534 532461 | 74 74 | 100.0 | lm_ill_lm_contig1 contig_87
		Skipping redundant alignment 862 929 | 1078902 1078969 | 68 68 | 100.0 | lm_ill_lm_contig1 contig_87
		Skipping redundant alignment 232021 232164 | 1082462 1082320 | 144 143 | 99.31 | lm_ill_lm_contig5 contig_87
		Skipping redundant alignment 666 745 | 1083243 1083322 | 80 80 | 97.5 | lm_ill_lm_contig1 contig_87
		This contig has several significant sets of alignments. [An ambiguously mapped contig]
		Using only the very best set (option --ambiguity-usage is set to "one").
			The best set is below. Score: 2978724.9, number of alignments: 39, unaligned bases: 6045
		This contig is misassembled.
		This contig is partially unaligned. (Aligned 2984624 out of 2990669 non-N bases (99.80%))
			Excluding internal overlap of size 55 between Alignment 1 and 2: 1204909 1205589 | 21 698 | 681 678 --> 1204909 1205534 | 21 643 | 626 623
			Real Alignment 1: 1204909 1205534 | 21 643 | 626 623 | 97.08 | lm_ill_lm_contig1 contig_87
			  Indel (> 5bp) between these two alignments: deletion of length 55; 0 mismatches (number of Ns: 0) [fragmentation of reference genome]
			Real Alignment 2: 1 1131 | 644 1775 | 1131 1132 | 95.36 | lm_ill_lm_contig21 contig_87
			  Not a misassembly [fragmentation of reference genome] between these two alignments
			Real Alignment 3: 1 3648 | 2442 6088 | 3648 3647 | 98.74 | lm_ill_lm_contig10 contig_87
			  Gap between these two alignments (local misassembly). Inconsistency = 12 [fragmentation of reference genome]
			Excluding internal overlap of size 55 between Alignment 4 and 5: 1 768 | 7429 6670 | 768 760 --> 56 768 | 7374 6670 | 713 705
			Real Alignment 4: 56 768 | 7374 6670 | 713 705 | 93.33 | lm_ill_lm_contig27 contig_87
			  Indel (> 5bp) between these two alignments: deletion of length 55; 0 mismatches (number of Ns: 0) [fragmentation of reference genome]
			Excluding internal overlap of size 55 between Alignment 5 and 6: 1 3225 | 285656 288866 | 3225 3211 --> 56 3225 | 285711 288866 | 3170 3156
			Real Alignment 5: 1 278439 | 285710 7375 | 278439 278336 | 99.93 | lm_ill_lm_contig3 contig_87
			  Indel (> 5bp) between these two alignments: deletion of length 55; 0 mismatches (number of Ns: 0) [fragmentation of reference genome]
			Real Alignment 6: 56 3225 | 285711 288866 | 3170 3156 | 95.88 | lm_ill_lm_contig12 contig_87
			  Gap between these two alignments (local misassembly). Inconsistency = 12 [fragmentation of reference genome]
			Real Alignment 7: 1 1778 | 290724 288954 | 1778 1771 | 94.29 | lm_ill_lm_contig16 contig_87
			  Not a misassembly [fragmentation of reference genome] between these two alignments
			Real Alignment 8: 1 595 | 291451 290857 | 595 595 | 90.15 | lm_ill_lm_contig37 contig_87
			  Gap between these two alignments (local misassembly). Inconsistency = 7 [fragmentation of reference genome]
			Real Alignment 9: 8 3237 | 291663 294861 | 3230 3199 | 95.61 | lm_ill_lm_contig12 contig_87
			  Not a misassembly [fragmentation of reference genome] between these two alignments
			Excluding internal overlap of size 22 between Alignment 10 and 11: 11 1778 | 296676 294935 | 1768 1742 --> 33 1778 | 296654 294935 | 1746 1720
			Real Alignment 10: 33 1778 | 296654 294935 | 1746 1720 | 96.51 | lm_ill_lm_contig16 contig_87
			  Indel (> 5bp) between these two alignments: deletion of length 55; 0 mismatches (number of Ns: 0) [fragmentation of reference genome]
			Real Alignment 11: 24 37130 | 296655 333743 | 37107 37089 | 99.91 | lm_ill_lm_contig5 contig_87
			  Gap between these two alignments (local misassembly). Inconsistency = -408
			Real Alignment 12: 36861 201191 | 333882 498148 | 164331 164267 | 99.93 | lm_ill_lm_contig5 contig_87
			  Gap between these two alignments (local misassembly). Inconsistency = 0
			Excluding internal overlap of size 55 between Alignment 13 and 14: 1 3223 | 529047 532261 | 3223 3215 --> 56 3223 | 529102 532261 | 3168 3160
			Real Alignment 13: 201553 232164 | 498510 529101 | 30612 30592 | 99.92 | lm_ill_lm_contig5 contig_87
			  Indel (> 5bp) between these two alignments: deletion of length 55; 0 mismatches (number of Ns: 0) [fragmentation of reference genome]
			Real Alignment 14: 56 3223 | 529102 532261 | 3168 3160 | 94.98 | lm_ill_lm_contig12 contig_87
			  Gap between these two alignments (local misassembly). Inconsistency = 14 [fragmentation of reference genome]
			Real Alignment 15: 48 1778 | 534318 532602 | 1731 1717 | 94.35 | lm_ill_lm_contig16 contig_87
			  Gap between these two alignments (local misassembly). Inconsistency = 90 [fragmentation of reference genome]
			Excluding internal overlap of size 318 between Alignment 16 and 17: 537510 542799 | 1071819 1077109 | 5290 5291 --> 537826 542799 | 1072137 1077109 | 4974 4973
			Real Alignment 16: 44 538033 | 534343 1072136 | 537990 537794 | 99.96 | lm_ill_lm_contig2 contig_87
			  Overlap between these two alignments (local misassembly). Inconsistency = -208
			Excluding internal overlap of size 55 between Alignment 17 and 18: 1 1778 | 1077055 1078831 | 1778 1777 --> 56 1778 | 1077110 1078831 | 1723 1722
			Real Alignment 17: 537826 542799 | 1072137 1077109 | 4974 4973 | 99.79 | lm_ill_lm_contig2 contig_87
			  Indel (> 5bp) between these two alignments: deletion of length 55; 0 mismatches (number of Ns: 0) [fragmentation of reference genome]
			Real Alignment 18: 56 1778 | 1077110 1078831 | 1723 1722 | 97.54 | lm_ill_lm_contig16 contig_87
			  Not a misassembly [fragmentation of reference genome] between these two alignments
			Real Alignment 19: 1 3237 | 1082373 1079156 | 3237 3218 | 96.26 | lm_ill_lm_contig12 contig_87
			  Not a misassembly [fragmentation of reference genome] between these two alignments
			Real Alignment 20: 1 740 | 1083120 1082379 | 740 742 | 99.73 | lm_ill_lm_contig29 contig_87
			  Not a misassembly [fragmentation of reference genome] between these two alignments
			Real Alignment 21: 1 220359 | 1083256 1303402 | 220359 220147 | 99.23 | lm_ill_lm_contig6 contig_87
			  Not a misassembly [fragmentation of reference genome] between these two alignments
			Excluding internal overlap of size 186 between Alignment 22 and 23: 277713 278439 | 1413004 1413731 | 727 728 --> 277902 278439 | 1413190 1413731 | 538 542
			Real Alignment 22: 5 109542 | 1413189 1303693 | 109538 109497 | 99.93 | lm_ill_lm_contig7 contig_87
			  Extensive misassembly (translocation) between these two alignments
			Excluding internal overlap of size 55 between Alignment 23 and 24: 277902 278439 | 1413190 1413731 | 538 542 --> 277902 278384 | 1413190 1413676 | 483 487
			Real Alignment 23: 277902 278384 | 1413190 1413676 | 483 487 | 91.77 | lm_ill_lm_contig3 contig_87
			  Indel (> 5bp) between these two alignments: deletion of length 55; 0 mismatches (number of Ns: 0) [fragmentation of reference genome]
			Real Alignment 24: 1 768 | 1413677 1414438 | 768 762 | 96.25 | lm_ill_lm_contig27 contig_87
			  Not a misassembly [fragmentation of reference genome] between these two alignments
			Real Alignment 25: 1 3504 | 1415060 1418605 | 3504 3546 | 97.42 | lm_ill_lm_contig11 contig_87
			  Not a misassembly [fragmentation of reference genome] between these two alignments
			Excluding internal overlap of size 56 between Alignment 26 and 27: 1204919 1205589 | 1420971 1420309 | 671 663 --> 1204919 1205534 | 1420971 1420365 | 616 607
			Real Alignment 26: 1 1131 | 1420364 1419238 | 1131 1127 | 95.96 | lm_ill_lm_contig21 contig_87
			  Indel (> 5bp) between these two alignments: deletion of length 55; 0 mismatches (number of Ns: 0) [fragmentation of reference genome]
			Excluding internal overlap of size 164 between Alignment 27 and 28: 1204919 1205534 | 1420971 1420365 | 616 607 --> 1205085 1205534 | 1420807 1420365 | 450 443
			Real Alignment 27: 1205085 1205534 | 1420807 1420365 | 450 443 | 92.46 | lm_ill_lm_contig1 contig_87
			  Extensive misassembly (translocation) between these two alignments
			Excluding internal overlap of size 55 between Alignment 28 and 29: 1 1778 | 1675251 1677013 | 1778 1763 --> 56 1778 | 1675306 1677013 | 1723 1708
			Real Alignment 28: 1 254567 | 1675305 1420808 | 254567 254498 | 99.94 | lm_ill_lm_contig4 contig_87
			  Indel (> 5bp) between these two alignments: deletion of length 55; 0 mismatches (number of Ns: 0) [fragmentation of reference genome]
			Real Alignment 29: 56 1778 | 1675306 1677013 | 1723 1708 | 94.77 | lm_ill_lm_contig16 contig_87
			  Gap between these two alignments (local misassembly). Inconsistency = 17 [fragmentation of reference genome]
			Excluding internal overlap of size 57 between Alignment 30 and 31: 1 3220 | 1680310 1677105 | 3220 3206 --> 56 3220 | 1680253 1677105 | 3165 3149
			Real Alignment 30: 56 3220 | 1680253 1677105 | 3165 3149 | 95.19 | lm_ill_lm_contig12 contig_87
			  Indel (> 5bp) between these two alignments: deletion of length 55; 0 mismatches (number of Ns: 0) [fragmentation of reference genome]
			Excluding internal overlap of size 55 between Alignment 31 and 32: 1 1778 | 1779870 1781630 | 1778 1761 --> 56 1778 | 1779925 1781630 | 1723 1706
			Real Alignment 31: 1 99698 | 1779924 1680254 | 99698 99671 | 99.96 | lm_ill_lm_contig8 contig_87
			  Indel (> 5bp) between these two alignments: deletion of length 55; 0 mismatches (number of Ns: 0) [fragmentation of reference genome]
			Real Alignment 32: 56 1778 | 1779925 1781630 | 1723 1706 | 95.33 | lm_ill_lm_contig16 contig_87
			  Gap between these two alignments (local misassembly). Inconsistency = 14 [fragmentation of reference genome]
			Real Alignment 33: 1 3223 | 1784920 1781723 | 3223 3198 | 95.54 | lm_ill_lm_contig12 contig_87
			  Not a misassembly [fragmentation of reference genome] between these two alignments
			Excluding internal overlap of size 37 between Alignment 34 and 35: 1 595 | 1785121 1785715 | 595 595 --> 1 559 | 1785121 1785678 | 559 558
			Real Alignment 34: 1 559 | 1785121 1785678 | 559 558 | 94.55 | lm_ill_lm_contig37 contig_87
			  Indel (> 5bp) between these two alignments: deletion of length 36; 0 mismatches (number of Ns: 0) [fragmentation of reference genome]
			Real Alignment 35: 1 475911 | 1785679 2261424 | 475911 475746 | 99.95 | lm_ill_lm_contig1 contig_87
			  Gap between these two alignments (local misassembly). Inconsistency = 0
			Real Alignment 36: 476227 476309 | 2261740 2261822 | 83 83 | 97.59 | lm_ill_lm_contig1 contig_87
			  Gap between these two alignments (local misassembly). Inconsistency = -882
			Real Alignment 37: 475820 475911 | 2262215 2262306 | 92 92 | 100.0 | lm_ill_lm_contig1 contig_87
			  Gap between these two alignments (local misassembly). Inconsistency = 0
			Excluding internal overlap of size 492 between Alignment 38 and 39: 904935 1204919 | 2690790 2990669 | 299985 299880 --> 905427 1204919 | 2691282 2990669 | 299493 299388
			Real Alignment 38: 476227 905012 | 2262622 2691281 | 428786 428660 | 99.93 | lm_ill_lm_contig1 contig_87
			  Gap between these two alignments (local misassembly). Inconsistency = 414
			Real Alignment 39: 905427 1204919 | 2691282 2990669 | 299493 299388 | 99.95 | lm_ill_lm_contig1 contig_87
		Unaligned bases: 6045

CONTIG: contig_2 (2843845bp)
Best alignment score: 34062.1 (LEN: 35641, IDY: 95.57), Total number of alignments: 65
			Looking for the best set of alignments (out of 65 total alignments)
			Skipping redundant alignments after choosing the best set of alignments
		Skipping redundant alignment 455 532 | 609367 609290 | 78 78 | 98.72 | lm_ill_lm_contig29 contig_2
		Skipping redundant alignment 331 403 | 609461 609389 | 73 73 | 97.26 | lm_ill_lm_contig29 contig_2
		Skipping redundant alignment 782157 782225 | 609539 609471 | 69 69 | 100.0 | lm_ill_lm_contig1 contig_2
		Skipping redundant alignment 151 229 | 609549 609471 | 79 79 | 98.73 | lm_ill_lm_contig29 contig_2
		Skipping redundant alignment 487 565 | 609471 609549 | 79 79 | 98.73 | lm_ill_lm_contig1 contig_2
		Skipping redundant alignment 91616 91816 | 1421602 1421802 | 201 201 | 91.04 | lm_ill_lm_contig5 contig_2
		Skipping redundant alignment 172110 172257 | 1898225 1898372 | 148 148 | 91.22 | lm_ill_lm_contig5 contig_2
		Skipping redundant alignment 232 307 | 2835696 2835621 | 76 76 | 98.68 | lm_ill_lm_contig29 contig_2
		This contig has several significant sets of alignments. [An ambiguously mapped contig]
		Using only the very best set (option --ambiguity-usage is set to "one").
			The best set is below. Score: 38364.2, number of alignments: 57, unaligned bases: 2800910
		This contig is misassembled.
		This contig is partially unaligned. (Aligned 42935 out of 2843845 non-N bases (1.51%))
			Warning! This contig is more unaligned than misassembled. Contig length is 2843845 (number of Ns: 0) and total length of all aligns is 42935
		Alignment: 521 633 | 604433 604545 | 113 113 | 92.92 | lm_ill_lm_contig16 contig_2
		Alignment: 662 729 | 604573 604640 | 68 68 | 97.06 | lm_ill_lm_contig16 contig_2
		Alignment: 731 853 | 604641 604763 | 123 123 | 94.31 | lm_ill_lm_contig16 contig_2
		Alignment: 985 1160 | 604885 605060 | 176 176 | 96.59 | lm_ill_lm_contig16 contig_2
		Alignment: 1453 1527 | 605357 605431 | 75 75 | 90.67 | lm_ill_lm_contig16 contig_2
		Alignment: 1541 1623 | 605443 605525 | 83 83 | 93.98 | lm_ill_lm_contig16 contig_2
		Alignment: 1624 1706 | 605527 605609 | 83 83 | 95.18 | lm_ill_lm_contig16 contig_2
		Alignment: 2575 2671 | 606483 606387 | 97 97 | 95.88 | lm_ill_lm_contig12 contig_2
		Alignment: 2040 2145 | 607016 606911 | 106 106 | 95.28 | lm_ill_lm_contig12 contig_2
		Alignment: 1914 1997 | 607141 607058 | 84 84 | 94.05 | lm_ill_lm_contig12 contig_2
		Alignment: 1681 1748 | 607367 607300 | 68 68 | 97.06 | lm_ill_lm_contig12 contig_2
		Alignment: 1024 1211 | 608017 607830 | 188 188 | 96.28 | lm_ill_lm_contig12 contig_2
		Alignment: 540 604 | 608502 608438 | 65 65 | 98.46 | lm_ill_lm_contig12 contig_2
		Alignment: 324 414 | 608717 608627 | 91 91 | 91.21 | lm_ill_lm_contig12 contig_2
		Alignment: 81096 116864 | 1692124 1727764 | 35769 35641 | 95.57 | lm_ill_lm_contig6 contig_2
		Alignment: 345 520 | 2111573 2111748 | 176 176 | 93.75 | lm_ill_lm_contig12 contig_2
		Alignment: 521 597 | 2111751 2111827 | 77 77 | 97.4 | lm_ill_lm_contig12 contig_2
		Alignment: 713 894 | 2111943 2112124 | 182 182 | 91.21 | lm_ill_lm_contig12 contig_2
		Alignment: 1084 1182 | 2112315 2112413 | 99 99 | 96.97 | lm_ill_lm_contig12 contig_2
		Alignment: 1183 1344 | 2112416 2112577 | 162 162 | 91.98 | lm_ill_lm_contig12 contig_2
		Alignment: 1706 1770 | 2112930 2112994 | 65 65 | 96.92 | lm_ill_lm_contig12 contig_2
		Alignment: 1914 2051 | 2113140 2113277 | 138 138 | 93.48 | lm_ill_lm_contig12 contig_2
		Alignment: 2053 2144 | 2113278 2113369 | 92 92 | 97.83 | lm_ill_lm_contig12 contig_2
		Alignment: 2153 2233 | 2113377 2113457 | 81 81 | 93.83 | lm_ill_lm_contig12 contig_2
		Alignment: 3037 3114 | 2114244 2114321 | 78 78 | 98.72 | lm_ill_lm_contig12 contig_2
		Alignment: 408 1724 | 2115866 2114551 | 1317 1316 | 92.56 | lm_ill_lm_contig16 contig_2
		Alignment: 47636 47824 | 2171123 2171311 | 189 189 | 91.53 | lm_ill_lm_contig2 contig_2
		Alignment: 517 609 | 2386407 2386499 | 93 93 | 94.62 | lm_ill_lm_contig16 contig_2
		Alignment: 721 799 | 2386610 2386688 | 79 79 | 94.94 | lm_ill_lm_contig16 contig_2
		Alignment: 820 1011 | 2386709 2386900 | 192 192 | 96.35 | lm_ill_lm_contig16 contig_2
		Alignment: 1062 1292 | 2386951 2387181 | 231 231 | 99.13 | lm_ill_lm_contig16 contig_2
		Alignment: 2529 2720 | 2388418 2388227 | 192 192 | 91.15 | lm_ill_lm_contig12 contig_2
		Alignment: 2240 2313 | 2388707 2388634 | 74 74 | 97.3 | lm_ill_lm_contig12 contig_2
		Alignment: 2164 2233 | 2388783 2388714 | 70 70 | 94.29 | lm_ill_lm_contig12 contig_2
		Alignment: 2016 2158 | 2388933 2388791 | 143 143 | 93.01 | lm_ill_lm_contig12 contig_2
		Alignment: 1085 1299 | 2389850 2389636 | 215 215 | 94.88 | lm_ill_lm_contig12 contig_2
		Alignment: 978 1074 | 2389955 2389859 | 97 97 | 90.72 | lm_ill_lm_contig12 contig_2
		Alignment: 628 798 | 2390307 2390137 | 171 171 | 96.49 | lm_ill_lm_contig12 contig_2
		Alignment: 543 626 | 2390391 2390308 | 84 84 | 97.62 | lm_ill_lm_contig12 contig_2
		Alignment: 418 537 | 2390516 2390397 | 120 120 | 97.5 | lm_ill_lm_contig12 contig_2
		Alignment: 707 781 | 2829496 2829570 | 75 75 | 93.33 | lm_ill_lm_contig16 contig_2
		Alignment: 792 947 | 2829579 2829734 | 156 156 | 94.87 | lm_ill_lm_contig16 contig_2
		Alignment: 971 1047 | 2829755 2829831 | 77 77 | 93.51 | lm_ill_lm_contig16 contig_2
		Alignment: 1187 1264 | 2829969 2830046 | 78 78 | 96.15 | lm_ill_lm_contig16 contig_2
		Alignment: 1604 1673 | 2830387 2830456 | 70 70 | 91.43 | lm_ill_lm_contig16 contig_2
		Alignment: 2275 2363 | 2831666 2831578 | 89 89 | 94.38 | lm_ill_lm_contig12 contig_2
		Alignment: 2156 2233 | 2831785 2831708 | 78 78 | 93.59 | lm_ill_lm_contig12 contig_2
		Alignment: 1780 1845 | 2832156 2832091 | 66 66 | 90.91 | lm_ill_lm_contig12 contig_2
		Alignment: 1198 1344 | 2832722 2832576 | 147 147 | 92.52 | lm_ill_lm_contig12 contig_2
		Alignment: 1058 1135 | 2832860 2832783 | 78 78 | 96.15 | lm_ill_lm_contig12 contig_2
		Alignment: 177 255 | 2834824 2834902 | 79 79 | 94.94 | lm_ill_lm_contig1 contig_2
		Alignment: 397 478 | 2835046 2835127 | 82 82 | 92.68 | lm_ill_lm_contig1 contig_2
		Alignment: 764 839 | 2835245 2835320 | 76 76 | 93.42 | lm_ill_lm_contig1 contig_2
		Alignment: 862 936 | 2835327 2835401 | 75 75 | 100.0 | lm_ill_lm_contig1 contig_2
		Alignment: 765 842 | 2835909 2835986 | 78 78 | 92.31 | lm_ill_lm_contig1 contig_2
		Alignment: 860 938 | 2835992 2836070 | 79 79 | 100.0 | lm_ill_lm_contig1 contig_2
		Alignment: 1143 1217 | 2836179 2836253 | 75 75 | 98.67 | lm_ill_lm_contig1 contig_2
		Unaligned bases: 2800910

CONTIG: contig_89 (4043032bp)
Best alignment score: 1395.1 (LEN: 1546, IDY: 90.24), Total number of alignments: 190
			Too much alignments (190), will use speed up heuristics
			Found 1 solid alignments:
		Solid alignment 174 1724 | 3485931 3487476 | 1551 1546 | 90.24 | lm_ill_lm_contig16 contig_89
			Skipping alignments located inside solid regions since they are redundant:
		Nothing was skipped
			Looking for the best set of alignments (out of 190 total alignments)
		Ambiguity for this contig is not checked for speed up (too much alignments and --ambiguity-usage is "one")
			Skipping redundant alignments after choosing the best set of alignments
		Skipping redundant alignment 17454 17572 | 2687989 2688107 | 119 119 | 90.76 | lm_ill_lm_contig3 contig_89
		Skipping redundant alignment 47930 48004 | 2701558 2701484 | 75 75 | 90.67 | lm_ill_lm_contig2 contig_89
		Skipping redundant alignment 782251 782323 | 2638822 2638750 | 73 73 | 100.0 | lm_ill_lm_contig1 contig_89
		Skipping redundant alignment 460 532 | 2638823 2638751 | 73 73 | 100.0 | lm_ill_lm_contig29 contig_89
		Skipping redundant alignment 1144 1225 | 2638750 2638831 | 82 82 | 100.0 | lm_ill_lm_contig1 contig_89
		Skipping redundant alignment 1145 1217 | 3094427 3094499 | 73 73 | 100.0 | lm_ill_lm_contig1 contig_89
		Skipping redundant alignment 325 408 | 3491146 3491063 | 84 84 | 92.86 | lm_ill_lm_contig29 contig_89
		Skipping redundant alignment 1048 1138 | 3094306 3094396 | 91 91 | 94.51 | lm_ill_lm_contig1 contig_89
		Skipping redundant alignment 459 534 | 3491060 3490985 | 76 76 | 98.68 | lm_ill_lm_contig29 contig_89
		Skipping redundant alignment 461 532 | 2762909 2762838 | 72 72 | 100.0 | lm_ill_lm_contig29 contig_89
		Skipping redundant alignment 1145 1216 | 2762838 2762909 | 72 72 | 100.0 | lm_ill_lm_contig1 contig_89
		Skipping redundant alignment 782250 782322 | 2762910 2762838 | 73 73 | 100.0 | lm_ill_lm_contig1 contig_89
		Skipping redundant alignment 782251 782322 | 2518399 2518470 | 72 72 | 100.0 | lm_ill_lm_contig1 contig_89
		Skipping redundant alignment 1145 1217 | 2518470 2518398 | 73 73 | 100.0 | lm_ill_lm_contig1 contig_89
		Skipping redundant alignment 233 306 | 3491224 3491151 | 74 74 | 95.95 | lm_ill_lm_contig29 contig_89
			The best set is below. Score: 13163.1, number of alignments: 175, unaligned bases: 4023513
		This contig is misassembled.
		This contig is partially unaligned. (Aligned 19519 out of 4043032 non-N bases (0.48%))
			Warning! This contig is more unaligned than misassembled. Contig length is 4043032 (number of Ns: 0) and total length of all aligns is 19519
		Alignment: 1145 1219 | 1499753 1499679 | 75 75 | 100.0 | lm_ill_lm_contig1 contig_89
		Alignment: 859 935 | 1500042 1499966 | 77 77 | 94.81 | lm_ill_lm_contig1 contig_89
		Alignment: 765 836 | 1500129 1500058 | 72 72 | 95.83 | lm_ill_lm_contig1 contig_89
		Alignment: 405 482 | 1500545 1500468 | 78 78 | 93.59 | lm_ill_lm_contig1 contig_89
		Alignment: 276 367 | 1500652 1500561 | 92 92 | 92.39 | lm_ill_lm_contig1 contig_89
		Alignment: 181 256 | 1500734 1500659 | 76 76 | 97.37 | lm_ill_lm_contig1 contig_89
		Alignment: 96 170 | 1500813 1500739 | 75 75 | 90.67 | lm_ill_lm_contig1 contig_89
		Alignment: 197 292 | 1501940 1502035 | 96 96 | 91.67 | lm_ill_lm_contig12 contig_89
		Alignment: 302 462 | 1502045 1502205 | 161 161 | 91.93 | lm_ill_lm_contig12 contig_89
		Alignment: 722 823 | 1502462 1502563 | 102 102 | 92.16 | lm_ill_lm_contig12 contig_89
		Alignment: 1050 1135 | 1502783 1502868 | 86 86 | 100.0 | lm_ill_lm_contig12 contig_89
		Alignment: 1136 1221 | 1502872 1502957 | 86 86 | 97.67 | lm_ill_lm_contig12 contig_89
		Alignment: 1676 1807 | 1503406 1503537 | 132 132 | 93.94 | lm_ill_lm_contig12 contig_89
		Alignment: 1808 1897 | 1503539 1503628 | 90 90 | 97.78 | lm_ill_lm_contig12 contig_89
		Alignment: 1917 2041 | 1503643 1503767 | 125 125 | 94.4 | lm_ill_lm_contig12 contig_89
		Alignment: 2042 2125 | 1503769 1503852 | 84 84 | 90.48 | lm_ill_lm_contig12 contig_89
		Alignment: 2234 2390 | 1503960 1504116 | 157 157 | 91.08 | lm_ill_lm_contig12 contig_89
		Alignment: 2391 2457 | 1504118 1504184 | 67 67 | 91.04 | lm_ill_lm_contig12 contig_89
		Alignment: 2547 2659 | 1504277 1504389 | 113 113 | 97.35 | lm_ill_lm_contig12 contig_89
		Alignment: 2661 2727 | 1504390 1504456 | 67 67 | 98.51 | lm_ill_lm_contig12 contig_89
		Alignment: 2865 2950 | 1504591 1504676 | 86 86 | 93.02 | lm_ill_lm_contig12 contig_89
		Alignment: 1604 1685 | 1505132 1505051 | 82 82 | 93.9 | lm_ill_lm_contig16 contig_89
		Alignment: 1342 1433 | 1505393 1505302 | 92 92 | 94.57 | lm_ill_lm_contig16 contig_89
		Alignment: 1241 1341 | 1505495 1505395 | 101 101 | 94.06 | lm_ill_lm_contig16 contig_89
		Alignment: 970 1110 | 1505761 1505621 | 141 141 | 95.74 | lm_ill_lm_contig16 contig_89
		Alignment: 829 918 | 1505894 1505805 | 90 90 | 98.89 | lm_ill_lm_contig16 contig_89
		Alignment: 693 798 | 1506028 1505923 | 106 106 | 93.4 | lm_ill_lm_contig16 contig_89
		Alignment: 459 533 | 2518397 2518471 | 75 75 | 100.0 | lm_ill_lm_contig29 contig_89
		Alignment: 174 241 | 2578230 2578297 | 68 68 | 95.59 | lm_ill_lm_contig16 contig_89
		Alignment: 498 578 | 2578549 2578629 | 81 81 | 98.77 | lm_ill_lm_contig16 contig_89
		Alignment: 648 847 | 2578697 2578896 | 200 200 | 93.0 | lm_ill_lm_contig16 contig_89
		Alignment: 934 1015 | 2578981 2579062 | 82 82 | 95.12 | lm_ill_lm_contig16 contig_89
		Alignment: 1019 1107 | 2579068 2579156 | 89 89 | 92.13 | lm_ill_lm_contig16 contig_89
		Alignment: 1213 1301 | 2579258 2579346 | 89 89 | 96.63 | lm_ill_lm_contig16 contig_89
		Alignment: 1559 1690 | 2579604 2579735 | 132 132 | 96.21 | lm_ill_lm_contig16 contig_89
		Alignment: 2472 2546 | 2580755 2580681 | 75 75 | 90.67 | lm_ill_lm_contig12 contig_89
		Alignment: 2366 2470 | 2580860 2580756 | 105 105 | 90.48 | lm_ill_lm_contig12 contig_89
		Alignment: 2234 2304 | 2580990 2580920 | 71 71 | 94.37 | lm_ill_lm_contig12 contig_89
		Alignment: 2061 2140 | 2581162 2581083 | 80 80 | 93.75 | lm_ill_lm_contig12 contig_89
		Alignment: 1676 1817 | 2581541 2581400 | 142 142 | 92.96 | lm_ill_lm_contig12 contig_89
		Alignment: 1198 1296 | 2582013 2581915 | 99 99 | 90.91 | lm_ill_lm_contig12 contig_89
		Alignment: 1131 1196 | 2582079 2582014 | 66 66 | 98.48 | lm_ill_lm_contig12 contig_89
		Alignment: 965 1129 | 2582244 2582080 | 165 165 | 96.97 | lm_ill_lm_contig12 contig_89
		Alignment: 660 823 | 2582549 2582386 | 164 164 | 94.51 | lm_ill_lm_contig12 contig_89
		Alignment: 302 455 | 2582911 2582758 | 154 154 | 92.86 | lm_ill_lm_contig12 contig_89
		Alignment: 197 292 | 2583016 2582921 | 96 96 | 91.67 | lm_ill_lm_contig12 contig_89
		Alignment: 174 241 | 2598799 2598866 | 68 68 | 95.59 | lm_ill_lm_contig16 contig_89
		Alignment: 501 633 | 2599120 2599252 | 133 133 | 93.23 | lm_ill_lm_contig16 contig_89
		Alignment: 657 750 | 2599277 2599370 | 94 94 | 96.81 | lm_ill_lm_contig16 contig_89
		Alignment: 804 920 | 2599424 2599540 | 117 117 | 94.02 | lm_ill_lm_contig16 contig_89
		Alignment: 921 1037 | 2599542 2599658 | 117 117 | 94.87 | lm_ill_lm_contig16 contig_89
		Alignment: 1213 1325 | 2599832 2599944 | 113 113 | 97.35 | lm_ill_lm_contig16 contig_89
		Alignment: 1342 1429 | 2599963 2600050 | 88 88 | 95.45 | lm_ill_lm_contig16 contig_89
		Alignment: 1557 1660 | 2600178 2600281 | 104 104 | 94.23 | lm_ill_lm_contig16 contig_89
		Alignment: 3022 3126 | 2600787 2600683 | 105 105 | 94.29 | lm_ill_lm_contig12 contig_89
		Alignment: 2609 2700 | 2601201 2601110 | 92 92 | 100.0 | lm_ill_lm_contig12 contig_89
		Alignment: 2536 2608 | 2601275 2601203 | 73 73 | 94.52 | lm_ill_lm_contig12 contig_89
		Alignment: 1967 2037 | 2601834 2601764 | 71 71 | 98.59 | lm_ill_lm_contig12 contig_89
		Alignment: 1806 1890 | 2601993 2601909 | 85 85 | 97.65 | lm_ill_lm_contig12 contig_89
		Alignment: 1720 1804 | 2602078 2601994 | 85 85 | 92.94 | lm_ill_lm_contig12 contig_89
		Alignment: 730 823 | 2603051 2602958 | 94 94 | 90.43 | lm_ill_lm_contig12 contig_89
		Alignment: 482 655 | 2603303 2603130 | 174 174 | 98.85 | lm_ill_lm_contig12 contig_89
		Alignment: 387 481 | 2603399 2603305 | 95 95 | 96.84 | lm_ill_lm_contig12 contig_89
		Alignment: 197 292 | 2603585 2603490 | 96 96 | 91.67 | lm_ill_lm_contig12 contig_89
		Alignment: 174 241 | 2659078 2659145 | 68 68 | 95.59 | lm_ill_lm_contig16 contig_89
		Alignment: 463 543 | 2659370 2659450 | 81 81 | 95.06 | lm_ill_lm_contig16 contig_89
		Alignment: 648 722 | 2659563 2659637 | 75 75 | 94.67 | lm_ill_lm_contig16 contig_89
		Alignment: 795 864 | 2659711 2659780 | 70 70 | 90.0 | lm_ill_lm_contig16 contig_89
		Alignment: 966 1042 | 2659881 2659957 | 77 77 | 96.1 | lm_ill_lm_contig16 contig_89
		Alignment: 1591 1678 | 2660500 2660587 | 88 88 | 90.91 | lm_ill_lm_contig16 contig_89
		Alignment: 2994 3083 | 2660928 2660839 | 90 90 | 90.0 | lm_ill_lm_contig12 contig_89
		Alignment: 2829 2935 | 2661096 2660990 | 107 107 | 90.65 | lm_ill_lm_contig12 contig_89
		Alignment: 2602 2727 | 2661327 2661202 | 126 126 | 98.41 | lm_ill_lm_contig12 contig_89
		Alignment: 2404 2484 | 2661515 2661435 | 81 81 | 90.12 | lm_ill_lm_contig12 contig_89
		Alignment: 1676 1788 | 2662229 2662117 | 113 113 | 92.92 | lm_ill_lm_contig12 contig_89
		Alignment: 1134 1206 | 2662761 2662689 | 73 73 | 100.0 | lm_ill_lm_contig12 contig_89
		Alignment: 716 871 | 2663175 2663020 | 156 156 | 94.23 | lm_ill_lm_contig12 contig_89
		Alignment: 302 377 | 2663582 2663507 | 76 76 | 90.79 | lm_ill_lm_contig12 contig_89
		Alignment: 493 592 | 2665298 2665397 | 100 100 | 97.0 | lm_ill_lm_contig16 contig_89
		Alignment: 648 785 | 2665452 2665589 | 138 138 | 93.48 | lm_ill_lm_contig16 contig_89
		Alignment: 1062 1137 | 2665855 2665930 | 76 76 | 94.74 | lm_ill_lm_contig16 contig_89
		Alignment: 1342 1420 | 2666143 2666221 | 79 79 | 93.67 | lm_ill_lm_contig16 contig_89
		Alignment: 1549 1627 | 2666351 2666429 | 79 79 | 93.67 | lm_ill_lm_contig16 contig_89
		Alignment: 2801 2910 | 2667014 2666905 | 110 110 | 90.91 | lm_ill_lm_contig12 contig_89
		Alignment: 2500 2575 | 2667320 2667245 | 76 76 | 96.05 | lm_ill_lm_contig12 contig_89
		Alignment: 1752 1817 | 2668046 2667981 | 66 66 | 92.42 | lm_ill_lm_contig12 contig_89
		Alignment: 1346 1425 | 2668447 2668368 | 80 80 | 90.0 | lm_ill_lm_contig12 contig_89
		Alignment: 1136 1232 | 2668658 2668562 | 97 97 | 95.88 | lm_ill_lm_contig12 contig_89
		Alignment: 982 1092 | 2668813 2668703 | 111 111 | 94.59 | lm_ill_lm_contig12 contig_89
		Alignment: 370 450 | 2669420 2669340 | 81 81 | 95.06 | lm_ill_lm_contig12 contig_89
		Alignment: 197 292 | 2669598 2669503 | 96 96 | 91.67 | lm_ill_lm_contig12 contig_89
		Alignment: 174 241 | 2729478 2729545 | 68 68 | 95.59 | lm_ill_lm_contig16 contig_89
		Alignment: 783 857 | 2730078 2730152 | 75 75 | 93.33 | lm_ill_lm_contig16 contig_89
		Alignment: 915 984 | 2730214 2730283 | 70 70 | 97.14 | lm_ill_lm_contig16 contig_89
		Alignment: 1010 1142 | 2730310 2730442 | 133 133 | 96.99 | lm_ill_lm_contig16 contig_89
		Alignment: 1213 1294 | 2730510 2730591 | 82 82 | 98.78 | lm_ill_lm_contig16 contig_89
		Alignment: 1586 1724 | 2730882 2731020 | 139 139 | 96.4 | lm_ill_lm_contig16 contig_89
		Alignment: 2994 3126 | 2731316 2731184 | 133 133 | 90.23 | lm_ill_lm_contig12 contig_89
		Alignment: 2577 2730 | 2731733 2731580 | 154 154 | 98.05 | lm_ill_lm_contig12 contig_89
		Alignment: 2502 2575 | 2731807 2731734 | 74 74 | 91.89 | lm_ill_lm_contig12 contig_89
		Alignment: 2057 2153 | 2732250 2732154 | 97 97 | 92.78 | lm_ill_lm_contig12 contig_89
		Alignment: 1943 2009 | 2732362 2732296 | 67 67 | 95.52 | lm_ill_lm_contig12 contig_89
		Alignment: 1382 1481 | 2732914 2732815 | 100 100 | 94.0 | lm_ill_lm_contig12 contig_89
		Alignment: 1308 1380 | 2732987 2732915 | 73 73 | 98.63 | lm_ill_lm_contig12 contig_89
		Alignment: 1197 1299 | 2733096 2732994 | 103 103 | 91.26 | lm_ill_lm_contig12 contig_89
		Alignment: 1089 1195 | 2733203 2733097 | 107 107 | 100.0 | lm_ill_lm_contig12 contig_89
		Alignment: 965 1088 | 2733329 2733206 | 124 124 | 96.77 | lm_ill_lm_contig12 contig_89
		Alignment: 697 764 | 2733592 2733525 | 68 68 | 97.06 | lm_ill_lm_contig12 contig_89
		Alignment: 440 527 | 2733849 2733762 | 88 88 | 98.86 | lm_ill_lm_contig12 contig_89
		Alignment: 519 603 | 2735402 2735486 | 85 85 | 95.29 | lm_ill_lm_contig16 contig_89
		Alignment: 648 781 | 2735528 2735661 | 134 134 | 92.54 | lm_ill_lm_contig16 contig_89
		Alignment: 788 868 | 2735665 2735745 | 81 81 | 92.59 | lm_ill_lm_contig16 contig_89
		Alignment: 869 947 | 2735747 2735825 | 79 79 | 96.2 | lm_ill_lm_contig16 contig_89
		Alignment: 1076 1201 | 2735945 2736070 | 126 126 | 90.48 | lm_ill_lm_contig16 contig_89
		Alignment: 1520 1719 | 2736374 2736573 | 200 200 | 96.5 | lm_ill_lm_contig16 contig_89
		Alignment: 2994 3126 | 2736870 2736738 | 133 133 | 93.23 | lm_ill_lm_contig12 contig_89
		Alignment: 2609 2726 | 2737261 2737144 | 118 118 | 98.31 | lm_ill_lm_contig12 contig_89
		Alignment: 1934 2102 | 2737942 2737774 | 169 169 | 94.08 | lm_ill_lm_contig12 contig_89
		Alignment: 1411 1484 | 2738464 2738391 | 74 74 | 93.24 | lm_ill_lm_contig12 contig_89
		Alignment: 1153 1239 | 2738717 2738631 | 87 87 | 93.1 | lm_ill_lm_contig12 contig_89
		Alignment: 965 1103 | 2738900 2738762 | 139 139 | 96.4 | lm_ill_lm_contig12 contig_89
		Alignment: 783 867 | 2739081 2738997 | 85 85 | 96.47 | lm_ill_lm_contig12 contig_89
		Alignment: 643 782 | 2739222 2739083 | 140 140 | 96.43 | lm_ill_lm_contig12 contig_89
		Alignment: 369 572 | 2739499 2739296 | 204 204 | 97.55 | lm_ill_lm_contig12 contig_89
		Alignment: 196 292 | 2739673 2739577 | 97 97 | 90.72 | lm_ill_lm_contig12 contig_89
		Alignment: 174 241 | 2740034 2740101 | 68 68 | 91.18 | lm_ill_lm_contig16 contig_89
		Alignment: 385 616 | 2740241 2740472 | 232 232 | 91.81 | lm_ill_lm_contig16 contig_89
		Alignment: 655 746 | 2740512 2740603 | 92 92 | 96.74 | lm_ill_lm_contig16 contig_89
		Alignment: 825 919 | 2740680 2740774 | 95 95 | 94.74 | lm_ill_lm_contig16 contig_89
		Alignment: 997 1077 | 2740851 2740931 | 81 81 | 96.3 | lm_ill_lm_contig16 contig_89
		Alignment: 1081 1180 | 2740936 2741035 | 100 100 | 96.0 | lm_ill_lm_contig16 contig_89
		Alignment: 1226 1341 | 2741075 2741190 | 116 116 | 95.69 | lm_ill_lm_contig16 contig_89
		Alignment: 1529 1647 | 2741373 2741491 | 119 119 | 94.96 | lm_ill_lm_contig16 contig_89
		Alignment: 1649 1724 | 2741492 2741567 | 76 76 | 96.05 | lm_ill_lm_contig16 contig_89
		Alignment: 2587 2680 | 2742267 2742174 | 94 94 | 96.81 | lm_ill_lm_contig12 contig_89
		Alignment: 2053 2153 | 2742799 2742699 | 101 101 | 93.07 | lm_ill_lm_contig12 contig_89
		Alignment: 1917 2051 | 2742934 2742800 | 135 135 | 93.33 | lm_ill_lm_contig12 contig_89
		Alignment: 1676 1784 | 2743170 2743062 | 109 109 | 91.74 | lm_ill_lm_contig12 contig_89
		Alignment: 1314 1481 | 2743533 2743366 | 168 168 | 97.62 | lm_ill_lm_contig12 contig_89
		Alignment: 1049 1299 | 2743798 2743548 | 251 251 | 96.41 | lm_ill_lm_contig12 contig_89
		Alignment: 965 1033 | 2743878 2743810 | 69 69 | 94.2 | lm_ill_lm_contig12 contig_89
		Alignment: 648 794 | 2744194 2744048 | 147 147 | 96.6 | lm_ill_lm_contig12 contig_89
		Alignment: 569 646 | 2744272 2744195 | 78 78 | 98.72 | lm_ill_lm_contig12 contig_89
		Alignment: 421 547 | 2744421 2744295 | 127 127 | 99.21 | lm_ill_lm_contig12 contig_89
		Alignment: 197 292 | 2744636 2744541 | 96 96 | 91.67 | lm_ill_lm_contig12 contig_89
		Alignment: 174 241 | 3193353 3193420 | 68 68 | 95.59 | lm_ill_lm_contig16 contig_89
		Alignment: 451 597 | 3193623 3193769 | 147 147 | 95.92 | lm_ill_lm_contig16 contig_89
		Alignment: 651 814 | 3193822 3193985 | 164 164 | 92.68 | lm_ill_lm_contig16 contig_89
		Alignment: 1011 1093 | 3194183 3194265 | 83 83 | 95.18 | lm_ill_lm_contig16 contig_89
		Alignment: 1270 1341 | 3194433 3194504 | 72 72 | 95.83 | lm_ill_lm_contig16 contig_89
		Alignment: 1546 1671 | 3194712 3194837 | 126 126 | 96.03 | lm_ill_lm_contig16 contig_89
		Alignment: 3037 3117 | 3195137 3195057 | 81 81 | 96.3 | lm_ill_lm_contig12 contig_89
		Alignment: 2655 2728 | 3195520 3195447 | 74 74 | 97.3 | lm_ill_lm_contig12 contig_89
		Alignment: 2498 2569 | 3195678 3195607 | 72 72 | 94.44 | lm_ill_lm_contig12 contig_89
		Alignment: 1980 2084 | 3196197 3196093 | 105 105 | 93.33 | lm_ill_lm_contig12 contig_89
		Alignment: 1676 1783 | 3196485 3196378 | 108 108 | 93.52 | lm_ill_lm_contig12 contig_89
		Alignment: 1382 1481 | 3196779 3196680 | 100 100 | 95.0 | lm_ill_lm_contig12 contig_89
		Alignment: 1123 1205 | 3197039 3196957 | 83 83 | 96.39 | lm_ill_lm_contig12 contig_89
		Alignment: 965 1122 | 3197200 3197043 | 158 158 | 95.57 | lm_ill_lm_contig12 contig_89
		Alignment: 648 775 | 3197515 3197388 | 128 128 | 97.66 | lm_ill_lm_contig12 contig_89
		Alignment: 452 527 | 3197706 3197631 | 76 76 | 94.74 | lm_ill_lm_contig12 contig_89
		Alignment: 196 292 | 3197963 3197867 | 97 97 | 91.75 | lm_ill_lm_contig12 contig_89
		Alignment: 174 1724 | 3485931 3487476 | 1551 1546 | 90.24 | lm_ill_lm_contig16 contig_89
		Alignment: 3015 3126 | 3487747 3487636 | 112 112 | 92.86 | lm_ill_lm_contig12 contig_89
		Alignment: 2595 2671 | 3488170 3488094 | 77 77 | 100.0 | lm_ill_lm_contig12 contig_89
		Alignment: 2466 2591 | 3488296 3488171 | 126 126 | 90.48 | lm_ill_lm_contig12 contig_89
		Alignment: 2036 2153 | 3488708 3488591 | 118 118 | 93.22 | lm_ill_lm_contig12 contig_89
		Alignment: 1917 1991 | 3488825 3488751 | 75 75 | 92.0 | lm_ill_lm_contig12 contig_89
		Alignment: 1809 1897 | 3488928 3488840 | 89 89 | 97.75 | lm_ill_lm_contig12 contig_89
		Alignment: 1112 1239 | 3489631 3489504 | 128 128 | 95.31 | lm_ill_lm_contig12 contig_89
		Alignment: 965 1048 | 3489779 3489696 | 84 84 | 95.24 | lm_ill_lm_contig12 contig_89
		Alignment: 739 861 | 3490006 3489884 | 123 123 | 96.75 | lm_ill_lm_contig12 contig_89
		Alignment: 629 723 | 3490114 3490020 | 95 95 | 100.0 | lm_ill_lm_contig12 contig_89
		Alignment: 494 625 | 3490246 3490115 | 132 132 | 98.48 | lm_ill_lm_contig12 contig_89
		Alignment: 197 292 | 3490541 3490446 | 96 96 | 91.67 | lm_ill_lm_contig12 contig_89
		Unaligned bases: 4023513

CONTIG: contig_104 (2718867bp)
Best alignment score: 351.8 (LEN: 388, IDY: 90.66), Total number of alignments: 46
			Looking for the best set of alignments (out of 46 total alignments)
			Skipping redundant alignments after choosing the best set of alignments
		Skipping redundant alignment 439 523 | 404320 404236 | 85 85 | 96.47 | lm_ill_lm_contig37 contig_104
		Skipping redundant alignment 174 241 | 1759043 1759110 | 68 68 | 92.65 | lm_ill_lm_contig16 contig_104
		Skipping redundant alignment 504 600 | 541406 541502 | 97 97 | 95.88 | lm_ill_lm_contig12 contig_104
		Skipping redundant alignment 1950 2110 | 542842 543002 | 161 161 | 93.17 | lm_ill_lm_contig12 contig_104
		Skipping redundant alignment 1629 1710 | 544553 544472 | 82 82 | 92.68 | lm_ill_lm_contig16 contig_104
		Skipping redundant alignment 671 753 | 545500 545418 | 83 83 | 97.59 | lm_ill_lm_contig16 contig_104
		Skipping redundant alignment 484 581 | 545690 545593 | 98 98 | 94.9 | lm_ill_lm_contig16 contig_104
		Skipping redundant alignment 1202 1292 | 658332 658242 | 91 91 | 97.8 | lm_ill_lm_contig16 contig_104
		Skipping redundant alignment 1063 1192 | 658473 658344 | 130 130 | 96.15 | lm_ill_lm_contig16 contig_104
		Skipping redundant alignment 517 593 | 659019 658943 | 77 77 | 92.21 | lm_ill_lm_contig16 contig_104
		Skipping redundant alignment 306698 306806 | 1462332 1462224 | 109 109 | 91.74 | lm_ill_lm_contig1 contig_104
		Skipping redundant alignment 306593 306681 | 1462437 1462349 | 89 89 | 91.01 | lm_ill_lm_contig1 contig_104
		Skipping redundant alignment 447 524 | 1758744 1758821 | 78 78 | 100.0 | lm_ill_lm_contig37 contig_104
		This contig has several significant sets of alignments. [An ambiguously mapped contig]
		Using only the very best set (option --ambiguity-usage is set to "one").
			The best set is below. Score: 1562.9, number of alignments: 33, unaligned bases: 2715016
		This contig is misassembled.
		This contig is partially unaligned. (Aligned 3851 out of 2718867 non-N bases (0.14%))
			Warning! This contig is more unaligned than misassembled. Contig length is 2718867 (number of Ns: 0) and total length of all aligns is 3851
		Alignment: 535 606 | 405455 405526 | 72 72 | 97.22 | lm_ill_lm_contig12 contig_104
		Alignment: 721 823 | 405636 405738 | 103 103 | 90.29 | lm_ill_lm_contig12 contig_104
		Alignment: 1154 1220 | 406071 406137 | 67 67 | 95.52 | lm_ill_lm_contig12 contig_104
		Alignment: 1235 1306 | 406151 406222 | 72 72 | 95.83 | lm_ill_lm_contig12 contig_104
		Alignment: 2037 2127 | 406941 407031 | 91 91 | 91.21 | lm_ill_lm_contig12 contig_104
		Alignment: 2575 2676 | 407482 407583 | 102 102 | 92.16 | lm_ill_lm_contig12 contig_104
		Alignment: 1179 1267 | 409043 408955 | 89 89 | 96.63 | lm_ill_lm_contig16 contig_104
		Alignment: 1110 1178 | 409113 409045 | 69 69 | 97.1 | lm_ill_lm_contig16 contig_104
		Alignment: 1010 1109 | 409215 409116 | 100 100 | 99.0 | lm_ill_lm_contig16 contig_104
		Alignment: 855 951 | 409369 409273 | 97 97 | 92.78 | lm_ill_lm_contig16 contig_104
		Alignment: 766 834 | 409462 409394 | 69 69 | 91.3 | lm_ill_lm_contig16 contig_104
		Alignment: 501 608 | 409724 409617 | 108 108 | 91.67 | lm_ill_lm_contig16 contig_104
		Alignment: 411 484 | 409817 409744 | 74 74 | 93.24 | lm_ill_lm_contig16 contig_104
		Alignment: 444 606 | 654731 654893 | 163 163 | 94.48 | lm_ill_lm_contig12 contig_104
		Alignment: 964 1110 | 655243 655389 | 147 147 | 91.16 | lm_ill_lm_contig12 contig_104
		Alignment: 671 800 | 1714959 1715088 | 130 130 | 91.54 | lm_ill_lm_contig16 contig_104
		Alignment: 1055 1162 | 1715348 1715455 | 108 108 | 98.15 | lm_ill_lm_contig16 contig_104
		Alignment: 1342 1423 | 1715633 1715714 | 82 82 | 93.9 | lm_ill_lm_contig16 contig_104
		Alignment: 1116 1184 | 1718455 1718387 | 69 69 | 92.75 | lm_ill_lm_contig12 contig_104
		Alignment: 304 692 | 1719264 1718877 | 389 388 | 90.66 | lm_ill_lm_contig12 contig_104
		Alignment: 2491 2571 | 1761562 1761482 | 81 81 | 92.59 | lm_ill_lm_contig12 contig_104
		Alignment: 1374 1447 | 1762700 1762627 | 74 74 | 95.95 | lm_ill_lm_contig12 contig_104
		Alignment: 1150 1221 | 1762927 1762856 | 72 72 | 97.22 | lm_ill_lm_contig12 contig_104
		Alignment: 801 876 | 1763274 1763199 | 76 76 | 90.79 | lm_ill_lm_contig12 contig_104
		Alignment: 528 598 | 1764643 1764713 | 71 71 | 90.14 | lm_ill_lm_contig16 contig_104
		Alignment: 899 979 | 1765015 1765095 | 81 81 | 91.36 | lm_ill_lm_contig16 contig_104
		Alignment: 1074 1162 | 1765190 1765278 | 89 89 | 95.51 | lm_ill_lm_contig16 contig_104
		Alignment: 1200 1290 | 1765315 1765405 | 91 91 | 96.7 | lm_ill_lm_contig16 contig_104
		Alignment: 2560 2672 | 1766760 1766648 | 113 113 | 93.81 | lm_ill_lm_contig12 contig_104
		Alignment: 1020 1347 | 1768315 1767985 | 328 331 | 91.69 | lm_ill_lm_contig12 contig_104
		Alignment: 396 605 | 1768880 1768677 | 210 204 | 94.29 | lm_ill_lm_contig12 contig_104
		Alignment: 47688 47884 | 1805136 1804940 | 197 197 | 90.86 | lm_ill_lm_contig2 contig_104
		Alignment: 47306 47476 | 1805518 1805348 | 171 171 | 90.64 | lm_ill_lm_contig2 contig_104
		Unaligned bases: 2715016

CONTIG: contig_152 (6787718bp)
Best alignment score: 118.0 (LEN: 127, IDY: 92.91), Total number of alignments: 6
			Looking for the best set of alignments (out of 6 total alignments)
			Skipping redundant alignments after choosing the best set of alignments
		Skipping redundant alignment 1062 1147 | 3507731 3507646 | 86 86 | 95.35 | lm_ill_lm_contig16 contig_152
		Skipping redundant alignment 1124 1206 | 4443512 4443430 | 83 83 | 97.59 | lm_ill_lm_contig12 contig_152
		Skipping redundant alignment 1124 1205 | 5235765 5235684 | 82 82 | 97.56 | lm_ill_lm_contig12 contig_152
		Skipping redundant alignment 1507 1587 | 5824839 5824919 | 81 81 | 93.83 | lm_ill_lm_contig16 contig_152
			The best set is below. Score: 200.0, number of alignments: 2, unaligned bases: 6787501
		This contig is misassembled.
		This contig is partially unaligned. (Aligned 217 out of 6787718 non-N bases (0.00%))
			Warning! This contig is more unaligned than misassembled. Contig length is 6787718 (number of Ns: 0) and total length of all aligns is 217
		Alignment: 1055 1181 | 4440427 4440553 | 127 127 | 92.91 | lm_ill_lm_contig16 contig_152
		Alignment: 1505 1594 | 4440873 4440962 | 90 90 | 91.11 | lm_ill_lm_contig16 contig_152
		Unaligned bases: 6787501

CONTIG: contig_94 (1945410bp)
Best alignment score: 254.0 (LEN: 262, IDY: 96.95), Total number of alignments: 59
			Looking for the best set of alignments (out of 59 total alignments)
			Skipping redundant alignments after choosing the best set of alignments
		Skipping redundant alignment 1005 1100 | 181186 181091 | 96 96 | 93.75 | lm_ill_lm_contig16 contig_94
		Skipping redundant alignment 914 995 | 181283 181202 | 82 82 | 90.24 | lm_ill_lm_contig16 contig_94
		Skipping redundant alignment 1104 1174 | 1658805 1658735 | 71 71 | 98.59 | lm_ill_lm_contig16 contig_94
		Skipping redundant alignment 1257 1341 | 1658649 1658565 | 85 85 | 91.76 | lm_ill_lm_contig16 contig_94
		Skipping redundant alignment 1523 1669 | 180675 180529 | 147 147 | 93.2 | lm_ill_lm_contig16 contig_94
			The best set is below. Score: 3440.0, number of alignments: 54, unaligned bases: 1939611
		This contig is misassembled.
		This contig is partially unaligned. (Aligned 5799 out of 1945410 non-N bases (0.30%))
			Warning! This contig is more unaligned than misassembled. Contig length is 1945410 (number of Ns: 0) and total length of all aligns is 5799
		Alignment: 369 453 | 65081 65165 | 85 85 | 96.47 | lm_ill_lm_contig12 contig_94
		Alignment: 458 527 | 65168 65237 | 70 70 | 95.71 | lm_ill_lm_contig12 contig_94
		Alignment: 600 695 | 65310 65405 | 96 96 | 97.92 | lm_ill_lm_contig12 contig_94
		Alignment: 696 796 | 65407 65507 | 101 101 | 95.05 | lm_ill_lm_contig12 contig_94
		Alignment: 1240 1345 | 65946 66051 | 106 106 | 94.34 | lm_ill_lm_contig12 contig_94
		Alignment: 1913 1993 | 66613 66693 | 81 81 | 90.12 | lm_ill_lm_contig12 contig_94
		Alignment: 1994 2064 | 66695 66765 | 71 71 | 90.14 | lm_ill_lm_contig12 contig_94
		Alignment: 2601 2710 | 67298 67407 | 110 110 | 94.55 | lm_ill_lm_contig12 contig_94
		Alignment: 1550 1656 | 68374 68268 | 107 107 | 92.52 | lm_ill_lm_contig16 contig_94
		Alignment: 1197 1324 | 68729 68602 | 128 128 | 91.41 | lm_ill_lm_contig16 contig_94
		Alignment: 997 1174 | 68927 68750 | 178 178 | 94.94 | lm_ill_lm_contig16 contig_94
		Alignment: 411 495 | 69514 69430 | 85 85 | 90.59 | lm_ill_lm_contig16 contig_94
		Alignment: 340 527 | 142051 142238 | 188 188 | 95.74 | lm_ill_lm_contig12 contig_94
		Alignment: 533 794 | 142243 142504 | 262 262 | 96.95 | lm_ill_lm_contig12 contig_94
		Alignment: 1037 1129 | 142749 142841 | 93 93 | 93.55 | lm_ill_lm_contig12 contig_94
		Alignment: 1235 1345 | 142942 143052 | 111 111 | 93.69 | lm_ill_lm_contig12 contig_94
		Alignment: 2053 2122 | 143738 143807 | 70 70 | 90.0 | lm_ill_lm_contig12 contig_94
		Alignment: 2587 2659 | 144279 144351 | 73 73 | 98.63 | lm_ill_lm_contig12 contig_94
		Alignment: 1062 1188 | 145669 145543 | 127 127 | 95.28 | lm_ill_lm_contig16 contig_94
		Alignment: 952 1060 | 145778 145670 | 109 109 | 91.74 | lm_ill_lm_contig16 contig_94
		Alignment: 673 817 | 146057 145913 | 145 145 | 90.34 | lm_ill_lm_contig16 contig_94
		Alignment: 411 512 | 146311 146210 | 102 102 | 91.18 | lm_ill_lm_contig16 contig_94
		Alignment: 376 442 | 177562 177628 | 67 67 | 98.51 | lm_ill_lm_contig12 contig_94
		Alignment: 477 584 | 177665 177772 | 108 108 | 98.15 | lm_ill_lm_contig12 contig_94
		Alignment: 587 669 | 177782 177864 | 83 83 | 96.39 | lm_ill_lm_contig12 contig_94
		Alignment: 766 844 | 177962 178040 | 79 79 | 93.67 | lm_ill_lm_contig12 contig_94
		Alignment: 1143 1211 | 178338 178406 | 69 69 | 100.0 | lm_ill_lm_contig12 contig_94
		Alignment: 1235 1345 | 178430 178540 | 111 111 | 93.69 | lm_ill_lm_contig12 contig_94
		Alignment: 1369 1438 | 178553 178622 | 70 70 | 98.57 | lm_ill_lm_contig12 contig_94
		Alignment: 1809 1898 | 178989 179078 | 90 90 | 91.11 | lm_ill_lm_contig12 contig_94
		Alignment: 2015 2085 | 179193 179263 | 71 71 | 91.55 | lm_ill_lm_contig12 contig_94
		Alignment: 1012 1097 | 841585 841670 | 86 86 | 95.35 | lm_ill_lm_contig16 contig_94
		Alignment: 1098 1174 | 841674 841750 | 77 77 | 98.7 | lm_ill_lm_contig16 contig_94
		Alignment: 1235 1341 | 841811 841917 | 107 107 | 92.52 | lm_ill_lm_contig16 contig_94
		Alignment: 1507 1596 | 842084 842173 | 90 90 | 95.56 | lm_ill_lm_contig16 contig_94
		Alignment: 1597 1725 | 842175 842303 | 129 129 | 90.7 | lm_ill_lm_contig16 contig_94
		Alignment: 2240 2326 | 843559 843473 | 87 87 | 91.95 | lm_ill_lm_contig12 contig_94
		Alignment: 2157 2233 | 843642 843566 | 77 77 | 90.91 | lm_ill_lm_contig12 contig_94
		Alignment: 1675 1867 | 844120 843928 | 193 193 | 90.16 | lm_ill_lm_contig12 contig_94
		Alignment: 1377 1461 | 844419 844335 | 85 85 | 96.47 | lm_ill_lm_contig12 contig_94
		Alignment: 1131 1211 | 844658 844578 | 81 81 | 100.0 | lm_ill_lm_contig12 contig_94
		Alignment: 731 874 | 845057 844914 | 144 144 | 93.06 | lm_ill_lm_contig12 contig_94
		Alignment: 644 715 | 845144 845073 | 72 72 | 98.61 | lm_ill_lm_contig12 contig_94
		Alignment: 345 493 | 845436 845288 | 149 149 | 93.96 | lm_ill_lm_contig12 contig_94
		Alignment: 274 356 | 1654545 1654463 | 83 83 | 92.77 | lm_ill_lm_contig37 contig_94
		Alignment: 174 247 | 1654641 1654568 | 74 74 | 97.3 | lm_ill_lm_contig37 contig_94
		Alignment: 2 74 | 1654822 1654750 | 73 73 | 93.15 | lm_ill_lm_contig37 contig_94
		Alignment: 305 453 | 1655195 1655343 | 149 149 | 91.95 | lm_ill_lm_contig12 contig_94
		Alignment: 545 735 | 1655423 1655613 | 191 191 | 96.86 | lm_ill_lm_contig12 contig_94
		Alignment: 774 838 | 1655653 1655717 | 65 65 | 90.77 | lm_ill_lm_contig12 contig_94
		Alignment: 1044 1126 | 1655914 1655996 | 83 83 | 92.77 | lm_ill_lm_contig12 contig_94
		Alignment: 1393 1482 | 1656250 1656339 | 90 90 | 95.56 | lm_ill_lm_contig12 contig_94
		Alignment: 1915 2084 | 1656774 1656943 | 170 170 | 90.59 | lm_ill_lm_contig12 contig_94
		Alignment: 2473 2670 | 1657336 1657533 | 198 198 | 90.4 | lm_ill_lm_contig12 contig_94
		Unaligned bases: 1939611

CONTIG: contig_96 (4756002bp)
Best alignment score: 110.0 (LEN: 119, IDY: 92.44), Total number of alignments: 8
			Looking for the best set of alignments (out of 8 total alignments)
			Skipping redundant alignments after choosing the best set of alignments
		Skipping redundant alignment 1476 1594 | 1993226 1993344 | 119 119 | 92.44 | lm_ill_lm_contig16 contig_96
		Skipping redundant alignment 924 994 | 2087675 2087745 | 71 71 | 97.18 | lm_ill_lm_contig16 contig_96
		Skipping redundant alignment 1103 1174 | 2087851 2087922 | 72 72 | 95.83 | lm_ill_lm_contig16 contig_96
		Skipping redundant alignment 1080 1163 | 2242882 2242965 | 84 84 | 95.24 | lm_ill_lm_contig16 contig_96
		Skipping redundant alignment 1502 1587 | 2243298 2243383 | 86 86 | 97.67 | lm_ill_lm_contig16 contig_96
			The best set is below. Score: 266.0, number of alignments: 3, unaligned bases: 4755708
		This contig is misassembled.
		This contig is partially unaligned. (Aligned 294 out of 4756002 non-N bases (0.01%))
			Warning! This contig is more unaligned than misassembled. Contig length is 4756002 (number of Ns: 0) and total length of all aligns is 294
		Alignment: 1467 1576 | 809884 809775 | 110 110 | 90.0 | lm_ill_lm_contig16 contig_96
		Alignment: 1342 1416 | 810009 809935 | 75 75 | 90.67 | lm_ill_lm_contig16 contig_96
		Alignment: 1034 1142 | 810317 810209 | 109 109 | 90.83 | lm_ill_lm_contig16 contig_96
		Unaligned bases: 4755708

CONTIG: contig_97 (4763766bp)
Best alignment score: 116.0 (LEN: 121, IDY: 95.87), Total number of alignments: 11
			Looking for the best set of alignments (out of 11 total alignments)
			Skipping redundant alignments after choosing the best set of alignments
		Skipping redundant alignment 1055 1175 | 1015586 1015466 | 121 121 | 95.87 | lm_ill_lm_contig16 contig_97
		Skipping redundant alignment 924 995 | 1556813 1556884 | 72 72 | 97.22 | lm_ill_lm_contig16 contig_97
		Skipping redundant alignment 1097 1169 | 1556987 1557059 | 73 73 | 94.52 | lm_ill_lm_contig16 contig_97
		Skipping redundant alignment 1473 1558 | 1557347 1557432 | 86 86 | 91.86 | lm_ill_lm_contig16 contig_97
		Skipping redundant alignment 1124 1205 | 1559901 1559820 | 82 82 | 97.56 | lm_ill_lm_contig12 contig_97
		Skipping redundant alignment 1498 1587 | 1822996 1823085 | 90 90 | 95.56 | lm_ill_lm_contig16 contig_97
		Skipping redundant alignment 1055 1161 | 2470971 2471077 | 107 107 | 95.33 | lm_ill_lm_contig16 contig_97
		Skipping redundant alignment 1342 1416 | 2471259 2471333 | 75 75 | 90.67 | lm_ill_lm_contig16 contig_97
			The best set is below. Score: 225.0, number of alignments: 3, unaligned bases: 4763524
		This contig is misassembled.
		This contig is partially unaligned. (Aligned 242 out of 4763766 non-N bases (0.01%))
			Warning! This contig is more unaligned than misassembled. Contig length is 4763766 (number of Ns: 0) and total length of all aligns is 242
		Alignment: 1101 1180 | 1650491 1650570 | 80 80 | 93.75 | lm_ill_lm_contig16 contig_97
		Alignment: 1342 1416 | 1650732 1650806 | 75 75 | 90.67 | lm_ill_lm_contig16 contig_97
		Alignment: 1508 1594 | 1650898 1650984 | 87 87 | 94.25 | lm_ill_lm_contig16 contig_97
		Unaligned bases: 4763524

Analyzing coverage...
Writing SNPs into /media3/lucia/zymo_mock_community/asms_cuantizados/v5_13-2-21_1bin/metaquast-1bin/runs_per_reference/lm_ill/contigs_reports/minimap_output/r10_1bin_3_raw.used_snps.gz

Analysis is finished!
Founded SNPs were written into /media3/lucia/zymo_mock_community/asms_cuantizados/v5_13-2-21_1bin/metaquast-1bin/runs_per_reference/lm_ill/contigs_reports/minimap_output/r10_1bin_3_raw.used_snps.gz

Results:
	Local Misassemblies: 14
	Misassemblies: 2
		Relocations: 0
		Translocations: 2
		Inversions: 0
	Scaffold gap extensive misassemblies: 0
	Scaffold gap local misassemblies: 0
	Misassemblies caused by fragmented reference: 10
	Misassembled Contigs: 1
	Misassembled Contig Bases: 2990669
	Misassemblies Inter-Contig Overlap: 0
Unaligned Contigs: 0 + 8 part
Half Unaligned Contigs with Misassemblies: 7
Unaligned Contig Bases: 27791828

Ambiguously Mapped Contigs: 3
Total Bases in Ambiguously Mapped Contigs: 8553381
Extra Bases in Ambiguously Mapped Contigs: 0
Note that --allow-ambiguity option was set to "one" and only first alignment per each of these contigs was used.

	Covered Bases: 2957267

	SNPs: 4255
	Insertions: 1608
	Deletions: 3708

