Aligning contigs to reference...
	Aligning contigs to the reference
Filtering alignments...
Parsing coords...
Loading reference...
	Loaded [pa_ill_pa_contig77]
	Loaded [pa_ill_pa_contig76]
	Loaded [pa_ill_pa_contig75]
	Loaded [pa_ill_pa_contig74]
	Loaded [pa_ill_pa_contig73]
	Loaded [pa_ill_pa_contig72]
	Loaded [pa_ill_pa_contig71]
	Loaded [pa_ill_pa_contig70]
	Loaded [pa_ill_pa_contig23]
	Loaded [pa_ill_pa_contig21]
	Loaded [pa_ill_pa_contig28]
	Loaded [pa_ill_pa_contig79]
	Loaded [pa_ill_pa_contig78]
	Loaded [pa_ill_pa_contig32]
	Loaded [pa_ill_pa_contig8]
	Loaded [pa_ill_pa_contig41]
	Loaded [pa_ill_pa_contig47]
	Loaded [pa_ill_pa_contig4]
	Loaded [pa_ill_pa_contig13]
	Loaded [pa_ill_pa_contig11]
	Loaded [pa_ill_pa_contig10]
	Loaded [pa_ill_pa_contig39]
	Loaded [pa_ill_pa_contig12]
	Loaded [pa_ill_pa_contig59]
	Loaded [pa_ill_pa_contig14]
	Loaded [pa_ill_pa_contig17]
	Loaded [pa_ill_pa_contig16]
	Loaded [pa_ill_pa_contig55]
	Loaded [pa_ill_pa_contig54]
	Loaded [pa_ill_pa_contig31]
	Loaded [pa_ill_pa_contig56]
	Loaded [pa_ill_pa_contig51]
	Loaded [pa_ill_pa_contig50]
	Loaded [pa_ill_pa_contig35]
	Loaded [pa_ill_pa_contig34]
	Loaded [pa_ill_pa_contig60]
	Loaded [pa_ill_pa_contig61]
	Loaded [pa_ill_pa_contig62]
	Loaded [pa_ill_pa_contig63]
	Loaded [pa_ill_pa_contig64]
	Loaded [pa_ill_pa_contig65]
	Loaded [pa_ill_pa_contig66]
	Loaded [pa_ill_pa_contig67]
	Loaded [pa_ill_pa_contig68]
	Loaded [pa_ill_pa_contig69]
	Loaded [pa_ill_pa_contig80]
	Loaded [pa_ill_pa_contig81]
	Loaded [pa_ill_pa_contig84]
	Loaded [pa_ill_pa_contig19]
	Loaded [pa_ill_pa_contig83]
	Loaded [pa_ill_pa_contig2]
	Loaded [pa_ill_pa_contig18]
	Loaded [pa_ill_pa_contig5]
	Loaded [pa_ill_pa_contig57]
	Loaded [pa_ill_pa_contig58]
	Loaded [pa_ill_pa_contig15]
	Loaded [pa_ill_pa_contig1]
	Loaded [pa_ill_pa_contig45]
	Loaded [pa_ill_pa_contig3]
	Loaded [pa_ill_pa_contig30]
	Loaded [pa_ill_pa_contig33]
	Loaded [pa_ill_pa_contig38]
	Loaded [pa_ill_pa_contig7]
	Loaded [pa_ill_pa_contig6]
	Loaded [pa_ill_pa_contig9]
	Loaded [pa_ill_pa_contig37]
	Loaded [pa_ill_pa_contig36]
	Loaded [pa_ill_pa_contig24]
	Loaded [pa_ill_pa_contig25]
	Loaded [pa_ill_pa_contig26]
	Loaded [pa_ill_pa_contig27]
	Loaded [pa_ill_pa_contig20]
	Loaded [pa_ill_pa_contig53]
	Loaded [pa_ill_pa_contig48]
	Loaded [pa_ill_pa_contig49]
	Loaded [pa_ill_pa_contig46]
	Loaded [pa_ill_pa_contig22]
	Loaded [pa_ill_pa_contig44]
	Loaded [pa_ill_pa_contig52]
	Loaded [pa_ill_pa_contig42]
	Loaded [pa_ill_pa_contig43]
	Loaded [pa_ill_pa_contig40]
	Loaded [pa_ill_pa_contig29]
	Total Regions: 83
	Total Region Length: 6728151
Analyzing contigs...
CONTIG: contig_152 (6791638bp)
Best alignment score: 847444.5 (LEN: 847614, IDY: 99.98), Total number of alignments: 158
			Too much alignments (158), will use speed up heuristics
			Found 105 solid alignments:
		Solid alignment 1 720 | 720 1 | 720 720 | 99.86 | pa_ill_pa_contig35 contig_152
		Solid alignment 1 266935 | 1330 268238 | 266935 266909 | 99.98 | pa_ill_pa_contig6 contig_152
		Solid alignment 1 111253 | 379444 268198 | 111253 111247 | 99.98 | pa_ill_pa_contig20 contig_152
		Solid alignment 1 5507 | 384896 379390 | 5507 5507 | 99.47 | pa_ill_pa_contig45 contig_152
		Solid alignment 1 118702 | 384842 503528 | 118702 118687 | 99.98 | pa_ill_pa_contig19 contig_152
		Solid alignment 1 1237 | 505257 504021 | 1237 1237 | 99.68 | pa_ill_pa_contig65 contig_152
		Solid alignment 1 944 | 506145 505203 | 944 943 | 98.73 | pa_ill_pa_contig71 contig_152
		Solid alignment 1 23992 | 506793 530780 | 23992 23988 | 99.98 | pa_ill_pa_contig40 contig_152
		Solid alignment 1 1468 | 530726 532193 | 1468 1468 | 99.93 | pa_ill_pa_contig62 contig_152
		Solid alignment 1 56682 | 532139 588814 | 56682 56676 | 99.99 | pa_ill_pa_contig30 contig_152
		Solid alignment 1 927 | 588760 589686 | 927 927 | 97.63 | pa_ill_pa_contig73 contig_152
		Solid alignment 1 204999 | 794491 589632 | 204999 204860 | 99.92 | pa_ill_pa_contig12 contig_152
		Solid alignment 1 1492 | 794437 795928 | 1492 1492 | 99.87 | pa_ill_pa_contig61 contig_152
		Solid alignment 1 106796 | 795874 902653 | 106796 106780 | 99.98 | pa_ill_pa_contig21 contig_152
		Solid alignment 1 1258 | 903856 902599 | 1258 1258 | 99.52 | pa_ill_pa_contig64 contig_152
		Solid alignment 1 34671 | 903802 938506 | 34671 34705 | 99.85 | pa_ill_pa_contig15 contig_152
		Solid alignment 34236 173697 | 938126 1077653 | 139462 139528 | 99.93 | pa_ill_pa_contig15 contig_152
		Solid alignment 1 1028 | 1079431 1078404 | 1028 1028 | 99.81 | pa_ill_pa_contig68 contig_152
		Solid alignment 1 1028 | 1082613 1081586 | 1028 1028 | 99.51 | pa_ill_pa_contig68 contig_152
		Solid alignment 1 1661 | 1084218 1082559 | 1661 1660 | 99.94 | pa_ill_pa_contig59 contig_152
		Solid alignment 1 1682 | 1084164 1085845 | 1682 1682 | 99.52 | pa_ill_pa_contig58 contig_152
		Solid alignment 1 4971 | 1085791 1090758 | 4971 4968 | 99.94 | pa_ill_pa_contig46 contig_152
		Solid alignment 1 1682 | 1090704 1092384 | 1682 1681 | 99.7 | pa_ill_pa_contig58 contig_152
		Solid alignment 1 3238 | 1092330 1095567 | 3238 3238 | 100.0 | pa_ill_pa_contig50 contig_152
		Solid alignment 1 799 | 1095513 1096311 | 799 799 | 99.12 | pa_ill_pa_contig75 contig_152
		Solid alignment 1 6148 | 1103146 1097001 | 6148 6146 | 99.97 | pa_ill_pa_contig43 contig_152
		Solid alignment 1 799 | 1103092 1103890 | 799 799 | 98.62 | pa_ill_pa_contig75 contig_152
		Solid alignment 1 68331 | 1104580 1172906 | 68331 68327 | 99.99 | pa_ill_pa_contig28 contig_152
		Solid alignment 1 985 | 1172852 1173836 | 985 985 | 98.48 | pa_ill_pa_contig69 contig_152
		Solid alignment 1 30768 | 1204548 1173782 | 30768 30767 | 99.96 | pa_ill_pa_contig38 contig_152
		Solid alignment 1235 3722 | 1206981 1204494 | 2488 2488 | 99.4 | pa_ill_pa_contig48 contig_152
		Solid alignment 1 1079 | 1208215 1207137 | 1079 1079 | 99.54 | pa_ill_pa_contig48 contig_152
		Solid alignment 1 6590 | 1208161 1214745 | 6590 6585 | 99.76 | pa_ill_pa_contig42 contig_152
		Solid alignment 1 3064 | 1217754 1214691 | 3064 3064 | 99.28 | pa_ill_pa_contig51 contig_152
		Solid alignment 1 26794 | 1217700 1244491 | 26794 26792 | 99.99 | pa_ill_pa_contig39 contig_152
		Solid alignment 1 258570 | 1503542 1244985 | 258570 258558 | 99.98 | pa_ill_pa_contig8 contig_152
		Solid alignment 1 944 | 1503488 1504430 | 944 943 | 99.26 | pa_ill_pa_contig71 contig_152
		Solid alignment 1 1237 | 1504376 1505612 | 1237 1237 | 95.64 | pa_ill_pa_contig65 contig_152
		Solid alignment 1 191344 | 1506105 1697421 | 191344 191317 | 99.98 | pa_ill_pa_contig13 contig_152
		Solid alignment 1 1197 | 1698563 1697367 | 1197 1197 | 99.83 | pa_ill_pa_contig67 contig_152
		Solid alignment 1 86455 | 1698548 1784988 | 86455 86441 | 99.98 | pa_ill_pa_contig25 contig_152
		Solid alignment 161 249467 | 1784934 2034218 | 249307 249285 | 99.99 | pa_ill_pa_contig9 contig_152
		Solid alignment 1 2531 | 2037113 2034583 | 2531 2531 | 99.84 | pa_ill_pa_contig53 contig_152
		Solid alignment 1 929 | 2038169 2037241 | 929 929 | 99.35 | pa_ill_pa_contig72 contig_152
		Solid alignment 1 121067 | 2163954 2042891 | 121067 121064 | 99.99 | pa_ill_pa_contig17 contig_152
		Solid alignment 1 56007 | 2164216 2220221 | 56007 56006 | 99.98 | pa_ill_pa_contig32 contig_152
		Solid alignment 1 1258 | 2221424 2220167 | 1258 1258 | 99.84 | pa_ill_pa_contig64 contig_152
		Solid alignment 247199 542364 | 2516506 2221370 | 295166 295137 | 99.98 | pa_ill_pa_contig2 contig_152
		Solid alignment 1 247386 | 2763560 2516204 | 247386 247357 | 99.98 | pa_ill_pa_contig2 contig_152
		Solid alignment 1 3774 | 2767763 2763990 | 3774 3774 | 100.0 | pa_ill_pa_contig47 contig_152
		Solid alignment 1 929 | 2768277 2769206 | 929 930 | 98.39 | pa_ill_pa_contig72 contig_152
		Solid alignment 1 2549 | 2769334 2771882 | 2549 2549 | 100.0 | pa_ill_pa_contig52 contig_152
		Solid alignment 1 404310 | 3176504 2772241 | 404310 404264 | 99.98 | pa_ill_pa_contig4 contig_152
		Solid alignment 1 1468 | 3176450 3177917 | 1468 1468 | 100.0 | pa_ill_pa_contig62 contig_152
		Solid alignment 1 122468 | 3177863 3300323 | 122468 122461 | 99.98 | pa_ill_pa_contig16 contig_152
		Solid alignment 1 53273 | 3354005 3300738 | 53273 53268 | 99.99 | pa_ill_pa_contig33 contig_152
		Solid alignment 41099 76514 | 3389906 3354499 | 35416 35408 | 99.96 | pa_ill_pa_contig26 contig_152
		Solid alignment 1 41228 | 3430891 3389665 | 41228 41227 | 99.96 | pa_ill_pa_contig26 contig_152
		Solid alignment 1 846 | 3431655 3430816 | 846 840 | 90.05 | pa_ill_pa_contig20 contig_152
		Solid alignment 1 5507 | 3437107 3431601 | 5507 5507 | 99.84 | pa_ill_pa_contig45 contig_152
		Solid alignment 1 68413 | 3437053 3505463 | 68413 68411 | 99.98 | pa_ill_pa_contig27 contig_152
		Solid alignment 1 5713 | 3511120 3505409 | 5713 5712 | 99.93 | pa_ill_pa_contig44 contig_152
		Solid alignment 1 87995 | 3599051 3511066 | 87995 87986 | 99.98 | pa_ill_pa_contig24 contig_152
		Solid alignment 1 1197 | 3598997 3600193 | 1197 1197 | 99.75 | pa_ill_pa_contig67 contig_152
		Solid alignment 1 294591 | 3600139 3894704 | 294591 294566 | 99.98 | pa_ill_pa_contig5 contig_152
		Solid alignment 1 927 | 3894650 3895576 | 927 927 | 99.89 | pa_ill_pa_contig73 contig_152
		Solid alignment 1 35776 | 3895522 3931290 | 35776 35769 | 99.98 | pa_ill_pa_contig37 contig_152
		Solid alignment 1 2207 | 3934366 3932160 | 2207 2207 | 99.82 | pa_ill_pa_contig55 contig_152
		Solid alignment 1 232544 | 3934312 4166860 | 232544 232549 | 99.97 | pa_ill_pa_contig10 contig_152
		Solid alignment 1 1874 | 4166733 4168606 | 1874 1874 | 100.0 | pa_ill_pa_contig57 contig_152
		Solid alignment 232388 237415 | 4168451 4173475 | 5028 5025 | 99.92 | pa_ill_pa_contig10 contig_152
		Solid alignment 1235 3722 | 4175908 4173421 | 2488 2488 | 99.6 | pa_ill_pa_contig48 contig_152
		Solid alignment 1 1079 | 4177142 4176064 | 1079 1079 | 99.81 | pa_ill_pa_contig48 contig_152
		Solid alignment 1 956 | 4177088 4178042 | 956 955 | 99.9 | pa_ill_pa_contig70 contig_152
		Solid alignment 1 3064 | 4181051 4177988 | 3064 3064 | 99.71 | pa_ill_pa_contig51 contig_152
		Solid alignment 92967 210873 | 4298894 4180997 | 117907 117898 | 99.97 | pa_ill_pa_contig11 contig_152
		Solid alignment 1 93281 | 4391740 4298470 | 93281 93271 | 99.97 | pa_ill_pa_contig11 contig_152
		Solid alignment 1 985 | 4391686 4392670 | 985 985 | 99.49 | pa_ill_pa_contig69 contig_152
		Solid alignment 1 48969 | 4392616 4441579 | 48969 48964 | 99.97 | pa_ill_pa_contig34 contig_152
		Solid alignment 1 5713 | 4441525 4447237 | 5713 5713 | 99.93 | pa_ill_pa_contig44 contig_152
		Solid alignment 1 106324 | 4553503 4447183 | 106324 106321 | 99.99 | pa_ill_pa_contig22 contig_152
		Solid alignment 1 90153 | 4644023 4553879 | 90153 90145 | 99.98 | pa_ill_pa_contig23 contig_152
		Solid alignment 1 1197 | 4643969 4645165 | 1197 1197 | 99.83 | pa_ill_pa_contig67 contig_152
		Solid alignment 1 465790 | 4645111 5110729 | 465790 465619 | 99.96 | pa_ill_pa_contig3 contig_152
		Solid alignment 1 2514 | 5110675 5113188 | 2514 2514 | 99.68 | pa_ill_pa_contig54 contig_152
		Solid alignment 1 868 | 5113640 5114507 | 868 868 | 99.54 | pa_ill_pa_contig74 contig_152
		Solid alignment 1 119004 | 5115311 5234304 | 119004 118994 | 99.98 | pa_ill_pa_contig18 contig_152
		Solid alignment 1 5713 | 5234250 5239962 | 5713 5713 | 100.0 | pa_ill_pa_contig44 contig_152
		Solid alignment 1 1405 | 5242205 5240801 | 1405 1405 | 90.74 | pa_ill_pa_contig12 contig_152
		Solid alignment 1 1492 | 5242151 5243642 | 1492 1492 | 100.0 | pa_ill_pa_contig61 contig_152
		Solid alignment 1 21904 | 5243588 5265492 | 21904 21905 | 99.98 | pa_ill_pa_contig41 contig_152
		Solid alignment 1 868 | 5267020 5266147 | 868 874 | 98.4 | pa_ill_pa_contig74 contig_152
		Solid alignment 1 2514 | 5269985 5267472 | 2514 2514 | 99.72 | pa_ill_pa_contig54 contig_152
		Solid alignment 132 56432 | 5326225 5269931 | 56301 56295 | 99.92 | pa_ill_pa_contig31 contig_152
		Solid alignment 1 187635 | 5328295 5515918 | 187635 187624 | 99.98 | pa_ill_pa_contig14 contig_152
		Solid alignment 1 265097 | 5516763 5781846 | 265097 265084 | 99.98 | pa_ill_pa_contig7 contig_152
		Solid alignment 1 1538 | 5782297 5783834 | 1538 1538 | 100.0 | pa_ill_pa_contig60 contig_152
		Solid alignment 1 3511 | 5787717 5784207 | 3511 3511 | 100.0 | pa_ill_pa_contig49 contig_152
		Solid alignment 1 38146 | 5788306 5826446 | 38146 38141 | 99.98 | pa_ill_pa_contig36 contig_152
		Solid alignment 1 5713 | 5826392 5832105 | 5713 5714 | 99.96 | pa_ill_pa_contig44 contig_152
		Solid alignment 1 61716 | 5832051 5893760 | 61716 61710 | 99.98 | pa_ill_pa_contig29 contig_152
		Solid alignment 1 1197 | 5894902 5893706 | 1197 1197 | 99.08 | pa_ill_pa_contig67 contig_152
		Solid alignment 1 847683 | 6742461 5894848 | 847683 847614 | 99.98 | pa_ill_pa_contig1 contig_152
		Solid alignment 1 2207 | 6742407 6744613 | 2207 2207 | 99.5 | pa_ill_pa_contig55 contig_152
		Solid alignment 721 47071 | 6791638 6745291 | 46351 46348 | 99.99 | pa_ill_pa_contig35 contig_152
			Skipping alignments located inside solid regions since they are redundant:
		Skipping redundant alignment 2205 2601 | 2 398 | 397 397 | 92.44 | pa_ill_pa_contig6 contig_152
		Skipping redundant alignment 2663 2766 | 467 570 | 104 104 | 91.35 | pa_ill_pa_contig6 contig_152
		Skipping redundant alignment 39244 39312 | 268184 268252 | 69 69 | 100.0 | pa_ill_pa_contig17 contig_152
		Skipping redundant alignment 468678 468746 | 268184 268252 | 69 69 | 100.0 | pa_ill_pa_contig2 contig_152
		Skipping redundant alignment 39053 39121 | 268184 268252 | 69 69 | 100.0 | pa_ill_pa_contig17 contig_152
		Skipping redundant alignment 1 94 | 1698509 1698602 | 94 94 | 100.0 | pa_ill_pa_contig23 contig_152
		Skipping redundant alignment 847590 847683 | 1698602 1698509 | 94 94 | 100.0 | pa_ill_pa_contig1 contig_152
		Skipping redundant alignment 1 97 | 1698509 1698605 | 97 97 | 98.97 | pa_ill_pa_contig24 contig_152
		Skipping redundant alignment 56166 56348 | 3300873 3301055 | 183 183 | 94.54 | pa_ill_pa_contig20 contig_152
			Looking for the best set of alignments (out of 149 total alignments)
		Ambiguity for this contig is not checked for speed up (too much alignments and --ambiguity-usage is "one")
			Skipping redundant alignments after choosing the best set of alignments
		Skipping redundant alignment 1105 1184 | 5326947 5326868 | 80 80 | 92.5 | pa_ill_pa_contig31 contig_152
		Skipping redundant alignment 2771 3517 | 575 1321 | 747 747 | 94.65 | pa_ill_pa_contig6 contig_152
		Skipping redundant alignment 176 337 | 5327147 5326986 | 162 162 | 91.36 | pa_ill_pa_contig31 contig_152
		Skipping redundant alignment 104 348 | 5327942 5327698 | 245 245 | 91.43 | pa_ill_pa_contig31 contig_152
		Skipping redundant alignment 419 580 | 5327147 5326986 | 162 162 | 91.36 | pa_ill_pa_contig31 contig_152
		Skipping redundant alignment 3381 3503 | 5782211 5782089 | 123 123 | 91.87 | pa_ill_pa_contig49 contig_152
		Skipping redundant alignment 264591 265097 | 5783466 5783972 | 507 507 | 93.14 | pa_ill_pa_contig7 contig_152
		Skipping redundant alignment 264617 265097 | 5787375 5787855 | 481 481 | 92.36 | pa_ill_pa_contig7 contig_152
		Skipping redundant alignment 1578 1661 | 1079460 1079377 | 84 84 | 90.48 | pa_ill_pa_contig59 contig_152
		Skipping redundant alignment 1136 1458 | 1079902 1079580 | 323 323 | 96.28 | pa_ill_pa_contig59 contig_152
		Skipping redundant alignment 947 1065 | 1080091 1079973 | 119 119 | 94.12 | pa_ill_pa_contig59 contig_152
		Skipping redundant alignment 710 945 | 1080327 1080092 | 236 236 | 92.37 | pa_ill_pa_contig59 contig_152
		Skipping redundant alignment 1 1235 | 2039917 2038683 | 1235 1235 | 99.92 | pa_ill_pa_contig66 contig_152
		Skipping redundant alignment 1 2072 | 2042461 2040391 | 2072 2071 | 99.47 | pa_ill_pa_contig56 contig_152
		Skipping redundant alignment 401 476 | 2163903 2163978 | 76 76 | 100.0 | pa_ill_pa_contig9 contig_152
		Skipping redundant alignment 99 178 | 2164021 2164100 | 80 80 | 98.75 | pa_ill_pa_contig32 contig_152
		Skipping redundant alignment 401 477 | 2164194 2164270 | 77 77 | 100.0 | pa_ill_pa_contig9 contig_152
		Skipping redundant alignment 55696 56158 | 3300403 3300865 | 463 463 | 95.25 | pa_ill_pa_contig20 contig_152
		Skipping redundant alignment 2820 3940 | 3301029 3299909 | 1121 1121 | 90.51 | pa_ill_pa_contig6 contig_152
		Skipping redundant alignment 46729 47071 | 3931140 3931482 | 343 343 | 97.67 | pa_ill_pa_contig35 contig_152
		Skipping redundant alignment 1099 1184 | 5326227 5326142 | 86 86 | 91.86 | pa_ill_pa_contig31 contig_152
		Skipping redundant alignment 354 504 | 5326246 5326096 | 151 151 | 90.73 | pa_ill_pa_contig31 contig_152
		Skipping redundant alignment 117 348 | 5326480 5326249 | 232 232 | 90.52 | pa_ill_pa_contig31 contig_152
		Skipping redundant alignment 590 763 | 5326736 5326563 | 174 174 | 93.1 | pa_ill_pa_contig31 contig_152
			The best set is below. Score: 6775225.1, number of alignments: 125, unaligned bases: 11364
		This contig is misassembled.
		This contig is partially unaligned. (Aligned 6780274 out of 6791638 non-N bases (99.83%))
			Real Alignment 1: 1 720 | 720 1 | 720 720 | 99.86 | pa_ill_pa_contig35 contig_152
			  Not a misassembly [fragmentation of reference genome] between these two alignments
			Excluding internal overlap of size 41 between Alignment 2 and 3: 1 111253 | 379444 268198 | 111253 111247 --> 1 111212 | 379444 268239 | 111212 111206
			Real Alignment 2: 1 266935 | 1330 268238 | 266935 266909 | 99.98 | pa_ill_pa_contig6 contig_152
			  Indel (> 5bp) between these two alignments: deletion of length 41; 0 mismatches (number of Ns: 0) [fragmentation of reference genome]
			Excluding internal overlap of size 55 between Alignment 3 and 4: 1 5507 | 384896 379390 | 5507 5507 --> 1 5452 | 384896 379445 | 5452 5452
			Real Alignment 3: 1 111212 | 379444 268239 | 111212 111206 | 99.98 | pa_ill_pa_contig20 contig_152
			  Indel (> 5bp) between these two alignments: deletion of length 55; 0 mismatches (number of Ns: 0) [fragmentation of reference genome]
			Excluding internal overlap of size 55 between Alignment 4 and 5: 1 5452 | 384896 379445 | 5452 5452 --> 56 5452 | 384841 379445 | 5397 5397
			Real Alignment 4: 56 5452 | 384841 379445 | 5397 5397 | 99.47 | pa_ill_pa_contig45 contig_152
			  Indel (> 5bp) between these two alignments: deletion of length 55; 0 mismatches (number of Ns: 0) [fragmentation of reference genome]
			Excluding internal overlap of size 55 between Alignment 5 and 6: 1 602 | 503474 504075 | 602 602 --> 56 602 | 503529 504075 | 547 547
			Real Alignment 5: 1 118702 | 384842 503528 | 118702 118687 | 99.98 | pa_ill_pa_contig19 contig_152
			  Indel (> 5bp) between these two alignments: deletion of length 55; 0 mismatches (number of Ns: 0) [fragmentation of reference genome]
			Excluding internal overlap of size 55 between Alignment 6 and 7: 56 602 | 503529 504075 | 547 547 --> 56 547 | 503529 504020 | 492 492
			Real Alignment 6: 56 547 | 503529 504020 | 492 492 | 99.34 | pa_ill_pa_contig80 contig_152
			  Indel (> 5bp) between these two alignments: deletion of length 55; 0 mismatches (number of Ns: 0) [fragmentation of reference genome]
			Excluding internal overlap of size 55 between Alignment 7 and 8: 1 944 | 506145 505203 | 944 943 --> 1 889 | 506145 505258 | 889 888
			Real Alignment 7: 1 1237 | 505257 504021 | 1237 1237 | 99.68 | pa_ill_pa_contig65 contig_152
			  Indel (> 5bp) between these two alignments: deletion of length 55; 0 mismatches (number of Ns: 0) [fragmentation of reference genome]
			Excluding internal overlap of size 55 between Alignment 8 and 9: 1 838 | 506091 506928 | 838 838 --> 56 838 | 506146 506928 | 783 783
			Real Alignment 8: 1 889 | 506145 505258 | 889 888 | 98.73 | pa_ill_pa_contig71 contig_152
			  Indel (> 5bp) between these two alignments: deletion of length 55; 0 mismatches (number of Ns: 0) [fragmentation of reference genome]
			Excluding internal overlap of size 136 between Alignment 9 and 10: 56 838 | 506146 506928 | 783 783 --> 56 702 | 506146 506792 | 647 647
			Real Alignment 9: 56 702 | 506146 506792 | 647 647 | 99.05 | pa_ill_pa_contig8 contig_152
			  Extensive misassembly (translocation) between these two alignments
			Excluding internal overlap of size 55 between Alignment 10 and 11: 1 1468 | 530726 532193 | 1468 1468 --> 56 1468 | 530781 532193 | 1413 1413
			Real Alignment 10: 1 23992 | 506793 530780 | 23992 23988 | 99.98 | pa_ill_pa_contig40 contig_152
			  Indel (> 5bp) between these two alignments: deletion of length 55; 0 mismatches (number of Ns: 0) [fragmentation of reference genome]
			Excluding internal overlap of size 55 between Alignment 11 and 12: 56 1468 | 530781 532193 | 1413 1413 --> 56 1413 | 530781 532138 | 1358 1358
			Real Alignment 11: 56 1413 | 530781 532138 | 1358 1358 | 99.93 | pa_ill_pa_contig62 contig_152
			  Indel (> 5bp) between these two alignments: deletion of length 55; 0 mismatches (number of Ns: 0) [fragmentation of reference genome]
			Excluding internal overlap of size 55 between Alignment 12 and 13: 1 927 | 588760 589686 | 927 927 --> 56 927 | 588815 589686 | 872 872
			Real Alignment 12: 1 56682 | 532139 588814 | 56682 56676 | 99.99 | pa_ill_pa_contig30 contig_152
			  Indel (> 5bp) between these two alignments: deletion of length 55; 0 mismatches (number of Ns: 0) [fragmentation of reference genome]
			Excluding internal overlap of size 55 between Alignment 13 and 14: 56 927 | 588815 589686 | 872 872 --> 56 872 | 588815 589631 | 817 817
			Real Alignment 13: 56 872 | 588815 589631 | 817 817 | 97.63 | pa_ill_pa_contig73 contig_152
			  Indel (> 5bp) between these two alignments: deletion of length 55; 0 mismatches (number of Ns: 0) [fragmentation of reference genome]
			Excluding internal overlap of size 55 between Alignment 14 and 15: 1 1492 | 794437 795928 | 1492 1492 --> 56 1492 | 794492 795928 | 1437 1437
			Real Alignment 14: 1 204999 | 794491 589632 | 204999 204860 | 99.92 | pa_ill_pa_contig12 contig_152
			  Indel (> 5bp) between these two alignments: deletion of length 55; 0 mismatches (number of Ns: 0) [fragmentation of reference genome]
			Excluding internal overlap of size 55 between Alignment 15 and 16: 56 1492 | 794492 795928 | 1437 1437 --> 56 1437 | 794492 795873 | 1382 1382
			Real Alignment 15: 56 1437 | 794492 795873 | 1382 1382 | 99.87 | pa_ill_pa_contig61 contig_152
			  Indel (> 5bp) between these two alignments: deletion of length 55; 0 mismatches (number of Ns: 0) [fragmentation of reference genome]
			Excluding internal overlap of size 55 between Alignment 16 and 17: 1 1258 | 903856 902599 | 1258 1258 --> 1 1203 | 903856 902654 | 1203 1203
			Real Alignment 16: 1 106796 | 795874 902653 | 106796 106780 | 99.98 | pa_ill_pa_contig21 contig_152
			  Indel (> 5bp) between these two alignments: deletion of length 55; 0 mismatches (number of Ns: 0) [fragmentation of reference genome]
			Excluding internal overlap of size 55 between Alignment 17 and 18: 1 1203 | 903856 902654 | 1203 1203 --> 56 1203 | 903801 902654 | 1148 1148
			Real Alignment 17: 56 1203 | 903801 902654 | 1148 1148 | 99.52 | pa_ill_pa_contig64 contig_152
			  Indel (> 5bp) between these two alignments: deletion of length 55; 0 mismatches (number of Ns: 0) [fragmentation of reference genome]
			Excluding internal overlap of size 381 between Alignment 18 and 19: 1 34671 | 903802 938506 | 34671 34705 --> 1 34328 | 903802 938125 | 34328 34324
			Real Alignment 18: 1 34328 | 903802 938125 | 34328 34324 | 99.85 | pa_ill_pa_contig15 contig_152
			  Overlap between these two alignments (local misassembly). Inconsistency = -93
			Excluding internal overlap of size 55 between Alignment 19 and 20: 1 690 | 1077599 1078288 | 690 690 --> 56 690 | 1077654 1078288 | 635 635
			Real Alignment 19: 34236 173697 | 938126 1077653 | 139462 139528 | 99.93 | pa_ill_pa_contig15 contig_152
			  Indel (> 5bp) between these two alignments: deletion of length 55; 0 mismatches (number of Ns: 0) [fragmentation of reference genome]
			Real Alignment 20: 56 690 | 1077654 1078288 | 635 635 | 100.0 | pa_ill_pa_contig76 contig_152
			  Not a misassembly [fragmentation of reference genome] between these two alignments
			Real Alignment 21: 1 1028 | 1079431 1078404 | 1028 1028 | 99.81 | pa_ill_pa_contig68 contig_152
			  Not a misassembly [fragmentation of reference genome] between these two alignments
			Excluding internal overlap of size 55 between Alignment 22 and 23: 1 647 | 1080189 1080835 | 647 647 --> 1 592 | 1080189 1080780 | 592 592
			Real Alignment 22: 1 592 | 1080189 1080780 | 592 592 | 100.0 | pa_ill_pa_contig77 contig_152
			  Indel (> 5bp) between these two alignments: deletion of length 55; 0 mismatches (number of Ns: 0) [fragmentation of reference genome]
			Real Alignment 23: 1 690 | 1080781 1081470 | 690 690 | 99.86 | pa_ill_pa_contig76 contig_152
			  Not a misassembly [fragmentation of reference genome] between these two alignments
			Excluding internal overlap of size 55 between Alignment 24 and 25: 1 1028 | 1082613 1081586 | 1028 1028 --> 56 1028 | 1082558 1081586 | 973 973
			Real Alignment 24: 56 1028 | 1082558 1081586 | 973 973 | 99.51 | pa_ill_pa_contig68 contig_152
			  Indel (> 5bp) between these two alignments: deletion of length 55; 0 mismatches (number of Ns: 0) [fragmentation of reference genome]
			Excluding internal overlap of size 55 between Alignment 25 and 26: 1 1661 | 1084218 1082559 | 1661 1660 --> 56 1661 | 1084163 1082559 | 1606 1605
			Real Alignment 25: 56 1661 | 1084163 1082559 | 1606 1605 | 99.94 | pa_ill_pa_contig59 contig_152
			  Indel (> 5bp) between these two alignments: deletion of length 55; 0 mismatches (number of Ns: 0) [fragmentation of reference genome]
			Excluding internal overlap of size 55 between Alignment 26 and 27: 1 1682 | 1084164 1085845 | 1682 1682 --> 1 1627 | 1084164 1085790 | 1627 1627
			Real Alignment 26: 1 1627 | 1084164 1085790 | 1627 1627 | 99.52 | pa_ill_pa_contig58 contig_152
			  Indel (> 5bp) between these two alignments: deletion of length 55; 0 mismatches (number of Ns: 0) [fragmentation of reference genome]
			Excluding internal overlap of size 55 between Alignment 27 and 28: 1 1682 | 1090704 1092384 | 1682 1681 --> 56 1682 | 1090759 1092384 | 1627 1626
			Real Alignment 27: 1 4971 | 1085791 1090758 | 4971 4968 | 99.94 | pa_ill_pa_contig46 contig_152
			  Indel (> 5bp) between these two alignments: deletion of length 55; 0 mismatches (number of Ns: 0) [fragmentation of reference genome]
			Excluding internal overlap of size 55 between Alignment 28 and 29: 56 1682 | 1090759 1092384 | 1627 1626 --> 56 1627 | 1090759 1092329 | 1572 1571
			Real Alignment 28: 56 1627 | 1090759 1092329 | 1572 1571 | 99.7 | pa_ill_pa_contig58 contig_152
			  Indel (> 5bp) between these two alignments: deletion of length 55; 0 mismatches (number of Ns: 0) [fragmentation of reference genome]
			Excluding internal overlap of size 55 between Alignment 29 and 30: 1 799 | 1095513 1096311 | 799 799 --> 56 799 | 1095568 1096311 | 744 744
			Real Alignment 29: 1 3238 | 1092330 1095567 | 3238 3238 | 100.0 | pa_ill_pa_contig50 contig_152
			  Indel (> 5bp) between these two alignments: deletion of length 55; 0 mismatches (number of Ns: 0) [fragmentation of reference genome]
			Real Alignment 30: 56 799 | 1095568 1096311 | 744 744 | 99.12 | pa_ill_pa_contig75 contig_152
			  Not a misassembly [fragmentation of reference genome] between these two alignments
			Excluding internal overlap of size 55 between Alignment 31 and 32: 1 799 | 1103092 1103890 | 799 799 --> 56 799 | 1103147 1103890 | 744 744
			Real Alignment 31: 1 6148 | 1103146 1097001 | 6148 6146 | 99.97 | pa_ill_pa_contig43 contig_152
			  Indel (> 5bp) between these two alignments: deletion of length 55; 0 mismatches (number of Ns: 0) [fragmentation of reference genome]
			Real Alignment 32: 56 799 | 1103147 1103890 | 744 744 | 98.62 | pa_ill_pa_contig75 contig_152
			  Not a misassembly [fragmentation of reference genome] between these two alignments
			Excluding internal overlap of size 55 between Alignment 33 and 34: 1 985 | 1172852 1173836 | 985 985 --> 56 985 | 1172907 1173836 | 930 930
			Real Alignment 33: 1 68331 | 1104580 1172906 | 68331 68327 | 99.99 | pa_ill_pa_contig28 contig_152
			  Indel (> 5bp) between these two alignments: deletion of length 55; 0 mismatches (number of Ns: 0) [fragmentation of reference genome]
			Excluding internal overlap of size 55 between Alignment 34 and 35: 56 985 | 1172907 1173836 | 930 930 --> 56 930 | 1172907 1173781 | 875 875
			Real Alignment 34: 56 930 | 1172907 1173781 | 875 875 | 98.48 | pa_ill_pa_contig69 contig_152
			  Indel (> 5bp) between these two alignments: deletion of length 55; 0 mismatches (number of Ns: 0) [fragmentation of reference genome]
			Excluding internal overlap of size 55 between Alignment 35 and 36: 1235 3722 | 1206981 1204494 | 2488 2488 --> 1235 3667 | 1206981 1204549 | 2433 2433
			Real Alignment 35: 1 30768 | 1204548 1173782 | 30768 30767 | 99.96 | pa_ill_pa_contig38 contig_152
			  Indel (> 5bp) between these two alignments: deletion of length 55; 0 mismatches (number of Ns: 0) [fragmentation of reference genome]
			Real Alignment 36: 1235 3667 | 1206981 1204549 | 2433 2433 | 99.4 | pa_ill_pa_contig48 contig_152
			  Gap between these two alignments (local misassembly). Inconsistency = 0
			Excluding internal overlap of size 55 between Alignment 37 and 38: 1 1079 | 1208215 1207137 | 1079 1079 --> 56 1079 | 1208160 1207137 | 1024 1024
			Real Alignment 37: 56 1079 | 1208160 1207137 | 1024 1024 | 99.54 | pa_ill_pa_contig48 contig_152
			  Indel (> 5bp) between these two alignments: deletion of length 55; 0 mismatches (number of Ns: 0) [fragmentation of reference genome]
			Excluding internal overlap of size 55 between Alignment 38 and 39: 1 3064 | 1217754 1214691 | 3064 3064 --> 1 3009 | 1217754 1214746 | 3009 3009
			Real Alignment 38: 1 6590 | 1208161 1214745 | 6590 6585 | 99.76 | pa_ill_pa_contig42 contig_152
			  Indel (> 5bp) between these two alignments: deletion of length 55; 0 mismatches (number of Ns: 0) [fragmentation of reference genome]
			Excluding internal overlap of size 55 between Alignment 39 and 40: 1 3009 | 1217754 1214746 | 3009 3009 --> 56 3009 | 1217699 1214746 | 2954 2954
			Real Alignment 39: 56 3009 | 1217699 1214746 | 2954 2954 | 99.28 | pa_ill_pa_contig51 contig_152
			  Indel (> 5bp) between these two alignments: deletion of length 55; 0 mismatches (number of Ns: 0) [fragmentation of reference genome]
			Excluding internal overlap of size 55 between Alignment 40 and 41: 1 603 | 1245039 1244437 | 603 603 --> 1 548 | 1245039 1244492 | 548 548
			Real Alignment 40: 1 26794 | 1217700 1244491 | 26794 26792 | 99.99 | pa_ill_pa_contig39 contig_152
			  Indel (> 5bp) between these two alignments: deletion of length 55; 0 mismatches (number of Ns: 0) [fragmentation of reference genome]
			Excluding internal overlap of size 55 between Alignment 41 and 42: 1 548 | 1245039 1244492 | 548 548 --> 56 548 | 1244984 1244492 | 493 493
			Real Alignment 41: 56 548 | 1244984 1244492 | 493 493 | 100.0 | pa_ill_pa_contig79 contig_152
			  Indel (> 5bp) between these two alignments: deletion of length 55; 0 mismatches (number of Ns: 0) [fragmentation of reference genome]
			Excluding internal overlap of size 55 between Alignment 42 and 43: 1 944 | 1503488 1504430 | 944 943 --> 56 944 | 1503543 1504430 | 889 888
			Real Alignment 42: 1 258570 | 1503542 1244985 | 258570 258558 | 99.98 | pa_ill_pa_contig8 contig_152
			  Indel (> 5bp) between these two alignments: deletion of length 55; 0 mismatches (number of Ns: 0) [fragmentation of reference genome]
			Excluding internal overlap of size 55 between Alignment 43 and 44: 56 944 | 1503543 1504430 | 889 888 --> 56 889 | 1503543 1504375 | 834 833
			Real Alignment 43: 56 889 | 1503543 1504375 | 834 833 | 99.26 | pa_ill_pa_contig71 contig_152
			  Indel (> 5bp) between these two alignments: deletion of length 55; 0 mismatches (number of Ns: 0) [fragmentation of reference genome]
			Excluding internal overlap of size 55 between Alignment 44 and 45: 1 602 | 1506159 1505558 | 602 602 --> 1 547 | 1506159 1505613 | 547 547
			Real Alignment 44: 1 1237 | 1504376 1505612 | 1237 1237 | 95.64 | pa_ill_pa_contig65 contig_152
			  Indel (> 5bp) between these two alignments: deletion of length 55; 0 mismatches (number of Ns: 0) [fragmentation of reference genome]
			Excluding internal overlap of size 55 between Alignment 45 and 46: 1 547 | 1506159 1505613 | 547 547 --> 56 547 | 1506104 1505613 | 492 492
			Real Alignment 45: 56 547 | 1506104 1505613 | 492 492 | 99.17 | pa_ill_pa_contig80 contig_152
			  Indel (> 5bp) between these two alignments: deletion of length 55; 0 mismatches (number of Ns: 0) [fragmentation of reference genome]
			Excluding internal overlap of size 55 between Alignment 46 and 47: 1 1197 | 1698563 1697367 | 1197 1197 --> 1 1142 | 1698563 1697422 | 1142 1142
			Real Alignment 46: 1 191344 | 1506105 1697421 | 191344 191317 | 99.98 | pa_ill_pa_contig13 contig_152
			  Indel (> 5bp) between these two alignments: deletion of length 55; 0 mismatches (number of Ns: 0) [fragmentation of reference genome]
			Excluding internal overlap of size 16 between Alignment 47 and 48: 1 1142 | 1698563 1697422 | 1142 1142 --> 17 1142 | 1698547 1697422 | 1126 1126
			Real Alignment 47: 17 1142 | 1698547 1697422 | 1126 1126 | 99.83 | pa_ill_pa_contig67 contig_152
			  Indel (> 5bp) between these two alignments: deletion of length 16; 0 mismatches (number of Ns: 0) [fragmentation of reference genome]
			Excluding internal overlap of size 55 between Alignment 48 and 49: 1 86455 | 1698548 1784988 | 86455 86441 --> 1 86400 | 1698548 1784933 | 86400 86386
			Real Alignment 48: 1 86400 | 1698548 1784933 | 86400 86386 | 99.98 | pa_ill_pa_contig25 contig_152
			  Extensive misassembly (translocation) between these two alignments
			Real Alignment 49: 161 249467 | 1784934 2034218 | 249307 249285 | 99.99 | pa_ill_pa_contig9 contig_152
			  Not a misassembly [fragmentation of reference genome] between these two alignments
			Real Alignment 50: 1 2531 | 2037113 2034583 | 2531 2531 | 99.84 | pa_ill_pa_contig53 contig_152
			  Not a misassembly [fragmentation of reference genome] between these two alignments
			Excluding internal overlap of size 55 between Alignment 51 and 52: 1 623 | 2038737 2038115 | 623 623 --> 1 568 | 2038737 2038170 | 568 568
			Real Alignment 51: 1 929 | 2038169 2037241 | 929 929 | 99.35 | pa_ill_pa_contig72 contig_152
			  Indel (> 5bp) between these two alignments: deletion of length 55; 0 mismatches (number of Ns: 0) [fragmentation of reference genome]
			Excluding internal overlap of size 55 between Alignment 52 and 53: 1 568 | 2038737 2038170 | 568 568 --> 56 568 | 2038682 2038170 | 513 513
			Real Alignment 52: 56 568 | 2038682 2038170 | 513 513 | 97.75 | pa_ill_pa_contig78 contig_152
			  Indel (> 5bp) between these two alignments: deletion of length 55; 0 mismatches (number of Ns: 0) [fragmentation of reference genome]
			Excluding internal overlap of size 55 between Alignment 53 and 54: 1 539 | 2042945 2042407 | 539 539 --> 1 484 | 2042945 2042462 | 484 484
			Real Alignment 53: 1 3774 | 2038683 2042461 | 3774 3779 | 90.12 | pa_ill_pa_contig47 contig_152
			  Indel (> 5bp) between these two alignments: deletion of length 55; 0 mismatches (number of Ns: 0) [fragmentation of reference genome]
			Excluding internal overlap of size 55 between Alignment 54 and 55: 1 484 | 2042945 2042462 | 484 484 --> 56 484 | 2042890 2042462 | 429 429
			Real Alignment 54: 56 484 | 2042890 2042462 | 429 429 | 98.33 | pa_ill_pa_contig84 contig_152
			  Indel (> 5bp) between these two alignments: deletion of length 55; 0 mismatches (number of Ns: 0) [fragmentation of reference genome]
			Real Alignment 55: 1 121067 | 2163954 2042891 | 121067 121064 | 99.99 | pa_ill_pa_contig17 contig_152
			  Not a misassembly [fragmentation of reference genome] between these two alignments
			Excluding internal overlap of size 55 between Alignment 56 and 57: 1 1258 | 2221424 2220167 | 1258 1258 --> 1 1203 | 2221424 2220222 | 1203 1203
			Real Alignment 56: 1 56007 | 2164216 2220221 | 56007 56006 | 99.98 | pa_ill_pa_contig32 contig_152
			  Indel (> 5bp) between these two alignments: deletion of length 55; 0 mismatches (number of Ns: 0) [fragmentation of reference genome]
			Excluding internal overlap of size 55 between Alignment 57 and 58: 1 1203 | 2221424 2220222 | 1203 1203 --> 56 1203 | 2221369 2220222 | 1148 1148
			Real Alignment 57: 56 1203 | 2221369 2220222 | 1148 1148 | 99.84 | pa_ill_pa_contig64 contig_152
			  Indel (> 5bp) between these two alignments: deletion of length 55; 0 mismatches (number of Ns: 0) [fragmentation of reference genome]
			Excluding internal overlap of size 303 between Alignment 58 and 59: 1 247386 | 2763560 2516204 | 247386 247357 --> 1 247083 | 2763560 2516507 | 247083 247054
			Real Alignment 58: 247199 542364 | 2516506 2221370 | 295166 295137 | 99.98 | pa_ill_pa_contig2 contig_152
			  Gap between these two alignments (local misassembly). Inconsistency = 115
			Excluding internal overlap of size 55 between Alignment 59 and 60: 1 539 | 2763506 2764044 | 539 539 --> 56 539 | 2763561 2764044 | 484 484
			Real Alignment 59: 1 247083 | 2763560 2516507 | 247083 247054 | 99.98 | pa_ill_pa_contig2 contig_152
			  Indel (> 5bp) between these two alignments: deletion of length 55; 0 mismatches (number of Ns: 0) [fragmentation of reference genome]
			Excluding internal overlap of size 55 between Alignment 60 and 61: 56 539 | 2763561 2764044 | 484 484 --> 56 484 | 2763561 2763989 | 429 429
			Real Alignment 60: 56 484 | 2763561 2763989 | 429 429 | 98.52 | pa_ill_pa_contig84 contig_152
			  Indel (> 5bp) between these two alignments: deletion of length 55; 0 mismatches (number of Ns: 0) [fragmentation of reference genome]
			Excluding internal overlap of size 55 between Alignment 61 and 62: 1 623 | 2767709 2768331 | 623 623 --> 56 623 | 2767764 2768331 | 568 568
			Real Alignment 61: 1 3774 | 2767763 2763990 | 3774 3774 | 100.0 | pa_ill_pa_contig47 contig_152
			  Indel (> 5bp) between these two alignments: deletion of length 55; 0 mismatches (number of Ns: 0) [fragmentation of reference genome]
			Excluding internal overlap of size 55 between Alignment 62 and 63: 56 623 | 2767764 2768331 | 568 568 --> 56 568 | 2767764 2768276 | 513 513
			Real Alignment 62: 56 568 | 2767764 2768276 | 513 513 | 100.0 | pa_ill_pa_contig78 contig_152
			  Indel (> 5bp) between these two alignments: deletion of length 55; 0 mismatches (number of Ns: 0) [fragmentation of reference genome]
			Real Alignment 63: 1 929 | 2768277 2769206 | 929 930 | 98.39 | pa_ill_pa_contig72 contig_152
			  Not a misassembly [fragmentation of reference genome] between these two alignments
			Real Alignment 64: 1 2549 | 2769334 2771882 | 2549 2549 | 100.0 | pa_ill_pa_contig52 contig_152
			  Not a misassembly [fragmentation of reference genome] between these two alignments
			Excluding internal overlap of size 55 between Alignment 65 and 66: 1 1468 | 3176450 3177917 | 1468 1468 --> 56 1468 | 3176505 3177917 | 1413 1413
			Real Alignment 65: 1 404310 | 3176504 2772241 | 404310 404264 | 99.98 | pa_ill_pa_contig4 contig_152
			  Indel (> 5bp) between these two alignments: deletion of length 55; 0 mismatches (number of Ns: 0) [fragmentation of reference genome]
			Excluding internal overlap of size 55 between Alignment 66 and 67: 56 1468 | 3176505 3177917 | 1413 1413 --> 56 1413 | 3176505 3177862 | 1358 1358
			Real Alignment 66: 56 1413 | 3176505 3177862 | 1358 1358 | 100.0 | pa_ill_pa_contig62 contig_152
			  Indel (> 5bp) between these two alignments: deletion of length 55; 0 mismatches (number of Ns: 0) [fragmentation of reference genome]
			Real Alignment 67: 1 122468 | 3177863 3300323 | 122468 122461 | 99.98 | pa_ill_pa_contig16 contig_152
			  Not a misassembly [fragmentation of reference genome] between these two alignments
			Excluding internal overlap of size 55 between Alignment 68 and 69: 1 603 | 3354553 3353951 | 603 603 --> 1 548 | 3354553 3354006 | 548 548
			Real Alignment 68: 1 53273 | 3354005 3300738 | 53273 53268 | 99.99 | pa_ill_pa_contig33 contig_152
			  Indel (> 5bp) between these two alignments: deletion of length 55; 0 mismatches (number of Ns: 0) [fragmentation of reference genome]
			Excluding internal overlap of size 55 between Alignment 69 and 70: 1 548 | 3354553 3354006 | 548 548 --> 56 548 | 3354498 3354006 | 493 493
			Real Alignment 69: 56 548 | 3354498 3354006 | 493 493 | 100.0 | pa_ill_pa_contig79 contig_152
			  Indel (> 5bp) between these two alignments: deletion of length 55; 0 mismatches (number of Ns: 0) [fragmentation of reference genome]
			Excluding internal overlap of size 242 between Alignment 70 and 71: 41099 76514 | 3389906 3354499 | 35416 35408 --> 41341 76514 | 3389664 3354499 | 35174 35166
			Real Alignment 70: 41341 76514 | 3389664 3354499 | 35174 35166 | 99.96 | pa_ill_pa_contig26 contig_152
			  Gap between these two alignments (local misassembly). Inconsistency = 112
			Excluding internal overlap of size 76 between Alignment 71 and 72: 1 846 | 3431655 3430816 | 846 840 --> 1 770 | 3431655 3430892 | 770 764
			Real Alignment 71: 1 41228 | 3430891 3389665 | 41228 41227 | 99.96 | pa_ill_pa_contig26 contig_152
			  Extensive misassembly (translocation) between these two alignments
			Excluding internal overlap of size 55 between Alignment 72 and 73: 1 770 | 3431655 3430892 | 770 764 --> 56 770 | 3431600 3430892 | 715 709
			Real Alignment 72: 56 770 | 3431600 3430892 | 715 709 | 90.05 | pa_ill_pa_contig20 contig_152
			  Indel (> 5bp) between these two alignments: deletion of length 55; 0 mismatches (number of Ns: 0) [fragmentation of reference genome]
			Excluding internal overlap of size 55 between Alignment 73 and 74: 1 5507 | 3437107 3431601 | 5507 5507 --> 56 5507 | 3437052 3431601 | 5452 5452
			Real Alignment 73: 56 5507 | 3437052 3431601 | 5452 5452 | 99.84 | pa_ill_pa_contig45 contig_152
			  Indel (> 5bp) between these two alignments: deletion of length 55; 0 mismatches (number of Ns: 0) [fragmentation of reference genome]
			Excluding internal overlap of size 55 between Alignment 74 and 75: 1 5713 | 3511120 3505409 | 5713 5712 --> 1 5658 | 3511120 3505464 | 5658 5657
			Real Alignment 74: 1 68413 | 3437053 3505463 | 68413 68411 | 99.98 | pa_ill_pa_contig27 contig_152
			  Indel (> 5bp) between these two alignments: deletion of length 55; 0 mismatches (number of Ns: 0) [fragmentation of reference genome]
			Excluding internal overlap of size 55 between Alignment 75 and 76: 1 5658 | 3511120 3505464 | 5658 5657 --> 56 5658 | 3511065 3505464 | 5603 5602
			Real Alignment 75: 56 5658 | 3511065 3505464 | 5603 5602 | 99.93 | pa_ill_pa_contig44 contig_152
			  Indel (> 5bp) between these two alignments: deletion of length 55; 0 mismatches (number of Ns: 0) [fragmentation of reference genome]
			Excluding internal overlap of size 55 between Alignment 76 and 77: 1 1197 | 3598997 3600193 | 1197 1197 --> 56 1197 | 3599052 3600193 | 1142 1142
			Real Alignment 76: 1 87995 | 3599051 3511066 | 87995 87986 | 99.98 | pa_ill_pa_contig24 contig_152
			  Indel (> 5bp) between these two alignments: deletion of length 55; 0 mismatches (number of Ns: 0) [fragmentation of reference genome]
			Excluding internal overlap of size 55 between Alignment 77 and 78: 56 1197 | 3599052 3600193 | 1142 1142 --> 56 1142 | 3599052 3600138 | 1087 1087
			Real Alignment 77: 56 1142 | 3599052 3600138 | 1087 1087 | 99.75 | pa_ill_pa_contig67 contig_152
			  Indel (> 5bp) between these two alignments: deletion of length 55; 0 mismatches (number of Ns: 0) [fragmentation of reference genome]
			Excluding internal overlap of size 55 between Alignment 78 and 79: 1 927 | 3894650 3895576 | 927 927 --> 56 927 | 3894705 3895576 | 872 872
			Real Alignment 78: 1 294591 | 3600139 3894704 | 294591 294566 | 99.98 | pa_ill_pa_contig5 contig_152
			  Indel (> 5bp) between these two alignments: deletion of length 55; 0 mismatches (number of Ns: 0) [fragmentation of reference genome]
			Excluding internal overlap of size 55 between Alignment 79 and 80: 56 927 | 3894705 3895576 | 872 872 --> 56 872 | 3894705 3895521 | 817 817
			Real Alignment 79: 56 872 | 3894705 3895521 | 817 817 | 99.89 | pa_ill_pa_contig73 contig_152
			  Indel (> 5bp) between these two alignments: deletion of length 55; 0 mismatches (number of Ns: 0) [fragmentation of reference genome]
			Real Alignment 80: 1 35776 | 3895522 3931290 | 35776 35769 | 99.98 | pa_ill_pa_contig37 contig_152
			  Not a misassembly [fragmentation of reference genome] between these two alignments
			Excluding internal overlap of size 55 between Alignment 81 and 82: 1 2207 | 3934366 3932160 | 2207 2207 --> 56 2207 | 3934311 3932160 | 2152 2152
			Real Alignment 81: 56 2207 | 3934311 3932160 | 2152 2152 | 99.82 | pa_ill_pa_contig55 contig_152
			  Indel (> 5bp) between these two alignments: deletion of length 55; 0 mismatches (number of Ns: 0) [fragmentation of reference genome]
			Excluding internal overlap of size 128 between Alignment 82 and 83: 1 1874 | 4166733 4168606 | 1874 1874 --> 129 1874 | 4166861 4168606 | 1746 1746
			Real Alignment 82: 1 232544 | 3934312 4166860 | 232544 232549 | 99.97 | pa_ill_pa_contig10 contig_152
			  Extensive misassembly (translocation) between these two alignments
			Excluding internal overlap of size 156 between Alignment 83 and 84: 129 1874 | 4166861 4168606 | 1746 1746 --> 129 1718 | 4166861 4168450 | 1590 1590
			Real Alignment 83: 129 1718 | 4166861 4168450 | 1590 1590 | 100.0 | pa_ill_pa_contig57 contig_152
			  Extensive misassembly (translocation) between these two alignments
			Excluding internal overlap of size 55 between Alignment 84 and 85: 1235 3722 | 4175908 4173421 | 2488 2488 --> 1235 3667 | 4175908 4173476 | 2433 2433
			Real Alignment 84: 232388 237415 | 4168451 4173475 | 5028 5025 | 99.92 | pa_ill_pa_contig10 contig_152
			  Indel (> 5bp) between these two alignments: deletion of length 55; 0 mismatches (number of Ns: 0) [fragmentation of reference genome]
			Real Alignment 85: 1235 3667 | 4175908 4173476 | 2433 2433 | 99.6 | pa_ill_pa_contig48 contig_152
			  Gap between these two alignments (local misassembly). Inconsistency = 0
			Excluding internal overlap of size 55 between Alignment 86 and 87: 1 956 | 4177088 4178042 | 956 955 --> 56 956 | 4177143 4178042 | 901 900
			Real Alignment 86: 1 1079 | 4177142 4176064 | 1079 1079 | 99.81 | pa_ill_pa_contig48 contig_152
			  Indel (> 5bp) between these two alignments: deletion of length 55; 0 mismatches (number of Ns: 0) [fragmentation of reference genome]
			Excluding internal overlap of size 55 between Alignment 87 and 88: 56 956 | 4177143 4178042 | 901 900 --> 56 901 | 4177143 4177987 | 846 845
			Real Alignment 87: 56 901 | 4177143 4177987 | 846 845 | 99.9 | pa_ill_pa_contig70 contig_152
			  Indel (> 5bp) between these two alignments: deletion of length 55; 0 mismatches (number of Ns: 0) [fragmentation of reference genome]
			Excluding internal overlap of size 55 between Alignment 88 and 89: 1 3064 | 4181051 4177988 | 3064 3064 --> 56 3064 | 4180996 4177988 | 3009 3009
			Real Alignment 88: 56 3064 | 4180996 4177988 | 3009 3009 | 99.71 | pa_ill_pa_contig51 contig_152
			  Indel (> 5bp) between these two alignments: deletion of length 55; 0 mismatches (number of Ns: 0) [fragmentation of reference genome]
			Excluding internal overlap of size 425 between Alignment 89 and 90: 1 93281 | 4391740 4298470 | 93281 93271 --> 1 92856 | 4391740 4298895 | 92856 92846
			Real Alignment 89: 92967 210873 | 4298894 4180997 | 117907 117898 | 99.97 | pa_ill_pa_contig11 contig_152
			  Gap between these two alignments (local misassembly). Inconsistency = 110
			Excluding internal overlap of size 55 between Alignment 90 and 91: 1 985 | 4391686 4392670 | 985 985 --> 56 985 | 4391741 4392670 | 930 930
			Real Alignment 90: 1 92856 | 4391740 4298895 | 92856 92846 | 99.97 | pa_ill_pa_contig11 contig_152
			  Indel (> 5bp) between these two alignments: deletion of length 55; 0 mismatches (number of Ns: 0) [fragmentation of reference genome]
			Excluding internal overlap of size 55 between Alignment 91 and 92: 56 985 | 4391741 4392670 | 930 930 --> 56 930 | 4391741 4392615 | 875 875
			Real Alignment 91: 56 930 | 4391741 4392615 | 875 875 | 99.49 | pa_ill_pa_contig69 contig_152
			  Indel (> 5bp) between these two alignments: deletion of length 55; 0 mismatches (number of Ns: 0) [fragmentation of reference genome]
			Excluding internal overlap of size 55 between Alignment 92 and 93: 1 5713 | 4441525 4447237 | 5713 5713 --> 56 5713 | 4441580 4447237 | 5658 5658
			Real Alignment 92: 1 48969 | 4392616 4441579 | 48969 48964 | 99.97 | pa_ill_pa_contig34 contig_152
			  Indel (> 5bp) between these two alignments: deletion of length 55; 0 mismatches (number of Ns: 0) [fragmentation of reference genome]
			Excluding internal overlap of size 55 between Alignment 93 and 94: 56 5713 | 4441580 4447237 | 5658 5658 --> 56 5658 | 4441580 4447182 | 5603 5603
			Real Alignment 93: 56 5658 | 4441580 4447182 | 5603 5603 | 99.93 | pa_ill_pa_contig44 contig_152
			  Indel (> 5bp) between these two alignments: deletion of length 55; 0 mismatches (number of Ns: 0) [fragmentation of reference genome]
			Real Alignment 94: 1 106324 | 4553503 4447183 | 106324 106321 | 99.99 | pa_ill_pa_contig22 contig_152
			  Not a misassembly [fragmentation of reference genome] between these two alignments
			Excluding internal overlap of size 55 between Alignment 95 and 96: 1 1197 | 4643969 4645165 | 1197 1197 --> 56 1197 | 4644024 4645165 | 1142 1142
			Real Alignment 95: 1 90153 | 4644023 4553879 | 90153 90145 | 99.98 | pa_ill_pa_contig23 contig_152
			  Indel (> 5bp) between these two alignments: deletion of length 55; 0 mismatches (number of Ns: 0) [fragmentation of reference genome]
			Excluding internal overlap of size 55 between Alignment 96 and 97: 56 1197 | 4644024 4645165 | 1142 1142 --> 56 1142 | 4644024 4645110 | 1087 1087
			Real Alignment 96: 56 1142 | 4644024 4645110 | 1087 1087 | 99.83 | pa_ill_pa_contig67 contig_152
			  Indel (> 5bp) between these two alignments: deletion of length 55; 0 mismatches (number of Ns: 0) [fragmentation of reference genome]
			Excluding internal overlap of size 55 between Alignment 97 and 98: 1 2514 | 5110675 5113188 | 2514 2514 --> 56 2514 | 5110730 5113188 | 2459 2459
			Real Alignment 97: 1 465790 | 4645111 5110729 | 465790 465619 | 99.96 | pa_ill_pa_contig3 contig_152
			  Indel (> 5bp) between these two alignments: deletion of length 55; 0 mismatches (number of Ns: 0) [fragmentation of reference genome]
			Excluding internal overlap of size 55 between Alignment 98 and 99: 1 561 | 5113694 5113134 | 561 561 --> 1 506 | 5113694 5113189 | 506 506
			Real Alignment 98: 56 2514 | 5110730 5113188 | 2459 2459 | 99.68 | pa_ill_pa_contig54 contig_152
			  Indel (> 5bp) between these two alignments: deletion of length 55; 0 mismatches (number of Ns: 0) [fragmentation of reference genome]
			Excluding internal overlap of size 55 between Alignment 99 and 100: 1 506 | 5113694 5113189 | 506 506 --> 56 506 | 5113639 5113189 | 451 451
			Real Alignment 99: 56 506 | 5113639 5113189 | 451 451 | 100.0 | pa_ill_pa_contig83 contig_152
			  Indel (> 5bp) between these two alignments: deletion of length 55; 0 mismatches (number of Ns: 0) [fragmentation of reference genome]
			Real Alignment 100: 1 868 | 5113640 5114507 | 868 868 | 99.54 | pa_ill_pa_contig74 contig_152
			  Not a misassembly [fragmentation of reference genome] between these two alignments
			Excluding internal overlap of size 55 between Alignment 101 and 102: 1 5713 | 5234250 5239962 | 5713 5713 --> 56 5713 | 5234305 5239962 | 5658 5658
			Real Alignment 101: 1 119004 | 5115311 5234304 | 119004 118994 | 99.98 | pa_ill_pa_contig18 contig_152
			  Indel (> 5bp) between these two alignments: deletion of length 55; 0 mismatches (number of Ns: 0) [fragmentation of reference genome]
			Excluding internal overlap of size 55 between Alignment 102 and 103: 1 1339 | 5239908 5241246 | 1339 1339 --> 56 1339 | 5239963 5241246 | 1284 1284
			Real Alignment 102: 56 5713 | 5234305 5239962 | 5658 5658 | 100.0 | pa_ill_pa_contig44 contig_152
			  Indel (> 5bp) between these two alignments: deletion of length 55; 0 mismatches (number of Ns: 0) [fragmentation of reference genome]
			Excluding internal overlap of size 446 between Alignment 103 and 104: 56 1339 | 5239963 5241246 | 1284 1284 --> 56 893 | 5239963 5240800 | 838 838
			Real Alignment 103: 56 893 | 5239963 5240800 | 838 838 | 100.0 | pa_ill_pa_contig63 contig_152
			  Extensive misassembly (translocation) between these two alignments
			Excluding internal overlap of size 55 between Alignment 104 and 105: 1 1405 | 5242205 5240801 | 1405 1405 --> 56 1405 | 5242150 5240801 | 1350 1350
			Real Alignment 104: 56 1405 | 5242150 5240801 | 1350 1350 | 90.74 | pa_ill_pa_contig12 contig_152
			  Indel (> 5bp) between these two alignments: deletion of length 55; 0 mismatches (number of Ns: 0) [fragmentation of reference genome]
			Excluding internal overlap of size 55 between Alignment 105 and 106: 1 1492 | 5242151 5243642 | 1492 1492 --> 1 1437 | 5242151 5243587 | 1437 1437
			Real Alignment 105: 1 1437 | 5242151 5243587 | 1437 1437 | 100.0 | pa_ill_pa_contig61 contig_152
			  Indel (> 5bp) between these two alignments: deletion of length 55; 0 mismatches (number of Ns: 0) [fragmentation of reference genome]
			Real Alignment 106: 1 21904 | 5243588 5265492 | 21904 21905 | 99.98 | pa_ill_pa_contig41 contig_152
			  Not a misassembly [fragmentation of reference genome] between these two alignments
			Excluding internal overlap of size 55 between Alignment 107 and 108: 1 561 | 5266966 5267526 | 561 561 --> 56 561 | 5267021 5267526 | 506 506
			Real Alignment 107: 1 868 | 5267020 5266147 | 868 874 | 98.4 | pa_ill_pa_contig74 contig_152
			  Indel (> 5bp) between these two alignments: deletion of length 55; 0 mismatches (number of Ns: 0) [fragmentation of reference genome]
			Excluding internal overlap of size 55 between Alignment 108 and 109: 56 561 | 5267021 5267526 | 506 506 --> 56 506 | 5267021 5267471 | 451 451
			Real Alignment 108: 56 506 | 5267021 5267471 | 451 451 | 95.37 | pa_ill_pa_contig83 contig_152
			  Indel (> 5bp) between these two alignments: deletion of length 55; 0 mismatches (number of Ns: 0) [fragmentation of reference genome]
			Excluding internal overlap of size 55 between Alignment 109 and 110: 1 2514 | 5269985 5267472 | 2514 2514 --> 56 2514 | 5269930 5267472 | 2459 2459
			Real Alignment 109: 56 2514 | 5269930 5267472 | 2459 2459 | 99.72 | pa_ill_pa_contig54 contig_152
			  Indel (> 5bp) between these two alignments: deletion of length 55; 0 mismatches (number of Ns: 0) [fragmentation of reference genome]
			Real Alignment 110: 132 56432 | 5326225 5269931 | 56301 56295 | 99.92 | pa_ill_pa_contig31 contig_152
			  Gap between these two alignments (local misassembly). Inconsistency = -483
			Real Alignment 111: 3 591 | 5326837 5326249 | 589 589 | 94.06 | pa_ill_pa_contig31 contig_152
			  Gap between these two alignments (local misassembly). Inconsistency = 2 [fragmentation of reference genome]
			Excluding internal overlap of size 10 between Alignment 112 and 113: 1 493 | 5327812 5328304 | 493 493 --> 1 483 | 5327812 5328294 | 483 483
			Real Alignment 112: 1 483 | 5327812 5328294 | 483 483 | 97.57 | pa_ill_pa_contig14 contig_152
			  Overlap between these two alignments (local misassembly). Inconsistency = -483
			Real Alignment 113: 1 187635 | 5328295 5515918 | 187635 187624 | 99.98 | pa_ill_pa_contig14 contig_152
			  Not a misassembly [fragmentation of reference genome] between these two alignments
			Real Alignment 114: 1 123 | 5515965 5516087 | 123 123 | 99.19 | pa_ill_pa_contig7 contig_152
			  Gap between these two alignments (local misassembly). Inconsistency = -342
			Real Alignment 115: 1 77 | 5516307 5516383 | 77 77 | 98.7 | pa_ill_pa_contig7 contig_152
			  Gap between these two alignments (local misassembly). Inconsistency = -456
			Real Alignment 116: 1 265097 | 5516763 5781846 | 265097 265084 | 99.98 | pa_ill_pa_contig7 contig_152
			  Not a misassembly [fragmentation of reference genome] between these two alignments
			Real Alignment 117: 1 1538 | 5782297 5783834 | 1538 1538 | 100.0 | pa_ill_pa_contig60 contig_152
			  Not a misassembly [fragmentation of reference genome] between these two alignments
			Real Alignment 118: 1 3511 | 5787717 5784207 | 3511 3511 | 100.0 | pa_ill_pa_contig49 contig_152
			  Not a misassembly [fragmentation of reference genome] between these two alignments
			Excluding internal overlap of size 55 between Alignment 119 and 120: 1 5713 | 5826392 5832105 | 5713 5714 --> 56 5713 | 5826447 5832105 | 5658 5659
			Real Alignment 119: 1 38146 | 5788306 5826446 | 38146 38141 | 99.98 | pa_ill_pa_contig36 contig_152
			  Indel (> 5bp) between these two alignments: deletion of length 55; 0 mismatches (number of Ns: 0) [fragmentation of reference genome]
			Excluding internal overlap of size 55 between Alignment 120 and 121: 56 5713 | 5826447 5832105 | 5658 5659 --> 56 5658 | 5826447 5832050 | 5603 5604
			Real Alignment 120: 56 5658 | 5826447 5832050 | 5603 5604 | 99.96 | pa_ill_pa_contig44 contig_152
			  Indel (> 5bp) between these two alignments: deletion of length 55; 0 mismatches (number of Ns: 0) [fragmentation of reference genome]
			Excluding internal overlap of size 55 between Alignment 121 and 122: 1 1197 | 5894902 5893706 | 1197 1197 --> 1 1142 | 5894902 5893761 | 1142 1142
			Real Alignment 121: 1 61716 | 5832051 5893760 | 61716 61710 | 99.98 | pa_ill_pa_contig29 contig_152
			  Indel (> 5bp) between these two alignments: deletion of length 55; 0 mismatches (number of Ns: 0) [fragmentation of reference genome]
			Excluding internal overlap of size 55 between Alignment 122 and 123: 1 1142 | 5894902 5893761 | 1142 1142 --> 56 1142 | 5894847 5893761 | 1087 1087
			Real Alignment 122: 56 1142 | 5894847 5893761 | 1087 1087 | 99.08 | pa_ill_pa_contig67 contig_152
			  Indel (> 5bp) between these two alignments: deletion of length 55; 0 mismatches (number of Ns: 0) [fragmentation of reference genome]
			Excluding internal overlap of size 55 between Alignment 123 and 124: 1 2207 | 6742407 6744613 | 2207 2207 --> 56 2207 | 6742462 6744613 | 2152 2152
			Real Alignment 123: 1 847683 | 6742461 5894848 | 847683 847614 | 99.98 | pa_ill_pa_contig1 contig_152
			  Indel (> 5bp) between these two alignments: deletion of length 55; 0 mismatches (number of Ns: 0) [fragmentation of reference genome]
			Real Alignment 124: 56 2207 | 6742462 6744613 | 2152 2152 | 99.5 | pa_ill_pa_contig55 contig_152
			  Not a misassembly [fragmentation of reference genome] between these two alignments
			Real Alignment 125: 721 47071 | 6791638 6745291 | 46351 46348 | 99.99 | pa_ill_pa_contig35 contig_152
		Unaligned bases: 11364

CONTIG: contig_96 (4757812bp)
Best alignment score: 418.0 (LEN: 451, IDY: 92.68), Total number of alignments: 102
			Too much alignments (102), will use speed up heuristics
			Found 0 solid alignments:
			Skipping alignments located inside solid regions since they are redundant:
		Nothing was skipped
			Looking for the best set of alignments (out of 102 total alignments)
		Ambiguity for this contig is not checked for speed up (too much alignments and --ambiguity-usage is "one")
			Skipping redundant alignments after choosing the best set of alignments
		Skipping redundant alignment 3 78 | 52833 52908 | 76 76 | 100.0 | pa_ill_pa_contig9 contig_96
		Skipping redundant alignment 163 238 | 52833 52908 | 76 76 | 100.0 | pa_ill_pa_contig9 contig_96
		Skipping redundant alignment 28782 28858 | 52909 52833 | 77 77 | 100.0 | pa_ill_pa_contig8 contig_96
		Skipping redundant alignment 323 399 | 52833 52909 | 77 77 | 100.0 | pa_ill_pa_contig9 contig_96
		Skipping redundant alignment 93682 93815 | 434562 434429 | 134 134 | 93.28 | pa_ill_pa_contig13 contig_96
		Skipping redundant alignment 84045 84123 | 444805 444727 | 79 79 | 96.2 | pa_ill_pa_contig13 contig_96
		Skipping redundant alignment 65009 65098 | 1504318 1504407 | 90 90 | 91.11 | pa_ill_pa_contig27 contig_96
		Skipping redundant alignment 161 238 | 2487037 2486960 | 78 78 | 100.0 | pa_ill_pa_contig9 contig_96
		Skipping redundant alignment 321 399 | 2487037 2486959 | 79 79 | 100.0 | pa_ill_pa_contig9 contig_96
		Skipping redundant alignment 163517 163628 | 4623805 4623694 | 112 112 | 91.07 | pa_ill_pa_contig4 contig_96
		Skipping redundant alignment 48504 48593 | 1504318 1504407 | 90 90 | 91.11 | pa_ill_pa_contig27 contig_96
		Skipping redundant alignment 159406 159543 | 4627858 4627721 | 138 138 | 92.03 | pa_ill_pa_contig4 contig_96
			The best set is below. Score: 12290.7, number of alignments: 90, unaligned bases: 4742492
		This contig is misassembled.
		This contig is partially unaligned. (Aligned 15320 out of 4757812 non-N bases (0.32%))
			Warning! This contig is more unaligned than misassembled. Contig length is 4757812 (number of Ns: 0) and total length of all aligns is 15320
		Alignment: 4882 5195 | 806714 806401 | 314 314 | 96.18 | pa_ill_pa_contig44 contig_96
		Alignment: 4268 4718 | 807328 806878 | 451 451 | 92.68 | pa_ill_pa_contig44 contig_96
		Alignment: 4118 4233 | 807481 807366 | 116 116 | 93.1 | pa_ill_pa_contig44 contig_96
		Alignment: 3453 3662 | 808148 807939 | 210 210 | 93.81 | pa_ill_pa_contig44 contig_96
		Alignment: 3374 3442 | 808226 808158 | 69 69 | 92.75 | pa_ill_pa_contig44 contig_96
		Alignment: 2892 3062 | 808712 808542 | 171 171 | 91.23 | pa_ill_pa_contig44 contig_96
		Alignment: 2687 2798 | 808926 808815 | 112 112 | 91.07 | pa_ill_pa_contig44 contig_96
		Alignment: 1975 2060 | 809519 809434 | 86 86 | 91.86 | pa_ill_pa_contig44 contig_96
		Alignment: 1813 1967 | 809681 809527 | 155 155 | 92.26 | pa_ill_pa_contig44 contig_96
		Alignment: 1660 1760 | 809834 809734 | 101 101 | 94.06 | pa_ill_pa_contig44 contig_96
		Alignment: 1375 1650 | 810119 809844 | 276 276 | 93.48 | pa_ill_pa_contig44 contig_96
		Alignment: 995 1106 | 810499 810388 | 112 112 | 91.07 | pa_ill_pa_contig44 contig_96
		Alignment: 529 593 | 810971 810907 | 65 65 | 98.46 | pa_ill_pa_contig44 contig_96
		Alignment: 4882 5195 | 1472903 1472590 | 314 314 | 96.18 | pa_ill_pa_contig44 contig_96
		Alignment: 4268 4718 | 1473517 1473067 | 451 451 | 92.68 | pa_ill_pa_contig44 contig_96
		Alignment: 4118 4233 | 1473670 1473555 | 116 116 | 93.1 | pa_ill_pa_contig44 contig_96
		Alignment: 3453 3662 | 1474337 1474128 | 210 210 | 93.81 | pa_ill_pa_contig44 contig_96
		Alignment: 3374 3442 | 1474415 1474347 | 69 69 | 92.75 | pa_ill_pa_contig44 contig_96
		Alignment: 2892 3062 | 1474901 1474731 | 171 171 | 91.23 | pa_ill_pa_contig44 contig_96
		Alignment: 2687 2769 | 1475114 1475032 | 83 83 | 93.98 | pa_ill_pa_contig44 contig_96
		Alignment: 1975 2060 | 1475707 1475622 | 86 86 | 91.86 | pa_ill_pa_contig44 contig_96
		Alignment: 1813 1967 | 1475869 1475715 | 155 155 | 92.26 | pa_ill_pa_contig44 contig_96
		Alignment: 1660 1760 | 1476022 1475922 | 101 101 | 94.06 | pa_ill_pa_contig44 contig_96
		Alignment: 1375 1650 | 1476307 1476032 | 276 276 | 93.48 | pa_ill_pa_contig44 contig_96
		Alignment: 995 1106 | 1476686 1476575 | 112 112 | 91.07 | pa_ill_pa_contig44 contig_96
		Alignment: 529 593 | 1477158 1477094 | 65 65 | 98.46 | pa_ill_pa_contig44 contig_96
		Alignment: 529 593 | 1992057 1992121 | 65 65 | 98.46 | pa_ill_pa_contig44 contig_96
		Alignment: 995 1106 | 1992529 1992640 | 112 112 | 91.07 | pa_ill_pa_contig44 contig_96
		Alignment: 1375 1650 | 1992908 1993183 | 276 276 | 93.48 | pa_ill_pa_contig44 contig_96
		Alignment: 1660 1760 | 1993193 1993293 | 101 101 | 94.06 | pa_ill_pa_contig44 contig_96
		Alignment: 1813 1967 | 1993346 1993500 | 155 155 | 92.26 | pa_ill_pa_contig44 contig_96
		Alignment: 1975 2060 | 1993508 1993593 | 86 86 | 91.86 | pa_ill_pa_contig44 contig_96
		Alignment: 2687 2798 | 1994259 1994370 | 112 112 | 91.07 | pa_ill_pa_contig44 contig_96
		Alignment: 2892 3062 | 1994473 1994643 | 171 171 | 91.23 | pa_ill_pa_contig44 contig_96
		Alignment: 3374 3442 | 1994958 1995026 | 69 69 | 92.75 | pa_ill_pa_contig44 contig_96
		Alignment: 3453 3662 | 1995036 1995245 | 210 210 | 93.81 | pa_ill_pa_contig44 contig_96
		Alignment: 4118 4233 | 1995703 1995818 | 116 116 | 93.1 | pa_ill_pa_contig44 contig_96
		Alignment: 4268 4718 | 1995856 1996306 | 451 451 | 92.68 | pa_ill_pa_contig44 contig_96
		Alignment: 4882 5195 | 1996470 1996783 | 314 314 | 96.18 | pa_ill_pa_contig44 contig_96
		Alignment: 529 593 | 2087130 2087194 | 65 65 | 98.46 | pa_ill_pa_contig44 contig_96
		Alignment: 995 1106 | 2087602 2087713 | 112 112 | 91.07 | pa_ill_pa_contig44 contig_96
		Alignment: 1375 1650 | 2087981 2088256 | 276 276 | 93.48 | pa_ill_pa_contig44 contig_96
		Alignment: 1660 1760 | 2088266 2088366 | 101 101 | 94.06 | pa_ill_pa_contig44 contig_96
		Alignment: 1813 1967 | 2088419 2088573 | 155 155 | 92.26 | pa_ill_pa_contig44 contig_96
		Alignment: 1975 2060 | 2088581 2088666 | 86 86 | 91.86 | pa_ill_pa_contig44 contig_96
		Alignment: 2687 2798 | 2089174 2089285 | 112 112 | 91.07 | pa_ill_pa_contig44 contig_96
		Alignment: 2892 3062 | 2089386 2089556 | 171 171 | 91.23 | pa_ill_pa_contig44 contig_96
		Alignment: 3374 3442 | 2089871 2089939 | 69 69 | 92.75 | pa_ill_pa_contig44 contig_96
		Alignment: 3453 3662 | 2089949 2090158 | 210 210 | 93.81 | pa_ill_pa_contig44 contig_96
		Alignment: 4118 4233 | 2090616 2090731 | 116 116 | 93.1 | pa_ill_pa_contig44 contig_96
		Alignment: 4268 4718 | 2090769 2091219 | 451 451 | 92.68 | pa_ill_pa_contig44 contig_96
		Alignment: 4882 5195 | 2091383 2091696 | 314 314 | 96.18 | pa_ill_pa_contig44 contig_96
		Alignment: 529 593 | 2242349 2242413 | 65 65 | 98.46 | pa_ill_pa_contig44 contig_96
		Alignment: 995 1106 | 2242821 2242932 | 112 112 | 91.07 | pa_ill_pa_contig44 contig_96
		Alignment: 1375 1650 | 2243200 2243475 | 276 276 | 93.48 | pa_ill_pa_contig44 contig_96
		Alignment: 1660 1760 | 2243485 2243585 | 101 101 | 94.06 | pa_ill_pa_contig44 contig_96
		Alignment: 1813 1967 | 2243638 2243792 | 155 155 | 92.26 | pa_ill_pa_contig44 contig_96
		Alignment: 1975 2060 | 2243800 2243885 | 86 86 | 91.86 | pa_ill_pa_contig44 contig_96
		Alignment: 2687 2769 | 2244552 2244634 | 83 83 | 93.98 | pa_ill_pa_contig44 contig_96
		Alignment: 2892 3062 | 2244765 2244935 | 171 171 | 91.23 | pa_ill_pa_contig44 contig_96
		Alignment: 3374 3442 | 2245251 2245319 | 69 69 | 92.75 | pa_ill_pa_contig44 contig_96
		Alignment: 3453 3662 | 2245329 2245538 | 210 210 | 93.33 | pa_ill_pa_contig44 contig_96
		Alignment: 4118 4233 | 2245996 2246111 | 116 116 | 93.1 | pa_ill_pa_contig44 contig_96
		Alignment: 4268 4718 | 2246149 2246599 | 451 451 | 92.68 | pa_ill_pa_contig44 contig_96
		Alignment: 4882 5195 | 2246763 2247076 | 314 314 | 96.18 | pa_ill_pa_contig44 contig_96
		Alignment: 529 593 | 2285255 2285319 | 65 65 | 98.46 | pa_ill_pa_contig44 contig_96
		Alignment: 995 1106 | 2285727 2285838 | 112 112 | 91.07 | pa_ill_pa_contig44 contig_96
		Alignment: 1375 1650 | 2286106 2286381 | 276 276 | 93.48 | pa_ill_pa_contig44 contig_96
		Alignment: 1660 1760 | 2286391 2286491 | 101 101 | 94.06 | pa_ill_pa_contig44 contig_96
		Alignment: 1813 1967 | 2286544 2286698 | 155 155 | 92.26 | pa_ill_pa_contig44 contig_96
		Alignment: 1975 2060 | 2286706 2286791 | 86 86 | 91.86 | pa_ill_pa_contig44 contig_96
		Alignment: 2687 2798 | 2287299 2287410 | 112 112 | 91.07 | pa_ill_pa_contig44 contig_96
		Alignment: 2892 3062 | 2287513 2287683 | 171 171 | 91.23 | pa_ill_pa_contig44 contig_96
		Alignment: 3374 3442 | 2287999 2288067 | 69 69 | 92.75 | pa_ill_pa_contig44 contig_96
		Alignment: 3453 3662 | 2288077 2288286 | 210 210 | 93.33 | pa_ill_pa_contig44 contig_96
		Alignment: 4118 4233 | 2288744 2288859 | 116 116 | 93.1 | pa_ill_pa_contig44 contig_96
		Alignment: 4268 4718 | 2288897 2289347 | 451 451 | 92.68 | pa_ill_pa_contig44 contig_96
		Alignment: 4882 5195 | 2289511 2289824 | 314 314 | 96.18 | pa_ill_pa_contig44 contig_96
		Alignment: 529 593 | 3034713 3034777 | 65 65 | 98.46 | pa_ill_pa_contig44 contig_96
		Alignment: 995 1106 | 3035185 3035296 | 112 112 | 91.07 | pa_ill_pa_contig44 contig_96
		Alignment: 1375 1536 | 3035564 3035725 | 162 162 | 93.21 | pa_ill_pa_contig44 contig_96
		Alignment: 1542 1650 | 3035731 3035839 | 109 109 | 90.83 | pa_ill_pa_contig44 contig_96
		Alignment: 1660 1760 | 3035849 3035949 | 101 101 | 94.06 | pa_ill_pa_contig44 contig_96
		Alignment: 1813 1967 | 3036002 3036156 | 155 155 | 92.26 | pa_ill_pa_contig44 contig_96
		Alignment: 1975 2060 | 3036164 3036249 | 86 86 | 91.86 | pa_ill_pa_contig44 contig_96
		Alignment: 3374 3442 | 3037716 3037784 | 69 69 | 92.75 | pa_ill_pa_contig44 contig_96
		Alignment: 3453 3662 | 3037794 3038003 | 210 210 | 93.81 | pa_ill_pa_contig44 contig_96
		Alignment: 4118 4233 | 3038461 3038576 | 116 116 | 93.1 | pa_ill_pa_contig44 contig_96
		Alignment: 4268 4718 | 3038614 3039064 | 451 451 | 92.68 | pa_ill_pa_contig44 contig_96
		Alignment: 4882 5195 | 3039228 3039541 | 314 314 | 96.18 | pa_ill_pa_contig44 contig_96
		Unaligned bases: 4742492

CONTIG: contig_97 (4764900bp)
Best alignment score: 513.0 (LEN: 564, IDY: 90.96), Total number of alignments: 96
			Looking for the best set of alignments (out of 96 total alignments)
			Skipping redundant alignments after choosing the best set of alignments
		Skipping redundant alignment 3 78 | 4334751 4334826 | 76 76 | 100.0 | pa_ill_pa_contig9 contig_97
		Skipping redundant alignment 161 240 | 1996610 1996531 | 80 80 | 100.0 | pa_ill_pa_contig9 contig_97
		Skipping redundant alignment 321 398 | 1996722 1996645 | 78 78 | 100.0 | pa_ill_pa_contig9 contig_97
		Skipping redundant alignment 161 238 | 1996722 1996645 | 78 78 | 100.0 | pa_ill_pa_contig9 contig_97
		Skipping redundant alignment 323 399 | 4334751 4334827 | 77 77 | 100.0 | pa_ill_pa_contig9 contig_97
		Skipping redundant alignment 163 238 | 4334751 4334826 | 76 76 | 100.0 | pa_ill_pa_contig9 contig_97
		Skipping redundant alignment 48505 48596 | 1790084 1789993 | 92 92 | 91.3 | pa_ill_pa_contig27 contig_97
		Skipping redundant alignment 65010 65101 | 1790084 1789993 | 92 92 | 91.3 | pa_ill_pa_contig27 contig_97
		Skipping redundant alignment 28781 28858 | 4334828 4334751 | 78 78 | 100.0 | pa_ill_pa_contig8 contig_97
		Skipping redundant alignment 84045 84229 | 4763261 4763077 | 185 185 | 91.35 | pa_ill_pa_contig13 contig_97
		This contig has several significant sets of alignments. [An ambiguously mapped contig]
		Using only the very best set (option --ambiguity-usage is set to "one").
			The best set is below. Score: 12025.8, number of alignments: 86, unaligned bases: 4749876
		This contig is misassembled.
		This contig is partially unaligned. (Aligned 15024 out of 4764900 non-N bases (0.32%))
			Warning! This contig is more unaligned than misassembled. Contig length is 4764900 (number of Ns: 0) and total length of all aligns is 15024
		Alignment: 4882 5195 | 304351 304038 | 314 314 | 96.18 | pa_ill_pa_contig44 contig_97
		Alignment: 4268 4831 | 304965 304402 | 564 564 | 90.96 | pa_ill_pa_contig44 contig_97
		Alignment: 4118 4231 | 305118 305005 | 114 114 | 93.86 | pa_ill_pa_contig44 contig_97
		Alignment: 3453 3662 | 305783 305574 | 210 210 | 93.81 | pa_ill_pa_contig44 contig_97
		Alignment: 3374 3442 | 305861 305793 | 69 69 | 94.2 | pa_ill_pa_contig44 contig_97
		Alignment: 2687 2800 | 306559 306446 | 114 114 | 91.23 | pa_ill_pa_contig44 contig_97
		Alignment: 1975 2060 | 307231 307146 | 86 86 | 91.86 | pa_ill_pa_contig44 contig_97
		Alignment: 1813 1967 | 307393 307239 | 155 155 | 92.26 | pa_ill_pa_contig44 contig_97
		Alignment: 1375 1536 | 307831 307670 | 162 162 | 93.83 | pa_ill_pa_contig44 contig_97
		Alignment: 997 1158 | 308209 308048 | 162 162 | 90.12 | pa_ill_pa_contig44 contig_97
		Alignment: 529 593 | 308683 308619 | 65 65 | 98.46 | pa_ill_pa_contig44 contig_97
		Alignment: 4882 5195 | 1012594 1012281 | 314 314 | 96.18 | pa_ill_pa_contig44 contig_97
		Alignment: 4268 4831 | 1013208 1012645 | 564 564 | 90.96 | pa_ill_pa_contig44 contig_97
		Alignment: 4118 4231 | 1013361 1013248 | 114 114 | 93.86 | pa_ill_pa_contig44 contig_97
		Alignment: 3453 3662 | 1014026 1013817 | 210 210 | 93.81 | pa_ill_pa_contig44 contig_97
		Alignment: 3374 3442 | 1014104 1014036 | 69 69 | 94.2 | pa_ill_pa_contig44 contig_97
		Alignment: 2687 2800 | 1014802 1014689 | 114 114 | 91.23 | pa_ill_pa_contig44 contig_97
		Alignment: 1975 2060 | 1015480 1015395 | 86 86 | 91.86 | pa_ill_pa_contig44 contig_97
		Alignment: 1813 1967 | 1015642 1015488 | 155 155 | 92.26 | pa_ill_pa_contig44 contig_97
		Alignment: 1375 1536 | 1016080 1015919 | 162 162 | 93.83 | pa_ill_pa_contig44 contig_97
		Alignment: 997 1158 | 1016458 1016297 | 162 162 | 90.12 | pa_ill_pa_contig44 contig_97
		Alignment: 529 593 | 1016932 1016868 | 65 65 | 98.46 | pa_ill_pa_contig44 contig_97
		Alignment: 529 593 | 1555860 1555924 | 65 65 | 98.46 | pa_ill_pa_contig44 contig_97
		Alignment: 997 1158 | 1556334 1556495 | 162 162 | 90.12 | pa_ill_pa_contig44 contig_97
		Alignment: 1375 1536 | 1556712 1556873 | 162 162 | 93.83 | pa_ill_pa_contig44 contig_97
		Alignment: 1813 1967 | 1557150 1557304 | 155 155 | 92.26 | pa_ill_pa_contig44 contig_97
		Alignment: 1975 2060 | 1557312 1557397 | 86 86 | 91.86 | pa_ill_pa_contig44 contig_97
		Alignment: 2687 2800 | 1557907 1558020 | 114 114 | 91.23 | pa_ill_pa_contig44 contig_97
		Alignment: 2892 3062 | 1558121 1558291 | 171 171 | 91.23 | pa_ill_pa_contig44 contig_97
		Alignment: 3374 3442 | 1558605 1558673 | 69 69 | 94.2 | pa_ill_pa_contig44 contig_97
		Alignment: 3453 3662 | 1558683 1558892 | 210 210 | 93.81 | pa_ill_pa_contig44 contig_97
		Alignment: 4118 4231 | 1559348 1559461 | 114 114 | 93.86 | pa_ill_pa_contig44 contig_97
		Alignment: 4268 4718 | 1559501 1559951 | 451 451 | 92.68 | pa_ill_pa_contig44 contig_97
		Alignment: 4882 5195 | 1560115 1560428 | 314 314 | 96.18 | pa_ill_pa_contig44 contig_97
		Alignment: 529 593 | 1649467 1649531 | 65 65 | 98.46 | pa_ill_pa_contig44 contig_97
		Alignment: 997 1143 | 1649941 1650087 | 147 147 | 90.48 | pa_ill_pa_contig44 contig_97
		Alignment: 1256 1345 | 1650197 1650286 | 90 90 | 94.44 | pa_ill_pa_contig44 contig_97
		Alignment: 1375 1536 | 1650316 1650477 | 162 162 | 93.83 | pa_ill_pa_contig44 contig_97
		Alignment: 1813 1967 | 1650754 1650908 | 155 155 | 92.26 | pa_ill_pa_contig44 contig_97
		Alignment: 1975 2060 | 1650916 1651001 | 86 86 | 91.86 | pa_ill_pa_contig44 contig_97
		Alignment: 2687 2800 | 1651602 1651715 | 114 114 | 91.23 | pa_ill_pa_contig44 contig_97
		Alignment: 2892 3062 | 1651816 1651986 | 171 171 | 91.23 | pa_ill_pa_contig44 contig_97
		Alignment: 3374 3442 | 1652300 1652368 | 69 69 | 94.2 | pa_ill_pa_contig44 contig_97
		Alignment: 3453 3662 | 1652378 1652587 | 210 210 | 93.81 | pa_ill_pa_contig44 contig_97
		Alignment: 4118 4231 | 1653043 1653156 | 114 114 | 93.86 | pa_ill_pa_contig44 contig_97
		Alignment: 4268 4385 | 1653196 1653313 | 118 118 | 94.92 | pa_ill_pa_contig44 contig_97
		Alignment: 4391 4831 | 1653321 1653761 | 441 441 | 90.25 | pa_ill_pa_contig44 contig_97
		Alignment: 4882 5195 | 1653812 1654125 | 314 314 | 96.18 | pa_ill_pa_contig44 contig_97
		Alignment: 529 593 | 1780578 1780642 | 65 65 | 98.46 | pa_ill_pa_contig44 contig_97
		Alignment: 997 1158 | 1781052 1781213 | 162 162 | 90.12 | pa_ill_pa_contig44 contig_97
		Alignment: 1375 1536 | 1781429 1781590 | 162 162 | 93.83 | pa_ill_pa_contig44 contig_97
		Alignment: 1813 1967 | 1781867 1782021 | 155 155 | 92.26 | pa_ill_pa_contig44 contig_97
		Alignment: 1975 2060 | 1782029 1782114 | 86 86 | 91.86 | pa_ill_pa_contig44 contig_97
		Alignment: 2687 2800 | 1782624 1782737 | 114 114 | 91.23 | pa_ill_pa_contig44 contig_97
		Alignment: 2892 3062 | 1782838 1783008 | 171 171 | 91.23 | pa_ill_pa_contig44 contig_97
		Alignment: 3374 3442 | 1783322 1783390 | 69 69 | 94.2 | pa_ill_pa_contig44 contig_97
		Alignment: 3453 3662 | 1783400 1783609 | 210 210 | 93.81 | pa_ill_pa_contig44 contig_97
		Alignment: 4118 4231 | 1784065 1784178 | 114 114 | 93.86 | pa_ill_pa_contig44 contig_97
		Alignment: 4268 4718 | 1784218 1784668 | 451 451 | 92.68 | pa_ill_pa_contig44 contig_97
		Alignment: 4882 5195 | 1784832 1785145 | 314 314 | 96.18 | pa_ill_pa_contig44 contig_97
		Alignment: 529 593 | 1821969 1822033 | 65 65 | 98.46 | pa_ill_pa_contig44 contig_97
		Alignment: 997 1158 | 1822443 1822604 | 162 162 | 90.12 | pa_ill_pa_contig44 contig_97
		Alignment: 1230 1345 | 1822676 1822791 | 116 116 | 92.24 | pa_ill_pa_contig44 contig_97
		Alignment: 1376 1536 | 1822821 1822981 | 161 161 | 93.79 | pa_ill_pa_contig44 contig_97
		Alignment: 1813 1967 | 1823259 1823413 | 155 155 | 92.26 | pa_ill_pa_contig44 contig_97
		Alignment: 1975 2060 | 1823421 1823506 | 86 86 | 91.86 | pa_ill_pa_contig44 contig_97
		Alignment: 2687 2800 | 1824016 1824129 | 114 114 | 91.23 | pa_ill_pa_contig44 contig_97
		Alignment: 2892 3062 | 1824230 1824400 | 171 171 | 91.23 | pa_ill_pa_contig44 contig_97
		Alignment: 3374 3442 | 1824714 1824782 | 69 69 | 94.2 | pa_ill_pa_contig44 contig_97
		Alignment: 3453 3662 | 1824792 1825001 | 210 210 | 93.81 | pa_ill_pa_contig44 contig_97
		Alignment: 4118 4231 | 1825457 1825570 | 114 114 | 93.86 | pa_ill_pa_contig44 contig_97
		Alignment: 4268 4718 | 1825610 1826060 | 451 451 | 92.68 | pa_ill_pa_contig44 contig_97
		Alignment: 4882 5195 | 1826224 1826537 | 314 314 | 96.18 | pa_ill_pa_contig44 contig_97
		Alignment: 529 593 | 2469673 2469737 | 65 65 | 98.46 | pa_ill_pa_contig44 contig_97
		Alignment: 997 1158 | 2470147 2470308 | 162 162 | 90.12 | pa_ill_pa_contig44 contig_97
		Alignment: 1376 1760 | 2470524 2470908 | 385 385 | 92.73 | pa_ill_pa_contig44 contig_97
		Alignment: 1813 1967 | 2470961 2471115 | 155 155 | 92.26 | pa_ill_pa_contig44 contig_97
		Alignment: 1975 2060 | 2471123 2471208 | 86 86 | 91.86 | pa_ill_pa_contig44 contig_97
		Alignment: 2687 2800 | 2471810 2471923 | 114 114 | 91.23 | pa_ill_pa_contig44 contig_97
		Alignment: 2892 3062 | 2472024 2472194 | 171 171 | 91.23 | pa_ill_pa_contig44 contig_97
		Alignment: 3374 3442 | 2472508 2472576 | 69 69 | 94.2 | pa_ill_pa_contig44 contig_97
		Alignment: 3453 3662 | 2472586 2472795 | 210 210 | 93.81 | pa_ill_pa_contig44 contig_97
		Alignment: 4118 4231 | 2473250 2473363 | 114 114 | 93.86 | pa_ill_pa_contig44 contig_97
		Alignment: 4268 4385 | 2473403 2473520 | 118 118 | 94.92 | pa_ill_pa_contig44 contig_97
		Alignment: 4391 4831 | 2473528 2473968 | 441 441 | 90.25 | pa_ill_pa_contig44 contig_97
		Alignment: 4882 5195 | 2474019 2474332 | 314 314 | 96.18 | pa_ill_pa_contig44 contig_97
		Unaligned bases: 4749876

CONTIG: contig_104 (2720623bp)
Best alignment score: 211.0 (LEN: 233, IDY: 90.56), Total number of alignments: 18
			Looking for the best set of alignments (out of 18 total alignments)
			The best set is below. Score: 946.5, number of alignments: 18, unaligned bases: 2718019
		This contig is misassembled.
		This contig is partially unaligned. (Aligned 2604 out of 2720623 non-N bases (0.10%))
			Warning! This contig is more unaligned than misassembled. Contig length is 2720623 (number of Ns: 0) and total length of all aligns is 2604
		Alignment: 4925 5134 | 405866 405657 | 210 210 | 90.95 | pa_ill_pa_contig44 contig_104
		Alignment: 4403 4500 | 406390 406293 | 98 98 | 96.94 | pa_ill_pa_contig44 contig_104
		Alignment: 1397 1503 | 409446 409340 | 107 107 | 96.26 | pa_ill_pa_contig44 contig_104
		Alignment: 4903 5134 | 541965 541734 | 232 232 | 90.95 | pa_ill_pa_contig44 contig_104
		Alignment: 4403 4500 | 542465 542368 | 98 98 | 96.94 | pa_ill_pa_contig44 contig_104
		Alignment: 1397 1503 | 545512 545406 | 107 107 | 96.26 | pa_ill_pa_contig44 contig_104
		Alignment: 4903 5134 | 655449 655217 | 232 233 | 90.56 | pa_ill_pa_contig44 contig_104
		Alignment: 4403 4500 | 655949 655852 | 98 98 | 96.94 | pa_ill_pa_contig44 contig_104
		Alignment: 1397 1503 | 658958 658852 | 107 107 | 96.26 | pa_ill_pa_contig44 contig_104
		Alignment: 1397 1503 | 1716380 1716486 | 107 107 | 96.26 | pa_ill_pa_contig44 contig_104
		Alignment: 4403 4500 | 1719399 1719496 | 98 98 | 96.94 | pa_ill_pa_contig44 contig_104
		Alignment: 4903 5134 | 1719899 1720131 | 232 233 | 90.56 | pa_ill_pa_contig44 contig_104
		Alignment: 1397 1503 | 1761012 1761118 | 107 107 | 96.26 | pa_ill_pa_contig44 contig_104
		Alignment: 4403 4500 | 1763975 1764072 | 98 98 | 96.94 | pa_ill_pa_contig44 contig_104
		Alignment: 4903 5134 | 1764475 1764707 | 232 233 | 90.56 | pa_ill_pa_contig44 contig_104
		Alignment: 1397 1503 | 1766271 1766377 | 107 107 | 96.26 | pa_ill_pa_contig44 contig_104
		Alignment: 4403 4500 | 1769198 1769295 | 98 98 | 96.94 | pa_ill_pa_contig44 contig_104
		Alignment: 4903 5134 | 1769698 1769930 | 232 233 | 90.56 | pa_ill_pa_contig44 contig_104
		Unaligned bases: 2718019

CONTIG: contig_2 (2845324bp)
Best alignment score: 129.0 (LEN: 142, IDY: 90.85), Total number of alignments: 12
			Looking for the best set of alignments (out of 12 total alignments)
			Skipping redundant alignments after choosing the best set of alignments
		Skipping redundant alignment 1200 1338 | 604988 605126 | 139 139 | 91.37 | pa_ill_pa_contig44 contig_2
		Skipping redundant alignment 1397 1538 | 605186 605327 | 142 142 | 90.85 | pa_ill_pa_contig44 contig_2
		Skipping redundant alignment 4406 4500 | 608078 608172 | 95 95 | 96.84 | pa_ill_pa_contig44 contig_2
		Skipping redundant alignment 1200 1338 | 2831092 2831230 | 139 139 | 91.37 | pa_ill_pa_contig44 contig_2
		Skipping redundant alignment 1397 1538 | 2831290 2831431 | 142 142 | 90.85 | pa_ill_pa_contig44 contig_2
		Skipping redundant alignment 4406 4500 | 2834182 2834276 | 95 95 | 96.84 | pa_ill_pa_contig44 contig_2
			The best set is below. Score: 350.5, number of alignments: 6, unaligned bases: 2844572
		This contig is misassembled.
		This contig is partially unaligned. (Aligned 752 out of 2845324 non-N bases (0.03%))
			Warning! This contig is more unaligned than misassembled. Contig length is 2845324 (number of Ns: 0) and total length of all aligns is 752
		Alignment: 4406 4500 | 2113524 2113430 | 95 95 | 96.84 | pa_ill_pa_contig44 contig_2
		Alignment: 1397 1538 | 2116312 2116171 | 142 142 | 90.85 | pa_ill_pa_contig44 contig_2
		Alignment: 1200 1338 | 2116510 2116372 | 139 139 | 91.37 | pa_ill_pa_contig44 contig_2
		Alignment: 1200 1338 | 2387988 2388126 | 139 139 | 91.37 | pa_ill_pa_contig44 contig_2
		Alignment: 1397 1538 | 2388186 2388327 | 142 142 | 90.85 | pa_ill_pa_contig44 contig_2
		Alignment: 4406 4500 | 2390976 2391070 | 95 95 | 96.84 | pa_ill_pa_contig44 contig_2
		Unaligned bases: 2844572

CONTIG: contig_87 (2991998bp)
Best alignment score: 127.0 (LEN: 138, IDY: 92.03), Total number of alignments: 18
			Looking for the best set of alignments (out of 18 total alignments)
			Skipping redundant alignments after choosing the best set of alignments
		Skipping redundant alignment 1201 1338 | 1078394 1078531 | 138 138 | 90.58 | pa_ill_pa_contig44 contig_87
		Skipping redundant alignment 1397 1517 | 1078591 1078711 | 121 121 | 95.04 | pa_ill_pa_contig44 contig_87
		Skipping redundant alignment 4406 4488 | 1081671 1081753 | 83 83 | 97.59 | pa_ill_pa_contig44 contig_87
		Skipping redundant alignment 1201 1338 | 1676887 1677024 | 138 138 | 92.03 | pa_ill_pa_contig44 contig_87
		Skipping redundant alignment 1397 1517 | 1677084 1677204 | 121 121 | 95.04 | pa_ill_pa_contig44 contig_87
		Skipping redundant alignment 4406 4488 | 1679913 1679995 | 83 83 | 97.59 | pa_ill_pa_contig44 contig_87
		Skipping redundant alignment 1201 1338 | 1781560 1781697 | 138 138 | 92.03 | pa_ill_pa_contig44 contig_87
		Skipping redundant alignment 1397 1517 | 1781757 1781877 | 121 121 | 95.04 | pa_ill_pa_contig44 contig_87
		Skipping redundant alignment 4406 4488 | 1784586 1784668 | 83 83 | 97.59 | pa_ill_pa_contig44 contig_87
			The best set is below. Score: 378.3, number of alignments: 9, unaligned bases: 2990972
		This contig is misassembled.
		This contig is partially unaligned. (Aligned 1026 out of 2991998 non-N bases (0.03%))
			Warning! This contig is more unaligned than misassembled. Contig length is 2991998 (number of Ns: 0) and total length of all aligns is 1026
		Alignment: 4406 4488 | 286962 286880 | 83 83 | 97.59 | pa_ill_pa_contig44 contig_87
		Alignment: 1397 1517 | 289791 289671 | 121 121 | 95.04 | pa_ill_pa_contig44 contig_87
		Alignment: 1201 1338 | 289988 289851 | 138 138 | 92.03 | pa_ill_pa_contig44 contig_87
		Alignment: 4406 4488 | 292980 292898 | 83 83 | 97.59 | pa_ill_pa_contig44 contig_87
		Alignment: 1397 1517 | 295809 295689 | 121 121 | 95.04 | pa_ill_pa_contig44 contig_87
		Alignment: 1201 1338 | 296006 295869 | 138 138 | 92.03 | pa_ill_pa_contig44 contig_87
		Alignment: 4406 4488 | 530540 530458 | 83 83 | 97.59 | pa_ill_pa_contig44 contig_87
		Alignment: 1397 1517 | 533619 533499 | 121 121 | 95.04 | pa_ill_pa_contig44 contig_87
		Alignment: 1201 1338 | 533816 533679 | 138 138 | 92.03 | pa_ill_pa_contig44 contig_87
		Unaligned bases: 2990972

CONTIG: contig_89 (4045306bp)
Best alignment score: 125.0 (LEN: 138, IDY: 90.58), Total number of alignments: 30
			Looking for the best set of alignments (out of 30 total alignments)
			Skipping redundant alignments after choosing the best set of alignments
		Skipping redundant alignment 4406 4535 | 1503779 1503650 | 130 130 | 90.77 | pa_ill_pa_contig44 contig_89
		Skipping redundant alignment 1397 1515 | 1506528 1506410 | 119 119 | 94.12 | pa_ill_pa_contig44 contig_89
		Skipping redundant alignment 1201 1338 | 1506725 1506588 | 138 138 | 90.58 | pa_ill_pa_contig44 contig_89
		This contig has several significant sets of alignments. [An ambiguously mapped contig]
		Using only the very best set (option --ambiguity-usage is set to "one").
			The best set is below. Score: 794.8, number of alignments: 27, unaligned bases: 4041904
		This contig is misassembled.
		This contig is partially unaligned. (Aligned 3402 out of 4045306 non-N bases (0.08%))
			Warning! This contig is more unaligned than misassembled. Contig length is 4045306 (number of Ns: 0) and total length of all aligns is 3402
		Alignment: 1201 1338 | 2580382 2580519 | 138 138 | 90.58 | pa_ill_pa_contig44 contig_89
		Alignment: 1397 1515 | 2580579 2580697 | 119 119 | 94.12 | pa_ill_pa_contig44 contig_89
		Alignment: 4406 4535 | 2583505 2583634 | 130 130 | 90.77 | pa_ill_pa_contig44 contig_89
		Alignment: 1201 1338 | 2600998 2601135 | 138 138 | 90.58 | pa_ill_pa_contig44 contig_89
		Alignment: 1397 1515 | 2601195 2601313 | 119 119 | 94.12 | pa_ill_pa_contig44 contig_89
		Alignment: 4406 4535 | 2604120 2604249 | 130 130 | 90.77 | pa_ill_pa_contig44 contig_89
		Alignment: 1201 1338 | 2661331 2661468 | 138 138 | 90.58 | pa_ill_pa_contig44 contig_89
		Alignment: 1449 1515 | 2661579 2661645 | 67 67 | 95.52 | pa_ill_pa_contig44 contig_89
		Alignment: 4406 4535 | 2664278 2664407 | 130 130 | 90.77 | pa_ill_pa_contig44 contig_89
		Alignment: 1201 1338 | 2667255 2667392 | 138 138 | 90.58 | pa_ill_pa_contig44 contig_89
		Alignment: 1397 1515 | 2667452 2667570 | 119 119 | 94.12 | pa_ill_pa_contig44 contig_89
		Alignment: 4406 4535 | 2670201 2670330 | 130 130 | 90.77 | pa_ill_pa_contig44 contig_89
		Alignment: 1201 1338 | 2731792 2731929 | 138 138 | 90.58 | pa_ill_pa_contig44 contig_89
		Alignment: 1397 1515 | 2731989 2732107 | 119 119 | 94.12 | pa_ill_pa_contig44 contig_89
		Alignment: 4406 4535 | 2734737 2734866 | 130 130 | 90.77 | pa_ill_pa_contig44 contig_89
		Alignment: 1201 1338 | 2737404 2737541 | 138 138 | 90.58 | pa_ill_pa_contig44 contig_89
		Alignment: 1397 1515 | 2737601 2737719 | 119 119 | 94.12 | pa_ill_pa_contig44 contig_89
		Alignment: 4406 4535 | 2740350 2740479 | 130 130 | 90.77 | pa_ill_pa_contig44 contig_89
		Alignment: 1201 1338 | 2742405 2742542 | 138 138 | 90.58 | pa_ill_pa_contig44 contig_89
		Alignment: 1397 1515 | 2742602 2742720 | 119 119 | 94.12 | pa_ill_pa_contig44 contig_89
		Alignment: 4406 4535 | 2745351 2745480 | 130 130 | 90.77 | pa_ill_pa_contig44 contig_89
		Alignment: 1201 1338 | 3195828 3195965 | 138 138 | 90.58 | pa_ill_pa_contig44 contig_89
		Alignment: 1397 1515 | 3196025 3196143 | 119 119 | 94.12 | pa_ill_pa_contig44 contig_89
		Alignment: 4406 4535 | 3198774 3198903 | 130 130 | 90.77 | pa_ill_pa_contig44 contig_89
		Alignment: 1230 1338 | 3488590 3488698 | 109 109 | 91.74 | pa_ill_pa_contig44 contig_89
		Alignment: 1397 1515 | 3488758 3488876 | 119 119 | 94.12 | pa_ill_pa_contig44 contig_89
		Alignment: 4406 4535 | 3491507 3491636 | 130 130 | 90.77 | pa_ill_pa_contig44 contig_89
		Unaligned bases: 4041904

CONTIG: contig_94 (1930417bp)
Best alignment score: 271.0 (LEN: 301, IDY: 90.03), Total number of alignments: 7
			Looking for the best set of alignments (out of 7 total alignments)
			Skipping redundant alignments after choosing the best set of alignments
		Skipping redundant alignment 1397 1521 | 68853 68729 | 125 125 | 92.8 | pa_ill_pa_contig44 contig_94
		Skipping redundant alignment 1397 1521 | 145380 145256 | 125 125 | 92.8 | pa_ill_pa_contig44 contig_94
		Skipping redundant alignment 1397 1503 | 180725 180619 | 107 107 | 96.26 | pa_ill_pa_contig44 contig_94
		Skipping redundant alignment 1397 1521 | 841351 841475 | 125 125 | 92.8 | pa_ill_pa_contig44 contig_94
			The best set is below. Score: 431.0, number of alignments: 3, unaligned bases: 1929896
		This contig is misassembled.
		This contig is partially unaligned. (Aligned 521 out of 1930417 non-N bases (0.03%))
			Warning! This contig is more unaligned than misassembled. Contig length is 1930417 (number of Ns: 0) and total length of all aligns is 521
		Alignment: 4834 5134 | 1652899 1652599 | 301 301 | 90.03 | pa_ill_pa_contig44 contig_94
		Alignment: 4406 4500 | 1653200 1653106 | 95 95 | 96.84 | pa_ill_pa_contig44 contig_94
		Alignment: 1397 1521 | 1655894 1655770 | 125 125 | 92.8 | pa_ill_pa_contig44 contig_94
		Unaligned bases: 1929896

Analyzing coverage...
Writing SNPs into /media3/lucia/zymo_mock_community/asms_cuantizados/v5_13-2-21_1bin/metaquast-1bin/runs_per_reference/pa_ill/contigs_reports/minimap_output/r10_1bin_3_racon_r2.used_snps.gz

Analysis is finished!
Founded SNPs were written into /media3/lucia/zymo_mock_community/asms_cuantizados/v5_13-2-21_1bin/metaquast-1bin/runs_per_reference/pa_ill/contigs_reports/minimap_output/r10_1bin_3_racon_r2.used_snps.gz

Results:
	Local Misassemblies: 11
	Misassemblies: 6
		Relocations: 0
		Translocations: 6
		Inversions: 0
	Scaffold gap extensive misassemblies: 0
	Scaffold gap local misassemblies: 0
	Misassemblies caused by fragmented reference: 21
	Misassembled Contigs: 1
	Misassembled Contig Bases: 6791638
	Misassemblies Inter-Contig Overlap: 0
Unaligned Contigs: 0 + 8 part
Half Unaligned Contigs with Misassemblies: 7
Unaligned Contig Bases: 24029095

Ambiguously Mapped Contigs: 2
Total Bases in Ambiguously Mapped Contigs: 8810206
Extra Bases in Ambiguously Mapped Contigs: 0
Note that --allow-ambiguity option was set to "one" and only first alignment per each of these contigs was used.

	Covered Bases: 6720877

	SNPs: 3960
	Insertions: 330
	Deletions: 5742

