Aligning contigs to reference...
	Aligning contigs to the reference
Filtering alignments...
Parsing coords...
Loading reference...
	Loaded [pa_ill_pa_contig77]
	Loaded [pa_ill_pa_contig76]
	Loaded [pa_ill_pa_contig75]
	Loaded [pa_ill_pa_contig74]
	Loaded [pa_ill_pa_contig73]
	Loaded [pa_ill_pa_contig72]
	Loaded [pa_ill_pa_contig71]
	Loaded [pa_ill_pa_contig70]
	Loaded [pa_ill_pa_contig23]
	Loaded [pa_ill_pa_contig21]
	Loaded [pa_ill_pa_contig28]
	Loaded [pa_ill_pa_contig79]
	Loaded [pa_ill_pa_contig78]
	Loaded [pa_ill_pa_contig32]
	Loaded [pa_ill_pa_contig8]
	Loaded [pa_ill_pa_contig41]
	Loaded [pa_ill_pa_contig47]
	Loaded [pa_ill_pa_contig4]
	Loaded [pa_ill_pa_contig13]
	Loaded [pa_ill_pa_contig11]
	Loaded [pa_ill_pa_contig10]
	Loaded [pa_ill_pa_contig39]
	Loaded [pa_ill_pa_contig12]
	Loaded [pa_ill_pa_contig59]
	Loaded [pa_ill_pa_contig14]
	Loaded [pa_ill_pa_contig17]
	Loaded [pa_ill_pa_contig16]
	Loaded [pa_ill_pa_contig55]
	Loaded [pa_ill_pa_contig54]
	Loaded [pa_ill_pa_contig31]
	Loaded [pa_ill_pa_contig56]
	Loaded [pa_ill_pa_contig51]
	Loaded [pa_ill_pa_contig50]
	Loaded [pa_ill_pa_contig35]
	Loaded [pa_ill_pa_contig34]
	Loaded [pa_ill_pa_contig60]
	Loaded [pa_ill_pa_contig61]
	Loaded [pa_ill_pa_contig62]
	Loaded [pa_ill_pa_contig63]
	Loaded [pa_ill_pa_contig64]
	Loaded [pa_ill_pa_contig65]
	Loaded [pa_ill_pa_contig66]
	Loaded [pa_ill_pa_contig67]
	Loaded [pa_ill_pa_contig68]
	Loaded [pa_ill_pa_contig69]
	Loaded [pa_ill_pa_contig80]
	Loaded [pa_ill_pa_contig81]
	Loaded [pa_ill_pa_contig84]
	Loaded [pa_ill_pa_contig19]
	Loaded [pa_ill_pa_contig83]
	Loaded [pa_ill_pa_contig2]
	Loaded [pa_ill_pa_contig18]
	Loaded [pa_ill_pa_contig5]
	Loaded [pa_ill_pa_contig57]
	Loaded [pa_ill_pa_contig58]
	Loaded [pa_ill_pa_contig15]
	Loaded [pa_ill_pa_contig1]
	Loaded [pa_ill_pa_contig45]
	Loaded [pa_ill_pa_contig3]
	Loaded [pa_ill_pa_contig30]
	Loaded [pa_ill_pa_contig33]
	Loaded [pa_ill_pa_contig38]
	Loaded [pa_ill_pa_contig7]
	Loaded [pa_ill_pa_contig6]
	Loaded [pa_ill_pa_contig9]
	Loaded [pa_ill_pa_contig37]
	Loaded [pa_ill_pa_contig36]
	Loaded [pa_ill_pa_contig24]
	Loaded [pa_ill_pa_contig25]
	Loaded [pa_ill_pa_contig26]
	Loaded [pa_ill_pa_contig27]
	Loaded [pa_ill_pa_contig20]
	Loaded [pa_ill_pa_contig53]
	Loaded [pa_ill_pa_contig48]
	Loaded [pa_ill_pa_contig49]
	Loaded [pa_ill_pa_contig46]
	Loaded [pa_ill_pa_contig22]
	Loaded [pa_ill_pa_contig44]
	Loaded [pa_ill_pa_contig52]
	Loaded [pa_ill_pa_contig42]
	Loaded [pa_ill_pa_contig43]
	Loaded [pa_ill_pa_contig40]
	Loaded [pa_ill_pa_contig29]
	Total Regions: 83
	Total Region Length: 6728151
Analyzing contigs...
CONTIG: contig_164 (6791632bp)
Best alignment score: 847440.5 (LEN: 847610, IDY: 99.98), Total number of alignments: 158
			Too much alignments (158), will use speed up heuristics
			Found 105 solid alignments:
		Solid alignment 1 720 | 720 1 | 720 720 | 99.86 | pa_ill_pa_contig35 contig_164
		Solid alignment 1 266935 | 1330 268253 | 266935 266924 | 99.98 | pa_ill_pa_contig6 contig_164
		Solid alignment 1 111253 | 379460 268213 | 111253 111248 | 99.98 | pa_ill_pa_contig20 contig_164
		Solid alignment 1 5507 | 384912 379406 | 5507 5507 | 99.36 | pa_ill_pa_contig45 contig_164
		Solid alignment 1 118702 | 384858 503550 | 118702 118693 | 99.99 | pa_ill_pa_contig19 contig_164
		Solid alignment 1 1237 | 505279 504043 | 1237 1237 | 99.68 | pa_ill_pa_contig65 contig_164
		Solid alignment 1 944 | 506169 505225 | 944 945 | 98.73 | pa_ill_pa_contig71 contig_164
		Solid alignment 1 23992 | 506817 530804 | 23992 23988 | 99.98 | pa_ill_pa_contig40 contig_164
		Solid alignment 1 1468 | 530750 532217 | 1468 1468 | 99.93 | pa_ill_pa_contig62 contig_164
		Solid alignment 1 56682 | 532163 588838 | 56682 56676 | 99.99 | pa_ill_pa_contig30 contig_164
		Solid alignment 1 927 | 588784 589710 | 927 927 | 97.63 | pa_ill_pa_contig73 contig_164
		Solid alignment 1 204999 | 794514 589656 | 204999 204859 | 99.92 | pa_ill_pa_contig12 contig_164
		Solid alignment 1 1492 | 794460 795951 | 1492 1492 | 99.87 | pa_ill_pa_contig61 contig_164
		Solid alignment 1 106796 | 795897 902678 | 106796 106782 | 99.98 | pa_ill_pa_contig21 contig_164
		Solid alignment 1 1258 | 903881 902624 | 1258 1258 | 99.52 | pa_ill_pa_contig64 contig_164
		Solid alignment 1 34671 | 903827 938532 | 34671 34706 | 99.85 | pa_ill_pa_contig15 contig_164
		Solid alignment 34236 173697 | 938152 1077677 | 139462 139526 | 99.93 | pa_ill_pa_contig15 contig_164
		Solid alignment 1 1028 | 1079455 1078428 | 1028 1028 | 99.81 | pa_ill_pa_contig68 contig_164
		Solid alignment 1 1028 | 1082635 1081608 | 1028 1028 | 99.51 | pa_ill_pa_contig68 contig_164
		Solid alignment 1 1661 | 1084242 1082581 | 1661 1662 | 99.94 | pa_ill_pa_contig59 contig_164
		Solid alignment 1 1682 | 1084188 1085869 | 1682 1682 | 99.52 | pa_ill_pa_contig58 contig_164
		Solid alignment 1 4971 | 1085815 1090783 | 4971 4969 | 99.94 | pa_ill_pa_contig46 contig_164
		Solid alignment 1 1682 | 1090729 1092410 | 1682 1682 | 99.76 | pa_ill_pa_contig58 contig_164
		Solid alignment 1 3238 | 1092356 1095593 | 3238 3238 | 100.0 | pa_ill_pa_contig50 contig_164
		Solid alignment 1 799 | 1095539 1096337 | 799 799 | 99.12 | pa_ill_pa_contig75 contig_164
		Solid alignment 1 6148 | 1103171 1097027 | 6148 6145 | 99.95 | pa_ill_pa_contig43 contig_164
		Solid alignment 1 799 | 1103117 1103915 | 799 799 | 98.62 | pa_ill_pa_contig75 contig_164
		Solid alignment 1 68331 | 1104605 1172925 | 68331 68321 | 99.98 | pa_ill_pa_contig28 contig_164
		Solid alignment 1 985 | 1172871 1173855 | 985 985 | 98.48 | pa_ill_pa_contig69 contig_164
		Solid alignment 1 30768 | 1204562 1173801 | 30768 30762 | 99.95 | pa_ill_pa_contig38 contig_164
		Solid alignment 1235 3722 | 1206995 1204508 | 2488 2488 | 99.4 | pa_ill_pa_contig48 contig_164
		Solid alignment 1 1079 | 1208229 1207151 | 1079 1079 | 99.54 | pa_ill_pa_contig48 contig_164
		Solid alignment 1 6590 | 1208175 1214760 | 6590 6586 | 99.76 | pa_ill_pa_contig42 contig_164
		Solid alignment 1 3064 | 1217768 1214706 | 3064 3063 | 99.25 | pa_ill_pa_contig51 contig_164
		Solid alignment 1 26794 | 1217714 1244506 | 26794 26793 | 99.99 | pa_ill_pa_contig39 contig_164
		Solid alignment 1 258570 | 1503552 1245000 | 258570 258553 | 99.98 | pa_ill_pa_contig8 contig_164
		Solid alignment 1 944 | 1503498 1504440 | 944 943 | 99.26 | pa_ill_pa_contig71 contig_164
		Solid alignment 1 1237 | 1504386 1505621 | 1237 1236 | 95.64 | pa_ill_pa_contig65 contig_164
		Solid alignment 1 191344 | 1506114 1697433 | 191344 191320 | 99.98 | pa_ill_pa_contig13 contig_164
		Solid alignment 1 1197 | 1698575 1697379 | 1197 1197 | 99.83 | pa_ill_pa_contig67 contig_164
		Solid alignment 1 86455 | 1698560 1784997 | 86455 86438 | 99.98 | pa_ill_pa_contig25 contig_164
		Solid alignment 161 249467 | 1784943 2034229 | 249307 249287 | 99.98 | pa_ill_pa_contig9 contig_164
		Solid alignment 1 2531 | 2037124 2034594 | 2531 2531 | 99.84 | pa_ill_pa_contig53 contig_164
		Solid alignment 1 929 | 2038180 2037252 | 929 929 | 99.35 | pa_ill_pa_contig72 contig_164
		Solid alignment 1 121067 | 2163963 2042900 | 121067 121064 | 99.99 | pa_ill_pa_contig17 contig_164
		Solid alignment 1 56007 | 2164225 2220227 | 56007 56003 | 99.98 | pa_ill_pa_contig32 contig_164
		Solid alignment 1 1258 | 2221430 2220173 | 1258 1258 | 99.84 | pa_ill_pa_contig64 contig_164
		Solid alignment 247199 542364 | 2516518 2221376 | 295166 295143 | 99.99 | pa_ill_pa_contig2 contig_164
		Solid alignment 1 247386 | 2763557 2516216 | 247386 247342 | 99.98 | pa_ill_pa_contig2 contig_164
		Solid alignment 1 3774 | 2767760 2763987 | 3774 3774 | 100.0 | pa_ill_pa_contig47 contig_164
		Solid alignment 1 929 | 2768274 2769200 | 929 927 | 98.06 | pa_ill_pa_contig72 contig_164
		Solid alignment 1 2549 | 2769328 2771876 | 2549 2549 | 100.0 | pa_ill_pa_contig52 contig_164
		Solid alignment 1 404310 | 3176503 2772235 | 404310 404269 | 99.98 | pa_ill_pa_contig4 contig_164
		Solid alignment 1 1468 | 3176449 3177916 | 1468 1468 | 100.0 | pa_ill_pa_contig62 contig_164
		Solid alignment 1 122468 | 3177862 3300326 | 122468 122465 | 99.97 | pa_ill_pa_contig16 contig_164
		Solid alignment 1 53273 | 3354012 3300741 | 53273 53272 | 99.99 | pa_ill_pa_contig33 contig_164
		Solid alignment 41099 76514 | 3389917 3354506 | 35416 35412 | 99.96 | pa_ill_pa_contig26 contig_164
		Solid alignment 1 41228 | 3430898 3389676 | 41228 41223 | 99.97 | pa_ill_pa_contig26 contig_164
		Solid alignment 1 846 | 3431662 3430823 | 846 840 | 90.05 | pa_ill_pa_contig20 contig_164
		Solid alignment 1 5507 | 3437112 3431608 | 5507 5505 | 99.8 | pa_ill_pa_contig45 contig_164
		Solid alignment 1 68413 | 3437058 3505463 | 68413 68406 | 99.98 | pa_ill_pa_contig27 contig_164
		Solid alignment 1 5713 | 3511122 3505409 | 5713 5714 | 99.93 | pa_ill_pa_contig44 contig_164
		Solid alignment 1 87995 | 3599044 3511068 | 87995 87977 | 99.97 | pa_ill_pa_contig24 contig_164
		Solid alignment 1 1197 | 3598990 3600186 | 1197 1197 | 99.75 | pa_ill_pa_contig67 contig_164
		Solid alignment 1 294591 | 3600132 3894693 | 294591 294562 | 99.99 | pa_ill_pa_contig5 contig_164
		Solid alignment 1 927 | 3894639 3895565 | 927 927 | 99.89 | pa_ill_pa_contig73 contig_164
		Solid alignment 1 35776 | 3895511 3931282 | 35776 35772 | 99.97 | pa_ill_pa_contig37 contig_164
		Solid alignment 1 2207 | 3934357 3932152 | 2207 2206 | 99.77 | pa_ill_pa_contig55 contig_164
		Solid alignment 1 232544 | 3934303 4166846 | 232544 232544 | 99.97 | pa_ill_pa_contig10 contig_164
		Solid alignment 1 1874 | 4166719 4168592 | 1874 1874 | 100.0 | pa_ill_pa_contig57 contig_164
		Solid alignment 232388 237415 | 4168437 4173461 | 5028 5025 | 99.92 | pa_ill_pa_contig10 contig_164
		Solid alignment 1235 3722 | 4175894 4173407 | 2488 2488 | 99.6 | pa_ill_pa_contig48 contig_164
		Solid alignment 1 1079 | 4177128 4176050 | 1079 1079 | 99.81 | pa_ill_pa_contig48 contig_164
		Solid alignment 1 956 | 4177074 4178028 | 956 955 | 99.9 | pa_ill_pa_contig70 contig_164
		Solid alignment 1 3064 | 4181037 4177974 | 3064 3064 | 99.71 | pa_ill_pa_contig51 contig_164
		Solid alignment 92967 210873 | 4298883 4180983 | 117907 117901 | 99.98 | pa_ill_pa_contig11 contig_164
		Solid alignment 1 93281 | 4391733 4298459 | 93281 93275 | 99.98 | pa_ill_pa_contig11 contig_164
		Solid alignment 1 985 | 4391679 4392663 | 985 985 | 99.49 | pa_ill_pa_contig69 contig_164
		Solid alignment 1 48969 | 4392609 4441573 | 48969 48965 | 99.98 | pa_ill_pa_contig34 contig_164
		Solid alignment 1 5713 | 4441519 4447231 | 5713 5713 | 99.93 | pa_ill_pa_contig44 contig_164
		Solid alignment 1 106324 | 4553497 4447177 | 106324 106321 | 99.99 | pa_ill_pa_contig22 contig_164
		Solid alignment 1 90153 | 4644015 4553873 | 90153 90143 | 99.98 | pa_ill_pa_contig23 contig_164
		Solid alignment 1 1197 | 4643961 4645157 | 1197 1197 | 99.83 | pa_ill_pa_contig67 contig_164
		Solid alignment 1 465790 | 4645103 5110726 | 465790 465624 | 99.96 | pa_ill_pa_contig3 contig_164
		Solid alignment 1 2514 | 5110672 5113185 | 2514 2514 | 99.68 | pa_ill_pa_contig54 contig_164
		Solid alignment 1 868 | 5113637 5114504 | 868 868 | 99.54 | pa_ill_pa_contig74 contig_164
		Solid alignment 1 119004 | 5115308 5234304 | 119004 118997 | 99.99 | pa_ill_pa_contig18 contig_164
		Solid alignment 1 5713 | 5234250 5239963 | 5713 5714 | 99.98 | pa_ill_pa_contig44 contig_164
		Solid alignment 1 1405 | 5242206 5240802 | 1405 1405 | 90.74 | pa_ill_pa_contig12 contig_164
		Solid alignment 1 1492 | 5242152 5243643 | 1492 1492 | 100.0 | pa_ill_pa_contig61 contig_164
		Solid alignment 1 21904 | 5243589 5265493 | 21904 21905 | 100.0 | pa_ill_pa_contig41 contig_164
		Solid alignment 1 868 | 5267021 5266148 | 868 874 | 98.4 | pa_ill_pa_contig74 contig_164
		Solid alignment 1 2514 | 5269988 5267473 | 2514 2516 | 99.56 | pa_ill_pa_contig54 contig_164
		Solid alignment 132 56432 | 5326227 5269934 | 56301 56294 | 99.92 | pa_ill_pa_contig31 contig_164
		Solid alignment 1 187635 | 5328297 5515917 | 187635 187621 | 99.98 | pa_ill_pa_contig14 contig_164
		Solid alignment 1 265097 | 5516762 5781840 | 265097 265079 | 99.98 | pa_ill_pa_contig7 contig_164
		Solid alignment 1 1538 | 5782291 5783828 | 1538 1538 | 100.0 | pa_ill_pa_contig60 contig_164
		Solid alignment 1 3511 | 5787711 5784201 | 3511 3511 | 100.0 | pa_ill_pa_contig49 contig_164
		Solid alignment 1 38146 | 5788300 5826440 | 38146 38141 | 99.98 | pa_ill_pa_contig36 contig_164
		Solid alignment 1 5713 | 5826386 5832098 | 5713 5713 | 99.95 | pa_ill_pa_contig44 contig_164
		Solid alignment 1 61716 | 5832044 5893754 | 61716 61711 | 99.98 | pa_ill_pa_contig29 contig_164
		Solid alignment 1 1197 | 5894896 5893700 | 1197 1197 | 99.08 | pa_ill_pa_contig67 contig_164
		Solid alignment 1 847683 | 6742451 5894842 | 847683 847610 | 99.98 | pa_ill_pa_contig1 contig_164
		Solid alignment 1 2207 | 6742397 6744604 | 2207 2208 | 99.46 | pa_ill_pa_contig55 contig_164
		Solid alignment 721 47071 | 6791632 6745283 | 46351 46350 | 99.99 | pa_ill_pa_contig35 contig_164
			Skipping alignments located inside solid regions since they are redundant:
		Skipping redundant alignment 2205 2601 | 2 398 | 397 397 | 92.44 | pa_ill_pa_contig6 contig_164
		Skipping redundant alignment 2663 2766 | 467 570 | 104 104 | 91.35 | pa_ill_pa_contig6 contig_164
		Skipping redundant alignment 468678 468746 | 268199 268267 | 69 69 | 100.0 | pa_ill_pa_contig2 contig_164
		Skipping redundant alignment 39053 39121 | 268199 268267 | 69 69 | 100.0 | pa_ill_pa_contig17 contig_164
		Skipping redundant alignment 39244 39312 | 268199 268267 | 69 69 | 100.0 | pa_ill_pa_contig17 contig_164
		Skipping redundant alignment 847590 847683 | 1698614 1698521 | 94 94 | 100.0 | pa_ill_pa_contig1 contig_164
		Skipping redundant alignment 1 94 | 1698521 1698614 | 94 94 | 100.0 | pa_ill_pa_contig23 contig_164
		Skipping redundant alignment 1 97 | 1698521 1698617 | 97 97 | 98.97 | pa_ill_pa_contig24 contig_164
		Skipping redundant alignment 56166 56348 | 3300876 3301058 | 183 183 | 94.54 | pa_ill_pa_contig20 contig_164
			Looking for the best set of alignments (out of 149 total alignments)
		Ambiguity for this contig is not checked for speed up (too much alignments and --ambiguity-usage is "one")
			Skipping redundant alignments after choosing the best set of alignments
		Skipping redundant alignment 1105 1184 | 5326949 5326870 | 80 80 | 92.5 | pa_ill_pa_contig31 contig_164
		Skipping redundant alignment 2771 3517 | 575 1321 | 747 747 | 94.65 | pa_ill_pa_contig6 contig_164
		Skipping redundant alignment 176 337 | 5327149 5326988 | 162 162 | 91.36 | pa_ill_pa_contig31 contig_164
		Skipping redundant alignment 104 348 | 5327944 5327700 | 245 245 | 91.43 | pa_ill_pa_contig31 contig_164
		Skipping redundant alignment 419 580 | 5327149 5326988 | 162 162 | 91.36 | pa_ill_pa_contig31 contig_164
		Skipping redundant alignment 3381 3503 | 5782205 5782083 | 123 123 | 91.87 | pa_ill_pa_contig49 contig_164
		Skipping redundant alignment 264591 265097 | 5783460 5783966 | 507 507 | 93.14 | pa_ill_pa_contig7 contig_164
		Skipping redundant alignment 264617 265097 | 5787369 5787849 | 481 481 | 92.36 | pa_ill_pa_contig7 contig_164
		Skipping redundant alignment 1578 1661 | 1079484 1079401 | 84 84 | 90.48 | pa_ill_pa_contig59 contig_164
		Skipping redundant alignment 1196 1458 | 1079866 1079604 | 263 263 | 96.96 | pa_ill_pa_contig59 contig_164
		Skipping redundant alignment 947 1065 | 1080113 1079995 | 119 119 | 94.12 | pa_ill_pa_contig59 contig_164
		Skipping redundant alignment 710 945 | 1080349 1080114 | 236 236 | 92.37 | pa_ill_pa_contig59 contig_164
		Skipping redundant alignment 1 1235 | 2039930 2038694 | 1235 1237 | 99.76 | pa_ill_pa_contig66 contig_164
		Skipping redundant alignment 1 2072 | 2042472 2040404 | 2072 2069 | 99.37 | pa_ill_pa_contig56 contig_164
		Skipping redundant alignment 401 476 | 2163912 2163987 | 76 76 | 100.0 | pa_ill_pa_contig9 contig_164
		Skipping redundant alignment 99 178 | 2164030 2164109 | 80 80 | 98.75 | pa_ill_pa_contig32 contig_164
		Skipping redundant alignment 401 477 | 2164203 2164279 | 77 77 | 100.0 | pa_ill_pa_contig9 contig_164
		Skipping redundant alignment 55696 56158 | 3300406 3300868 | 463 463 | 95.25 | pa_ill_pa_contig20 contig_164
		Skipping redundant alignment 2820 3940 | 3301032 3299912 | 1121 1121 | 90.51 | pa_ill_pa_contig6 contig_164
		Skipping redundant alignment 46729 47071 | 3931132 3931474 | 343 343 | 97.67 | pa_ill_pa_contig35 contig_164
		Skipping redundant alignment 1099 1184 | 5326229 5326144 | 86 86 | 91.86 | pa_ill_pa_contig31 contig_164
		Skipping redundant alignment 354 504 | 5326248 5326098 | 151 151 | 90.73 | pa_ill_pa_contig31 contig_164
		Skipping redundant alignment 117 348 | 5326482 5326251 | 232 232 | 90.52 | pa_ill_pa_contig31 contig_164
		Skipping redundant alignment 590 763 | 5326738 5326565 | 174 174 | 93.1 | pa_ill_pa_contig31 contig_164
			The best set is below. Score: 6775254.9, number of alignments: 125, unaligned bases: 11363
		This contig is misassembled.
		This contig is partially unaligned. (Aligned 6780269 out of 6791632 non-N bases (99.83%))
			Real Alignment 1: 1 720 | 720 1 | 720 720 | 99.86 | pa_ill_pa_contig35 contig_164
			  Not a misassembly [fragmentation of reference genome] between these two alignments
			Excluding internal overlap of size 41 between Alignment 2 and 3: 1 111253 | 379460 268213 | 111253 111248 --> 1 111212 | 379460 268254 | 111212 111207
			Real Alignment 2: 1 266935 | 1330 268253 | 266935 266924 | 99.98 | pa_ill_pa_contig6 contig_164
			  Indel (> 5bp) between these two alignments: deletion of length 41; 0 mismatches (number of Ns: 0) [fragmentation of reference genome]
			Excluding internal overlap of size 55 between Alignment 3 and 4: 1 5507 | 384912 379406 | 5507 5507 --> 1 5452 | 384912 379461 | 5452 5452
			Real Alignment 3: 1 111212 | 379460 268254 | 111212 111207 | 99.98 | pa_ill_pa_contig20 contig_164
			  Indel (> 5bp) between these two alignments: deletion of length 55; 0 mismatches (number of Ns: 0) [fragmentation of reference genome]
			Excluding internal overlap of size 55 between Alignment 4 and 5: 1 5452 | 384912 379461 | 5452 5452 --> 56 5452 | 384857 379461 | 5397 5397
			Real Alignment 4: 56 5452 | 384857 379461 | 5397 5397 | 99.36 | pa_ill_pa_contig45 contig_164
			  Indel (> 5bp) between these two alignments: deletion of length 55; 0 mismatches (number of Ns: 0) [fragmentation of reference genome]
			Excluding internal overlap of size 55 between Alignment 5 and 6: 1 602 | 503496 504097 | 602 602 --> 56 602 | 503551 504097 | 547 547
			Real Alignment 5: 1 118702 | 384858 503550 | 118702 118693 | 99.99 | pa_ill_pa_contig19 contig_164
			  Indel (> 5bp) between these two alignments: deletion of length 55; 0 mismatches (number of Ns: 0) [fragmentation of reference genome]
			Excluding internal overlap of size 55 between Alignment 6 and 7: 56 602 | 503551 504097 | 547 547 --> 56 547 | 503551 504042 | 492 492
			Real Alignment 6: 56 547 | 503551 504042 | 492 492 | 99.34 | pa_ill_pa_contig80 contig_164
			  Indel (> 5bp) between these two alignments: deletion of length 55; 0 mismatches (number of Ns: 0) [fragmentation of reference genome]
			Excluding internal overlap of size 55 between Alignment 7 and 8: 1 944 | 506169 505225 | 944 945 --> 1 889 | 506169 505280 | 889 890
			Real Alignment 7: 1 1237 | 505279 504043 | 1237 1237 | 99.68 | pa_ill_pa_contig65 contig_164
			  Indel (> 5bp) between these two alignments: deletion of length 55; 0 mismatches (number of Ns: 0) [fragmentation of reference genome]
			Excluding internal overlap of size 55 between Alignment 8 and 9: 1 838 | 506115 506952 | 838 838 --> 56 838 | 506170 506952 | 783 783
			Real Alignment 8: 1 889 | 506169 505280 | 889 890 | 98.73 | pa_ill_pa_contig71 contig_164
			  Indel (> 5bp) between these two alignments: deletion of length 55; 0 mismatches (number of Ns: 0) [fragmentation of reference genome]
			Excluding internal overlap of size 136 between Alignment 9 and 10: 56 838 | 506170 506952 | 783 783 --> 56 702 | 506170 506816 | 647 647
			Real Alignment 9: 56 702 | 506170 506816 | 647 647 | 99.05 | pa_ill_pa_contig8 contig_164
			  Extensive misassembly (translocation) between these two alignments
			Excluding internal overlap of size 55 between Alignment 10 and 11: 1 1468 | 530750 532217 | 1468 1468 --> 56 1468 | 530805 532217 | 1413 1413
			Real Alignment 10: 1 23992 | 506817 530804 | 23992 23988 | 99.98 | pa_ill_pa_contig40 contig_164
			  Indel (> 5bp) between these two alignments: deletion of length 55; 0 mismatches (number of Ns: 0) [fragmentation of reference genome]
			Excluding internal overlap of size 55 between Alignment 11 and 12: 56 1468 | 530805 532217 | 1413 1413 --> 56 1413 | 530805 532162 | 1358 1358
			Real Alignment 11: 56 1413 | 530805 532162 | 1358 1358 | 99.93 | pa_ill_pa_contig62 contig_164
			  Indel (> 5bp) between these two alignments: deletion of length 55; 0 mismatches (number of Ns: 0) [fragmentation of reference genome]
			Excluding internal overlap of size 55 between Alignment 12 and 13: 1 927 | 588784 589710 | 927 927 --> 56 927 | 588839 589710 | 872 872
			Real Alignment 12: 1 56682 | 532163 588838 | 56682 56676 | 99.99 | pa_ill_pa_contig30 contig_164
			  Indel (> 5bp) between these two alignments: deletion of length 55; 0 mismatches (number of Ns: 0) [fragmentation of reference genome]
			Excluding internal overlap of size 55 between Alignment 13 and 14: 56 927 | 588839 589710 | 872 872 --> 56 872 | 588839 589655 | 817 817
			Real Alignment 13: 56 872 | 588839 589655 | 817 817 | 97.63 | pa_ill_pa_contig73 contig_164
			  Indel (> 5bp) between these two alignments: deletion of length 55; 0 mismatches (number of Ns: 0) [fragmentation of reference genome]
			Excluding internal overlap of size 55 between Alignment 14 and 15: 1 1492 | 794460 795951 | 1492 1492 --> 56 1492 | 794515 795951 | 1437 1437
			Real Alignment 14: 1 204999 | 794514 589656 | 204999 204859 | 99.92 | pa_ill_pa_contig12 contig_164
			  Indel (> 5bp) between these two alignments: deletion of length 55; 0 mismatches (number of Ns: 0) [fragmentation of reference genome]
			Excluding internal overlap of size 55 between Alignment 15 and 16: 56 1492 | 794515 795951 | 1437 1437 --> 56 1437 | 794515 795896 | 1382 1382
			Real Alignment 15: 56 1437 | 794515 795896 | 1382 1382 | 99.87 | pa_ill_pa_contig61 contig_164
			  Indel (> 5bp) between these two alignments: deletion of length 55; 0 mismatches (number of Ns: 0) [fragmentation of reference genome]
			Excluding internal overlap of size 55 between Alignment 16 and 17: 1 1258 | 903881 902624 | 1258 1258 --> 1 1203 | 903881 902679 | 1203 1203
			Real Alignment 16: 1 106796 | 795897 902678 | 106796 106782 | 99.98 | pa_ill_pa_contig21 contig_164
			  Indel (> 5bp) between these two alignments: deletion of length 55; 0 mismatches (number of Ns: 0) [fragmentation of reference genome]
			Excluding internal overlap of size 55 between Alignment 17 and 18: 1 1203 | 903881 902679 | 1203 1203 --> 56 1203 | 903826 902679 | 1148 1148
			Real Alignment 17: 56 1203 | 903826 902679 | 1148 1148 | 99.52 | pa_ill_pa_contig64 contig_164
			  Indel (> 5bp) between these two alignments: deletion of length 55; 0 mismatches (number of Ns: 0) [fragmentation of reference genome]
			Excluding internal overlap of size 381 between Alignment 18 and 19: 1 34671 | 903827 938532 | 34671 34706 --> 1 34328 | 903827 938151 | 34328 34325
			Real Alignment 18: 1 34328 | 903827 938151 | 34328 34325 | 99.85 | pa_ill_pa_contig15 contig_164
			  Overlap between these two alignments (local misassembly). Inconsistency = -93
			Excluding internal overlap of size 55 between Alignment 19 and 20: 1 690 | 1077623 1078312 | 690 690 --> 56 690 | 1077678 1078312 | 635 635
			Real Alignment 19: 34236 173697 | 938152 1077677 | 139462 139526 | 99.93 | pa_ill_pa_contig15 contig_164
			  Indel (> 5bp) between these two alignments: deletion of length 55; 0 mismatches (number of Ns: 0) [fragmentation of reference genome]
			Real Alignment 20: 56 690 | 1077678 1078312 | 635 635 | 100.0 | pa_ill_pa_contig76 contig_164
			  Not a misassembly [fragmentation of reference genome] between these two alignments
			Real Alignment 21: 1 1028 | 1079455 1078428 | 1028 1028 | 99.81 | pa_ill_pa_contig68 contig_164
			  Not a misassembly [fragmentation of reference genome] between these two alignments
			Excluding internal overlap of size 55 between Alignment 22 and 23: 1 647 | 1080211 1080857 | 647 647 --> 1 592 | 1080211 1080802 | 592 592
			Real Alignment 22: 1 592 | 1080211 1080802 | 592 592 | 100.0 | pa_ill_pa_contig77 contig_164
			  Indel (> 5bp) between these two alignments: deletion of length 55; 0 mismatches (number of Ns: 0) [fragmentation of reference genome]
			Real Alignment 23: 1 690 | 1080803 1081492 | 690 690 | 99.86 | pa_ill_pa_contig76 contig_164
			  Not a misassembly [fragmentation of reference genome] between these two alignments
			Excluding internal overlap of size 55 between Alignment 24 and 25: 1 1028 | 1082635 1081608 | 1028 1028 --> 56 1028 | 1082580 1081608 | 973 973
			Real Alignment 24: 56 1028 | 1082580 1081608 | 973 973 | 99.51 | pa_ill_pa_contig68 contig_164
			  Indel (> 5bp) between these two alignments: deletion of length 55; 0 mismatches (number of Ns: 0) [fragmentation of reference genome]
			Excluding internal overlap of size 55 between Alignment 25 and 26: 1 1661 | 1084242 1082581 | 1661 1662 --> 56 1661 | 1084187 1082581 | 1606 1607
			Real Alignment 25: 56 1661 | 1084187 1082581 | 1606 1607 | 99.94 | pa_ill_pa_contig59 contig_164
			  Indel (> 5bp) between these two alignments: deletion of length 55; 0 mismatches (number of Ns: 0) [fragmentation of reference genome]
			Excluding internal overlap of size 55 between Alignment 26 and 27: 1 1682 | 1084188 1085869 | 1682 1682 --> 1 1627 | 1084188 1085814 | 1627 1627
			Real Alignment 26: 1 1627 | 1084188 1085814 | 1627 1627 | 99.52 | pa_ill_pa_contig58 contig_164
			  Indel (> 5bp) between these two alignments: deletion of length 55; 0 mismatches (number of Ns: 0) [fragmentation of reference genome]
			Excluding internal overlap of size 55 between Alignment 27 and 28: 1 1682 | 1090729 1092410 | 1682 1682 --> 56 1682 | 1090784 1092410 | 1627 1627
			Real Alignment 27: 1 4971 | 1085815 1090783 | 4971 4969 | 99.94 | pa_ill_pa_contig46 contig_164
			  Indel (> 5bp) between these two alignments: deletion of length 55; 0 mismatches (number of Ns: 0) [fragmentation of reference genome]
			Excluding internal overlap of size 55 between Alignment 28 and 29: 56 1682 | 1090784 1092410 | 1627 1627 --> 56 1627 | 1090784 1092355 | 1572 1572
			Real Alignment 28: 56 1627 | 1090784 1092355 | 1572 1572 | 99.76 | pa_ill_pa_contig58 contig_164
			  Indel (> 5bp) between these two alignments: deletion of length 55; 0 mismatches (number of Ns: 0) [fragmentation of reference genome]
			Excluding internal overlap of size 55 between Alignment 29 and 30: 1 799 | 1095539 1096337 | 799 799 --> 56 799 | 1095594 1096337 | 744 744
			Real Alignment 29: 1 3238 | 1092356 1095593 | 3238 3238 | 100.0 | pa_ill_pa_contig50 contig_164
			  Indel (> 5bp) between these two alignments: deletion of length 55; 0 mismatches (number of Ns: 0) [fragmentation of reference genome]
			Real Alignment 30: 56 799 | 1095594 1096337 | 744 744 | 99.12 | pa_ill_pa_contig75 contig_164
			  Not a misassembly [fragmentation of reference genome] between these two alignments
			Excluding internal overlap of size 55 between Alignment 31 and 32: 1 799 | 1103117 1103915 | 799 799 --> 56 799 | 1103172 1103915 | 744 744
			Real Alignment 31: 1 6148 | 1103171 1097027 | 6148 6145 | 99.95 | pa_ill_pa_contig43 contig_164
			  Indel (> 5bp) between these two alignments: deletion of length 55; 0 mismatches (number of Ns: 0) [fragmentation of reference genome]
			Real Alignment 32: 56 799 | 1103172 1103915 | 744 744 | 98.62 | pa_ill_pa_contig75 contig_164
			  Not a misassembly [fragmentation of reference genome] between these two alignments
			Excluding internal overlap of size 55 between Alignment 33 and 34: 1 985 | 1172871 1173855 | 985 985 --> 56 985 | 1172926 1173855 | 930 930
			Real Alignment 33: 1 68331 | 1104605 1172925 | 68331 68321 | 99.98 | pa_ill_pa_contig28 contig_164
			  Indel (> 5bp) between these two alignments: deletion of length 55; 0 mismatches (number of Ns: 0) [fragmentation of reference genome]
			Excluding internal overlap of size 55 between Alignment 34 and 35: 56 985 | 1172926 1173855 | 930 930 --> 56 930 | 1172926 1173800 | 875 875
			Real Alignment 34: 56 930 | 1172926 1173800 | 875 875 | 98.48 | pa_ill_pa_contig69 contig_164
			  Indel (> 5bp) between these two alignments: deletion of length 55; 0 mismatches (number of Ns: 0) [fragmentation of reference genome]
			Excluding internal overlap of size 55 between Alignment 35 and 36: 1235 3722 | 1206995 1204508 | 2488 2488 --> 1235 3667 | 1206995 1204563 | 2433 2433
			Real Alignment 35: 1 30768 | 1204562 1173801 | 30768 30762 | 99.95 | pa_ill_pa_contig38 contig_164
			  Indel (> 5bp) between these two alignments: deletion of length 55; 0 mismatches (number of Ns: 0) [fragmentation of reference genome]
			Real Alignment 36: 1235 3667 | 1206995 1204563 | 2433 2433 | 99.4 | pa_ill_pa_contig48 contig_164
			  Gap between these two alignments (local misassembly). Inconsistency = 0
			Excluding internal overlap of size 55 between Alignment 37 and 38: 1 1079 | 1208229 1207151 | 1079 1079 --> 56 1079 | 1208174 1207151 | 1024 1024
			Real Alignment 37: 56 1079 | 1208174 1207151 | 1024 1024 | 99.54 | pa_ill_pa_contig48 contig_164
			  Indel (> 5bp) between these two alignments: deletion of length 55; 0 mismatches (number of Ns: 0) [fragmentation of reference genome]
			Excluding internal overlap of size 55 between Alignment 38 and 39: 1 3064 | 1217768 1214706 | 3064 3063 --> 1 3009 | 1217768 1214761 | 3009 3008
			Real Alignment 38: 1 6590 | 1208175 1214760 | 6590 6586 | 99.76 | pa_ill_pa_contig42 contig_164
			  Indel (> 5bp) between these two alignments: deletion of length 55; 0 mismatches (number of Ns: 0) [fragmentation of reference genome]
			Excluding internal overlap of size 55 between Alignment 39 and 40: 1 3009 | 1217768 1214761 | 3009 3008 --> 56 3009 | 1217713 1214761 | 2954 2953
			Real Alignment 39: 56 3009 | 1217713 1214761 | 2954 2953 | 99.25 | pa_ill_pa_contig51 contig_164
			  Indel (> 5bp) between these two alignments: deletion of length 55; 0 mismatches (number of Ns: 0) [fragmentation of reference genome]
			Excluding internal overlap of size 55 between Alignment 40 and 41: 1 603 | 1245054 1244452 | 603 603 --> 1 548 | 1245054 1244507 | 548 548
			Real Alignment 40: 1 26794 | 1217714 1244506 | 26794 26793 | 99.99 | pa_ill_pa_contig39 contig_164
			  Indel (> 5bp) between these two alignments: deletion of length 55; 0 mismatches (number of Ns: 0) [fragmentation of reference genome]
			Excluding internal overlap of size 55 between Alignment 41 and 42: 1 548 | 1245054 1244507 | 548 548 --> 56 548 | 1244999 1244507 | 493 493
			Real Alignment 41: 56 548 | 1244999 1244507 | 493 493 | 100.0 | pa_ill_pa_contig79 contig_164
			  Indel (> 5bp) between these two alignments: deletion of length 55; 0 mismatches (number of Ns: 0) [fragmentation of reference genome]
			Excluding internal overlap of size 55 between Alignment 42 and 43: 1 944 | 1503498 1504440 | 944 943 --> 56 944 | 1503553 1504440 | 889 888
			Real Alignment 42: 1 258570 | 1503552 1245000 | 258570 258553 | 99.98 | pa_ill_pa_contig8 contig_164
			  Indel (> 5bp) between these two alignments: deletion of length 55; 0 mismatches (number of Ns: 0) [fragmentation of reference genome]
			Excluding internal overlap of size 55 between Alignment 43 and 44: 56 944 | 1503553 1504440 | 889 888 --> 56 889 | 1503553 1504385 | 834 833
			Real Alignment 43: 56 889 | 1503553 1504385 | 834 833 | 99.26 | pa_ill_pa_contig71 contig_164
			  Indel (> 5bp) between these two alignments: deletion of length 55; 0 mismatches (number of Ns: 0) [fragmentation of reference genome]
			Excluding internal overlap of size 55 between Alignment 44 and 45: 1 602 | 1506168 1505567 | 602 602 --> 1 547 | 1506168 1505622 | 547 547
			Real Alignment 44: 1 1237 | 1504386 1505621 | 1237 1236 | 95.64 | pa_ill_pa_contig65 contig_164
			  Indel (> 5bp) between these two alignments: deletion of length 55; 0 mismatches (number of Ns: 0) [fragmentation of reference genome]
			Excluding internal overlap of size 55 between Alignment 45 and 46: 1 547 | 1506168 1505622 | 547 547 --> 56 547 | 1506113 1505622 | 492 492
			Real Alignment 45: 56 547 | 1506113 1505622 | 492 492 | 99.17 | pa_ill_pa_contig80 contig_164
			  Indel (> 5bp) between these two alignments: deletion of length 55; 0 mismatches (number of Ns: 0) [fragmentation of reference genome]
			Excluding internal overlap of size 55 between Alignment 46 and 47: 1 1197 | 1698575 1697379 | 1197 1197 --> 1 1142 | 1698575 1697434 | 1142 1142
			Real Alignment 46: 1 191344 | 1506114 1697433 | 191344 191320 | 99.98 | pa_ill_pa_contig13 contig_164
			  Indel (> 5bp) between these two alignments: deletion of length 55; 0 mismatches (number of Ns: 0) [fragmentation of reference genome]
			Excluding internal overlap of size 16 between Alignment 47 and 48: 1 1142 | 1698575 1697434 | 1142 1142 --> 17 1142 | 1698559 1697434 | 1126 1126
			Real Alignment 47: 17 1142 | 1698559 1697434 | 1126 1126 | 99.83 | pa_ill_pa_contig67 contig_164
			  Indel (> 5bp) between these two alignments: deletion of length 16; 0 mismatches (number of Ns: 0) [fragmentation of reference genome]
			Excluding internal overlap of size 55 between Alignment 48 and 49: 1 86455 | 1698560 1784997 | 86455 86438 --> 1 86400 | 1698560 1784942 | 86400 86383
			Real Alignment 48: 1 86400 | 1698560 1784942 | 86400 86383 | 99.98 | pa_ill_pa_contig25 contig_164
			  Extensive misassembly (translocation) between these two alignments
			Real Alignment 49: 161 249467 | 1784943 2034229 | 249307 249287 | 99.98 | pa_ill_pa_contig9 contig_164
			  Not a misassembly [fragmentation of reference genome] between these two alignments
			Real Alignment 50: 1 2531 | 2037124 2034594 | 2531 2531 | 99.84 | pa_ill_pa_contig53 contig_164
			  Not a misassembly [fragmentation of reference genome] between these two alignments
			Excluding internal overlap of size 55 between Alignment 51 and 52: 1 623 | 2038748 2038126 | 623 623 --> 1 568 | 2038748 2038181 | 568 568
			Real Alignment 51: 1 929 | 2038180 2037252 | 929 929 | 99.35 | pa_ill_pa_contig72 contig_164
			  Indel (> 5bp) between these two alignments: deletion of length 55; 0 mismatches (number of Ns: 0) [fragmentation of reference genome]
			Excluding internal overlap of size 55 between Alignment 52 and 53: 1 568 | 2038748 2038181 | 568 568 --> 56 568 | 2038693 2038181 | 513 513
			Real Alignment 52: 56 568 | 2038693 2038181 | 513 513 | 97.75 | pa_ill_pa_contig78 contig_164
			  Indel (> 5bp) between these two alignments: deletion of length 55; 0 mismatches (number of Ns: 0) [fragmentation of reference genome]
			Excluding internal overlap of size 55 between Alignment 53 and 54: 1 539 | 2042954 2042418 | 539 537 --> 1 482 | 2042954 2042473 | 482 482
			Real Alignment 53: 1 3774 | 2038694 2042472 | 3774 3779 | 90.08 | pa_ill_pa_contig47 contig_164
			  Indel (> 5bp) between these two alignments: deletion of length 57; 0 mismatches (number of Ns: 0) [fragmentation of reference genome]
			Excluding internal overlap of size 55 between Alignment 54 and 55: 1 482 | 2042954 2042473 | 482 482 --> 56 482 | 2042899 2042473 | 427 427
			Real Alignment 54: 56 482 | 2042899 2042473 | 427 427 | 97.96 | pa_ill_pa_contig84 contig_164
			  Indel (> 5bp) between these two alignments: deletion of length 55; 0 mismatches (number of Ns: 0) [fragmentation of reference genome]
			Real Alignment 55: 1 121067 | 2163963 2042900 | 121067 121064 | 99.99 | pa_ill_pa_contig17 contig_164
			  Not a misassembly [fragmentation of reference genome] between these two alignments
			Excluding internal overlap of size 55 between Alignment 56 and 57: 1 1258 | 2221430 2220173 | 1258 1258 --> 1 1203 | 2221430 2220228 | 1203 1203
			Real Alignment 56: 1 56007 | 2164225 2220227 | 56007 56003 | 99.98 | pa_ill_pa_contig32 contig_164
			  Indel (> 5bp) between these two alignments: deletion of length 55; 0 mismatches (number of Ns: 0) [fragmentation of reference genome]
			Excluding internal overlap of size 55 between Alignment 57 and 58: 1 1203 | 2221430 2220228 | 1203 1203 --> 56 1203 | 2221375 2220228 | 1148 1148
			Real Alignment 57: 56 1203 | 2221375 2220228 | 1148 1148 | 99.84 | pa_ill_pa_contig64 contig_164
			  Indel (> 5bp) between these two alignments: deletion of length 55; 0 mismatches (number of Ns: 0) [fragmentation of reference genome]
			Excluding internal overlap of size 303 between Alignment 58 and 59: 1 247386 | 2763557 2516216 | 247386 247342 --> 1 247083 | 2763557 2516519 | 247083 247039
			Real Alignment 58: 247199 542364 | 2516518 2221376 | 295166 295143 | 99.99 | pa_ill_pa_contig2 contig_164
			  Gap between these two alignments (local misassembly). Inconsistency = 115
			Excluding internal overlap of size 55 between Alignment 59 and 60: 1 539 | 2763503 2764041 | 539 539 --> 56 539 | 2763558 2764041 | 484 484
			Real Alignment 59: 1 247083 | 2763557 2516519 | 247083 247039 | 99.98 | pa_ill_pa_contig2 contig_164
			  Indel (> 5bp) between these two alignments: deletion of length 55; 0 mismatches (number of Ns: 0) [fragmentation of reference genome]
			Excluding internal overlap of size 55 between Alignment 60 and 61: 56 539 | 2763558 2764041 | 484 484 --> 56 484 | 2763558 2763986 | 429 429
			Real Alignment 60: 56 484 | 2763558 2763986 | 429 429 | 98.52 | pa_ill_pa_contig84 contig_164
			  Indel (> 5bp) between these two alignments: deletion of length 55; 0 mismatches (number of Ns: 0) [fragmentation of reference genome]
			Excluding internal overlap of size 55 between Alignment 61 and 62: 1 623 | 2767706 2768328 | 623 623 --> 56 623 | 2767761 2768328 | 568 568
			Real Alignment 61: 1 3774 | 2767760 2763987 | 3774 3774 | 100.0 | pa_ill_pa_contig47 contig_164
			  Indel (> 5bp) between these two alignments: deletion of length 55; 0 mismatches (number of Ns: 0) [fragmentation of reference genome]
			Excluding internal overlap of size 55 between Alignment 62 and 63: 56 623 | 2767761 2768328 | 568 568 --> 56 568 | 2767761 2768273 | 513 513
			Real Alignment 62: 56 568 | 2767761 2768273 | 513 513 | 100.0 | pa_ill_pa_contig78 contig_164
			  Indel (> 5bp) between these two alignments: deletion of length 55; 0 mismatches (number of Ns: 0) [fragmentation of reference genome]
			Real Alignment 63: 1 929 | 2768274 2769200 | 929 927 | 98.06 | pa_ill_pa_contig72 contig_164
			  Not a misassembly [fragmentation of reference genome] between these two alignments
			Real Alignment 64: 1 2549 | 2769328 2771876 | 2549 2549 | 100.0 | pa_ill_pa_contig52 contig_164
			  Not a misassembly [fragmentation of reference genome] between these two alignments
			Excluding internal overlap of size 55 between Alignment 65 and 66: 1 1468 | 3176449 3177916 | 1468 1468 --> 56 1468 | 3176504 3177916 | 1413 1413
			Real Alignment 65: 1 404310 | 3176503 2772235 | 404310 404269 | 99.98 | pa_ill_pa_contig4 contig_164
			  Indel (> 5bp) between these two alignments: deletion of length 55; 0 mismatches (number of Ns: 0) [fragmentation of reference genome]
			Excluding internal overlap of size 55 between Alignment 66 and 67: 56 1468 | 3176504 3177916 | 1413 1413 --> 56 1413 | 3176504 3177861 | 1358 1358
			Real Alignment 66: 56 1413 | 3176504 3177861 | 1358 1358 | 100.0 | pa_ill_pa_contig62 contig_164
			  Indel (> 5bp) between these two alignments: deletion of length 55; 0 mismatches (number of Ns: 0) [fragmentation of reference genome]
			Real Alignment 67: 1 122468 | 3177862 3300326 | 122468 122465 | 99.97 | pa_ill_pa_contig16 contig_164
			  Not a misassembly [fragmentation of reference genome] between these two alignments
			Excluding internal overlap of size 55 between Alignment 68 and 69: 1 603 | 3354560 3353958 | 603 603 --> 1 548 | 3354560 3354013 | 548 548
			Real Alignment 68: 1 53273 | 3354012 3300741 | 53273 53272 | 99.99 | pa_ill_pa_contig33 contig_164
			  Indel (> 5bp) between these two alignments: deletion of length 55; 0 mismatches (number of Ns: 0) [fragmentation of reference genome]
			Excluding internal overlap of size 55 between Alignment 69 and 70: 1 548 | 3354560 3354013 | 548 548 --> 56 548 | 3354505 3354013 | 493 493
			Real Alignment 69: 56 548 | 3354505 3354013 | 493 493 | 100.0 | pa_ill_pa_contig79 contig_164
			  Indel (> 5bp) between these two alignments: deletion of length 55; 0 mismatches (number of Ns: 0) [fragmentation of reference genome]
			Excluding internal overlap of size 242 between Alignment 70 and 71: 41099 76514 | 3389917 3354506 | 35416 35412 --> 41341 76514 | 3389675 3354506 | 35174 35170
			Real Alignment 70: 41341 76514 | 3389675 3354506 | 35174 35170 | 99.96 | pa_ill_pa_contig26 contig_164
			  Gap between these two alignments (local misassembly). Inconsistency = 112
			Excluding internal overlap of size 76 between Alignment 71 and 72: 1 846 | 3431662 3430823 | 846 840 --> 1 770 | 3431662 3430899 | 770 764
			Real Alignment 71: 1 41228 | 3430898 3389676 | 41228 41223 | 99.97 | pa_ill_pa_contig26 contig_164
			  Extensive misassembly (translocation) between these two alignments
			Excluding internal overlap of size 55 between Alignment 72 and 73: 1 770 | 3431662 3430899 | 770 764 --> 56 770 | 3431607 3430899 | 715 709
			Real Alignment 72: 56 770 | 3431607 3430899 | 715 709 | 90.05 | pa_ill_pa_contig20 contig_164
			  Indel (> 5bp) between these two alignments: deletion of length 55; 0 mismatches (number of Ns: 0) [fragmentation of reference genome]
			Excluding internal overlap of size 55 between Alignment 73 and 74: 1 5507 | 3437112 3431608 | 5507 5505 --> 56 5507 | 3437057 3431608 | 5452 5450
			Real Alignment 73: 56 5507 | 3437057 3431608 | 5452 5450 | 99.8 | pa_ill_pa_contig45 contig_164
			  Indel (> 5bp) between these two alignments: deletion of length 55; 0 mismatches (number of Ns: 0) [fragmentation of reference genome]
			Excluding internal overlap of size 55 between Alignment 74 and 75: 1 5713 | 3511122 3505409 | 5713 5714 --> 1 5658 | 3511122 3505464 | 5658 5659
			Real Alignment 74: 1 68413 | 3437058 3505463 | 68413 68406 | 99.98 | pa_ill_pa_contig27 contig_164
			  Indel (> 5bp) between these two alignments: deletion of length 55; 0 mismatches (number of Ns: 0) [fragmentation of reference genome]
			Excluding internal overlap of size 55 between Alignment 75 and 76: 1 5658 | 3511122 3505464 | 5658 5659 --> 56 5658 | 3511067 3505464 | 5603 5604
			Real Alignment 75: 56 5658 | 3511067 3505464 | 5603 5604 | 99.93 | pa_ill_pa_contig44 contig_164
			  Indel (> 5bp) between these two alignments: deletion of length 55; 0 mismatches (number of Ns: 0) [fragmentation of reference genome]
			Excluding internal overlap of size 55 between Alignment 76 and 77: 1 1197 | 3598990 3600186 | 1197 1197 --> 56 1197 | 3599045 3600186 | 1142 1142
			Real Alignment 76: 1 87995 | 3599044 3511068 | 87995 87977 | 99.97 | pa_ill_pa_contig24 contig_164
			  Indel (> 5bp) between these two alignments: deletion of length 55; 0 mismatches (number of Ns: 0) [fragmentation of reference genome]
			Excluding internal overlap of size 55 between Alignment 77 and 78: 56 1197 | 3599045 3600186 | 1142 1142 --> 56 1142 | 3599045 3600131 | 1087 1087
			Real Alignment 77: 56 1142 | 3599045 3600131 | 1087 1087 | 99.75 | pa_ill_pa_contig67 contig_164
			  Indel (> 5bp) between these two alignments: deletion of length 55; 0 mismatches (number of Ns: 0) [fragmentation of reference genome]
			Excluding internal overlap of size 55 between Alignment 78 and 79: 1 927 | 3894639 3895565 | 927 927 --> 56 927 | 3894694 3895565 | 872 872
			Real Alignment 78: 1 294591 | 3600132 3894693 | 294591 294562 | 99.99 | pa_ill_pa_contig5 contig_164
			  Indel (> 5bp) between these two alignments: deletion of length 55; 0 mismatches (number of Ns: 0) [fragmentation of reference genome]
			Excluding internal overlap of size 55 between Alignment 79 and 80: 56 927 | 3894694 3895565 | 872 872 --> 56 872 | 3894694 3895510 | 817 817
			Real Alignment 79: 56 872 | 3894694 3895510 | 817 817 | 99.89 | pa_ill_pa_contig73 contig_164
			  Indel (> 5bp) between these two alignments: deletion of length 55; 0 mismatches (number of Ns: 0) [fragmentation of reference genome]
			Real Alignment 80: 1 35776 | 3895511 3931282 | 35776 35772 | 99.97 | pa_ill_pa_contig37 contig_164
			  Not a misassembly [fragmentation of reference genome] between these two alignments
			Excluding internal overlap of size 55 between Alignment 81 and 82: 1 2207 | 3934357 3932152 | 2207 2206 --> 56 2207 | 3934302 3932152 | 2152 2151
			Real Alignment 81: 56 2207 | 3934302 3932152 | 2152 2151 | 99.77 | pa_ill_pa_contig55 contig_164
			  Indel (> 5bp) between these two alignments: deletion of length 55; 0 mismatches (number of Ns: 0) [fragmentation of reference genome]
			Excluding internal overlap of size 128 between Alignment 82 and 83: 1 1874 | 4166719 4168592 | 1874 1874 --> 129 1874 | 4166847 4168592 | 1746 1746
			Real Alignment 82: 1 232544 | 3934303 4166846 | 232544 232544 | 99.97 | pa_ill_pa_contig10 contig_164
			  Extensive misassembly (translocation) between these two alignments
			Excluding internal overlap of size 156 between Alignment 83 and 84: 129 1874 | 4166847 4168592 | 1746 1746 --> 129 1718 | 4166847 4168436 | 1590 1590
			Real Alignment 83: 129 1718 | 4166847 4168436 | 1590 1590 | 100.0 | pa_ill_pa_contig57 contig_164
			  Extensive misassembly (translocation) between these two alignments
			Excluding internal overlap of size 55 between Alignment 84 and 85: 1235 3722 | 4175894 4173407 | 2488 2488 --> 1235 3667 | 4175894 4173462 | 2433 2433
			Real Alignment 84: 232388 237415 | 4168437 4173461 | 5028 5025 | 99.92 | pa_ill_pa_contig10 contig_164
			  Indel (> 5bp) between these two alignments: deletion of length 55; 0 mismatches (number of Ns: 0) [fragmentation of reference genome]
			Real Alignment 85: 1235 3667 | 4175894 4173462 | 2433 2433 | 99.6 | pa_ill_pa_contig48 contig_164
			  Gap between these two alignments (local misassembly). Inconsistency = 0
			Excluding internal overlap of size 55 between Alignment 86 and 87: 1 956 | 4177074 4178028 | 956 955 --> 56 956 | 4177129 4178028 | 901 900
			Real Alignment 86: 1 1079 | 4177128 4176050 | 1079 1079 | 99.81 | pa_ill_pa_contig48 contig_164
			  Indel (> 5bp) between these two alignments: deletion of length 55; 0 mismatches (number of Ns: 0) [fragmentation of reference genome]
			Excluding internal overlap of size 55 between Alignment 87 and 88: 56 956 | 4177129 4178028 | 901 900 --> 56 901 | 4177129 4177973 | 846 845
			Real Alignment 87: 56 901 | 4177129 4177973 | 846 845 | 99.9 | pa_ill_pa_contig70 contig_164
			  Indel (> 5bp) between these two alignments: deletion of length 55; 0 mismatches (number of Ns: 0) [fragmentation of reference genome]
			Excluding internal overlap of size 55 between Alignment 88 and 89: 1 3064 | 4181037 4177974 | 3064 3064 --> 56 3064 | 4180982 4177974 | 3009 3009
			Real Alignment 88: 56 3064 | 4180982 4177974 | 3009 3009 | 99.71 | pa_ill_pa_contig51 contig_164
			  Indel (> 5bp) between these two alignments: deletion of length 55; 0 mismatches (number of Ns: 0) [fragmentation of reference genome]
			Excluding internal overlap of size 425 between Alignment 89 and 90: 1 93281 | 4391733 4298459 | 93281 93275 --> 1 92856 | 4391733 4298884 | 92856 92850
			Real Alignment 89: 92967 210873 | 4298883 4180983 | 117907 117901 | 99.98 | pa_ill_pa_contig11 contig_164
			  Gap between these two alignments (local misassembly). Inconsistency = 110
			Excluding internal overlap of size 55 between Alignment 90 and 91: 1 985 | 4391679 4392663 | 985 985 --> 56 985 | 4391734 4392663 | 930 930
			Real Alignment 90: 1 92856 | 4391733 4298884 | 92856 92850 | 99.98 | pa_ill_pa_contig11 contig_164
			  Indel (> 5bp) between these two alignments: deletion of length 55; 0 mismatches (number of Ns: 0) [fragmentation of reference genome]
			Excluding internal overlap of size 55 between Alignment 91 and 92: 56 985 | 4391734 4392663 | 930 930 --> 56 930 | 4391734 4392608 | 875 875
			Real Alignment 91: 56 930 | 4391734 4392608 | 875 875 | 99.49 | pa_ill_pa_contig69 contig_164
			  Indel (> 5bp) between these two alignments: deletion of length 55; 0 mismatches (number of Ns: 0) [fragmentation of reference genome]
			Excluding internal overlap of size 55 between Alignment 92 and 93: 1 5713 | 4441519 4447231 | 5713 5713 --> 56 5713 | 4441574 4447231 | 5658 5658
			Real Alignment 92: 1 48969 | 4392609 4441573 | 48969 48965 | 99.98 | pa_ill_pa_contig34 contig_164
			  Indel (> 5bp) between these two alignments: deletion of length 55; 0 mismatches (number of Ns: 0) [fragmentation of reference genome]
			Excluding internal overlap of size 55 between Alignment 93 and 94: 56 5713 | 4441574 4447231 | 5658 5658 --> 56 5658 | 4441574 4447176 | 5603 5603
			Real Alignment 93: 56 5658 | 4441574 4447176 | 5603 5603 | 99.93 | pa_ill_pa_contig44 contig_164
			  Indel (> 5bp) between these two alignments: deletion of length 55; 0 mismatches (number of Ns: 0) [fragmentation of reference genome]
			Real Alignment 94: 1 106324 | 4553497 4447177 | 106324 106321 | 99.99 | pa_ill_pa_contig22 contig_164
			  Not a misassembly [fragmentation of reference genome] between these two alignments
			Excluding internal overlap of size 55 between Alignment 95 and 96: 1 1197 | 4643961 4645157 | 1197 1197 --> 56 1197 | 4644016 4645157 | 1142 1142
			Real Alignment 95: 1 90153 | 4644015 4553873 | 90153 90143 | 99.98 | pa_ill_pa_contig23 contig_164
			  Indel (> 5bp) between these two alignments: deletion of length 55; 0 mismatches (number of Ns: 0) [fragmentation of reference genome]
			Excluding internal overlap of size 55 between Alignment 96 and 97: 56 1197 | 4644016 4645157 | 1142 1142 --> 56 1142 | 4644016 4645102 | 1087 1087
			Real Alignment 96: 56 1142 | 4644016 4645102 | 1087 1087 | 99.83 | pa_ill_pa_contig67 contig_164
			  Indel (> 5bp) between these two alignments: deletion of length 55; 0 mismatches (number of Ns: 0) [fragmentation of reference genome]
			Excluding internal overlap of size 55 between Alignment 97 and 98: 1 2514 | 5110672 5113185 | 2514 2514 --> 56 2514 | 5110727 5113185 | 2459 2459
			Real Alignment 97: 1 465790 | 4645103 5110726 | 465790 465624 | 99.96 | pa_ill_pa_contig3 contig_164
			  Indel (> 5bp) between these two alignments: deletion of length 55; 0 mismatches (number of Ns: 0) [fragmentation of reference genome]
			Excluding internal overlap of size 55 between Alignment 98 and 99: 1 561 | 5113691 5113131 | 561 561 --> 1 506 | 5113691 5113186 | 506 506
			Real Alignment 98: 56 2514 | 5110727 5113185 | 2459 2459 | 99.68 | pa_ill_pa_contig54 contig_164
			  Indel (> 5bp) between these two alignments: deletion of length 55; 0 mismatches (number of Ns: 0) [fragmentation of reference genome]
			Excluding internal overlap of size 55 between Alignment 99 and 100: 1 506 | 5113691 5113186 | 506 506 --> 56 506 | 5113636 5113186 | 451 451
			Real Alignment 99: 56 506 | 5113636 5113186 | 451 451 | 100.0 | pa_ill_pa_contig83 contig_164
			  Indel (> 5bp) between these two alignments: deletion of length 55; 0 mismatches (number of Ns: 0) [fragmentation of reference genome]
			Real Alignment 100: 1 868 | 5113637 5114504 | 868 868 | 99.54 | pa_ill_pa_contig74 contig_164
			  Not a misassembly [fragmentation of reference genome] between these two alignments
			Excluding internal overlap of size 55 between Alignment 101 and 102: 1 5713 | 5234250 5239963 | 5713 5714 --> 56 5713 | 5234305 5239963 | 5658 5659
			Real Alignment 101: 1 119004 | 5115308 5234304 | 119004 118997 | 99.99 | pa_ill_pa_contig18 contig_164
			  Indel (> 5bp) between these two alignments: deletion of length 55; 0 mismatches (number of Ns: 0) [fragmentation of reference genome]
			Excluding internal overlap of size 55 between Alignment 102 and 103: 1 1339 | 5239909 5241247 | 1339 1339 --> 56 1339 | 5239964 5241247 | 1284 1284
			Real Alignment 102: 56 5713 | 5234305 5239963 | 5658 5659 | 99.98 | pa_ill_pa_contig44 contig_164
			  Indel (> 5bp) between these two alignments: deletion of length 55; 0 mismatches (number of Ns: 0) [fragmentation of reference genome]
			Excluding internal overlap of size 446 between Alignment 103 and 104: 56 1339 | 5239964 5241247 | 1284 1284 --> 56 893 | 5239964 5240801 | 838 838
			Real Alignment 103: 56 893 | 5239964 5240801 | 838 838 | 100.0 | pa_ill_pa_contig63 contig_164
			  Extensive misassembly (translocation) between these two alignments
			Excluding internal overlap of size 55 between Alignment 104 and 105: 1 1405 | 5242206 5240802 | 1405 1405 --> 56 1405 | 5242151 5240802 | 1350 1350
			Real Alignment 104: 56 1405 | 5242151 5240802 | 1350 1350 | 90.74 | pa_ill_pa_contig12 contig_164
			  Indel (> 5bp) between these two alignments: deletion of length 55; 0 mismatches (number of Ns: 0) [fragmentation of reference genome]
			Excluding internal overlap of size 55 between Alignment 105 and 106: 1 1492 | 5242152 5243643 | 1492 1492 --> 1 1437 | 5242152 5243588 | 1437 1437
			Real Alignment 105: 1 1437 | 5242152 5243588 | 1437 1437 | 100.0 | pa_ill_pa_contig61 contig_164
			  Indel (> 5bp) between these two alignments: deletion of length 55; 0 mismatches (number of Ns: 0) [fragmentation of reference genome]
			Real Alignment 106: 1 21904 | 5243589 5265493 | 21904 21905 | 100.0 | pa_ill_pa_contig41 contig_164
			  Not a misassembly [fragmentation of reference genome] between these two alignments
			Excluding internal overlap of size 55 between Alignment 107 and 108: 1 561 | 5266967 5267527 | 561 561 --> 56 561 | 5267022 5267527 | 506 506
			Real Alignment 107: 1 868 | 5267021 5266148 | 868 874 | 98.4 | pa_ill_pa_contig74 contig_164
			  Indel (> 5bp) between these two alignments: deletion of length 55; 0 mismatches (number of Ns: 0) [fragmentation of reference genome]
			Excluding internal overlap of size 55 between Alignment 108 and 109: 56 561 | 5267022 5267527 | 506 506 --> 56 506 | 5267022 5267472 | 451 451
			Real Alignment 108: 56 506 | 5267022 5267472 | 451 451 | 95.37 | pa_ill_pa_contig83 contig_164
			  Indel (> 5bp) between these two alignments: deletion of length 55; 0 mismatches (number of Ns: 0) [fragmentation of reference genome]
			Excluding internal overlap of size 55 between Alignment 109 and 110: 1 2514 | 5269988 5267473 | 2514 2516 --> 56 2514 | 5269933 5267473 | 2459 2461
			Real Alignment 109: 56 2514 | 5269933 5267473 | 2459 2461 | 99.56 | pa_ill_pa_contig54 contig_164
			  Indel (> 5bp) between these two alignments: deletion of length 55; 0 mismatches (number of Ns: 0) [fragmentation of reference genome]
			Real Alignment 110: 132 56432 | 5326227 5269934 | 56301 56294 | 99.92 | pa_ill_pa_contig31 contig_164
			  Gap between these two alignments (local misassembly). Inconsistency = -483
			Real Alignment 111: 3 591 | 5326839 5326251 | 589 589 | 94.06 | pa_ill_pa_contig31 contig_164
			  Gap between these two alignments (local misassembly). Inconsistency = 2 [fragmentation of reference genome]
			Excluding internal overlap of size 10 between Alignment 112 and 113: 1 493 | 5327814 5328306 | 493 493 --> 1 483 | 5327814 5328296 | 483 483
			Real Alignment 112: 1 483 | 5327814 5328296 | 483 483 | 97.57 | pa_ill_pa_contig14 contig_164
			  Overlap between these two alignments (local misassembly). Inconsistency = -483
			Real Alignment 113: 1 187635 | 5328297 5515917 | 187635 187621 | 99.98 | pa_ill_pa_contig14 contig_164
			  Not a misassembly [fragmentation of reference genome] between these two alignments
			Real Alignment 114: 1 123 | 5515964 5516086 | 123 123 | 99.19 | pa_ill_pa_contig7 contig_164
			  Gap between these two alignments (local misassembly). Inconsistency = -342
			Real Alignment 115: 1 77 | 5516306 5516382 | 77 77 | 98.7 | pa_ill_pa_contig7 contig_164
			  Gap between these two alignments (local misassembly). Inconsistency = -456
			Real Alignment 116: 1 265097 | 5516762 5781840 | 265097 265079 | 99.98 | pa_ill_pa_contig7 contig_164
			  Not a misassembly [fragmentation of reference genome] between these two alignments
			Real Alignment 117: 1 1538 | 5782291 5783828 | 1538 1538 | 100.0 | pa_ill_pa_contig60 contig_164
			  Not a misassembly [fragmentation of reference genome] between these two alignments
			Real Alignment 118: 1 3511 | 5787711 5784201 | 3511 3511 | 100.0 | pa_ill_pa_contig49 contig_164
			  Not a misassembly [fragmentation of reference genome] between these two alignments
			Excluding internal overlap of size 55 between Alignment 119 and 120: 1 5713 | 5826386 5832098 | 5713 5713 --> 56 5713 | 5826441 5832098 | 5658 5658
			Real Alignment 119: 1 38146 | 5788300 5826440 | 38146 38141 | 99.98 | pa_ill_pa_contig36 contig_164
			  Indel (> 5bp) between these two alignments: deletion of length 55; 0 mismatches (number of Ns: 0) [fragmentation of reference genome]
			Excluding internal overlap of size 55 between Alignment 120 and 121: 56 5713 | 5826441 5832098 | 5658 5658 --> 56 5658 | 5826441 5832043 | 5603 5603
			Real Alignment 120: 56 5658 | 5826441 5832043 | 5603 5603 | 99.95 | pa_ill_pa_contig44 contig_164
			  Indel (> 5bp) between these two alignments: deletion of length 55; 0 mismatches (number of Ns: 0) [fragmentation of reference genome]
			Excluding internal overlap of size 55 between Alignment 121 and 122: 1 1197 | 5894896 5893700 | 1197 1197 --> 1 1142 | 5894896 5893755 | 1142 1142
			Real Alignment 121: 1 61716 | 5832044 5893754 | 61716 61711 | 99.98 | pa_ill_pa_contig29 contig_164
			  Indel (> 5bp) between these two alignments: deletion of length 55; 0 mismatches (number of Ns: 0) [fragmentation of reference genome]
			Excluding internal overlap of size 55 between Alignment 122 and 123: 1 1142 | 5894896 5893755 | 1142 1142 --> 56 1142 | 5894841 5893755 | 1087 1087
			Real Alignment 122: 56 1142 | 5894841 5893755 | 1087 1087 | 99.08 | pa_ill_pa_contig67 contig_164
			  Indel (> 5bp) between these two alignments: deletion of length 55; 0 mismatches (number of Ns: 0) [fragmentation of reference genome]
			Excluding internal overlap of size 55 between Alignment 123 and 124: 1 2207 | 6742397 6744604 | 2207 2208 --> 56 2207 | 6742452 6744604 | 2152 2153
			Real Alignment 123: 1 847683 | 6742451 5894842 | 847683 847610 | 99.98 | pa_ill_pa_contig1 contig_164
			  Indel (> 5bp) between these two alignments: deletion of length 55; 0 mismatches (number of Ns: 0) [fragmentation of reference genome]
			Real Alignment 124: 56 2207 | 6742452 6744604 | 2152 2153 | 99.46 | pa_ill_pa_contig55 contig_164
			  Not a misassembly [fragmentation of reference genome] between these two alignments
			Real Alignment 125: 721 47071 | 6791632 6745283 | 46351 46350 | 99.99 | pa_ill_pa_contig35 contig_164
		Unaligned bases: 11363

CONTIG: contig_33 (4764770bp)
Best alignment score: 513.0 (LEN: 564, IDY: 90.96), Total number of alignments: 96
			Looking for the best set of alignments (out of 96 total alignments)
			Skipping redundant alignments after choosing the best set of alignments
		Skipping redundant alignment 3 78 | 423044 422969 | 76 76 | 100.0 | pa_ill_pa_contig9 contig_33
		Skipping redundant alignment 163 238 | 423044 422969 | 76 76 | 100.0 | pa_ill_pa_contig9 contig_33
		Skipping redundant alignment 323 399 | 423044 422968 | 77 77 | 100.0 | pa_ill_pa_contig9 contig_33
		Skipping redundant alignment 28781 28858 | 422967 423044 | 78 78 | 100.0 | pa_ill_pa_contig8 contig_33
		Skipping redundant alignment 65010 65101 | 2967458 2967549 | 92 92 | 91.3 | pa_ill_pa_contig27 contig_33
		Skipping redundant alignment 48505 48596 | 2967458 2967549 | 92 92 | 91.3 | pa_ill_pa_contig27 contig_33
		Skipping redundant alignment 321 398 | 2760821 2760898 | 78 78 | 100.0 | pa_ill_pa_contig9 contig_33
		Skipping redundant alignment 161 238 | 2760821 2760898 | 78 78 | 100.0 | pa_ill_pa_contig9 contig_33
		Skipping redundant alignment 161 240 | 2760933 2761012 | 80 80 | 100.0 | pa_ill_pa_contig9 contig_33
		Skipping redundant alignment 84045 84229 | 4759302 4759486 | 185 185 | 91.35 | pa_ill_pa_contig13 contig_33
		This contig has several significant sets of alignments. [An ambiguously mapped contig]
		Using only the very best set (option --ambiguity-usage is set to "one").
			The best set is below. Score: 11820.7, number of alignments: 86, unaligned bases: 4749978
		This contig is misassembled.
		This contig is partially unaligned. (Aligned 14792 out of 4764770 non-N bases (0.31%))
			Warning! This contig is more unaligned than misassembled. Contig length is 4764770 (number of Ns: 0) and total length of all aligns is 14792
		Alignment: 4882 5195 | 2283504 2283191 | 314 314 | 96.18 | pa_ill_pa_contig44 contig_33
		Alignment: 4391 4831 | 2283995 2283555 | 441 441 | 90.25 | pa_ill_pa_contig44 contig_33
		Alignment: 4268 4385 | 2284120 2284003 | 118 118 | 94.92 | pa_ill_pa_contig44 contig_33
		Alignment: 4118 4231 | 2284273 2284160 | 114 114 | 93.86 | pa_ill_pa_contig44 contig_33
		Alignment: 3453 3662 | 2284937 2284728 | 210 210 | 93.81 | pa_ill_pa_contig44 contig_33
		Alignment: 3374 3442 | 2285015 2284947 | 69 69 | 94.2 | pa_ill_pa_contig44 contig_33
		Alignment: 2892 3062 | 2285499 2285329 | 171 171 | 91.23 | pa_ill_pa_contig44 contig_33
		Alignment: 2687 2800 | 2285713 2285600 | 114 114 | 91.23 | pa_ill_pa_contig44 contig_33
		Alignment: 1813 1967 | 2286562 2286408 | 155 155 | 92.26 | pa_ill_pa_contig44 contig_33
		Alignment: 1375 1760 | 2287000 2286615 | 386 386 | 92.75 | pa_ill_pa_contig44 contig_33
		Alignment: 997 1158 | 2287378 2287217 | 162 162 | 90.12 | pa_ill_pa_contig44 contig_33
		Alignment: 529 593 | 2287852 2287788 | 65 65 | 98.46 | pa_ill_pa_contig44 contig_33
		Alignment: 4882 5195 | 2931317 2931004 | 314 314 | 96.18 | pa_ill_pa_contig44 contig_33
		Alignment: 4268 4510 | 2931928 2931686 | 243 243 | 95.47 | pa_ill_pa_contig44 contig_33
		Alignment: 4118 4231 | 2932081 2931968 | 114 114 | 93.86 | pa_ill_pa_contig44 contig_33
		Alignment: 3453 3662 | 2932746 2932537 | 210 210 | 93.81 | pa_ill_pa_contig44 contig_33
		Alignment: 3374 3442 | 2932824 2932756 | 69 69 | 94.2 | pa_ill_pa_contig44 contig_33
		Alignment: 2892 3062 | 2933308 2933138 | 171 171 | 91.23 | pa_ill_pa_contig44 contig_33
		Alignment: 2687 2800 | 2933522 2933409 | 114 114 | 91.23 | pa_ill_pa_contig44 contig_33
		Alignment: 1975 2060 | 2934117 2934032 | 86 86 | 91.86 | pa_ill_pa_contig44 contig_33
		Alignment: 1813 1967 | 2934279 2934125 | 155 155 | 92.26 | pa_ill_pa_contig44 contig_33
		Alignment: 1375 1536 | 2934717 2934556 | 162 162 | 93.83 | pa_ill_pa_contig44 contig_33
		Alignment: 1230 1345 | 2934862 2934747 | 116 116 | 92.24 | pa_ill_pa_contig44 contig_33
		Alignment: 997 1158 | 2935096 2934935 | 162 162 | 90.12 | pa_ill_pa_contig44 contig_33
		Alignment: 529 593 | 2935570 2935506 | 65 65 | 98.46 | pa_ill_pa_contig44 contig_33
		Alignment: 4882 5195 | 2972711 2972398 | 314 314 | 96.18 | pa_ill_pa_contig44 contig_33
		Alignment: 4268 4718 | 2973325 2972875 | 451 451 | 92.68 | pa_ill_pa_contig44 contig_33
		Alignment: 4118 4231 | 2973478 2973365 | 114 114 | 94.74 | pa_ill_pa_contig44 contig_33
		Alignment: 3453 3662 | 2974143 2973934 | 210 210 | 93.81 | pa_ill_pa_contig44 contig_33
		Alignment: 3374 3442 | 2974221 2974153 | 69 69 | 94.2 | pa_ill_pa_contig44 contig_33
		Alignment: 3074 3140 | 2974520 2974454 | 67 67 | 94.03 | pa_ill_pa_contig44 contig_33
		Alignment: 2892 3062 | 2974703 2974533 | 171 171 | 91.23 | pa_ill_pa_contig44 contig_33
		Alignment: 2687 2800 | 2974917 2974804 | 114 114 | 91.23 | pa_ill_pa_contig44 contig_33
		Alignment: 1975 2060 | 2975512 2975427 | 86 86 | 91.86 | pa_ill_pa_contig44 contig_33
		Alignment: 1813 1967 | 2975674 2975520 | 155 155 | 92.26 | pa_ill_pa_contig44 contig_33
		Alignment: 1375 1536 | 2976112 2975951 | 162 162 | 93.83 | pa_ill_pa_contig44 contig_33
		Alignment: 997 1158 | 2976489 2976328 | 162 162 | 90.12 | pa_ill_pa_contig44 contig_33
		Alignment: 529 593 | 2976963 2976899 | 65 65 | 98.46 | pa_ill_pa_contig44 contig_33
		Alignment: 4882 5195 | 3103726 3103413 | 314 314 | 96.18 | pa_ill_pa_contig44 contig_33
		Alignment: 4391 4831 | 3104217 3103777 | 441 441 | 90.25 | pa_ill_pa_contig44 contig_33
		Alignment: 4268 4385 | 3104342 3104225 | 118 118 | 94.92 | pa_ill_pa_contig44 contig_33
		Alignment: 4118 4231 | 3104495 3104382 | 114 114 | 93.86 | pa_ill_pa_contig44 contig_33
		Alignment: 3453 3662 | 3105160 3104951 | 210 210 | 93.81 | pa_ill_pa_contig44 contig_33
		Alignment: 3374 3442 | 3105238 3105170 | 69 69 | 94.2 | pa_ill_pa_contig44 contig_33
		Alignment: 2892 3062 | 3105722 3105552 | 171 171 | 91.23 | pa_ill_pa_contig44 contig_33
		Alignment: 2687 2800 | 3105936 3105823 | 114 114 | 91.23 | pa_ill_pa_contig44 contig_33
		Alignment: 1975 2060 | 3106621 3106536 | 86 86 | 91.86 | pa_ill_pa_contig44 contig_33
		Alignment: 1813 1967 | 3106783 3106629 | 155 155 | 92.26 | pa_ill_pa_contig44 contig_33
		Alignment: 1375 1536 | 3107221 3107060 | 162 162 | 93.83 | pa_ill_pa_contig44 contig_33
		Alignment: 1260 1345 | 3107336 3107251 | 86 86 | 94.19 | pa_ill_pa_contig44 contig_33
		Alignment: 997 1143 | 3107597 3107451 | 147 147 | 90.48 | pa_ill_pa_contig44 contig_33
		Alignment: 529 593 | 3108071 3108007 | 65 65 | 98.46 | pa_ill_pa_contig44 contig_33
		Alignment: 4882 5195 | 3197413 3197100 | 314 314 | 96.18 | pa_ill_pa_contig44 contig_33
		Alignment: 4268 4718 | 3198027 3197577 | 451 451 | 92.68 | pa_ill_pa_contig44 contig_33
		Alignment: 4118 4231 | 3198180 3198067 | 114 114 | 93.86 | pa_ill_pa_contig44 contig_33
		Alignment: 3453 3662 | 3198845 3198636 | 210 210 | 93.81 | pa_ill_pa_contig44 contig_33
		Alignment: 3374 3442 | 3198923 3198855 | 69 69 | 94.2 | pa_ill_pa_contig44 contig_33
		Alignment: 2892 3062 | 3199407 3199237 | 171 171 | 91.23 | pa_ill_pa_contig44 contig_33
		Alignment: 2687 2800 | 3199621 3199508 | 114 114 | 91.23 | pa_ill_pa_contig44 contig_33
		Alignment: 1975 2060 | 3200215 3200130 | 86 86 | 91.86 | pa_ill_pa_contig44 contig_33
		Alignment: 1813 1967 | 3200377 3200223 | 155 155 | 92.26 | pa_ill_pa_contig44 contig_33
		Alignment: 1378 1536 | 3200812 3200654 | 159 159 | 94.34 | pa_ill_pa_contig44 contig_33
		Alignment: 997 1158 | 3201192 3201031 | 162 162 | 90.12 | pa_ill_pa_contig44 contig_33
		Alignment: 529 593 | 3201666 3201602 | 65 65 | 98.46 | pa_ill_pa_contig44 contig_33
		Alignment: 529 593 | 3740744 3740808 | 65 65 | 98.46 | pa_ill_pa_contig44 contig_33
		Alignment: 997 1158 | 3741218 3741379 | 162 162 | 90.12 | pa_ill_pa_contig44 contig_33
		Alignment: 1375 1536 | 3741595 3741756 | 162 162 | 93.83 | pa_ill_pa_contig44 contig_33
		Alignment: 1813 1967 | 3742035 3742189 | 155 155 | 92.26 | pa_ill_pa_contig44 contig_33
		Alignment: 1975 2060 | 3742197 3742282 | 86 86 | 91.86 | pa_ill_pa_contig44 contig_33
		Alignment: 2687 2800 | 3742876 3742989 | 114 114 | 91.23 | pa_ill_pa_contig44 contig_33
		Alignment: 3374 3442 | 3743574 3743642 | 69 69 | 94.2 | pa_ill_pa_contig44 contig_33
		Alignment: 3453 3662 | 3743652 3743861 | 210 210 | 93.81 | pa_ill_pa_contig44 contig_33
		Alignment: 4118 4231 | 3744317 3744430 | 114 114 | 93.86 | pa_ill_pa_contig44 contig_33
		Alignment: 4268 4831 | 3744470 3745033 | 564 564 | 90.96 | pa_ill_pa_contig44 contig_33
		Alignment: 4882 5195 | 3745084 3745397 | 314 314 | 96.18 | pa_ill_pa_contig44 contig_33
		Alignment: 529 593 | 4448998 4449062 | 65 65 | 98.46 | pa_ill_pa_contig44 contig_33
		Alignment: 997 1158 | 4449470 4449631 | 162 162 | 90.12 | pa_ill_pa_contig44 contig_33
		Alignment: 1375 1536 | 4449847 4450008 | 162 162 | 93.83 | pa_ill_pa_contig44 contig_33
		Alignment: 1813 1967 | 4450285 4450439 | 155 155 | 92.26 | pa_ill_pa_contig44 contig_33
		Alignment: 1975 2060 | 4450447 4450532 | 86 86 | 91.86 | pa_ill_pa_contig44 contig_33
		Alignment: 2687 2800 | 4451119 4451232 | 114 114 | 91.23 | pa_ill_pa_contig44 contig_33
		Alignment: 3374 3442 | 4451816 4451884 | 69 69 | 94.2 | pa_ill_pa_contig44 contig_33
		Alignment: 3453 3662 | 4451894 4452103 | 210 210 | 93.81 | pa_ill_pa_contig44 contig_33
		Alignment: 4118 4231 | 4452559 4452672 | 114 114 | 93.86 | pa_ill_pa_contig44 contig_33
		Alignment: 4268 4831 | 4452712 4453275 | 564 564 | 90.96 | pa_ill_pa_contig44 contig_33
		Alignment: 4882 5195 | 4453326 4453639 | 314 314 | 96.18 | pa_ill_pa_contig44 contig_33
		Unaligned bases: 4749978

CONTIG: contig_55 (4757908bp)
Best alignment score: 418.0 (LEN: 451, IDY: 92.68), Total number of alignments: 101
			Too much alignments (101), will use speed up heuristics
			Found 0 solid alignments:
			Skipping alignments located inside solid regions since they are redundant:
		Nothing was skipped
			Looking for the best set of alignments (out of 101 total alignments)
		Ambiguity for this contig is not checked for speed up (too much alignments and --ambiguity-usage is "one")
			Skipping redundant alignments after choosing the best set of alignments
		Skipping redundant alignment 3 78 | 52826 52901 | 76 76 | 100.0 | pa_ill_pa_contig9 contig_55
		Skipping redundant alignment 163 238 | 52826 52901 | 76 76 | 100.0 | pa_ill_pa_contig9 contig_55
		Skipping redundant alignment 323 399 | 52826 52902 | 77 77 | 100.0 | pa_ill_pa_contig9 contig_55
		Skipping redundant alignment 28782 28858 | 52902 52826 | 77 77 | 100.0 | pa_ill_pa_contig8 contig_55
		Skipping redundant alignment 93682 93815 | 434548 434415 | 134 134 | 93.28 | pa_ill_pa_contig13 contig_55
		Skipping redundant alignment 84045 84123 | 444933 444855 | 79 79 | 96.2 | pa_ill_pa_contig13 contig_55
		Skipping redundant alignment 48504 48593 | 1504435 1504524 | 90 90 | 91.11 | pa_ill_pa_contig27 contig_55
		Skipping redundant alignment 163517 163628 | 4623897 4623786 | 112 112 | 91.07 | pa_ill_pa_contig4 contig_55
		Skipping redundant alignment 161 238 | 2487121 2487044 | 78 78 | 100.0 | pa_ill_pa_contig9 contig_55
		Skipping redundant alignment 321 399 | 2487121 2487043 | 79 79 | 100.0 | pa_ill_pa_contig9 contig_55
		Skipping redundant alignment 159406 159543 | 4627951 4627814 | 138 138 | 92.03 | pa_ill_pa_contig4 contig_55
		Skipping redundant alignment 65009 65098 | 1504435 1504524 | 90 90 | 91.11 | pa_ill_pa_contig27 contig_55
			The best set is below. Score: 12002.7, number of alignments: 89, unaligned bases: 4742902
		This contig is misassembled.
		This contig is partially unaligned. (Aligned 15006 out of 4757908 non-N bases (0.32%))
			Warning! This contig is more unaligned than misassembled. Contig length is 4757908 (number of Ns: 0) and total length of all aligns is 15006
		Alignment: 4882 5195 | 806847 806534 | 314 314 | 96.18 | pa_ill_pa_contig44 contig_55
		Alignment: 4268 4718 | 807461 807011 | 451 451 | 92.68 | pa_ill_pa_contig44 contig_55
		Alignment: 4118 4233 | 807614 807499 | 116 116 | 93.1 | pa_ill_pa_contig44 contig_55
		Alignment: 3453 3662 | 808279 808070 | 210 210 | 93.81 | pa_ill_pa_contig44 contig_55
		Alignment: 3374 3442 | 808357 808289 | 69 69 | 92.75 | pa_ill_pa_contig44 contig_55
		Alignment: 2892 3062 | 808843 808673 | 171 171 | 91.23 | pa_ill_pa_contig44 contig_55
		Alignment: 2687 2798 | 809057 808946 | 112 112 | 91.07 | pa_ill_pa_contig44 contig_55
		Alignment: 1975 2060 | 809650 809565 | 86 86 | 91.86 | pa_ill_pa_contig44 contig_55
		Alignment: 1813 1967 | 809812 809658 | 155 155 | 92.26 | pa_ill_pa_contig44 contig_55
		Alignment: 1660 1760 | 809965 809865 | 101 101 | 94.06 | pa_ill_pa_contig44 contig_55
		Alignment: 1375 1650 | 810250 809975 | 276 276 | 93.48 | pa_ill_pa_contig44 contig_55
		Alignment: 995 1107 | 810633 810521 | 113 113 | 91.15 | pa_ill_pa_contig44 contig_55
		Alignment: 529 593 | 811105 811041 | 65 65 | 98.46 | pa_ill_pa_contig44 contig_55
		Alignment: 4882 5195 | 1473022 1472709 | 314 314 | 96.18 | pa_ill_pa_contig44 contig_55
		Alignment: 4268 4718 | 1473636 1473186 | 451 451 | 92.68 | pa_ill_pa_contig44 contig_55
		Alignment: 4118 4233 | 1473789 1473674 | 116 116 | 93.1 | pa_ill_pa_contig44 contig_55
		Alignment: 3453 3662 | 1474456 1474247 | 210 210 | 93.81 | pa_ill_pa_contig44 contig_55
		Alignment: 3374 3442 | 1474534 1474466 | 69 69 | 92.75 | pa_ill_pa_contig44 contig_55
		Alignment: 2892 3062 | 1475020 1474850 | 171 171 | 91.23 | pa_ill_pa_contig44 contig_55
		Alignment: 2687 2798 | 1475233 1475122 | 112 112 | 91.07 | pa_ill_pa_contig44 contig_55
		Alignment: 1975 2060 | 1475826 1475741 | 86 86 | 91.86 | pa_ill_pa_contig44 contig_55
		Alignment: 1813 1967 | 1475988 1475834 | 155 155 | 92.26 | pa_ill_pa_contig44 contig_55
		Alignment: 1660 1760 | 1476141 1476041 | 101 101 | 94.06 | pa_ill_pa_contig44 contig_55
		Alignment: 1375 1650 | 1476426 1476151 | 276 276 | 93.48 | pa_ill_pa_contig44 contig_55
		Alignment: 995 1106 | 1476806 1476695 | 112 112 | 91.07 | pa_ill_pa_contig44 contig_55
		Alignment: 529 593 | 1477278 1477214 | 65 65 | 98.46 | pa_ill_pa_contig44 contig_55
		Alignment: 529 593 | 1992156 1992220 | 65 65 | 98.46 | pa_ill_pa_contig44 contig_55
		Alignment: 995 1106 | 1992628 1992739 | 112 112 | 91.07 | pa_ill_pa_contig44 contig_55
		Alignment: 1375 1650 | 1993007 1993282 | 276 276 | 93.48 | pa_ill_pa_contig44 contig_55
		Alignment: 1660 1760 | 1993292 1993392 | 101 101 | 94.06 | pa_ill_pa_contig44 contig_55
		Alignment: 1813 1967 | 1993445 1993599 | 155 155 | 92.26 | pa_ill_pa_contig44 contig_55
		Alignment: 1975 2060 | 1993607 1993692 | 86 86 | 91.86 | pa_ill_pa_contig44 contig_55
		Alignment: 2687 2798 | 1994359 1994470 | 112 112 | 91.07 | pa_ill_pa_contig44 contig_55
		Alignment: 2892 3062 | 1994573 1994743 | 171 171 | 91.23 | pa_ill_pa_contig44 contig_55
		Alignment: 3374 3442 | 1995059 1995127 | 69 69 | 92.75 | pa_ill_pa_contig44 contig_55
		Alignment: 3453 3556 | 1995137 1995240 | 104 104 | 93.27 | pa_ill_pa_contig44 contig_55
		Alignment: 3558 3662 | 1995241 1995345 | 105 105 | 94.29 | pa_ill_pa_contig44 contig_55
		Alignment: 4118 4233 | 1995803 1995918 | 116 116 | 93.1 | pa_ill_pa_contig44 contig_55
		Alignment: 4268 4552 | 1995956 1996240 | 285 285 | 95.44 | pa_ill_pa_contig44 contig_55
		Alignment: 4882 5195 | 1996569 1996882 | 314 314 | 96.18 | pa_ill_pa_contig44 contig_55
		Alignment: 529 593 | 2087235 2087299 | 65 65 | 98.46 | pa_ill_pa_contig44 contig_55
		Alignment: 995 1106 | 2087707 2087818 | 112 112 | 91.07 | pa_ill_pa_contig44 contig_55
		Alignment: 1375 1650 | 2088087 2088362 | 276 276 | 93.48 | pa_ill_pa_contig44 contig_55
		Alignment: 1660 1760 | 2088372 2088472 | 101 101 | 94.06 | pa_ill_pa_contig44 contig_55
		Alignment: 1813 1967 | 2088525 2088679 | 155 155 | 92.26 | pa_ill_pa_contig44 contig_55
		Alignment: 1975 2060 | 2088687 2088772 | 86 86 | 91.86 | pa_ill_pa_contig44 contig_55
		Alignment: 2687 2798 | 2089280 2089391 | 112 112 | 91.07 | pa_ill_pa_contig44 contig_55
		Alignment: 2892 3062 | 2089494 2089664 | 171 171 | 91.23 | pa_ill_pa_contig44 contig_55
		Alignment: 3374 3442 | 2089980 2090048 | 69 69 | 92.75 | pa_ill_pa_contig44 contig_55
		Alignment: 3453 3662 | 2090058 2090267 | 210 210 | 93.81 | pa_ill_pa_contig44 contig_55
		Alignment: 4118 4233 | 2090723 2090838 | 116 116 | 93.1 | pa_ill_pa_contig44 contig_55
		Alignment: 4268 4718 | 2090876 2091326 | 451 451 | 92.68 | pa_ill_pa_contig44 contig_55
		Alignment: 4882 5195 | 2091490 2091803 | 314 314 | 96.18 | pa_ill_pa_contig44 contig_55
		Alignment: 995 1106 | 2242925 2243036 | 112 112 | 91.07 | pa_ill_pa_contig44 contig_55
		Alignment: 1375 1650 | 2243304 2243579 | 276 276 | 93.48 | pa_ill_pa_contig44 contig_55
		Alignment: 1660 1760 | 2243589 2243689 | 101 101 | 94.06 | pa_ill_pa_contig44 contig_55
		Alignment: 1813 1967 | 2243742 2243896 | 155 155 | 92.26 | pa_ill_pa_contig44 contig_55
		Alignment: 1975 2060 | 2243904 2243989 | 86 86 | 91.86 | pa_ill_pa_contig44 contig_55
		Alignment: 2687 2798 | 2244656 2244767 | 112 112 | 91.07 | pa_ill_pa_contig44 contig_55
		Alignment: 2892 3062 | 2244870 2245040 | 171 171 | 91.23 | pa_ill_pa_contig44 contig_55
		Alignment: 3374 3442 | 2245356 2245424 | 69 69 | 92.75 | pa_ill_pa_contig44 contig_55
		Alignment: 3453 3662 | 2245434 2245643 | 210 210 | 93.33 | pa_ill_pa_contig44 contig_55
		Alignment: 4118 4233 | 2246101 2246216 | 116 116 | 93.1 | pa_ill_pa_contig44 contig_55
		Alignment: 4268 4718 | 2246254 2246704 | 451 451 | 92.68 | pa_ill_pa_contig44 contig_55
		Alignment: 4882 5195 | 2246868 2247181 | 314 314 | 96.18 | pa_ill_pa_contig44 contig_55
		Alignment: 529 593 | 2285352 2285416 | 65 65 | 98.46 | pa_ill_pa_contig44 contig_55
		Alignment: 995 1106 | 2285824 2285935 | 112 112 | 91.07 | pa_ill_pa_contig44 contig_55
		Alignment: 1375 1650 | 2286204 2286479 | 276 276 | 93.48 | pa_ill_pa_contig44 contig_55
		Alignment: 1660 1760 | 2286489 2286589 | 101 101 | 94.06 | pa_ill_pa_contig44 contig_55
		Alignment: 1813 1967 | 2286642 2286796 | 155 155 | 92.26 | pa_ill_pa_contig44 contig_55
		Alignment: 1975 2060 | 2286804 2286889 | 86 86 | 91.86 | pa_ill_pa_contig44 contig_55
		Alignment: 2687 2769 | 2287397 2287479 | 83 83 | 93.98 | pa_ill_pa_contig44 contig_55
		Alignment: 2892 3062 | 2287610 2287780 | 171 171 | 91.23 | pa_ill_pa_contig44 contig_55
		Alignment: 3374 3442 | 2288095 2288163 | 69 69 | 92.75 | pa_ill_pa_contig44 contig_55
		Alignment: 3453 3662 | 2288173 2288382 | 210 210 | 93.33 | pa_ill_pa_contig44 contig_55
		Alignment: 4118 4233 | 2288840 2288955 | 116 116 | 93.1 | pa_ill_pa_contig44 contig_55
		Alignment: 4268 4718 | 2288993 2289443 | 451 451 | 92.68 | pa_ill_pa_contig44 contig_55
		Alignment: 4882 5195 | 2289606 2289919 | 314 314 | 96.18 | pa_ill_pa_contig44 contig_55
		Alignment: 529 593 | 3034816 3034880 | 65 65 | 98.46 | pa_ill_pa_contig44 contig_55
		Alignment: 1375 1536 | 3035666 3035827 | 162 162 | 93.21 | pa_ill_pa_contig44 contig_55
		Alignment: 1542 1650 | 3035833 3035941 | 109 109 | 90.83 | pa_ill_pa_contig44 contig_55
		Alignment: 1660 1760 | 3035951 3036051 | 101 101 | 94.06 | pa_ill_pa_contig44 contig_55
		Alignment: 1813 1967 | 3036104 3036258 | 155 155 | 92.26 | pa_ill_pa_contig44 contig_55
		Alignment: 1975 2060 | 3036266 3036351 | 86 86 | 91.86 | pa_ill_pa_contig44 contig_55
		Alignment: 3374 3442 | 3037818 3037886 | 69 69 | 92.75 | pa_ill_pa_contig44 contig_55
		Alignment: 3453 3662 | 3037896 3038105 | 210 210 | 93.81 | pa_ill_pa_contig44 contig_55
		Alignment: 4118 4233 | 3038563 3038678 | 116 116 | 93.1 | pa_ill_pa_contig44 contig_55
		Alignment: 4268 4718 | 3038716 3039166 | 451 451 | 92.68 | pa_ill_pa_contig44 contig_55
		Alignment: 4882 5195 | 3039330 3039643 | 314 314 | 96.18 | pa_ill_pa_contig44 contig_55
		Unaligned bases: 4742902

CONTIG: contig_11 (2720303bp)
Best alignment score: 211.0 (LEN: 233, IDY: 90.56), Total number of alignments: 19
			Looking for the best set of alignments (out of 19 total alignments)
			Skipping redundant alignments after choosing the best set of alignments
		Skipping redundant alignment 1397 1503 | 2607850 2607956 | 107 107 | 96.26 | pa_ill_pa_contig44 contig_11
		Skipping redundant alignment 4403 4500 | 2610856 2610953 | 98 98 | 96.94 | pa_ill_pa_contig44 contig_11
		Skipping redundant alignment 4903 5134 | 2611356 2611589 | 232 234 | 90.17 | pa_ill_pa_contig44 contig_11
			The best set is below. Score: 827.0, number of alignments: 16, unaligned bases: 2718056
		This contig is misassembled.
		This contig is partially unaligned. (Aligned 2247 out of 2720303 non-N bases (0.08%))
			Warning! This contig is more unaligned than misassembled. Contig length is 2720303 (number of Ns: 0) and total length of all aligns is 2247
		Alignment: 1397 1503 | 996 1102 | 107 107 | 96.26 | pa_ill_pa_contig44 contig_11
		Alignment: 4403 4500 | 4044 4141 | 98 98 | 96.94 | pa_ill_pa_contig44 contig_11
		Alignment: 4903 5134 | 4544 4776 | 232 233 | 90.56 | pa_ill_pa_contig44 contig_11
		Alignment: 1397 1503 | 137043 137149 | 107 107 | 96.26 | pa_ill_pa_contig44 contig_11
		Alignment: 4403 4500 | 140096 140193 | 98 98 | 96.94 | pa_ill_pa_contig44 contig_11
		Alignment: 4903 5134 | 140596 140828 | 232 233 | 90.56 | pa_ill_pa_contig44 contig_11
		Alignment: 4911 5134 | 1497245 1497022 | 224 224 | 90.62 | pa_ill_pa_contig44 contig_11
		Alignment: 4403 4500 | 1497755 1497658 | 98 98 | 96.94 | pa_ill_pa_contig44 contig_11
		Alignment: 1397 1503 | 1500685 1500579 | 107 107 | 96.26 | pa_ill_pa_contig44 contig_11
		Alignment: 4903 5134 | 1502480 1502248 | 232 233 | 90.56 | pa_ill_pa_contig44 contig_11
		Alignment: 4403 4500 | 1502980 1502883 | 98 98 | 96.94 | pa_ill_pa_contig44 contig_11
		Alignment: 1397 1503 | 1505939 1505833 | 107 107 | 96.26 | pa_ill_pa_contig44 contig_11
		Alignment: 4903 5134 | 1547055 1546823 | 232 233 | 90.56 | pa_ill_pa_contig44 contig_11
		Alignment: 4403 4500 | 1547555 1547458 | 98 98 | 96.94 | pa_ill_pa_contig44 contig_11
		Alignment: 1873 1938 | 1550102 1550037 | 66 66 | 90.91 | pa_ill_pa_contig44 contig_11
		Alignment: 1397 1503 | 1550578 1550472 | 107 107 | 96.26 | pa_ill_pa_contig44 contig_11
		Unaligned bases: 2718056

CONTIG: contig_17 (2845293bp)
Best alignment score: 129.0 (LEN: 142, IDY: 90.85), Total number of alignments: 12
			Looking for the best set of alignments (out of 12 total alignments)
			Skipping redundant alignments after choosing the best set of alignments
		Skipping redundant alignment 4406 4500 | 1339563 1339469 | 95 95 | 96.84 | pa_ill_pa_contig44 contig_17
		Skipping redundant alignment 1397 1538 | 1342454 1342313 | 142 142 | 90.85 | pa_ill_pa_contig44 contig_17
		Skipping redundant alignment 1200 1338 | 1342652 1342514 | 139 139 | 91.37 | pa_ill_pa_contig44 contig_17
		Skipping redundant alignment 4406 4500 | 1958776 1958682 | 95 95 | 96.84 | pa_ill_pa_contig44 contig_17
		Skipping redundant alignment 1397 1538 | 1961668 1961527 | 142 142 | 90.85 | pa_ill_pa_contig44 contig_17
		Skipping redundant alignment 1200 1338 | 1961866 1961728 | 139 139 | 91.37 | pa_ill_pa_contig44 contig_17
			The best set is below. Score: 350.5, number of alignments: 6, unaligned bases: 2844541
		This contig is misassembled.
		This contig is partially unaligned. (Aligned 752 out of 2845293 non-N bases (0.03%))
			Warning! This contig is more unaligned than misassembled. Contig length is 2845293 (number of Ns: 0) and total length of all aligns is 752
		Alignment: 4406 4500 | 2401985 2401891 | 95 95 | 96.84 | pa_ill_pa_contig44 contig_17
		Alignment: 1397 1538 | 2404775 2404634 | 142 142 | 90.85 | pa_ill_pa_contig44 contig_17
		Alignment: 1200 1338 | 2404973 2404835 | 139 139 | 91.37 | pa_ill_pa_contig44 contig_17
		Alignment: 1200 1338 | 2676443 2676581 | 139 139 | 91.37 | pa_ill_pa_contig44 contig_17
		Alignment: 1397 1538 | 2676641 2676782 | 142 142 | 90.85 | pa_ill_pa_contig44 contig_17
		Alignment: 4406 4500 | 2679432 2679526 | 95 95 | 96.84 | pa_ill_pa_contig44 contig_17
		Unaligned bases: 2844541

CONTIG: contig_18 (2991946bp)
Best alignment score: 127.0 (LEN: 138, IDY: 92.03), Total number of alignments: 17
			Looking for the best set of alignments (out of 17 total alignments)
			Skipping redundant alignments after choosing the best set of alignments
		Skipping redundant alignment 1201 1338 | 160065 160202 | 138 138 | 92.03 | pa_ill_pa_contig44 contig_18
		Skipping redundant alignment 1397 1517 | 160262 160382 | 121 121 | 95.04 | pa_ill_pa_contig44 contig_18
		Skipping redundant alignment 1201 1338 | 166082 166219 | 138 138 | 92.03 | pa_ill_pa_contig44 contig_18
		Skipping redundant alignment 1397 1517 | 166279 166399 | 121 121 | 95.04 | pa_ill_pa_contig44 contig_18
		Skipping redundant alignment 4406 4488 | 169108 169190 | 83 83 | 97.59 | pa_ill_pa_contig44 contig_18
		Skipping redundant alignment 4406 4488 | 2366346 2366264 | 83 83 | 97.59 | pa_ill_pa_contig44 contig_18
		Skipping redundant alignment 1397 1517 | 2369426 2369306 | 121 121 | 95.04 | pa_ill_pa_contig44 contig_18
		Skipping redundant alignment 1201 1338 | 2369623 2369486 | 138 138 | 92.03 | pa_ill_pa_contig44 contig_18
		Skipping redundant alignment 1201 1338 | 2914219 2914356 | 138 138 | 92.03 | pa_ill_pa_contig44 contig_18
		Skipping redundant alignment 1397 1517 | 2914416 2914536 | 121 121 | 95.04 | pa_ill_pa_contig44 contig_18
		Skipping redundant alignment 4406 4488 | 2917495 2917577 | 83 83 | 97.59 | pa_ill_pa_contig44 contig_18
			The best set is below. Score: 329.6, number of alignments: 6, unaligned bases: 2991262
		This contig is misassembled.
		This contig is partially unaligned. (Aligned 684 out of 2991946 non-N bases (0.02%))
			Warning! This contig is more unaligned than misassembled. Contig length is 2991946 (number of Ns: 0) and total length of all aligns is 684
		Alignment: 4406 4488 | 1663438 1663356 | 83 83 | 97.59 | pa_ill_pa_contig44 contig_18
		Alignment: 1397 1517 | 1666268 1666148 | 121 121 | 95.04 | pa_ill_pa_contig44 contig_18
		Alignment: 1201 1338 | 1666465 1666328 | 138 138 | 92.03 | pa_ill_pa_contig44 contig_18
		Alignment: 4406 4488 | 1768115 1768033 | 83 83 | 97.59 | pa_ill_pa_contig44 contig_18
		Alignment: 1397 1517 | 1770943 1770823 | 121 121 | 95.04 | pa_ill_pa_contig44 contig_18
		Alignment: 1201 1338 | 1771140 1771003 | 138 138 | 92.03 | pa_ill_pa_contig44 contig_18
		Unaligned bases: 2991262

CONTIG: contig_2 (1939137bp)
Best alignment score: 116.0 (LEN: 125, IDY: 92.80), Total number of alignments: 7
			Looking for the best set of alignments (out of 7 total alignments)
			Skipping redundant alignments after choosing the best set of alignments
		Skipping redundant alignment 1397 1521 | 1047453 1047329 | 125 125 | 92.8 | pa_ill_pa_contig44 contig_2
		Skipping redundant alignment 1397 1521 | 1707574 1707698 | 125 125 | 92.8 | pa_ill_pa_contig44 contig_2
		Skipping redundant alignment 1397 1521 | 1742782 1742906 | 125 125 | 92.8 | pa_ill_pa_contig44 contig_2
		Skipping redundant alignment 1397 1513 | 1819260 1819376 | 117 117 | 94.87 | pa_ill_pa_contig44 contig_2
		Skipping redundant alignment 1562 1651 | 1819382 1819471 | 90 90 | 91.11 | pa_ill_pa_contig44 contig_2
			The best set is below. Score: 196.0, number of alignments: 2, unaligned bases: 1938926
		This contig is misassembled.
		This contig is partially unaligned. (Aligned 211 out of 1939137 non-N bases (0.01%))
			Warning! This contig is more unaligned than misassembled. Contig length is 1939137 (number of Ns: 0) and total length of all aligns is 211
		Alignment: 1397 1521 | 231459 231583 | 125 125 | 92.8 | pa_ill_pa_contig44 contig_2
		Alignment: 1853 1938 | 231920 232005 | 86 86 | 93.02 | pa_ill_pa_contig44 contig_2
		Unaligned bases: 1938926

CONTIG: contig_3 (4045287bp)
Best alignment score: 125.0 (LEN: 138, IDY: 90.58), Total number of alignments: 29
			Looking for the best set of alignments (out of 29 total alignments)
			Skipping redundant alignments after choosing the best set of alignments
		Skipping redundant alignment 1201 1338 | 379489 379626 | 138 138 | 90.58 | pa_ill_pa_contig44 contig_3
		Skipping redundant alignment 4406 4535 | 382610 382739 | 130 130 | 90.77 | pa_ill_pa_contig44 contig_3
		Skipping redundant alignment 4406 4535 | 3348173 3348044 | 130 130 | 90.77 | pa_ill_pa_contig44 contig_3
		Skipping redundant alignment 1397 1515 | 3350922 3350804 | 119 119 | 94.12 | pa_ill_pa_contig44 contig_3
		Skipping redundant alignment 1201 1338 | 3351119 3350982 | 138 138 | 90.58 | pa_ill_pa_contig44 contig_3
			The best set is below. Score: 709.4, number of alignments: 24, unaligned bases: 4042260
		This contig is misassembled.
		This contig is partially unaligned. (Aligned 3027 out of 4045287 non-N bases (0.07%))
			Warning! This contig is more unaligned than misassembled. Contig length is 4045287 (number of Ns: 0) and total length of all aligns is 3027
		Alignment: 1201 1338 | 400098 400235 | 138 138 | 90.58 | pa_ill_pa_contig44 contig_3
		Alignment: 1397 1515 | 400294 400412 | 119 119 | 94.12 | pa_ill_pa_contig44 contig_3
		Alignment: 4406 4476 | 403220 403290 | 71 71 | 98.59 | pa_ill_pa_contig44 contig_3
		Alignment: 1201 1338 | 460428 460565 | 138 138 | 90.58 | pa_ill_pa_contig44 contig_3
		Alignment: 1397 1515 | 460625 460743 | 119 119 | 94.12 | pa_ill_pa_contig44 contig_3
		Alignment: 4406 4535 | 463374 463503 | 130 130 | 90.77 | pa_ill_pa_contig44 contig_3
		Alignment: 1201 1338 | 466350 466487 | 138 138 | 90.58 | pa_ill_pa_contig44 contig_3
		Alignment: 1397 1515 | 466547 466665 | 119 119 | 94.12 | pa_ill_pa_contig44 contig_3
		Alignment: 4406 4535 | 469295 469424 | 130 130 | 90.77 | pa_ill_pa_contig44 contig_3
		Alignment: 1201 1338 | 530884 531021 | 138 138 | 90.58 | pa_ill_pa_contig44 contig_3
		Alignment: 1397 1515 | 531081 531199 | 119 119 | 94.12 | pa_ill_pa_contig44 contig_3
		Alignment: 4406 4535 | 533828 533957 | 130 130 | 90.77 | pa_ill_pa_contig44 contig_3
		Alignment: 1201 1338 | 536496 536633 | 138 138 | 90.58 | pa_ill_pa_contig44 contig_3
		Alignment: 1397 1515 | 536693 536811 | 119 119 | 94.12 | pa_ill_pa_contig44 contig_3
		Alignment: 4406 4535 | 539438 539567 | 130 130 | 90.77 | pa_ill_pa_contig44 contig_3
		Alignment: 1201 1338 | 541493 541630 | 138 138 | 90.58 | pa_ill_pa_contig44 contig_3
		Alignment: 1397 1515 | 541690 541808 | 119 119 | 94.12 | pa_ill_pa_contig44 contig_3
		Alignment: 4406 4535 | 544439 544568 | 130 130 | 90.77 | pa_ill_pa_contig44 contig_3
		Alignment: 1201 1338 | 994925 995062 | 138 138 | 90.58 | pa_ill_pa_contig44 contig_3
		Alignment: 1397 1515 | 995122 995240 | 119 119 | 94.12 | pa_ill_pa_contig44 contig_3
		Alignment: 4406 4535 | 997872 998001 | 130 130 | 90.77 | pa_ill_pa_contig44 contig_3
		Alignment: 1201 1338 | 1287668 1287805 | 138 138 | 90.58 | pa_ill_pa_contig44 contig_3
		Alignment: 1397 1515 | 1287865 1287983 | 119 119 | 94.12 | pa_ill_pa_contig44 contig_3
		Alignment: 4406 4525 | 1290614 1290733 | 120 120 | 90.83 | pa_ill_pa_contig44 contig_3
		Unaligned bases: 4042260

Analyzing coverage...
Writing SNPs into /media3/lucia/zymo_mock_community/asms_cuantizados/v1_19-1-21_4bins/metaquast-bins/runs_per_reference/pa_ill/contigs_reports/minimap_output/racon_r1_r10_bins_2.used_snps.gz

Analysis is finished!
Founded SNPs were written into /media3/lucia/zymo_mock_community/asms_cuantizados/v1_19-1-21_4bins/metaquast-bins/runs_per_reference/pa_ill/contigs_reports/minimap_output/racon_r1_r10_bins_2.used_snps.gz

Results:
	Local Misassemblies: 11
	Misassemblies: 6
		Relocations: 0
		Translocations: 6
		Inversions: 0
	Scaffold gap extensive misassemblies: 0
	Scaffold gap local misassemblies: 0
	Misassemblies caused by fragmented reference: 21
	Misassembled Contigs: 1
	Misassembled Contig Bases: 6791632
	Misassemblies Inter-Contig Overlap: 0
Unaligned Contigs: 0 + 8 part
Half Unaligned Contigs with Misassemblies: 7
Unaligned Contig Bases: 24039288

Ambiguously Mapped Contigs: 1
Total Bases in Ambiguously Mapped Contigs: 4764770
Extra Bases in Ambiguously Mapped Contigs: 0
Note that --allow-ambiguity option was set to "one" and only first alignment per each of these contigs was used.

	Covered Bases: 6720877

	SNPs: 3808
	Insertions: 314
	Deletions: 5731

