Aligning contigs to reference...
	Aligning contigs to the reference
Filtering alignments...
Parsing coords...
Loading reference...
	Loaded [pa_ill_pa_contig77]
	Loaded [pa_ill_pa_contig76]
	Loaded [pa_ill_pa_contig75]
	Loaded [pa_ill_pa_contig74]
	Loaded [pa_ill_pa_contig73]
	Loaded [pa_ill_pa_contig72]
	Loaded [pa_ill_pa_contig71]
	Loaded [pa_ill_pa_contig70]
	Loaded [pa_ill_pa_contig23]
	Loaded [pa_ill_pa_contig21]
	Loaded [pa_ill_pa_contig28]
	Loaded [pa_ill_pa_contig79]
	Loaded [pa_ill_pa_contig78]
	Loaded [pa_ill_pa_contig32]
	Loaded [pa_ill_pa_contig8]
	Loaded [pa_ill_pa_contig41]
	Loaded [pa_ill_pa_contig47]
	Loaded [pa_ill_pa_contig4]
	Loaded [pa_ill_pa_contig13]
	Loaded [pa_ill_pa_contig11]
	Loaded [pa_ill_pa_contig10]
	Loaded [pa_ill_pa_contig39]
	Loaded [pa_ill_pa_contig12]
	Loaded [pa_ill_pa_contig59]
	Loaded [pa_ill_pa_contig14]
	Loaded [pa_ill_pa_contig17]
	Loaded [pa_ill_pa_contig16]
	Loaded [pa_ill_pa_contig55]
	Loaded [pa_ill_pa_contig54]
	Loaded [pa_ill_pa_contig31]
	Loaded [pa_ill_pa_contig56]
	Loaded [pa_ill_pa_contig51]
	Loaded [pa_ill_pa_contig50]
	Loaded [pa_ill_pa_contig35]
	Loaded [pa_ill_pa_contig34]
	Loaded [pa_ill_pa_contig60]
	Loaded [pa_ill_pa_contig61]
	Loaded [pa_ill_pa_contig62]
	Loaded [pa_ill_pa_contig63]
	Loaded [pa_ill_pa_contig64]
	Loaded [pa_ill_pa_contig65]
	Loaded [pa_ill_pa_contig66]
	Loaded [pa_ill_pa_contig67]
	Loaded [pa_ill_pa_contig68]
	Loaded [pa_ill_pa_contig69]
	Loaded [pa_ill_pa_contig80]
	Loaded [pa_ill_pa_contig81]
	Loaded [pa_ill_pa_contig84]
	Loaded [pa_ill_pa_contig19]
	Loaded [pa_ill_pa_contig83]
	Loaded [pa_ill_pa_contig2]
	Loaded [pa_ill_pa_contig18]
	Loaded [pa_ill_pa_contig5]
	Loaded [pa_ill_pa_contig57]
	Loaded [pa_ill_pa_contig58]
	Loaded [pa_ill_pa_contig15]
	Loaded [pa_ill_pa_contig1]
	Loaded [pa_ill_pa_contig45]
	Loaded [pa_ill_pa_contig3]
	Loaded [pa_ill_pa_contig30]
	Loaded [pa_ill_pa_contig33]
	Loaded [pa_ill_pa_contig38]
	Loaded [pa_ill_pa_contig7]
	Loaded [pa_ill_pa_contig6]
	Loaded [pa_ill_pa_contig9]
	Loaded [pa_ill_pa_contig37]
	Loaded [pa_ill_pa_contig36]
	Loaded [pa_ill_pa_contig24]
	Loaded [pa_ill_pa_contig25]
	Loaded [pa_ill_pa_contig26]
	Loaded [pa_ill_pa_contig27]
	Loaded [pa_ill_pa_contig20]
	Loaded [pa_ill_pa_contig53]
	Loaded [pa_ill_pa_contig48]
	Loaded [pa_ill_pa_contig49]
	Loaded [pa_ill_pa_contig46]
	Loaded [pa_ill_pa_contig22]
	Loaded [pa_ill_pa_contig44]
	Loaded [pa_ill_pa_contig52]
	Loaded [pa_ill_pa_contig42]
	Loaded [pa_ill_pa_contig43]
	Loaded [pa_ill_pa_contig40]
	Loaded [pa_ill_pa_contig29]
	Total Regions: 83
	Total Region Length: 6728151
Analyzing contigs...
CONTIG: contig_164 (6792240bp)
Best alignment score: 847683.0 (LEN: 847683, IDY: 100.00), Total number of alignments: 158
			Too much alignments (158), will use speed up heuristics
			Found 105 solid alignments:
		Solid alignment 1 720 | 720 1 | 720 720 | 100.0 | pa_ill_pa_contig35 contig_164
		Solid alignment 1 266935 | 1330 268264 | 266935 266935 | 100.0 | pa_ill_pa_contig6 contig_164
		Solid alignment 1 111253 | 379475 268224 | 111253 111252 | 99.98 | pa_ill_pa_contig20 contig_164
		Solid alignment 1 5507 | 384927 379421 | 5507 5507 | 99.47 | pa_ill_pa_contig45 contig_164
		Solid alignment 1 118702 | 384873 503574 | 118702 118702 | 100.0 | pa_ill_pa_contig19 contig_164
		Solid alignment 1 1237 | 505303 504067 | 1237 1237 | 99.68 | pa_ill_pa_contig65 contig_164
		Solid alignment 1 944 | 506192 505249 | 944 944 | 98.83 | pa_ill_pa_contig71 contig_164
		Solid alignment 1 23992 | 506840 530831 | 23992 23992 | 100.0 | pa_ill_pa_contig40 contig_164
		Solid alignment 1 1468 | 530777 532244 | 1468 1468 | 99.93 | pa_ill_pa_contig62 contig_164
		Solid alignment 1 56682 | 532190 588871 | 56682 56682 | 100.0 | pa_ill_pa_contig30 contig_164
		Solid alignment 1 927 | 588817 589743 | 927 927 | 97.63 | pa_ill_pa_contig73 contig_164
		Solid alignment 1 204999 | 794572 589689 | 204999 204884 | 99.94 | pa_ill_pa_contig12 contig_164
		Solid alignment 1 1492 | 794518 796009 | 1492 1492 | 99.87 | pa_ill_pa_contig61 contig_164
		Solid alignment 1 106796 | 795955 902752 | 106796 106798 | 100.0 | pa_ill_pa_contig21 contig_164
		Solid alignment 1 1258 | 903955 902698 | 1258 1258 | 99.52 | pa_ill_pa_contig64 contig_164
		Solid alignment 1 34671 | 903901 938610 | 34671 34710 | 99.86 | pa_ill_pa_contig15 contig_164
		Solid alignment 34236 173697 | 938230 1077768 | 139462 139539 | 99.94 | pa_ill_pa_contig15 contig_164
		Solid alignment 1 1028 | 1079546 1078519 | 1028 1028 | 99.81 | pa_ill_pa_contig68 contig_164
		Solid alignment 1 1028 | 1082729 1081702 | 1028 1028 | 99.51 | pa_ill_pa_contig68 contig_164
		Solid alignment 1 1661 | 1084335 1082675 | 1661 1661 | 100.0 | pa_ill_pa_contig59 contig_164
		Solid alignment 1 1682 | 1084281 1085962 | 1682 1682 | 99.52 | pa_ill_pa_contig58 contig_164
		Solid alignment 1 4971 | 1085908 1090878 | 4971 4971 | 100.0 | pa_ill_pa_contig46 contig_164
		Solid alignment 1 1682 | 1090824 1092505 | 1682 1682 | 99.76 | pa_ill_pa_contig58 contig_164
		Solid alignment 1 3238 | 1092451 1095688 | 3238 3238 | 100.0 | pa_ill_pa_contig50 contig_164
		Solid alignment 1 799 | 1095634 1096432 | 799 799 | 99.12 | pa_ill_pa_contig75 contig_164
		Solid alignment 1 6148 | 1103269 1097122 | 6148 6148 | 100.0 | pa_ill_pa_contig43 contig_164
		Solid alignment 1 799 | 1103215 1104013 | 799 799 | 98.62 | pa_ill_pa_contig75 contig_164
		Solid alignment 1 68331 | 1104703 1173035 | 68331 68333 | 100.0 | pa_ill_pa_contig28 contig_164
		Solid alignment 1 985 | 1172981 1173965 | 985 985 | 98.48 | pa_ill_pa_contig69 contig_164
		Solid alignment 1 30768 | 1204678 1173911 | 30768 30768 | 99.97 | pa_ill_pa_contig38 contig_164
		Solid alignment 1235 3722 | 1207111 1204624 | 2488 2488 | 99.44 | pa_ill_pa_contig48 contig_164
		Solid alignment 1 1079 | 1208345 1207267 | 1079 1079 | 99.54 | pa_ill_pa_contig48 contig_164
		Solid alignment 1 6590 | 1208291 1214880 | 6590 6590 | 99.82 | pa_ill_pa_contig42 contig_164
		Solid alignment 1 3064 | 1217889 1214826 | 3064 3064 | 99.28 | pa_ill_pa_contig51 contig_164
		Solid alignment 1 26794 | 1217835 1244629 | 26794 26795 | 100.0 | pa_ill_pa_contig39 contig_164
		Solid alignment 1 258570 | 1503693 1245123 | 258570 258571 | 100.0 | pa_ill_pa_contig8 contig_164
		Solid alignment 1 944 | 1503639 1504582 | 944 944 | 99.36 | pa_ill_pa_contig71 contig_164
		Solid alignment 1 1237 | 1504528 1505764 | 1237 1237 | 95.64 | pa_ill_pa_contig65 contig_164
		Solid alignment 1 191344 | 1506257 1697582 | 191344 191326 | 99.99 | pa_ill_pa_contig13 contig_164
		Solid alignment 1 1197 | 1698724 1697528 | 1197 1197 | 99.83 | pa_ill_pa_contig67 contig_164
		Solid alignment 1 86455 | 1698709 1785161 | 86455 86453 | 100.0 | pa_ill_pa_contig25 contig_164
		Solid alignment 161 249467 | 1785107 2034417 | 249307 249311 | 100.0 | pa_ill_pa_contig9 contig_164
		Solid alignment 1 2531 | 2037312 2034782 | 2531 2531 | 99.84 | pa_ill_pa_contig53 contig_164
		Solid alignment 1 929 | 2038368 2037440 | 929 929 | 99.35 | pa_ill_pa_contig72 contig_164
		Solid alignment 1 121067 | 2164160 2043091 | 121067 121070 | 100.0 | pa_ill_pa_contig17 contig_164
		Solid alignment 1 56007 | 2164422 2220428 | 56007 56007 | 100.0 | pa_ill_pa_contig32 contig_164
		Solid alignment 1 1258 | 2221631 2220374 | 1258 1258 | 99.84 | pa_ill_pa_contig64 contig_164
		Solid alignment 247199 542364 | 2516740 2221577 | 295166 295164 | 100.0 | pa_ill_pa_contig2 contig_164
		Solid alignment 1 247386 | 2763825 2516438 | 247386 247388 | 100.0 | pa_ill_pa_contig2 contig_164
		Solid alignment 1 3774 | 2768028 2764255 | 3774 3774 | 100.0 | pa_ill_pa_contig47 contig_164
		Solid alignment 1 929 | 2768542 2769471 | 929 930 | 98.39 | pa_ill_pa_contig72 contig_164
		Solid alignment 1 2549 | 2769599 2772147 | 2549 2549 | 100.0 | pa_ill_pa_contig52 contig_164
		Solid alignment 1 404310 | 3176819 2772506 | 404310 404314 | 100.0 | pa_ill_pa_contig4 contig_164
		Solid alignment 1 1468 | 3176765 3178232 | 1468 1468 | 100.0 | pa_ill_pa_contig62 contig_164
		Solid alignment 1 122468 | 3178178 3300646 | 122468 122469 | 100.0 | pa_ill_pa_contig16 contig_164
		Solid alignment 1 53273 | 3354333 3301061 | 53273 53273 | 100.0 | pa_ill_pa_contig33 contig_164
		Solid alignment 41099 76514 | 3390242 3354827 | 35416 35416 | 99.99 | pa_ill_pa_contig26 contig_164
		Solid alignment 1 41228 | 3431228 3390001 | 41228 41228 | 100.0 | pa_ill_pa_contig26 contig_164
		Solid alignment 1 846 | 3431992 3431153 | 846 840 | 90.05 | pa_ill_pa_contig20 contig_164
		Solid alignment 1 5507 | 3437444 3431938 | 5507 5507 | 99.84 | pa_ill_pa_contig45 contig_164
		Solid alignment 1 68413 | 3437390 3505802 | 68413 68413 | 99.99 | pa_ill_pa_contig27 contig_164
		Solid alignment 1 5713 | 3511461 3505748 | 5713 5714 | 99.96 | pa_ill_pa_contig44 contig_164
		Solid alignment 1 87995 | 3599401 3511407 | 87995 87995 | 100.0 | pa_ill_pa_contig24 contig_164
		Solid alignment 1 1197 | 3599347 3600543 | 1197 1197 | 99.75 | pa_ill_pa_contig67 contig_164
		Solid alignment 1 294591 | 3600489 3895076 | 294591 294588 | 100.0 | pa_ill_pa_contig5 contig_164
		Solid alignment 1 927 | 3895022 3895948 | 927 927 | 99.89 | pa_ill_pa_contig73 contig_164
		Solid alignment 1 35776 | 3895894 3931668 | 35776 35775 | 100.0 | pa_ill_pa_contig37 contig_164
		Solid alignment 1 2207 | 3934744 3932538 | 2207 2207 | 99.82 | pa_ill_pa_contig55 contig_164
		Solid alignment 1 232544 | 3934690 4167257 | 232544 232568 | 99.99 | pa_ill_pa_contig10 contig_164
		Solid alignment 1 1874 | 4167130 4169003 | 1874 1874 | 100.0 | pa_ill_pa_contig57 contig_164
		Solid alignment 232388 237415 | 4168848 4173874 | 5028 5027 | 99.96 | pa_ill_pa_contig10 contig_164
		Solid alignment 1235 3722 | 4176307 4173820 | 2488 2488 | 99.6 | pa_ill_pa_contig48 contig_164
		Solid alignment 1 1079 | 4177541 4176463 | 1079 1079 | 99.81 | pa_ill_pa_contig48 contig_164
		Solid alignment 1 956 | 4177487 4178442 | 956 956 | 100.0 | pa_ill_pa_contig70 contig_164
		Solid alignment 1 3064 | 4181451 4178388 | 3064 3064 | 99.71 | pa_ill_pa_contig51 contig_164
		Solid alignment 92967 210873 | 4299304 4181397 | 117907 117908 | 99.99 | pa_ill_pa_contig11 contig_164
		Solid alignment 1 93281 | 4392165 4298880 | 93281 93286 | 99.99 | pa_ill_pa_contig11 contig_164
		Solid alignment 1 985 | 4392111 4393095 | 985 985 | 99.49 | pa_ill_pa_contig69 contig_164
		Solid alignment 1 48969 | 4393041 4442011 | 48969 48971 | 100.0 | pa_ill_pa_contig34 contig_164
		Solid alignment 1 5713 | 4441957 4447669 | 5713 5713 | 99.93 | pa_ill_pa_contig44 contig_164
		Solid alignment 1 106324 | 4553939 4447615 | 106324 106325 | 100.0 | pa_ill_pa_contig22 contig_164
		Solid alignment 1 90153 | 4644467 4554315 | 90153 90153 | 100.0 | pa_ill_pa_contig23 contig_164
		Solid alignment 1 1197 | 4644413 4645609 | 1197 1197 | 99.83 | pa_ill_pa_contig67 contig_164
		Solid alignment 1 465790 | 4645555 5111207 | 465790 465653 | 99.97 | pa_ill_pa_contig3 contig_164
		Solid alignment 1 2514 | 5111153 5113666 | 2514 2514 | 99.72 | pa_ill_pa_contig54 contig_164
		Solid alignment 1 868 | 5114118 5114985 | 868 868 | 99.54 | pa_ill_pa_contig74 contig_164
		Solid alignment 1 119004 | 5115789 5234793 | 119004 119005 | 100.0 | pa_ill_pa_contig18 contig_164
		Solid alignment 1 5713 | 5234739 5240451 | 5713 5713 | 100.0 | pa_ill_pa_contig44 contig_164
		Solid alignment 1 1405 | 5242694 5241290 | 1405 1405 | 90.74 | pa_ill_pa_contig12 contig_164
		Solid alignment 1 1492 | 5242640 5244131 | 1492 1492 | 100.0 | pa_ill_pa_contig61 contig_164
		Solid alignment 1 21904 | 5244077 5265979 | 21904 21903 | 100.0 | pa_ill_pa_contig41 contig_164
		Solid alignment 1 868 | 5267507 5266634 | 868 874 | 98.4 | pa_ill_pa_contig74 contig_164
		Solid alignment 1 2514 | 5270472 5267959 | 2514 2514 | 99.72 | pa_ill_pa_contig54 contig_164
		Solid alignment 132 56432 | 5326718 5270418 | 56301 56301 | 99.94 | pa_ill_pa_contig31 contig_164
		Solid alignment 1 187635 | 5328788 5516423 | 187635 187636 | 100.0 | pa_ill_pa_contig14 contig_164
		Solid alignment 1 265097 | 5517268 5782363 | 265097 265096 | 100.0 | pa_ill_pa_contig7 contig_164
		Solid alignment 1 1538 | 5782814 5784351 | 1538 1538 | 100.0 | pa_ill_pa_contig60 contig_164
		Solid alignment 1 3511 | 5788234 5784724 | 3511 3511 | 100.0 | pa_ill_pa_contig49 contig_164
		Solid alignment 1 38146 | 5788823 5826968 | 38146 38146 | 100.0 | pa_ill_pa_contig36 contig_164
		Solid alignment 1 5713 | 5826914 5832627 | 5713 5714 | 99.96 | pa_ill_pa_contig44 contig_164
		Solid alignment 1 61716 | 5832573 5894289 | 61716 61717 | 100.0 | pa_ill_pa_contig29 contig_164
		Solid alignment 1 1197 | 5895431 5894235 | 1197 1197 | 99.08 | pa_ill_pa_contig67 contig_164
		Solid alignment 1 847683 | 6743059 5895377 | 847683 847683 | 100.0 | pa_ill_pa_contig1 contig_164
		Solid alignment 1 2207 | 6743005 6745211 | 2207 2207 | 99.5 | pa_ill_pa_contig55 contig_164
		Solid alignment 721 47071 | 6792240 6745890 | 46351 46351 | 100.0 | pa_ill_pa_contig35 contig_164
			Skipping alignments located inside solid regions since they are redundant:
		Skipping redundant alignment 2205 2601 | 2 398 | 397 397 | 92.44 | pa_ill_pa_contig6 contig_164
		Skipping redundant alignment 2663 2766 | 467 570 | 104 104 | 91.35 | pa_ill_pa_contig6 contig_164
		Skipping redundant alignment 468678 468746 | 268210 268278 | 69 69 | 100.0 | pa_ill_pa_contig2 contig_164
		Skipping redundant alignment 39053 39121 | 268210 268278 | 69 69 | 100.0 | pa_ill_pa_contig17 contig_164
		Skipping redundant alignment 39244 39312 | 268210 268278 | 69 69 | 100.0 | pa_ill_pa_contig17 contig_164
		Skipping redundant alignment 1 94 | 1698670 1698763 | 94 94 | 100.0 | pa_ill_pa_contig23 contig_164
		Skipping redundant alignment 847590 847683 | 1698763 1698670 | 94 94 | 100.0 | pa_ill_pa_contig1 contig_164
		Skipping redundant alignment 1 97 | 1698670 1698766 | 97 97 | 98.97 | pa_ill_pa_contig24 contig_164
		Skipping redundant alignment 56166 56348 | 3301196 3301378 | 183 183 | 94.54 | pa_ill_pa_contig20 contig_164
			Looking for the best set of alignments (out of 149 total alignments)
		Ambiguity for this contig is not checked for speed up (too much alignments and --ambiguity-usage is "one")
			Skipping redundant alignments after choosing the best set of alignments
		Skipping redundant alignment 1105 1184 | 5327440 5327361 | 80 80 | 92.5 | pa_ill_pa_contig31 contig_164
		Skipping redundant alignment 2771 3517 | 575 1321 | 747 747 | 94.78 | pa_ill_pa_contig6 contig_164
		Skipping redundant alignment 55609 56418 | 1337 528 | 810 810 | 92.87 | pa_ill_pa_contig20 contig_164
		Skipping redundant alignment 104 348 | 5328435 5328191 | 245 245 | 91.43 | pa_ill_pa_contig31 contig_164
		Skipping redundant alignment 419 580 | 5327640 5327479 | 162 162 | 91.36 | pa_ill_pa_contig31 contig_164
		Skipping redundant alignment 3381 3503 | 5782728 5782606 | 123 123 | 91.87 | pa_ill_pa_contig49 contig_164
		Skipping redundant alignment 264591 265097 | 5783983 5784489 | 507 507 | 93.14 | pa_ill_pa_contig7 contig_164
		Skipping redundant alignment 176 337 | 5327640 5327479 | 162 162 | 91.36 | pa_ill_pa_contig31 contig_164
		Skipping redundant alignment 1578 1661 | 1079575 1079492 | 84 84 | 90.48 | pa_ill_pa_contig59 contig_164
		Skipping redundant alignment 1136 1458 | 1080017 1079695 | 323 323 | 96.28 | pa_ill_pa_contig59 contig_164
		Skipping redundant alignment 710 1065 | 1080443 1080088 | 356 356 | 92.98 | pa_ill_pa_contig59 contig_164
		Skipping redundant alignment 1 1235 | 2040116 2038882 | 1235 1235 | 99.92 | pa_ill_pa_contig66 contig_164
		Skipping redundant alignment 1 2072 | 2042661 2040590 | 2072 2072 | 99.52 | pa_ill_pa_contig56 contig_164
		Skipping redundant alignment 401 476 | 2164109 2164184 | 76 76 | 100.0 | pa_ill_pa_contig9 contig_164
		Skipping redundant alignment 99 178 | 2164227 2164306 | 80 80 | 98.75 | pa_ill_pa_contig32 contig_164
		Skipping redundant alignment 401 477 | 2164400 2164476 | 77 77 | 100.0 | pa_ill_pa_contig9 contig_164
		Skipping redundant alignment 55696 56158 | 3300726 3301188 | 463 463 | 95.25 | pa_ill_pa_contig20 contig_164
		Skipping redundant alignment 2820 3940 | 3301352 3300232 | 1121 1121 | 90.51 | pa_ill_pa_contig6 contig_164
		Skipping redundant alignment 264617 265097 | 5787892 5788372 | 481 481 | 92.36 | pa_ill_pa_contig7 contig_164
		Skipping redundant alignment 46729 47071 | 3931518 3931860 | 343 343 | 97.67 | pa_ill_pa_contig35 contig_164
		Skipping redundant alignment 1099 1184 | 5326720 5326635 | 86 86 | 91.86 | pa_ill_pa_contig31 contig_164
		Skipping redundant alignment 354 504 | 5326739 5326589 | 151 151 | 90.73 | pa_ill_pa_contig31 contig_164
		Skipping redundant alignment 117 348 | 5326973 5326742 | 232 232 | 90.52 | pa_ill_pa_contig31 contig_164
		Skipping redundant alignment 590 763 | 5327229 5327056 | 174 174 | 93.1 | pa_ill_pa_contig31 contig_164
			The best set is below. Score: 6777001.5, number of alignments: 125, unaligned bases: 11366
		This contig is misassembled.
		This contig is partially unaligned. (Aligned 6780874 out of 6792240 non-N bases (99.83%))
			Real Alignment 1: 1 720 | 720 1 | 720 720 | 100.0 | pa_ill_pa_contig35 contig_164
			  Not a misassembly [fragmentation of reference genome] between these two alignments
			Excluding internal overlap of size 41 between Alignment 2 and 3: 1 111253 | 379475 268224 | 111253 111252 --> 1 111212 | 379475 268265 | 111212 111211
			Real Alignment 2: 1 266935 | 1330 268264 | 266935 266935 | 100.0 | pa_ill_pa_contig6 contig_164
			  Indel (> 5bp) between these two alignments: deletion of length 41; 0 mismatches (number of Ns: 0) [fragmentation of reference genome]
			Excluding internal overlap of size 55 between Alignment 3 and 4: 1 5507 | 384927 379421 | 5507 5507 --> 1 5452 | 384927 379476 | 5452 5452
			Real Alignment 3: 1 111212 | 379475 268265 | 111212 111211 | 99.98 | pa_ill_pa_contig20 contig_164
			  Indel (> 5bp) between these two alignments: deletion of length 55; 0 mismatches (number of Ns: 0) [fragmentation of reference genome]
			Excluding internal overlap of size 55 between Alignment 4 and 5: 1 5452 | 384927 379476 | 5452 5452 --> 56 5452 | 384872 379476 | 5397 5397
			Real Alignment 4: 56 5452 | 384872 379476 | 5397 5397 | 99.47 | pa_ill_pa_contig45 contig_164
			  Indel (> 5bp) between these two alignments: deletion of length 55; 0 mismatches (number of Ns: 0) [fragmentation of reference genome]
			Excluding internal overlap of size 55 between Alignment 5 and 6: 1 602 | 503520 504121 | 602 602 --> 56 602 | 503575 504121 | 547 547
			Real Alignment 5: 1 118702 | 384873 503574 | 118702 118702 | 100.0 | pa_ill_pa_contig19 contig_164
			  Indel (> 5bp) between these two alignments: deletion of length 55; 0 mismatches (number of Ns: 0) [fragmentation of reference genome]
			Excluding internal overlap of size 55 between Alignment 6 and 7: 56 602 | 503575 504121 | 547 547 --> 56 547 | 503575 504066 | 492 492
			Real Alignment 6: 56 547 | 503575 504066 | 492 492 | 99.34 | pa_ill_pa_contig80 contig_164
			  Indel (> 5bp) between these two alignments: deletion of length 55; 0 mismatches (number of Ns: 0) [fragmentation of reference genome]
			Excluding internal overlap of size 55 between Alignment 7 and 8: 1 944 | 506192 505249 | 944 944 --> 1 889 | 506192 505304 | 889 889
			Real Alignment 7: 1 1237 | 505303 504067 | 1237 1237 | 99.68 | pa_ill_pa_contig65 contig_164
			  Indel (> 5bp) between these two alignments: deletion of length 55; 0 mismatches (number of Ns: 0) [fragmentation of reference genome]
			Excluding internal overlap of size 55 between Alignment 8 and 9: 1 838 | 506138 506975 | 838 838 --> 56 838 | 506193 506975 | 783 783
			Real Alignment 8: 1 889 | 506192 505304 | 889 889 | 98.83 | pa_ill_pa_contig71 contig_164
			  Indel (> 5bp) between these two alignments: deletion of length 55; 0 mismatches (number of Ns: 0) [fragmentation of reference genome]
			Excluding internal overlap of size 136 between Alignment 9 and 10: 56 838 | 506193 506975 | 783 783 --> 56 702 | 506193 506839 | 647 647
			Real Alignment 9: 56 702 | 506193 506839 | 647 647 | 99.05 | pa_ill_pa_contig8 contig_164
			  Extensive misassembly (translocation) between these two alignments
			Excluding internal overlap of size 55 between Alignment 10 and 11: 1 1468 | 530777 532244 | 1468 1468 --> 56 1468 | 530832 532244 | 1413 1413
			Real Alignment 10: 1 23992 | 506840 530831 | 23992 23992 | 100.0 | pa_ill_pa_contig40 contig_164
			  Indel (> 5bp) between these two alignments: deletion of length 55; 0 mismatches (number of Ns: 0) [fragmentation of reference genome]
			Excluding internal overlap of size 55 between Alignment 11 and 12: 56 1468 | 530832 532244 | 1413 1413 --> 56 1413 | 530832 532189 | 1358 1358
			Real Alignment 11: 56 1413 | 530832 532189 | 1358 1358 | 99.93 | pa_ill_pa_contig62 contig_164
			  Indel (> 5bp) between these two alignments: deletion of length 55; 0 mismatches (number of Ns: 0) [fragmentation of reference genome]
			Excluding internal overlap of size 55 between Alignment 12 and 13: 1 927 | 588817 589743 | 927 927 --> 56 927 | 588872 589743 | 872 872
			Real Alignment 12: 1 56682 | 532190 588871 | 56682 56682 | 100.0 | pa_ill_pa_contig30 contig_164
			  Indel (> 5bp) between these two alignments: deletion of length 55; 0 mismatches (number of Ns: 0) [fragmentation of reference genome]
			Excluding internal overlap of size 55 between Alignment 13 and 14: 56 927 | 588872 589743 | 872 872 --> 56 872 | 588872 589688 | 817 817
			Real Alignment 13: 56 872 | 588872 589688 | 817 817 | 97.63 | pa_ill_pa_contig73 contig_164
			  Indel (> 5bp) between these two alignments: deletion of length 55; 0 mismatches (number of Ns: 0) [fragmentation of reference genome]
			Excluding internal overlap of size 55 between Alignment 14 and 15: 1 1492 | 794518 796009 | 1492 1492 --> 56 1492 | 794573 796009 | 1437 1437
			Real Alignment 14: 1 204999 | 794572 589689 | 204999 204884 | 99.94 | pa_ill_pa_contig12 contig_164
			  Indel (> 5bp) between these two alignments: deletion of length 55; 0 mismatches (number of Ns: 0) [fragmentation of reference genome]
			Excluding internal overlap of size 55 between Alignment 15 and 16: 56 1492 | 794573 796009 | 1437 1437 --> 56 1437 | 794573 795954 | 1382 1382
			Real Alignment 15: 56 1437 | 794573 795954 | 1382 1382 | 99.87 | pa_ill_pa_contig61 contig_164
			  Indel (> 5bp) between these two alignments: deletion of length 55; 0 mismatches (number of Ns: 0) [fragmentation of reference genome]
			Excluding internal overlap of size 55 between Alignment 16 and 17: 1 1258 | 903955 902698 | 1258 1258 --> 1 1203 | 903955 902753 | 1203 1203
			Real Alignment 16: 1 106796 | 795955 902752 | 106796 106798 | 100.0 | pa_ill_pa_contig21 contig_164
			  Indel (> 5bp) between these two alignments: deletion of length 55; 0 mismatches (number of Ns: 0) [fragmentation of reference genome]
			Excluding internal overlap of size 55 between Alignment 17 and 18: 1 1203 | 903955 902753 | 1203 1203 --> 56 1203 | 903900 902753 | 1148 1148
			Real Alignment 17: 56 1203 | 903900 902753 | 1148 1148 | 99.52 | pa_ill_pa_contig64 contig_164
			  Indel (> 5bp) between these two alignments: deletion of length 55; 0 mismatches (number of Ns: 0) [fragmentation of reference genome]
			Excluding internal overlap of size 381 between Alignment 18 and 19: 1 34671 | 903901 938610 | 34671 34710 --> 1 34328 | 903901 938229 | 34328 34329
			Real Alignment 18: 1 34328 | 903901 938229 | 34328 34329 | 99.86 | pa_ill_pa_contig15 contig_164
			  Overlap between these two alignments (local misassembly). Inconsistency = -93
			Excluding internal overlap of size 55 between Alignment 19 and 20: 1 690 | 1077714 1078403 | 690 690 --> 56 690 | 1077769 1078403 | 635 635
			Real Alignment 19: 34236 173697 | 938230 1077768 | 139462 139539 | 99.94 | pa_ill_pa_contig15 contig_164
			  Indel (> 5bp) between these two alignments: deletion of length 55; 0 mismatches (number of Ns: 0) [fragmentation of reference genome]
			Real Alignment 20: 56 690 | 1077769 1078403 | 635 635 | 100.0 | pa_ill_pa_contig76 contig_164
			  Not a misassembly [fragmentation of reference genome] between these two alignments
			Real Alignment 21: 1 1028 | 1079546 1078519 | 1028 1028 | 99.81 | pa_ill_pa_contig68 contig_164
			  Not a misassembly [fragmentation of reference genome] between these two alignments
			Excluding internal overlap of size 55 between Alignment 22 and 23: 1 647 | 1080305 1080951 | 647 647 --> 1 592 | 1080305 1080896 | 592 592
			Real Alignment 22: 1 592 | 1080305 1080896 | 592 592 | 100.0 | pa_ill_pa_contig77 contig_164
			  Indel (> 5bp) between these two alignments: deletion of length 55; 0 mismatches (number of Ns: 0) [fragmentation of reference genome]
			Real Alignment 23: 1 690 | 1080897 1081586 | 690 690 | 99.86 | pa_ill_pa_contig76 contig_164
			  Not a misassembly [fragmentation of reference genome] between these two alignments
			Excluding internal overlap of size 55 between Alignment 24 and 25: 1 1028 | 1082729 1081702 | 1028 1028 --> 56 1028 | 1082674 1081702 | 973 973
			Real Alignment 24: 56 1028 | 1082674 1081702 | 973 973 | 99.51 | pa_ill_pa_contig68 contig_164
			  Indel (> 5bp) between these two alignments: deletion of length 55; 0 mismatches (number of Ns: 0) [fragmentation of reference genome]
			Excluding internal overlap of size 55 between Alignment 25 and 26: 1 1661 | 1084335 1082675 | 1661 1661 --> 56 1661 | 1084280 1082675 | 1606 1606
			Real Alignment 25: 56 1661 | 1084280 1082675 | 1606 1606 | 100.0 | pa_ill_pa_contig59 contig_164
			  Indel (> 5bp) between these two alignments: deletion of length 55; 0 mismatches (number of Ns: 0) [fragmentation of reference genome]
			Excluding internal overlap of size 55 between Alignment 26 and 27: 1 1682 | 1084281 1085962 | 1682 1682 --> 1 1627 | 1084281 1085907 | 1627 1627
			Real Alignment 26: 1 1627 | 1084281 1085907 | 1627 1627 | 99.52 | pa_ill_pa_contig58 contig_164
			  Indel (> 5bp) between these two alignments: deletion of length 55; 0 mismatches (number of Ns: 0) [fragmentation of reference genome]
			Excluding internal overlap of size 55 between Alignment 27 and 28: 1 1682 | 1090824 1092505 | 1682 1682 --> 56 1682 | 1090879 1092505 | 1627 1627
			Real Alignment 27: 1 4971 | 1085908 1090878 | 4971 4971 | 100.0 | pa_ill_pa_contig46 contig_164
			  Indel (> 5bp) between these two alignments: deletion of length 55; 0 mismatches (number of Ns: 0) [fragmentation of reference genome]
			Excluding internal overlap of size 55 between Alignment 28 and 29: 56 1682 | 1090879 1092505 | 1627 1627 --> 56 1627 | 1090879 1092450 | 1572 1572
			Real Alignment 28: 56 1627 | 1090879 1092450 | 1572 1572 | 99.76 | pa_ill_pa_contig58 contig_164
			  Indel (> 5bp) between these two alignments: deletion of length 55; 0 mismatches (number of Ns: 0) [fragmentation of reference genome]
			Excluding internal overlap of size 55 between Alignment 29 and 30: 1 799 | 1095634 1096432 | 799 799 --> 56 799 | 1095689 1096432 | 744 744
			Real Alignment 29: 1 3238 | 1092451 1095688 | 3238 3238 | 100.0 | pa_ill_pa_contig50 contig_164
			  Indel (> 5bp) between these two alignments: deletion of length 55; 0 mismatches (number of Ns: 0) [fragmentation of reference genome]
			Real Alignment 30: 56 799 | 1095689 1096432 | 744 744 | 99.12 | pa_ill_pa_contig75 contig_164
			  Not a misassembly [fragmentation of reference genome] between these two alignments
			Excluding internal overlap of size 55 between Alignment 31 and 32: 1 799 | 1103215 1104013 | 799 799 --> 56 799 | 1103270 1104013 | 744 744
			Real Alignment 31: 1 6148 | 1103269 1097122 | 6148 6148 | 100.0 | pa_ill_pa_contig43 contig_164
			  Indel (> 5bp) between these two alignments: deletion of length 55; 0 mismatches (number of Ns: 0) [fragmentation of reference genome]
			Real Alignment 32: 56 799 | 1103270 1104013 | 744 744 | 98.62 | pa_ill_pa_contig75 contig_164
			  Not a misassembly [fragmentation of reference genome] between these two alignments
			Excluding internal overlap of size 55 between Alignment 33 and 34: 1 985 | 1172981 1173965 | 985 985 --> 56 985 | 1173036 1173965 | 930 930
			Real Alignment 33: 1 68331 | 1104703 1173035 | 68331 68333 | 100.0 | pa_ill_pa_contig28 contig_164
			  Indel (> 5bp) between these two alignments: deletion of length 55; 0 mismatches (number of Ns: 0) [fragmentation of reference genome]
			Excluding internal overlap of size 55 between Alignment 34 and 35: 56 985 | 1173036 1173965 | 930 930 --> 56 930 | 1173036 1173910 | 875 875
			Real Alignment 34: 56 930 | 1173036 1173910 | 875 875 | 98.48 | pa_ill_pa_contig69 contig_164
			  Indel (> 5bp) between these two alignments: deletion of length 55; 0 mismatches (number of Ns: 0) [fragmentation of reference genome]
			Excluding internal overlap of size 55 between Alignment 35 and 36: 1235 3722 | 1207111 1204624 | 2488 2488 --> 1235 3667 | 1207111 1204679 | 2433 2433
			Real Alignment 35: 1 30768 | 1204678 1173911 | 30768 30768 | 99.97 | pa_ill_pa_contig38 contig_164
			  Indel (> 5bp) between these two alignments: deletion of length 55; 0 mismatches (number of Ns: 0) [fragmentation of reference genome]
			Real Alignment 36: 1235 3667 | 1207111 1204679 | 2433 2433 | 99.44 | pa_ill_pa_contig48 contig_164
			  Gap between these two alignments (local misassembly). Inconsistency = 0
			Excluding internal overlap of size 55 between Alignment 37 and 38: 1 1079 | 1208345 1207267 | 1079 1079 --> 56 1079 | 1208290 1207267 | 1024 1024
			Real Alignment 37: 56 1079 | 1208290 1207267 | 1024 1024 | 99.54 | pa_ill_pa_contig48 contig_164
			  Indel (> 5bp) between these two alignments: deletion of length 55; 0 mismatches (number of Ns: 0) [fragmentation of reference genome]
			Excluding internal overlap of size 55 between Alignment 38 and 39: 1 3064 | 1217889 1214826 | 3064 3064 --> 1 3009 | 1217889 1214881 | 3009 3009
			Real Alignment 38: 1 6590 | 1208291 1214880 | 6590 6590 | 99.82 | pa_ill_pa_contig42 contig_164
			  Indel (> 5bp) between these two alignments: deletion of length 55; 0 mismatches (number of Ns: 0) [fragmentation of reference genome]
			Excluding internal overlap of size 55 between Alignment 39 and 40: 1 3009 | 1217889 1214881 | 3009 3009 --> 56 3009 | 1217834 1214881 | 2954 2954
			Real Alignment 39: 56 3009 | 1217834 1214881 | 2954 2954 | 99.28 | pa_ill_pa_contig51 contig_164
			  Indel (> 5bp) between these two alignments: deletion of length 55; 0 mismatches (number of Ns: 0) [fragmentation of reference genome]
			Excluding internal overlap of size 55 between Alignment 40 and 41: 1 603 | 1245177 1244575 | 603 603 --> 1 548 | 1245177 1244630 | 548 548
			Real Alignment 40: 1 26794 | 1217835 1244629 | 26794 26795 | 100.0 | pa_ill_pa_contig39 contig_164
			  Indel (> 5bp) between these two alignments: deletion of length 55; 0 mismatches (number of Ns: 0) [fragmentation of reference genome]
			Excluding internal overlap of size 55 between Alignment 41 and 42: 1 548 | 1245177 1244630 | 548 548 --> 56 548 | 1245122 1244630 | 493 493
			Real Alignment 41: 56 548 | 1245122 1244630 | 493 493 | 100.0 | pa_ill_pa_contig79 contig_164
			  Indel (> 5bp) between these two alignments: deletion of length 55; 0 mismatches (number of Ns: 0) [fragmentation of reference genome]
			Excluding internal overlap of size 55 between Alignment 42 and 43: 1 944 | 1503639 1504582 | 944 944 --> 56 944 | 1503694 1504582 | 889 889
			Real Alignment 42: 1 258570 | 1503693 1245123 | 258570 258571 | 100.0 | pa_ill_pa_contig8 contig_164
			  Indel (> 5bp) between these two alignments: deletion of length 55; 0 mismatches (number of Ns: 0) [fragmentation of reference genome]
			Excluding internal overlap of size 55 between Alignment 43 and 44: 56 944 | 1503694 1504582 | 889 889 --> 56 889 | 1503694 1504527 | 834 834
			Real Alignment 43: 56 889 | 1503694 1504527 | 834 834 | 99.36 | pa_ill_pa_contig71 contig_164
			  Indel (> 5bp) between these two alignments: deletion of length 55; 0 mismatches (number of Ns: 0) [fragmentation of reference genome]
			Excluding internal overlap of size 55 between Alignment 44 and 45: 1 602 | 1506311 1505710 | 602 602 --> 1 547 | 1506311 1505765 | 547 547
			Real Alignment 44: 1 1237 | 1504528 1505764 | 1237 1237 | 95.64 | pa_ill_pa_contig65 contig_164
			  Indel (> 5bp) between these two alignments: deletion of length 55; 0 mismatches (number of Ns: 0) [fragmentation of reference genome]
			Excluding internal overlap of size 55 between Alignment 45 and 46: 1 547 | 1506311 1505765 | 547 547 --> 56 547 | 1506256 1505765 | 492 492
			Real Alignment 45: 56 547 | 1506256 1505765 | 492 492 | 99.17 | pa_ill_pa_contig80 contig_164
			  Indel (> 5bp) between these two alignments: deletion of length 55; 0 mismatches (number of Ns: 0) [fragmentation of reference genome]
			Excluding internal overlap of size 55 between Alignment 46 and 47: 1 1197 | 1698724 1697528 | 1197 1197 --> 1 1142 | 1698724 1697583 | 1142 1142
			Real Alignment 46: 1 191344 | 1506257 1697582 | 191344 191326 | 99.99 | pa_ill_pa_contig13 contig_164
			  Indel (> 5bp) between these two alignments: deletion of length 55; 0 mismatches (number of Ns: 0) [fragmentation of reference genome]
			Excluding internal overlap of size 16 between Alignment 47 and 48: 1 1142 | 1698724 1697583 | 1142 1142 --> 17 1142 | 1698708 1697583 | 1126 1126
			Real Alignment 47: 17 1142 | 1698708 1697583 | 1126 1126 | 99.83 | pa_ill_pa_contig67 contig_164
			  Indel (> 5bp) between these two alignments: deletion of length 16; 0 mismatches (number of Ns: 0) [fragmentation of reference genome]
			Excluding internal overlap of size 55 between Alignment 48 and 49: 1 86455 | 1698709 1785161 | 86455 86453 --> 1 86400 | 1698709 1785106 | 86400 86398
			Real Alignment 48: 1 86400 | 1698709 1785106 | 86400 86398 | 100.0 | pa_ill_pa_contig25 contig_164
			  Extensive misassembly (translocation) between these two alignments
			Real Alignment 49: 161 249467 | 1785107 2034417 | 249307 249311 | 100.0 | pa_ill_pa_contig9 contig_164
			  Not a misassembly [fragmentation of reference genome] between these two alignments
			Real Alignment 50: 1 2531 | 2037312 2034782 | 2531 2531 | 99.84 | pa_ill_pa_contig53 contig_164
			  Not a misassembly [fragmentation of reference genome] between these two alignments
			Excluding internal overlap of size 55 between Alignment 51 and 52: 1 623 | 2038936 2038314 | 623 623 --> 1 568 | 2038936 2038369 | 568 568
			Real Alignment 51: 1 929 | 2038368 2037440 | 929 929 | 99.35 | pa_ill_pa_contig72 contig_164
			  Indel (> 5bp) between these two alignments: deletion of length 55; 0 mismatches (number of Ns: 0) [fragmentation of reference genome]
			Excluding internal overlap of size 55 between Alignment 52 and 53: 1 568 | 2038936 2038369 | 568 568 --> 56 568 | 2038881 2038369 | 513 513
			Real Alignment 52: 56 568 | 2038881 2038369 | 513 513 | 97.75 | pa_ill_pa_contig78 contig_164
			  Indel (> 5bp) between these two alignments: deletion of length 55; 0 mismatches (number of Ns: 0) [fragmentation of reference genome]
			Excluding internal overlap of size 55 between Alignment 53 and 54: 1 539 | 2043145 2042607 | 539 539 --> 1 484 | 2043145 2042662 | 484 484
			Real Alignment 53: 1 3774 | 2038882 2042661 | 3774 3780 | 90.15 | pa_ill_pa_contig47 contig_164
			  Indel (> 5bp) between these two alignments: deletion of length 55; 0 mismatches (number of Ns: 0) [fragmentation of reference genome]
			Excluding internal overlap of size 55 between Alignment 54 and 55: 1 484 | 2043145 2042662 | 484 484 --> 56 484 | 2043090 2042662 | 429 429
			Real Alignment 54: 56 484 | 2043090 2042662 | 429 429 | 98.33 | pa_ill_pa_contig84 contig_164
			  Indel (> 5bp) between these two alignments: deletion of length 55; 0 mismatches (number of Ns: 0) [fragmentation of reference genome]
			Real Alignment 55: 1 121067 | 2164160 2043091 | 121067 121070 | 100.0 | pa_ill_pa_contig17 contig_164
			  Not a misassembly [fragmentation of reference genome] between these two alignments
			Excluding internal overlap of size 55 between Alignment 56 and 57: 1 1258 | 2221631 2220374 | 1258 1258 --> 1 1203 | 2221631 2220429 | 1203 1203
			Real Alignment 56: 1 56007 | 2164422 2220428 | 56007 56007 | 100.0 | pa_ill_pa_contig32 contig_164
			  Indel (> 5bp) between these two alignments: deletion of length 55; 0 mismatches (number of Ns: 0) [fragmentation of reference genome]
			Excluding internal overlap of size 55 between Alignment 57 and 58: 1 1203 | 2221631 2220429 | 1203 1203 --> 56 1203 | 2221576 2220429 | 1148 1148
			Real Alignment 57: 56 1203 | 2221576 2220429 | 1148 1148 | 99.84 | pa_ill_pa_contig64 contig_164
			  Indel (> 5bp) between these two alignments: deletion of length 55; 0 mismatches (number of Ns: 0) [fragmentation of reference genome]
			Excluding internal overlap of size 303 between Alignment 58 and 59: 1 247386 | 2763825 2516438 | 247386 247388 --> 1 247083 | 2763825 2516741 | 247083 247085
			Real Alignment 58: 247199 542364 | 2516740 2221577 | 295166 295164 | 100.0 | pa_ill_pa_contig2 contig_164
			  Gap between these two alignments (local misassembly). Inconsistency = 115
			Excluding internal overlap of size 55 between Alignment 59 and 60: 1 539 | 2763771 2764309 | 539 539 --> 56 539 | 2763826 2764309 | 484 484
			Real Alignment 59: 1 247083 | 2763825 2516741 | 247083 247085 | 100.0 | pa_ill_pa_contig2 contig_164
			  Indel (> 5bp) between these two alignments: deletion of length 55; 0 mismatches (number of Ns: 0) [fragmentation of reference genome]
			Excluding internal overlap of size 55 between Alignment 60 and 61: 56 539 | 2763826 2764309 | 484 484 --> 56 484 | 2763826 2764254 | 429 429
			Real Alignment 60: 56 484 | 2763826 2764254 | 429 429 | 98.52 | pa_ill_pa_contig84 contig_164
			  Indel (> 5bp) between these two alignments: deletion of length 55; 0 mismatches (number of Ns: 0) [fragmentation of reference genome]
			Excluding internal overlap of size 55 between Alignment 61 and 62: 1 623 | 2767974 2768596 | 623 623 --> 56 623 | 2768029 2768596 | 568 568
			Real Alignment 61: 1 3774 | 2768028 2764255 | 3774 3774 | 100.0 | pa_ill_pa_contig47 contig_164
			  Indel (> 5bp) between these two alignments: deletion of length 55; 0 mismatches (number of Ns: 0) [fragmentation of reference genome]
			Excluding internal overlap of size 55 between Alignment 62 and 63: 56 623 | 2768029 2768596 | 568 568 --> 56 568 | 2768029 2768541 | 513 513
			Real Alignment 62: 56 568 | 2768029 2768541 | 513 513 | 100.0 | pa_ill_pa_contig78 contig_164
			  Indel (> 5bp) between these two alignments: deletion of length 55; 0 mismatches (number of Ns: 0) [fragmentation of reference genome]
			Real Alignment 63: 1 929 | 2768542 2769471 | 929 930 | 98.39 | pa_ill_pa_contig72 contig_164
			  Not a misassembly [fragmentation of reference genome] between these two alignments
			Real Alignment 64: 1 2549 | 2769599 2772147 | 2549 2549 | 100.0 | pa_ill_pa_contig52 contig_164
			  Not a misassembly [fragmentation of reference genome] between these two alignments
			Excluding internal overlap of size 55 between Alignment 65 and 66: 1 1468 | 3176765 3178232 | 1468 1468 --> 56 1468 | 3176820 3178232 | 1413 1413
			Real Alignment 65: 1 404310 | 3176819 2772506 | 404310 404314 | 100.0 | pa_ill_pa_contig4 contig_164
			  Indel (> 5bp) between these two alignments: deletion of length 55; 0 mismatches (number of Ns: 0) [fragmentation of reference genome]
			Excluding internal overlap of size 55 between Alignment 66 and 67: 56 1468 | 3176820 3178232 | 1413 1413 --> 56 1413 | 3176820 3178177 | 1358 1358
			Real Alignment 66: 56 1413 | 3176820 3178177 | 1358 1358 | 100.0 | pa_ill_pa_contig62 contig_164
			  Indel (> 5bp) between these two alignments: deletion of length 55; 0 mismatches (number of Ns: 0) [fragmentation of reference genome]
			Real Alignment 67: 1 122468 | 3178178 3300646 | 122468 122469 | 100.0 | pa_ill_pa_contig16 contig_164
			  Not a misassembly [fragmentation of reference genome] between these two alignments
			Excluding internal overlap of size 55 between Alignment 68 and 69: 1 603 | 3354881 3354279 | 603 603 --> 1 548 | 3354881 3354334 | 548 548
			Real Alignment 68: 1 53273 | 3354333 3301061 | 53273 53273 | 100.0 | pa_ill_pa_contig33 contig_164
			  Indel (> 5bp) between these two alignments: deletion of length 55; 0 mismatches (number of Ns: 0) [fragmentation of reference genome]
			Excluding internal overlap of size 55 between Alignment 69 and 70: 1 548 | 3354881 3354334 | 548 548 --> 56 548 | 3354826 3354334 | 493 493
			Real Alignment 69: 56 548 | 3354826 3354334 | 493 493 | 100.0 | pa_ill_pa_contig79 contig_164
			  Indel (> 5bp) between these two alignments: deletion of length 55; 0 mismatches (number of Ns: 0) [fragmentation of reference genome]
			Excluding internal overlap of size 242 between Alignment 70 and 71: 41099 76514 | 3390242 3354827 | 35416 35416 --> 41341 76514 | 3390000 3354827 | 35174 35174
			Real Alignment 70: 41341 76514 | 3390000 3354827 | 35174 35174 | 99.99 | pa_ill_pa_contig26 contig_164
			  Gap between these two alignments (local misassembly). Inconsistency = 112
			Excluding internal overlap of size 76 between Alignment 71 and 72: 1 846 | 3431992 3431153 | 846 840 --> 1 770 | 3431992 3431229 | 770 764
			Real Alignment 71: 1 41228 | 3431228 3390001 | 41228 41228 | 100.0 | pa_ill_pa_contig26 contig_164
			  Extensive misassembly (translocation) between these two alignments
			Excluding internal overlap of size 55 between Alignment 72 and 73: 1 770 | 3431992 3431229 | 770 764 --> 56 770 | 3431937 3431229 | 715 709
			Real Alignment 72: 56 770 | 3431937 3431229 | 715 709 | 90.05 | pa_ill_pa_contig20 contig_164
			  Indel (> 5bp) between these two alignments: deletion of length 55; 0 mismatches (number of Ns: 0) [fragmentation of reference genome]
			Excluding internal overlap of size 55 between Alignment 73 and 74: 1 5507 | 3437444 3431938 | 5507 5507 --> 56 5507 | 3437389 3431938 | 5452 5452
			Real Alignment 73: 56 5507 | 3437389 3431938 | 5452 5452 | 99.84 | pa_ill_pa_contig45 contig_164
			  Indel (> 5bp) between these two alignments: deletion of length 55; 0 mismatches (number of Ns: 0) [fragmentation of reference genome]
			Excluding internal overlap of size 55 between Alignment 74 and 75: 1 5713 | 3511461 3505748 | 5713 5714 --> 1 5658 | 3511461 3505803 | 5658 5659
			Real Alignment 74: 1 68413 | 3437390 3505802 | 68413 68413 | 99.99 | pa_ill_pa_contig27 contig_164
			  Indel (> 5bp) between these two alignments: deletion of length 55; 0 mismatches (number of Ns: 0) [fragmentation of reference genome]
			Excluding internal overlap of size 55 between Alignment 75 and 76: 1 5658 | 3511461 3505803 | 5658 5659 --> 56 5658 | 3511406 3505803 | 5603 5604
			Real Alignment 75: 56 5658 | 3511406 3505803 | 5603 5604 | 99.96 | pa_ill_pa_contig44 contig_164
			  Indel (> 5bp) between these two alignments: deletion of length 55; 0 mismatches (number of Ns: 0) [fragmentation of reference genome]
			Excluding internal overlap of size 55 between Alignment 76 and 77: 1 1197 | 3599347 3600543 | 1197 1197 --> 56 1197 | 3599402 3600543 | 1142 1142
			Real Alignment 76: 1 87995 | 3599401 3511407 | 87995 87995 | 100.0 | pa_ill_pa_contig24 contig_164
			  Indel (> 5bp) between these two alignments: deletion of length 55; 0 mismatches (number of Ns: 0) [fragmentation of reference genome]
			Excluding internal overlap of size 55 between Alignment 77 and 78: 56 1197 | 3599402 3600543 | 1142 1142 --> 56 1142 | 3599402 3600488 | 1087 1087
			Real Alignment 77: 56 1142 | 3599402 3600488 | 1087 1087 | 99.75 | pa_ill_pa_contig67 contig_164
			  Indel (> 5bp) between these two alignments: deletion of length 55; 0 mismatches (number of Ns: 0) [fragmentation of reference genome]
			Excluding internal overlap of size 55 between Alignment 78 and 79: 1 927 | 3895022 3895948 | 927 927 --> 56 927 | 3895077 3895948 | 872 872
			Real Alignment 78: 1 294591 | 3600489 3895076 | 294591 294588 | 100.0 | pa_ill_pa_contig5 contig_164
			  Indel (> 5bp) between these two alignments: deletion of length 55; 0 mismatches (number of Ns: 0) [fragmentation of reference genome]
			Excluding internal overlap of size 55 between Alignment 79 and 80: 56 927 | 3895077 3895948 | 872 872 --> 56 872 | 3895077 3895893 | 817 817
			Real Alignment 79: 56 872 | 3895077 3895893 | 817 817 | 99.89 | pa_ill_pa_contig73 contig_164
			  Indel (> 5bp) between these two alignments: deletion of length 55; 0 mismatches (number of Ns: 0) [fragmentation of reference genome]
			Real Alignment 80: 1 35776 | 3895894 3931668 | 35776 35775 | 100.0 | pa_ill_pa_contig37 contig_164
			  Not a misassembly [fragmentation of reference genome] between these two alignments
			Excluding internal overlap of size 55 between Alignment 81 and 82: 1 2207 | 3934744 3932538 | 2207 2207 --> 56 2207 | 3934689 3932538 | 2152 2152
			Real Alignment 81: 56 2207 | 3934689 3932538 | 2152 2152 | 99.82 | pa_ill_pa_contig55 contig_164
			  Indel (> 5bp) between these two alignments: deletion of length 55; 0 mismatches (number of Ns: 0) [fragmentation of reference genome]
			Excluding internal overlap of size 128 between Alignment 82 and 83: 1 1874 | 4167130 4169003 | 1874 1874 --> 129 1874 | 4167258 4169003 | 1746 1746
			Real Alignment 82: 1 232544 | 3934690 4167257 | 232544 232568 | 99.99 | pa_ill_pa_contig10 contig_164
			  Extensive misassembly (translocation) between these two alignments
			Excluding internal overlap of size 156 between Alignment 83 and 84: 129 1874 | 4167258 4169003 | 1746 1746 --> 129 1718 | 4167258 4168847 | 1590 1590
			Real Alignment 83: 129 1718 | 4167258 4168847 | 1590 1590 | 100.0 | pa_ill_pa_contig57 contig_164
			  Extensive misassembly (translocation) between these two alignments
			Excluding internal overlap of size 55 between Alignment 84 and 85: 1235 3722 | 4176307 4173820 | 2488 2488 --> 1235 3667 | 4176307 4173875 | 2433 2433
			Real Alignment 84: 232388 237415 | 4168848 4173874 | 5028 5027 | 99.96 | pa_ill_pa_contig10 contig_164
			  Indel (> 5bp) between these two alignments: deletion of length 55; 0 mismatches (number of Ns: 0) [fragmentation of reference genome]
			Real Alignment 85: 1235 3667 | 4176307 4173875 | 2433 2433 | 99.6 | pa_ill_pa_contig48 contig_164
			  Gap between these two alignments (local misassembly). Inconsistency = 0
			Excluding internal overlap of size 55 between Alignment 86 and 87: 1 956 | 4177487 4178442 | 956 956 --> 56 956 | 4177542 4178442 | 901 901
			Real Alignment 86: 1 1079 | 4177541 4176463 | 1079 1079 | 99.81 | pa_ill_pa_contig48 contig_164
			  Indel (> 5bp) between these two alignments: deletion of length 55; 0 mismatches (number of Ns: 0) [fragmentation of reference genome]
			Excluding internal overlap of size 55 between Alignment 87 and 88: 56 956 | 4177542 4178442 | 901 901 --> 56 901 | 4177542 4178387 | 846 846
			Real Alignment 87: 56 901 | 4177542 4178387 | 846 846 | 100.0 | pa_ill_pa_contig70 contig_164
			  Indel (> 5bp) between these two alignments: deletion of length 55; 0 mismatches (number of Ns: 0) [fragmentation of reference genome]
			Excluding internal overlap of size 55 between Alignment 88 and 89: 1 3064 | 4181451 4178388 | 3064 3064 --> 56 3064 | 4181396 4178388 | 3009 3009
			Real Alignment 88: 56 3064 | 4181396 4178388 | 3009 3009 | 99.71 | pa_ill_pa_contig51 contig_164
			  Indel (> 5bp) between these two alignments: deletion of length 55; 0 mismatches (number of Ns: 0) [fragmentation of reference genome]
			Excluding internal overlap of size 425 between Alignment 89 and 90: 1 93281 | 4392165 4298880 | 93281 93286 --> 1 92856 | 4392165 4299305 | 92856 92861
			Real Alignment 89: 92967 210873 | 4299304 4181397 | 117907 117908 | 99.99 | pa_ill_pa_contig11 contig_164
			  Gap between these two alignments (local misassembly). Inconsistency = 110
			Excluding internal overlap of size 55 between Alignment 90 and 91: 1 985 | 4392111 4393095 | 985 985 --> 56 985 | 4392166 4393095 | 930 930
			Real Alignment 90: 1 92856 | 4392165 4299305 | 92856 92861 | 99.99 | pa_ill_pa_contig11 contig_164
			  Indel (> 5bp) between these two alignments: deletion of length 55; 0 mismatches (number of Ns: 0) [fragmentation of reference genome]
			Excluding internal overlap of size 55 between Alignment 91 and 92: 56 985 | 4392166 4393095 | 930 930 --> 56 930 | 4392166 4393040 | 875 875
			Real Alignment 91: 56 930 | 4392166 4393040 | 875 875 | 99.49 | pa_ill_pa_contig69 contig_164
			  Indel (> 5bp) between these two alignments: deletion of length 55; 0 mismatches (number of Ns: 0) [fragmentation of reference genome]
			Excluding internal overlap of size 55 between Alignment 92 and 93: 1 5713 | 4441957 4447669 | 5713 5713 --> 56 5713 | 4442012 4447669 | 5658 5658
			Real Alignment 92: 1 48969 | 4393041 4442011 | 48969 48971 | 100.0 | pa_ill_pa_contig34 contig_164
			  Indel (> 5bp) between these two alignments: deletion of length 55; 0 mismatches (number of Ns: 0) [fragmentation of reference genome]
			Excluding internal overlap of size 55 between Alignment 93 and 94: 56 5713 | 4442012 4447669 | 5658 5658 --> 56 5658 | 4442012 4447614 | 5603 5603
			Real Alignment 93: 56 5658 | 4442012 4447614 | 5603 5603 | 99.93 | pa_ill_pa_contig44 contig_164
			  Indel (> 5bp) between these two alignments: deletion of length 55; 0 mismatches (number of Ns: 0) [fragmentation of reference genome]
			Real Alignment 94: 1 106324 | 4553939 4447615 | 106324 106325 | 100.0 | pa_ill_pa_contig22 contig_164
			  Not a misassembly [fragmentation of reference genome] between these two alignments
			Excluding internal overlap of size 55 between Alignment 95 and 96: 1 1197 | 4644413 4645609 | 1197 1197 --> 56 1197 | 4644468 4645609 | 1142 1142
			Real Alignment 95: 1 90153 | 4644467 4554315 | 90153 90153 | 100.0 | pa_ill_pa_contig23 contig_164
			  Indel (> 5bp) between these two alignments: deletion of length 55; 0 mismatches (number of Ns: 0) [fragmentation of reference genome]
			Excluding internal overlap of size 55 between Alignment 96 and 97: 56 1197 | 4644468 4645609 | 1142 1142 --> 56 1142 | 4644468 4645554 | 1087 1087
			Real Alignment 96: 56 1142 | 4644468 4645554 | 1087 1087 | 99.83 | pa_ill_pa_contig67 contig_164
			  Indel (> 5bp) between these two alignments: deletion of length 55; 0 mismatches (number of Ns: 0) [fragmentation of reference genome]
			Excluding internal overlap of size 55 between Alignment 97 and 98: 1 2514 | 5111153 5113666 | 2514 2514 --> 56 2514 | 5111208 5113666 | 2459 2459
			Real Alignment 97: 1 465790 | 4645555 5111207 | 465790 465653 | 99.97 | pa_ill_pa_contig3 contig_164
			  Indel (> 5bp) between these two alignments: deletion of length 55; 0 mismatches (number of Ns: 0) [fragmentation of reference genome]
			Excluding internal overlap of size 55 between Alignment 98 and 99: 1 561 | 5114172 5113612 | 561 561 --> 1 506 | 5114172 5113667 | 506 506
			Real Alignment 98: 56 2514 | 5111208 5113666 | 2459 2459 | 99.72 | pa_ill_pa_contig54 contig_164
			  Indel (> 5bp) between these two alignments: deletion of length 55; 0 mismatches (number of Ns: 0) [fragmentation of reference genome]
			Excluding internal overlap of size 55 between Alignment 99 and 100: 1 506 | 5114172 5113667 | 506 506 --> 56 506 | 5114117 5113667 | 451 451
			Real Alignment 99: 56 506 | 5114117 5113667 | 451 451 | 100.0 | pa_ill_pa_contig83 contig_164
			  Indel (> 5bp) between these two alignments: deletion of length 55; 0 mismatches (number of Ns: 0) [fragmentation of reference genome]
			Real Alignment 100: 1 868 | 5114118 5114985 | 868 868 | 99.54 | pa_ill_pa_contig74 contig_164
			  Not a misassembly [fragmentation of reference genome] between these two alignments
			Excluding internal overlap of size 55 between Alignment 101 and 102: 1 5713 | 5234739 5240451 | 5713 5713 --> 56 5713 | 5234794 5240451 | 5658 5658
			Real Alignment 101: 1 119004 | 5115789 5234793 | 119004 119005 | 100.0 | pa_ill_pa_contig18 contig_164
			  Indel (> 5bp) between these two alignments: deletion of length 55; 0 mismatches (number of Ns: 0) [fragmentation of reference genome]
			Excluding internal overlap of size 55 between Alignment 102 and 103: 1 1339 | 5240397 5241735 | 1339 1339 --> 56 1339 | 5240452 5241735 | 1284 1284
			Real Alignment 102: 56 5713 | 5234794 5240451 | 5658 5658 | 100.0 | pa_ill_pa_contig44 contig_164
			  Indel (> 5bp) between these two alignments: deletion of length 55; 0 mismatches (number of Ns: 0) [fragmentation of reference genome]
			Excluding internal overlap of size 446 between Alignment 103 and 104: 56 1339 | 5240452 5241735 | 1284 1284 --> 56 893 | 5240452 5241289 | 838 838
			Real Alignment 103: 56 893 | 5240452 5241289 | 838 838 | 100.0 | pa_ill_pa_contig63 contig_164
			  Extensive misassembly (translocation) between these two alignments
			Excluding internal overlap of size 55 between Alignment 104 and 105: 1 1405 | 5242694 5241290 | 1405 1405 --> 56 1405 | 5242639 5241290 | 1350 1350
			Real Alignment 104: 56 1405 | 5242639 5241290 | 1350 1350 | 90.74 | pa_ill_pa_contig12 contig_164
			  Indel (> 5bp) between these two alignments: deletion of length 55; 0 mismatches (number of Ns: 0) [fragmentation of reference genome]
			Excluding internal overlap of size 55 between Alignment 105 and 106: 1 1492 | 5242640 5244131 | 1492 1492 --> 1 1437 | 5242640 5244076 | 1437 1437
			Real Alignment 105: 1 1437 | 5242640 5244076 | 1437 1437 | 100.0 | pa_ill_pa_contig61 contig_164
			  Indel (> 5bp) between these two alignments: deletion of length 55; 0 mismatches (number of Ns: 0) [fragmentation of reference genome]
			Real Alignment 106: 1 21904 | 5244077 5265979 | 21904 21903 | 100.0 | pa_ill_pa_contig41 contig_164
			  Not a misassembly [fragmentation of reference genome] between these two alignments
			Excluding internal overlap of size 55 between Alignment 107 and 108: 1 561 | 5267453 5268013 | 561 561 --> 56 561 | 5267508 5268013 | 506 506
			Real Alignment 107: 1 868 | 5267507 5266634 | 868 874 | 98.4 | pa_ill_pa_contig74 contig_164
			  Indel (> 5bp) between these two alignments: deletion of length 55; 0 mismatches (number of Ns: 0) [fragmentation of reference genome]
			Excluding internal overlap of size 55 between Alignment 108 and 109: 56 561 | 5267508 5268013 | 506 506 --> 56 506 | 5267508 5267958 | 451 451
			Real Alignment 108: 56 506 | 5267508 5267958 | 451 451 | 95.37 | pa_ill_pa_contig83 contig_164
			  Indel (> 5bp) between these two alignments: deletion of length 55; 0 mismatches (number of Ns: 0) [fragmentation of reference genome]
			Excluding internal overlap of size 55 between Alignment 109 and 110: 1 2514 | 5270472 5267959 | 2514 2514 --> 56 2514 | 5270417 5267959 | 2459 2459
			Real Alignment 109: 56 2514 | 5270417 5267959 | 2459 2459 | 99.72 | pa_ill_pa_contig54 contig_164
			  Indel (> 5bp) between these two alignments: deletion of length 55; 0 mismatches (number of Ns: 0) [fragmentation of reference genome]
			Real Alignment 110: 132 56432 | 5326718 5270418 | 56301 56301 | 99.94 | pa_ill_pa_contig31 contig_164
			  Gap between these two alignments (local misassembly). Inconsistency = -483
			Real Alignment 111: 3 591 | 5327330 5326742 | 589 589 | 94.06 | pa_ill_pa_contig31 contig_164
			  Gap between these two alignments (local misassembly). Inconsistency = 2 [fragmentation of reference genome]
			Excluding internal overlap of size 10 between Alignment 112 and 113: 1 493 | 5328305 5328797 | 493 493 --> 1 483 | 5328305 5328787 | 483 483
			Real Alignment 112: 1 483 | 5328305 5328787 | 483 483 | 97.57 | pa_ill_pa_contig14 contig_164
			  Overlap between these two alignments (local misassembly). Inconsistency = -483
			Real Alignment 113: 1 187635 | 5328788 5516423 | 187635 187636 | 100.0 | pa_ill_pa_contig14 contig_164
			  Not a misassembly [fragmentation of reference genome] between these two alignments
			Real Alignment 114: 1 123 | 5516470 5516592 | 123 123 | 99.19 | pa_ill_pa_contig7 contig_164
			  Gap between these two alignments (local misassembly). Inconsistency = -342
			Real Alignment 115: 1 77 | 5516812 5516888 | 77 77 | 98.7 | pa_ill_pa_contig7 contig_164
			  Gap between these two alignments (local misassembly). Inconsistency = -456
			Real Alignment 116: 1 265097 | 5517268 5782363 | 265097 265096 | 100.0 | pa_ill_pa_contig7 contig_164
			  Not a misassembly [fragmentation of reference genome] between these two alignments
			Real Alignment 117: 1 1538 | 5782814 5784351 | 1538 1538 | 100.0 | pa_ill_pa_contig60 contig_164
			  Not a misassembly [fragmentation of reference genome] between these two alignments
			Real Alignment 118: 1 3511 | 5788234 5784724 | 3511 3511 | 100.0 | pa_ill_pa_contig49 contig_164
			  Not a misassembly [fragmentation of reference genome] between these two alignments
			Excluding internal overlap of size 55 between Alignment 119 and 120: 1 5713 | 5826914 5832627 | 5713 5714 --> 56 5713 | 5826969 5832627 | 5658 5659
			Real Alignment 119: 1 38146 | 5788823 5826968 | 38146 38146 | 100.0 | pa_ill_pa_contig36 contig_164
			  Indel (> 5bp) between these two alignments: deletion of length 55; 0 mismatches (number of Ns: 0) [fragmentation of reference genome]
			Excluding internal overlap of size 55 between Alignment 120 and 121: 56 5713 | 5826969 5832627 | 5658 5659 --> 56 5658 | 5826969 5832572 | 5603 5604
			Real Alignment 120: 56 5658 | 5826969 5832572 | 5603 5604 | 99.96 | pa_ill_pa_contig44 contig_164
			  Indel (> 5bp) between these two alignments: deletion of length 55; 0 mismatches (number of Ns: 0) [fragmentation of reference genome]
			Excluding internal overlap of size 55 between Alignment 121 and 122: 1 1197 | 5895431 5894235 | 1197 1197 --> 1 1142 | 5895431 5894290 | 1142 1142
			Real Alignment 121: 1 61716 | 5832573 5894289 | 61716 61717 | 100.0 | pa_ill_pa_contig29 contig_164
			  Indel (> 5bp) between these two alignments: deletion of length 55; 0 mismatches (number of Ns: 0) [fragmentation of reference genome]
			Excluding internal overlap of size 55 between Alignment 122 and 123: 1 1142 | 5895431 5894290 | 1142 1142 --> 56 1142 | 5895376 5894290 | 1087 1087
			Real Alignment 122: 56 1142 | 5895376 5894290 | 1087 1087 | 99.08 | pa_ill_pa_contig67 contig_164
			  Indel (> 5bp) between these two alignments: deletion of length 55; 0 mismatches (number of Ns: 0) [fragmentation of reference genome]
			Excluding internal overlap of size 55 between Alignment 123 and 124: 1 2207 | 6743005 6745211 | 2207 2207 --> 56 2207 | 6743060 6745211 | 2152 2152
			Real Alignment 123: 1 847683 | 6743059 5895377 | 847683 847683 | 100.0 | pa_ill_pa_contig1 contig_164
			  Indel (> 5bp) between these two alignments: deletion of length 55; 0 mismatches (number of Ns: 0) [fragmentation of reference genome]
			Real Alignment 124: 56 2207 | 6743060 6745211 | 2152 2152 | 99.5 | pa_ill_pa_contig55 contig_164
			  Not a misassembly [fragmentation of reference genome] between these two alignments
			Real Alignment 125: 721 47071 | 6792240 6745890 | 46351 46351 | 100.0 | pa_ill_pa_contig35 contig_164
		Unaligned bases: 11366

CONTIG: contig_33 (4765395bp)
Best alignment score: 513.0 (LEN: 564, IDY: 90.96), Total number of alignments: 94
			Looking for the best set of alignments (out of 94 total alignments)
			Skipping redundant alignments after choosing the best set of alignments
		Skipping redundant alignment 3 78 | 423126 423051 | 76 76 | 100.0 | pa_ill_pa_contig9 contig_33
		Skipping redundant alignment 163 238 | 423126 423051 | 76 76 | 100.0 | pa_ill_pa_contig9 contig_33
		Skipping redundant alignment 323 399 | 423126 423050 | 77 77 | 100.0 | pa_ill_pa_contig9 contig_33
		Skipping redundant alignment 28781 28858 | 423049 423126 | 78 78 | 100.0 | pa_ill_pa_contig8 contig_33
		Skipping redundant alignment 65010 65101 | 2967946 2968037 | 92 92 | 91.3 | pa_ill_pa_contig27 contig_33
		Skipping redundant alignment 48505 48596 | 2967946 2968037 | 92 92 | 91.3 | pa_ill_pa_contig27 contig_33
		Skipping redundant alignment 321 398 | 2761264 2761341 | 78 78 | 100.0 | pa_ill_pa_contig9 contig_33
		Skipping redundant alignment 161 238 | 2761264 2761341 | 78 78 | 100.0 | pa_ill_pa_contig9 contig_33
		Skipping redundant alignment 161 240 | 2761376 2761455 | 80 80 | 100.0 | pa_ill_pa_contig9 contig_33
		Skipping redundant alignment 84045 84229 | 4759927 4760111 | 185 185 | 91.35 | pa_ill_pa_contig13 contig_33
		This contig has several significant sets of alignments. [An ambiguously mapped contig]
		Using only the very best set (option --ambiguity-usage is set to "one").
			The best set is below. Score: 11848.7, number of alignments: 84, unaligned bases: 4750560
		This contig is misassembled.
		This contig is partially unaligned. (Aligned 14835 out of 4765395 non-N bases (0.31%))
			Warning! This contig is more unaligned than misassembled. Contig length is 4765395 (number of Ns: 0) and total length of all aligns is 14835
		Alignment: 4882 5195 | 2283877 2283564 | 314 314 | 96.18 | pa_ill_pa_contig44 contig_33
		Alignment: 4391 4831 | 2284368 2283928 | 441 441 | 90.25 | pa_ill_pa_contig44 contig_33
		Alignment: 4268 4385 | 2284493 2284376 | 118 118 | 94.92 | pa_ill_pa_contig44 contig_33
		Alignment: 4118 4231 | 2284646 2284533 | 114 114 | 93.86 | pa_ill_pa_contig44 contig_33
		Alignment: 3453 3662 | 2285310 2285101 | 210 210 | 93.81 | pa_ill_pa_contig44 contig_33
		Alignment: 3374 3442 | 2285388 2285320 | 69 69 | 94.2 | pa_ill_pa_contig44 contig_33
		Alignment: 2892 3062 | 2285872 2285702 | 171 171 | 91.23 | pa_ill_pa_contig44 contig_33
		Alignment: 2687 2800 | 2286086 2285973 | 114 114 | 91.23 | pa_ill_pa_contig44 contig_33
		Alignment: 1975 2060 | 2286773 2286688 | 86 86 | 91.86 | pa_ill_pa_contig44 contig_33
		Alignment: 1813 1967 | 2286935 2286781 | 155 155 | 92.26 | pa_ill_pa_contig44 contig_33
		Alignment: 1375 1760 | 2287373 2286988 | 386 386 | 92.75 | pa_ill_pa_contig44 contig_33
		Alignment: 997 1158 | 2287751 2287590 | 162 162 | 90.12 | pa_ill_pa_contig44 contig_33
		Alignment: 529 593 | 2288225 2288161 | 65 65 | 98.46 | pa_ill_pa_contig44 contig_33
		Alignment: 4882 5195 | 2931798 2931485 | 314 314 | 96.18 | pa_ill_pa_contig44 contig_33
		Alignment: 4268 4718 | 2932412 2931962 | 451 451 | 92.68 | pa_ill_pa_contig44 contig_33
		Alignment: 4118 4231 | 2932565 2932452 | 114 114 | 93.86 | pa_ill_pa_contig44 contig_33
		Alignment: 3453 3662 | 2933230 2933021 | 210 210 | 93.81 | pa_ill_pa_contig44 contig_33
		Alignment: 3374 3442 | 2933308 2933240 | 69 69 | 94.2 | pa_ill_pa_contig44 contig_33
		Alignment: 2892 3062 | 2933792 2933622 | 171 171 | 91.23 | pa_ill_pa_contig44 contig_33
		Alignment: 2687 2800 | 2934006 2933893 | 114 114 | 91.23 | pa_ill_pa_contig44 contig_33
		Alignment: 1975 2060 | 2934601 2934516 | 86 86 | 91.86 | pa_ill_pa_contig44 contig_33
		Alignment: 1813 1967 | 2934763 2934609 | 155 155 | 92.26 | pa_ill_pa_contig44 contig_33
		Alignment: 1375 1536 | 2935201 2935040 | 162 162 | 93.83 | pa_ill_pa_contig44 contig_33
		Alignment: 997 1158 | 2935579 2935418 | 162 162 | 90.12 | pa_ill_pa_contig44 contig_33
		Alignment: 529 593 | 2936053 2935989 | 65 65 | 98.46 | pa_ill_pa_contig44 contig_33
		Alignment: 4882 5195 | 2973199 2972886 | 314 314 | 96.18 | pa_ill_pa_contig44 contig_33
		Alignment: 4268 4718 | 2973813 2973363 | 451 451 | 92.68 | pa_ill_pa_contig44 contig_33
		Alignment: 4118 4231 | 2973966 2973853 | 114 114 | 93.86 | pa_ill_pa_contig44 contig_33
		Alignment: 3453 3662 | 2974631 2974422 | 210 210 | 93.81 | pa_ill_pa_contig44 contig_33
		Alignment: 3374 3442 | 2974709 2974641 | 69 69 | 94.2 | pa_ill_pa_contig44 contig_33
		Alignment: 2892 3062 | 2975193 2975023 | 171 171 | 91.23 | pa_ill_pa_contig44 contig_33
		Alignment: 2687 2800 | 2975407 2975294 | 114 114 | 91.23 | pa_ill_pa_contig44 contig_33
		Alignment: 1975 2060 | 2976002 2975917 | 86 86 | 91.86 | pa_ill_pa_contig44 contig_33
		Alignment: 1813 1967 | 2976164 2976010 | 155 155 | 92.26 | pa_ill_pa_contig44 contig_33
		Alignment: 1375 1536 | 2976602 2976441 | 162 162 | 93.83 | pa_ill_pa_contig44 contig_33
		Alignment: 997 1158 | 2976980 2976819 | 162 162 | 90.12 | pa_ill_pa_contig44 contig_33
		Alignment: 529 593 | 2977454 2977390 | 65 65 | 98.46 | pa_ill_pa_contig44 contig_33
		Alignment: 4882 5195 | 3104230 3103917 | 314 314 | 96.18 | pa_ill_pa_contig44 contig_33
		Alignment: 4391 4831 | 3104721 3104281 | 441 441 | 90.25 | pa_ill_pa_contig44 contig_33
		Alignment: 4268 4385 | 3104846 3104729 | 118 118 | 94.92 | pa_ill_pa_contig44 contig_33
		Alignment: 4118 4231 | 3104999 3104886 | 114 114 | 93.86 | pa_ill_pa_contig44 contig_33
		Alignment: 3453 3662 | 3105664 3105455 | 210 210 | 93.81 | pa_ill_pa_contig44 contig_33
		Alignment: 3374 3442 | 3105742 3105674 | 69 69 | 94.2 | pa_ill_pa_contig44 contig_33
		Alignment: 2892 3062 | 3106226 3106056 | 171 171 | 91.23 | pa_ill_pa_contig44 contig_33
		Alignment: 2687 2800 | 3106440 3106327 | 114 114 | 91.23 | pa_ill_pa_contig44 contig_33
		Alignment: 1975 2060 | 3107127 3107042 | 86 86 | 91.86 | pa_ill_pa_contig44 contig_33
		Alignment: 1813 1967 | 3107289 3107135 | 155 155 | 92.26 | pa_ill_pa_contig44 contig_33
		Alignment: 1375 1536 | 3107727 3107566 | 162 162 | 93.83 | pa_ill_pa_contig44 contig_33
		Alignment: 997 1158 | 3108105 3107944 | 162 162 | 90.12 | pa_ill_pa_contig44 contig_33
		Alignment: 529 593 | 3108579 3108515 | 65 65 | 98.46 | pa_ill_pa_contig44 contig_33
		Alignment: 4882 5195 | 3197947 3197634 | 314 314 | 96.18 | pa_ill_pa_contig44 contig_33
		Alignment: 4268 4718 | 3198561 3198111 | 451 451 | 92.68 | pa_ill_pa_contig44 contig_33
		Alignment: 4118 4231 | 3198714 3198601 | 114 114 | 93.86 | pa_ill_pa_contig44 contig_33
		Alignment: 3453 3662 | 3199379 3199170 | 210 210 | 93.81 | pa_ill_pa_contig44 contig_33
		Alignment: 3374 3442 | 3199457 3199389 | 69 69 | 94.2 | pa_ill_pa_contig44 contig_33
		Alignment: 2892 3062 | 3199941 3199771 | 171 171 | 91.23 | pa_ill_pa_contig44 contig_33
		Alignment: 2687 2800 | 3200155 3200042 | 114 114 | 91.23 | pa_ill_pa_contig44 contig_33
		Alignment: 1975 2060 | 3200750 3200665 | 86 86 | 91.86 | pa_ill_pa_contig44 contig_33
		Alignment: 1813 1967 | 3200912 3200758 | 155 155 | 92.26 | pa_ill_pa_contig44 contig_33
		Alignment: 1375 1536 | 3201350 3201189 | 162 162 | 93.83 | pa_ill_pa_contig44 contig_33
		Alignment: 997 1158 | 3201728 3201567 | 162 162 | 90.12 | pa_ill_pa_contig44 contig_33
		Alignment: 529 593 | 3202202 3202138 | 65 65 | 98.46 | pa_ill_pa_contig44 contig_33
		Alignment: 529 593 | 3741252 3741316 | 65 65 | 98.46 | pa_ill_pa_contig44 contig_33
		Alignment: 997 1158 | 3741726 3741887 | 162 162 | 90.12 | pa_ill_pa_contig44 contig_33
		Alignment: 1375 1536 | 3742104 3742265 | 162 162 | 93.83 | pa_ill_pa_contig44 contig_33
		Alignment: 1813 1967 | 3742542 3742696 | 155 155 | 92.26 | pa_ill_pa_contig44 contig_33
		Alignment: 1975 2060 | 3742704 3742789 | 86 86 | 91.86 | pa_ill_pa_contig44 contig_33
		Alignment: 2687 2800 | 3743382 3743495 | 114 114 | 91.23 | pa_ill_pa_contig44 contig_33
		Alignment: 3374 3442 | 3744080 3744148 | 69 69 | 94.2 | pa_ill_pa_contig44 contig_33
		Alignment: 3453 3662 | 3744158 3744367 | 210 210 | 93.81 | pa_ill_pa_contig44 contig_33
		Alignment: 4118 4231 | 3744823 3744936 | 114 114 | 93.86 | pa_ill_pa_contig44 contig_33
		Alignment: 4268 4831 | 3744976 3745539 | 564 564 | 90.96 | pa_ill_pa_contig44 contig_33
		Alignment: 4882 5195 | 3745590 3745903 | 314 314 | 96.18 | pa_ill_pa_contig44 contig_33
		Alignment: 529 593 | 4449577 4449641 | 65 65 | 98.46 | pa_ill_pa_contig44 contig_33
		Alignment: 997 1158 | 4450051 4450212 | 162 162 | 90.12 | pa_ill_pa_contig44 contig_33
		Alignment: 1375 1536 | 4450429 4450590 | 162 162 | 93.83 | pa_ill_pa_contig44 contig_33
		Alignment: 1813 1967 | 4450867 4451021 | 155 155 | 92.26 | pa_ill_pa_contig44 contig_33
		Alignment: 1975 2060 | 4451029 4451114 | 86 86 | 91.86 | pa_ill_pa_contig44 contig_33
		Alignment: 2687 2800 | 4451701 4451814 | 114 114 | 91.23 | pa_ill_pa_contig44 contig_33
		Alignment: 3374 3442 | 4452399 4452467 | 69 69 | 94.2 | pa_ill_pa_contig44 contig_33
		Alignment: 3453 3662 | 4452477 4452686 | 210 210 | 93.81 | pa_ill_pa_contig44 contig_33
		Alignment: 4118 4231 | 4453142 4453255 | 114 114 | 93.86 | pa_ill_pa_contig44 contig_33
		Alignment: 4268 4831 | 4453295 4453858 | 564 564 | 90.96 | pa_ill_pa_contig44 contig_33
		Alignment: 4882 5195 | 4453909 4454222 | 314 314 | 96.18 | pa_ill_pa_contig44 contig_33
		Unaligned bases: 4750560

CONTIG: contig_55 (4758586bp)
Best alignment score: 418.0 (LEN: 451, IDY: 92.68), Total number of alignments: 103
			Too much alignments (103), will use speed up heuristics
			Found 0 solid alignments:
			Skipping alignments located inside solid regions since they are redundant:
		Nothing was skipped
			Looking for the best set of alignments (out of 103 total alignments)
		Ambiguity for this contig is not checked for speed up (too much alignments and --ambiguity-usage is "one")
			Skipping redundant alignments after choosing the best set of alignments
		Skipping redundant alignment 163 238 | 52834 52909 | 76 76 | 100.0 | pa_ill_pa_contig9 contig_55
		Skipping redundant alignment 3 78 | 52834 52909 | 76 76 | 100.0 | pa_ill_pa_contig9 contig_55
		Skipping redundant alignment 323 399 | 52834 52910 | 77 77 | 100.0 | pa_ill_pa_contig9 contig_55
		Skipping redundant alignment 28782 28858 | 52910 52834 | 77 77 | 100.0 | pa_ill_pa_contig8 contig_55
		Skipping redundant alignment 93682 93815 | 434620 434487 | 134 134 | 93.28 | pa_ill_pa_contig13 contig_55
		Skipping redundant alignment 84045 84142 | 445006 444909 | 98 98 | 95.92 | pa_ill_pa_contig13 contig_55
		Skipping redundant alignment 159406 159543 | 4628602 4628465 | 138 138 | 92.03 | pa_ill_pa_contig4 contig_55
		Skipping redundant alignment 65009 65098 | 1504659 1504748 | 90 90 | 91.11 | pa_ill_pa_contig27 contig_55
		Skipping redundant alignment 161 238 | 2487488 2487411 | 78 78 | 100.0 | pa_ill_pa_contig9 contig_55
		Skipping redundant alignment 321 399 | 2487488 2487410 | 79 79 | 100.0 | pa_ill_pa_contig9 contig_55
		Skipping redundant alignment 48504 48593 | 1504659 1504748 | 90 90 | 91.11 | pa_ill_pa_contig27 contig_55
		Skipping redundant alignment 163517 163628 | 4624548 4624437 | 112 112 | 91.07 | pa_ill_pa_contig4 contig_55
			The best set is below. Score: 12422.6, number of alignments: 91, unaligned bases: 4743118
		This contig is misassembled.
		This contig is partially unaligned. (Aligned 15468 out of 4758586 non-N bases (0.33%))
			Warning! This contig is more unaligned than misassembled. Contig length is 4758586 (number of Ns: 0) and total length of all aligns is 15468
		Alignment: 4882 5195 | 806972 806659 | 314 314 | 96.18 | pa_ill_pa_contig44 contig_55
		Alignment: 4268 4718 | 807586 807136 | 451 451 | 92.68 | pa_ill_pa_contig44 contig_55
		Alignment: 4118 4233 | 807739 807624 | 116 116 | 93.1 | pa_ill_pa_contig44 contig_55
		Alignment: 3453 3662 | 808406 808197 | 210 210 | 93.81 | pa_ill_pa_contig44 contig_55
		Alignment: 3374 3442 | 808484 808416 | 69 69 | 92.75 | pa_ill_pa_contig44 contig_55
		Alignment: 2892 3062 | 808970 808800 | 171 171 | 91.23 | pa_ill_pa_contig44 contig_55
		Alignment: 2687 2798 | 809184 809073 | 112 112 | 91.07 | pa_ill_pa_contig44 contig_55
		Alignment: 1975 2060 | 809777 809692 | 86 86 | 91.86 | pa_ill_pa_contig44 contig_55
		Alignment: 1813 1967 | 809939 809785 | 155 155 | 92.26 | pa_ill_pa_contig44 contig_55
		Alignment: 1660 1760 | 810092 809992 | 101 101 | 94.06 | pa_ill_pa_contig44 contig_55
		Alignment: 1375 1650 | 810377 810102 | 276 276 | 93.48 | pa_ill_pa_contig44 contig_55
		Alignment: 995 1106 | 810757 810646 | 112 112 | 91.07 | pa_ill_pa_contig44 contig_55
		Alignment: 529 593 | 811229 811165 | 65 65 | 98.46 | pa_ill_pa_contig44 contig_55
		Alignment: 4882 5195 | 1473237 1472924 | 314 314 | 96.18 | pa_ill_pa_contig44 contig_55
		Alignment: 4268 4718 | 1473851 1473401 | 451 451 | 92.68 | pa_ill_pa_contig44 contig_55
		Alignment: 4118 4233 | 1474004 1473889 | 116 116 | 93.1 | pa_ill_pa_contig44 contig_55
		Alignment: 3453 3662 | 1474671 1474462 | 210 210 | 93.81 | pa_ill_pa_contig44 contig_55
		Alignment: 3374 3442 | 1474749 1474681 | 69 69 | 92.75 | pa_ill_pa_contig44 contig_55
		Alignment: 2892 3062 | 1475235 1475065 | 171 171 | 91.23 | pa_ill_pa_contig44 contig_55
		Alignment: 2687 2798 | 1475449 1475338 | 112 112 | 91.07 | pa_ill_pa_contig44 contig_55
		Alignment: 1975 2060 | 1476042 1475957 | 86 86 | 91.86 | pa_ill_pa_contig44 contig_55
		Alignment: 1813 1967 | 1476204 1476050 | 155 155 | 92.26 | pa_ill_pa_contig44 contig_55
		Alignment: 1660 1760 | 1476357 1476257 | 101 101 | 94.06 | pa_ill_pa_contig44 contig_55
		Alignment: 1375 1650 | 1476642 1476367 | 276 276 | 93.48 | pa_ill_pa_contig44 contig_55
		Alignment: 995 1106 | 1477021 1476910 | 112 112 | 91.07 | pa_ill_pa_contig44 contig_55
		Alignment: 529 593 | 1477493 1477429 | 65 65 | 98.46 | pa_ill_pa_contig44 contig_55
		Alignment: 529 593 | 1992449 1992513 | 65 65 | 98.46 | pa_ill_pa_contig44 contig_55
		Alignment: 995 1106 | 1992921 1993032 | 112 112 | 91.07 | pa_ill_pa_contig44 contig_55
		Alignment: 1375 1650 | 1993301 1993576 | 276 276 | 93.48 | pa_ill_pa_contig44 contig_55
		Alignment: 1660 1760 | 1993586 1993686 | 101 101 | 94.06 | pa_ill_pa_contig44 contig_55
		Alignment: 1813 1967 | 1993739 1993893 | 155 155 | 92.26 | pa_ill_pa_contig44 contig_55
		Alignment: 1975 2060 | 1993901 1993986 | 86 86 | 91.86 | pa_ill_pa_contig44 contig_55
		Alignment: 2687 2798 | 1994653 1994764 | 112 112 | 91.07 | pa_ill_pa_contig44 contig_55
		Alignment: 2892 3062 | 1994867 1995037 | 171 171 | 91.23 | pa_ill_pa_contig44 contig_55
		Alignment: 3374 3442 | 1995353 1995421 | 69 69 | 92.75 | pa_ill_pa_contig44 contig_55
		Alignment: 3453 3662 | 1995431 1995640 | 210 210 | 93.81 | pa_ill_pa_contig44 contig_55
		Alignment: 4118 4233 | 1996098 1996213 | 116 116 | 93.1 | pa_ill_pa_contig44 contig_55
		Alignment: 4268 4718 | 1996251 1996701 | 451 451 | 92.68 | pa_ill_pa_contig44 contig_55
		Alignment: 4882 5195 | 1996865 1997178 | 314 314 | 96.18 | pa_ill_pa_contig44 contig_55
		Alignment: 529 593 | 2087537 2087601 | 65 65 | 98.46 | pa_ill_pa_contig44 contig_55
		Alignment: 995 1106 | 2088009 2088120 | 112 112 | 91.07 | pa_ill_pa_contig44 contig_55
		Alignment: 1375 1650 | 2088389 2088664 | 276 276 | 93.48 | pa_ill_pa_contig44 contig_55
		Alignment: 1660 1760 | 2088674 2088774 | 101 101 | 94.06 | pa_ill_pa_contig44 contig_55
		Alignment: 1813 1967 | 2088827 2088981 | 155 155 | 92.26 | pa_ill_pa_contig44 contig_55
		Alignment: 1975 2060 | 2088989 2089074 | 86 86 | 91.86 | pa_ill_pa_contig44 contig_55
		Alignment: 2687 2798 | 2089582 2089693 | 112 112 | 91.07 | pa_ill_pa_contig44 contig_55
		Alignment: 2892 3062 | 2089796 2089966 | 171 171 | 91.23 | pa_ill_pa_contig44 contig_55
		Alignment: 3374 3442 | 2090282 2090350 | 69 69 | 92.75 | pa_ill_pa_contig44 contig_55
		Alignment: 3453 3662 | 2090360 2090569 | 210 210 | 93.81 | pa_ill_pa_contig44 contig_55
		Alignment: 4118 4233 | 2091027 2091142 | 116 116 | 93.1 | pa_ill_pa_contig44 contig_55
		Alignment: 4268 4718 | 2091180 2091630 | 451 451 | 92.68 | pa_ill_pa_contig44 contig_55
		Alignment: 4882 5195 | 2091794 2092107 | 314 314 | 96.18 | pa_ill_pa_contig44 contig_55
		Alignment: 529 593 | 2242771 2242835 | 65 65 | 98.46 | pa_ill_pa_contig44 contig_55
		Alignment: 995 1106 | 2243243 2243354 | 112 112 | 91.07 | pa_ill_pa_contig44 contig_55
		Alignment: 1256 1345 | 2243503 2243592 | 90 90 | 93.33 | pa_ill_pa_contig44 contig_55
		Alignment: 1375 1650 | 2243622 2243897 | 276 276 | 93.48 | pa_ill_pa_contig44 contig_55
		Alignment: 1660 1760 | 2243907 2244007 | 101 101 | 94.06 | pa_ill_pa_contig44 contig_55
		Alignment: 1813 1967 | 2244060 2244214 | 155 155 | 92.26 | pa_ill_pa_contig44 contig_55
		Alignment: 1975 2060 | 2244222 2244307 | 86 86 | 91.86 | pa_ill_pa_contig44 contig_55
		Alignment: 2687 2798 | 2244974 2245085 | 112 112 | 91.07 | pa_ill_pa_contig44 contig_55
		Alignment: 2892 3062 | 2245188 2245358 | 171 171 | 91.23 | pa_ill_pa_contig44 contig_55
		Alignment: 3374 3442 | 2245674 2245742 | 69 69 | 92.75 | pa_ill_pa_contig44 contig_55
		Alignment: 3453 3662 | 2245752 2245961 | 210 210 | 93.33 | pa_ill_pa_contig44 contig_55
		Alignment: 4118 4233 | 2246419 2246534 | 116 116 | 93.1 | pa_ill_pa_contig44 contig_55
		Alignment: 4268 4718 | 2246572 2247022 | 451 451 | 92.68 | pa_ill_pa_contig44 contig_55
		Alignment: 4882 5195 | 2247186 2247499 | 314 314 | 96.18 | pa_ill_pa_contig44 contig_55
		Alignment: 529 593 | 2285685 2285749 | 65 65 | 98.46 | pa_ill_pa_contig44 contig_55
		Alignment: 995 1106 | 2286157 2286268 | 112 112 | 91.07 | pa_ill_pa_contig44 contig_55
		Alignment: 1375 1650 | 2286537 2286812 | 276 276 | 93.48 | pa_ill_pa_contig44 contig_55
		Alignment: 1660 1760 | 2286822 2286922 | 101 101 | 94.06 | pa_ill_pa_contig44 contig_55
		Alignment: 1813 1967 | 2286975 2287129 | 155 155 | 92.26 | pa_ill_pa_contig44 contig_55
		Alignment: 1975 2060 | 2287137 2287222 | 86 86 | 91.86 | pa_ill_pa_contig44 contig_55
		Alignment: 2687 2798 | 2287730 2287841 | 112 112 | 91.07 | pa_ill_pa_contig44 contig_55
		Alignment: 2892 3062 | 2287944 2288114 | 171 171 | 91.23 | pa_ill_pa_contig44 contig_55
		Alignment: 3374 3442 | 2288430 2288498 | 69 69 | 92.75 | pa_ill_pa_contig44 contig_55
		Alignment: 3453 3662 | 2288508 2288717 | 210 210 | 93.33 | pa_ill_pa_contig44 contig_55
		Alignment: 4118 4233 | 2289175 2289290 | 116 116 | 93.1 | pa_ill_pa_contig44 contig_55
		Alignment: 4268 4718 | 2289328 2289778 | 451 451 | 92.68 | pa_ill_pa_contig44 contig_55
		Alignment: 4882 5195 | 2289942 2290255 | 314 314 | 96.18 | pa_ill_pa_contig44 contig_55
		Alignment: 529 593 | 3035230 3035294 | 65 65 | 98.46 | pa_ill_pa_contig44 contig_55
		Alignment: 995 1106 | 3035702 3035813 | 112 112 | 91.07 | pa_ill_pa_contig44 contig_55
		Alignment: 1375 1536 | 3036081 3036242 | 162 162 | 93.21 | pa_ill_pa_contig44 contig_55
		Alignment: 1542 1650 | 3036248 3036356 | 109 109 | 90.83 | pa_ill_pa_contig44 contig_55
		Alignment: 1660 1760 | 3036366 3036466 | 101 101 | 94.06 | pa_ill_pa_contig44 contig_55
		Alignment: 1813 1967 | 3036519 3036673 | 155 155 | 92.26 | pa_ill_pa_contig44 contig_55
		Alignment: 1975 2060 | 3036681 3036766 | 86 86 | 91.86 | pa_ill_pa_contig44 contig_55
		Alignment: 3374 3442 | 3038233 3038301 | 69 69 | 92.75 | pa_ill_pa_contig44 contig_55
		Alignment: 3453 3662 | 3038311 3038520 | 210 210 | 93.81 | pa_ill_pa_contig44 contig_55
		Alignment: 4118 4233 | 3038978 3039093 | 116 116 | 93.1 | pa_ill_pa_contig44 contig_55
		Alignment: 4268 4718 | 3039131 3039581 | 451 451 | 92.68 | pa_ill_pa_contig44 contig_55
		Alignment: 4882 5195 | 3039745 3040058 | 314 314 | 96.18 | pa_ill_pa_contig44 contig_55
		Unaligned bases: 4743118

CONTIG: contig_11 (2719502bp)
Best alignment score: 211.0 (LEN: 233, IDY: 90.56), Total number of alignments: 18
			Looking for the best set of alignments (out of 18 total alignments)
			Skipping redundant alignments after choosing the best set of alignments
		Skipping redundant alignment 4403 4500 | 2610094 2610191 | 98 98 | 96.94 | pa_ill_pa_contig44 contig_11
		Skipping redundant alignment 4912 5134 | 2610605 2610827 | 223 223 | 90.58 | pa_ill_pa_contig44 contig_11
		Skipping redundant alignment 1397 1503 | 2607094 2607200 | 107 107 | 96.26 | pa_ill_pa_contig44 contig_11
			The best set is below. Score: 775.1, number of alignments: 15, unaligned bases: 2717313
		This contig is misassembled.
		This contig is partially unaligned. (Aligned 2189 out of 2719502 non-N bases (0.08%))
			Warning! This contig is more unaligned than misassembled. Contig length is 2719502 (number of Ns: 0) and total length of all aligns is 2189
		Alignment: 1397 1503 | 994 1100 | 107 107 | 96.26 | pa_ill_pa_contig44 contig_11
		Alignment: 4403 4500 | 4043 4140 | 98 98 | 96.94 | pa_ill_pa_contig44 contig_11
		Alignment: 4903 5134 | 4543 4775 | 232 233 | 90.56 | pa_ill_pa_contig44 contig_11
		Alignment: 1397 1503 | 137009 137115 | 107 107 | 96.26 | pa_ill_pa_contig44 contig_11
		Alignment: 4403 4500 | 140063 140160 | 98 98 | 96.94 | pa_ill_pa_contig44 contig_11
		Alignment: 4903 5134 | 140563 140795 | 232 233 | 90.56 | pa_ill_pa_contig44 contig_11
		Alignment: 4903 5134 | 1496778 1496546 | 232 233 | 90.56 | pa_ill_pa_contig44 contig_11
		Alignment: 4403 4500 | 1497278 1497181 | 98 98 | 96.94 | pa_ill_pa_contig44 contig_11
		Alignment: 1397 1503 | 1500204 1500098 | 107 107 | 96.26 | pa_ill_pa_contig44 contig_11
		Alignment: 4903 5134 | 1501998 1501767 | 232 232 | 90.95 | pa_ill_pa_contig44 contig_11
		Alignment: 4403 4500 | 1502498 1502401 | 98 98 | 96.94 | pa_ill_pa_contig44 contig_11
		Alignment: 1397 1503 | 1505457 1505351 | 107 107 | 96.26 | pa_ill_pa_contig44 contig_11
		Alignment: 4903 5134 | 1546565 1546333 | 232 233 | 90.56 | pa_ill_pa_contig44 contig_11
		Alignment: 4403 4500 | 1547065 1546968 | 98 98 | 96.94 | pa_ill_pa_contig44 contig_11
		Alignment: 1397 1503 | 1550084 1549978 | 107 107 | 96.26 | pa_ill_pa_contig44 contig_11
		Unaligned bases: 2717313

CONTIG: contig_17 (2845432bp)
Best alignment score: 129.0 (LEN: 142, IDY: 90.85), Total number of alignments: 12
			Looking for the best set of alignments (out of 12 total alignments)
			Skipping redundant alignments after choosing the best set of alignments
		Skipping redundant alignment 4406 4500 | 1339635 1339541 | 95 95 | 96.84 | pa_ill_pa_contig44 contig_17
		Skipping redundant alignment 1397 1538 | 1342527 1342386 | 142 142 | 90.85 | pa_ill_pa_contig44 contig_17
		Skipping redundant alignment 1200 1338 | 1342725 1342587 | 139 139 | 91.37 | pa_ill_pa_contig44 contig_17
		Skipping redundant alignment 4406 4500 | 1958869 1958775 | 95 95 | 96.84 | pa_ill_pa_contig44 contig_17
		Skipping redundant alignment 1397 1538 | 1961761 1961620 | 142 142 | 90.85 | pa_ill_pa_contig44 contig_17
		Skipping redundant alignment 1200 1338 | 1961959 1961821 | 139 139 | 91.37 | pa_ill_pa_contig44 contig_17
			The best set is below. Score: 350.5, number of alignments: 6, unaligned bases: 2844680
		This contig is misassembled.
		This contig is partially unaligned. (Aligned 752 out of 2845432 non-N bases (0.03%))
			Warning! This contig is more unaligned than misassembled. Contig length is 2845432 (number of Ns: 0) and total length of all aligns is 752
		Alignment: 4406 4500 | 2402101 2402007 | 95 95 | 96.84 | pa_ill_pa_contig44 contig_17
		Alignment: 1397 1538 | 2404891 2404750 | 142 142 | 90.85 | pa_ill_pa_contig44 contig_17
		Alignment: 1200 1338 | 2405089 2404951 | 139 139 | 91.37 | pa_ill_pa_contig44 contig_17
		Alignment: 1200 1338 | 2676575 2676713 | 139 139 | 91.37 | pa_ill_pa_contig44 contig_17
		Alignment: 1397 1538 | 2676773 2676914 | 142 142 | 90.85 | pa_ill_pa_contig44 contig_17
		Alignment: 4406 4500 | 2679563 2679657 | 95 95 | 96.84 | pa_ill_pa_contig44 contig_17
		Unaligned bases: 2844680

CONTIG: contig_18 (2992047bp)
Best alignment score: 127.0 (LEN: 138, IDY: 92.03), Total number of alignments: 18
			Looking for the best set of alignments (out of 18 total alignments)
			Skipping redundant alignments after choosing the best set of alignments
		Skipping redundant alignment 4406 4488 | 1663493 1663411 | 83 83 | 97.59 | pa_ill_pa_contig44 contig_18
		Skipping redundant alignment 1397 1517 | 1666322 1666202 | 121 121 | 95.04 | pa_ill_pa_contig44 contig_18
		Skipping redundant alignment 1201 1338 | 1666519 1666382 | 138 138 | 92.03 | pa_ill_pa_contig44 contig_18
		Skipping redundant alignment 4406 4488 | 1768170 1768088 | 83 83 | 97.59 | pa_ill_pa_contig44 contig_18
		Skipping redundant alignment 1397 1517 | 1770999 1770879 | 121 121 | 95.04 | pa_ill_pa_contig44 contig_18
		Skipping redundant alignment 1201 1338 | 1771196 1771059 | 138 138 | 92.03 | pa_ill_pa_contig44 contig_18
		Skipping redundant alignment 4406 4488 | 2366433 2366351 | 83 83 | 97.59 | pa_ill_pa_contig44 contig_18
		Skipping redundant alignment 1397 1517 | 2369513 2369393 | 121 121 | 95.04 | pa_ill_pa_contig44 contig_18
		Skipping redundant alignment 1201 1338 | 2369710 2369573 | 138 138 | 92.03 | pa_ill_pa_contig44 contig_18
		Skipping redundant alignment 1201 1338 | 2914315 2914452 | 138 138 | 92.03 | pa_ill_pa_contig44 contig_18
		Skipping redundant alignment 1397 1517 | 2914512 2914632 | 121 121 | 95.04 | pa_ill_pa_contig44 contig_18
		Skipping redundant alignment 4406 4488 | 2917592 2917674 | 83 83 | 97.59 | pa_ill_pa_contig44 contig_18
			The best set is below. Score: 346.9, number of alignments: 6, unaligned bases: 2991363
		This contig is misassembled.
		This contig is partially unaligned. (Aligned 684 out of 2992047 non-N bases (0.02%))
			Warning! This contig is more unaligned than misassembled. Contig length is 2992047 (number of Ns: 0) and total length of all aligns is 684
		Alignment: 1201 1338 | 160069 160206 | 138 138 | 92.03 | pa_ill_pa_contig44 contig_18
		Alignment: 1397 1517 | 160266 160386 | 121 121 | 95.04 | pa_ill_pa_contig44 contig_18
		Alignment: 4406 4488 | 163095 163177 | 83 83 | 97.59 | pa_ill_pa_contig44 contig_18
		Alignment: 1201 1338 | 166088 166225 | 138 138 | 92.03 | pa_ill_pa_contig44 contig_18
		Alignment: 1397 1517 | 166285 166405 | 121 121 | 95.04 | pa_ill_pa_contig44 contig_18
		Alignment: 4406 4488 | 169114 169196 | 83 83 | 97.59 | pa_ill_pa_contig44 contig_18
		Unaligned bases: 2991363

CONTIG: contig_2 (1948295bp)
Best alignment score: 116.0 (LEN: 125, IDY: 92.80), Total number of alignments: 6
			Looking for the best set of alignments (out of 6 total alignments)
			Skipping redundant alignments after choosing the best set of alignments
		Skipping redundant alignment 1397 1521 | 1048461 1048337 | 125 125 | 92.8 | pa_ill_pa_contig44 contig_2
		Skipping redundant alignment 1397 1521 | 1709855 1709979 | 125 125 | 92.8 | pa_ill_pa_contig44 contig_2
		Skipping redundant alignment 1397 1521 | 1745379 1745503 | 125 125 | 92.8 | pa_ill_pa_contig44 contig_2
		Skipping redundant alignment 1397 1521 | 1822276 1822400 | 125 125 | 92.8 | pa_ill_pa_contig44 contig_2
			The best set is below. Score: 177.0, number of alignments: 2, unaligned bases: 1948104
		This contig is misassembled.
		This contig is partially unaligned. (Aligned 191 out of 1948295 non-N bases (0.01%))
			Warning! This contig is more unaligned than misassembled. Contig length is 1948295 (number of Ns: 0) and total length of all aligns is 191
		Alignment: 1397 1521 | 231597 231721 | 125 125 | 92.8 | pa_ill_pa_contig44 contig_2
		Alignment: 1873 1938 | 232082 232147 | 66 66 | 92.42 | pa_ill_pa_contig44 contig_2
		Unaligned bases: 1948104

CONTIG: contig_3 (4045607bp)
Best alignment score: 125.0 (LEN: 138, IDY: 90.58), Total number of alignments: 31
			Looking for the best set of alignments (out of 31 total alignments)
			Skipping redundant alignments after choosing the best set of alignments
		Skipping redundant alignment 4406 4535 | 3348440 3348311 | 130 130 | 90.77 | pa_ill_pa_contig44 contig_3
		Skipping redundant alignment 1397 1515 | 3351189 3351071 | 119 119 | 94.12 | pa_ill_pa_contig44 contig_3
		Skipping redundant alignment 1201 1338 | 3351386 3351249 | 138 138 | 90.58 | pa_ill_pa_contig44 contig_3
			The best set is below. Score: 951.8, number of alignments: 28, unaligned bases: 4042033
		This contig is misassembled.
		This contig is partially unaligned. (Aligned 3574 out of 4045607 non-N bases (0.09%))
			Warning! This contig is more unaligned than misassembled. Contig length is 4045607 (number of Ns: 0) and total length of all aligns is 3574
		Alignment: 1201 1338 | 379516 379653 | 138 138 | 90.58 | pa_ill_pa_contig44 contig_3
		Alignment: 1397 1515 | 379713 379831 | 119 119 | 94.12 | pa_ill_pa_contig44 contig_3
		Alignment: 4406 4535 | 382639 382768 | 130 130 | 90.77 | pa_ill_pa_contig44 contig_3
		Alignment: 1201 1338 | 400128 400265 | 138 138 | 90.58 | pa_ill_pa_contig44 contig_3
		Alignment: 1397 1515 | 400325 400443 | 119 119 | 94.12 | pa_ill_pa_contig44 contig_3
		Alignment: 4406 4535 | 403251 403380 | 130 130 | 90.77 | pa_ill_pa_contig44 contig_3
		Alignment: 1201 1338 | 460462 460599 | 138 138 | 90.58 | pa_ill_pa_contig44 contig_3
		Alignment: 1397 1515 | 460659 460777 | 119 119 | 94.12 | pa_ill_pa_contig44 contig_3
		Alignment: 4406 4535 | 463408 463537 | 130 130 | 90.77 | pa_ill_pa_contig44 contig_3
		Alignment: 1201 1338 | 466384 466521 | 138 138 | 90.58 | pa_ill_pa_contig44 contig_3
		Alignment: 1397 1515 | 466581 466699 | 119 119 | 94.12 | pa_ill_pa_contig44 contig_3
		Alignment: 4406 4535 | 469330 469459 | 130 130 | 90.77 | pa_ill_pa_contig44 contig_3
		Alignment: 1201 1338 | 530926 531063 | 138 138 | 90.58 | pa_ill_pa_contig44 contig_3
		Alignment: 1397 1515 | 531123 531241 | 119 119 | 94.12 | pa_ill_pa_contig44 contig_3
		Alignment: 1561 1651 | 531286 531376 | 91 91 | 92.31 | pa_ill_pa_contig44 contig_3
		Alignment: 4406 4535 | 533871 534000 | 130 130 | 90.77 | pa_ill_pa_contig44 contig_3
		Alignment: 1201 1338 | 536538 536675 | 138 138 | 90.58 | pa_ill_pa_contig44 contig_3
		Alignment: 1397 1515 | 536735 536853 | 119 119 | 94.12 | pa_ill_pa_contig44 contig_3
		Alignment: 4406 4535 | 539484 539613 | 130 130 | 90.77 | pa_ill_pa_contig44 contig_3
		Alignment: 1201 1338 | 541539 541676 | 138 138 | 90.58 | pa_ill_pa_contig44 contig_3
		Alignment: 1397 1515 | 541736 541854 | 119 119 | 94.12 | pa_ill_pa_contig44 contig_3
		Alignment: 4406 4535 | 544485 544614 | 130 130 | 90.77 | pa_ill_pa_contig44 contig_3
		Alignment: 1201 1338 | 994994 995131 | 138 138 | 90.58 | pa_ill_pa_contig44 contig_3
		Alignment: 1397 1515 | 995191 995309 | 119 119 | 94.12 | pa_ill_pa_contig44 contig_3
		Alignment: 4406 4535 | 997940 998069 | 130 130 | 90.77 | pa_ill_pa_contig44 contig_3
		Alignment: 1201 1338 | 1287761 1287898 | 138 138 | 90.58 | pa_ill_pa_contig44 contig_3
		Alignment: 1397 1515 | 1287958 1288076 | 119 119 | 94.12 | pa_ill_pa_contig44 contig_3
		Alignment: 4406 4535 | 1290707 1290836 | 130 130 | 90.77 | pa_ill_pa_contig44 contig_3
		Unaligned bases: 4042033

Analyzing coverage...
Writing SNPs into /media3/lucia/zymo_mock_community/asms_cuantizados/v1_19-1-21_4bins/metaquast-bins/runs_per_reference/pa_ill/contigs_reports/minimap_output/r1_medaka_r10_bins_2.used_snps.gz

Analysis is finished!
Founded SNPs were written into /media3/lucia/zymo_mock_community/asms_cuantizados/v1_19-1-21_4bins/metaquast-bins/runs_per_reference/pa_ill/contigs_reports/minimap_output/r1_medaka_r10_bins_2.used_snps.gz

Results:
	Local Misassemblies: 11
	Misassemblies: 6
		Relocations: 0
		Translocations: 6
		Inversions: 0
	Scaffold gap extensive misassemblies: 0
	Scaffold gap local misassemblies: 0
	Misassemblies caused by fragmented reference: 21
	Misassembled Contigs: 1
	Misassembled Contig Bases: 6792240
	Misassemblies Inter-Contig Overlap: 0
Unaligned Contigs: 0 + 8 part
Half Unaligned Contigs with Misassemblies: 7
Unaligned Contig Bases: 24048537

Ambiguously Mapped Contigs: 1
Total Bases in Ambiguously Mapped Contigs: 4765395
Extra Bases in Ambiguously Mapped Contigs: 0
Note that --allow-ambiguity option was set to "one" and only first alignment per each of these contigs was used.

	Covered Bases: 6720877

	SNPs: 3720
	Insertions: 226
	Deletions: 5038

