Aligning contigs to reference...
	Aligning contigs to the reference
Filtering alignments...
Parsing coords...
Loading reference...
	Loaded [bs_ill_bs_contig20]
	Loaded [bs_ill_bs_contig21]
	Loaded [bs_ill_bs_contig89]
	Loaded [bs_ill_bs_contig411]
	Loaded [bs_ill_bs_contig1250]
	Loaded [bs_ill_bs_contig11]
	Loaded [bs_ill_bs_contig10]
	Loaded [bs_ill_bs_contig13]
	Loaded [bs_ill_bs_contig12]
	Loaded [bs_ill_bs_contig15]
	Loaded [bs_ill_bs_contig14]
	Loaded [bs_ill_bs_contig17]
	Loaded [bs_ill_bs_contig16]
	Loaded [bs_ill_bs_contig19]
	Loaded [bs_ill_bs_contig18]
	Loaded [bs_ill_bs_contig839]
	Loaded [bs_ill_bs_contig9]
	Loaded [bs_ill_bs_contig1326]
	Loaded [bs_ill_bs_contig1146]
	Loaded [bs_ill_bs_contig1]
	Loaded [bs_ill_bs_contig3]
	Loaded [bs_ill_bs_contig2]
	Loaded [bs_ill_bs_contig5]
	Loaded [bs_ill_bs_contig4]
	Loaded [bs_ill_bs_contig7]
	Loaded [bs_ill_bs_contig6]
	Loaded [bs_ill_bs_contig933]
	Loaded [bs_ill_bs_contig8]
	Loaded [bs_ill_bs_contig991]
	Total Regions: 29
	Total Region Length: 3985829
Analyzing contigs...
CONTIG: contig_104 (2718867bp)
Best alignment score: 174.2 (LEN: 182, IDY: 95.74), Total number of alignments: 51
			Looking for the best set of alignments (out of 51 total alignments)
			Skipping redundant alignments after choosing the best set of alignments
		Skipping redundant alignment 92 173 | 404752 404671 | 82 82 | 93.9 | bs_ill_bs_contig1326 contig_104
		Skipping redundant alignment 118 189 | 405455 405526 | 72 72 | 98.61 | bs_ill_bs_contig839 contig_104
		Skipping redundant alignment 304 420 | 405636 405752 | 117 117 | 93.16 | bs_ill_bs_contig839 contig_104
		Skipping redundant alignment 737 807 | 406071 406141 | 71 71 | 90.14 | bs_ill_bs_contig839 contig_104
		Skipping redundant alignment 534 633 | 407583 407484 | 100 100 | 94.0 | bs_ill_bs_contig1146 contig_104
		Skipping redundant alignment 163 334 | 409881 410054 | 172 174 | 92.53 | bs_ill_bs_contig3 contig_104
		Skipping redundant alignment 87 183 | 541406 541502 | 97 97 | 97.94 | bs_ill_bs_contig839 contig_104
		Skipping redundant alignment 223 287 | 542686 542750 | 65 65 | 92.31 | bs_ill_bs_contig991 contig_104
		Skipping redundant alignment 376 536 | 542842 543002 | 161 161 | 93.79 | bs_ill_bs_contig991 contig_104
		Skipping redundant alignment 535 690 | 543556 543402 | 156 155 | 91.14 | bs_ill_bs_contig1146 contig_104
		Skipping redundant alignment 98624 98712 | 546221 546308 | 89 88 | 96.63 | bs_ill_bs_contig3 contig_104
		Skipping redundant alignment 98987 99064 | 653858 653935 | 78 78 | 97.44 | bs_ill_bs_contig3 contig_104
		Skipping redundant alignment 103892 104023 | 653863 653993 | 132 131 | 93.28 | bs_ill_bs_contig12 contig_104
		Skipping redundant alignment 18228 18355 | 654203 654078 | 128 126 | 94.53 | bs_ill_bs_contig20 contig_104
		Skipping redundant alignment 748 864 | 658334 658218 | 117 117 | 92.31 | bs_ill_bs_contig933 contig_104
		Skipping redundant alignment 611 745 | 658473 658339 | 135 135 | 91.85 | bs_ill_bs_contig933 contig_104
		Skipping redundant alignment 64 140 | 659019 658943 | 77 77 | 96.1 | bs_ill_bs_contig933 contig_104
		Skipping redundant alignment 261 334 | 1714532 1714459 | 74 74 | 93.24 | bs_ill_bs_contig3 contig_104
		Skipping redundant alignment 699 767 | 1718455 1718387 | 69 69 | 92.75 | bs_ill_bs_contig839 contig_104
		Skipping redundant alignment 77 183 | 1719074 1718968 | 107 107 | 99.07 | bs_ill_bs_contig839 contig_104
		Skipping redundant alignment 957 1068 | 1762700 1762589 | 112 112 | 92.86 | bs_ill_bs_contig839 contig_104
		Skipping redundant alignment 733 807 | 1762927 1762853 | 75 75 | 93.33 | bs_ill_bs_contig839 contig_104
		Skipping redundant alignment 384 461 | 1763274 1763197 | 78 78 | 92.31 | bs_ill_bs_contig839 contig_104
		Skipping redundant alignment 534 648 | 1766644 1766758 | 115 115 | 94.78 | bs_ill_bs_contig1146 contig_104
		Skipping redundant alignment 32362 32495 | 1805012 1805145 | 134 134 | 91.04 | bs_ill_bs_contig13 contig_104
		Skipping redundant alignment 99187 99345 | 2211108 2211266 | 159 159 | 92.5 | bs_ill_bs_contig3 contig_104
		This contig has several significant sets of alignments. [An ambiguously mapped contig]
		Using only the very best set (option --ambiguity-usage is set to "one").
			The best set is below. Score: 1518.9, number of alignments: 25, unaligned bases: 2716177
		This contig is misassembled.
		This contig is partially unaligned. (Aligned 2690 out of 2718867 non-N bases (0.10%))
			Warning! This contig is more unaligned than misassembled. Contig length is 2718867 (number of Ns: 0) and total length of all aligns is 2690
		Alignment: 727 815 | 409043 408955 | 89 89 | 91.01 | bs_ill_bs_contig933 contig_104
		Alignment: 658 726 | 409113 409045 | 69 69 | 95.65 | bs_ill_bs_contig933 contig_104
		Alignment: 558 657 | 409215 409116 | 100 100 | 95.0 | bs_ill_bs_contig933 contig_104
		Alignment: 403 499 | 409369 409273 | 97 97 | 93.81 | bs_ill_bs_contig933 contig_104
		Alignment: 315 382 | 409461 409394 | 68 68 | 91.18 | bs_ill_bs_contig933 contig_104
		Alignment: 48 156 | 409724 409616 | 109 109 | 94.5 | bs_ill_bs_contig933 contig_104
		Alignment: 9 169 | 541363 541203 | 161 161 | 90.24 | bs_ill_bs_contig13 contig_104
		Alignment: 860 929 | 544864 544795 | 70 70 | 94.29 | bs_ill_bs_contig933 contig_104
		Alignment: 219 301 | 545500 545418 | 83 83 | 97.59 | bs_ill_bs_contig933 contig_104
		Alignment: 32 128 | 545689 545593 | 97 97 | 95.88 | bs_ill_bs_contig933 contig_104
		Alignment: 41 189 | 654745 654893 | 149 149 | 97.99 | bs_ill_bs_contig839 contig_104
		Alignment: 300 385 | 655002 655087 | 86 86 | 93.02 | bs_ill_bs_contig839 contig_104
		Alignment: 545 693 | 655241 655389 | 149 149 | 93.96 | bs_ill_bs_contig839 contig_104
		Alignment: 219 348 | 1714959 1715088 | 130 130 | 90.77 | bs_ill_bs_contig933 contig_104
		Alignment: 603 710 | 1715348 1715455 | 108 108 | 94.44 | bs_ill_bs_contig933 contig_104
		Alignment: 874 968 | 1715616 1715710 | 95 95 | 96.84 | bs_ill_bs_contig933 contig_104
		Alignment: 8 169 | 1719104 1719264 | 162 161 | 91.41 | bs_ill_bs_contig13 contig_104
		Alignment: 569 719 | 1761411 1761562 | 151 152 | 92.21 | bs_ill_bs_contig1146 contig_104
		Alignment: 75 145 | 1764643 1764713 | 71 71 | 94.37 | bs_ill_bs_contig933 contig_104
		Alignment: 621 710 | 1765189 1765278 | 90 90 | 92.22 | bs_ill_bs_contig933 contig_104
		Alignment: 744 838 | 1765311 1765405 | 95 95 | 91.58 | bs_ill_bs_contig933 contig_104
		Alignment: 839 917 | 1765407 1765485 | 79 79 | 93.67 | bs_ill_bs_contig933 contig_104
		Alignment: 835 929 | 1768080 1767986 | 95 95 | 91.58 | bs_ill_bs_contig839 contig_104
		Alignment: 681 785 | 1768238 1768134 | 105 105 | 97.14 | bs_ill_bs_contig839 contig_104
		Alignment: 1 188 | 1768858 1768677 | 188 182 | 95.74 | bs_ill_bs_contig839 contig_104
		Unaligned bases: 2716177

CONTIG: contig_89 (4043032bp)
Best alignment score: 707732.6 (LEN: 708441, IDY: 99.90), Total number of alignments: 153
			Too much alignments (153), will use speed up heuristics
			Found 52 solid alignments:
		Solid alignment 1 23161 | 1231 24377 | 23161 23147 | 99.89 | bs_ill_bs_contig19 contig_89
		Solid alignment 1 137190 | 162639 25523 | 137190 137117 | 99.93 | bs_ill_bs_contig11 contig_89
		Solid alignment 1 269408 | 163759 433009 | 269408 269251 | 99.92 | bs_ill_bs_contig6 contig_89
		Solid alignment 1 2262 | 435824 433564 | 2262 2261 | 99.96 | bs_ill_bs_contig411 contig_89
		Solid alignment 1 156862 | 436202 592977 | 156862 156776 | 99.79 | bs_ill_bs_contig10 contig_89
		Solid alignment 114 252570 | 597736 850135 | 252457 252400 | 99.85 | bs_ill_bs_contig9 contig_89
		Solid alignment 1 294324 | 851304 1145448 | 294324 294145 | 99.93 | bs_ill_bs_contig5 contig_89
		Solid alignment 1 315068 | 1461543 1146653 | 315068 314891 | 99.91 | bs_ill_bs_contig4 contig_89
		Solid alignment 1 37065 | 1462696 1499735 | 37065 37040 | 99.93 | bs_ill_bs_contig17 contig_89
		Solid alignment 1 1142 | 1502161 1503286 | 1142 1126 | 90.28 | bs_ill_bs_contig839 contig_89
		Solid alignment 1 911 | 1503298 1504214 | 911 917 | 97.82 | bs_ill_bs_contig991 contig_89
		Solid alignment 1 982 | 1506269 1505302 | 982 968 | 94.55 | bs_ill_bs_contig933 contig_89
		Solid alignment 1 38370 | 1506553 1544908 | 38370 38356 | 99.92 | bs_ill_bs_contig16 contig_89
		Solid alignment 1 263206 | 1546079 1809128 | 263206 263050 | 99.92 | bs_ill_bs_contig7 contig_89
		Solid alignment 1 709036 | 2518185 1809745 | 709036 708441 | 99.9 | bs_ill_bs_contig1 contig_89
		Solid alignment 1 59870 | 2518416 2578254 | 59870 59839 | 99.94 | bs_ill_bs_contig14 contig_89
		Solid alignment 1 982 | 2578504 2579475 | 982 972 | 95.85 | bs_ill_bs_contig933 contig_89
		Solid alignment 12 911 | 2581635 2580741 | 900 895 | 93.99 | bs_ill_bs_contig991 contig_89
		Solid alignment 1 1152 | 2582795 2581648 | 1152 1148 | 95.12 | bs_ill_bs_contig839 contig_89
		Solid alignment 1 15524 | 2583193 2598702 | 15524 15510 | 99.91 | bs_ill_bs_contig21 contig_89
		Solid alignment 1 980 | 2599075 2600052 | 980 978 | 96.46 | bs_ill_bs_contig933 contig_89
		Solid alignment 1 911 | 2602229 2601323 | 911 907 | 95.23 | bs_ill_bs_contig991 contig_89
		Solid alignment 1 1137 | 2603368 2602248 | 1137 1121 | 93.07 | bs_ill_bs_contig839 contig_89
		Solid alignment 1 55215 | 2603786 2658974 | 55215 55189 | 99.95 | bs_ill_bs_contig15 contig_89
		Solid alignment 10 982 | 2659370 2660342 | 973 973 | 91.19 | bs_ill_bs_contig933 contig_89
		Solid alignment 1 911 | 2662339 2661433 | 911 907 | 93.1 | bs_ill_bs_contig991 contig_89
		Solid alignment 10 1152 | 2663454 2662341 | 1143 1114 | 92.02 | bs_ill_bs_contig839 contig_89
		Solid alignment 1 982 | 2665260 2666233 | 982 974 | 93.01 | bs_ill_bs_contig933 contig_89
		Solid alignment 1 911 | 2668227 2667332 | 911 896 | 92.21 | bs_ill_bs_contig991 contig_89
		Solid alignment 1 1152 | 2669372 2668229 | 1152 1144 | 91.2 | bs_ill_bs_contig839 contig_89
		Solid alignment 1 60136 | 2669315 2729435 | 60136 60121 | 99.93 | bs_ill_bs_contig13 contig_89
		Solid alignment 1 982 | 2729752 2730731 | 982 980 | 96.38 | bs_ill_bs_contig933 contig_89
		Solid alignment 1 911 | 2732725 2731822 | 911 904 | 92.47 | bs_ill_bs_contig991 contig_89
		Solid alignment 23 1152 | 2733849 2732727 | 1130 1123 | 97.45 | bs_ill_bs_contig839 contig_89
		Solid alignment 1 982 | 2735339 2736289 | 982 951 | 94.52 | bs_ill_bs_contig933 contig_89
		Solid alignment 1 907 | 2738305 2737387 | 907 919 | 96.0 | bs_ill_bs_contig991 contig_89
		Solid alignment 1 1152 | 2739450 2738307 | 1152 1144 | 96.81 | bs_ill_bs_contig839 contig_89
		Solid alignment 3 982 | 2740312 2741280 | 980 969 | 95.23 | bs_ill_bs_contig933 contig_89
		Solid alignment 1 911 | 2743276 2742367 | 911 910 | 96.72 | bs_ill_bs_contig991 contig_89
		Solid alignment 4 1152 | 2744421 2743278 | 1149 1144 | 98.35 | bs_ill_bs_contig839 contig_89
		Solid alignment 1 18355 | 2744629 2762968 | 18355 18340 | 99.91 | bs_ill_bs_contig20 contig_89
		Solid alignment 1 104023 | 2867101 2763122 | 104023 103980 | 99.94 | bs_ill_bs_contig12 contig_89
		Solid alignment 1 325319 | 3193680 2868257 | 325319 325424 | 99.67 | bs_ill_bs_contig3 contig_89
		Solid alignment 4 982 | 3193629 3194598 | 979 970 | 96.25 | bs_ill_bs_contig933 contig_89
		Solid alignment 51 911 | 3196545 3195691 | 861 855 | 94.52 | bs_ill_bs_contig991 contig_89
		Solid alignment 15 1152 | 3197727 3196591 | 1138 1137 | 94.37 | bs_ill_bs_contig839 contig_89
		Solid alignment 1 29643 | 3198080 3227709 | 29643 29630 | 99.91 | bs_ill_bs_contig18 contig_89
		Solid alignment 1 257004 | 3228915 3485820 | 257004 256906 | 99.9 | bs_ill_bs_contig8 contig_89
		Solid alignment 1 982 | 3486209 3487186 | 982 978 | 97.97 | bs_ill_bs_contig933 contig_89
		Solid alignment 4 859 | 3489161 3488319 | 856 843 | 95.37 | bs_ill_bs_contig991 contig_89
		Solid alignment 1 1152 | 3490323 3489166 | 1152 1158 | 95.49 | bs_ill_bs_contig839 contig_89
		Solid alignment 674 552243 | 4043032 3491969 | 551570 551064 | 99.89 | bs_ill_bs_contig2 contig_89
			Skipping alignments located inside solid regions since they are redundant:
		Skipping redundant alignment 1 138 | 592484 592621 | 138 138 | 99.28 | bs_ill_bs_contig9 contig_89
		Skipping redundant alignment 256 437 | 592757 592938 | 182 182 | 90.66 | bs_ill_bs_contig9 contig_89
		Skipping redundant alignment 487 557 | 597929 597999 | 71 71 | 92.96 | bs_ill_bs_contig9 contig_89
			Looking for the best set of alignments (out of 150 total alignments)
		Ambiguity for this contig is not checked for speed up (too much alignments and --ambiguity-usage is "one")
			Skipping redundant alignments after choosing the best set of alignments
		Skipping redundant alignment 708548 708638 | 1173 1083 | 91 91 | 97.8 | bs_ill_bs_contig1 contig_89
		Skipping redundant alignment 708430 708503 | 1285 1212 | 74 74 | 100.0 | bs_ill_bs_contig1 contig_89
		Skipping redundant alignment 149 320 | 433447 433618 | 172 172 | 100.0 | bs_ill_bs_contig10 contig_89
		Skipping redundant alignment 156000 156083 | 593222 593305 | 84 84 | 96.43 | bs_ill_bs_contig10 contig_89
		Skipping redundant alignment 156171 156290 | 593402 593521 | 120 120 | 90.0 | bs_ill_bs_contig10 contig_89
		Skipping redundant alignment 99073 99146 | 3491060 3490987 | 74 74 | 100.0 | bs_ill_bs_contig3 contig_89
		Skipping redundant alignment 155994 156067 | 593558 593631 | 74 74 | 94.59 | bs_ill_bs_contig10 contig_89
		Skipping redundant alignment 262 442 | 593519 593699 | 181 181 | 92.27 | bs_ill_bs_contig9 contig_89
		Skipping redundant alignment 98992 99064 | 3491899 3491827 | 73 73 | 100.0 | bs_ill_bs_contig3 contig_89
		Skipping redundant alignment 156531 156677 | 593870 594016 | 147 147 | 91.16 | bs_ill_bs_contig10 contig_89
		Skipping redundant alignment 156834 156912 | 594884 594962 | 79 79 | 92.41 | bs_ill_bs_contig10 contig_89
		Skipping redundant alignment 156810 156939 | 596084 596213 | 130 130 | 100.0 | bs_ill_bs_contig10 contig_89
		Skipping redundant alignment 262 449 | 596165 596352 | 188 188 | 92.55 | bs_ill_bs_contig9 contig_89
		Skipping redundant alignment 156823 156913 | 597078 597168 | 91 91 | 92.31 | bs_ill_bs_contig10 contig_89
		Skipping redundant alignment 156456 156553 | 597440 597537 | 98 98 | 100.0 | bs_ill_bs_contig10 contig_89
		Skipping redundant alignment 99074 99348 | 1499681 1499955 | 275 275 | 100.0 | bs_ill_bs_contig3 contig_89
		Skipping redundant alignment 73 297 | 1500545 1500321 | 225 225 | 99.11 | bs_ill_bs_contig18 contig_89
		Skipping redundant alignment 7557 7656 | 1500654 1500555 | 100 100 | 99.0 | bs_ill_bs_contig21 contig_89
		Skipping redundant alignment 34895 34972 | 1500813 1500736 | 78 78 | 100.0 | bs_ill_bs_contig15 contig_89
		Skipping redundant alignment 360 436 | 1501202 1501126 | 77 77 | 100.0 | bs_ill_bs_contig1326 contig_89
		Skipping redundant alignment 90 172 | 1501444 1501362 | 83 83 | 97.59 | bs_ill_bs_contig1326 contig_89
		Skipping redundant alignment 219 297 | 2518316 2518238 | 79 79 | 100.0 | bs_ill_bs_contig18 contig_89
		Skipping redundant alignment 34982 35054 | 2518470 2518398 | 73 73 | 100.0 | bs_ill_bs_contig15 contig_89
		Skipping redundant alignment 99073 99146 | 2518397 2518470 | 74 74 | 100.0 | bs_ill_bs_contig3 contig_89
		Skipping redundant alignment 18222 18295 | 2518470 2518397 | 74 74 | 100.0 | bs_ill_bs_contig20 contig_89
		Skipping redundant alignment 11 425 | 2578548 2578137 | 415 412 | 96.17 | bs_ill_bs_contig3 contig_89
		Skipping redundant alignment 18 274 | 2582758 2583014 | 257 257 | 99.61 | bs_ill_bs_contig13 contig_89
		Skipping redundant alignment 328 450 | 2583149 2583271 | 123 123 | 100.0 | bs_ill_bs_contig13 contig_89
		Skipping redundant alignment 1 85 | 2603314 2603398 | 85 85 | 100.0 | bs_ill_bs_contig13 contig_89
		Skipping redundant alignment 170 274 | 2603479 2603583 | 105 105 | 100.0 | bs_ill_bs_contig13 contig_89
		Skipping redundant alignment 328 450 | 2603718 2603840 | 123 123 | 100.0 | bs_ill_bs_contig13 contig_89
		Skipping redundant alignment 1 115 | 2603762 2603876 | 115 115 | 98.26 | bs_ill_bs_contig21 contig_89
		Skipping redundant alignment 342 430 | 2659004 2658916 | 89 89 | 100.0 | bs_ill_bs_contig3 contig_89
		Skipping redundant alignment 246 341 | 2659165 2659070 | 96 96 | 100.0 | bs_ill_bs_contig3 contig_89
		Skipping redundant alignment 111 188 | 2659302 2659225 | 78 78 | 91.03 | bs_ill_bs_contig3 contig_89
		Skipping redundant alignment 70 297 | 3491143 3491370 | 228 228 | 100.0 | bs_ill_bs_contig18 contig_89
		Skipping redundant alignment 103890 103965 | 3491901 3491826 | 76 76 | 100.0 | bs_ill_bs_contig12 contig_89
		Skipping redundant alignment 1 500 | 2744370 2744861 | 500 492 | 96.61 | bs_ill_bs_contig13 contig_89
		Skipping redundant alignment 99271 99341 | 3490855 3490785 | 71 71 | 95.77 | bs_ill_bs_contig3 contig_89
			The best set is below. Score: 4012548.8, number of alignments: 111, unaligned bases: 14685
		This contig is misassembled.
		This contig is partially unaligned. (Aligned 4028347 out of 4043032 non-N bases (99.64%))
			Real Alignment 1: 218 326 | 460 352 | 109 109 | 97.25 | bs_ill_bs_contig2 contig_89
			  Indel (<= 5bp) between these two alignments: deletion of length 1; 81 mismatches (number of Ns: 0)
			Real Alignment 2: 68 134 | 609 543 | 67 67 | 97.01 | bs_ill_bs_contig2 contig_89
			  Gap between these two alignments (local misassembly). Inconsistency = 67 [fragmentation of reference genome]
			Real Alignment 3: 1 23161 | 1231 24377 | 23161 23147 | 99.89 | bs_ill_bs_contig19 contig_89
			  Extensive misassembly (translocation) between these two alignments
			Real Alignment 4: 708513 709043 | 24416 24947 | 531 532 | 95.35 | bs_ill_bs_contig1 contig_89
			  Indel (> 5bp) between these two alignments: deletion of length 8; 0 mismatches (number of Ns: 0) [fragmentation of reference genome]
			Excluding internal overlap of size 99 between Alignment 5 and 6: 5 672 | 24954 25621 | 668 668 --> 5 574 | 24954 25522 | 570 569
			Real Alignment 5: 5 574 | 24954 25522 | 570 569 | 94.81 | bs_ill_bs_contig2 contig_89
			  Extensive misassembly (translocation) between these two alignments
			Excluding internal overlap of size 34 between Alignment 6 and 7: 708482 709047 | 162606 163165 | 566 560 --> 708516 709047 | 162640 163165 | 532 526
			Real Alignment 6: 1 137190 | 162639 25523 | 137190 137117 | 99.93 | bs_ill_bs_contig11 contig_89
			  Extensive misassembly (translocation) between these two alignments
			Real Alignment 7: 708516 709047 | 162640 163165 | 532 526 | 94.4 | bs_ill_bs_contig1 contig_89
			  Indel (> 5bp) between these two alignments: deletion of length 15; 0 mismatches (number of Ns: 0) [fragmentation of reference genome]
			Excluding internal overlap of size 76 between Alignment 8 and 9: 16 671 | 163178 163834 | 656 657 --> 16 599 | 163178 163758 | 584 581
			Real Alignment 8: 16 599 | 163178 163758 | 584 581 | 92.79 | bs_ill_bs_contig2 contig_89
			  Extensive misassembly (translocation) between these two alignments
			Real Alignment 9: 1 269408 | 163759 433009 | 269408 269251 | 99.92 | bs_ill_bs_contig6 contig_89
			  Not a misassembly [fragmentation of reference genome] between these two alignments
			Real Alignment 10: 1 2262 | 435824 433564 | 2262 2261 | 99.96 | bs_ill_bs_contig411 contig_89
			  Not a misassembly [fragmentation of reference genome] between these two alignments
			Real Alignment 11: 1 156862 | 436202 592977 | 156862 156776 | 99.79 | bs_ill_bs_contig10 contig_89
			  Gap between these two alignments (local misassembly). Inconsistency = -513
			Real Alignment 12: 156590 156939 | 593218 593567 | 350 350 | 100.0 | bs_ill_bs_contig10 contig_89
			  Gap between these two alignments (local misassembly). Inconsistency = -927
			Real Alignment 13: 156077 156223 | 593632 593778 | 147 147 | 97.96 | bs_ill_bs_contig10 contig_89
			  Gap between these two alignments (local misassembly). Inconsistency = -378
			Real Alignment 14: 155978 156197 | 593911 594130 | 220 220 | 99.55 | bs_ill_bs_contig10 contig_89
			  Indel (> 5bp) between these two alignments: deletion of length 36; 0 mismatches (number of Ns: 0)
			Real Alignment 15: 156234 156335 | 594131 594232 | 102 102 | 93.14 | bs_ill_bs_contig10 contig_89
			  Gap between these two alignments (local misassembly). Inconsistency = -153
			Excluding internal overlap of size 40 between Alignment 16 and 17: 156423 156826 | 594473 594876 | 404 404 --> 156423 156786 | 594473 594836 | 364 364
			Real Alignment 16: 156423 156786 | 594473 594836 | 364 364 | 92.08 | bs_ill_bs_contig10 contig_89
			  Extensive misassembly (translocation) between these two alignments
			Real Alignment 17: 59 507 | 595276 594837 | 449 440 | 97.77 | bs_ill_bs_contig1250 contig_89
			  Extensive misassembly (translocation) between these two alignments
			Real Alignment 18: 156140 156408 | 595513 595781 | 269 269 | 96.28 | bs_ill_bs_contig10 contig_89
			  Gap between these two alignments (local misassembly). Inconsistency = 243
			Real Alignment 19: 156684 156751 | 595814 595881 | 68 68 | 98.53 | bs_ill_bs_contig10 contig_89
			  Gap between these two alignments (local misassembly). Inconsistency = -747
			Real Alignment 20: 156140 156290 | 596017 596167 | 151 151 | 94.7 | bs_ill_bs_contig10 contig_89
			  Gap between these two alignments (local misassembly). Inconsistency = -333
			Real Alignment 21: 155994 156223 | 596204 596433 | 230 230 | 96.52 | bs_ill_bs_contig10 contig_89
			  Gap between these two alignments (local misassembly). Inconsistency = -378
			Excluding internal overlap of size 88 between Alignment 22 and 23: 155978 156223 | 596566 596811 | 246 246 --> 155978 156135 | 596566 596723 | 158 158
			Real Alignment 22: 155978 156135 | 596566 596723 | 158 158 | 98.37 | bs_ill_bs_contig10 contig_89
			  Extensive misassembly (translocation) between these two alignments
			Real Alignment 23: 1 609 | 597332 596724 | 609 609 | 100.0 | bs_ill_bs_contig1250 contig_89
			  Gap between these two alignments (local misassembly). Inconsistency = 33 [fragmentation of reference genome]
			Excluding internal overlap of size 13 between Alignment 24 and 25: 34 342 | 597440 597748 | 309 309 --> 34 329 | 597440 597735 | 296 296
			Real Alignment 24: 34 329 | 597440 597735 | 296 296 | 99.03 | bs_ill_bs_contig9 contig_89
			  Overlap between these two alignments (local misassembly). Inconsistency = -216
			Excluding internal overlap of size 55 between Alignment 25 and 26: 708434 709006 | 850081 850653 | 573 573 --> 708489 709006 | 850136 850653 | 518 518
			Real Alignment 25: 114 252570 | 597736 850135 | 252457 252400 | 99.85 | bs_ill_bs_contig9 contig_89
			  Extensive misassembly (translocation) between these two alignments
			Real Alignment 26: 708489 709006 | 850136 850653 | 518 518 | 94.17 | bs_ill_bs_contig1 contig_89
			  Indel (> 5bp) between these two alignments: deletion of length 60; 0 mismatches (number of Ns: 0) [fragmentation of reference genome]
			Excluding internal overlap of size 55 between Alignment 27 and 28: 20 671 | 850705 851358 | 652 654 --> 20 618 | 850705 851303 | 599 599
			Real Alignment 27: 20 618 | 850705 851303 | 599 599 | 92.39 | bs_ill_bs_contig2 contig_89
			  Extensive misassembly (translocation) between these two alignments
			Real Alignment 28: 1 294324 | 851304 1145448 | 294324 294145 | 99.93 | bs_ill_bs_contig5 contig_89
			  Extensive misassembly (translocation) between these two alignments
			Real Alignment 29: 1 587 | 1146094 1145511 | 587 584 | 96.62 | bs_ill_bs_contig2 contig_89
			  Not a misassembly [fragmentation of reference genome] between these two alignments
			Excluding internal overlap of size 27 between Alignment 30 and 31: 708463 709047 | 1146679 1146096 | 585 584 --> 708490 709047 | 1146652 1146096 | 558 557
			Real Alignment 30: 708490 709047 | 1146652 1146096 | 558 557 | 97.46 | bs_ill_bs_contig1 contig_89
			  Extensive misassembly (translocation) between these two alignments
			Excluding internal overlap of size 54 between Alignment 31 and 32: 3 653 | 1462135 1461490 | 651 646 --> 3 599 | 1462135 1461544 | 597 592
			Real Alignment 31: 1 315068 | 1461543 1146653 | 315068 314891 | 99.91 | bs_ill_bs_contig4 contig_89
			  Extensive misassembly (translocation) between these two alignments
			Real Alignment 32: 3 599 | 1462135 1461544 | 597 592 | 95.41 | bs_ill_bs_contig2 contig_89
			  Indel (<= 5bp) between these two alignments: deletion of length 2; 0 mismatches (number of Ns: 0) [fragmentation of reference genome]
			Excluding internal overlap of size 55 between Alignment 33 and 34: 708434 709047 | 1462750 1462138 | 614 613 --> 708489 709047 | 1462695 1462138 | 559 558
			Real Alignment 33: 708489 709047 | 1462695 1462138 | 559 558 | 96.77 | bs_ill_bs_contig1 contig_89
			  Extensive misassembly (translocation) between these two alignments
			Real Alignment 34: 1 37065 | 1462696 1499735 | 37065 37040 | 99.93 | bs_ill_bs_contig17 contig_89
			  Extensive misassembly (translocation) between these two alignments
			Real Alignment 35: 328 423 | 1501807 1501712 | 96 96 | 100.0 | bs_ill_bs_contig13 contig_89
			  Gap between these two alignments (local misassembly). Inconsistency = -81
			Excluding internal overlap of size 41 between Alignment 36 and 37: 15 274 | 1502201 1501942 | 260 260 --> 56 274 | 1502160 1501942 | 219 219
			Real Alignment 36: 56 274 | 1502160 1501942 | 219 219 | 99.23 | bs_ill_bs_contig13 contig_89
			  Indel (> 5bp) between these two alignments: deletion of length 55; 0 mismatches (number of Ns: 0) [fragmentation of reference genome]
			Real Alignment 37: 1 1142 | 1502161 1503286 | 1142 1126 | 90.28 | bs_ill_bs_contig839 contig_89
			  Indel (> 5bp) between these two alignments: deletion of length 10; 1 mismatches (number of Ns: 0) [fragmentation of reference genome]
			Real Alignment 38: 1 911 | 1503298 1504214 | 911 917 | 97.82 | bs_ill_bs_contig991 contig_89
			  Not a misassembly [fragmentation of reference genome] between these two alignments
			Real Alignment 39: 1 722 | 1504935 1504216 | 722 720 | 95.61 | bs_ill_bs_contig1146 contig_89
			  Not a misassembly [fragmentation of reference genome] between these two alignments
			Excluding internal overlap of size 47 between Alignment 40 and 41: 9 342 | 1506223 1506553 | 334 331 --> 56 342 | 1506270 1506553 | 287 284
			Real Alignment 40: 1 982 | 1506269 1505302 | 982 968 | 94.55 | bs_ill_bs_contig933 contig_89
			  Indel (> 5bp) between these two alignments: deletion of length 55; 0 mismatches (number of Ns: 0) [fragmentation of reference genome]
			Excluding internal overlap of size 1 between Alignment 41 and 42: 56 342 | 1506270 1506553 | 287 284 --> 56 341 | 1506270 1506552 | 286 283
			Real Alignment 41: 56 341 | 1506270 1506552 | 286 283 | 94.36 | bs_ill_bs_contig3 contig_89
			  Extensive misassembly (translocation) between these two alignments
			Excluding internal overlap of size 55 between Alignment 42 and 43: 708435 709047 | 1544854 1545461 | 613 608 --> 708490 709047 | 1544909 1545461 | 558 553
			Real Alignment 42: 1 38370 | 1506553 1544908 | 38370 38356 | 99.92 | bs_ill_bs_contig16 contig_89
			  Extensive misassembly (translocation) between these two alignments
			Real Alignment 43: 708490 709047 | 1544909 1545461 | 558 553 | 96.6 | bs_ill_bs_contig1 contig_89
			  Indel (<= 5bp) between these two alignments: deletion of length 1; 1 mismatches (number of Ns: 0) [fragmentation of reference genome]
			Excluding internal overlap of size 53 between Alignment 44 and 45: 2 673 | 1545464 1546131 | 672 668 --> 2 620 | 1545464 1546078 | 619 615
			Real Alignment 44: 2 620 | 1545464 1546078 | 619 615 | 95.87 | bs_ill_bs_contig2 contig_89
			  Extensive misassembly (translocation) between these two alignments
			Excluding internal overlap of size 66 between Alignment 45 and 46: 1 673 | 1809731 1809063 | 673 669 --> 1 604 | 1809731 1809129 | 604 603
			Real Alignment 45: 1 263206 | 1546079 1809128 | 263206 263050 | 99.92 | bs_ill_bs_contig7 contig_89
			  Extensive misassembly (translocation) between these two alignments
			Real Alignment 46: 1 604 | 1809731 1809129 | 604 603 | 95.87 | bs_ill_bs_contig2 contig_89
			  Indel (> 5bp) between these two alignments: deletion of length 11; 2 mismatches (number of Ns: 0) [fragmentation of reference genome]
			Real Alignment 47: 1 709036 | 2518185 1809745 | 709036 708441 | 99.9 | bs_ill_bs_contig1 contig_89
			  Not a misassembly [fragmentation of reference genome] between these two alignments
			Real Alignment 48: 1 59870 | 2518416 2578254 | 59870 59839 | 99.94 | bs_ill_bs_contig14 contig_89
			  Not a misassembly [fragmentation of reference genome] between these two alignments
			Real Alignment 49: 1 982 | 2578504 2579475 | 982 972 | 95.85 | bs_ill_bs_contig933 contig_89
			  Not a misassembly [fragmentation of reference genome] between these two alignments
			Real Alignment 50: 1 722 | 2580029 2580739 | 722 711 | 95.34 | bs_ill_bs_contig1146 contig_89
			  Not a misassembly [fragmentation of reference genome] between these two alignments
			Real Alignment 51: 12 911 | 2581635 2580741 | 900 895 | 93.99 | bs_ill_bs_contig991 contig_89
			  Indel (> 5bp) between these two alignments: deletion of length 11; 1 mismatches (number of Ns: 0) [fragmentation of reference genome]
			Real Alignment 52: 1 1152 | 2582795 2581648 | 1152 1148 | 95.12 | bs_ill_bs_contig839 contig_89
			  Not a misassembly [fragmentation of reference genome] between these two alignments
			Real Alignment 53: 1 15524 | 2583193 2598702 | 15524 15510 | 99.91 | bs_ill_bs_contig21 contig_89
			  Extensive misassembly (translocation) between these two alignments
			Excluding internal overlap of size 47 between Alignment 54 and 55: 9 342 | 2599121 2598790 | 334 332 --> 56 342 | 2599074 2598790 | 287 285
			Real Alignment 54: 56 342 | 2599074 2598790 | 287 285 | 99.1 | bs_ill_bs_contig3 contig_89
			  Indel (> 5bp) between these two alignments: deletion of length 55; 0 mismatches (number of Ns: 0) [fragmentation of reference genome]
			Real Alignment 55: 1 980 | 2599075 2600052 | 980 978 | 96.46 | bs_ill_bs_contig933 contig_89
			  Gap between these two alignments (local misassembly). Inconsistency = 2 [fragmentation of reference genome]
			Real Alignment 56: 1 722 | 2600600 2601321 | 722 722 | 96.43 | bs_ill_bs_contig1146 contig_89
			  Not a misassembly [fragmentation of reference genome] between these two alignments
			Real Alignment 57: 1 911 | 2602229 2601323 | 911 907 | 95.23 | bs_ill_bs_contig991 contig_89
			  Indel (> 5bp) between these two alignments: deletion of length 15; 3 mismatches (number of Ns: 0) [fragmentation of reference genome]
			Real Alignment 58: 1 1137 | 2603368 2602248 | 1137 1121 | 93.07 | bs_ill_bs_contig839 contig_89
			  Not a misassembly [fragmentation of reference genome] between these two alignments
			Real Alignment 59: 1 55215 | 2603786 2658974 | 55215 55189 | 99.95 | bs_ill_bs_contig15 contig_89
			  Gap between these two alignments (local misassembly). Inconsistency = 9 [fragmentation of reference genome]
			Real Alignment 60: 10 982 | 2659370 2660342 | 973 973 | 91.19 | bs_ill_bs_contig933 contig_89
			  Not a misassembly [fragmentation of reference genome] between these two alignments
			Real Alignment 61: 1 708 | 2660714 2661424 | 708 711 | 95.96 | bs_ill_bs_contig1146 contig_89
			  Indel (> 5bp) between these two alignments: deletion of length 14; 0 mismatches (number of Ns: 0) [fragmentation of reference genome]
			Real Alignment 62: 1 911 | 2662339 2661433 | 911 907 | 93.1 | bs_ill_bs_contig991 contig_89
			  Not a misassembly [fragmentation of reference genome] between these two alignments
			Excluding internal overlap of size 45 between Alignment 63 and 64: 3 453 | 2663410 2663878 | 451 469 --> 46 453 | 2663455 2663878 | 408 424
			Real Alignment 63: 10 1152 | 2663454 2662341 | 1143 1114 | 92.02 | bs_ill_bs_contig839 contig_89
			  Indel (> 5bp) between these two alignments: deletion of length 54; 0 mismatches (number of Ns: 0) [fragmentation of reference genome]
			Real Alignment 64: 46 453 | 2663455 2663878 | 408 424 | 94.89 | bs_ill_bs_contig13 contig_89
			  Extensive misassembly (translocation) between these two alignments
			Real Alignment 65: 1 532 | 2663992 2664520 | 532 529 | 94.07 | bs_ill_bs_contig1326 contig_89
			  Extensive misassembly (translocation) between these two alignments
			Excluding internal overlap of size 54 between Alignment 66 and 67: 1 342 | 2665313 2664972 | 342 342 --> 56 342 | 2665259 2664972 | 287 288
			Real Alignment 66: 56 342 | 2665259 2664972 | 287 288 | 96.23 | bs_ill_bs_contig3 contig_89
			  Indel (> 5bp) between these two alignments: deletion of length 55; 0 mismatches (number of Ns: 0) [fragmentation of reference genome]
			Real Alignment 67: 1 982 | 2665260 2666233 | 982 974 | 93.01 | bs_ill_bs_contig933 contig_89
			  Not a misassembly [fragmentation of reference genome] between these two alignments
			Real Alignment 68: 1 710 | 2666610 2667320 | 710 711 | 93.96 | bs_ill_bs_contig1146 contig_89
			  Indel (> 5bp) between these two alignments: deletion of length 12; 0 mismatches (number of Ns: 0) [fragmentation of reference genome]
			Real Alignment 69: 1 911 | 2668227 2667332 | 911 896 | 92.21 | bs_ill_bs_contig991 contig_89
			  Not a misassembly [fragmentation of reference genome] between these two alignments
			Excluding internal overlap of size 58 between Alignment 70 and 71: 1 1152 | 2669372 2668229 | 1152 1144 --> 56 1152 | 2669314 2668229 | 1097 1086
			Real Alignment 70: 56 1152 | 2669314 2668229 | 1097 1086 | 91.2 | bs_ill_bs_contig839 contig_89
			  Indel (> 5bp) between these two alignments: deletion of length 55; 0 mismatches (number of Ns: 0) [fragmentation of reference genome]
			Excluding internal overlap of size 55 between Alignment 71 and 72: 18 430 | 2729789 2729381 | 413 409 --> 18 375 | 2729789 2729436 | 358 354
			Real Alignment 71: 1 60136 | 2669315 2729435 | 60136 60121 | 99.93 | bs_ill_bs_contig13 contig_89
			  Extensive misassembly (translocation) between these two alignments
			Excluding internal overlap of size 38 between Alignment 72 and 73: 18 375 | 2729789 2729436 | 358 354 --> 56 375 | 2729751 2729436 | 320 316
			Real Alignment 72: 56 375 | 2729751 2729436 | 320 316 | 97.82 | bs_ill_bs_contig3 contig_89
			  Indel (> 5bp) between these two alignments: deletion of length 55; 0 mismatches (number of Ns: 0) [fragmentation of reference genome]
			Real Alignment 73: 1 982 | 2729752 2730731 | 982 980 | 96.38 | bs_ill_bs_contig933 contig_89
			  Not a misassembly [fragmentation of reference genome] between these two alignments
			Real Alignment 74: 1 722 | 2731102 2731820 | 722 719 | 96.56 | bs_ill_bs_contig1146 contig_89
			  Not a misassembly [fragmentation of reference genome] between these two alignments
			Real Alignment 75: 1 911 | 2732725 2731822 | 911 904 | 92.47 | bs_ill_bs_contig991 contig_89
			  Not a misassembly [fragmentation of reference genome] between these two alignments
			Excluding internal overlap of size 33 between Alignment 76 and 77: 1 435 | 2733817 2734259 | 435 443 --> 33 435 | 2733850 2734259 | 403 410
			Real Alignment 76: 23 1152 | 2733849 2732727 | 1130 1123 | 97.45 | bs_ill_bs_contig839 contig_89
			  Indel (> 5bp) between these two alignments: deletion of length 54; 0 mismatches (number of Ns: 0) [fragmentation of reference genome]
			Real Alignment 77: 33 435 | 2733850 2734259 | 403 410 | 94.83 | bs_ill_bs_contig13 contig_89
			  Extensive misassembly (translocation) between these two alignments
			Real Alignment 78: 521 599 | 2734712 2734636 | 79 77 | 97.47 | bs_ill_bs_contig3 contig_89
			  Gap between these two alignments (local misassembly). Inconsistency = -166
			Excluding internal overlap of size 48 between Alignment 79 and 80: 8 430 | 2735386 2734969 | 423 418 --> 56 430 | 2735338 2734969 | 375 370
			Real Alignment 79: 56 430 | 2735338 2734969 | 375 370 | 95.54 | bs_ill_bs_contig3 contig_89
			  Indel (> 5bp) between these two alignments: deletion of length 55; 0 mismatches (number of Ns: 0) [fragmentation of reference genome]
			Real Alignment 80: 1 982 | 2735339 2736289 | 982 951 | 94.52 | bs_ill_bs_contig933 contig_89
			  Not a misassembly [fragmentation of reference genome] between these two alignments
			Real Alignment 81: 1 694 | 2736656 2737355 | 694 700 | 98.29 | bs_ill_bs_contig1146 contig_89
			  Indel (> 5bp) between these two alignments: deletion of length 32; 0 mismatches (number of Ns: 0) [fragmentation of reference genome]
			Real Alignment 82: 1 907 | 2738305 2737387 | 907 919 | 96.0 | bs_ill_bs_contig991 contig_89
			  Not a misassembly [fragmentation of reference genome] between these two alignments
			Excluding internal overlap of size 55 between Alignment 83 and 84: 1 453 | 2739396 2739848 | 453 453 --> 56 453 | 2739451 2739848 | 398 398
			Real Alignment 83: 1 1152 | 2739450 2738307 | 1152 1144 | 96.81 | bs_ill_bs_contig839 contig_89
			  Indel (> 5bp) between these two alignments: deletion of length 55; 0 mismatches (number of Ns: 0) [fragmentation of reference genome]
			Real Alignment 84: 56 453 | 2739451 2739848 | 398 398 | 95.85 | bs_ill_bs_contig13 contig_89
			  Extensive misassembly (translocation) between these two alignments
			Excluding internal overlap of size 53 between Alignment 85 and 86: 1 426 | 2740364 2739940 | 426 425 --> 54 426 | 2740311 2739940 | 373 372
			Real Alignment 85: 54 426 | 2740311 2739940 | 373 372 | 96.5 | bs_ill_bs_contig3 contig_89
			  Indel (> 5bp) between these two alignments: deletion of length 55; 0 mismatches (number of Ns: 0) [fragmentation of reference genome]
			Real Alignment 86: 3 982 | 2740312 2741280 | 980 969 | 95.23 | bs_ill_bs_contig933 contig_89
			  Not a misassembly [fragmentation of reference genome] between these two alignments
			Real Alignment 87: 1 722 | 2741646 2742365 | 722 720 | 95.49 | bs_ill_bs_contig1146 contig_89
			  Not a misassembly [fragmentation of reference genome] between these two alignments
			Real Alignment 88: 1 911 | 2743276 2742367 | 911 910 | 96.72 | bs_ill_bs_contig991 contig_89
			  Not a misassembly [fragmentation of reference genome] between these two alignments
			Real Alignment 89: 4 1152 | 2744421 2743278 | 1149 1144 | 98.35 | bs_ill_bs_contig839 contig_89
			  Gap between these two alignments (local misassembly). Inconsistency = 3 [fragmentation of reference genome]
			Real Alignment 90: 1 18355 | 2744629 2762968 | 18355 18340 | 99.91 | bs_ill_bs_contig20 contig_89
			  Not a misassembly [fragmentation of reference genome] between these two alignments
			Excluding internal overlap of size 26 between Alignment 91 and 92: 708463 709047 | 2867076 2867656 | 585 581 --> 708489 709047 | 2867102 2867656 | 559 555
			Real Alignment 91: 1 104023 | 2867101 2763122 | 104023 103980 | 99.94 | bs_ill_bs_contig12 contig_89
			  Extensive misassembly (translocation) between these two alignments
			Real Alignment 92: 708489 709047 | 2867102 2867656 | 559 555 | 96.77 | bs_ill_bs_contig1 contig_89
			  Not a misassembly [fragmentation of reference genome] between these two alignments
			Excluding internal overlap of size 72 between Alignment 93 and 94: 1 671 | 2867658 2868328 | 671 671 --> 1 599 | 2867658 2868256 | 599 599
			Real Alignment 93: 1 599 | 2867658 2868256 | 599 599 | 93.82 | bs_ill_bs_contig2 contig_89
			  Extensive misassembly (translocation) between these two alignments
			Excluding internal overlap of size 52 between Alignment 94 and 95: 4 982 | 3193629 3194598 | 979 970 --> 56 982 | 3193681 3194598 | 927 918
			Real Alignment 94: 1 325319 | 3193680 2868257 | 325319 325424 | 99.67 | bs_ill_bs_contig3 contig_89
			  Indel (> 5bp) between these two alignments: deletion of length 55; 0 mismatches (number of Ns: 0) [fragmentation of reference genome]
			Real Alignment 95: 56 982 | 3193681 3194598 | 927 918 | 96.25 | bs_ill_bs_contig933 contig_89
			  Not a misassembly [fragmentation of reference genome] between these two alignments
			Real Alignment 96: 1 722 | 3194967 3195689 | 722 723 | 96.99 | bs_ill_bs_contig1146 contig_89
			  Not a misassembly [fragmentation of reference genome] between these two alignments
			Real Alignment 97: 51 911 | 3196545 3195691 | 861 855 | 94.52 | bs_ill_bs_contig991 contig_89
			  Indel (> 5bp) between these two alignments: deletion of length 50; 0 mismatches (number of Ns: 0) [fragmentation of reference genome]
			Excluding internal overlap of size 42 between Alignment 98 and 99: 1 448 | 3197686 3198134 | 448 449 --> 41 448 | 3197728 3198134 | 408 407
			Real Alignment 98: 15 1152 | 3197727 3196591 | 1138 1137 | 94.37 | bs_ill_bs_contig839 contig_89
			  Indel (> 5bp) between these two alignments: deletion of length 54; 0 mismatches (number of Ns: 0) [fragmentation of reference genome]
			Excluding internal overlap of size 55 between Alignment 99 and 100: 41 448 | 3197728 3198134 | 408 407 --> 41 393 | 3197728 3198079 | 353 352
			Real Alignment 99: 41 393 | 3197728 3198079 | 353 352 | 95.82 | bs_ill_bs_contig13 contig_89
			  Extensive misassembly (translocation) between these two alignments
			Real Alignment 100: 1 29643 | 3198080 3227709 | 29643 29630 | 99.91 | bs_ill_bs_contig18 contig_89
			  Extensive misassembly (translocation) between these two alignments
			Real Alignment 101: 708457 709047 | 3227728 3228320 | 591 593 | 95.02 | bs_ill_bs_contig1 contig_89
			  Not a misassembly [fragmentation of reference genome] between these two alignments
			Excluding internal overlap of size 73 between Alignment 102 and 103: 1 673 | 3228322 3228987 | 673 666 --> 1 599 | 3228322 3228914 | 599 593
			Real Alignment 102: 1 599 | 3228322 3228914 | 599 593 | 96.01 | bs_ill_bs_contig2 contig_89
			  Extensive misassembly (translocation) between these two alignments
			Real Alignment 103: 1 257004 | 3228915 3485820 | 257004 256906 | 99.9 | bs_ill_bs_contig8 contig_89
			  Extensive misassembly (translocation) between these two alignments
			Excluding internal overlap of size 55 between Alignment 104 and 105: 1 340 | 3486263 3485924 | 340 340 --> 56 340 | 3486208 3485924 | 285 285
			Real Alignment 104: 56 340 | 3486208 3485924 | 285 285 | 98.83 | bs_ill_bs_contig3 contig_89
			  Indel (> 5bp) between these two alignments: deletion of length 55; 0 mismatches (number of Ns: 0) [fragmentation of reference genome]
			Real Alignment 105: 1 982 | 3486209 3487186 | 982 978 | 97.97 | bs_ill_bs_contig933 contig_89
			  Gap between these two alignments (local misassembly). Inconsistency = 10 [fragmentation of reference genome]
			Real Alignment 106: 11 722 | 3487565 3488274 | 712 710 | 95.97 | bs_ill_bs_contig1146 contig_89
			  Indel (> 5bp) between these two alignments: deletion of length 52; 0 mismatches (number of Ns: 0) [fragmentation of reference genome]
			Real Alignment 107: 4 859 | 3489161 3488319 | 856 843 | 95.37 | bs_ill_bs_contig991 contig_89
			  Indel (<= 5bp) between these two alignments: deletion of length 3; 1 mismatches (number of Ns: 0) [fragmentation of reference genome]
			Excluding internal overlap of size 55 between Alignment 108 and 109: 1 319 | 3490269 3490585 | 319 317 --> 56 319 | 3490324 3490585 | 264 262
			Real Alignment 108: 1 1152 | 3490323 3489166 | 1152 1158 | 95.49 | bs_ill_bs_contig839 contig_89
			  Indel (> 5bp) between these two alignments: deletion of length 55; 0 mismatches (number of Ns: 0) [fragmentation of reference genome]
			Real Alignment 109: 56 319 | 3490324 3490585 | 264 262 | 97.51 | bs_ill_bs_contig13 contig_89
			  Extensive misassembly (translocation) between these two alignments
			Real Alignment 110: 18222 18355 | 3490987 3491120 | 134 134 | 100.0 | bs_ill_bs_contig20 contig_89
			  Not a misassembly [fragmentation of reference genome] between these two alignments
			Real Alignment 111: 674 552243 | 4043032 3491969 | 551570 551064 | 99.89 | bs_ill_bs_contig2 contig_89
		Unaligned bases: 14685

CONTIG: contig_2 (2843845bp)
Best alignment score: 945.4 (LEN: 1047, IDY: 90.30), Total number of alignments: 36
			Looking for the best set of alignments (out of 36 total alignments)
			Skipping redundant alignments after choosing the best set of alignments
		Skipping redundant alignment 641 718 | 2832860 2832783 | 78 78 | 96.15 | bs_ill_bs_contig839 contig_2
		Skipping redundant alignment 373 479 | 2833131 2833025 | 107 107 | 92.52 | bs_ill_bs_contig839 contig_2
		Skipping redundant alignment 99180 99264 | 2836165 2836081 | 85 85 | 96.47 | bs_ill_bs_contig3 contig_2
		Skipping redundant alignment 99074 99146 | 2836253 2836181 | 73 73 | 98.63 | bs_ill_bs_contig3 contig_2
		Skipping redundant alignment 539 633 | 606387 606481 | 95 95 | 96.84 | bs_ill_bs_contig1146 contig_2
		Skipping redundant alignment 466 568 | 607016 606914 | 103 103 | 94.17 | bs_ill_bs_contig991 contig_2
		Skipping redundant alignment 337 423 | 607144 607058 | 87 87 | 90.8 | bs_ill_bs_contig991 contig_2
		Skipping redundant alignment 112 179 | 607367 607300 | 68 68 | 98.53 | bs_ill_bs_contig991 contig_2
		Skipping redundant alignment 103891 103967 | 610025 609949 | 77 77 | 97.4 | bs_ill_bs_contig12 contig_2
		Skipping redundant alignment 9 107 | 2111692 2111594 | 99 99 | 96.97 | bs_ill_bs_contig13 contig_2
		Skipping redundant alignment 95 171 | 2114321 2114245 | 77 77 | 97.4 | bs_ill_bs_contig1146 contig_2
		Skipping redundant alignment 505 720 | 2388242 2388459 | 216 218 | 93.58 | bs_ill_bs_contig1146 contig_2
		This contig has several significant sets of alignments. [An ambiguously mapped contig]
		Using only the very best set (option --ambiguity-usage is set to "one").
			The best set is below. Score: 3416.4, number of alignments: 24, unaligned bases: 2837681
		This contig is misassembled.
		This contig is partially unaligned. (Aligned 6164 out of 2843845 non-N bases (0.22%))
			Warning! This contig is more unaligned than misassembled. Contig length is 2843845 (number of Ns: 0) and total length of all aligns is 6164
		Alignment: 68 180 | 604433 604545 | 113 113 | 93.81 | bs_ill_bs_contig933 contig_2
		Alignment: 213 277 | 604576 604640 | 65 65 | 100.0 | bs_ill_bs_contig933 contig_2
		Alignment: 279 401 | 604641 604763 | 123 123 | 93.5 | bs_ill_bs_contig933 contig_2
		Alignment: 533 708 | 604885 605060 | 176 176 | 94.32 | bs_ill_bs_contig933 contig_2
		Alignment: 607 794 | 608017 607830 | 188 188 | 96.28 | bs_ill_bs_contig839 contig_2
		Alignment: 392 485 | 608231 608138 | 94 94 | 90.43 | bs_ill_bs_contig839 contig_2
		Alignment: 123 187 | 608502 608438 | 65 65 | 96.92 | bs_ill_bs_contig839 contig_2
		Alignment: 18222 18295 | 609290 609363 | 74 74 | 98.65 | bs_ill_bs_contig20 contig_2
		Alignment: 1 928 | 2111646 2112578 | 928 933 | 90.73 | bs_ill_bs_contig839 contig_2
		Alignment: 137 201 | 2112930 2112994 | 65 65 | 95.38 | bs_ill_bs_contig991 contig_2
		Alignment: 343 477 | 2113143 2113277 | 135 135 | 92.59 | bs_ill_bs_contig991 contig_2
		Alignment: 479 569 | 2113278 2113368 | 91 91 | 96.7 | bs_ill_bs_contig991 contig_2
		Alignment: 1 965 | 2115820 2114862 | 965 959 | 92.36 | bs_ill_bs_contig933 contig_2
		Alignment: 33226 33297 | 2170435 2170364 | 72 72 | 95.83 | bs_ill_bs_contig13 contig_2
		Alignment: 32338 32486 | 2171323 2171175 | 149 149 | 91.95 | bs_ill_bs_contig13 contig_2
		Alignment: 9 965 | 2386353 2387307 | 957 955 | 90.96 | bs_ill_bs_contig933 contig_2
		Alignment: 666 738 | 2388706 2388634 | 73 73 | 91.78 | bs_ill_bs_contig991 contig_2
		Alignment: 442 569 | 2388933 2388806 | 128 128 | 94.53 | bs_ill_bs_contig991 contig_2
		Alignment: 108 329 | 2389268 2389047 | 222 222 | 90.09 | bs_ill_bs_contig991 contig_2
		Alignment: 1 1065 | 2390516 2389470 | 1065 1047 | 90.3 | bs_ill_bs_contig839 contig_2
		Alignment: 255 329 | 2829496 2829570 | 75 75 | 90.67 | bs_ill_bs_contig933 contig_2
		Alignment: 340 495 | 2829579 2829734 | 156 156 | 93.59 | bs_ill_bs_contig933 contig_2
		Alignment: 519 595 | 2829755 2829831 | 77 77 | 93.51 | bs_ill_bs_contig933 contig_2
		Alignment: 837 965 | 2830068 2830196 | 129 129 | 93.02 | bs_ill_bs_contig933 contig_2
		Unaligned bases: 2837681

CONTIG: contig_87 (2990669bp)
Best alignment score: 4580.6 (LEN: 4699, IDY: 97.48), Total number of alignments: 76
			Looking for the best set of alignments (out of 76 total alignments)
			Skipping redundant alignments after choosing the best set of alignments
		Skipping redundant alignment 18672 18790 | 268261 268143 | 119 119 | 90.76 | bs_ill_bs_contig13 contig_87
		Skipping redundant alignment 178 277 | 285950 285851 | 100 100 | 91.0 | bs_ill_bs_contig13 contig_87
		Skipping redundant alignment 1 83 | 286126 286044 | 83 83 | 91.57 | bs_ill_bs_contig13 contig_87
		Skipping redundant alignment 1 124 | 290225 290348 | 124 124 | 92.74 | bs_ill_bs_contig3 contig_87
		Skipping redundant alignment 178 277 | 529342 529243 | 100 100 | 91.0 | bs_ill_bs_contig13 contig_87
		Skipping redundant alignment 607 731 | 533314 533190 | 125 125 | 92.0 | bs_ill_bs_contig933 contig_87
		Skipping redundant alignment 374 523 | 533541 533392 | 150 150 | 94.67 | bs_ill_bs_contig933 contig_87
		Skipping redundant alignment 196 260 | 533719 533655 | 65 65 | 92.31 | bs_ill_bs_contig933 contig_87
		Skipping redundant alignment 32167 32235 | 582297 582229 | 69 69 | 91.3 | bs_ill_bs_contig13 contig_87
		Skipping redundant alignment 98 205 | 1079278 1079385 | 108 108 | 92.59 | bs_ill_bs_contig1146 contig_87
		Skipping redundant alignment 477 547 | 1079655 1079725 | 71 71 | 95.77 | bs_ill_bs_contig1146 contig_87
		Skipping redundant alignment 99073 99150 | 1082660 1082583 | 78 78 | 97.44 | bs_ill_bs_contig3 contig_87
		Skipping redundant alignment 18222 18293 | 1303746 1303675 | 72 72 | 100.0 | bs_ill_bs_contig20 contig_87
		Skipping redundant alignment 99075 99146 | 1303675 1303746 | 72 72 | 100.0 | bs_ill_bs_contig3 contig_87
		Skipping redundant alignment 34981 35053 | 1303747 1303675 | 73 73 | 100.0 | bs_ill_bs_contig15 contig_87
		Skipping redundant alignment 777 844 | 1677963 1677896 | 68 68 | 91.18 | bs_ill_bs_contig991 contig_87
		Skipping redundant alignment 486 566 | 1678252 1678172 | 81 81 | 93.83 | bs_ill_bs_contig991 contig_87
		Skipping redundant alignment 1 99 | 1679838 1679936 | 99 99 | 92.93 | bs_ill_bs_contig13 contig_87
		Skipping redundant alignment 180 277 | 1680016 1680113 | 98 98 | 91.84 | bs_ill_bs_contig13 contig_87
		Skipping redundant alignment 207 369 | 1780528 1780690 | 163 163 | 92.64 | bs_ill_bs_contig933 contig_87
		Skipping redundant alignment 381 458 | 1780695 1780772 | 78 78 | 96.15 | bs_ill_bs_contig933 contig_87
		Skipping redundant alignment 476 569 | 1780787 1780880 | 94 94 | 97.87 | bs_ill_bs_contig933 contig_87
		Skipping redundant alignment 693 889 | 1781000 1781196 | 197 197 | 90.86 | bs_ill_bs_contig933 contig_87
		Skipping redundant alignment 99074 99146 | 1786896 1786824 | 73 73 | 100.0 | bs_ill_bs_contig3 contig_87
		Skipping redundant alignment 34981 35062 | 1786823 1786904 | 82 82 | 100.0 | bs_ill_bs_contig15 contig_87
		Skipping redundant alignment 18222 18293 | 2568645 2568574 | 72 72 | 100.0 | bs_ill_bs_contig20 contig_87
		Skipping redundant alignment 99075 99146 | 2568574 2568645 | 72 72 | 100.0 | bs_ill_bs_contig3 contig_87
		Skipping redundant alignment 34981 35053 | 2568646 2568574 | 73 73 | 100.0 | bs_ill_bs_contig15 contig_87
		Skipping redundant alignment 99180 99347 | 2572609 2572774 | 168 166 | 90.64 | bs_ill_bs_contig3 contig_87
		This contig has several significant sets of alignments. [An ambiguously mapped contig]
		Using only the very best set (option --ambiguity-usage is set to "one").
			The best set is below. Score: 13477.1, number of alignments: 47, unaligned bases: 2973005
		This contig is misassembled.
		This contig is partially unaligned. (Aligned 17664 out of 2990669 non-N bases (0.59%))
			Warning! This contig is more unaligned than misassembled. Contig length is 2990669 (number of Ns: 0) and total length of all aligns is 17664
		Alignment: 2 1055 | 286073 287116 | 1054 1044 | 91.39 | bs_ill_bs_contig839 contig_87
		Alignment: 194 272 | 287407 287485 | 79 79 | 92.41 | bs_ill_bs_contig991 contig_87
		Alignment: 408 495 | 287623 287710 | 88 88 | 97.73 | bs_ill_bs_contig991 contig_87
		Alignment: 497 579 | 287711 287793 | 83 83 | 92.77 | bs_ill_bs_contig991 contig_87
		Alignment: 583 658 | 287797 287872 | 76 76 | 90.79 | bs_ill_bs_contig991 contig_87
		Alignment: 659 827 | 287874 288042 | 169 169 | 90.53 | bs_ill_bs_contig991 contig_87
		Alignment: 610 889 | 289670 289391 | 280 280 | 92.14 | bs_ill_bs_contig933 contig_87
		Alignment: 423 502 | 289856 289777 | 80 80 | 95.0 | bs_ill_bs_contig933 contig_87
		Alignment: 229 294 | 290053 289988 | 66 66 | 96.97 | bs_ill_bs_contig933 contig_87
		Alignment: 1 67 | 290279 290213 | 67 67 | 98.51 | bs_ill_bs_contig933 contig_87
		Alignment: 1 1065 | 292071 293124 | 1065 1054 | 90.84 | bs_ill_bs_contig839 contig_87
		Alignment: 108 174 | 293311 293377 | 67 67 | 94.03 | bs_ill_bs_contig991 contig_87
		Alignment: 487 566 | 293694 293773 | 80 80 | 92.5 | bs_ill_bs_contig991 contig_87
		Alignment: 693 910 | 293896 294113 | 218 218 | 90.83 | bs_ill_bs_contig991 contig_87
		Alignment: 259 720 | 294577 294118 | 462 460 | 90.99 | bs_ill_bs_contig1146 contig_87
		Alignment: 9 966 | 296231 295289 | 958 943 | 91.71 | bs_ill_bs_contig933 contig_87
		Alignment: 66 159 | 529530 529623 | 94 94 | 95.74 | bs_ill_bs_contig839 contig_87
		Alignment: 244 314 | 529701 529771 | 71 71 | 98.59 | bs_ill_bs_contig839 contig_87
		Alignment: 647 763 | 530096 530212 | 117 117 | 95.73 | bs_ill_bs_contig839 contig_87
		Alignment: 108 338 | 530714 530944 | 231 231 | 93.07 | bs_ill_bs_contig991 contig_87
		Alignment: 343 579 | 530952 531188 | 237 237 | 94.09 | bs_ill_bs_contig991 contig_87
		Alignment: 541 639 | 531708 531610 | 99 99 | 95.96 | bs_ill_bs_contig1146 contig_87
		Alignment: 259 343 | 531990 531906 | 85 85 | 92.94 | bs_ill_bs_contig1146 contig_87
		Alignment: 83 215 | 532165 532033 | 133 133 | 91.73 | bs_ill_bs_contig1146 contig_87
		Alignment: 1 4776 | 678689 673991 | 4776 4699 | 97.48 | bs_ill_bs_contig89 contig_87
		Alignment: 1 966 | 1077507 1078469 | 966 963 | 91.8 | bs_ill_bs_contig933 contig_87
		Alignment: 665 745 | 1080146 1080066 | 81 81 | 95.06 | bs_ill_bs_contig991 contig_87
		Alignment: 462 554 | 1080339 1080247 | 93 93 | 92.47 | bs_ill_bs_contig991 contig_87
		Alignment: 369 461 | 1080433 1080341 | 93 93 | 93.55 | bs_ill_bs_contig991 contig_87
		Alignment: 183 328 | 1080623 1080478 | 146 146 | 94.52 | bs_ill_bs_contig991 contig_87
		Alignment: 108 182 | 1080699 1080625 | 75 75 | 96.0 | bs_ill_bs_contig991 contig_87
		Alignment: 1 1065 | 1081959 1080891 | 1065 1069 | 92.67 | bs_ill_bs_contig839 contig_87
		Alignment: 1 277 | 1081905 1082179 | 277 275 | 90.0 | bs_ill_bs_contig13 contig_87
		Alignment: 18222 18295 | 1082587 1082660 | 74 74 | 100.0 | bs_ill_bs_contig20 contig_87
		Alignment: 1 966 | 1675696 1676652 | 966 957 | 90.16 | bs_ill_bs_contig933 contig_87
		Alignment: 83 198 | 1677199 1677314 | 116 116 | 92.24 | bs_ill_bs_contig1146 contig_87
		Alignment: 322 392 | 1677435 1677505 | 71 71 | 91.55 | bs_ill_bs_contig1146 contig_87
		Alignment: 479 563 | 1677590 1677674 | 85 85 | 95.29 | bs_ill_bs_contig1146 contig_87
		Alignment: 1 1065 | 1679892 1678821 | 1065 1072 | 90.94 | bs_ill_bs_contig839 contig_87
		Alignment: 83 198 | 1781817 1781932 | 116 116 | 93.1 | bs_ill_bs_contig1146 contig_87
		Alignment: 500 580 | 1782233 1782313 | 81 81 | 100.0 | bs_ill_bs_contig1146 contig_87
		Alignment: 640 720 | 1782370 1782450 | 81 81 | 96.3 | bs_ill_bs_contig1146 contig_87
		Alignment: 659 784 | 1782704 1782579 | 126 126 | 91.27 | bs_ill_bs_contig991 contig_87
		Alignment: 345 477 | 1783018 1782886 | 133 133 | 90.23 | bs_ill_bs_contig991 contig_87
		Alignment: 108 234 | 1783262 1783136 | 127 127 | 94.49 | bs_ill_bs_contig991 contig_87
		Alignment: 1 1063 | 1784509 1783453 | 1063 1057 | 91.47 | bs_ill_bs_contig839 contig_87
		Alignment: 1 264 | 1784455 1784717 | 264 263 | 90.57 | bs_ill_bs_contig13 contig_87
		Unaligned bases: 2973005

CONTIG: contig_94 (1945410bp)
Best alignment score: 944.7 (LEN: 1049, IDY: 90.06), Total number of alignments: 44
			Looking for the best set of alignments (out of 44 total alignments)
			Skipping redundant alignments after choosing the best set of alignments
		Skipping redundant alignment 420 488 | 66695 66763 | 69 69 | 94.2 | bs_ill_bs_contig991 contig_94
		Skipping redundant alignment 500 605 | 67407 67302 | 106 106 | 94.34 | bs_ill_bs_contig1146 contig_94
		Skipping redundant alignment 357 421 | 1655653 1655717 | 65 65 | 95.38 | bs_ill_bs_contig839 contig_94
		Skipping redundant alignment 627 709 | 1655914 1655996 | 83 83 | 92.77 | bs_ill_bs_contig839 contig_94
		Skipping redundant alignment 976 1066 | 1656250 1656340 | 91 91 | 95.6 | bs_ill_bs_contig839 contig_94
		Skipping redundant alignment 364 510 | 1656797 1656943 | 147 147 | 90.48 | bs_ill_bs_contig991 contig_94
		Skipping redundant alignment 540 714 | 1657533 1657359 | 175 175 | 92.57 | bs_ill_bs_contig1146 contig_94
		Skipping redundant alignment 379 477 | 143639 143737 | 99 99 | 92.93 | bs_ill_bs_contig991 contig_94
		Skipping redundant alignment 550 618 | 144352 144284 | 69 69 | 100.0 | bs_ill_bs_contig1146 contig_94
		Skipping redundant alignment 128 319 | 1655423 1655614 | 192 192 | 97.4 | bs_ill_bs_contig839 contig_94
		Skipping redundant alignment 837 967 | 180907 180777 | 131 131 | 90.84 | bs_ill_bs_contig933 contig_94
		Skipping redundant alignment 462 543 | 181283 181202 | 82 82 | 90.24 | bs_ill_bs_contig933 contig_94
		Skipping redundant alignment 492 658 | 843084 843247 | 167 164 | 90.48 | bs_ill_bs_contig1146 contig_94
		Skipping redundant alignment 108 298 | 844118 843928 | 191 191 | 90.05 | bs_ill_bs_contig991 contig_94
			The best set is below. Score: 2806.7, number of alignments: 30, unaligned bases: 1941311
		This contig is misassembled.
		This contig is partially unaligned. (Aligned 4099 out of 1945410 non-N bases (0.21%))
			Warning! This contig is more unaligned than misassembled. Contig length is 1945410 (number of Ns: 0) and total length of all aligns is 4099
		Alignment: 1 1065 | 65130 66178 | 1065 1049 | 90.06 | bs_ill_bs_contig839 contig_94
		Alignment: 877 967 | 68598 68508 | 91 91 | 96.7 | bs_ill_bs_contig933 contig_94
		Alignment: 766 872 | 68708 68602 | 107 107 | 95.33 | bs_ill_bs_contig933 contig_94
		Alignment: 545 739 | 68927 68733 | 195 195 | 90.26 | bs_ill_bs_contig933 contig_94
		Alignment: 49 114 | 69418 69353 | 66 66 | 90.91 | bs_ill_bs_contig933 contig_94
		Alignment: 1 110 | 142129 142238 | 110 110 | 98.18 | bs_ill_bs_contig839 contig_94
		Alignment: 116 377 | 142243 142504 | 262 262 | 97.33 | bs_ill_bs_contig839 contig_94
		Alignment: 620 712 | 142749 142841 | 93 93 | 93.55 | bs_ill_bs_contig839 contig_94
		Alignment: 818 928 | 142942 143052 | 111 111 | 91.89 | bs_ill_bs_contig839 contig_94
		Alignment: 610 724 | 145669 145555 | 115 115 | 95.65 | bs_ill_bs_contig933 contig_94
		Alignment: 500 608 | 145778 145670 | 109 109 | 92.66 | bs_ill_bs_contig933 contig_94
		Alignment: 60 129 | 146208 146139 | 70 70 | 90.0 | bs_ill_bs_contig933 contig_94
		Alignment: 60 167 | 177665 177772 | 108 108 | 100.0 | bs_ill_bs_contig839 contig_94
		Alignment: 170 252 | 177782 177864 | 83 83 | 96.39 | bs_ill_bs_contig839 contig_94
		Alignment: 349 427 | 177962 178040 | 79 79 | 97.47 | bs_ill_bs_contig839 contig_94
		Alignment: 726 794 | 178338 178406 | 69 69 | 100.0 | bs_ill_bs_contig839 contig_94
		Alignment: 818 928 | 178430 178540 | 111 111 | 91.89 | bs_ill_bs_contig839 contig_94
		Alignment: 952 1021 | 178553 178622 | 70 70 | 97.14 | bs_ill_bs_contig839 contig_94
		Alignment: 560 645 | 841585 841670 | 86 86 | 90.7 | bs_ill_bs_contig933 contig_94
		Alignment: 646 737 | 841674 841765 | 92 92 | 93.48 | bs_ill_bs_contig933 contig_94
		Alignment: 783 967 | 841811 841995 | 185 185 | 94.59 | bs_ill_bs_contig933 contig_94
		Alignment: 960 1044 | 844419 844335 | 85 85 | 96.47 | bs_ill_bs_contig839 contig_94
		Alignment: 714 794 | 844658 844578 | 81 81 | 100.0 | bs_ill_bs_contig839 contig_94
		Alignment: 314 457 | 845057 844914 | 144 144 | 94.44 | bs_ill_bs_contig839 contig_94
		Alignment: 227 298 | 845144 845073 | 72 72 | 98.61 | bs_ill_bs_contig839 contig_94
		Alignment: 1 76 | 845363 845288 | 76 76 | 94.74 | bs_ill_bs_contig839 contig_94
		Alignment: 805 903 | 1658649 1658551 | 99 99 | 92.93 | bs_ill_bs_contig933 contig_94
		Alignment: 652 729 | 1658805 1658728 | 78 78 | 93.59 | bs_ill_bs_contig933 contig_94
		Alignment: 202 298 | 1659255 1659159 | 97 97 | 94.85 | bs_ill_bs_contig933 contig_94
		Alignment: 26 131 | 1659430 1659325 | 106 106 | 90.57 | bs_ill_bs_contig933 contig_94
		Unaligned bases: 1941311

CONTIG: contig_97 (4763766bp)
Best alignment score: 206.1 (LEN: 229, IDY: 90.00), Total number of alignments: 5
			Looking for the best set of alignments (out of 5 total alignments)
			Skipping redundant alignments after choosing the best set of alignments
		Skipping redundant alignment 707 788 | 1559901 1559820 | 82 82 | 97.56 | bs_ill_bs_contig839 contig_97
		Skipping redundant alignment 649 728 | 1650491 1650570 | 80 80 | 95.0 | bs_ill_bs_contig933 contig_97
		Skipping redundant alignment 874 965 | 1650715 1650806 | 92 92 | 91.3 | bs_ill_bs_contig933 contig_97
		Skipping redundant alignment 603 709 | 2470971 2471077 | 107 107 | 93.46 | bs_ill_bs_contig933 contig_97
			The best set is below. Score: 206.1, number of alignments: 1, unaligned bases: 4763537
		This contig is partially unaligned. (Aligned 229 out of 4763766 non-N bases (0.00%))
		Alignment: 61 290 | 1011885 1012113 | 230 229 | 90.0 | bs_ill_bs_contig839 contig_97
		Unaligned bases: 1 to 1011884 (1011884)
		Unaligned bases: 1012114 to 4763766 (3751653)

Analyzing coverage...
Writing SNPs into /media3/lucia/zymo_mock_community/asms_cuantizados/v5_13-2-21_1bin/metaquast-1bin/runs_per_reference/bs_ill/contigs_reports/minimap_output/r10_1bin_3_raw.used_snps.gz

Analysis is finished!
Founded SNPs were written into /media3/lucia/zymo_mock_community/asms_cuantizados/v5_13-2-21_1bin/metaquast-1bin/runs_per_reference/bs_ill/contigs_reports/minimap_output/r10_1bin_3_raw.used_snps.gz

Results:
	Local Misassemblies: 17
	Misassemblies: 31
		Relocations: 0
		Translocations: 31
		Inversions: 0
	Scaffold gap extensive misassemblies: 0
	Scaffold gap local misassemblies: 0
	Misassemblies caused by fragmented reference: 30
	Misassembled Contigs: 1
	Misassembled Contig Bases: 4043032
	Misassemblies Inter-Contig Overlap: 0
Unaligned Contigs: 0 + 6 part
Half Unaligned Contigs with Misassemblies: 4
Unaligned Contig Bases: 15246396

Ambiguously Mapped Contigs: 3
Total Bases in Ambiguously Mapped Contigs: 8553381
Extra Bases in Ambiguously Mapped Contigs: 0
Note that --allow-ambiguity option was set to "one" and only first alignment per each of these contigs was used.

	Covered Bases: 3985510

	SNPs: 3406
	Insertions: 1767
	Deletions: 5552

