Aligning contigs to reference...
	Aligning contigs to the reference
Filtering alignments...
Parsing coords...
Loading reference...
	Loaded [sa_ill_sa_contig28]
	Loaded [sa_ill_sa_contig29]
	Loaded [sa_ill_sa_contig15]
	Loaded [sa_ill_sa_contig22]
	Loaded [sa_ill_sa_contig23]
	Loaded [sa_ill_sa_contig20]
	Loaded [sa_ill_sa_contig21]
	Loaded [sa_ill_sa_contig26]
	Loaded [sa_ill_sa_contig27]
	Loaded [sa_ill_sa_contig24]
	Loaded [sa_ill_sa_contig25]
	Loaded [sa_ill_sa_contig48]
	Loaded [sa_ill_sa_contig49]
	Loaded [sa_ill_sa_contig64]
	Loaded [sa_ill_sa_contig65]
	Loaded [sa_ill_sa_contig63]
	Loaded [sa_ill_sa_contig60]
	Loaded [sa_ill_sa_contig61]
	Loaded [sa_ill_sa_contig40]
	Loaded [sa_ill_sa_contig41]
	Loaded [sa_ill_sa_contig42]
	Loaded [sa_ill_sa_contig43]
	Loaded [sa_ill_sa_contig44]
	Loaded [sa_ill_sa_contig45]
	Loaded [sa_ill_sa_contig46]
	Loaded [sa_ill_sa_contig47]
	Loaded [sa_ill_sa_contig9]
	Loaded [sa_ill_sa_contig8]
	Loaded [sa_ill_sa_contig3]
	Loaded [sa_ill_sa_contig2]
	Loaded [sa_ill_sa_contig1]
	Loaded [sa_ill_sa_contig7]
	Loaded [sa_ill_sa_contig6]
	Loaded [sa_ill_sa_contig5]
	Loaded [sa_ill_sa_contig4]
	Loaded [sa_ill_sa_contig19]
	Loaded [sa_ill_sa_contig68]
	Loaded [sa_ill_sa_contig39]
	Loaded [sa_ill_sa_contig38]
	Loaded [sa_ill_sa_contig31]
	Loaded [sa_ill_sa_contig30]
	Loaded [sa_ill_sa_contig33]
	Loaded [sa_ill_sa_contig32]
	Loaded [sa_ill_sa_contig35]
	Loaded [sa_ill_sa_contig34]
	Loaded [sa_ill_sa_contig37]
	Loaded [sa_ill_sa_contig36]
	Loaded [sa_ill_sa_contig13]
	Loaded [sa_ill_sa_contig12]
	Loaded [sa_ill_sa_contig11]
	Loaded [sa_ill_sa_contig10]
	Loaded [sa_ill_sa_contig17]
	Loaded [sa_ill_sa_contig16]
	Loaded [sa_ill_sa_contig59]
	Loaded [sa_ill_sa_contig58]
	Loaded [sa_ill_sa_contig57]
	Loaded [sa_ill_sa_contig56]
	Loaded [sa_ill_sa_contig14]
	Loaded [sa_ill_sa_contig18]
	Loaded [sa_ill_sa_contig53]
	Loaded [sa_ill_sa_contig52]
	Loaded [sa_ill_sa_contig51]
	Loaded [sa_ill_sa_contig50]
	Loaded [sa_ill_sa_contig66]
	Loaded [sa_ill_sa_contig67]
	Loaded [sa_ill_sa_contig55]
	Loaded [sa_ill_sa_contig54]
	Total Regions: 67
	Total Region Length: 2689205
Analyzing contigs...
CONTIG: contig_45 (2720646bp)
Best alignment score: 223113.7 (LEN: 223516, IDY: 99.82), Total number of alignments: 163
			Too much alignments (163), will use speed up heuristics
			Found 62 solid alignments:
		Solid alignment 203 3323 | 373 3496 | 3121 3124 | 99.71 | sa_ill_sa_contig41 contig_45
		Solid alignment 1 1706 | 3914 5616 | 1706 1703 | 99.47 | sa_ill_sa_contig8 contig_45
		Solid alignment 1 34443 | 39977 5516 | 34443 34462 | 99.87 | sa_ill_sa_contig24 contig_45
		Solid alignment 1 38786 | 78768 39960 | 38786 38809 | 99.85 | sa_ill_sa_contig22 contig_45
		Solid alignment 1 34367 | 113693 79302 | 34367 34392 | 99.84 | sa_ill_sa_contig25 contig_45
		Solid alignment 203 3323 | 113858 116980 | 3121 3123 | 99.62 | sa_ill_sa_contig41 contig_45
		Solid alignment 1 131983 | 117352 249415 | 131983 132064 | 99.84 | sa_ill_sa_contig8 contig_45
		Solid alignment 1 149926 | 249757 399312 | 149926 149556 | 99.52 | sa_ill_sa_contig5 contig_45
		Solid alignment 1 30897 | 399358 430266 | 30897 30909 | 99.89 | sa_ill_sa_contig27 contig_45
		Solid alignment 5 2978 | 434166 431192 | 2974 2975 | 99.6 | sa_ill_sa_contig43 contig_45
		Solid alignment 1 13692 | 447818 434116 | 13692 13703 | 99.8 | sa_ill_sa_contig35 contig_45
		Solid alignment 1 125486 | 448550 574333 | 125486 125784 | 99.67 | sa_ill_sa_contig10 contig_45
		Solid alignment 1 20896 | 597506 576602 | 20896 20905 | 99.88 | sa_ill_sa_contig32 contig_45
		Solid alignment 1 130429 | 727876 597437 | 130429 130440 | 99.76 | sa_ill_sa_contig9 contig_45
		Solid alignment 1 4636 | 727822 732466 | 4636 4645 | 99.81 | sa_ill_sa_contig40 contig_45
		Solid alignment 1 5318 | 732467 737787 | 5318 5321 | 99.76 | sa_ill_sa_contig38 contig_45
		Solid alignment 1 4636 | 742427 737788 | 4636 4640 | 99.91 | sa_ill_sa_contig40 contig_45
		Solid alignment 1 26180 | 768571 742373 | 26180 26199 | 99.85 | sa_ill_sa_contig29 contig_45
		Solid alignment 1 1727 | 772052 770322 | 1727 1731 | 99.65 | sa_ill_sa_contig46 contig_45
		Solid alignment 1 43683 | 771998 815532 | 43683 43535 | 99.37 | sa_ill_sa_contig18 contig_45
		Solid alignment 1 142808 | 816066 959026 | 142808 142961 | 99.81 | sa_ill_sa_contig6 contig_45
		Solid alignment 1 21042 | 959179 980241 | 21042 21063 | 99.86 | sa_ill_sa_contig31 contig_45
		Solid alignment 43249 70357 | 1007748 980621 | 27109 27128 | 99.28 | sa_ill_sa_contig12 contig_45
		Solid alignment 1 44268 | 1051531 1007239 | 44268 44293 | 99.69 | sa_ill_sa_contig12 contig_45
		Solid alignment 1 50706 | 1051487 1102225 | 50706 50739 | 99.87 | sa_ill_sa_contig17 contig_45
		Solid alignment 1 5104 | 1102171 1107276 | 5104 5106 | 99.9 | sa_ill_sa_contig39 contig_45
		Solid alignment 1 14362 | 1107222 1121596 | 14362 14375 | 99.84 | sa_ill_sa_contig33 contig_45
		Solid alignment 1 6686 | 1129000 1122308 | 6686 6693 | 99.76 | sa_ill_sa_contig37 contig_45
		Solid alignment 1 2840 | 1129027 1131867 | 2840 2841 | 99.58 | sa_ill_sa_contig44 contig_45
		Solid alignment 1 1631 | 1133443 1131813 | 1631 1631 | 99.88 | sa_ill_sa_contig47 contig_45
		Solid alignment 1 41074 | 1174582 1133470 | 41074 41113 | 99.8 | sa_ill_sa_contig20 contig_45
		Solid alignment 1 1704 | 1176230 1174528 | 1704 1703 | 99.71 | sa_ill_sa_contig8 contig_45
		Solid alignment 203 3323 | 1179740 1176618 | 3121 3123 | 99.81 | sa_ill_sa_contig41 contig_45
		Solid alignment 1 38352 | 1218757 1180369 | 38352 38389 | 99.82 | sa_ill_sa_contig23 contig_45
		Solid alignment 1 1703 | 1220869 1219167 | 1703 1703 | 99.71 | sa_ill_sa_contig8 contig_45
		Solid alignment 1 3323 | 1224523 1221199 | 3323 3325 | 99.73 | sa_ill_sa_contig41 contig_45
		Solid alignment 1 1704 | 1226127 1224425 | 1704 1703 | 99.71 | sa_ill_sa_contig8 contig_45
		Solid alignment 203 3323 | 1229545 1226424 | 3121 3122 | 99.78 | sa_ill_sa_contig41 contig_45
		Solid alignment 1 56123 | 1286038 1229997 | 56123 56042 | 99.6 | sa_ill_sa_contig15 contig_45
		Solid alignment 1 3261 | 1290021 1286755 | 3261 3267 | 99.79 | sa_ill_sa_contig42 contig_45
		Solid alignment 1 211909 | 1290221 1502268 | 211909 212048 | 99.84 | sa_ill_sa_contig2 contig_45
		Solid alignment 1 207093 | 1502215 1709342 | 207093 207128 | 99.76 | sa_ill_sa_contig3 contig_45
		Solid alignment 1 78138 | 1709355 1787442 | 78138 78088 | 99.64 | sa_ill_sa_contig7 contig_45
		Solid alignment 77953 134302 | 1787123 1843513 | 56350 56391 | 99.79 | sa_ill_sa_contig7 contig_45
		Solid alignment 1 50729 | 1894347 1843576 | 50729 50772 | 99.82 | sa_ill_sa_contig16 contig_45
		Solid alignment 1 177172 | 2071623 1894328 | 177172 177296 | 99.82 | sa_ill_sa_contig4 contig_45
		Solid alignment 1 41771 | 2071812 2113622 | 41771 41811 | 99.82 | sa_ill_sa_contig19 contig_45
		Solid alignment 62883 66071 | 2116804 2113612 | 3189 3193 | 99.41 | sa_ill_sa_contig13 contig_45
		Solid alignment 1 63338 | 2179975 2116579 | 63338 63397 | 99.74 | sa_ill_sa_contig13 contig_45
		Solid alignment 1 223346 | 2406300 2182785 | 223346 223516 | 99.82 | sa_ill_sa_contig1 contig_45
		Solid alignment 1 1418 | 2406246 2407666 | 1418 1421 | 99.65 | sa_ill_sa_contig48 contig_45
		Solid alignment 1 98600 | 2506301 2407632 | 98600 98670 | 99.83 | sa_ill_sa_contig11 contig_45
		Solid alignment 1 7163 | 2506247 2513412 | 7163 7166 | 99.9 | sa_ill_sa_contig36 contig_45
		Solid alignment 1 21790 | 2535178 2513387 | 21790 21792 | 99.89 | sa_ill_sa_contig30 contig_45
		Solid alignment 1 14210 | 2550117 2535890 | 14210 14228 | 99.75 | sa_ill_sa_contig34 contig_45
		Solid alignment 1 32969 | 2550271 2583257 | 32969 32987 | 99.81 | sa_ill_sa_contig26 contig_45
		Solid alignment 2 925 | 2583462 2584380 | 924 919 | 97.95 | sa_ill_sa_contig51 contig_45
		Solid alignment 198 3323 | 2584934 2588067 | 3126 3134 | 99.65 | sa_ill_sa_contig41 contig_45
		Solid alignment 1 1701 | 2588489 2590189 | 1701 1701 | 99.71 | sa_ill_sa_contig8 contig_45
		Solid alignment 1 28120 | 2590094 2618230 | 28120 28137 | 99.83 | sa_ill_sa_contig28 contig_45
		Solid alignment 1 39729 | 2618235 2657990 | 39729 39756 | 99.85 | sa_ill_sa_contig21 contig_45
		Solid alignment 1 62389 | 2658370 2720646 | 62389 62277 | 99.62 | sa_ill_sa_contig14 contig_45
			Skipping alignments located inside solid regions since they are redundant:
		Skipping redundant alignment 78536 78699 | 40014 39851 | 164 164 | 99.39 | sa_ill_sa_contig10 contig_45
		Skipping redundant alignment 90836 91001 | 40014 39849 | 166 166 | 100.0 | sa_ill_sa_contig3 contig_45
		Skipping redundant alignment 34638 34741 | 399155 399258 | 104 104 | 99.04 | sa_ill_sa_contig6 contig_45
		Skipping redundant alignment 30505 30668 | 434005 434168 | 164 164 | 92.68 | sa_ill_sa_contig27 contig_45
		Skipping redundant alignment 30742 30889 | 434245 434392 | 148 148 | 97.97 | sa_ill_sa_contig27 contig_45
		Skipping redundant alignment 7 169 | 768118 768280 | 163 163 | 92.02 | sa_ill_sa_contig54 contig_45
		Skipping redundant alignment 40727 41072 | 1132021 1131676 | 346 346 | 92.49 | sa_ill_sa_contig20 contig_45
		Skipping redundant alignment 1 157 | 1174627 1174470 | 157 158 | 98.1 | sa_ill_sa_contig41 contig_45
		Skipping redundant alignment 37896 37992 | 1230400 1230304 | 97 97 | 96.91 | sa_ill_sa_contig23 contig_45
		Skipping redundant alignment 353 495 | 1286807 1286949 | 143 143 | 95.1 | sa_ill_sa_contig2 contig_45
		Skipping redundant alignment 4728 4899 | 1289956 1289785 | 172 172 | 92.44 | sa_ill_sa_contig15 contig_45
		Skipping redundant alignment 4113 4199 | 1290565 1290479 | 87 87 | 91.95 | sa_ill_sa_contig15 contig_45
		Skipping redundant alignment 45 153 | 1894378 1894271 | 109 108 | 99.08 | sa_ill_sa_contig21 contig_45
		Skipping redundant alignment 206251 206340 | 1894382 1894293 | 90 90 | 100.0 | sa_ill_sa_contig2 contig_45
		Skipping redundant alignment 46345 46434 | 1894382 1894293 | 90 90 | 100.0 | sa_ill_sa_contig4 contig_45
		Skipping redundant alignment 78678 78767 | 1894382 1894293 | 90 90 | 100.0 | sa_ill_sa_contig8 contig_45
		Skipping redundant alignment 34639 34756 | 1894266 1894382 | 118 117 | 99.15 | sa_ill_sa_contig6 contig_45
		Skipping redundant alignment 149769 149886 | 1894266 1894382 | 118 117 | 99.15 | sa_ill_sa_contig5 contig_45
		Skipping redundant alignment 34799 34900 | 2113507 2113406 | 102 102 | 98.04 | sa_ill_sa_contig6 contig_45
		Skipping redundant alignment 31678 31950 | 2113440 2113714 | 273 275 | 95.64 | sa_ill_sa_contig10 contig_45
		Skipping redundant alignment 34638 34798 | 2113726 2113566 | 161 161 | 97.52 | sa_ill_sa_contig6 contig_45
		Skipping redundant alignment 149767 149926 | 2113727 2113568 | 160 160 | 98.12 | sa_ill_sa_contig5 contig_45
		Skipping redundant alignment 211641 211778 | 2506184 2506321 | 138 138 | 93.53 | sa_ill_sa_contig2 contig_45
		Skipping redundant alignment 31526 31680 | 2506178 2506332 | 155 155 | 93.59 | sa_ill_sa_contig10 contig_45
		Skipping redundant alignment 139 293 | 2506332 2506178 | 155 155 | 93.59 | sa_ill_sa_contig27 contig_45
		Skipping redundant alignment 90836 90999 | 2513441 2513278 | 164 164 | 99.39 | sa_ill_sa_contig3 contig_45
		Skipping redundant alignment 78536 78700 | 2513441 2513277 | 165 165 | 98.79 | sa_ill_sa_contig10 contig_45
		Skipping redundant alignment 206160 206254 | 2618125 2618219 | 95 95 | 96.84 | sa_ill_sa_contig2 contig_45
		Skipping redundant alignment 46254 46348 | 2618125 2618219 | 95 95 | 96.84 | sa_ill_sa_contig4 contig_45
		Skipping redundant alignment 206255 206363 | 2618279 2618387 | 109 109 | 99.08 | sa_ill_sa_contig2 contig_45
		Skipping redundant alignment 46349 46457 | 2618279 2618387 | 109 109 | 98.17 | sa_ill_sa_contig4 contig_45
			Looking for the best set of alignments (out of 132 total alignments)
		Ambiguity for this contig is not checked for speed up (too much alignments and --ambiguity-usage is "one")
			Skipping redundant alignments after choosing the best set of alignments
		Skipping redundant alignment 38188 38352 | 114 278 | 165 165 | 95.76 | sa_ill_sa_contig23 contig_45
		Skipping redundant alignment 45829 46373 | 2658479 2657936 | 545 544 | 98.17 | sa_ill_sa_contig14 contig_45
		Skipping redundant alignment 249 397 | 113848 113700 | 149 149 | 99.33 | sa_ill_sa_contig34 contig_45
		Skipping redundant alignment 169546 169626 | 113773 113853 | 81 81 | 98.77 | sa_ill_sa_contig3 contig_45
		Skipping redundant alignment 98002 98191 | 249319 249508 | 190 190 | 97.89 | sa_ill_sa_contig11 contig_45
		Skipping redundant alignment 45846 46038 | 249316 249508 | 193 193 | 98.45 | sa_ill_sa_contig14 contig_45
		Skipping redundant alignment 106941 107135 | 249316 249510 | 195 195 | 98.46 | sa_ill_sa_contig3 contig_45
		Skipping redundant alignment 98340 98600 | 249530 249790 | 261 261 | 95.02 | sa_ill_sa_contig11 contig_45
		Skipping redundant alignment 98340 98600 | 249530 249790 | 261 261 | 95.02 | sa_ill_sa_contig11 contig_45
		Skipping redundant alignment 46187 46447 | 249530 249790 | 261 261 | 94.64 | sa_ill_sa_contig14 contig_45
		Skipping redundant alignment 34742 34810 | 399316 399384 | 69 69 | 100.0 | sa_ill_sa_contig6 contig_45
		Skipping redundant alignment 126 348 | 399388 399168 | 223 221 | 91.23 | sa_ill_sa_contig31 contig_45
		Skipping redundant alignment 31524 31858 | 399652 399316 | 335 337 | 92.51 | sa_ill_sa_contig10 contig_45
		Skipping redundant alignment 13419 13639 | 431129 430909 | 221 221 | 91.44 | sa_ill_sa_contig35 contig_45
		Skipping redundant alignment 29935 30062 | 431083 431212 | 128 130 | 93.85 | sa_ill_sa_contig27 contig_45
		Skipping redundant alignment 1 162 | 431083 431246 | 162 164 | 93.29 | sa_ill_sa_contig53 contig_45
		Skipping redundant alignment 2568 3906 | 448874 447506 | 1339 1369 | 91.24 | sa_ill_sa_contig35 contig_45
		Skipping redundant alignment 334 638 | 768448 768752 | 305 305 | 90.16 | sa_ill_sa_contig54 contig_45
		Skipping redundant alignment 1173 1420 | 769219 768972 | 248 248 | 90.32 | sa_ill_sa_contig46 contig_45
		Skipping redundant alignment 1 280 | 769556 769277 | 280 280 | 91.07 | sa_ill_sa_contig46 contig_45
		Skipping redundant alignment 410 549 | 769969 769830 | 140 140 | 92.86 | sa_ill_sa_contig46 contig_45
		Skipping redundant alignment 1 370 | 770378 770009 | 370 370 | 91.35 | sa_ill_sa_contig46 contig_45
		Skipping redundant alignment 337 638 | 770094 770395 | 302 302 | 90.73 | sa_ill_sa_contig54 contig_45
		Skipping redundant alignment 98115 98262 | 959164 959311 | 148 148 | 100.0 | sa_ill_sa_contig11 contig_45
		Skipping redundant alignment 45956 46109 | 959158 959311 | 154 154 | 97.4 | sa_ill_sa_contig14 contig_45
		Skipping redundant alignment 106923 107138 | 980166 980381 | 216 216 | 99.54 | sa_ill_sa_contig3 contig_45
		Skipping redundant alignment 45829 46060 | 980167 980398 | 232 232 | 99.57 | sa_ill_sa_contig14 contig_45
		Skipping redundant alignment 97985 98221 | 980171 980406 | 237 236 | 98.31 | sa_ill_sa_contig11 contig_45
		Skipping redundant alignment 45829 46068 | 980167 980406 | 240 240 | 99.58 | sa_ill_sa_contig14 contig_45
		Skipping redundant alignment 46187 46447 | 980399 980659 | 261 261 | 97.7 | sa_ill_sa_contig14 contig_45
		Skipping redundant alignment 62390 62538 | 1179851 1179705 | 149 147 | 92.72 | sa_ill_sa_contig14 contig_45
		Skipping redundant alignment 62501 62586 | 1179997 1179912 | 86 86 | 98.84 | sa_ill_sa_contig14 contig_45
		Skipping redundant alignment 55995 56117 | 1180022 1179901 | 123 122 | 98.37 | sa_ill_sa_contig15 contig_45
		Skipping redundant alignment 62390 62604 | 1180387 1180173 | 215 215 | 93.58 | sa_ill_sa_contig14 contig_45
		Skipping redundant alignment 62501 62604 | 1229825 1229722 | 104 104 | 99.04 | sa_ill_sa_contig14 contig_45
		Skipping redundant alignment 38161 38352 | 1229850 1229660 | 192 191 | 96.35 | sa_ill_sa_contig23 contig_45
		Skipping redundant alignment 38158 38352 | 1230129 1229935 | 195 195 | 94.87 | sa_ill_sa_contig23 contig_45
		Skipping redundant alignment 1 265 | 1286467 1286731 | 265 265 | 90.57 | sa_ill_sa_contig2 contig_45
		Skipping redundant alignment 266 334 | 1286738 1286806 | 69 69 | 92.75 | sa_ill_sa_contig2 contig_45
		Skipping redundant alignment 4206 4721 | 1290478 1289963 | 516 516 | 94.19 | sa_ill_sa_contig15 contig_45
		Skipping redundant alignment 3429 3620 | 2071546 2071737 | 192 192 | 99.48 | sa_ill_sa_contig19 contig_45
		Skipping redundant alignment 45962 46038 | 2071797 2071873 | 77 77 | 100.0 | sa_ill_sa_contig14 contig_45
		Skipping redundant alignment 98115 98191 | 2071797 2071873 | 77 77 | 98.7 | sa_ill_sa_contig11 contig_45
		Skipping redundant alignment 305 382 | 2550152 2550230 | 78 79 | 98.73 | sa_ill_sa_contig51 contig_45
		Skipping redundant alignment 1 161 | 2550152 2550325 | 161 174 | 92.53 | sa_ill_sa_contig51 contig_45
		Skipping redundant alignment 105 186 | 2583284 2583203 | 82 82 | 100.0 | sa_ill_sa_contig25 contig_45
		Skipping redundant alignment 164 242 | 2583288 2583366 | 79 79 | 100.0 | sa_ill_sa_contig23 contig_45
		Skipping redundant alignment 87 460 | 2584683 2585056 | 374 374 | 99.2 | sa_ill_sa_contig23 contig_45
		Skipping redundant alignment 688 765 | 2588270 2588347 | 78 78 | 100.0 | sa_ill_sa_contig51 contig_45
		Skipping redundant alignment 142 348 | 2618174 2618380 | 207 207 | 97.58 | sa_ill_sa_contig31 contig_45
			The best set is below. Score: 2700640.0, number of alignments: 82, unaligned bases: 9254
		This contig is misassembled.
		This contig is partially unaligned. (Aligned 2711392 out of 2720646 non-N bases (99.66%))
			Real Alignment 1: 62389 62604 | 1 216 | 216 216 | 100.0 | sa_ill_sa_contig14 contig_45
			  Gap between these two alignments (local misassembly). Inconsistency = -258
			Excluding internal overlap of size 36 between Alignment 2 and 3: 62396 62538 | 266 408 | 143 143 --> 62396 62502 | 266 372 | 107 107
			Real Alignment 2: 62396 62502 | 266 372 | 107 107 | 98.6 | sa_ill_sa_contig14 contig_45
			  Extensive misassembly (translocation) between these two alignments
			Real Alignment 3: 203 3323 | 373 3496 | 3121 3124 | 99.71 | sa_ill_sa_contig41 contig_45
			  Not a misassembly [fragmentation of reference genome] between these two alignments
			Excluding internal overlap of size 101 between Alignment 4 and 5: 1 1706 | 3914 5616 | 1706 1703 --> 1 1604 | 3914 5515 | 1604 1602
			Real Alignment 4: 1 1604 | 3914 5515 | 1604 1602 | 99.47 | sa_ill_sa_contig8 contig_45
			  Extensive misassembly (translocation) between these two alignments
			Excluding internal overlap of size 18 between Alignment 5 and 6: 1 34443 | 39977 5516 | 34443 34462 --> 19 34443 | 39959 5516 | 34425 34444
			Real Alignment 5: 19 34443 | 39959 5516 | 34425 34444 | 99.87 | sa_ill_sa_contig24 contig_45
			  Indel (> 5bp) between these two alignments: deletion of length 18; 0 mismatches (number of Ns: 0) [fragmentation of reference genome]
			Excluding internal overlap of size 55 between Alignment 6 and 7: 1 643 | 78714 79357 | 643 644 --> 56 643 | 78769 79357 | 588 589
			Real Alignment 6: 1 38786 | 78768 39960 | 38786 38809 | 99.85 | sa_ill_sa_contig22 contig_45
			  Indel (> 5bp) between these two alignments: deletion of length 55; 0 mismatches (number of Ns: 0) [fragmentation of reference genome]
			Excluding internal overlap of size 56 between Alignment 7 and 8: 56 643 | 78769 79357 | 588 589 --> 56 588 | 78769 79301 | 533 533
			Real Alignment 7: 56 588 | 78769 79301 | 533 533 | 99.84 | sa_ill_sa_contig63 contig_45
			  Indel (> 5bp) between these two alignments: deletion of length 55; 0 mismatches (number of Ns: 0) [fragmentation of reference genome]
			Real Alignment 8: 1 34367 | 113693 79302 | 34367 34392 | 99.84 | sa_ill_sa_contig25 contig_45
			  Extensive misassembly (translocation) between these two alignments
			Real Alignment 9: 203 3323 | 113858 116980 | 3121 3123 | 99.62 | sa_ill_sa_contig41 contig_45
			  Not a misassembly [fragmentation of reference genome] between these two alignments
			Real Alignment 10: 1 131983 | 117352 249415 | 131983 132064 | 99.84 | sa_ill_sa_contig8 contig_45
			  Not a misassembly [fragmentation of reference genome] between these two alignments
			Real Alignment 11: 1 149926 | 249757 399312 | 149926 149556 | 99.52 | sa_ill_sa_contig5 contig_45
			  Not a misassembly [fragmentation of reference genome] between these two alignments
			Excluding internal overlap of size 55 between Alignment 12 and 13: 1 861 | 430212 431073 | 861 862 --> 56 861 | 430267 431073 | 806 807
			Real Alignment 12: 1 30897 | 399358 430266 | 30897 30909 | 99.89 | sa_ill_sa_contig27 contig_45
			  Indel (> 5bp) between these two alignments: deletion of length 55; 0 mismatches (number of Ns: 0) [fragmentation of reference genome]
			Real Alignment 13: 56 861 | 430267 431073 | 806 807 | 99.77 | sa_ill_sa_contig53 contig_45
			  Not a misassembly [fragmentation of reference genome] between these two alignments
			Excluding internal overlap of size 51 between Alignment 14 and 15: 5 2978 | 434166 431192 | 2974 2975 --> 56 2978 | 434115 431192 | 2923 2924
			Real Alignment 14: 56 2978 | 434115 431192 | 2923 2924 | 99.6 | sa_ill_sa_contig43 contig_45
			  Indel (> 5bp) between these two alignments: deletion of length 55; 0 mismatches (number of Ns: 0) [fragmentation of reference genome]
			Real Alignment 15: 1 13692 | 447818 434116 | 13692 13703 | 99.8 | sa_ill_sa_contig35 contig_45
			  Not a misassembly [fragmentation of reference genome] between these two alignments
			Excluding internal overlap of size 55 between Alignment 16 and 17: 1 720 | 574279 574998 | 720 720 --> 56 720 | 574334 574998 | 665 665
			Real Alignment 16: 1 125486 | 448550 574333 | 125486 125784 | 99.67 | sa_ill_sa_contig10 contig_45
			  Indel (> 5bp) between these two alignments: deletion of length 55; 0 mismatches (number of Ns: 0) [fragmentation of reference genome]
			Real Alignment 17: 56 720 | 574334 574998 | 665 665 | 100.0 | sa_ill_sa_contig60 contig_45
			  Not a misassembly [fragmentation of reference genome] between these two alignments
			Excluding internal overlap of size 55 between Alignment 18 and 19: 1 539 | 576656 576118 | 539 539 --> 56 539 | 576601 576118 | 484 484
			Real Alignment 18: 56 539 | 576601 576118 | 484 484 | 100.0 | sa_ill_sa_contig65 contig_45
			  Indel (> 5bp) between these two alignments: deletion of length 55; 0 mismatches (number of Ns: 0) [fragmentation of reference genome]
			Excluding internal overlap of size 70 between Alignment 19 and 20: 1 20896 | 597506 576602 | 20896 20905 --> 71 20896 | 597436 576602 | 20826 20835
			Real Alignment 19: 71 20896 | 597436 576602 | 20826 20835 | 99.88 | sa_ill_sa_contig32 contig_45
			  Extensive misassembly (translocation) between these two alignments
			Excluding internal overlap of size 55 between Alignment 20 and 21: 1 4636 | 727822 732466 | 4636 4645 --> 56 4636 | 727877 732466 | 4581 4590
			Real Alignment 20: 1 130429 | 727876 597437 | 130429 130440 | 99.76 | sa_ill_sa_contig9 contig_45
			  Indel (> 5bp) between these two alignments: deletion of length 55; 0 mismatches (number of Ns: 0) [fragmentation of reference genome]
			Real Alignment 21: 56 4636 | 727877 732466 | 4581 4590 | 99.81 | sa_ill_sa_contig40 contig_45
			  Not a misassembly [fragmentation of reference genome] between these two alignments
			Real Alignment 22: 1 5318 | 732467 737787 | 5318 5321 | 99.76 | sa_ill_sa_contig38 contig_45
			  Not a misassembly [fragmentation of reference genome] between these two alignments
			Excluding internal overlap of size 55 between Alignment 23 and 24: 1 4636 | 742427 737788 | 4636 4640 --> 56 4636 | 742372 737788 | 4581 4585
			Real Alignment 23: 56 4636 | 742372 737788 | 4581 4585 | 99.91 | sa_ill_sa_contig40 contig_45
			  Indel (> 5bp) between these two alignments: deletion of length 55; 0 mismatches (number of Ns: 0) [fragmentation of reference genome]
			Real Alignment 24: 1 26180 | 768571 742373 | 26180 26199 | 99.85 | sa_ill_sa_contig29 contig_45
			  Not a misassembly [fragmentation of reference genome] between these two alignments
			Real Alignment 25: 1 857 | 768936 769792 | 857 857 | 100.0 | sa_ill_sa_contig54 contig_45
			  Not a misassembly [fragmentation of reference genome] between these two alignments
			Excluding internal overlap of size 55 between Alignment 26 and 27: 1 1727 | 772052 770322 | 1727 1731 --> 56 1727 | 771997 770322 | 1672 1676
			Real Alignment 26: 56 1727 | 771997 770322 | 1672 1676 | 99.65 | sa_ill_sa_contig46 contig_45
			  Indel (> 5bp) between these two alignments: deletion of length 55; 0 mismatches (number of Ns: 0) [fragmentation of reference genome]
			Excluding internal overlap of size 54 between Alignment 27 and 28: 1 642 | 816120 815479 | 642 642 --> 1 588 | 816120 815533 | 588 588
			Real Alignment 27: 1 43683 | 771998 815532 | 43683 43535 | 99.37 | sa_ill_sa_contig18 contig_45
			  Indel (> 5bp) between these two alignments: deletion of length 55; 0 mismatches (number of Ns: 0) [fragmentation of reference genome]
			Excluding internal overlap of size 55 between Alignment 28 and 29: 1 588 | 816120 815533 | 588 588 --> 56 588 | 816065 815533 | 533 533
			Real Alignment 28: 56 588 | 816065 815533 | 533 533 | 99.22 | sa_ill_sa_contig63 contig_45
			  Indel (> 5bp) between these two alignments: deletion of length 55; 0 mismatches (number of Ns: 0) [fragmentation of reference genome]
			Real Alignment 29: 1 142808 | 816066 959026 | 142808 142961 | 99.81 | sa_ill_sa_contig6 contig_45
			  Not a misassembly [fragmentation of reference genome] between these two alignments
			Excluding internal overlap of size 55 between Alignment 30 and 31: 98002 98213 | 980187 980398 | 212 212 --> 98057 98213 | 980242 980398 | 157 157
			Real Alignment 30: 1 21042 | 959179 980241 | 21042 21063 | 99.86 | sa_ill_sa_contig31 contig_45
			  Extensive misassembly (translocation) between these two alignments
			Real Alignment 31: 98057 98213 | 980242 980398 | 157 157 | 98.58 | sa_ill_sa_contig11 contig_45
			  Gap between these two alignments (local misassembly). Inconsistency = 126
			Excluding internal overlap of size 39 between Alignment 32 and 33: 98340 98600 | 980399 980659 | 261 261 --> 98340 98561 | 980399 980620 | 222 222
			Real Alignment 32: 98340 98561 | 980399 980620 | 222 222 | 98.08 | sa_ill_sa_contig11 contig_45
			  Indel (> 5bp) between these two alignments: deletion of length 39; 0 mismatches (number of Ns: 0) [fragmentation of reference genome]
			Excluding internal overlap of size 510 between Alignment 33 and 34: 43249 70357 | 1007748 980621 | 27109 27128 --> 43758 70357 | 1007238 980621 | 26600 26618
			Real Alignment 33: 43758 70357 | 1007238 980621 | 26600 26618 | 99.28 | sa_ill_sa_contig12 contig_45
			  Overlap between these two alignments (local misassembly). Inconsistency = -511
			Excluding internal overlap of size 45 between Alignment 34 and 35: 1 44268 | 1051531 1007239 | 44268 44293 --> 46 44268 | 1051486 1007239 | 44223 44248
			Real Alignment 34: 46 44268 | 1051486 1007239 | 44223 44248 | 99.69 | sa_ill_sa_contig12 contig_45
			  Indel (> 5bp) between these two alignments: deletion of length 45; 0 mismatches (number of Ns: 0) [fragmentation of reference genome]
			Excluding internal overlap of size 55 between Alignment 35 and 36: 1 5104 | 1102171 1107276 | 5104 5106 --> 56 5104 | 1102226 1107276 | 5049 5051
			Real Alignment 35: 1 50706 | 1051487 1102225 | 50706 50739 | 99.87 | sa_ill_sa_contig17 contig_45
			  Indel (> 5bp) between these two alignments: deletion of length 55; 0 mismatches (number of Ns: 0) [fragmentation of reference genome]
			Excluding internal overlap of size 55 between Alignment 36 and 37: 56 5104 | 1102226 1107276 | 5049 5051 --> 56 5049 | 1102226 1107221 | 4994 4996
			Real Alignment 36: 56 5049 | 1102226 1107221 | 4994 4996 | 99.9 | sa_ill_sa_contig39 contig_45
			  Indel (> 5bp) between these two alignments: deletion of length 55; 0 mismatches (number of Ns: 0) [fragmentation of reference genome]
			Excluding internal overlap of size 55 between Alignment 37 and 38: 1 821 | 1122362 1121542 | 821 821 --> 1 766 | 1122362 1121597 | 766 766
			Real Alignment 37: 1 14362 | 1107222 1121596 | 14362 14375 | 99.84 | sa_ill_sa_contig33 contig_45
			  Indel (> 5bp) between these two alignments: deletion of length 55; 0 mismatches (number of Ns: 0) [fragmentation of reference genome]
			Excluding internal overlap of size 55 between Alignment 38 and 39: 1 766 | 1122362 1121597 | 766 766 --> 56 766 | 1122307 1121597 | 711 711
			Real Alignment 38: 56 766 | 1122307 1121597 | 711 711 | 100.0 | sa_ill_sa_contig55 contig_45
			  Indel (> 5bp) between these two alignments: deletion of length 55; 0 mismatches (number of Ns: 0) [fragmentation of reference genome]
			Real Alignment 39: 1 6686 | 1129000 1122308 | 6686 6693 | 99.76 | sa_ill_sa_contig37 contig_45
			  Not a misassembly [fragmentation of reference genome] between these two alignments
			Excluding internal overlap of size 55 between Alignment 40 and 41: 1 1631 | 1133443 1131813 | 1631 1631 --> 1 1576 | 1133443 1131868 | 1576 1576
			Real Alignment 40: 1 2840 | 1129027 1131867 | 2840 2841 | 99.58 | sa_ill_sa_contig44 contig_45
			  Indel (> 5bp) between these two alignments: deletion of length 55; 0 mismatches (number of Ns: 0) [fragmentation of reference genome]
			Real Alignment 41: 1 1576 | 1133443 1131868 | 1576 1576 | 99.88 | sa_ill_sa_contig47 contig_45
			  Not a misassembly [fragmentation of reference genome] between these two alignments
			Excluding internal overlap of size 55 between Alignment 42 and 43: 1 1704 | 1176230 1174528 | 1704 1703 --> 1 1649 | 1176230 1174583 | 1649 1648
			Real Alignment 42: 1 41074 | 1174582 1133470 | 41074 41113 | 99.8 | sa_ill_sa_contig20 contig_45
			  Extensive misassembly (translocation) between these two alignments
			Real Alignment 43: 1 1649 | 1176230 1174583 | 1649 1648 | 99.71 | sa_ill_sa_contig8 contig_45
			  Not a misassembly [fragmentation of reference genome] between these two alignments
			Real Alignment 44: 203 3323 | 1179740 1176618 | 3121 3123 | 99.81 | sa_ill_sa_contig41 contig_45
			  Extensive misassembly (translocation) between these two alignments
			Real Alignment 45: 38161 38352 | 1180023 1179833 | 192 191 | 95.31 | sa_ill_sa_contig23 contig_45
			  Gap between these two alignments (local misassembly). Inconsistency = -279
			Real Alignment 46: 38187 38352 | 1180276 1180111 | 166 166 | 98.8 | sa_ill_sa_contig23 contig_45
			  Gap between these two alignments (local misassembly). Inconsistency = -258
			Real Alignment 47: 1 38352 | 1218757 1180369 | 38352 38389 | 99.82 | sa_ill_sa_contig23 contig_45
			  Not a misassembly [fragmentation of reference genome] between these two alignments
			Real Alignment 48: 688 925 | 1219153 1218901 | 238 253 | 94.07 | sa_ill_sa_contig51 contig_45
			  Extensive misassembly (translocation) between these two alignments
			Real Alignment 49: 1 1703 | 1220869 1219167 | 1703 1703 | 99.71 | sa_ill_sa_contig8 contig_45
			  Not a misassembly [fragmentation of reference genome] between these two alignments
			Excluding internal overlap of size 99 between Alignment 50 and 51: 1 1704 | 1226127 1224425 | 1704 1703 --> 1 1604 | 1226127 1224524 | 1604 1604
			Real Alignment 50: 1 3323 | 1224523 1221199 | 3323 3325 | 99.73 | sa_ill_sa_contig41 contig_45
			  Extensive misassembly (translocation) between these two alignments
			Real Alignment 51: 1 1604 | 1226127 1224524 | 1604 1604 | 99.71 | sa_ill_sa_contig8 contig_45
			  Not a misassembly [fragmentation of reference genome] between these two alignments
			Real Alignment 52: 203 3323 | 1229545 1226424 | 3121 3122 | 99.78 | sa_ill_sa_contig41 contig_45
			  Extensive misassembly (translocation) between these two alignments
			Excluding internal overlap of size 3 between Alignment 53 and 54: 1 765 | 1286036 1286801 | 765 766 --> 4 765 | 1286039 1286801 | 762 763
			Real Alignment 53: 1 56123 | 1286038 1229997 | 56123 56042 | 99.6 | sa_ill_sa_contig15 contig_45
			  Indel (<= 5bp) between these two alignments: deletion of length 3; 0 mismatches (number of Ns: 0) [fragmentation of reference genome]
			Excluding internal overlap of size 47 between Alignment 54 and 55: 4 765 | 1286039 1286801 | 762 763 --> 4 718 | 1286039 1286754 | 715 716
			Real Alignment 54: 4 718 | 1286039 1286754 | 715 716 | 99.87 | sa_ill_sa_contig58 contig_45
			  Indel (> 5bp) between these two alignments: deletion of length 47; 0 mismatches (number of Ns: 0) [fragmentation of reference genome]
			Real Alignment 55: 1 3261 | 1290021 1286755 | 3261 3267 | 99.79 | sa_ill_sa_contig42 contig_45
			  Not a misassembly [fragmentation of reference genome] between these two alignments
			Excluding internal overlap of size 54 between Alignment 56 and 57: 1 207093 | 1502215 1709342 | 207093 207128 --> 55 207093 | 1502269 1709342 | 207039 207074
			Real Alignment 56: 1 211909 | 1290221 1502268 | 211909 212048 | 99.84 | sa_ill_sa_contig2 contig_45
			  Indel (> 5bp) between these two alignments: deletion of length 54; 0 mismatches (number of Ns: 0) [fragmentation of reference genome]
			Real Alignment 57: 55 207093 | 1502269 1709342 | 207039 207074 | 99.76 | sa_ill_sa_contig3 contig_45
			  Not a misassembly [fragmentation of reference genome] between these two alignments
			Excluding internal overlap of size 320 between Alignment 58 and 59: 77953 134302 | 1787123 1843513 | 56350 56391 --> 78271 134302 | 1787443 1843513 | 56032 56071
			Real Alignment 58: 1 78138 | 1709355 1787442 | 78138 78088 | 99.64 | sa_ill_sa_contig7 contig_45
			  Gap between these two alignments (local misassembly). Inconsistency = 132
			Real Alignment 59: 78271 134302 | 1787443 1843513 | 56032 56071 | 99.79 | sa_ill_sa_contig7 contig_45
			  Not a misassembly [fragmentation of reference genome] between these two alignments
			Excluding internal overlap of size 20 between Alignment 60 and 61: 1 50729 | 1894347 1843576 | 50729 50772 --> 21 50729 | 1894327 1843576 | 50709 50752
			Real Alignment 60: 21 50729 | 1894327 1843576 | 50709 50752 | 99.82 | sa_ill_sa_contig16 contig_45
			  Indel (> 5bp) between these two alignments: deletion of length 20; 0 mismatches (number of Ns: 0) [fragmentation of reference genome]
			Real Alignment 61: 1 177172 | 2071623 1894328 | 177172 177296 | 99.82 | sa_ill_sa_contig4 contig_45
			  Not a misassembly [fragmentation of reference genome] between these two alignments
			Excluding internal overlap of size 11 between Alignment 62 and 63: 62883 66071 | 2116804 2113612 | 3189 3193 --> 62883 66060 | 2116804 2113623 | 3178 3182
			Real Alignment 62: 1 41771 | 2071812 2113622 | 41771 41811 | 99.82 | sa_ill_sa_contig19 contig_45
			  Indel (> 5bp) between these two alignments: deletion of length 11; 0 mismatches (number of Ns: 0) [fragmentation of reference genome]
			Excluding internal overlap of size 226 between Alignment 63 and 64: 62883 66060 | 2116804 2113623 | 3178 3182 --> 63108 66060 | 2116578 2113623 | 2953 2956
			Real Alignment 63: 63108 66060 | 2116578 2113623 | 2953 2956 | 99.41 | sa_ill_sa_contig13 contig_45
			  Overlap between these two alignments (local misassembly). Inconsistency = -231
			Excluding internal overlap of size 187 between Alignment 64 and 65: 124755 125486 | 2179789 2180519 | 732 731 --> 124942 125486 | 2179976 2180519 | 545 544
			Real Alignment 64: 1 63338 | 2179975 2116579 | 63338 63397 | 99.74 | sa_ill_sa_contig13 contig_45
			  Extensive misassembly (translocation) between these two alignments
			Excluding internal overlap of size 55 between Alignment 65 and 66: 124942 125486 | 2179976 2180519 | 545 544 --> 124942 125431 | 2179976 2180464 | 490 489
			Real Alignment 65: 124942 125431 | 2179976 2180464 | 490 489 | 93.31 | sa_ill_sa_contig10 contig_45
			  Indel (> 5bp) between these two alignments: deletion of length 55; 0 mismatches (number of Ns: 0) [fragmentation of reference genome]
			Real Alignment 66: 1 720 | 2180465 2181184 | 720 720 | 98.89 | sa_ill_sa_contig60 contig_45
			  Not a misassembly [fragmentation of reference genome] between these two alignments
			Excluding internal overlap of size 55 between Alignment 67 and 68: 1 539 | 2182839 2182301 | 539 539 --> 56 539 | 2182784 2182301 | 484 484
			Real Alignment 67: 56 539 | 2182784 2182301 | 484 484 | 99.07 | sa_ill_sa_contig65 contig_45
			  Indel (> 5bp) between these two alignments: deletion of length 55; 0 mismatches (number of Ns: 0) [fragmentation of reference genome]
			Excluding internal overlap of size 55 between Alignment 68 and 69: 1 1418 | 2406246 2407666 | 1418 1421 --> 56 1418 | 2406301 2407666 | 1363 1366
			Real Alignment 68: 1 223346 | 2406300 2182785 | 223346 223516 | 99.82 | sa_ill_sa_contig1 contig_45
			  Indel (> 5bp) between these two alignments: deletion of length 55; 0 mismatches (number of Ns: 0) [fragmentation of reference genome]
			Excluding internal overlap of size 35 between Alignment 69 and 70: 56 1418 | 2406301 2407666 | 1363 1366 --> 56 1384 | 2406301 2407631 | 1329 1331
			Real Alignment 69: 56 1384 | 2406301 2407631 | 1329 1331 | 99.65 | sa_ill_sa_contig48 contig_45
			  Indel (> 5bp) between these two alignments: deletion of length 34; 0 mismatches (number of Ns: 0) [fragmentation of reference genome]
			Excluding internal overlap of size 55 between Alignment 70 and 71: 1 7163 | 2506247 2513412 | 7163 7166 --> 56 7163 | 2506302 2513412 | 7108 7111
			Real Alignment 70: 1 98600 | 2506301 2407632 | 98600 98670 | 99.83 | sa_ill_sa_contig11 contig_45
			  Indel (> 5bp) between these two alignments: deletion of length 55; 0 mismatches (number of Ns: 0) [fragmentation of reference genome]
			Excluding internal overlap of size 26 between Alignment 71 and 72: 56 7163 | 2506302 2513412 | 7108 7111 --> 56 7137 | 2506302 2513386 | 7082 7085
			Real Alignment 71: 56 7137 | 2506302 2513386 | 7082 7085 | 99.9 | sa_ill_sa_contig36 contig_45
			  Indel (> 5bp) between these two alignments: deletion of length 26; 0 mismatches (number of Ns: 0) [fragmentation of reference genome]
			Excluding internal overlap of size 55 between Alignment 72 and 73: 1 821 | 2535124 2535944 | 821 821 --> 56 821 | 2535179 2535944 | 766 766
			Real Alignment 72: 1 21790 | 2535178 2513387 | 21790 21792 | 99.89 | sa_ill_sa_contig30 contig_45
			  Indel (> 5bp) between these two alignments: deletion of length 55; 0 mismatches (number of Ns: 0) [fragmentation of reference genome]
			Excluding internal overlap of size 55 between Alignment 73 and 74: 56 821 | 2535179 2535944 | 766 766 --> 56 766 | 2535179 2535889 | 711 711
			Real Alignment 73: 56 766 | 2535179 2535889 | 711 711 | 99.03 | sa_ill_sa_contig55 contig_45
			  Indel (> 5bp) between these two alignments: deletion of length 55; 0 mismatches (number of Ns: 0) [fragmentation of reference genome]
			Real Alignment 74: 1 14210 | 2550117 2535890 | 14210 14228 | 99.75 | sa_ill_sa_contig34 contig_45
			  Not a misassembly [fragmentation of reference genome] between these two alignments
			Real Alignment 75: 1 32969 | 2550271 2583257 | 32969 32987 | 99.81 | sa_ill_sa_contig26 contig_45
			  Gap between these two alignments (local misassembly). Inconsistency = 1 [fragmentation of reference genome]
			Real Alignment 76: 2 925 | 2583462 2584380 | 924 919 | 97.95 | sa_ill_sa_contig51 contig_45
			  Extensive misassembly (translocation) between these two alignments
			Real Alignment 77: 198 3323 | 2584934 2588067 | 3126 3134 | 99.65 | sa_ill_sa_contig41 contig_45
			  Not a misassembly [fragmentation of reference genome] between these two alignments
			Excluding internal overlap of size 96 between Alignment 78 and 79: 1 1701 | 2588489 2590189 | 1701 1701 --> 1 1604 | 2588489 2590093 | 1604 1605
			Real Alignment 78: 1 1604 | 2588489 2590093 | 1604 1605 | 99.71 | sa_ill_sa_contig8 contig_45
			  Extensive misassembly (translocation) between these two alignments
			Real Alignment 79: 1 28120 | 2590094 2618230 | 28120 28137 | 99.83 | sa_ill_sa_contig28 contig_45
			  Not a misassembly [fragmentation of reference genome] between these two alignments
			Excluding internal overlap of size 55 between Alignment 80 and 81: 97985 98526 | 2658475 2657936 | 542 540 --> 97985 98471 | 2658475 2657991 | 487 485
			Real Alignment 80: 1 39729 | 2618235 2657990 | 39729 39756 | 99.85 | sa_ill_sa_contig21 contig_45
			  Gap between these two alignments (local misassembly). Inconsistency = 129 [fragmentation of reference genome]
			Excluding internal overlap of size 106 between Alignment 81 and 82: 97985 98471 | 2658475 2657991 | 487 485 --> 98092 98471 | 2658369 2657991 | 380 379
			Real Alignment 81: 98092 98471 | 2658369 2657991 | 380 379 | 97.97 | sa_ill_sa_contig11 contig_45
			  Extensive misassembly (translocation) between these two alignments
			Real Alignment 82: 1 62389 | 2658370 2720646 | 62389 62277 | 99.62 | sa_ill_sa_contig14 contig_45
		Unaligned bases: 9254

CONTIG: contig_2 (4045315bp)
Best alignment score: 2527.2 (LEN: 2808, IDY: 90.00), Total number of alignments: 56
			Looking for the best set of alignments (out of 56 total alignments)
			Skipping redundant alignments after choosing the best set of alignments
		Skipping redundant alignment 169463 169621 | 1678394 1678552 | 159 159 | 93.12 | sa_ill_sa_contig3 contig_2
		Skipping redundant alignment 788 861 | 2914227 2914154 | 74 74 | 97.3 | sa_ill_sa_contig51 contig_2
		Skipping redundant alignment 165 240 | 1680079 1680154 | 76 76 | 96.05 | sa_ill_sa_contig23 contig_2
		Skipping redundant alignment 254 327 | 1680184 1680257 | 74 74 | 95.95 | sa_ill_sa_contig23 contig_2
		Skipping redundant alignment 689 766 | 2914313 2914236 | 78 78 | 96.15 | sa_ill_sa_contig51 contig_2
		Skipping redundant alignment 105 270 | 2942593 2942757 | 166 165 | 96.41 | sa_ill_sa_contig25 contig_2
		Skipping redundant alignment 169463 169621 | 3273912 3273753 | 159 160 | 93.79 | sa_ill_sa_contig3 contig_2
		Skipping redundant alignment 689 766 | 2759289 2759212 | 78 78 | 97.44 | sa_ill_sa_contig51 contig_2
		Skipping redundant alignment 34155 34242 | 3274386 3274474 | 88 89 | 96.63 | sa_ill_sa_contig24 contig_2
		Skipping redundant alignment 32826 32901 | 3671466 3671391 | 76 76 | 94.74 | sa_ill_sa_contig26 contig_2
		Skipping redundant alignment 689 766 | 2779898 2779821 | 78 78 | 97.44 | sa_ill_sa_contig51 contig_2
		Skipping redundant alignment 601 667 | 2818064 2817998 | 67 67 | 100.0 | sa_ill_sa_contig51 contig_2
		Skipping redundant alignment 254 327 | 2843333 2843260 | 74 74 | 97.3 | sa_ill_sa_contig23 contig_2
		Skipping redundant alignment 165 240 | 2843410 2843335 | 76 76 | 96.05 | sa_ill_sa_contig23 contig_2
		Skipping redundant alignment 788 861 | 2844013 2843940 | 74 74 | 97.3 | sa_ill_sa_contig51 contig_2
		Skipping redundant alignment 689 766 | 2844099 2844022 | 78 78 | 97.44 | sa_ill_sa_contig51 contig_2
		Skipping redundant alignment 32667 32748 | 3671648 3671567 | 82 82 | 95.12 | sa_ill_sa_contig26 contig_2
		Skipping redundant alignment 20693 20826 | 2881199 2881066 | 134 134 | 91.04 | sa_ill_sa_contig15 contig_2
		Skipping redundant alignment 198 275 | 3274034 3274111 | 78 78 | 97.44 | sa_ill_sa_contig25 contig_2
		Skipping redundant alignment 105 190 | 3671302 3671388 | 86 87 | 97.7 | sa_ill_sa_contig25 contig_2
		This contig has several significant sets of alignments. [An ambiguously mapped contig]
		Using only the very best set (option --ambiguity-usage is set to "one").
			The best set is below. Score: 31772.8, number of alignments: 36, unaligned bases: 4006498
		This contig is misassembled.
		This contig is partially unaligned. (Aligned 38817 out of 4045315 non-N bases (0.96%))
			Warning! This contig is more unaligned than misassembled. Contig length is 4045315 (number of Ns: 0) and total length of all aligns is 38817
		Alignment: 492 565 | 1679260 1679333 | 74 74 | 93.24 | sa_ill_sa_contig51 contig_2
		Alignment: 589 679 | 1679334 1679424 | 91 91 | 90.11 | sa_ill_sa_contig51 contig_2
		Alignment: 691 765 | 1679432 1679506 | 75 75 | 97.33 | sa_ill_sa_contig51 contig_2
		Alignment: 788 861 | 1679514 1679587 | 74 74 | 97.3 | sa_ill_sa_contig51 contig_2
		Alignment: 497 3301 | 1680645 1683451 | 2805 2807 | 90.0 | sa_ill_sa_contig41 contig_2
		Alignment: 35 1591 | 1683623 1685176 | 1557 1554 | 91.9 | sa_ill_sa_contig8 contig_2
		Alignment: 35 1591 | 2759034 2757480 | 1557 1555 | 92.03 | sa_ill_sa_contig8 contig_2
		Alignment: 2615 2916 | 2760070 2759769 | 302 302 | 93.38 | sa_ill_sa_contig41 contig_2
		Alignment: 1867 2316 | 2760819 2760370 | 450 450 | 90.89 | sa_ill_sa_contig41 contig_2
		Alignment: 618 1540 | 2762068 2761146 | 923 923 | 94.37 | sa_ill_sa_contig41 contig_2
		Alignment: 497 616 | 2762188 2762069 | 120 120 | 93.33 | sa_ill_sa_contig41 contig_2
		Alignment: 35 1591 | 2779643 2778089 | 1557 1555 | 91.96 | sa_ill_sa_contig8 contig_2
		Alignment: 497 3301 | 2782798 2779992 | 2805 2807 | 90.0 | sa_ill_sa_contig41 contig_2
		Alignment: 35 1591 | 2839973 2838419 | 1557 1555 | 92.03 | sa_ill_sa_contig8 contig_2
		Alignment: 497 3301 | 2842952 2840145 | 2805 2808 | 90.0 | sa_ill_sa_contig41 contig_2
		Alignment: 35 1591 | 2845897 2844343 | 1557 1555 | 92.03 | sa_ill_sa_contig8 contig_2
		Alignment: 497 3301 | 2848875 2846069 | 2805 2807 | 90.0 | sa_ill_sa_contig41 contig_2
		Alignment: 35 1591 | 2910431 2908877 | 1557 1555 | 91.9 | sa_ill_sa_contig8 contig_2
		Alignment: 2615 2916 | 2911290 2910989 | 302 302 | 93.38 | sa_ill_sa_contig41 contig_2
		Alignment: 1867 2316 | 2912039 2911590 | 450 450 | 90.89 | sa_ill_sa_contig41 contig_2
		Alignment: 497 1540 | 2913409 2912366 | 1044 1044 | 94.25 | sa_ill_sa_contig41 contig_2
		Alignment: 35 1591 | 2916044 2914490 | 1557 1555 | 91.9 | sa_ill_sa_contig8 contig_2
		Alignment: 497 3301 | 2919022 2916216 | 2805 2807 | 90.0 | sa_ill_sa_contig41 contig_2
		Alignment: 35 1591 | 2921045 2919491 | 1557 1555 | 91.9 | sa_ill_sa_contig8 contig_2
		Alignment: 2615 2916 | 2921904 2921603 | 302 302 | 93.38 | sa_ill_sa_contig41 contig_2
		Alignment: 1867 2316 | 2922653 2922204 | 450 450 | 90.67 | sa_ill_sa_contig41 contig_2
		Alignment: 497 1540 | 2924023 2922980 | 1044 1044 | 94.25 | sa_ill_sa_contig41 contig_2
		Alignment: 35 1591 | 3374465 3372911 | 1557 1555 | 92.03 | sa_ill_sa_contig8 contig_2
		Alignment: 2615 2856 | 3375323 3375082 | 242 242 | 93.39 | sa_ill_sa_contig41 contig_2
		Alignment: 1867 2316 | 3376072 3375623 | 450 450 | 90.89 | sa_ill_sa_contig41 contig_2
		Alignment: 497 1540 | 3377442 3376399 | 1044 1044 | 94.16 | sa_ill_sa_contig41 contig_2
		Alignment: 35 1591 | 3667203 3665649 | 1557 1555 | 92.03 | sa_ill_sa_contig8 contig_2
		Alignment: 2615 2916 | 3668062 3667761 | 302 302 | 93.38 | sa_ill_sa_contig41 contig_2
		Alignment: 1986 2316 | 3668692 3668362 | 331 331 | 90.63 | sa_ill_sa_contig41 contig_2
		Alignment: 1867 1984 | 3668810 3668693 | 118 118 | 92.37 | sa_ill_sa_contig41 contig_2
		Alignment: 497 1540 | 3670180 3669137 | 1044 1044 | 94.25 | sa_ill_sa_contig41 contig_2
		Unaligned bases: 4006498

CONTIG: contig_24 (2991952bp)
Best alignment score: 1409.5 (LEN: 1551, IDY: 90.88), Total number of alignments: 66
			Looking for the best set of alignments (out of 66 total alignments)
			Skipping redundant alignments after choosing the best set of alignments
		Skipping redundant alignment 689 759 | 1079586 1079516 | 71 71 | 98.59 | sa_ill_sa_contig51 contig_24
		Skipping redundant alignment 106204 106292 | 2093219 2093131 | 89 89 | 91.01 | sa_ill_sa_contig6 contig_24
		Skipping redundant alignment 106080 106188 | 2093343 2093235 | 109 109 | 91.74 | sa_ill_sa_contig6 contig_24
		Skipping redundant alignment 681 862 | 290953 291129 | 182 177 | 92.9 | sa_ill_sa_contig51 contig_24
		Skipping redundant alignment 106 324 | 1304151 1303928 | 219 224 | 91.56 | sa_ill_sa_contig25 contig_24
		Skipping redundant alignment 689 759 | 532624 532694 | 71 71 | 98.59 | sa_ill_sa_contig51 contig_24
		Skipping redundant alignment 787 862 | 1786506 1786431 | 76 76 | 100.0 | sa_ill_sa_contig51 contig_24
		Skipping redundant alignment 691 768 | 1786601 1786524 | 78 78 | 97.44 | sa_ill_sa_contig51 contig_24
		Skipping redundant alignment 492 565 | 1786801 1786728 | 74 74 | 95.95 | sa_ill_sa_contig51 contig_24
		This contig has several significant sets of alignments. [An ambiguously mapped contig]
		Using only the very best set (option --ambiguity-usage is set to "one").
			The best set is below. Score: 16776.6, number of alignments: 57, unaligned bases: 2970466
		This contig is misassembled.
		This contig is partially unaligned. (Aligned 21486 out of 2991952 non-N bases (0.72%))
			Warning! This contig is more unaligned than misassembled. Contig length is 2991952 (number of Ns: 0) and total length of all aligns is 21486
		Alignment: 497 577 | 286067 286147 | 81 81 | 92.59 | sa_ill_sa_contig41 contig_24
		Alignment: 589 1151 | 286159 286721 | 563 563 | 93.25 | sa_ill_sa_contig41 contig_24
		Alignment: 1158 1540 | 286728 287110 | 383 383 | 94.78 | sa_ill_sa_contig41 contig_24
		Alignment: 1559 1639 | 287130 287210 | 81 81 | 97.53 | sa_ill_sa_contig41 contig_24
		Alignment: 1871 2057 | 287440 287626 | 187 187 | 90.37 | sa_ill_sa_contig41 contig_24
		Alignment: 2099 2316 | 287673 287890 | 218 218 | 91.74 | sa_ill_sa_contig41 contig_24
		Alignment: 2614 2917 | 288190 288493 | 304 304 | 93.09 | sa_ill_sa_contig41 contig_24
		Alignment: 2985 3136 | 288562 288713 | 152 152 | 92.11 | sa_ill_sa_contig41 contig_24
		Alignment: 38 1590 | 289129 290679 | 1553 1551 | 90.88 | sa_ill_sa_contig8 contig_24
		Alignment: 497 577 | 292086 292166 | 81 81 | 92.59 | sa_ill_sa_contig41 contig_24
		Alignment: 589 1151 | 292178 292740 | 563 563 | 93.25 | sa_ill_sa_contig41 contig_24
		Alignment: 1158 1540 | 292747 293129 | 383 383 | 94.78 | sa_ill_sa_contig41 contig_24
		Alignment: 1559 1639 | 293149 293229 | 81 81 | 97.53 | sa_ill_sa_contig41 contig_24
		Alignment: 1871 2057 | 293459 293645 | 187 187 | 90.37 | sa_ill_sa_contig41 contig_24
		Alignment: 2099 2316 | 293692 293909 | 218 218 | 91.74 | sa_ill_sa_contig41 contig_24
		Alignment: 2614 2917 | 294209 294512 | 304 304 | 93.09 | sa_ill_sa_contig41 contig_24
		Alignment: 2985 3136 | 294581 294732 | 152 152 | 92.11 | sa_ill_sa_contig41 contig_24
		Alignment: 38 1590 | 295147 296697 | 1553 1551 | 90.82 | sa_ill_sa_contig8 contig_24
		Alignment: 497 577 | 529629 529709 | 81 81 | 92.59 | sa_ill_sa_contig41 contig_24
		Alignment: 589 1151 | 529721 530283 | 563 563 | 93.25 | sa_ill_sa_contig41 contig_24
		Alignment: 1158 1540 | 530290 530672 | 383 383 | 94.78 | sa_ill_sa_contig41 contig_24
		Alignment: 1559 1639 | 530692 530772 | 81 81 | 97.53 | sa_ill_sa_contig41 contig_24
		Alignment: 1871 2057 | 531002 531188 | 187 187 | 90.37 | sa_ill_sa_contig41 contig_24
		Alignment: 2099 2316 | 531235 531452 | 218 218 | 91.74 | sa_ill_sa_contig41 contig_24
		Alignment: 2614 2917 | 531752 532055 | 304 304 | 93.09 | sa_ill_sa_contig41 contig_24
		Alignment: 2985 3136 | 532124 532275 | 152 152 | 92.11 | sa_ill_sa_contig41 contig_24
		Alignment: 38 1590 | 532942 534492 | 1553 1551 | 90.82 | sa_ill_sa_contig8 contig_24
		Alignment: 20320 20490 | 581913 582083 | 171 171 | 90.64 | sa_ill_sa_contig15 contig_24
		Alignment: 20702 20898 | 582295 582491 | 197 197 | 90.86 | sa_ill_sa_contig15 contig_24
		Alignment: 38 1590 | 1079268 1077718 | 1553 1551 | 90.82 | sa_ill_sa_contig8 contig_24
		Alignment: 2985 3136 | 1080086 1079935 | 152 152 | 92.11 | sa_ill_sa_contig41 contig_24
		Alignment: 2614 2917 | 1080458 1080155 | 304 304 | 93.09 | sa_ill_sa_contig41 contig_24
		Alignment: 2099 2316 | 1080975 1080758 | 218 218 | 91.74 | sa_ill_sa_contig41 contig_24
		Alignment: 1871 2057 | 1081208 1081022 | 187 187 | 90.37 | sa_ill_sa_contig41 contig_24
		Alignment: 1559 1639 | 1081518 1081438 | 81 81 | 97.53 | sa_ill_sa_contig41 contig_24
		Alignment: 1158 1540 | 1081920 1081538 | 383 383 | 94.78 | sa_ill_sa_contig41 contig_24
		Alignment: 589 1151 | 1082489 1081927 | 563 563 | 93.25 | sa_ill_sa_contig41 contig_24
		Alignment: 497 577 | 1082581 1082501 | 81 81 | 92.59 | sa_ill_sa_contig41 contig_24
		Alignment: 38 1590 | 1677745 1676195 | 1553 1551 | 90.82 | sa_ill_sa_contig8 contig_24
		Alignment: 2985 3136 | 1678312 1678161 | 152 152 | 92.11 | sa_ill_sa_contig41 contig_24
		Alignment: 2614 2917 | 1678684 1678381 | 304 304 | 93.09 | sa_ill_sa_contig41 contig_24
		Alignment: 2099 2316 | 1679201 1678984 | 218 218 | 91.74 | sa_ill_sa_contig41 contig_24
		Alignment: 1871 2057 | 1679434 1679248 | 187 187 | 90.37 | sa_ill_sa_contig41 contig_24
		Alignment: 1559 1639 | 1679744 1679664 | 81 81 | 97.53 | sa_ill_sa_contig41 contig_24
		Alignment: 1158 1540 | 1680146 1679764 | 383 383 | 94.78 | sa_ill_sa_contig41 contig_24
		Alignment: 821 1151 | 1680483 1680153 | 331 331 | 90.63 | sa_ill_sa_contig41 contig_24
		Alignment: 589 818 | 1680713 1680484 | 230 230 | 96.96 | sa_ill_sa_contig41 contig_24
		Alignment: 497 577 | 1680805 1680725 | 81 81 | 92.59 | sa_ill_sa_contig41 contig_24
		Alignment: 38 1590 | 1782418 1780868 | 1553 1551 | 90.82 | sa_ill_sa_contig8 contig_24
		Alignment: 2985 3136 | 1782985 1782834 | 152 152 | 92.11 | sa_ill_sa_contig41 contig_24
		Alignment: 2614 2917 | 1783357 1783054 | 304 304 | 93.09 | sa_ill_sa_contig41 contig_24
		Alignment: 2099 2316 | 1783874 1783657 | 218 218 | 91.74 | sa_ill_sa_contig41 contig_24
		Alignment: 1871 2057 | 1784107 1783921 | 187 187 | 90.37 | sa_ill_sa_contig41 contig_24
		Alignment: 1559 1639 | 1784417 1784337 | 81 81 | 97.53 | sa_ill_sa_contig41 contig_24
		Alignment: 1158 1540 | 1784819 1784437 | 383 383 | 94.78 | sa_ill_sa_contig41 contig_24
		Alignment: 589 1151 | 1785388 1784826 | 563 563 | 93.25 | sa_ill_sa_contig41 contig_24
		Alignment: 497 577 | 1785480 1785400 | 81 81 | 92.59 | sa_ill_sa_contig41 contig_24
		Unaligned bases: 2970466

CONTIG: contig_25 (1926766bp)
Best alignment score: 560.0 (LEN: 600, IDY: 93.33), Total number of alignments: 40
			Looking for the best set of alignments (out of 40 total alignments)
			The best set is below. Score: 5287.8, number of alignments: 40, unaligned bases: 1918295
		This contig is misassembled.
		This contig is partially unaligned. (Aligned 8471 out of 1926766 non-N bases (0.44%))
			Warning! This contig is more unaligned than misassembled. Contig length is 1926766 (number of Ns: 0) and total length of all aligns is 8471
		Alignment: 589 1095 | 65085 65591 | 507 507 | 95.66 | sa_ill_sa_contig41 contig_25
		Alignment: 1150 1543 | 65646 66039 | 394 394 | 90.61 | sa_ill_sa_contig41 contig_25
		Alignment: 2105 2299 | 66593 66787 | 195 195 | 93.33 | sa_ill_sa_contig41 contig_25
		Alignment: 2342 2421 | 66830 66909 | 80 80 | 90.0 | sa_ill_sa_contig41 contig_25
		Alignment: 3014 3122 | 67503 67611 | 109 109 | 90.83 | sa_ill_sa_contig41 contig_25
		Alignment: 471 545 | 68564 68638 | 75 75 | 98.67 | sa_ill_sa_contig8 contig_25
		Alignment: 567 791 | 68658 68882 | 225 225 | 92.0 | sa_ill_sa_contig8 contig_25
		Alignment: 978 1127 | 68935 69084 | 150 150 | 90.67 | sa_ill_sa_contig8 contig_25
		Alignment: 589 1095 | 141945 142451 | 507 507 | 95.66 | sa_ill_sa_contig41 contig_25
		Alignment: 1150 1543 | 142506 142899 | 394 394 | 90.61 | sa_ill_sa_contig41 contig_25
		Alignment: 2105 2299 | 143454 143648 | 195 195 | 93.33 | sa_ill_sa_contig41 contig_25
		Alignment: 2342 2421 | 143691 143770 | 80 80 | 91.25 | sa_ill_sa_contig41 contig_25
		Alignment: 38 243 | 144810 145015 | 206 206 | 90.78 | sa_ill_sa_contig8 contig_25
		Alignment: 471 545 | 145231 145305 | 75 75 | 98.67 | sa_ill_sa_contig8 contig_25
		Alignment: 567 796 | 145325 145554 | 230 230 | 92.17 | sa_ill_sa_contig8 contig_25
		Alignment: 860 956 | 145555 145651 | 97 97 | 90.72 | sa_ill_sa_contig8 contig_25
		Alignment: 496 1095 | 177234 177833 | 600 600 | 93.33 | sa_ill_sa_contig41 contig_25
		Alignment: 1150 1543 | 177888 178281 | 394 394 | 90.61 | sa_ill_sa_contig41 contig_25
		Alignment: 2105 2299 | 178836 179030 | 195 195 | 93.33 | sa_ill_sa_contig41 contig_25
		Alignment: 2342 2421 | 179073 179152 | 80 80 | 90.0 | sa_ill_sa_contig41 contig_25
		Alignment: 3008 3122 | 179742 179856 | 115 115 | 91.3 | sa_ill_sa_contig41 contig_25
		Alignment: 38 203 | 180238 180403 | 166 166 | 90.96 | sa_ill_sa_contig8 contig_25
		Alignment: 471 545 | 180670 180744 | 75 75 | 98.67 | sa_ill_sa_contig8 contig_25
		Alignment: 567 826 | 180764 181023 | 260 260 | 91.54 | sa_ill_sa_contig8 contig_25
		Alignment: 965 1096 | 840393 840262 | 132 132 | 92.42 | sa_ill_sa_contig8 contig_25
		Alignment: 567 826 | 840791 840532 | 260 260 | 91.54 | sa_ill_sa_contig8 contig_25
		Alignment: 471 545 | 840885 840811 | 75 75 | 98.67 | sa_ill_sa_contig8 contig_25
		Alignment: 3008 3122 | 841571 841457 | 115 115 | 91.3 | sa_ill_sa_contig41 contig_25
		Alignment: 2342 2421 | 842240 842161 | 80 80 | 90.0 | sa_ill_sa_contig41 contig_25
		Alignment: 2162 2299 | 842420 842283 | 138 138 | 93.48 | sa_ill_sa_contig41 contig_25
		Alignment: 1561 1674 | 842833 842720 | 114 114 | 95.61 | sa_ill_sa_contig41 contig_25
		Alignment: 589 967 | 843395 843017 | 379 379 | 96.57 | sa_ill_sa_contig41 contig_25
		Alignment: 496 1095 | 1650919 1651518 | 600 600 | 93.33 | sa_ill_sa_contig41 contig_25
		Alignment: 1150 1543 | 1651573 1651966 | 394 394 | 90.61 | sa_ill_sa_contig41 contig_25
		Alignment: 2105 2299 | 1652482 1652676 | 195 195 | 93.33 | sa_ill_sa_contig41 contig_25
		Alignment: 2342 2421 | 1652719 1652798 | 80 80 | 90.0 | sa_ill_sa_contig41 contig_25
		Alignment: 3008 3082 | 1653386 1653460 | 75 75 | 90.67 | sa_ill_sa_contig41 contig_25
		Alignment: 471 545 | 1654314 1654388 | 75 75 | 98.67 | sa_ill_sa_contig8 contig_25
		Alignment: 618 826 | 1654456 1654664 | 209 209 | 93.3 | sa_ill_sa_contig8 contig_25
		Alignment: 965 1110 | 1654803 1654948 | 146 146 | 91.1 | sa_ill_sa_contig8 contig_25
		Unaligned bases: 1918295

CONTIG: contig_35 (4757820bp)
Best alignment score: 209.0 (LEN: 230, IDY: 90.87), Total number of alignments: 35
			Looking for the best set of alignments (out of 35 total alignments)
			The best set is below. Score: 773.1, number of alignments: 35, unaligned bases: 4753452
		This contig is misassembled.
		This contig is partially unaligned. (Aligned 4368 out of 4757820 non-N bases (0.09%))
			Warning! This contig is more unaligned than misassembled. Contig length is 4757820 (number of Ns: 0) and total length of all aligns is 4368
		Alignment: 671 900 | 806473 806702 | 230 230 | 90.87 | sa_ill_sa_contig41 contig_35
		Alignment: 1309 1402 | 807111 807204 | 94 94 | 96.81 | sa_ill_sa_contig41 contig_35
		Alignment: 455 542 | 809857 809944 | 88 88 | 90.91 | sa_ill_sa_contig8 contig_35
		Alignment: 590 729 | 809990 810129 | 140 140 | 91.43 | sa_ill_sa_contig8 contig_35
		Alignment: 769 840 | 810168 810239 | 72 72 | 95.83 | sa_ill_sa_contig8 contig_35
		Alignment: 671 900 | 1472652 1472881 | 230 230 | 90.87 | sa_ill_sa_contig41 contig_35
		Alignment: 1309 1402 | 1473290 1473383 | 94 94 | 96.81 | sa_ill_sa_contig41 contig_35
		Alignment: 455 542 | 1476032 1476119 | 88 88 | 90.91 | sa_ill_sa_contig8 contig_35
		Alignment: 590 729 | 1476165 1476304 | 140 140 | 91.43 | sa_ill_sa_contig8 contig_35
		Alignment: 769 840 | 1476343 1476414 | 72 72 | 95.83 | sa_ill_sa_contig8 contig_35
		Alignment: 769 840 | 1992862 1992791 | 72 72 | 95.83 | sa_ill_sa_contig8 contig_35
		Alignment: 590 729 | 1993040 1992901 | 140 140 | 91.43 | sa_ill_sa_contig8 contig_35
		Alignment: 455 542 | 1993173 1993086 | 88 88 | 90.91 | sa_ill_sa_contig8 contig_35
		Alignment: 1309 1402 | 1996076 1995983 | 94 94 | 96.81 | sa_ill_sa_contig41 contig_35
		Alignment: 671 900 | 1996714 1996485 | 230 230 | 90.87 | sa_ill_sa_contig41 contig_35
		Alignment: 769 840 | 2087941 2087870 | 72 72 | 95.83 | sa_ill_sa_contig8 contig_35
		Alignment: 590 729 | 2088119 2087980 | 140 140 | 91.43 | sa_ill_sa_contig8 contig_35
		Alignment: 455 542 | 2088252 2088165 | 88 88 | 90.91 | sa_ill_sa_contig8 contig_35
		Alignment: 1309 1402 | 2090996 2090903 | 94 94 | 96.81 | sa_ill_sa_contig41 contig_35
		Alignment: 671 900 | 2091634 2091405 | 230 230 | 90.87 | sa_ill_sa_contig41 contig_35
		Alignment: 769 840 | 2243165 2243094 | 72 72 | 95.83 | sa_ill_sa_contig8 contig_35
		Alignment: 590 729 | 2243343 2243204 | 140 140 | 91.43 | sa_ill_sa_contig8 contig_35
		Alignment: 455 542 | 2243476 2243389 | 88 88 | 90.91 | sa_ill_sa_contig8 contig_35
		Alignment: 1309 1402 | 2246378 2246285 | 94 94 | 96.81 | sa_ill_sa_contig41 contig_35
		Alignment: 671 900 | 2247016 2246787 | 230 230 | 90.87 | sa_ill_sa_contig41 contig_35
		Alignment: 769 840 | 2286077 2286006 | 72 72 | 95.83 | sa_ill_sa_contig8 contig_35
		Alignment: 590 729 | 2286255 2286116 | 140 140 | 91.43 | sa_ill_sa_contig8 contig_35
		Alignment: 455 542 | 2286388 2286301 | 88 88 | 90.91 | sa_ill_sa_contig8 contig_35
		Alignment: 1309 1402 | 2289132 2289039 | 94 94 | 96.81 | sa_ill_sa_contig41 contig_35
		Alignment: 671 900 | 2289770 2289541 | 230 230 | 90.87 | sa_ill_sa_contig41 contig_35
		Alignment: 769 840 | 3035502 3035431 | 72 72 | 95.83 | sa_ill_sa_contig8 contig_35
		Alignment: 590 729 | 3035680 3035541 | 140 140 | 91.43 | sa_ill_sa_contig8 contig_35
		Alignment: 455 542 | 3035813 3035726 | 88 88 | 90.91 | sa_ill_sa_contig8 contig_35
		Alignment: 1309 1402 | 3038815 3038722 | 94 94 | 96.81 | sa_ill_sa_contig41 contig_35
		Alignment: 671 900 | 3039453 3039224 | 230 230 | 90.87 | sa_ill_sa_contig41 contig_35
		Unaligned bases: 4753452

CONTIG: contig_36 (4764622bp)
Best alignment score: 209.0 (LEN: 230, IDY: 90.87), Total number of alignments: 35
			Looking for the best set of alignments (out of 35 total alignments)
			The best set is below. Score: 667.9, number of alignments: 35, unaligned bases: 4760387
		This contig is misassembled.
		This contig is partially unaligned. (Aligned 4235 out of 4764622 non-N bases (0.09%))
			Warning! This contig is more unaligned than misassembled. Contig length is 4764622 (number of Ns: 0) and total length of all aligns is 4235
		Alignment: 671 900 | 304099 304328 | 230 230 | 90.87 | sa_ill_sa_contig41 contig_36
		Alignment: 1309 1402 | 304737 304830 | 94 94 | 96.81 | sa_ill_sa_contig41 contig_36
		Alignment: 455 542 | 307556 307643 | 88 88 | 90.91 | sa_ill_sa_contig8 contig_36
		Alignment: 590 709 | 307689 307808 | 120 120 | 93.33 | sa_ill_sa_contig8 contig_36
		Alignment: 769 841 | 307867 307939 | 73 73 | 95.89 | sa_ill_sa_contig8 contig_36
		Alignment: 671 900 | 1012347 1012576 | 230 230 | 90.87 | sa_ill_sa_contig41 contig_36
		Alignment: 1309 1402 | 1012985 1013078 | 94 94 | 96.81 | sa_ill_sa_contig41 contig_36
		Alignment: 455 542 | 1015810 1015897 | 88 88 | 90.91 | sa_ill_sa_contig8 contig_36
		Alignment: 590 709 | 1015943 1016062 | 120 120 | 93.33 | sa_ill_sa_contig8 contig_36
		Alignment: 769 841 | 1016121 1016193 | 73 73 | 95.89 | sa_ill_sa_contig8 contig_36
		Alignment: 769 841 | 1556670 1556598 | 73 73 | 95.89 | sa_ill_sa_contig8 contig_36
		Alignment: 590 709 | 1556848 1556729 | 120 120 | 93.33 | sa_ill_sa_contig8 contig_36
		Alignment: 455 542 | 1556981 1556894 | 88 88 | 90.91 | sa_ill_sa_contig8 contig_36
		Alignment: 1309 1402 | 1559723 1559630 | 94 94 | 96.81 | sa_ill_sa_contig41 contig_36
		Alignment: 671 900 | 1560361 1560132 | 230 230 | 90.87 | sa_ill_sa_contig41 contig_36
		Alignment: 769 841 | 1650274 1650202 | 73 73 | 95.89 | sa_ill_sa_contig8 contig_36
		Alignment: 590 709 | 1650452 1650333 | 120 120 | 93.33 | sa_ill_sa_contig8 contig_36
		Alignment: 455 542 | 1650585 1650498 | 88 88 | 90.91 | sa_ill_sa_contig8 contig_36
		Alignment: 1309 1402 | 1653421 1653328 | 94 94 | 96.81 | sa_ill_sa_contig41 contig_36
		Alignment: 671 900 | 1654059 1653830 | 230 230 | 90.87 | sa_ill_sa_contig41 contig_36
		Alignment: 769 841 | 1781386 1781314 | 73 73 | 95.89 | sa_ill_sa_contig8 contig_36
		Alignment: 590 709 | 1781564 1781445 | 120 120 | 93.33 | sa_ill_sa_contig8 contig_36
		Alignment: 455 542 | 1781697 1781610 | 88 88 | 90.91 | sa_ill_sa_contig8 contig_36
		Alignment: 1309 1402 | 1784439 1784346 | 94 94 | 96.81 | sa_ill_sa_contig41 contig_36
		Alignment: 671 900 | 1785077 1784848 | 230 230 | 90.87 | sa_ill_sa_contig41 contig_36
		Alignment: 769 841 | 1822776 1822704 | 73 73 | 95.89 | sa_ill_sa_contig8 contig_36
		Alignment: 590 709 | 1822953 1822834 | 120 120 | 93.33 | sa_ill_sa_contig8 contig_36
		Alignment: 455 542 | 1823086 1822999 | 88 88 | 90.91 | sa_ill_sa_contig8 contig_36
		Alignment: 1309 1402 | 1825826 1825733 | 94 94 | 96.81 | sa_ill_sa_contig41 contig_36
		Alignment: 671 900 | 1826464 1826235 | 230 230 | 90.87 | sa_ill_sa_contig41 contig_36
		Alignment: 769 841 | 2470489 2470417 | 73 73 | 95.89 | sa_ill_sa_contig8 contig_36
		Alignment: 590 709 | 2470666 2470547 | 120 120 | 93.33 | sa_ill_sa_contig8 contig_36
		Alignment: 455 542 | 2470799 2470712 | 88 88 | 90.91 | sa_ill_sa_contig8 contig_36
		Alignment: 1309 1402 | 2473634 2473541 | 94 94 | 96.81 | sa_ill_sa_contig41 contig_36
		Alignment: 671 900 | 2474272 2474043 | 230 230 | 90.87 | sa_ill_sa_contig41 contig_36
		Unaligned bases: 4760387

CONTIG: contig_50 (2845346bp)
Best alignment score: 567.0 (LEN: 599, IDY: 94.66), Total number of alignments: 48
			Looking for the best set of alignments (out of 48 total alignments)
			Skipping redundant alignments after choosing the best set of alignments
		Skipping redundant alignment 786 861 | 246177 246102 | 76 76 | 100.0 | sa_ill_sa_contig51 contig_50
		This contig has several significant sets of alignments. [An ambiguously mapped contig]
		Using only the very best set (option --ambiguity-usage is set to "one").
			The best set is below. Score: 9278.1, number of alignments: 47, unaligned bases: 2833614
		This contig is misassembled.
		This contig is partially unaligned. (Aligned 11732 out of 2845346 non-N bases (0.41%))
			Warning! This contig is more unaligned than misassembled. Contig length is 2845346 (number of Ns: 0) and total length of all aligns is 11732
		Alignment: 19874 19965 | 24674 24765 | 92 92 | 91.3 | sa_ill_sa_contig15 contig_50
		Alignment: 20204 20310 | 25004 25110 | 107 107 | 94.39 | sa_ill_sa_contig15 contig_50
		Alignment: 20351 20466 | 25154 25269 | 116 116 | 93.1 | sa_ill_sa_contig15 contig_50
		Alignment: 1136 1374 | 240961 240723 | 239 239 | 92.47 | sa_ill_sa_contig8 contig_50
		Alignment: 561 1110 | 241536 240987 | 550 550 | 94.73 | sa_ill_sa_contig8 contig_50
		Alignment: 437 551 | 241658 241544 | 115 115 | 96.52 | sa_ill_sa_contig8 contig_50
		Alignment: 38 431 | 242057 241664 | 394 394 | 90.61 | sa_ill_sa_contig8 contig_50
		Alignment: 3184 3302 | 242406 242288 | 119 119 | 94.12 | sa_ill_sa_contig41 contig_50
		Alignment: 3006 3134 | 242583 242455 | 129 129 | 93.8 | sa_ill_sa_contig41 contig_50
		Alignment: 2346 2414 | 243239 243171 | 69 69 | 95.65 | sa_ill_sa_contig41 contig_50
		Alignment: 2102 2316 | 243483 243269 | 215 215 | 95.35 | sa_ill_sa_contig41 contig_50
		Alignment: 1191 1538 | 244385 244038 | 348 348 | 95.11 | sa_ill_sa_contig41 contig_50
		Alignment: 497 1095 | 245079 244481 | 599 599 | 94.66 | sa_ill_sa_contig41 contig_50
		Alignment: 1136 1374 | 684075 683837 | 239 239 | 92.47 | sa_ill_sa_contig8 contig_50
		Alignment: 561 1110 | 684650 684101 | 550 550 | 94.73 | sa_ill_sa_contig8 contig_50
		Alignment: 437 551 | 684772 684658 | 115 115 | 96.52 | sa_ill_sa_contig8 contig_50
		Alignment: 38 431 | 685171 684778 | 394 394 | 90.61 | sa_ill_sa_contig8 contig_50
		Alignment: 3184 3302 | 685622 685504 | 119 119 | 94.12 | sa_ill_sa_contig41 contig_50
		Alignment: 3006 3134 | 685799 685671 | 129 129 | 93.8 | sa_ill_sa_contig41 contig_50
		Alignment: 2346 2414 | 686455 686387 | 69 69 | 95.65 | sa_ill_sa_contig41 contig_50
		Alignment: 2102 2316 | 686699 686485 | 215 215 | 95.35 | sa_ill_sa_contig41 contig_50
		Alignment: 1191 1538 | 687601 687254 | 348 348 | 95.11 | sa_ill_sa_contig41 contig_50
		Alignment: 497 1095 | 688295 687697 | 599 599 | 94.66 | sa_ill_sa_contig41 contig_50
		Alignment: 785 865 | 689316 689236 | 81 81 | 98.77 | sa_ill_sa_contig51 contig_50
		Alignment: 691 766 | 689400 689325 | 76 76 | 96.05 | sa_ill_sa_contig51 contig_50
		Alignment: 585 666 | 689504 689423 | 82 82 | 91.46 | sa_ill_sa_contig51 contig_50
		Alignment: 491 565 | 689590 689516 | 75 75 | 93.33 | sa_ill_sa_contig51 contig_50
		Alignment: 1136 1374 | 1303297 1303059 | 239 239 | 92.47 | sa_ill_sa_contig8 contig_50
		Alignment: 561 1110 | 1303872 1303323 | 550 550 | 94.73 | sa_ill_sa_contig8 contig_50
		Alignment: 437 551 | 1303994 1303880 | 115 115 | 96.52 | sa_ill_sa_contig8 contig_50
		Alignment: 38 431 | 1304393 1304000 | 394 394 | 90.61 | sa_ill_sa_contig8 contig_50
		Alignment: 3006 3124 | 1305021 1304903 | 119 119 | 96.64 | sa_ill_sa_contig41 contig_50
		Alignment: 2346 2414 | 1305677 1305609 | 69 69 | 95.65 | sa_ill_sa_contig41 contig_50
		Alignment: 2102 2316 | 1305921 1305707 | 215 215 | 95.35 | sa_ill_sa_contig41 contig_50
		Alignment: 1191 1538 | 1306823 1306476 | 348 348 | 95.11 | sa_ill_sa_contig41 contig_50
		Alignment: 497 1095 | 1307517 1306919 | 599 599 | 94.66 | sa_ill_sa_contig41 contig_50
		Alignment: 110713 110836 | 1560103 1560226 | 124 124 | 91.94 | sa_ill_sa_contig1 contig_50
		Alignment: 497 1095 | 2811168 2811766 | 599 599 | 94.66 | sa_ill_sa_contig41 contig_50
		Alignment: 1191 1538 | 2811862 2812209 | 348 348 | 95.11 | sa_ill_sa_contig41 contig_50
		Alignment: 2102 2316 | 2812764 2812978 | 215 215 | 95.35 | sa_ill_sa_contig41 contig_50
		Alignment: 2346 2414 | 2813008 2813076 | 69 69 | 95.65 | sa_ill_sa_contig41 contig_50
		Alignment: 3006 3134 | 2813664 2813792 | 129 129 | 93.8 | sa_ill_sa_contig41 contig_50
		Alignment: 3184 3302 | 2813841 2813959 | 119 119 | 94.12 | sa_ill_sa_contig41 contig_50
		Alignment: 38 431 | 2814190 2814583 | 394 394 | 90.61 | sa_ill_sa_contig8 contig_50
		Alignment: 437 551 | 2814589 2814703 | 115 115 | 96.52 | sa_ill_sa_contig8 contig_50
		Alignment: 561 1110 | 2814711 2815260 | 550 550 | 94.73 | sa_ill_sa_contig8 contig_50
		Alignment: 1136 1374 | 2815286 2815524 | 239 239 | 92.47 | sa_ill_sa_contig8 contig_50
		Unaligned bases: 2833614

Analyzing coverage...
Writing SNPs into /media3/lucia/zymo_mock_community/asms_cuantizados/v6_27-2-21_1bin/metaquast-1bin-v2/runs_per_reference/sa_ill/contigs_reports/minimap_output/r10_1bin_v2_2_racon_r2.used_snps.gz

Analysis is finished!
Founded SNPs were written into /media3/lucia/zymo_mock_community/asms_cuantizados/v6_27-2-21_1bin/metaquast-1bin-v2/runs_per_reference/sa_ill/contigs_reports/minimap_output/r10_1bin_v2_2_racon_r2.used_snps.gz

Results:
	Local Misassemblies: 9
	Misassemblies: 14
		Relocations: 0
		Translocations: 14
		Inversions: 0
	Scaffold gap extensive misassemblies: 0
	Scaffold gap local misassemblies: 0
	Misassemblies caused by fragmented reference: 26
	Misassembled Contigs: 1
	Misassembled Contig Bases: 2720646
	Misassemblies Inter-Contig Overlap: 0
Unaligned Contigs: 0 + 7 part
Half Unaligned Contigs with Misassemblies: 6
Unaligned Contig Bases: 21251966

Ambiguously Mapped Contigs: 3
Total Bases in Ambiguously Mapped Contigs: 9882613
Extra Bases in Ambiguously Mapped Contigs: 0
Note that --allow-ambiguity option was set to "one" and only first alignment per each of these contigs was used.

	Covered Bases: 2676992

	SNPs: 8076
	Insertions: 3096
	Deletions: 3668

