Aligning contigs to reference...
	Aligning contigs to the reference
Filtering alignments...
Parsing coords...
Loading reference...
	Loaded [sa_ill_sa_contig28]
	Loaded [sa_ill_sa_contig29]
	Loaded [sa_ill_sa_contig15]
	Loaded [sa_ill_sa_contig22]
	Loaded [sa_ill_sa_contig23]
	Loaded [sa_ill_sa_contig20]
	Loaded [sa_ill_sa_contig21]
	Loaded [sa_ill_sa_contig26]
	Loaded [sa_ill_sa_contig27]
	Loaded [sa_ill_sa_contig24]
	Loaded [sa_ill_sa_contig25]
	Loaded [sa_ill_sa_contig48]
	Loaded [sa_ill_sa_contig49]
	Loaded [sa_ill_sa_contig64]
	Loaded [sa_ill_sa_contig65]
	Loaded [sa_ill_sa_contig63]
	Loaded [sa_ill_sa_contig60]
	Loaded [sa_ill_sa_contig61]
	Loaded [sa_ill_sa_contig40]
	Loaded [sa_ill_sa_contig41]
	Loaded [sa_ill_sa_contig42]
	Loaded [sa_ill_sa_contig43]
	Loaded [sa_ill_sa_contig44]
	Loaded [sa_ill_sa_contig45]
	Loaded [sa_ill_sa_contig46]
	Loaded [sa_ill_sa_contig47]
	Loaded [sa_ill_sa_contig9]
	Loaded [sa_ill_sa_contig8]
	Loaded [sa_ill_sa_contig3]
	Loaded [sa_ill_sa_contig2]
	Loaded [sa_ill_sa_contig1]
	Loaded [sa_ill_sa_contig7]
	Loaded [sa_ill_sa_contig6]
	Loaded [sa_ill_sa_contig5]
	Loaded [sa_ill_sa_contig4]
	Loaded [sa_ill_sa_contig19]
	Loaded [sa_ill_sa_contig68]
	Loaded [sa_ill_sa_contig39]
	Loaded [sa_ill_sa_contig38]
	Loaded [sa_ill_sa_contig31]
	Loaded [sa_ill_sa_contig30]
	Loaded [sa_ill_sa_contig33]
	Loaded [sa_ill_sa_contig32]
	Loaded [sa_ill_sa_contig35]
	Loaded [sa_ill_sa_contig34]
	Loaded [sa_ill_sa_contig37]
	Loaded [sa_ill_sa_contig36]
	Loaded [sa_ill_sa_contig13]
	Loaded [sa_ill_sa_contig12]
	Loaded [sa_ill_sa_contig11]
	Loaded [sa_ill_sa_contig10]
	Loaded [sa_ill_sa_contig17]
	Loaded [sa_ill_sa_contig16]
	Loaded [sa_ill_sa_contig59]
	Loaded [sa_ill_sa_contig58]
	Loaded [sa_ill_sa_contig57]
	Loaded [sa_ill_sa_contig56]
	Loaded [sa_ill_sa_contig14]
	Loaded [sa_ill_sa_contig18]
	Loaded [sa_ill_sa_contig53]
	Loaded [sa_ill_sa_contig52]
	Loaded [sa_ill_sa_contig51]
	Loaded [sa_ill_sa_contig50]
	Loaded [sa_ill_sa_contig66]
	Loaded [sa_ill_sa_contig67]
	Loaded [sa_ill_sa_contig55]
	Loaded [sa_ill_sa_contig54]
	Total Regions: 67
	Total Region Length: 2689205
Analyzing contigs...
CONTIG: contig_45 (2719618bp)
Best alignment score: 223056.5 (LEN: 223414, IDY: 99.84), Total number of alignments: 165
			Too much alignments (165), will use speed up heuristics
			Found 62 solid alignments:
		Solid alignment 203 3323 | 373 3495 | 3121 3123 | 99.52 | sa_ill_sa_contig41 contig_45
		Solid alignment 1 1706 | 3914 5614 | 1706 1701 | 99.24 | sa_ill_sa_contig8 contig_45
		Solid alignment 1 34443 | 39970 5514 | 34443 34457 | 99.9 | sa_ill_sa_contig24 contig_45
		Solid alignment 1 38786 | 78749 39953 | 38786 38797 | 99.86 | sa_ill_sa_contig22 contig_45
		Solid alignment 1 34367 | 113654 79283 | 34367 34372 | 99.81 | sa_ill_sa_contig25 contig_45
		Solid alignment 203 3323 | 113819 116941 | 3121 3123 | 99.71 | sa_ill_sa_contig41 contig_45
		Solid alignment 1 131983 | 117313 249338 | 131983 132026 | 99.86 | sa_ill_sa_contig8 contig_45
		Solid alignment 1 149926 | 249680 399181 | 149926 149502 | 99.54 | sa_ill_sa_contig5 contig_45
		Solid alignment 1 30897 | 399227 430140 | 30897 30914 | 99.89 | sa_ill_sa_contig27 contig_45
		Solid alignment 5 2978 | 434037 431066 | 2974 2972 | 99.33 | sa_ill_sa_contig43 contig_45
		Solid alignment 1 13692 | 447687 433987 | 13692 13701 | 99.77 | sa_ill_sa_contig35 contig_45
		Solid alignment 1 125486 | 448419 574140 | 125486 125722 | 99.68 | sa_ill_sa_contig10 contig_45
		Solid alignment 1 20896 | 597326 576409 | 20896 20918 | 99.82 | sa_ill_sa_contig32 contig_45
		Solid alignment 1 130429 | 727617 597257 | 130429 130361 | 99.78 | sa_ill_sa_contig9 contig_45
		Solid alignment 1 4636 | 727563 732201 | 4636 4639 | 99.91 | sa_ill_sa_contig40 contig_45
		Solid alignment 1 5318 | 732202 737523 | 5318 5322 | 99.83 | sa_ill_sa_contig38 contig_45
		Solid alignment 1 4636 | 742163 737524 | 4636 4640 | 99.91 | sa_ill_sa_contig40 contig_45
		Solid alignment 1 26180 | 768298 742109 | 26180 26190 | 99.92 | sa_ill_sa_contig29 contig_45
		Solid alignment 1 1727 | 771779 770051 | 1727 1729 | 99.88 | sa_ill_sa_contig46 contig_45
		Solid alignment 1 43683 | 771725 815251 | 43683 43527 | 99.38 | sa_ill_sa_contig18 contig_45
		Solid alignment 1 142808 | 815785 958727 | 142808 142943 | 99.81 | sa_ill_sa_contig6 contig_45
		Solid alignment 1 21042 | 958881 979936 | 21042 21056 | 99.9 | sa_ill_sa_contig31 contig_45
		Solid alignment 43249 70357 | 1007423 980316 | 27109 27108 | 99.3 | sa_ill_sa_contig12 contig_45
		Solid alignment 1 44268 | 1051194 1006914 | 44268 44281 | 99.67 | sa_ill_sa_contig12 contig_45
		Solid alignment 1 50706 | 1051150 1101874 | 50706 50725 | 99.86 | sa_ill_sa_contig17 contig_45
		Solid alignment 1 5104 | 1101820 1106926 | 5104 5107 | 99.94 | sa_ill_sa_contig39 contig_45
		Solid alignment 1 14362 | 1106872 1121233 | 14362 14362 | 99.86 | sa_ill_sa_contig33 contig_45
		Solid alignment 1 6686 | 1128637 1121946 | 6686 6692 | 99.84 | sa_ill_sa_contig37 contig_45
		Solid alignment 1 2840 | 1128664 1131504 | 2840 2841 | 99.58 | sa_ill_sa_contig44 contig_45
		Solid alignment 1 1631 | 1133079 1131450 | 1631 1630 | 99.94 | sa_ill_sa_contig47 contig_45
		Solid alignment 1 41074 | 1174196 1133106 | 41074 41091 | 99.83 | sa_ill_sa_contig20 contig_45
		Solid alignment 1 1704 | 1175847 1174142 | 1704 1706 | 99.77 | sa_ill_sa_contig8 contig_45
		Solid alignment 203 3323 | 1179355 1176235 | 3121 3121 | 99.62 | sa_ill_sa_contig41 contig_45
		Solid alignment 1 38352 | 1218358 1179984 | 38352 38375 | 99.85 | sa_ill_sa_contig23 contig_45
		Solid alignment 1 1703 | 1220464 1218764 | 1703 1701 | 99.77 | sa_ill_sa_contig8 contig_45
		Solid alignment 1 3323 | 1224119 1220794 | 3323 3326 | 99.73 | sa_ill_sa_contig41 contig_45
		Solid alignment 1 1704 | 1225720 1224021 | 1704 1700 | 99.65 | sa_ill_sa_contig8 contig_45
		Solid alignment 203 3323 | 1229140 1226017 | 3121 3124 | 99.68 | sa_ill_sa_contig41 contig_45
		Solid alignment 1 56123 | 1285619 1229592 | 56123 56028 | 99.6 | sa_ill_sa_contig15 contig_45
		Solid alignment 1 3261 | 1289599 1286336 | 3261 3264 | 99.82 | sa_ill_sa_contig42 contig_45
		Solid alignment 1 211909 | 1289800 1501779 | 211909 211980 | 99.86 | sa_ill_sa_contig2 contig_45
		Solid alignment 1 207093 | 1501726 1708741 | 207093 207016 | 99.77 | sa_ill_sa_contig3 contig_45
		Solid alignment 1 78138 | 1708754 1786801 | 78138 78048 | 99.67 | sa_ill_sa_contig7 contig_45
		Solid alignment 77953 134302 | 1786483 1842845 | 56350 56363 | 99.8 | sa_ill_sa_contig7 contig_45
		Solid alignment 1 50729 | 1893670 1842908 | 50729 50763 | 99.82 | sa_ill_sa_contig16 contig_45
		Solid alignment 1 177172 | 2070906 1893651 | 177172 177256 | 99.83 | sa_ill_sa_contig4 contig_45
		Solid alignment 1 41771 | 2071095 2112898 | 41771 41804 | 99.88 | sa_ill_sa_contig19 contig_45
		Solid alignment 62883 66071 | 2116082 2112888 | 3189 3195 | 99.41 | sa_ill_sa_contig13 contig_45
		Solid alignment 1 63338 | 2179207 2115856 | 63338 63352 | 99.75 | sa_ill_sa_contig13 contig_45
		Solid alignment 1 223346 | 2405433 2182020 | 223346 223414 | 99.84 | sa_ill_sa_contig1 contig_45
		Solid alignment 1 1418 | 2405379 2406799 | 1418 1421 | 99.65 | sa_ill_sa_contig48 contig_45
		Solid alignment 1 98600 | 2505389 2406765 | 98600 98625 | 99.82 | sa_ill_sa_contig11 contig_45
		Solid alignment 1 7163 | 2505335 2512497 | 7163 7163 | 99.83 | sa_ill_sa_contig36 contig_45
		Solid alignment 1 21790 | 2534273 2512472 | 21790 21802 | 99.89 | sa_ill_sa_contig30 contig_45
		Solid alignment 1 14210 | 2549198 2534986 | 14210 14213 | 99.87 | sa_ill_sa_contig34 contig_45
		Solid alignment 1 32969 | 2549352 2582329 | 32969 32978 | 99.82 | sa_ill_sa_contig26 contig_45
		Solid alignment 2 925 | 2582534 2583453 | 924 920 | 97.85 | sa_ill_sa_contig51 contig_45
		Solid alignment 198 3323 | 2584006 2587131 | 3126 3126 | 99.78 | sa_ill_sa_contig41 contig_45
		Solid alignment 1 1701 | 2587553 2589253 | 1701 1701 | 99.53 | sa_ill_sa_contig8 contig_45
		Solid alignment 1 28120 | 2589158 2617274 | 28120 28117 | 99.86 | sa_ill_sa_contig28 contig_45
		Solid alignment 1 39729 | 2617279 2657014 | 39729 39736 | 99.87 | sa_ill_sa_contig21 contig_45
		Solid alignment 1 62389 | 2657394 2719618 | 62389 62225 | 99.56 | sa_ill_sa_contig14 contig_45
			Skipping alignments located inside solid regions since they are redundant:
		Skipping redundant alignment 78536 78699 | 40007 39844 | 164 164 | 99.39 | sa_ill_sa_contig10 contig_45
		Skipping redundant alignment 90836 91001 | 40007 39842 | 166 166 | 100.0 | sa_ill_sa_contig3 contig_45
		Skipping redundant alignment 34638 34741 | 399023 399126 | 104 104 | 99.04 | sa_ill_sa_contig6 contig_45
		Skipping redundant alignment 30505 30668 | 433876 434039 | 164 164 | 92.68 | sa_ill_sa_contig27 contig_45
		Skipping redundant alignment 30742 30889 | 434116 434263 | 148 148 | 97.97 | sa_ill_sa_contig27 contig_45
		Skipping redundant alignment 7 228 | 767848 768069 | 222 222 | 90.99 | sa_ill_sa_contig54 contig_45
		Skipping redundant alignment 40727 41072 | 1131658 1131313 | 346 346 | 92.49 | sa_ill_sa_contig20 contig_45
		Skipping redundant alignment 1 157 | 1174241 1174084 | 157 158 | 98.1 | sa_ill_sa_contig41 contig_45
		Skipping redundant alignment 37896 37992 | 1229995 1229899 | 97 97 | 96.91 | sa_ill_sa_contig23 contig_45
		Skipping redundant alignment 353 495 | 1286388 1286530 | 143 143 | 95.1 | sa_ill_sa_contig2 contig_45
		Skipping redundant alignment 4728 4899 | 1289534 1289363 | 172 172 | 92.44 | sa_ill_sa_contig15 contig_45
		Skipping redundant alignment 4113 4199 | 1290144 1290058 | 87 87 | 91.95 | sa_ill_sa_contig15 contig_45
		Skipping redundant alignment 45 153 | 1893701 1893594 | 109 108 | 99.08 | sa_ill_sa_contig21 contig_45
		Skipping redundant alignment 206251 206340 | 1893705 1893616 | 90 90 | 100.0 | sa_ill_sa_contig2 contig_45
		Skipping redundant alignment 46345 46434 | 1893705 1893616 | 90 90 | 100.0 | sa_ill_sa_contig4 contig_45
		Skipping redundant alignment 78678 78767 | 1893705 1893616 | 90 90 | 100.0 | sa_ill_sa_contig8 contig_45
		Skipping redundant alignment 34639 34756 | 1893589 1893705 | 118 117 | 99.15 | sa_ill_sa_contig6 contig_45
		Skipping redundant alignment 149769 149886 | 1893589 1893705 | 118 117 | 99.15 | sa_ill_sa_contig5 contig_45
		Skipping redundant alignment 34799 34900 | 2112783 2112682 | 102 102 | 98.04 | sa_ill_sa_contig6 contig_45
		Skipping redundant alignment 31678 31950 | 2112716 2112990 | 273 275 | 95.64 | sa_ill_sa_contig10 contig_45
		Skipping redundant alignment 34638 34798 | 2113002 2112842 | 161 161 | 97.52 | sa_ill_sa_contig6 contig_45
		Skipping redundant alignment 149767 149926 | 2113003 2112844 | 160 160 | 98.12 | sa_ill_sa_contig5 contig_45
		Skipping redundant alignment 211641 211778 | 2505272 2505409 | 138 138 | 93.53 | sa_ill_sa_contig2 contig_45
		Skipping redundant alignment 31526 31680 | 2505266 2505420 | 155 155 | 93.59 | sa_ill_sa_contig10 contig_45
		Skipping redundant alignment 139 293 | 2505420 2505266 | 155 155 | 93.59 | sa_ill_sa_contig27 contig_45
		Skipping redundant alignment 90836 90999 | 2512526 2512363 | 164 164 | 99.39 | sa_ill_sa_contig3 contig_45
		Skipping redundant alignment 78536 78700 | 2512526 2512362 | 165 165 | 98.79 | sa_ill_sa_contig10 contig_45
		Skipping redundant alignment 206160 206254 | 2617169 2617263 | 95 95 | 96.84 | sa_ill_sa_contig2 contig_45
		Skipping redundant alignment 46254 46348 | 2617169 2617263 | 95 95 | 96.84 | sa_ill_sa_contig4 contig_45
		Skipping redundant alignment 206255 206363 | 2617323 2617431 | 109 109 | 99.08 | sa_ill_sa_contig2 contig_45
		Skipping redundant alignment 46349 46457 | 2617323 2617431 | 109 109 | 98.17 | sa_ill_sa_contig4 contig_45
			Looking for the best set of alignments (out of 134 total alignments)
		Ambiguity for this contig is not checked for speed up (too much alignments and --ambiguity-usage is "one")
			Skipping redundant alignments after choosing the best set of alignments
		Skipping redundant alignment 38188 38352 | 114 278 | 165 165 | 95.76 | sa_ill_sa_contig23 contig_45
		Skipping redundant alignment 45829 46373 | 2657503 2656960 | 545 544 | 98.17 | sa_ill_sa_contig14 contig_45
		Skipping redundant alignment 142 348 | 2617218 2617424 | 207 207 | 97.58 | sa_ill_sa_contig31 contig_45
		Skipping redundant alignment 249 397 | 113809 113661 | 149 149 | 100.0 | sa_ill_sa_contig34 contig_45
		Skipping redundant alignment 98002 98191 | 249242 249431 | 190 190 | 97.89 | sa_ill_sa_contig11 contig_45
		Skipping redundant alignment 45846 46038 | 249239 249431 | 193 193 | 98.45 | sa_ill_sa_contig14 contig_45
		Skipping redundant alignment 106941 107135 | 249239 249433 | 195 195 | 98.46 | sa_ill_sa_contig3 contig_45
		Skipping redundant alignment 98340 98600 | 249453 249713 | 261 261 | 95.02 | sa_ill_sa_contig11 contig_45
		Skipping redundant alignment 98340 98600 | 249453 249713 | 261 261 | 95.02 | sa_ill_sa_contig11 contig_45
		Skipping redundant alignment 46187 46447 | 249453 249713 | 261 261 | 94.64 | sa_ill_sa_contig14 contig_45
		Skipping redundant alignment 34742 34810 | 399185 399253 | 69 69 | 100.0 | sa_ill_sa_contig6 contig_45
		Skipping redundant alignment 126 348 | 399257 399036 | 223 222 | 91.67 | sa_ill_sa_contig31 contig_45
		Skipping redundant alignment 31524 31858 | 399521 399185 | 335 337 | 92.51 | sa_ill_sa_contig10 contig_45
		Skipping redundant alignment 13419 13639 | 431003 430783 | 221 221 | 91.44 | sa_ill_sa_contig35 contig_45
		Skipping redundant alignment 29935 30062 | 430957 431086 | 128 130 | 93.85 | sa_ill_sa_contig27 contig_45
		Skipping redundant alignment 1 162 | 430957 431120 | 162 164 | 93.29 | sa_ill_sa_contig53 contig_45
		Skipping redundant alignment 2568 3906 | 448743 447375 | 1339 1369 | 91.24 | sa_ill_sa_contig35 contig_45
		Skipping redundant alignment 334 638 | 768175 768479 | 305 305 | 90.16 | sa_ill_sa_contig54 contig_45
		Skipping redundant alignment 1287 1420 | 768833 768700 | 134 134 | 97.76 | sa_ill_sa_contig46 contig_45
		Skipping redundant alignment 1 280 | 769285 769006 | 280 280 | 91.07 | sa_ill_sa_contig46 contig_45
		Skipping redundant alignment 1654 1727 | 769302 769229 | 74 74 | 93.24 | sa_ill_sa_contig46 contig_45
		Skipping redundant alignment 410 549 | 769698 769559 | 140 140 | 92.86 | sa_ill_sa_contig46 contig_45
		Skipping redundant alignment 1230 1434 | 769713 769509 | 205 205 | 90.24 | sa_ill_sa_contig46 contig_45
		Skipping redundant alignment 1 370 | 770107 769738 | 370 370 | 91.35 | sa_ill_sa_contig46 contig_45
		Skipping redundant alignment 337 638 | 769823 770124 | 302 302 | 90.73 | sa_ill_sa_contig54 contig_45
		Skipping redundant alignment 134184 134277 | 958959 958866 | 94 94 | 98.94 | sa_ill_sa_contig7 contig_45
		Skipping redundant alignment 98115 98262 | 958866 959013 | 148 148 | 100.0 | sa_ill_sa_contig11 contig_45
		Skipping redundant alignment 45956 46109 | 958860 959013 | 154 154 | 97.4 | sa_ill_sa_contig14 contig_45
		Skipping redundant alignment 106923 107138 | 979861 980076 | 216 216 | 99.54 | sa_ill_sa_contig3 contig_45
		Skipping redundant alignment 45829 46060 | 979862 980093 | 232 232 | 99.57 | sa_ill_sa_contig14 contig_45
		Skipping redundant alignment 97985 98221 | 979866 980101 | 237 236 | 98.31 | sa_ill_sa_contig11 contig_45
		Skipping redundant alignment 45829 46068 | 979862 980101 | 240 240 | 99.58 | sa_ill_sa_contig14 contig_45
		Skipping redundant alignment 46187 46447 | 980094 980354 | 261 261 | 97.7 | sa_ill_sa_contig14 contig_45
		Skipping redundant alignment 62390 62538 | 1179466 1179320 | 149 147 | 92.72 | sa_ill_sa_contig14 contig_45
		Skipping redundant alignment 62501 62586 | 1179612 1179527 | 86 86 | 98.84 | sa_ill_sa_contig14 contig_45
		Skipping redundant alignment 55995 56117 | 1179637 1179516 | 123 122 | 98.37 | sa_ill_sa_contig15 contig_45
		Skipping redundant alignment 62390 62604 | 1180002 1179788 | 215 215 | 93.58 | sa_ill_sa_contig14 contig_45
		Skipping redundant alignment 62501 62604 | 1229420 1229317 | 104 104 | 99.04 | sa_ill_sa_contig14 contig_45
		Skipping redundant alignment 38161 38352 | 1229445 1229255 | 192 191 | 96.35 | sa_ill_sa_contig23 contig_45
		Skipping redundant alignment 38158 38352 | 1229724 1229530 | 195 195 | 94.87 | sa_ill_sa_contig23 contig_45
		Skipping redundant alignment 1 265 | 1286048 1286312 | 265 265 | 90.57 | sa_ill_sa_contig2 contig_45
		Skipping redundant alignment 266 334 | 1286319 1286387 | 69 69 | 92.75 | sa_ill_sa_contig2 contig_45
		Skipping redundant alignment 4533 4721 | 1289729 1289541 | 189 189 | 96.3 | sa_ill_sa_contig15 contig_45
		Skipping redundant alignment 4206 4532 | 1290057 1289731 | 327 327 | 92.97 | sa_ill_sa_contig15 contig_45
		Skipping redundant alignment 3429 3620 | 2070829 2071020 | 192 192 | 99.48 | sa_ill_sa_contig19 contig_45
		Skipping redundant alignment 45962 46038 | 2071080 2071156 | 77 77 | 100.0 | sa_ill_sa_contig14 contig_45
		Skipping redundant alignment 98115 98191 | 2071080 2071156 | 77 77 | 98.7 | sa_ill_sa_contig11 contig_45
		Skipping redundant alignment 1 161 | 2549233 2549406 | 161 174 | 92.53 | sa_ill_sa_contig51 contig_45
		Skipping redundant alignment 105 186 | 2582356 2582275 | 82 82 | 100.0 | sa_ill_sa_contig25 contig_45
		Skipping redundant alignment 164 242 | 2582360 2582438 | 79 79 | 100.0 | sa_ill_sa_contig23 contig_45
		Skipping redundant alignment 87 460 | 2583755 2584128 | 374 374 | 99.2 | sa_ill_sa_contig23 contig_45
		Skipping redundant alignment 688 765 | 2587334 2587411 | 78 78 | 100.0 | sa_ill_sa_contig51 contig_45
			The best set is below. Score: 2699911.2, number of alignments: 82, unaligned bases: 9255
		This contig is misassembled.
		This contig is partially unaligned. (Aligned 2710363 out of 2719618 non-N bases (99.66%))
			Real Alignment 1: 62389 62604 | 1 216 | 216 216 | 100.0 | sa_ill_sa_contig14 contig_45
			  Gap between these two alignments (local misassembly). Inconsistency = -258
			Excluding internal overlap of size 36 between Alignment 2 and 3: 62396 62538 | 266 408 | 143 143 --> 62396 62502 | 266 372 | 107 107
			Real Alignment 2: 62396 62502 | 266 372 | 107 107 | 98.6 | sa_ill_sa_contig14 contig_45
			  Extensive misassembly (translocation) between these two alignments
			Real Alignment 3: 203 3323 | 373 3495 | 3121 3123 | 99.52 | sa_ill_sa_contig41 contig_45
			  Not a misassembly [fragmentation of reference genome] between these two alignments
			Excluding internal overlap of size 101 between Alignment 4 and 5: 1 1706 | 3914 5614 | 1706 1701 --> 1 1604 | 3914 5513 | 1604 1600
			Real Alignment 4: 1 1604 | 3914 5513 | 1604 1600 | 99.24 | sa_ill_sa_contig8 contig_45
			  Extensive misassembly (translocation) between these two alignments
			Excluding internal overlap of size 18 between Alignment 5 and 6: 1 34443 | 39970 5514 | 34443 34457 --> 19 34443 | 39952 5514 | 34425 34439
			Real Alignment 5: 19 34443 | 39952 5514 | 34425 34439 | 99.9 | sa_ill_sa_contig24 contig_45
			  Indel (> 5bp) between these two alignments: deletion of length 18; 0 mismatches (number of Ns: 0) [fragmentation of reference genome]
			Excluding internal overlap of size 55 between Alignment 6 and 7: 1 642 | 78695 79337 | 642 643 --> 56 642 | 78750 79337 | 587 588
			Real Alignment 6: 1 38786 | 78749 39953 | 38786 38797 | 99.86 | sa_ill_sa_contig22 contig_45
			  Indel (> 5bp) between these two alignments: deletion of length 55; 0 mismatches (number of Ns: 0) [fragmentation of reference genome]
			Excluding internal overlap of size 55 between Alignment 7 and 8: 56 642 | 78750 79337 | 587 588 --> 56 588 | 78750 79282 | 533 533
			Real Alignment 7: 56 588 | 78750 79282 | 533 533 | 99.84 | sa_ill_sa_contig63 contig_45
			  Indel (> 5bp) between these two alignments: deletion of length 55; 0 mismatches (number of Ns: 0) [fragmentation of reference genome]
			Real Alignment 8: 1 34367 | 113654 79283 | 34367 34372 | 99.81 | sa_ill_sa_contig25 contig_45
			  Extensive misassembly (translocation) between these two alignments
			Real Alignment 9: 203 3323 | 113819 116941 | 3121 3123 | 99.71 | sa_ill_sa_contig41 contig_45
			  Not a misassembly [fragmentation of reference genome] between these two alignments
			Real Alignment 10: 1 131983 | 117313 249338 | 131983 132026 | 99.86 | sa_ill_sa_contig8 contig_45
			  Not a misassembly [fragmentation of reference genome] between these two alignments
			Real Alignment 11: 1 149926 | 249680 399181 | 149926 149502 | 99.54 | sa_ill_sa_contig5 contig_45
			  Not a misassembly [fragmentation of reference genome] between these two alignments
			Excluding internal overlap of size 55 between Alignment 12 and 13: 1 861 | 430086 430947 | 861 862 --> 56 861 | 430141 430947 | 806 807
			Real Alignment 12: 1 30897 | 399227 430140 | 30897 30914 | 99.89 | sa_ill_sa_contig27 contig_45
			  Indel (> 5bp) between these two alignments: deletion of length 55; 0 mismatches (number of Ns: 0) [fragmentation of reference genome]
			Real Alignment 13: 56 861 | 430141 430947 | 806 807 | 99.77 | sa_ill_sa_contig53 contig_45
			  Not a misassembly [fragmentation of reference genome] between these two alignments
			Excluding internal overlap of size 51 between Alignment 14 and 15: 5 2978 | 434037 431066 | 2974 2972 --> 56 2978 | 433986 431066 | 2923 2921
			Real Alignment 14: 56 2978 | 433986 431066 | 2923 2921 | 99.33 | sa_ill_sa_contig43 contig_45
			  Indel (> 5bp) between these two alignments: deletion of length 55; 0 mismatches (number of Ns: 0) [fragmentation of reference genome]
			Real Alignment 15: 1 13692 | 447687 433987 | 13692 13701 | 99.77 | sa_ill_sa_contig35 contig_45
			  Not a misassembly [fragmentation of reference genome] between these two alignments
			Excluding internal overlap of size 55 between Alignment 16 and 17: 1 720 | 574086 574805 | 720 720 --> 56 720 | 574141 574805 | 665 665
			Real Alignment 16: 1 125486 | 448419 574140 | 125486 125722 | 99.68 | sa_ill_sa_contig10 contig_45
			  Indel (> 5bp) between these two alignments: deletion of length 55; 0 mismatches (number of Ns: 0) [fragmentation of reference genome]
			Real Alignment 17: 56 720 | 574141 574805 | 665 665 | 100.0 | sa_ill_sa_contig60 contig_45
			  Not a misassembly [fragmentation of reference genome] between these two alignments
			Excluding internal overlap of size 55 between Alignment 18 and 19: 1 539 | 576463 575925 | 539 539 --> 56 539 | 576408 575925 | 484 484
			Real Alignment 18: 56 539 | 576408 575925 | 484 484 | 100.0 | sa_ill_sa_contig65 contig_45
			  Indel (> 5bp) between these two alignments: deletion of length 55; 0 mismatches (number of Ns: 0) [fragmentation of reference genome]
			Excluding internal overlap of size 70 between Alignment 19 and 20: 1 20896 | 597326 576409 | 20896 20918 --> 71 20896 | 597256 576409 | 20826 20848
			Real Alignment 19: 71 20896 | 597256 576409 | 20826 20848 | 99.82 | sa_ill_sa_contig32 contig_45
			  Extensive misassembly (translocation) between these two alignments
			Excluding internal overlap of size 55 between Alignment 20 and 21: 1 4636 | 727563 732201 | 4636 4639 --> 56 4636 | 727618 732201 | 4581 4584
			Real Alignment 20: 1 130429 | 727617 597257 | 130429 130361 | 99.78 | sa_ill_sa_contig9 contig_45
			  Indel (> 5bp) between these two alignments: deletion of length 55; 0 mismatches (number of Ns: 0) [fragmentation of reference genome]
			Real Alignment 21: 56 4636 | 727618 732201 | 4581 4584 | 99.91 | sa_ill_sa_contig40 contig_45
			  Not a misassembly [fragmentation of reference genome] between these two alignments
			Real Alignment 22: 1 5318 | 732202 737523 | 5318 5322 | 99.83 | sa_ill_sa_contig38 contig_45
			  Not a misassembly [fragmentation of reference genome] between these two alignments
			Excluding internal overlap of size 55 between Alignment 23 and 24: 1 4636 | 742163 737524 | 4636 4640 --> 56 4636 | 742108 737524 | 4581 4585
			Real Alignment 23: 56 4636 | 742108 737524 | 4581 4585 | 99.91 | sa_ill_sa_contig40 contig_45
			  Indel (> 5bp) between these two alignments: deletion of length 55; 0 mismatches (number of Ns: 0) [fragmentation of reference genome]
			Real Alignment 24: 1 26180 | 768298 742109 | 26180 26190 | 99.92 | sa_ill_sa_contig29 contig_45
			  Not a misassembly [fragmentation of reference genome] between these two alignments
			Real Alignment 25: 1 857 | 768664 769521 | 857 858 | 99.88 | sa_ill_sa_contig54 contig_45
			  Not a misassembly [fragmentation of reference genome] between these two alignments
			Excluding internal overlap of size 55 between Alignment 26 and 27: 1 1727 | 771779 770051 | 1727 1729 --> 56 1727 | 771724 770051 | 1672 1674
			Real Alignment 26: 56 1727 | 771724 770051 | 1672 1674 | 99.88 | sa_ill_sa_contig46 contig_45
			  Indel (> 5bp) between these two alignments: deletion of length 55; 0 mismatches (number of Ns: 0) [fragmentation of reference genome]
			Excluding internal overlap of size 55 between Alignment 27 and 28: 1 642 | 815839 815197 | 642 643 --> 1 588 | 815839 815252 | 588 588
			Real Alignment 27: 1 43683 | 771725 815251 | 43683 43527 | 99.38 | sa_ill_sa_contig18 contig_45
			  Indel (> 5bp) between these two alignments: deletion of length 55; 0 mismatches (number of Ns: 0) [fragmentation of reference genome]
			Excluding internal overlap of size 55 between Alignment 28 and 29: 1 588 | 815839 815252 | 588 588 --> 56 588 | 815784 815252 | 533 533
			Real Alignment 28: 56 588 | 815784 815252 | 533 533 | 99.07 | sa_ill_sa_contig63 contig_45
			  Indel (> 5bp) between these two alignments: deletion of length 55; 0 mismatches (number of Ns: 0) [fragmentation of reference genome]
			Real Alignment 29: 1 142808 | 815785 958727 | 142808 142943 | 99.81 | sa_ill_sa_contig6 contig_45
			  Not a misassembly [fragmentation of reference genome] between these two alignments
			Excluding internal overlap of size 55 between Alignment 30 and 31: 98002 98213 | 979882 980093 | 212 212 --> 98057 98213 | 979937 980093 | 157 157
			Real Alignment 30: 1 21042 | 958881 979936 | 21042 21056 | 99.9 | sa_ill_sa_contig31 contig_45
			  Extensive misassembly (translocation) between these two alignments
			Real Alignment 31: 98057 98213 | 979937 980093 | 157 157 | 98.58 | sa_ill_sa_contig11 contig_45
			  Gap between these two alignments (local misassembly). Inconsistency = 126
			Excluding internal overlap of size 39 between Alignment 32 and 33: 98340 98600 | 980094 980354 | 261 261 --> 98340 98561 | 980094 980315 | 222 222
			Real Alignment 32: 98340 98561 | 980094 980315 | 222 222 | 98.08 | sa_ill_sa_contig11 contig_45
			  Indel (> 5bp) between these two alignments: deletion of length 39; 0 mismatches (number of Ns: 0) [fragmentation of reference genome]
			Excluding internal overlap of size 510 between Alignment 33 and 34: 43249 70357 | 1007423 980316 | 27109 27108 --> 43758 70357 | 1006913 980316 | 26600 26598
			Real Alignment 33: 43758 70357 | 1006913 980316 | 26600 26598 | 99.3 | sa_ill_sa_contig12 contig_45
			  Overlap between these two alignments (local misassembly). Inconsistency = -511
			Excluding internal overlap of size 45 between Alignment 34 and 35: 1 44268 | 1051194 1006914 | 44268 44281 --> 46 44268 | 1051149 1006914 | 44223 44236
			Real Alignment 34: 46 44268 | 1051149 1006914 | 44223 44236 | 99.67 | sa_ill_sa_contig12 contig_45
			  Indel (> 5bp) between these two alignments: deletion of length 45; 0 mismatches (number of Ns: 0) [fragmentation of reference genome]
			Excluding internal overlap of size 55 between Alignment 35 and 36: 1 5104 | 1101820 1106926 | 5104 5107 --> 56 5104 | 1101875 1106926 | 5049 5052
			Real Alignment 35: 1 50706 | 1051150 1101874 | 50706 50725 | 99.86 | sa_ill_sa_contig17 contig_45
			  Indel (> 5bp) between these two alignments: deletion of length 55; 0 mismatches (number of Ns: 0) [fragmentation of reference genome]
			Excluding internal overlap of size 55 between Alignment 36 and 37: 56 5104 | 1101875 1106926 | 5049 5052 --> 56 5049 | 1101875 1106871 | 4994 4997
			Real Alignment 36: 56 5049 | 1101875 1106871 | 4994 4997 | 99.94 | sa_ill_sa_contig39 contig_45
			  Indel (> 5bp) between these two alignments: deletion of length 55; 0 mismatches (number of Ns: 0) [fragmentation of reference genome]
			Excluding internal overlap of size 55 between Alignment 37 and 38: 1 821 | 1122000 1121179 | 821 822 --> 1 766 | 1122000 1121234 | 766 767
			Real Alignment 37: 1 14362 | 1106872 1121233 | 14362 14362 | 99.86 | sa_ill_sa_contig33 contig_45
			  Indel (> 5bp) between these two alignments: deletion of length 55; 0 mismatches (number of Ns: 0) [fragmentation of reference genome]
			Excluding internal overlap of size 55 between Alignment 38 and 39: 1 766 | 1122000 1121234 | 766 767 --> 56 766 | 1121945 1121234 | 711 712
			Real Alignment 38: 56 766 | 1121945 1121234 | 711 712 | 99.88 | sa_ill_sa_contig55 contig_45
			  Indel (> 5bp) between these two alignments: deletion of length 55; 0 mismatches (number of Ns: 0) [fragmentation of reference genome]
			Real Alignment 39: 1 6686 | 1128637 1121946 | 6686 6692 | 99.84 | sa_ill_sa_contig37 contig_45
			  Not a misassembly [fragmentation of reference genome] between these two alignments
			Excluding internal overlap of size 55 between Alignment 40 and 41: 1 1631 | 1133079 1131450 | 1631 1630 --> 1 1576 | 1133079 1131505 | 1576 1575
			Real Alignment 40: 1 2840 | 1128664 1131504 | 2840 2841 | 99.58 | sa_ill_sa_contig44 contig_45
			  Indel (> 5bp) between these two alignments: deletion of length 55; 0 mismatches (number of Ns: 0) [fragmentation of reference genome]
			Real Alignment 41: 1 1576 | 1133079 1131505 | 1576 1575 | 99.94 | sa_ill_sa_contig47 contig_45
			  Not a misassembly [fragmentation of reference genome] between these two alignments
			Excluding internal overlap of size 55 between Alignment 42 and 43: 1 1704 | 1175847 1174142 | 1704 1706 --> 1 1649 | 1175847 1174197 | 1649 1651
			Real Alignment 42: 1 41074 | 1174196 1133106 | 41074 41091 | 99.83 | sa_ill_sa_contig20 contig_45
			  Extensive misassembly (translocation) between these two alignments
			Real Alignment 43: 1 1649 | 1175847 1174197 | 1649 1651 | 99.77 | sa_ill_sa_contig8 contig_45
			  Not a misassembly [fragmentation of reference genome] between these two alignments
			Real Alignment 44: 203 3323 | 1179355 1176235 | 3121 3121 | 99.62 | sa_ill_sa_contig41 contig_45
			  Extensive misassembly (translocation) between these two alignments
			Real Alignment 45: 38161 38352 | 1179638 1179448 | 192 191 | 95.31 | sa_ill_sa_contig23 contig_45
			  Gap between these two alignments (local misassembly). Inconsistency = -279
			Real Alignment 46: 38187 38352 | 1179891 1179726 | 166 166 | 98.8 | sa_ill_sa_contig23 contig_45
			  Gap between these two alignments (local misassembly). Inconsistency = -258
			Real Alignment 47: 1 38352 | 1218358 1179984 | 38352 38375 | 99.85 | sa_ill_sa_contig23 contig_45
			  Not a misassembly [fragmentation of reference genome] between these two alignments
			Real Alignment 48: 688 925 | 1218750 1218498 | 238 253 | 94.07 | sa_ill_sa_contig51 contig_45
			  Extensive misassembly (translocation) between these two alignments
			Real Alignment 49: 1 1703 | 1220464 1218764 | 1703 1701 | 99.77 | sa_ill_sa_contig8 contig_45
			  Not a misassembly [fragmentation of reference genome] between these two alignments
			Excluding internal overlap of size 99 between Alignment 50 and 51: 1 1704 | 1225720 1224021 | 1704 1700 --> 1 1604 | 1225720 1224120 | 1604 1601
			Real Alignment 50: 1 3323 | 1224119 1220794 | 3323 3326 | 99.73 | sa_ill_sa_contig41 contig_45
			  Extensive misassembly (translocation) between these two alignments
			Real Alignment 51: 1 1604 | 1225720 1224120 | 1604 1601 | 99.65 | sa_ill_sa_contig8 contig_45
			  Not a misassembly [fragmentation of reference genome] between these two alignments
			Real Alignment 52: 203 3323 | 1229140 1226017 | 3121 3124 | 99.68 | sa_ill_sa_contig41 contig_45
			  Extensive misassembly (translocation) between these two alignments
			Excluding internal overlap of size 3 between Alignment 53 and 54: 1 765 | 1285617 1286382 | 765 766 --> 4 765 | 1285620 1286382 | 762 763
			Real Alignment 53: 1 56123 | 1285619 1229592 | 56123 56028 | 99.6 | sa_ill_sa_contig15 contig_45
			  Indel (<= 5bp) between these two alignments: deletion of length 3; 0 mismatches (number of Ns: 0) [fragmentation of reference genome]
			Excluding internal overlap of size 47 between Alignment 54 and 55: 4 765 | 1285620 1286382 | 762 763 --> 4 718 | 1285620 1286335 | 715 716
			Real Alignment 54: 4 718 | 1285620 1286335 | 715 716 | 99.87 | sa_ill_sa_contig58 contig_45
			  Indel (> 5bp) between these two alignments: deletion of length 47; 0 mismatches (number of Ns: 0) [fragmentation of reference genome]
			Real Alignment 55: 1 3261 | 1289599 1286336 | 3261 3264 | 99.82 | sa_ill_sa_contig42 contig_45
			  Not a misassembly [fragmentation of reference genome] between these two alignments
			Excluding internal overlap of size 54 between Alignment 56 and 57: 1 207093 | 1501726 1708741 | 207093 207016 --> 55 207093 | 1501780 1708741 | 207039 206962
			Real Alignment 56: 1 211909 | 1289800 1501779 | 211909 211980 | 99.86 | sa_ill_sa_contig2 contig_45
			  Indel (> 5bp) between these two alignments: deletion of length 54; 0 mismatches (number of Ns: 0) [fragmentation of reference genome]
			Real Alignment 57: 55 207093 | 1501780 1708741 | 207039 206962 | 99.77 | sa_ill_sa_contig3 contig_45
			  Not a misassembly [fragmentation of reference genome] between these two alignments
			Excluding internal overlap of size 319 between Alignment 58 and 59: 77953 134302 | 1786483 1842845 | 56350 56363 --> 78271 134302 | 1786802 1842845 | 56032 56044
			Real Alignment 58: 1 78138 | 1708754 1786801 | 78138 78048 | 99.67 | sa_ill_sa_contig7 contig_45
			  Gap between these two alignments (local misassembly). Inconsistency = 132
			Real Alignment 59: 78271 134302 | 1786802 1842845 | 56032 56044 | 99.8 | sa_ill_sa_contig7 contig_45
			  Not a misassembly [fragmentation of reference genome] between these two alignments
			Excluding internal overlap of size 20 between Alignment 60 and 61: 1 50729 | 1893670 1842908 | 50729 50763 --> 21 50729 | 1893650 1842908 | 50709 50743
			Real Alignment 60: 21 50729 | 1893650 1842908 | 50709 50743 | 99.82 | sa_ill_sa_contig16 contig_45
			  Indel (> 5bp) between these two alignments: deletion of length 20; 0 mismatches (number of Ns: 0) [fragmentation of reference genome]
			Real Alignment 61: 1 177172 | 2070906 1893651 | 177172 177256 | 99.83 | sa_ill_sa_contig4 contig_45
			  Not a misassembly [fragmentation of reference genome] between these two alignments
			Excluding internal overlap of size 11 between Alignment 62 and 63: 62883 66071 | 2116082 2112888 | 3189 3195 --> 62883 66060 | 2116082 2112899 | 3178 3184
			Real Alignment 62: 1 41771 | 2071095 2112898 | 41771 41804 | 99.88 | sa_ill_sa_contig19 contig_45
			  Indel (> 5bp) between these two alignments: deletion of length 11; 0 mismatches (number of Ns: 0) [fragmentation of reference genome]
			Excluding internal overlap of size 227 between Alignment 63 and 64: 62883 66060 | 2116082 2112899 | 3178 3184 --> 63108 66060 | 2115855 2112899 | 2953 2957
			Real Alignment 63: 63108 66060 | 2115855 2112899 | 2953 2957 | 99.41 | sa_ill_sa_contig13 contig_45
			  Overlap between these two alignments (local misassembly). Inconsistency = -231
			Excluding internal overlap of size 187 between Alignment 64 and 65: 124755 125486 | 2179021 2179752 | 732 732 --> 124942 125486 | 2179208 2179752 | 545 545
			Real Alignment 64: 1 63338 | 2179207 2115856 | 63338 63352 | 99.75 | sa_ill_sa_contig13 contig_45
			  Extensive misassembly (translocation) between these two alignments
			Excluding internal overlap of size 55 between Alignment 65 and 66: 124942 125486 | 2179208 2179752 | 545 545 --> 124942 125431 | 2179208 2179697 | 490 490
			Real Alignment 65: 124942 125431 | 2179208 2179697 | 490 490 | 93.17 | sa_ill_sa_contig10 contig_45
			  Indel (> 5bp) between these two alignments: deletion of length 55; 0 mismatches (number of Ns: 0) [fragmentation of reference genome]
			Real Alignment 66: 1 720 | 2179698 2180417 | 720 720 | 98.89 | sa_ill_sa_contig60 contig_45
			  Not a misassembly [fragmentation of reference genome] between these two alignments
			Excluding internal overlap of size 55 between Alignment 67 and 68: 1 539 | 2182074 2181536 | 539 539 --> 56 539 | 2182019 2181536 | 484 484
			Real Alignment 67: 56 539 | 2182019 2181536 | 484 484 | 99.07 | sa_ill_sa_contig65 contig_45
			  Indel (> 5bp) between these two alignments: deletion of length 55; 0 mismatches (number of Ns: 0) [fragmentation of reference genome]
			Excluding internal overlap of size 55 between Alignment 68 and 69: 1 1418 | 2405379 2406799 | 1418 1421 --> 56 1418 | 2405434 2406799 | 1363 1366
			Real Alignment 68: 1 223346 | 2405433 2182020 | 223346 223414 | 99.84 | sa_ill_sa_contig1 contig_45
			  Indel (> 5bp) between these two alignments: deletion of length 55; 0 mismatches (number of Ns: 0) [fragmentation of reference genome]
			Excluding internal overlap of size 35 between Alignment 69 and 70: 56 1418 | 2405434 2406799 | 1363 1366 --> 56 1384 | 2405434 2406764 | 1329 1331
			Real Alignment 69: 56 1384 | 2405434 2406764 | 1329 1331 | 99.65 | sa_ill_sa_contig48 contig_45
			  Indel (> 5bp) between these two alignments: deletion of length 34; 0 mismatches (number of Ns: 0) [fragmentation of reference genome]
			Excluding internal overlap of size 55 between Alignment 70 and 71: 1 7163 | 2505335 2512497 | 7163 7163 --> 56 7163 | 2505390 2512497 | 7108 7108
			Real Alignment 70: 1 98600 | 2505389 2406765 | 98600 98625 | 99.82 | sa_ill_sa_contig11 contig_45
			  Indel (> 5bp) between these two alignments: deletion of length 55; 0 mismatches (number of Ns: 0) [fragmentation of reference genome]
			Excluding internal overlap of size 26 between Alignment 71 and 72: 56 7163 | 2505390 2512497 | 7108 7108 --> 56 7137 | 2505390 2512471 | 7082 7082
			Real Alignment 71: 56 7137 | 2505390 2512471 | 7082 7082 | 99.83 | sa_ill_sa_contig36 contig_45
			  Indel (> 5bp) between these two alignments: deletion of length 26; 0 mismatches (number of Ns: 0) [fragmentation of reference genome]
			Excluding internal overlap of size 55 between Alignment 72 and 73: 1 821 | 2534219 2535040 | 821 822 --> 56 821 | 2534274 2535040 | 766 767
			Real Alignment 72: 1 21790 | 2534273 2512472 | 21790 21802 | 99.89 | sa_ill_sa_contig30 contig_45
			  Indel (> 5bp) between these two alignments: deletion of length 55; 0 mismatches (number of Ns: 0) [fragmentation of reference genome]
			Excluding internal overlap of size 55 between Alignment 73 and 74: 56 821 | 2534274 2535040 | 766 767 --> 56 766 | 2534274 2534985 | 711 712
			Real Alignment 73: 56 766 | 2534274 2534985 | 711 712 | 99.03 | sa_ill_sa_contig55 contig_45
			  Indel (> 5bp) between these two alignments: deletion of length 55; 0 mismatches (number of Ns: 0) [fragmentation of reference genome]
			Real Alignment 74: 1 14210 | 2549198 2534986 | 14210 14213 | 99.87 | sa_ill_sa_contig34 contig_45
			  Not a misassembly [fragmentation of reference genome] between these two alignments
			Real Alignment 75: 1 32969 | 2549352 2582329 | 32969 32978 | 99.82 | sa_ill_sa_contig26 contig_45
			  Gap between these two alignments (local misassembly). Inconsistency = 1 [fragmentation of reference genome]
			Real Alignment 76: 2 925 | 2582534 2583453 | 924 920 | 97.85 | sa_ill_sa_contig51 contig_45
			  Extensive misassembly (translocation) between these two alignments
			Real Alignment 77: 198 3323 | 2584006 2587131 | 3126 3126 | 99.78 | sa_ill_sa_contig41 contig_45
			  Not a misassembly [fragmentation of reference genome] between these two alignments
			Excluding internal overlap of size 96 between Alignment 78 and 79: 1 1701 | 2587553 2589253 | 1701 1701 --> 1 1604 | 2587553 2589157 | 1604 1605
			Real Alignment 78: 1 1604 | 2587553 2589157 | 1604 1605 | 99.53 | sa_ill_sa_contig8 contig_45
			  Extensive misassembly (translocation) between these two alignments
			Real Alignment 79: 1 28120 | 2589158 2617274 | 28120 28117 | 99.86 | sa_ill_sa_contig28 contig_45
			  Not a misassembly [fragmentation of reference genome] between these two alignments
			Excluding internal overlap of size 55 between Alignment 80 and 81: 97985 98526 | 2657499 2656960 | 542 540 --> 97985 98471 | 2657499 2657015 | 487 485
			Real Alignment 80: 1 39729 | 2617279 2657014 | 39729 39736 | 99.87 | sa_ill_sa_contig21 contig_45
			  Gap between these two alignments (local misassembly). Inconsistency = 129 [fragmentation of reference genome]
			Excluding internal overlap of size 106 between Alignment 81 and 82: 97985 98471 | 2657499 2657015 | 487 485 --> 98092 98471 | 2657393 2657015 | 380 379
			Real Alignment 81: 98092 98471 | 2657393 2657015 | 380 379 | 97.97 | sa_ill_sa_contig11 contig_45
			  Extensive misassembly (translocation) between these two alignments
			Real Alignment 82: 1 62389 | 2657394 2719618 | 62389 62225 | 99.56 | sa_ill_sa_contig14 contig_45
		Unaligned bases: 9255

CONTIG: contig_2 (4045604bp)
Best alignment score: 2526.3 (LEN: 2807, IDY: 90.00), Total number of alignments: 54
			Looking for the best set of alignments (out of 54 total alignments)
			Skipping redundant alignments after choosing the best set of alignments
		Skipping redundant alignment 169463 169621 | 1678503 1678661 | 159 159 | 93.12 | sa_ill_sa_contig3 contig_2
		Skipping redundant alignment 689 766 | 2914494 2914417 | 78 78 | 96.15 | sa_ill_sa_contig51 contig_2
		Skipping redundant alignment 165 240 | 1680188 1680263 | 76 76 | 96.05 | sa_ill_sa_contig23 contig_2
		Skipping redundant alignment 254 327 | 1680293 1680366 | 74 74 | 95.95 | sa_ill_sa_contig23 contig_2
		Skipping redundant alignment 105 270 | 2942776 2942940 | 166 165 | 96.41 | sa_ill_sa_contig25 contig_2
		Skipping redundant alignment 169463 169621 | 3274138 3273979 | 159 160 | 93.79 | sa_ill_sa_contig3 contig_2
		Skipping redundant alignment 198 275 | 3274260 3274337 | 78 78 | 97.44 | sa_ill_sa_contig25 contig_2
		Skipping redundant alignment 689 766 | 2759456 2759379 | 78 78 | 97.44 | sa_ill_sa_contig51 contig_2
		Skipping redundant alignment 689 766 | 2780068 2779991 | 78 78 | 97.44 | sa_ill_sa_contig51 contig_2
		Skipping redundant alignment 601 667 | 2818237 2818171 | 67 67 | 100.0 | sa_ill_sa_contig51 contig_2
		Skipping redundant alignment 32667 32748 | 3671909 3671828 | 82 82 | 95.12 | sa_ill_sa_contig26 contig_2
		Skipping redundant alignment 105 190 | 3671563 3671649 | 86 87 | 97.7 | sa_ill_sa_contig25 contig_2
		Skipping redundant alignment 254 327 | 2843506 2843433 | 74 74 | 97.3 | sa_ill_sa_contig23 contig_2
		Skipping redundant alignment 165 240 | 2843583 2843508 | 76 76 | 96.05 | sa_ill_sa_contig23 contig_2
		Skipping redundant alignment 788 861 | 2844186 2844113 | 74 74 | 97.3 | sa_ill_sa_contig51 contig_2
		Skipping redundant alignment 689 766 | 2844272 2844195 | 78 78 | 97.44 | sa_ill_sa_contig51 contig_2
		Skipping redundant alignment 32826 32901 | 3671727 3671652 | 76 76 | 94.74 | sa_ill_sa_contig26 contig_2
		Skipping redundant alignment 20693 20826 | 2881375 2881242 | 134 134 | 91.04 | sa_ill_sa_contig15 contig_2
		Skipping redundant alignment 34155 34242 | 3274612 3274700 | 88 89 | 96.63 | sa_ill_sa_contig24 contig_2
		Skipping redundant alignment 788 861 | 2914408 2914335 | 74 74 | 97.3 | sa_ill_sa_contig51 contig_2
		This contig has several significant sets of alignments. [An ambiguously mapped contig]
		Using only the very best set (option --ambiguity-usage is set to "one").
			The best set is below. Score: 31830.8, number of alignments: 34, unaligned bases: 4006725
		This contig is misassembled.
		This contig is partially unaligned. (Aligned 38879 out of 4045604 non-N bases (0.96%))
			Warning! This contig is more unaligned than misassembled. Contig length is 4045604 (number of Ns: 0) and total length of all aligns is 38879
		Alignment: 492 565 | 1679369 1679442 | 74 74 | 93.24 | sa_ill_sa_contig51 contig_2
		Alignment: 589 679 | 1679443 1679533 | 91 91 | 90.11 | sa_ill_sa_contig51 contig_2
		Alignment: 691 765 | 1679541 1679615 | 75 75 | 97.33 | sa_ill_sa_contig51 contig_2
		Alignment: 788 861 | 1679623 1679696 | 74 74 | 97.3 | sa_ill_sa_contig51 contig_2
		Alignment: 497 3301 | 1680754 1683560 | 2805 2807 | 90.0 | sa_ill_sa_contig41 contig_2
		Alignment: 35 1591 | 1683732 1685286 | 1557 1555 | 91.96 | sa_ill_sa_contig8 contig_2
		Alignment: 35 1591 | 2759201 2757647 | 1557 1555 | 92.03 | sa_ill_sa_contig8 contig_2
		Alignment: 2615 2916 | 2760237 2759936 | 302 302 | 93.38 | sa_ill_sa_contig41 contig_2
		Alignment: 1867 2316 | 2760986 2760537 | 450 450 | 90.89 | sa_ill_sa_contig41 contig_2
		Alignment: 497 1540 | 2762356 2761313 | 1044 1044 | 94.25 | sa_ill_sa_contig41 contig_2
		Alignment: 35 1591 | 2779813 2778259 | 1557 1555 | 91.96 | sa_ill_sa_contig8 contig_2
		Alignment: 497 3301 | 2782968 2780162 | 2805 2807 | 90.0 | sa_ill_sa_contig41 contig_2
		Alignment: 35 1591 | 2840147 2838593 | 1557 1555 | 92.03 | sa_ill_sa_contig8 contig_2
		Alignment: 497 3301 | 2843125 2840319 | 2805 2807 | 90.0 | sa_ill_sa_contig41 contig_2
		Alignment: 35 1591 | 2846070 2844516 | 1557 1555 | 92.03 | sa_ill_sa_contig8 contig_2
		Alignment: 497 3301 | 2849048 2846242 | 2805 2807 | 90.0 | sa_ill_sa_contig41 contig_2
		Alignment: 35 1591 | 2910612 2909058 | 1557 1555 | 91.9 | sa_ill_sa_contig8 contig_2
		Alignment: 2615 2916 | 2911471 2911170 | 302 302 | 93.38 | sa_ill_sa_contig41 contig_2
		Alignment: 1867 2316 | 2912220 2911771 | 450 450 | 90.89 | sa_ill_sa_contig41 contig_2
		Alignment: 497 1540 | 2913590 2912547 | 1044 1044 | 94.25 | sa_ill_sa_contig41 contig_2
		Alignment: 35 1591 | 2916225 2914671 | 1557 1555 | 91.9 | sa_ill_sa_contig8 contig_2
		Alignment: 497 3301 | 2919203 2916397 | 2805 2807 | 90.0 | sa_ill_sa_contig41 contig_2
		Alignment: 35 1591 | 2921226 2919672 | 1557 1555 | 91.9 | sa_ill_sa_contig8 contig_2
		Alignment: 2615 2916 | 2922085 2921784 | 302 302 | 93.38 | sa_ill_sa_contig41 contig_2
		Alignment: 1867 2316 | 2922834 2922385 | 450 450 | 90.67 | sa_ill_sa_contig41 contig_2
		Alignment: 497 1540 | 2924204 2923161 | 1044 1044 | 94.25 | sa_ill_sa_contig41 contig_2
		Alignment: 35 1591 | 3374698 3373144 | 1557 1555 | 92.03 | sa_ill_sa_contig8 contig_2
		Alignment: 2615 2916 | 3375557 3375256 | 302 302 | 93.38 | sa_ill_sa_contig41 contig_2
		Alignment: 1867 2316 | 3376306 3375857 | 450 450 | 90.89 | sa_ill_sa_contig41 contig_2
		Alignment: 497 1540 | 3377676 3376633 | 1044 1044 | 94.16 | sa_ill_sa_contig41 contig_2
		Alignment: 35 1591 | 3667463 3665909 | 1557 1555 | 92.03 | sa_ill_sa_contig8 contig_2
		Alignment: 2615 2916 | 3668322 3668021 | 302 302 | 93.38 | sa_ill_sa_contig41 contig_2
		Alignment: 1867 2316 | 3669071 3668622 | 450 450 | 90.89 | sa_ill_sa_contig41 contig_2
		Alignment: 497 1540 | 3670441 3669398 | 1044 1044 | 94.25 | sa_ill_sa_contig41 contig_2
		Unaligned bases: 4006725

CONTIG: contig_24 (2992085bp)
Best alignment score: 1409.5 (LEN: 1551, IDY: 90.88), Total number of alignments: 65
			Looking for the best set of alignments (out of 65 total alignments)
			Skipping redundant alignments after choosing the best set of alignments
		Skipping redundant alignment 689 759 | 1079624 1079554 | 71 71 | 98.59 | sa_ill_sa_contig51 contig_24
		Skipping redundant alignment 106080 106188 | 2093430 2093322 | 109 109 | 91.74 | sa_ill_sa_contig6 contig_24
		Skipping redundant alignment 681 862 | 290970 291146 | 182 177 | 92.9 | sa_ill_sa_contig51 contig_24
		Skipping redundant alignment 106 324 | 1304194 1303971 | 219 224 | 91.56 | sa_ill_sa_contig25 contig_24
		Skipping redundant alignment 689 759 | 532649 532719 | 71 71 | 98.59 | sa_ill_sa_contig51 contig_24
		Skipping redundant alignment 787 862 | 1786584 1786509 | 76 76 | 100.0 | sa_ill_sa_contig51 contig_24
		Skipping redundant alignment 691 768 | 1786679 1786602 | 78 78 | 97.44 | sa_ill_sa_contig51 contig_24
		Skipping redundant alignment 492 565 | 1786879 1786806 | 74 74 | 95.95 | sa_ill_sa_contig51 contig_24
		Skipping redundant alignment 106204 106292 | 2093306 2093218 | 89 89 | 91.01 | sa_ill_sa_contig6 contig_24
		This contig has several significant sets of alignments. [An ambiguously mapped contig]
		Using only the very best set (option --ambiguity-usage is set to "one").
			The best set is below. Score: 16778.6, number of alignments: 56, unaligned bases: 2970597
		This contig is misassembled.
		This contig is partially unaligned. (Aligned 21488 out of 2992085 non-N bases (0.72%))
			Warning! This contig is more unaligned than misassembled. Contig length is 2992085 (number of Ns: 0) and total length of all aligns is 21488
		Alignment: 497 577 | 286084 286164 | 81 81 | 92.59 | sa_ill_sa_contig41 contig_24
		Alignment: 589 1151 | 286176 286738 | 563 563 | 93.25 | sa_ill_sa_contig41 contig_24
		Alignment: 1158 1540 | 286745 287127 | 383 383 | 94.78 | sa_ill_sa_contig41 contig_24
		Alignment: 1559 1639 | 287147 287227 | 81 81 | 97.53 | sa_ill_sa_contig41 contig_24
		Alignment: 1871 2057 | 287457 287643 | 187 187 | 90.37 | sa_ill_sa_contig41 contig_24
		Alignment: 2099 2316 | 287690 287907 | 218 218 | 91.74 | sa_ill_sa_contig41 contig_24
		Alignment: 2614 2917 | 288207 288510 | 304 304 | 93.09 | sa_ill_sa_contig41 contig_24
		Alignment: 2985 3136 | 288579 288730 | 152 152 | 92.11 | sa_ill_sa_contig41 contig_24
		Alignment: 38 1590 | 289146 290696 | 1553 1551 | 90.88 | sa_ill_sa_contig8 contig_24
		Alignment: 497 577 | 292103 292183 | 81 81 | 92.59 | sa_ill_sa_contig41 contig_24
		Alignment: 589 1151 | 292195 292757 | 563 563 | 93.25 | sa_ill_sa_contig41 contig_24
		Alignment: 1158 1540 | 292764 293146 | 383 383 | 94.78 | sa_ill_sa_contig41 contig_24
		Alignment: 1559 1639 | 293166 293246 | 81 81 | 97.53 | sa_ill_sa_contig41 contig_24
		Alignment: 1871 2057 | 293476 293662 | 187 187 | 90.37 | sa_ill_sa_contig41 contig_24
		Alignment: 2099 2316 | 293709 293926 | 218 218 | 91.74 | sa_ill_sa_contig41 contig_24
		Alignment: 2614 2917 | 294226 294529 | 304 304 | 93.09 | sa_ill_sa_contig41 contig_24
		Alignment: 2985 3136 | 294598 294749 | 152 152 | 92.11 | sa_ill_sa_contig41 contig_24
		Alignment: 38 1590 | 295165 296715 | 1553 1551 | 90.82 | sa_ill_sa_contig8 contig_24
		Alignment: 497 577 | 529654 529734 | 81 81 | 92.59 | sa_ill_sa_contig41 contig_24
		Alignment: 589 1151 | 529746 530308 | 563 563 | 93.25 | sa_ill_sa_contig41 contig_24
		Alignment: 1158 1540 | 530315 530697 | 383 383 | 94.78 | sa_ill_sa_contig41 contig_24
		Alignment: 1559 1639 | 530717 530797 | 81 81 | 97.53 | sa_ill_sa_contig41 contig_24
		Alignment: 1871 2057 | 531027 531213 | 187 187 | 90.37 | sa_ill_sa_contig41 contig_24
		Alignment: 2099 2316 | 531260 531477 | 218 218 | 91.74 | sa_ill_sa_contig41 contig_24
		Alignment: 2614 2917 | 531777 532080 | 304 304 | 93.09 | sa_ill_sa_contig41 contig_24
		Alignment: 2985 3136 | 532149 532300 | 152 152 | 92.11 | sa_ill_sa_contig41 contig_24
		Alignment: 38 1590 | 532967 534517 | 1553 1551 | 90.82 | sa_ill_sa_contig8 contig_24
		Alignment: 20320 20490 | 581941 582111 | 171 171 | 90.64 | sa_ill_sa_contig15 contig_24
		Alignment: 20702 20898 | 582323 582519 | 197 197 | 90.86 | sa_ill_sa_contig15 contig_24
		Alignment: 38 1590 | 1079306 1077756 | 1553 1551 | 90.82 | sa_ill_sa_contig8 contig_24
		Alignment: 2985 3136 | 1080124 1079973 | 152 152 | 92.11 | sa_ill_sa_contig41 contig_24
		Alignment: 2614 2917 | 1080496 1080193 | 304 304 | 93.09 | sa_ill_sa_contig41 contig_24
		Alignment: 2099 2316 | 1081013 1080796 | 218 218 | 91.74 | sa_ill_sa_contig41 contig_24
		Alignment: 1871 2057 | 1081246 1081060 | 187 187 | 90.37 | sa_ill_sa_contig41 contig_24
		Alignment: 1559 1639 | 1081556 1081476 | 81 81 | 97.53 | sa_ill_sa_contig41 contig_24
		Alignment: 1158 1540 | 1081958 1081576 | 383 383 | 94.78 | sa_ill_sa_contig41 contig_24
		Alignment: 589 1151 | 1082527 1081965 | 563 563 | 93.25 | sa_ill_sa_contig41 contig_24
		Alignment: 497 577 | 1082619 1082539 | 81 81 | 92.59 | sa_ill_sa_contig41 contig_24
		Alignment: 38 1590 | 1677819 1676269 | 1553 1551 | 90.82 | sa_ill_sa_contig8 contig_24
		Alignment: 2985 3136 | 1678386 1678235 | 152 152 | 92.11 | sa_ill_sa_contig41 contig_24
		Alignment: 2614 2917 | 1678758 1678455 | 304 304 | 93.09 | sa_ill_sa_contig41 contig_24
		Alignment: 2099 2316 | 1679275 1679058 | 218 218 | 91.74 | sa_ill_sa_contig41 contig_24
		Alignment: 1871 2057 | 1679508 1679322 | 187 187 | 90.37 | sa_ill_sa_contig41 contig_24
		Alignment: 1559 1639 | 1679818 1679738 | 81 81 | 97.53 | sa_ill_sa_contig41 contig_24
		Alignment: 1158 1540 | 1680220 1679838 | 383 383 | 94.78 | sa_ill_sa_contig41 contig_24
		Alignment: 589 1151 | 1680789 1680227 | 563 563 | 93.25 | sa_ill_sa_contig41 contig_24
		Alignment: 497 577 | 1680881 1680801 | 81 81 | 92.59 | sa_ill_sa_contig41 contig_24
		Alignment: 38 1590 | 1782496 1780946 | 1553 1551 | 90.82 | sa_ill_sa_contig8 contig_24
		Alignment: 2985 3136 | 1783063 1782912 | 152 152 | 92.11 | sa_ill_sa_contig41 contig_24
		Alignment: 2614 2917 | 1783435 1783132 | 304 304 | 93.09 | sa_ill_sa_contig41 contig_24
		Alignment: 2099 2316 | 1783952 1783735 | 218 218 | 91.74 | sa_ill_sa_contig41 contig_24
		Alignment: 1871 2057 | 1784185 1783999 | 187 187 | 90.37 | sa_ill_sa_contig41 contig_24
		Alignment: 1559 1639 | 1784495 1784415 | 81 81 | 97.53 | sa_ill_sa_contig41 contig_24
		Alignment: 1158 1540 | 1784897 1784515 | 383 383 | 94.78 | sa_ill_sa_contig41 contig_24
		Alignment: 589 1151 | 1785466 1784904 | 563 563 | 93.25 | sa_ill_sa_contig41 contig_24
		Alignment: 497 577 | 1785558 1785478 | 81 81 | 92.59 | sa_ill_sa_contig41 contig_24
		Unaligned bases: 2970597

CONTIG: contig_25 (1947367bp)
Best alignment score: 560.0 (LEN: 600, IDY: 93.33), Total number of alignments: 36
			Looking for the best set of alignments (out of 36 total alignments)
			The best set is below. Score: 5385.9, number of alignments: 36, unaligned bases: 1938857
		This contig is misassembled.
		This contig is partially unaligned. (Aligned 8510 out of 1947367 non-N bases (0.44%))
			Warning! This contig is more unaligned than misassembled. Contig length is 1947367 (number of Ns: 0) and total length of all aligns is 8510
		Alignment: 589 1095 | 65129 65635 | 507 507 | 95.66 | sa_ill_sa_contig41 contig_25
		Alignment: 1150 1543 | 65690 66083 | 394 394 | 90.61 | sa_ill_sa_contig41 contig_25
		Alignment: 2105 2299 | 66638 66832 | 195 195 | 93.33 | sa_ill_sa_contig41 contig_25
		Alignment: 2342 2421 | 66875 66954 | 80 80 | 90.0 | sa_ill_sa_contig41 contig_25
		Alignment: 3008 3122 | 67544 67658 | 115 115 | 91.3 | sa_ill_sa_contig41 contig_25
		Alignment: 471 545 | 68669 68743 | 75 75 | 98.67 | sa_ill_sa_contig8 contig_25
		Alignment: 567 826 | 68763 69022 | 260 260 | 91.54 | sa_ill_sa_contig8 contig_25
		Alignment: 589 1095 | 142222 142728 | 507 507 | 95.66 | sa_ill_sa_contig41 contig_25
		Alignment: 1150 1543 | 142783 143176 | 394 394 | 90.61 | sa_ill_sa_contig41 contig_25
		Alignment: 2105 2299 | 143731 143925 | 195 195 | 93.33 | sa_ill_sa_contig41 contig_25
		Alignment: 2342 2421 | 143968 144047 | 80 80 | 91.25 | sa_ill_sa_contig41 contig_25
		Alignment: 3008 3122 | 144637 144751 | 115 115 | 90.43 | sa_ill_sa_contig41 contig_25
		Alignment: 471 545 | 145567 145641 | 75 75 | 98.67 | sa_ill_sa_contig8 contig_25
		Alignment: 567 826 | 145661 145920 | 260 260 | 91.54 | sa_ill_sa_contig8 contig_25
		Alignment: 496 1095 | 177654 178253 | 600 600 | 93.33 | sa_ill_sa_contig41 contig_25
		Alignment: 1150 1543 | 178308 178701 | 394 394 | 90.61 | sa_ill_sa_contig41 contig_25
		Alignment: 2105 2299 | 179256 179450 | 195 195 | 93.33 | sa_ill_sa_contig41 contig_25
		Alignment: 2342 2421 | 179493 179572 | 80 80 | 90.0 | sa_ill_sa_contig41 contig_25
		Alignment: 3008 3122 | 180162 180276 | 115 115 | 91.3 | sa_ill_sa_contig41 contig_25
		Alignment: 471 545 | 181091 181165 | 75 75 | 98.67 | sa_ill_sa_contig8 contig_25
		Alignment: 567 826 | 181185 181444 | 260 260 | 91.54 | sa_ill_sa_contig8 contig_25
		Alignment: 567 826 | 842888 842629 | 260 260 | 91.54 | sa_ill_sa_contig8 contig_25
		Alignment: 471 545 | 842982 842908 | 75 75 | 98.67 | sa_ill_sa_contig8 contig_25
		Alignment: 3008 3122 | 844106 843992 | 115 115 | 91.3 | sa_ill_sa_contig41 contig_25
		Alignment: 2342 2421 | 844775 844696 | 80 80 | 90.0 | sa_ill_sa_contig41 contig_25
		Alignment: 2105 2299 | 845012 844818 | 195 195 | 93.33 | sa_ill_sa_contig41 contig_25
		Alignment: 1150 1543 | 845960 845567 | 394 394 | 90.61 | sa_ill_sa_contig41 contig_25
		Alignment: 589 1095 | 846521 846015 | 507 507 | 95.66 | sa_ill_sa_contig41 contig_25
		Alignment: 496 1095 | 1657010 1657609 | 600 600 | 93.33 | sa_ill_sa_contig41 contig_25
		Alignment: 1150 1543 | 1657664 1658057 | 394 394 | 90.61 | sa_ill_sa_contig41 contig_25
		Alignment: 2105 2299 | 1658612 1658806 | 195 195 | 93.33 | sa_ill_sa_contig41 contig_25
		Alignment: 2342 2421 | 1658849 1658928 | 80 80 | 90.0 | sa_ill_sa_contig41 contig_25
		Alignment: 3008 3122 | 1659518 1659632 | 115 115 | 91.3 | sa_ill_sa_contig41 contig_25
		Alignment: 38 231 | 1660014 1660207 | 194 194 | 91.24 | sa_ill_sa_contig8 contig_25
		Alignment: 471 545 | 1660457 1660531 | 75 75 | 98.67 | sa_ill_sa_contig8 contig_25
		Alignment: 567 826 | 1660551 1660810 | 260 260 | 91.54 | sa_ill_sa_contig8 contig_25
		Unaligned bases: 1938857

CONTIG: contig_35 (4758939bp)
Best alignment score: 209.0 (LEN: 230, IDY: 90.87), Total number of alignments: 35
			Looking for the best set of alignments (out of 35 total alignments)
			The best set is below. Score: 773.1, number of alignments: 35, unaligned bases: 4754571
		This contig is misassembled.
		This contig is partially unaligned. (Aligned 4368 out of 4758939 non-N bases (0.09%))
			Warning! This contig is more unaligned than misassembled. Contig length is 4758939 (number of Ns: 0) and total length of all aligns is 4368
		Alignment: 671 900 | 806962 807191 | 230 230 | 90.87 | sa_ill_sa_contig41 contig_35
		Alignment: 1309 1402 | 807600 807693 | 94 94 | 96.81 | sa_ill_sa_contig41 contig_35
		Alignment: 455 542 | 810331 810418 | 88 88 | 90.91 | sa_ill_sa_contig8 contig_35
		Alignment: 590 729 | 810464 810603 | 140 140 | 91.43 | sa_ill_sa_contig8 contig_35
		Alignment: 769 840 | 810642 810713 | 72 72 | 95.83 | sa_ill_sa_contig8 contig_35
		Alignment: 671 900 | 1473276 1473505 | 230 230 | 90.87 | sa_ill_sa_contig41 contig_35
		Alignment: 1309 1402 | 1473914 1474007 | 94 94 | 96.81 | sa_ill_sa_contig41 contig_35
		Alignment: 455 542 | 1476658 1476745 | 88 88 | 90.91 | sa_ill_sa_contig8 contig_35
		Alignment: 590 729 | 1476791 1476930 | 140 140 | 91.43 | sa_ill_sa_contig8 contig_35
		Alignment: 769 840 | 1476969 1477040 | 72 72 | 95.83 | sa_ill_sa_contig8 contig_35
		Alignment: 769 840 | 1993552 1993481 | 72 72 | 95.83 | sa_ill_sa_contig8 contig_35
		Alignment: 590 729 | 1993730 1993591 | 140 140 | 91.43 | sa_ill_sa_contig8 contig_35
		Alignment: 455 542 | 1993863 1993776 | 88 88 | 90.91 | sa_ill_sa_contig8 contig_35
		Alignment: 1309 1402 | 1996767 1996674 | 94 94 | 96.81 | sa_ill_sa_contig41 contig_35
		Alignment: 671 900 | 1997405 1997176 | 230 230 | 90.87 | sa_ill_sa_contig41 contig_35
		Alignment: 769 840 | 2088642 2088571 | 72 72 | 95.83 | sa_ill_sa_contig8 contig_35
		Alignment: 590 729 | 2088820 2088681 | 140 140 | 91.43 | sa_ill_sa_contig8 contig_35
		Alignment: 455 542 | 2088953 2088866 | 88 88 | 90.91 | sa_ill_sa_contig8 contig_35
		Alignment: 1309 1402 | 2091698 2091605 | 94 94 | 96.81 | sa_ill_sa_contig41 contig_35
		Alignment: 671 900 | 2092336 2092107 | 230 230 | 90.87 | sa_ill_sa_contig41 contig_35
		Alignment: 769 840 | 2243883 2243812 | 72 72 | 95.83 | sa_ill_sa_contig8 contig_35
		Alignment: 590 729 | 2244061 2243922 | 140 140 | 91.43 | sa_ill_sa_contig8 contig_35
		Alignment: 455 542 | 2244194 2244107 | 88 88 | 90.91 | sa_ill_sa_contig8 contig_35
		Alignment: 1309 1402 | 2247097 2247004 | 94 94 | 96.81 | sa_ill_sa_contig41 contig_35
		Alignment: 671 900 | 2247734 2247505 | 230 230 | 90.87 | sa_ill_sa_contig41 contig_35
		Alignment: 769 840 | 2286796 2286725 | 72 72 | 95.83 | sa_ill_sa_contig8 contig_35
		Alignment: 590 729 | 2286974 2286835 | 140 140 | 91.43 | sa_ill_sa_contig8 contig_35
		Alignment: 455 542 | 2287107 2287020 | 88 88 | 90.91 | sa_ill_sa_contig8 contig_35
		Alignment: 1309 1402 | 2289852 2289759 | 94 94 | 96.81 | sa_ill_sa_contig41 contig_35
		Alignment: 671 900 | 2290490 2290261 | 230 230 | 90.87 | sa_ill_sa_contig41 contig_35
		Alignment: 769 840 | 3036366 3036295 | 72 72 | 95.83 | sa_ill_sa_contig8 contig_35
		Alignment: 590 729 | 3036544 3036405 | 140 140 | 91.43 | sa_ill_sa_contig8 contig_35
		Alignment: 455 542 | 3036677 3036590 | 88 88 | 90.91 | sa_ill_sa_contig8 contig_35
		Alignment: 1309 1402 | 3039680 3039587 | 94 94 | 96.81 | sa_ill_sa_contig41 contig_35
		Alignment: 671 900 | 3040318 3040089 | 230 230 | 90.87 | sa_ill_sa_contig41 contig_35
		Unaligned bases: 4754571

CONTIG: contig_36 (4765365bp)
Best alignment score: 209.0 (LEN: 230, IDY: 90.87), Total number of alignments: 35
			Looking for the best set of alignments (out of 35 total alignments)
			The best set is below. Score: 667.9, number of alignments: 35, unaligned bases: 4761130
		This contig is misassembled.
		This contig is partially unaligned. (Aligned 4235 out of 4765365 non-N bases (0.09%))
			Warning! This contig is more unaligned than misassembled. Contig length is 4765365 (number of Ns: 0) and total length of all aligns is 4235
		Alignment: 671 900 | 304116 304345 | 230 230 | 90.87 | sa_ill_sa_contig41 contig_36
		Alignment: 1309 1402 | 304753 304846 | 94 94 | 96.81 | sa_ill_sa_contig41 contig_36
		Alignment: 455 542 | 307572 307659 | 88 88 | 90.91 | sa_ill_sa_contig8 contig_36
		Alignment: 590 709 | 307705 307824 | 120 120 | 93.33 | sa_ill_sa_contig8 contig_36
		Alignment: 769 841 | 307883 307955 | 73 73 | 95.89 | sa_ill_sa_contig8 contig_36
		Alignment: 671 900 | 1012445 1012674 | 230 230 | 90.87 | sa_ill_sa_contig41 contig_36
		Alignment: 1309 1402 | 1013083 1013176 | 94 94 | 96.81 | sa_ill_sa_contig41 contig_36
		Alignment: 455 542 | 1015909 1015996 | 88 88 | 90.91 | sa_ill_sa_contig8 contig_36
		Alignment: 590 709 | 1016042 1016161 | 120 120 | 93.33 | sa_ill_sa_contig8 contig_36
		Alignment: 769 841 | 1016220 1016292 | 73 73 | 95.89 | sa_ill_sa_contig8 contig_36
		Alignment: 769 841 | 1556859 1556787 | 73 73 | 95.89 | sa_ill_sa_contig8 contig_36
		Alignment: 590 709 | 1557037 1556918 | 120 120 | 93.33 | sa_ill_sa_contig8 contig_36
		Alignment: 455 542 | 1557170 1557083 | 88 88 | 90.91 | sa_ill_sa_contig8 contig_36
		Alignment: 1309 1402 | 1559913 1559820 | 94 94 | 96.81 | sa_ill_sa_contig41 contig_36
		Alignment: 671 900 | 1560551 1560322 | 230 230 | 90.87 | sa_ill_sa_contig41 contig_36
		Alignment: 769 841 | 1650478 1650406 | 73 73 | 95.89 | sa_ill_sa_contig8 contig_36
		Alignment: 590 709 | 1650656 1650537 | 120 120 | 93.33 | sa_ill_sa_contig8 contig_36
		Alignment: 455 542 | 1650789 1650702 | 88 88 | 90.91 | sa_ill_sa_contig8 contig_36
		Alignment: 1309 1402 | 1653625 1653532 | 94 94 | 96.81 | sa_ill_sa_contig41 contig_36
		Alignment: 671 900 | 1654263 1654034 | 230 230 | 90.87 | sa_ill_sa_contig41 contig_36
		Alignment: 769 841 | 1781605 1781533 | 73 73 | 95.89 | sa_ill_sa_contig8 contig_36
		Alignment: 590 709 | 1781783 1781664 | 120 120 | 93.33 | sa_ill_sa_contig8 contig_36
		Alignment: 455 542 | 1781916 1781829 | 88 88 | 90.91 | sa_ill_sa_contig8 contig_36
		Alignment: 1309 1402 | 1784659 1784566 | 94 94 | 96.81 | sa_ill_sa_contig41 contig_36
		Alignment: 671 900 | 1785297 1785068 | 230 230 | 90.87 | sa_ill_sa_contig41 contig_36
		Alignment: 769 841 | 1823008 1822936 | 73 73 | 95.89 | sa_ill_sa_contig8 contig_36
		Alignment: 590 709 | 1823186 1823067 | 120 120 | 93.33 | sa_ill_sa_contig8 contig_36
		Alignment: 455 542 | 1823319 1823232 | 88 88 | 90.91 | sa_ill_sa_contig8 contig_36
		Alignment: 1309 1402 | 1826062 1825969 | 94 94 | 96.81 | sa_ill_sa_contig41 contig_36
		Alignment: 671 900 | 1826699 1826470 | 230 230 | 90.87 | sa_ill_sa_contig41 contig_36
		Alignment: 769 841 | 2470837 2470765 | 73 73 | 95.89 | sa_ill_sa_contig8 contig_36
		Alignment: 590 709 | 2471015 2470896 | 120 120 | 93.33 | sa_ill_sa_contig8 contig_36
		Alignment: 455 542 | 2471148 2471061 | 88 88 | 90.91 | sa_ill_sa_contig8 contig_36
		Alignment: 1309 1402 | 2473983 2473890 | 94 94 | 96.81 | sa_ill_sa_contig41 contig_36
		Alignment: 671 900 | 2474621 2474392 | 230 230 | 90.87 | sa_ill_sa_contig41 contig_36
		Unaligned bases: 4761130

CONTIG: contig_50 (2845427bp)
Best alignment score: 567.0 (LEN: 599, IDY: 94.66), Total number of alignments: 48
			Looking for the best set of alignments (out of 48 total alignments)
			Skipping redundant alignments after choosing the best set of alignments
		Skipping redundant alignment 786 861 | 246186 246111 | 76 76 | 100.0 | sa_ill_sa_contig51 contig_50
		This contig has several significant sets of alignments. [An ambiguously mapped contig]
		Using only the very best set (option --ambiguity-usage is set to "one").
			The best set is below. Score: 9278.1, number of alignments: 47, unaligned bases: 2833695
		This contig is misassembled.
		This contig is partially unaligned. (Aligned 11732 out of 2845427 non-N bases (0.41%))
			Warning! This contig is more unaligned than misassembled. Contig length is 2845427 (number of Ns: 0) and total length of all aligns is 11732
		Alignment: 19874 19965 | 24677 24768 | 92 92 | 91.3 | sa_ill_sa_contig15 contig_50
		Alignment: 20204 20310 | 25007 25113 | 107 107 | 94.39 | sa_ill_sa_contig15 contig_50
		Alignment: 20351 20466 | 25157 25272 | 116 116 | 93.1 | sa_ill_sa_contig15 contig_50
		Alignment: 1136 1374 | 240970 240732 | 239 239 | 92.47 | sa_ill_sa_contig8 contig_50
		Alignment: 561 1110 | 241545 240996 | 550 550 | 94.73 | sa_ill_sa_contig8 contig_50
		Alignment: 437 551 | 241667 241553 | 115 115 | 96.52 | sa_ill_sa_contig8 contig_50
		Alignment: 38 431 | 242066 241673 | 394 394 | 90.61 | sa_ill_sa_contig8 contig_50
		Alignment: 3184 3302 | 242415 242297 | 119 119 | 94.12 | sa_ill_sa_contig41 contig_50
		Alignment: 3006 3134 | 242592 242464 | 129 129 | 93.8 | sa_ill_sa_contig41 contig_50
		Alignment: 2346 2414 | 243248 243180 | 69 69 | 95.65 | sa_ill_sa_contig41 contig_50
		Alignment: 2102 2316 | 243492 243278 | 215 215 | 95.35 | sa_ill_sa_contig41 contig_50
		Alignment: 1191 1538 | 244394 244047 | 348 348 | 95.11 | sa_ill_sa_contig41 contig_50
		Alignment: 497 1095 | 245088 244490 | 599 599 | 94.66 | sa_ill_sa_contig41 contig_50
		Alignment: 1136 1374 | 684093 683855 | 239 239 | 92.47 | sa_ill_sa_contig8 contig_50
		Alignment: 561 1110 | 684668 684119 | 550 550 | 94.73 | sa_ill_sa_contig8 contig_50
		Alignment: 437 551 | 684790 684676 | 115 115 | 96.52 | sa_ill_sa_contig8 contig_50
		Alignment: 38 431 | 685189 684796 | 394 394 | 90.61 | sa_ill_sa_contig8 contig_50
		Alignment: 3184 3302 | 685640 685522 | 119 119 | 94.12 | sa_ill_sa_contig41 contig_50
		Alignment: 3006 3134 | 685817 685689 | 129 129 | 93.8 | sa_ill_sa_contig41 contig_50
		Alignment: 2346 2414 | 686473 686405 | 69 69 | 95.65 | sa_ill_sa_contig41 contig_50
		Alignment: 2102 2316 | 686717 686503 | 215 215 | 95.35 | sa_ill_sa_contig41 contig_50
		Alignment: 1191 1538 | 687619 687272 | 348 348 | 95.11 | sa_ill_sa_contig41 contig_50
		Alignment: 497 1095 | 688313 687715 | 599 599 | 94.66 | sa_ill_sa_contig41 contig_50
		Alignment: 785 865 | 689334 689254 | 81 81 | 98.77 | sa_ill_sa_contig51 contig_50
		Alignment: 691 766 | 689418 689343 | 76 76 | 96.05 | sa_ill_sa_contig51 contig_50
		Alignment: 585 666 | 689522 689441 | 82 82 | 91.46 | sa_ill_sa_contig51 contig_50
		Alignment: 491 565 | 689608 689534 | 75 75 | 93.33 | sa_ill_sa_contig51 contig_50
		Alignment: 1136 1374 | 1303332 1303094 | 239 239 | 92.47 | sa_ill_sa_contig8 contig_50
		Alignment: 561 1110 | 1303907 1303358 | 550 550 | 94.73 | sa_ill_sa_contig8 contig_50
		Alignment: 437 551 | 1304029 1303915 | 115 115 | 96.52 | sa_ill_sa_contig8 contig_50
		Alignment: 38 431 | 1304428 1304035 | 394 394 | 90.61 | sa_ill_sa_contig8 contig_50
		Alignment: 3006 3124 | 1305056 1304938 | 119 119 | 96.64 | sa_ill_sa_contig41 contig_50
		Alignment: 2346 2414 | 1305712 1305644 | 69 69 | 95.65 | sa_ill_sa_contig41 contig_50
		Alignment: 2102 2316 | 1305956 1305742 | 215 215 | 95.35 | sa_ill_sa_contig41 contig_50
		Alignment: 1191 1538 | 1306858 1306511 | 348 348 | 95.11 | sa_ill_sa_contig41 contig_50
		Alignment: 497 1095 | 1307552 1306954 | 599 599 | 94.66 | sa_ill_sa_contig41 contig_50
		Alignment: 110713 110836 | 1560143 1560266 | 124 124 | 91.94 | sa_ill_sa_contig1 contig_50
		Alignment: 497 1095 | 2811249 2811847 | 599 599 | 94.66 | sa_ill_sa_contig41 contig_50
		Alignment: 1191 1538 | 2811943 2812290 | 348 348 | 95.11 | sa_ill_sa_contig41 contig_50
		Alignment: 2102 2316 | 2812845 2813059 | 215 215 | 95.35 | sa_ill_sa_contig41 contig_50
		Alignment: 2346 2414 | 2813089 2813157 | 69 69 | 95.65 | sa_ill_sa_contig41 contig_50
		Alignment: 3006 3134 | 2813745 2813873 | 129 129 | 93.8 | sa_ill_sa_contig41 contig_50
		Alignment: 3184 3302 | 2813922 2814040 | 119 119 | 94.12 | sa_ill_sa_contig41 contig_50
		Alignment: 38 431 | 2814271 2814664 | 394 394 | 90.61 | sa_ill_sa_contig8 contig_50
		Alignment: 437 551 | 2814670 2814784 | 115 115 | 96.52 | sa_ill_sa_contig8 contig_50
		Alignment: 561 1110 | 2814792 2815341 | 550 550 | 94.73 | sa_ill_sa_contig8 contig_50
		Alignment: 1136 1374 | 2815367 2815605 | 239 239 | 92.47 | sa_ill_sa_contig8 contig_50
		Unaligned bases: 2833695

Analyzing coverage...
Writing SNPs into /media3/lucia/zymo_mock_community/asms_cuantizados/v6_27-2-21_1bin/metaquast-1bin-v2/runs_per_reference/sa_ill/contigs_reports/minimap_output/r10_1bin_v2_2_MP.used_snps.gz

Analysis is finished!
Founded SNPs were written into /media3/lucia/zymo_mock_community/asms_cuantizados/v6_27-2-21_1bin/metaquast-1bin-v2/runs_per_reference/sa_ill/contigs_reports/minimap_output/r10_1bin_v2_2_MP.used_snps.gz

Results:
	Local Misassemblies: 9
	Misassemblies: 14
		Relocations: 0
		Translocations: 14
		Inversions: 0
	Scaffold gap extensive misassemblies: 0
	Scaffold gap local misassemblies: 0
	Misassemblies caused by fragmented reference: 26
	Misassembled Contigs: 1
	Misassembled Contig Bases: 2719618
	Misassemblies Inter-Contig Overlap: 0
Unaligned Contigs: 0 + 7 part
Half Unaligned Contigs with Misassemblies: 6
Unaligned Contig Bases: 21274830

Ambiguously Mapped Contigs: 3
Total Bases in Ambiguously Mapped Contigs: 9883116
Extra Bases in Ambiguously Mapped Contigs: 0
Note that --allow-ambiguity option was set to "one" and only first alignment per each of these contigs was used.

	Covered Bases: 2676992

	SNPs: 7679
	Insertions: 2652
	Deletions: 4253

