Aligning contigs to reference...
	Aligning contigs to the reference
Filtering alignments...
Parsing coords...
Loading reference...
	Loaded [lf_ill_lf_contig35]
	Loaded [lf_ill_lf_contig36]
	Loaded [lf_ill_lf_contig30]
	Loaded [lf_ill_lf_contig33]
	Loaded [lf_ill_lf_contig34]
	Loaded [lf_ill_lf_contig58]
	Loaded [lf_ill_lf_contig88]
	Loaded [lf_ill_lf_contig89]
	Loaded [lf_ill_lf_contig38]
	Loaded [lf_ill_lf_contig59]
	Loaded [lf_ill_lf_contig12]
	Loaded [lf_ill_lf_contig80]
	Loaded [lf_ill_lf_contig81]
	Loaded [lf_ill_lf_contig82]
	Loaded [lf_ill_lf_contig85]
	Loaded [lf_ill_lf_contig28]
	Loaded [lf_ill_lf_contig7]
	Loaded [lf_ill_lf_contig6]
	Loaded [lf_ill_lf_contig5]
	Loaded [lf_ill_lf_contig4]
	Loaded [lf_ill_lf_contig3]
	Loaded [lf_ill_lf_contig2]
	Loaded [lf_ill_lf_contig1]
	Loaded [lf_ill_lf_contig45]
	Loaded [lf_ill_lf_contig37]
	Loaded [lf_ill_lf_contig10]
	Loaded [lf_ill_lf_contig46]
	Loaded [lf_ill_lf_contig9]
	Loaded [lf_ill_lf_contig8]
	Loaded [lf_ill_lf_contig62]
	Loaded [lf_ill_lf_contig63]
	Loaded [lf_ill_lf_contig60]
	Loaded [lf_ill_lf_contig47]
	Loaded [lf_ill_lf_contig66]
	Loaded [lf_ill_lf_contig67]
	Loaded [lf_ill_lf_contig42]
	Loaded [lf_ill_lf_contig29]
	Loaded [lf_ill_lf_contig26]
	Loaded [lf_ill_lf_contig40]
	Loaded [lf_ill_lf_contig68]
	Loaded [lf_ill_lf_contig25]
	Loaded [lf_ill_lf_contig22]
	Loaded [lf_ill_lf_contig23]
	Loaded [lf_ill_lf_contig20]
	Loaded [lf_ill_lf_contig41]
	Loaded [lf_ill_lf_contig17]
	Loaded [lf_ill_lf_contig16]
	Loaded [lf_ill_lf_contig15]
	Loaded [lf_ill_lf_contig14]
	Loaded [lf_ill_lf_contig13]
	Loaded [lf_ill_lf_contig64]
	Loaded [lf_ill_lf_contig11]
	Loaded [lf_ill_lf_contig44]
	Loaded [lf_ill_lf_contig43]
	Loaded [lf_ill_lf_contig49]
	Loaded [lf_ill_lf_contig19]
	Loaded [lf_ill_lf_contig18]
	Loaded [lf_ill_lf_contig53]
	Loaded [lf_ill_lf_contig65]
	Loaded [lf_ill_lf_contig27]
	Loaded [lf_ill_lf_contig32]
	Loaded [lf_ill_lf_contig24]
	Loaded [lf_ill_lf_contig50]
	Loaded [lf_ill_lf_contig31]
	Loaded [lf_ill_lf_contig52]
	Loaded [lf_ill_lf_contig39]
	Loaded [lf_ill_lf_contig48]
	Loaded [lf_ill_lf_contig69]
	Loaded [lf_ill_lf_contig56]
	Loaded [lf_ill_lf_contig71]
	Loaded [lf_ill_lf_contig70]
	Loaded [lf_ill_lf_contig73]
	Loaded [lf_ill_lf_contig72]
	Loaded [lf_ill_lf_contig75]
	Loaded [lf_ill_lf_contig74]
	Loaded [lf_ill_lf_contig77]
	Loaded [lf_ill_lf_contig79]
	Loaded [lf_ill_lf_contig78]
	Loaded [lf_ill_lf_contig51]
	Loaded [lf_ill_lf_contig21]
	Loaded [lf_ill_lf_contig57]
	Loaded [lf_ill_lf_contig61]
	Loaded [lf_ill_lf_contig55]
	Loaded [lf_ill_lf_contig54]
	Total Regions: 84
	Total Region Length: 1805517
Analyzing contigs...
CONTIG: contig_2 (1947409bp)
Best alignment score: 114862.4 (LEN: 115058, IDY: 99.83), Total number of alignments: 229
			Too much alignments (229), will use speed up heuristics
			Found 137 solid alignments:
		Solid alignment 56 80800 | 1 80665 | 80745 80665 | 99.82 | lf_ill_lf_contig4 contig_2
		Solid alignment 1 899 | 80667 81558 | 899 892 | 94.72 | lf_ill_lf_contig2 contig_2
		Solid alignment 1 11301 | 92789 81504 | 11301 11286 | 99.8 | lf_ill_lf_contig43 contig_2
		Solid alignment 1 3047 | 94203 97251 | 3047 3049 | 99.93 | lf_ill_lf_contig66 contig_2
		Solid alignment 1 891 | 97751 98634 | 891 884 | 96.2 | lf_ill_lf_contig2 contig_2
		Solid alignment 88115 89169 | 100222 99170 | 1055 1053 | 93.08 | lf_ill_lf_contig3 contig_2
		Solid alignment 1 5010 | 100149 105159 | 5010 5011 | 99.78 | lf_ill_lf_contig55 contig_2
		Solid alignment 1 980 | 105195 106166 | 980 972 | 93.16 | lf_ill_lf_contig79 contig_2
		Solid alignment 17 2853 | 109269 106432 | 2837 2838 | 99.75 | lf_ill_lf_contig67 contig_2
		Solid alignment 1 1333 | 110567 109242 | 1333 1326 | 94.28 | lf_ill_lf_contig73 contig_2
		Solid alignment 32 46568 | 157013 110513 | 46537 46501 | 99.69 | lf_ill_lf_contig11 contig_2
		Solid alignment 1 73582 | 157294 230813 | 73582 73520 | 99.76 | lf_ill_lf_contig6 contig_2
		Solid alignment 1 1321 | 230815 232137 | 1321 1323 | 95.1 | lf_ill_lf_contig57 contig_2
		Solid alignment 1544 3911 | 232167 234526 | 2368 2360 | 94.06 | lf_ill_lf_contig57 contig_2
		Solid alignment 1 2463 | 235403 237860 | 2463 2458 | 99.8 | lf_ill_lf_contig69 contig_2
		Solid alignment 1 899 | 239446 240342 | 899 897 | 93.46 | lf_ill_lf_contig2 contig_2
		Solid alignment 8037 40405 | 272638 240300 | 32369 32339 | 99.89 | lf_ill_lf_contig14 contig_2
		Solid alignment 1 8173 | 280539 272382 | 8173 8158 | 99.78 | lf_ill_lf_contig14 contig_2
		Solid alignment 1 899 | 281038 281935 | 899 898 | 95.7 | lf_ill_lf_contig2 contig_2
		Solid alignment 16 17293 | 299180 281882 | 17278 17299 | 99.34 | lf_ill_lf_contig35 contig_2
		Solid alignment 1 40984 | 340711 299749 | 40984 40963 | 99.78 | lf_ill_lf_contig13 contig_2
		Solid alignment 109 3745 | 344682 341033 | 3637 3650 | 99.45 | lf_ill_lf_contig60 contig_2
		Solid alignment 55 3360 | 346249 349566 | 3306 3318 | 98.23 | lf_ill_lf_contig63 contig_2
		Solid alignment 1 39983 | 350023 389986 | 39983 39964 | 99.86 | lf_ill_lf_contig15 contig_2
		Solid alignment 1 1448 | 392332 390881 | 1448 1452 | 99.24 | lf_ill_lf_contig72 contig_2
		Solid alignment 11 1702 | 393962 392277 | 1692 1686 | 95.21 | lf_ill_lf_contig71 contig_2
		Solid alignment 1 7822 | 393919 401730 | 7822 7812 | 99.76 | lf_ill_lf_contig53 contig_2
		Solid alignment 56 8274 | 410625 402415 | 8219 8211 | 99.84 | lf_ill_lf_contig51 contig_2
		Solid alignment 1 24482 | 435837 411385 | 24482 24453 | 99.73 | lf_ill_lf_contig28 contig_2
		Solid alignment 1 1069 | 435782 436846 | 1069 1065 | 96.19 | lf_ill_lf_contig77 contig_2
		Solid alignment 1 1779 | 438570 436797 | 1779 1774 | 99.27 | lf_ill_lf_contig70 contig_2
		Solid alignment 29514 30699 | 438495 439683 | 1186 1189 | 96.41 | lf_ill_lf_contig21 contig_2
		Solid alignment 37 64510 | 504110 439685 | 64474 64426 | 99.86 | lf_ill_lf_contig7 contig_2
		Solid alignment 1 1227 | 505357 504123 | 1227 1235 | 96.6 | lf_ill_lf_contig75 contig_2
		Solid alignment 88323 91407 | 508389 505303 | 3085 3087 | 97.68 | lf_ill_lf_contig3 contig_2
		Solid alignment 1 1074 | 509796 508728 | 1074 1069 | 96.47 | lf_ill_lf_contig77 contig_2
		Solid alignment 8 99948 | 510305 610159 | 99941 99855 | 99.85 | lf_ill_lf_contig2 contig_2
		Solid alignment 1 1235 | 611780 613012 | 1235 1233 | 93.8 | lf_ill_lf_contig35 contig_2
		Solid alignment 1 8523 | 612885 621397 | 8523 8513 | 99.73 | lf_ill_lf_contig50 contig_2
		Solid alignment 63690 64510 | 621346 622165 | 821 820 | 96.86 | lf_ill_lf_contig7 contig_2
		Solid alignment 29516 30699 | 623346 622167 | 1184 1180 | 96.81 | lf_ill_lf_contig21 contig_2
		Solid alignment 5 8892 | 623297 632182 | 8888 8886 | 99.47 | lf_ill_lf_contig48 contig_2
		Solid alignment 14 44483 | 677293 632863 | 44470 44431 | 99.83 | lf_ill_lf_contig12 contig_2
		Solid alignment 1 1234 | 678496 677252 | 1234 1245 | 91.29 | lf_ill_lf_contig35 contig_2
		Solid alignment 1 8760 | 687810 679058 | 8760 8753 | 99.85 | lf_ill_lf_contig49 contig_2
		Solid alignment 29514 30687 | 687755 688931 | 1174 1177 | 97.63 | lf_ill_lf_contig21 contig_2
		Solid alignment 63694 64510 | 689756 688945 | 817 812 | 95.27 | lf_ill_lf_contig7 contig_2
		Solid alignment 1 3084 | 692796 689716 | 3084 3081 | 99.74 | lf_ill_lf_contig65 contig_2
		Solid alignment 14 11268 | 694202 705450 | 11255 11249 | 99.86 | lf_ill_lf_contig44 contig_2
		Solid alignment 1 1702 | 707090 705396 | 1702 1695 | 96.04 | lf_ill_lf_contig71 contig_2
		Solid alignment 1 21552 | 707269 728806 | 21552 21538 | 99.89 | lf_ill_lf_contig30 contig_2
		Solid alignment 1 28880 | 730191 759041 | 28880 28851 | 99.84 | lf_ill_lf_contig24 contig_2
		Solid alignment 2 1074 | 760054 758988 | 1073 1067 | 93.85 | lf_ill_lf_contig77 contig_2
		Solid alignment 1 60763 | 760001 820705 | 60763 60705 | 99.89 | lf_ill_lf_contig8 contig_2
		Solid alignment 1 20941 | 841571 820655 | 20941 20917 | 99.66 | lf_ill_lf_contig31 contig_2
		Solid alignment 1 962 | 842483 841535 | 962 949 | 95.15 | lf_ill_lf_contig79 contig_2
		Solid alignment 1 28516 | 871006 842520 | 28516 28487 | 99.86 | lf_ill_lf_contig25 contig_2
		Solid alignment 1 1702 | 871782 873483 | 1702 1702 | 97.67 | lf_ill_lf_contig71 contig_2
		Solid alignment 1 14709 | 888752 874061 | 14709 14692 | 99.8 | lf_ill_lf_contig37 contig_2
		Solid alignment 1 1290 | 889545 890831 | 1290 1287 | 99.38 | lf_ill_lf_contig74 contig_2
		Solid alignment 1 1070 | 891864 890798 | 1070 1067 | 94.23 | lf_ill_lf_contig77 contig_2
		Solid alignment 1 37666 | 891810 929429 | 37666 37620 | 99.78 | lf_ill_lf_contig17 contig_2
		Solid alignment 1 115148 | 1044729 929672 | 115148 115058 | 99.83 | lf_ill_lf_contig1 contig_2
		Solid alignment 1544 3911 | 1047720 1045372 | 2368 2349 | 96.69 | lf_ill_lf_contig57 contig_2
		Solid alignment 1 1329 | 1049269 1047936 | 1329 1334 | 98.14 | lf_ill_lf_contig57 contig_2
		Solid alignment 16186 47026 | 1080463 1049650 | 30841 30814 | 99.87 | lf_ill_lf_contig10 contig_2
		Solid alignment 1 16350 | 1096498 1080167 | 16350 16332 | 99.83 | lf_ill_lf_contig10 contig_2
		Solid alignment 63692 64510 | 1096447 1097268 | 819 822 | 98.18 | lf_ill_lf_contig7 contig_2
		Solid alignment 1 30699 | 1127934 1097270 | 30699 30665 | 99.54 | lf_ill_lf_contig21 contig_2
		Solid alignment 1 3884 | 1132776 1128899 | 3884 3878 | 99.82 | lf_ill_lf_contig58 contig_2
		Solid alignment 23 980 | 1134467 1133508 | 958 960 | 97.62 | lf_ill_lf_contig79 contig_2
		Solid alignment 1 1698 | 1135332 1137010 | 1698 1679 | 92.09 | lf_ill_lf_contig71 contig_2
		Solid alignment 8 3453 | 1140418 1136967 | 3446 3452 | 99.59 | lf_ill_lf_contig62 contig_2
		Solid alignment 6 1626 | 1142060 1140446 | 1621 1615 | 95.28 | lf_ill_lf_contig71 contig_2
		Solid alignment 2 52801 | 1142011 1194784 | 52800 52774 | 99.91 | lf_ill_lf_contig9 contig_2
		Solid alignment 1 899 | 1195305 1196194 | 899 890 | 95.82 | lf_ill_lf_contig2 contig_2
		Solid alignment 1 14605 | 1196140 1210731 | 14605 14592 | 99.8 | lf_ill_lf_contig39 contig_2
		Solid alignment 1 1234 | 1211291 1212513 | 1234 1223 | 94.46 | lf_ill_lf_contig35 contig_2
		Solid alignment 1 3753 | 1216208 1212459 | 3753 3750 | 99.79 | lf_ill_lf_contig59 contig_2
		Solid alignment 1 9254 | 1225457 1216213 | 9254 9245 | 99.82 | lf_ill_lf_contig47 contig_2
		Solid alignment 29513 30699 | 1225401 1226584 | 1187 1184 | 95.75 | lf_ill_lf_contig21 contig_2
		Solid alignment 1 29164 | 1227354 1256502 | 29164 29149 | 99.91 | lf_ill_lf_contig23 contig_2
		Solid alignment 1 28019 | 1286008 1258010 | 28019 27999 | 99.86 | lf_ill_lf_contig26 contig_2
		Solid alignment 63701 64510 | 1285968 1286781 | 810 814 | 96.83 | lf_ill_lf_contig7 contig_2
		Solid alignment 29515 30699 | 1287962 1286783 | 1185 1180 | 96.32 | lf_ill_lf_contig21 contig_2
		Solid alignment 73120 78691 | 1293453 1287889 | 5572 5565 | 99.39 | lf_ill_lf_contig5 contig_2
		Solid alignment 46933 73378 | 1319503 1293078 | 26446 26426 | 99.89 | lf_ill_lf_contig5 contig_2
		Solid alignment 16 46736 | 1366173 1319504 | 46721 46670 | 99.81 | lf_ill_lf_contig5 contig_2
		Solid alignment 1 20896 | 1387798 1366912 | 20896 20887 | 99.82 | lf_ill_lf_contig32 contig_2
		Solid alignment 1 1330 | 1387744 1389066 | 1330 1323 | 91.41 | lf_ill_lf_contig73 contig_2
		Solid alignment 1 25282 | 1389025 1414173 | 25282 25149 | 95.38 | lf_ill_lf_contig22 contig_2
		Solid alignment 24932 29650 | 1414044 1418715 | 4719 4672 | 94.01 | lf_ill_lf_contig22 contig_2
		Solid alignment 1 4312 | 1418665 1422942 | 4312 4278 | 93.74 | lf_ill_lf_contig46 contig_2
		Solid alignment 4559 10084 | 1423171 1428708 | 5526 5538 | 98.15 | lf_ill_lf_contig46 contig_2
		Solid alignment 1 14642 | 1444465 1429827 | 14642 14639 | 99.96 | lf_ill_lf_contig38 contig_2
		Solid alignment 1 9182 | 1445258 1454429 | 9182 9172 | 99.83 | lf_ill_lf_contig18 contig_2
		Solid alignment 6477 36551 | 1451730 1481667 | 30075 29938 | 99.51 | lf_ill_lf_contig18 contig_2
		Solid alignment 1 789 | 1481613 1482410 | 789 798 | 96.01 | lf_ill_lf_contig81 contig_2
		Solid alignment 1 32698 | 1517071 1484400 | 32698 32672 | 99.83 | lf_ill_lf_contig20 contig_2
		Solid alignment 1 89167 | 1518107 1607115 | 89167 89009 | 99.12 | lf_ill_lf_contig3 contig_2
		Solid alignment 1 11262 | 1607064 1618319 | 11262 11256 | 99.88 | lf_ill_lf_contig45 contig_2
		Solid alignment 10 922 | 1619152 1618238 | 913 915 | 95.25 | lf_ill_lf_contig3 contig_2
		Solid alignment 1 18032 | 1638217 1620197 | 18032 18021 | 99.88 | lf_ill_lf_contig34 contig_2
		Solid alignment 1 922 | 1639058 1638134 | 922 925 | 93.71 | lf_ill_lf_contig3 contig_2
		Solid alignment 1 16563 | 1656643 1640088 | 16563 16556 | 99.84 | lf_ill_lf_contig36 contig_2
		Solid alignment 1 1254 | 1656589 1657836 | 1254 1248 | 95.43 | lf_ill_lf_contig75 contig_2
		Solid alignment 1 3296 | 1661640 1658345 | 3296 3296 | 100.0 | lf_ill_lf_contig64 contig_2
		Solid alignment 1 2580 | 1662434 1665013 | 2580 2580 | 100.0 | lf_ill_lf_contig68 contig_2
		Solid alignment 1 6829 | 1666975 1673795 | 6829 6821 | 99.75 | lf_ill_lf_contig54 contig_2
		Solid alignment 33677 34623 | 1675207 1674254 | 947 954 | 93.7 | lf_ill_lf_contig19 contig_2
		Solid alignment 1 23375 | 1675123 1698482 | 23375 23360 | 99.84 | lf_ill_lf_contig29 contig_2
		Solid alignment 1 1234 | 1699028 1700236 | 1234 1209 | 91.49 | lf_ill_lf_contig35 contig_2
		Solid alignment 2 7962 | 1700184 1708142 | 7961 7959 | 99.86 | lf_ill_lf_contig52 contig_2
		Solid alignment 1 1332 | 1708498 1709824 | 1332 1327 | 94.75 | lf_ill_lf_contig57 contig_2
		Solid alignment 1544 3889 | 1709840 1712155 | 2346 2316 | 95.4 | lf_ill_lf_contig57 contig_2
		Solid alignment 1 983 | 1713982 1713000 | 983 983 | 100.0 | lf_ill_lf_contig78 contig_2
		Solid alignment 1 791 | 1713928 1714718 | 791 791 | 99.75 | lf_ill_lf_contig30 contig_2
		Solid alignment 1 3506 | 1719786 1716289 | 3506 3498 | 99.71 | lf_ill_lf_contig61 contig_2
		Solid alignment 4 4056 | 1725778 1721729 | 4053 4050 | 99.85 | lf_ill_lf_contig56 contig_2
		Solid alignment 11 899 | 1726619 1725728 | 889 892 | 93.75 | lf_ill_lf_contig2 contig_2
		Solid alignment 1 912 | 1728107 1727204 | 912 904 | 93.51 | lf_ill_lf_contig3 contig_2
		Solid alignment 1 14481 | 1743611 1729136 | 14481 14476 | 99.9 | lf_ill_lf_contig40 contig_2
		Solid alignment 1 1331 | 1743969 1745294 | 1331 1326 | 97.25 | lf_ill_lf_contig57 contig_2
		Solid alignment 1544 3911 | 1745313 1747665 | 2368 2353 | 94.19 | lf_ill_lf_contig57 contig_2
		Solid alignment 1 12353 | 1748470 1760804 | 12353 12335 | 99.74 | lf_ill_lf_contig42 contig_2
		Solid alignment 1 18979 | 1781152 1762189 | 18979 18964 | 99.82 | lf_ill_lf_contig33 contig_2
		Solid alignment 1 37898 | 1820395 1782534 | 37898 37862 | 99.83 | lf_ill_lf_contig16 contig_2
		Solid alignment 1 1332 | 1820767 1822096 | 1332 1330 | 96.88 | lf_ill_lf_contig57 contig_2
		Solid alignment 1544 3911 | 1822306 1824666 | 2368 2361 | 96.11 | lf_ill_lf_contig57 contig_2
		Solid alignment 1 958 | 1826429 1825473 | 958 957 | 99.48 | lf_ill_lf_contig80 contig_2
		Solid alignment 1 34623 | 1861797 1827228 | 34623 34570 | 99.67 | lf_ill_lf_contig19 contig_2
		Solid alignment 11 27490 | 1862787 1890244 | 27480 27458 | 99.86 | lf_ill_lf_contig27 contig_2
		Solid alignment 1 14120 | 1904279 1890198 | 14120 14082 | 95.55 | lf_ill_lf_contig41 contig_2
		Solid alignment 13 14121 | 1918325 1904273 | 14109 14053 | 95.85 | lf_ill_lf_contig41 contig_2
		Solid alignment 1 14114 | 1932414 1918332 | 14114 14083 | 96.19 | lf_ill_lf_contig41 contig_2
		Solid alignment 1 14121 | 1946540 1932408 | 14121 14133 | 92.37 | lf_ill_lf_contig41 contig_2
		Solid alignment 13255 14121 | 1947409 1946534 | 867 876 | 93.05 | lf_ill_lf_contig41 contig_2
			Skipping alignments located inside solid regions since they are redundant:
		Skipping redundant alignment 17870 18029 | 820577 820736 | 160 160 | 94.38 | lf_ill_lf_contig31 contig_2
			Looking for the best set of alignments (out of 228 total alignments)
		Ambiguity for this contig is not checked for speed up (too much alignments and --ambiguity-usage is "one")
			Skipping redundant alignments after choosing the best set of alignments
		Skipping redundant alignment 31 375 | 106142 106486 | 345 345 | 97.69 | lf_ill_lf_contig31 contig_2
		Skipping redundant alignment 21 922 | 1366568 1367472 | 902 905 | 96.38 | lf_ill_lf_contig3 contig_2
		Skipping redundant alignment 1 215 | 235164 235377 | 215 214 | 99.07 | lf_ill_lf_contig1 contig_2
		Skipping redundant alignment 395 469 | 235383 235457 | 75 75 | 100.0 | lf_ill_lf_contig1 contig_2
		Skipping redundant alignment 114864 114951 | 237902 237989 | 88 88 | 98.86 | lf_ill_lf_contig1 contig_2
		Skipping redundant alignment 7468 7822 | 341119 340761 | 355 359 | 93.13 | lf_ill_lf_contig53 contig_2
		Skipping redundant alignment 66 146 | 344784 344864 | 81 81 | 97.53 | lf_ill_lf_contig85 contig_2
		Skipping redundant alignment 561 628 | 345296 345363 | 68 68 | 97.06 | lf_ill_lf_contig85 contig_2
		Skipping redundant alignment 349 488 | 345898 345759 | 140 140 | 97.86 | lf_ill_lf_contig81 contig_2
		Skipping redundant alignment 1 208 | 1661748 1661541 | 208 208 | 99.52 | lf_ill_lf_contig54 contig_2
		Skipping redundant alignment 88311 88424 | 410820 410933 | 114 114 | 98.25 | lf_ill_lf_contig3 contig_2
		Skipping redundant alignment 88437 88504 | 410948 411015 | 68 68 | 98.53 | lf_ill_lf_contig3 contig_2
		Skipping redundant alignment 1 215 | 1712840 1713054 | 215 215 | 99.53 | lf_ill_lf_contig1 contig_2
		Skipping redundant alignment 428 632 | 508379 508584 | 205 206 | 98.06 | lf_ill_lf_contig13 contig_2
		Skipping redundant alignment 80230 80296 | 508608 508674 | 67 67 | 100.0 | lf_ill_lf_contig4 contig_2
		Skipping redundant alignment 2975 3041 | 508608 508674 | 67 67 | 100.0 | lf_ill_lf_contig66 contig_2
		Skipping redundant alignment 5811 5877 | 508674 508608 | 67 67 | 100.0 | lf_ill_lf_contig38 contig_2
		Skipping redundant alignment 2391 2457 | 508608 508674 | 67 67 | 100.0 | lf_ill_lf_contig69 contig_2
		Skipping redundant alignment 28780 28880 | 508682 508782 | 101 101 | 98.02 | lf_ill_lf_contig24 contig_2
		Skipping redundant alignment 1678 1779 | 508681 508782 | 102 102 | 99.02 | lf_ill_lf_contig70 contig_2
		Skipping redundant alignment 1206 1307 | 508681 508782 | 102 102 | 99.02 | lf_ill_lf_contig74 contig_2
		Skipping redundant alignment 1 215 | 1748310 1748524 | 215 215 | 100.0 | lf_ill_lf_contig1 contig_2
		Skipping redundant alignment 6 920 | 1761148 1760240 | 915 909 | 97.6 | lf_ill_lf_contig3 contig_2
		Skipping redundant alignment 1 922 | 1782184 1783104 | 922 921 | 96.46 | lf_ill_lf_contig3 contig_2
		Skipping redundant alignment 1 922 | 693828 694743 | 922 916 | 97.73 | lf_ill_lf_contig3 contig_2
		Skipping redundant alignment 1 232 | 707323 707092 | 232 232 | 99.14 | lf_ill_lf_contig78 contig_2
		Skipping redundant alignment 1 216 | 1825312 1825527 | 216 216 | 100.0 | lf_ill_lf_contig1 contig_2
		Skipping redundant alignment 1 924 | 729841 730759 | 924 919 | 96.23 | lf_ill_lf_contig3 contig_2
		Skipping redundant alignment 114819 115148 | 1862831 1862505 | 330 327 | 96.98 | lf_ill_lf_contig1 contig_2
		Skipping redundant alignment 4 922 | 873749 874657 | 919 909 | 96.2 | lf_ill_lf_contig3 contig_2
		Skipping redundant alignment 7465 7822 | 1132686 1133047 | 358 362 | 98.62 | lf_ill_lf_contig53 contig_2
		Skipping redundant alignment 90 374 | 1133513 1133226 | 285 288 | 97.23 | lf_ill_lf_contig31 contig_2
			The best set is below. Score: 1890930.2, number of alignments: 196, unaligned bases: 22401
		This contig is misassembled.
		This contig is partially unaligned. (Aligned 1925008 out of 1947409 non-N bases (98.85%))
			Real Alignment 1: 56 80800 | 1 80665 | 80745 80665 | 99.82 | lf_ill_lf_contig4 contig_2
			  Not a misassembly [fragmentation of reference genome] between these two alignments
			Excluding internal overlap of size 55 between Alignment 2 and 3: 1 899 | 80667 81558 | 899 892 --> 1 844 | 80667 81503 | 844 837
			Real Alignment 2: 1 844 | 80667 81503 | 844 837 | 94.72 | lf_ill_lf_contig2 contig_2
			  Extensive misassembly (translocation) between these two alignments
			Excluding internal overlap of size 55 between Alignment 3 and 4: 1 730 | 92735 93451 | 730 717 --> 56 730 | 92790 93451 | 675 662
			Real Alignment 3: 1 11301 | 92789 81504 | 11301 11286 | 99.8 | lf_ill_lf_contig43 contig_2
			  Indel (> 5bp) between these two alignments: deletion of length 55; 0 mismatches (number of Ns: 0) [fragmentation of reference genome]
			Real Alignment 4: 56 730 | 92790 93451 | 675 662 | 95.77 | lf_ill_lf_contig85 contig_2
			  Indel (<= 5bp) between these two alignments: deletion of length 5; 13 mismatches (number of Ns: 0) [fragmentation of reference genome]
			Excluding internal overlap of size 55 between Alignment 5 and 6: 1 784 | 94257 93470 | 784 788 --> 56 784 | 94202 93470 | 729 733
			Real Alignment 5: 56 784 | 94202 93470 | 729 733 | 96.1 | lf_ill_lf_contig81 contig_2
			  Indel (> 5bp) between these two alignments: deletion of length 55; 0 mismatches (number of Ns: 0) [fragmentation of reference genome]
			Excluding internal overlap of size 74 between Alignment 6 and 7: 80229 80800 | 97178 97749 | 572 572 --> 80303 80800 | 97252 97749 | 498 498
			Real Alignment 6: 1 3047 | 94203 97251 | 3047 3049 | 99.93 | lf_ill_lf_contig66 contig_2
			  Extensive misassembly (translocation) between these two alignments
			Real Alignment 7: 80303 80800 | 97252 97749 | 498 498 | 95.51 | lf_ill_lf_contig4 contig_2
			  Not a misassembly [fragmentation of reference genome] between these two alignments
			Excluding internal overlap of size 36 between Alignment 8 and 9: 1 626 | 99223 98599 | 626 625 --> 1 590 | 99223 98635 | 590 589
			Real Alignment 8: 1 891 | 97751 98634 | 891 884 | 96.2 | lf_ill_lf_contig2 contig_2
			  Extensive misassembly (translocation) between these two alignments
			Excluding internal overlap of size 54 between Alignment 9 and 10: 1 590 | 99223 98635 | 590 589 --> 55 590 | 99169 98635 | 536 535
			Real Alignment 9: 55 590 | 99169 98635 | 536 535 | 98.73 | lf_ill_lf_contig88 contig_2
			  Extensive misassembly (translocation) between these two alignments
			Excluding internal overlap of size 74 between Alignment 10 and 11: 88115 89169 | 100222 99170 | 1055 1053 --> 88184 89169 | 100148 99170 | 986 979
			Real Alignment 10: 88184 89169 | 100148 99170 | 986 979 | 93.08 | lf_ill_lf_contig3 contig_2
			  Extensive misassembly (translocation) between these two alignments
			Real Alignment 11: 1 5010 | 100149 105159 | 5010 5011 | 99.78 | lf_ill_lf_contig55 contig_2
			  Indel (> 5bp) between these two alignments: deletion of length 54; 0 mismatches (number of Ns: 0) [fragmentation of reference genome]
			Real Alignment 12: 1 980 | 105195 106166 | 980 972 | 93.16 | lf_ill_lf_contig79 contig_2
			  Not a misassembly [fragmentation of reference genome] between these two alignments
			Excluding internal overlap of size 28 between Alignment 13 and 14: 1 1333 | 110567 109242 | 1333 1326 --> 1 1304 | 110567 109270 | 1304 1298
			Real Alignment 13: 17 2853 | 109269 106432 | 2837 2838 | 99.75 | lf_ill_lf_contig67 contig_2
			  Indel (> 5bp) between these two alignments: deletion of length 55; 0 mismatches (number of Ns: 0) [fragmentation of reference genome]
			Excluding internal overlap of size 55 between Alignment 14 and 15: 1 1304 | 110567 109270 | 1304 1298 --> 56 1304 | 110512 109270 | 1249 1243
			Real Alignment 14: 56 1304 | 110512 109270 | 1249 1243 | 94.28 | lf_ill_lf_contig73 contig_2
			  Indel (> 5bp) between these two alignments: deletion of length 55; 0 mismatches (number of Ns: 0) [fragmentation of reference genome]
			Real Alignment 15: 32 46568 | 157013 110513 | 46537 46501 | 99.69 | lf_ill_lf_contig11 contig_2
			  Gap between these two alignments (local misassembly). Inconsistency = 31 [fragmentation of reference genome]
			Real Alignment 16: 1 73582 | 157294 230813 | 73582 73520 | 99.76 | lf_ill_lf_contig6 contig_2
			  Not a misassembly [fragmentation of reference genome] between these two alignments
			Real Alignment 17: 1 1321 | 230815 232137 | 1321 1323 | 95.1 | lf_ill_lf_contig57 contig_2
			  Gap between these two alignments (local misassembly). Inconsistency = 193
			Excluding internal overlap of size 40 between Alignment 18 and 19: 1 743 | 235218 234487 | 743 732 --> 1 703 | 235218 234527 | 703 692
			Real Alignment 18: 1544 3911 | 232167 234526 | 2368 2360 | 94.06 | lf_ill_lf_contig57 contig_2
			  Indel (> 5bp) between these two alignments: deletion of length 55; 0 mismatches (number of Ns: 0) [fragmentation of reference genome]
			Real Alignment 19: 1 703 | 235218 234527 | 703 692 | 95.58 | lf_ill_lf_contig82 contig_2
			  Not a misassembly [fragmentation of reference genome] between these two alignments
			Real Alignment 20: 1 2463 | 235403 237860 | 2463 2458 | 99.8 | lf_ill_lf_contig69 contig_2
			  Gap between these two alignments (local misassembly). Inconsistency = 1 [fragmentation of reference genome]
			Real Alignment 21: 37144 37666 | 238945 238422 | 523 524 | 96.6 | lf_ill_lf_contig17 contig_2
			  Extensive misassembly (translocation) between these two alignments
			Real Alignment 22: 80301 80800 | 238946 239444 | 500 499 | 95.08 | lf_ill_lf_contig4 contig_2
			  Not a misassembly [fragmentation of reference genome] between these two alignments
			Excluding internal overlap of size 43 between Alignment 23 and 24: 1 899 | 239446 240342 | 899 897 --> 1 855 | 239446 240299 | 855 854
			Real Alignment 23: 1 855 | 239446 240299 | 855 854 | 93.46 | lf_ill_lf_contig2 contig_2
			  Extensive misassembly (translocation) between these two alignments
			Excluding internal overlap of size 257 between Alignment 24 and 25: 1 8173 | 280539 272382 | 8173 8158 --> 1 7916 | 280539 272639 | 7916 7901
			Real Alignment 24: 8037 40405 | 272638 240300 | 32369 32339 | 99.89 | lf_ill_lf_contig14 contig_2
			  Gap between these two alignments (local misassembly). Inconsistency = 120
			Excluding internal overlap of size 67 between Alignment 25 and 26: 80235 80800 | 280473 281036 | 566 564 --> 80303 80800 | 280540 281036 | 498 497
			Real Alignment 25: 1 7916 | 280539 272639 | 7916 7901 | 99.78 | lf_ill_lf_contig14 contig_2
			  Extensive misassembly (translocation) between these two alignments
			Real Alignment 26: 80303 80800 | 280540 281036 | 498 497 | 98.59 | lf_ill_lf_contig4 contig_2
			  Not a misassembly [fragmentation of reference genome] between these two alignments
			Excluding internal overlap of size 54 between Alignment 27 and 28: 1 899 | 281038 281935 | 899 898 --> 1 844 | 281038 281881 | 844 844
			Real Alignment 27: 1 844 | 281038 281881 | 844 844 | 95.7 | lf_ill_lf_contig2 contig_2
			  Extensive misassembly (translocation) between these two alignments
			Real Alignment 28: 16 17293 | 299180 281882 | 17278 17299 | 99.34 | lf_ill_lf_contig35 contig_2
			  Indel (> 5bp) between these two alignments: deletion of length 22; 0 mismatches (number of Ns: 0) [fragmentation of reference genome]
			Excluding internal overlap of size 32 between Alignment 29 and 30: 99951 100529 | 299780 299198 | 579 583 --> 99984 100529 | 299748 299198 | 546 551
			Real Alignment 29: 99984 100529 | 299748 299198 | 546 551 | 94.06 | lf_ill_lf_contig2 contig_2
			  Extensive misassembly (translocation) between these two alignments
			Real Alignment 30: 1 40984 | 340711 299749 | 40984 40963 | 99.78 | lf_ill_lf_contig13 contig_2
			  Not a misassembly [fragmentation of reference genome] between these two alignments
			Real Alignment 31: 109 3745 | 344682 341033 | 3637 3650 | 99.45 | lf_ill_lf_contig60 contig_2
			  Extensive misassembly (translocation) between these two alignments
			Excluding internal overlap of size 55 between Alignment 32 and 33: 23 564 | 350055 349512 | 542 544 --> 23 509 | 350055 349567 | 487 489
			Real Alignment 32: 55 3360 | 346249 349566 | 3306 3318 | 98.23 | lf_ill_lf_contig63 contig_2
			  Indel (> 5bp) between these two alignments: deletion of length 55; 0 mismatches (number of Ns: 0) [fragmentation of reference genome]
			Excluding internal overlap of size 33 between Alignment 33 and 34: 23 509 | 350055 349567 | 487 489 --> 56 509 | 350022 349567 | 454 456
			Real Alignment 33: 56 509 | 350022 349567 | 454 456 | 91.14 | lf_ill_lf_contig89 contig_2
			  Indel (> 5bp) between these two alignments: deletion of length 55; 0 mismatches (number of Ns: 0) [fragmentation of reference genome]
			Excluding internal overlap of size 55 between Alignment 34 and 35: 1 564 | 389932 390494 | 564 563 --> 56 564 | 389987 390494 | 509 508
			Real Alignment 34: 1 39983 | 350023 389986 | 39983 39964 | 99.86 | lf_ill_lf_contig15 contig_2
			  Indel (> 5bp) between these two alignments: deletion of length 55; 0 mismatches (number of Ns: 0) [fragmentation of reference genome]
			Excluding internal overlap of size 54 between Alignment 35 and 36: 56 564 | 389987 390494 | 509 508 --> 56 510 | 389987 390440 | 455 454
			Real Alignment 35: 56 510 | 389987 390440 | 455 454 | 95.1 | lf_ill_lf_contig89 contig_2
			  Indel (> 5bp) between these two alignments: deletion of length 55; 0 mismatches (number of Ns: 0) [fragmentation of reference genome]
			Excluding internal overlap of size 116 between Alignment 36 and 37: 2801 3359 | 390996 390441 | 559 556 --> 2917 3359 | 390880 390441 | 443 440
			Real Alignment 36: 2917 3359 | 390880 390441 | 443 440 | 95.91 | lf_ill_lf_contig63 contig_2
			  Extensive misassembly (translocation) between these two alignments
			Excluding internal overlap of size 56 between Alignment 37 and 38: 1 1448 | 392332 390881 | 1448 1452 --> 56 1448 | 392276 390881 | 1393 1396
			Real Alignment 37: 56 1448 | 392276 390881 | 1393 1396 | 99.24 | lf_ill_lf_contig72 contig_2
			  Indel (> 5bp) between these two alignments: deletion of length 55; 0 mismatches (number of Ns: 0) [fragmentation of reference genome]
			Excluding internal overlap of size 44 between Alignment 38 and 39: 11 1702 | 393962 392277 | 1692 1686 --> 55 1702 | 393918 392277 | 1648 1642
			Real Alignment 38: 55 1702 | 393918 392277 | 1648 1642 | 95.21 | lf_ill_lf_contig71 contig_2
			  Indel (> 5bp) between these two alignments: deletion of length 54; 0 mismatches (number of Ns: 0) [fragmentation of reference genome]
			Real Alignment 39: 1 7822 | 393919 401730 | 7822 7812 | 99.76 | lf_ill_lf_contig53 contig_2
			  Not a misassembly [fragmentation of reference genome] between these two alignments
			Real Alignment 40: 1 599 | 401791 402398 | 599 608 | 91.49 | lf_ill_lf_contig13 contig_2
			  Extensive misassembly (translocation) between these two alignments
			Real Alignment 41: 56 8274 | 410625 402415 | 8219 8211 | 99.84 | lf_ill_lf_contig51 contig_2
			  Gap between these two alignments (local misassembly). Inconsistency = 92 [fragmentation of reference genome]
			Excluding internal overlap of size 56 between Alignment 42 and 43: 1 1069 | 435782 436846 | 1069 1065 --> 56 1069 | 435838 436846 | 1014 1009
			Real Alignment 42: 1 24482 | 435837 411385 | 24482 24453 | 99.73 | lf_ill_lf_contig28 contig_2
			  Indel (> 5bp) between these two alignments: deletion of length 55; 0 mismatches (number of Ns: 0) [fragmentation of reference genome]
			Excluding internal overlap of size 50 between Alignment 43 and 44: 56 1069 | 435838 436846 | 1014 1009 --> 56 1019 | 435838 436796 | 964 959
			Real Alignment 43: 56 1019 | 435838 436796 | 964 959 | 96.19 | lf_ill_lf_contig77 contig_2
			  Indel (> 5bp) between these two alignments: deletion of length 55; 0 mismatches (number of Ns: 0) [fragmentation of reference genome]
			Excluding internal overlap of size 76 between Alignment 44 and 45: 29514 30699 | 438495 439683 | 1186 1189 --> 29590 30699 | 438571 439683 | 1110 1113
			Real Alignment 44: 1 1779 | 438570 436797 | 1779 1774 | 99.27 | lf_ill_lf_contig70 contig_2
			  Extensive misassembly (translocation) between these two alignments
			Real Alignment 45: 29590 30699 | 438571 439683 | 1110 1113 | 96.41 | lf_ill_lf_contig21 contig_2
			  Not a misassembly [fragmentation of reference genome] between these two alignments
			Real Alignment 46: 37 64510 | 504110 439685 | 64474 64426 | 99.86 | lf_ill_lf_contig7 contig_2
			  Indel (> 5bp) between these two alignments: deletion of length 63; 0 mismatches (number of Ns: 0) [fragmentation of reference genome]
			Excluding internal overlap of size 55 between Alignment 47 and 48: 1 1227 | 505357 504123 | 1227 1235 --> 56 1227 | 505302 504123 | 1172 1180
			Real Alignment 47: 56 1227 | 505302 504123 | 1172 1180 | 96.6 | lf_ill_lf_contig75 contig_2
			  Indel (> 5bp) between these two alignments: deletion of length 55; 0 mismatches (number of Ns: 0) [fragmentation of reference genome]
			Real Alignment 48: 88323 91407 | 508389 505303 | 3085 3087 | 97.68 | lf_ill_lf_contig3 contig_2
			  Extensive misassembly (translocation) between these two alignments
			Real Alignment 49: 7 73 | 508674 508608 | 67 67 | 100.0 | lf_ill_lf_contig14 contig_2
			  Indel (> 5bp) between these two alignments: deletion of length 6; 47 mismatches (number of Ns: 0) [fragmentation of reference genome]
			Real Alignment 50: 1 1074 | 509796 508728 | 1074 1069 | 96.47 | lf_ill_lf_contig77 contig_2
			  Extensive misassembly (translocation) between these two alignments
			Real Alignment 51: 80301 80800 | 509797 510297 | 500 501 | 95.28 | lf_ill_lf_contig4 contig_2
			  Indel (> 5bp) between these two alignments: deletion of length 7; 0 mismatches (number of Ns: 0) [fragmentation of reference genome]
			Real Alignment 52: 8 99948 | 510305 610159 | 99941 99855 | 99.85 | lf_ill_lf_contig2 contig_2
			  Extensive misassembly (relocation, inconsistency = -1034) between these two alignments
			Real Alignment 53: 100232 100536 | 611477 611778 | 305 302 | 90.42 | lf_ill_lf_contig2 contig_2
			  Not a misassembly [fragmentation of reference genome] between these two alignments
			Excluding internal overlap of size 128 between Alignment 54 and 55: 1 1235 | 611780 613012 | 1235 1233 --> 1 1106 | 611780 612884 | 1106 1105
			Real Alignment 54: 1 1106 | 611780 612884 | 1106 1105 | 93.8 | lf_ill_lf_contig35 contig_2
			  Extensive misassembly (translocation) between these two alignments
			Excluding internal overlap of size 52 between Alignment 55 and 56: 63690 64510 | 621346 622165 | 821 820 --> 63742 64510 | 621398 622165 | 769 768
			Real Alignment 55: 1 8523 | 612885 621397 | 8523 8513 | 99.73 | lf_ill_lf_contig50 contig_2
			  Extensive misassembly (translocation) between these two alignments
			Real Alignment 56: 63742 64510 | 621398 622165 | 769 768 | 96.86 | lf_ill_lf_contig7 contig_2
			  Not a misassembly [fragmentation of reference genome] between these two alignments
			Excluding internal overlap of size 50 between Alignment 57 and 58: 29516 30699 | 623346 622167 | 1184 1180 --> 29566 30699 | 623296 622167 | 1134 1130
			Real Alignment 57: 29566 30699 | 623296 622167 | 1134 1130 | 96.81 | lf_ill_lf_contig21 contig_2
			  Extensive misassembly (translocation) between these two alignments
			Real Alignment 58: 5 8892 | 623297 632182 | 8888 8886 | 99.47 | lf_ill_lf_contig48 contig_2
			  Gap between these two alignments (local misassembly). Inconsistency = 20 [fragmentation of reference genome]
			Excluding internal overlap of size 42 between Alignment 59 and 60: 1 1234 | 678496 677252 | 1234 1245 --> 1 1192 | 678496 677294 | 1192 1203
			Real Alignment 59: 14 44483 | 677293 632863 | 44470 44431 | 99.83 | lf_ill_lf_contig12 contig_2
			  Extensive misassembly (translocation) between these two alignments
			Real Alignment 60: 1 1192 | 678496 677294 | 1192 1203 | 91.29 | lf_ill_lf_contig35 contig_2
			  Indel (> 5bp) between these two alignments: deletion of length 8; 11 mismatches (number of Ns: 0) [fragmentation of reference genome]
			Excluding internal overlap of size 55 between Alignment 61 and 62: 99948 100528 | 679112 678516 | 581 597 --> 100003 100528 | 679057 678516 | 526 542
			Real Alignment 61: 100003 100528 | 679057 678516 | 526 542 | 92.08 | lf_ill_lf_contig2 contig_2
			  Extensive misassembly (translocation) between these two alignments
			Excluding internal overlap of size 56 between Alignment 62 and 63: 29514 30687 | 687755 688931 | 1174 1177 --> 29569 30687 | 687811 688931 | 1119 1121
			Real Alignment 62: 1 8760 | 687810 679058 | 8760 8753 | 99.85 | lf_ill_lf_contig49 contig_2
			  Extensive misassembly (translocation) between these two alignments
			Real Alignment 63: 29569 30687 | 687811 688931 | 1119 1121 | 97.63 | lf_ill_lf_contig21 contig_2
			  Indel (> 5bp) between these two alignments: deletion of length 12; 1 mismatches (number of Ns: 0) [fragmentation of reference genome]
			Excluding internal overlap of size 41 between Alignment 64 and 65: 63694 64510 | 689756 688945 | 817 812 --> 63735 64510 | 689715 688945 | 776 771
			Real Alignment 64: 63735 64510 | 689715 688945 | 776 771 | 95.27 | lf_ill_lf_contig7 contig_2
			  Extensive misassembly (translocation) between these two alignments
			Excluding internal overlap of size 55 between Alignment 65 and 66: 43 730 | 693425 692742 | 688 684 --> 43 675 | 693425 692797 | 633 629
			Real Alignment 65: 1 3084 | 692796 689716 | 3084 3081 | 99.74 | lf_ill_lf_contig65 contig_2
			  Extensive misassembly (translocation) between these two alignments
			Real Alignment 66: 43 675 | 693425 692797 | 633 629 | 97.68 | lf_ill_lf_contig5 contig_2
			  Gap between these two alignments (local misassembly). Inconsistency = 55 [fragmentation of reference genome]
			Excluding internal overlap of size 55 between Alignment 67 and 68: 1 1702 | 707090 705396 | 1702 1695 --> 1 1647 | 707090 705451 | 1647 1640
			Real Alignment 67: 14 11268 | 694202 705450 | 11255 11249 | 99.86 | lf_ill_lf_contig44 contig_2
			  Indel (> 5bp) between these two alignments: deletion of length 55; 0 mismatches (number of Ns: 0) [fragmentation of reference genome]
			Real Alignment 68: 1 1647 | 707090 705451 | 1647 1640 | 96.04 | lf_ill_lf_contig71 contig_2
			  Not a misassembly [fragmentation of reference genome] between these two alignments
			Excluding internal overlap of size 56 between Alignment 69 and 70: 1 730 | 729484 728751 | 730 734 --> 1 675 | 729484 728807 | 675 678
			Real Alignment 69: 1 21552 | 707269 728806 | 21552 21538 | 99.89 | lf_ill_lf_contig30 contig_2
			  Extensive misassembly (translocation) between these two alignments
			Real Alignment 70: 1 675 | 729484 728807 | 675 678 | 90.51 | lf_ill_lf_contig5 contig_2
			  Not a misassembly [fragmentation of reference genome] between these two alignments
			Excluding internal overlap of size 54 between Alignment 71 and 72: 2 1074 | 760054 758988 | 1073 1067 --> 2 1019 | 760054 759042 | 1018 1013
			Real Alignment 71: 1 28880 | 730191 759041 | 28880 28851 | 99.84 | lf_ill_lf_contig24 contig_2
			  Indel (> 5bp) between these two alignments: deletion of length 55; 0 mismatches (number of Ns: 0) [fragmentation of reference genome]
			Excluding internal overlap of size 54 between Alignment 72 and 73: 2 1019 | 760054 759042 | 1018 1013 --> 56 1019 | 760000 759042 | 964 959
			Real Alignment 72: 56 1019 | 760000 759042 | 964 959 | 93.85 | lf_ill_lf_contig77 contig_2
			  Indel (> 5bp) between these two alignments: deletion of length 55; 0 mismatches (number of Ns: 0) [fragmentation of reference genome]
			Excluding internal overlap of size 51 between Alignment 73 and 74: 1 20941 | 841571 820655 | 20941 20917 --> 1 20890 | 841571 820706 | 20890 20866
			Real Alignment 73: 1 60763 | 760001 820705 | 60763 60705 | 99.89 | lf_ill_lf_contig8 contig_2
			  Indel (> 5bp) between these two alignments: deletion of length 51; 0 mismatches (number of Ns: 0) [fragmentation of reference genome]
			Excluding internal overlap of size 37 between Alignment 74 and 75: 1 962 | 842483 841535 | 962 949 --> 1 925 | 842483 841572 | 925 912
			Real Alignment 74: 1 20890 | 841571 820706 | 20890 20866 | 99.66 | lf_ill_lf_contig31 contig_2
			  Indel (> 5bp) between these two alignments: deletion of length 55; 0 mismatches (number of Ns: 0) [fragmentation of reference genome]
			Real Alignment 75: 1 925 | 842483 841572 | 925 912 | 95.15 | lf_ill_lf_contig79 contig_2
			  Indel (> 5bp) between these two alignments: deletion of length 51; 0 mismatches (number of Ns: 0) [fragmentation of reference genome]
			Excluding internal overlap of size 55 between Alignment 76 and 77: 1 730 | 871681 870952 | 730 730 --> 1 675 | 871681 871007 | 675 675
			Real Alignment 76: 1 28516 | 871006 842520 | 28516 28487 | 99.86 | lf_ill_lf_contig25 contig_2
			  Extensive misassembly (translocation) between these two alignments
			Real Alignment 77: 1 675 | 871681 871007 | 675 675 | 99.86 | lf_ill_lf_contig5 contig_2
			  Not a misassembly [fragmentation of reference genome] between these two alignments
			Real Alignment 78: 1 1702 | 871782 873483 | 1702 1702 | 97.67 | lf_ill_lf_contig71 contig_2
			  Not a misassembly [fragmentation of reference genome] between these two alignments
			Real Alignment 79: 1 14709 | 888752 874061 | 14709 14692 | 99.8 | lf_ill_lf_contig37 contig_2
			  Gap between these two alignments (local misassembly). Inconsistency = -393
			Real Alignment 80: 1 193 | 889145 888953 | 193 193 | 95.85 | lf_ill_lf_contig37 contig_2
			  Gap between these two alignments (local misassembly). Inconsistency = -264
			Real Alignment 81: 1 238 | 889409 889172 | 238 238 | 100.0 | lf_ill_lf_contig37 contig_2
			  Not a misassembly [fragmentation of reference genome] between these two alignments
			Excluding internal overlap of size 34 between Alignment 82 and 83: 1 1070 | 891864 890798 | 1070 1067 --> 1 1035 | 891864 890832 | 1035 1033
			Real Alignment 82: 1 1290 | 889545 890831 | 1290 1287 | 99.38 | lf_ill_lf_contig74 contig_2
			  Indel (> 5bp) between these two alignments: deletion of length 56; 0 mismatches (number of Ns: 0) [fragmentation of reference genome]
			Excluding internal overlap of size 55 between Alignment 83 and 84: 1 1035 | 891864 890832 | 1035 1033 --> 56 1035 | 891809 890832 | 980 978
			Real Alignment 83: 56 1035 | 891809 890832 | 980 978 | 94.23 | lf_ill_lf_contig77 contig_2
			  Indel (> 5bp) between these two alignments: deletion of length 55; 0 mismatches (number of Ns: 0) [fragmentation of reference genome]
			Real Alignment 84: 1 37666 | 891810 929429 | 37666 37620 | 99.78 | lf_ill_lf_contig17 contig_2
			  Not a misassembly [fragmentation of reference genome] between these two alignments
			Excluding internal overlap of size 55 between Alignment 85 and 86: 1 758 | 1044675 1045426 | 758 752 --> 56 758 | 1044730 1045426 | 703 697
			Real Alignment 85: 1 115148 | 1044729 929672 | 115148 115058 | 99.83 | lf_ill_lf_contig1 contig_2
			  Indel (> 5bp) between these two alignments: deletion of length 55; 0 mismatches (number of Ns: 0) [fragmentation of reference genome]
			Excluding internal overlap of size 55 between Alignment 86 and 87: 56 758 | 1044730 1045426 | 703 697 --> 56 703 | 1044730 1045371 | 648 642
			Real Alignment 86: 56 703 | 1044730 1045371 | 648 642 | 95.95 | lf_ill_lf_contig82 contig_2
			  Indel (> 5bp) between these two alignments: deletion of length 55; 0 mismatches (number of Ns: 0) [fragmentation of reference genome]
			Real Alignment 87: 1544 3911 | 1047720 1045372 | 2368 2349 | 96.69 | lf_ill_lf_contig57 contig_2
			  Gap between these two alignments (local misassembly). Inconsistency = -1
			Real Alignment 88: 1 1329 | 1049269 1047936 | 1329 1334 | 98.14 | lf_ill_lf_contig57 contig_2
			  Not a misassembly [fragmentation of reference genome] between these two alignments
			Excluding internal overlap of size 72 between Alignment 89 and 90: 73127 73582 | 1049721 1049271 | 456 451 --> 73200 73582 | 1049649 1049271 | 383 379
			Real Alignment 89: 73200 73582 | 1049649 1049271 | 383 379 | 97.59 | lf_ill_lf_contig6 contig_2
			  Extensive misassembly (translocation) between these two alignments
			Excluding internal overlap of size 297 between Alignment 90 and 91: 1 16350 | 1096498 1080167 | 16350 16332 --> 1 16053 | 1096498 1080464 | 16053 16035
			Real Alignment 90: 16186 47026 | 1080463 1049650 | 30841 30814 | 99.87 | lf_ill_lf_contig10 contig_2
			  Gap between these two alignments (local misassembly). Inconsistency = 132
			Excluding internal overlap of size 52 between Alignment 91 and 92: 63692 64510 | 1096447 1097268 | 819 822 --> 63742 64510 | 1096499 1097268 | 769 770
			Real Alignment 91: 1 16053 | 1096498 1080464 | 16053 16035 | 99.83 | lf_ill_lf_contig10 contig_2
			  Extensive misassembly (translocation) between these two alignments
			Real Alignment 92: 63742 64510 | 1096499 1097268 | 769 770 | 98.18 | lf_ill_lf_contig7 contig_2
			  Not a misassembly [fragmentation of reference genome] between these two alignments
			Real Alignment 93: 1 30699 | 1127934 1097270 | 30699 30665 | 99.54 | lf_ill_lf_contig21 contig_2
			  Not a misassembly [fragmentation of reference genome] between these two alignments
			Excluding internal overlap of size 46 between Alignment 94 and 95: 32301 32698 | 1128944 1128544 | 398 401 --> 32347 32698 | 1128898 1128544 | 352 355
			Real Alignment 94: 32347 32698 | 1128898 1128544 | 352 355 | 94.07 | lf_ill_lf_contig20 contig_2
			  Extensive misassembly (translocation) between these two alignments
			Real Alignment 95: 1 3884 | 1132776 1128899 | 3884 3878 | 99.82 | lf_ill_lf_contig58 contig_2
			  Not a misassembly [fragmentation of reference genome] between these two alignments
			Real Alignment 96: 23 980 | 1134467 1133508 | 958 960 | 97.62 | lf_ill_lf_contig79 contig_2
			  Gap between these two alignments (local misassembly). Inconsistency = 22 [fragmentation of reference genome]
			Real Alignment 97: 1 554 | 1134557 1135109 | 554 553 | 99.28 | lf_ill_lf_contig11 contig_2
			  Extensive misassembly (translocation) between these two alignments
			Excluding internal overlap of size 44 between Alignment 98 and 99: 1 1698 | 1135332 1137010 | 1698 1679 --> 1 1653 | 1135332 1136966 | 1653 1635
			Real Alignment 98: 1 1653 | 1135332 1136966 | 1653 1635 | 92.09 | lf_ill_lf_contig71 contig_2
			  Indel (> 5bp) between these two alignments: deletion of length 56; 0 mismatches (number of Ns: 0) [fragmentation of reference genome]
			Real Alignment 99: 8 3453 | 1140418 1136967 | 3446 3452 | 99.59 | lf_ill_lf_contig62 contig_2
			  Indel (> 5bp) between these two alignments: deletion of length 83; 0 mismatches (number of Ns: 0) [fragmentation of reference genome]
			Excluding internal overlap of size 50 between Alignment 100 and 101: 6 1626 | 1142060 1140446 | 1621 1615 --> 55 1626 | 1142010 1140446 | 1572 1565
			Real Alignment 100: 55 1626 | 1142010 1140446 | 1572 1565 | 95.28 | lf_ill_lf_contig71 contig_2
			  Indel (> 5bp) between these two alignments: deletion of length 55; 0 mismatches (number of Ns: 0) [fragmentation of reference genome]
			Excluding internal overlap of size 53 between Alignment 101 and 102: 80229 80800 | 1194732 1195303 | 572 572 --> 80282 80800 | 1194785 1195303 | 519 519
			Real Alignment 101: 2 52801 | 1142011 1194784 | 52800 52774 | 99.91 | lf_ill_lf_contig9 contig_2
			  Extensive misassembly (translocation) between these two alignments
			Real Alignment 102: 80282 80800 | 1194785 1195303 | 519 519 | 94.66 | lf_ill_lf_contig4 contig_2
			  Not a misassembly [fragmentation of reference genome] between these two alignments
			Excluding internal overlap of size 55 between Alignment 103 and 104: 1 899 | 1195305 1196194 | 899 890 --> 1 844 | 1195305 1196139 | 844 835
			Real Alignment 103: 1 844 | 1195305 1196139 | 844 835 | 95.82 | lf_ill_lf_contig2 contig_2
			  Extensive misassembly (translocation) between these two alignments
			Excluding internal overlap of size 27 between Alignment 104 and 105: 99959 100536 | 1210705 1211289 | 578 585 --> 99986 100536 | 1210732 1211289 | 551 558
			Real Alignment 104: 1 14605 | 1196140 1210731 | 14605 14592 | 99.8 | lf_ill_lf_contig39 contig_2
			  Extensive misassembly (translocation) between these two alignments
			Real Alignment 105: 99986 100536 | 1210732 1211289 | 551 558 | 96.26 | lf_ill_lf_contig2 contig_2
			  Not a misassembly [fragmentation of reference genome] between these two alignments
			Excluding internal overlap of size 55 between Alignment 106 and 107: 1 1234 | 1211291 1212513 | 1234 1223 --> 1 1179 | 1211291 1212458 | 1179 1168
			Real Alignment 106: 1 1179 | 1211291 1212458 | 1179 1168 | 94.46 | lf_ill_lf_contig35 contig_2
			  Extensive misassembly (translocation) between these two alignments
			Real Alignment 107: 1 3753 | 1216208 1212459 | 3753 3750 | 99.79 | lf_ill_lf_contig59 contig_2
			  Not a misassembly [fragmentation of reference genome] between these two alignments
			Excluding internal overlap of size 57 between Alignment 108 and 109: 29513 30699 | 1225401 1226584 | 1187 1184 --> 29570 30699 | 1225458 1226584 | 1130 1127
			Real Alignment 108: 1 9254 | 1225457 1216213 | 9254 9245 | 99.82 | lf_ill_lf_contig47 contig_2
			  Extensive misassembly (translocation) between these two alignments
			Real Alignment 109: 29570 30699 | 1225458 1226584 | 1130 1127 | 95.75 | lf_ill_lf_contig21 contig_2
			  Not a misassembly [fragmentation of reference genome] between these two alignments
			Excluding internal overlap of size 55 between Alignment 110 and 111: 63687 64510 | 1227408 1226586 | 824 823 --> 63742 64510 | 1227353 1226586 | 769 768
			Real Alignment 110: 63742 64510 | 1227353 1226586 | 769 768 | 95.35 | lf_ill_lf_contig7 contig_2
			  Extensive misassembly (translocation) between these two alignments
			Excluding internal overlap of size 87 between Alignment 111 and 112: 12 646 | 1257048 1256416 | 635 633 --> 12 561 | 1257048 1256503 | 550 546
			Real Alignment 111: 1 29164 | 1227354 1256502 | 29164 29149 | 99.91 | lf_ill_lf_contig23 contig_2
			  Extensive misassembly (translocation) between these two alignments
			Real Alignment 112: 12 561 | 1257048 1256503 | 550 546 | 94.86 | lf_ill_lf_contig21 contig_2
			  Gap between these two alignments (local misassembly). Inconsistency = 11 [fragmentation of reference genome]
			Excluding internal overlap of size 59 between Alignment 113 and 114: 32291 32698 | 1258068 1257668 | 408 401 --> 32351 32698 | 1258009 1257668 | 348 342
			Real Alignment 113: 32351 32698 | 1258009 1257668 | 348 342 | 93.69 | lf_ill_lf_contig20 contig_2
			  Extensive misassembly (translocation) between these two alignments
			Excluding internal overlap of size 41 between Alignment 114 and 115: 63701 64510 | 1285968 1286781 | 810 814 --> 63742 64510 | 1286009 1286781 | 769 773
			Real Alignment 114: 1 28019 | 1286008 1258010 | 28019 27999 | 99.86 | lf_ill_lf_contig26 contig_2
			  Extensive misassembly (translocation) between these two alignments
			Real Alignment 115: 63742 64510 | 1286009 1286781 | 769 773 | 96.83 | lf_ill_lf_contig7 contig_2
			  Not a misassembly [fragmentation of reference genome] between these two alignments
			Excluding internal overlap of size 74 between Alignment 116 and 117: 29515 30699 | 1287962 1286783 | 1185 1180 --> 29590 30699 | 1287888 1286783 | 1110 1106
			Real Alignment 116: 29590 30699 | 1287888 1286783 | 1110 1106 | 96.32 | lf_ill_lf_contig21 contig_2
			  Extensive misassembly (translocation) between these two alignments
			Excluding internal overlap of size 376 between Alignment 117 and 118: 73120 78691 | 1293453 1287889 | 5572 5565 --> 73500 78691 | 1293077 1287889 | 5192 5189
			Real Alignment 117: 73500 78691 | 1293077 1287889 | 5192 5189 | 99.39 | lf_ill_lf_contig5 contig_2
			  Gap between these two alignments (local misassembly). Inconsistency = 121
			Real Alignment 118: 46933 73378 | 1319503 1293078 | 26446 26426 | 99.89 | lf_ill_lf_contig5 contig_2
			  Gap between these two alignments (local misassembly). Inconsistency = 196
			Real Alignment 119: 16 46736 | 1366173 1319504 | 46721 46670 | 99.81 | lf_ill_lf_contig5 contig_2
			  Gap between these two alignments (local misassembly). Inconsistency = 15 [fragmentation of reference genome]
			Excluding internal overlap of size 55 between Alignment 120 and 121: 1 1330 | 1387744 1389066 | 1330 1323 --> 56 1330 | 1387799 1389066 | 1275 1268
			Real Alignment 120: 1 20896 | 1387798 1366912 | 20896 20887 | 99.82 | lf_ill_lf_contig32 contig_2
			  Indel (> 5bp) between these two alignments: deletion of length 55; 0 mismatches (number of Ns: 0) [fragmentation of reference genome]
			Excluding internal overlap of size 42 between Alignment 121 and 122: 56 1330 | 1387799 1389066 | 1275 1268 --> 56 1288 | 1387799 1389024 | 1233 1226
			Real Alignment 121: 56 1288 | 1387799 1389024 | 1233 1226 | 91.41 | lf_ill_lf_contig73 contig_2
			  Indel (> 5bp) between these two alignments: deletion of length 55; 0 mismatches (number of Ns: 0) [fragmentation of reference genome]
			Excluding internal overlap of size 130 between Alignment 122 and 123: 24932 29650 | 1414044 1418715 | 4719 4672 --> 25063 29650 | 1414174 1418715 | 4588 4542
			Real Alignment 122: 1 25282 | 1389025 1414173 | 25282 25149 | 95.38 | lf_ill_lf_contig22 contig_2
			  Overlap between these two alignments (local misassembly). Inconsistency = -220
			Excluding internal overlap of size 51 between Alignment 123 and 124: 1 4312 | 1418665 1422942 | 4312 4278 --> 52 4312 | 1418716 1422942 | 4261 4227
			Real Alignment 123: 25063 29650 | 1414174 1418715 | 4588 4542 | 94.01 | lf_ill_lf_contig22 contig_2
			  Indel (> 5bp) between these two alignments: deletion of length 51; 0 mismatches (number of Ns: 0) [fragmentation of reference genome]
			Real Alignment 124: 52 4312 | 1418716 1422942 | 4261 4227 | 93.74 | lf_ill_lf_contig46 contig_2
			  Gap between these two alignments (local misassembly). Inconsistency = 18
			Real Alignment 125: 4559 10084 | 1423171 1428708 | 5526 5538 | 98.15 | lf_ill_lf_contig46 contig_2
			  Extensive misassembly (translocation) between these two alignments
			Real Alignment 126: 26 231 | 1428963 1428763 | 206 201 | 92.27 | lf_ill_lf_contig11 contig_2
			  Gap between these two alignments (local misassembly). Inconsistency = 80 [fragmentation of reference genome]
			Excluding internal overlap of size 56 between Alignment 127 and 128: 88116 89170 | 1445464 1444410 | 1055 1055 --> 88116 89114 | 1445464 1444466 | 999 999
			Real Alignment 127: 1 14642 | 1444465 1429827 | 14642 14639 | 99.96 | lf_ill_lf_contig38 contig_2
			  Extensive misassembly (translocation) between these two alignments
			Excluding internal overlap of size 207 between Alignment 128 and 129: 88116 89114 | 1445464 1444466 | 999 999 --> 88322 89114 | 1445257 1444466 | 793 792
			Real Alignment 128: 88322 89114 | 1445257 1444466 | 793 792 | 94.38 | lf_ill_lf_contig3 contig_2
			  Extensive misassembly (translocation) between these two alignments
			Excluding internal overlap of size 2700 between Alignment 129 and 130: 1 9182 | 1445258 1454429 | 9182 9172 --> 1 6476 | 1445258 1451729 | 6476 6472
			Real Alignment 129: 1 6476 | 1445258 1451729 | 6476 6472 | 99.83 | lf_ill_lf_contig18 contig_2
			  Stretch of 0 mismatches between these two alignments (number of Ns: 0)
			Excluding internal overlap of size 55 between Alignment 130 and 131: 1 789 | 1481613 1482410 | 789 798 --> 58 789 | 1481668 1482410 | 732 743
			Real Alignment 130: 6477 36551 | 1451730 1481667 | 30075 29938 | 99.51 | lf_ill_lf_contig18 contig_2
			  Indel (> 5bp) between these two alignments: deletion of length 57; 0 mismatches (number of Ns: 0) [fragmentation of reference genome]
			Real Alignment 131: 58 789 | 1481668 1482410 | 732 743 | 96.01 | lf_ill_lf_contig81 contig_2
			  Not a misassembly [fragmentation of reference genome] between these two alignments
			Real Alignment 132: 1 730 | 1483140 1482422 | 730 719 | 96.19 | lf_ill_lf_contig85 contig_2
			  Extensive misassembly (translocation) between these two alignments
			Real Alignment 133: 5 649 | 1483797 1483141 | 645 657 | 96.81 | lf_ill_lf_contig21 contig_2
			  Gap between these two alignments (local misassembly). Inconsistency = 4 [fragmentation of reference genome]
			Excluding internal overlap of size 48 between Alignment 134 and 135: 1 723 | 1517752 1517024 | 723 729 --> 1 675 | 1517752 1517072 | 675 681
			Real Alignment 134: 1 32698 | 1517071 1484400 | 32698 32672 | 99.83 | lf_ill_lf_contig20 contig_2
			  Extensive misassembly (translocation) between these two alignments
			Real Alignment 135: 1 675 | 1517752 1517072 | 675 681 | 97.53 | lf_ill_lf_contig5 contig_2
			  Not a misassembly [fragmentation of reference genome] between these two alignments
			Excluding internal overlap of size 52 between Alignment 136 and 137: 1 11262 | 1607064 1618319 | 11262 11256 --> 54 11262 | 1607116 1618319 | 11209 11204
			Real Alignment 136: 1 89167 | 1518107 1607115 | 89167 89009 | 99.12 | lf_ill_lf_contig3 contig_2
			  Extensive misassembly (translocation) between these two alignments
			Excluding internal overlap of size 82 between Alignment 137 and 138: 10 922 | 1619152 1618238 | 913 915 --> 10 840 | 1619152 1618320 | 831 833
			Real Alignment 137: 54 11262 | 1607116 1618319 | 11209 11204 | 99.88 | lf_ill_lf_contig45 contig_2
			  Extensive misassembly (translocation) between these two alignments
			Real Alignment 138: 10 840 | 1619152 1618320 | 831 833 | 95.25 | lf_ill_lf_contig3 contig_2
			  Gap between these two alignments (local misassembly). Inconsistency = 9 [fragmentation of reference genome]
			Excluding internal overlap of size 48 between Alignment 139 and 140: 1 730 | 1619518 1620244 | 730 727 --> 1 681 | 1619518 1620196 | 681 679
			Real Alignment 139: 1 681 | 1619518 1620196 | 681 679 | 94.86 | lf_ill_lf_contig5 contig_2
			  Extensive misassembly (translocation) between these two alignments
			Excluding internal overlap of size 84 between Alignment 140 and 141: 1 922 | 1639058 1638134 | 922 925 --> 1 840 | 1639058 1638218 | 840 841
			Real Alignment 140: 1 18032 | 1638217 1620197 | 18032 18021 | 99.88 | lf_ill_lf_contig34 contig_2
			  Extensive misassembly (translocation) between these two alignments
			Real Alignment 141: 1 840 | 1639058 1638218 | 840 841 | 93.71 | lf_ill_lf_contig3 contig_2
			  Not a misassembly [fragmentation of reference genome] between these two alignments
			Excluding internal overlap of size 55 between Alignment 142 and 143: 1 730 | 1639414 1640142 | 730 729 --> 1 675 | 1639414 1640087 | 675 674
			Real Alignment 142: 1 675 | 1639414 1640087 | 675 674 | 95.92 | lf_ill_lf_contig5 contig_2
			  Extensive misassembly (translocation) between these two alignments
			Excluding internal overlap of size 55 between Alignment 143 and 144: 1 1254 | 1656589 1657836 | 1254 1248 --> 56 1254 | 1656644 1657836 | 1199 1193
			Real Alignment 143: 1 16563 | 1656643 1640088 | 16563 16556 | 99.84 | lf_ill_lf_contig36 contig_2
			  Indel (> 5bp) between these two alignments: deletion of length 55; 0 mismatches (number of Ns: 0) [fragmentation of reference genome]
			Excluding internal overlap of size 1 between Alignment 144 and 145: 1 564 | 1658399 1657836 | 564 564 --> 1 563 | 1658399 1657837 | 563 563
			Real Alignment 144: 56 1254 | 1656644 1657836 | 1199 1193 | 95.43 | lf_ill_lf_contig75 contig_2
			  Indel (<= 5bp) between these two alignments: deletion of length 1; 0 mismatches (number of Ns: 0) [fragmentation of reference genome]
			Excluding internal overlap of size 55 between Alignment 145 and 146: 1 563 | 1658399 1657837 | 563 563 --> 56 563 | 1658344 1657837 | 508 508
			Real Alignment 145: 56 563 | 1658344 1657837 | 508 508 | 100.0 | lf_ill_lf_contig89 contig_2
			  Indel (> 5bp) between these two alignments: deletion of length 55; 0 mismatches (number of Ns: 0) [fragmentation of reference genome]
			Real Alignment 146: 1 3296 | 1661640 1658345 | 3296 3296 | 100.0 | lf_ill_lf_contig64 contig_2
			  Not a misassembly [fragmentation of reference genome] between these two alignments
			Real Alignment 147: 1 2580 | 1662434 1665013 | 2580 2580 | 100.0 | lf_ill_lf_contig68 contig_2
			  Extensive misassembly (translocation) between these two alignments
			Real Alignment 148: 6 541 | 1665563 1665028 | 536 536 | 94.5 | lf_ill_lf_contig11 contig_2
			  Gap between these two alignments (local misassembly). Inconsistency = 19 [fragmentation of reference genome]
			Real Alignment 149: 15 555 | 1665827 1666370 | 541 544 | 95.08 | lf_ill_lf_contig6 contig_2
			  Extensive misassembly (translocation) between these two alignments
			Real Alignment 150: 1 6829 | 1666975 1673795 | 6829 6821 | 99.75 | lf_ill_lf_contig54 contig_2
			  Not a misassembly [fragmentation of reference genome] between these two alignments
			Excluding internal overlap of size 85 between Alignment 151 and 152: 33677 34623 | 1675207 1674254 | 947 954 --> 33761 34623 | 1675122 1674254 | 863 869
			Real Alignment 151: 33761 34623 | 1675122 1674254 | 863 869 | 93.7 | lf_ill_lf_contig19 contig_2
			  Extensive misassembly (translocation) between these two alignments
			Excluding internal overlap of size 44 between Alignment 152 and 153: 99959 100536 | 1698439 1699026 | 578 588 --> 100003 100536 | 1698483 1699026 | 534 544
			Real Alignment 152: 1 23375 | 1675123 1698482 | 23375 23360 | 99.84 | lf_ill_lf_contig29 contig_2
			  Extensive misassembly (translocation) between these two alignments
			Real Alignment 153: 100003 100536 | 1698483 1699026 | 534 544 | 93.77 | lf_ill_lf_contig2 contig_2
			  Not a misassembly [fragmentation of reference genome] between these two alignments
			Excluding internal overlap of size 53 between Alignment 154 and 155: 1 1234 | 1699028 1700236 | 1234 1209 --> 1 1179 | 1699028 1700183 | 1179 1156
			Real Alignment 154: 1 1179 | 1699028 1700183 | 1179 1156 | 91.49 | lf_ill_lf_contig35 contig_2
			  Extensive misassembly (translocation) between these two alignments
			Excluding internal overlap of size 74 between Alignment 155 and 156: 73156 73582 | 1708069 1708496 | 427 428 --> 73231 73582 | 1708143 1708496 | 352 354
			Real Alignment 155: 2 7962 | 1700184 1708142 | 7961 7959 | 99.86 | lf_ill_lf_contig52 contig_2
			  Extensive misassembly (translocation) between these two alignments
			Real Alignment 156: 73231 73582 | 1708143 1708496 | 352 354 | 96.74 | lf_ill_lf_contig6 contig_2
			  Not a misassembly [fragmentation of reference genome] between these two alignments
			Real Alignment 157: 1 1332 | 1708498 1709824 | 1332 1327 | 94.75 | lf_ill_lf_contig57 contig_2
			  Gap between these two alignments (local misassembly). Inconsistency = 196
			Excluding internal overlap of size 27 between Alignment 158 and 159: 1 752 | 1712894 1712129 | 752 766 --> 1 724 | 1712894 1712156 | 724 739
			Real Alignment 158: 1544 3889 | 1709840 1712155 | 2346 2316 | 95.4 | lf_ill_lf_contig57 contig_2
			  Indel (> 5bp) between these two alignments: deletion of length 56; 0 mismatches (number of Ns: 0) [fragmentation of reference genome]
			Real Alignment 159: 1 724 | 1712894 1712156 | 724 739 | 94.7 | lf_ill_lf_contig82 contig_2
			  Not a misassembly [fragmentation of reference genome] between these two alignments
			Excluding internal overlap of size 55 between Alignment 160 and 161: 1 791 | 1713928 1714718 | 791 791 --> 56 791 | 1713983 1714718 | 736 736
			Real Alignment 160: 1 983 | 1713982 1713000 | 983 983 | 100.0 | lf_ill_lf_contig78 contig_2
			  Indel (> 5bp) between these two alignments: deletion of length 55; 0 mismatches (number of Ns: 0) [fragmentation of reference genome]
			Real Alignment 161: 56 791 | 1713983 1714718 | 736 736 | 99.75 | lf_ill_lf_contig30 contig_2
			  Extensive misassembly (translocation) between these two alignments
			Real Alignment 162: 12 611 | 1715329 1714723 | 600 607 | 93.66 | lf_ill_lf_contig21 contig_2
			  Gap between these two alignments (local misassembly). Inconsistency = 17 [fragmentation of reference genome]
			Excluding internal overlap of size 52 between Alignment 163 and 164: 32298 32692 | 1716340 1715949 | 395 392 --> 32351 32692 | 1716288 1715949 | 342 340
			Real Alignment 163: 32351 32692 | 1716288 1715949 | 342 340 | 96.71 | lf_ill_lf_contig20 contig_2
			  Extensive misassembly (translocation) between these two alignments
			Excluding internal overlap of size 54 between Alignment 164 and 165: 37144 37665 | 1719733 1720250 | 522 518 --> 37199 37665 | 1719787 1720250 | 467 464
			Real Alignment 164: 1 3506 | 1719786 1716289 | 3506 3498 | 99.71 | lf_ill_lf_contig61 contig_2
			  Extensive misassembly (translocation) between these two alignments
			Real Alignment 165: 37199 37665 | 1719787 1720250 | 467 464 | 96.39 | lf_ill_lf_contig17 contig_2
			  Gap between these two alignments (local misassembly). Inconsistency = 1 [fragmentation of reference genome]
			Real Alignment 166: 114828 115148 | 1720814 1720494 | 321 321 | 91.49 | lf_ill_lf_contig1 contig_2
			  Extensive misassembly (translocation) between these two alignments
			Excluding internal overlap of size 53 between Alignment 167 and 168: 6397 6829 | 1721781 1721351 | 433 431 --> 6452 6829 | 1721728 1721351 | 378 378
			Real Alignment 167: 6452 6829 | 1721728 1721351 | 378 378 | 99.54 | lf_ill_lf_contig54 contig_2
			  Extensive misassembly (translocation) between these two alignments
			Excluding internal overlap of size 51 between Alignment 168 and 169: 11 899 | 1726619 1725728 | 889 892 --> 11 847 | 1726619 1725779 | 837 841
			Real Alignment 168: 4 4056 | 1725778 1721729 | 4053 4050 | 99.85 | lf_ill_lf_contig56 contig_2
			  Extensive misassembly (translocation) between these two alignments
			Real Alignment 169: 11 847 | 1726619 1725779 | 837 841 | 93.75 | lf_ill_lf_contig2 contig_2
			  Indel (> 5bp) between these two alignments: deletion of length 24; 0 mismatches (number of Ns: 0) [fragmentation of reference genome]
			Real Alignment 170: 80235 80786 | 1727192 1726644 | 552 549 | 97.11 | lf_ill_lf_contig4 contig_2
			  Extensive misassembly (translocation) between these two alignments
			Real Alignment 171: 1 912 | 1728107 1727204 | 912 904 | 93.51 | lf_ill_lf_contig3 contig_2
			  Not a misassembly [fragmentation of reference genome] between these two alignments
			Excluding internal overlap of size 55 between Alignment 172 and 173: 1 730 | 1728466 1729190 | 730 725 --> 1 675 | 1728466 1729135 | 675 670
			Real Alignment 172: 1 675 | 1728466 1729135 | 675 670 | 93.79 | lf_ill_lf_contig5 contig_2
			  Extensive misassembly (translocation) between these two alignments
			Excluding internal overlap of size 74 between Alignment 173 and 174: 73154 73582 | 1743538 1743967 | 429 430 --> 73229 73582 | 1743612 1743967 | 354 356
			Real Alignment 173: 1 14481 | 1743611 1729136 | 14481 14476 | 99.9 | lf_ill_lf_contig40 contig_2
			  Extensive misassembly (translocation) between these two alignments
			Real Alignment 174: 73229 73582 | 1743612 1743967 | 354 356 | 94.71 | lf_ill_lf_contig6 contig_2
			  Not a misassembly [fragmentation of reference genome] between these two alignments
			Real Alignment 175: 1 1331 | 1743969 1745294 | 1331 1326 | 97.25 | lf_ill_lf_contig57 contig_2
			  Gap between these two alignments (local misassembly). Inconsistency = 194
			Excluding internal overlap of size 56 between Alignment 176 and 177: 1 758 | 1748364 1747610 | 758 755 --> 1 703 | 1748364 1747666 | 703 699
			Real Alignment 176: 1544 3911 | 1745313 1747665 | 2368 2353 | 94.19 | lf_ill_lf_contig57 contig_2
			  Indel (> 5bp) between these two alignments: deletion of length 55; 0 mismatches (number of Ns: 0) [fragmentation of reference genome]
			Real Alignment 177: 1 703 | 1748364 1747666 | 703 699 | 97.51 | lf_ill_lf_contig82 contig_2
			  Not a misassembly [fragmentation of reference genome] between these two alignments
			Real Alignment 178: 1 12353 | 1748470 1760804 | 12353 12335 | 99.74 | lf_ill_lf_contig42 contig_2
			  Not a misassembly [fragmentation of reference genome] between these two alignments
			Excluding internal overlap of size 50 between Alignment 179 and 180: 1 728 | 1761509 1762238 | 728 730 --> 1 676 | 1761509 1762188 | 676 680
			Real Alignment 179: 1 676 | 1761509 1762188 | 676 680 | 96.2 | lf_ill_lf_contig5 contig_2
			  Extensive misassembly (translocation) between these two alignments
			Excluding internal overlap of size 56 between Alignment 180 and 181: 1 730 | 1781829 1781097 | 730 733 --> 1 675 | 1781829 1781153 | 675 677
			Real Alignment 180: 1 18979 | 1781152 1762189 | 18979 18964 | 99.82 | lf_ill_lf_contig33 contig_2
			  Extensive misassembly (translocation) between these two alignments
			Real Alignment 181: 1 675 | 1781829 1781153 | 675 677 | 97.56 | lf_ill_lf_contig5 contig_2
			  Not a misassembly [fragmentation of reference genome] between these two alignments
			Excluding internal overlap of size 55 between Alignment 182 and 183: 73153 73582 | 1820341 1820765 | 430 425 --> 73208 73582 | 1820396 1820765 | 375 370
			Real Alignment 182: 1 37898 | 1820395 1782534 | 37898 37862 | 99.83 | lf_ill_lf_contig16 contig_2
			  Extensive misassembly (translocation) between these two alignments
			Real Alignment 183: 73208 73582 | 1820396 1820765 | 375 370 | 95.15 | lf_ill_lf_contig6 contig_2
			  Not a misassembly [fragmentation of reference genome] between these two alignments
			Real Alignment 184: 1 1332 | 1820767 1822096 | 1332 1330 | 96.88 | lf_ill_lf_contig57 contig_2
			  Gap between these two alignments (local misassembly). Inconsistency = 2
			Excluding internal overlap of size 51 between Alignment 185 and 186: 1 755 | 1825366 1824616 | 755 751 --> 1 703 | 1825366 1824667 | 703 700
			Real Alignment 185: 1544 3911 | 1822306 1824666 | 2368 2361 | 96.11 | lf_ill_lf_contig57 contig_2
			  Indel (> 5bp) between these two alignments: deletion of length 55; 0 mismatches (number of Ns: 0) [fragmentation of reference genome]
			Real Alignment 186: 1 703 | 1825366 1824667 | 703 700 | 96.98 | lf_ill_lf_contig82 contig_2
			  Not a misassembly [fragmentation of reference genome] between these two alignments
			Excluding internal overlap of size 107 between Alignment 187 and 188: 6399 6829 | 1826323 1826757 | 431 435 --> 6507 6829 | 1826430 1826757 | 323 328
			Real Alignment 187: 1 958 | 1826429 1825473 | 958 957 | 99.48 | lf_ill_lf_contig80 contig_2
			  Extensive misassembly (translocation) between these two alignments
			Real Alignment 188: 6507 6829 | 1826430 1826757 | 323 328 | 93.86 | lf_ill_lf_contig54 contig_2
			  Not a misassembly [fragmentation of reference genome] between these two alignments
			Excluding internal overlap of size 55 between Alignment 189 and 190: 37144 37666 | 1861743 1862264 | 523 522 --> 37199 37666 | 1861798 1862264 | 468 467
			Real Alignment 189: 1 34623 | 1861797 1827228 | 34623 34570 | 99.67 | lf_ill_lf_contig19 contig_2
			  Extensive misassembly (translocation) between these two alignments
			Real Alignment 190: 37199 37666 | 1861798 1862264 | 468 467 | 95.85 | lf_ill_lf_contig17 contig_2
			  Gap between these two alignments (local misassembly). Inconsistency = 10 [fragmentation of reference genome]
			Excluding internal overlap of size 47 between Alignment 191 and 192: 1 14120 | 1904279 1890198 | 14120 14082 --> 1 14070 | 1904279 1890245 | 14070 14035
			Real Alignment 191: 11 27490 | 1862787 1890244 | 27480 27458 | 99.86 | lf_ill_lf_contig27 contig_2
			  Indel (> 5bp) between these two alignments: deletion of length 56; 0 mismatches (number of Ns: 0) [fragmentation of reference genome]
			Excluding internal overlap of size 7 between Alignment 192 and 193: 1 14070 | 1904279 1890245 | 14070 14035 --> 8 14070 | 1904272 1890245 | 14063 14028
			Real Alignment 192: 8 14070 | 1904272 1890245 | 14063 14028 | 95.55 | lf_ill_lf_contig41 contig_2
			  Extensive misassembly (relocation, inconsistency = -14114) between these two alignments
			Real Alignment 193: 13 14121 | 1918325 1904273 | 14109 14053 | 95.85 | lf_ill_lf_contig41 contig_2
			  Extensive misassembly (relocation, inconsistency = -14108) between these two alignments
			Excluding internal overlap of size 7 between Alignment 194 and 195: 1 14114 | 1932414 1918332 | 14114 14083 --> 8 14114 | 1932407 1918332 | 14107 14076
			Real Alignment 194: 8 14114 | 1932407 1918332 | 14107 14076 | 96.19 | lf_ill_lf_contig41 contig_2
			  Extensive misassembly (relocation, inconsistency = -14114) between these two alignments
			Excluding internal overlap of size 7 between Alignment 195 and 196: 13255 14121 | 1947409 1946534 | 867 876 --> 13255 14114 | 1947409 1946541 | 860 869
			Real Alignment 195: 1 14121 | 1946540 1932408 | 14121 14133 | 92.37 | lf_ill_lf_contig41 contig_2
			  Extensive misassembly (relocation, inconsistency = -14114) between these two alignments
			Real Alignment 196: 13255 14114 | 1947409 1946541 | 860 869 | 93.05 | lf_ill_lf_contig41 contig_2
		Unaligned bases: 22401

CONTIG: contig_11 (2718434bp)
Best alignment score: 477.1 (LEN: 507, IDY: 94.11), Total number of alignments: 37
			Looking for the best set of alignments (out of 37 total alignments)
			Skipping redundant alignments after choosing the best set of alignments
		Skipping redundant alignment 549 665 | 2609523 2609407 | 117 117 | 90.6 | lf_ill_lf_contig82 contig_11
		Skipping redundant alignment 628 726 | 4425 4327 | 99 99 | 93.94 | lf_ill_lf_contig82 contig_11
		Skipping redundant alignment 331 427 | 4715 4619 | 97 97 | 97.94 | lf_ill_lf_contig82 contig_11
		Skipping redundant alignment 324 418 | 141624 141718 | 95 95 | 94.74 | lf_ill_lf_contig69 contig_11
		Skipping redundant alignment 502 577 | 141821 141896 | 76 76 | 94.74 | lf_ill_lf_contig69 contig_11
		Skipping redundant alignment 223 432 | 1496101 1496304 | 210 204 | 95.71 | lf_ill_lf_contig82 contig_11
		Skipping redundant alignment 629 697 | 1501708 1501776 | 69 69 | 95.65 | lf_ill_lf_contig82 contig_11
		Skipping redundant alignment 3566 3636 | 1502126 1502056 | 71 71 | 92.96 | lf_ill_lf_contig57 contig_11
		Skipping redundant alignment 3317 3422 | 1502389 1502284 | 106 106 | 95.28 | lf_ill_lf_contig57 contig_11
		Skipping redundant alignment 3714 3788 | 1546503 1546429 | 75 75 | 93.33 | lf_ill_lf_contig57 contig_11
		Skipping redundant alignment 3580 3645 | 1546634 1546569 | 66 66 | 98.48 | lf_ill_lf_contig57 contig_11
		Skipping redundant alignment 3503 3572 | 1546714 1546645 | 70 70 | 90.0 | lf_ill_lf_contig57 contig_11
		Skipping redundant alignment 1090 1160 | 1549179 1549109 | 71 71 | 90.14 | lf_ill_lf_contig57 contig_11
		Skipping redundant alignment 622 774 | 1549646 1549494 | 153 153 | 91.5 | lf_ill_lf_contig57 contig_11
		Skipping redundant alignment 215 336 | 1550054 1549933 | 122 122 | 91.8 | lf_ill_lf_contig57 contig_11
		Skipping redundant alignment 377 453 | 2609695 2609619 | 77 77 | 98.7 | lf_ill_lf_contig82 contig_11
			The best set is below. Score: 1805.8, number of alignments: 21, unaligned bases: 2715357
		This contig is misassembled.
		This contig is partially unaligned. (Aligned 3077 out of 2718434 non-N bases (0.11%))
			Warning! This contig is more unaligned than misassembled. Contig length is 2718434 (number of Ns: 0) and total length of all aligns is 3077
		Alignment: 57 142 | 443 528 | 86 86 | 93.02 | lf_ill_lf_contig57 contig_11
		Alignment: 232 313 | 621 702 | 82 82 | 96.34 | lf_ill_lf_contig57 contig_11
		Alignment: 2688 2892 | 3118 3323 | 205 206 | 91.79 | lf_ill_lf_contig57 contig_11
		Alignment: 83 153 | 136422 136492 | 71 71 | 92.96 | lf_ill_lf_contig57 contig_11
		Alignment: 574 759 | 136908 137093 | 186 186 | 91.94 | lf_ill_lf_contig57 contig_11
		Alignment: 2704 2883 | 139118 139297 | 180 180 | 92.78 | lf_ill_lf_contig57 contig_11
		Alignment: 3342 3430 | 139756 139844 | 89 89 | 93.26 | lf_ill_lf_contig57 contig_11
		Alignment: 3592 3756 | 140014 140178 | 165 165 | 95.15 | lf_ill_lf_contig57 contig_11
		Alignment: 223 726 | 140816 140310 | 504 507 | 94.11 | lf_ill_lf_contig82 contig_11
		Alignment: 3582 3690 | 1496851 1496743 | 109 109 | 98.17 | lf_ill_lf_contig57 contig_11
		Alignment: 761 852 | 1499666 1499575 | 92 92 | 94.57 | lf_ill_lf_contig57 contig_11
		Alignment: 635 723 | 1499791 1499703 | 89 89 | 94.38 | lf_ill_lf_contig57 contig_11
		Alignment: 223 723 | 1545832 1546322 | 501 491 | 90.48 | lf_ill_lf_contig82 contig_11
		Alignment: 74 164 | 2605504 2605594 | 91 91 | 90.11 | lf_ill_lf_contig57 contig_11
		Alignment: 199 290 | 2605630 2605721 | 92 92 | 90.22 | lf_ill_lf_contig57 contig_11
		Alignment: 526 609 | 2605948 2606031 | 84 84 | 90.48 | lf_ill_lf_contig57 contig_11
		Alignment: 610 723 | 2606033 2606146 | 114 114 | 96.49 | lf_ill_lf_contig57 contig_11
		Alignment: 764 836 | 2606185 2606257 | 73 73 | 93.15 | lf_ill_lf_contig57 contig_11
		Alignment: 891 974 | 2606310 2606393 | 84 84 | 92.86 | lf_ill_lf_contig57 contig_11
		Alignment: 2727 2833 | 2608180 2608286 | 107 107 | 95.33 | lf_ill_lf_contig57 contig_11
		Alignment: 3608 3686 | 2609074 2609152 | 79 79 | 97.47 | lf_ill_lf_contig57 contig_11
		Unaligned bases: 2715357

CONTIG: contig_17 (2843856bp)
Best alignment score: 611.9 (LEN: 678, IDY: 90.25), Total number of alignments: 53
			Looking for the best set of alignments (out of 53 total alignments)
			Skipping redundant alignments after choosing the best set of alignments
		Skipping redundant alignment 367 431 | 1338169 1338233 | 65 65 | 96.92 | lf_ill_lf_contig82 contig_17
		Skipping redundant alignment 636 746 | 1338440 1338550 | 111 111 | 94.59 | lf_ill_lf_contig82 contig_17
			The best set is below. Score: 4699.3, number of alignments: 51, unaligned bases: 2837021
		This contig is misassembled.
		This contig is partially unaligned. (Aligned 6835 out of 2843856 non-N bases (0.24%))
			Warning! This contig is more unaligned than misassembled. Contig length is 2843856 (number of Ns: 0) and total length of all aligns is 6835
		Alignment: 3577 3711 | 1338841 1338707 | 135 135 | 97.78 | lf_ill_lf_contig57 contig_17
		Alignment: 3309 3385 | 1339101 1339025 | 77 77 | 90.91 | lf_ill_lf_contig57 contig_17
		Alignment: 3047 3116 | 1339373 1339304 | 70 70 | 90.0 | lf_ill_lf_contig57 contig_17
		Alignment: 2934 3045 | 1339485 1339374 | 112 112 | 93.75 | lf_ill_lf_contig57 contig_17
		Alignment: 2800 2882 | 1339615 1339533 | 83 83 | 95.18 | lf_ill_lf_contig57 contig_17
		Alignment: 2670 2759 | 1339744 1339655 | 90 90 | 90.0 | lf_ill_lf_contig57 contig_17
		Alignment: 2126 2220 | 1340284 1340190 | 95 95 | 97.89 | lf_ill_lf_contig57 contig_17
		Alignment: 1186 1250 | 1341144 1341080 | 65 65 | 95.38 | lf_ill_lf_contig57 contig_17
		Alignment: 1103 1185 | 1341228 1341146 | 83 83 | 91.57 | lf_ill_lf_contig57 contig_17
		Alignment: 1014 1089 | 1341315 1341240 | 76 76 | 90.79 | lf_ill_lf_contig57 contig_17
		Alignment: 927 995 | 1341400 1341332 | 69 69 | 94.2 | lf_ill_lf_contig57 contig_17
		Alignment: 546 721 | 1341786 1341611 | 176 176 | 96.59 | lf_ill_lf_contig57 contig_17
		Alignment: 223 290 | 1342098 1342031 | 68 68 | 94.12 | lf_ill_lf_contig57 contig_17
		Alignment: 1314 1381 | 1954439 1954372 | 68 68 | 95.59 | lf_ill_lf_contig69 contig_17
		Alignment: 1239 1313 | 1954521 1954447 | 75 75 | 94.67 | lf_ill_lf_contig69 contig_17
		Alignment: 1159 1232 | 1954607 1954534 | 74 74 | 97.3 | lf_ill_lf_contig69 contig_17
		Alignment: 1083 1157 | 1954693 1954619 | 75 75 | 94.67 | lf_ill_lf_contig69 contig_17
		Alignment: 1160 1302 | 1955269 1955125 | 143 145 | 93.79 | lf_ill_lf_contig69 contig_17
		Alignment: 698 774 | 1955688 1955612 | 77 77 | 94.81 | lf_ill_lf_contig69 contig_17
		Alignment: 607 685 | 1955783 1955705 | 79 79 | 97.47 | lf_ill_lf_contig69 contig_17
		Alignment: 129 723 | 1956904 1957490 | 595 587 | 90.38 | lf_ill_lf_contig82 contig_17
		Alignment: 3652 3729 | 1957733 1957656 | 78 78 | 93.59 | lf_ill_lf_contig57 contig_17
		Alignment: 3441 3590 | 1957942 1957793 | 150 150 | 94.0 | lf_ill_lf_contig57 contig_17
		Alignment: 2947 3016 | 1958429 1958360 | 70 70 | 92.86 | lf_ill_lf_contig57 contig_17
		Alignment: 2434 2523 | 1958939 1958850 | 90 90 | 90.0 | lf_ill_lf_contig57 contig_17
		Alignment: 1166 1235 | 1960128 1960059 | 70 70 | 92.86 | lf_ill_lf_contig57 contig_17
		Alignment: 862 987 | 1960435 1960310 | 126 126 | 93.65 | lf_ill_lf_contig57 contig_17
		Alignment: 532 608 | 1960760 1960684 | 77 77 | 93.51 | lf_ill_lf_contig57 contig_17
		Alignment: 268 342 | 1961019 1960945 | 75 75 | 90.67 | lf_ill_lf_contig57 contig_17
		Alignment: 129 757 | 2399879 2400511 | 629 633 | 92.61 | lf_ill_lf_contig82 contig_17
		Alignment: 3711 3808 | 2400659 2400562 | 98 98 | 91.84 | lf_ill_lf_contig57 contig_17
		Alignment: 3489 3702 | 2400879 2400666 | 214 214 | 96.73 | lf_ill_lf_contig57 contig_17
		Alignment: 3285 3415 | 2401077 2400947 | 131 131 | 92.37 | lf_ill_lf_contig57 contig_17
		Alignment: 2483 2634 | 2401884 2401733 | 152 152 | 90.79 | lf_ill_lf_contig57 contig_17
		Alignment: 2078 2267 | 2402287 2402098 | 190 190 | 90.0 | lf_ill_lf_contig57 contig_17
		Alignment: 1001 1099 | 2403189 2403091 | 99 99 | 90.91 | lf_ill_lf_contig57 contig_17
		Alignment: 744 856 | 2403443 2403331 | 113 113 | 91.15 | lf_ill_lf_contig57 contig_17
		Alignment: 623 735 | 2403564 2403452 | 113 113 | 99.12 | lf_ill_lf_contig57 contig_17
		Alignment: 386 573 | 2403801 2403614 | 188 188 | 92.55 | lf_ill_lf_contig57 contig_17
		Alignment: 282 362 | 2403905 2403825 | 81 81 | 90.12 | lf_ill_lf_contig57 contig_17
		Alignment: 266 346 | 2674956 2675036 | 81 81 | 91.36 | lf_ill_lf_contig57 contig_17
		Alignment: 488 605 | 2675183 2675300 | 118 118 | 90.68 | lf_ill_lf_contig57 contig_17
		Alignment: 607 736 | 2675301 2675430 | 130 130 | 98.46 | lf_ill_lf_contig57 contig_17
		Alignment: 869 942 | 2675562 2675635 | 74 74 | 94.59 | lf_ill_lf_contig57 contig_17
		Alignment: 1166 1250 | 2675853 2675937 | 85 85 | 94.12 | lf_ill_lf_contig57 contig_17
		Alignment: 2151 2243 | 2676659 2676751 | 93 93 | 92.47 | lf_ill_lf_contig57 contig_17
		Alignment: 2731 2808 | 2677230 2677307 | 78 78 | 93.59 | lf_ill_lf_contig57 contig_17
		Alignment: 2900 3041 | 2677397 2677538 | 142 142 | 92.25 | lf_ill_lf_contig57 contig_17
		Alignment: 3441 3511 | 2677929 2677999 | 71 71 | 94.37 | lf_ill_lf_contig57 contig_17
		Alignment: 3747 3904 | 2678242 2678399 | 158 158 | 91.77 | lf_ill_lf_contig57 contig_17
		Alignment: 23 698 | 2679091 2678414 | 676 678 | 90.25 | lf_ill_lf_contig82 contig_17
		Unaligned bases: 2837021

CONTIG: contig_18 (2990279bp)
Best alignment score: 524.8 (LEN: 567, IDY: 92.56), Total number of alignments: 48
			Looking for the best set of alignments (out of 48 total alignments)
			The best set is below. Score: 3572.1, number of alignments: 48, unaligned bases: 2982882
		This contig is misassembled.
		This contig is partially unaligned. (Aligned 7397 out of 2990279 non-N bases (0.25%))
			Warning! This contig is more unaligned than misassembled. Contig length is 2990279 (number of Ns: 0) and total length of all aligns is 7397
		Alignment: 230 362 | 159817 159949 | 133 133 | 92.48 | lf_ill_lf_contig57 contig_18
		Alignment: 499 570 | 160082 160153 | 72 72 | 91.67 | lf_ill_lf_contig57 contig_18
		Alignment: 651 728 | 160227 160304 | 78 78 | 97.44 | lf_ill_lf_contig57 contig_18
		Alignment: 761 835 | 160332 160406 | 75 75 | 93.33 | lf_ill_lf_contig57 contig_18
		Alignment: 904 979 | 160475 160550 | 76 76 | 96.05 | lf_ill_lf_contig57 contig_18
		Alignment: 1168 1247 | 160738 160817 | 80 80 | 91.25 | lf_ill_lf_contig57 contig_18
		Alignment: 1863 1932 | 161277 161346 | 70 70 | 92.86 | lf_ill_lf_contig57 contig_18
		Alignment: 2141 2322 | 161555 161736 | 182 182 | 90.66 | lf_ill_lf_contig57 contig_18
		Alignment: 3727 3824 | 163133 163230 | 98 98 | 90.82 | lf_ill_lf_contig57 contig_18
		Alignment: 162 701 | 163851 163318 | 540 534 | 91.61 | lf_ill_lf_contig82 contig_18
		Alignment: 1 81 | 165546 165626 | 81 81 | 90.12 | lf_ill_lf_contig57 contig_18
		Alignment: 242 307 | 165786 165851 | 66 66 | 96.97 | lf_ill_lf_contig57 contig_18
		Alignment: 623 735 | 166169 166281 | 113 113 | 98.23 | lf_ill_lf_contig57 contig_18
		Alignment: 1709 1794 | 167107 167192 | 86 86 | 91.86 | lf_ill_lf_contig57 contig_18
		Alignment: 2566 2641 | 167966 168041 | 76 76 | 90.79 | lf_ill_lf_contig57 contig_18
		Alignment: 2721 2817 | 168120 168216 | 97 97 | 92.78 | lf_ill_lf_contig57 contig_18
		Alignment: 2819 2884 | 168217 168282 | 66 66 | 92.42 | lf_ill_lf_contig57 contig_18
		Alignment: 2956 3031 | 168354 168429 | 76 76 | 92.11 | lf_ill_lf_contig57 contig_18
		Alignment: 129 701 | 169883 169317 | 573 567 | 92.56 | lf_ill_lf_contig82 contig_18
		Alignment: 497 577 | 1660938 1660858 | 81 81 | 93.83 | lf_ill_lf_contig69 contig_18
		Alignment: 328 410 | 1661112 1661030 | 83 83 | 90.36 | lf_ill_lf_contig69 contig_18
		Alignment: 248 313 | 1661191 1661126 | 66 66 | 93.94 | lf_ill_lf_contig69 contig_18
		Alignment: 58 130 | 1661374 1661302 | 73 73 | 93.15 | lf_ill_lf_contig69 contig_18
		Alignment: 162 701 | 1661904 1662441 | 540 538 | 91.61 | lf_ill_lf_contig82 contig_18
		Alignment: 3689 3824 | 1662665 1662530 | 136 136 | 90.44 | lf_ill_lf_contig57 contig_18
		Alignment: 3443 3511 | 1662908 1662840 | 69 69 | 91.3 | lf_ill_lf_contig57 contig_18
		Alignment: 2087 2167 | 1664263 1664183 | 81 81 | 93.83 | lf_ill_lf_contig57 contig_18
		Alignment: 489 585 | 1665709 1665613 | 97 97 | 90.72 | lf_ill_lf_contig57 contig_18
		Alignment: 199 701 | 1766563 1767064 | 503 502 | 93.7 | lf_ill_lf_contig82 contig_18
		Alignment: 3346 3430 | 1767648 1767564 | 85 85 | 95.29 | lf_ill_lf_contig57 contig_18
		Alignment: 2079 2150 | 1768898 1768827 | 72 72 | 90.28 | lf_ill_lf_contig57 contig_18
		Alignment: 1208 1287 | 1769620 1769541 | 80 80 | 91.25 | lf_ill_lf_contig57 contig_18
		Alignment: 1115 1203 | 1769714 1769626 | 89 89 | 94.38 | lf_ill_lf_contig57 contig_18
		Alignment: 1028 1101 | 1769799 1769726 | 74 74 | 90.54 | lf_ill_lf_contig57 contig_18
		Alignment: 663 727 | 1770164 1770100 | 65 65 | 93.85 | lf_ill_lf_contig57 contig_18
		Alignment: 129 701 | 2364062 2364638 | 573 577 | 90.92 | lf_ill_lf_contig82 contig_18
		Alignment: 3315 3823 | 2365246 2364728 | 509 519 | 90.86 | lf_ill_lf_contig57 contig_18
		Alignment: 779 886 | 2367864 2367757 | 108 108 | 95.37 | lf_ill_lf_contig57 contig_18
		Alignment: 536 637 | 2368112 2368011 | 102 102 | 92.16 | lf_ill_lf_contig57 contig_18
		Alignment: 230 295 | 2368413 2368348 | 66 66 | 96.97 | lf_ill_lf_contig57 contig_18
		Alignment: 39 140 | 2912240 2912341 | 102 102 | 91.18 | lf_ill_lf_contig57 contig_18
		Alignment: 638 735 | 2912836 2912933 | 98 98 | 98.98 | lf_ill_lf_contig57 contig_18
		Alignment: 787 851 | 2912986 2913050 | 65 65 | 98.46 | lf_ill_lf_contig57 contig_18
		Alignment: 1154 1287 | 2913349 2913482 | 134 134 | 91.04 | lf_ill_lf_contig57 contig_18
		Alignment: 2149 2232 | 2914450 2914533 | 84 84 | 96.43 | lf_ill_lf_contig57 contig_18
		Alignment: 2800 2884 | 2915091 2915175 | 85 85 | 91.76 | lf_ill_lf_contig57 contig_18
		Alignment: 3352 3424 | 2915638 2915710 | 73 73 | 98.63 | lf_ill_lf_contig57 contig_18
		Alignment: 129 700 | 2916775 2916209 | 572 567 | 92.01 | lf_ill_lf_contig82 contig_18
		Unaligned bases: 2982882

CONTIG: contig_3 (4043032bp)
Best alignment score: 503.4 (LEN: 541, IDY: 93.05), Total number of alignments: 73
			Looking for the best set of alignments (out of 73 total alignments)
			Skipping redundant alignments after choosing the best set of alignments
		Skipping redundant alignment 543 700 | 463517 463360 | 158 158 | 93.67 | lf_ill_lf_contig82 contig_3
		Skipping redundant alignment 202 699 | 3345472 3345972 | 498 501 | 92.9 | lf_ill_lf_contig82 contig_3
		Skipping redundant alignment 197 277 | 469762 469682 | 81 81 | 92.59 | lf_ill_lf_contig82 contig_3
		This contig has several significant sets of alignments. [An ambiguously mapped contig]
		Using only the very best set (option --ambiguity-usage is set to "one").
			The best set is below. Score: 5309.4, number of alignments: 70, unaligned bases: 4032845
		This contig is misassembled.
		This contig is partially unaligned. (Aligned 10187 out of 4043032 non-N bases (0.25%))
			Warning! This contig is more unaligned than misassembled. Contig length is 4043032 (number of Ns: 0) and total length of all aligns is 10187
		Alignment: 779 901 | 379606 379728 | 123 123 | 93.5 | lf_ill_lf_contig57 contig_3
		Alignment: 1203 1282 | 380022 380101 | 80 80 | 91.25 | lf_ill_lf_contig57 contig_3
		Alignment: 2730 2849 | 381490 381609 | 120 120 | 93.33 | lf_ill_lf_contig57 contig_3
		Alignment: 3587 3693 | 382354 382460 | 107 107 | 98.13 | lf_ill_lf_contig57 contig_3
		Alignment: 193 701 | 383189 382682 | 509 508 | 91.31 | lf_ill_lf_contig82 contig_3
		Alignment: 218 311 | 399619 399712 | 94 94 | 93.62 | lf_ill_lf_contig57 contig_3
		Alignment: 779 886 | 400179 400286 | 108 108 | 95.37 | lf_ill_lf_contig57 contig_3
		Alignment: 890 989 | 400291 400390 | 100 100 | 93.0 | lf_ill_lf_contig57 contig_3
		Alignment: 1119 1222 | 400520 400623 | 104 104 | 95.19 | lf_ill_lf_contig57 contig_3
		Alignment: 2096 2185 | 401451 401540 | 90 90 | 94.44 | lf_ill_lf_contig57 contig_3
		Alignment: 2762 2832 | 402106 402176 | 71 71 | 92.96 | lf_ill_lf_contig57 contig_3
		Alignment: 193 692 | 403761 403259 | 500 503 | 94.11 | lf_ill_lf_contig82 contig_3
		Alignment: 40 104 | 459728 459792 | 65 65 | 90.77 | lf_ill_lf_contig57 contig_3
		Alignment: 211 283 | 459907 459979 | 73 73 | 93.15 | lf_ill_lf_contig57 contig_3
		Alignment: 1153 1238 | 460842 460927 | 86 86 | 94.19 | lf_ill_lf_contig57 contig_3
		Alignment: 1715 1800 | 461181 461266 | 86 86 | 95.35 | lf_ill_lf_contig57 contig_3
		Alignment: 2079 2192 | 461553 461666 | 114 114 | 95.61 | lf_ill_lf_contig57 contig_3
		Alignment: 3581 3654 | 463030 463103 | 74 74 | 100.0 | lf_ill_lf_contig57 contig_3
		Alignment: 54 151 | 465640 465737 | 98 98 | 91.84 | lf_ill_lf_contig57 contig_3
		Alignment: 215 348 | 465800 465933 | 134 134 | 91.04 | lf_ill_lf_contig57 contig_3
		Alignment: 623 698 | 466197 466272 | 76 76 | 94.74 | lf_ill_lf_contig57 contig_3
		Alignment: 871 982 | 466452 466563 | 112 112 | 91.07 | lf_ill_lf_contig57 contig_3
		Alignment: 1111 1185 | 466693 466767 | 75 75 | 92.0 | lf_ill_lf_contig57 contig_3
		Alignment: 3577 3652 | 468925 469000 | 76 76 | 100.0 | lf_ill_lf_contig57 contig_3
		Alignment: 3696 3788 | 469045 469137 | 93 93 | 90.32 | lf_ill_lf_contig57 contig_3
		Alignment: 474 543 | 530554 530623 | 70 70 | 90.0 | lf_ill_lf_contig57 contig_3
		Alignment: 574 703 | 530655 530784 | 130 130 | 93.85 | lf_ill_lf_contig57 contig_3
		Alignment: 779 856 | 530857 530934 | 78 78 | 97.44 | lf_ill_lf_contig57 contig_3
		Alignment: 1148 1286 | 531224 531362 | 139 139 | 92.81 | lf_ill_lf_contig57 contig_3
		Alignment: 2079 2218 | 531934 532073 | 140 140 | 95.71 | lf_ill_lf_contig57 contig_3
		Alignment: 3327 3415 | 533166 533254 | 89 89 | 96.63 | lf_ill_lf_contig57 contig_3
		Alignment: 3593 3693 | 533439 533539 | 101 101 | 99.01 | lf_ill_lf_contig57 contig_3
		Alignment: 3694 3823 | 533542 533671 | 130 130 | 90.77 | lf_ill_lf_contig57 contig_3
		Alignment: 162 701 | 534300 533760 | 540 541 | 93.05 | lf_ill_lf_contig82 contig_3
		Alignment: 637 760 | 536287 536410 | 124 124 | 91.94 | lf_ill_lf_contig57 contig_3
		Alignment: 1082 1281 | 536716 536915 | 200 200 | 95.0 | lf_ill_lf_contig57 contig_3
		Alignment: 1684 1800 | 537092 537208 | 117 117 | 94.02 | lf_ill_lf_contig57 contig_3
		Alignment: 2079 2185 | 537494 537600 | 107 107 | 94.39 | lf_ill_lf_contig57 contig_3
		Alignment: 2698 2865 | 538117 538284 | 168 168 | 91.07 | lf_ill_lf_contig57 contig_3
		Alignment: 3315 3386 | 538733 538804 | 72 72 | 93.06 | lf_ill_lf_contig57 contig_3
		Alignment: 196 694 | 539841 539339 | 499 503 | 94.66 | lf_ill_lf_contig82 contig_3
		Alignment: 40 177 | 540677 540814 | 138 138 | 92.03 | lf_ill_lf_contig57 contig_3
		Alignment: 216 307 | 540854 540945 | 92 92 | 93.48 | lf_ill_lf_contig57 contig_3
		Alignment: 642 737 | 541278 541373 | 96 96 | 95.83 | lf_ill_lf_contig57 contig_3
		Alignment: 787 916 | 541417 541546 | 130 130 | 93.85 | lf_ill_lf_contig57 contig_3
		Alignment: 1092 1209 | 541716 541833 | 118 118 | 96.61 | lf_ill_lf_contig57 contig_3
		Alignment: 2115 2203 | 542514 542602 | 89 89 | 93.26 | lf_ill_lf_contig57 contig_3
		Alignment: 2745 2882 | 543139 543276 | 138 138 | 91.3 | lf_ill_lf_contig57 contig_3
		Alignment: 3314 3430 | 543704 543820 | 117 117 | 95.73 | lf_ill_lf_contig57 contig_3
		Alignment: 3577 3739 | 543978 544140 | 163 163 | 96.32 | lf_ill_lf_contig57 contig_3
		Alignment: 193 701 | 544816 544310 | 509 507 | 95.51 | lf_ill_lf_contig82 contig_3
		Alignment: 40 157 | 993991 994108 | 118 118 | 90.68 | lf_ill_lf_contig57 contig_3
		Alignment: 831 954 | 994773 994896 | 124 124 | 92.74 | lf_ill_lf_contig57 contig_3
		Alignment: 1108 1233 | 995052 995177 | 126 126 | 96.03 | lf_ill_lf_contig57 contig_3
		Alignment: 1684 1760 | 995400 995476 | 77 77 | 93.51 | lf_ill_lf_contig57 contig_3
		Alignment: 3316 3415 | 997018 997117 | 100 100 | 94.0 | lf_ill_lf_contig57 contig_3
		Alignment: 3582 3662 | 997296 997376 | 81 81 | 96.3 | lf_ill_lf_contig57 contig_3
		Alignment: 196 697 | 998133 997632 | 502 502 | 90.27 | lf_ill_lf_contig82 contig_3
		Alignment: 238 322 | 1286764 1286848 | 85 85 | 91.76 | lf_ill_lf_contig57 contig_3
		Alignment: 508 585 | 1287044 1287121 | 78 78 | 93.59 | lf_ill_lf_contig57 contig_3
		Alignment: 779 909 | 1287316 1287446 | 131 131 | 93.13 | lf_ill_lf_contig57 contig_3
		Alignment: 1030 1123 | 1287565 1287658 | 94 94 | 90.43 | lf_ill_lf_contig57 contig_3
		Alignment: 2122 2199 | 1288425 1288502 | 78 78 | 94.87 | lf_ill_lf_contig57 contig_3
		Alignment: 3603 3689 | 1289899 1289985 | 87 87 | 95.4 | lf_ill_lf_contig57 contig_3
		Alignment: 193 701 | 1290711 1290202 | 509 510 | 92.82 | lf_ill_lf_contig82 contig_3
		Alignment: 3649 3760 | 3346240 3346129 | 112 112 | 93.75 | lf_ill_lf_contig57 contig_3
		Alignment: 3577 3647 | 3346311 3346241 | 71 71 | 98.59 | lf_ill_lf_contig57 contig_3
		Alignment: 2758 2882 | 3347123 3346999 | 125 125 | 90.4 | lf_ill_lf_contig57 contig_3
		Alignment: 656 735 | 3348988 3348909 | 80 80 | 98.75 | lf_ill_lf_contig57 contig_3
		Alignment: 40 180 | 3349608 3349468 | 141 141 | 90.78 | lf_ill_lf_contig57 contig_3
		Unaligned bases: 4032845

CONTIG: contig_33 (4763493bp)
Best alignment score: 114.0 (LEN: 120, IDY: 95.00), Total number of alignments: 5
			Looking for the best set of alignments (out of 5 total alignments)
			Skipping redundant alignments after choosing the best set of alignments
		Skipping redundant alignment 1070 1151 | 3105500 3105419 | 82 82 | 95.12 | lf_ill_lf_contig57 contig_33
		Skipping redundant alignment 662 735 | 3105907 3105834 | 74 74 | 95.95 | lf_ill_lf_contig57 contig_33
		Skipping redundant alignment 616 735 | 3740810 3740929 | 120 120 | 95.0 | lf_ill_lf_contig57 contig_33
			The best set is below. Score: 169.0, number of alignments: 2, unaligned bases: 4763309
		This contig is misassembled.
		This contig is partially unaligned. (Aligned 184 out of 4763493 non-N bases (0.00%))
			Warning! This contig is more unaligned than misassembled. Contig length is 4763493 (number of Ns: 0) and total length of all aligns is 184
		Alignment: 1060 1151 | 2933402 2933311 | 92 92 | 93.48 | lf_ill_lf_contig57 contig_33
		Alignment: 644 735 | 2933816 2933725 | 92 92 | 90.22 | lf_ill_lf_contig57 contig_33
		Unaligned bases: 4763309

CONTIG: contig_55 (4756088bp)
Best alignment score: 126.0 (LEN: 138, IDY: 91.30), Total number of alignments: 6
			Looking for the best set of alignments (out of 6 total alignments)
			Skipping redundant alignments after choosing the best set of alignments
		Skipping redundant alignment 664 735 | 2087851 2087922 | 72 72 | 94.44 | lf_ill_lf_contig57 contig_55
		Skipping redundant alignment 641 724 | 2242882 2242965 | 84 84 | 94.05 | lf_ill_lf_contig57 contig_55
		Skipping redundant alignment 1061 1151 | 2243295 2243385 | 91 91 | 94.51 | lf_ill_lf_contig57 contig_55
		Skipping redundant alignment 3583 3672 | 3037974 3038064 | 90 91 | 95.6 | lf_ill_lf_contig57 contig_55
			The best set is below. Score: 189.0, number of alignments: 2, unaligned bases: 4755880
		This contig is misassembled.
		This contig is partially unaligned. (Aligned 208 out of 4756088 non-N bases (0.00%))
			Warning! This contig is more unaligned than misassembled. Contig length is 4756088 (number of Ns: 0) and total length of all aligns is 208
		Alignment: 460 529 | 1996432 1996363 | 70 70 | 90.0 | lf_ill_lf_contig82 contig_55
		Alignment: 305 442 | 1996587 1996450 | 138 138 | 91.3 | lf_ill_lf_contig82 contig_55
		Unaligned bases: 4755880

Analyzing coverage...
Writing SNPs into /media3/lucia/zymo_mock_community/asms_cuantizados/v1_19-1-21_4bins/metaquast-bins/runs_per_reference/lf_ill/contigs_reports/minimap_output/raw_r10_bins_2.used_snps.gz

Analysis is finished!
Founded SNPs were written into /media3/lucia/zymo_mock_community/asms_cuantizados/v1_19-1-21_4bins/metaquast-bins/runs_per_reference/lf_ill/contigs_reports/minimap_output/raw_r10_bins_2.used_snps.gz

Results:
	Local Misassemblies: 28
	Misassemblies: 75
		Relocations: 5
		Translocations: 70
		Inversions: 0
	Scaffold gap extensive misassemblies: 0
	Scaffold gap local misassemblies: 0
	Misassemblies caused by fragmented reference: 43
	Misassembled Contigs: 1
	Misassembled Contig Bases: 1947409
	Misassemblies Inter-Contig Overlap: 0
Unaligned Contigs: 0 + 7 part
Half Unaligned Contigs with Misassemblies: 6
Unaligned Contig Bases: 22109695

Ambiguously Mapped Contigs: 1
Total Bases in Ambiguously Mapped Contigs: 4043032
Extra Bases in Ambiguously Mapped Contigs: 0
Note that --allow-ambiguity option was set to "one" and only first alignment per each of these contigs was used.

	Covered Bases: 1803077

	SNPs: 6529
	Insertions: 3371
	Deletions: 7771

