Aligning contigs to reference...
	Aligning contigs to the reference
Filtering alignments...
Parsing coords...
Loading reference...
	Loaded [lm_ill_lm_contig11]
	Loaded [lm_ill_lm_contig10]
	Loaded [lm_ill_lm_contig12]
	Loaded [lm_ill_lm_contig21]
	Loaded [lm_ill_lm_contig16]
	Loaded [lm_ill_lm_contig37]
	Loaded [lm_ill_lm_contig29]
	Loaded [lm_ill_lm_contig2]
	Loaded [lm_ill_lm_contig1]
	Loaded [lm_ill_lm_contig3]
	Loaded [lm_ill_lm_contig27]
	Loaded [lm_ill_lm_contig5]
	Loaded [lm_ill_lm_contig4]
	Loaded [lm_ill_lm_contig7]
	Loaded [lm_ill_lm_contig6]
	Loaded [lm_ill_lm_contig8]
	Total Regions: 16
	Total Region Length: 2958570
Analyzing contigs...
CONTIG: contig_11 (2992047bp)
Best alignment score: 538028.0 (LEN: 538028, IDY: 100.00), Total number of alignments: 56
			Looking for the best set of alignments (out of 56 total alignments)
			Skipping redundant alignments after choosing the best set of alignments
		Skipping redundant alignment 331 404 | 1389160 1389087 | 74 74 | 100.0 | lm_ill_lm_contig29 contig_11
		Skipping redundant alignment 542673 542799 | 1389938 1390064 | 127 127 | 100.0 | lm_ill_lm_contig2 contig_11
		Skipping redundant alignment 935 1665 | 261944 261214 | 731 731 | 91.24 | lm_ill_lm_contig11 contig_11
		Skipping redundant alignment 1 363 | 262791 262429 | 363 363 | 91.46 | lm_ill_lm_contig11 contig_11
		Skipping redundant alignment 2007 2579 | 265217 264645 | 573 573 | 91.62 | lm_ill_lm_contig11 contig_11
		Skipping redundant alignment 1932 2006 | 265293 265219 | 75 75 | 93.33 | lm_ill_lm_contig11 contig_11
		Skipping redundant alignment 1703 2447 | 1678933 1678189 | 745 745 | 92.44 | lm_ill_lm_contig10 contig_11
		Skipping redundant alignment 1218 1870 | 1678318 1678970 | 653 653 | 96.02 | lm_ill_lm_contig11 contig_11
		Skipping redundant alignment 461 532 | 376444 376373 | 72 72 | 100.0 | lm_ill_lm_contig29 contig_11
		Skipping redundant alignment 1141 1216 | 376369 376444 | 76 76 | 100.0 | lm_ill_lm_contig1 contig_11
		Skipping redundant alignment 782245 782323 | 376450 376372 | 79 79 | 100.0 | lm_ill_lm_contig1 contig_11
		Skipping redundant alignment 666 745 | 597088 597009 | 80 80 | 97.5 | lm_ill_lm_contig1 contig_11
		Skipping redundant alignment 232021 232164 | 597869 598012 | 144 144 | 100.0 | lm_ill_lm_contig5 contig_11
		Skipping redundant alignment 862 935 | 601451 601378 | 74 74 | 100.0 | lm_ill_lm_contig1 contig_11
		Skipping redundant alignment 1932 2508 | 1674539 1675115 | 577 577 | 94.97 | lm_ill_lm_contig11 contig_11
		Skipping redundant alignment 862 935 | 1148035 1148108 | 74 74 | 100.0 | lm_ill_lm_contig1 contig_11
		Skipping redundant alignment 331 404 | 2886989 2887062 | 74 74 | 100.0 | lm_ill_lm_contig29 contig_11
		This contig has several significant sets of alignments. [An ambiguously mapped contig]
		Using only the very best set (option --ambiguity-usage is set to "one").
			The best set is below. Score: 2985025.3, number of alignments: 39, unaligned bases: 5934
		This contig is misassembled.
		This contig is partially unaligned. (Aligned 2986113 out of 2992047 non-N bases (99.80%))
			Real Alignment 1: 307 3237 | 1 2931 | 2931 2931 | 100.0 | lm_ill_lm_contig12 contig_11
			  Not a misassembly [fragmentation of reference genome] between these two alignments
			Excluding internal overlap of size 55 between Alignment 2 and 3: 1 1778 | 4783 3006 | 1778 1778 --> 56 1778 | 4728 3006 | 1723 1723
			Real Alignment 2: 56 1778 | 4728 3006 | 1723 1723 | 100.0 | lm_ill_lm_contig16 contig_11
			  Indel (> 5bp) between these two alignments: deletion of length 55; 0 mismatches (number of Ns: 0) [fragmentation of reference genome]
			Excluding internal overlap of size 163 between Alignment 3 and 4: 1204919 1205589 | 259133 259802 | 671 670 --> 1205085 1205589 | 259296 259802 | 505 507
			Real Alignment 3: 1 254567 | 4729 259295 | 254567 254567 | 100.0 | lm_ill_lm_contig4 contig_11
			  Extensive misassembly (translocation) between these two alignments
			Excluding internal overlap of size 55 between Alignment 4 and 5: 1205085 1205589 | 259296 259802 | 505 507 --> 1205085 1205534 | 259296 259747 | 450 452
			Real Alignment 4: 1205085 1205534 | 259296 259747 | 450 452 | 95.69 | lm_ill_lm_contig1 contig_11
			  Indel (> 5bp) between these two alignments: deletion of length 55; 0 mismatches (number of Ns: 0) [fragmentation of reference genome]
			Real Alignment 5: 1 1131 | 259748 260878 | 1131 1131 | 99.56 | lm_ill_lm_contig21 contig_11
			  Not a misassembly [fragmentation of reference genome] between these two alignments
			Real Alignment 6: 1 3504 | 265007 261504 | 3504 3504 | 99.83 | lm_ill_lm_contig11 contig_11
			  Not a misassembly [fragmentation of reference genome] between these two alignments
			Excluding internal overlap of size 55 between Alignment 7 and 8: 277713 278439 | 267076 266350 | 727 727 --> 277713 278384 | 267076 266405 | 672 672
			Real Alignment 7: 1 768 | 266404 265637 | 768 768 | 99.61 | lm_ill_lm_contig27 contig_11
			  Indel (> 5bp) between these two alignments: deletion of length 55; 0 mismatches (number of Ns: 0) [fragmentation of reference genome]
			Excluding internal overlap of size 193 between Alignment 8 and 9: 277713 278384 | 267076 266405 | 672 672 --> 277906 278384 | 266883 266405 | 479 479
			Real Alignment 8: 277906 278384 | 266883 266405 | 479 479 | 96.29 | lm_ill_lm_contig3 contig_11
			  Extensive misassembly (translocation) between these two alignments
			Real Alignment 9: 1 109542 | 266884 376426 | 109542 109543 | 100.0 | lm_ill_lm_contig7 contig_11
			  Not a misassembly [fragmentation of reference genome] between these two alignments
			Real Alignment 10: 1 220359 | 597075 376718 | 220359 220358 | 100.0 | lm_ill_lm_contig6 contig_11
			  Not a misassembly [fragmentation of reference genome] between these two alignments
			Real Alignment 11: 1 740 | 597211 597952 | 740 742 | 99.73 | lm_ill_lm_contig29 contig_11
			  Not a misassembly [fragmentation of reference genome] between these two alignments
			Real Alignment 12: 1 3237 | 597958 601194 | 3237 3237 | 99.97 | lm_ill_lm_contig12 contig_11
			  Not a misassembly [fragmentation of reference genome] between these two alignments
			Excluding internal overlap of size 55 between Alignment 13 and 14: 1 1778 | 603297 601520 | 1778 1778 --> 56 1778 | 603242 601520 | 1723 1723
			Real Alignment 13: 56 1778 | 603242 601520 | 1723 1723 | 100.0 | lm_ill_lm_contig16 contig_11
			  Indel (> 5bp) between these two alignments: deletion of length 55; 0 mismatches (number of Ns: 0) [fragmentation of reference genome]
			Excluding internal overlap of size 318 between Alignment 14 and 15: 537510 542799 | 608533 603243 | 5290 5291 --> 537826 542799 | 608215 603243 | 4974 4973
			Real Alignment 14: 537826 542799 | 608215 603243 | 4974 4973 | 99.79 | lm_ill_lm_contig2 contig_11
			  Overlap between these two alignments (local misassembly). Inconsistency = -208
			Excluding internal overlap of size 55 between Alignment 15 and 16: 1 1778 | 1146189 1147966 | 1778 1778 --> 56 1778 | 1146244 1147966 | 1723 1723
			Real Alignment 15: 1 538033 | 1146243 608216 | 538033 538028 | 100.0 | lm_ill_lm_contig2 contig_11
			  Indel (> 5bp) between these two alignments: deletion of length 55; 0 mismatches (number of Ns: 0) [fragmentation of reference genome]
			Real Alignment 16: 56 1778 | 1146244 1147966 | 1723 1723 | 99.94 | lm_ill_lm_contig16 contig_11
			  Not a misassembly [fragmentation of reference genome] between these two alignments
			Excluding internal overlap of size 55 between Alignment 17 and 18: 1 3237 | 1151529 1148292 | 3237 3238 --> 56 3237 | 1151474 1148292 | 3182 3183
			Real Alignment 17: 56 3237 | 1151474 1148292 | 3182 3183 | 99.94 | lm_ill_lm_contig12 contig_11
			  Indel (> 5bp) between these two alignments: deletion of length 55; 0 mismatches (number of Ns: 0) [fragmentation of reference genome]
			Real Alignment 18: 201553 232164 | 1182086 1151475 | 30612 30612 | 100.0 | lm_ill_lm_contig5 contig_11
			  Gap between these two alignments (local misassembly). Inconsistency = 0
			Real Alignment 19: 36861 201191 | 1346777 1182448 | 164331 164330 | 99.99 | lm_ill_lm_contig5 contig_11
			  Gap between these two alignments (local misassembly). Inconsistency = -408
			Excluding internal overlap of size 55 between Alignment 20 and 21: 1 1778 | 1383991 1385768 | 1778 1778 --> 56 1778 | 1384046 1385768 | 1723 1723
			Real Alignment 20: 1 37130 | 1384045 1346916 | 37130 37130 | 99.99 | lm_ill_lm_contig5 contig_11
			  Indel (> 5bp) between these two alignments: deletion of length 55; 0 mismatches (number of Ns: 0) [fragmentation of reference genome]
			Real Alignment 21: 56 1778 | 1384046 1385768 | 1723 1723 | 99.89 | lm_ill_lm_contig16 contig_11
			  Not a misassembly [fragmentation of reference genome] between these two alignments
			Real Alignment 22: 1 3237 | 1389079 1385843 | 3237 3237 | 100.0 | lm_ill_lm_contig12 contig_11
			  Not a misassembly [fragmentation of reference genome] between these two alignments
			Real Alignment 23: 1 595 | 1389284 1389880 | 595 597 | 98.66 | lm_ill_lm_contig37 contig_11
			  Not a misassembly [fragmentation of reference genome] between these two alignments
			Real Alignment 24: 1 1778 | 1390010 1391787 | 1778 1778 | 99.94 | lm_ill_lm_contig16 contig_11
			  Not a misassembly [fragmentation of reference genome] between these two alignments
			Excluding internal overlap of size 55 between Alignment 25 and 26: 1 3237 | 1395098 1391862 | 3237 3237 --> 56 3237 | 1395043 1391862 | 3182 3182
			Real Alignment 25: 56 3237 | 1395043 1391862 | 3182 3182 | 100.0 | lm_ill_lm_contig12 contig_11
			  Indel (> 5bp) between these two alignments: deletion of length 55; 0 mismatches (number of Ns: 0) [fragmentation of reference genome]
			Excluding internal overlap of size 55 between Alignment 26 and 27: 1 768 | 1673428 1674195 | 768 768 --> 56 768 | 1673483 1674195 | 713 713
			Real Alignment 26: 1 278439 | 1395044 1673482 | 278439 278439 | 100.0 | lm_ill_lm_contig3 contig_11
			  Indel (> 5bp) between these two alignments: deletion of length 55; 0 mismatches (number of Ns: 0) [fragmentation of reference genome]
			Real Alignment 27: 56 768 | 1673483 1674195 | 713 713 | 99.22 | lm_ill_lm_contig27 contig_11
			  Not a misassembly [fragmentation of reference genome] between these two alignments
			Real Alignment 28: 1 3660 | 1678430 1674771 | 3660 3660 | 99.73 | lm_ill_lm_contig10 contig_11
			  Not a misassembly [fragmentation of reference genome] between these two alignments
			Excluding internal overlap of size 55 between Alignment 29 and 30: 1 1131 | 1680231 1679101 | 1131 1131 --> 56 1131 | 1680176 1679101 | 1076 1076
			Real Alignment 29: 56 1131 | 1680176 1679101 | 1076 1076 | 98.94 | lm_ill_lm_contig21 contig_11
			  Indel (> 5bp) between these two alignments: deletion of length 55; 0 mismatches (number of Ns: 0) [fragmentation of reference genome]
			Excluding internal overlap of size 492 between Alignment 30 and 31: 904935 1205589 | 1980831 1680177 | 300655 300655 --> 905427 1205589 | 1980339 1680177 | 300163 300163
			Real Alignment 30: 905427 1205589 | 1980339 1680177 | 300163 300163 | 99.99 | lm_ill_lm_contig1 contig_11
			  Gap between these two alignments (local misassembly). Inconsistency = 414
			Real Alignment 31: 476227 905012 | 2409198 1980340 | 428786 428859 | 99.98 | lm_ill_lm_contig1 contig_11
			  Gap between these two alignments (local misassembly). Inconsistency = 0
			Real Alignment 32: 475820 475911 | 2409605 2409514 | 92 92 | 100.0 | lm_ill_lm_contig1 contig_11
			  Gap between these two alignments (local misassembly). Inconsistency = -882
			Real Alignment 33: 476227 476309 | 2410080 2409998 | 83 83 | 97.59 | lm_ill_lm_contig1 contig_11
			  Gap between these two alignments (local misassembly). Inconsistency = 0
			Excluding internal overlap of size 36 between Alignment 34 and 35: 1 595 | 2886865 2886271 | 595 595 --> 1 559 | 2886865 2886307 | 559 559
			Real Alignment 34: 1 475911 | 2886306 2410396 | 475911 475911 | 100.0 | lm_ill_lm_contig1 contig_11
			  Indel (> 5bp) between these two alignments: deletion of length 36; 0 mismatches (number of Ns: 0) [fragmentation of reference genome]
			Real Alignment 35: 1 559 | 2886865 2886307 | 559 559 | 96.68 | lm_ill_lm_contig37 contig_11
			  Not a misassembly [fragmentation of reference genome] between these two alignments
			Real Alignment 36: 1 3237 | 2887070 2890306 | 3237 3237 | 100.0 | lm_ill_lm_contig12 contig_11
			  Not a misassembly [fragmentation of reference genome] between these two alignments
			Excluding internal overlap of size 55 between Alignment 37 and 38: 1 1778 | 2892158 2890381 | 1778 1778 --> 56 1778 | 2892103 2890381 | 1723 1723
			Real Alignment 37: 56 1778 | 2892103 2890381 | 1723 1723 | 99.94 | lm_ill_lm_contig16 contig_11
			  Indel (> 5bp) between these two alignments: deletion of length 55; 0 mismatches (number of Ns: 0) [fragmentation of reference genome]
			Excluding internal overlap of size 55 between Alignment 38 and 39: 1 301 | 2991747 2992047 | 301 301 --> 56 301 | 2991802 2992047 | 246 246
			Real Alignment 38: 1 99698 | 2892104 2991801 | 99698 99698 | 100.0 | lm_ill_lm_contig8 contig_11
			  Indel (> 5bp) between these two alignments: deletion of length 55; 0 mismatches (number of Ns: 0) [fragmentation of reference genome]
			Real Alignment 39: 56 301 | 2991802 2992047 | 246 246 | 99.67 | lm_ill_lm_contig12 contig_11
		Unaligned bases: 5934

CONTIG: contig_13 (2845426bp)
Best alignment score: 35768.0 (LEN: 35768, IDY: 100.00), Total number of alignments: 52
			Looking for the best set of alignments (out of 52 total alignments)
			Skipping redundant alignments after choosing the best set of alignments
		Skipping redundant alignment 47636 47824 | 25457 25645 | 189 189 | 91.53 | lm_ill_lm_contig2 contig_13
		Skipping redundant alignment 455 532 | 1308180 1308103 | 78 78 | 98.72 | lm_ill_lm_contig29 contig_13
		Skipping redundant alignment 331 403 | 1308274 1308202 | 73 73 | 97.26 | lm_ill_lm_contig29 contig_13
		Skipping redundant alignment 782157 782225 | 1308352 1308284 | 69 69 | 100.0 | lm_ill_lm_contig1 contig_13
		Skipping redundant alignment 151 229 | 1308362 1308284 | 79 79 | 98.73 | lm_ill_lm_contig29 contig_13
		Skipping redundant alignment 487 565 | 1308284 1308362 | 79 79 | 98.73 | lm_ill_lm_contig1 contig_13
		Skipping redundant alignment 264 355 | 245841 245932 | 92 92 | 93.48 | lm_ill_lm_contig37 contig_13
		Skipping redundant alignment 172110 172257 | 2597824 2597971 | 148 148 | 91.22 | lm_ill_lm_contig5 contig_13
		Skipping redundant alignment 264 355 | 689072 689163 | 92 92 | 93.48 | lm_ill_lm_contig37 contig_13
		Skipping redundant alignment 445 526 | 689259 689340 | 82 82 | 96.34 | lm_ill_lm_contig37 contig_13
		Skipping redundant alignment 91616 91816 | 2120879 2121079 | 201 201 | 91.04 | lm_ill_lm_contig5 contig_13
		Skipping redundant alignment 232 307 | 690408 690333 | 76 76 | 98.68 | lm_ill_lm_contig29 contig_13
		This contig has several significant sets of alignments. [An ambiguously mapped contig]
		Using only the very best set (option --ambiguity-usage is set to "one").
			The best set is below. Score: 47334.2, number of alignments: 40, unaligned bases: 2794620
		This contig is misassembled.
		This contig is partially unaligned. (Aligned 50806 out of 2845426 non-N bases (1.79%))
			Warning! This contig is more unaligned than misassembled. Contig length is 2845426 (number of Ns: 0) and total length of all aligns is 50806
		Alignment: 174 1725 | 240504 242066 | 1552 1563 | 90.95 | lm_ill_lm_contig16 contig_13
		Alignment: 2977 3114 | 242434 242297 | 138 138 | 93.48 | lm_ill_lm_contig12 contig_13
		Alignment: 2820 2949 | 242591 242462 | 130 130 | 91.54 | lm_ill_lm_contig12 contig_13
		Alignment: 2474 2720 | 242930 242684 | 247 247 | 92.31 | lm_ill_lm_contig12 contig_13
		Alignment: 2240 2418 | 243164 242986 | 179 179 | 94.41 | lm_ill_lm_contig12 contig_13
		Alignment: 1914 2233 | 243490 243171 | 320 320 | 94.06 | lm_ill_lm_contig12 contig_13
		Alignment: 912 1344 | 244479 244047 | 433 433 | 91.92 | lm_ill_lm_contig12 contig_13
		Alignment: 296 907 | 245095 244484 | 612 612 | 94.28 | lm_ill_lm_contig12 contig_13
		Alignment: 174 1725 | 683633 685195 | 1552 1563 | 90.95 | lm_ill_lm_contig16 contig_13
		Alignment: 2977 3114 | 685665 685528 | 138 138 | 93.48 | lm_ill_lm_contig12 contig_13
		Alignment: 2820 2949 | 685822 685693 | 130 130 | 91.54 | lm_ill_lm_contig12 contig_13
		Alignment: 2474 2720 | 686161 685915 | 247 247 | 92.31 | lm_ill_lm_contig12 contig_13
		Alignment: 2240 2418 | 686395 686217 | 179 179 | 94.41 | lm_ill_lm_contig12 contig_13
		Alignment: 1914 2233 | 686721 686402 | 320 320 | 94.06 | lm_ill_lm_contig12 contig_13
		Alignment: 912 1344 | 687710 687278 | 433 433 | 91.92 | lm_ill_lm_contig12 contig_13
		Alignment: 296 907 | 688326 687715 | 612 612 | 94.28 | lm_ill_lm_contig12 contig_13
		Alignment: 177 255 | 689534 689612 | 79 79 | 94.94 | lm_ill_lm_contig1 contig_13
		Alignment: 397 484 | 689756 689843 | 88 88 | 93.18 | lm_ill_lm_contig1 contig_13
		Alignment: 764 839 | 689957 690032 | 76 76 | 93.42 | lm_ill_lm_contig1 contig_13
		Alignment: 862 936 | 690039 690113 | 75 75 | 100.0 | lm_ill_lm_contig1 contig_13
		Alignment: 765 842 | 690621 690698 | 78 78 | 92.31 | lm_ill_lm_contig1 contig_13
		Alignment: 860 938 | 690704 690782 | 79 79 | 100.0 | lm_ill_lm_contig1 contig_13
		Alignment: 1143 1217 | 690891 690965 | 75 75 | 98.67 | lm_ill_lm_contig1 contig_13
		Alignment: 174 1725 | 1302866 1304428 | 1552 1563 | 90.95 | lm_ill_lm_contig16 contig_13
		Alignment: 2977 3114 | 1304898 1304761 | 138 138 | 92.75 | lm_ill_lm_contig12 contig_13
		Alignment: 2820 2949 | 1305055 1304926 | 130 130 | 91.54 | lm_ill_lm_contig12 contig_13
		Alignment: 2474 2720 | 1305394 1305148 | 247 247 | 92.31 | lm_ill_lm_contig12 contig_13
		Alignment: 2240 2418 | 1305628 1305450 | 179 179 | 94.41 | lm_ill_lm_contig12 contig_13
		Alignment: 1914 2233 | 1305954 1305635 | 320 320 | 94.06 | lm_ill_lm_contig12 contig_13
		Alignment: 912 1344 | 1306943 1306511 | 433 433 | 91.92 | lm_ill_lm_contig12 contig_13
		Alignment: 296 907 | 1307559 1306948 | 612 612 | 94.28 | lm_ill_lm_contig12 contig_13
		Alignment: 81096 116864 | 2391518 2427285 | 35769 35768 | 100.0 | lm_ill_lm_contig6 contig_13
		Alignment: 296 907 | 2811238 2811849 | 612 612 | 94.28 | lm_ill_lm_contig12 contig_13
		Alignment: 912 1344 | 2811854 2812286 | 433 433 | 91.92 | lm_ill_lm_contig12 contig_13
		Alignment: 1914 2233 | 2812843 2813162 | 320 320 | 94.06 | lm_ill_lm_contig12 contig_13
		Alignment: 2240 2418 | 2813169 2813347 | 179 179 | 94.41 | lm_ill_lm_contig12 contig_13
		Alignment: 2474 2720 | 2813403 2813649 | 247 247 | 92.31 | lm_ill_lm_contig12 contig_13
		Alignment: 2820 2949 | 2813742 2813871 | 130 130 | 91.54 | lm_ill_lm_contig12 contig_13
		Alignment: 2977 3114 | 2813899 2814036 | 138 138 | 93.48 | lm_ill_lm_contig12 contig_13
		Alignment: 174 1725 | 2815829 2814267 | 1552 1563 | 90.95 | lm_ill_lm_contig16 contig_13
		Unaligned bases: 2794620

CONTIG: contig_2 (4045597bp)
Best alignment score: 2672.6 (LEN: 2927, IDY: 91.31), Total number of alignments: 48
			Looking for the best set of alignments (out of 48 total alignments)
			Skipping redundant alignments after choosing the best set of alignments
		Skipping redundant alignment 233 306 | 1404054 1404127 | 74 74 | 95.95 | lm_ill_lm_contig29 contig_2
		Skipping redundant alignment 325 408 | 1404132 1404215 | 84 84 | 92.86 | lm_ill_lm_contig29 contig_2
		Skipping redundant alignment 459 534 | 1404218 1404293 | 76 76 | 98.68 | lm_ill_lm_contig29 contig_2
		Skipping redundant alignment 1145 1217 | 2377403 2377475 | 73 73 | 100.0 | lm_ill_lm_contig1 contig_2
		Skipping redundant alignment 1145 1217 | 1801105 1801033 | 73 73 | 100.0 | lm_ill_lm_contig1 contig_2
		Skipping redundant alignment 1048 1138 | 1801226 1801136 | 91 91 | 94.51 | lm_ill_lm_contig1 contig_2
		Skipping redundant alignment 461 532 | 2132670 2132741 | 72 72 | 100.0 | lm_ill_lm_contig29 contig_2
		Skipping redundant alignment 1145 1216 | 2132741 2132670 | 72 72 | 100.0 | lm_ill_lm_contig1 contig_2
		Skipping redundant alignment 782250 782322 | 2132669 2132741 | 73 73 | 100.0 | lm_ill_lm_contig1 contig_2
		Skipping redundant alignment 782251 782322 | 2377474 2377403 | 72 72 | 100.0 | lm_ill_lm_contig1 contig_2
		Skipping redundant alignment 449 595 | 2160929 2160791 | 147 139 | 91.16 | lm_ill_lm_contig37 contig_2
		Skipping redundant alignment 449 522 | 3395575 3395648 | 74 74 | 97.3 | lm_ill_lm_contig37 contig_2
		Skipping redundant alignment 47930 48004 | 2194140 2194214 | 75 75 | 90.67 | lm_ill_lm_contig2 contig_2
		Skipping redundant alignment 17454 17572 | 2207709 2207591 | 119 119 | 90.76 | lm_ill_lm_contig3 contig_2
		Skipping redundant alignment 449 522 | 2231148 2231075 | 74 74 | 97.3 | lm_ill_lm_contig37 contig_2
		Skipping redundant alignment 176 248 | 2231436 2231364 | 73 73 | 97.26 | lm_ill_lm_contig37 contig_2
		Skipping redundant alignment 174 248 | 3395296 3395370 | 75 75 | 96.0 | lm_ill_lm_contig37 contig_2
		Skipping redundant alignment 460 532 | 2256932 2257004 | 73 73 | 100.0 | lm_ill_lm_contig29 contig_2
		Skipping redundant alignment 782251 782323 | 2256933 2257005 | 73 73 | 100.0 | lm_ill_lm_contig1 contig_2
		Skipping redundant alignment 1144 1225 | 2257005 2256924 | 82 82 | 100.0 | lm_ill_lm_contig1 contig_2
		This contig has several significant sets of alignments. [An ambiguously mapped contig]
		Using only the very best set (option --ambiguity-usage is set to "one").
			The best set is below. Score: 36290.8, number of alignments: 28, unaligned bases: 4000207
		This contig is misassembled.
		This contig is partially unaligned. (Aligned 45390 out of 4045597 non-N bases (1.12%))
			Warning! This contig is more unaligned than misassembled. Contig length is 4045597 (number of Ns: 0) and total length of all aligns is 45390
		Alignment: 197 3126 | 1404737 1407662 | 2930 2926 | 91.27 | lm_ill_lm_contig12 contig_2
		Alignment: 174 1724 | 1409375 1407825 | 1551 1551 | 91.99 | lm_ill_lm_contig16 contig_2
		Alignment: 196 3126 | 1697501 1700427 | 2931 2927 | 91.24 | lm_ill_lm_contig12 contig_2
		Alignment: 174 1724 | 1702140 1700590 | 1551 1551 | 92.06 | lm_ill_lm_contig16 contig_2
		Alignment: 197 3126 | 2150954 2153879 | 2930 2926 | 91.24 | lm_ill_lm_contig12 contig_2
		Alignment: 174 1724 | 2155591 2154042 | 1551 1550 | 91.93 | lm_ill_lm_contig16 contig_2
		Alignment: 196 3126 | 2155953 2158879 | 2931 2927 | 91.31 | lm_ill_lm_contig12 contig_2
		Alignment: 174 1724 | 2160592 2159042 | 1551 1551 | 91.86 | lm_ill_lm_contig16 contig_2
		Alignment: 196 3126 | 2161566 2164492 | 2931 2927 | 91.27 | lm_ill_lm_contig12 contig_2
		Alignment: 174 1724 | 2166204 2164655 | 1551 1550 | 91.86 | lm_ill_lm_contig16 contig_2
		Alignment: 197 3126 | 2226106 2229031 | 2930 2926 | 91.3 | lm_ill_lm_contig12 contig_2
		Alignment: 174 1724 | 2230744 2229194 | 1551 1551 | 91.99 | lm_ill_lm_contig16 contig_2
		Alignment: 197 3126 | 2232029 2234954 | 2930 2926 | 91.3 | lm_ill_lm_contig12 contig_2
		Alignment: 174 1724 | 2236667 2235117 | 1551 1551 | 91.99 | lm_ill_lm_contig16 contig_2
		Alignment: 197 3126 | 2292186 2295110 | 2930 2925 | 91.27 | lm_ill_lm_contig12 contig_2
		Alignment: 174 1724 | 2297000 2295450 | 1551 1551 | 91.93 | lm_ill_lm_contig16 contig_2
		Alignment: 197 3126 | 2312797 2315722 | 2930 2926 | 91.27 | lm_ill_lm_contig12 contig_2
		Alignment: 174 1724 | 2317612 2316062 | 1551 1551 | 91.99 | lm_ill_lm_contig16 contig_2
		Alignment: 459 533 | 2377476 2377402 | 75 75 | 100.0 | lm_ill_lm_contig29 contig_2
		Alignment: 174 1724 | 3389986 3391536 | 1551 1551 | 91.93 | lm_ill_lm_contig16 contig_2
		Alignment: 197 3126 | 3394624 3391699 | 2930 2926 | 91.31 | lm_ill_lm_contig12 contig_2
		Alignment: 96 170 | 3395749 3395823 | 75 75 | 90.67 | lm_ill_lm_contig1 contig_2
		Alignment: 181 256 | 3395828 3395903 | 76 76 | 97.37 | lm_ill_lm_contig1 contig_2
		Alignment: 276 367 | 3395910 3396001 | 92 92 | 92.39 | lm_ill_lm_contig1 contig_2
		Alignment: 405 482 | 3396017 3396094 | 78 78 | 93.59 | lm_ill_lm_contig1 contig_2
		Alignment: 765 836 | 3396433 3396504 | 72 72 | 95.83 | lm_ill_lm_contig1 contig_2
		Alignment: 859 935 | 3396520 3396596 | 77 77 | 94.81 | lm_ill_lm_contig1 contig_2
		Alignment: 1145 1219 | 3396809 3396883 | 75 75 | 100.0 | lm_ill_lm_contig1 contig_2
		Unaligned bases: 4000207

CONTIG: contig_8 (2719594bp)
Best alignment score: 1408.4 (LEN: 1552, IDY: 90.75), Total number of alignments: 62
			Looking for the best set of alignments (out of 62 total alignments)
			Skipping redundant alignments after choosing the best set of alignments
		Skipping redundant alignment 447 524 | 2680913 2680836 | 78 78 | 100.0 | lm_ill_lm_contig37 contig_8
		Skipping redundant alignment 269 356 | 2681104 2681017 | 88 88 | 94.32 | lm_ill_lm_contig37 contig_8
		Skipping redundant alignment 269 356 | 1315910 1315997 | 88 88 | 95.45 | lm_ill_lm_contig37 contig_8
		Skipping redundant alignment 439 523 | 1316091 1316175 | 85 85 | 96.47 | lm_ill_lm_contig37 contig_8
		This contig has several significant sets of alignments. [An ambiguously mapped contig]
		Using only the very best set (option --ambiguity-usage is set to "one").
			The best set is below. Score: 15871.7, number of alignments: 58, unaligned bases: 2698844
		This contig is misassembled.
		This contig is partially unaligned. (Aligned 20750 out of 2719594 non-N bases (0.76%))
			Warning! This contig is more unaligned than misassembled. Contig length is 2719594 (number of Ns: 0) and total length of all aligns is 20750
		Alignment: 304 384 | 816 896 | 81 81 | 92.59 | lm_ill_lm_contig12 contig_8
		Alignment: 396 958 | 908 1470 | 563 563 | 93.25 | lm_ill_lm_contig12 contig_8
		Alignment: 965 1346 | 1477 1858 | 382 382 | 94.76 | lm_ill_lm_contig12 contig_8
		Alignment: 1367 1447 | 1878 1958 | 81 81 | 97.53 | lm_ill_lm_contig12 contig_8
		Alignment: 1910 2127 | 2417 2634 | 218 218 | 91.74 | lm_ill_lm_contig12 contig_8
		Alignment: 2427 2716 | 2932 3221 | 290 290 | 93.79 | lm_ill_lm_contig12 contig_8
		Alignment: 2799 2950 | 3302 3453 | 152 152 | 92.11 | lm_ill_lm_contig12 contig_8
		Alignment: 174 1724 | 5615 4065 | 1551 1551 | 90.57 | lm_ill_lm_contig16 contig_8
		Alignment: 306593 306681 | 257672 257760 | 89 89 | 91.01 | lm_ill_lm_contig1 contig_8
		Alignment: 306698 306806 | 257777 257885 | 109 109 | 91.74 | lm_ill_lm_contig1 contig_8
		Alignment: 174 1724 | 1060911 1062465 | 1551 1555 | 90.57 | lm_ill_lm_contig16 contig_8
		Alignment: 2799 2936 | 1063214 1063077 | 138 138 | 93.48 | lm_ill_lm_contig12 contig_8
		Alignment: 2427 2712 | 1063583 1063298 | 286 286 | 93.71 | lm_ill_lm_contig12 contig_8
		Alignment: 1910 2127 | 1064098 1063881 | 218 218 | 91.74 | lm_ill_lm_contig12 contig_8
		Alignment: 1677 1862 | 1064326 1064141 | 186 186 | 90.32 | lm_ill_lm_contig12 contig_8
		Alignment: 1367 1447 | 1064638 1064558 | 81 81 | 97.53 | lm_ill_lm_contig12 contig_8
		Alignment: 965 1346 | 1065039 1064658 | 382 382 | 94.76 | lm_ill_lm_contig12 contig_8
		Alignment: 396 701 | 1065609 1065304 | 306 306 | 97.71 | lm_ill_lm_contig12 contig_8
		Alignment: 304 384 | 1065701 1065621 | 81 81 | 92.59 | lm_ill_lm_contig12 contig_8
		Alignment: 174 1724 | 1174314 1175865 | 1551 1552 | 90.31 | lm_ill_lm_contig16 contig_8
		Alignment: 2799 2936 | 1176659 1176522 | 138 138 | 93.48 | lm_ill_lm_contig12 contig_8
		Alignment: 2427 2716 | 1177029 1176740 | 290 290 | 93.79 | lm_ill_lm_contig12 contig_8
		Alignment: 1910 2127 | 1177544 1177327 | 218 218 | 91.74 | lm_ill_lm_contig12 contig_8
		Alignment: 1677 1862 | 1177772 1177587 | 186 186 | 90.32 | lm_ill_lm_contig12 contig_8
		Alignment: 1367 1447 | 1178084 1178004 | 81 81 | 97.53 | lm_ill_lm_contig12 contig_8
		Alignment: 965 1346 | 1178485 1178104 | 382 382 | 94.76 | lm_ill_lm_contig12 contig_8
		Alignment: 701 885 | 1178749 1178565 | 185 185 | 90.81 | lm_ill_lm_contig12 contig_8
		Alignment: 396 700 | 1179055 1178751 | 305 305 | 97.7 | lm_ill_lm_contig12 contig_8
		Alignment: 304 384 | 1179147 1179067 | 81 81 | 92.59 | lm_ill_lm_contig12 contig_8
		Alignment: 174 1724 | 1310347 1311898 | 1551 1552 | 90.75 | lm_ill_lm_contig16 contig_8
		Alignment: 2799 2936 | 1312696 1312559 | 138 138 | 93.48 | lm_ill_lm_contig12 contig_8
		Alignment: 2427 2730 | 1313067 1312764 | 304 304 | 92.76 | lm_ill_lm_contig12 contig_8
		Alignment: 1910 2127 | 1313582 1313365 | 218 218 | 91.74 | lm_ill_lm_contig12 contig_8
		Alignment: 1677 1860 | 1313810 1313627 | 184 184 | 90.76 | lm_ill_lm_contig12 contig_8
		Alignment: 1367 1447 | 1314122 1314042 | 81 81 | 97.53 | lm_ill_lm_contig12 contig_8
		Alignment: 965 1346 | 1314523 1314142 | 382 382 | 94.76 | lm_ill_lm_contig12 contig_8
		Alignment: 396 885 | 1315092 1314603 | 490 490 | 95.1 | lm_ill_lm_contig12 contig_8
		Alignment: 304 384 | 1315184 1315104 | 81 81 | 92.59 | lm_ill_lm_contig12 contig_8
		Alignment: 47306 47476 | 2634083 2634253 | 171 171 | 90.64 | lm_ill_lm_contig2 contig_8
		Alignment: 47688 47884 | 2634465 2634661 | 197 197 | 90.86 | lm_ill_lm_contig2 contig_8
		Alignment: 304 384 | 2670643 2670723 | 81 81 | 92.59 | lm_ill_lm_contig12 contig_8
		Alignment: 396 700 | 2670735 2671039 | 305 305 | 97.7 | lm_ill_lm_contig12 contig_8
		Alignment: 965 1346 | 2671305 2671686 | 382 382 | 94.76 | lm_ill_lm_contig12 contig_8
		Alignment: 1367 1447 | 2671706 2671786 | 81 81 | 97.53 | lm_ill_lm_contig12 contig_8
		Alignment: 1677 1863 | 2672018 2672204 | 187 187 | 90.37 | lm_ill_lm_contig12 contig_8
		Alignment: 1910 2127 | 2672246 2672463 | 218 218 | 91.74 | lm_ill_lm_contig12 contig_8
		Alignment: 2427 2730 | 2672761 2673064 | 304 304 | 92.76 | lm_ill_lm_contig12 contig_8
		Alignment: 2799 2950 | 2673132 2673283 | 152 152 | 92.11 | lm_ill_lm_contig12 contig_8
		Alignment: 174 1724 | 2675357 2673804 | 1551 1554 | 90.63 | lm_ill_lm_contig16 contig_8
		Alignment: 304 384 | 2675867 2675947 | 81 81 | 92.59 | lm_ill_lm_contig12 contig_8
		Alignment: 396 958 | 2675959 2676521 | 563 563 | 93.25 | lm_ill_lm_contig12 contig_8
		Alignment: 965 1346 | 2676528 2676909 | 382 382 | 94.76 | lm_ill_lm_contig12 contig_8
		Alignment: 1367 1447 | 2676929 2677009 | 81 81 | 97.53 | lm_ill_lm_contig12 contig_8
		Alignment: 1677 1863 | 2677241 2677427 | 187 187 | 90.37 | lm_ill_lm_contig12 contig_8
		Alignment: 1910 2127 | 2677469 2677686 | 218 218 | 91.74 | lm_ill_lm_contig12 contig_8
		Alignment: 2427 2730 | 2677984 2678287 | 304 304 | 92.43 | lm_ill_lm_contig12 contig_8
		Alignment: 2799 2950 | 2678355 2678506 | 152 152 | 92.11 | lm_ill_lm_contig12 contig_8
		Alignment: 174 1724 | 2680612 2679060 | 1551 1553 | 90.69 | lm_ill_lm_contig16 contig_8
		Unaligned bases: 2698844

CONTIG: contig_14 (1948308bp)
Best alignment score: 1075.0 (LEN: 1172, IDY: 91.72), Total number of alignments: 48
			Looking for the best set of alignments (out of 48 total alignments)
		This contig has several significant sets of alignments. [An ambiguously mapped contig]
		Using only the very best set (option --ambiguity-usage is set to "one").
			The best set is below. Score: 10168.1, number of alignments: 48, unaligned bases: 1934118
		This contig is misassembled.
		This contig is partially unaligned. (Aligned 14190 out of 1948308 non-N bases (0.73%))
			Warning! This contig is more unaligned than misassembled. Contig length is 1948308 (number of Ns: 0) and total length of all aligns is 14190
		Alignment: 411 1174 | 230951 231714 | 764 764 | 90.18 | lm_ill_lm_contig16 contig_14
		Alignment: 1529 1660 | 232080 232211 | 132 132 | 93.94 | lm_ill_lm_contig16 contig_14
		Alignment: 2995 3114 | 232597 232478 | 120 120 | 90.0 | lm_ill_lm_contig12 contig_14
		Alignment: 2473 2718 | 233118 232873 | 246 246 | 91.06 | lm_ill_lm_contig12 contig_14
		Alignment: 2157 2233 | 233436 233360 | 77 77 | 90.91 | lm_ill_lm_contig12 contig_14
		Alignment: 1675 1898 | 233916 233693 | 224 224 | 90.18 | lm_ill_lm_contig12 contig_14
		Alignment: 1369 1484 | 234224 234109 | 116 116 | 97.41 | lm_ill_lm_contig12 contig_14
		Alignment: 1235 1345 | 234347 234237 | 111 111 | 93.69 | lm_ill_lm_contig12 contig_14
		Alignment: 914 1211 | 234668 234371 | 298 298 | 91.28 | lm_ill_lm_contig12 contig_14
		Alignment: 302 873 | 235280 234709 | 572 572 | 96.15 | lm_ill_lm_contig12 contig_14
		Alignment: 2 74 | 235651 235723 | 73 73 | 93.15 | lm_ill_lm_contig37 contig_14
		Alignment: 174 247 | 235832 235905 | 74 74 | 97.3 | lm_ill_lm_contig37 contig_14
		Alignment: 268 356 | 235923 236011 | 89 89 | 93.26 | lm_ill_lm_contig37 contig_14
		Alignment: 447 524 | 236094 236171 | 78 78 | 94.87 | lm_ill_lm_contig37 contig_14
		Alignment: 302 873 | 1044592 1045163 | 572 572 | 96.15 | lm_ill_lm_contig12 contig_14
		Alignment: 914 1211 | 1045204 1045501 | 298 298 | 91.28 | lm_ill_lm_contig12 contig_14
		Alignment: 1235 1345 | 1045525 1045635 | 111 111 | 93.69 | lm_ill_lm_contig12 contig_14
		Alignment: 1369 1484 | 1045648 1045763 | 116 116 | 97.41 | lm_ill_lm_contig12 contig_14
		Alignment: 1675 1898 | 1045956 1046179 | 224 224 | 90.18 | lm_ill_lm_contig12 contig_14
		Alignment: 2157 2233 | 1046436 1046512 | 77 77 | 90.91 | lm_ill_lm_contig12 contig_14
		Alignment: 2473 2718 | 1046754 1046999 | 246 246 | 91.06 | lm_ill_lm_contig12 contig_14
		Alignment: 1342 1725 | 1048174 1047791 | 384 384 | 90.62 | lm_ill_lm_contig16 contig_14
		Alignment: 411 1174 | 1049106 1048343 | 764 764 | 90.18 | lm_ill_lm_contig16 contig_14
		Alignment: 411 1174 | 1709210 1709973 | 764 764 | 90.18 | lm_ill_lm_contig16 contig_14
		Alignment: 1342 1725 | 1710142 1710525 | 384 384 | 90.36 | lm_ill_lm_contig16 contig_14
		Alignment: 2473 2718 | 1711367 1711122 | 246 246 | 91.06 | lm_ill_lm_contig12 contig_14
		Alignment: 2157 2233 | 1711685 1711609 | 77 77 | 90.91 | lm_ill_lm_contig12 contig_14
		Alignment: 1675 1898 | 1712165 1711942 | 224 224 | 90.18 | lm_ill_lm_contig12 contig_14
		Alignment: 1369 1484 | 1712473 1712358 | 116 116 | 97.41 | lm_ill_lm_contig12 contig_14
		Alignment: 1235 1345 | 1712596 1712486 | 111 111 | 93.69 | lm_ill_lm_contig12 contig_14
		Alignment: 914 1211 | 1712917 1712620 | 298 298 | 90.94 | lm_ill_lm_contig12 contig_14
		Alignment: 302 873 | 1713529 1712958 | 572 572 | 96.15 | lm_ill_lm_contig12 contig_14
		Alignment: 411 1174 | 1744736 1745499 | 764 764 | 90.31 | lm_ill_lm_contig16 contig_14
		Alignment: 1342 1725 | 1745668 1746051 | 384 384 | 90.36 | lm_ill_lm_contig16 contig_14
		Alignment: 2995 3114 | 1746372 1746253 | 120 120 | 90.0 | lm_ill_lm_contig12 contig_14
		Alignment: 2473 2718 | 1746893 1746648 | 246 246 | 90.65 | lm_ill_lm_contig12 contig_14
		Alignment: 2157 2233 | 1747211 1747135 | 77 77 | 92.21 | lm_ill_lm_contig12 contig_14
		Alignment: 1718 1898 | 1747648 1747468 | 181 181 | 90.06 | lm_ill_lm_contig12 contig_14
		Alignment: 302 1484 | 1749058 1747887 | 1183 1172 | 91.72 | lm_ill_lm_contig12 contig_14
		Alignment: 411 1174 | 1821635 1822398 | 764 764 | 90.45 | lm_ill_lm_contig16 contig_14
		Alignment: 1342 1725 | 1822567 1822950 | 384 384 | 90.36 | lm_ill_lm_contig16 contig_14
		Alignment: 2995 3114 | 1823466 1823347 | 120 120 | 90.0 | lm_ill_lm_contig12 contig_14
		Alignment: 2473 2718 | 1823987 1823742 | 246 246 | 90.65 | lm_ill_lm_contig12 contig_14
		Alignment: 2157 2233 | 1824305 1824229 | 77 77 | 90.91 | lm_ill_lm_contig12 contig_14
		Alignment: 1369 1484 | 1825093 1824978 | 116 116 | 97.41 | lm_ill_lm_contig12 contig_14
		Alignment: 1235 1345 | 1825216 1825106 | 111 111 | 93.69 | lm_ill_lm_contig12 contig_14
		Alignment: 914 1211 | 1825537 1825240 | 298 298 | 90.94 | lm_ill_lm_contig12 contig_14
		Alignment: 302 873 | 1826149 1825578 | 572 572 | 96.15 | lm_ill_lm_contig12 contig_14
		Unaligned bases: 1934118

CONTIG: contig_36 (4765559bp)
Best alignment score: 118.0 (LEN: 126, IDY: 93.65), Total number of alignments: 35
			Looking for the best set of alignments (out of 35 total alignments)
			Skipping redundant alignments after choosing the best set of alignments
		Skipping redundant alignment 1124 1206 | 2284263 2284345 | 83 83 | 97.59 | lm_ill_lm_contig12 contig_36
		Skipping redundant alignment 1473 1587 | 2286923 2286809 | 115 115 | 93.91 | lm_ill_lm_contig16 contig_36
		Skipping redundant alignment 1342 1416 | 2287054 2286980 | 75 75 | 90.67 | lm_ill_lm_contig16 contig_36
		Skipping redundant alignment 1055 1174 | 2287343 2287224 | 120 120 | 95.83 | lm_ill_lm_contig16 contig_36
		Skipping redundant alignment 924 995 | 2287473 2287402 | 72 72 | 97.22 | lm_ill_lm_contig16 contig_36
		Skipping redundant alignment 1124 1206 | 2932391 2932473 | 83 83 | 97.59 | lm_ill_lm_contig12 contig_36
		Skipping redundant alignment 1342 1416 | 4450904 4450978 | 75 75 | 90.67 | lm_ill_lm_contig16 contig_36
		Skipping redundant alignment 1124 1206 | 2973791 2973873 | 83 83 | 97.59 | lm_ill_lm_contig12 contig_36
		Skipping redundant alignment 1124 1206 | 4453679 4453597 | 83 83 | 97.59 | lm_ill_lm_contig12 contig_36
		Skipping redundant alignment 1124 1206 | 3104824 3104906 | 83 83 | 97.59 | lm_ill_lm_contig12 contig_36
		Skipping redundant alignment 1473 1587 | 4451035 4451149 | 115 115 | 93.91 | lm_ill_lm_contig16 contig_36
		Skipping redundant alignment 1124 1206 | 3198543 3198625 | 83 83 | 97.59 | lm_ill_lm_contig12 contig_36
		Skipping redundant alignment 924 995 | 3742157 3742228 | 72 72 | 97.22 | lm_ill_lm_contig16 contig_36
		Skipping redundant alignment 1055 1180 | 3742287 3742412 | 126 126 | 93.65 | lm_ill_lm_contig16 contig_36
		Skipping redundant alignment 1342 1416 | 3742576 3742650 | 75 75 | 90.67 | lm_ill_lm_contig16 contig_36
		Skipping redundant alignment 1473 1587 | 3742707 3742821 | 115 115 | 93.91 | lm_ill_lm_contig16 contig_36
		Skipping redundant alignment 1124 1206 | 3745357 3745275 | 83 83 | 97.59 | lm_ill_lm_contig12 contig_36
		Skipping redundant alignment 924 995 | 4450485 4450556 | 72 72 | 97.22 | lm_ill_lm_contig16 contig_36
		Skipping redundant alignment 1055 1180 | 4450615 4450740 | 126 126 | 93.65 | lm_ill_lm_contig16 contig_36
			The best set is below. Score: 556.3, number of alignments: 16, unaligned bases: 4764007
		This contig is misassembled.
		This contig is partially unaligned. (Aligned 1552 out of 4765559 non-N bases (0.03%))
			Warning! This contig is more unaligned than misassembled. Contig length is 4765559 (number of Ns: 0) and total length of all aligns is 1552
		Alignment: 1473 1587 | 2934958 2934844 | 115 115 | 93.91 | lm_ill_lm_contig16 contig_36
		Alignment: 1342 1416 | 2935089 2935015 | 75 75 | 90.67 | lm_ill_lm_contig16 contig_36
		Alignment: 1055 1180 | 2935378 2935253 | 126 126 | 93.65 | lm_ill_lm_contig16 contig_36
		Alignment: 924 995 | 2935508 2935437 | 72 72 | 97.22 | lm_ill_lm_contig16 contig_36
		Alignment: 1473 1587 | 2976358 2976244 | 115 115 | 93.91 | lm_ill_lm_contig16 contig_36
		Alignment: 1342 1416 | 2976489 2976415 | 75 75 | 90.67 | lm_ill_lm_contig16 contig_36
		Alignment: 1055 1180 | 2976778 2976653 | 126 126 | 93.65 | lm_ill_lm_contig16 contig_36
		Alignment: 924 995 | 2976908 2976837 | 72 72 | 97.22 | lm_ill_lm_contig16 contig_36
		Alignment: 1473 1587 | 3107485 3107371 | 115 115 | 93.91 | lm_ill_lm_contig16 contig_36
		Alignment: 1342 1416 | 3107616 3107542 | 75 75 | 90.67 | lm_ill_lm_contig16 contig_36
		Alignment: 1055 1180 | 3107905 3107780 | 126 126 | 93.65 | lm_ill_lm_contig16 contig_36
		Alignment: 924 995 | 3108035 3107964 | 72 72 | 97.22 | lm_ill_lm_contig16 contig_36
		Alignment: 1473 1587 | 3201110 3200996 | 115 115 | 93.91 | lm_ill_lm_contig16 contig_36
		Alignment: 1342 1416 | 3201241 3201167 | 75 75 | 90.67 | lm_ill_lm_contig16 contig_36
		Alignment: 1055 1180 | 3201530 3201405 | 126 126 | 93.65 | lm_ill_lm_contig16 contig_36
		Alignment: 924 995 | 3201660 3201589 | 72 72 | 97.22 | lm_ill_lm_contig16 contig_36
		Unaligned bases: 4764007

CONTIG: contig_58 (4758582bp)
Best alignment score: 134.0 (LEN: 147, IDY: 91.16), Total number of alignments: 35
			Looking for the best set of alignments (out of 35 total alignments)
			Skipping redundant alignments after choosing the best set of alignments
		Skipping redundant alignment 1124 1206 | 807364 807446 | 83 83 | 97.59 | lm_ill_lm_contig12 contig_58
		Skipping redundant alignment 1473 1587 | 809933 809819 | 115 115 | 93.91 | lm_ill_lm_contig16 contig_58
		Skipping redundant alignment 1342 1416 | 810064 809990 | 75 75 | 90.67 | lm_ill_lm_contig16 contig_58
		Skipping redundant alignment 1034 1174 | 810374 810234 | 141 141 | 92.91 | lm_ill_lm_contig16 contig_58
		Skipping redundant alignment 924 995 | 810483 810412 | 72 72 | 97.22 | lm_ill_lm_contig16 contig_58
		Skipping redundant alignment 1124 1206 | 1473628 1473710 | 83 83 | 97.59 | lm_ill_lm_contig12 contig_58
		Skipping redundant alignment 1473 1587 | 1476197 1476083 | 115 115 | 93.91 | lm_ill_lm_contig16 contig_58
		Skipping redundant alignment 1342 1416 | 1476328 1476254 | 75 75 | 90.67 | lm_ill_lm_contig16 contig_58
		Skipping redundant alignment 1034 1174 | 1476638 1476498 | 141 141 | 92.91 | lm_ill_lm_contig16 contig_58
		Skipping redundant alignment 924 995 | 1476747 1476676 | 72 72 | 97.22 | lm_ill_lm_contig16 contig_58
		Skipping redundant alignment 1124 1206 | 3039353 3039271 | 83 83 | 97.59 | lm_ill_lm_contig12 contig_58
		Skipping redundant alignment 1124 1206 | 1996471 1996389 | 83 83 | 97.59 | lm_ill_lm_contig12 contig_58
		Skipping redundant alignment 1124 1206 | 2091400 2091318 | 83 83 | 97.59 | lm_ill_lm_contig12 contig_58
		Skipping redundant alignment 1342 1416 | 3036394 3036468 | 75 75 | 90.67 | lm_ill_lm_contig16 contig_58
		Skipping redundant alignment 1124 1206 | 2246793 2246711 | 83 83 | 97.59 | lm_ill_lm_contig12 contig_58
		Skipping redundant alignment 1473 1587 | 3036525 3036639 | 115 115 | 93.91 | lm_ill_lm_contig16 contig_58
		Skipping redundant alignment 1124 1206 | 2289549 2289467 | 83 83 | 97.59 | lm_ill_lm_contig12 contig_58
		Skipping redundant alignment 924 995 | 3035975 3036046 | 72 72 | 97.22 | lm_ill_lm_contig16 contig_58
		Skipping redundant alignment 1034 1180 | 3036084 3036230 | 147 147 | 91.16 | lm_ill_lm_contig16 contig_58
			The best set is below. Score: 593.1, number of alignments: 16, unaligned bases: 4756970
		This contig is misassembled.
		This contig is partially unaligned. (Aligned 1612 out of 4758582 non-N bases (0.03%))
			Warning! This contig is more unaligned than misassembled. Contig length is 4758582 (number of Ns: 0) and total length of all aligns is 1612
		Alignment: 924 995 | 1993193 1993264 | 72 72 | 97.22 | lm_ill_lm_contig16 contig_58
		Alignment: 1034 1174 | 1993302 1993442 | 141 141 | 92.91 | lm_ill_lm_contig16 contig_58
		Alignment: 1342 1416 | 1993612 1993686 | 75 75 | 90.67 | lm_ill_lm_contig16 contig_58
		Alignment: 1473 1587 | 1993743 1993857 | 115 115 | 93.91 | lm_ill_lm_contig16 contig_58
		Alignment: 924 995 | 2088281 2088352 | 72 72 | 97.22 | lm_ill_lm_contig16 contig_58
		Alignment: 1034 1174 | 2088390 2088530 | 141 141 | 92.91 | lm_ill_lm_contig16 contig_58
		Alignment: 1342 1416 | 2088700 2088774 | 75 75 | 90.67 | lm_ill_lm_contig16 contig_58
		Alignment: 1473 1587 | 2088831 2088945 | 115 115 | 93.91 | lm_ill_lm_contig16 contig_58
		Alignment: 924 995 | 2243515 2243586 | 72 72 | 97.22 | lm_ill_lm_contig16 contig_58
		Alignment: 1034 1174 | 2243624 2243764 | 141 141 | 92.91 | lm_ill_lm_contig16 contig_58
		Alignment: 1342 1416 | 2243934 2244008 | 75 75 | 90.67 | lm_ill_lm_contig16 contig_58
		Alignment: 1473 1587 | 2244065 2244179 | 115 115 | 93.91 | lm_ill_lm_contig16 contig_58
		Alignment: 924 995 | 2286430 2286501 | 72 72 | 97.22 | lm_ill_lm_contig16 contig_58
		Alignment: 1034 1174 | 2286539 2286679 | 141 141 | 92.91 | lm_ill_lm_contig16 contig_58
		Alignment: 1342 1416 | 2286849 2286923 | 75 75 | 90.67 | lm_ill_lm_contig16 contig_58
		Alignment: 1473 1587 | 2286980 2287094 | 115 115 | 93.91 | lm_ill_lm_contig16 contig_58
		Unaligned bases: 4756970

Analyzing coverage...
Writing SNPs into /media3/lucia/zymo_mock_community/asms_cuantizados/v6_27-2-21_1bin/metaquast-1bin-v2/runs_per_reference/lm_ill/contigs_reports/minimap_output/r10_1bin_v2_3_r1_medaka.used_snps.gz

Analysis is finished!
Founded SNPs were written into /media3/lucia/zymo_mock_community/asms_cuantizados/v6_27-2-21_1bin/metaquast-1bin-v2/runs_per_reference/lm_ill/contigs_reports/minimap_output/r10_1bin_v2_3_r1_medaka.used_snps.gz

Results:
	Local Misassemblies: 7
	Misassemblies: 2
		Relocations: 0
		Translocations: 2
		Inversions: 0
	Scaffold gap extensive misassemblies: 0
	Scaffold gap local misassemblies: 0
	Misassemblies caused by fragmented reference: 16
	Misassembled Contigs: 1
	Misassembled Contig Bases: 2992047
	Misassemblies Inter-Contig Overlap: 0
Unaligned Contigs: 0 + 7 part
Half Unaligned Contigs with Misassemblies: 6
Unaligned Contig Bases: 20954700

Ambiguously Mapped Contigs: 5
Total Bases in Ambiguously Mapped Contigs: 14550972
Extra Bases in Ambiguously Mapped Contigs: 0
Note that --allow-ambiguity option was set to "one" and only first alignment per each of these contigs was used.

	Covered Bases: 2957404

	SNPs: 6963
	Insertions: 676
	Deletions: 1299

