Aligning contigs to reference...
	Aligning contigs to the reference
Filtering alignments...
Parsing coords...
Loading reference...
	Loaded [lm_ill_lm_contig11]
	Loaded [lm_ill_lm_contig10]
	Loaded [lm_ill_lm_contig12]
	Loaded [lm_ill_lm_contig21]
	Loaded [lm_ill_lm_contig16]
	Loaded [lm_ill_lm_contig37]
	Loaded [lm_ill_lm_contig29]
	Loaded [lm_ill_lm_contig2]
	Loaded [lm_ill_lm_contig1]
	Loaded [lm_ill_lm_contig3]
	Loaded [lm_ill_lm_contig27]
	Loaded [lm_ill_lm_contig5]
	Loaded [lm_ill_lm_contig4]
	Loaded [lm_ill_lm_contig7]
	Loaded [lm_ill_lm_contig6]
	Loaded [lm_ill_lm_contig8]
	Total Regions: 16
	Total Region Length: 2958570
Analyzing contigs...
CONTIG: contig_2 (4045358bp)
Best alignment score: 2671.7 (LEN: 2926, IDY: 91.31), Total number of alignments: 48
			Looking for the best set of alignments (out of 48 total alignments)
			Skipping redundant alignments after choosing the best set of alignments
		Skipping redundant alignment 233 306 | 1699485 1699558 | 74 74 | 95.95 | lm_ill_lm_contig29 contig_2
		Skipping redundant alignment 325 408 | 1699563 1699646 | 84 84 | 92.86 | lm_ill_lm_contig29 contig_2
		Skipping redundant alignment 459 534 | 1699649 1699724 | 76 76 | 98.68 | lm_ill_lm_contig29 contig_2
		Skipping redundant alignment 1145 1217 | 2672787 2672859 | 73 73 | 100.0 | lm_ill_lm_contig1 contig_2
		Skipping redundant alignment 1145 1217 | 2096497 2096425 | 73 73 | 100.0 | lm_ill_lm_contig1 contig_2
		Skipping redundant alignment 1048 1138 | 2096618 2096528 | 91 91 | 94.51 | lm_ill_lm_contig1 contig_2
		Skipping redundant alignment 1145 1216 | 2428130 2428059 | 72 72 | 100.0 | lm_ill_lm_contig1 contig_2
		Skipping redundant alignment 461 532 | 2428059 2428130 | 72 72 | 100.0 | lm_ill_lm_contig29 contig_2
		Skipping redundant alignment 782250 782322 | 2428058 2428130 | 73 73 | 100.0 | lm_ill_lm_contig1 contig_2
		Skipping redundant alignment 782251 782322 | 2672858 2672787 | 72 72 | 100.0 | lm_ill_lm_contig1 contig_2
		Skipping redundant alignment 449 595 | 2456318 2456180 | 147 139 | 91.16 | lm_ill_lm_contig37 contig_2
		Skipping redundant alignment 449 522 | 3690886 3690959 | 74 74 | 97.3 | lm_ill_lm_contig37 contig_2
		Skipping redundant alignment 47930 48004 | 2489532 2489606 | 75 75 | 90.67 | lm_ill_lm_contig2 contig_2
		Skipping redundant alignment 17454 17572 | 2503101 2502983 | 119 119 | 90.76 | lm_ill_lm_contig3 contig_2
		Skipping redundant alignment 449 522 | 2526539 2526466 | 74 74 | 97.3 | lm_ill_lm_contig37 contig_2
		Skipping redundant alignment 176 248 | 2526827 2526755 | 73 73 | 97.26 | lm_ill_lm_contig37 contig_2
		Skipping redundant alignment 174 248 | 3690607 3690681 | 75 75 | 96.0 | lm_ill_lm_contig37 contig_2
		Skipping redundant alignment 460 532 | 2552322 2552394 | 73 73 | 100.0 | lm_ill_lm_contig29 contig_2
		Skipping redundant alignment 782251 782323 | 2552323 2552395 | 73 73 | 100.0 | lm_ill_lm_contig1 contig_2
		Skipping redundant alignment 1144 1225 | 2552395 2552314 | 82 82 | 100.0 | lm_ill_lm_contig1 contig_2
		This contig has several significant sets of alignments. [An ambiguously mapped contig]
		Using only the very best set (option --ambiguity-usage is set to "one").
			The best set is below. Score: 36286.8, number of alignments: 28, unaligned bases: 3999969
		This contig is misassembled.
		This contig is partially unaligned. (Aligned 45389 out of 4045358 non-N bases (1.12%))
			Warning! This contig is more unaligned than misassembled. Contig length is 4045358 (number of Ns: 0) and total length of all aligns is 45389
		Alignment: 197 3126 | 1700168 1703092 | 2930 2925 | 91.24 | lm_ill_lm_contig12 contig_2
		Alignment: 174 1724 | 1704805 1703255 | 1551 1551 | 91.99 | lm_ill_lm_contig16 contig_2
		Alignment: 196 3126 | 1992904 1995829 | 2931 2926 | 91.2 | lm_ill_lm_contig12 contig_2
		Alignment: 174 1724 | 1997542 1995992 | 1551 1551 | 92.06 | lm_ill_lm_contig16 contig_2
		Alignment: 197 3126 | 2446344 2449269 | 2930 2926 | 91.24 | lm_ill_lm_contig12 contig_2
		Alignment: 174 1724 | 2450981 2449432 | 1551 1550 | 91.86 | lm_ill_lm_contig16 contig_2
		Alignment: 196 3126 | 2451343 2454268 | 2931 2926 | 91.27 | lm_ill_lm_contig12 contig_2
		Alignment: 174 1724 | 2455981 2454431 | 1551 1551 | 91.86 | lm_ill_lm_contig16 contig_2
		Alignment: 196 3126 | 2456955 2459881 | 2931 2927 | 91.27 | lm_ill_lm_contig12 contig_2
		Alignment: 174 1724 | 2461594 2460044 | 1551 1551 | 91.86 | lm_ill_lm_contig16 contig_2
		Alignment: 197 3126 | 2521497 2524422 | 2930 2926 | 91.3 | lm_ill_lm_contig12 contig_2
		Alignment: 174 1724 | 2526135 2524585 | 1551 1551 | 91.99 | lm_ill_lm_contig16 contig_2
		Alignment: 197 3126 | 2527420 2530345 | 2930 2926 | 91.3 | lm_ill_lm_contig12 contig_2
		Alignment: 174 1724 | 2532058 2530508 | 1551 1551 | 91.99 | lm_ill_lm_contig16 contig_2
		Alignment: 197 3126 | 2587580 2590505 | 2930 2926 | 91.31 | lm_ill_lm_contig12 contig_2
		Alignment: 174 1724 | 2592395 2590845 | 1551 1551 | 91.93 | lm_ill_lm_contig16 contig_2
		Alignment: 197 3126 | 2608190 2611115 | 2930 2926 | 91.27 | lm_ill_lm_contig12 contig_2
		Alignment: 174 1724 | 2613005 2611455 | 1551 1551 | 91.99 | lm_ill_lm_contig16 contig_2
		Alignment: 459 533 | 2672860 2672786 | 75 75 | 100.0 | lm_ill_lm_contig29 contig_2
		Alignment: 174 1724 | 3685297 3686847 | 1551 1551 | 91.93 | lm_ill_lm_contig16 contig_2
		Alignment: 197 3126 | 3689935 3687010 | 2930 2926 | 91.31 | lm_ill_lm_contig12 contig_2
		Alignment: 96 170 | 3691060 3691134 | 75 75 | 90.67 | lm_ill_lm_contig1 contig_2
		Alignment: 181 256 | 3691139 3691214 | 76 76 | 97.37 | lm_ill_lm_contig1 contig_2
		Alignment: 276 367 | 3691221 3691312 | 92 92 | 92.39 | lm_ill_lm_contig1 contig_2
		Alignment: 405 482 | 3691328 3691405 | 78 78 | 93.59 | lm_ill_lm_contig1 contig_2
		Alignment: 765 836 | 3691744 3691815 | 72 72 | 95.83 | lm_ill_lm_contig1 contig_2
		Alignment: 859 935 | 3691831 3691907 | 77 77 | 94.81 | lm_ill_lm_contig1 contig_2
		Alignment: 1145 1219 | 3692120 3692194 | 75 75 | 100.0 | lm_ill_lm_contig1 contig_2
		Unaligned bases: 3999969

CONTIG: contig_28 (2991970bp)
Best alignment score: 537893.4 (LEN: 538001, IDY: 99.98), Total number of alignments: 56
			Looking for the best set of alignments (out of 56 total alignments)
			Skipping redundant alignments after choosing the best set of alignments
		Skipping redundant alignment 1141 1216 | 1304442 1304367 | 76 76 | 100.0 | lm_ill_lm_contig1 contig_28
		Skipping redundant alignment 1218 1870 | 2553 1901 | 653 653 | 96.02 | lm_ill_lm_contig11 contig_28
		Skipping redundant alignment 1703 2447 | 1938 2682 | 745 745 | 92.44 | lm_ill_lm_contig10 contig_28
		Skipping redundant alignment 1932 2006 | 1415510 1415584 | 75 75 | 93.33 | lm_ill_lm_contig11 contig_28
		Skipping redundant alignment 1932 2508 | 6332 5756 | 577 577 | 94.97 | lm_ill_lm_contig11 contig_28
		Skipping redundant alignment 1 363 | 1418012 1418374 | 363 363 | 91.46 | lm_ill_lm_contig11 contig_28
		Skipping redundant alignment 935 1665 | 1418859 1419589 | 731 731 | 91.24 | lm_ill_lm_contig11 contig_28
		Skipping redundant alignment 542673 542799 | 290925 290799 | 127 127 | 100.0 | lm_ill_lm_contig2 contig_28
		Skipping redundant alignment 331 404 | 291703 291776 | 74 74 | 100.0 | lm_ill_lm_contig29 contig_28
		Skipping redundant alignment 331 404 | 1785847 1785774 | 74 74 | 100.0 | lm_ill_lm_contig29 contig_28
		Skipping redundant alignment 862 935 | 532805 532732 | 74 74 | 100.0 | lm_ill_lm_contig1 contig_28
		Skipping redundant alignment 862 935 | 1079363 1079436 | 74 74 | 100.0 | lm_ill_lm_contig1 contig_28
		Skipping redundant alignment 232021 232164 | 1082945 1082802 | 144 144 | 100.0 | lm_ill_lm_contig5 contig_28
		Skipping redundant alignment 666 745 | 1083726 1083805 | 80 80 | 97.5 | lm_ill_lm_contig1 contig_28
		Skipping redundant alignment 2007 2579 | 1415586 1416158 | 573 573 | 91.62 | lm_ill_lm_contig11 contig_28
		Skipping redundant alignment 461 532 | 1304367 1304438 | 72 72 | 100.0 | lm_ill_lm_contig29 contig_28
		Skipping redundant alignment 782245 782323 | 1304361 1304439 | 79 79 | 100.0 | lm_ill_lm_contig1 contig_28
		This contig has several significant sets of alignments. [An ambiguously mapped contig]
		Using only the very best set (option --ambiguity-usage is set to "one").
			The best set is below. Score: 2984570.3, number of alignments: 39, unaligned bases: 5934
		This contig is misassembled.
		This contig is partially unaligned. (Aligned 2986036 out of 2991970 non-N bases (99.80%))
			Excluding internal overlap of size 55 between Alignment 1 and 2: 1204895 1205589 | 1 694 | 695 694 --> 1204895 1205534 | 1 639 | 640 639
			Real Alignment 1: 1204895 1205534 | 1 639 | 640 639 | 99.86 | lm_ill_lm_contig1 contig_28
			  Indel (> 5bp) between these two alignments: deletion of length 55; 0 mismatches (number of Ns: 0) [fragmentation of reference genome]
			Real Alignment 2: 1 1131 | 640 1770 | 1131 1131 | 98.94 | lm_ill_lm_contig21 contig_28
			  Not a misassembly [fragmentation of reference genome] between these two alignments
			Real Alignment 3: 1 3660 | 2441 6100 | 3660 3660 | 99.73 | lm_ill_lm_contig10 contig_28
			  Not a misassembly [fragmentation of reference genome] between these two alignments
			Excluding internal overlap of size 55 between Alignment 4 and 5: 1 768 | 7443 6676 | 768 768 --> 56 768 | 7388 6676 | 713 713
			Real Alignment 4: 56 768 | 7388 6676 | 713 713 | 99.22 | lm_ill_lm_contig27 contig_28
			  Indel (> 5bp) between these two alignments: deletion of length 55; 0 mismatches (number of Ns: 0) [fragmentation of reference genome]
			Excluding internal overlap of size 55 between Alignment 5 and 6: 1 3237 | 285765 289001 | 3237 3237 --> 56 3237 | 285820 289001 | 3182 3182
			Real Alignment 5: 1 278439 | 285819 7389 | 278439 278431 | 99.99 | lm_ill_lm_contig3 contig_28
			  Indel (> 5bp) between these two alignments: deletion of length 55; 0 mismatches (number of Ns: 0) [fragmentation of reference genome]
			Real Alignment 6: 56 3237 | 285820 289001 | 3182 3182 | 100.0 | lm_ill_lm_contig12 contig_28
			  Not a misassembly [fragmentation of reference genome] between these two alignments
			Real Alignment 7: 1 1778 | 290853 289076 | 1778 1778 | 99.94 | lm_ill_lm_contig16 contig_28
			  Not a misassembly [fragmentation of reference genome] between these two alignments
			Real Alignment 8: 1 595 | 291579 290983 | 595 597 | 98.66 | lm_ill_lm_contig37 contig_28
			  Not a misassembly [fragmentation of reference genome] between these two alignments
			Real Alignment 9: 1 3237 | 291784 295020 | 3237 3237 | 100.0 | lm_ill_lm_contig12 contig_28
			  Not a misassembly [fragmentation of reference genome] between these two alignments
			Excluding internal overlap of size 55 between Alignment 10 and 11: 1 1778 | 296872 295095 | 1778 1778 --> 56 1778 | 296817 295095 | 1723 1723
			Real Alignment 10: 56 1778 | 296817 295095 | 1723 1723 | 99.89 | lm_ill_lm_contig16 contig_28
			  Indel (> 5bp) between these two alignments: deletion of length 55; 0 mismatches (number of Ns: 0) [fragmentation of reference genome]
			Real Alignment 11: 1 37130 | 296818 333942 | 37130 37125 | 99.98 | lm_ill_lm_contig5 contig_28
			  Gap between these two alignments (local misassembly). Inconsistency = -408
			Real Alignment 12: 36861 201191 | 334081 498396 | 164331 164316 | 99.97 | lm_ill_lm_contig5 contig_28
			  Gap between these two alignments (local misassembly). Inconsistency = 0
			Excluding internal overlap of size 55 between Alignment 13 and 14: 1 3237 | 529312 532548 | 3237 3237 --> 56 3237 | 529367 532548 | 3182 3182
			Real Alignment 13: 201553 232164 | 498758 529366 | 30612 30609 | 99.99 | lm_ill_lm_contig5 contig_28
			  Indel (> 5bp) between these two alignments: deletion of length 55; 0 mismatches (number of Ns: 0) [fragmentation of reference genome]
			Real Alignment 14: 56 3237 | 529367 532548 | 3182 3182 | 99.91 | lm_ill_lm_contig12 contig_28
			  Not a misassembly [fragmentation of reference genome] between these two alignments
			Excluding internal overlap of size 55 between Alignment 15 and 16: 1 1778 | 534651 532874 | 1778 1778 --> 56 1778 | 534596 532874 | 1723 1723
			Real Alignment 15: 56 1778 | 534596 532874 | 1723 1723 | 99.94 | lm_ill_lm_contig16 contig_28
			  Indel (> 5bp) between these two alignments: deletion of length 55; 0 mismatches (number of Ns: 0) [fragmentation of reference genome]
			Excluding internal overlap of size 317 between Alignment 16 and 17: 537510 542799 | 1072281 1077571 | 5290 5291 --> 537826 542799 | 1072598 1077571 | 4974 4974
			Real Alignment 16: 1 538033 | 534597 1072597 | 538033 538001 | 99.98 | lm_ill_lm_contig2 contig_28
			  Overlap between these two alignments (local misassembly). Inconsistency = -208
			Excluding internal overlap of size 55 between Alignment 17 and 18: 1 1778 | 1077517 1079294 | 1778 1778 --> 56 1778 | 1077572 1079294 | 1723 1723
			Real Alignment 17: 537826 542799 | 1072598 1077571 | 4974 4974 | 99.79 | lm_ill_lm_contig2 contig_28
			  Indel (> 5bp) between these two alignments: deletion of length 55; 0 mismatches (number of Ns: 0) [fragmentation of reference genome]
			Real Alignment 18: 56 1778 | 1077572 1079294 | 1723 1723 | 100.0 | lm_ill_lm_contig16 contig_28
			  Not a misassembly [fragmentation of reference genome] between these two alignments
			Real Alignment 19: 1 3237 | 1082856 1079620 | 3237 3237 | 99.97 | lm_ill_lm_contig12 contig_28
			  Not a misassembly [fragmentation of reference genome] between these two alignments
			Real Alignment 20: 1 740 | 1083603 1082862 | 740 742 | 99.73 | lm_ill_lm_contig29 contig_28
			  Not a misassembly [fragmentation of reference genome] between these two alignments
			Real Alignment 21: 1 220359 | 1083739 1304093 | 220359 220355 | 99.99 | lm_ill_lm_contig6 contig_28
			  Not a misassembly [fragmentation of reference genome] between these two alignments
			Excluding internal overlap of size 193 between Alignment 22 and 23: 277713 278439 | 1413727 1414453 | 727 727 --> 277906 278439 | 1413920 1414453 | 534 534
			Real Alignment 22: 1 109542 | 1413919 1304385 | 109542 109535 | 99.98 | lm_ill_lm_contig7 contig_28
			  Extensive misassembly (translocation) between these two alignments
			Excluding internal overlap of size 55 between Alignment 23 and 24: 277906 278439 | 1413920 1414453 | 534 534 --> 277906 278384 | 1413920 1414398 | 479 479
			Real Alignment 23: 277906 278384 | 1413920 1414398 | 479 479 | 96.29 | lm_ill_lm_contig3 contig_28
			  Indel (> 5bp) between these two alignments: deletion of length 55; 0 mismatches (number of Ns: 0) [fragmentation of reference genome]
			Real Alignment 24: 1 768 | 1414399 1415166 | 768 768 | 99.61 | lm_ill_lm_contig27 contig_28
			  Not a misassembly [fragmentation of reference genome] between these two alignments
			Real Alignment 25: 1 3504 | 1415796 1419299 | 3504 3504 | 99.83 | lm_ill_lm_contig11 contig_28
			  Not a misassembly [fragmentation of reference genome] between these two alignments
			Excluding internal overlap of size 55 between Alignment 26 and 27: 1204919 1205589 | 1421669 1421001 | 671 669 --> 1204919 1205534 | 1421669 1421056 | 616 614
			Real Alignment 26: 1 1131 | 1421055 1419925 | 1131 1131 | 99.56 | lm_ill_lm_contig21 contig_28
			  Indel (> 5bp) between these two alignments: deletion of length 55; 0 mismatches (number of Ns: 0) [fragmentation of reference genome]
			Excluding internal overlap of size 163 between Alignment 27 and 28: 1204919 1205534 | 1421669 1421056 | 616 614 --> 1205085 1205534 | 1421506 1421056 | 450 451
			Real Alignment 27: 1205085 1205534 | 1421506 1421056 | 450 451 | 95.54 | lm_ill_lm_contig1 contig_28
			  Extensive misassembly (translocation) between these two alignments
			Excluding internal overlap of size 55 between Alignment 28 and 29: 1 1778 | 1676007 1677784 | 1778 1778 --> 56 1778 | 1676062 1677784 | 1723 1723
			Real Alignment 28: 1 254567 | 1676061 1421507 | 254567 254555 | 99.99 | lm_ill_lm_contig4 contig_28
			  Indel (> 5bp) between these two alignments: deletion of length 55; 0 mismatches (number of Ns: 0) [fragmentation of reference genome]
			Real Alignment 29: 56 1778 | 1676062 1677784 | 1723 1723 | 100.0 | lm_ill_lm_contig16 contig_28
			  Not a misassembly [fragmentation of reference genome] between these two alignments
			Excluding internal overlap of size 55 between Alignment 30 and 31: 1 3237 | 1681095 1677859 | 3237 3237 --> 56 3237 | 1681040 1677859 | 3182 3182
			Real Alignment 30: 56 3237 | 1681040 1677859 | 3182 3182 | 99.97 | lm_ill_lm_contig12 contig_28
			  Indel (> 5bp) between these two alignments: deletion of length 55; 0 mismatches (number of Ns: 0) [fragmentation of reference genome]
			Excluding internal overlap of size 55 between Alignment 31 and 32: 1 1778 | 1780678 1782455 | 1778 1778 --> 56 1778 | 1780733 1782455 | 1723 1723
			Real Alignment 31: 1 99698 | 1780732 1681041 | 99698 99692 | 99.99 | lm_ill_lm_contig8 contig_28
			  Indel (> 5bp) between these two alignments: deletion of length 55; 0 mismatches (number of Ns: 0) [fragmentation of reference genome]
			Real Alignment 32: 56 1778 | 1780733 1782455 | 1723 1723 | 99.94 | lm_ill_lm_contig16 contig_28
			  Not a misassembly [fragmentation of reference genome] between these two alignments
			Real Alignment 33: 1 3237 | 1785766 1782530 | 3237 3237 | 100.0 | lm_ill_lm_contig12 contig_28
			  Not a misassembly [fragmentation of reference genome] between these two alignments
			Excluding internal overlap of size 36 between Alignment 34 and 35: 1 595 | 1785971 1786565 | 595 595 --> 1 559 | 1785971 1786529 | 559 559
			Real Alignment 34: 1 559 | 1785971 1786529 | 559 559 | 96.68 | lm_ill_lm_contig37 contig_28
			  Indel (> 5bp) between these two alignments: deletion of length 36; 0 mismatches (number of Ns: 0) [fragmentation of reference genome]
			Real Alignment 35: 1 475911 | 1786530 2262434 | 475911 475905 | 99.99 | lm_ill_lm_contig1 contig_28
			  Gap between these two alignments (local misassembly). Inconsistency = 0
			Real Alignment 36: 476227 476309 | 2262750 2262832 | 83 83 | 97.59 | lm_ill_lm_contig1 contig_28
			  Gap between these two alignments (local misassembly). Inconsistency = -882
			Real Alignment 37: 475820 475911 | 2263225 2263316 | 92 92 | 100.0 | lm_ill_lm_contig1 contig_28
			  Gap between these two alignments (local misassembly). Inconsistency = 0
			Excluding internal overlap of size 492 between Alignment 38 and 39: 904935 1204919 | 2692003 2991970 | 299985 299968 --> 905427 1204919 | 2692495 2991970 | 299493 299476
			Real Alignment 38: 476227 905012 | 2263632 2692494 | 428786 428863 | 99.97 | lm_ill_lm_contig1 contig_28
			  Gap between these two alignments (local misassembly). Inconsistency = 414
			Real Alignment 39: 905427 1204919 | 2692495 2991970 | 299493 299476 | 99.98 | lm_ill_lm_contig1 contig_28
		Unaligned bases: 5934

CONTIG: contig_50 (2845324bp)
Best alignment score: 35767.4 (LEN: 35771, IDY: 99.99), Total number of alignments: 52
			Looking for the best set of alignments (out of 52 total alignments)
			Skipping redundant alignments after choosing the best set of alignments
		Skipping redundant alignment 47636 47824 | 25456 25644 | 189 189 | 91.53 | lm_ill_lm_contig2 contig_50
		Skipping redundant alignment 455 532 | 1308133 1308056 | 78 78 | 98.72 | lm_ill_lm_contig29 contig_50
		Skipping redundant alignment 331 403 | 1308227 1308155 | 73 73 | 97.26 | lm_ill_lm_contig29 contig_50
		Skipping redundant alignment 782157 782225 | 1308305 1308237 | 69 69 | 100.0 | lm_ill_lm_contig1 contig_50
		Skipping redundant alignment 487 565 | 1308237 1308315 | 79 79 | 98.73 | lm_ill_lm_contig1 contig_50
		Skipping redundant alignment 151 229 | 1308315 1308237 | 79 79 | 98.73 | lm_ill_lm_contig29 contig_50
		Skipping redundant alignment 264 355 | 245826 245917 | 92 92 | 93.48 | lm_ill_lm_contig37 contig_50
		Skipping redundant alignment 172110 172257 | 2597737 2597884 | 148 148 | 91.22 | lm_ill_lm_contig5 contig_50
		Skipping redundant alignment 264 355 | 689039 689130 | 92 92 | 93.48 | lm_ill_lm_contig37 contig_50
		Skipping redundant alignment 445 526 | 689226 689307 | 82 82 | 96.34 | lm_ill_lm_contig37 contig_50
		Skipping redundant alignment 91616 91816 | 2120811 2121011 | 201 201 | 91.04 | lm_ill_lm_contig5 contig_50
		Skipping redundant alignment 232 307 | 690375 690300 | 76 76 | 98.68 | lm_ill_lm_contig29 contig_50
		This contig has several significant sets of alignments. [An ambiguously mapped contig]
		Using only the very best set (option --ambiguity-usage is set to "one").
			The best set is below. Score: 47329.8, number of alignments: 40, unaligned bases: 2794517
		This contig is misassembled.
		This contig is partially unaligned. (Aligned 50807 out of 2845324 non-N bases (1.79%))
			Warning! This contig is more unaligned than misassembled. Contig length is 2845324 (number of Ns: 0) and total length of all aligns is 50807
		Alignment: 174 1725 | 240491 242051 | 1552 1561 | 90.82 | lm_ill_lm_contig16 contig_50
		Alignment: 2977 3114 | 242419 242282 | 138 138 | 93.48 | lm_ill_lm_contig12 contig_50
		Alignment: 2820 2949 | 242576 242447 | 130 130 | 91.54 | lm_ill_lm_contig12 contig_50
		Alignment: 2474 2720 | 242915 242669 | 247 247 | 92.31 | lm_ill_lm_contig12 contig_50
		Alignment: 2240 2418 | 243149 242971 | 179 179 | 94.41 | lm_ill_lm_contig12 contig_50
		Alignment: 1914 2233 | 243475 243156 | 320 320 | 94.06 | lm_ill_lm_contig12 contig_50
		Alignment: 912 1344 | 244464 244032 | 433 433 | 91.92 | lm_ill_lm_contig12 contig_50
		Alignment: 296 907 | 245080 244469 | 612 612 | 94.28 | lm_ill_lm_contig12 contig_50
		Alignment: 174 1725 | 683600 685162 | 1552 1563 | 90.95 | lm_ill_lm_contig16 contig_50
		Alignment: 2977 3114 | 685632 685495 | 138 138 | 93.48 | lm_ill_lm_contig12 contig_50
		Alignment: 2820 2949 | 685789 685660 | 130 130 | 91.54 | lm_ill_lm_contig12 contig_50
		Alignment: 2474 2720 | 686128 685882 | 247 247 | 92.31 | lm_ill_lm_contig12 contig_50
		Alignment: 2240 2418 | 686362 686184 | 179 179 | 94.41 | lm_ill_lm_contig12 contig_50
		Alignment: 1914 2233 | 686688 686369 | 320 320 | 94.06 | lm_ill_lm_contig12 contig_50
		Alignment: 912 1344 | 687677 687245 | 433 433 | 91.92 | lm_ill_lm_contig12 contig_50
		Alignment: 296 907 | 688293 687682 | 612 612 | 94.28 | lm_ill_lm_contig12 contig_50
		Alignment: 177 255 | 689501 689579 | 79 79 | 94.94 | lm_ill_lm_contig1 contig_50
		Alignment: 397 484 | 689723 689810 | 88 88 | 93.18 | lm_ill_lm_contig1 contig_50
		Alignment: 764 839 | 689924 689999 | 76 76 | 93.42 | lm_ill_lm_contig1 contig_50
		Alignment: 862 936 | 690006 690080 | 75 75 | 100.0 | lm_ill_lm_contig1 contig_50
		Alignment: 765 842 | 690588 690665 | 78 78 | 92.31 | lm_ill_lm_contig1 contig_50
		Alignment: 860 938 | 690671 690749 | 79 79 | 100.0 | lm_ill_lm_contig1 contig_50
		Alignment: 1143 1217 | 690858 690932 | 75 75 | 98.67 | lm_ill_lm_contig1 contig_50
		Alignment: 174 1725 | 1302819 1304381 | 1552 1563 | 90.95 | lm_ill_lm_contig16 contig_50
		Alignment: 2977 3114 | 1304851 1304714 | 138 138 | 92.75 | lm_ill_lm_contig12 contig_50
		Alignment: 2820 2949 | 1305008 1304879 | 130 130 | 91.54 | lm_ill_lm_contig12 contig_50
		Alignment: 2474 2720 | 1305347 1305101 | 247 247 | 92.31 | lm_ill_lm_contig12 contig_50
		Alignment: 2240 2418 | 1305581 1305403 | 179 179 | 94.41 | lm_ill_lm_contig12 contig_50
		Alignment: 1914 2233 | 1305907 1305588 | 320 320 | 94.06 | lm_ill_lm_contig12 contig_50
		Alignment: 912 1344 | 1306896 1306464 | 433 433 | 91.92 | lm_ill_lm_contig12 contig_50
		Alignment: 296 907 | 1307512 1306901 | 612 612 | 94.28 | lm_ill_lm_contig12 contig_50
		Alignment: 81096 116864 | 2391436 2427206 | 35769 35771 | 99.99 | lm_ill_lm_contig6 contig_50
		Alignment: 296 907 | 2811141 2811752 | 612 612 | 94.28 | lm_ill_lm_contig12 contig_50
		Alignment: 912 1344 | 2811757 2812189 | 433 433 | 91.92 | lm_ill_lm_contig12 contig_50
		Alignment: 1914 2233 | 2812746 2813065 | 320 320 | 94.06 | lm_ill_lm_contig12 contig_50
		Alignment: 2240 2418 | 2813072 2813250 | 179 179 | 94.41 | lm_ill_lm_contig12 contig_50
		Alignment: 2474 2720 | 2813306 2813552 | 247 247 | 92.31 | lm_ill_lm_contig12 contig_50
		Alignment: 2820 2949 | 2813645 2813774 | 130 130 | 91.54 | lm_ill_lm_contig12 contig_50
		Alignment: 2977 3114 | 2813802 2813939 | 138 138 | 93.48 | lm_ill_lm_contig12 contig_50
		Alignment: 174 1725 | 2815732 2814170 | 1552 1563 | 90.95 | lm_ill_lm_contig16 contig_50
		Unaligned bases: 2794517

CONTIG: contig_44 (2720341bp)
Best alignment score: 1408.4 (LEN: 1553, IDY: 90.69), Total number of alignments: 62
			Looking for the best set of alignments (out of 62 total alignments)
			Skipping redundant alignments after choosing the best set of alignments
		Skipping redundant alignment 439 523 | 2584050 2583966 | 85 85 | 96.47 | lm_ill_lm_contig37 contig_44
		Skipping redundant alignment 447 524 | 1218770 1218847 | 78 78 | 100.0 | lm_ill_lm_contig37 contig_44
		This contig has several significant sets of alignments. [An ambiguously mapped contig]
		Using only the very best set (option --ambiguity-usage is set to "one").
			The best set is below. Score: 15508.7, number of alignments: 60, unaligned bases: 2700008
		This contig is misassembled.
		This contig is partially unaligned. (Aligned 20333 out of 2720341 non-N bases (0.75%))
			Warning! This contig is more unaligned than misassembled. Contig length is 2720341 (number of Ns: 0) and total length of all aligns is 20333
		Alignment: 304 384 | 667 747 | 81 81 | 92.59 | lm_ill_lm_contig12 contig_44
		Alignment: 396 700 | 759 1063 | 305 305 | 97.7 | lm_ill_lm_contig12 contig_44
		Alignment: 701 885 | 1065 1249 | 185 185 | 90.81 | lm_ill_lm_contig12 contig_44
		Alignment: 965 1346 | 1329 1710 | 382 382 | 94.76 | lm_ill_lm_contig12 contig_44
		Alignment: 1367 1447 | 1730 1810 | 81 81 | 97.53 | lm_ill_lm_contig12 contig_44
		Alignment: 1677 1863 | 2042 2228 | 187 187 | 90.37 | lm_ill_lm_contig12 contig_44
		Alignment: 1910 2127 | 2270 2487 | 218 218 | 91.74 | lm_ill_lm_contig12 contig_44
		Alignment: 2427 2716 | 2784 3073 | 290 290 | 93.79 | lm_ill_lm_contig12 contig_44
		Alignment: 2799 2936 | 3154 3291 | 138 138 | 93.48 | lm_ill_lm_contig12 contig_44
		Alignment: 174 1724 | 5501 3949 | 1551 1553 | 90.44 | lm_ill_lm_contig16 contig_44
		Alignment: 304 384 | 114139 114219 | 81 81 | 92.59 | lm_ill_lm_contig12 contig_44
		Alignment: 396 701 | 114231 114536 | 306 306 | 97.71 | lm_ill_lm_contig12 contig_44
		Alignment: 965 1346 | 114802 115183 | 382 382 | 94.76 | lm_ill_lm_contig12 contig_44
		Alignment: 1367 1447 | 115203 115283 | 81 81 | 97.53 | lm_ill_lm_contig12 contig_44
		Alignment: 1677 1863 | 115515 115701 | 187 187 | 90.37 | lm_ill_lm_contig12 contig_44
		Alignment: 1910 2127 | 115743 115960 | 218 218 | 91.74 | lm_ill_lm_contig12 contig_44
		Alignment: 2427 2730 | 116260 116563 | 304 304 | 92.43 | lm_ill_lm_contig12 contig_44
		Alignment: 2799 2936 | 116631 116768 | 138 138 | 93.48 | lm_ill_lm_contig12 contig_44
		Alignment: 174 1724 | 118932 117380 | 1551 1553 | 90.57 | lm_ill_lm_contig16 contig_44
		Alignment: 306698 306806 | 922240 922132 | 109 109 | 91.74 | lm_ill_lm_contig1 contig_44
		Alignment: 306593 306681 | 922345 922257 | 89 89 | 91.01 | lm_ill_lm_contig1 contig_44
		Alignment: 174 1724 | 1174437 1175987 | 1551 1551 | 90.57 | lm_ill_lm_contig16 contig_44
		Alignment: 2799 2936 | 1176751 1176614 | 138 138 | 93.48 | lm_ill_lm_contig12 contig_44
		Alignment: 2427 2730 | 1177122 1176819 | 304 304 | 92.43 | lm_ill_lm_contig12 contig_44
		Alignment: 1910 2072 | 1177636 1177474 | 163 163 | 92.02 | lm_ill_lm_contig12 contig_44
		Alignment: 1677 1863 | 1177864 1177678 | 187 187 | 90.37 | lm_ill_lm_contig12 contig_44
		Alignment: 1367 1447 | 1178176 1178096 | 81 81 | 97.53 | lm_ill_lm_contig12 contig_44
		Alignment: 965 1346 | 1178577 1178196 | 382 382 | 94.76 | lm_ill_lm_contig12 contig_44
		Alignment: 396 700 | 1179147 1178843 | 305 305 | 97.7 | lm_ill_lm_contig12 contig_44
		Alignment: 304 384 | 1179239 1179159 | 81 81 | 92.59 | lm_ill_lm_contig12 contig_44
		Alignment: 174 1724 | 1219071 1220623 | 1551 1553 | 90.62 | lm_ill_lm_contig16 contig_44
		Alignment: 2799 2936 | 1221329 1221192 | 138 138 | 93.48 | lm_ill_lm_contig12 contig_44
		Alignment: 2427 2730 | 1221700 1221397 | 304 304 | 92.43 | lm_ill_lm_contig12 contig_44
		Alignment: 1910 2127 | 1222215 1221998 | 218 218 | 91.74 | lm_ill_lm_contig12 contig_44
		Alignment: 1677 1863 | 1222443 1222257 | 187 187 | 90.91 | lm_ill_lm_contig12 contig_44
		Alignment: 1367 1447 | 1222755 1222675 | 81 81 | 97.53 | lm_ill_lm_contig12 contig_44
		Alignment: 965 1346 | 1223156 1222775 | 382 382 | 94.76 | lm_ill_lm_contig12 contig_44
		Alignment: 396 700 | 1223726 1223422 | 305 305 | 97.7 | lm_ill_lm_contig12 contig_44
		Alignment: 304 384 | 1223818 1223738 | 81 81 | 92.59 | lm_ill_lm_contig12 contig_44
		Alignment: 174 1724 | 1224330 1225882 | 1551 1553 | 90.69 | lm_ill_lm_contig16 contig_44
		Alignment: 2799 2936 | 1226555 1226418 | 138 138 | 93.48 | lm_ill_lm_contig12 contig_44
		Alignment: 2427 2716 | 1226925 1226636 | 290 290 | 93.45 | lm_ill_lm_contig12 contig_44
		Alignment: 1910 2127 | 1227440 1227223 | 218 218 | 91.74 | lm_ill_lm_contig12 contig_44
		Alignment: 1677 1863 | 1227668 1227482 | 187 187 | 90.37 | lm_ill_lm_contig12 contig_44
		Alignment: 1367 1447 | 1227980 1227900 | 81 81 | 97.53 | lm_ill_lm_contig12 contig_44
		Alignment: 965 1346 | 1228381 1228000 | 382 382 | 94.76 | lm_ill_lm_contig12 contig_44
		Alignment: 396 700 | 1228951 1228647 | 305 305 | 97.7 | lm_ill_lm_contig12 contig_44
		Alignment: 304 384 | 1229043 1228963 | 81 81 | 92.59 | lm_ill_lm_contig12 contig_44
		Alignment: 47688 47884 | 1265230 1265034 | 197 197 | 90.86 | lm_ill_lm_contig2 contig_44
		Alignment: 47306 47476 | 1265612 1265442 | 171 171 | 90.64 | lm_ill_lm_contig2 contig_44
		Alignment: 304 384 | 2584961 2585041 | 81 81 | 92.59 | lm_ill_lm_contig12 contig_44
		Alignment: 396 701 | 2585053 2585358 | 306 306 | 97.71 | lm_ill_lm_contig12 contig_44
		Alignment: 702 885 | 2585360 2585543 | 184 184 | 90.76 | lm_ill_lm_contig12 contig_44
		Alignment: 965 1346 | 2585623 2586004 | 382 382 | 94.76 | lm_ill_lm_contig12 contig_44
		Alignment: 1367 1447 | 2586024 2586104 | 81 81 | 97.53 | lm_ill_lm_contig12 contig_44
		Alignment: 1677 1863 | 2586336 2586522 | 187 187 | 90.37 | lm_ill_lm_contig12 contig_44
		Alignment: 1910 2127 | 2586564 2586781 | 218 218 | 91.74 | lm_ill_lm_contig12 contig_44
		Alignment: 2427 2716 | 2587079 2587368 | 290 290 | 93.79 | lm_ill_lm_contig12 contig_44
		Alignment: 2799 2936 | 2587449 2587586 | 138 138 | 93.48 | lm_ill_lm_contig12 contig_44
		Alignment: 174 1724 | 2589800 2588247 | 1551 1554 | 90.57 | lm_ill_lm_contig16 contig_44
		Unaligned bases: 2700008

CONTIG: contig_14 (4764744bp)
Best alignment score: 118.0 (LEN: 126, IDY: 93.65), Total number of alignments: 33
			Looking for the best set of alignments (out of 33 total alignments)
			Skipping redundant alignments after choosing the best set of alignments
		Skipping redundant alignment 1124 1206 | 2283946 2284028 | 83 83 | 97.59 | lm_ill_lm_contig12 contig_14
		Skipping redundant alignment 1342 1416 | 2286739 2286665 | 75 75 | 90.67 | lm_ill_lm_contig16 contig_14
		Skipping redundant alignment 1055 1174 | 2287028 2286909 | 120 120 | 95.83 | lm_ill_lm_contig16 contig_14
		Skipping redundant alignment 924 995 | 2287158 2287087 | 72 72 | 97.22 | lm_ill_lm_contig16 contig_14
		Skipping redundant alignment 1124 1206 | 2931799 2931881 | 83 83 | 97.59 | lm_ill_lm_contig12 contig_14
		Skipping redundant alignment 1124 1206 | 4452900 4452818 | 83 83 | 97.59 | lm_ill_lm_contig12 contig_14
		Skipping redundant alignment 1124 1206 | 2973191 2973273 | 83 83 | 97.59 | lm_ill_lm_contig12 contig_14
		Skipping redundant alignment 1124 1206 | 3104202 3104284 | 83 83 | 97.59 | lm_ill_lm_contig12 contig_14
		Skipping redundant alignment 1124 1206 | 3197900 3197982 | 83 83 | 97.59 | lm_ill_lm_contig12 contig_14
		Skipping redundant alignment 924 995 | 3741474 3741545 | 72 72 | 97.22 | lm_ill_lm_contig16 contig_14
		Skipping redundant alignment 1055 1180 | 3741604 3741729 | 126 126 | 93.65 | lm_ill_lm_contig16 contig_14
		Skipping redundant alignment 1342 1416 | 3741893 3741967 | 75 75 | 90.67 | lm_ill_lm_contig16 contig_14
		Skipping redundant alignment 1473 1587 | 3742024 3742138 | 115 115 | 93.91 | lm_ill_lm_contig16 contig_14
		Skipping redundant alignment 1124 1206 | 3744674 3744592 | 83 83 | 97.59 | lm_ill_lm_contig12 contig_14
		Skipping redundant alignment 924 995 | 4449707 4449778 | 72 72 | 97.22 | lm_ill_lm_contig16 contig_14
		Skipping redundant alignment 1055 1180 | 4449837 4449962 | 126 126 | 93.65 | lm_ill_lm_contig16 contig_14
		Skipping redundant alignment 1342 1416 | 4450126 4450200 | 75 75 | 90.67 | lm_ill_lm_contig16 contig_14
		Skipping redundant alignment 1473 1594 | 4450257 4450378 | 122 122 | 92.62 | lm_ill_lm_contig16 contig_14
			The best set is below. Score: 488.3, number of alignments: 15, unaligned bases: 4763267
		This contig is misassembled.
		This contig is partially unaligned. (Aligned 1477 out of 4764744 non-N bases (0.03%))
			Warning! This contig is more unaligned than misassembled. Contig length is 4764744 (number of Ns: 0) and total length of all aligns is 1477
		Alignment: 1473 1587 | 2934366 2934252 | 115 115 | 93.91 | lm_ill_lm_contig16 contig_14
		Alignment: 1055 1180 | 2934787 2934662 | 126 126 | 93.65 | lm_ill_lm_contig16 contig_14
		Alignment: 924 995 | 2934917 2934846 | 72 72 | 97.22 | lm_ill_lm_contig16 contig_14
		Alignment: 1473 1587 | 2975758 2975644 | 115 115 | 93.91 | lm_ill_lm_contig16 contig_14
		Alignment: 1342 1416 | 2975889 2975815 | 75 75 | 90.67 | lm_ill_lm_contig16 contig_14
		Alignment: 1055 1180 | 2976178 2976053 | 126 126 | 93.65 | lm_ill_lm_contig16 contig_14
		Alignment: 924 995 | 2976308 2976237 | 72 72 | 97.22 | lm_ill_lm_contig16 contig_14
		Alignment: 1473 1587 | 3106863 3106749 | 115 115 | 93.91 | lm_ill_lm_contig16 contig_14
		Alignment: 1342 1416 | 3106994 3106920 | 75 75 | 90.67 | lm_ill_lm_contig16 contig_14
		Alignment: 1055 1180 | 3107283 3107158 | 126 126 | 93.65 | lm_ill_lm_contig16 contig_14
		Alignment: 924 995 | 3107413 3107342 | 72 72 | 97.22 | lm_ill_lm_contig16 contig_14
		Alignment: 1473 1587 | 3200467 3200353 | 115 115 | 93.91 | lm_ill_lm_contig16 contig_14
		Alignment: 1342 1416 | 3200598 3200524 | 75 75 | 90.67 | lm_ill_lm_contig16 contig_14
		Alignment: 1055 1180 | 3200887 3200762 | 126 126 | 93.65 | lm_ill_lm_contig16 contig_14
		Alignment: 924 995 | 3201017 3200946 | 72 72 | 97.22 | lm_ill_lm_contig16 contig_14
		Unaligned bases: 4763267

CONTIG: contig_36 (1930127bp)
Best alignment score: 1069.3 (LEN: 1169, IDY: 91.47), Total number of alignments: 48
			Looking for the best set of alignments (out of 48 total alignments)
		This contig has several significant sets of alignments. [An ambiguously mapped contig]
		Using only the very best set (option --ambiguity-usage is set to "one").
			The best set is below. Score: 8908.3, number of alignments: 48, unaligned bases: 1917276
		This contig is misassembled.
		This contig is partially unaligned. (Aligned 12851 out of 1930127 non-N bases (0.67%))
			Warning! This contig is more unaligned than misassembled. Contig length is 1930127 (number of Ns: 0) and total length of all aligns is 12851
		Alignment: 306 805 | 64991 65490 | 500 500 | 96.2 | lm_ill_lm_contig12 contig_36
		Alignment: 808 873 | 65491 65556 | 66 66 | 95.45 | lm_ill_lm_contig12 contig_36
		Alignment: 914 1211 | 65597 65894 | 298 298 | 91.28 | lm_ill_lm_contig12 contig_36
		Alignment: 1235 1345 | 65918 66028 | 111 111 | 93.69 | lm_ill_lm_contig12 contig_36
		Alignment: 1369 1484 | 66041 66156 | 116 116 | 97.41 | lm_ill_lm_contig12 contig_36
		Alignment: 1815 1898 | 66488 66571 | 84 84 | 91.67 | lm_ill_lm_contig12 contig_36
		Alignment: 2157 2233 | 66828 66904 | 77 77 | 90.91 | lm_ill_lm_contig12 contig_36
		Alignment: 2473 2718 | 67146 67391 | 246 246 | 91.06 | lm_ill_lm_contig12 contig_36
		Alignment: 2995 3114 | 67667 67786 | 120 120 | 90.0 | lm_ill_lm_contig12 contig_36
		Alignment: 974 1725 | 68880 68128 | 752 753 | 90.73 | lm_ill_lm_contig16 contig_36
		Alignment: 302 873 | 141655 142226 | 572 572 | 96.15 | lm_ill_lm_contig12 contig_36
		Alignment: 914 1211 | 142267 142564 | 298 298 | 91.28 | lm_ill_lm_contig12 contig_36
		Alignment: 1235 1345 | 142588 142698 | 111 111 | 93.69 | lm_ill_lm_contig12 contig_36
		Alignment: 1369 1484 | 142711 142826 | 116 116 | 97.41 | lm_ill_lm_contig12 contig_36
		Alignment: 1675 1898 | 143019 143242 | 224 224 | 90.18 | lm_ill_lm_contig12 contig_36
		Alignment: 2157 2233 | 143499 143575 | 77 77 | 92.21 | lm_ill_lm_contig12 contig_36
		Alignment: 2473 2718 | 143760 144005 | 246 246 | 91.06 | lm_ill_lm_contig12 contig_36
		Alignment: 2995 3114 | 144281 144400 | 120 120 | 90.0 | lm_ill_lm_contig12 contig_36
		Alignment: 1523 1725 | 144804 144602 | 203 203 | 92.61 | lm_ill_lm_contig16 contig_36
		Alignment: 411 1174 | 145916 145153 | 764 764 | 90.31 | lm_ill_lm_contig16 contig_36
		Alignment: 302 873 | 177109 177680 | 572 572 | 96.15 | lm_ill_lm_contig12 contig_36
		Alignment: 914 1190 | 177721 177997 | 277 277 | 90.25 | lm_ill_lm_contig12 contig_36
		Alignment: 1235 1345 | 178040 178150 | 111 111 | 93.69 | lm_ill_lm_contig12 contig_36
		Alignment: 1369 1484 | 178163 178278 | 116 116 | 97.41 | lm_ill_lm_contig12 contig_36
		Alignment: 1675 1898 | 178471 178694 | 224 224 | 90.18 | lm_ill_lm_contig12 contig_36
		Alignment: 2157 2233 | 178951 179027 | 77 77 | 90.91 | lm_ill_lm_contig12 contig_36
		Alignment: 2473 2718 | 179269 179514 | 246 246 | 91.06 | lm_ill_lm_contig12 contig_36
		Alignment: 2995 3114 | 179790 179909 | 120 120 | 90.0 | lm_ill_lm_contig12 contig_36
		Alignment: 1342 1725 | 180494 180111 | 384 384 | 90.36 | lm_ill_lm_contig16 contig_36
		Alignment: 411 1174 | 181426 180663 | 764 764 | 90.18 | lm_ill_lm_contig16 contig_36
		Alignment: 479 1174 | 840712 841407 | 696 696 | 90.52 | lm_ill_lm_contig16 contig_36
		Alignment: 2496 2718 | 842556 842334 | 223 223 | 92.83 | lm_ill_lm_contig12 contig_36
		Alignment: 1913 2072 | 842752 842593 | 160 160 | 91.25 | lm_ill_lm_contig12 contig_36
		Alignment: 1675 1898 | 842988 842765 | 224 224 | 90.18 | lm_ill_lm_contig12 contig_36
		Alignment: 1369 1484 | 843296 843181 | 116 116 | 97.41 | lm_ill_lm_contig12 contig_36
		Alignment: 1235 1345 | 843419 843309 | 111 111 | 93.69 | lm_ill_lm_contig12 contig_36
		Alignment: 1077 1211 | 843577 843443 | 135 135 | 99.26 | lm_ill_lm_contig12 contig_36
		Alignment: 302 807 | 844095 843590 | 506 506 | 96.25 | lm_ill_lm_contig12 contig_36
		Alignment: 447 524 | 1650399 1650322 | 78 78 | 94.87 | lm_ill_lm_contig37 contig_36
		Alignment: 268 356 | 1650570 1650482 | 89 89 | 93.26 | lm_ill_lm_contig37 contig_36
		Alignment: 174 247 | 1650661 1650588 | 74 74 | 97.3 | lm_ill_lm_contig37 contig_36
		Alignment: 2 74 | 1650842 1650770 | 73 73 | 93.15 | lm_ill_lm_contig37 contig_36
		Alignment: 302 1484 | 1651213 1652381 | 1183 1169 | 91.47 | lm_ill_lm_contig12 contig_36
		Alignment: 2157 2233 | 1652905 1652981 | 77 77 | 90.91 | lm_ill_lm_contig12 contig_36
		Alignment: 2473 2718 | 1653223 1653468 | 246 246 | 91.06 | lm_ill_lm_contig12 contig_36
		Alignment: 1661 1725 | 1653683 1653619 | 65 65 | 92.31 | lm_ill_lm_contig16 contig_36
		Alignment: 1529 1648 | 1653803 1653684 | 120 120 | 94.17 | lm_ill_lm_contig16 contig_36
		Alignment: 479 1174 | 1654861 1654166 | 696 696 | 90.52 | lm_ill_lm_contig16 contig_36
		Unaligned bases: 1917276

CONTIG: contig_39 (4757944bp)
Best alignment score: 134.0 (LEN: 147, IDY: 91.16), Total number of alignments: 35
			Looking for the best set of alignments (out of 35 total alignments)
			Skipping redundant alignments after choosing the best set of alignments
		Skipping redundant alignment 1124 1206 | 807160 807242 | 83 83 | 97.59 | lm_ill_lm_contig12 contig_39
		Skipping redundant alignment 1473 1587 | 809729 809615 | 115 115 | 93.91 | lm_ill_lm_contig16 contig_39
		Skipping redundant alignment 1342 1416 | 809860 809786 | 75 75 | 90.67 | lm_ill_lm_contig16 contig_39
		Skipping redundant alignment 1034 1174 | 810170 810030 | 141 141 | 92.91 | lm_ill_lm_contig16 contig_39
		Skipping redundant alignment 924 995 | 810279 810208 | 72 72 | 97.22 | lm_ill_lm_contig16 contig_39
		Skipping redundant alignment 1124 1206 | 1473353 1473435 | 83 83 | 97.59 | lm_ill_lm_contig12 contig_39
		Skipping redundant alignment 1473 1587 | 1475922 1475808 | 115 115 | 93.91 | lm_ill_lm_contig16 contig_39
		Skipping redundant alignment 1342 1416 | 1476053 1475979 | 75 75 | 90.67 | lm_ill_lm_contig16 contig_39
		Skipping redundant alignment 1034 1174 | 1476363 1476223 | 141 141 | 92.91 | lm_ill_lm_contig16 contig_39
		Skipping redundant alignment 924 995 | 1476472 1476401 | 72 72 | 97.22 | lm_ill_lm_contig16 contig_39
		Skipping redundant alignment 1124 1206 | 3038908 3038826 | 83 83 | 97.59 | lm_ill_lm_contig12 contig_39
		Skipping redundant alignment 1124 1206 | 1996131 1996049 | 83 83 | 97.59 | lm_ill_lm_contig12 contig_39
		Skipping redundant alignment 1124 1206 | 2091054 2090972 | 83 83 | 97.59 | lm_ill_lm_contig12 contig_39
		Skipping redundant alignment 1342 1416 | 3035949 3036023 | 75 75 | 90.67 | lm_ill_lm_contig16 contig_39
		Skipping redundant alignment 1124 1206 | 2246438 2246356 | 83 83 | 97.59 | lm_ill_lm_contig12 contig_39
		Skipping redundant alignment 1473 1587 | 3036080 3036194 | 115 115 | 93.91 | lm_ill_lm_contig16 contig_39
		Skipping redundant alignment 1124 1206 | 2289193 2289111 | 83 83 | 97.59 | lm_ill_lm_contig12 contig_39
		Skipping redundant alignment 924 995 | 3035530 3035601 | 72 72 | 97.22 | lm_ill_lm_contig16 contig_39
		Skipping redundant alignment 1034 1180 | 3035639 3035785 | 147 147 | 91.16 | lm_ill_lm_contig16 contig_39
			The best set is below. Score: 593.1, number of alignments: 16, unaligned bases: 4756332
		This contig is misassembled.
		This contig is partially unaligned. (Aligned 1612 out of 4757944 non-N bases (0.03%))
			Warning! This contig is more unaligned than misassembled. Contig length is 4757944 (number of Ns: 0) and total length of all aligns is 1612
		Alignment: 924 995 | 1992853 1992924 | 72 72 | 97.22 | lm_ill_lm_contig16 contig_39
		Alignment: 1034 1174 | 1992962 1993102 | 141 141 | 92.91 | lm_ill_lm_contig16 contig_39
		Alignment: 1342 1416 | 1993272 1993346 | 75 75 | 90.67 | lm_ill_lm_contig16 contig_39
		Alignment: 1473 1587 | 1993403 1993517 | 115 115 | 93.91 | lm_ill_lm_contig16 contig_39
		Alignment: 924 995 | 2087935 2088006 | 72 72 | 97.22 | lm_ill_lm_contig16 contig_39
		Alignment: 1034 1174 | 2088044 2088184 | 141 141 | 92.91 | lm_ill_lm_contig16 contig_39
		Alignment: 1342 1416 | 2088354 2088428 | 75 75 | 90.67 | lm_ill_lm_contig16 contig_39
		Alignment: 1473 1587 | 2088485 2088599 | 115 115 | 93.91 | lm_ill_lm_contig16 contig_39
		Alignment: 924 995 | 2243161 2243232 | 72 72 | 97.22 | lm_ill_lm_contig16 contig_39
		Alignment: 1034 1174 | 2243270 2243410 | 141 141 | 92.91 | lm_ill_lm_contig16 contig_39
		Alignment: 1342 1416 | 2243580 2243654 | 75 75 | 90.67 | lm_ill_lm_contig16 contig_39
		Alignment: 1473 1587 | 2243711 2243825 | 115 115 | 93.91 | lm_ill_lm_contig16 contig_39
		Alignment: 924 995 | 2286073 2286144 | 72 72 | 97.22 | lm_ill_lm_contig16 contig_39
		Alignment: 1034 1174 | 2286182 2286322 | 141 141 | 92.91 | lm_ill_lm_contig16 contig_39
		Alignment: 1342 1416 | 2286492 2286566 | 75 75 | 90.67 | lm_ill_lm_contig16 contig_39
		Alignment: 1473 1587 | 2286623 2286737 | 115 115 | 93.91 | lm_ill_lm_contig16 contig_39
		Unaligned bases: 4756332

Analyzing coverage...
Writing SNPs into /media3/lucia/zymo_mock_community/asms_cuantizados/v2_31-1-21_8bins/metaquast-8bins/runs_per_reference/lm_ill/contigs_reports/minimap_output/r10_8bins_3_racon_r2.used_snps.gz

Analysis is finished!
Founded SNPs were written into /media3/lucia/zymo_mock_community/asms_cuantizados/v2_31-1-21_8bins/metaquast-8bins/runs_per_reference/lm_ill/contigs_reports/minimap_output/r10_8bins_3_racon_r2.used_snps.gz

Results:
	Local Misassemblies: 7
	Misassemblies: 2
		Relocations: 0
		Translocations: 2
		Inversions: 0
	Scaffold gap extensive misassemblies: 0
	Scaffold gap local misassemblies: 0
	Misassemblies caused by fragmented reference: 16
	Misassembled Contigs: 1
	Misassembled Contig Bases: 2991970
	Misassemblies Inter-Contig Overlap: 0
Unaligned Contigs: 0 + 7 part
Half Unaligned Contigs with Misassemblies: 6
Unaligned Contig Bases: 20937303

Ambiguously Mapped Contigs: 5
Total Bases in Ambiguously Mapped Contigs: 14533120
Extra Bases in Ambiguously Mapped Contigs: 0
Note that --allow-ambiguity option was set to "one" and only first alignment per each of these contigs was used.

	Covered Bases: 2957349

	SNPs: 6785
	Insertions: 790
	Deletions: 1522

