Aligning contigs to reference...
	Aligning contigs to the reference
Filtering alignments...
Parsing coords...
Loading reference...
	Loaded [ef_ill_ef_contig11]
	Loaded [ef_ill_ef_contig10]
	Loaded [ef_ill_ef_contig13]
	Loaded [ef_ill_ef_contig12]
	Loaded [ef_ill_ef_contig15]
	Loaded [ef_ill_ef_contig14]
	Loaded [ef_ill_ef_contig17]
	Loaded [ef_ill_ef_contig16]
	Loaded [ef_ill_ef_contig19]
	Loaded [ef_ill_ef_contig18]
	Loaded [ef_ill_ef_contig34]
	Loaded [ef_ill_ef_contig32]
	Loaded [ef_ill_ef_contig1]
	Loaded [ef_ill_ef_contig33]
	Loaded [ef_ill_ef_contig3]
	Loaded [ef_ill_ef_contig2]
	Loaded [ef_ill_ef_contig5]
	Loaded [ef_ill_ef_contig4]
	Loaded [ef_ill_ef_contig7]
	Loaded [ef_ill_ef_contig6]
	Loaded [ef_ill_ef_contig9]
	Loaded [ef_ill_ef_contig8]
	Loaded [ef_ill_ef_contig24]
	Loaded [ef_ill_ef_contig25]
	Loaded [ef_ill_ef_contig26]
	Loaded [ef_ill_ef_contig20]
	Loaded [ef_ill_ef_contig21]
	Loaded [ef_ill_ef_contig22]
	Loaded [ef_ill_ef_contig23]
	Loaded [ef_ill_ef_contig29]
	Total Regions: 30
	Total Region Length: 2820294
Analyzing contigs...
CONTIG: contig_125 (2845569bp)
Best alignment score: 596481.3 (LEN: 596541, IDY: 99.99), Total number of alignments: 89
			Looking for the best set of alignments (out of 89 total alignments)
			Skipping redundant alignments after choosing the best set of alignments
		Skipping redundant alignment 238692 238991 | 5076 4777 | 300 300 | 99.67 | ef_ill_ef_contig3 contig_125
		Skipping redundant alignment 1 91 | 292556 292646 | 91 91 | 100.0 | ef_ill_ef_contig6 contig_125
		Skipping redundant alignment 1027333 1027525 | 292647 292455 | 193 193 | 98.96 | ef_ill_ef_contig1 contig_125
		Skipping redundant alignment 92 230 | 292689 292827 | 139 139 | 98.56 | ef_ill_ef_contig6 contig_125
		Skipping redundant alignment 231 304 | 292852 292925 | 74 74 | 95.95 | ef_ill_ef_contig6 contig_125
		Skipping redundant alignment 30 292 | 319139 318877 | 263 263 | 93.56 | ef_ill_ef_contig13 contig_125
		Skipping redundant alignment 107 235 | 331237 331365 | 129 129 | 100.0 | ef_ill_ef_contig6 contig_125
		Skipping redundant alignment 22911 23120 | 331454 331245 | 210 210 | 95.71 | ef_ill_ef_contig13 contig_125
		Skipping redundant alignment 155366 155480 | 488439 488553 | 115 115 | 95.65 | ef_ill_ef_contig7 contig_125
		Skipping redundant alignment 720 823 | 488554 488451 | 104 104 | 94.23 | ef_ill_ef_contig18 contig_125
		Skipping redundant alignment 86382 86532 | 629636 629486 | 151 151 | 98.68 | ef_ill_ef_contig8 contig_125
		Skipping redundant alignment 86382 86532 | 630005 629855 | 151 151 | 98.68 | ef_ill_ef_contig8 contig_125
		Skipping redundant alignment 86382 86532 | 630374 630224 | 151 151 | 98.68 | ef_ill_ef_contig8 contig_125
		Skipping redundant alignment 86382 86532 | 630743 630593 | 151 151 | 98.68 | ef_ill_ef_contig8 contig_125
		Skipping redundant alignment 86382 86532 | 631112 630962 | 151 151 | 99.34 | ef_ill_ef_contig8 contig_125
		Skipping redundant alignment 238751 238991 | 717432 717672 | 241 241 | 98.76 | ef_ill_ef_contig3 contig_125
		Skipping redundant alignment 701 775 | 719496 719570 | 75 75 | 100.0 | ef_ill_ef_contig21 contig_125
		Skipping redundant alignment 19101 19183 | 724428 724346 | 83 83 | 98.8 | ef_ill_ef_contig14 contig_125
		Skipping redundant alignment 997 1201 | 724440 724644 | 205 205 | 100.0 | ef_ill_ef_contig21 contig_125
		Skipping redundant alignment 1 77 | 1004737 1004813 | 77 77 | 100.0 | ef_ill_ef_contig6 contig_125
		Skipping redundant alignment 1027346 1027576 | 1004815 1004585 | 231 231 | 99.13 | ef_ill_ef_contig1 contig_125
		Skipping redundant alignment 78 235 | 1004858 1005015 | 158 158 | 99.37 | ef_ill_ef_contig6 contig_125
		Skipping redundant alignment 22954 23120 | 1005061 1004895 | 167 167 | 96.41 | ef_ill_ef_contig13 contig_125
		Skipping redundant alignment 701 775 | 1338759 1338833 | 75 75 | 100.0 | ef_ill_ef_contig21 contig_125
		Skipping redundant alignment 1027318 1027422 | 1700754 1700858 | 105 105 | 100.0 | ef_ill_ef_contig1 contig_125
		Skipping redundant alignment 1027427 1027553 | 1700919 1701045 | 127 127 | 99.21 | ef_ill_ef_contig1 contig_125
		Skipping redundant alignment 1 552 | 2297002 2297553 | 552 552 | 99.28 | ef_ill_ef_contig33 contig_125
		Skipping redundant alignment 645532 646246 | 2347193 2347925 | 715 733 | 90.5 | ef_ill_ef_contig1 contig_125
		This contig has several significant sets of alignments. [An ambiguously mapped contig]
		Using only the very best set (option --ambiguity-usage is set to "one").
			The best set is below. Score: 2840556.3, number of alignments: 61, unaligned bases: 3580
		This contig is misassembled.
			Real Alignment 1: 322 2434 | 1 2113 | 2113 2113 | 100.0 | ef_ill_ef_contig17 contig_125
			  Not a misassembly [fragmentation of reference genome] between these two alignments
			Real Alignment 2: 1 848 | 2115 2962 | 848 848 | 100.0 | ef_ill_ef_contig25 contig_125
			  Not a misassembly [fragmentation of reference genome] between these two alignments
			Real Alignment 3: 1 1834 | 4831 2998 | 1834 1834 | 99.95 | ef_ill_ef_contig19 contig_125
			  Not a misassembly [fragmentation of reference genome] between these two alignments
			Excluding internal overlap of size 55 between Alignment 4 and 5: 1 1514 | 35698 34185 | 1514 1514 --> 1 1459 | 35698 34240 | 1459 1459
			Real Alignment 4: 1 29217 | 5022 34239 | 29217 29218 | 99.99 | ef_ill_ef_contig12 contig_125
			  Indel (> 5bp) between these two alignments: deletion of length 55; 0 mismatches (number of Ns: 0) [fragmentation of reference genome]
			Excluding internal overlap of size 55 between Alignment 5 and 6: 1 1459 | 35698 34240 | 1459 1459 --> 56 1459 | 35643 34240 | 1404 1404
			Real Alignment 5: 56 1459 | 35643 34240 | 1404 1404 | 100.0 | ef_ill_ef_contig20 contig_125
			  Indel (> 5bp) between these two alignments: deletion of length 55; 0 mismatches (number of Ns: 0) [fragmentation of reference genome]
			Excluding internal overlap of size 51 between Alignment 6 and 7: 5 1834 | 274468 276297 | 1830 1830 --> 56 1834 | 274519 276297 | 1779 1779
			Real Alignment 6: 1 238991 | 35644 274518 | 238991 238875 | 99.93 | ef_ill_ef_contig3 contig_125
			  Indel (> 5bp) between these two alignments: deletion of length 55; 0 mismatches (number of Ns: 0) [fragmentation of reference genome]
			Real Alignment 7: 56 1834 | 274519 276297 | 1779 1779 | 99.78 | ef_ill_ef_contig19 contig_125
			  Not a misassembly [fragmentation of reference genome] between these two alignments
			Real Alignment 8: 1 848 | 277181 276333 | 848 849 | 99.88 | ef_ill_ef_contig25 contig_125
			  Not a misassembly [fragmentation of reference genome] between these two alignments
			Real Alignment 9: 1 2434 | 279616 277183 | 2434 2434 | 100.0 | ef_ill_ef_contig17 contig_125
			  Not a misassembly [fragmentation of reference genome] between these two alignments
			Real Alignment 10: 1 603 | 279624 280226 | 603 603 | 100.0 | ef_ill_ef_contig21 contig_125
			  Extensive misassembly (translocation) between these two alignments
			Real Alignment 11: 1 12238 | 280315 292552 | 12238 12238 | 100.0 | ef_ill_ef_contig16 contig_125
			  Not a misassembly [fragmentation of reference genome] between these two alignments
			Excluding internal overlap of size 55 between Alignment 12 and 13: 1 508 | 315778 316285 | 508 508 --> 56 508 | 315833 316285 | 453 453
			Real Alignment 12: 1 23120 | 315832 292712 | 23120 23121 | 100.0 | ef_ill_ef_contig13 contig_125
			  Indel (> 5bp) between these two alignments: deletion of length 55; 0 mismatches (number of Ns: 0) [fragmentation of reference genome]
			Excluding internal overlap of size 55 between Alignment 13 and 14: 56 508 | 315833 316285 | 453 453 --> 56 453 | 315833 316230 | 398 398
			Real Alignment 13: 56 453 | 315833 316230 | 398 398 | 100.0 | ef_ill_ef_contig34 contig_125
			  Indel (> 5bp) between these two alignments: deletion of length 55; 0 mismatches (number of Ns: 0) [fragmentation of reference genome]
			Excluding internal overlap of size 7 between Alignment 14 and 15: 1 869 | 317099 316231 | 869 869 --> 8 869 | 317092 316231 | 862 862
			Real Alignment 14: 8 869 | 317092 316231 | 862 862 | 100.0 | ef_ill_ef_contig24 contig_125
			  Indel (> 5bp) between these two alignments: deletion of length 7; 0 mismatches (number of Ns: 0) [fragmentation of reference genome]
			Excluding internal overlap of size 55 between Alignment 15 and 16: 1 1890 | 318982 317093 | 1890 1890 --> 56 1890 | 318927 317093 | 1835 1835
			Real Alignment 15: 56 1890 | 318927 317093 | 1835 1835 | 100.0 | ef_ill_ef_contig18 contig_125
			  Indel (> 5bp) between these two alignments: deletion of length 55; 0 mismatches (number of Ns: 0) [fragmentation of reference genome]
			Real Alignment 16: 1 12372 | 331299 318928 | 12372 12372 | 99.96 | ef_ill_ef_contig15 contig_125
			  Not a misassembly [fragmentation of reference genome] between these two alignments
			Excluding internal overlap of size 634 between Alignment 17 and 18: 1 20331 | 331335 351666 | 20331 20332 --> 1 19697 | 331335 351032 | 19697 19698
			Real Alignment 17: 1 19697 | 331335 351032 | 19697 19698 | 99.96 | ef_ill_ef_contig7 contig_125
			  Overlap between these two alignments (local misassembly). Inconsistency = -447
			Real Alignment 18: 19251 144089 | 351033 475878 | 124839 124846 | 99.92 | ef_ill_ef_contig7 contig_125
			  Gap between these two alignments (local misassembly). Inconsistency = -434
			Excluding internal overlap of size 42 between Alignment 19 and 20: 1 843 | 488505 487663 | 843 843 --> 1 801 | 488505 487705 | 801 801
			Real Alignment 19: 143678 155480 | 475901 487704 | 11803 11804 | 99.97 | ef_ill_ef_contig7 contig_125
			  Indel (> 5bp) between these two alignments: deletion of length 42; 0 mismatches (number of Ns: 0) [fragmentation of reference genome]
			Real Alignment 20: 1 801 | 488505 487705 | 801 801 | 100.0 | ef_ill_ef_contig26 contig_125
			  Not a misassembly [fragmentation of reference genome] between these two alignments
			Excluding internal overlap of size 55 between Alignment 21 and 22: 1 508 | 489402 489909 | 508 508 --> 56 508 | 489457 489909 | 453 453
			Real Alignment 21: 1 945 | 489456 488512 | 945 945 | 100.0 | ef_ill_ef_contig22 contig_125
			  Indel (> 5bp) between these two alignments: deletion of length 55; 0 mismatches (number of Ns: 0) [fragmentation of reference genome]
			Excluding internal overlap of size 55 between Alignment 22 and 23: 56 508 | 489457 489909 | 453 453 --> 56 453 | 489457 489854 | 398 398
			Real Alignment 22: 56 453 | 489457 489854 | 398 398 | 99.02 | ef_ill_ef_contig34 contig_125
			  Indel (> 5bp) between these two alignments: deletion of length 55; 0 mismatches (number of Ns: 0) [fragmentation of reference genome]
			Real Alignment 23: 54 869 | 490673 489855 | 816 819 | 92.51 | ef_ill_ef_contig24 contig_125
			  Gap between these two alignments (local misassembly). Inconsistency = 53 [fragmentation of reference genome]
			Real Alignment 24: 61774 106275 | 535370 490866 | 44502 44505 | 99.99 | ef_ill_ef_contig9 contig_125
			  Gap between these two alignments (local misassembly). Inconsistency = 0
			Excluding internal overlap of size 55 between Alignment 25 and 26: 1 648 | 597092 597739 | 648 648 --> 56 648 | 597147 597739 | 593 593
			Real Alignment 25: 1 61659 | 597146 535485 | 61659 61662 | 99.97 | ef_ill_ef_contig9 contig_125
			  Indel (> 5bp) between these two alignments: deletion of length 55; 0 mismatches (number of Ns: 0) [fragmentation of reference genome]
			Real Alignment 26: 56 648 | 597147 597739 | 593 593 | 100.0 | ef_ill_ef_contig29 contig_125
			  Not a misassembly [fragmentation of reference genome] between these two alignments
			Excluding internal overlap of size 55 between Alignment 27 and 28: 1 944 | 598827 597884 | 944 944 --> 56 944 | 598772 597884 | 889 889
			Real Alignment 27: 56 944 | 598772 597884 | 889 889 | 100.0 | ef_ill_ef_contig23 contig_125
			  Indel (> 5bp) between these two alignments: deletion of length 55; 0 mismatches (number of Ns: 0) [fragmentation of reference genome]
			Real Alignment 28: 86382 116874 | 629267 598773 | 30493 30495 | 99.99 | ef_ill_ef_contig8 contig_125
			  Gap between these two alignments (local misassembly). Inconsistency = 0
			Real Alignment 29: 85898 86123 | 629751 629526 | 226 226 | 100.0 | ef_ill_ef_contig8 contig_125
			  Gap between these two alignments (local misassembly). Inconsistency = -369
			Real Alignment 30: 85898 86123 | 630120 629895 | 226 226 | 100.0 | ef_ill_ef_contig8 contig_125
			  Gap between these two alignments (local misassembly). Inconsistency = -369
			Real Alignment 31: 85898 86123 | 630489 630264 | 226 226 | 100.0 | ef_ill_ef_contig8 contig_125
			  Gap between these two alignments (local misassembly). Inconsistency = -369
			Real Alignment 32: 85898 86123 | 630858 630633 | 226 226 | 100.0 | ef_ill_ef_contig8 contig_125
			  Gap between these two alignments (local misassembly). Inconsistency = -369
			Real Alignment 33: 85898 86123 | 631227 631002 | 226 226 | 99.56 | ef_ill_ef_contig8 contig_125
			  Gap between these two alignments (local misassembly). Inconsistency = -369
			Real Alignment 34: 1 86123 | 717495 631371 | 86123 86125 | 100.0 | ef_ill_ef_contig8 contig_125
			  Not a misassembly [fragmentation of reference genome] between these two alignments
			Real Alignment 35: 1 1834 | 717618 719451 | 1834 1834 | 99.95 | ef_ill_ef_contig19 contig_125
			  Not a misassembly [fragmentation of reference genome] between these two alignments
			Real Alignment 36: 1 848 | 720436 719589 | 848 848 | 100.0 | ef_ill_ef_contig25 contig_125
			  Not a misassembly [fragmentation of reference genome] between these two alignments
			Real Alignment 37: 1 2434 | 722871 720438 | 2434 2434 | 100.0 | ef_ill_ef_contig17 contig_125
			  Not a misassembly [fragmentation of reference genome] between these two alignments
			Real Alignment 38: 1 1201 | 722879 724079 | 1201 1201 | 99.83 | ef_ill_ef_contig21 contig_125
			  Not a misassembly [fragmentation of reference genome] between these two alignments
			Real Alignment 39: 1 156 | 724187 724342 | 156 156 | 100.0 | ef_ill_ef_contig2 contig_125
			  Gap between these two alignments (local misassembly). Inconsistency = 99
			Real Alignment 40: 266 344 | 724353 724431 | 79 79 | 100.0 | ef_ill_ef_contig2 contig_125
			  Gap between these two alignments (local misassembly). Inconsistency = -762
			Real Alignment 41: 1 279869 | 724850 1004733 | 279869 279884 | 99.99 | ef_ill_ef_contig2 contig_125
			  Not a misassembly [fragmentation of reference genome] between these two alignments
			Real Alignment 42: 1 30337 | 1004985 1035321 | 30337 30337 | 100.0 | ef_ill_ef_contig10 contig_125
			  Gap between these two alignments (local misassembly). Inconsistency = 0
			Excluding internal overlap of size 55 between Alignment 43 and 44: 1 648 | 1100322 1100969 | 648 648 --> 56 648 | 1100377 1100969 | 593 593
			Real Alignment 43: 30504 95391 | 1035488 1100376 | 64888 64889 | 100.0 | ef_ill_ef_contig10 contig_125
			  Indel (> 5bp) between these two alignments: deletion of length 55; 0 mismatches (number of Ns: 0) [fragmentation of reference genome]
			Real Alignment 44: 56 648 | 1100377 1100969 | 593 593 | 97.99 | ef_ill_ef_contig29 contig_125
			  Not a misassembly [fragmentation of reference genome] between these two alignments
			Excluding internal overlap of size 55 between Alignment 45 and 46: 1 944 | 1102057 1101114 | 944 944 --> 56 944 | 1102002 1101114 | 889 889
			Real Alignment 45: 56 944 | 1102002 1101114 | 889 889 | 99.05 | ef_ill_ef_contig23 contig_125
			  Indel (> 5bp) between these two alignments: deletion of length 55; 0 mismatches (number of Ns: 0) [fragmentation of reference genome]
			Excluding internal overlap of size 55 between Alignment 46 and 47: 1 1834 | 1336881 1338714 | 1834 1834 --> 56 1834 | 1336936 1338714 | 1779 1779
			Real Alignment 46: 1 234919 | 1336935 1102003 | 234919 234933 | 99.99 | ef_ill_ef_contig4 contig_125
			  Indel (> 5bp) between these two alignments: deletion of length 55; 0 mismatches (number of Ns: 0) [fragmentation of reference genome]
			Real Alignment 47: 56 1834 | 1336936 1338714 | 1779 1779 | 100.0 | ef_ill_ef_contig19 contig_125
			  Not a misassembly [fragmentation of reference genome] between these two alignments
			Real Alignment 48: 1 848 | 1339699 1338852 | 848 848 | 99.65 | ef_ill_ef_contig25 contig_125
			  Not a misassembly [fragmentation of reference genome] between these two alignments
			Excluding internal overlap of size 55 between Alignment 49 and 50: 1 2434 | 1342134 1339701 | 2434 2434 --> 56 2434 | 1342079 1339701 | 2379 2379
			Real Alignment 49: 56 2434 | 1342079 1339701 | 2379 2379 | 100.0 | ef_ill_ef_contig17 contig_125
			  Indel (> 5bp) between these two alignments: deletion of length 55; 0 mismatches (number of Ns: 0) [fragmentation of reference genome]
			Excluding internal overlap of size 55 between Alignment 50 and 51: 1 580 | 1362059 1361480 | 580 580 --> 1 525 | 1362059 1361535 | 525 525
			Real Alignment 50: 1 19455 | 1361534 1342080 | 19455 19455 | 100.0 | ef_ill_ef_contig14 contig_125
			  Indel (> 5bp) between these two alignments: deletion of length 55; 0 mismatches (number of Ns: 0) [fragmentation of reference genome]
			Excluding internal overlap of size 55 between Alignment 51 and 52: 1 525 | 1362059 1361535 | 525 525 --> 56 525 | 1362004 1361535 | 470 470
			Real Alignment 51: 56 525 | 1362004 1361535 | 470 470 | 99.66 | ef_ill_ef_contig32 contig_125
			  Indel (> 5bp) between these two alignments: deletion of length 55; 0 mismatches (number of Ns: 0) [fragmentation of reference genome]
			Excluding internal overlap of size 603 between Alignment 52 and 53: 1 28668 | 1362005 1390672 | 28668 28668 --> 1 28065 | 1362005 1390069 | 28065 28065
			Real Alignment 52: 1 28065 | 1362005 1390069 | 28065 28065 | 99.96 | ef_ill_ef_contig5 contig_125
			  Gap between these two alignments (local misassembly). Inconsistency = 141
			Excluding internal overlap of size 55 between Alignment 53 and 54: 1 1514 | 1541654 1543167 | 1514 1514 --> 56 1514 | 1541709 1543167 | 1459 1459
			Real Alignment 53: 28207 180004 | 1390070 1541708 | 151798 151639 | 99.87 | ef_ill_ef_contig5 contig_125
			  Indel (> 5bp) between these two alignments: deletion of length 55; 0 mismatches (number of Ns: 0) [fragmentation of reference genome]
			Excluding internal overlap of size 55 between Alignment 54 and 55: 56 1514 | 1541709 1543167 | 1459 1459 --> 56 1459 | 1541709 1543112 | 1404 1404
			Real Alignment 54: 56 1459 | 1541709 1543112 | 1404 1404 | 100.0 | ef_ill_ef_contig20 contig_125
			  Indel (> 5bp) between these two alignments: deletion of length 55; 0 mismatches (number of Ns: 0) [fragmentation of reference genome]
			Excluding internal overlap of size 55 between Alignment 55 and 56: 1 157742 | 1700860 1543113 | 157742 157748 --> 56 157742 | 1700805 1543113 | 157687 157693
			Real Alignment 55: 56 157742 | 1700805 1543113 | 157687 157693 | 100.0 | ef_ill_ef_contig6 contig_125
			  Indel (> 5bp) between these two alignments: deletion of length 55; 0 mismatches (number of Ns: 0) [fragmentation of reference genome]
			Excluding internal overlap of size 222 between Alignment 56 and 57: 595858 646258 | 2297125 2347526 | 50401 50402 --> 596080 646258 | 2297347 2347526 | 50179 50180
			Real Alignment 56: 1 596523 | 1700806 2297346 | 596523 596541 | 99.99 | ef_ill_ef_contig1 contig_125
			  Overlap between these two alignments (local misassembly). Inconsistency = -444
			Real Alignment 57: 596080 646258 | 2297347 2347526 | 50179 50180 | 99.92 | ef_ill_ef_contig1 contig_125
			  Gap between these two alignments (local misassembly). Inconsistency = -804
			Excluding internal overlap of size 55 between Alignment 58 and 59: 1 580 | 2798128 2798707 | 580 580 --> 56 580 | 2798183 2798707 | 525 525
			Real Alignment 58: 645532 1096084 | 2347604 2798182 | 450553 450579 | 99.99 | ef_ill_ef_contig1 contig_125
			  Indel (> 5bp) between these two alignments: deletion of length 55; 0 mismatches (number of Ns: 0) [fragmentation of reference genome]
			Excluding internal overlap of size 55 between Alignment 59 and 60: 56 580 | 2798183 2798707 | 525 525 --> 56 525 | 2798183 2798652 | 470 470
			Real Alignment 59: 56 525 | 2798183 2798652 | 470 470 | 100.0 | ef_ill_ef_contig32 contig_125
			  Indel (> 5bp) between these two alignments: deletion of length 55; 0 mismatches (number of Ns: 0) [fragmentation of reference genome]
			Excluding internal overlap of size 55 between Alignment 60 and 61: 1 320 | 2845250 2845569 | 320 320 --> 56 320 | 2845305 2845569 | 265 265
			Real Alignment 60: 1 46653 | 2798653 2845304 | 46653 46652 | 99.99 | ef_ill_ef_contig11 contig_125
			  Indel (> 5bp) between these two alignments: deletion of length 55; 0 mismatches (number of Ns: 0) [fragmentation of reference genome]
			Real Alignment 61: 56 320 | 2845305 2845569 | 265 265 | 100.0 | ef_ill_ef_contig17 contig_125

CONTIG: contig_3 (2992173bp)
Best alignment score: 35767.4 (LEN: 35771, IDY: 99.99), Total number of alignments: 58
			Looking for the best set of alignments (out of 58 total alignments)
			Skipping redundant alignments after choosing the best set of alignments
		Skipping redundant alignment 18924 18992 | 430463 430395 | 69 69 | 100.0 | ef_ill_ef_contig14 contig_3
		Skipping redundant alignment 701 773 | 1920710 1920638 | 73 73 | 100.0 | ef_ill_ef_contig21 contig_3
		Skipping redundant alignment 18914 18992 | 1213042 1213120 | 79 79 | 98.73 | ef_ill_ef_contig14 contig_3
		Skipping redundant alignment 701 773 | 2467556 2467628 | 73 73 | 100.0 | ef_ill_ef_contig21 contig_3
		Skipping redundant alignment 930055 930202 | 2530930 2530783 | 148 148 | 91.22 | ef_ill_ef_contig1 contig_3
		Skipping redundant alignment 454351 454551 | 2611426 2611226 | 201 201 | 91.04 | ef_ill_ef_contig1 contig_3
		Skipping redundant alignment 423 516 | 2708953 2709046 | 94 94 | 93.62 | ef_ill_ef_contig21 contig_3
		Skipping redundant alignment 610 691 | 2709137 2709218 | 82 82 | 96.34 | ef_ill_ef_contig21 contig_3
		Skipping redundant alignment 697 773 | 2709229 2709305 | 77 77 | 98.7 | ef_ill_ef_contig21 contig_3
		This contig has several significant sets of alignments. [An ambiguously mapped contig]
		Using only the very best set (option --ambiguity-usage is set to "one").
			The best set is below. Score: 56713.5, number of alignments: 49, unaligned bases: 2929122
		This contig is misassembled.
		This contig is partially unaligned. (Aligned 63051 out of 2992173 non-N bases (2.11%))
			Warning! This contig is more unaligned than misassembled. Contig length is 2992173 (number of Ns: 0) and total length of all aligns is 63051
		Alignment: 267 341 | 1212464 1212390 | 75 75 | 98.67 | ef_ill_ef_contig2 contig_3
		Alignment: 82 158 | 1212745 1212669 | 77 77 | 100.0 | ef_ill_ef_contig2 contig_3
		Alignment: 1 75 | 1212842 1212768 | 75 75 | 93.33 | ef_ill_ef_contig2 contig_3
		Alignment: 1107 1194 | 1213210 1213123 | 88 88 | 94.32 | ef_ill_ef_contig21 contig_3
		Alignment: 885 963 | 1213430 1213352 | 79 79 | 94.94 | ef_ill_ef_contig21 contig_3
		Alignment: 697 773 | 1213629 1213553 | 77 77 | 98.7 | ef_ill_ef_contig21 contig_3
		Alignment: 610 689 | 1213725 1213646 | 80 80 | 98.75 | ef_ill_ef_contig21 contig_3
		Alignment: 427 514 | 1213902 1213815 | 88 88 | 95.45 | ef_ill_ef_contig21 contig_3
		Alignment: 214 2426 | 1214563 1216787 | 2213 2225 | 90.0 | ef_ill_ef_contig17 contig_3
		Alignment: 47 293 | 1216843 1217089 | 247 247 | 92.31 | ef_ill_ef_contig25 contig_3
		Alignment: 386 515 | 1217189 1217318 | 130 130 | 91.54 | ef_ill_ef_contig25 contig_3
		Alignment: 543 680 | 1217346 1217483 | 138 138 | 93.48 | ef_ill_ef_contig25 contig_3
		Alignment: 245 1807 | 1219285 1217734 | 1563 1552 | 91.07 | ef_ill_ef_contig19 contig_3
		Alignment: 214 2426 | 1319242 1321466 | 2213 2225 | 90.0 | ef_ill_ef_contig17 contig_3
		Alignment: 47 293 | 1321522 1321768 | 247 247 | 92.31 | ef_ill_ef_contig25 contig_3
		Alignment: 386 515 | 1321868 1321997 | 130 130 | 91.54 | ef_ill_ef_contig25 contig_3
		Alignment: 543 680 | 1322025 1322162 | 138 138 | 93.48 | ef_ill_ef_contig25 contig_3
		Alignment: 245 1807 | 1323964 1322413 | 1563 1552 | 90.95 | ef_ill_ef_contig19 contig_3
		Alignment: 723747 759515 | 1835357 1799587 | 35769 35771 | 99.99 | ef_ill_ef_contig1 contig_3
		Alignment: 18241 18329 | 1915987 1916075 | 89 89 | 93.26 | ef_ill_ef_contig14 contig_3
		Alignment: 18341 18413 | 1916122 1916194 | 73 73 | 91.78 | ef_ill_ef_contig14 contig_3
		Alignment: 18437 18511 | 1916289 1916363 | 75 75 | 94.67 | ef_ill_ef_contig14 contig_3
		Alignment: 18712 18794 | 1916564 1916646 | 83 83 | 90.36 | ef_ill_ef_contig14 contig_3
		Alignment: 18914 18992 | 1916740 1916818 | 79 79 | 98.73 | ef_ill_ef_contig14 contig_3
		Alignment: 19002 19075 | 1916922 1916995 | 74 74 | 97.3 | ef_ill_ef_contig14 contig_3
		Alignment: 19096 19173 | 1917046 1917123 | 78 78 | 98.72 | ef_ill_ef_contig14 contig_3
		Alignment: 214 2426 | 1917530 1919754 | 2213 2225 | 90.0 | ef_ill_ef_contig17 contig_3
		Alignment: 47 293 | 1919810 1920056 | 247 247 | 92.31 | ef_ill_ef_contig25 contig_3
		Alignment: 386 515 | 1920156 1920285 | 130 130 | 91.54 | ef_ill_ef_contig25 contig_3
		Alignment: 543 680 | 1920313 1920450 | 138 138 | 93.48 | ef_ill_ef_contig25 contig_3
		Alignment: 82 155 | 1920830 1920757 | 74 74 | 100.0 | ef_ill_ef_contig2 contig_3
		Alignment: 245 1807 | 1922503 1920952 | 1563 1552 | 90.95 | ef_ill_ef_contig19 contig_3
		Alignment: 23996 24184 | 2418008 2417820 | 189 189 | 91.53 | ef_ill_ef_contig3 contig_3
		Alignment: 245 1807 | 2465763 2467314 | 1563 1552 | 91.07 | ef_ill_ef_contig19 contig_3
		Alignment: 82 155 | 2467436 2467509 | 74 74 | 100.0 | ef_ill_ef_contig2 contig_3
		Alignment: 543 680 | 2467953 2467816 | 138 138 | 93.48 | ef_ill_ef_contig25 contig_3
		Alignment: 386 515 | 2468110 2467981 | 130 130 | 91.54 | ef_ill_ef_contig25 contig_3
		Alignment: 47 293 | 2468456 2468210 | 247 247 | 92.31 | ef_ill_ef_contig25 contig_3
		Alignment: 214 2426 | 2470736 2468512 | 2213 2225 | 90.0 | ef_ill_ef_contig17 contig_3
		Alignment: 245 1807 | 2703571 2705122 | 1563 1552 | 90.95 | ef_ill_ef_contig19 contig_3
		Alignment: 543 680 | 2705510 2705373 | 138 138 | 93.48 | ef_ill_ef_contig25 contig_3
		Alignment: 386 515 | 2705667 2705538 | 130 130 | 91.54 | ef_ill_ef_contig25 contig_3
		Alignment: 47 293 | 2706013 2705767 | 247 247 | 92.31 | ef_ill_ef_contig25 contig_3
		Alignment: 214 2426 | 2708293 2706069 | 2213 2225 | 90.0 | ef_ill_ef_contig17 contig_3
		Alignment: 245 1807 | 2709590 2711142 | 1563 1553 | 90.96 | ef_ill_ef_contig19 contig_3
		Alignment: 543 680 | 2711530 2711393 | 138 138 | 93.48 | ef_ill_ef_contig25 contig_3
		Alignment: 386 515 | 2711687 2711558 | 130 130 | 91.54 | ef_ill_ef_contig25 contig_3
		Alignment: 47 293 | 2712033 2711787 | 247 247 | 92.31 | ef_ill_ef_contig25 contig_3
		Alignment: 214 2426 | 2714313 2712089 | 2213 2225 | 90.0 | ef_ill_ef_contig17 contig_3
		Unaligned bases: 2929122

CONTIG: contig_88 (4045830bp)
Best alignment score: 1006.0 (LEN: 1077, IDY: 93.41), Total number of alignments: 103
			Too much alignments (103), will use speed up heuristics
			Found 9 solid alignments:
		Solid alignment 730 1806 | 1507120 1506044 | 1077 1077 | 93.41 | ef_ill_ef_contig19 contig_88
		Solid alignment 730 1806 | 2580499 2581575 | 1077 1077 | 93.41 | ef_ill_ef_contig19 contig_88
		Solid alignment 730 1806 | 2601111 2602187 | 1077 1077 | 93.41 | ef_ill_ef_contig19 contig_88
		Solid alignment 730 1806 | 2661445 2662521 | 1077 1077 | 93.41 | ef_ill_ef_contig19 contig_88
		Solid alignment 730 1806 | 2667368 2668444 | 1077 1077 | 93.41 | ef_ill_ef_contig19 contig_88
		Solid alignment 730 1806 | 2731912 2732988 | 1077 1077 | 93.41 | ef_ill_ef_contig19 contig_88
		Solid alignment 730 1806 | 2737525 2738601 | 1077 1077 | 93.41 | ef_ill_ef_contig19 contig_88
		Solid alignment 730 1806 | 2742527 2743603 | 1077 1077 | 93.31 | ef_ill_ef_contig19 contig_88
		Solid alignment 730 1806 | 3196010 3197086 | 1077 1077 | 93.41 | ef_ill_ef_contig19 contig_88
			Skipping alignments located inside solid regions since they are redundant:
		Nothing was skipped
			Looking for the best set of alignments (out of 103 total alignments)
		Ambiguity for this contig is not checked for speed up (too much alignments and --ambiguity-usage is "one")
			Skipping redundant alignments after choosing the best set of alignments
		Skipping redundant alignment 269 341 | 1500771 1500699 | 73 73 | 98.63 | ef_ill_ef_contig2 contig_88
		Skipping redundant alignment 169 253 | 1500889 1500805 | 85 85 | 96.47 | ef_ill_ef_contig2 contig_88
		Skipping redundant alignment 19100 19173 | 3493480 3493407 | 74 74 | 98.65 | ef_ill_ef_contig14 contig_88
		Skipping redundant alignment 18438 18586 | 3494322 3494176 | 149 147 | 91.33 | ef_ill_ef_contig14 contig_88
		Skipping redundant alignment 91 157 | 2666004 2666070 | 67 67 | 91.04 | ef_ill_ef_contig21 contig_88
		Skipping redundant alignment 614 686 | 2666490 2666562 | 73 73 | 97.26 | ef_ill_ef_contig21 contig_88
		Skipping redundant alignment 690 773 | 2666563 2666646 | 84 84 | 97.62 | ef_ill_ef_contig21 contig_88
		Skipping redundant alignment 169 253 | 3096448 3096532 | 85 85 | 96.47 | ef_ill_ef_contig2 contig_88
		Skipping redundant alignment 19102 19173 | 2764978 2764907 | 72 72 | 98.61 | ef_ill_ef_contig14 contig_88
		Skipping redundant alignment 18438 18514 | 2765323 2765247 | 77 77 | 97.4 | ef_ill_ef_contig14 contig_88
		Skipping redundant alignment 699 773 | 2581756 2581830 | 75 75 | 100.0 | ef_ill_ef_contig21 contig_88
		Skipping redundant alignment 269 341 | 3096565 3096637 | 73 73 | 98.63 | ef_ill_ef_contig2 contig_88
		Skipping redundant alignment 24047 24196 | 2703746 2703597 | 150 150 | 92.0 | ef_ill_ef_contig3 contig_88
		Skipping redundant alignment 23237 23306 | 2704556 2704487 | 70 70 | 97.14 | ef_ill_ef_contig3 contig_88
		Skipping redundant alignment 699 773 | 2602368 2602442 | 75 75 | 100.0 | ef_ill_ef_contig21 contig_88
		Skipping redundant alignment 614 773 | 2736714 2736870 | 160 157 | 95.0 | ef_ill_ef_contig21 contig_88
			The best set is below. Score: 24794.1, number of alignments: 87, unaligned bases: 4013550
		This contig is misassembled.
		This contig is partially unaligned. (Aligned 32280 out of 4045830 non-N bases (0.80%))
			Warning! This contig is more unaligned than misassembled. Contig length is 4045830 (number of Ns: 0) and total length of all aligns is 32280
		Alignment: 889 963 | 1501752 1501678 | 75 75 | 100.0 | ef_ill_ef_contig21 contig_88
		Alignment: 793 867 | 1501833 1501759 | 75 75 | 96.0 | ef_ill_ef_contig21 contig_88
		Alignment: 696 773 | 1501928 1501851 | 78 78 | 98.72 | ef_ill_ef_contig21 contig_88
		Alignment: 614 690 | 1502005 1501929 | 77 77 | 94.81 | ef_ill_ef_contig21 contig_88
		Alignment: 341 413 | 1502282 1502210 | 73 73 | 93.15 | ef_ill_ef_contig21 contig_88
		Alignment: 323 923 | 1503061 1503661 | 601 601 | 95.51 | ef_ill_ef_contig17 contig_88
		Alignment: 933 1365 | 1503671 1504103 | 433 433 | 90.76 | ef_ill_ef_contig17 contig_88
		Alignment: 1919 2151 | 1504666 1504898 | 233 233 | 93.56 | ef_ill_ef_contig17 contig_88
		Alignment: 2249 2426 | 1504995 1505172 | 178 178 | 91.01 | ef_ill_ef_contig17 contig_88
		Alignment: 63 300 | 1505244 1505481 | 238 238 | 93.28 | ef_ill_ef_contig25 contig_88
		Alignment: 560 680 | 1505749 1505869 | 121 121 | 93.39 | ef_ill_ef_contig25 contig_88
		Alignment: 730 1806 | 1507120 1506044 | 1077 1077 | 93.41 | ef_ill_ef_contig19 contig_88
		Alignment: 455 714 | 1507396 1507137 | 260 260 | 91.92 | ef_ill_ef_contig19 contig_88
		Alignment: 19095 19173 | 2520155 2520233 | 79 79 | 97.47 | ef_ill_ef_contig14 contig_88
		Alignment: 455 714 | 2580223 2580482 | 260 260 | 91.92 | ef_ill_ef_contig19 contig_88
		Alignment: 730 1806 | 2580499 2581575 | 1077 1077 | 93.41 | ef_ill_ef_contig19 contig_88
		Alignment: 560 680 | 2582047 2581927 | 121 121 | 93.39 | ef_ill_ef_contig25 contig_88
		Alignment: 4 300 | 2582611 2582315 | 297 297 | 91.92 | ef_ill_ef_contig25 contig_88
		Alignment: 2249 2426 | 2582801 2582624 | 178 178 | 91.01 | ef_ill_ef_contig17 contig_88
		Alignment: 1919 2151 | 2583130 2582898 | 233 233 | 93.56 | ef_ill_ef_contig17 contig_88
		Alignment: 933 1365 | 2584125 2583693 | 433 433 | 90.76 | ef_ill_ef_contig17 contig_88
		Alignment: 323 923 | 2584735 2584135 | 601 601 | 95.51 | ef_ill_ef_contig17 contig_88
		Alignment: 455 714 | 2600835 2601094 | 260 260 | 91.54 | ef_ill_ef_contig19 contig_88
		Alignment: 730 1806 | 2601111 2602187 | 1077 1077 | 93.41 | ef_ill_ef_contig19 contig_88
		Alignment: 560 680 | 2602659 2602539 | 121 121 | 93.39 | ef_ill_ef_contig25 contig_88
		Alignment: 63 300 | 2603164 2602927 | 238 238 | 93.28 | ef_ill_ef_contig25 contig_88
		Alignment: 2249 2426 | 2603413 2603236 | 178 178 | 91.01 | ef_ill_ef_contig17 contig_88
		Alignment: 1919 2151 | 2603742 2603510 | 233 233 | 93.56 | ef_ill_ef_contig17 contig_88
		Alignment: 933 1365 | 2604737 2604305 | 433 433 | 90.76 | ef_ill_ef_contig17 contig_88
		Alignment: 323 923 | 2605347 2604747 | 601 601 | 95.51 | ef_ill_ef_contig17 contig_88
		Alignment: 455 714 | 2661169 2661428 | 260 260 | 91.92 | ef_ill_ef_contig19 contig_88
		Alignment: 730 1806 | 2661445 2662521 | 1077 1077 | 93.41 | ef_ill_ef_contig19 contig_88
		Alignment: 560 680 | 2662816 2662696 | 121 121 | 93.39 | ef_ill_ef_contig25 contig_88
		Alignment: 4 300 | 2663380 2663084 | 297 297 | 91.92 | ef_ill_ef_contig25 contig_88
		Alignment: 2249 2426 | 2663570 2663393 | 178 178 | 91.01 | ef_ill_ef_contig17 contig_88
		Alignment: 1919 2151 | 2663899 2663667 | 233 233 | 93.56 | ef_ill_ef_contig17 contig_88
		Alignment: 933 1365 | 2664894 2664462 | 433 433 | 90.76 | ef_ill_ef_contig17 contig_88
		Alignment: 323 923 | 2665504 2664904 | 601 601 | 95.51 | ef_ill_ef_contig17 contig_88
		Alignment: 455 714 | 2667092 2667351 | 260 260 | 91.92 | ef_ill_ef_contig19 contig_88
		Alignment: 730 1806 | 2667368 2668444 | 1077 1077 | 93.41 | ef_ill_ef_contig19 contig_88
		Alignment: 560 680 | 2668739 2668619 | 121 121 | 93.39 | ef_ill_ef_contig25 contig_88
		Alignment: 4 300 | 2669303 2669007 | 297 297 | 91.92 | ef_ill_ef_contig25 contig_88
		Alignment: 2249 2426 | 2669493 2669316 | 178 178 | 91.01 | ef_ill_ef_contig17 contig_88
		Alignment: 1919 2151 | 2669822 2669590 | 233 233 | 93.56 | ef_ill_ef_contig17 contig_88
		Alignment: 933 1365 | 2670817 2670385 | 433 433 | 90.76 | ef_ill_ef_contig17 contig_88
		Alignment: 323 923 | 2671427 2670827 | 601 601 | 95.51 | ef_ill_ef_contig17 contig_88
		Alignment: 455 714 | 2731636 2731895 | 260 260 | 91.92 | ef_ill_ef_contig19 contig_88
		Alignment: 730 1806 | 2731912 2732988 | 1077 1077 | 93.41 | ef_ill_ef_contig19 contig_88
		Alignment: 560 680 | 2733283 2733163 | 121 121 | 93.39 | ef_ill_ef_contig25 contig_88
		Alignment: 4 300 | 2733847 2733551 | 297 297 | 91.92 | ef_ill_ef_contig25 contig_88
		Alignment: 2249 2426 | 2734037 2733860 | 178 178 | 91.01 | ef_ill_ef_contig17 contig_88
		Alignment: 1919 2151 | 2734366 2734134 | 233 233 | 93.56 | ef_ill_ef_contig17 contig_88
		Alignment: 933 1365 | 2735361 2734929 | 433 433 | 90.76 | ef_ill_ef_contig17 contig_88
		Alignment: 323 923 | 2735971 2735371 | 601 601 | 95.51 | ef_ill_ef_contig17 contig_88
		Alignment: 455 714 | 2737249 2737508 | 260 260 | 91.92 | ef_ill_ef_contig19 contig_88
		Alignment: 730 1806 | 2737525 2738601 | 1077 1077 | 93.41 | ef_ill_ef_contig19 contig_88
		Alignment: 560 680 | 2738896 2738776 | 121 121 | 93.39 | ef_ill_ef_contig25 contig_88
		Alignment: 63 300 | 2739401 2739164 | 238 238 | 93.28 | ef_ill_ef_contig25 contig_88
		Alignment: 2249 2426 | 2739650 2739473 | 178 178 | 91.01 | ef_ill_ef_contig17 contig_88
		Alignment: 1919 2151 | 2739979 2739747 | 233 233 | 93.56 | ef_ill_ef_contig17 contig_88
		Alignment: 933 1365 | 2740974 2740542 | 433 433 | 90.76 | ef_ill_ef_contig17 contig_88
		Alignment: 323 923 | 2741584 2740984 | 601 601 | 95.51 | ef_ill_ef_contig17 contig_88
		Alignment: 455 714 | 2742251 2742510 | 260 260 | 91.92 | ef_ill_ef_contig19 contig_88
		Alignment: 730 1806 | 2742527 2743603 | 1077 1077 | 93.31 | ef_ill_ef_contig19 contig_88
		Alignment: 560 680 | 2743898 2743778 | 121 121 | 93.39 | ef_ill_ef_contig25 contig_88
		Alignment: 4 300 | 2744462 2744166 | 297 297 | 91.92 | ef_ill_ef_contig25 contig_88
		Alignment: 2249 2426 | 2744652 2744475 | 178 178 | 91.01 | ef_ill_ef_contig17 contig_88
		Alignment: 1919 2151 | 2744981 2744749 | 233 233 | 93.13 | ef_ill_ef_contig17 contig_88
		Alignment: 933 1365 | 2745976 2745544 | 433 433 | 90.76 | ef_ill_ef_contig17 contig_88
		Alignment: 323 923 | 2746586 2745986 | 601 601 | 95.51 | ef_ill_ef_contig17 contig_88
		Alignment: 455 714 | 3195734 3195993 | 260 260 | 91.92 | ef_ill_ef_contig19 contig_88
		Alignment: 730 1806 | 3196010 3197086 | 1077 1077 | 93.41 | ef_ill_ef_contig19 contig_88
		Alignment: 560 680 | 3197381 3197261 | 121 121 | 93.39 | ef_ill_ef_contig25 contig_88
		Alignment: 4 300 | 3197945 3197649 | 297 297 | 91.92 | ef_ill_ef_contig25 contig_88
		Alignment: 2249 2426 | 3198135 3197958 | 178 178 | 91.01 | ef_ill_ef_contig17 contig_88
		Alignment: 1919 2151 | 3198464 3198232 | 233 233 | 93.56 | ef_ill_ef_contig17 contig_88
		Alignment: 933 1365 | 3199459 3199027 | 433 433 | 90.76 | ef_ill_ef_contig17 contig_88
		Alignment: 323 923 | 3200069 3199469 | 601 601 | 95.34 | ef_ill_ef_contig17 contig_88
		Alignment: 455 714 | 3488520 3488779 | 260 260 | 91.92 | ef_ill_ef_contig19 contig_88
		Alignment: 730 1181 | 3488796 3489247 | 452 452 | 94.25 | ef_ill_ef_contig19 contig_88
		Alignment: 1182 1806 | 3489249 3489873 | 625 625 | 92.8 | ef_ill_ef_contig19 contig_88
		Alignment: 560 680 | 3490168 3490048 | 121 121 | 93.39 | ef_ill_ef_contig25 contig_88
		Alignment: 4 300 | 3490732 3490436 | 297 297 | 91.92 | ef_ill_ef_contig25 contig_88
		Alignment: 2249 2426 | 3490922 3490745 | 178 178 | 91.01 | ef_ill_ef_contig17 contig_88
		Alignment: 1919 2151 | 3491251 3491019 | 233 233 | 93.56 | ef_ill_ef_contig17 contig_88
		Alignment: 933 1365 | 3492246 3491814 | 433 433 | 90.76 | ef_ill_ef_contig17 contig_88
		Alignment: 323 923 | 3492856 3492256 | 601 601 | 95.51 | ef_ill_ef_contig17 contig_88
		Unaligned bases: 4013550

CONTIG: contig_4 (2721032bp)
Best alignment score: 566.0 (LEN: 599, IDY: 94.49), Total number of alignments: 84
			Looking for the best set of alignments (out of 84 total alignments)
			Skipping redundant alignments after choosing the best set of alignments
		Skipping redundant alignment 699 767 | 2316145 2316077 | 69 69 | 98.55 | ef_ill_ef_contig21 contig_4
		Skipping redundant alignment 613 688 | 2316241 2316166 | 76 76 | 100.0 | ef_ill_ef_contig21 contig_4
		Skipping redundant alignment 429 514 | 2316432 2316347 | 86 86 | 96.51 | ef_ill_ef_contig21 contig_4
		Skipping redundant alignment 106324 106445 | 1239677 1239556 | 122 122 | 91.8 | ef_ill_ef_contig6 contig_4
		Skipping redundant alignment 386 514 | 2308473 2308601 | 129 129 | 93.8 | ef_ill_ef_contig25 contig_4
		Skipping redundant alignment 563 681 | 2308651 2308769 | 119 119 | 94.12 | ef_ill_ef_contig25 contig_4
		This contig has several significant sets of alignments. [An ambiguously mapped contig]
		Using only the very best set (option --ambiguity-usage is set to "one").
			The best set is below. Score: 13614.9, number of alignments: 78, unaligned bases: 2703291
		This contig is misassembled.
		This contig is partially unaligned. (Aligned 17741 out of 2721032 non-N bases (0.65%))
			Warning! This contig is more unaligned than misassembled. Contig length is 2721032 (number of Ns: 0) and total length of all aligns is 17741
		Alignment: 470 678 | 695598 695806 | 209 209 | 91.87 | ef_ill_ef_contig19 contig_4
		Alignment: 734 1282 | 695864 696412 | 549 549 | 94.17 | ef_ill_ef_contig19 contig_4
		Alignment: 1289 1407 | 696421 696539 | 119 119 | 96.64 | ef_ill_ef_contig19 contig_4
		Alignment: 1610 1806 | 696743 696939 | 197 197 | 92.39 | ef_ill_ef_contig19 contig_4
		Alignment: 386 504 | 697666 697548 | 119 119 | 96.64 | ef_ill_ef_contig25 contig_4
		Alignment: 4 288 | 698055 697771 | 285 285 | 90.18 | ef_ill_ef_contig25 contig_4
		Alignment: 2249 2365 | 698245 698129 | 117 117 | 92.31 | ef_ill_ef_contig17 contig_4
		Alignment: 2165 2233 | 698328 698260 | 69 69 | 95.65 | ef_ill_ef_contig17 contig_4
		Alignment: 1921 2135 | 698572 698358 | 215 215 | 95.35 | ef_ill_ef_contig17 contig_4
		Alignment: 1019 1366 | 699483 699136 | 348 348 | 95.11 | ef_ill_ef_contig17 contig_4
		Alignment: 723 923 | 699779 699579 | 201 201 | 94.03 | ef_ill_ef_contig17 contig_4
		Alignment: 343 722 | 700160 699781 | 380 380 | 94.74 | ef_ill_ef_contig17 contig_4
		Alignment: 470 710 | 809059 809299 | 241 241 | 91.7 | ef_ill_ef_contig19 contig_4
		Alignment: 734 1278 | 809323 809867 | 545 545 | 94.31 | ef_ill_ef_contig19 contig_4
		Alignment: 1289 1407 | 809880 809998 | 119 119 | 96.64 | ef_ill_ef_contig19 contig_4
		Alignment: 1614 1806 | 810207 810399 | 193 193 | 92.23 | ef_ill_ef_contig19 contig_4
		Alignment: 386 504 | 811172 811054 | 119 119 | 96.64 | ef_ill_ef_contig25 contig_4
		Alignment: 4 290 | 811559 811273 | 287 287 | 90.24 | ef_ill_ef_contig25 contig_4
		Alignment: 2249 2365 | 811750 811634 | 117 117 | 92.31 | ef_ill_ef_contig17 contig_4
		Alignment: 2165 2233 | 811833 811765 | 69 69 | 95.65 | ef_ill_ef_contig17 contig_4
		Alignment: 1921 2135 | 812077 811863 | 215 215 | 95.35 | ef_ill_ef_contig17 contig_4
		Alignment: 1019 1366 | 812989 812642 | 348 348 | 95.11 | ef_ill_ef_contig17 contig_4
		Alignment: 722 923 | 813286 813085 | 202 202 | 93.56 | ef_ill_ef_contig17 contig_4
		Alignment: 325 721 | 813684 813288 | 397 397 | 94.96 | ef_ill_ef_contig17 contig_4
		Alignment: 470 710 | 945138 945378 | 241 241 | 91.7 | ef_ill_ef_contig19 contig_4
		Alignment: 734 1282 | 945402 945950 | 549 549 | 94.17 | ef_ill_ef_contig19 contig_4
		Alignment: 1289 1407 | 945959 946077 | 119 119 | 96.64 | ef_ill_ef_contig19 contig_4
		Alignment: 1412 1806 | 946082 946476 | 395 395 | 90.38 | ef_ill_ef_contig19 contig_4
		Alignment: 386 504 | 947253 947135 | 119 119 | 96.64 | ef_ill_ef_contig25 contig_4
		Alignment: 4 290 | 947640 947354 | 287 287 | 90.24 | ef_ill_ef_contig25 contig_4
		Alignment: 2249 2365 | 947829 947713 | 117 117 | 92.31 | ef_ill_ef_contig17 contig_4
		Alignment: 2165 2233 | 947912 947844 | 69 69 | 95.65 | ef_ill_ef_contig17 contig_4
		Alignment: 1921 2135 | 948156 947942 | 215 215 | 95.35 | ef_ill_ef_contig17 contig_4
		Alignment: 1019 1366 | 949069 948722 | 348 348 | 95.11 | ef_ill_ef_contig17 contig_4
		Alignment: 325 923 | 949763 949165 | 599 599 | 94.49 | ef_ill_ef_contig17 contig_4
		Alignment: 610 689 | 950678 950757 | 80 80 | 100.0 | ef_ill_ef_contig21 contig_4
		Alignment: 691 773 | 950763 950845 | 83 83 | 95.18 | ef_ill_ef_contig21 contig_4
		Alignment: 797 877 | 950871 950951 | 81 81 | 90.12 | ef_ill_ef_contig21 contig_4
		Alignment: 890 964 | 950972 951046 | 75 75 | 93.33 | ef_ill_ef_contig21 contig_4
		Alignment: 23217 23308 | 2268937 2269028 | 92 92 | 91.3 | ef_ill_ef_contig3 contig_4
		Alignment: 23547 23653 | 2269267 2269373 | 107 107 | 94.39 | ef_ill_ef_contig3 contig_4
		Alignment: 23697 23812 | 2269414 2269529 | 116 116 | 93.1 | ef_ill_ef_contig3 contig_4
		Alignment: 325 721 | 2305962 2306358 | 397 397 | 94.96 | ef_ill_ef_contig17 contig_4
		Alignment: 722 923 | 2306360 2306561 | 202 202 | 94.06 | ef_ill_ef_contig17 contig_4
		Alignment: 1019 1366 | 2306657 2307004 | 348 348 | 95.11 | ef_ill_ef_contig17 contig_4
		Alignment: 1921 2135 | 2307568 2307782 | 215 215 | 95.35 | ef_ill_ef_contig17 contig_4
		Alignment: 2165 2233 | 2307812 2307880 | 69 69 | 95.65 | ef_ill_ef_contig17 contig_4
		Alignment: 2249 2365 | 2307895 2308011 | 117 117 | 92.31 | ef_ill_ef_contig17 contig_4
		Alignment: 1614 1806 | 2309316 2309124 | 193 193 | 93.26 | ef_ill_ef_contig19 contig_4
		Alignment: 1289 1407 | 2309642 2309524 | 119 119 | 96.64 | ef_ill_ef_contig19 contig_4
		Alignment: 734 1282 | 2310199 2309651 | 549 549 | 93.99 | ef_ill_ef_contig19 contig_4
		Alignment: 470 680 | 2310464 2310254 | 211 211 | 91.94 | ef_ill_ef_contig19 contig_4
		Alignment: 325 722 | 2311190 2311587 | 398 398 | 94.97 | ef_ill_ef_contig17 contig_4
		Alignment: 723 923 | 2311589 2311789 | 201 201 | 94.03 | ef_ill_ef_contig17 contig_4
		Alignment: 1019 1366 | 2311885 2312232 | 348 348 | 95.11 | ef_ill_ef_contig17 contig_4
		Alignment: 1921 2135 | 2312797 2313011 | 215 215 | 95.35 | ef_ill_ef_contig17 contig_4
		Alignment: 2165 2233 | 2313041 2313109 | 69 69 | 95.65 | ef_ill_ef_contig17 contig_4
		Alignment: 2249 2365 | 2313124 2313240 | 117 117 | 92.31 | ef_ill_ef_contig17 contig_4
		Alignment: 4 287 | 2313314 2313597 | 284 284 | 90.14 | ef_ill_ef_contig25 contig_4
		Alignment: 386 514 | 2313702 2313830 | 129 129 | 93.8 | ef_ill_ef_contig25 contig_4
		Alignment: 563 681 | 2313880 2313998 | 119 119 | 94.12 | ef_ill_ef_contig25 contig_4
		Alignment: 1412 1788 | 2314781 2314405 | 377 377 | 90.19 | ef_ill_ef_contig19 contig_4
		Alignment: 1289 1407 | 2314904 2314786 | 119 119 | 96.64 | ef_ill_ef_contig19 contig_4
		Alignment: 734 1282 | 2315461 2314913 | 549 549 | 94.35 | ef_ill_ef_contig19 contig_4
		Alignment: 490 678 | 2315708 2315520 | 189 189 | 93.12 | ef_ill_ef_contig19 contig_4
		Alignment: 325 717 | 2355785 2356177 | 393 393 | 94.91 | ef_ill_ef_contig17 contig_4
		Alignment: 718 923 | 2356179 2356384 | 206 206 | 94.17 | ef_ill_ef_contig17 contig_4
		Alignment: 1019 1366 | 2356480 2356827 | 348 348 | 95.11 | ef_ill_ef_contig17 contig_4
		Alignment: 1921 2135 | 2357391 2357605 | 215 215 | 95.35 | ef_ill_ef_contig17 contig_4
		Alignment: 2165 2233 | 2357635 2357703 | 69 69 | 95.65 | ef_ill_ef_contig17 contig_4
		Alignment: 2249 2365 | 2357718 2357834 | 117 117 | 92.31 | ef_ill_ef_contig17 contig_4
		Alignment: 4 286 | 2357907 2358189 | 283 283 | 90.11 | ef_ill_ef_contig25 contig_4
		Alignment: 386 504 | 2358294 2358412 | 119 119 | 96.64 | ef_ill_ef_contig25 contig_4
		Alignment: 1610 1806 | 2359233 2359037 | 197 197 | 92.39 | ef_ill_ef_contig19 contig_4
		Alignment: 1289 1407 | 2359555 2359437 | 119 119 | 96.64 | ef_ill_ef_contig19 contig_4
		Alignment: 1030 1282 | 2359816 2359564 | 253 253 | 96.05 | ef_ill_ef_contig19 contig_4
		Alignment: 734 1028 | 2360111 2359817 | 295 295 | 93.22 | ef_ill_ef_contig19 contig_4
		Alignment: 470 710 | 2360375 2360135 | 241 241 | 92.12 | ef_ill_ef_contig19 contig_4
		Unaligned bases: 2703291

CONTIG: contig_91 (1946507bp)
Best alignment score: 2002.6 (LEN: 2205, IDY: 90.82), Total number of alignments: 33
			Looking for the best set of alignments (out of 33 total alignments)
			Skipping redundant alignments after choosing the best set of alignments
		Skipping redundant alignment 378 537 | 67536 67695 | 160 160 | 90.0 | ef_ill_ef_contig25 contig_91
		Skipping redundant alignment 561 680 | 67720 67839 | 120 120 | 92.5 | ef_ill_ef_contig25 contig_91
		Skipping redundant alignment 1 231 | 1654654 1654433 | 231 222 | 90.91 | ef_ill_ef_contig2 contig_91
		This contig has several significant sets of alignments. [An ambiguously mapped contig]
		Using only the very best set (option --ambiguity-usage is set to "one").
			The best set is below. Score: 14642.7, number of alignments: 30, unaligned bases: 1927556
		This contig is misassembled.
		This contig is partially unaligned. (Aligned 18951 out of 1946507 non-N bases (0.97%))
			Warning! This contig is more unaligned than misassembled. Contig length is 1946507 (number of Ns: 0) and total length of all aligns is 18951
		Alignment: 215 2419 | 64931 67135 | 2205 2205 | 90.48 | ef_ill_ef_contig17 contig_91
		Alignment: 481 1808 | 69564 68235 | 1328 1330 | 90.2 | ef_ill_ef_contig19 contig_91
		Alignment: 215 2419 | 142035 144239 | 2205 2205 | 90.82 | ef_ill_ef_contig17 contig_91
		Alignment: 47 233 | 144304 144490 | 187 187 | 90.37 | ef_ill_ef_contig25 contig_91
		Alignment: 416 680 | 144679 144944 | 265 266 | 90.0 | ef_ill_ef_contig25 contig_91
		Alignment: 481 1808 | 146472 145145 | 1328 1328 | 90.71 | ef_ill_ef_contig19 contig_91
		Alignment: 215 1574 | 177562 178921 | 1360 1360 | 93.41 | ef_ill_ef_contig17 contig_91
		Alignment: 1924 2419 | 179272 179767 | 496 496 | 90.52 | ef_ill_ef_contig17 contig_91
		Alignment: 47 292 | 179832 180077 | 246 246 | 90.24 | ef_ill_ef_contig25 contig_91
		Alignment: 378 537 | 180168 180327 | 160 160 | 90.0 | ef_ill_ef_contig25 contig_91
		Alignment: 561 680 | 180352 180471 | 120 120 | 91.67 | ef_ill_ef_contig25 contig_91
		Alignment: 481 1808 | 181999 180672 | 1328 1328 | 90.79 | ef_ill_ef_contig19 contig_91
		Alignment: 481 1808 | 842171 843498 | 1328 1328 | 90.49 | ef_ill_ef_contig19 contig_91
		Alignment: 561 680 | 844013 843894 | 120 120 | 91.67 | ef_ill_ef_contig25 contig_91
		Alignment: 378 537 | 844197 844038 | 160 160 | 90.0 | ef_ill_ef_contig25 contig_91
		Alignment: 47 292 | 844533 844288 | 246 246 | 90.24 | ef_ill_ef_contig25 contig_91
		Alignment: 2255 2419 | 844762 844598 | 165 165 | 90.3 | ef_ill_ef_contig17 contig_91
		Alignment: 1924 1991 | 845095 845028 | 68 68 | 92.65 | ef_ill_ef_contig17 contig_91
		Alignment: 1375 1574 | 845644 845445 | 200 200 | 92.5 | ef_ill_ef_contig17 contig_91
		Alignment: 1092 1366 | 845929 845655 | 275 275 | 95.64 | ef_ill_ef_contig17 contig_91
		Alignment: 318 1091 | 846704 845931 | 774 774 | 94.83 | ef_ill_ef_contig17 contig_91
		Alignment: 888 964 | 1655116 1655040 | 77 77 | 94.81 | ef_ill_ef_contig21 contig_91
		Alignment: 613 688 | 1655313 1655238 | 76 76 | 94.74 | ef_ill_ef_contig21 contig_91
		Alignment: 424 514 | 1655488 1655398 | 91 91 | 93.41 | ef_ill_ef_contig21 contig_91
		Alignment: 353 423 | 1655562 1655492 | 71 71 | 91.55 | ef_ill_ef_contig21 contig_91
		Alignment: 215 2419 | 1656022 1658226 | 2205 2205 | 90.73 | ef_ill_ef_contig17 contig_91
		Alignment: 47 292 | 1658291 1658536 | 246 246 | 90.24 | ef_ill_ef_contig25 contig_91
		Alignment: 378 537 | 1658627 1658786 | 160 160 | 90.0 | ef_ill_ef_contig25 contig_91
		Alignment: 561 680 | 1658811 1658930 | 120 120 | 92.5 | ef_ill_ef_contig25 contig_91
		Alignment: 481 1808 | 1660468 1659131 | 1328 1338 | 90.11 | ef_ill_ef_contig19 contig_91
		Unaligned bases: 1927556

CONTIG: contig_93 (4759020bp)
Best alignment score: 131.0 (LEN: 142, IDY: 92.25), Total number of alignments: 15
			Looking for the best set of alignments (out of 15 total alignments)
			Skipping redundant alignments after choosing the best set of alignments
		Skipping redundant alignment 1137 1227 | 807414 807504 | 91 91 | 96.7 | ef_ill_ef_contig17 contig_93
		Skipping redundant alignment 1005 1076 | 810543 810472 | 72 72 | 95.83 | ef_ill_ef_contig19 contig_93
		Skipping redundant alignment 1137 1227 | 1473732 1473822 | 91 91 | 96.7 | ef_ill_ef_contig17 contig_93
		Skipping redundant alignment 1005 1076 | 1476860 1476789 | 72 72 | 95.83 | ef_ill_ef_contig19 contig_93
		Skipping redundant alignment 1005 1076 | 1993347 1993418 | 72 72 | 95.83 | ef_ill_ef_contig19 contig_93
		Skipping redundant alignment 1137 1227 | 1996634 1996544 | 91 91 | 96.7 | ef_ill_ef_contig17 contig_93
		Skipping redundant alignment 1005 1076 | 2088451 2088522 | 72 72 | 95.83 | ef_ill_ef_contig19 contig_93
		Skipping redundant alignment 1137 1227 | 2091580 2091490 | 91 91 | 96.7 | ef_ill_ef_contig17 contig_93
		Skipping redundant alignment 1005 1076 | 2243701 2243772 | 72 72 | 95.83 | ef_ill_ef_contig19 contig_93
		Skipping redundant alignment 1137 1227 | 2246987 2246897 | 91 91 | 96.7 | ef_ill_ef_contig17 contig_93
		Skipping redundant alignment 1005 1076 | 2286619 2286690 | 72 72 | 95.83 | ef_ill_ef_contig19 contig_93
		Skipping redundant alignment 1137 1227 | 2289748 2289658 | 91 91 | 96.7 | ef_ill_ef_contig17 contig_93
		Skipping redundant alignment 1137 1227 | 3039607 3039517 | 91 91 | 96.7 | ef_ill_ef_contig17 contig_93
			The best set is below. Score: 200.0, number of alignments: 2, unaligned bases: 4758806
		This contig is misassembled.
		This contig is partially unaligned. (Aligned 214 out of 4759020 non-N bases (0.00%))
			Warning! This contig is more unaligned than misassembled. Contig length is 4759020 (number of Ns: 0) and total length of all aligns is 214
		Alignment: 1005 1076 | 3036221 3036292 | 72 72 | 95.83 | ef_ill_ef_contig19 contig_93
		Alignment: 1115 1256 | 3036330 3036471 | 142 142 | 92.25 | ef_ill_ef_contig19 contig_93
		Unaligned bases: 4758806

CONTIG: contig_94 (4765659bp)
Best alignment score: 129.0 (LEN: 142, IDY: 90.85), Total number of alignments: 21
			Looking for the best set of alignments (out of 21 total alignments)
			Skipping redundant alignments after choosing the best set of alignments
		Skipping redundant alignment 1137 1227 | 304779 304869 | 91 91 | 96.7 | ef_ill_ef_contig17 contig_94
		Skipping redundant alignment 1136 1256 | 307852 307732 | 121 121 | 95.87 | ef_ill_ef_contig19 contig_94
		Skipping redundant alignment 1005 1076 | 307982 307911 | 72 72 | 95.83 | ef_ill_ef_contig19 contig_94
		Skipping redundant alignment 1137 1227 | 1013164 1013254 | 91 91 | 96.7 | ef_ill_ef_contig17 contig_94
		Skipping redundant alignment 1136 1256 | 1016244 1016124 | 121 121 | 95.87 | ef_ill_ef_contig19 contig_94
		Skipping redundant alignment 1005 1076 | 1016374 1016303 | 72 72 | 95.83 | ef_ill_ef_contig19 contig_94
		Skipping redundant alignment 1005 1076 | 1556894 1556965 | 72 72 | 95.83 | ef_ill_ef_contig19 contig_94
		Skipping redundant alignment 1136 1256 | 1557024 1557144 | 121 121 | 95.87 | ef_ill_ef_contig19 contig_94
		Skipping redundant alignment 1137 1227 | 1560020 1559930 | 91 91 | 96.7 | ef_ill_ef_contig17 contig_94
		Skipping redundant alignment 1005 1076 | 1650525 1650596 | 72 72 | 95.83 | ef_ill_ef_contig19 contig_94
		Skipping redundant alignment 1136 1256 | 1650655 1650775 | 121 121 | 95.87 | ef_ill_ef_contig19 contig_94
		Skipping redundant alignment 1137 1227 | 1653744 1653654 | 91 91 | 96.7 | ef_ill_ef_contig17 contig_94
		Skipping redundant alignment 1005 1076 | 1781659 1781730 | 72 72 | 95.83 | ef_ill_ef_contig19 contig_94
		Skipping redundant alignment 1136 1256 | 1781789 1781909 | 121 121 | 95.87 | ef_ill_ef_contig19 contig_94
		Skipping redundant alignment 1137 1227 | 1784785 1784695 | 91 91 | 96.7 | ef_ill_ef_contig17 contig_94
		Skipping redundant alignment 1005 1076 | 1823062 1823133 | 72 72 | 95.83 | ef_ill_ef_contig19 contig_94
		Skipping redundant alignment 1182 1256 | 1823239 1823313 | 75 75 | 97.33 | ef_ill_ef_contig19 contig_94
		Skipping redundant alignment 1137 1227 | 1826189 1826099 | 91 91 | 96.7 | ef_ill_ef_contig17 contig_94
		Skipping redundant alignment 1137 1227 | 2474133 2474043 | 91 91 | 96.7 | ef_ill_ef_contig17 contig_94
			The best set is below. Score: 198.0, number of alignments: 2, unaligned bases: 4765445
		This contig is misassembled.
		This contig is partially unaligned. (Aligned 214 out of 4765659 non-N bases (0.00%))
			Warning! This contig is more unaligned than misassembled. Contig length is 4765659 (number of Ns: 0) and total length of all aligns is 214
		Alignment: 1005 1076 | 2470915 2470986 | 72 72 | 95.83 | ef_ill_ef_contig19 contig_94
		Alignment: 1136 1277 | 2471045 2471186 | 142 142 | 90.85 | ef_ill_ef_contig19 contig_94
		Unaligned bases: 4765445

Analyzing coverage...
Writing SNPs into /media3/lucia/zymo_mock_community/asms_cuantizados/v8_3-3-21_1bin/metaquast-1bin-v4/runs_per_reference/ef_ill/contigs_reports/minimap_output/r10_1bin_v4_1_r1_medaka.used_snps.gz

Analysis is finished!
Founded SNPs were written into /media3/lucia/zymo_mock_community/asms_cuantizados/v8_3-3-21_1bin/metaquast-1bin-v4/runs_per_reference/ef_ill/contigs_reports/minimap_output/r10_1bin_v4_1_r1_medaka.used_snps.gz

Results:
	Local Misassemblies: 16
	Misassemblies: 1
		Relocations: 0
		Translocations: 1
		Inversions: 0
	Scaffold gap extensive misassemblies: 0
	Scaffold gap local misassemblies: 0
	Misassemblies caused by fragmented reference: 19
	Misassembled Contigs: 1
	Misassembled Contig Bases: 2845569
	Misassemblies Inter-Contig Overlap: 0
Unaligned Contigs: 0 + 6 part
Half Unaligned Contigs with Misassemblies: 6
Unaligned Contig Bases: 21097770

Ambiguously Mapped Contigs: 4
Total Bases in Ambiguously Mapped Contigs: 10505281
Extra Bases in Ambiguously Mapped Contigs: 0
Note that --allow-ambiguity option was set to "one" and only first alignment per each of these contigs was used.

	Covered Bases: 2818434

	SNPs: 7058
	Insertions: 561
	Deletions: 1968

