Aligning contigs to reference...
	Aligning contigs to the reference
Filtering alignments...
Parsing coords...
Loading reference...
	Loaded [ef_ill_ef_contig11]
	Loaded [ef_ill_ef_contig10]
	Loaded [ef_ill_ef_contig13]
	Loaded [ef_ill_ef_contig12]
	Loaded [ef_ill_ef_contig15]
	Loaded [ef_ill_ef_contig14]
	Loaded [ef_ill_ef_contig17]
	Loaded [ef_ill_ef_contig16]
	Loaded [ef_ill_ef_contig19]
	Loaded [ef_ill_ef_contig18]
	Loaded [ef_ill_ef_contig34]
	Loaded [ef_ill_ef_contig32]
	Loaded [ef_ill_ef_contig1]
	Loaded [ef_ill_ef_contig33]
	Loaded [ef_ill_ef_contig3]
	Loaded [ef_ill_ef_contig2]
	Loaded [ef_ill_ef_contig5]
	Loaded [ef_ill_ef_contig4]
	Loaded [ef_ill_ef_contig7]
	Loaded [ef_ill_ef_contig6]
	Loaded [ef_ill_ef_contig9]
	Loaded [ef_ill_ef_contig8]
	Loaded [ef_ill_ef_contig24]
	Loaded [ef_ill_ef_contig25]
	Loaded [ef_ill_ef_contig26]
	Loaded [ef_ill_ef_contig20]
	Loaded [ef_ill_ef_contig21]
	Loaded [ef_ill_ef_contig22]
	Loaded [ef_ill_ef_contig23]
	Loaded [ef_ill_ef_contig29]
	Total Regions: 30
	Total Region Length: 2820294
Analyzing contigs...
CONTIG: contig_125 (2845368bp)
Best alignment score: 596459.3 (LEN: 596519, IDY: 99.99), Total number of alignments: 88
			Looking for the best set of alignments (out of 88 total alignments)
			Skipping redundant alignments after choosing the best set of alignments
		Skipping redundant alignment 238692 238991 | 5073 4774 | 300 300 | 99.67 | ef_ill_ef_contig3 contig_125
		Skipping redundant alignment 1 91 | 292526 292616 | 91 91 | 100.0 | ef_ill_ef_contig6 contig_125
		Skipping redundant alignment 1027333 1027525 | 292617 292425 | 193 193 | 98.96 | ef_ill_ef_contig1 contig_125
		Skipping redundant alignment 92 230 | 292659 292797 | 139 139 | 98.56 | ef_ill_ef_contig6 contig_125
		Skipping redundant alignment 231 304 | 292822 292895 | 74 74 | 95.95 | ef_ill_ef_contig6 contig_125
		Skipping redundant alignment 30 292 | 319109 318847 | 263 263 | 93.56 | ef_ill_ef_contig13 contig_125
		Skipping redundant alignment 22911 23120 | 331424 331215 | 210 210 | 95.71 | ef_ill_ef_contig13 contig_125
		Skipping redundant alignment 155366 155480 | 488397 488511 | 115 115 | 95.65 | ef_ill_ef_contig7 contig_125
		Skipping redundant alignment 720 823 | 488512 488409 | 104 104 | 94.23 | ef_ill_ef_contig18 contig_125
		Skipping redundant alignment 86022 86087 | 629567 629502 | 66 66 | 93.94 | ef_ill_ef_contig8 contig_125
		Skipping redundant alignment 86382 86532 | 629910 629760 | 151 151 | 98.68 | ef_ill_ef_contig8 contig_125
		Skipping redundant alignment 86382 86532 | 630279 630129 | 151 151 | 98.68 | ef_ill_ef_contig8 contig_125
		Skipping redundant alignment 86382 86532 | 630648 630498 | 151 151 | 98.68 | ef_ill_ef_contig8 contig_125
		Skipping redundant alignment 86382 86532 | 631017 630867 | 151 151 | 99.34 | ef_ill_ef_contig8 contig_125
		Skipping redundant alignment 238751 238991 | 717336 717576 | 241 241 | 98.76 | ef_ill_ef_contig3 contig_125
		Skipping redundant alignment 701 775 | 719400 719474 | 75 75 | 100.0 | ef_ill_ef_contig21 contig_125
		Skipping redundant alignment 19101 19183 | 724332 724250 | 83 83 | 98.8 | ef_ill_ef_contig14 contig_125
		Skipping redundant alignment 997 1201 | 724344 724548 | 205 205 | 100.0 | ef_ill_ef_contig21 contig_125
		Skipping redundant alignment 1 77 | 1004625 1004701 | 77 77 | 100.0 | ef_ill_ef_contig6 contig_125
		Skipping redundant alignment 1027346 1027576 | 1004703 1004473 | 231 231 | 99.13 | ef_ill_ef_contig1 contig_125
		Skipping redundant alignment 78 235 | 1004746 1004903 | 158 158 | 99.37 | ef_ill_ef_contig6 contig_125
		Skipping redundant alignment 22954 23120 | 1004949 1004783 | 167 167 | 96.41 | ef_ill_ef_contig13 contig_125
		Skipping redundant alignment 701 775 | 1338632 1338706 | 75 75 | 100.0 | ef_ill_ef_contig21 contig_125
		Skipping redundant alignment 1027318 1027422 | 1700612 1700716 | 105 105 | 100.0 | ef_ill_ef_contig1 contig_125
		Skipping redundant alignment 1027427 1027553 | 1700777 1700903 | 127 127 | 99.21 | ef_ill_ef_contig1 contig_125
		Skipping redundant alignment 1 552 | 2296838 2297389 | 552 552 | 99.28 | ef_ill_ef_contig33 contig_125
		Skipping redundant alignment 645532 646246 | 2347028 2347760 | 715 733 | 90.5 | ef_ill_ef_contig1 contig_125
		This contig has several significant sets of alignments. [An ambiguously mapped contig]
		Using only the very best set (option --ambiguity-usage is set to "one").
			The best set is below. Score: 2840393.7, number of alignments: 61, unaligned bases: 3629
		This contig is misassembled.
			Real Alignment 1: 325 2434 | 1 2110 | 2110 2110 | 100.0 | ef_ill_ef_contig17 contig_125
			  Not a misassembly [fragmentation of reference genome] between these two alignments
			Real Alignment 2: 1 848 | 2112 2959 | 848 848 | 100.0 | ef_ill_ef_contig25 contig_125
			  Not a misassembly [fragmentation of reference genome] between these two alignments
			Real Alignment 3: 1 1834 | 4828 2995 | 1834 1834 | 99.95 | ef_ill_ef_contig19 contig_125
			  Not a misassembly [fragmentation of reference genome] between these two alignments
			Excluding internal overlap of size 55 between Alignment 4 and 5: 1 1514 | 35691 34178 | 1514 1514 --> 1 1459 | 35691 34233 | 1459 1459
			Real Alignment 4: 1 29217 | 5019 34232 | 29217 29214 | 99.99 | ef_ill_ef_contig12 contig_125
			  Indel (> 5bp) between these two alignments: deletion of length 55; 0 mismatches (number of Ns: 0) [fragmentation of reference genome]
			Excluding internal overlap of size 55 between Alignment 5 and 6: 1 1459 | 35691 34233 | 1459 1459 --> 56 1459 | 35636 34233 | 1404 1404
			Real Alignment 5: 56 1459 | 35636 34233 | 1404 1404 | 100.0 | ef_ill_ef_contig20 contig_125
			  Indel (> 5bp) between these two alignments: deletion of length 55; 0 mismatches (number of Ns: 0) [fragmentation of reference genome]
			Excluding internal overlap of size 51 between Alignment 6 and 7: 5 1834 | 274440 276269 | 1830 1830 --> 56 1834 | 274491 276269 | 1779 1779
			Real Alignment 6: 1 238991 | 35637 274490 | 238991 238854 | 99.94 | ef_ill_ef_contig3 contig_125
			  Indel (> 5bp) between these two alignments: deletion of length 55; 0 mismatches (number of Ns: 0) [fragmentation of reference genome]
			Real Alignment 7: 56 1834 | 274491 276269 | 1779 1779 | 99.78 | ef_ill_ef_contig19 contig_125
			  Not a misassembly [fragmentation of reference genome] between these two alignments
			Real Alignment 8: 1 848 | 277152 276305 | 848 848 | 100.0 | ef_ill_ef_contig25 contig_125
			  Not a misassembly [fragmentation of reference genome] between these two alignments
			Real Alignment 9: 1 2434 | 279587 277154 | 2434 2434 | 100.0 | ef_ill_ef_contig17 contig_125
			  Not a misassembly [fragmentation of reference genome] between these two alignments
			Real Alignment 10: 1 603 | 279595 280197 | 603 603 | 100.0 | ef_ill_ef_contig21 contig_125
			  Extensive misassembly (translocation) between these two alignments
			Real Alignment 11: 1 12238 | 280286 292522 | 12238 12237 | 99.99 | ef_ill_ef_contig16 contig_125
			  Not a misassembly [fragmentation of reference genome] between these two alignments
			Excluding internal overlap of size 55 between Alignment 12 and 13: 1 508 | 315747 316254 | 508 508 --> 56 508 | 315802 316254 | 453 453
			Real Alignment 12: 1 23120 | 315801 292682 | 23120 23120 | 100.0 | ef_ill_ef_contig13 contig_125
			  Indel (> 5bp) between these two alignments: deletion of length 55; 0 mismatches (number of Ns: 0) [fragmentation of reference genome]
			Excluding internal overlap of size 55 between Alignment 13 and 14: 56 508 | 315802 316254 | 453 453 --> 56 453 | 315802 316199 | 398 398
			Real Alignment 13: 56 453 | 315802 316199 | 398 398 | 100.0 | ef_ill_ef_contig34 contig_125
			  Indel (> 5bp) between these two alignments: deletion of length 55; 0 mismatches (number of Ns: 0) [fragmentation of reference genome]
			Excluding internal overlap of size 7 between Alignment 14 and 15: 1 869 | 317068 316200 | 869 869 --> 8 869 | 317061 316200 | 862 862
			Real Alignment 14: 8 869 | 317061 316200 | 862 862 | 100.0 | ef_ill_ef_contig24 contig_125
			  Indel (> 5bp) between these two alignments: deletion of length 7; 0 mismatches (number of Ns: 0) [fragmentation of reference genome]
			Excluding internal overlap of size 55 between Alignment 15 and 16: 1 1890 | 318952 317062 | 1890 1891 --> 56 1890 | 318897 317062 | 1835 1836
			Real Alignment 15: 56 1890 | 318897 317062 | 1835 1836 | 99.95 | ef_ill_ef_contig18 contig_125
			  Indel (> 5bp) between these two alignments: deletion of length 55; 0 mismatches (number of Ns: 0) [fragmentation of reference genome]
			Real Alignment 16: 1 12372 | 331269 318898 | 12372 12372 | 99.96 | ef_ill_ef_contig15 contig_125
			  Not a misassembly [fragmentation of reference genome] between these two alignments
			Excluding internal overlap of size 634 between Alignment 17 and 18: 1 20331 | 331305 351635 | 20331 20331 --> 1 19697 | 331305 351001 | 19697 19697
			Real Alignment 17: 1 19697 | 331305 351001 | 19697 19697 | 99.96 | ef_ill_ef_contig7 contig_125
			  Overlap between these two alignments (local misassembly). Inconsistency = -447
			Real Alignment 18: 19251 144089 | 351002 475837 | 124839 124836 | 99.93 | ef_ill_ef_contig7 contig_125
			  Gap between these two alignments (local misassembly). Inconsistency = -434
			Excluding internal overlap of size 42 between Alignment 19 and 20: 1 843 | 488463 487621 | 843 843 --> 1 801 | 488463 487663 | 801 801
			Real Alignment 19: 143678 155480 | 475860 487662 | 11803 11803 | 99.97 | ef_ill_ef_contig7 contig_125
			  Indel (> 5bp) between these two alignments: deletion of length 42; 0 mismatches (number of Ns: 0) [fragmentation of reference genome]
			Real Alignment 20: 1 801 | 488463 487663 | 801 801 | 100.0 | ef_ill_ef_contig26 contig_125
			  Not a misassembly [fragmentation of reference genome] between these two alignments
			Excluding internal overlap of size 55 between Alignment 21 and 22: 1 508 | 489360 489867 | 508 508 --> 56 508 | 489415 489867 | 453 453
			Real Alignment 21: 1 945 | 489414 488470 | 945 945 | 100.0 | ef_ill_ef_contig22 contig_125
			  Indel (> 5bp) between these two alignments: deletion of length 55; 0 mismatches (number of Ns: 0) [fragmentation of reference genome]
			Excluding internal overlap of size 55 between Alignment 22 and 23: 56 508 | 489415 489867 | 453 453 --> 56 453 | 489415 489812 | 398 398
			Real Alignment 22: 56 453 | 489415 489812 | 398 398 | 99.02 | ef_ill_ef_contig34 contig_125
			  Indel (> 5bp) between these two alignments: deletion of length 55; 0 mismatches (number of Ns: 0) [fragmentation of reference genome]
			Real Alignment 23: 54 869 | 490631 489813 | 816 819 | 92.51 | ef_ill_ef_contig24 contig_125
			  Gap between these two alignments (local misassembly). Inconsistency = 53 [fragmentation of reference genome]
			Real Alignment 24: 61774 106275 | 535325 490824 | 44502 44502 | 99.99 | ef_ill_ef_contig9 contig_125
			  Gap between these two alignments (local misassembly). Inconsistency = 0
			Excluding internal overlap of size 55 between Alignment 25 and 26: 1 648 | 597042 597689 | 648 648 --> 56 648 | 597097 597689 | 593 593
			Real Alignment 25: 1 61659 | 597096 535440 | 61659 61657 | 99.98 | ef_ill_ef_contig9 contig_125
			  Indel (> 5bp) between these two alignments: deletion of length 55; 0 mismatches (number of Ns: 0) [fragmentation of reference genome]
			Real Alignment 26: 56 648 | 597097 597689 | 593 593 | 100.0 | ef_ill_ef_contig29 contig_125
			  Not a misassembly [fragmentation of reference genome] between these two alignments
			Excluding internal overlap of size 55 between Alignment 27 and 28: 1 944 | 598777 597834 | 944 944 --> 56 944 | 598722 597834 | 889 889
			Real Alignment 27: 56 944 | 598722 597834 | 889 889 | 100.0 | ef_ill_ef_contig23 contig_125
			  Indel (> 5bp) between these two alignments: deletion of length 55; 0 mismatches (number of Ns: 0) [fragmentation of reference genome]
			Real Alignment 28: 86382 116874 | 629215 598723 | 30493 30493 | 100.0 | ef_ill_ef_contig8 contig_125
			  Gap between these two alignments (local misassembly). Inconsistency = -369
			Real Alignment 29: 86391 86532 | 629567 629434 | 142 134 | 90.14 | ef_ill_ef_contig8 contig_125
			  Gap between these two alignments (local misassembly). Inconsistency = 35
			Real Alignment 30: 85898 86123 | 630025 629800 | 226 226 | 100.0 | ef_ill_ef_contig8 contig_125
			  Gap between these two alignments (local misassembly). Inconsistency = -369
			Real Alignment 31: 85898 86123 | 630394 630169 | 226 226 | 100.0 | ef_ill_ef_contig8 contig_125
			  Gap between these two alignments (local misassembly). Inconsistency = -369
			Real Alignment 32: 85898 86123 | 630763 630538 | 226 226 | 100.0 | ef_ill_ef_contig8 contig_125
			  Gap between these two alignments (local misassembly). Inconsistency = -369
			Real Alignment 33: 85898 86123 | 631132 630907 | 226 226 | 99.56 | ef_ill_ef_contig8 contig_125
			  Gap between these two alignments (local misassembly). Inconsistency = -369
			Real Alignment 34: 1 86123 | 717399 631276 | 86123 86124 | 100.0 | ef_ill_ef_contig8 contig_125
			  Not a misassembly [fragmentation of reference genome] between these two alignments
			Real Alignment 35: 1 1834 | 717522 719355 | 1834 1834 | 99.95 | ef_ill_ef_contig19 contig_125
			  Not a misassembly [fragmentation of reference genome] between these two alignments
			Real Alignment 36: 1 848 | 720340 719493 | 848 848 | 100.0 | ef_ill_ef_contig25 contig_125
			  Not a misassembly [fragmentation of reference genome] between these two alignments
			Real Alignment 37: 1 2434 | 722775 720342 | 2434 2434 | 100.0 | ef_ill_ef_contig17 contig_125
			  Not a misassembly [fragmentation of reference genome] between these two alignments
			Real Alignment 38: 1 1201 | 722783 723983 | 1201 1201 | 99.83 | ef_ill_ef_contig21 contig_125
			  Not a misassembly [fragmentation of reference genome] between these two alignments
			Real Alignment 39: 1 156 | 724091 724246 | 156 156 | 100.0 | ef_ill_ef_contig2 contig_125
			  Gap between these two alignments (local misassembly). Inconsistency = 99
			Real Alignment 40: 266 344 | 724257 724335 | 79 79 | 100.0 | ef_ill_ef_contig2 contig_125
			  Gap between these two alignments (local misassembly). Inconsistency = -762
			Real Alignment 41: 1 279869 | 724754 1004621 | 279869 279868 | 100.0 | ef_ill_ef_contig2 contig_125
			  Not a misassembly [fragmentation of reference genome] between these two alignments
			Real Alignment 42: 1 30337 | 1004873 1035209 | 30337 30337 | 100.0 | ef_ill_ef_contig10 contig_125
			  Gap between these two alignments (local misassembly). Inconsistency = 0
			Excluding internal overlap of size 55 between Alignment 43 and 44: 1 648 | 1100210 1100857 | 648 648 --> 56 648 | 1100265 1100857 | 593 593
			Real Alignment 43: 30504 95391 | 1035376 1100264 | 64888 64889 | 100.0 | ef_ill_ef_contig10 contig_125
			  Indel (> 5bp) between these two alignments: deletion of length 55; 0 mismatches (number of Ns: 0) [fragmentation of reference genome]
			Real Alignment 44: 56 648 | 1100265 1100857 | 593 593 | 97.99 | ef_ill_ef_contig29 contig_125
			  Not a misassembly [fragmentation of reference genome] between these two alignments
			Excluding internal overlap of size 55 between Alignment 45 and 46: 1 944 | 1101945 1101002 | 944 944 --> 56 944 | 1101890 1101002 | 889 889
			Real Alignment 45: 56 944 | 1101890 1101002 | 889 889 | 99.05 | ef_ill_ef_contig23 contig_125
			  Indel (> 5bp) between these two alignments: deletion of length 55; 0 mismatches (number of Ns: 0) [fragmentation of reference genome]
			Excluding internal overlap of size 55 between Alignment 46 and 47: 1 1834 | 1336754 1338587 | 1834 1834 --> 56 1834 | 1336809 1338587 | 1779 1779
			Real Alignment 46: 1 234919 | 1336808 1101891 | 234919 234918 | 100.0 | ef_ill_ef_contig4 contig_125
			  Indel (> 5bp) between these two alignments: deletion of length 55; 0 mismatches (number of Ns: 0) [fragmentation of reference genome]
			Real Alignment 47: 56 1834 | 1336809 1338587 | 1779 1779 | 100.0 | ef_ill_ef_contig19 contig_125
			  Not a misassembly [fragmentation of reference genome] between these two alignments
			Real Alignment 48: 1 848 | 1339572 1338725 | 848 848 | 99.65 | ef_ill_ef_contig25 contig_125
			  Not a misassembly [fragmentation of reference genome] between these two alignments
			Excluding internal overlap of size 55 between Alignment 49 and 50: 1 2434 | 1342007 1339574 | 2434 2434 --> 56 2434 | 1341952 1339574 | 2379 2379
			Real Alignment 49: 56 2434 | 1341952 1339574 | 2379 2379 | 100.0 | ef_ill_ef_contig17 contig_125
			  Indel (> 5bp) between these two alignments: deletion of length 55; 0 mismatches (number of Ns: 0) [fragmentation of reference genome]
			Excluding internal overlap of size 55 between Alignment 50 and 51: 1 580 | 1361932 1361353 | 580 580 --> 1 525 | 1361932 1361408 | 525 525
			Real Alignment 50: 1 19455 | 1361407 1341953 | 19455 19455 | 100.0 | ef_ill_ef_contig14 contig_125
			  Indel (> 5bp) between these two alignments: deletion of length 55; 0 mismatches (number of Ns: 0) [fragmentation of reference genome]
			Excluding internal overlap of size 55 between Alignment 51 and 52: 1 525 | 1361932 1361408 | 525 525 --> 56 525 | 1361877 1361408 | 470 470
			Real Alignment 51: 56 525 | 1361877 1361408 | 470 470 | 99.66 | ef_ill_ef_contig32 contig_125
			  Indel (> 5bp) between these two alignments: deletion of length 55; 0 mismatches (number of Ns: 0) [fragmentation of reference genome]
			Excluding internal overlap of size 603 between Alignment 52 and 53: 1 28668 | 1361878 1390544 | 28668 28667 --> 1 28065 | 1361878 1389941 | 28065 28064
			Real Alignment 52: 1 28065 | 1361878 1389941 | 28065 28064 | 99.96 | ef_ill_ef_contig5 contig_125
			  Gap between these two alignments (local misassembly). Inconsistency = 141
			Excluding internal overlap of size 55 between Alignment 53 and 54: 1 1514 | 1541517 1543030 | 1514 1514 --> 56 1514 | 1541572 1543030 | 1459 1459
			Real Alignment 53: 28207 180004 | 1389942 1541571 | 151798 151630 | 99.87 | ef_ill_ef_contig5 contig_125
			  Indel (> 5bp) between these two alignments: deletion of length 55; 0 mismatches (number of Ns: 0) [fragmentation of reference genome]
			Excluding internal overlap of size 55 between Alignment 54 and 55: 56 1514 | 1541572 1543030 | 1459 1459 --> 56 1459 | 1541572 1542975 | 1404 1404
			Real Alignment 54: 56 1459 | 1541572 1542975 | 1404 1404 | 100.0 | ef_ill_ef_contig20 contig_125
			  Indel (> 5bp) between these two alignments: deletion of length 55; 0 mismatches (number of Ns: 0) [fragmentation of reference genome]
			Excluding internal overlap of size 55 between Alignment 55 and 56: 1 157742 | 1700718 1542976 | 157742 157743 --> 56 157742 | 1700663 1542976 | 157687 157688
			Real Alignment 55: 56 157742 | 1700663 1542976 | 157687 157688 | 100.0 | ef_ill_ef_contig6 contig_125
			  Indel (> 5bp) between these two alignments: deletion of length 55; 0 mismatches (number of Ns: 0) [fragmentation of reference genome]
			Excluding internal overlap of size 222 between Alignment 56 and 57: 595858 646258 | 2296961 2347361 | 50401 50401 --> 596080 646258 | 2297183 2347361 | 50179 50179
			Real Alignment 56: 1 596523 | 1700664 2297182 | 596523 596519 | 99.99 | ef_ill_ef_contig1 contig_125
			  Overlap between these two alignments (local misassembly). Inconsistency = -444
			Real Alignment 57: 596080 646258 | 2297183 2347361 | 50179 50179 | 99.92 | ef_ill_ef_contig1 contig_125
			  Gap between these two alignments (local misassembly). Inconsistency = -804
			Excluding internal overlap of size 55 between Alignment 58 and 59: 1 580 | 2797924 2798503 | 580 580 --> 56 580 | 2797979 2798503 | 525 525
			Real Alignment 58: 645532 1096084 | 2347439 2797978 | 450553 450540 | 99.99 | ef_ill_ef_contig1 contig_125
			  Indel (> 5bp) between these two alignments: deletion of length 55; 0 mismatches (number of Ns: 0) [fragmentation of reference genome]
			Excluding internal overlap of size 55 between Alignment 59 and 60: 56 580 | 2797979 2798503 | 525 525 --> 56 525 | 2797979 2798448 | 470 470
			Real Alignment 59: 56 525 | 2797979 2798448 | 470 470 | 100.0 | ef_ill_ef_contig32 contig_125
			  Indel (> 5bp) between these two alignments: deletion of length 55; 0 mismatches (number of Ns: 0) [fragmentation of reference genome]
			Excluding internal overlap of size 55 between Alignment 60 and 61: 1 323 | 2845046 2845368 | 323 323 --> 56 323 | 2845101 2845368 | 268 268
			Real Alignment 60: 1 46653 | 2798449 2845100 | 46653 46652 | 100.0 | ef_ill_ef_contig11 contig_125
			  Indel (> 5bp) between these two alignments: deletion of length 55; 0 mismatches (number of Ns: 0) [fragmentation of reference genome]
			Real Alignment 61: 56 323 | 2845101 2845368 | 268 268 | 100.0 | ef_ill_ef_contig17 contig_125

CONTIG: contig_83 (2992067bp)
Best alignment score: 35769.0 (LEN: 35769, IDY: 100.00), Total number of alignments: 58
			Looking for the best set of alignments (out of 58 total alignments)
			Skipping redundant alignments after choosing the best set of alignments
		Skipping redundant alignment 697 773 | 291056 290980 | 77 77 | 98.7 | ef_ill_ef_contig21 contig_83
		Skipping redundant alignment 610 691 | 291148 291067 | 82 82 | 96.34 | ef_ill_ef_contig21 contig_83
		Skipping redundant alignment 423 516 | 291332 291239 | 94 94 | 93.62 | ef_ill_ef_contig21 contig_83
		Skipping redundant alignment 454351 454551 | 388856 389056 | 201 201 | 91.04 | ef_ill_ef_contig1 contig_83
		Skipping redundant alignment 930055 930202 | 469349 469496 | 148 148 | 91.22 | ef_ill_ef_contig1 contig_83
		Skipping redundant alignment 701 773 | 532723 532651 | 73 73 | 100.0 | ef_ill_ef_contig21 contig_83
		Skipping redundant alignment 18914 18992 | 1787177 1787099 | 79 79 | 98.73 | ef_ill_ef_contig14 contig_83
		Skipping redundant alignment 18924 18992 | 2569719 2569787 | 69 69 | 100.0 | ef_ill_ef_contig14 contig_83
		Skipping redundant alignment 701 773 | 1079537 1079609 | 73 73 | 100.0 | ef_ill_ef_contig21 contig_83
		This contig has several significant sets of alignments. [An ambiguously mapped contig]
		Using only the very best set (option --ambiguity-usage is set to "one").
			The best set is below. Score: 56715.0, number of alignments: 49, unaligned bases: 2929019
		This contig is misassembled.
		This contig is partially unaligned. (Aligned 63048 out of 2992067 non-N bases (2.11%))
			Warning! This contig is more unaligned than misassembled. Contig length is 2992067 (number of Ns: 0) and total length of all aligns is 63048
		Alignment: 214 2426 | 285973 288197 | 2213 2225 | 90.0 | ef_ill_ef_contig17 contig_83
		Alignment: 47 293 | 288253 288499 | 247 247 | 92.31 | ef_ill_ef_contig25 contig_83
		Alignment: 386 515 | 288599 288728 | 130 130 | 91.54 | ef_ill_ef_contig25 contig_83
		Alignment: 543 680 | 288756 288893 | 138 138 | 93.48 | ef_ill_ef_contig25 contig_83
		Alignment: 245 1807 | 290695 289144 | 1563 1552 | 91.01 | ef_ill_ef_contig19 contig_83
		Alignment: 214 2426 | 291992 294216 | 2213 2225 | 90.0 | ef_ill_ef_contig17 contig_83
		Alignment: 47 293 | 294272 294518 | 247 247 | 92.31 | ef_ill_ef_contig25 contig_83
		Alignment: 386 515 | 294618 294747 | 130 130 | 91.54 | ef_ill_ef_contig25 contig_83
		Alignment: 543 680 | 294775 294912 | 138 138 | 93.48 | ef_ill_ef_contig25 contig_83
		Alignment: 245 1807 | 296714 295163 | 1563 1552 | 90.95 | ef_ill_ef_contig19 contig_83
		Alignment: 214 2426 | 529543 531767 | 2213 2225 | 90.0 | ef_ill_ef_contig17 contig_83
		Alignment: 47 293 | 531823 532069 | 247 247 | 92.31 | ef_ill_ef_contig25 contig_83
		Alignment: 386 515 | 532169 532298 | 130 130 | 91.54 | ef_ill_ef_contig25 contig_83
		Alignment: 543 680 | 532326 532463 | 138 138 | 93.48 | ef_ill_ef_contig25 contig_83
		Alignment: 82 155 | 532843 532770 | 74 74 | 100.0 | ef_ill_ef_contig2 contig_83
		Alignment: 245 1807 | 534516 532965 | 1563 1552 | 91.07 | ef_ill_ef_contig19 contig_83
		Alignment: 23996 24184 | 582270 582458 | 189 189 | 91.53 | ef_ill_ef_contig3 contig_83
		Alignment: 245 1807 | 1077744 1079295 | 1563 1552 | 90.95 | ef_ill_ef_contig19 contig_83
		Alignment: 82 155 | 1079417 1079490 | 74 74 | 100.0 | ef_ill_ef_contig2 contig_83
		Alignment: 543 680 | 1079934 1079797 | 138 138 | 93.48 | ef_ill_ef_contig25 contig_83
		Alignment: 386 515 | 1080091 1079962 | 130 130 | 91.54 | ef_ill_ef_contig25 contig_83
		Alignment: 47 293 | 1080437 1080191 | 247 247 | 92.31 | ef_ill_ef_contig25 contig_83
		Alignment: 214 2426 | 1082717 1080493 | 2213 2225 | 90.0 | ef_ill_ef_contig17 contig_83
		Alignment: 19096 19173 | 1083201 1083124 | 78 78 | 98.72 | ef_ill_ef_contig14 contig_83
		Alignment: 19002 19075 | 1083325 1083252 | 74 74 | 97.3 | ef_ill_ef_contig14 contig_83
		Alignment: 18914 18992 | 1083507 1083429 | 79 79 | 98.73 | ef_ill_ef_contig14 contig_83
		Alignment: 18712 18794 | 1083683 1083601 | 83 83 | 90.36 | ef_ill_ef_contig14 contig_83
		Alignment: 18437 18511 | 1083958 1083884 | 75 75 | 94.67 | ef_ill_ef_contig14 contig_83
		Alignment: 18341 18413 | 1084125 1084053 | 73 73 | 91.78 | ef_ill_ef_contig14 contig_83
		Alignment: 18241 18329 | 1084260 1084172 | 89 89 | 93.26 | ef_ill_ef_contig14 contig_83
		Alignment: 723747 759515 | 1164886 1200654 | 35769 35769 | 100.0 | ef_ill_ef_contig1 contig_83
		Alignment: 245 1807 | 1676257 1677808 | 1563 1552 | 90.95 | ef_ill_ef_contig19 contig_83
		Alignment: 543 680 | 1678196 1678059 | 138 138 | 93.48 | ef_ill_ef_contig25 contig_83
		Alignment: 386 515 | 1678353 1678224 | 130 130 | 91.54 | ef_ill_ef_contig25 contig_83
		Alignment: 47 293 | 1678699 1678453 | 247 247 | 92.31 | ef_ill_ef_contig25 contig_83
		Alignment: 214 2426 | 1680979 1678755 | 2213 2225 | 90.0 | ef_ill_ef_contig17 contig_83
		Alignment: 245 1807 | 1780934 1782485 | 1563 1552 | 91.07 | ef_ill_ef_contig19 contig_83
		Alignment: 543 680 | 1782873 1782736 | 138 138 | 93.48 | ef_ill_ef_contig25 contig_83
		Alignment: 386 515 | 1783030 1782901 | 130 130 | 91.54 | ef_ill_ef_contig25 contig_83
		Alignment: 47 293 | 1783376 1783130 | 247 247 | 92.31 | ef_ill_ef_contig25 contig_83
		Alignment: 214 2426 | 1785656 1783432 | 2213 2225 | 90.0 | ef_ill_ef_contig17 contig_83
		Alignment: 427 514 | 1786317 1786404 | 88 88 | 95.45 | ef_ill_ef_contig21 contig_83
		Alignment: 610 689 | 1786494 1786573 | 80 80 | 98.75 | ef_ill_ef_contig21 contig_83
		Alignment: 697 773 | 1786590 1786666 | 77 77 | 98.7 | ef_ill_ef_contig21 contig_83
		Alignment: 885 963 | 1786789 1786867 | 79 79 | 94.94 | ef_ill_ef_contig21 contig_83
		Alignment: 1107 1194 | 1787009 1787096 | 88 88 | 94.32 | ef_ill_ef_contig21 contig_83
		Alignment: 1 75 | 1787377 1787451 | 75 75 | 93.33 | ef_ill_ef_contig2 contig_83
		Alignment: 82 158 | 1787474 1787550 | 77 77 | 100.0 | ef_ill_ef_contig2 contig_83
		Alignment: 267 341 | 1787755 1787829 | 75 75 | 98.67 | ef_ill_ef_contig2 contig_83
		Unaligned bases: 2929019

CONTIG: contig_86 (4045618bp)
Best alignment score: 1006.0 (LEN: 1077, IDY: 93.41), Total number of alignments: 102
			Too much alignments (102), will use speed up heuristics
			Found 10 solid alignments:
		Solid alignment 730 1806 | 1507045 1505969 | 1077 1077 | 93.41 | ef_ill_ef_contig19 contig_86
		Solid alignment 730 1806 | 2580365 2581441 | 1077 1077 | 93.41 | ef_ill_ef_contig19 contig_86
		Solid alignment 730 1806 | 2600977 2602053 | 1077 1077 | 93.41 | ef_ill_ef_contig19 contig_86
		Solid alignment 730 1806 | 2661311 2662387 | 1077 1077 | 93.41 | ef_ill_ef_contig19 contig_86
		Solid alignment 730 1806 | 2667234 2668310 | 1077 1077 | 93.41 | ef_ill_ef_contig19 contig_86
		Solid alignment 730 1806 | 2731778 2732854 | 1077 1077 | 93.41 | ef_ill_ef_contig19 contig_86
		Solid alignment 730 1806 | 2737391 2738467 | 1077 1077 | 93.41 | ef_ill_ef_contig19 contig_86
		Solid alignment 730 1806 | 2742392 2743468 | 1077 1077 | 93.31 | ef_ill_ef_contig19 contig_86
		Solid alignment 730 1806 | 3195851 3196927 | 1077 1077 | 93.41 | ef_ill_ef_contig19 contig_86
		Solid alignment 730 1806 | 3488619 3489695 | 1077 1077 | 93.41 | ef_ill_ef_contig19 contig_86
			Skipping alignments located inside solid regions since they are redundant:
		Nothing was skipped
			Looking for the best set of alignments (out of 102 total alignments)
		Ambiguity for this contig is not checked for speed up (too much alignments and --ambiguity-usage is "one")
			Skipping redundant alignments after choosing the best set of alignments
		Skipping redundant alignment 269 341 | 1500696 1500624 | 73 73 | 98.63 | ef_ill_ef_contig2 contig_86
		Skipping redundant alignment 169 253 | 1500814 1500730 | 85 85 | 96.47 | ef_ill_ef_contig2 contig_86
		Skipping redundant alignment 19100 19173 | 3493302 3493229 | 74 74 | 98.65 | ef_ill_ef_contig14 contig_86
		Skipping redundant alignment 18438 18586 | 3494144 3493998 | 149 147 | 91.33 | ef_ill_ef_contig14 contig_86
		Skipping redundant alignment 91 157 | 2665870 2665936 | 67 67 | 91.04 | ef_ill_ef_contig21 contig_86
		Skipping redundant alignment 614 686 | 2666356 2666428 | 73 73 | 97.26 | ef_ill_ef_contig21 contig_86
		Skipping redundant alignment 690 773 | 2666429 2666512 | 84 84 | 97.62 | ef_ill_ef_contig21 contig_86
		Skipping redundant alignment 169 253 | 3096297 3096381 | 85 85 | 96.47 | ef_ill_ef_contig2 contig_86
		Skipping redundant alignment 19102 19173 | 2764841 2764770 | 72 72 | 98.61 | ef_ill_ef_contig14 contig_86
		Skipping redundant alignment 18438 18514 | 2765186 2765110 | 77 77 | 97.4 | ef_ill_ef_contig14 contig_86
		Skipping redundant alignment 699 773 | 2581622 2581696 | 75 75 | 100.0 | ef_ill_ef_contig21 contig_86
		Skipping redundant alignment 269 341 | 3096414 3096486 | 73 73 | 98.63 | ef_ill_ef_contig2 contig_86
		Skipping redundant alignment 24047 24196 | 2703611 2703462 | 150 150 | 92.0 | ef_ill_ef_contig3 contig_86
		Skipping redundant alignment 23237 23306 | 2704421 2704352 | 70 70 | 97.14 | ef_ill_ef_contig3 contig_86
		Skipping redundant alignment 699 773 | 2602234 2602308 | 75 75 | 100.0 | ef_ill_ef_contig21 contig_86
		Skipping redundant alignment 614 773 | 2736580 2736736 | 160 157 | 95.0 | ef_ill_ef_contig21 contig_86
			The best set is below. Score: 24794.1, number of alignments: 86, unaligned bases: 4013338
		This contig is misassembled.
		This contig is partially unaligned. (Aligned 32280 out of 4045618 non-N bases (0.80%))
			Warning! This contig is more unaligned than misassembled. Contig length is 4045618 (number of Ns: 0) and total length of all aligns is 32280
		Alignment: 889 963 | 1501677 1501603 | 75 75 | 100.0 | ef_ill_ef_contig21 contig_86
		Alignment: 793 867 | 1501758 1501684 | 75 75 | 96.0 | ef_ill_ef_contig21 contig_86
		Alignment: 696 773 | 1501853 1501776 | 78 78 | 98.72 | ef_ill_ef_contig21 contig_86
		Alignment: 614 690 | 1501930 1501854 | 77 77 | 94.81 | ef_ill_ef_contig21 contig_86
		Alignment: 341 413 | 1502207 1502135 | 73 73 | 93.15 | ef_ill_ef_contig21 contig_86
		Alignment: 323 923 | 1502986 1503586 | 601 601 | 95.51 | ef_ill_ef_contig17 contig_86
		Alignment: 933 1365 | 1503596 1504028 | 433 433 | 90.76 | ef_ill_ef_contig17 contig_86
		Alignment: 1919 2151 | 1504591 1504823 | 233 233 | 93.56 | ef_ill_ef_contig17 contig_86
		Alignment: 2249 2426 | 1504920 1505097 | 178 178 | 91.01 | ef_ill_ef_contig17 contig_86
		Alignment: 63 300 | 1505169 1505406 | 238 238 | 93.28 | ef_ill_ef_contig25 contig_86
		Alignment: 560 680 | 1505674 1505794 | 121 121 | 93.39 | ef_ill_ef_contig25 contig_86
		Alignment: 730 1806 | 1507045 1505969 | 1077 1077 | 93.41 | ef_ill_ef_contig19 contig_86
		Alignment: 455 714 | 1507321 1507062 | 260 260 | 91.92 | ef_ill_ef_contig19 contig_86
		Alignment: 19095 19173 | 2520022 2520100 | 79 79 | 97.47 | ef_ill_ef_contig14 contig_86
		Alignment: 455 714 | 2580089 2580348 | 260 260 | 91.92 | ef_ill_ef_contig19 contig_86
		Alignment: 730 1806 | 2580365 2581441 | 1077 1077 | 93.41 | ef_ill_ef_contig19 contig_86
		Alignment: 560 680 | 2581913 2581793 | 121 121 | 93.39 | ef_ill_ef_contig25 contig_86
		Alignment: 4 300 | 2582477 2582181 | 297 297 | 91.92 | ef_ill_ef_contig25 contig_86
		Alignment: 2249 2426 | 2582667 2582490 | 178 178 | 91.01 | ef_ill_ef_contig17 contig_86
		Alignment: 1919 2151 | 2582996 2582764 | 233 233 | 93.56 | ef_ill_ef_contig17 contig_86
		Alignment: 933 1365 | 2583991 2583559 | 433 433 | 90.76 | ef_ill_ef_contig17 contig_86
		Alignment: 323 923 | 2584601 2584001 | 601 601 | 95.51 | ef_ill_ef_contig17 contig_86
		Alignment: 455 714 | 2600701 2600960 | 260 260 | 91.54 | ef_ill_ef_contig19 contig_86
		Alignment: 730 1806 | 2600977 2602053 | 1077 1077 | 93.41 | ef_ill_ef_contig19 contig_86
		Alignment: 560 680 | 2602525 2602405 | 121 121 | 93.39 | ef_ill_ef_contig25 contig_86
		Alignment: 63 300 | 2603030 2602793 | 238 238 | 93.28 | ef_ill_ef_contig25 contig_86
		Alignment: 2249 2426 | 2603279 2603102 | 178 178 | 91.01 | ef_ill_ef_contig17 contig_86
		Alignment: 1919 2151 | 2603608 2603376 | 233 233 | 93.56 | ef_ill_ef_contig17 contig_86
		Alignment: 933 1365 | 2604603 2604171 | 433 433 | 90.76 | ef_ill_ef_contig17 contig_86
		Alignment: 323 923 | 2605213 2604613 | 601 601 | 95.51 | ef_ill_ef_contig17 contig_86
		Alignment: 455 714 | 2661035 2661294 | 260 260 | 91.92 | ef_ill_ef_contig19 contig_86
		Alignment: 730 1806 | 2661311 2662387 | 1077 1077 | 93.41 | ef_ill_ef_contig19 contig_86
		Alignment: 560 680 | 2662682 2662562 | 121 121 | 93.39 | ef_ill_ef_contig25 contig_86
		Alignment: 4 300 | 2663246 2662950 | 297 297 | 91.92 | ef_ill_ef_contig25 contig_86
		Alignment: 2249 2426 | 2663436 2663259 | 178 178 | 91.01 | ef_ill_ef_contig17 contig_86
		Alignment: 1919 2151 | 2663765 2663533 | 233 233 | 93.56 | ef_ill_ef_contig17 contig_86
		Alignment: 933 1365 | 2664760 2664328 | 433 433 | 90.76 | ef_ill_ef_contig17 contig_86
		Alignment: 323 923 | 2665370 2664770 | 601 601 | 95.51 | ef_ill_ef_contig17 contig_86
		Alignment: 455 714 | 2666958 2667217 | 260 260 | 91.92 | ef_ill_ef_contig19 contig_86
		Alignment: 730 1806 | 2667234 2668310 | 1077 1077 | 93.41 | ef_ill_ef_contig19 contig_86
		Alignment: 560 680 | 2668605 2668485 | 121 121 | 93.39 | ef_ill_ef_contig25 contig_86
		Alignment: 4 300 | 2669169 2668873 | 297 297 | 91.92 | ef_ill_ef_contig25 contig_86
		Alignment: 2249 2426 | 2669359 2669182 | 178 178 | 91.01 | ef_ill_ef_contig17 contig_86
		Alignment: 1919 2151 | 2669688 2669456 | 233 233 | 93.56 | ef_ill_ef_contig17 contig_86
		Alignment: 933 1365 | 2670683 2670251 | 433 433 | 90.76 | ef_ill_ef_contig17 contig_86
		Alignment: 323 923 | 2671293 2670693 | 601 601 | 95.51 | ef_ill_ef_contig17 contig_86
		Alignment: 455 714 | 2731502 2731761 | 260 260 | 91.92 | ef_ill_ef_contig19 contig_86
		Alignment: 730 1806 | 2731778 2732854 | 1077 1077 | 93.41 | ef_ill_ef_contig19 contig_86
		Alignment: 560 680 | 2733149 2733029 | 121 121 | 93.39 | ef_ill_ef_contig25 contig_86
		Alignment: 4 300 | 2733713 2733417 | 297 297 | 91.92 | ef_ill_ef_contig25 contig_86
		Alignment: 2249 2426 | 2733903 2733726 | 178 178 | 91.01 | ef_ill_ef_contig17 contig_86
		Alignment: 1919 2151 | 2734232 2734000 | 233 233 | 93.56 | ef_ill_ef_contig17 contig_86
		Alignment: 933 1365 | 2735227 2734795 | 433 433 | 90.76 | ef_ill_ef_contig17 contig_86
		Alignment: 323 923 | 2735837 2735237 | 601 601 | 95.51 | ef_ill_ef_contig17 contig_86
		Alignment: 455 714 | 2737115 2737374 | 260 260 | 91.92 | ef_ill_ef_contig19 contig_86
		Alignment: 730 1806 | 2737391 2738467 | 1077 1077 | 93.41 | ef_ill_ef_contig19 contig_86
		Alignment: 560 680 | 2738762 2738642 | 121 121 | 93.39 | ef_ill_ef_contig25 contig_86
		Alignment: 63 300 | 2739267 2739030 | 238 238 | 93.28 | ef_ill_ef_contig25 contig_86
		Alignment: 2249 2426 | 2739516 2739339 | 178 178 | 91.01 | ef_ill_ef_contig17 contig_86
		Alignment: 1919 2151 | 2739845 2739613 | 233 233 | 93.56 | ef_ill_ef_contig17 contig_86
		Alignment: 933 1365 | 2740840 2740408 | 433 433 | 90.76 | ef_ill_ef_contig17 contig_86
		Alignment: 323 923 | 2741450 2740850 | 601 601 | 95.51 | ef_ill_ef_contig17 contig_86
		Alignment: 455 714 | 2742116 2742375 | 260 260 | 91.92 | ef_ill_ef_contig19 contig_86
		Alignment: 730 1806 | 2742392 2743468 | 1077 1077 | 93.31 | ef_ill_ef_contig19 contig_86
		Alignment: 560 680 | 2743763 2743643 | 121 121 | 93.39 | ef_ill_ef_contig25 contig_86
		Alignment: 4 300 | 2744327 2744031 | 297 297 | 91.92 | ef_ill_ef_contig25 contig_86
		Alignment: 2249 2426 | 2744517 2744340 | 178 178 | 91.01 | ef_ill_ef_contig17 contig_86
		Alignment: 1919 2151 | 2744846 2744614 | 233 233 | 93.13 | ef_ill_ef_contig17 contig_86
		Alignment: 933 1365 | 2745841 2745409 | 433 433 | 90.76 | ef_ill_ef_contig17 contig_86
		Alignment: 323 923 | 2746451 2745851 | 601 601 | 95.51 | ef_ill_ef_contig17 contig_86
		Alignment: 455 714 | 3195575 3195834 | 260 260 | 91.92 | ef_ill_ef_contig19 contig_86
		Alignment: 730 1806 | 3195851 3196927 | 1077 1077 | 93.41 | ef_ill_ef_contig19 contig_86
		Alignment: 560 680 | 3197222 3197102 | 121 121 | 93.39 | ef_ill_ef_contig25 contig_86
		Alignment: 4 300 | 3197786 3197490 | 297 297 | 91.92 | ef_ill_ef_contig25 contig_86
		Alignment: 2249 2426 | 3197976 3197799 | 178 178 | 91.01 | ef_ill_ef_contig17 contig_86
		Alignment: 1919 2151 | 3198305 3198073 | 233 233 | 93.56 | ef_ill_ef_contig17 contig_86
		Alignment: 933 1365 | 3199300 3198868 | 433 433 | 90.76 | ef_ill_ef_contig17 contig_86
		Alignment: 323 923 | 3199910 3199310 | 601 601 | 95.34 | ef_ill_ef_contig17 contig_86
		Alignment: 455 714 | 3488343 3488602 | 260 260 | 91.92 | ef_ill_ef_contig19 contig_86
		Alignment: 730 1806 | 3488619 3489695 | 1077 1077 | 93.41 | ef_ill_ef_contig19 contig_86
		Alignment: 560 680 | 3489990 3489870 | 121 121 | 93.39 | ef_ill_ef_contig25 contig_86
		Alignment: 4 300 | 3490554 3490258 | 297 297 | 91.92 | ef_ill_ef_contig25 contig_86
		Alignment: 2249 2426 | 3490744 3490567 | 178 178 | 91.01 | ef_ill_ef_contig17 contig_86
		Alignment: 1919 2151 | 3491073 3490841 | 233 233 | 93.56 | ef_ill_ef_contig17 contig_86
		Alignment: 933 1365 | 3492068 3491636 | 433 433 | 90.76 | ef_ill_ef_contig17 contig_86
		Alignment: 323 923 | 3492678 3492078 | 601 601 | 95.51 | ef_ill_ef_contig17 contig_86
		Unaligned bases: 4013338

CONTIG: contig_103 (2717995bp)
Best alignment score: 567.0 (LEN: 599, IDY: 94.66), Total number of alignments: 83
			Looking for the best set of alignments (out of 83 total alignments)
			Skipping redundant alignments after choosing the best set of alignments
		Skipping redundant alignment 563 681 | 2311256 2311374 | 119 119 | 94.12 | ef_ill_ef_contig25 contig_103
		Skipping redundant alignment 563 681 | 696740 696622 | 119 119 | 94.12 | ef_ill_ef_contig25 contig_103
		Skipping redundant alignment 386 514 | 696918 696790 | 129 129 | 93.8 | ef_ill_ef_contig25 contig_103
		Skipping redundant alignment 613 688 | 2313615 2313540 | 76 76 | 100.0 | ef_ill_ef_contig21 contig_103
		Skipping redundant alignment 106324 106445 | 1238276 1238155 | 122 122 | 91.8 | ef_ill_ef_contig6 contig_103
		Skipping redundant alignment 386 514 | 2355605 2355733 | 129 129 | 93.8 | ef_ill_ef_contig25 contig_103
		Skipping redundant alignment 563 681 | 2355783 2355901 | 119 119 | 94.12 | ef_ill_ef_contig25 contig_103
		Skipping redundant alignment 563 681 | 810129 810011 | 119 119 | 94.12 | ef_ill_ef_contig25 contig_103
		Skipping redundant alignment 386 514 | 810307 810179 | 129 129 | 93.8 | ef_ill_ef_contig25 contig_103
		Skipping redundant alignment 386 514 | 2305857 2305985 | 129 129 | 93.8 | ef_ill_ef_contig25 contig_103
		Skipping redundant alignment 563 681 | 2306035 2306153 | 119 119 | 94.12 | ef_ill_ef_contig25 contig_103
		Skipping redundant alignment 699 767 | 2313519 2313451 | 69 69 | 98.55 | ef_ill_ef_contig21 contig_103
		Skipping redundant alignment 563 681 | 946036 945918 | 119 119 | 94.12 | ef_ill_ef_contig25 contig_103
		Skipping redundant alignment 386 514 | 946214 946086 | 129 129 | 93.8 | ef_ill_ef_contig25 contig_103
		Skipping redundant alignment 386 514 | 2311078 2311206 | 129 129 | 93.8 | ef_ill_ef_contig25 contig_103
		This contig has several significant sets of alignments. [An ambiguously mapped contig]
		Using only the very best set (option --ambiguity-usage is set to "one").
			The best set is below. Score: 13444.0, number of alignments: 68, unaligned bases: 2701669
		This contig is misassembled.
		This contig is partially unaligned. (Aligned 16326 out of 2717995 non-N bases (0.60%))
			Warning! This contig is more unaligned than misassembled. Contig length is 2717995 (number of Ns: 0) and total length of all aligns is 16326
		Alignment: 487 710 | 694871 695094 | 224 224 | 93.3 | ef_ill_ef_contig19 contig_103
		Alignment: 734 1028 | 695118 695412 | 295 295 | 93.22 | ef_ill_ef_contig19 contig_103
		Alignment: 1030 1282 | 695413 695665 | 253 253 | 96.05 | ef_ill_ef_contig19 contig_103
		Alignment: 1289 1407 | 695674 695792 | 119 119 | 96.64 | ef_ill_ef_contig19 contig_103
		Alignment: 1412 1806 | 695797 696191 | 395 395 | 90.63 | ef_ill_ef_contig19 contig_103
		Alignment: 2249 2365 | 697495 697379 | 117 117 | 92.31 | ef_ill_ef_contig17 contig_103
		Alignment: 2165 2233 | 697578 697510 | 69 69 | 95.65 | ef_ill_ef_contig17 contig_103
		Alignment: 1921 2135 | 697822 697608 | 215 215 | 95.35 | ef_ill_ef_contig17 contig_103
		Alignment: 1019 1366 | 698733 698386 | 348 348 | 95.11 | ef_ill_ef_contig17 contig_103
		Alignment: 325 923 | 699427 698829 | 599 599 | 94.66 | ef_ill_ef_contig17 contig_103
		Alignment: 470 710 | 808197 808437 | 241 241 | 91.7 | ef_ill_ef_contig19 contig_103
		Alignment: 734 1028 | 808461 808755 | 295 295 | 93.22 | ef_ill_ef_contig19 contig_103
		Alignment: 1030 1278 | 808756 809004 | 249 249 | 95.98 | ef_ill_ef_contig19 contig_103
		Alignment: 1289 1407 | 809017 809135 | 119 119 | 96.64 | ef_ill_ef_contig19 contig_103
		Alignment: 1412 1806 | 809140 809534 | 395 395 | 90.13 | ef_ill_ef_contig19 contig_103
		Alignment: 2249 2365 | 810884 810768 | 117 117 | 92.31 | ef_ill_ef_contig17 contig_103
		Alignment: 2165 2233 | 810967 810899 | 69 69 | 95.65 | ef_ill_ef_contig17 contig_103
		Alignment: 1921 2135 | 811211 810997 | 215 215 | 95.35 | ef_ill_ef_contig17 contig_103
		Alignment: 1019 1366 | 812122 811775 | 348 348 | 95.11 | ef_ill_ef_contig17 contig_103
		Alignment: 325 923 | 812816 812218 | 599 599 | 94.49 | ef_ill_ef_contig17 contig_103
		Alignment: 470 685 | 944102 944317 | 216 216 | 92.13 | ef_ill_ef_contig19 contig_103
		Alignment: 734 1028 | 944365 944659 | 295 295 | 93.22 | ef_ill_ef_contig19 contig_103
		Alignment: 1030 1282 | 944660 944912 | 253 253 | 96.05 | ef_ill_ef_contig19 contig_103
		Alignment: 1289 1407 | 944921 945039 | 119 119 | 96.64 | ef_ill_ef_contig19 contig_103
		Alignment: 1412 1806 | 945044 945438 | 395 395 | 90.38 | ef_ill_ef_contig19 contig_103
		Alignment: 2249 2365 | 946791 946675 | 117 117 | 92.31 | ef_ill_ef_contig17 contig_103
		Alignment: 2165 2233 | 946874 946806 | 69 69 | 95.65 | ef_ill_ef_contig17 contig_103
		Alignment: 1921 2135 | 947118 946904 | 215 215 | 95.35 | ef_ill_ef_contig17 contig_103
		Alignment: 1019 1366 | 948029 947682 | 348 348 | 95.11 | ef_ill_ef_contig17 contig_103
		Alignment: 325 923 | 948723 948125 | 599 599 | 94.49 | ef_ill_ef_contig17 contig_103
		Alignment: 429 521 | 949450 949542 | 93 93 | 96.77 | ef_ill_ef_contig21 contig_103
		Alignment: 610 689 | 949636 949715 | 80 80 | 100.0 | ef_ill_ef_contig21 contig_103
		Alignment: 691 773 | 949721 949803 | 83 83 | 95.18 | ef_ill_ef_contig21 contig_103
		Alignment: 797 877 | 949829 949909 | 81 81 | 91.36 | ef_ill_ef_contig21 contig_103
		Alignment: 890 964 | 949930 950004 | 75 75 | 93.33 | ef_ill_ef_contig21 contig_103
		Alignment: 23217 23308 | 2266359 2266450 | 92 92 | 91.3 | ef_ill_ef_contig3 contig_103
		Alignment: 23547 23653 | 2266689 2266795 | 107 107 | 94.39 | ef_ill_ef_contig3 contig_103
		Alignment: 23697 23812 | 2266836 2266951 | 116 116 | 93.1 | ef_ill_ef_contig3 contig_103
		Alignment: 325 671 | 2303346 2303692 | 347 347 | 94.52 | ef_ill_ef_contig17 contig_103
		Alignment: 720 923 | 2303743 2303946 | 204 204 | 93.63 | ef_ill_ef_contig17 contig_103
		Alignment: 1019 1366 | 2304042 2304389 | 348 348 | 95.11 | ef_ill_ef_contig17 contig_103
		Alignment: 1921 2135 | 2304953 2305167 | 215 215 | 95.35 | ef_ill_ef_contig17 contig_103
		Alignment: 2165 2233 | 2305197 2305265 | 69 69 | 95.65 | ef_ill_ef_contig17 contig_103
		Alignment: 2249 2365 | 2305280 2305396 | 117 117 | 92.31 | ef_ill_ef_contig17 contig_103
		Alignment: 1412 1806 | 2306902 2306508 | 395 395 | 90.63 | ef_ill_ef_contig19 contig_103
		Alignment: 1289 1407 | 2307025 2306907 | 119 119 | 96.64 | ef_ill_ef_contig19 contig_103
		Alignment: 734 1282 | 2307582 2307034 | 549 549 | 94.54 | ef_ill_ef_contig19 contig_103
		Alignment: 488 710 | 2307828 2307606 | 223 223 | 93.27 | ef_ill_ef_contig19 contig_103
		Alignment: 325 719 | 2308568 2308962 | 395 395 | 94.94 | ef_ill_ef_contig17 contig_103
		Alignment: 720 923 | 2308965 2309168 | 204 204 | 94.12 | ef_ill_ef_contig17 contig_103
		Alignment: 1019 1366 | 2309264 2309611 | 348 348 | 95.11 | ef_ill_ef_contig17 contig_103
		Alignment: 1921 2135 | 2310172 2310386 | 215 215 | 95.35 | ef_ill_ef_contig17 contig_103
		Alignment: 2165 2233 | 2310416 2310484 | 69 69 | 95.65 | ef_ill_ef_contig17 contig_103
		Alignment: 2249 2365 | 2310499 2310615 | 117 117 | 92.31 | ef_ill_ef_contig17 contig_103
		Alignment: 1412 1806 | 2312156 2311762 | 395 395 | 90.63 | ef_ill_ef_contig19 contig_103
		Alignment: 1289 1407 | 2312279 2312161 | 119 119 | 96.64 | ef_ill_ef_contig19 contig_103
		Alignment: 1032 1282 | 2312538 2312288 | 251 251 | 96.02 | ef_ill_ef_contig19 contig_103
		Alignment: 734 1031 | 2312837 2312540 | 298 298 | 93.29 | ef_ill_ef_contig19 contig_103
		Alignment: 470 710 | 2313101 2312861 | 241 241 | 92.12 | ef_ill_ef_contig19 contig_103
		Alignment: 325 923 | 2353100 2353698 | 599 599 | 94.66 | ef_ill_ef_contig17 contig_103
		Alignment: 1019 1366 | 2353794 2354141 | 348 348 | 95.11 | ef_ill_ef_contig17 contig_103
		Alignment: 1921 2135 | 2354706 2354920 | 215 215 | 95.35 | ef_ill_ef_contig17 contig_103
		Alignment: 2165 2233 | 2354950 2355018 | 69 69 | 95.65 | ef_ill_ef_contig17 contig_103
		Alignment: 2249 2365 | 2355033 2355149 | 117 117 | 92.31 | ef_ill_ef_contig17 contig_103
		Alignment: 1610 1806 | 2356543 2356347 | 197 197 | 92.39 | ef_ill_ef_contig19 contig_103
		Alignment: 1289 1407 | 2356862 2356744 | 119 119 | 96.64 | ef_ill_ef_contig19 contig_103
		Alignment: 734 1282 | 2357419 2356871 | 549 549 | 94.54 | ef_ill_ef_contig19 contig_103
		Alignment: 470 710 | 2357683 2357443 | 241 241 | 92.12 | ef_ill_ef_contig19 contig_103
		Unaligned bases: 2701669

CONTIG: contig_90 (1946223bp)
Best alignment score: 2003.7 (LEN: 2205, IDY: 90.87), Total number of alignments: 31
			Looking for the best set of alignments (out of 31 total alignments)
			Skipping redundant alignments after choosing the best set of alignments
		Skipping redundant alignment 378 537 | 67533 67692 | 160 160 | 90.0 | ef_ill_ef_contig25 contig_90
		Skipping redundant alignment 561 680 | 67717 67836 | 120 120 | 92.5 | ef_ill_ef_contig25 contig_90
		Skipping redundant alignment 1 231 | 1654426 1654205 | 231 222 | 90.91 | ef_ill_ef_contig2 contig_90
		This contig has several significant sets of alignments. [An ambiguously mapped contig]
		Using only the very best set (option --ambiguity-usage is set to "one").
			The best set is below. Score: 15311.9, number of alignments: 28, unaligned bases: 1926487
		This contig is misassembled.
		This contig is partially unaligned. (Aligned 19736 out of 1946223 non-N bases (1.01%))
			Warning! This contig is more unaligned than misassembled. Contig length is 1946223 (number of Ns: 0) and total length of all aligns is 19736
		Alignment: 215 2419 | 64928 67132 | 2205 2205 | 90.48 | ef_ill_ef_contig17 contig_90
		Alignment: 1521 1808 | 68519 68232 | 288 288 | 92.71 | ef_ill_ef_contig19 contig_90
		Alignment: 1264 1517 | 68776 68523 | 254 254 | 91.73 | ef_ill_ef_contig19 contig_90
		Alignment: 736 1255 | 69304 68785 | 520 520 | 93.08 | ef_ill_ef_contig19 contig_90
		Alignment: 242 309 | 69813 69746 | 68 68 | 95.59 | ef_ill_ef_contig19 contig_90
		Alignment: 215 2419 | 142017 144221 | 2205 2205 | 90.82 | ef_ill_ef_contig17 contig_90
		Alignment: 47 292 | 144286 144531 | 246 246 | 90.24 | ef_ill_ef_contig25 contig_90
		Alignment: 561 680 | 144806 144925 | 120 120 | 92.5 | ef_ill_ef_contig25 contig_90
		Alignment: 481 1808 | 146452 145125 | 1328 1328 | 90.71 | ef_ill_ef_contig19 contig_90
		Alignment: 215 2419 | 177540 179744 | 2205 2205 | 90.87 | ef_ill_ef_contig17 contig_90
		Alignment: 47 292 | 179809 180054 | 246 246 | 90.24 | ef_ill_ef_contig25 contig_90
		Alignment: 378 537 | 180145 180304 | 160 160 | 90.0 | ef_ill_ef_contig25 contig_90
		Alignment: 561 680 | 180329 180448 | 120 120 | 91.67 | ef_ill_ef_contig25 contig_90
		Alignment: 481 1808 | 181976 180649 | 1328 1328 | 90.79 | ef_ill_ef_contig19 contig_90
		Alignment: 481 1808 | 841613 842940 | 1328 1328 | 90.71 | ef_ill_ef_contig19 contig_90
		Alignment: 561 680 | 843455 843336 | 120 120 | 91.67 | ef_ill_ef_contig25 contig_90
		Alignment: 378 537 | 843639 843480 | 160 160 | 90.0 | ef_ill_ef_contig25 contig_90
		Alignment: 47 292 | 843975 843730 | 246 246 | 90.24 | ef_ill_ef_contig25 contig_90
		Alignment: 215 2419 | 846244 844040 | 2205 2205 | 90.78 | ef_ill_ef_contig17 contig_90
		Alignment: 888 964 | 1654888 1654812 | 77 77 | 94.81 | ef_ill_ef_contig21 contig_90
		Alignment: 613 688 | 1655085 1655010 | 76 76 | 94.74 | ef_ill_ef_contig21 contig_90
		Alignment: 424 514 | 1655260 1655170 | 91 91 | 93.41 | ef_ill_ef_contig21 contig_90
		Alignment: 353 423 | 1655334 1655264 | 71 71 | 91.55 | ef_ill_ef_contig21 contig_90
		Alignment: 215 2419 | 1655794 1657998 | 2205 2205 | 90.73 | ef_ill_ef_contig17 contig_90
		Alignment: 47 292 | 1658063 1658308 | 246 246 | 90.24 | ef_ill_ef_contig25 contig_90
		Alignment: 378 537 | 1658399 1658558 | 160 160 | 90.0 | ef_ill_ef_contig25 contig_90
		Alignment: 561 680 | 1658583 1658702 | 120 120 | 92.5 | ef_ill_ef_contig25 contig_90
		Alignment: 481 1808 | 1660240 1658903 | 1328 1338 | 90.11 | ef_ill_ef_contig19 contig_90
		Unaligned bases: 1926487

CONTIG: contig_92 (4758018bp)
Best alignment score: 131.0 (LEN: 142, IDY: 92.25), Total number of alignments: 15
			Looking for the best set of alignments (out of 15 total alignments)
			Skipping redundant alignments after choosing the best set of alignments
		Skipping redundant alignment 1137 1227 | 806890 806980 | 91 91 | 96.7 | ef_ill_ef_contig17 contig_92
		Skipping redundant alignment 1005 1076 | 810018 809947 | 72 72 | 95.83 | ef_ill_ef_contig19 contig_92
		Skipping redundant alignment 1137 1227 | 1473123 1473213 | 91 91 | 96.7 | ef_ill_ef_contig17 contig_92
		Skipping redundant alignment 1005 1076 | 1476250 1476179 | 72 72 | 95.83 | ef_ill_ef_contig19 contig_92
		Skipping redundant alignment 1005 1076 | 1992688 1992759 | 72 72 | 95.83 | ef_ill_ef_contig19 contig_92
		Skipping redundant alignment 1137 1227 | 1995973 1995883 | 91 91 | 96.7 | ef_ill_ef_contig17 contig_92
		Skipping redundant alignment 1005 1076 | 2087774 2087845 | 72 72 | 95.83 | ef_ill_ef_contig19 contig_92
		Skipping redundant alignment 1137 1227 | 2090903 2090813 | 91 91 | 96.7 | ef_ill_ef_contig17 contig_92
		Skipping redundant alignment 1005 1076 | 2243001 2243072 | 72 72 | 95.83 | ef_ill_ef_contig19 contig_92
		Skipping redundant alignment 1137 1227 | 2246287 2246197 | 91 91 | 96.7 | ef_ill_ef_contig17 contig_92
		Skipping redundant alignment 1005 1076 | 2285915 2285986 | 72 72 | 95.83 | ef_ill_ef_contig19 contig_92
		Skipping redundant alignment 1137 1227 | 2289043 2288953 | 91 91 | 96.7 | ef_ill_ef_contig17 contig_92
		Skipping redundant alignment 1137 1227 | 3038825 3038735 | 91 91 | 96.7 | ef_ill_ef_contig17 contig_92
			The best set is below. Score: 200.0, number of alignments: 2, unaligned bases: 4757804
		This contig is misassembled.
		This contig is partially unaligned. (Aligned 214 out of 4758018 non-N bases (0.00%))
			Warning! This contig is more unaligned than misassembled. Contig length is 4758018 (number of Ns: 0) and total length of all aligns is 214
		Alignment: 1005 1076 | 3035439 3035510 | 72 72 | 95.83 | ef_ill_ef_contig19 contig_92
		Alignment: 1115 1256 | 3035548 3035689 | 142 142 | 92.25 | ef_ill_ef_contig19 contig_92
		Unaligned bases: 4757804

CONTIG: contig_93 (4765290bp)
Best alignment score: 129.0 (LEN: 142, IDY: 90.85), Total number of alignments: 21
			Looking for the best set of alignments (out of 21 total alignments)
			Skipping redundant alignments after choosing the best set of alignments
		Skipping redundant alignment 1137 1227 | 304829 304919 | 91 91 | 96.7 | ef_ill_ef_contig17 contig_93
		Skipping redundant alignment 1136 1256 | 307901 307781 | 121 121 | 95.87 | ef_ill_ef_contig19 contig_93
		Skipping redundant alignment 1005 1076 | 308031 307960 | 72 72 | 95.83 | ef_ill_ef_contig19 contig_93
		Skipping redundant alignment 1137 1227 | 1013145 1013235 | 91 91 | 96.7 | ef_ill_ef_contig17 contig_93
		Skipping redundant alignment 1136 1256 | 1016223 1016103 | 121 121 | 95.87 | ef_ill_ef_contig19 contig_93
		Skipping redundant alignment 1005 1076 | 1016353 1016282 | 72 72 | 95.83 | ef_ill_ef_contig19 contig_93
		Skipping redundant alignment 1005 1076 | 1556786 1556857 | 72 72 | 95.83 | ef_ill_ef_contig19 contig_93
		Skipping redundant alignment 1136 1256 | 1556916 1557036 | 121 121 | 95.87 | ef_ill_ef_contig19 contig_93
		Skipping redundant alignment 1137 1227 | 1559912 1559822 | 91 91 | 96.7 | ef_ill_ef_contig17 contig_93
		Skipping redundant alignment 1005 1076 | 1650409 1650480 | 72 72 | 95.83 | ef_ill_ef_contig19 contig_93
		Skipping redundant alignment 1136 1256 | 1650539 1650659 | 121 121 | 95.87 | ef_ill_ef_contig19 contig_93
		Skipping redundant alignment 1137 1227 | 1653629 1653539 | 91 91 | 96.7 | ef_ill_ef_contig17 contig_93
		Skipping redundant alignment 1005 1076 | 1781535 1781606 | 72 72 | 95.83 | ef_ill_ef_contig19 contig_93
		Skipping redundant alignment 1136 1256 | 1781665 1781785 | 121 121 | 95.87 | ef_ill_ef_contig19 contig_93
		Skipping redundant alignment 1137 1227 | 1784661 1784571 | 91 91 | 96.7 | ef_ill_ef_contig17 contig_93
		Skipping redundant alignment 1005 1076 | 1822937 1823008 | 72 72 | 95.83 | ef_ill_ef_contig19 contig_93
		Skipping redundant alignment 1136 1256 | 1823067 1823187 | 121 121 | 95.87 | ef_ill_ef_contig19 contig_93
		Skipping redundant alignment 1137 1227 | 1826062 1825972 | 91 91 | 96.7 | ef_ill_ef_contig17 contig_93
		Skipping redundant alignment 1137 1227 | 2473989 2473899 | 91 91 | 96.7 | ef_ill_ef_contig17 contig_93
			The best set is below. Score: 198.0, number of alignments: 2, unaligned bases: 4765076
		This contig is misassembled.
		This contig is partially unaligned. (Aligned 214 out of 4765290 non-N bases (0.00%))
			Warning! This contig is more unaligned than misassembled. Contig length is 4765290 (number of Ns: 0) and total length of all aligns is 214
		Alignment: 1005 1076 | 2470771 2470842 | 72 72 | 95.83 | ef_ill_ef_contig19 contig_93
		Alignment: 1136 1277 | 2470901 2471042 | 142 142 | 90.85 | ef_ill_ef_contig19 contig_93
		Unaligned bases: 4765076

Analyzing coverage...
Writing SNPs into /media3/lucia/zymo_mock_community/asms_cuantizados/v8_3-3-21_1bin/metaquast-1bin-v4/runs_per_reference/ef_ill/contigs_reports/minimap_output/r10_1bin_v4_2_MP_helen.used_snps.gz

Analysis is finished!
Founded SNPs were written into /media3/lucia/zymo_mock_community/asms_cuantizados/v8_3-3-21_1bin/metaquast-1bin-v4/runs_per_reference/ef_ill/contigs_reports/minimap_output/r10_1bin_v4_2_MP_helen.used_snps.gz

Results:
	Local Misassemblies: 16
	Misassemblies: 1
		Relocations: 0
		Translocations: 1
		Inversions: 0
	Scaffold gap extensive misassemblies: 0
	Scaffold gap local misassemblies: 0
	Misassemblies caused by fragmented reference: 19
	Misassembled Contigs: 1
	Misassembled Contig Bases: 2845368
	Misassemblies Inter-Contig Overlap: 0
Unaligned Contigs: 0 + 6 part
Half Unaligned Contigs with Misassemblies: 6
Unaligned Contig Bases: 21093393

Ambiguously Mapped Contigs: 4
Total Bases in Ambiguously Mapped Contigs: 10501653
Extra Bases in Ambiguously Mapped Contigs: 0
Note that --allow-ambiguity option was set to "one" and only first alignment per each of these contigs was used.

	Covered Bases: 2818434

	SNPs: 7033
	Insertions: 445
	Deletions: 2024

