Aligning contigs to reference...
	Aligning contigs to the reference
Filtering alignments...
Parsing coords...
Loading reference...
	Loaded [ef_ill_ef_contig11]
	Loaded [ef_ill_ef_contig10]
	Loaded [ef_ill_ef_contig13]
	Loaded [ef_ill_ef_contig12]
	Loaded [ef_ill_ef_contig15]
	Loaded [ef_ill_ef_contig14]
	Loaded [ef_ill_ef_contig17]
	Loaded [ef_ill_ef_contig16]
	Loaded [ef_ill_ef_contig19]
	Loaded [ef_ill_ef_contig18]
	Loaded [ef_ill_ef_contig34]
	Loaded [ef_ill_ef_contig32]
	Loaded [ef_ill_ef_contig1]
	Loaded [ef_ill_ef_contig33]
	Loaded [ef_ill_ef_contig3]
	Loaded [ef_ill_ef_contig2]
	Loaded [ef_ill_ef_contig5]
	Loaded [ef_ill_ef_contig4]
	Loaded [ef_ill_ef_contig7]
	Loaded [ef_ill_ef_contig6]
	Loaded [ef_ill_ef_contig9]
	Loaded [ef_ill_ef_contig8]
	Loaded [ef_ill_ef_contig24]
	Loaded [ef_ill_ef_contig25]
	Loaded [ef_ill_ef_contig26]
	Loaded [ef_ill_ef_contig20]
	Loaded [ef_ill_ef_contig21]
	Loaded [ef_ill_ef_contig22]
	Loaded [ef_ill_ef_contig23]
	Loaded [ef_ill_ef_contig29]
	Total Regions: 30
	Total Region Length: 2820294
Analyzing contigs...
CONTIG: contig_125 (2845324bp)
Best alignment score: 596426.4 (LEN: 596486, IDY: 99.99), Total number of alignments: 88
			Looking for the best set of alignments (out of 88 total alignments)
			Skipping redundant alignments after choosing the best set of alignments
		Skipping redundant alignment 238692 238991 | 5073 4774 | 300 300 | 99.67 | ef_ill_ef_contig3 contig_125
		Skipping redundant alignment 1 91 | 292530 292620 | 91 91 | 100.0 | ef_ill_ef_contig6 contig_125
		Skipping redundant alignment 1027333 1027525 | 292621 292429 | 193 193 | 98.96 | ef_ill_ef_contig1 contig_125
		Skipping redundant alignment 92 230 | 292663 292801 | 139 139 | 98.56 | ef_ill_ef_contig6 contig_125
		Skipping redundant alignment 231 304 | 292826 292899 | 74 74 | 95.95 | ef_ill_ef_contig6 contig_125
		Skipping redundant alignment 30 292 | 319109 318847 | 263 263 | 93.56 | ef_ill_ef_contig13 contig_125
		Skipping redundant alignment 22911 23120 | 331422 331213 | 210 210 | 95.71 | ef_ill_ef_contig13 contig_125
		Skipping redundant alignment 155366 155480 | 488383 488497 | 115 115 | 95.65 | ef_ill_ef_contig7 contig_125
		Skipping redundant alignment 720 823 | 488498 488395 | 104 104 | 94.23 | ef_ill_ef_contig18 contig_125
		Skipping redundant alignment 86382 86532 | 629569 629419 | 151 151 | 98.68 | ef_ill_ef_contig8 contig_125
		Skipping redundant alignment 86382 86532 | 629938 629788 | 151 151 | 98.68 | ef_ill_ef_contig8 contig_125
		Skipping redundant alignment 86382 86532 | 630307 630157 | 151 151 | 98.68 | ef_ill_ef_contig8 contig_125
		Skipping redundant alignment 86382 86532 | 630676 630526 | 151 151 | 98.68 | ef_ill_ef_contig8 contig_125
		Skipping redundant alignment 86382 86532 | 631045 630895 | 151 151 | 99.34 | ef_ill_ef_contig8 contig_125
		Skipping redundant alignment 238751 238991 | 717365 717605 | 241 241 | 98.76 | ef_ill_ef_contig3 contig_125
		Skipping redundant alignment 701 775 | 719429 719503 | 75 75 | 100.0 | ef_ill_ef_contig21 contig_125
		Skipping redundant alignment 19101 19183 | 724360 724278 | 83 83 | 98.8 | ef_ill_ef_contig14 contig_125
		Skipping redundant alignment 997 1201 | 724372 724576 | 205 205 | 100.0 | ef_ill_ef_contig21 contig_125
		Skipping redundant alignment 1 77 | 1004646 1004722 | 77 77 | 100.0 | ef_ill_ef_contig6 contig_125
		Skipping redundant alignment 1027346 1027576 | 1004724 1004494 | 231 231 | 99.13 | ef_ill_ef_contig1 contig_125
		Skipping redundant alignment 78 235 | 1004767 1004924 | 158 158 | 99.37 | ef_ill_ef_contig6 contig_125
		Skipping redundant alignment 22954 23120 | 1004970 1004804 | 167 167 | 96.41 | ef_ill_ef_contig13 contig_125
		Skipping redundant alignment 701 775 | 1338653 1338727 | 75 75 | 100.0 | ef_ill_ef_contig21 contig_125
		Skipping redundant alignment 1027318 1027422 | 1700617 1700721 | 105 105 | 100.0 | ef_ill_ef_contig1 contig_125
		Skipping redundant alignment 1027427 1027553 | 1700782 1700908 | 127 127 | 99.21 | ef_ill_ef_contig1 contig_125
		Skipping redundant alignment 1 552 | 2296810 2297361 | 552 552 | 99.28 | ef_ill_ef_contig33 contig_125
		Skipping redundant alignment 645532 646246 | 2346996 2347728 | 715 733 | 90.5 | ef_ill_ef_contig1 contig_125
		This contig has several significant sets of alignments. [An ambiguously mapped contig]
		Using only the very best set (option --ambiguity-usage is set to "one").
			The best set is below. Score: 2840122.6, number of alignments: 61, unaligned bases: 3580
		This contig is misassembled.
			Real Alignment 1: 325 2434 | 1 2110 | 2110 2110 | 100.0 | ef_ill_ef_contig17 contig_125
			  Not a misassembly [fragmentation of reference genome] between these two alignments
			Real Alignment 2: 1 848 | 2112 2959 | 848 848 | 100.0 | ef_ill_ef_contig25 contig_125
			  Not a misassembly [fragmentation of reference genome] between these two alignments
			Real Alignment 3: 1 1834 | 4828 2995 | 1834 1834 | 99.95 | ef_ill_ef_contig19 contig_125
			  Not a misassembly [fragmentation of reference genome] between these two alignments
			Excluding internal overlap of size 55 between Alignment 4 and 5: 1 1514 | 35693 34180 | 1514 1514 --> 1 1459 | 35693 34235 | 1459 1459
			Real Alignment 4: 1 29217 | 5019 34234 | 29217 29216 | 99.99 | ef_ill_ef_contig12 contig_125
			  Indel (> 5bp) between these two alignments: deletion of length 55; 0 mismatches (number of Ns: 0) [fragmentation of reference genome]
			Excluding internal overlap of size 55 between Alignment 5 and 6: 1 1459 | 35693 34235 | 1459 1459 --> 56 1459 | 35638 34235 | 1404 1404
			Real Alignment 5: 56 1459 | 35638 34235 | 1404 1404 | 100.0 | ef_ill_ef_contig20 contig_125
			  Indel (> 5bp) between these two alignments: deletion of length 55; 0 mismatches (number of Ns: 0) [fragmentation of reference genome]
			Excluding internal overlap of size 51 between Alignment 6 and 7: 5 1834 | 274444 276273 | 1830 1830 --> 56 1834 | 274495 276273 | 1779 1779
			Real Alignment 6: 1 238991 | 35639 274494 | 238991 238856 | 99.92 | ef_ill_ef_contig3 contig_125
			  Indel (> 5bp) between these two alignments: deletion of length 55; 0 mismatches (number of Ns: 0) [fragmentation of reference genome]
			Real Alignment 7: 56 1834 | 274495 276273 | 1779 1779 | 99.78 | ef_ill_ef_contig19 contig_125
			  Not a misassembly [fragmentation of reference genome] between these two alignments
			Real Alignment 8: 1 848 | 277156 276309 | 848 848 | 100.0 | ef_ill_ef_contig25 contig_125
			  Not a misassembly [fragmentation of reference genome] between these two alignments
			Real Alignment 9: 1 2434 | 279591 277158 | 2434 2434 | 100.0 | ef_ill_ef_contig17 contig_125
			  Not a misassembly [fragmentation of reference genome] between these two alignments
			Real Alignment 10: 1 603 | 279599 280201 | 603 603 | 100.0 | ef_ill_ef_contig21 contig_125
			  Extensive misassembly (translocation) between these two alignments
			Real Alignment 11: 1 12238 | 280290 292526 | 12238 12237 | 99.98 | ef_ill_ef_contig16 contig_125
			  Not a misassembly [fragmentation of reference genome] between these two alignments
			Excluding internal overlap of size 55 between Alignment 12 and 13: 1 508 | 315748 316255 | 508 508 --> 56 508 | 315803 316255 | 453 453
			Real Alignment 12: 1 23120 | 315802 292686 | 23120 23117 | 99.99 | ef_ill_ef_contig13 contig_125
			  Indel (> 5bp) between these two alignments: deletion of length 55; 0 mismatches (number of Ns: 0) [fragmentation of reference genome]
			Excluding internal overlap of size 55 between Alignment 13 and 14: 56 508 | 315803 316255 | 453 453 --> 56 453 | 315803 316200 | 398 398
			Real Alignment 13: 56 453 | 315803 316200 | 398 398 | 100.0 | ef_ill_ef_contig34 contig_125
			  Indel (> 5bp) between these two alignments: deletion of length 55; 0 mismatches (number of Ns: 0) [fragmentation of reference genome]
			Excluding internal overlap of size 7 between Alignment 14 and 15: 1 869 | 317069 316201 | 869 869 --> 8 869 | 317062 316201 | 862 862
			Real Alignment 14: 8 869 | 317062 316201 | 862 862 | 100.0 | ef_ill_ef_contig24 contig_125
			  Indel (> 5bp) between these two alignments: deletion of length 7; 0 mismatches (number of Ns: 0) [fragmentation of reference genome]
			Excluding internal overlap of size 55 between Alignment 15 and 16: 1 1890 | 318952 317063 | 1890 1890 --> 56 1890 | 318897 317063 | 1835 1835
			Real Alignment 15: 56 1890 | 318897 317063 | 1835 1835 | 100.0 | ef_ill_ef_contig18 contig_125
			  Indel (> 5bp) between these two alignments: deletion of length 55; 0 mismatches (number of Ns: 0) [fragmentation of reference genome]
			Real Alignment 16: 1 12372 | 331267 318898 | 12372 12370 | 99.94 | ef_ill_ef_contig15 contig_125
			  Not a misassembly [fragmentation of reference genome] between these two alignments
			Excluding internal overlap of size 634 between Alignment 17 and 18: 1 20331 | 331303 351635 | 20331 20333 --> 1 19697 | 331303 351001 | 19697 19699
			Real Alignment 17: 1 19697 | 331303 351001 | 19697 19699 | 99.95 | ef_ill_ef_contig7 contig_125
			  Overlap between these two alignments (local misassembly). Inconsistency = -447
			Real Alignment 18: 19251 144089 | 351002 475823 | 124839 124822 | 99.91 | ef_ill_ef_contig7 contig_125
			  Gap between these two alignments (local misassembly). Inconsistency = -434
			Excluding internal overlap of size 42 between Alignment 19 and 20: 1 843 | 488449 487607 | 843 843 --> 1 801 | 488449 487649 | 801 801
			Real Alignment 19: 143678 155480 | 475846 487648 | 11803 11803 | 99.97 | ef_ill_ef_contig7 contig_125
			  Indel (> 5bp) between these two alignments: deletion of length 42; 0 mismatches (number of Ns: 0) [fragmentation of reference genome]
			Real Alignment 20: 1 801 | 488449 487649 | 801 801 | 100.0 | ef_ill_ef_contig26 contig_125
			  Not a misassembly [fragmentation of reference genome] between these two alignments
			Excluding internal overlap of size 55 between Alignment 21 and 22: 1 508 | 489348 489855 | 508 508 --> 56 508 | 489403 489855 | 453 453
			Real Alignment 21: 1 945 | 489402 488456 | 945 947 | 99.79 | ef_ill_ef_contig22 contig_125
			  Indel (> 5bp) between these two alignments: deletion of length 55; 0 mismatches (number of Ns: 0) [fragmentation of reference genome]
			Excluding internal overlap of size 55 between Alignment 22 and 23: 56 508 | 489403 489855 | 453 453 --> 56 453 | 489403 489800 | 398 398
			Real Alignment 22: 56 453 | 489403 489800 | 398 398 | 99.02 | ef_ill_ef_contig34 contig_125
			  Indel (> 5bp) between these two alignments: deletion of length 55; 0 mismatches (number of Ns: 0) [fragmentation of reference genome]
			Real Alignment 23: 54 869 | 490619 489801 | 816 819 | 92.51 | ef_ill_ef_contig24 contig_125
			  Gap between these two alignments (local misassembly). Inconsistency = 53 [fragmentation of reference genome]
			Real Alignment 24: 61774 106275 | 535310 490812 | 44502 44499 | 99.99 | ef_ill_ef_contig9 contig_125
			  Gap between these two alignments (local misassembly). Inconsistency = 0
			Excluding internal overlap of size 55 between Alignment 25 and 26: 1 648 | 597030 597676 | 648 647 --> 56 648 | 597085 597676 | 593 592
			Real Alignment 25: 1 61659 | 597084 535425 | 61659 61660 | 99.96 | ef_ill_ef_contig9 contig_125
			  Indel (> 5bp) between these two alignments: deletion of length 55; 0 mismatches (number of Ns: 0) [fragmentation of reference genome]
			Real Alignment 26: 56 648 | 597085 597676 | 593 592 | 99.85 | ef_ill_ef_contig29 contig_125
			  Not a misassembly [fragmentation of reference genome] between these two alignments
			Excluding internal overlap of size 55 between Alignment 27 and 28: 1 944 | 598764 597821 | 944 944 --> 56 944 | 598709 597821 | 889 889
			Real Alignment 27: 56 944 | 598709 597821 | 889 889 | 100.0 | ef_ill_ef_contig23 contig_125
			  Indel (> 5bp) between these two alignments: deletion of length 55; 0 mismatches (number of Ns: 0) [fragmentation of reference genome]
			Real Alignment 28: 86382 116874 | 629200 598710 | 30493 30491 | 99.98 | ef_ill_ef_contig8 contig_125
			  Gap between these two alignments (local misassembly). Inconsistency = 0
			Real Alignment 29: 85898 86123 | 629684 629459 | 226 226 | 100.0 | ef_ill_ef_contig8 contig_125
			  Gap between these two alignments (local misassembly). Inconsistency = -369
			Real Alignment 30: 85898 86123 | 630053 629828 | 226 226 | 100.0 | ef_ill_ef_contig8 contig_125
			  Gap between these two alignments (local misassembly). Inconsistency = -369
			Real Alignment 31: 85898 86123 | 630422 630197 | 226 226 | 100.0 | ef_ill_ef_contig8 contig_125
			  Gap between these two alignments (local misassembly). Inconsistency = -369
			Real Alignment 32: 85898 86123 | 630791 630566 | 226 226 | 100.0 | ef_ill_ef_contig8 contig_125
			  Gap between these two alignments (local misassembly). Inconsistency = -369
			Real Alignment 33: 85898 86123 | 631160 630935 | 226 226 | 99.56 | ef_ill_ef_contig8 contig_125
			  Gap between these two alignments (local misassembly). Inconsistency = -369
			Real Alignment 34: 1 86123 | 717428 631304 | 86123 86125 | 99.98 | ef_ill_ef_contig8 contig_125
			  Not a misassembly [fragmentation of reference genome] between these two alignments
			Real Alignment 35: 1 1834 | 717551 719384 | 1834 1834 | 99.95 | ef_ill_ef_contig19 contig_125
			  Not a misassembly [fragmentation of reference genome] between these two alignments
			Real Alignment 36: 1 848 | 720369 719522 | 848 848 | 100.0 | ef_ill_ef_contig25 contig_125
			  Not a misassembly [fragmentation of reference genome] between these two alignments
			Real Alignment 37: 1 2434 | 722804 720371 | 2434 2434 | 100.0 | ef_ill_ef_contig17 contig_125
			  Not a misassembly [fragmentation of reference genome] between these two alignments
			Real Alignment 38: 1 1201 | 722812 724011 | 1201 1200 | 99.75 | ef_ill_ef_contig21 contig_125
			  Not a misassembly [fragmentation of reference genome] between these two alignments
			Real Alignment 39: 1 156 | 724119 724274 | 156 156 | 100.0 | ef_ill_ef_contig2 contig_125
			  Gap between these two alignments (local misassembly). Inconsistency = 99
			Real Alignment 40: 266 344 | 724285 724363 | 79 79 | 100.0 | ef_ill_ef_contig2 contig_125
			  Gap between these two alignments (local misassembly). Inconsistency = -762
			Real Alignment 41: 1 279869 | 724782 1004642 | 279869 279861 | 99.98 | ef_ill_ef_contig2 contig_125
			  Not a misassembly [fragmentation of reference genome] between these two alignments
			Real Alignment 42: 1 30337 | 1004894 1035231 | 30337 30338 | 99.98 | ef_ill_ef_contig10 contig_125
			  Gap between these two alignments (local misassembly). Inconsistency = 0
			Excluding internal overlap of size 55 between Alignment 43 and 44: 1 648 | 1100229 1100876 | 648 648 --> 56 648 | 1100284 1100876 | 593 593
			Real Alignment 43: 30504 95391 | 1035398 1100283 | 64888 64886 | 99.99 | ef_ill_ef_contig10 contig_125
			  Indel (> 5bp) between these two alignments: deletion of length 55; 0 mismatches (number of Ns: 0) [fragmentation of reference genome]
			Real Alignment 44: 56 648 | 1100284 1100876 | 593 593 | 97.99 | ef_ill_ef_contig29 contig_125
			  Not a misassembly [fragmentation of reference genome] between these two alignments
			Excluding internal overlap of size 55 between Alignment 45 and 46: 1 944 | 1101964 1101021 | 944 944 --> 56 944 | 1101909 1101021 | 889 889
			Real Alignment 45: 56 944 | 1101909 1101021 | 889 889 | 99.05 | ef_ill_ef_contig23 contig_125
			  Indel (> 5bp) between these two alignments: deletion of length 55; 0 mismatches (number of Ns: 0) [fragmentation of reference genome]
			Excluding internal overlap of size 55 between Alignment 46 and 47: 1 1834 | 1336775 1338608 | 1834 1834 --> 56 1834 | 1336830 1338608 | 1779 1779
			Real Alignment 46: 1 234919 | 1336829 1101910 | 234919 234920 | 99.99 | ef_ill_ef_contig4 contig_125
			  Indel (> 5bp) between these two alignments: deletion of length 55; 0 mismatches (number of Ns: 0) [fragmentation of reference genome]
			Real Alignment 47: 56 1834 | 1336830 1338608 | 1779 1779 | 100.0 | ef_ill_ef_contig19 contig_125
			  Not a misassembly [fragmentation of reference genome] between these two alignments
			Real Alignment 48: 1 848 | 1339593 1338746 | 848 848 | 99.65 | ef_ill_ef_contig25 contig_125
			  Not a misassembly [fragmentation of reference genome] between these two alignments
			Excluding internal overlap of size 55 between Alignment 49 and 50: 1 2434 | 1342028 1339595 | 2434 2434 --> 56 2434 | 1341973 1339595 | 2379 2379
			Real Alignment 49: 56 2434 | 1341973 1339595 | 2379 2379 | 100.0 | ef_ill_ef_contig17 contig_125
			  Indel (> 5bp) between these two alignments: deletion of length 55; 0 mismatches (number of Ns: 0) [fragmentation of reference genome]
			Excluding internal overlap of size 55 between Alignment 50 and 51: 1 580 | 1361952 1361373 | 580 580 --> 1 525 | 1361952 1361428 | 525 525
			Real Alignment 50: 1 19455 | 1361427 1341974 | 19455 19454 | 99.99 | ef_ill_ef_contig14 contig_125
			  Indel (> 5bp) between these two alignments: deletion of length 55; 0 mismatches (number of Ns: 0) [fragmentation of reference genome]
			Excluding internal overlap of size 55 between Alignment 51 and 52: 1 525 | 1361952 1361428 | 525 525 --> 56 525 | 1361897 1361428 | 470 470
			Real Alignment 51: 56 525 | 1361897 1361428 | 470 470 | 99.66 | ef_ill_ef_contig32 contig_125
			  Indel (> 5bp) between these two alignments: deletion of length 55; 0 mismatches (number of Ns: 0) [fragmentation of reference genome]
			Excluding internal overlap of size 603 between Alignment 52 and 53: 1 28668 | 1361898 1390560 | 28668 28663 --> 1 28065 | 1361898 1389957 | 28065 28060
			Real Alignment 52: 1 28065 | 1361898 1389957 | 28065 28060 | 99.94 | ef_ill_ef_contig5 contig_125
			  Gap between these two alignments (local misassembly). Inconsistency = 141
			Excluding internal overlap of size 55 between Alignment 53 and 54: 1 1514 | 1541527 1543040 | 1514 1514 --> 56 1514 | 1541582 1543040 | 1459 1459
			Real Alignment 53: 28207 180004 | 1389958 1541581 | 151798 151624 | 99.87 | ef_ill_ef_contig5 contig_125
			  Indel (> 5bp) between these two alignments: deletion of length 55; 0 mismatches (number of Ns: 0) [fragmentation of reference genome]
			Excluding internal overlap of size 55 between Alignment 54 and 55: 56 1514 | 1541582 1543040 | 1459 1459 --> 56 1459 | 1541582 1542985 | 1404 1404
			Real Alignment 54: 56 1459 | 1541582 1542985 | 1404 1404 | 100.0 | ef_ill_ef_contig20 contig_125
			  Indel (> 5bp) between these two alignments: deletion of length 55; 0 mismatches (number of Ns: 0) [fragmentation of reference genome]
			Excluding internal overlap of size 55 between Alignment 55 and 56: 1 157742 | 1700723 1542986 | 157742 157738 --> 56 157742 | 1700668 1542986 | 157687 157683
			Real Alignment 55: 56 157742 | 1700668 1542986 | 157687 157683 | 99.99 | ef_ill_ef_contig6 contig_125
			  Indel (> 5bp) between these two alignments: deletion of length 55; 0 mismatches (number of Ns: 0) [fragmentation of reference genome]
			Excluding internal overlap of size 222 between Alignment 56 and 57: 595858 646258 | 2296933 2347329 | 50401 50397 --> 596080 646258 | 2297155 2347329 | 50179 50175
			Real Alignment 56: 1 596523 | 1700669 2297154 | 596523 596486 | 99.99 | ef_ill_ef_contig1 contig_125
			  Overlap between these two alignments (local misassembly). Inconsistency = -444
			Real Alignment 57: 596080 646258 | 2297155 2347329 | 50179 50175 | 99.91 | ef_ill_ef_contig1 contig_125
			  Gap between these two alignments (local misassembly). Inconsistency = -804
			Excluding internal overlap of size 55 between Alignment 58 and 59: 1 580 | 2797885 2798464 | 580 580 --> 56 580 | 2797940 2798464 | 525 525
			Real Alignment 58: 645532 1096084 | 2347407 2797939 | 450553 450533 | 99.98 | ef_ill_ef_contig1 contig_125
			  Indel (> 5bp) between these two alignments: deletion of length 55; 0 mismatches (number of Ns: 0) [fragmentation of reference genome]
			Excluding internal overlap of size 55 between Alignment 59 and 60: 56 580 | 2797940 2798464 | 525 525 --> 56 525 | 2797940 2798409 | 470 470
			Real Alignment 59: 56 525 | 2797940 2798409 | 470 470 | 100.0 | ef_ill_ef_contig32 contig_125
			  Indel (> 5bp) between these two alignments: deletion of length 55; 0 mismatches (number of Ns: 0) [fragmentation of reference genome]
			Excluding internal overlap of size 55 between Alignment 60 and 61: 1 323 | 2845002 2845324 | 323 323 --> 56 323 | 2845057 2845324 | 268 268
			Real Alignment 60: 1 46653 | 2798410 2845056 | 46653 46647 | 99.99 | ef_ill_ef_contig11 contig_125
			  Indel (> 5bp) between these two alignments: deletion of length 55; 0 mismatches (number of Ns: 0) [fragmentation of reference genome]
			Real Alignment 61: 56 323 | 2845057 2845324 | 268 268 | 100.0 | ef_ill_ef_contig17 contig_125

CONTIG: contig_83 (2991942bp)
Best alignment score: 35764.4 (LEN: 35768, IDY: 99.99), Total number of alignments: 58
			Looking for the best set of alignments (out of 58 total alignments)
			Skipping redundant alignments after choosing the best set of alignments
		Skipping redundant alignment 697 773 | 291040 290964 | 77 77 | 98.7 | ef_ill_ef_contig21 contig_83
		Skipping redundant alignment 610 691 | 291132 291051 | 82 82 | 96.34 | ef_ill_ef_contig21 contig_83
		Skipping redundant alignment 423 516 | 291316 291223 | 94 94 | 93.62 | ef_ill_ef_contig21 contig_83
		Skipping redundant alignment 454351 454551 | 388843 389043 | 201 201 | 91.04 | ef_ill_ef_contig1 contig_83
		Skipping redundant alignment 930055 930202 | 469336 469483 | 148 148 | 91.22 | ef_ill_ef_contig1 contig_83
		Skipping redundant alignment 701 773 | 532707 532635 | 73 73 | 100.0 | ef_ill_ef_contig21 contig_83
		Skipping redundant alignment 18914 18992 | 1787100 1787022 | 79 79 | 98.73 | ef_ill_ef_contig14 contig_83
		Skipping redundant alignment 18924 18992 | 2569616 2569684 | 69 69 | 100.0 | ef_ill_ef_contig14 contig_83
		Skipping redundant alignment 701 773 | 1079505 1079577 | 73 73 | 100.0 | ef_ill_ef_contig21 contig_83
		This contig has several significant sets of alignments. [An ambiguously mapped contig]
		Using only the very best set (option --ambiguity-usage is set to "one").
			The best set is below. Score: 56679.4, number of alignments: 49, unaligned bases: 2928929
		This contig is misassembled.
		This contig is partially unaligned. (Aligned 63013 out of 2991942 non-N bases (2.11%))
			Warning! This contig is more unaligned than misassembled. Contig length is 2991942 (number of Ns: 0) and total length of all aligns is 63013
		Alignment: 214 2426 | 285957 288181 | 2213 2225 | 90.0 | ef_ill_ef_contig17 contig_83
		Alignment: 47 293 | 288237 288483 | 247 247 | 92.31 | ef_ill_ef_contig25 contig_83
		Alignment: 386 515 | 288583 288712 | 130 130 | 91.54 | ef_ill_ef_contig25 contig_83
		Alignment: 543 680 | 288740 288877 | 138 138 | 93.48 | ef_ill_ef_contig25 contig_83
		Alignment: 245 1807 | 290679 289128 | 1563 1552 | 91.01 | ef_ill_ef_contig19 contig_83
		Alignment: 214 2426 | 291976 294200 | 2213 2225 | 90.0 | ef_ill_ef_contig17 contig_83
		Alignment: 47 293 | 294256 294502 | 247 247 | 92.31 | ef_ill_ef_contig25 contig_83
		Alignment: 386 515 | 294602 294731 | 130 130 | 91.54 | ef_ill_ef_contig25 contig_83
		Alignment: 543 680 | 294759 294896 | 138 138 | 93.48 | ef_ill_ef_contig25 contig_83
		Alignment: 245 1807 | 296698 295147 | 1563 1552 | 90.95 | ef_ill_ef_contig19 contig_83
		Alignment: 214 2426 | 529527 531751 | 2213 2225 | 90.0 | ef_ill_ef_contig17 contig_83
		Alignment: 47 293 | 531807 532053 | 247 247 | 92.31 | ef_ill_ef_contig25 contig_83
		Alignment: 386 515 | 532153 532282 | 130 130 | 91.54 | ef_ill_ef_contig25 contig_83
		Alignment: 543 680 | 532310 532447 | 138 138 | 93.48 | ef_ill_ef_contig25 contig_83
		Alignment: 82 155 | 532827 532754 | 74 74 | 100.0 | ef_ill_ef_contig2 contig_83
		Alignment: 245 1807 | 534500 532949 | 1563 1552 | 91.07 | ef_ill_ef_contig19 contig_83
		Alignment: 23996 24184 | 582252 582440 | 189 189 | 91.53 | ef_ill_ef_contig3 contig_83
		Alignment: 245 1807 | 1077712 1079263 | 1563 1552 | 90.95 | ef_ill_ef_contig19 contig_83
		Alignment: 82 155 | 1079385 1079458 | 74 74 | 100.0 | ef_ill_ef_contig2 contig_83
		Alignment: 543 680 | 1079902 1079765 | 138 138 | 93.48 | ef_ill_ef_contig25 contig_83
		Alignment: 420 515 | 1080025 1079930 | 96 96 | 91.67 | ef_ill_ef_contig25 contig_83
		Alignment: 47 293 | 1080404 1080158 | 247 247 | 92.31 | ef_ill_ef_contig25 contig_83
		Alignment: 214 2426 | 1082684 1080460 | 2213 2225 | 90.0 | ef_ill_ef_contig17 contig_83
		Alignment: 19096 19173 | 1083168 1083091 | 78 78 | 98.72 | ef_ill_ef_contig14 contig_83
		Alignment: 19002 19075 | 1083292 1083219 | 74 74 | 97.3 | ef_ill_ef_contig14 contig_83
		Alignment: 18914 18992 | 1083474 1083396 | 79 79 | 98.73 | ef_ill_ef_contig14 contig_83
		Alignment: 18712 18794 | 1083650 1083568 | 83 83 | 90.36 | ef_ill_ef_contig14 contig_83
		Alignment: 18437 18511 | 1083925 1083851 | 75 75 | 94.67 | ef_ill_ef_contig14 contig_83
		Alignment: 18341 18413 | 1084092 1084020 | 73 73 | 91.78 | ef_ill_ef_contig14 contig_83
		Alignment: 18241 18329 | 1084227 1084139 | 89 89 | 93.26 | ef_ill_ef_contig14 contig_83
		Alignment: 723747 759515 | 1164853 1200620 | 35769 35768 | 99.99 | ef_ill_ef_contig1 contig_83
		Alignment: 245 1807 | 1676185 1677736 | 1563 1552 | 90.95 | ef_ill_ef_contig19 contig_83
		Alignment: 543 680 | 1678124 1677987 | 138 138 | 93.48 | ef_ill_ef_contig25 contig_83
		Alignment: 386 515 | 1678281 1678152 | 130 130 | 91.54 | ef_ill_ef_contig25 contig_83
		Alignment: 47 293 | 1678627 1678381 | 247 247 | 92.31 | ef_ill_ef_contig25 contig_83
		Alignment: 214 2426 | 1680907 1678683 | 2213 2225 | 90.0 | ef_ill_ef_contig17 contig_83
		Alignment: 245 1807 | 1780857 1782408 | 1563 1552 | 91.07 | ef_ill_ef_contig19 contig_83
		Alignment: 543 680 | 1782796 1782659 | 138 138 | 93.48 | ef_ill_ef_contig25 contig_83
		Alignment: 386 515 | 1782953 1782824 | 130 130 | 91.54 | ef_ill_ef_contig25 contig_83
		Alignment: 47 293 | 1783299 1783053 | 247 247 | 92.31 | ef_ill_ef_contig25 contig_83
		Alignment: 214 2426 | 1785579 1783355 | 2213 2225 | 90.0 | ef_ill_ef_contig17 contig_83
		Alignment: 427 514 | 1786240 1786327 | 88 88 | 95.45 | ef_ill_ef_contig21 contig_83
		Alignment: 610 689 | 1786417 1786496 | 80 80 | 98.75 | ef_ill_ef_contig21 contig_83
		Alignment: 697 773 | 1786513 1786589 | 77 77 | 98.7 | ef_ill_ef_contig21 contig_83
		Alignment: 885 963 | 1786712 1786790 | 79 79 | 94.94 | ef_ill_ef_contig21 contig_83
		Alignment: 1107 1194 | 1786932 1787019 | 88 88 | 94.32 | ef_ill_ef_contig21 contig_83
		Alignment: 1 75 | 1787300 1787374 | 75 75 | 93.33 | ef_ill_ef_contig2 contig_83
		Alignment: 82 158 | 1787397 1787473 | 77 77 | 100.0 | ef_ill_ef_contig2 contig_83
		Alignment: 267 341 | 1787678 1787752 | 75 75 | 98.67 | ef_ill_ef_contig2 contig_83
		Unaligned bases: 2928929

CONTIG: contig_86 (4045283bp)
Best alignment score: 1006.0 (LEN: 1077, IDY: 93.41), Total number of alignments: 103
			Too much alignments (103), will use speed up heuristics
			Found 10 solid alignments:
		Solid alignment 730 1806 | 1506909 1505833 | 1077 1077 | 93.41 | ef_ill_ef_contig19 contig_86
		Solid alignment 730 1806 | 2580148 2581224 | 1077 1077 | 93.41 | ef_ill_ef_contig19 contig_86
		Solid alignment 730 1806 | 2600759 2601835 | 1077 1077 | 93.41 | ef_ill_ef_contig19 contig_86
		Solid alignment 730 1806 | 2661091 2662167 | 1077 1077 | 93.41 | ef_ill_ef_contig19 contig_86
		Solid alignment 730 1806 | 2667013 2668089 | 1077 1077 | 93.41 | ef_ill_ef_contig19 contig_86
		Solid alignment 730 1806 | 2731550 2732626 | 1077 1077 | 93.41 | ef_ill_ef_contig19 contig_86
		Solid alignment 730 1806 | 2737164 2738240 | 1077 1077 | 93.41 | ef_ill_ef_contig19 contig_86
		Solid alignment 730 1806 | 2742164 2743240 | 1077 1077 | 93.31 | ef_ill_ef_contig19 contig_86
		Solid alignment 730 1806 | 3195582 3196658 | 1077 1077 | 93.41 | ef_ill_ef_contig19 contig_86
		Solid alignment 730 1806 | 3488335 3489411 | 1077 1077 | 93.41 | ef_ill_ef_contig19 contig_86
			Skipping alignments located inside solid regions since they are redundant:
		Nothing was skipped
			Looking for the best set of alignments (out of 103 total alignments)
		Ambiguity for this contig is not checked for speed up (too much alignments and --ambiguity-usage is "one")
			Skipping redundant alignments after choosing the best set of alignments
		Skipping redundant alignment 269 341 | 1500560 1500488 | 73 73 | 98.63 | ef_ill_ef_contig2 contig_86
		Skipping redundant alignment 169 253 | 1500678 1500594 | 85 85 | 96.47 | ef_ill_ef_contig2 contig_86
		Skipping redundant alignment 19100 19173 | 3493017 3492944 | 74 74 | 98.65 | ef_ill_ef_contig14 contig_86
		Skipping redundant alignment 18438 18586 | 3493859 3493713 | 149 147 | 91.33 | ef_ill_ef_contig14 contig_86
		Skipping redundant alignment 91 157 | 2665649 2665715 | 67 67 | 91.04 | ef_ill_ef_contig21 contig_86
		Skipping redundant alignment 614 686 | 2666135 2666207 | 73 73 | 97.26 | ef_ill_ef_contig21 contig_86
		Skipping redundant alignment 690 773 | 2666208 2666291 | 84 84 | 97.62 | ef_ill_ef_contig21 contig_86
		Skipping redundant alignment 18438 18514 | 2764957 2764881 | 77 77 | 97.4 | ef_ill_ef_contig14 contig_86
		Skipping redundant alignment 19102 19173 | 2764612 2764541 | 72 72 | 98.61 | ef_ill_ef_contig14 contig_86
		Skipping redundant alignment 699 773 | 2581405 2581479 | 75 75 | 100.0 | ef_ill_ef_contig21 contig_86
		Skipping redundant alignment 169 253 | 3096040 3096124 | 85 85 | 96.47 | ef_ill_ef_contig2 contig_86
		Skipping redundant alignment 269 341 | 3096157 3096229 | 73 73 | 98.63 | ef_ill_ef_contig2 contig_86
		Skipping redundant alignment 24047 24196 | 2703386 2703237 | 150 150 | 92.0 | ef_ill_ef_contig3 contig_86
		Skipping redundant alignment 23237 23306 | 2704196 2704127 | 70 70 | 97.14 | ef_ill_ef_contig3 contig_86
		Skipping redundant alignment 699 773 | 2602016 2602090 | 75 75 | 100.0 | ef_ill_ef_contig21 contig_86
		Skipping redundant alignment 614 773 | 2736353 2736509 | 160 157 | 95.0 | ef_ill_ef_contig21 contig_86
			The best set is below. Score: 24774.1, number of alignments: 87, unaligned bases: 4013029
		This contig is misassembled.
		This contig is partially unaligned. (Aligned 32254 out of 4045283 non-N bases (0.80%))
			Warning! This contig is more unaligned than misassembled. Contig length is 4045283 (number of Ns: 0) and total length of all aligns is 32254
		Alignment: 889 963 | 1501541 1501467 | 75 75 | 100.0 | ef_ill_ef_contig21 contig_86
		Alignment: 793 867 | 1501622 1501548 | 75 75 | 96.0 | ef_ill_ef_contig21 contig_86
		Alignment: 696 773 | 1501717 1501640 | 78 78 | 98.72 | ef_ill_ef_contig21 contig_86
		Alignment: 614 690 | 1501794 1501718 | 77 77 | 94.81 | ef_ill_ef_contig21 contig_86
		Alignment: 341 413 | 1502071 1501999 | 73 73 | 93.15 | ef_ill_ef_contig21 contig_86
		Alignment: 323 923 | 1502850 1503450 | 601 601 | 95.51 | ef_ill_ef_contig17 contig_86
		Alignment: 933 1365 | 1503460 1503892 | 433 433 | 90.76 | ef_ill_ef_contig17 contig_86
		Alignment: 1919 2151 | 1504455 1504687 | 233 233 | 93.56 | ef_ill_ef_contig17 contig_86
		Alignment: 2249 2426 | 1504784 1504961 | 178 178 | 91.01 | ef_ill_ef_contig17 contig_86
		Alignment: 63 300 | 1505033 1505270 | 238 238 | 93.28 | ef_ill_ef_contig25 contig_86
		Alignment: 560 680 | 1505538 1505658 | 121 121 | 93.39 | ef_ill_ef_contig25 contig_86
		Alignment: 730 1806 | 1506909 1505833 | 1077 1077 | 93.41 | ef_ill_ef_contig19 contig_86
		Alignment: 455 714 | 1507185 1506926 | 260 260 | 91.92 | ef_ill_ef_contig19 contig_86
		Alignment: 19095 19173 | 2519811 2519889 | 79 79 | 97.47 | ef_ill_ef_contig14 contig_86
		Alignment: 455 714 | 2579872 2580131 | 260 260 | 91.92 | ef_ill_ef_contig19 contig_86
		Alignment: 730 1806 | 2580148 2581224 | 1077 1077 | 93.41 | ef_ill_ef_contig19 contig_86
		Alignment: 560 680 | 2581696 2581576 | 121 121 | 93.39 | ef_ill_ef_contig25 contig_86
		Alignment: 4 300 | 2582260 2581964 | 297 297 | 91.92 | ef_ill_ef_contig25 contig_86
		Alignment: 2249 2426 | 2582450 2582273 | 178 178 | 91.01 | ef_ill_ef_contig17 contig_86
		Alignment: 1919 2151 | 2582779 2582547 | 233 233 | 93.56 | ef_ill_ef_contig17 contig_86
		Alignment: 933 1365 | 2583774 2583342 | 433 433 | 90.76 | ef_ill_ef_contig17 contig_86
		Alignment: 323 923 | 2584384 2583784 | 601 601 | 95.51 | ef_ill_ef_contig17 contig_86
		Alignment: 455 714 | 2600483 2600742 | 260 260 | 91.54 | ef_ill_ef_contig19 contig_86
		Alignment: 730 1806 | 2600759 2601835 | 1077 1077 | 93.41 | ef_ill_ef_contig19 contig_86
		Alignment: 560 680 | 2602307 2602187 | 121 121 | 93.39 | ef_ill_ef_contig25 contig_86
		Alignment: 63 300 | 2602812 2602575 | 238 238 | 93.28 | ef_ill_ef_contig25 contig_86
		Alignment: 2249 2426 | 2603061 2602884 | 178 178 | 91.01 | ef_ill_ef_contig17 contig_86
		Alignment: 1919 2151 | 2603390 2603158 | 233 233 | 93.56 | ef_ill_ef_contig17 contig_86
		Alignment: 933 1365 | 2604385 2603953 | 433 433 | 90.76 | ef_ill_ef_contig17 contig_86
		Alignment: 323 923 | 2604995 2604395 | 601 601 | 95.51 | ef_ill_ef_contig17 contig_86
		Alignment: 455 714 | 2660815 2661074 | 260 260 | 91.92 | ef_ill_ef_contig19 contig_86
		Alignment: 730 1806 | 2661091 2662167 | 1077 1077 | 93.41 | ef_ill_ef_contig19 contig_86
		Alignment: 560 680 | 2662462 2662342 | 121 121 | 93.39 | ef_ill_ef_contig25 contig_86
		Alignment: 4 300 | 2663026 2662730 | 297 297 | 91.92 | ef_ill_ef_contig25 contig_86
		Alignment: 2249 2426 | 2663216 2663039 | 178 178 | 91.01 | ef_ill_ef_contig17 contig_86
		Alignment: 1919 2151 | 2663545 2663313 | 233 233 | 93.56 | ef_ill_ef_contig17 contig_86
		Alignment: 933 1365 | 2664539 2664107 | 433 433 | 90.76 | ef_ill_ef_contig17 contig_86
		Alignment: 323 923 | 2665149 2664549 | 601 601 | 95.51 | ef_ill_ef_contig17 contig_86
		Alignment: 455 714 | 2666737 2666996 | 260 260 | 91.92 | ef_ill_ef_contig19 contig_86
		Alignment: 730 1806 | 2667013 2668089 | 1077 1077 | 93.41 | ef_ill_ef_contig19 contig_86
		Alignment: 560 680 | 2668384 2668264 | 121 121 | 93.39 | ef_ill_ef_contig25 contig_86
		Alignment: 4 300 | 2668948 2668652 | 297 297 | 91.92 | ef_ill_ef_contig25 contig_86
		Alignment: 2249 2426 | 2669138 2668961 | 178 178 | 91.01 | ef_ill_ef_contig17 contig_86
		Alignment: 1919 2151 | 2669467 2669235 | 233 233 | 93.56 | ef_ill_ef_contig17 contig_86
		Alignment: 933 1365 | 2670462 2670030 | 433 433 | 90.76 | ef_ill_ef_contig17 contig_86
		Alignment: 323 923 | 2671072 2670472 | 601 601 | 95.51 | ef_ill_ef_contig17 contig_86
		Alignment: 455 714 | 2731274 2731533 | 260 260 | 91.92 | ef_ill_ef_contig19 contig_86
		Alignment: 730 1806 | 2731550 2732626 | 1077 1077 | 93.41 | ef_ill_ef_contig19 contig_86
		Alignment: 560 680 | 2732921 2732801 | 121 121 | 93.39 | ef_ill_ef_contig25 contig_86
		Alignment: 4 300 | 2733485 2733189 | 297 297 | 91.92 | ef_ill_ef_contig25 contig_86
		Alignment: 2249 2426 | 2733675 2733498 | 178 178 | 91.01 | ef_ill_ef_contig17 contig_86
		Alignment: 1919 2151 | 2734004 2733772 | 233 233 | 93.56 | ef_ill_ef_contig17 contig_86
		Alignment: 933 1365 | 2735001 2734569 | 433 433 | 90.76 | ef_ill_ef_contig17 contig_86
		Alignment: 323 898 | 2735610 2735035 | 576 576 | 96.53 | ef_ill_ef_contig17 contig_86
		Alignment: 455 714 | 2736888 2737147 | 260 260 | 91.92 | ef_ill_ef_contig19 contig_86
		Alignment: 730 1806 | 2737164 2738240 | 1077 1077 | 93.41 | ef_ill_ef_contig19 contig_86
		Alignment: 560 680 | 2738535 2738415 | 121 121 | 93.39 | ef_ill_ef_contig25 contig_86
		Alignment: 63 300 | 2739040 2738803 | 238 238 | 93.28 | ef_ill_ef_contig25 contig_86
		Alignment: 2249 2426 | 2739289 2739112 | 178 178 | 91.01 | ef_ill_ef_contig17 contig_86
		Alignment: 1919 2151 | 2739618 2739386 | 233 233 | 93.56 | ef_ill_ef_contig17 contig_86
		Alignment: 933 1365 | 2740613 2740181 | 433 433 | 90.76 | ef_ill_ef_contig17 contig_86
		Alignment: 504 923 | 2741042 2740623 | 420 420 | 96.43 | ef_ill_ef_contig17 contig_86
		Alignment: 323 502 | 2741222 2741043 | 180 180 | 92.78 | ef_ill_ef_contig17 contig_86
		Alignment: 455 714 | 2741888 2742147 | 260 260 | 91.92 | ef_ill_ef_contig19 contig_86
		Alignment: 730 1806 | 2742164 2743240 | 1077 1077 | 93.31 | ef_ill_ef_contig19 contig_86
		Alignment: 560 680 | 2743535 2743415 | 121 121 | 93.39 | ef_ill_ef_contig25 contig_86
		Alignment: 4 300 | 2744099 2743803 | 297 297 | 91.92 | ef_ill_ef_contig25 contig_86
		Alignment: 2249 2426 | 2744289 2744112 | 178 178 | 91.01 | ef_ill_ef_contig17 contig_86
		Alignment: 1919 2151 | 2744618 2744386 | 233 233 | 93.13 | ef_ill_ef_contig17 contig_86
		Alignment: 933 1365 | 2745613 2745181 | 433 433 | 90.76 | ef_ill_ef_contig17 contig_86
		Alignment: 323 923 | 2746223 2745623 | 601 601 | 95.51 | ef_ill_ef_contig17 contig_86
		Alignment: 455 714 | 3195306 3195565 | 260 260 | 91.92 | ef_ill_ef_contig19 contig_86
		Alignment: 730 1806 | 3195582 3196658 | 1077 1077 | 93.41 | ef_ill_ef_contig19 contig_86
		Alignment: 560 680 | 3196953 3196833 | 121 121 | 93.39 | ef_ill_ef_contig25 contig_86
		Alignment: 4 300 | 3197517 3197221 | 297 297 | 91.92 | ef_ill_ef_contig25 contig_86
		Alignment: 2249 2426 | 3197707 3197530 | 178 178 | 91.01 | ef_ill_ef_contig17 contig_86
		Alignment: 1919 2151 | 3198036 3197804 | 233 233 | 93.56 | ef_ill_ef_contig17 contig_86
		Alignment: 933 1365 | 3199031 3198599 | 433 433 | 90.76 | ef_ill_ef_contig17 contig_86
		Alignment: 323 923 | 3199641 3199041 | 601 601 | 95.34 | ef_ill_ef_contig17 contig_86
		Alignment: 455 714 | 3488059 3488318 | 260 260 | 91.92 | ef_ill_ef_contig19 contig_86
		Alignment: 730 1806 | 3488335 3489411 | 1077 1077 | 93.41 | ef_ill_ef_contig19 contig_86
		Alignment: 560 680 | 3489706 3489586 | 121 121 | 93.39 | ef_ill_ef_contig25 contig_86
		Alignment: 4 300 | 3490270 3489974 | 297 297 | 91.92 | ef_ill_ef_contig25 contig_86
		Alignment: 2249 2426 | 3490460 3490283 | 178 178 | 91.01 | ef_ill_ef_contig17 contig_86
		Alignment: 1919 2151 | 3490789 3490557 | 233 233 | 93.56 | ef_ill_ef_contig17 contig_86
		Alignment: 933 1365 | 3491783 3491351 | 433 433 | 90.76 | ef_ill_ef_contig17 contig_86
		Alignment: 323 923 | 3492393 3491793 | 601 601 | 95.51 | ef_ill_ef_contig17 contig_86
		Unaligned bases: 4013029

CONTIG: contig_103 (2720625bp)
Best alignment score: 567.0 (LEN: 599, IDY: 94.66), Total number of alignments: 80
			Looking for the best set of alignments (out of 80 total alignments)
			Skipping redundant alignments after choosing the best set of alignments
		Skipping redundant alignment 699 767 | 2315782 2315714 | 69 69 | 98.55 | ef_ill_ef_contig21 contig_103
		Skipping redundant alignment 613 688 | 2315878 2315803 | 76 76 | 100.0 | ef_ill_ef_contig21 contig_103
		Skipping redundant alignment 429 514 | 2316069 2315984 | 86 86 | 96.51 | ef_ill_ef_contig21 contig_103
		Skipping redundant alignment 106324 106445 | 1239518 1239397 | 122 122 | 91.8 | ef_ill_ef_contig6 contig_103
		Skipping redundant alignment 23547 23653 | 2268911 2269017 | 107 107 | 94.39 | ef_ill_ef_contig3 contig_103
		Skipping redundant alignment 23697 23812 | 2269058 2269173 | 116 116 | 93.1 | ef_ill_ef_contig3 contig_103
		Skipping redundant alignment 386 504 | 2308115 2308233 | 119 119 | 96.64 | ef_ill_ef_contig25 contig_103
		Skipping redundant alignment 386 504 | 2357927 2358045 | 119 119 | 96.64 | ef_ill_ef_contig25 contig_103
		Skipping redundant alignment 386 514 | 2313339 2313467 | 129 129 | 93.8 | ef_ill_ef_contig25 contig_103
		Skipping redundant alignment 563 681 | 2313517 2313635 | 119 119 | 94.12 | ef_ill_ef_contig25 contig_103
		Skipping redundant alignment 386 504 | 947144 947026 | 119 119 | 96.64 | ef_ill_ef_contig25 contig_103
		This contig has several significant sets of alignments. [An ambiguously mapped contig]
		Using only the very best set (option --ambiguity-usage is set to "one").
			The best set is below. Score: 12723.8, number of alignments: 69, unaligned bases: 2704595
		This contig is misassembled.
		This contig is partially unaligned. (Aligned 16030 out of 2720625 non-N bases (0.59%))
			Warning! This contig is more unaligned than misassembled. Contig length is 2720625 (number of Ns: 0) and total length of all aligns is 16030
		Alignment: 470 674 | 695506 695710 | 205 205 | 92.2 | ef_ill_ef_contig19 contig_103
		Alignment: 734 1282 | 695771 696319 | 549 549 | 94.17 | ef_ill_ef_contig19 contig_103
		Alignment: 1289 1407 | 696328 696446 | 119 119 | 96.64 | ef_ill_ef_contig19 contig_103
		Alignment: 1618 1806 | 696659 696847 | 189 189 | 93.12 | ef_ill_ef_contig19 contig_103
		Alignment: 386 504 | 697574 697456 | 119 119 | 96.64 | ef_ill_ef_contig25 contig_103
		Alignment: 4 285 | 697960 697679 | 282 282 | 90.07 | ef_ill_ef_contig25 contig_103
		Alignment: 2249 2365 | 698149 698033 | 117 117 | 92.31 | ef_ill_ef_contig17 contig_103
		Alignment: 2165 2233 | 698232 698164 | 69 69 | 95.65 | ef_ill_ef_contig17 contig_103
		Alignment: 1921 2135 | 698476 698262 | 215 215 | 95.35 | ef_ill_ef_contig17 contig_103
		Alignment: 1019 1366 | 699390 699043 | 348 348 | 95.11 | ef_ill_ef_contig17 contig_103
		Alignment: 722 923 | 699687 699486 | 202 202 | 94.06 | ef_ill_ef_contig17 contig_103
		Alignment: 325 721 | 700085 699689 | 397 397 | 94.96 | ef_ill_ef_contig17 contig_103
		Alignment: 489 710 | 808975 809196 | 222 222 | 92.34 | ef_ill_ef_contig19 contig_103
		Alignment: 734 1028 | 809220 809514 | 295 295 | 93.22 | ef_ill_ef_contig19 contig_103
		Alignment: 1030 1278 | 809515 809763 | 249 249 | 95.98 | ef_ill_ef_contig19 contig_103
		Alignment: 1289 1407 | 809776 809894 | 119 119 | 96.64 | ef_ill_ef_contig19 contig_103
		Alignment: 1610 1787 | 810098 810275 | 178 178 | 91.57 | ef_ill_ef_contig19 contig_103
		Alignment: 563 681 | 810889 810771 | 119 119 | 94.12 | ef_ill_ef_contig25 contig_103
		Alignment: 386 514 | 811067 810939 | 129 129 | 93.8 | ef_ill_ef_contig25 contig_103
		Alignment: 4 290 | 811454 811168 | 287 287 | 90.24 | ef_ill_ef_contig25 contig_103
		Alignment: 2249 2365 | 811644 811528 | 117 117 | 92.31 | ef_ill_ef_contig17 contig_103
		Alignment: 2165 2233 | 811727 811659 | 69 69 | 95.65 | ef_ill_ef_contig17 contig_103
		Alignment: 1921 2135 | 811971 811757 | 215 215 | 95.35 | ef_ill_ef_contig17 contig_103
		Alignment: 1019 1366 | 812885 812538 | 348 348 | 95.11 | ef_ill_ef_contig17 contig_103
		Alignment: 722 923 | 813182 812981 | 202 202 | 93.56 | ef_ill_ef_contig17 contig_103
		Alignment: 325 721 | 813580 813184 | 397 397 | 94.96 | ef_ill_ef_contig17 contig_103
		Alignment: 470 710 | 945030 945270 | 241 241 | 91.7 | ef_ill_ef_contig19 contig_103
		Alignment: 734 1282 | 945294 945842 | 549 549 | 94.17 | ef_ill_ef_contig19 contig_103
		Alignment: 1289 1407 | 945851 945969 | 119 119 | 96.64 | ef_ill_ef_contig19 contig_103
		Alignment: 1611 1806 | 946172 946367 | 196 196 | 92.35 | ef_ill_ef_contig19 contig_103
		Alignment: 2249 2365 | 947719 947603 | 117 117 | 92.31 | ef_ill_ef_contig17 contig_103
		Alignment: 2165 2233 | 947802 947734 | 69 69 | 95.65 | ef_ill_ef_contig17 contig_103
		Alignment: 1921 2135 | 948046 947832 | 215 215 | 95.35 | ef_ill_ef_contig17 contig_103
		Alignment: 1019 1366 | 948957 948610 | 348 348 | 95.11 | ef_ill_ef_contig17 contig_103
		Alignment: 723 923 | 949253 949053 | 201 201 | 93.53 | ef_ill_ef_contig17 contig_103
		Alignment: 325 722 | 949652 949255 | 398 398 | 94.97 | ef_ill_ef_contig17 contig_103
		Alignment: 85 157 | 950130 950202 | 73 73 | 91.78 | ef_ill_ef_contig21 contig_103
		Alignment: 610 689 | 950566 950645 | 80 80 | 100.0 | ef_ill_ef_contig21 contig_103
		Alignment: 691 773 | 950651 950733 | 83 83 | 95.18 | ef_ill_ef_contig21 contig_103
		Alignment: 890 964 | 950858 950932 | 75 75 | 93.33 | ef_ill_ef_contig21 contig_103
		Alignment: 325 923 | 2305607 2306205 | 599 599 | 94.66 | ef_ill_ef_contig17 contig_103
		Alignment: 1019 1366 | 2306301 2306648 | 348 348 | 95.11 | ef_ill_ef_contig17 contig_103
		Alignment: 1921 2135 | 2307212 2307426 | 215 215 | 95.35 | ef_ill_ef_contig17 contig_103
		Alignment: 2165 2233 | 2307456 2307524 | 69 69 | 95.65 | ef_ill_ef_contig17 contig_103
		Alignment: 2249 2365 | 2307539 2307655 | 117 117 | 92.31 | ef_ill_ef_contig17 contig_103
		Alignment: 1412 1806 | 2309161 2308767 | 395 395 | 90.38 | ef_ill_ef_contig19 contig_103
		Alignment: 1289 1407 | 2309284 2309166 | 119 119 | 96.64 | ef_ill_ef_contig19 contig_103
		Alignment: 734 1282 | 2309841 2309293 | 549 549 | 94.17 | ef_ill_ef_contig19 contig_103
		Alignment: 470 710 | 2310105 2309865 | 241 241 | 92.12 | ef_ill_ef_contig19 contig_103
		Alignment: 325 722 | 2310830 2311227 | 398 398 | 94.97 | ef_ill_ef_contig17 contig_103
		Alignment: 723 923 | 2311229 2311429 | 201 201 | 94.03 | ef_ill_ef_contig17 contig_103
		Alignment: 1019 1366 | 2311525 2311872 | 348 348 | 95.11 | ef_ill_ef_contig17 contig_103
		Alignment: 1921 2135 | 2312436 2312650 | 215 215 | 95.35 | ef_ill_ef_contig17 contig_103
		Alignment: 2165 2233 | 2312680 2312748 | 69 69 | 95.65 | ef_ill_ef_contig17 contig_103
		Alignment: 2249 2365 | 2312763 2312879 | 117 117 | 92.31 | ef_ill_ef_contig17 contig_103
		Alignment: 1412 1806 | 2314417 2314023 | 395 395 | 90.63 | ef_ill_ef_contig19 contig_103
		Alignment: 1289 1407 | 2314540 2314422 | 119 119 | 96.64 | ef_ill_ef_contig19 contig_103
		Alignment: 734 1282 | 2315097 2314549 | 549 549 | 94.35 | ef_ill_ef_contig19 contig_103
		Alignment: 489 678 | 2315344 2315155 | 190 190 | 93.16 | ef_ill_ef_contig19 contig_103
		Alignment: 325 721 | 2355417 2355813 | 397 397 | 94.96 | ef_ill_ef_contig17 contig_103
		Alignment: 722 923 | 2355815 2356016 | 202 202 | 94.06 | ef_ill_ef_contig17 contig_103
		Alignment: 1019 1366 | 2356112 2356459 | 348 348 | 95.11 | ef_ill_ef_contig17 contig_103
		Alignment: 1921 2135 | 2357023 2357237 | 215 215 | 95.35 | ef_ill_ef_contig17 contig_103
		Alignment: 2165 2233 | 2357267 2357335 | 69 69 | 95.65 | ef_ill_ef_contig17 contig_103
		Alignment: 2249 2365 | 2357350 2357466 | 117 117 | 92.31 | ef_ill_ef_contig17 contig_103
		Alignment: 1289 1407 | 2359188 2359070 | 119 119 | 96.64 | ef_ill_ef_contig19 contig_103
		Alignment: 1030 1282 | 2359449 2359197 | 253 253 | 96.05 | ef_ill_ef_contig19 contig_103
		Alignment: 734 1028 | 2359744 2359450 | 295 295 | 93.22 | ef_ill_ef_contig19 contig_103
		Alignment: 470 710 | 2360008 2359768 | 241 241 | 92.12 | ef_ill_ef_contig19 contig_103
		Unaligned bases: 2704595

CONTIG: contig_90 (1927460bp)
Best alignment score: 2003.7 (LEN: 2205, IDY: 90.87), Total number of alignments: 36
			Looking for the best set of alignments (out of 36 total alignments)
			Skipping redundant alignments after choosing the best set of alignments
		Skipping redundant alignment 1 231 | 1649595 1649374 | 231 222 | 90.91 | ef_ill_ef_contig2 contig_90
		This contig has several significant sets of alignments. [An ambiguously mapped contig]
		Using only the very best set (option --ambiguity-usage is set to "one").
			The best set is below. Score: 13274.2, number of alignments: 35, unaligned bases: 1909126
		This contig is misassembled.
		This contig is partially unaligned. (Aligned 18334 out of 1927460 non-N bases (0.95%))
			Warning! This contig is more unaligned than misassembled. Contig length is 1927460 (number of Ns: 0) and total length of all aligns is 18334
		Alignment: 215 2331 | 64885 66971 | 2117 2087 | 90.05 | ef_ill_ef_contig17 contig_90
		Alignment: 47 292 | 67077 67322 | 246 246 | 90.24 | ef_ill_ef_contig25 contig_90
		Alignment: 378 537 | 67413 67572 | 160 160 | 90.0 | ef_ill_ef_contig25 contig_90
		Alignment: 561 680 | 67597 67716 | 120 120 | 92.5 | ef_ill_ef_contig25 contig_90
		Alignment: 1058 1808 | 68668 67918 | 751 751 | 92.71 | ef_ill_ef_contig19 contig_90
		Alignment: 736 868 | 68843 68711 | 133 133 | 94.74 | ef_ill_ef_contig19 contig_90
		Alignment: 242 309 | 69352 69285 | 68 68 | 95.59 | ef_ill_ef_contig19 contig_90
		Alignment: 318 1366 | 141602 142650 | 1049 1049 | 94.95 | ef_ill_ef_contig17 contig_90
		Alignment: 1375 1574 | 142661 142860 | 200 200 | 92.5 | ef_ill_ef_contig17 contig_90
		Alignment: 1924 2062 | 143210 143348 | 139 139 | 93.53 | ef_ill_ef_contig17 contig_90
		Alignment: 47 292 | 143725 143970 | 246 246 | 90.24 | ef_ill_ef_contig25 contig_90
		Alignment: 561 680 | 144245 144364 | 120 120 | 92.5 | ef_ill_ef_contig25 contig_90
		Alignment: 481 1808 | 145892 144565 | 1328 1328 | 90.71 | ef_ill_ef_contig19 contig_90
		Alignment: 215 2419 | 176871 179075 | 2205 2205 | 90.87 | ef_ill_ef_contig17 contig_90
		Alignment: 47 292 | 179140 179385 | 246 246 | 90.24 | ef_ill_ef_contig25 contig_90
		Alignment: 378 537 | 179475 179634 | 160 160 | 90.0 | ef_ill_ef_contig25 contig_90
		Alignment: 561 680 | 179659 179778 | 120 120 | 92.5 | ef_ill_ef_contig25 contig_90
		Alignment: 481 1808 | 181304 179979 | 1328 1326 | 90.64 | ef_ill_ef_contig19 contig_90
		Alignment: 481 1808 | 840421 841748 | 1328 1328 | 90.79 | ef_ill_ef_contig19 contig_90
		Alignment: 561 680 | 842263 842144 | 120 120 | 91.67 | ef_ill_ef_contig25 contig_90
		Alignment: 378 537 | 842447 842288 | 160 160 | 90.0 | ef_ill_ef_contig25 contig_90
		Alignment: 47 292 | 842783 842538 | 246 246 | 90.24 | ef_ill_ef_contig25 contig_90
		Alignment: 215 2419 | 845052 842848 | 2205 2205 | 90.78 | ef_ill_ef_contig17 contig_90
		Alignment: 889 964 | 1650056 1649981 | 76 76 | 96.05 | ef_ill_ef_contig21 contig_90
		Alignment: 793 871 | 1650149 1650071 | 79 79 | 97.47 | ef_ill_ef_contig21 contig_90
		Alignment: 613 688 | 1650254 1650179 | 76 76 | 94.74 | ef_ill_ef_contig21 contig_90
		Alignment: 424 514 | 1650429 1650339 | 91 91 | 93.41 | ef_ill_ef_contig21 contig_90
		Alignment: 353 423 | 1650503 1650433 | 71 71 | 91.55 | ef_ill_ef_contig21 contig_90
		Alignment: 215 1194 | 1650963 1651940 | 980 978 | 93.78 | ef_ill_ef_contig17 contig_90
		Alignment: 1375 1574 | 1652007 1652206 | 200 200 | 92.5 | ef_ill_ef_contig17 contig_90
		Alignment: 2055 2120 | 1652459 1652524 | 66 66 | 92.42 | ef_ill_ef_contig17 contig_90
		Alignment: 2141 2419 | 1652545 1652823 | 279 279 | 90.32 | ef_ill_ef_contig17 contig_90
		Alignment: 47 232 | 1652888 1653073 | 186 186 | 90.32 | ef_ill_ef_contig25 contig_90
		Alignment: 416 647 | 1653104 1653336 | 232 233 | 90.3 | ef_ill_ef_contig25 contig_90
		Alignment: 481 1720 | 1654572 1653336 | 1240 1237 | 90.46 | ef_ill_ef_contig19 contig_90
		Unaligned bases: 1909126

CONTIG: contig_92 (4757851bp)
Best alignment score: 131.0 (LEN: 142, IDY: 92.25), Total number of alignments: 15
			Looking for the best set of alignments (out of 15 total alignments)
			Skipping redundant alignments after choosing the best set of alignments
		Skipping redundant alignment 1137 1227 | 807131 807221 | 91 91 | 96.7 | ef_ill_ef_contig17 contig_92
		Skipping redundant alignment 1005 1076 | 810258 810187 | 72 72 | 95.83 | ef_ill_ef_contig19 contig_92
		Skipping redundant alignment 1137 1227 | 1473297 1473387 | 91 91 | 96.7 | ef_ill_ef_contig17 contig_92
		Skipping redundant alignment 1005 1076 | 1476423 1476352 | 72 72 | 95.83 | ef_ill_ef_contig19 contig_92
		Skipping redundant alignment 1005 1076 | 1992802 1992873 | 72 72 | 95.83 | ef_ill_ef_contig19 contig_92
		Skipping redundant alignment 1137 1227 | 1996088 1995998 | 91 91 | 96.7 | ef_ill_ef_contig17 contig_92
		Skipping redundant alignment 1137 1227 | 2091003 2090913 | 91 91 | 96.7 | ef_ill_ef_contig17 contig_92
		Skipping redundant alignment 1005 1076 | 2243099 2243170 | 72 72 | 95.83 | ef_ill_ef_contig19 contig_92
		Skipping redundant alignment 1309 1389 | 2243405 2243485 | 81 81 | 91.36 | ef_ill_ef_contig19 contig_92
		Skipping redundant alignment 1137 1227 | 2246386 2246296 | 91 91 | 96.7 | ef_ill_ef_contig17 contig_92
		Skipping redundant alignment 1005 1076 | 2286008 2286079 | 72 72 | 95.83 | ef_ill_ef_contig19 contig_92
		Skipping redundant alignment 1137 1227 | 2289135 2289045 | 91 91 | 96.7 | ef_ill_ef_contig17 contig_92
		Skipping redundant alignment 1137 1227 | 3038845 3038755 | 91 91 | 96.7 | ef_ill_ef_contig17 contig_92
			The best set is below. Score: 200.0, number of alignments: 2, unaligned bases: 4757637
		This contig is misassembled.
		This contig is partially unaligned. (Aligned 214 out of 4757851 non-N bases (0.00%))
			Warning! This contig is more unaligned than misassembled. Contig length is 4757851 (number of Ns: 0) and total length of all aligns is 214
		Alignment: 1005 1076 | 3035461 3035532 | 72 72 | 95.83 | ef_ill_ef_contig19 contig_92
		Alignment: 1115 1256 | 3035570 3035711 | 142 142 | 92.25 | ef_ill_ef_contig19 contig_92
		Unaligned bases: 4757637

CONTIG: contig_93 (4764597bp)
Best alignment score: 129.0 (LEN: 142, IDY: 90.85), Total number of alignments: 20
			Looking for the best set of alignments (out of 20 total alignments)
			Skipping redundant alignments after choosing the best set of alignments
		Skipping redundant alignment 1137 1227 | 304807 304897 | 91 91 | 96.7 | ef_ill_ef_contig17 contig_93
		Skipping redundant alignment 1137 1227 | 1013056 1013146 | 91 91 | 96.7 | ef_ill_ef_contig17 contig_93
		Skipping redundant alignment 1136 1256 | 1016134 1016014 | 121 121 | 95.87 | ef_ill_ef_contig19 contig_93
		Skipping redundant alignment 1005 1076 | 1016264 1016193 | 72 72 | 95.83 | ef_ill_ef_contig19 contig_93
		Skipping redundant alignment 1005 1076 | 1556669 1556740 | 72 72 | 95.83 | ef_ill_ef_contig19 contig_93
		Skipping redundant alignment 1136 1256 | 1556799 1556919 | 121 121 | 95.87 | ef_ill_ef_contig19 contig_93
		Skipping redundant alignment 1137 1227 | 1559795 1559705 | 91 91 | 96.7 | ef_ill_ef_contig17 contig_93
		Skipping redundant alignment 1005 1076 | 1650275 1650346 | 72 72 | 95.83 | ef_ill_ef_contig19 contig_93
		Skipping redundant alignment 1136 1256 | 1650405 1650525 | 121 121 | 95.87 | ef_ill_ef_contig19 contig_93
		Skipping redundant alignment 1137 1227 | 1653493 1653403 | 91 91 | 96.7 | ef_ill_ef_contig17 contig_93
		Skipping redundant alignment 1005 1076 | 1781383 1781454 | 72 72 | 95.83 | ef_ill_ef_contig19 contig_93
		Skipping redundant alignment 1136 1256 | 1781513 1781633 | 121 121 | 95.87 | ef_ill_ef_contig19 contig_93
		Skipping redundant alignment 1137 1227 | 1784507 1784417 | 91 91 | 96.7 | ef_ill_ef_contig17 contig_93
		Skipping redundant alignment 1005 1076 | 1822770 1822841 | 72 72 | 95.83 | ef_ill_ef_contig19 contig_93
		Skipping redundant alignment 1136 1256 | 1822899 1823019 | 121 121 | 95.87 | ef_ill_ef_contig19 contig_93
		Skipping redundant alignment 1137 1227 | 1825894 1825804 | 91 91 | 96.7 | ef_ill_ef_contig17 contig_93
		Skipping redundant alignment 1136 1277 | 2470593 2470734 | 142 142 | 90.85 | ef_ill_ef_contig19 contig_93
		Skipping redundant alignment 1137 1227 | 2473681 2473591 | 91 91 | 96.7 | ef_ill_ef_contig17 contig_93
		This contig has several significant sets of alignments. [An ambiguously mapped contig]
		Using only the very best set (option --ambiguity-usage is set to "one").
			The best set is below. Score: 185.0, number of alignments: 2, unaligned bases: 4764404
		This contig is misassembled.
		This contig is partially unaligned. (Aligned 193 out of 4764597 non-N bases (0.00%))
			Warning! This contig is more unaligned than misassembled. Contig length is 4764597 (number of Ns: 0) and total length of all aligns is 193
		Alignment: 1136 1256 | 307879 307759 | 121 121 | 95.87 | ef_ill_ef_contig19 contig_93
		Alignment: 1005 1076 | 308009 307938 | 72 72 | 95.83 | ef_ill_ef_contig19 contig_93
		Unaligned bases: 4764404

Analyzing coverage...
Writing SNPs into /media3/lucia/zymo_mock_community/asms_cuantizados/v8_3-3-21_1bin/metaquast-1bin-v4/runs_per_reference/ef_ill/contigs_reports/minimap_output/r10_1bin_v4_2_racon_r2.used_snps.gz

Analysis is finished!
Founded SNPs were written into /media3/lucia/zymo_mock_community/asms_cuantizados/v8_3-3-21_1bin/metaquast-1bin-v4/runs_per_reference/ef_ill/contigs_reports/minimap_output/r10_1bin_v4_2_racon_r2.used_snps.gz

Results:
	Local Misassemblies: 16
	Misassemblies: 1
		Relocations: 0
		Translocations: 1
		Inversions: 0
	Scaffold gap extensive misassemblies: 0
	Scaffold gap local misassemblies: 0
	Misassemblies caused by fragmented reference: 19
	Misassembled Contigs: 1
	Misassembled Contig Bases: 2845324
	Misassemblies Inter-Contig Overlap: 0
Unaligned Contigs: 0 + 6 part
Half Unaligned Contigs with Misassemblies: 6
Unaligned Contig Bases: 21077720

Ambiguously Mapped Contigs: 5
Total Bases in Ambiguously Mapped Contigs: 15249948
Extra Bases in Ambiguously Mapped Contigs: 0
Note that --allow-ambiguity option was set to "one" and only first alignment per each of these contigs was used.

	Covered Bases: 2818434

	SNPs: 6837
	Insertions: 493
	Deletions: 2198

