Aligning contigs to reference...
	Aligning contigs to the reference
Filtering alignments...
Parsing coords...
Loading reference...
	Loaded [ef_ill_ef_contig11]
	Loaded [ef_ill_ef_contig10]
	Loaded [ef_ill_ef_contig13]
	Loaded [ef_ill_ef_contig12]
	Loaded [ef_ill_ef_contig15]
	Loaded [ef_ill_ef_contig14]
	Loaded [ef_ill_ef_contig17]
	Loaded [ef_ill_ef_contig16]
	Loaded [ef_ill_ef_contig19]
	Loaded [ef_ill_ef_contig18]
	Loaded [ef_ill_ef_contig34]
	Loaded [ef_ill_ef_contig32]
	Loaded [ef_ill_ef_contig1]
	Loaded [ef_ill_ef_contig33]
	Loaded [ef_ill_ef_contig3]
	Loaded [ef_ill_ef_contig2]
	Loaded [ef_ill_ef_contig5]
	Loaded [ef_ill_ef_contig4]
	Loaded [ef_ill_ef_contig7]
	Loaded [ef_ill_ef_contig6]
	Loaded [ef_ill_ef_contig9]
	Loaded [ef_ill_ef_contig8]
	Loaded [ef_ill_ef_contig24]
	Loaded [ef_ill_ef_contig25]
	Loaded [ef_ill_ef_contig26]
	Loaded [ef_ill_ef_contig20]
	Loaded [ef_ill_ef_contig21]
	Loaded [ef_ill_ef_contig22]
	Loaded [ef_ill_ef_contig23]
	Loaded [ef_ill_ef_contig29]
	Total Regions: 30
	Total Region Length: 2820294
Analyzing contigs...
CONTIG: contig_14 (2845342bp)
Best alignment score: 596446.3 (LEN: 596506, IDY: 99.99), Total number of alignments: 87
			Looking for the best set of alignments (out of 87 total alignments)
			Skipping redundant alignments after choosing the best set of alignments
		Skipping redundant alignment 1 91 | 258340 258430 | 91 91 | 100.0 | ef_ill_ef_contig6 contig_14
		Skipping redundant alignment 1027333 1027525 | 258431 258239 | 193 193 | 98.96 | ef_ill_ef_contig1 contig_14
		Skipping redundant alignment 92 230 | 258473 258611 | 139 139 | 98.56 | ef_ill_ef_contig6 contig_14
		Skipping redundant alignment 231 304 | 258636 258709 | 74 74 | 95.95 | ef_ill_ef_contig6 contig_14
		Skipping redundant alignment 30 292 | 284921 284659 | 263 263 | 93.56 | ef_ill_ef_contig13 contig_14
		Skipping redundant alignment 22911 23120 | 297234 297025 | 210 210 | 95.71 | ef_ill_ef_contig13 contig_14
		Skipping redundant alignment 155366 155480 | 454199 454313 | 115 115 | 95.65 | ef_ill_ef_contig7 contig_14
		Skipping redundant alignment 720 823 | 454314 454211 | 104 104 | 94.23 | ef_ill_ef_contig18 contig_14
		Skipping redundant alignment 86382 86532 | 595382 595232 | 151 151 | 98.68 | ef_ill_ef_contig8 contig_14
		Skipping redundant alignment 86382 86532 | 595751 595601 | 151 151 | 98.68 | ef_ill_ef_contig8 contig_14
		Skipping redundant alignment 86382 86532 | 596120 595970 | 151 151 | 98.68 | ef_ill_ef_contig8 contig_14
		Skipping redundant alignment 86382 86532 | 596489 596339 | 151 151 | 98.68 | ef_ill_ef_contig8 contig_14
		Skipping redundant alignment 86382 86532 | 596858 596708 | 151 151 | 99.34 | ef_ill_ef_contig8 contig_14
		Skipping redundant alignment 238751 238991 | 683168 683407 | 241 240 | 98.34 | ef_ill_ef_contig3 contig_14
		Skipping redundant alignment 701 775 | 685231 685305 | 75 75 | 100.0 | ef_ill_ef_contig21 contig_14
		Skipping redundant alignment 19101 19183 | 690162 690080 | 83 83 | 98.8 | ef_ill_ef_contig14 contig_14
		Skipping redundant alignment 997 1201 | 690174 690378 | 205 205 | 100.0 | ef_ill_ef_contig21 contig_14
		Skipping redundant alignment 1 77 | 970439 970515 | 77 77 | 100.0 | ef_ill_ef_contig6 contig_14
		Skipping redundant alignment 1027346 1027576 | 970517 970287 | 231 231 | 99.13 | ef_ill_ef_contig1 contig_14
		Skipping redundant alignment 78 235 | 970560 970717 | 158 158 | 99.37 | ef_ill_ef_contig6 contig_14
		Skipping redundant alignment 22954 23120 | 970763 970597 | 167 167 | 96.41 | ef_ill_ef_contig13 contig_14
		Skipping redundant alignment 701 775 | 1304445 1304519 | 75 75 | 100.0 | ef_ill_ef_contig21 contig_14
		Skipping redundant alignment 1027318 1027422 | 1666419 1666523 | 105 105 | 100.0 | ef_ill_ef_contig1 contig_14
		Skipping redundant alignment 1027427 1027553 | 1666584 1666710 | 127 127 | 99.21 | ef_ill_ef_contig1 contig_14
		Skipping redundant alignment 1 552 | 2262632 2263183 | 552 552 | 99.28 | ef_ill_ef_contig33 contig_14
		Skipping redundant alignment 645532 646246 | 2312819 2313551 | 715 733 | 90.5 | ef_ill_ef_contig1 contig_14
		Skipping redundant alignment 238692 238991 | 2816236 2815937 | 300 300 | 99.67 | ef_ill_ef_contig3 contig_14
		This contig has several significant sets of alignments. [An ambiguously mapped contig]
		Using only the very best set (option --ambiguity-usage is set to "one").
			The best set is below. Score: 2840151.7, number of alignments: 60, unaligned bases: 3581
		This contig is misassembled.
			Excluding internal overlap of size 55 between Alignment 1 and 2: 1 1514 | 1517 3 | 1514 1515 --> 56 1514 | 1462 3 | 1459 1460
			Real Alignment 1: 56 1514 | 1462 3 | 1459 1460 | 99.93 | ef_ill_ef_contig20 contig_14
			  Indel (> 5bp) between these two alignments: deletion of length 55; 0 mismatches (number of Ns: 0) [fragmentation of reference genome]
			Excluding internal overlap of size 51 between Alignment 2 and 3: 5 1834 | 240253 242082 | 1830 1830 --> 56 1834 | 240304 242082 | 1779 1779
			Real Alignment 2: 1 238991 | 1463 240303 | 238991 238841 | 99.92 | ef_ill_ef_contig3 contig_14
			  Indel (> 5bp) between these two alignments: deletion of length 55; 0 mismatches (number of Ns: 0) [fragmentation of reference genome]
			Real Alignment 3: 56 1834 | 240304 242082 | 1779 1779 | 99.78 | ef_ill_ef_contig19 contig_14
			  Not a misassembly [fragmentation of reference genome] between these two alignments
			Real Alignment 4: 1 848 | 242965 242118 | 848 848 | 100.0 | ef_ill_ef_contig25 contig_14
			  Not a misassembly [fragmentation of reference genome] between these two alignments
			Real Alignment 5: 1 2434 | 245400 242967 | 2434 2434 | 100.0 | ef_ill_ef_contig17 contig_14
			  Not a misassembly [fragmentation of reference genome] between these two alignments
			Real Alignment 6: 1 603 | 245408 246010 | 603 603 | 100.0 | ef_ill_ef_contig21 contig_14
			  Extensive misassembly (translocation) between these two alignments
			Real Alignment 7: 1 12238 | 246099 258336 | 12238 12238 | 100.0 | ef_ill_ef_contig16 contig_14
			  Not a misassembly [fragmentation of reference genome] between these two alignments
			Excluding internal overlap of size 55 between Alignment 8 and 9: 1 508 | 281560 282067 | 508 508 --> 56 508 | 281615 282067 | 453 453
			Real Alignment 8: 1 23120 | 281614 258496 | 23120 23119 | 99.98 | ef_ill_ef_contig13 contig_14
			  Indel (> 5bp) between these two alignments: deletion of length 55; 0 mismatches (number of Ns: 0) [fragmentation of reference genome]
			Excluding internal overlap of size 55 between Alignment 9 and 10: 56 508 | 281615 282067 | 453 453 --> 56 453 | 281615 282012 | 398 398
			Real Alignment 9: 56 453 | 281615 282012 | 398 398 | 100.0 | ef_ill_ef_contig34 contig_14
			  Indel (> 5bp) between these two alignments: deletion of length 55; 0 mismatches (number of Ns: 0) [fragmentation of reference genome]
			Excluding internal overlap of size 7 between Alignment 10 and 11: 1 869 | 282881 282013 | 869 869 --> 8 869 | 282874 282013 | 862 862
			Real Alignment 10: 8 869 | 282874 282013 | 862 862 | 100.0 | ef_ill_ef_contig24 contig_14
			  Indel (> 5bp) between these two alignments: deletion of length 7; 0 mismatches (number of Ns: 0) [fragmentation of reference genome]
			Excluding internal overlap of size 55 between Alignment 11 and 12: 1 1890 | 284764 282875 | 1890 1890 --> 56 1890 | 284709 282875 | 1835 1835
			Real Alignment 11: 56 1890 | 284709 282875 | 1835 1835 | 100.0 | ef_ill_ef_contig18 contig_14
			  Indel (> 5bp) between these two alignments: deletion of length 55; 0 mismatches (number of Ns: 0) [fragmentation of reference genome]
			Real Alignment 12: 1 12372 | 297079 284710 | 12372 12370 | 99.94 | ef_ill_ef_contig15 contig_14
			  Not a misassembly [fragmentation of reference genome] between these two alignments
			Excluding internal overlap of size 634 between Alignment 13 and 14: 1 20331 | 297115 317445 | 20331 20331 --> 1 19697 | 297115 316811 | 19697 19697
			Real Alignment 13: 1 19697 | 297115 316811 | 19697 19697 | 99.96 | ef_ill_ef_contig7 contig_14
			  Overlap between these two alignments (local misassembly). Inconsistency = -447
			Real Alignment 14: 19251 144089 | 316812 441639 | 124839 124828 | 99.92 | ef_ill_ef_contig7 contig_14
			  Gap between these two alignments (local misassembly). Inconsistency = -434
			Excluding internal overlap of size 42 between Alignment 15 and 16: 1 843 | 454265 453423 | 843 843 --> 1 801 | 454265 453465 | 801 801
			Real Alignment 15: 143678 155480 | 441662 453464 | 11803 11803 | 99.97 | ef_ill_ef_contig7 contig_14
			  Indel (> 5bp) between these two alignments: deletion of length 42; 0 mismatches (number of Ns: 0) [fragmentation of reference genome]
			Real Alignment 16: 1 801 | 454265 453465 | 801 801 | 100.0 | ef_ill_ef_contig26 contig_14
			  Not a misassembly [fragmentation of reference genome] between these two alignments
			Excluding internal overlap of size 55 between Alignment 17 and 18: 1 508 | 455162 455669 | 508 508 --> 56 508 | 455217 455669 | 453 453
			Real Alignment 17: 1 945 | 455216 454272 | 945 945 | 100.0 | ef_ill_ef_contig22 contig_14
			  Indel (> 5bp) between these two alignments: deletion of length 55; 0 mismatches (number of Ns: 0) [fragmentation of reference genome]
			Excluding internal overlap of size 55 between Alignment 18 and 19: 56 508 | 455217 455669 | 453 453 --> 56 453 | 455217 455614 | 398 398
			Real Alignment 18: 56 453 | 455217 455614 | 398 398 | 99.02 | ef_ill_ef_contig34 contig_14
			  Indel (> 5bp) between these two alignments: deletion of length 55; 0 mismatches (number of Ns: 0) [fragmentation of reference genome]
			Real Alignment 19: 54 869 | 456433 455615 | 816 819 | 92.51 | ef_ill_ef_contig24 contig_14
			  Gap between these two alignments (local misassembly). Inconsistency = 53 [fragmentation of reference genome]
			Real Alignment 20: 61774 106275 | 501119 456626 | 44502 44494 | 99.98 | ef_ill_ef_contig9 contig_14
			  Gap between these two alignments (local misassembly). Inconsistency = 0
			Excluding internal overlap of size 55 between Alignment 21 and 22: 1 648 | 562840 563487 | 648 648 --> 56 648 | 562895 563487 | 593 593
			Real Alignment 21: 1 61659 | 562894 501234 | 61659 61661 | 99.97 | ef_ill_ef_contig9 contig_14
			  Indel (> 5bp) between these two alignments: deletion of length 55; 0 mismatches (number of Ns: 0) [fragmentation of reference genome]
			Real Alignment 22: 56 648 | 562895 563487 | 593 593 | 100.0 | ef_ill_ef_contig29 contig_14
			  Not a misassembly [fragmentation of reference genome] between these two alignments
			Excluding internal overlap of size 55 between Alignment 23 and 24: 1 944 | 564575 563632 | 944 944 --> 56 944 | 564520 563632 | 889 889
			Real Alignment 23: 56 944 | 564520 563632 | 889 889 | 100.0 | ef_ill_ef_contig23 contig_14
			  Indel (> 5bp) between these two alignments: deletion of length 55; 0 mismatches (number of Ns: 0) [fragmentation of reference genome]
			Real Alignment 24: 86382 116874 | 595013 564521 | 30493 30493 | 99.99 | ef_ill_ef_contig8 contig_14
			  Gap between these two alignments (local misassembly). Inconsistency = 0
			Real Alignment 25: 85898 86123 | 595497 595272 | 226 226 | 100.0 | ef_ill_ef_contig8 contig_14
			  Gap between these two alignments (local misassembly). Inconsistency = -369
			Real Alignment 26: 85898 86123 | 595866 595641 | 226 226 | 100.0 | ef_ill_ef_contig8 contig_14
			  Gap between these two alignments (local misassembly). Inconsistency = -369
			Real Alignment 27: 85898 86123 | 596235 596010 | 226 226 | 100.0 | ef_ill_ef_contig8 contig_14
			  Gap between these two alignments (local misassembly). Inconsistency = -369
			Real Alignment 28: 85898 86123 | 596604 596379 | 226 226 | 100.0 | ef_ill_ef_contig8 contig_14
			  Gap between these two alignments (local misassembly). Inconsistency = -369
			Real Alignment 29: 85898 86123 | 596973 596748 | 226 226 | 99.56 | ef_ill_ef_contig8 contig_14
			  Gap between these two alignments (local misassembly). Inconsistency = -369
			Real Alignment 30: 1 86123 | 683231 597117 | 86123 86115 | 99.98 | ef_ill_ef_contig8 contig_14
			  Not a misassembly [fragmentation of reference genome] between these two alignments
			Real Alignment 31: 1 1834 | 683353 685186 | 1834 1834 | 99.95 | ef_ill_ef_contig19 contig_14
			  Not a misassembly [fragmentation of reference genome] between these two alignments
			Real Alignment 32: 1 848 | 686171 685324 | 848 848 | 100.0 | ef_ill_ef_contig25 contig_14
			  Not a misassembly [fragmentation of reference genome] between these two alignments
			Real Alignment 33: 1 2434 | 688606 686173 | 2434 2434 | 100.0 | ef_ill_ef_contig17 contig_14
			  Not a misassembly [fragmentation of reference genome] between these two alignments
			Real Alignment 34: 1 1201 | 688614 689813 | 1201 1200 | 99.75 | ef_ill_ef_contig21 contig_14
			  Not a misassembly [fragmentation of reference genome] between these two alignments
			Real Alignment 35: 1 156 | 689921 690076 | 156 156 | 100.0 | ef_ill_ef_contig2 contig_14
			  Gap between these two alignments (local misassembly). Inconsistency = 99
			Real Alignment 36: 266 344 | 690087 690165 | 79 79 | 100.0 | ef_ill_ef_contig2 contig_14
			  Gap between these two alignments (local misassembly). Inconsistency = -762
			Real Alignment 37: 1 279869 | 690584 970435 | 279869 279852 | 99.99 | ef_ill_ef_contig2 contig_14
			  Not a misassembly [fragmentation of reference genome] between these two alignments
			Real Alignment 38: 1 30337 | 970687 1001023 | 30337 30337 | 100.0 | ef_ill_ef_contig10 contig_14
			  Gap between these two alignments (local misassembly). Inconsistency = 0
			Excluding internal overlap of size 55 between Alignment 39 and 40: 1 648 | 1066024 1066671 | 648 648 --> 56 648 | 1066079 1066671 | 593 593
			Real Alignment 39: 30504 95391 | 1001190 1066078 | 64888 64889 | 99.99 | ef_ill_ef_contig10 contig_14
			  Indel (> 5bp) between these two alignments: deletion of length 55; 0 mismatches (number of Ns: 0) [fragmentation of reference genome]
			Real Alignment 40: 56 648 | 1066079 1066671 | 593 593 | 97.99 | ef_ill_ef_contig29 contig_14
			  Not a misassembly [fragmentation of reference genome] between these two alignments
			Excluding internal overlap of size 55 between Alignment 41 and 42: 1 944 | 1067759 1066816 | 944 944 --> 56 944 | 1067704 1066816 | 889 889
			Real Alignment 41: 56 944 | 1067704 1066816 | 889 889 | 99.05 | ef_ill_ef_contig23 contig_14
			  Indel (> 5bp) between these two alignments: deletion of length 55; 0 mismatches (number of Ns: 0) [fragmentation of reference genome]
			Excluding internal overlap of size 55 between Alignment 42 and 43: 1 1834 | 1302567 1304400 | 1834 1834 --> 56 1834 | 1302622 1304400 | 1779 1779
			Real Alignment 42: 1 234919 | 1302621 1067705 | 234919 234917 | 99.99 | ef_ill_ef_contig4 contig_14
			  Indel (> 5bp) between these two alignments: deletion of length 55; 0 mismatches (number of Ns: 0) [fragmentation of reference genome]
			Real Alignment 43: 56 1834 | 1302622 1304400 | 1779 1779 | 100.0 | ef_ill_ef_contig19 contig_14
			  Not a misassembly [fragmentation of reference genome] between these two alignments
			Real Alignment 44: 1 848 | 1305385 1304538 | 848 848 | 99.65 | ef_ill_ef_contig25 contig_14
			  Not a misassembly [fragmentation of reference genome] between these two alignments
			Excluding internal overlap of size 55 between Alignment 45 and 46: 1 2434 | 1307820 1305387 | 2434 2434 --> 56 2434 | 1307765 1305387 | 2379 2379
			Real Alignment 45: 56 2434 | 1307765 1305387 | 2379 2379 | 100.0 | ef_ill_ef_contig17 contig_14
			  Indel (> 5bp) between these two alignments: deletion of length 55; 0 mismatches (number of Ns: 0) [fragmentation of reference genome]
			Excluding internal overlap of size 55 between Alignment 46 and 47: 1 580 | 1327745 1327166 | 580 580 --> 1 525 | 1327745 1327221 | 525 525
			Real Alignment 46: 1 19455 | 1327220 1307766 | 19455 19455 | 100.0 | ef_ill_ef_contig14 contig_14
			  Indel (> 5bp) between these two alignments: deletion of length 55; 0 mismatches (number of Ns: 0) [fragmentation of reference genome]
			Excluding internal overlap of size 55 between Alignment 47 and 48: 1 525 | 1327745 1327221 | 525 525 --> 56 525 | 1327690 1327221 | 470 470
			Real Alignment 47: 56 525 | 1327690 1327221 | 470 470 | 99.66 | ef_ill_ef_contig32 contig_14
			  Indel (> 5bp) between these two alignments: deletion of length 55; 0 mismatches (number of Ns: 0) [fragmentation of reference genome]
			Excluding internal overlap of size 603 between Alignment 48 and 49: 1 28668 | 1327691 1356354 | 28668 28664 --> 1 28065 | 1327691 1355751 | 28065 28061
			Real Alignment 48: 1 28065 | 1327691 1355751 | 28065 28061 | 99.94 | ef_ill_ef_contig5 contig_14
			  Gap between these two alignments (local misassembly). Inconsistency = 141
			Excluding internal overlap of size 55 between Alignment 49 and 50: 1 1514 | 1507327 1508840 | 1514 1514 --> 56 1514 | 1507382 1508840 | 1459 1459
			Real Alignment 49: 28207 180004 | 1355752 1507381 | 151798 151630 | 99.86 | ef_ill_ef_contig5 contig_14
			  Indel (> 5bp) between these two alignments: deletion of length 55; 0 mismatches (number of Ns: 0) [fragmentation of reference genome]
			Excluding internal overlap of size 55 between Alignment 50 and 51: 56 1514 | 1507382 1508840 | 1459 1459 --> 56 1459 | 1507382 1508785 | 1404 1404
			Real Alignment 50: 56 1459 | 1507382 1508785 | 1404 1404 | 100.0 | ef_ill_ef_contig20 contig_14
			  Indel (> 5bp) between these two alignments: deletion of length 55; 0 mismatches (number of Ns: 0) [fragmentation of reference genome]
			Excluding internal overlap of size 55 between Alignment 51 and 52: 1 157742 | 1666525 1508786 | 157742 157740 --> 56 157742 | 1666470 1508786 | 157687 157685
			Real Alignment 51: 56 157742 | 1666470 1508786 | 157687 157685 | 99.98 | ef_ill_ef_contig6 contig_14
			  Indel (> 5bp) between these two alignments: deletion of length 55; 0 mismatches (number of Ns: 0) [fragmentation of reference genome]
			Excluding internal overlap of size 222 between Alignment 52 and 53: 595858 646258 | 2262755 2313152 | 50401 50398 --> 596080 646258 | 2262977 2313152 | 50179 50176
			Real Alignment 52: 1 596523 | 1666471 2262976 | 596523 596506 | 99.99 | ef_ill_ef_contig1 contig_14
			  Overlap between these two alignments (local misassembly). Inconsistency = -444
			Real Alignment 53: 596080 646258 | 2262977 2313152 | 50179 50176 | 99.91 | ef_ill_ef_contig1 contig_14
			  Gap between these two alignments (local misassembly). Inconsistency = -804
			Excluding internal overlap of size 55 between Alignment 54 and 55: 1 580 | 2763717 2764296 | 580 580 --> 56 580 | 2763772 2764296 | 525 525
			Real Alignment 54: 645532 1096084 | 2313230 2763771 | 450553 450542 | 99.98 | ef_ill_ef_contig1 contig_14
			  Indel (> 5bp) between these two alignments: deletion of length 55; 0 mismatches (number of Ns: 0) [fragmentation of reference genome]
			Excluding internal overlap of size 55 between Alignment 55 and 56: 56 580 | 2763772 2764296 | 525 525 --> 56 525 | 2763772 2764241 | 470 470
			Real Alignment 55: 56 525 | 2763772 2764241 | 470 470 | 100.0 | ef_ill_ef_contig32 contig_14
			  Indel (> 5bp) between these two alignments: deletion of length 55; 0 mismatches (number of Ns: 0) [fragmentation of reference genome]
			Excluding internal overlap of size 55 between Alignment 56 and 57: 1 2434 | 2810840 2813273 | 2434 2434 --> 56 2434 | 2810895 2813273 | 2379 2379
			Real Alignment 56: 1 46653 | 2764242 2810894 | 46653 46653 | 99.97 | ef_ill_ef_contig11 contig_14
			  Indel (> 5bp) between these two alignments: deletion of length 55; 0 mismatches (number of Ns: 0) [fragmentation of reference genome]
			Real Alignment 57: 56 2434 | 2810895 2813273 | 2379 2379 | 99.92 | ef_ill_ef_contig17 contig_14
			  Not a misassembly [fragmentation of reference genome] between these two alignments
			Real Alignment 58: 1 848 | 2813275 2814122 | 848 848 | 100.0 | ef_ill_ef_contig25 contig_14
			  Not a misassembly [fragmentation of reference genome] between these two alignments
			Real Alignment 59: 1 1834 | 2815991 2814158 | 1834 1834 | 99.95 | ef_ill_ef_contig19 contig_14
			  Not a misassembly [fragmentation of reference genome] between these two alignments
			Real Alignment 60: 1 29162 | 2816182 2845342 | 29162 29161 | 99.98 | ef_ill_ef_contig12 contig_14

CONTIG: contig_12 (2991949bp)
Best alignment score: 35753.8 (LEN: 35761, IDY: 99.98), Total number of alignments: 57
			Looking for the best set of alignments (out of 57 total alignments)
			Skipping redundant alignments after choosing the best set of alignments
		Skipping redundant alignment 423 516 | 1389505 1389598 | 94 94 | 93.62 | ef_ill_ef_contig21 contig_12
		Skipping redundant alignment 610 691 | 1389689 1389770 | 82 82 | 96.34 | ef_ill_ef_contig21 contig_12
		Skipping redundant alignment 697 773 | 1389781 1389857 | 77 77 | 98.7 | ef_ill_ef_contig21 contig_12
		Skipping redundant alignment 18924 18992 | 2103124 2103056 | 69 69 | 100.0 | ef_ill_ef_contig14 contig_12
		Skipping redundant alignment 18914 18992 | 2885645 2885723 | 79 79 | 98.73 | ef_ill_ef_contig14 contig_12
		Skipping redundant alignment 701 773 | 601293 601221 | 73 73 | 100.0 | ef_ill_ef_contig21 contig_12
		Skipping redundant alignment 701 773 | 1148124 1148196 | 73 73 | 100.0 | ef_ill_ef_contig21 contig_12
		Skipping redundant alignment 930055 930202 | 1211497 1211350 | 148 148 | 91.22 | ef_ill_ef_contig1 contig_12
		Skipping redundant alignment 454351 454551 | 1291986 1291786 | 201 201 | 91.04 | ef_ill_ef_contig1 contig_12
		This contig has several significant sets of alignments. [An ambiguously mapped contig]
		Using only the very best set (option --ambiguity-usage is set to "one").
			The best set is below. Score: 56496.0, number of alignments: 48, unaligned bases: 2929158
		This contig is misassembled.
		This contig is partially unaligned. (Aligned 62791 out of 2991949 non-N bases (2.10%))
			Warning! This contig is more unaligned than misassembled. Contig length is 2991949 (number of Ns: 0) and total length of all aligns is 62791
		Alignment: 328 2426 | 1 2112 | 2099 2112 | 90.13 | ef_ill_ef_contig17 contig_12
		Alignment: 47 293 | 2168 2414 | 247 247 | 92.31 | ef_ill_ef_contig25 contig_12
		Alignment: 386 515 | 2514 2643 | 130 130 | 91.54 | ef_ill_ef_contig25 contig_12
		Alignment: 543 680 | 2671 2808 | 138 138 | 93.48 | ef_ill_ef_contig25 contig_12
		Alignment: 245 1807 | 4610 3059 | 1563 1552 | 90.95 | ef_ill_ef_contig19 contig_12
		Alignment: 723747 759515 | 515941 480181 | 35769 35761 | 99.98 | ef_ill_ef_contig1 contig_12
		Alignment: 18241 18329 | 596570 596658 | 89 89 | 93.26 | ef_ill_ef_contig14 contig_12
		Alignment: 18341 18413 | 596705 596777 | 73 73 | 91.78 | ef_ill_ef_contig14 contig_12
		Alignment: 18437 18511 | 596872 596946 | 75 75 | 94.67 | ef_ill_ef_contig14 contig_12
		Alignment: 18712 18794 | 597147 597229 | 83 83 | 90.36 | ef_ill_ef_contig14 contig_12
		Alignment: 18914 18992 | 597323 597401 | 79 79 | 98.73 | ef_ill_ef_contig14 contig_12
		Alignment: 19002 19075 | 597505 597578 | 74 74 | 97.3 | ef_ill_ef_contig14 contig_12
		Alignment: 19096 19173 | 597629 597706 | 78 78 | 98.72 | ef_ill_ef_contig14 contig_12
		Alignment: 214 2426 | 598113 600337 | 2213 2225 | 90.0 | ef_ill_ef_contig17 contig_12
		Alignment: 47 293 | 600393 600639 | 247 247 | 92.31 | ef_ill_ef_contig25 contig_12
		Alignment: 386 515 | 600739 600868 | 130 130 | 91.54 | ef_ill_ef_contig25 contig_12
		Alignment: 543 680 | 600896 601033 | 138 138 | 93.48 | ef_ill_ef_contig25 contig_12
		Alignment: 82 155 | 601413 601340 | 74 74 | 100.0 | ef_ill_ef_contig2 contig_12
		Alignment: 245 1807 | 603086 601535 | 1563 1552 | 90.95 | ef_ill_ef_contig19 contig_12
		Alignment: 23996 24184 | 1098584 1098396 | 189 189 | 91.53 | ef_ill_ef_contig3 contig_12
		Alignment: 245 1807 | 1146333 1147884 | 1563 1552 | 91.07 | ef_ill_ef_contig19 contig_12
		Alignment: 543 680 | 1148521 1148384 | 138 138 | 93.48 | ef_ill_ef_contig25 contig_12
		Alignment: 386 515 | 1148678 1148549 | 130 130 | 91.54 | ef_ill_ef_contig25 contig_12
		Alignment: 47 293 | 1149024 1148778 | 247 247 | 92.31 | ef_ill_ef_contig25 contig_12
		Alignment: 214 2426 | 1151304 1149080 | 2213 2225 | 90.0 | ef_ill_ef_contig17 contig_12
		Alignment: 245 1807 | 1384123 1385674 | 1563 1552 | 90.95 | ef_ill_ef_contig19 contig_12
		Alignment: 543 680 | 1386062 1385925 | 138 138 | 93.48 | ef_ill_ef_contig25 contig_12
		Alignment: 386 515 | 1386219 1386090 | 130 130 | 91.54 | ef_ill_ef_contig25 contig_12
		Alignment: 47 293 | 1386565 1386319 | 247 247 | 92.31 | ef_ill_ef_contig25 contig_12
		Alignment: 214 2426 | 1388845 1386621 | 2213 2225 | 90.0 | ef_ill_ef_contig17 contig_12
		Alignment: 245 1807 | 1390142 1391693 | 1563 1552 | 91.01 | ef_ill_ef_contig19 contig_12
		Alignment: 543 680 | 1392081 1391944 | 138 138 | 93.48 | ef_ill_ef_contig25 contig_12
		Alignment: 386 515 | 1392238 1392109 | 130 130 | 91.54 | ef_ill_ef_contig25 contig_12
		Alignment: 47 293 | 1392584 1392338 | 247 247 | 92.31 | ef_ill_ef_contig25 contig_12
		Alignment: 214 2426 | 1394864 1392640 | 2213 2225 | 90.0 | ef_ill_ef_contig17 contig_12
		Alignment: 267 341 | 2885067 2884993 | 75 75 | 98.67 | ef_ill_ef_contig2 contig_12
		Alignment: 82 158 | 2885348 2885272 | 77 77 | 100.0 | ef_ill_ef_contig2 contig_12
		Alignment: 1 75 | 2885445 2885371 | 75 75 | 93.33 | ef_ill_ef_contig2 contig_12
		Alignment: 1107 1194 | 2885813 2885726 | 88 88 | 94.32 | ef_ill_ef_contig21 contig_12
		Alignment: 885 963 | 2886033 2885955 | 79 79 | 94.94 | ef_ill_ef_contig21 contig_12
		Alignment: 697 773 | 2886232 2886156 | 77 77 | 98.7 | ef_ill_ef_contig21 contig_12
		Alignment: 610 689 | 2886328 2886249 | 80 80 | 98.75 | ef_ill_ef_contig21 contig_12
		Alignment: 427 514 | 2886505 2886418 | 88 88 | 95.45 | ef_ill_ef_contig21 contig_12
		Alignment: 214 2426 | 2887166 2889390 | 2213 2225 | 90.0 | ef_ill_ef_contig17 contig_12
		Alignment: 47 293 | 2889446 2889692 | 247 247 | 92.31 | ef_ill_ef_contig25 contig_12
		Alignment: 386 515 | 2889792 2889921 | 130 130 | 91.54 | ef_ill_ef_contig25 contig_12
		Alignment: 604 680 | 2890008 2890084 | 77 77 | 98.7 | ef_ill_ef_contig25 contig_12
		Alignment: 245 1807 | 2891885 2890335 | 1563 1551 | 91.01 | ef_ill_ef_contig19 contig_12
		Unaligned bases: 2929158

CONTIG: contig_2 (4045342bp)
Best alignment score: 1006.0 (LEN: 1077, IDY: 93.41), Total number of alignments: 104
			Too much alignments (104), will use speed up heuristics
			Found 10 solid alignments:
		Solid alignment 730 1806 | 1482553 1481477 | 1077 1077 | 93.41 | ef_ill_ef_contig19 contig_2
		Solid alignment 730 1806 | 2555817 2556893 | 1077 1077 | 93.41 | ef_ill_ef_contig19 contig_2
		Solid alignment 730 1806 | 2576429 2577505 | 1077 1077 | 93.41 | ef_ill_ef_contig19 contig_2
		Solid alignment 730 1806 | 2636758 2637834 | 1077 1077 | 93.41 | ef_ill_ef_contig19 contig_2
		Solid alignment 730 1806 | 2642679 2643755 | 1077 1077 | 93.41 | ef_ill_ef_contig19 contig_2
		Solid alignment 730 1806 | 2707219 2708295 | 1077 1077 | 93.41 | ef_ill_ef_contig19 contig_2
		Solid alignment 730 1806 | 2712832 2713908 | 1077 1077 | 93.41 | ef_ill_ef_contig19 contig_2
		Solid alignment 730 1806 | 2717833 2718909 | 1077 1077 | 93.31 | ef_ill_ef_contig19 contig_2
		Solid alignment 730 1498 | 3171264 3172032 | 769 769 | 94.28 | ef_ill_ef_contig19 contig_2
		Solid alignment 730 1806 | 3464013 3465089 | 1077 1077 | 93.41 | ef_ill_ef_contig19 contig_2
			Skipping alignments located inside solid regions since they are redundant:
		Nothing was skipped
			Looking for the best set of alignments (out of 104 total alignments)
		Ambiguity for this contig is not checked for speed up (too much alignments and --ambiguity-usage is "one")
			Skipping redundant alignments after choosing the best set of alignments
		Skipping redundant alignment 269 341 | 1476204 1476132 | 73 73 | 98.63 | ef_ill_ef_contig2 contig_2
		Skipping redundant alignment 169 253 | 1476322 1476238 | 85 85 | 96.47 | ef_ill_ef_contig2 contig_2
		Skipping redundant alignment 19100 19173 | 3468695 3468622 | 74 74 | 98.65 | ef_ill_ef_contig14 contig_2
		Skipping redundant alignment 18438 18586 | 3469537 3469391 | 149 147 | 91.33 | ef_ill_ef_contig14 contig_2
		Skipping redundant alignment 614 773 | 2712021 2712177 | 160 157 | 95.0 | ef_ill_ef_contig21 contig_2
		Skipping redundant alignment 91 157 | 2641315 2641381 | 67 67 | 91.04 | ef_ill_ef_contig21 contig_2
		Skipping redundant alignment 614 686 | 2641801 2641873 | 73 73 | 97.26 | ef_ill_ef_contig21 contig_2
		Skipping redundant alignment 690 773 | 2641874 2641957 | 84 84 | 97.62 | ef_ill_ef_contig21 contig_2
		Skipping redundant alignment 18438 18514 | 2740625 2740549 | 77 77 | 97.4 | ef_ill_ef_contig14 contig_2
		Skipping redundant alignment 19102 19173 | 2740280 2740209 | 72 72 | 98.61 | ef_ill_ef_contig14 contig_2
		Skipping redundant alignment 699 773 | 2557074 2557148 | 75 75 | 100.0 | ef_ill_ef_contig21 contig_2
		Skipping redundant alignment 169 253 | 3071712 3071796 | 85 85 | 96.47 | ef_ill_ef_contig2 contig_2
		Skipping redundant alignment 269 341 | 3071829 3071901 | 73 73 | 98.63 | ef_ill_ef_contig2 contig_2
		Skipping redundant alignment 24072 24196 | 2679027 2678903 | 125 125 | 94.4 | ef_ill_ef_contig3 contig_2
		Skipping redundant alignment 23237 23306 | 2679861 2679792 | 70 70 | 97.14 | ef_ill_ef_contig3 contig_2
		Skipping redundant alignment 699 773 | 2577686 2577760 | 75 75 | 100.0 | ef_ill_ef_contig21 contig_2
			The best set is below. Score: 24619.1, number of alignments: 88, unaligned bases: 4013261
		This contig is misassembled.
		This contig is partially unaligned. (Aligned 32081 out of 4045342 non-N bases (0.79%))
			Warning! This contig is more unaligned than misassembled. Contig length is 4045342 (number of Ns: 0) and total length of all aligns is 32081
		Alignment: 889 963 | 1477185 1477111 | 75 75 | 100.0 | ef_ill_ef_contig21 contig_2
		Alignment: 793 867 | 1477266 1477192 | 75 75 | 96.0 | ef_ill_ef_contig21 contig_2
		Alignment: 696 773 | 1477361 1477284 | 78 78 | 98.72 | ef_ill_ef_contig21 contig_2
		Alignment: 614 690 | 1477438 1477362 | 77 77 | 94.81 | ef_ill_ef_contig21 contig_2
		Alignment: 341 413 | 1477715 1477643 | 73 73 | 93.15 | ef_ill_ef_contig21 contig_2
		Alignment: 323 923 | 1478494 1479094 | 601 601 | 95.51 | ef_ill_ef_contig17 contig_2
		Alignment: 933 1365 | 1479104 1479536 | 433 433 | 90.76 | ef_ill_ef_contig17 contig_2
		Alignment: 1919 2151 | 1480099 1480331 | 233 233 | 93.56 | ef_ill_ef_contig17 contig_2
		Alignment: 2249 2426 | 1480428 1480605 | 178 178 | 91.01 | ef_ill_ef_contig17 contig_2
		Alignment: 63 300 | 1480677 1480914 | 238 238 | 93.28 | ef_ill_ef_contig25 contig_2
		Alignment: 560 680 | 1481182 1481302 | 121 121 | 93.39 | ef_ill_ef_contig25 contig_2
		Alignment: 730 1806 | 1482553 1481477 | 1077 1077 | 93.41 | ef_ill_ef_contig19 contig_2
		Alignment: 455 714 | 1482829 1482570 | 260 260 | 91.92 | ef_ill_ef_contig19 contig_2
		Alignment: 19095 19173 | 2495477 2495555 | 79 79 | 97.47 | ef_ill_ef_contig14 contig_2
		Alignment: 455 714 | 2555541 2555800 | 260 260 | 91.92 | ef_ill_ef_contig19 contig_2
		Alignment: 730 1806 | 2555817 2556893 | 1077 1077 | 93.41 | ef_ill_ef_contig19 contig_2
		Alignment: 560 680 | 2557365 2557245 | 121 121 | 93.39 | ef_ill_ef_contig25 contig_2
		Alignment: 4 300 | 2557929 2557633 | 297 297 | 91.92 | ef_ill_ef_contig25 contig_2
		Alignment: 2249 2426 | 2558119 2557942 | 178 178 | 91.01 | ef_ill_ef_contig17 contig_2
		Alignment: 1919 2151 | 2558448 2558216 | 233 233 | 93.56 | ef_ill_ef_contig17 contig_2
		Alignment: 933 1365 | 2559443 2559011 | 433 433 | 90.76 | ef_ill_ef_contig17 contig_2
		Alignment: 323 923 | 2560053 2559453 | 601 601 | 95.51 | ef_ill_ef_contig17 contig_2
		Alignment: 455 714 | 2576153 2576412 | 260 260 | 91.54 | ef_ill_ef_contig19 contig_2
		Alignment: 730 1806 | 2576429 2577505 | 1077 1077 | 93.41 | ef_ill_ef_contig19 contig_2
		Alignment: 560 680 | 2577977 2577857 | 121 121 | 93.39 | ef_ill_ef_contig25 contig_2
		Alignment: 63 300 | 2578482 2578245 | 238 238 | 93.28 | ef_ill_ef_contig25 contig_2
		Alignment: 2249 2426 | 2578731 2578554 | 178 178 | 91.01 | ef_ill_ef_contig17 contig_2
		Alignment: 1919 2151 | 2579060 2578828 | 233 233 | 93.56 | ef_ill_ef_contig17 contig_2
		Alignment: 933 1365 | 2580055 2579623 | 433 433 | 90.76 | ef_ill_ef_contig17 contig_2
		Alignment: 323 923 | 2580665 2580065 | 601 601 | 95.51 | ef_ill_ef_contig17 contig_2
		Alignment: 455 714 | 2636482 2636741 | 260 260 | 91.92 | ef_ill_ef_contig19 contig_2
		Alignment: 730 1806 | 2636758 2637834 | 1077 1077 | 93.41 | ef_ill_ef_contig19 contig_2
		Alignment: 560 680 | 2638129 2638009 | 121 121 | 93.39 | ef_ill_ef_contig25 contig_2
		Alignment: 4 300 | 2638693 2638397 | 297 297 | 91.92 | ef_ill_ef_contig25 contig_2
		Alignment: 2249 2426 | 2638883 2638706 | 178 178 | 91.01 | ef_ill_ef_contig17 contig_2
		Alignment: 1919 2151 | 2639212 2638980 | 233 233 | 93.56 | ef_ill_ef_contig17 contig_2
		Alignment: 1112 1365 | 2640028 2639775 | 254 254 | 92.91 | ef_ill_ef_contig17 contig_2
		Alignment: 323 923 | 2640815 2640215 | 601 601 | 95.51 | ef_ill_ef_contig17 contig_2
		Alignment: 455 714 | 2642403 2642662 | 260 260 | 91.92 | ef_ill_ef_contig19 contig_2
		Alignment: 730 1806 | 2642679 2643755 | 1077 1077 | 93.41 | ef_ill_ef_contig19 contig_2
		Alignment: 560 680 | 2644050 2643930 | 121 121 | 93.39 | ef_ill_ef_contig25 contig_2
		Alignment: 4 300 | 2644614 2644318 | 297 297 | 91.92 | ef_ill_ef_contig25 contig_2
		Alignment: 2249 2426 | 2644804 2644627 | 178 178 | 91.01 | ef_ill_ef_contig17 contig_2
		Alignment: 2024 2151 | 2645028 2644901 | 128 128 | 94.53 | ef_ill_ef_contig17 contig_2
		Alignment: 1919 2022 | 2645132 2645029 | 104 104 | 92.31 | ef_ill_ef_contig17 contig_2
		Alignment: 933 1365 | 2646127 2645695 | 433 433 | 90.76 | ef_ill_ef_contig17 contig_2
		Alignment: 323 923 | 2646737 2646137 | 601 601 | 95.51 | ef_ill_ef_contig17 contig_2
		Alignment: 455 714 | 2706943 2707202 | 260 260 | 91.92 | ef_ill_ef_contig19 contig_2
		Alignment: 730 1806 | 2707219 2708295 | 1077 1077 | 93.41 | ef_ill_ef_contig19 contig_2
		Alignment: 560 680 | 2708590 2708470 | 121 121 | 93.39 | ef_ill_ef_contig25 contig_2
		Alignment: 4 300 | 2709154 2708858 | 297 297 | 91.92 | ef_ill_ef_contig25 contig_2
		Alignment: 2249 2426 | 2709344 2709167 | 178 178 | 91.01 | ef_ill_ef_contig17 contig_2
		Alignment: 1919 2151 | 2709673 2709441 | 233 233 | 93.56 | ef_ill_ef_contig17 contig_2
		Alignment: 933 1365 | 2710668 2710236 | 433 433 | 90.76 | ef_ill_ef_contig17 contig_2
		Alignment: 323 923 | 2711278 2710678 | 601 601 | 95.51 | ef_ill_ef_contig17 contig_2
		Alignment: 455 714 | 2712556 2712815 | 260 260 | 91.92 | ef_ill_ef_contig19 contig_2
		Alignment: 730 1806 | 2712832 2713908 | 1077 1077 | 93.41 | ef_ill_ef_contig19 contig_2
		Alignment: 560 680 | 2714203 2714083 | 121 121 | 93.39 | ef_ill_ef_contig25 contig_2
		Alignment: 63 300 | 2714708 2714471 | 238 238 | 93.28 | ef_ill_ef_contig25 contig_2
		Alignment: 2249 2426 | 2714957 2714780 | 178 178 | 91.01 | ef_ill_ef_contig17 contig_2
		Alignment: 1919 2151 | 2715286 2715054 | 233 233 | 93.56 | ef_ill_ef_contig17 contig_2
		Alignment: 933 1365 | 2716281 2715849 | 433 433 | 90.76 | ef_ill_ef_contig17 contig_2
		Alignment: 323 923 | 2716891 2716291 | 601 601 | 95.51 | ef_ill_ef_contig17 contig_2
		Alignment: 455 714 | 2717557 2717816 | 260 260 | 91.92 | ef_ill_ef_contig19 contig_2
		Alignment: 730 1806 | 2717833 2718909 | 1077 1077 | 93.31 | ef_ill_ef_contig19 contig_2
		Alignment: 560 680 | 2719204 2719084 | 121 121 | 93.39 | ef_ill_ef_contig25 contig_2
		Alignment: 4 300 | 2719768 2719472 | 297 297 | 91.92 | ef_ill_ef_contig25 contig_2
		Alignment: 2249 2426 | 2719958 2719781 | 178 178 | 91.01 | ef_ill_ef_contig17 contig_2
		Alignment: 1919 2151 | 2720287 2720055 | 233 233 | 93.13 | ef_ill_ef_contig17 contig_2
		Alignment: 933 1365 | 2721282 2720850 | 433 433 | 90.76 | ef_ill_ef_contig17 contig_2
		Alignment: 323 923 | 2721892 2721292 | 601 601 | 95.51 | ef_ill_ef_contig17 contig_2
		Alignment: 455 714 | 3170988 3171247 | 260 260 | 91.92 | ef_ill_ef_contig19 contig_2
		Alignment: 730 1498 | 3171264 3172032 | 769 769 | 94.28 | ef_ill_ef_contig19 contig_2
		Alignment: 1503 1806 | 3172039 3172342 | 304 304 | 91.78 | ef_ill_ef_contig19 contig_2
		Alignment: 560 680 | 3172637 3172517 | 121 121 | 93.39 | ef_ill_ef_contig25 contig_2
		Alignment: 4 300 | 3173201 3172905 | 297 297 | 91.92 | ef_ill_ef_contig25 contig_2
		Alignment: 2249 2426 | 3173391 3173214 | 178 178 | 91.01 | ef_ill_ef_contig17 contig_2
		Alignment: 1919 2151 | 3173720 3173488 | 233 233 | 93.56 | ef_ill_ef_contig17 contig_2
		Alignment: 933 1365 | 3174715 3174283 | 433 433 | 90.76 | ef_ill_ef_contig17 contig_2
		Alignment: 323 923 | 3175325 3174725 | 601 601 | 95.34 | ef_ill_ef_contig17 contig_2
		Alignment: 455 714 | 3463737 3463996 | 260 260 | 91.92 | ef_ill_ef_contig19 contig_2
		Alignment: 730 1806 | 3464013 3465089 | 1077 1077 | 93.41 | ef_ill_ef_contig19 contig_2
		Alignment: 560 680 | 3465384 3465264 | 121 121 | 93.39 | ef_ill_ef_contig25 contig_2
		Alignment: 4 300 | 3465948 3465652 | 297 297 | 91.92 | ef_ill_ef_contig25 contig_2
		Alignment: 2249 2426 | 3466138 3465961 | 178 178 | 91.01 | ef_ill_ef_contig17 contig_2
		Alignment: 1919 2151 | 3466467 3466235 | 233 233 | 93.56 | ef_ill_ef_contig17 contig_2
		Alignment: 933 1350 | 3467461 3467044 | 418 418 | 90.43 | ef_ill_ef_contig17 contig_2
		Alignment: 323 923 | 3468071 3467471 | 601 601 | 95.51 | ef_ill_ef_contig17 contig_2
		Unaligned bases: 4013261

CONTIG: contig_6 (2720337bp)
Best alignment score: 518.0 (LEN: 549, IDY: 94.35), Total number of alignments: 84
			Looking for the best set of alignments (out of 84 total alignments)
			Skipping redundant alignments after choosing the best set of alignments
		Skipping redundant alignment 106324 106445 | 2295106 2295227 | 122 122 | 91.8 | ef_ill_ef_contig6 contig_6
		Skipping redundant alignment 890 964 | 2583764 2583690 | 75 75 | 93.33 | ef_ill_ef_contig21 contig_6
		Skipping redundant alignment 691 773 | 2583972 2583890 | 83 83 | 95.18 | ef_ill_ef_contig21 contig_6
		Skipping redundant alignment 429 514 | 1218626 1218711 | 86 86 | 96.51 | ef_ill_ef_contig21 contig_6
		Skipping redundant alignment 613 688 | 1218817 1218892 | 76 76 | 100.0 | ef_ill_ef_contig21 contig_6
		Skipping redundant alignment 699 767 | 1218913 1218981 | 69 69 | 98.55 | ef_ill_ef_contig21 contig_6
		Skipping redundant alignment 610 689 | 2584057 2583978 | 80 80 | 100.0 | ef_ill_ef_contig21 contig_6
		Skipping redundant alignment 386 504 | 1221357 1221239 | 119 119 | 96.64 | ef_ill_ef_contig25 contig_6
		Skipping redundant alignment 386 504 | 1226584 1226466 | 119 119 | 96.64 | ef_ill_ef_contig25 contig_6
		This contig has several significant sets of alignments. [An ambiguously mapped contig]
		Using only the very best set (option --ambiguity-usage is set to "one").
			The best set is below. Score: 12815.9, number of alignments: 75, unaligned bases: 2703348
		This contig is misassembled.
		This contig is partially unaligned. (Aligned 16989 out of 2720337 non-N bases (0.62%))
			Warning! This contig is more unaligned than misassembled. Contig length is 2720337 (number of Ns: 0) and total length of all aligns is 16989
		Alignment: 325 722 | 667 1064 | 398 398 | 94.97 | ef_ill_ef_contig17 contig_6
		Alignment: 723 923 | 1066 1266 | 201 201 | 93.53 | ef_ill_ef_contig17 contig_6
		Alignment: 1019 1366 | 1362 1709 | 348 348 | 95.11 | ef_ill_ef_contig17 contig_6
		Alignment: 1921 2135 | 2273 2487 | 215 215 | 95.35 | ef_ill_ef_contig17 contig_6
		Alignment: 2165 2233 | 2517 2585 | 69 69 | 95.65 | ef_ill_ef_contig17 contig_6
		Alignment: 2249 2365 | 2600 2716 | 117 117 | 92.31 | ef_ill_ef_contig17 contig_6
		Alignment: 4 288 | 2789 3073 | 285 285 | 90.18 | ef_ill_ef_contig25 contig_6
		Alignment: 386 504 | 3178 3296 | 119 119 | 96.64 | ef_ill_ef_contig25 contig_6
		Alignment: 1412 1787 | 4349 3974 | 376 376 | 90.16 | ef_ill_ef_contig19 contig_6
		Alignment: 1289 1407 | 4472 4354 | 119 119 | 96.64 | ef_ill_ef_contig19 contig_6
		Alignment: 734 1256 | 5028 4506 | 523 523 | 94.07 | ef_ill_ef_contig19 contig_6
		Alignment: 470 710 | 5292 5052 | 241 241 | 91.7 | ef_ill_ef_contig19 contig_6
		Alignment: 325 722 | 114151 114548 | 398 398 | 94.97 | ef_ill_ef_contig17 contig_6
		Alignment: 723 923 | 114551 114751 | 201 201 | 94.03 | ef_ill_ef_contig17 contig_6
		Alignment: 1019 1366 | 114847 115194 | 348 348 | 95.11 | ef_ill_ef_contig17 contig_6
		Alignment: 1921 2135 | 115757 115971 | 215 215 | 95.35 | ef_ill_ef_contig17 contig_6
		Alignment: 2165 2233 | 116001 116069 | 69 69 | 95.65 | ef_ill_ef_contig17 contig_6
		Alignment: 2249 2365 | 116084 116200 | 117 117 | 92.31 | ef_ill_ef_contig17 contig_6
		Alignment: 4 288 | 116275 116559 | 285 285 | 90.18 | ef_ill_ef_contig25 contig_6
		Alignment: 386 504 | 116663 116781 | 119 119 | 96.64 | ef_ill_ef_contig25 contig_6
		Alignment: 1707 1806 | 117490 117391 | 100 100 | 94.0 | ef_ill_ef_contig19 contig_6
		Alignment: 1618 1705 | 117578 117491 | 88 88 | 92.05 | ef_ill_ef_contig19 contig_6
		Alignment: 1289 1407 | 117907 117789 | 119 119 | 96.64 | ef_ill_ef_contig19 contig_6
		Alignment: 734 1282 | 118464 117916 | 549 549 | 94.17 | ef_ill_ef_contig19 contig_6
		Alignment: 470 680 | 118729 118519 | 211 211 | 91.94 | ef_ill_ef_contig19 contig_6
		Alignment: 470 710 | 1174711 1174951 | 241 241 | 92.12 | ef_ill_ef_contig19 contig_6
		Alignment: 734 1028 | 1174975 1175269 | 295 295 | 93.22 | ef_ill_ef_contig19 contig_6
		Alignment: 1030 1282 | 1175270 1175522 | 253 253 | 96.05 | ef_ill_ef_contig19 contig_6
		Alignment: 1289 1407 | 1175531 1175649 | 119 119 | 96.64 | ef_ill_ef_contig19 contig_6
		Alignment: 1412 1806 | 1175654 1176048 | 395 395 | 90.38 | ef_ill_ef_contig19 contig_6
		Alignment: 386 504 | 1176791 1176673 | 119 119 | 96.64 | ef_ill_ef_contig25 contig_6
		Alignment: 4 287 | 1177179 1176896 | 284 284 | 90.14 | ef_ill_ef_contig25 contig_6
		Alignment: 2249 2365 | 1177368 1177252 | 117 117 | 92.31 | ef_ill_ef_contig17 contig_6
		Alignment: 2165 2233 | 1177451 1177383 | 69 69 | 95.65 | ef_ill_ef_contig17 contig_6
		Alignment: 1921 2135 | 1177695 1177481 | 215 215 | 95.35 | ef_ill_ef_contig17 contig_6
		Alignment: 1019 1366 | 1178606 1178259 | 348 348 | 95.11 | ef_ill_ef_contig17 contig_6
		Alignment: 722 923 | 1178903 1178702 | 202 202 | 94.06 | ef_ill_ef_contig17 contig_6
		Alignment: 579 721 | 1179047 1178905 | 143 143 | 97.9 | ef_ill_ef_contig17 contig_6
		Alignment: 325 578 | 1179302 1179049 | 254 254 | 93.31 | ef_ill_ef_contig17 contig_6
		Alignment: 489 678 | 1219351 1219540 | 190 190 | 93.16 | ef_ill_ef_contig19 contig_6
		Alignment: 734 1282 | 1219597 1220145 | 549 549 | 94.17 | ef_ill_ef_contig19 contig_6
		Alignment: 1289 1407 | 1220154 1220272 | 119 119 | 96.64 | ef_ill_ef_contig19 contig_6
		Alignment: 1614 1806 | 1220480 1220672 | 193 193 | 93.26 | ef_ill_ef_contig19 contig_6
		Alignment: 2249 2365 | 1221935 1221819 | 117 117 | 92.31 | ef_ill_ef_contig17 contig_6
		Alignment: 2165 2233 | 1222018 1221950 | 69 69 | 95.65 | ef_ill_ef_contig17 contig_6
		Alignment: 1921 2135 | 1222262 1222048 | 215 215 | 95.35 | ef_ill_ef_contig17 contig_6
		Alignment: 1019 1366 | 1223174 1222827 | 348 348 | 95.11 | ef_ill_ef_contig17 contig_6
		Alignment: 723 923 | 1223470 1223270 | 201 201 | 94.03 | ef_ill_ef_contig17 contig_6
		Alignment: 654 722 | 1223541 1223473 | 69 69 | 98.55 | ef_ill_ef_contig17 contig_6
		Alignment: 325 651 | 1223868 1223542 | 327 327 | 94.19 | ef_ill_ef_contig17 contig_6
		Alignment: 489 710 | 1224613 1224834 | 222 222 | 93.24 | ef_ill_ef_contig19 contig_6
		Alignment: 734 1282 | 1224858 1225406 | 549 549 | 94.35 | ef_ill_ef_contig19 contig_6
		Alignment: 1289 1407 | 1225415 1225533 | 119 119 | 96.64 | ef_ill_ef_contig19 contig_6
		Alignment: 1412 1806 | 1225538 1225932 | 395 395 | 90.38 | ef_ill_ef_contig19 contig_6
		Alignment: 2249 2365 | 1227160 1227044 | 117 117 | 92.31 | ef_ill_ef_contig17 contig_6
		Alignment: 2165 2233 | 1227243 1227175 | 69 69 | 95.65 | ef_ill_ef_contig17 contig_6
		Alignment: 1921 2135 | 1227487 1227273 | 215 215 | 95.35 | ef_ill_ef_contig17 contig_6
		Alignment: 1019 1366 | 1228398 1228051 | 348 348 | 95.11 | ef_ill_ef_contig17 contig_6
		Alignment: 722 923 | 1228695 1228494 | 202 202 | 94.06 | ef_ill_ef_contig17 contig_6
		Alignment: 325 721 | 1229093 1228697 | 397 397 | 94.96 | ef_ill_ef_contig17 contig_6
		Alignment: 23697 23812 | 1265631 1265516 | 116 116 | 93.1 | ef_ill_ef_contig3 contig_6
		Alignment: 23547 23653 | 1265778 1265672 | 107 107 | 94.39 | ef_ill_ef_contig3 contig_6
		Alignment: 23217 23308 | 1266108 1266017 | 92 92 | 91.3 | ef_ill_ef_contig3 contig_6
		Alignment: 325 722 | 2584974 2585371 | 398 398 | 94.97 | ef_ill_ef_contig17 contig_6
		Alignment: 723 923 | 2585373 2585573 | 201 201 | 93.53 | ef_ill_ef_contig17 contig_6
		Alignment: 1019 1366 | 2585669 2586016 | 348 348 | 95.11 | ef_ill_ef_contig17 contig_6
		Alignment: 1921 2135 | 2586580 2586794 | 215 215 | 95.35 | ef_ill_ef_contig17 contig_6
		Alignment: 2165 2233 | 2586824 2586892 | 69 69 | 95.65 | ef_ill_ef_contig17 contig_6
		Alignment: 2249 2365 | 2586907 2587023 | 117 117 | 92.31 | ef_ill_ef_contig17 contig_6
		Alignment: 4 287 | 2587095 2587378 | 284 284 | 90.14 | ef_ill_ef_contig25 contig_6
		Alignment: 386 514 | 2587481 2587609 | 129 129 | 93.8 | ef_ill_ef_contig25 contig_6
		Alignment: 563 681 | 2587659 2587777 | 119 119 | 94.12 | ef_ill_ef_contig25 contig_6
		Alignment: 1289 1407 | 2588774 2588656 | 119 119 | 96.64 | ef_ill_ef_contig19 contig_6
		Alignment: 734 1282 | 2589331 2588783 | 549 549 | 94.35 | ef_ill_ef_contig19 contig_6
		Alignment: 470 681 | 2589596 2589385 | 212 212 | 91.98 | ef_ill_ef_contig19 contig_6
		Unaligned bases: 2703348

CONTIG: contig_15 (1936941bp)
Best alignment score: 2003.7 (LEN: 2205, IDY: 90.87), Total number of alignments: 41
			Looking for the best set of alignments (out of 41 total alignments)
			Skipping redundant alignments after choosing the best set of alignments
		Skipping redundant alignment 1 231 | 236015 236236 | 231 222 | 90.91 | ef_ill_ef_contig2 contig_15
		Skipping redundant alignment 728 933 | 234138 233933 | 206 206 | 93.69 | ef_ill_ef_contig17 contig_15
		Skipping redundant alignment 1933 2292 | 233123 232764 | 360 360 | 90.83 | ef_ill_ef_contig17 contig_15
		This contig has several significant sets of alignments. [An ambiguously mapped contig]
		Using only the very best set (option --ambiguity-usage is set to "one").
			The best set is below. Score: 14417.8, number of alignments: 38, unaligned bases: 1917943
		This contig is misassembled.
		This contig is partially unaligned. (Aligned 18998 out of 1936941 non-N bases (0.98%))
			Warning! This contig is more unaligned than misassembled. Contig length is 1936941 (number of Ns: 0) and total length of all aligns is 18998
		Alignment: 736 1197 | 231054 231515 | 462 462 | 92.42 | ef_ill_ef_contig19 contig_15
		Alignment: 1264 1517 | 231570 231823 | 254 254 | 91.73 | ef_ill_ef_contig19 contig_15
		Alignment: 1521 1808 | 231827 232114 | 288 288 | 92.71 | ef_ill_ef_contig19 contig_15
		Alignment: 378 489 | 232236 232125 | 112 112 | 90.18 | ef_ill_ef_contig25 contig_15
		Alignment: 47 292 | 232572 232327 | 246 246 | 90.24 | ef_ill_ef_contig25 contig_15
		Alignment: 1933 2419 | 233123 232637 | 487 487 | 90.76 | ef_ill_ef_contig17 contig_15
		Alignment: 1375 1574 | 233579 233380 | 200 200 | 92.5 | ef_ill_ef_contig17 contig_15
		Alignment: 1024 1366 | 233932 233590 | 343 343 | 95.63 | ef_ill_ef_contig17 contig_15
		Alignment: 215 921 | 234648 233945 | 707 704 | 93.93 | ef_ill_ef_contig17 contig_15
		Alignment: 353 423 | 235108 235178 | 71 71 | 91.55 | ef_ill_ef_contig21 contig_15
		Alignment: 424 514 | 235182 235272 | 91 91 | 93.41 | ef_ill_ef_contig21 contig_15
		Alignment: 613 688 | 235357 235432 | 76 76 | 94.74 | ef_ill_ef_contig21 contig_15
		Alignment: 793 871 | 235462 235540 | 79 79 | 97.47 | ef_ill_ef_contig21 contig_15
		Alignment: 888 964 | 235553 235629 | 77 77 | 94.81 | ef_ill_ef_contig21 contig_15
		Alignment: 215 2419 | 1041250 1043443 | 2205 2194 | 90.28 | ef_ill_ef_contig17 contig_15
		Alignment: 47 292 | 1043508 1043753 | 246 246 | 90.24 | ef_ill_ef_contig25 contig_15
		Alignment: 378 537 | 1043844 1044003 | 160 160 | 90.0 | ef_ill_ef_contig25 contig_15
		Alignment: 561 680 | 1044028 1044147 | 120 120 | 91.67 | ef_ill_ef_contig25 contig_15
		Alignment: 481 1808 | 1045870 1044543 | 1328 1328 | 90.79 | ef_ill_ef_contig19 contig_15
		Alignment: 481 1808 | 1705097 1706424 | 1328 1328 | 90.79 | ef_ill_ef_contig19 contig_15
		Alignment: 561 680 | 1706744 1706625 | 120 120 | 92.5 | ef_ill_ef_contig25 contig_15
		Alignment: 378 537 | 1706928 1706769 | 160 160 | 90.0 | ef_ill_ef_contig25 contig_15
		Alignment: 47 292 | 1707264 1707019 | 246 246 | 90.24 | ef_ill_ef_contig25 contig_15
		Alignment: 215 2419 | 1709533 1707329 | 2205 2205 | 90.87 | ef_ill_ef_contig17 contig_15
		Alignment: 481 1683 | 1740590 1741790 | 1203 1201 | 90.41 | ef_ill_ef_contig19 contig_15
		Alignment: 561 680 | 1742187 1742068 | 120 120 | 92.5 | ef_ill_ef_contig25 contig_15
		Alignment: 378 537 | 1742371 1742212 | 160 160 | 90.0 | ef_ill_ef_contig25 contig_15
		Alignment: 47 292 | 1742707 1742462 | 246 246 | 90.24 | ef_ill_ef_contig25 contig_15
		Alignment: 1949 2419 | 1743242 1742772 | 471 471 | 90.87 | ef_ill_ef_contig17 contig_15
		Alignment: 215 1574 | 1744765 1743406 | 1360 1360 | 93.33 | ef_ill_ef_contig17 contig_15
		Alignment: 242 309 | 1816884 1816951 | 68 68 | 95.59 | ef_ill_ef_contig19 contig_15
		Alignment: 736 1255 | 1817393 1817912 | 520 520 | 93.08 | ef_ill_ef_contig19 contig_15
		Alignment: 1264 1517 | 1817921 1818174 | 254 254 | 91.73 | ef_ill_ef_contig19 contig_15
		Alignment: 1521 1808 | 1818178 1818465 | 288 288 | 92.71 | ef_ill_ef_contig19 contig_15
		Alignment: 561 680 | 1818793 1818674 | 120 120 | 92.5 | ef_ill_ef_contig25 contig_15
		Alignment: 378 537 | 1818977 1818818 | 160 160 | 90.0 | ef_ill_ef_contig25 contig_15
		Alignment: 47 292 | 1819313 1819068 | 246 246 | 90.24 | ef_ill_ef_contig25 contig_15
		Alignment: 215 2402 | 1821580 1819394 | 2188 2187 | 90.8 | ef_ill_ef_contig17 contig_15
		Unaligned bases: 1917943

CONTIG: contig_56 (4757899bp)
Best alignment score: 131.0 (LEN: 142, IDY: 92.25), Total number of alignments: 14
			Looking for the best set of alignments (out of 14 total alignments)
			Skipping redundant alignments after choosing the best set of alignments
		Skipping redundant alignment 1137 1227 | 807125 807215 | 91 91 | 96.7 | ef_ill_ef_contig17 contig_56
		Skipping redundant alignment 1005 1076 | 810252 810181 | 72 72 | 95.83 | ef_ill_ef_contig19 contig_56
		Skipping redundant alignment 1137 1227 | 1473309 1473399 | 91 91 | 96.7 | ef_ill_ef_contig17 contig_56
		Skipping redundant alignment 1005 1076 | 1476436 1476365 | 72 72 | 95.83 | ef_ill_ef_contig19 contig_56
		Skipping redundant alignment 1005 1076 | 1992802 1992873 | 72 72 | 95.83 | ef_ill_ef_contig19 contig_56
		Skipping redundant alignment 1137 1227 | 1996088 1995998 | 91 91 | 96.7 | ef_ill_ef_contig17 contig_56
		Skipping redundant alignment 1137 1227 | 2091017 2090927 | 91 91 | 96.7 | ef_ill_ef_contig17 contig_56
		Skipping redundant alignment 1005 1076 | 2243106 2243177 | 72 72 | 95.83 | ef_ill_ef_contig19 contig_56
		Skipping redundant alignment 1137 1227 | 2246394 2246304 | 91 91 | 96.7 | ef_ill_ef_contig17 contig_56
		Skipping redundant alignment 1005 1076 | 2286019 2286090 | 72 72 | 95.83 | ef_ill_ef_contig19 contig_56
		Skipping redundant alignment 1137 1227 | 2289146 2289056 | 91 91 | 96.7 | ef_ill_ef_contig17 contig_56
		Skipping redundant alignment 1137 1227 | 3038870 3038780 | 91 91 | 96.7 | ef_ill_ef_contig17 contig_56
			The best set is below. Score: 200.0, number of alignments: 2, unaligned bases: 4757685
		This contig is misassembled.
		This contig is partially unaligned. (Aligned 214 out of 4757899 non-N bases (0.00%))
			Warning! This contig is more unaligned than misassembled. Contig length is 4757899 (number of Ns: 0) and total length of all aligns is 214
		Alignment: 1005 1076 | 3035484 3035555 | 72 72 | 95.83 | ef_ill_ef_contig19 contig_56
		Alignment: 1115 1256 | 3035593 3035734 | 142 142 | 92.25 | ef_ill_ef_contig19 contig_56
		Unaligned bases: 4757685

CONTIG: contig_57 (4764706bp)
Best alignment score: 129.0 (LEN: 142, IDY: 90.85), Total number of alignments: 21
			Looking for the best set of alignments (out of 21 total alignments)
			Skipping redundant alignments after choosing the best set of alignments
		Skipping redundant alignment 1137 1227 | 304803 304893 | 91 91 | 96.7 | ef_ill_ef_contig17 contig_57
		Skipping redundant alignment 1136 1256 | 307874 307754 | 121 121 | 95.87 | ef_ill_ef_contig19 contig_57
		Skipping redundant alignment 1005 1076 | 308004 307933 | 72 72 | 95.83 | ef_ill_ef_contig19 contig_57
		Skipping redundant alignment 1137 1227 | 1013027 1013117 | 91 91 | 96.7 | ef_ill_ef_contig17 contig_57
		Skipping redundant alignment 1136 1256 | 1016105 1015985 | 121 121 | 95.87 | ef_ill_ef_contig19 contig_57
		Skipping redundant alignment 1005 1076 | 1016235 1016164 | 72 72 | 95.83 | ef_ill_ef_contig19 contig_57
		Skipping redundant alignment 1005 1076 | 1556644 1556715 | 72 72 | 95.83 | ef_ill_ef_contig19 contig_57
		Skipping redundant alignment 1136 1256 | 1556773 1556893 | 121 121 | 95.87 | ef_ill_ef_contig19 contig_57
		Skipping redundant alignment 1137 1227 | 1559768 1559678 | 91 91 | 96.7 | ef_ill_ef_contig17 contig_57
		Skipping redundant alignment 1005 1076 | 1650256 1650327 | 72 72 | 95.83 | ef_ill_ef_contig19 contig_57
		Skipping redundant alignment 1136 1256 | 1650386 1650506 | 121 121 | 95.87 | ef_ill_ef_contig19 contig_57
		Skipping redundant alignment 1137 1227 | 1653475 1653385 | 91 91 | 96.7 | ef_ill_ef_contig17 contig_57
		Skipping redundant alignment 1005 1076 | 1781369 1781440 | 72 72 | 95.83 | ef_ill_ef_contig19 contig_57
		Skipping redundant alignment 1136 1256 | 1781499 1781619 | 121 121 | 95.87 | ef_ill_ef_contig19 contig_57
		Skipping redundant alignment 1137 1227 | 1784494 1784404 | 91 91 | 96.7 | ef_ill_ef_contig17 contig_57
		Skipping redundant alignment 1005 1076 | 1822763 1822834 | 72 72 | 95.83 | ef_ill_ef_contig19 contig_57
		Skipping redundant alignment 1136 1256 | 1822893 1823013 | 121 121 | 95.87 | ef_ill_ef_contig19 contig_57
		Skipping redundant alignment 1137 1227 | 1825888 1825798 | 91 91 | 96.7 | ef_ill_ef_contig17 contig_57
		Skipping redundant alignment 1137 1227 | 2473734 2473644 | 91 91 | 96.7 | ef_ill_ef_contig17 contig_57
			The best set is below. Score: 198.0, number of alignments: 2, unaligned bases: 4764492
		This contig is misassembled.
		This contig is partially unaligned. (Aligned 214 out of 4764706 non-N bases (0.00%))
			Warning! This contig is more unaligned than misassembled. Contig length is 4764706 (number of Ns: 0) and total length of all aligns is 214
		Alignment: 1005 1076 | 2470518 2470589 | 72 72 | 95.83 | ef_ill_ef_contig19 contig_57
		Alignment: 1136 1277 | 2470647 2470788 | 142 142 | 90.85 | ef_ill_ef_contig19 contig_57
		Unaligned bases: 4764492

Analyzing coverage...
Writing SNPs into /media3/lucia/zymo_mock_community/asms_sin_cuantizar/asm_flye/metaquast-r10/runs_per_reference/ef_ill/contigs_reports/minimap_output/racon_r2_r10_3.used_snps.gz

Analysis is finished!
Founded SNPs were written into /media3/lucia/zymo_mock_community/asms_sin_cuantizar/asm_flye/metaquast-r10/runs_per_reference/ef_ill/contigs_reports/minimap_output/racon_r2_r10_3.used_snps.gz

Results:
	Local Misassemblies: 16
	Misassemblies: 1
		Relocations: 0
		Translocations: 1
		Inversions: 0
	Scaffold gap extensive misassemblies: 0
	Scaffold gap local misassemblies: 0
	Misassemblies caused by fragmented reference: 19
	Misassembled Contigs: 1
	Misassembled Contig Bases: 2845342
	Misassemblies Inter-Contig Overlap: 0
Unaligned Contigs: 0 + 6 part
Half Unaligned Contigs with Misassemblies: 6
Unaligned Contig Bases: 21085887

Ambiguously Mapped Contigs: 4
Total Bases in Ambiguously Mapped Contigs: 10494569
Extra Bases in Ambiguously Mapped Contigs: 0
Note that --allow-ambiguity option was set to "one" and only first alignment per each of these contigs was used.

	Covered Bases: 2818434

	SNPs: 6988
	Insertions: 474
	Deletions: 2096

