Aligning contigs to reference...
	Aligning contigs to the reference
Filtering alignments...
Parsing coords...
Loading reference...
	Loaded [ef_ill_ef_contig11]
	Loaded [ef_ill_ef_contig10]
	Loaded [ef_ill_ef_contig13]
	Loaded [ef_ill_ef_contig12]
	Loaded [ef_ill_ef_contig15]
	Loaded [ef_ill_ef_contig14]
	Loaded [ef_ill_ef_contig17]
	Loaded [ef_ill_ef_contig16]
	Loaded [ef_ill_ef_contig19]
	Loaded [ef_ill_ef_contig18]
	Loaded [ef_ill_ef_contig34]
	Loaded [ef_ill_ef_contig32]
	Loaded [ef_ill_ef_contig1]
	Loaded [ef_ill_ef_contig33]
	Loaded [ef_ill_ef_contig3]
	Loaded [ef_ill_ef_contig2]
	Loaded [ef_ill_ef_contig5]
	Loaded [ef_ill_ef_contig4]
	Loaded [ef_ill_ef_contig7]
	Loaded [ef_ill_ef_contig6]
	Loaded [ef_ill_ef_contig9]
	Loaded [ef_ill_ef_contig8]
	Loaded [ef_ill_ef_contig24]
	Loaded [ef_ill_ef_contig25]
	Loaded [ef_ill_ef_contig26]
	Loaded [ef_ill_ef_contig20]
	Loaded [ef_ill_ef_contig21]
	Loaded [ef_ill_ef_contig22]
	Loaded [ef_ill_ef_contig23]
	Loaded [ef_ill_ef_contig29]
	Total Regions: 30
	Total Region Length: 2820294
Analyzing contigs...
CONTIG: contig_14 (2845425bp)
Best alignment score: 596454.3 (LEN: 596514, IDY: 99.99), Total number of alignments: 88
			Looking for the best set of alignments (out of 88 total alignments)
			Skipping redundant alignments after choosing the best set of alignments
		Skipping redundant alignment 1 91 | 258350 258440 | 91 91 | 100.0 | ef_ill_ef_contig6 contig_14
		Skipping redundant alignment 1027333 1027525 | 258441 258249 | 193 193 | 98.96 | ef_ill_ef_contig1 contig_14
		Skipping redundant alignment 92 230 | 258483 258621 | 139 139 | 98.56 | ef_ill_ef_contig6 contig_14
		Skipping redundant alignment 231 304 | 258646 258719 | 74 74 | 95.95 | ef_ill_ef_contig6 contig_14
		Skipping redundant alignment 30 292 | 284932 284670 | 263 263 | 93.56 | ef_ill_ef_contig13 contig_14
		Skipping redundant alignment 107 235 | 297030 297158 | 129 129 | 100.0 | ef_ill_ef_contig6 contig_14
		Skipping redundant alignment 22911 23120 | 297247 297038 | 210 210 | 95.71 | ef_ill_ef_contig13 contig_14
		Skipping redundant alignment 155366 155480 | 454220 454334 | 115 115 | 95.65 | ef_ill_ef_contig7 contig_14
		Skipping redundant alignment 720 823 | 454335 454232 | 104 104 | 94.23 | ef_ill_ef_contig18 contig_14
		Skipping redundant alignment 86382 86532 | 595405 595255 | 151 151 | 98.68 | ef_ill_ef_contig8 contig_14
		Skipping redundant alignment 86382 86532 | 595774 595624 | 151 151 | 98.68 | ef_ill_ef_contig8 contig_14
		Skipping redundant alignment 86382 86532 | 596143 595993 | 151 151 | 98.68 | ef_ill_ef_contig8 contig_14
		Skipping redundant alignment 86382 86532 | 596512 596362 | 151 151 | 98.68 | ef_ill_ef_contig8 contig_14
		Skipping redundant alignment 86382 86532 | 596881 596731 | 151 151 | 99.34 | ef_ill_ef_contig8 contig_14
		Skipping redundant alignment 238751 238991 | 683198 683438 | 241 241 | 98.76 | ef_ill_ef_contig3 contig_14
		Skipping redundant alignment 701 775 | 685262 685336 | 75 75 | 100.0 | ef_ill_ef_contig21 contig_14
		Skipping redundant alignment 19101 19183 | 690194 690112 | 83 83 | 98.8 | ef_ill_ef_contig14 contig_14
		Skipping redundant alignment 997 1201 | 690206 690410 | 205 205 | 100.0 | ef_ill_ef_contig21 contig_14
		Skipping redundant alignment 1 77 | 970493 970569 | 77 77 | 100.0 | ef_ill_ef_contig6 contig_14
		Skipping redundant alignment 1027346 1027576 | 970571 970341 | 231 231 | 99.13 | ef_ill_ef_contig1 contig_14
		Skipping redundant alignment 78 235 | 970614 970771 | 158 158 | 99.37 | ef_ill_ef_contig6 contig_14
		Skipping redundant alignment 22954 23120 | 970817 970651 | 167 167 | 96.41 | ef_ill_ef_contig13 contig_14
		Skipping redundant alignment 701 775 | 1304501 1304575 | 75 75 | 100.0 | ef_ill_ef_contig21 contig_14
		Skipping redundant alignment 1027318 1027422 | 1666485 1666589 | 105 105 | 100.0 | ef_ill_ef_contig1 contig_14
		Skipping redundant alignment 1027427 1027553 | 1666650 1666776 | 127 127 | 99.21 | ef_ill_ef_contig1 contig_14
		Skipping redundant alignment 1 552 | 2262706 2263257 | 552 552 | 99.28 | ef_ill_ef_contig33 contig_14
		Skipping redundant alignment 645532 646246 | 2312896 2313628 | 715 733 | 90.5 | ef_ill_ef_contig1 contig_14
		Skipping redundant alignment 238692 238991 | 2816319 2816020 | 300 300 | 99.67 | ef_ill_ef_contig3 contig_14
		This contig has several significant sets of alignments. [An ambiguously mapped contig]
		Using only the very best set (option --ambiguity-usage is set to "one").
			The best set is below. Score: 2840507.8, number of alignments: 60, unaligned bases: 3582
		This contig is misassembled.
			Excluding internal overlap of size 55 between Alignment 1 and 2: 1 1514 | 1516 3 | 1514 1514 --> 56 1514 | 1461 3 | 1459 1459
			Real Alignment 1: 56 1514 | 1461 3 | 1459 1459 | 100.0 | ef_ill_ef_contig20 contig_14
			  Indel (> 5bp) between these two alignments: deletion of length 55; 0 mismatches (number of Ns: 0) [fragmentation of reference genome]
			Excluding internal overlap of size 51 between Alignment 2 and 3: 5 1834 | 240265 242094 | 1830 1830 --> 56 1834 | 240316 242094 | 1779 1779
			Real Alignment 2: 1 238991 | 1462 240315 | 238991 238854 | 99.94 | ef_ill_ef_contig3 contig_14
			  Indel (> 5bp) between these two alignments: deletion of length 55; 0 mismatches (number of Ns: 0) [fragmentation of reference genome]
			Real Alignment 3: 56 1834 | 240316 242094 | 1779 1779 | 99.78 | ef_ill_ef_contig19 contig_14
			  Not a misassembly [fragmentation of reference genome] between these two alignments
			Real Alignment 4: 1 848 | 242977 242130 | 848 848 | 100.0 | ef_ill_ef_contig25 contig_14
			  Not a misassembly [fragmentation of reference genome] between these two alignments
			Real Alignment 5: 1 2434 | 245412 242979 | 2434 2434 | 100.0 | ef_ill_ef_contig17 contig_14
			  Not a misassembly [fragmentation of reference genome] between these two alignments
			Real Alignment 6: 1 603 | 245420 246022 | 603 603 | 100.0 | ef_ill_ef_contig21 contig_14
			  Extensive misassembly (translocation) between these two alignments
			Real Alignment 7: 1 12238 | 246111 258346 | 12238 12236 | 99.98 | ef_ill_ef_contig16 contig_14
			  Not a misassembly [fragmentation of reference genome] between these two alignments
			Excluding internal overlap of size 55 between Alignment 8 and 9: 1 508 | 281571 282078 | 508 508 --> 56 508 | 281626 282078 | 453 453
			Real Alignment 8: 1 23120 | 281625 258506 | 23120 23120 | 100.0 | ef_ill_ef_contig13 contig_14
			  Indel (> 5bp) between these two alignments: deletion of length 55; 0 mismatches (number of Ns: 0) [fragmentation of reference genome]
			Excluding internal overlap of size 55 between Alignment 9 and 10: 56 508 | 281626 282078 | 453 453 --> 56 453 | 281626 282023 | 398 398
			Real Alignment 9: 56 453 | 281626 282023 | 398 398 | 100.0 | ef_ill_ef_contig34 contig_14
			  Indel (> 5bp) between these two alignments: deletion of length 55; 0 mismatches (number of Ns: 0) [fragmentation of reference genome]
			Excluding internal overlap of size 7 between Alignment 10 and 11: 1 869 | 282892 282024 | 869 869 --> 8 869 | 282885 282024 | 862 862
			Real Alignment 10: 8 869 | 282885 282024 | 862 862 | 100.0 | ef_ill_ef_contig24 contig_14
			  Indel (> 5bp) between these two alignments: deletion of length 7; 0 mismatches (number of Ns: 0) [fragmentation of reference genome]
			Excluding internal overlap of size 55 between Alignment 11 and 12: 1 1890 | 284775 282886 | 1890 1890 --> 56 1890 | 284720 282886 | 1835 1835
			Real Alignment 11: 56 1890 | 284720 282886 | 1835 1835 | 100.0 | ef_ill_ef_contig18 contig_14
			  Indel (> 5bp) between these two alignments: deletion of length 55; 0 mismatches (number of Ns: 0) [fragmentation of reference genome]
			Real Alignment 12: 1 12372 | 297092 284721 | 12372 12372 | 99.96 | ef_ill_ef_contig15 contig_14
			  Not a misassembly [fragmentation of reference genome] between these two alignments
			Excluding internal overlap of size 634 between Alignment 13 and 14: 1 20331 | 297128 317458 | 20331 20331 --> 1 19697 | 297128 316824 | 19697 19697
			Real Alignment 13: 1 19697 | 297128 316824 | 19697 19697 | 99.96 | ef_ill_ef_contig7 contig_14
			  Overlap between these two alignments (local misassembly). Inconsistency = -447
			Real Alignment 14: 19251 144089 | 316825 441660 | 124839 124836 | 99.93 | ef_ill_ef_contig7 contig_14
			  Gap between these two alignments (local misassembly). Inconsistency = -434
			Excluding internal overlap of size 42 between Alignment 15 and 16: 1 843 | 454286 453444 | 843 843 --> 1 801 | 454286 453486 | 801 801
			Real Alignment 15: 143678 155480 | 441683 453485 | 11803 11803 | 99.97 | ef_ill_ef_contig7 contig_14
			  Indel (> 5bp) between these two alignments: deletion of length 42; 0 mismatches (number of Ns: 0) [fragmentation of reference genome]
			Real Alignment 16: 1 801 | 454286 453486 | 801 801 | 100.0 | ef_ill_ef_contig26 contig_14
			  Not a misassembly [fragmentation of reference genome] between these two alignments
			Excluding internal overlap of size 55 between Alignment 17 and 18: 1 508 | 455183 455690 | 508 508 --> 56 508 | 455238 455690 | 453 453
			Real Alignment 17: 1 945 | 455237 454293 | 945 945 | 100.0 | ef_ill_ef_contig22 contig_14
			  Indel (> 5bp) between these two alignments: deletion of length 55; 0 mismatches (number of Ns: 0) [fragmentation of reference genome]
			Excluding internal overlap of size 55 between Alignment 18 and 19: 56 508 | 455238 455690 | 453 453 --> 56 453 | 455238 455635 | 398 398
			Real Alignment 18: 56 453 | 455238 455635 | 398 398 | 99.02 | ef_ill_ef_contig34 contig_14
			  Indel (> 5bp) between these two alignments: deletion of length 55; 0 mismatches (number of Ns: 0) [fragmentation of reference genome]
			Real Alignment 19: 54 869 | 456454 455636 | 816 819 | 92.51 | ef_ill_ef_contig24 contig_14
			  Gap between these two alignments (local misassembly). Inconsistency = 53 [fragmentation of reference genome]
			Real Alignment 20: 61774 106275 | 501147 456647 | 44502 44501 | 99.99 | ef_ill_ef_contig9 contig_14
			  Gap between these two alignments (local misassembly). Inconsistency = 0
			Excluding internal overlap of size 55 between Alignment 21 and 22: 1 648 | 562863 563510 | 648 648 --> 56 648 | 562918 563510 | 593 593
			Real Alignment 21: 1 61659 | 562917 501262 | 61659 61656 | 99.98 | ef_ill_ef_contig9 contig_14
			  Indel (> 5bp) between these two alignments: deletion of length 55; 0 mismatches (number of Ns: 0) [fragmentation of reference genome]
			Real Alignment 22: 56 648 | 562918 563510 | 593 593 | 100.0 | ef_ill_ef_contig29 contig_14
			  Not a misassembly [fragmentation of reference genome] between these two alignments
			Excluding internal overlap of size 55 between Alignment 23 and 24: 1 944 | 564598 563655 | 944 944 --> 56 944 | 564543 563655 | 889 889
			Real Alignment 23: 56 944 | 564543 563655 | 889 889 | 100.0 | ef_ill_ef_contig23 contig_14
			  Indel (> 5bp) between these two alignments: deletion of length 55; 0 mismatches (number of Ns: 0) [fragmentation of reference genome]
			Real Alignment 24: 86382 116874 | 595036 564544 | 30493 30493 | 100.0 | ef_ill_ef_contig8 contig_14
			  Gap between these two alignments (local misassembly). Inconsistency = 0
			Real Alignment 25: 85898 86123 | 595520 595295 | 226 226 | 100.0 | ef_ill_ef_contig8 contig_14
			  Gap between these two alignments (local misassembly). Inconsistency = -369
			Real Alignment 26: 85898 86123 | 595889 595664 | 226 226 | 100.0 | ef_ill_ef_contig8 contig_14
			  Gap between these two alignments (local misassembly). Inconsistency = -369
			Real Alignment 27: 85898 86123 | 596258 596033 | 226 226 | 100.0 | ef_ill_ef_contig8 contig_14
			  Gap between these two alignments (local misassembly). Inconsistency = -369
			Real Alignment 28: 85898 86123 | 596627 596402 | 226 226 | 100.0 | ef_ill_ef_contig8 contig_14
			  Gap between these two alignments (local misassembly). Inconsistency = -369
			Real Alignment 29: 85898 86123 | 596996 596771 | 226 226 | 99.56 | ef_ill_ef_contig8 contig_14
			  Gap between these two alignments (local misassembly). Inconsistency = -369
			Real Alignment 30: 1 86123 | 683261 597140 | 86123 86122 | 100.0 | ef_ill_ef_contig8 contig_14
			  Not a misassembly [fragmentation of reference genome] between these two alignments
			Real Alignment 31: 1 1834 | 683384 685217 | 1834 1834 | 99.95 | ef_ill_ef_contig19 contig_14
			  Not a misassembly [fragmentation of reference genome] between these two alignments
			Real Alignment 32: 1 848 | 686202 685355 | 848 848 | 100.0 | ef_ill_ef_contig25 contig_14
			  Not a misassembly [fragmentation of reference genome] between these two alignments
			Real Alignment 33: 1 2434 | 688637 686204 | 2434 2434 | 100.0 | ef_ill_ef_contig17 contig_14
			  Not a misassembly [fragmentation of reference genome] between these two alignments
			Real Alignment 34: 1 1201 | 688645 689845 | 1201 1201 | 99.83 | ef_ill_ef_contig21 contig_14
			  Not a misassembly [fragmentation of reference genome] between these two alignments
			Real Alignment 35: 1 156 | 689953 690108 | 156 156 | 100.0 | ef_ill_ef_contig2 contig_14
			  Gap between these two alignments (local misassembly). Inconsistency = 99
			Real Alignment 36: 266 344 | 690119 690197 | 79 79 | 100.0 | ef_ill_ef_contig2 contig_14
			  Gap between these two alignments (local misassembly). Inconsistency = -762
			Real Alignment 37: 1 279869 | 690616 970489 | 279869 279874 | 100.0 | ef_ill_ef_contig2 contig_14
			  Not a misassembly [fragmentation of reference genome] between these two alignments
			Real Alignment 38: 1 30337 | 970741 1001077 | 30337 30337 | 100.0 | ef_ill_ef_contig10 contig_14
			  Gap between these two alignments (local misassembly). Inconsistency = 0
			Excluding internal overlap of size 55 between Alignment 39 and 40: 1 648 | 1066078 1066725 | 648 648 --> 56 648 | 1066133 1066725 | 593 593
			Real Alignment 39: 30504 95391 | 1001244 1066132 | 64888 64889 | 100.0 | ef_ill_ef_contig10 contig_14
			  Indel (> 5bp) between these two alignments: deletion of length 55; 0 mismatches (number of Ns: 0) [fragmentation of reference genome]
			Real Alignment 40: 56 648 | 1066133 1066725 | 593 593 | 97.99 | ef_ill_ef_contig29 contig_14
			  Not a misassembly [fragmentation of reference genome] between these two alignments
			Excluding internal overlap of size 55 between Alignment 41 and 42: 1 944 | 1067813 1066870 | 944 944 --> 56 944 | 1067758 1066870 | 889 889
			Real Alignment 41: 56 944 | 1067758 1066870 | 889 889 | 99.05 | ef_ill_ef_contig23 contig_14
			  Indel (> 5bp) between these two alignments: deletion of length 55; 0 mismatches (number of Ns: 0) [fragmentation of reference genome]
			Excluding internal overlap of size 55 between Alignment 42 and 43: 1 1834 | 1302623 1304456 | 1834 1834 --> 56 1834 | 1302678 1304456 | 1779 1779
			Real Alignment 42: 1 234919 | 1302677 1067759 | 234919 234919 | 100.0 | ef_ill_ef_contig4 contig_14
			  Indel (> 5bp) between these two alignments: deletion of length 55; 0 mismatches (number of Ns: 0) [fragmentation of reference genome]
			Real Alignment 43: 56 1834 | 1302678 1304456 | 1779 1779 | 100.0 | ef_ill_ef_contig19 contig_14
			  Not a misassembly [fragmentation of reference genome] between these two alignments
			Real Alignment 44: 1 848 | 1305441 1304594 | 848 848 | 99.65 | ef_ill_ef_contig25 contig_14
			  Not a misassembly [fragmentation of reference genome] between these two alignments
			Excluding internal overlap of size 55 between Alignment 45 and 46: 1 2434 | 1307876 1305443 | 2434 2434 --> 56 2434 | 1307821 1305443 | 2379 2379
			Real Alignment 45: 56 2434 | 1307821 1305443 | 2379 2379 | 100.0 | ef_ill_ef_contig17 contig_14
			  Indel (> 5bp) between these two alignments: deletion of length 55; 0 mismatches (number of Ns: 0) [fragmentation of reference genome]
			Excluding internal overlap of size 55 between Alignment 46 and 47: 1 580 | 1327801 1327222 | 580 580 --> 1 525 | 1327801 1327277 | 525 525
			Real Alignment 46: 1 19455 | 1327276 1307822 | 19455 19455 | 100.0 | ef_ill_ef_contig14 contig_14
			  Indel (> 5bp) between these two alignments: deletion of length 55; 0 mismatches (number of Ns: 0) [fragmentation of reference genome]
			Excluding internal overlap of size 55 between Alignment 47 and 48: 1 525 | 1327801 1327277 | 525 525 --> 56 525 | 1327746 1327277 | 470 470
			Real Alignment 47: 56 525 | 1327746 1327277 | 470 470 | 99.66 | ef_ill_ef_contig32 contig_14
			  Indel (> 5bp) between these two alignments: deletion of length 55; 0 mismatches (number of Ns: 0) [fragmentation of reference genome]
			Excluding internal overlap of size 603 between Alignment 48 and 49: 1 28668 | 1327747 1356413 | 28668 28667 --> 1 28065 | 1327747 1355810 | 28065 28064
			Real Alignment 48: 1 28065 | 1327747 1355810 | 28065 28064 | 99.95 | ef_ill_ef_contig5 contig_14
			  Gap between these two alignments (local misassembly). Inconsistency = 141
			Excluding internal overlap of size 55 between Alignment 49 and 50: 1 1514 | 1507387 1508900 | 1514 1514 --> 56 1514 | 1507442 1508900 | 1459 1459
			Real Alignment 49: 28207 180004 | 1355811 1507441 | 151798 151631 | 99.87 | ef_ill_ef_contig5 contig_14
			  Indel (> 5bp) between these two alignments: deletion of length 55; 0 mismatches (number of Ns: 0) [fragmentation of reference genome]
			Excluding internal overlap of size 55 between Alignment 50 and 51: 56 1514 | 1507442 1508900 | 1459 1459 --> 56 1459 | 1507442 1508845 | 1404 1404
			Real Alignment 50: 56 1459 | 1507442 1508845 | 1404 1404 | 100.0 | ef_ill_ef_contig20 contig_14
			  Indel (> 5bp) between these two alignments: deletion of length 55; 0 mismatches (number of Ns: 0) [fragmentation of reference genome]
			Excluding internal overlap of size 55 between Alignment 51 and 52: 1 157742 | 1666591 1508846 | 157742 157746 --> 56 157742 | 1666536 1508846 | 157687 157691
			Real Alignment 51: 56 157742 | 1666536 1508846 | 157687 157691 | 100.0 | ef_ill_ef_contig6 contig_14
			  Indel (> 5bp) between these two alignments: deletion of length 55; 0 mismatches (number of Ns: 0) [fragmentation of reference genome]
			Excluding internal overlap of size 222 between Alignment 52 and 53: 595858 646258 | 2262829 2313229 | 50401 50401 --> 596080 646258 | 2263051 2313229 | 50179 50179
			Real Alignment 52: 1 596523 | 1666537 2263050 | 596523 596514 | 99.99 | ef_ill_ef_contig1 contig_14
			  Overlap between these two alignments (local misassembly). Inconsistency = -444
			Real Alignment 53: 596080 646258 | 2263051 2313229 | 50179 50179 | 99.92 | ef_ill_ef_contig1 contig_14
			  Gap between these two alignments (local misassembly). Inconsistency = -804
			Excluding internal overlap of size 55 between Alignment 54 and 55: 1 580 | 2763802 2764381 | 580 580 --> 56 580 | 2763857 2764381 | 525 525
			Real Alignment 54: 645532 1096084 | 2313307 2763856 | 450553 450550 | 99.99 | ef_ill_ef_contig1 contig_14
			  Indel (> 5bp) between these two alignments: deletion of length 55; 0 mismatches (number of Ns: 0) [fragmentation of reference genome]
			Excluding internal overlap of size 55 between Alignment 55 and 56: 56 580 | 2763857 2764381 | 525 525 --> 56 525 | 2763857 2764326 | 470 470
			Real Alignment 55: 56 525 | 2763857 2764326 | 470 470 | 100.0 | ef_ill_ef_contig32 contig_14
			  Indel (> 5bp) between these two alignments: deletion of length 55; 0 mismatches (number of Ns: 0) [fragmentation of reference genome]
			Excluding internal overlap of size 55 between Alignment 56 and 57: 1 2434 | 2810923 2813356 | 2434 2434 --> 56 2434 | 2810978 2813356 | 2379 2379
			Real Alignment 56: 1 46653 | 2764327 2810977 | 46653 46651 | 100.0 | ef_ill_ef_contig11 contig_14
			  Indel (> 5bp) between these two alignments: deletion of length 55; 0 mismatches (number of Ns: 0) [fragmentation of reference genome]
			Real Alignment 57: 56 2434 | 2810978 2813356 | 2379 2379 | 100.0 | ef_ill_ef_contig17 contig_14
			  Not a misassembly [fragmentation of reference genome] between these two alignments
			Real Alignment 58: 1 848 | 2813358 2814205 | 848 848 | 100.0 | ef_ill_ef_contig25 contig_14
			  Not a misassembly [fragmentation of reference genome] between these two alignments
			Real Alignment 59: 1 1834 | 2816074 2814241 | 1834 1834 | 99.95 | ef_ill_ef_contig19 contig_14
			  Not a misassembly [fragmentation of reference genome] between these two alignments
			Real Alignment 60: 1 29162 | 2816265 2845425 | 29162 29161 | 99.99 | ef_ill_ef_contig12 contig_14

CONTIG: contig_12 (2992056bp)
Best alignment score: 35769.0 (LEN: 35769, IDY: 100.00), Total number of alignments: 58
			Looking for the best set of alignments (out of 58 total alignments)
			Skipping redundant alignments after choosing the best set of alignments
		Skipping redundant alignment 423 516 | 1389553 1389646 | 94 94 | 93.62 | ef_ill_ef_contig21 contig_12
		Skipping redundant alignment 610 691 | 1389737 1389818 | 82 82 | 96.34 | ef_ill_ef_contig21 contig_12
		Skipping redundant alignment 697 773 | 1389829 1389905 | 77 77 | 98.7 | ef_ill_ef_contig21 contig_12
		Skipping redundant alignment 18924 18992 | 2103203 2103135 | 69 69 | 100.0 | ef_ill_ef_contig14 contig_12
		Skipping redundant alignment 18914 18992 | 2885751 2885829 | 79 79 | 98.73 | ef_ill_ef_contig14 contig_12
		Skipping redundant alignment 701 773 | 601338 601266 | 73 73 | 100.0 | ef_ill_ef_contig21 contig_12
		Skipping redundant alignment 701 773 | 1148162 1148234 | 73 73 | 100.0 | ef_ill_ef_contig21 contig_12
		Skipping redundant alignment 930055 930202 | 1211536 1211389 | 148 148 | 91.22 | ef_ill_ef_contig1 contig_12
		Skipping redundant alignment 454351 454551 | 1292029 1291829 | 201 201 | 91.04 | ef_ill_ef_contig1 contig_12
		This contig has several significant sets of alignments. [An ambiguously mapped contig]
		Using only the very best set (option --ambiguity-usage is set to "one").
			The best set is below. Score: 56616.0, number of alignments: 49, unaligned bases: 2929121
		This contig is misassembled.
		This contig is partially unaligned. (Aligned 62935 out of 2992056 non-N bases (2.10%))
			Warning! This contig is more unaligned than misassembled. Contig length is 2992056 (number of Ns: 0) and total length of all aligns is 62935
		Alignment: 328 2426 | 1 2112 | 2099 2112 | 90.13 | ef_ill_ef_contig17 contig_12
		Alignment: 47 293 | 2168 2414 | 247 247 | 92.31 | ef_ill_ef_contig25 contig_12
		Alignment: 386 515 | 2514 2643 | 130 130 | 91.54 | ef_ill_ef_contig25 contig_12
		Alignment: 543 680 | 2671 2808 | 138 138 | 93.48 | ef_ill_ef_contig25 contig_12
		Alignment: 245 1807 | 4610 3059 | 1563 1552 | 90.95 | ef_ill_ef_contig19 contig_12
		Alignment: 723747 759515 | 515988 480220 | 35769 35769 | 100.0 | ef_ill_ef_contig1 contig_12
		Alignment: 18241 18329 | 596615 596703 | 89 89 | 93.26 | ef_ill_ef_contig14 contig_12
		Alignment: 18341 18413 | 596750 596822 | 73 73 | 91.78 | ef_ill_ef_contig14 contig_12
		Alignment: 18437 18511 | 596917 596991 | 75 75 | 94.67 | ef_ill_ef_contig14 contig_12
		Alignment: 18712 18794 | 597192 597274 | 83 83 | 90.36 | ef_ill_ef_contig14 contig_12
		Alignment: 18914 18992 | 597368 597446 | 79 79 | 98.73 | ef_ill_ef_contig14 contig_12
		Alignment: 19002 19075 | 597550 597623 | 74 74 | 97.3 | ef_ill_ef_contig14 contig_12
		Alignment: 19096 19173 | 597674 597751 | 78 78 | 98.72 | ef_ill_ef_contig14 contig_12
		Alignment: 214 2426 | 598158 600382 | 2213 2225 | 90.0 | ef_ill_ef_contig17 contig_12
		Alignment: 47 293 | 600438 600684 | 247 247 | 92.31 | ef_ill_ef_contig25 contig_12
		Alignment: 386 515 | 600784 600913 | 130 130 | 91.54 | ef_ill_ef_contig25 contig_12
		Alignment: 543 680 | 600941 601078 | 138 138 | 93.48 | ef_ill_ef_contig25 contig_12
		Alignment: 82 155 | 601458 601385 | 74 74 | 100.0 | ef_ill_ef_contig2 contig_12
		Alignment: 245 1807 | 603131 601580 | 1563 1552 | 90.95 | ef_ill_ef_contig19 contig_12
		Alignment: 23996 24184 | 1098616 1098428 | 189 189 | 91.53 | ef_ill_ef_contig3 contig_12
		Alignment: 245 1807 | 1146369 1147920 | 1563 1552 | 91.07 | ef_ill_ef_contig19 contig_12
		Alignment: 82 155 | 1148042 1148115 | 74 74 | 100.0 | ef_ill_ef_contig2 contig_12
		Alignment: 543 680 | 1148559 1148422 | 138 138 | 93.48 | ef_ill_ef_contig25 contig_12
		Alignment: 386 515 | 1148716 1148587 | 130 130 | 91.54 | ef_ill_ef_contig25 contig_12
		Alignment: 47 293 | 1149062 1148816 | 247 247 | 92.31 | ef_ill_ef_contig25 contig_12
		Alignment: 214 2426 | 1151342 1149118 | 2213 2225 | 90.0 | ef_ill_ef_contig17 contig_12
		Alignment: 245 1807 | 1384171 1385722 | 1563 1552 | 90.95 | ef_ill_ef_contig19 contig_12
		Alignment: 543 680 | 1386110 1385973 | 138 138 | 93.48 | ef_ill_ef_contig25 contig_12
		Alignment: 386 515 | 1386267 1386138 | 130 130 | 91.54 | ef_ill_ef_contig25 contig_12
		Alignment: 47 293 | 1386613 1386367 | 247 247 | 92.31 | ef_ill_ef_contig25 contig_12
		Alignment: 214 2426 | 1388893 1386669 | 2213 2225 | 90.0 | ef_ill_ef_contig17 contig_12
		Alignment: 245 1807 | 1390190 1391741 | 1563 1552 | 91.01 | ef_ill_ef_contig19 contig_12
		Alignment: 543 680 | 1392129 1391992 | 138 138 | 93.48 | ef_ill_ef_contig25 contig_12
		Alignment: 386 515 | 1392286 1392157 | 130 130 | 91.54 | ef_ill_ef_contig25 contig_12
		Alignment: 47 293 | 1392632 1392386 | 247 247 | 92.31 | ef_ill_ef_contig25 contig_12
		Alignment: 214 2426 | 1394912 1392688 | 2213 2225 | 90.0 | ef_ill_ef_contig17 contig_12
		Alignment: 267 341 | 2885173 2885099 | 75 75 | 98.67 | ef_ill_ef_contig2 contig_12
		Alignment: 82 158 | 2885454 2885378 | 77 77 | 100.0 | ef_ill_ef_contig2 contig_12
		Alignment: 1 75 | 2885551 2885477 | 75 75 | 93.33 | ef_ill_ef_contig2 contig_12
		Alignment: 1107 1194 | 2885919 2885832 | 88 88 | 94.32 | ef_ill_ef_contig21 contig_12
		Alignment: 885 963 | 2886139 2886061 | 79 79 | 94.94 | ef_ill_ef_contig21 contig_12
		Alignment: 697 773 | 2886338 2886262 | 77 77 | 98.7 | ef_ill_ef_contig21 contig_12
		Alignment: 610 689 | 2886434 2886355 | 80 80 | 98.75 | ef_ill_ef_contig21 contig_12
		Alignment: 427 514 | 2886611 2886524 | 88 88 | 95.45 | ef_ill_ef_contig21 contig_12
		Alignment: 214 2426 | 2887272 2889496 | 2213 2225 | 90.0 | ef_ill_ef_contig17 contig_12
		Alignment: 47 293 | 2889552 2889798 | 247 247 | 92.31 | ef_ill_ef_contig25 contig_12
		Alignment: 386 515 | 2889898 2890027 | 130 130 | 91.54 | ef_ill_ef_contig25 contig_12
		Alignment: 543 680 | 2890055 2890192 | 138 138 | 93.48 | ef_ill_ef_contig25 contig_12
		Alignment: 245 1807 | 2891994 2890443 | 1563 1552 | 91.07 | ef_ill_ef_contig19 contig_12
		Unaligned bases: 2929121

CONTIG: contig_2 (4045599bp)
Best alignment score: 1006.0 (LEN: 1077, IDY: 93.41), Total number of alignments: 102
			Too much alignments (102), will use speed up heuristics
			Found 10 solid alignments:
		Solid alignment 730 1806 | 1482655 1481579 | 1077 1077 | 93.22 | ef_ill_ef_contig19 contig_2
		Solid alignment 730 1806 | 2555962 2557038 | 1077 1077 | 93.41 | ef_ill_ef_contig19 contig_2
		Solid alignment 730 1806 | 2576574 2577650 | 1077 1077 | 93.41 | ef_ill_ef_contig19 contig_2
		Solid alignment 730 1806 | 2636908 2637984 | 1077 1077 | 93.41 | ef_ill_ef_contig19 contig_2
		Solid alignment 730 1806 | 2642831 2643907 | 1077 1077 | 93.41 | ef_ill_ef_contig19 contig_2
		Solid alignment 730 1806 | 2707373 2708449 | 1077 1077 | 93.41 | ef_ill_ef_contig19 contig_2
		Solid alignment 730 1806 | 2712986 2714062 | 1077 1077 | 93.41 | ef_ill_ef_contig19 contig_2
		Solid alignment 730 1806 | 2717987 2719063 | 1077 1077 | 93.31 | ef_ill_ef_contig19 contig_2
		Solid alignment 730 1806 | 3171459 3172535 | 1077 1077 | 93.41 | ef_ill_ef_contig19 contig_2
		Solid alignment 730 1806 | 3464223 3465299 | 1077 1077 | 93.41 | ef_ill_ef_contig19 contig_2
			Skipping alignments located inside solid regions since they are redundant:
		Nothing was skipped
			Looking for the best set of alignments (out of 102 total alignments)
		Ambiguity for this contig is not checked for speed up (too much alignments and --ambiguity-usage is "one")
			Skipping redundant alignments after choosing the best set of alignments
		Skipping redundant alignment 269 341 | 1476306 1476234 | 73 73 | 98.63 | ef_ill_ef_contig2 contig_2
		Skipping redundant alignment 169 253 | 1476424 1476340 | 85 85 | 96.47 | ef_ill_ef_contig2 contig_2
		Skipping redundant alignment 19100 19173 | 3468906 3468833 | 74 74 | 98.65 | ef_ill_ef_contig14 contig_2
		Skipping redundant alignment 18438 18586 | 3469748 3469602 | 149 147 | 91.33 | ef_ill_ef_contig14 contig_2
		Skipping redundant alignment 91 157 | 2641467 2641533 | 67 67 | 91.04 | ef_ill_ef_contig21 contig_2
		Skipping redundant alignment 614 686 | 2641953 2642025 | 73 73 | 97.26 | ef_ill_ef_contig21 contig_2
		Skipping redundant alignment 690 773 | 2642026 2642109 | 84 84 | 97.62 | ef_ill_ef_contig21 contig_2
		Skipping redundant alignment 169 253 | 3071901 3071985 | 85 85 | 96.47 | ef_ill_ef_contig2 contig_2
		Skipping redundant alignment 19102 19173 | 2740436 2740365 | 72 72 | 98.61 | ef_ill_ef_contig14 contig_2
		Skipping redundant alignment 18438 18514 | 2740781 2740705 | 77 77 | 97.4 | ef_ill_ef_contig14 contig_2
		Skipping redundant alignment 699 773 | 2557219 2557293 | 75 75 | 100.0 | ef_ill_ef_contig21 contig_2
		Skipping redundant alignment 269 341 | 3072018 3072090 | 73 73 | 98.63 | ef_ill_ef_contig2 contig_2
		Skipping redundant alignment 24047 24196 | 2679207 2679058 | 150 150 | 92.0 | ef_ill_ef_contig3 contig_2
		Skipping redundant alignment 23237 23306 | 2680017 2679948 | 70 70 | 97.14 | ef_ill_ef_contig3 contig_2
		Skipping redundant alignment 699 773 | 2577831 2577905 | 75 75 | 100.0 | ef_ill_ef_contig21 contig_2
		Skipping redundant alignment 614 773 | 2712175 2712331 | 160 157 | 95.0 | ef_ill_ef_contig21 contig_2
			The best set is below. Score: 24730.1, number of alignments: 86, unaligned bases: 4013394
		This contig is misassembled.
		This contig is partially unaligned. (Aligned 32205 out of 4045599 non-N bases (0.80%))
			Warning! This contig is more unaligned than misassembled. Contig length is 4045599 (number of Ns: 0) and total length of all aligns is 32205
		Alignment: 889 963 | 1477287 1477213 | 75 75 | 100.0 | ef_ill_ef_contig21 contig_2
		Alignment: 793 867 | 1477368 1477294 | 75 75 | 96.0 | ef_ill_ef_contig21 contig_2
		Alignment: 696 773 | 1477463 1477386 | 78 78 | 98.72 | ef_ill_ef_contig21 contig_2
		Alignment: 614 690 | 1477540 1477464 | 77 77 | 94.81 | ef_ill_ef_contig21 contig_2
		Alignment: 341 413 | 1477817 1477745 | 73 73 | 93.15 | ef_ill_ef_contig21 contig_2
		Alignment: 323 923 | 1478596 1479196 | 601 601 | 95.51 | ef_ill_ef_contig17 contig_2
		Alignment: 933 1365 | 1479206 1479638 | 433 433 | 90.76 | ef_ill_ef_contig17 contig_2
		Alignment: 1919 2151 | 1480201 1480433 | 233 233 | 93.56 | ef_ill_ef_contig17 contig_2
		Alignment: 2249 2426 | 1480530 1480707 | 178 178 | 91.01 | ef_ill_ef_contig17 contig_2
		Alignment: 63 300 | 1480779 1481016 | 238 238 | 93.28 | ef_ill_ef_contig25 contig_2
		Alignment: 560 680 | 1481284 1481404 | 121 121 | 93.39 | ef_ill_ef_contig25 contig_2
		Alignment: 730 1806 | 1482655 1481579 | 1077 1077 | 93.22 | ef_ill_ef_contig19 contig_2
		Alignment: 455 714 | 1482931 1482672 | 260 260 | 91.92 | ef_ill_ef_contig19 contig_2
		Alignment: 19095 19173 | 2495623 2495701 | 79 79 | 97.47 | ef_ill_ef_contig14 contig_2
		Alignment: 530 714 | 2555761 2555945 | 185 185 | 95.68 | ef_ill_ef_contig19 contig_2
		Alignment: 730 1806 | 2555962 2557038 | 1077 1077 | 93.41 | ef_ill_ef_contig19 contig_2
		Alignment: 560 680 | 2557510 2557390 | 121 121 | 93.39 | ef_ill_ef_contig25 contig_2
		Alignment: 4 300 | 2558074 2557778 | 297 297 | 91.92 | ef_ill_ef_contig25 contig_2
		Alignment: 2249 2426 | 2558264 2558087 | 178 178 | 91.01 | ef_ill_ef_contig17 contig_2
		Alignment: 1919 2151 | 2558593 2558361 | 233 233 | 93.56 | ef_ill_ef_contig17 contig_2
		Alignment: 933 1365 | 2559588 2559156 | 433 433 | 90.76 | ef_ill_ef_contig17 contig_2
		Alignment: 323 923 | 2560198 2559598 | 601 601 | 95.51 | ef_ill_ef_contig17 contig_2
		Alignment: 455 714 | 2576298 2576557 | 260 260 | 91.54 | ef_ill_ef_contig19 contig_2
		Alignment: 730 1806 | 2576574 2577650 | 1077 1077 | 93.41 | ef_ill_ef_contig19 contig_2
		Alignment: 560 680 | 2578122 2578002 | 121 121 | 93.39 | ef_ill_ef_contig25 contig_2
		Alignment: 63 300 | 2578627 2578390 | 238 238 | 93.28 | ef_ill_ef_contig25 contig_2
		Alignment: 2249 2426 | 2578876 2578699 | 178 178 | 91.01 | ef_ill_ef_contig17 contig_2
		Alignment: 1919 2151 | 2579205 2578973 | 233 233 | 93.56 | ef_ill_ef_contig17 contig_2
		Alignment: 933 1365 | 2580200 2579768 | 433 433 | 90.76 | ef_ill_ef_contig17 contig_2
		Alignment: 323 923 | 2580810 2580210 | 601 601 | 95.51 | ef_ill_ef_contig17 contig_2
		Alignment: 455 714 | 2636632 2636891 | 260 260 | 91.92 | ef_ill_ef_contig19 contig_2
		Alignment: 730 1806 | 2636908 2637984 | 1077 1077 | 93.41 | ef_ill_ef_contig19 contig_2
		Alignment: 560 680 | 2638279 2638159 | 121 121 | 93.39 | ef_ill_ef_contig25 contig_2
		Alignment: 4 300 | 2638843 2638547 | 297 297 | 91.92 | ef_ill_ef_contig25 contig_2
		Alignment: 2249 2426 | 2639033 2638856 | 178 178 | 91.01 | ef_ill_ef_contig17 contig_2
		Alignment: 1919 2151 | 2639362 2639130 | 233 233 | 93.56 | ef_ill_ef_contig17 contig_2
		Alignment: 933 1365 | 2640357 2639925 | 433 433 | 90.76 | ef_ill_ef_contig17 contig_2
		Alignment: 323 923 | 2640967 2640367 | 601 601 | 95.51 | ef_ill_ef_contig17 contig_2
		Alignment: 455 714 | 2642555 2642814 | 260 260 | 91.92 | ef_ill_ef_contig19 contig_2
		Alignment: 730 1806 | 2642831 2643907 | 1077 1077 | 93.41 | ef_ill_ef_contig19 contig_2
		Alignment: 560 680 | 2644202 2644082 | 121 121 | 93.39 | ef_ill_ef_contig25 contig_2
		Alignment: 4 300 | 2644766 2644470 | 297 297 | 91.92 | ef_ill_ef_contig25 contig_2
		Alignment: 2249 2426 | 2644956 2644779 | 178 178 | 91.01 | ef_ill_ef_contig17 contig_2
		Alignment: 1919 2151 | 2645285 2645053 | 233 233 | 93.56 | ef_ill_ef_contig17 contig_2
		Alignment: 933 1365 | 2646280 2645848 | 433 433 | 90.76 | ef_ill_ef_contig17 contig_2
		Alignment: 323 923 | 2646890 2646290 | 601 601 | 95.51 | ef_ill_ef_contig17 contig_2
		Alignment: 455 714 | 2707097 2707356 | 260 260 | 91.92 | ef_ill_ef_contig19 contig_2
		Alignment: 730 1806 | 2707373 2708449 | 1077 1077 | 93.41 | ef_ill_ef_contig19 contig_2
		Alignment: 560 680 | 2708744 2708624 | 121 121 | 93.39 | ef_ill_ef_contig25 contig_2
		Alignment: 4 300 | 2709308 2709012 | 297 297 | 91.92 | ef_ill_ef_contig25 contig_2
		Alignment: 2249 2426 | 2709498 2709321 | 178 178 | 91.01 | ef_ill_ef_contig17 contig_2
		Alignment: 1919 2151 | 2709827 2709595 | 233 233 | 93.56 | ef_ill_ef_contig17 contig_2
		Alignment: 933 1365 | 2710822 2710390 | 433 433 | 90.76 | ef_ill_ef_contig17 contig_2
		Alignment: 323 923 | 2711432 2710832 | 601 601 | 95.51 | ef_ill_ef_contig17 contig_2
		Alignment: 455 714 | 2712710 2712969 | 260 260 | 91.92 | ef_ill_ef_contig19 contig_2
		Alignment: 730 1806 | 2712986 2714062 | 1077 1077 | 93.41 | ef_ill_ef_contig19 contig_2
		Alignment: 560 680 | 2714357 2714237 | 121 121 | 93.39 | ef_ill_ef_contig25 contig_2
		Alignment: 63 300 | 2714862 2714625 | 238 238 | 93.28 | ef_ill_ef_contig25 contig_2
		Alignment: 2249 2426 | 2715111 2714934 | 178 178 | 91.01 | ef_ill_ef_contig17 contig_2
		Alignment: 1919 2151 | 2715440 2715208 | 233 233 | 93.56 | ef_ill_ef_contig17 contig_2
		Alignment: 933 1365 | 2716435 2716003 | 433 433 | 90.76 | ef_ill_ef_contig17 contig_2
		Alignment: 323 923 | 2717045 2716445 | 601 601 | 95.51 | ef_ill_ef_contig17 contig_2
		Alignment: 455 714 | 2717711 2717970 | 260 260 | 91.92 | ef_ill_ef_contig19 contig_2
		Alignment: 730 1806 | 2717987 2719063 | 1077 1077 | 93.31 | ef_ill_ef_contig19 contig_2
		Alignment: 560 680 | 2719358 2719238 | 121 121 | 93.39 | ef_ill_ef_contig25 contig_2
		Alignment: 4 300 | 2719922 2719626 | 297 297 | 91.92 | ef_ill_ef_contig25 contig_2
		Alignment: 2249 2426 | 2720112 2719935 | 178 178 | 91.01 | ef_ill_ef_contig17 contig_2
		Alignment: 1919 2151 | 2720441 2720209 | 233 233 | 93.13 | ef_ill_ef_contig17 contig_2
		Alignment: 933 1365 | 2721436 2721004 | 433 433 | 90.76 | ef_ill_ef_contig17 contig_2
		Alignment: 323 923 | 2722046 2721446 | 601 601 | 95.51 | ef_ill_ef_contig17 contig_2
		Alignment: 455 714 | 3171183 3171442 | 260 260 | 91.92 | ef_ill_ef_contig19 contig_2
		Alignment: 730 1806 | 3171459 3172535 | 1077 1077 | 93.41 | ef_ill_ef_contig19 contig_2
		Alignment: 560 680 | 3172830 3172710 | 121 121 | 93.39 | ef_ill_ef_contig25 contig_2
		Alignment: 4 300 | 3173394 3173098 | 297 297 | 91.92 | ef_ill_ef_contig25 contig_2
		Alignment: 2249 2426 | 3173584 3173407 | 178 178 | 91.01 | ef_ill_ef_contig17 contig_2
		Alignment: 1919 2151 | 3173913 3173681 | 233 233 | 93.56 | ef_ill_ef_contig17 contig_2
		Alignment: 933 1365 | 3174908 3174476 | 433 433 | 90.76 | ef_ill_ef_contig17 contig_2
		Alignment: 323 923 | 3175518 3174918 | 601 601 | 95.34 | ef_ill_ef_contig17 contig_2
		Alignment: 455 714 | 3463947 3464206 | 260 260 | 91.92 | ef_ill_ef_contig19 contig_2
		Alignment: 730 1806 | 3464223 3465299 | 1077 1077 | 93.41 | ef_ill_ef_contig19 contig_2
		Alignment: 560 680 | 3465594 3465474 | 121 121 | 93.39 | ef_ill_ef_contig25 contig_2
		Alignment: 4 300 | 3466158 3465862 | 297 297 | 91.92 | ef_ill_ef_contig25 contig_2
		Alignment: 2249 2426 | 3466348 3466171 | 178 178 | 91.01 | ef_ill_ef_contig17 contig_2
		Alignment: 1919 2151 | 3466677 3466445 | 233 233 | 93.56 | ef_ill_ef_contig17 contig_2
		Alignment: 933 1365 | 3467672 3467240 | 433 433 | 90.76 | ef_ill_ef_contig17 contig_2
		Alignment: 323 923 | 3468282 3467682 | 601 601 | 95.51 | ef_ill_ef_contig17 contig_2
		Unaligned bases: 4013394

CONTIG: contig_6 (2719892bp)
Best alignment score: 1204.5 (LEN: 1313, IDY: 91.74), Total number of alignments: 77
			Looking for the best set of alignments (out of 77 total alignments)
			Skipping redundant alignments after choosing the best set of alignments
		Skipping redundant alignment 613 688 | 1218683 1218758 | 76 76 | 100.0 | ef_ill_ef_contig21 contig_6
		Skipping redundant alignment 699 767 | 1218779 1218847 | 69 69 | 98.55 | ef_ill_ef_contig21 contig_6
		Skipping redundant alignment 386 504 | 3177 3295 | 119 119 | 96.64 | ef_ill_ef_contig25 contig_6
		Skipping redundant alignment 563 681 | 2587249 2587367 | 119 119 | 94.12 | ef_ill_ef_contig25 contig_6
		Skipping redundant alignment 386 514 | 2587071 2587199 | 129 129 | 93.8 | ef_ill_ef_contig25 contig_6
		Skipping redundant alignment 386 504 | 116628 116746 | 119 119 | 96.64 | ef_ill_ef_contig25 contig_6
		Skipping redundant alignment 386 504 | 1226447 1226329 | 119 119 | 96.64 | ef_ill_ef_contig25 contig_6
		Skipping redundant alignment 23697 23812 | 1265501 1265386 | 116 116 | 93.1 | ef_ill_ef_contig3 contig_6
		Skipping redundant alignment 23547 23653 | 1265648 1265542 | 107 107 | 94.39 | ef_ill_ef_contig3 contig_6
		Skipping redundant alignment 106324 106445 | 2294781 2294902 | 122 122 | 91.8 | ef_ill_ef_contig6 contig_6
		This contig has several significant sets of alignments. [An ambiguously mapped contig]
		Using only the very best set (option --ambiguity-usage is set to "one").
			The best set is below. Score: 12308.5, number of alignments: 67, unaligned bases: 2703670
		This contig is misassembled.
		This contig is partially unaligned. (Aligned 16222 out of 2719892 non-N bases (0.60%))
			Warning! This contig is more unaligned than misassembled. Contig length is 2719892 (number of Ns: 0) and total length of all aligns is 16222
		Alignment: 325 630 | 667 972 | 306 306 | 94.12 | ef_ill_ef_contig17 contig_6
		Alignment: 631 721 | 976 1066 | 91 91 | 97.8 | ef_ill_ef_contig17 contig_6
		Alignment: 722 923 | 1068 1269 | 202 202 | 93.56 | ef_ill_ef_contig17 contig_6
		Alignment: 1019 1366 | 1365 1712 | 348 348 | 95.11 | ef_ill_ef_contig17 contig_6
		Alignment: 1921 2135 | 2276 2490 | 215 215 | 95.35 | ef_ill_ef_contig17 contig_6
		Alignment: 2165 2233 | 2520 2588 | 69 69 | 95.65 | ef_ill_ef_contig17 contig_6
		Alignment: 2249 2365 | 2603 2719 | 117 117 | 92.31 | ef_ill_ef_contig17 contig_6
		Alignment: 496 1806 | 5263 3951 | 1311 1313 | 91.74 | ef_ill_ef_contig19 contig_6
		Alignment: 325 721 | 114118 114514 | 397 397 | 94.96 | ef_ill_ef_contig17 contig_6
		Alignment: 722 923 | 114516 114717 | 202 202 | 94.06 | ef_ill_ef_contig17 contig_6
		Alignment: 1019 1366 | 114813 115160 | 348 348 | 95.11 | ef_ill_ef_contig17 contig_6
		Alignment: 1921 2135 | 115724 115938 | 215 215 | 95.35 | ef_ill_ef_contig17 contig_6
		Alignment: 2165 2233 | 115968 116036 | 69 69 | 95.65 | ef_ill_ef_contig17 contig_6
		Alignment: 2249 2365 | 116051 116167 | 117 117 | 92.31 | ef_ill_ef_contig17 contig_6
		Alignment: 1412 1806 | 117749 117355 | 395 395 | 90.63 | ef_ill_ef_contig19 contig_6
		Alignment: 1289 1407 | 117872 117754 | 119 119 | 96.64 | ef_ill_ef_contig19 contig_6
		Alignment: 1030 1282 | 118133 117881 | 253 253 | 95.65 | ef_ill_ef_contig19 contig_6
		Alignment: 734 1028 | 118428 118134 | 295 295 | 93.22 | ef_ill_ef_contig19 contig_6
		Alignment: 490 710 | 118672 118452 | 221 221 | 93.67 | ef_ill_ef_contig19 contig_6
		Alignment: 470 710 | 1174577 1174817 | 241 241 | 92.12 | ef_ill_ef_contig19 contig_6
		Alignment: 734 1282 | 1174841 1175389 | 549 549 | 94.35 | ef_ill_ef_contig19 contig_6
		Alignment: 1289 1407 | 1175398 1175516 | 119 119 | 96.64 | ef_ill_ef_contig19 contig_6
		Alignment: 1614 1787 | 1175722 1175895 | 174 174 | 92.53 | ef_ill_ef_contig19 contig_6
		Alignment: 386 504 | 1176658 1176540 | 119 119 | 96.64 | ef_ill_ef_contig25 contig_6
		Alignment: 4 288 | 1177046 1176762 | 285 285 | 90.18 | ef_ill_ef_contig25 contig_6
		Alignment: 2249 2365 | 1177234 1177118 | 117 117 | 92.31 | ef_ill_ef_contig17 contig_6
		Alignment: 2165 2233 | 1177317 1177249 | 69 69 | 95.65 | ef_ill_ef_contig17 contig_6
		Alignment: 1921 2135 | 1177561 1177347 | 215 215 | 95.35 | ef_ill_ef_contig17 contig_6
		Alignment: 1019 1366 | 1178473 1178126 | 348 348 | 95.11 | ef_ill_ef_contig17 contig_6
		Alignment: 722 923 | 1178770 1178569 | 202 202 | 94.06 | ef_ill_ef_contig17 contig_6
		Alignment: 325 721 | 1179168 1178772 | 397 397 | 94.96 | ef_ill_ef_contig17 contig_6
		Alignment: 470 710 | 1219197 1219437 | 241 241 | 91.7 | ef_ill_ef_contig19 contig_6
		Alignment: 734 1282 | 1219461 1220009 | 549 549 | 94.35 | ef_ill_ef_contig19 contig_6
		Alignment: 1289 1407 | 1220018 1220136 | 119 119 | 96.64 | ef_ill_ef_contig19 contig_6
		Alignment: 1614 1806 | 1220342 1220534 | 193 193 | 93.26 | ef_ill_ef_contig19 contig_6
		Alignment: 386 504 | 1221219 1221101 | 119 119 | 96.64 | ef_ill_ef_contig25 contig_6
		Alignment: 4 285 | 1221608 1221327 | 282 282 | 90.07 | ef_ill_ef_contig25 contig_6
		Alignment: 2249 2365 | 1221798 1221682 | 117 117 | 92.31 | ef_ill_ef_contig17 contig_6
		Alignment: 2165 2233 | 1221881 1221813 | 69 69 | 95.65 | ef_ill_ef_contig17 contig_6
		Alignment: 1921 2135 | 1222125 1221911 | 215 215 | 95.35 | ef_ill_ef_contig17 contig_6
		Alignment: 1019 1366 | 1223037 1222690 | 348 348 | 95.11 | ef_ill_ef_contig17 contig_6
		Alignment: 325 923 | 1223731 1223133 | 599 599 | 94.66 | ef_ill_ef_contig17 contig_6
		Alignment: 470 710 | 1224457 1224697 | 241 241 | 92.12 | ef_ill_ef_contig19 contig_6
		Alignment: 734 1282 | 1224721 1225269 | 549 549 | 94.35 | ef_ill_ef_contig19 contig_6
		Alignment: 1289 1407 | 1225278 1225396 | 119 119 | 96.64 | ef_ill_ef_contig19 contig_6
		Alignment: 1412 1806 | 1225401 1225795 | 395 395 | 90.38 | ef_ill_ef_contig19 contig_6
		Alignment: 2249 2365 | 1227024 1226908 | 117 117 | 92.31 | ef_ill_ef_contig17 contig_6
		Alignment: 2165 2233 | 1227107 1227039 | 69 69 | 95.65 | ef_ill_ef_contig17 contig_6
		Alignment: 1921 2135 | 1227351 1227137 | 215 215 | 95.35 | ef_ill_ef_contig17 contig_6
		Alignment: 1019 1366 | 1228262 1227915 | 348 348 | 95.11 | ef_ill_ef_contig17 contig_6
		Alignment: 722 923 | 1228559 1228358 | 202 202 | 93.56 | ef_ill_ef_contig17 contig_6
		Alignment: 325 671 | 1228959 1228613 | 347 347 | 94.52 | ef_ill_ef_contig17 contig_6
		Alignment: 890 964 | 2583354 2583280 | 75 75 | 93.33 | ef_ill_ef_contig21 contig_6
		Alignment: 691 773 | 2583563 2583481 | 83 83 | 93.98 | ef_ill_ef_contig21 contig_6
		Alignment: 610 689 | 2583648 2583569 | 80 80 | 100.0 | ef_ill_ef_contig21 contig_6
		Alignment: 428 521 | 2583836 2583743 | 94 94 | 95.74 | ef_ill_ef_contig21 contig_6
		Alignment: 85 157 | 2584083 2584011 | 73 73 | 91.78 | ef_ill_ef_contig21 contig_6
		Alignment: 325 722 | 2584561 2584958 | 398 398 | 94.97 | ef_ill_ef_contig17 contig_6
		Alignment: 723 923 | 2584960 2585160 | 201 201 | 93.53 | ef_ill_ef_contig17 contig_6
		Alignment: 1019 1366 | 2585256 2585603 | 348 348 | 95.11 | ef_ill_ef_contig17 contig_6
		Alignment: 1921 2135 | 2586167 2586381 | 215 215 | 95.35 | ef_ill_ef_contig17 contig_6
		Alignment: 2165 2233 | 2586411 2586479 | 69 69 | 95.65 | ef_ill_ef_contig17 contig_6
		Alignment: 2249 2365 | 2586494 2586610 | 117 117 | 92.31 | ef_ill_ef_contig17 contig_6
		Alignment: 1289 1407 | 2588365 2588247 | 119 119 | 96.64 | ef_ill_ef_contig19 contig_6
		Alignment: 1034 1282 | 2588622 2588374 | 249 249 | 95.98 | ef_ill_ef_contig19 contig_6
		Alignment: 734 1033 | 2588923 2588624 | 300 300 | 93.0 | ef_ill_ef_contig19 contig_6
		Alignment: 490 710 | 2589167 2588947 | 221 221 | 93.21 | ef_ill_ef_contig19 contig_6
		Unaligned bases: 2703670

CONTIG: contig_15 (1948619bp)
Best alignment score: 2003.7 (LEN: 2205, IDY: 90.87), Total number of alignments: 32
			Looking for the best set of alignments (out of 32 total alignments)
			Skipping redundant alignments after choosing the best set of alignments
		Skipping redundant alignment 1 231 | 236784 237005 | 231 222 | 90.91 | ef_ill_ef_contig2 contig_15
		Skipping redundant alignment 561 680 | 1823577 1823458 | 120 120 | 92.5 | ef_ill_ef_contig25 contig_15
		Skipping redundant alignment 378 537 | 1823761 1823602 | 160 160 | 90.0 | ef_ill_ef_contig25 contig_15
		This contig has several significant sets of alignments. [An ambiguously mapped contig]
		Using only the very best set (option --ambiguity-usage is set to "one").
			The best set is below. Score: 15388.6, number of alignments: 29, unaligned bases: 1928803
		This contig is misassembled.
		This contig is partially unaligned. (Aligned 19816 out of 1948619 non-N bases (1.02%))
			Warning! This contig is more unaligned than misassembled. Contig length is 1948619 (number of Ns: 0) and total length of all aligns is 19816
		Alignment: 481 1808 | 230971 232308 | 1328 1338 | 90.11 | ef_ill_ef_contig19 contig_15
		Alignment: 561 680 | 232628 232509 | 120 120 | 92.5 | ef_ill_ef_contig25 contig_15
		Alignment: 378 537 | 232812 232653 | 160 160 | 90.0 | ef_ill_ef_contig25 contig_15
		Alignment: 47 292 | 233148 232903 | 246 246 | 90.24 | ef_ill_ef_contig25 contig_15
		Alignment: 215 2419 | 235417 233213 | 2205 2205 | 90.73 | ef_ill_ef_contig17 contig_15
		Alignment: 353 423 | 235877 235947 | 71 71 | 91.55 | ef_ill_ef_contig21 contig_15
		Alignment: 424 514 | 235951 236041 | 91 91 | 93.41 | ef_ill_ef_contig21 contig_15
		Alignment: 613 688 | 236126 236201 | 76 76 | 94.74 | ef_ill_ef_contig21 contig_15
		Alignment: 793 871 | 236231 236309 | 79 79 | 97.47 | ef_ill_ef_contig21 contig_15
		Alignment: 888 964 | 236322 236398 | 77 77 | 94.81 | ef_ill_ef_contig21 contig_15
		Alignment: 215 2419 | 1044574 1046778 | 2205 2205 | 90.78 | ef_ill_ef_contig17 contig_15
		Alignment: 47 292 | 1046843 1047088 | 246 246 | 90.24 | ef_ill_ef_contig25 contig_15
		Alignment: 378 537 | 1047179 1047338 | 160 160 | 90.0 | ef_ill_ef_contig25 contig_15
		Alignment: 561 680 | 1047363 1047482 | 120 120 | 91.67 | ef_ill_ef_contig25 contig_15
		Alignment: 481 1808 | 1049205 1047878 | 1328 1328 | 90.71 | ef_ill_ef_contig19 contig_15
		Alignment: 481 1808 | 1709312 1710639 | 1328 1328 | 90.79 | ef_ill_ef_contig19 contig_15
		Alignment: 561 680 | 1710960 1710841 | 120 120 | 91.67 | ef_ill_ef_contig25 contig_15
		Alignment: 378 537 | 1711144 1710985 | 160 160 | 90.0 | ef_ill_ef_contig25 contig_15
		Alignment: 47 292 | 1711480 1711235 | 246 246 | 90.24 | ef_ill_ef_contig25 contig_15
		Alignment: 215 2419 | 1713749 1711545 | 2205 2205 | 90.87 | ef_ill_ef_contig17 contig_15
		Alignment: 481 1808 | 1744837 1746164 | 1328 1328 | 90.71 | ef_ill_ef_contig19 contig_15
		Alignment: 561 680 | 1746484 1746365 | 120 120 | 92.5 | ef_ill_ef_contig25 contig_15
		Alignment: 47 292 | 1747004 1746759 | 246 246 | 90.24 | ef_ill_ef_contig25 contig_15
		Alignment: 215 2419 | 1749273 1747069 | 2205 2205 | 90.82 | ef_ill_ef_contig17 contig_15
		Alignment: 242 309 | 1821480 1821547 | 68 68 | 95.59 | ef_ill_ef_contig19 contig_15
		Alignment: 736 1255 | 1821989 1822508 | 520 520 | 93.08 | ef_ill_ef_contig19 contig_15
		Alignment: 1264 1517 | 1822517 1822770 | 254 254 | 91.73 | ef_ill_ef_contig19 contig_15
		Alignment: 1521 1808 | 1822774 1823061 | 288 288 | 92.71 | ef_ill_ef_contig19 contig_15
		Alignment: 215 2419 | 1826367 1824162 | 2205 2206 | 90.44 | ef_ill_ef_contig17 contig_15
		Unaligned bases: 1928803

CONTIG: contig_56 (4758968bp)
Best alignment score: 131.0 (LEN: 142, IDY: 92.25), Total number of alignments: 15
			Looking for the best set of alignments (out of 15 total alignments)
			Skipping redundant alignments after choosing the best set of alignments
		Skipping redundant alignment 1137 1227 | 807585 807675 | 91 91 | 96.7 | ef_ill_ef_contig17 contig_56
		Skipping redundant alignment 1005 1076 | 810713 810642 | 72 72 | 95.83 | ef_ill_ef_contig19 contig_56
		Skipping redundant alignment 1137 1227 | 1473897 1473987 | 91 91 | 96.7 | ef_ill_ef_contig17 contig_56
		Skipping redundant alignment 1005 1076 | 1477024 1476953 | 72 72 | 95.83 | ef_ill_ef_contig19 contig_56
		Skipping redundant alignment 1005 1076 | 1993463 1993534 | 72 72 | 95.83 | ef_ill_ef_contig19 contig_56
		Skipping redundant alignment 1137 1227 | 1996750 1996660 | 91 91 | 96.7 | ef_ill_ef_contig17 contig_56
		Skipping redundant alignment 1005 1076 | 2088556 2088627 | 72 72 | 95.83 | ef_ill_ef_contig19 contig_56
		Skipping redundant alignment 1137 1227 | 2091683 2091593 | 91 91 | 96.7 | ef_ill_ef_contig17 contig_56
		Skipping redundant alignment 1005 1076 | 2243798 2243869 | 72 72 | 95.83 | ef_ill_ef_contig19 contig_56
		Skipping redundant alignment 1137 1227 | 2247084 2246994 | 91 91 | 96.7 | ef_ill_ef_contig17 contig_56
		Skipping redundant alignment 1005 1076 | 2286712 2286783 | 72 72 | 95.83 | ef_ill_ef_contig19 contig_56
		Skipping redundant alignment 1137 1227 | 2289840 2289750 | 91 91 | 96.7 | ef_ill_ef_contig17 contig_56
		Skipping redundant alignment 1137 1227 | 3039677 3039587 | 91 91 | 96.7 | ef_ill_ef_contig17 contig_56
			The best set is below. Score: 200.0, number of alignments: 2, unaligned bases: 4758754
		This contig is misassembled.
		This contig is partially unaligned. (Aligned 214 out of 4758968 non-N bases (0.00%))
			Warning! This contig is more unaligned than misassembled. Contig length is 4758968 (number of Ns: 0) and total length of all aligns is 214
		Alignment: 1005 1076 | 3036291 3036362 | 72 72 | 95.83 | ef_ill_ef_contig19 contig_56
		Alignment: 1115 1256 | 3036400 3036541 | 142 142 | 92.25 | ef_ill_ef_contig19 contig_56
		Unaligned bases: 4758754

CONTIG: contig_57 (4765940bp)
Best alignment score: 129.0 (LEN: 142, IDY: 90.85), Total number of alignments: 21
			Looking for the best set of alignments (out of 21 total alignments)
			Skipping redundant alignments after choosing the best set of alignments
		Skipping redundant alignment 1137 1227 | 304832 304922 | 91 91 | 96.7 | ef_ill_ef_contig17 contig_57
		Skipping redundant alignment 1136 1256 | 307904 307784 | 121 121 | 95.87 | ef_ill_ef_contig19 contig_57
		Skipping redundant alignment 1005 1076 | 308034 307963 | 72 72 | 95.83 | ef_ill_ef_contig19 contig_57
		Skipping redundant alignment 1137 1227 | 1013172 1013262 | 91 91 | 96.7 | ef_ill_ef_contig17 contig_57
		Skipping redundant alignment 1136 1256 | 1016251 1016131 | 121 121 | 95.87 | ef_ill_ef_contig19 contig_57
		Skipping redundant alignment 1005 1076 | 1016381 1016310 | 72 72 | 95.83 | ef_ill_ef_contig19 contig_57
		Skipping redundant alignment 1005 1076 | 1557381 1557452 | 72 72 | 95.83 | ef_ill_ef_contig19 contig_57
		Skipping redundant alignment 1136 1256 | 1557511 1557631 | 121 121 | 95.87 | ef_ill_ef_contig19 contig_57
		Skipping redundant alignment 1137 1227 | 1560507 1560417 | 91 91 | 96.7 | ef_ill_ef_contig17 contig_57
		Skipping redundant alignment 1005 1076 | 1651002 1651073 | 72 72 | 95.83 | ef_ill_ef_contig19 contig_57
		Skipping redundant alignment 1136 1256 | 1651132 1651252 | 121 121 | 95.87 | ef_ill_ef_contig19 contig_57
		Skipping redundant alignment 1137 1227 | 1654222 1654132 | 91 91 | 96.7 | ef_ill_ef_contig17 contig_57
		Skipping redundant alignment 1005 1076 | 1782132 1782203 | 72 72 | 95.83 | ef_ill_ef_contig19 contig_57
		Skipping redundant alignment 1136 1256 | 1782262 1782382 | 121 121 | 95.87 | ef_ill_ef_contig19 contig_57
		Skipping redundant alignment 1137 1227 | 1785258 1785168 | 91 91 | 96.7 | ef_ill_ef_contig17 contig_57
		Skipping redundant alignment 1005 1076 | 1823536 1823607 | 72 72 | 95.83 | ef_ill_ef_contig19 contig_57
		Skipping redundant alignment 1136 1256 | 1823666 1823786 | 121 121 | 95.87 | ef_ill_ef_contig19 contig_57
		Skipping redundant alignment 1137 1227 | 1826662 1826572 | 91 91 | 96.7 | ef_ill_ef_contig17 contig_57
		Skipping redundant alignment 1137 1227 | 2474595 2474505 | 91 91 | 96.7 | ef_ill_ef_contig17 contig_57
			The best set is below. Score: 198.0, number of alignments: 2, unaligned bases: 4765726
		This contig is misassembled.
		This contig is partially unaligned. (Aligned 214 out of 4765940 non-N bases (0.00%))
			Warning! This contig is more unaligned than misassembled. Contig length is 4765940 (number of Ns: 0) and total length of all aligns is 214
		Alignment: 1005 1076 | 2471376 2471447 | 72 72 | 95.83 | ef_ill_ef_contig19 contig_57
		Alignment: 1136 1277 | 2471506 2471647 | 142 142 | 90.85 | ef_ill_ef_contig19 contig_57
		Unaligned bases: 4765726

Analyzing coverage...
Writing SNPs into /media3/lucia/zymo_mock_community/asms_sin_cuantizar/asm_flye/metaquast-r10/runs_per_reference/ef_ill/contigs_reports/minimap_output/MP_r10_3.used_snps.gz

Analysis is finished!
Founded SNPs were written into /media3/lucia/zymo_mock_community/asms_sin_cuantizar/asm_flye/metaquast-r10/runs_per_reference/ef_ill/contigs_reports/minimap_output/MP_r10_3.used_snps.gz

Results:
	Local Misassemblies: 16
	Misassemblies: 1
		Relocations: 0
		Translocations: 1
		Inversions: 0
	Scaffold gap extensive misassemblies: 0
	Scaffold gap local misassemblies: 0
	Misassemblies caused by fragmented reference: 19
	Misassembled Contigs: 1
	Misassembled Contig Bases: 2845425
	Misassemblies Inter-Contig Overlap: 0
Unaligned Contigs: 0 + 6 part
Half Unaligned Contigs with Misassemblies: 6
Unaligned Contig Bases: 21099468

Ambiguously Mapped Contigs: 4
Total Bases in Ambiguously Mapped Contigs: 10505992
Extra Bases in Ambiguously Mapped Contigs: 0
Note that --allow-ambiguity option was set to "one" and only first alignment per each of these contigs was used.

	Covered Bases: 2818434

	SNPs: 6996
	Insertions: 450
	Deletions: 1951

