Aligning contigs to reference...
	Aligning contigs to the reference
Filtering alignments...
Parsing coords...
Loading reference...
	Loaded [pa_ill_pa_contig77]
	Loaded [pa_ill_pa_contig76]
	Loaded [pa_ill_pa_contig75]
	Loaded [pa_ill_pa_contig74]
	Loaded [pa_ill_pa_contig73]
	Loaded [pa_ill_pa_contig72]
	Loaded [pa_ill_pa_contig71]
	Loaded [pa_ill_pa_contig70]
	Loaded [pa_ill_pa_contig23]
	Loaded [pa_ill_pa_contig21]
	Loaded [pa_ill_pa_contig28]
	Loaded [pa_ill_pa_contig79]
	Loaded [pa_ill_pa_contig78]
	Loaded [pa_ill_pa_contig32]
	Loaded [pa_ill_pa_contig8]
	Loaded [pa_ill_pa_contig41]
	Loaded [pa_ill_pa_contig47]
	Loaded [pa_ill_pa_contig4]
	Loaded [pa_ill_pa_contig13]
	Loaded [pa_ill_pa_contig11]
	Loaded [pa_ill_pa_contig10]
	Loaded [pa_ill_pa_contig39]
	Loaded [pa_ill_pa_contig12]
	Loaded [pa_ill_pa_contig59]
	Loaded [pa_ill_pa_contig14]
	Loaded [pa_ill_pa_contig17]
	Loaded [pa_ill_pa_contig16]
	Loaded [pa_ill_pa_contig55]
	Loaded [pa_ill_pa_contig54]
	Loaded [pa_ill_pa_contig31]
	Loaded [pa_ill_pa_contig56]
	Loaded [pa_ill_pa_contig51]
	Loaded [pa_ill_pa_contig50]
	Loaded [pa_ill_pa_contig35]
	Loaded [pa_ill_pa_contig34]
	Loaded [pa_ill_pa_contig60]
	Loaded [pa_ill_pa_contig61]
	Loaded [pa_ill_pa_contig62]
	Loaded [pa_ill_pa_contig63]
	Loaded [pa_ill_pa_contig64]
	Loaded [pa_ill_pa_contig65]
	Loaded [pa_ill_pa_contig66]
	Loaded [pa_ill_pa_contig67]
	Loaded [pa_ill_pa_contig68]
	Loaded [pa_ill_pa_contig69]
	Loaded [pa_ill_pa_contig80]
	Loaded [pa_ill_pa_contig81]
	Loaded [pa_ill_pa_contig84]
	Loaded [pa_ill_pa_contig19]
	Loaded [pa_ill_pa_contig83]
	Loaded [pa_ill_pa_contig2]
	Loaded [pa_ill_pa_contig18]
	Loaded [pa_ill_pa_contig5]
	Loaded [pa_ill_pa_contig57]
	Loaded [pa_ill_pa_contig58]
	Loaded [pa_ill_pa_contig15]
	Loaded [pa_ill_pa_contig1]
	Loaded [pa_ill_pa_contig45]
	Loaded [pa_ill_pa_contig3]
	Loaded [pa_ill_pa_contig30]
	Loaded [pa_ill_pa_contig33]
	Loaded [pa_ill_pa_contig38]
	Loaded [pa_ill_pa_contig7]
	Loaded [pa_ill_pa_contig6]
	Loaded [pa_ill_pa_contig9]
	Loaded [pa_ill_pa_contig37]
	Loaded [pa_ill_pa_contig36]
	Loaded [pa_ill_pa_contig24]
	Loaded [pa_ill_pa_contig25]
	Loaded [pa_ill_pa_contig26]
	Loaded [pa_ill_pa_contig27]
	Loaded [pa_ill_pa_contig20]
	Loaded [pa_ill_pa_contig53]
	Loaded [pa_ill_pa_contig48]
	Loaded [pa_ill_pa_contig49]
	Loaded [pa_ill_pa_contig46]
	Loaded [pa_ill_pa_contig22]
	Loaded [pa_ill_pa_contig44]
	Loaded [pa_ill_pa_contig52]
	Loaded [pa_ill_pa_contig42]
	Loaded [pa_ill_pa_contig43]
	Loaded [pa_ill_pa_contig40]
	Loaded [pa_ill_pa_contig29]
	Total Regions: 83
	Total Region Length: 6728151
Analyzing contigs...
CONTIG: contig_108 (6792242bp)
Best alignment score: 847605.2 (LEN: 847690, IDY: 99.99), Total number of alignments: 154
			Too much alignments (154), will use speed up heuristics
			Found 105 solid alignments:
		Solid alignment 46754 47071 | 3 320 | 318 318 | 98.43 | pa_ill_pa_contig35 contig_108
		Solid alignment 1 2207 | 3204 998 | 2207 2207 | 99.82 | pa_ill_pa_contig55 contig_108
		Solid alignment 1 232544 | 3150 235720 | 232544 232571 | 99.98 | pa_ill_pa_contig10 contig_108
		Solid alignment 1 1874 | 235593 237466 | 1874 1874 | 100.0 | pa_ill_pa_contig57 contig_108
		Solid alignment 232388 237415 | 237311 242337 | 5028 5027 | 99.96 | pa_ill_pa_contig10 contig_108
		Solid alignment 1235 3722 | 244770 242283 | 2488 2488 | 99.6 | pa_ill_pa_contig48 contig_108
		Solid alignment 1 1079 | 246004 244926 | 1079 1079 | 99.81 | pa_ill_pa_contig48 contig_108
		Solid alignment 1 956 | 245950 246905 | 956 956 | 100.0 | pa_ill_pa_contig70 contig_108
		Solid alignment 1 3064 | 249914 246851 | 3064 3064 | 99.71 | pa_ill_pa_contig51 contig_108
		Solid alignment 92967 210873 | 367766 249860 | 117907 117907 | 99.98 | pa_ill_pa_contig11 contig_108
		Solid alignment 1 93281 | 460623 367342 | 93281 93282 | 99.99 | pa_ill_pa_contig11 contig_108
		Solid alignment 1 985 | 460569 461553 | 985 985 | 99.49 | pa_ill_pa_contig69 contig_108
		Solid alignment 1 48969 | 461499 510468 | 48969 48970 | 99.98 | pa_ill_pa_contig34 contig_108
		Solid alignment 1 5713 | 510414 516126 | 5713 5713 | 99.93 | pa_ill_pa_contig44 contig_108
		Solid alignment 1 106324 | 622397 516072 | 106324 106326 | 100.0 | pa_ill_pa_contig22 contig_108
		Solid alignment 1 90153 | 712926 622773 | 90153 90154 | 100.0 | pa_ill_pa_contig23 contig_108
		Solid alignment 1 1197 | 712872 714067 | 1197 1196 | 99.75 | pa_ill_pa_contig67 contig_108
		Solid alignment 1 465790 | 714013 1179673 | 465790 465661 | 99.96 | pa_ill_pa_contig3 contig_108
		Solid alignment 1 2514 | 1179619 1182131 | 2514 2513 | 99.64 | pa_ill_pa_contig54 contig_108
		Solid alignment 1 868 | 1182583 1183450 | 868 868 | 99.54 | pa_ill_pa_contig74 contig_108
		Solid alignment 1 119004 | 1184254 1303259 | 119004 119006 | 100.0 | pa_ill_pa_contig18 contig_108
		Solid alignment 1 5713 | 1303205 1308917 | 5713 5713 | 100.0 | pa_ill_pa_contig44 contig_108
		Solid alignment 1 1405 | 1311160 1309756 | 1405 1405 | 90.74 | pa_ill_pa_contig12 contig_108
		Solid alignment 1 1492 | 1311106 1312597 | 1492 1492 | 100.0 | pa_ill_pa_contig61 contig_108
		Solid alignment 1 21904 | 1312543 1334446 | 21904 21904 | 100.0 | pa_ill_pa_contig41 contig_108
		Solid alignment 1 868 | 1335974 1335101 | 868 874 | 98.4 | pa_ill_pa_contig74 contig_108
		Solid alignment 1 2514 | 1338939 1336426 | 2514 2514 | 99.68 | pa_ill_pa_contig54 contig_108
		Solid alignment 132 56432 | 1395184 1338885 | 56301 56300 | 99.93 | pa_ill_pa_contig31 contig_108
		Solid alignment 1 187635 | 1397254 1584889 | 187635 187636 | 99.99 | pa_ill_pa_contig14 contig_108
		Solid alignment 1 265097 | 1585734 1850831 | 265097 265098 | 99.99 | pa_ill_pa_contig7 contig_108
		Solid alignment 1 1538 | 1851282 1852819 | 1538 1538 | 100.0 | pa_ill_pa_contig60 contig_108
		Solid alignment 1 3511 | 1856702 1853192 | 3511 3511 | 100.0 | pa_ill_pa_contig49 contig_108
		Solid alignment 1 38146 | 1857291 1895436 | 38146 38146 | 99.99 | pa_ill_pa_contig36 contig_108
		Solid alignment 1 5713 | 1895382 1901095 | 5713 5714 | 99.96 | pa_ill_pa_contig44 contig_108
		Solid alignment 1 61716 | 1901041 1962756 | 61716 61716 | 100.0 | pa_ill_pa_contig29 contig_108
		Solid alignment 1 1197 | 1963898 1962702 | 1197 1197 | 99.08 | pa_ill_pa_contig67 contig_108
		Solid alignment 1 847683 | 2811533 1963844 | 847683 847690 | 99.99 | pa_ill_pa_contig1 contig_108
		Solid alignment 1 2207 | 2811479 2813685 | 2207 2207 | 99.5 | pa_ill_pa_contig55 contig_108
		Solid alignment 1 47071 | 2861435 2814364 | 47071 47072 | 99.99 | pa_ill_pa_contig35 contig_108
		Solid alignment 1 266935 | 2862045 3128980 | 266935 266936 | 99.99 | pa_ill_pa_contig6 contig_108
		Solid alignment 1 111253 | 3240190 3128940 | 111253 111251 | 99.98 | pa_ill_pa_contig20 contig_108
		Solid alignment 1 5507 | 3245642 3240136 | 5507 5507 | 99.47 | pa_ill_pa_contig45 contig_108
		Solid alignment 1 118702 | 3245588 3364281 | 118702 118694 | 99.98 | pa_ill_pa_contig19 contig_108
		Solid alignment 1 1237 | 3366010 3364774 | 1237 1237 | 99.68 | pa_ill_pa_contig65 contig_108
		Solid alignment 1 944 | 3366899 3365956 | 944 944 | 98.83 | pa_ill_pa_contig71 contig_108
		Solid alignment 1 23992 | 3367547 3391538 | 23992 23992 | 100.0 | pa_ill_pa_contig40 contig_108
		Solid alignment 1 1468 | 3391484 3392951 | 1468 1468 | 99.93 | pa_ill_pa_contig62 contig_108
		Solid alignment 1 56682 | 3392897 3449579 | 56682 56683 | 100.0 | pa_ill_pa_contig30 contig_108
		Solid alignment 1 927 | 3449525 3450451 | 927 927 | 97.63 | pa_ill_pa_contig73 contig_108
		Solid alignment 1 204999 | 3655279 3450397 | 204999 204883 | 99.94 | pa_ill_pa_contig12 contig_108
		Solid alignment 1 1492 | 3655225 3656716 | 1492 1492 | 99.87 | pa_ill_pa_contig61 contig_108
		Solid alignment 1 106796 | 3656662 3763457 | 106796 106796 | 100.0 | pa_ill_pa_contig21 contig_108
		Solid alignment 1 1258 | 3764660 3763403 | 1258 1258 | 99.52 | pa_ill_pa_contig64 contig_108
		Solid alignment 1 34671 | 3764606 3799314 | 34671 34709 | 99.86 | pa_ill_pa_contig15 contig_108
		Solid alignment 34236 173697 | 3798934 3938474 | 139462 139541 | 99.94 | pa_ill_pa_contig15 contig_108
		Solid alignment 1 1028 | 3940252 3939225 | 1028 1028 | 99.81 | pa_ill_pa_contig68 contig_108
		Solid alignment 1 1028 | 3943435 3942408 | 1028 1028 | 99.51 | pa_ill_pa_contig68 contig_108
		Solid alignment 1 1661 | 3945041 3943381 | 1661 1661 | 100.0 | pa_ill_pa_contig59 contig_108
		Solid alignment 1 1682 | 3944987 3946668 | 1682 1682 | 99.52 | pa_ill_pa_contig58 contig_108
		Solid alignment 1 4971 | 3946614 3951584 | 4971 4971 | 100.0 | pa_ill_pa_contig46 contig_108
		Solid alignment 1 1682 | 3951530 3953212 | 1682 1683 | 99.7 | pa_ill_pa_contig58 contig_108
		Solid alignment 1 3238 | 3953158 3956395 | 3238 3238 | 100.0 | pa_ill_pa_contig50 contig_108
		Solid alignment 1 799 | 3956341 3957139 | 799 799 | 99.12 | pa_ill_pa_contig75 contig_108
		Solid alignment 1 6148 | 3963975 3957829 | 6148 6147 | 99.98 | pa_ill_pa_contig43 contig_108
		Solid alignment 1 799 | 3963921 3964719 | 799 799 | 98.62 | pa_ill_pa_contig75 contig_108
		Solid alignment 1 68331 | 3965409 4033741 | 68331 68333 | 99.99 | pa_ill_pa_contig28 contig_108
		Solid alignment 1 985 | 4033687 4034671 | 985 985 | 98.48 | pa_ill_pa_contig69 contig_108
		Solid alignment 1 30768 | 4065384 4034617 | 30768 30768 | 99.97 | pa_ill_pa_contig38 contig_108
		Solid alignment 1235 3722 | 4067817 4065330 | 2488 2488 | 99.4 | pa_ill_pa_contig48 contig_108
		Solid alignment 1 1079 | 4069051 4067973 | 1079 1079 | 99.54 | pa_ill_pa_contig48 contig_108
		Solid alignment 1 6590 | 4068997 4075586 | 6590 6590 | 99.79 | pa_ill_pa_contig42 contig_108
		Solid alignment 1 3064 | 4078595 4075532 | 3064 3064 | 99.28 | pa_ill_pa_contig51 contig_108
		Solid alignment 1 26794 | 4078541 4105334 | 26794 26794 | 100.0 | pa_ill_pa_contig39 contig_108
		Solid alignment 1 258570 | 4364395 4105828 | 258570 258568 | 99.99 | pa_ill_pa_contig8 contig_108
		Solid alignment 1 944 | 4364341 4365284 | 944 944 | 99.36 | pa_ill_pa_contig71 contig_108
		Solid alignment 1 1237 | 4365230 4366466 | 1237 1237 | 95.64 | pa_ill_pa_contig65 contig_108
		Solid alignment 1 191344 | 4366959 4558281 | 191344 191323 | 99.98 | pa_ill_pa_contig13 contig_108
		Solid alignment 1 1197 | 4559423 4558227 | 1197 1197 | 99.83 | pa_ill_pa_contig67 contig_108
		Solid alignment 1 86455 | 4559408 4645860 | 86455 86453 | 99.99 | pa_ill_pa_contig25 contig_108
		Solid alignment 161 249467 | 4645806 4895114 | 249307 249309 | 100.0 | pa_ill_pa_contig9 contig_108
		Solid alignment 1 2531 | 4898009 4895479 | 2531 2531 | 99.84 | pa_ill_pa_contig53 contig_108
		Solid alignment 1 929 | 4899066 4898137 | 929 930 | 99.25 | pa_ill_pa_contig72 contig_108
		Solid alignment 1 121067 | 5024858 4903790 | 121067 121069 | 100.0 | pa_ill_pa_contig17 contig_108
		Solid alignment 1 56007 | 5025120 5081126 | 56007 56007 | 100.0 | pa_ill_pa_contig32 contig_108
		Solid alignment 1 1258 | 5082329 5081072 | 1258 1258 | 99.84 | pa_ill_pa_contig64 contig_108
		Solid alignment 247199 542364 | 5377439 5082275 | 295166 295165 | 99.99 | pa_ill_pa_contig2 contig_108
		Solid alignment 1 247386 | 5624524 5377137 | 247386 247388 | 99.99 | pa_ill_pa_contig2 contig_108
		Solid alignment 1 3774 | 5628729 5624955 | 3774 3775 | 99.97 | pa_ill_pa_contig47 contig_108
		Solid alignment 1 929 | 5629243 5630172 | 929 930 | 98.39 | pa_ill_pa_contig72 contig_108
		Solid alignment 1 2549 | 5630300 5632848 | 2549 2549 | 100.0 | pa_ill_pa_contig52 contig_108
		Solid alignment 1 404310 | 6037514 5633207 | 404310 404308 | 99.99 | pa_ill_pa_contig4 contig_108
		Solid alignment 1 1468 | 6037460 6038927 | 1468 1468 | 100.0 | pa_ill_pa_contig62 contig_108
		Solid alignment 1 122468 | 6038873 6161341 | 122468 122469 | 99.99 | pa_ill_pa_contig16 contig_108
		Solid alignment 1 53273 | 6215028 6161756 | 53273 53273 | 99.99 | pa_ill_pa_contig33 contig_108
		Solid alignment 41099 76514 | 6250935 6215522 | 35416 35414 | 99.98 | pa_ill_pa_contig26 contig_108
		Solid alignment 1 41228 | 6291922 6250694 | 41228 41229 | 99.99 | pa_ill_pa_contig26 contig_108
		Solid alignment 1 846 | 6292686 6291847 | 846 840 | 90.05 | pa_ill_pa_contig20 contig_108
		Solid alignment 1 5507 | 6298139 6292632 | 5507 5508 | 99.82 | pa_ill_pa_contig45 contig_108
		Solid alignment 1 68413 | 6298085 6366496 | 68413 68412 | 99.99 | pa_ill_pa_contig27 contig_108
		Solid alignment 1 5713 | 6372158 6366442 | 5713 5717 | 99.91 | pa_ill_pa_contig44 contig_108
		Solid alignment 1 87995 | 6460099 6372104 | 87995 87996 | 99.99 | pa_ill_pa_contig24 contig_108
		Solid alignment 1 1197 | 6460045 6461241 | 1197 1197 | 99.75 | pa_ill_pa_contig67 contig_108
		Solid alignment 1 294591 | 6461187 6755775 | 294591 294589 | 99.99 | pa_ill_pa_contig5 contig_108
		Solid alignment 1 927 | 6755721 6756647 | 927 927 | 99.89 | pa_ill_pa_contig73 contig_108
		Solid alignment 1 35650 | 6756593 6792242 | 35650 35650 | 100.0 | pa_ill_pa_contig37 contig_108
			Skipping alignments located inside solid regions since they are redundant:
		Skipping redundant alignment 2663 2766 | 2861181 2861284 | 104 104 | 91.35 | pa_ill_pa_contig6 contig_108
		Skipping redundant alignment 2771 2900 | 2861289 2861418 | 130 130 | 94.62 | pa_ill_pa_contig6 contig_108
		Skipping redundant alignment 39053 39121 | 3128926 3128994 | 69 69 | 100.0 | pa_ill_pa_contig17 contig_108
		Skipping redundant alignment 468678 468746 | 3128926 3128994 | 69 69 | 100.0 | pa_ill_pa_contig2 contig_108
		Skipping redundant alignment 39244 39312 | 3128926 3128994 | 69 69 | 100.0 | pa_ill_pa_contig17 contig_108
		Skipping redundant alignment 1 94 | 4559369 4559462 | 94 94 | 100.0 | pa_ill_pa_contig23 contig_108
		Skipping redundant alignment 847590 847683 | 4559462 4559369 | 94 94 | 100.0 | pa_ill_pa_contig1 contig_108
		Skipping redundant alignment 1 97 | 4559369 4559465 | 97 97 | 98.97 | pa_ill_pa_contig24 contig_108
		Skipping redundant alignment 56166 56348 | 6161891 6162073 | 183 183 | 94.54 | pa_ill_pa_contig20 contig_108
			Looking for the best set of alignments (out of 145 total alignments)
		Ambiguity for this contig is not checked for speed up (too much alignments and --ambiguity-usage is "one")
			Skipping redundant alignments after choosing the best set of alignments
		Skipping redundant alignment 590 763 | 1395695 1395522 | 174 174 | 93.1 | pa_ill_pa_contig31 contig_108
		Skipping redundant alignment 1105 1184 | 1395906 1395827 | 80 80 | 92.5 | pa_ill_pa_contig31 contig_108
		Skipping redundant alignment 419 580 | 1396106 1395945 | 162 162 | 91.36 | pa_ill_pa_contig31 contig_108
		Skipping redundant alignment 176 337 | 1396106 1395945 | 162 162 | 91.36 | pa_ill_pa_contig31 contig_108
		Skipping redundant alignment 104 348 | 1396901 1396657 | 245 245 | 91.43 | pa_ill_pa_contig31 contig_108
		Skipping redundant alignment 55696 56158 | 6161421 6161883 | 463 463 | 95.25 | pa_ill_pa_contig20 contig_108
		Skipping redundant alignment 2820 3940 | 6162047 6160927 | 1121 1121 | 90.51 | pa_ill_pa_contig6 contig_108
		Skipping redundant alignment 3381 3503 | 1851196 1851074 | 123 123 | 91.87 | pa_ill_pa_contig49 contig_108
		Skipping redundant alignment 1578 1661 | 3940281 3940198 | 84 84 | 90.48 | pa_ill_pa_contig59 contig_108
		Skipping redundant alignment 264591 265097 | 1852451 1852957 | 507 507 | 93.14 | pa_ill_pa_contig7 contig_108
		Skipping redundant alignment 1136 1458 | 3940723 3940401 | 323 323 | 96.28 | pa_ill_pa_contig59 contig_108
		Skipping redundant alignment 264617 265097 | 1856360 1856840 | 481 481 | 92.36 | pa_ill_pa_contig7 contig_108
		Skipping redundant alignment 401 476 | 5024807 5024882 | 76 76 | 100.0 | pa_ill_pa_contig9 contig_108
		Skipping redundant alignment 99 178 | 5024925 5025004 | 80 80 | 98.75 | pa_ill_pa_contig32 contig_108
		Skipping redundant alignment 710 1065 | 3941149 3940794 | 356 356 | 92.98 | pa_ill_pa_contig59 contig_108
		Skipping redundant alignment 1 1235 | 4900814 4899580 | 1235 1235 | 99.92 | pa_ill_pa_contig66 contig_108
		Skipping redundant alignment 1 2072 | 4903359 4901288 | 2072 2072 | 99.52 | pa_ill_pa_contig56 contig_108
		Skipping redundant alignment 401 477 | 5025098 5025174 | 77 77 | 100.0 | pa_ill_pa_contig9 contig_108
		Skipping redundant alignment 1099 1184 | 1395186 1395101 | 86 86 | 91.86 | pa_ill_pa_contig31 contig_108
			The best set is below. Score: 6776728.2, number of alignments: 126, unaligned bases: 10575
		This contig is misassembled.
		This contig is partially unaligned. (Aligned 6781667 out of 6792242 non-N bases (99.84%))
			Real Alignment 1: 46754 47071 | 3 320 | 318 318 | 98.43 | pa_ill_pa_contig35 contig_108
			  Not a misassembly [fragmentation of reference genome] between these two alignments
			Excluding internal overlap of size 55 between Alignment 2 and 3: 1 2207 | 3204 998 | 2207 2207 --> 56 2207 | 3149 998 | 2152 2152
			Real Alignment 2: 56 2207 | 3149 998 | 2152 2152 | 99.82 | pa_ill_pa_contig55 contig_108
			  Indel (> 5bp) between these two alignments: deletion of length 55; 0 mismatches (number of Ns: 0) [fragmentation of reference genome]
			Excluding internal overlap of size 128 between Alignment 3 and 4: 1 1874 | 235593 237466 | 1874 1874 --> 129 1874 | 235721 237466 | 1746 1746
			Real Alignment 3: 1 232544 | 3150 235720 | 232544 232571 | 99.98 | pa_ill_pa_contig10 contig_108
			  Extensive misassembly (translocation) between these two alignments
			Excluding internal overlap of size 156 between Alignment 4 and 5: 129 1874 | 235721 237466 | 1746 1746 --> 129 1718 | 235721 237310 | 1590 1590
			Real Alignment 4: 129 1718 | 235721 237310 | 1590 1590 | 100.0 | pa_ill_pa_contig57 contig_108
			  Extensive misassembly (translocation) between these two alignments
			Excluding internal overlap of size 55 between Alignment 5 and 6: 1235 3722 | 244770 242283 | 2488 2488 --> 1235 3667 | 244770 242338 | 2433 2433
			Real Alignment 5: 232388 237415 | 237311 242337 | 5028 5027 | 99.96 | pa_ill_pa_contig10 contig_108
			  Indel (> 5bp) between these two alignments: deletion of length 55; 0 mismatches (number of Ns: 0) [fragmentation of reference genome]
			Real Alignment 6: 1235 3667 | 244770 242338 | 2433 2433 | 99.6 | pa_ill_pa_contig48 contig_108
			  Gap between these two alignments (local misassembly). Inconsistency = 0
			Excluding internal overlap of size 55 between Alignment 7 and 8: 1 956 | 245950 246905 | 956 956 --> 56 956 | 246005 246905 | 901 901
			Real Alignment 7: 1 1079 | 246004 244926 | 1079 1079 | 99.81 | pa_ill_pa_contig48 contig_108
			  Indel (> 5bp) between these two alignments: deletion of length 55; 0 mismatches (number of Ns: 0) [fragmentation of reference genome]
			Excluding internal overlap of size 55 between Alignment 8 and 9: 56 956 | 246005 246905 | 901 901 --> 56 901 | 246005 246850 | 846 846
			Real Alignment 8: 56 901 | 246005 246850 | 846 846 | 100.0 | pa_ill_pa_contig70 contig_108
			  Indel (> 5bp) between these two alignments: deletion of length 55; 0 mismatches (number of Ns: 0) [fragmentation of reference genome]
			Excluding internal overlap of size 55 between Alignment 9 and 10: 1 3064 | 249914 246851 | 3064 3064 --> 56 3064 | 249859 246851 | 3009 3009
			Real Alignment 9: 56 3064 | 249859 246851 | 3009 3009 | 99.71 | pa_ill_pa_contig51 contig_108
			  Indel (> 5bp) between these two alignments: deletion of length 55; 0 mismatches (number of Ns: 0) [fragmentation of reference genome]
			Excluding internal overlap of size 425 between Alignment 10 and 11: 1 93281 | 460623 367342 | 93281 93282 --> 1 92856 | 460623 367767 | 92856 92857
			Real Alignment 10: 92967 210873 | 367766 249860 | 117907 117907 | 99.98 | pa_ill_pa_contig11 contig_108
			  Gap between these two alignments (local misassembly). Inconsistency = 110
			Excluding internal overlap of size 55 between Alignment 11 and 12: 1 985 | 460569 461553 | 985 985 --> 56 985 | 460624 461553 | 930 930
			Real Alignment 11: 1 92856 | 460623 367767 | 92856 92857 | 99.99 | pa_ill_pa_contig11 contig_108
			  Indel (> 5bp) between these two alignments: deletion of length 55; 0 mismatches (number of Ns: 0) [fragmentation of reference genome]
			Excluding internal overlap of size 55 between Alignment 12 and 13: 56 985 | 460624 461553 | 930 930 --> 56 930 | 460624 461498 | 875 875
			Real Alignment 12: 56 930 | 460624 461498 | 875 875 | 99.49 | pa_ill_pa_contig69 contig_108
			  Indel (> 5bp) between these two alignments: deletion of length 55; 0 mismatches (number of Ns: 0) [fragmentation of reference genome]
			Excluding internal overlap of size 55 between Alignment 13 and 14: 1 5713 | 510414 516126 | 5713 5713 --> 56 5713 | 510469 516126 | 5658 5658
			Real Alignment 13: 1 48969 | 461499 510468 | 48969 48970 | 99.98 | pa_ill_pa_contig34 contig_108
			  Indel (> 5bp) between these two alignments: deletion of length 55; 0 mismatches (number of Ns: 0) [fragmentation of reference genome]
			Excluding internal overlap of size 55 between Alignment 14 and 15: 56 5713 | 510469 516126 | 5658 5658 --> 56 5658 | 510469 516071 | 5603 5603
			Real Alignment 14: 56 5658 | 510469 516071 | 5603 5603 | 99.93 | pa_ill_pa_contig44 contig_108
			  Indel (> 5bp) between these two alignments: deletion of length 55; 0 mismatches (number of Ns: 0) [fragmentation of reference genome]
			Real Alignment 15: 1 106324 | 622397 516072 | 106324 106326 | 100.0 | pa_ill_pa_contig22 contig_108
			  Not a misassembly [fragmentation of reference genome] between these two alignments
			Excluding internal overlap of size 55 between Alignment 16 and 17: 1 1197 | 712872 714067 | 1197 1196 --> 56 1197 | 712927 714067 | 1142 1141
			Real Alignment 16: 1 90153 | 712926 622773 | 90153 90154 | 100.0 | pa_ill_pa_contig23 contig_108
			  Indel (> 5bp) between these two alignments: deletion of length 55; 0 mismatches (number of Ns: 0) [fragmentation of reference genome]
			Excluding internal overlap of size 55 between Alignment 17 and 18: 56 1197 | 712927 714067 | 1142 1141 --> 56 1142 | 712927 714012 | 1087 1086
			Real Alignment 17: 56 1142 | 712927 714012 | 1087 1086 | 99.75 | pa_ill_pa_contig67 contig_108
			  Indel (> 5bp) between these two alignments: deletion of length 55; 0 mismatches (number of Ns: 0) [fragmentation of reference genome]
			Excluding internal overlap of size 55 between Alignment 18 and 19: 1 2514 | 1179619 1182131 | 2514 2513 --> 56 2514 | 1179674 1182131 | 2459 2458
			Real Alignment 18: 1 465790 | 714013 1179673 | 465790 465661 | 99.96 | pa_ill_pa_contig3 contig_108
			  Indel (> 5bp) between these two alignments: deletion of length 55; 0 mismatches (number of Ns: 0) [fragmentation of reference genome]
			Excluding internal overlap of size 55 between Alignment 19 and 20: 1 561 | 1182637 1182077 | 561 561 --> 1 506 | 1182637 1182132 | 506 506
			Real Alignment 19: 56 2514 | 1179674 1182131 | 2459 2458 | 99.64 | pa_ill_pa_contig54 contig_108
			  Indel (> 5bp) between these two alignments: deletion of length 55; 0 mismatches (number of Ns: 0) [fragmentation of reference genome]
			Excluding internal overlap of size 55 between Alignment 20 and 21: 1 506 | 1182637 1182132 | 506 506 --> 56 506 | 1182582 1182132 | 451 451
			Real Alignment 20: 56 506 | 1182582 1182132 | 451 451 | 100.0 | pa_ill_pa_contig83 contig_108
			  Indel (> 5bp) between these two alignments: deletion of length 55; 0 mismatches (number of Ns: 0) [fragmentation of reference genome]
			Real Alignment 21: 1 868 | 1182583 1183450 | 868 868 | 99.54 | pa_ill_pa_contig74 contig_108
			  Not a misassembly [fragmentation of reference genome] between these two alignments
			Excluding internal overlap of size 55 between Alignment 22 and 23: 1 5713 | 1303205 1308917 | 5713 5713 --> 56 5713 | 1303260 1308917 | 5658 5658
			Real Alignment 22: 1 119004 | 1184254 1303259 | 119004 119006 | 100.0 | pa_ill_pa_contig18 contig_108
			  Indel (> 5bp) between these two alignments: deletion of length 55; 0 mismatches (number of Ns: 0) [fragmentation of reference genome]
			Excluding internal overlap of size 55 between Alignment 23 and 24: 1 1339 | 1308863 1310201 | 1339 1339 --> 56 1339 | 1308918 1310201 | 1284 1284
			Real Alignment 23: 56 5713 | 1303260 1308917 | 5658 5658 | 100.0 | pa_ill_pa_contig44 contig_108
			  Indel (> 5bp) between these two alignments: deletion of length 55; 0 mismatches (number of Ns: 0) [fragmentation of reference genome]
			Excluding internal overlap of size 446 between Alignment 24 and 25: 56 1339 | 1308918 1310201 | 1284 1284 --> 56 893 | 1308918 1309755 | 838 838
			Real Alignment 24: 56 893 | 1308918 1309755 | 838 838 | 100.0 | pa_ill_pa_contig63 contig_108
			  Extensive misassembly (translocation) between these two alignments
			Excluding internal overlap of size 55 between Alignment 25 and 26: 1 1405 | 1311160 1309756 | 1405 1405 --> 56 1405 | 1311105 1309756 | 1350 1350
			Real Alignment 25: 56 1405 | 1311105 1309756 | 1350 1350 | 90.74 | pa_ill_pa_contig12 contig_108
			  Indel (> 5bp) between these two alignments: deletion of length 55; 0 mismatches (number of Ns: 0) [fragmentation of reference genome]
			Excluding internal overlap of size 55 between Alignment 26 and 27: 1 1492 | 1311106 1312597 | 1492 1492 --> 1 1437 | 1311106 1312542 | 1437 1437
			Real Alignment 26: 1 1437 | 1311106 1312542 | 1437 1437 | 100.0 | pa_ill_pa_contig61 contig_108
			  Indel (> 5bp) between these two alignments: deletion of length 55; 0 mismatches (number of Ns: 0) [fragmentation of reference genome]
			Real Alignment 27: 1 21904 | 1312543 1334446 | 21904 21904 | 100.0 | pa_ill_pa_contig41 contig_108
			  Not a misassembly [fragmentation of reference genome] between these two alignments
			Excluding internal overlap of size 55 between Alignment 28 and 29: 1 561 | 1335920 1336480 | 561 561 --> 56 561 | 1335975 1336480 | 506 506
			Real Alignment 28: 1 868 | 1335974 1335101 | 868 874 | 98.4 | pa_ill_pa_contig74 contig_108
			  Indel (> 5bp) between these two alignments: deletion of length 55; 0 mismatches (number of Ns: 0) [fragmentation of reference genome]
			Excluding internal overlap of size 55 between Alignment 29 and 30: 56 561 | 1335975 1336480 | 506 506 --> 56 506 | 1335975 1336425 | 451 451
			Real Alignment 29: 56 506 | 1335975 1336425 | 451 451 | 95.37 | pa_ill_pa_contig83 contig_108
			  Indel (> 5bp) between these two alignments: deletion of length 55; 0 mismatches (number of Ns: 0) [fragmentation of reference genome]
			Excluding internal overlap of size 55 between Alignment 30 and 31: 1 2514 | 1338939 1336426 | 2514 2514 --> 56 2514 | 1338884 1336426 | 2459 2459
			Real Alignment 30: 56 2514 | 1338884 1336426 | 2459 2459 | 99.68 | pa_ill_pa_contig54 contig_108
			  Indel (> 5bp) between these two alignments: deletion of length 55; 0 mismatches (number of Ns: 0) [fragmentation of reference genome]
			Real Alignment 31: 132 56432 | 1395184 1338885 | 56301 56300 | 99.93 | pa_ill_pa_contig31 contig_108
			  Gap between these two alignments (local misassembly). Inconsistency = -483
			Real Alignment 32: 3 591 | 1395796 1395208 | 589 589 | 94.06 | pa_ill_pa_contig31 contig_108
			  Gap between these two alignments (local misassembly). Inconsistency = 2 [fragmentation of reference genome]
			Excluding internal overlap of size 10 between Alignment 33 and 34: 1 493 | 1396771 1397263 | 493 493 --> 1 483 | 1396771 1397253 | 483 483
			Real Alignment 33: 1 483 | 1396771 1397253 | 483 483 | 97.57 | pa_ill_pa_contig14 contig_108
			  Overlap between these two alignments (local misassembly). Inconsistency = -483
			Real Alignment 34: 1 187635 | 1397254 1584889 | 187635 187636 | 99.99 | pa_ill_pa_contig14 contig_108
			  Not a misassembly [fragmentation of reference genome] between these two alignments
			Real Alignment 35: 1 123 | 1584936 1585058 | 123 123 | 99.19 | pa_ill_pa_contig7 contig_108
			  Gap between these two alignments (local misassembly). Inconsistency = -342
			Real Alignment 36: 1 77 | 1585278 1585354 | 77 77 | 98.7 | pa_ill_pa_contig7 contig_108
			  Gap between these two alignments (local misassembly). Inconsistency = -456
			Real Alignment 37: 1 265097 | 1585734 1850831 | 265097 265098 | 99.99 | pa_ill_pa_contig7 contig_108
			  Not a misassembly [fragmentation of reference genome] between these two alignments
			Real Alignment 38: 1 1538 | 1851282 1852819 | 1538 1538 | 100.0 | pa_ill_pa_contig60 contig_108
			  Not a misassembly [fragmentation of reference genome] between these two alignments
			Real Alignment 39: 1 3511 | 1856702 1853192 | 3511 3511 | 100.0 | pa_ill_pa_contig49 contig_108
			  Not a misassembly [fragmentation of reference genome] between these two alignments
			Excluding internal overlap of size 55 between Alignment 40 and 41: 1 5713 | 1895382 1901095 | 5713 5714 --> 56 5713 | 1895437 1901095 | 5658 5659
			Real Alignment 40: 1 38146 | 1857291 1895436 | 38146 38146 | 99.99 | pa_ill_pa_contig36 contig_108
			  Indel (> 5bp) between these two alignments: deletion of length 55; 0 mismatches (number of Ns: 0) [fragmentation of reference genome]
			Excluding internal overlap of size 55 between Alignment 41 and 42: 56 5713 | 1895437 1901095 | 5658 5659 --> 56 5658 | 1895437 1901040 | 5603 5604
			Real Alignment 41: 56 5658 | 1895437 1901040 | 5603 5604 | 99.96 | pa_ill_pa_contig44 contig_108
			  Indel (> 5bp) between these two alignments: deletion of length 55; 0 mismatches (number of Ns: 0) [fragmentation of reference genome]
			Excluding internal overlap of size 55 between Alignment 42 and 43: 1 1197 | 1963898 1962702 | 1197 1197 --> 1 1142 | 1963898 1962757 | 1142 1142
			Real Alignment 42: 1 61716 | 1901041 1962756 | 61716 61716 | 100.0 | pa_ill_pa_contig29 contig_108
			  Indel (> 5bp) between these two alignments: deletion of length 55; 0 mismatches (number of Ns: 0) [fragmentation of reference genome]
			Excluding internal overlap of size 55 between Alignment 43 and 44: 1 1142 | 1963898 1962757 | 1142 1142 --> 56 1142 | 1963843 1962757 | 1087 1087
			Real Alignment 43: 56 1142 | 1963843 1962757 | 1087 1087 | 99.08 | pa_ill_pa_contig67 contig_108
			  Indel (> 5bp) between these two alignments: deletion of length 55; 0 mismatches (number of Ns: 0) [fragmentation of reference genome]
			Excluding internal overlap of size 55 between Alignment 44 and 45: 1 2207 | 2811479 2813685 | 2207 2207 --> 56 2207 | 2811534 2813685 | 2152 2152
			Real Alignment 44: 1 847683 | 2811533 1963844 | 847683 847690 | 99.99 | pa_ill_pa_contig1 contig_108
			  Indel (> 5bp) between these two alignments: deletion of length 55; 0 mismatches (number of Ns: 0) [fragmentation of reference genome]
			Real Alignment 45: 56 2207 | 2811534 2813685 | 2152 2152 | 99.5 | pa_ill_pa_contig55 contig_108
			  Not a misassembly [fragmentation of reference genome] between these two alignments
			Excluding internal overlap of size 16 between Alignment 46 and 47: 2901 3517 | 2861420 2862036 | 617 617 --> 2917 3517 | 2861436 2862036 | 601 601
			Real Alignment 46: 1 47071 | 2861435 2814364 | 47071 47072 | 99.99 | pa_ill_pa_contig35 contig_108
			  Extensive misassembly (translocation) between these two alignments
			Real Alignment 47: 2917 3517 | 2861436 2862036 | 601 601 | 94.81 | pa_ill_pa_contig6 contig_108
			  Extensive misassembly (relocation, inconsistency = -3525) between these two alignments
			Excluding internal overlap of size 41 between Alignment 48 and 49: 1 111253 | 3240190 3128940 | 111253 111251 --> 1 111212 | 3240190 3128981 | 111212 111210
			Real Alignment 48: 1 266935 | 2862045 3128980 | 266935 266936 | 99.99 | pa_ill_pa_contig6 contig_108
			  Indel (> 5bp) between these two alignments: deletion of length 41; 0 mismatches (number of Ns: 0) [fragmentation of reference genome]
			Excluding internal overlap of size 55 between Alignment 49 and 50: 1 5507 | 3245642 3240136 | 5507 5507 --> 1 5452 | 3245642 3240191 | 5452 5452
			Real Alignment 49: 1 111212 | 3240190 3128981 | 111212 111210 | 99.98 | pa_ill_pa_contig20 contig_108
			  Indel (> 5bp) between these two alignments: deletion of length 55; 0 mismatches (number of Ns: 0) [fragmentation of reference genome]
			Excluding internal overlap of size 55 between Alignment 50 and 51: 1 5452 | 3245642 3240191 | 5452 5452 --> 56 5452 | 3245587 3240191 | 5397 5397
			Real Alignment 50: 56 5452 | 3245587 3240191 | 5397 5397 | 99.47 | pa_ill_pa_contig45 contig_108
			  Indel (> 5bp) between these two alignments: deletion of length 55; 0 mismatches (number of Ns: 0) [fragmentation of reference genome]
			Excluding internal overlap of size 55 between Alignment 51 and 52: 1 602 | 3364227 3364828 | 602 602 --> 56 602 | 3364282 3364828 | 547 547
			Real Alignment 51: 1 118702 | 3245588 3364281 | 118702 118694 | 99.98 | pa_ill_pa_contig19 contig_108
			  Indel (> 5bp) between these two alignments: deletion of length 55; 0 mismatches (number of Ns: 0) [fragmentation of reference genome]
			Excluding internal overlap of size 55 between Alignment 52 and 53: 56 602 | 3364282 3364828 | 547 547 --> 56 547 | 3364282 3364773 | 492 492
			Real Alignment 52: 56 547 | 3364282 3364773 | 492 492 | 99.34 | pa_ill_pa_contig80 contig_108
			  Indel (> 5bp) between these two alignments: deletion of length 55; 0 mismatches (number of Ns: 0) [fragmentation of reference genome]
			Excluding internal overlap of size 55 between Alignment 53 and 54: 1 944 | 3366899 3365956 | 944 944 --> 1 889 | 3366899 3366011 | 889 889
			Real Alignment 53: 1 1237 | 3366010 3364774 | 1237 1237 | 99.68 | pa_ill_pa_contig65 contig_108
			  Indel (> 5bp) between these two alignments: deletion of length 55; 0 mismatches (number of Ns: 0) [fragmentation of reference genome]
			Excluding internal overlap of size 55 between Alignment 54 and 55: 1 838 | 3366845 3367682 | 838 838 --> 56 838 | 3366900 3367682 | 783 783
			Real Alignment 54: 1 889 | 3366899 3366011 | 889 889 | 98.83 | pa_ill_pa_contig71 contig_108
			  Indel (> 5bp) between these two alignments: deletion of length 55; 0 mismatches (number of Ns: 0) [fragmentation of reference genome]
			Excluding internal overlap of size 136 between Alignment 55 and 56: 56 838 | 3366900 3367682 | 783 783 --> 56 702 | 3366900 3367546 | 647 647
			Real Alignment 55: 56 702 | 3366900 3367546 | 647 647 | 99.05 | pa_ill_pa_contig8 contig_108
			  Extensive misassembly (translocation) between these two alignments
			Excluding internal overlap of size 55 between Alignment 56 and 57: 1 1468 | 3391484 3392951 | 1468 1468 --> 56 1468 | 3391539 3392951 | 1413 1413
			Real Alignment 56: 1 23992 | 3367547 3391538 | 23992 23992 | 100.0 | pa_ill_pa_contig40 contig_108
			  Indel (> 5bp) between these two alignments: deletion of length 55; 0 mismatches (number of Ns: 0) [fragmentation of reference genome]
			Excluding internal overlap of size 55 between Alignment 57 and 58: 56 1468 | 3391539 3392951 | 1413 1413 --> 56 1413 | 3391539 3392896 | 1358 1358
			Real Alignment 57: 56 1413 | 3391539 3392896 | 1358 1358 | 99.93 | pa_ill_pa_contig62 contig_108
			  Indel (> 5bp) between these two alignments: deletion of length 55; 0 mismatches (number of Ns: 0) [fragmentation of reference genome]
			Excluding internal overlap of size 55 between Alignment 58 and 59: 1 927 | 3449525 3450451 | 927 927 --> 56 927 | 3449580 3450451 | 872 872
			Real Alignment 58: 1 56682 | 3392897 3449579 | 56682 56683 | 100.0 | pa_ill_pa_contig30 contig_108
			  Indel (> 5bp) between these two alignments: deletion of length 55; 0 mismatches (number of Ns: 0) [fragmentation of reference genome]
			Excluding internal overlap of size 55 between Alignment 59 and 60: 56 927 | 3449580 3450451 | 872 872 --> 56 872 | 3449580 3450396 | 817 817
			Real Alignment 59: 56 872 | 3449580 3450396 | 817 817 | 97.63 | pa_ill_pa_contig73 contig_108
			  Indel (> 5bp) between these two alignments: deletion of length 55; 0 mismatches (number of Ns: 0) [fragmentation of reference genome]
			Excluding internal overlap of size 55 between Alignment 60 and 61: 1 1492 | 3655225 3656716 | 1492 1492 --> 56 1492 | 3655280 3656716 | 1437 1437
			Real Alignment 60: 1 204999 | 3655279 3450397 | 204999 204883 | 99.94 | pa_ill_pa_contig12 contig_108
			  Indel (> 5bp) between these two alignments: deletion of length 55; 0 mismatches (number of Ns: 0) [fragmentation of reference genome]
			Excluding internal overlap of size 55 between Alignment 61 and 62: 56 1492 | 3655280 3656716 | 1437 1437 --> 56 1437 | 3655280 3656661 | 1382 1382
			Real Alignment 61: 56 1437 | 3655280 3656661 | 1382 1382 | 99.87 | pa_ill_pa_contig61 contig_108
			  Indel (> 5bp) between these two alignments: deletion of length 55; 0 mismatches (number of Ns: 0) [fragmentation of reference genome]
			Excluding internal overlap of size 55 between Alignment 62 and 63: 1 1258 | 3764660 3763403 | 1258 1258 --> 1 1203 | 3764660 3763458 | 1203 1203
			Real Alignment 62: 1 106796 | 3656662 3763457 | 106796 106796 | 100.0 | pa_ill_pa_contig21 contig_108
			  Indel (> 5bp) between these two alignments: deletion of length 55; 0 mismatches (number of Ns: 0) [fragmentation of reference genome]
			Excluding internal overlap of size 55 between Alignment 63 and 64: 1 1203 | 3764660 3763458 | 1203 1203 --> 56 1203 | 3764605 3763458 | 1148 1148
			Real Alignment 63: 56 1203 | 3764605 3763458 | 1148 1148 | 99.52 | pa_ill_pa_contig64 contig_108
			  Indel (> 5bp) between these two alignments: deletion of length 55; 0 mismatches (number of Ns: 0) [fragmentation of reference genome]
			Excluding internal overlap of size 381 between Alignment 64 and 65: 1 34671 | 3764606 3799314 | 34671 34709 --> 1 34328 | 3764606 3798933 | 34328 34328
			Real Alignment 64: 1 34328 | 3764606 3798933 | 34328 34328 | 99.86 | pa_ill_pa_contig15 contig_108
			  Overlap between these two alignments (local misassembly). Inconsistency = -93
			Excluding internal overlap of size 55 between Alignment 65 and 66: 1 690 | 3938420 3939109 | 690 690 --> 56 690 | 3938475 3939109 | 635 635
			Real Alignment 65: 34236 173697 | 3798934 3938474 | 139462 139541 | 99.94 | pa_ill_pa_contig15 contig_108
			  Indel (> 5bp) between these two alignments: deletion of length 55; 0 mismatches (number of Ns: 0) [fragmentation of reference genome]
			Real Alignment 66: 56 690 | 3938475 3939109 | 635 635 | 100.0 | pa_ill_pa_contig76 contig_108
			  Not a misassembly [fragmentation of reference genome] between these two alignments
			Real Alignment 67: 1 1028 | 3940252 3939225 | 1028 1028 | 99.81 | pa_ill_pa_contig68 contig_108
			  Not a misassembly [fragmentation of reference genome] between these two alignments
			Excluding internal overlap of size 55 between Alignment 68 and 69: 1 647 | 3941011 3941657 | 647 647 --> 1 592 | 3941011 3941602 | 592 592
			Real Alignment 68: 1 592 | 3941011 3941602 | 592 592 | 100.0 | pa_ill_pa_contig77 contig_108
			  Indel (> 5bp) between these two alignments: deletion of length 55; 0 mismatches (number of Ns: 0) [fragmentation of reference genome]
			Real Alignment 69: 1 690 | 3941603 3942292 | 690 690 | 99.86 | pa_ill_pa_contig76 contig_108
			  Not a misassembly [fragmentation of reference genome] between these two alignments
			Excluding internal overlap of size 55 between Alignment 70 and 71: 1 1028 | 3943435 3942408 | 1028 1028 --> 56 1028 | 3943380 3942408 | 973 973
			Real Alignment 70: 56 1028 | 3943380 3942408 | 973 973 | 99.51 | pa_ill_pa_contig68 contig_108
			  Indel (> 5bp) between these two alignments: deletion of length 55; 0 mismatches (number of Ns: 0) [fragmentation of reference genome]
			Excluding internal overlap of size 55 between Alignment 71 and 72: 1 1661 | 3945041 3943381 | 1661 1661 --> 56 1661 | 3944986 3943381 | 1606 1606
			Real Alignment 71: 56 1661 | 3944986 3943381 | 1606 1606 | 100.0 | pa_ill_pa_contig59 contig_108
			  Indel (> 5bp) between these two alignments: deletion of length 55; 0 mismatches (number of Ns: 0) [fragmentation of reference genome]
			Excluding internal overlap of size 55 between Alignment 72 and 73: 1 1682 | 3944987 3946668 | 1682 1682 --> 1 1627 | 3944987 3946613 | 1627 1627
			Real Alignment 72: 1 1627 | 3944987 3946613 | 1627 1627 | 99.52 | pa_ill_pa_contig58 contig_108
			  Indel (> 5bp) between these two alignments: deletion of length 55; 0 mismatches (number of Ns: 0) [fragmentation of reference genome]
			Excluding internal overlap of size 55 between Alignment 73 and 74: 1 1682 | 3951530 3953212 | 1682 1683 --> 56 1682 | 3951585 3953212 | 1627 1628
			Real Alignment 73: 1 4971 | 3946614 3951584 | 4971 4971 | 100.0 | pa_ill_pa_contig46 contig_108
			  Indel (> 5bp) between these two alignments: deletion of length 55; 0 mismatches (number of Ns: 0) [fragmentation of reference genome]
			Excluding internal overlap of size 55 between Alignment 74 and 75: 56 1682 | 3951585 3953212 | 1627 1628 --> 56 1627 | 3951585 3953157 | 1572 1573
			Real Alignment 74: 56 1627 | 3951585 3953157 | 1572 1573 | 99.7 | pa_ill_pa_contig58 contig_108
			  Indel (> 5bp) between these two alignments: deletion of length 55; 0 mismatches (number of Ns: 0) [fragmentation of reference genome]
			Excluding internal overlap of size 55 between Alignment 75 and 76: 1 799 | 3956341 3957139 | 799 799 --> 56 799 | 3956396 3957139 | 744 744
			Real Alignment 75: 1 3238 | 3953158 3956395 | 3238 3238 | 100.0 | pa_ill_pa_contig50 contig_108
			  Indel (> 5bp) between these two alignments: deletion of length 55; 0 mismatches (number of Ns: 0) [fragmentation of reference genome]
			Real Alignment 76: 56 799 | 3956396 3957139 | 744 744 | 99.12 | pa_ill_pa_contig75 contig_108
			  Not a misassembly [fragmentation of reference genome] between these two alignments
			Excluding internal overlap of size 55 between Alignment 77 and 78: 1 799 | 3963921 3964719 | 799 799 --> 56 799 | 3963976 3964719 | 744 744
			Real Alignment 77: 1 6148 | 3963975 3957829 | 6148 6147 | 99.98 | pa_ill_pa_contig43 contig_108
			  Indel (> 5bp) between these two alignments: deletion of length 55; 0 mismatches (number of Ns: 0) [fragmentation of reference genome]
			Real Alignment 78: 56 799 | 3963976 3964719 | 744 744 | 98.62 | pa_ill_pa_contig75 contig_108
			  Not a misassembly [fragmentation of reference genome] between these two alignments
			Excluding internal overlap of size 55 between Alignment 79 and 80: 1 985 | 4033687 4034671 | 985 985 --> 56 985 | 4033742 4034671 | 930 930
			Real Alignment 79: 1 68331 | 3965409 4033741 | 68331 68333 | 99.99 | pa_ill_pa_contig28 contig_108
			  Indel (> 5bp) between these two alignments: deletion of length 55; 0 mismatches (number of Ns: 0) [fragmentation of reference genome]
			Excluding internal overlap of size 55 between Alignment 80 and 81: 56 985 | 4033742 4034671 | 930 930 --> 56 930 | 4033742 4034616 | 875 875
			Real Alignment 80: 56 930 | 4033742 4034616 | 875 875 | 98.48 | pa_ill_pa_contig69 contig_108
			  Indel (> 5bp) between these two alignments: deletion of length 55; 0 mismatches (number of Ns: 0) [fragmentation of reference genome]
			Excluding internal overlap of size 55 between Alignment 81 and 82: 1235 3722 | 4067817 4065330 | 2488 2488 --> 1235 3667 | 4067817 4065385 | 2433 2433
			Real Alignment 81: 1 30768 | 4065384 4034617 | 30768 30768 | 99.97 | pa_ill_pa_contig38 contig_108
			  Indel (> 5bp) between these two alignments: deletion of length 55; 0 mismatches (number of Ns: 0) [fragmentation of reference genome]
			Real Alignment 82: 1235 3667 | 4067817 4065385 | 2433 2433 | 99.4 | pa_ill_pa_contig48 contig_108
			  Gap between these two alignments (local misassembly). Inconsistency = 0
			Excluding internal overlap of size 55 between Alignment 83 and 84: 1 1079 | 4069051 4067973 | 1079 1079 --> 56 1079 | 4068996 4067973 | 1024 1024
			Real Alignment 83: 56 1079 | 4068996 4067973 | 1024 1024 | 99.54 | pa_ill_pa_contig48 contig_108
			  Indel (> 5bp) between these two alignments: deletion of length 55; 0 mismatches (number of Ns: 0) [fragmentation of reference genome]
			Excluding internal overlap of size 55 between Alignment 84 and 85: 1 3064 | 4078595 4075532 | 3064 3064 --> 1 3009 | 4078595 4075587 | 3009 3009
			Real Alignment 84: 1 6590 | 4068997 4075586 | 6590 6590 | 99.79 | pa_ill_pa_contig42 contig_108
			  Indel (> 5bp) between these two alignments: deletion of length 55; 0 mismatches (number of Ns: 0) [fragmentation of reference genome]
			Excluding internal overlap of size 55 between Alignment 85 and 86: 1 3009 | 4078595 4075587 | 3009 3009 --> 56 3009 | 4078540 4075587 | 2954 2954
			Real Alignment 85: 56 3009 | 4078540 4075587 | 2954 2954 | 99.28 | pa_ill_pa_contig51 contig_108
			  Indel (> 5bp) between these two alignments: deletion of length 55; 0 mismatches (number of Ns: 0) [fragmentation of reference genome]
			Excluding internal overlap of size 55 between Alignment 86 and 87: 1 603 | 4105882 4105280 | 603 603 --> 1 548 | 4105882 4105335 | 548 548
			Real Alignment 86: 1 26794 | 4078541 4105334 | 26794 26794 | 100.0 | pa_ill_pa_contig39 contig_108
			  Indel (> 5bp) between these two alignments: deletion of length 55; 0 mismatches (number of Ns: 0) [fragmentation of reference genome]
			Excluding internal overlap of size 55 between Alignment 87 and 88: 1 548 | 4105882 4105335 | 548 548 --> 56 548 | 4105827 4105335 | 493 493
			Real Alignment 87: 56 548 | 4105827 4105335 | 493 493 | 100.0 | pa_ill_pa_contig79 contig_108
			  Indel (> 5bp) between these two alignments: deletion of length 55; 0 mismatches (number of Ns: 0) [fragmentation of reference genome]
			Excluding internal overlap of size 55 between Alignment 88 and 89: 1 944 | 4364341 4365284 | 944 944 --> 56 944 | 4364396 4365284 | 889 889
			Real Alignment 88: 1 258570 | 4364395 4105828 | 258570 258568 | 99.99 | pa_ill_pa_contig8 contig_108
			  Indel (> 5bp) between these two alignments: deletion of length 55; 0 mismatches (number of Ns: 0) [fragmentation of reference genome]
			Excluding internal overlap of size 55 between Alignment 89 and 90: 56 944 | 4364396 4365284 | 889 889 --> 56 889 | 4364396 4365229 | 834 834
			Real Alignment 89: 56 889 | 4364396 4365229 | 834 834 | 99.36 | pa_ill_pa_contig71 contig_108
			  Indel (> 5bp) between these two alignments: deletion of length 55; 0 mismatches (number of Ns: 0) [fragmentation of reference genome]
			Excluding internal overlap of size 55 between Alignment 90 and 91: 1 602 | 4367013 4366412 | 602 602 --> 1 547 | 4367013 4366467 | 547 547
			Real Alignment 90: 1 1237 | 4365230 4366466 | 1237 1237 | 95.64 | pa_ill_pa_contig65 contig_108
			  Indel (> 5bp) between these two alignments: deletion of length 55; 0 mismatches (number of Ns: 0) [fragmentation of reference genome]
			Excluding internal overlap of size 55 between Alignment 91 and 92: 1 547 | 4367013 4366467 | 547 547 --> 56 547 | 4366958 4366467 | 492 492
			Real Alignment 91: 56 547 | 4366958 4366467 | 492 492 | 99.17 | pa_ill_pa_contig80 contig_108
			  Indel (> 5bp) between these two alignments: deletion of length 55; 0 mismatches (number of Ns: 0) [fragmentation of reference genome]
			Excluding internal overlap of size 55 between Alignment 92 and 93: 1 1197 | 4559423 4558227 | 1197 1197 --> 1 1142 | 4559423 4558282 | 1142 1142
			Real Alignment 92: 1 191344 | 4366959 4558281 | 191344 191323 | 99.98 | pa_ill_pa_contig13 contig_108
			  Indel (> 5bp) between these two alignments: deletion of length 55; 0 mismatches (number of Ns: 0) [fragmentation of reference genome]
			Excluding internal overlap of size 16 between Alignment 93 and 94: 1 1142 | 4559423 4558282 | 1142 1142 --> 17 1142 | 4559407 4558282 | 1126 1126
			Real Alignment 93: 17 1142 | 4559407 4558282 | 1126 1126 | 99.83 | pa_ill_pa_contig67 contig_108
			  Indel (> 5bp) between these two alignments: deletion of length 16; 0 mismatches (number of Ns: 0) [fragmentation of reference genome]
			Excluding internal overlap of size 55 between Alignment 94 and 95: 1 86455 | 4559408 4645860 | 86455 86453 --> 1 86400 | 4559408 4645805 | 86400 86398
			Real Alignment 94: 1 86400 | 4559408 4645805 | 86400 86398 | 99.99 | pa_ill_pa_contig25 contig_108
			  Extensive misassembly (translocation) between these two alignments
			Real Alignment 95: 161 249467 | 4645806 4895114 | 249307 249309 | 100.0 | pa_ill_pa_contig9 contig_108
			  Not a misassembly [fragmentation of reference genome] between these two alignments
			Real Alignment 96: 1 2531 | 4898009 4895479 | 2531 2531 | 99.84 | pa_ill_pa_contig53 contig_108
			  Not a misassembly [fragmentation of reference genome] between these two alignments
			Excluding internal overlap of size 55 between Alignment 97 and 98: 1 623 | 4899634 4899012 | 623 623 --> 1 568 | 4899634 4899067 | 568 568
			Real Alignment 97: 1 929 | 4899066 4898137 | 929 930 | 99.25 | pa_ill_pa_contig72 contig_108
			  Indel (> 5bp) between these two alignments: deletion of length 55; 0 mismatches (number of Ns: 0) [fragmentation of reference genome]
			Excluding internal overlap of size 55 between Alignment 98 and 99: 1 568 | 4899634 4899067 | 568 568 --> 56 568 | 4899579 4899067 | 513 513
			Real Alignment 98: 56 568 | 4899579 4899067 | 513 513 | 97.75 | pa_ill_pa_contig78 contig_108
			  Indel (> 5bp) between these two alignments: deletion of length 55; 0 mismatches (number of Ns: 0) [fragmentation of reference genome]
			Excluding internal overlap of size 55 between Alignment 99 and 100: 1 539 | 4903844 4903305 | 539 540 --> 1 484 | 4903844 4903360 | 484 485
			Real Alignment 99: 1 3774 | 4899580 4903359 | 3774 3780 | 90.15 | pa_ill_pa_contig47 contig_108
			  Indel (> 5bp) between these two alignments: deletion of length 55; 0 mismatches (number of Ns: 0) [fragmentation of reference genome]
			Excluding internal overlap of size 55 between Alignment 100 and 101: 1 484 | 4903844 4903360 | 484 485 --> 56 484 | 4903789 4903360 | 429 430
			Real Alignment 100: 56 484 | 4903789 4903360 | 429 430 | 98.15 | pa_ill_pa_contig84 contig_108
			  Indel (> 5bp) between these two alignments: deletion of length 55; 0 mismatches (number of Ns: 0) [fragmentation of reference genome]
			Real Alignment 101: 1 121067 | 5024858 4903790 | 121067 121069 | 100.0 | pa_ill_pa_contig17 contig_108
			  Not a misassembly [fragmentation of reference genome] between these two alignments
			Excluding internal overlap of size 55 between Alignment 102 and 103: 1 1258 | 5082329 5081072 | 1258 1258 --> 1 1203 | 5082329 5081127 | 1203 1203
			Real Alignment 102: 1 56007 | 5025120 5081126 | 56007 56007 | 100.0 | pa_ill_pa_contig32 contig_108
			  Indel (> 5bp) between these two alignments: deletion of length 55; 0 mismatches (number of Ns: 0) [fragmentation of reference genome]
			Excluding internal overlap of size 55 between Alignment 103 and 104: 1 1203 | 5082329 5081127 | 1203 1203 --> 56 1203 | 5082274 5081127 | 1148 1148
			Real Alignment 103: 56 1203 | 5082274 5081127 | 1148 1148 | 99.84 | pa_ill_pa_contig64 contig_108
			  Indel (> 5bp) between these two alignments: deletion of length 55; 0 mismatches (number of Ns: 0) [fragmentation of reference genome]
			Excluding internal overlap of size 303 between Alignment 104 and 105: 1 247386 | 5624524 5377137 | 247386 247388 --> 1 247083 | 5624524 5377440 | 247083 247085
			Real Alignment 104: 247199 542364 | 5377439 5082275 | 295166 295165 | 99.99 | pa_ill_pa_contig2 contig_108
			  Gap between these two alignments (local misassembly). Inconsistency = 115
			Excluding internal overlap of size 55 between Alignment 105 and 106: 1 539 | 5624470 5625009 | 539 540 --> 56 539 | 5624525 5625009 | 484 485
			Real Alignment 105: 1 247083 | 5624524 5377440 | 247083 247085 | 99.99 | pa_ill_pa_contig2 contig_108
			  Indel (> 5bp) between these two alignments: deletion of length 55; 0 mismatches (number of Ns: 0) [fragmentation of reference genome]
			Excluding internal overlap of size 55 between Alignment 106 and 107: 56 539 | 5624525 5625009 | 484 485 --> 56 484 | 5624525 5624954 | 429 430
			Real Alignment 106: 56 484 | 5624525 5624954 | 429 430 | 98.33 | pa_ill_pa_contig84 contig_108
			  Indel (> 5bp) between these two alignments: deletion of length 55; 0 mismatches (number of Ns: 0) [fragmentation of reference genome]
			Excluding internal overlap of size 55 between Alignment 107 and 108: 1 623 | 5628675 5629297 | 623 623 --> 56 623 | 5628730 5629297 | 568 568
			Real Alignment 107: 1 3774 | 5628729 5624955 | 3774 3775 | 99.97 | pa_ill_pa_contig47 contig_108
			  Indel (> 5bp) between these two alignments: deletion of length 55; 0 mismatches (number of Ns: 0) [fragmentation of reference genome]
			Excluding internal overlap of size 55 between Alignment 108 and 109: 56 623 | 5628730 5629297 | 568 568 --> 56 568 | 5628730 5629242 | 513 513
			Real Alignment 108: 56 568 | 5628730 5629242 | 513 513 | 100.0 | pa_ill_pa_contig78 contig_108
			  Indel (> 5bp) between these two alignments: deletion of length 55; 0 mismatches (number of Ns: 0) [fragmentation of reference genome]
			Real Alignment 109: 1 929 | 5629243 5630172 | 929 930 | 98.39 | pa_ill_pa_contig72 contig_108
			  Not a misassembly [fragmentation of reference genome] between these two alignments
			Real Alignment 110: 1 2549 | 5630300 5632848 | 2549 2549 | 100.0 | pa_ill_pa_contig52 contig_108
			  Not a misassembly [fragmentation of reference genome] between these two alignments
			Excluding internal overlap of size 55 between Alignment 111 and 112: 1 1468 | 6037460 6038927 | 1468 1468 --> 56 1468 | 6037515 6038927 | 1413 1413
			Real Alignment 111: 1 404310 | 6037514 5633207 | 404310 404308 | 99.99 | pa_ill_pa_contig4 contig_108
			  Indel (> 5bp) between these two alignments: deletion of length 55; 0 mismatches (number of Ns: 0) [fragmentation of reference genome]
			Excluding internal overlap of size 55 between Alignment 112 and 113: 56 1468 | 6037515 6038927 | 1413 1413 --> 56 1413 | 6037515 6038872 | 1358 1358
			Real Alignment 112: 56 1413 | 6037515 6038872 | 1358 1358 | 100.0 | pa_ill_pa_contig62 contig_108
			  Indel (> 5bp) between these two alignments: deletion of length 55; 0 mismatches (number of Ns: 0) [fragmentation of reference genome]
			Real Alignment 113: 1 122468 | 6038873 6161341 | 122468 122469 | 99.99 | pa_ill_pa_contig16 contig_108
			  Not a misassembly [fragmentation of reference genome] between these two alignments
			Excluding internal overlap of size 55 between Alignment 114 and 115: 1 603 | 6215576 6214974 | 603 603 --> 1 548 | 6215576 6215029 | 548 548
			Real Alignment 114: 1 53273 | 6215028 6161756 | 53273 53273 | 99.99 | pa_ill_pa_contig33 contig_108
			  Indel (> 5bp) between these two alignments: deletion of length 55; 0 mismatches (number of Ns: 0) [fragmentation of reference genome]
			Excluding internal overlap of size 55 between Alignment 115 and 116: 1 548 | 6215576 6215029 | 548 548 --> 56 548 | 6215521 6215029 | 493 493
			Real Alignment 115: 56 548 | 6215521 6215029 | 493 493 | 100.0 | pa_ill_pa_contig79 contig_108
			  Indel (> 5bp) between these two alignments: deletion of length 55; 0 mismatches (number of Ns: 0) [fragmentation of reference genome]
			Excluding internal overlap of size 242 between Alignment 116 and 117: 41099 76514 | 6250935 6215522 | 35416 35414 --> 41341 76514 | 6250693 6215522 | 35174 35172
			Real Alignment 116: 41341 76514 | 6250693 6215522 | 35174 35172 | 99.98 | pa_ill_pa_contig26 contig_108
			  Gap between these two alignments (local misassembly). Inconsistency = 112
			Excluding internal overlap of size 76 between Alignment 117 and 118: 1 846 | 6292686 6291847 | 846 840 --> 1 770 | 6292686 6291923 | 770 764
			Real Alignment 117: 1 41228 | 6291922 6250694 | 41228 41229 | 99.99 | pa_ill_pa_contig26 contig_108
			  Extensive misassembly (translocation) between these two alignments
			Excluding internal overlap of size 55 between Alignment 118 and 119: 1 770 | 6292686 6291923 | 770 764 --> 56 770 | 6292631 6291923 | 715 709
			Real Alignment 118: 56 770 | 6292631 6291923 | 715 709 | 90.05 | pa_ill_pa_contig20 contig_108
			  Indel (> 5bp) between these two alignments: deletion of length 55; 0 mismatches (number of Ns: 0) [fragmentation of reference genome]
			Excluding internal overlap of size 55 between Alignment 119 and 120: 1 5507 | 6298139 6292632 | 5507 5508 --> 56 5507 | 6298084 6292632 | 5452 5453
			Real Alignment 119: 56 5507 | 6298084 6292632 | 5452 5453 | 99.82 | pa_ill_pa_contig45 contig_108
			  Indel (> 5bp) between these two alignments: deletion of length 55; 0 mismatches (number of Ns: 0) [fragmentation of reference genome]
			Excluding internal overlap of size 55 between Alignment 120 and 121: 1 5713 | 6372158 6366442 | 5713 5717 --> 1 5658 | 6372158 6366497 | 5658 5662
			Real Alignment 120: 1 68413 | 6298085 6366496 | 68413 68412 | 99.99 | pa_ill_pa_contig27 contig_108
			  Indel (> 5bp) between these two alignments: deletion of length 55; 0 mismatches (number of Ns: 0) [fragmentation of reference genome]
			Excluding internal overlap of size 55 between Alignment 121 and 122: 1 5658 | 6372158 6366497 | 5658 5662 --> 56 5658 | 6372103 6366497 | 5603 5607
			Real Alignment 121: 56 5658 | 6372103 6366497 | 5603 5607 | 99.91 | pa_ill_pa_contig44 contig_108
			  Indel (> 5bp) between these two alignments: deletion of length 55; 0 mismatches (number of Ns: 0) [fragmentation of reference genome]
			Excluding internal overlap of size 55 between Alignment 122 and 123: 1 1197 | 6460045 6461241 | 1197 1197 --> 56 1197 | 6460100 6461241 | 1142 1142
			Real Alignment 122: 1 87995 | 6460099 6372104 | 87995 87996 | 99.99 | pa_ill_pa_contig24 contig_108
			  Indel (> 5bp) between these two alignments: deletion of length 55; 0 mismatches (number of Ns: 0) [fragmentation of reference genome]
			Excluding internal overlap of size 55 between Alignment 123 and 124: 56 1197 | 6460100 6461241 | 1142 1142 --> 56 1142 | 6460100 6461186 | 1087 1087
			Real Alignment 123: 56 1142 | 6460100 6461186 | 1087 1087 | 99.75 | pa_ill_pa_contig67 contig_108
			  Indel (> 5bp) between these two alignments: deletion of length 55; 0 mismatches (number of Ns: 0) [fragmentation of reference genome]
			Excluding internal overlap of size 55 between Alignment 124 and 125: 1 927 | 6755721 6756647 | 927 927 --> 56 927 | 6755776 6756647 | 872 872
			Real Alignment 124: 1 294591 | 6461187 6755775 | 294591 294589 | 99.99 | pa_ill_pa_contig5 contig_108
			  Indel (> 5bp) between these two alignments: deletion of length 55; 0 mismatches (number of Ns: 0) [fragmentation of reference genome]
			Excluding internal overlap of size 55 between Alignment 125 and 126: 56 927 | 6755776 6756647 | 872 872 --> 56 872 | 6755776 6756592 | 817 817
			Real Alignment 125: 56 872 | 6755776 6756592 | 817 817 | 99.89 | pa_ill_pa_contig73 contig_108
			  Indel (> 5bp) between these two alignments: deletion of length 55; 0 mismatches (number of Ns: 0) [fragmentation of reference genome]
			Real Alignment 126: 1 35650 | 6756593 6792242 | 35650 35650 | 100.0 | pa_ill_pa_contig37 contig_108
		Unaligned bases: 10575

CONTIG: contig_87 (4758924bp)
Best alignment score: 418.0 (LEN: 451, IDY: 92.68), Total number of alignments: 102
			Too much alignments (102), will use speed up heuristics
			Found 0 solid alignments:
			Skipping alignments located inside solid regions since they are redundant:
		Nothing was skipped
			Looking for the best set of alignments (out of 102 total alignments)
		Ambiguity for this contig is not checked for speed up (too much alignments and --ambiguity-usage is "one")
			Skipping redundant alignments after choosing the best set of alignments
		Skipping redundant alignment 163 238 | 52838 52913 | 76 76 | 100.0 | pa_ill_pa_contig9 contig_87
		Skipping redundant alignment 3 78 | 52838 52913 | 76 76 | 100.0 | pa_ill_pa_contig9 contig_87
		Skipping redundant alignment 28782 28858 | 52914 52838 | 77 77 | 100.0 | pa_ill_pa_contig8 contig_87
		Skipping redundant alignment 323 399 | 52838 52914 | 77 77 | 100.0 | pa_ill_pa_contig9 contig_87
		Skipping redundant alignment 93682 93815 | 434652 434519 | 134 134 | 93.28 | pa_ill_pa_contig13 contig_87
		Skipping redundant alignment 84045 84142 | 445235 445138 | 98 98 | 95.92 | pa_ill_pa_contig13 contig_87
		Skipping redundant alignment 48504 48593 | 1504952 1505041 | 90 90 | 91.11 | pa_ill_pa_contig27 contig_87
		Skipping redundant alignment 161 238 | 2487781 2487704 | 78 78 | 100.0 | pa_ill_pa_contig9 contig_87
		Skipping redundant alignment 321 399 | 2487781 2487703 | 79 79 | 100.0 | pa_ill_pa_contig9 contig_87
		Skipping redundant alignment 163517 163628 | 4624883 4624772 | 112 112 | 91.07 | pa_ill_pa_contig4 contig_87
		Skipping redundant alignment 65009 65098 | 1504952 1505041 | 90 90 | 91.11 | pa_ill_pa_contig27 contig_87
		Skipping redundant alignment 159406 159543 | 4628936 4628799 | 138 138 | 92.03 | pa_ill_pa_contig4 contig_87
			The best set is below. Score: 12148.6, number of alignments: 90, unaligned bases: 4743741
		This contig is misassembled.
		This contig is partially unaligned. (Aligned 15183 out of 4758924 non-N bases (0.32%))
			Warning! This contig is more unaligned than misassembled. Contig length is 4758924 (number of Ns: 0) and total length of all aligns is 15183
		Alignment: 4882 5195 | 807214 806901 | 314 314 | 96.18 | pa_ill_pa_contig44 contig_87
		Alignment: 4268 4718 | 807828 807378 | 451 451 | 92.68 | pa_ill_pa_contig44 contig_87
		Alignment: 4118 4233 | 807981 807866 | 116 116 | 93.1 | pa_ill_pa_contig44 contig_87
		Alignment: 3453 3662 | 808635 808426 | 210 210 | 93.81 | pa_ill_pa_contig44 contig_87
		Alignment: 3374 3442 | 808713 808645 | 69 69 | 92.75 | pa_ill_pa_contig44 contig_87
		Alignment: 2892 3062 | 809199 809029 | 171 171 | 91.23 | pa_ill_pa_contig44 contig_87
		Alignment: 2687 2798 | 809413 809302 | 112 112 | 91.07 | pa_ill_pa_contig44 contig_87
		Alignment: 1975 2060 | 810006 809921 | 86 86 | 91.86 | pa_ill_pa_contig44 contig_87
		Alignment: 1813 1967 | 810168 810014 | 155 155 | 92.26 | pa_ill_pa_contig44 contig_87
		Alignment: 1660 1760 | 810321 810221 | 101 101 | 94.06 | pa_ill_pa_contig44 contig_87
		Alignment: 1375 1650 | 810606 810331 | 276 276 | 93.48 | pa_ill_pa_contig44 contig_87
		Alignment: 995 1106 | 810986 810875 | 112 112 | 91.07 | pa_ill_pa_contig44 contig_87
		Alignment: 529 593 | 811458 811394 | 65 65 | 98.46 | pa_ill_pa_contig44 contig_87
		Alignment: 4882 5195 | 1473527 1473214 | 314 314 | 96.18 | pa_ill_pa_contig44 contig_87
		Alignment: 4268 4718 | 1474141 1473691 | 451 451 | 92.68 | pa_ill_pa_contig44 contig_87
		Alignment: 4118 4233 | 1474294 1474179 | 116 116 | 93.1 | pa_ill_pa_contig44 contig_87
		Alignment: 3453 3662 | 1474961 1474752 | 210 210 | 93.81 | pa_ill_pa_contig44 contig_87
		Alignment: 3374 3442 | 1475039 1474971 | 69 69 | 92.75 | pa_ill_pa_contig44 contig_87
		Alignment: 2892 3062 | 1475525 1475355 | 171 171 | 91.23 | pa_ill_pa_contig44 contig_87
		Alignment: 2687 2798 | 1475739 1475628 | 112 112 | 91.07 | pa_ill_pa_contig44 contig_87
		Alignment: 1975 2060 | 1476332 1476247 | 86 86 | 91.86 | pa_ill_pa_contig44 contig_87
		Alignment: 1813 1967 | 1476494 1476340 | 155 155 | 92.26 | pa_ill_pa_contig44 contig_87
		Alignment: 1660 1737 | 1476648 1476571 | 78 78 | 92.31 | pa_ill_pa_contig44 contig_87
		Alignment: 1375 1650 | 1476933 1476658 | 276 276 | 93.48 | pa_ill_pa_contig44 contig_87
		Alignment: 995 1106 | 1477313 1477202 | 112 112 | 91.07 | pa_ill_pa_contig44 contig_87
		Alignment: 529 593 | 1477785 1477721 | 65 65 | 98.46 | pa_ill_pa_contig44 contig_87
		Alignment: 529 593 | 1992728 1992792 | 65 65 | 98.46 | pa_ill_pa_contig44 contig_87
		Alignment: 995 1106 | 1993200 1993311 | 112 112 | 91.07 | pa_ill_pa_contig44 contig_87
		Alignment: 1375 1650 | 1993580 1993855 | 276 276 | 93.48 | pa_ill_pa_contig44 contig_87
		Alignment: 1660 1737 | 1993865 1993942 | 78 78 | 92.31 | pa_ill_pa_contig44 contig_87
		Alignment: 1813 1967 | 1994019 1994173 | 155 155 | 92.26 | pa_ill_pa_contig44 contig_87
		Alignment: 1975 2060 | 1994181 1994266 | 86 86 | 91.86 | pa_ill_pa_contig44 contig_87
		Alignment: 2687 2798 | 1994933 1995044 | 112 112 | 91.07 | pa_ill_pa_contig44 contig_87
		Alignment: 2892 3062 | 1995147 1995317 | 171 171 | 91.23 | pa_ill_pa_contig44 contig_87
		Alignment: 3374 3442 | 1995633 1995701 | 69 69 | 92.75 | pa_ill_pa_contig44 contig_87
		Alignment: 3556 3662 | 1995807 1995913 | 107 107 | 92.52 | pa_ill_pa_contig44 contig_87
		Alignment: 4118 4233 | 1996371 1996486 | 116 116 | 93.1 | pa_ill_pa_contig44 contig_87
		Alignment: 4268 4718 | 1996524 1996974 | 451 451 | 92.68 | pa_ill_pa_contig44 contig_87
		Alignment: 4882 5195 | 1997138 1997451 | 314 314 | 96.18 | pa_ill_pa_contig44 contig_87
		Alignment: 529 593 | 2087811 2087875 | 65 65 | 98.46 | pa_ill_pa_contig44 contig_87
		Alignment: 995 1106 | 2088283 2088394 | 112 112 | 91.07 | pa_ill_pa_contig44 contig_87
		Alignment: 1375 1650 | 2088663 2088938 | 276 276 | 93.48 | pa_ill_pa_contig44 contig_87
		Alignment: 1660 1737 | 2088948 2089025 | 78 78 | 92.31 | pa_ill_pa_contig44 contig_87
		Alignment: 1813 1967 | 2089102 2089256 | 155 155 | 92.26 | pa_ill_pa_contig44 contig_87
		Alignment: 1975 2060 | 2089264 2089349 | 86 86 | 91.86 | pa_ill_pa_contig44 contig_87
		Alignment: 2687 2798 | 2089857 2089968 | 112 112 | 91.07 | pa_ill_pa_contig44 contig_87
		Alignment: 2892 3062 | 2090071 2090241 | 171 171 | 91.23 | pa_ill_pa_contig44 contig_87
		Alignment: 3374 3442 | 2090557 2090625 | 69 69 | 92.75 | pa_ill_pa_contig44 contig_87
		Alignment: 3453 3662 | 2090635 2090844 | 210 210 | 93.81 | pa_ill_pa_contig44 contig_87
		Alignment: 4118 4233 | 2091302 2091417 | 116 116 | 93.1 | pa_ill_pa_contig44 contig_87
		Alignment: 4268 4718 | 2091455 2091905 | 451 451 | 92.68 | pa_ill_pa_contig44 contig_87
		Alignment: 4882 5195 | 2092069 2092382 | 314 314 | 96.18 | pa_ill_pa_contig44 contig_87
		Alignment: 529 593 | 2243052 2243116 | 65 65 | 98.46 | pa_ill_pa_contig44 contig_87
		Alignment: 995 1106 | 2243524 2243635 | 112 112 | 91.07 | pa_ill_pa_contig44 contig_87
		Alignment: 1375 1650 | 2243904 2244179 | 276 276 | 93.48 | pa_ill_pa_contig44 contig_87
		Alignment: 1660 1760 | 2244189 2244289 | 101 101 | 94.06 | pa_ill_pa_contig44 contig_87
		Alignment: 1813 1967 | 2244342 2244496 | 155 155 | 92.26 | pa_ill_pa_contig44 contig_87
		Alignment: 1975 2060 | 2244504 2244589 | 86 86 | 91.86 | pa_ill_pa_contig44 contig_87
		Alignment: 2687 2798 | 2245256 2245367 | 112 112 | 91.07 | pa_ill_pa_contig44 contig_87
		Alignment: 2892 3062 | 2245470 2245640 | 171 171 | 91.23 | pa_ill_pa_contig44 contig_87
		Alignment: 3374 3442 | 2245956 2246024 | 69 69 | 92.75 | pa_ill_pa_contig44 contig_87
		Alignment: 3453 3662 | 2246034 2246243 | 210 210 | 93.33 | pa_ill_pa_contig44 contig_87
		Alignment: 4118 4233 | 2246701 2246816 | 116 116 | 93.1 | pa_ill_pa_contig44 contig_87
		Alignment: 4268 4718 | 2246854 2247304 | 451 451 | 92.68 | pa_ill_pa_contig44 contig_87
		Alignment: 4882 5195 | 2247467 2247780 | 314 314 | 96.18 | pa_ill_pa_contig44 contig_87
		Alignment: 529 593 | 2285965 2286029 | 65 65 | 98.46 | pa_ill_pa_contig44 contig_87
		Alignment: 995 1106 | 2286437 2286548 | 112 112 | 91.07 | pa_ill_pa_contig44 contig_87
		Alignment: 1375 1650 | 2286817 2287092 | 276 276 | 93.48 | pa_ill_pa_contig44 contig_87
		Alignment: 1660 1737 | 2287102 2287179 | 78 78 | 92.31 | pa_ill_pa_contig44 contig_87
		Alignment: 1813 1967 | 2287256 2287410 | 155 155 | 92.26 | pa_ill_pa_contig44 contig_87
		Alignment: 1975 2060 | 2287418 2287503 | 86 86 | 91.86 | pa_ill_pa_contig44 contig_87
		Alignment: 2687 2798 | 2288011 2288122 | 112 112 | 91.07 | pa_ill_pa_contig44 contig_87
		Alignment: 2892 3062 | 2288225 2288395 | 171 171 | 91.23 | pa_ill_pa_contig44 contig_87
		Alignment: 3374 3442 | 2288711 2288779 | 69 69 | 92.75 | pa_ill_pa_contig44 contig_87
		Alignment: 3453 3662 | 2288789 2288998 | 210 210 | 93.33 | pa_ill_pa_contig44 contig_87
		Alignment: 4118 4233 | 2289456 2289571 | 116 116 | 93.1 | pa_ill_pa_contig44 contig_87
		Alignment: 4268 4718 | 2289609 2290059 | 451 451 | 92.68 | pa_ill_pa_contig44 contig_87
		Alignment: 4882 5195 | 2290223 2290536 | 314 314 | 96.18 | pa_ill_pa_contig44 contig_87
		Alignment: 529 593 | 3035535 3035599 | 65 65 | 98.46 | pa_ill_pa_contig44 contig_87
		Alignment: 995 1106 | 3036007 3036118 | 112 112 | 91.07 | pa_ill_pa_contig44 contig_87
		Alignment: 1375 1536 | 3036386 3036547 | 162 162 | 93.21 | pa_ill_pa_contig44 contig_87
		Alignment: 1542 1650 | 3036553 3036661 | 109 109 | 90.83 | pa_ill_pa_contig44 contig_87
		Alignment: 1660 1760 | 3036671 3036771 | 101 101 | 94.06 | pa_ill_pa_contig44 contig_87
		Alignment: 1813 1967 | 3036824 3036978 | 155 155 | 92.26 | pa_ill_pa_contig44 contig_87
		Alignment: 1975 2060 | 3036986 3037071 | 86 86 | 91.86 | pa_ill_pa_contig44 contig_87
		Alignment: 3374 3442 | 3038538 3038606 | 69 69 | 92.75 | pa_ill_pa_contig44 contig_87
		Alignment: 3453 3662 | 3038616 3038825 | 210 210 | 93.81 | pa_ill_pa_contig44 contig_87
		Alignment: 4118 4233 | 3039283 3039398 | 116 116 | 93.1 | pa_ill_pa_contig44 contig_87
		Alignment: 4268 4718 | 3039436 3039886 | 451 451 | 92.68 | pa_ill_pa_contig44 contig_87
		Alignment: 4882 5195 | 3040050 3040363 | 314 314 | 96.18 | pa_ill_pa_contig44 contig_87
		Unaligned bases: 4743741

CONTIG: contig_88 (4765360bp)
Best alignment score: 513.0 (LEN: 564, IDY: 90.96), Total number of alignments: 94
			Looking for the best set of alignments (out of 94 total alignments)
			Skipping redundant alignments after choosing the best set of alignments
		Skipping redundant alignment 323 399 | 4335139 4335215 | 77 77 | 100.0 | pa_ill_pa_contig9 contig_88
		Skipping redundant alignment 161 240 | 1996877 1996798 | 80 80 | 100.0 | pa_ill_pa_contig9 contig_88
		Skipping redundant alignment 321 398 | 1996989 1996912 | 78 78 | 100.0 | pa_ill_pa_contig9 contig_88
		Skipping redundant alignment 161 238 | 1996989 1996912 | 78 78 | 100.0 | pa_ill_pa_contig9 contig_88
		Skipping redundant alignment 28781 28858 | 4335216 4335139 | 78 78 | 100.0 | pa_ill_pa_contig8 contig_88
		Skipping redundant alignment 163 238 | 4335139 4335214 | 76 76 | 100.0 | pa_ill_pa_contig9 contig_88
		Skipping redundant alignment 3 78 | 4335139 4335214 | 76 76 | 100.0 | pa_ill_pa_contig9 contig_88
		Skipping redundant alignment 65010 65101 | 1790299 1790208 | 92 92 | 91.3 | pa_ill_pa_contig27 contig_88
		Skipping redundant alignment 48505 48596 | 1790299 1790208 | 92 92 | 91.3 | pa_ill_pa_contig27 contig_88
		Skipping redundant alignment 84045 84229 | 4763721 4763537 | 185 185 | 91.35 | pa_ill_pa_contig13 contig_88
		This contig has several significant sets of alignments. [An ambiguously mapped contig]
		Using only the very best set (option --ambiguity-usage is set to "one").
			The best set is below. Score: 11824.7, number of alignments: 84, unaligned bases: 4750559
		This contig is misassembled.
		This contig is partially unaligned. (Aligned 14801 out of 4765360 non-N bases (0.31%))
			Warning! This contig is more unaligned than misassembled. Contig length is 4765360 (number of Ns: 0) and total length of all aligns is 14801
		Alignment: 4882 5195 | 304368 304055 | 314 314 | 96.18 | pa_ill_pa_contig44 contig_88
		Alignment: 4268 4814 | 304981 304435 | 547 547 | 91.59 | pa_ill_pa_contig44 contig_88
		Alignment: 4118 4231 | 305134 305021 | 114 114 | 93.86 | pa_ill_pa_contig44 contig_88
		Alignment: 3453 3662 | 305799 305590 | 210 210 | 93.81 | pa_ill_pa_contig44 contig_88
		Alignment: 3374 3442 | 305877 305809 | 69 69 | 94.2 | pa_ill_pa_contig44 contig_88
		Alignment: 2687 2800 | 306575 306462 | 114 114 | 91.23 | pa_ill_pa_contig44 contig_88
		Alignment: 1975 2060 | 307247 307162 | 86 86 | 91.86 | pa_ill_pa_contig44 contig_88
		Alignment: 1813 1967 | 307409 307255 | 155 155 | 92.26 | pa_ill_pa_contig44 contig_88
		Alignment: 1375 1536 | 307847 307686 | 162 162 | 93.83 | pa_ill_pa_contig44 contig_88
		Alignment: 997 1158 | 308225 308064 | 162 162 | 90.12 | pa_ill_pa_contig44 contig_88
		Alignment: 529 593 | 308699 308635 | 65 65 | 98.46 | pa_ill_pa_contig44 contig_88
		Alignment: 4882 5195 | 1012697 1012384 | 314 314 | 96.18 | pa_ill_pa_contig44 contig_88
		Alignment: 4268 4831 | 1013311 1012748 | 564 564 | 90.96 | pa_ill_pa_contig44 contig_88
		Alignment: 4118 4231 | 1013464 1013351 | 114 114 | 93.86 | pa_ill_pa_contig44 contig_88
		Alignment: 3453 3662 | 1014129 1013920 | 210 210 | 93.81 | pa_ill_pa_contig44 contig_88
		Alignment: 3374 3442 | 1014207 1014139 | 69 69 | 94.2 | pa_ill_pa_contig44 contig_88
		Alignment: 2687 2800 | 1014905 1014792 | 114 114 | 91.23 | pa_ill_pa_contig44 contig_88
		Alignment: 1975 2060 | 1015583 1015498 | 86 86 | 91.86 | pa_ill_pa_contig44 contig_88
		Alignment: 1813 1967 | 1015745 1015591 | 155 155 | 92.26 | pa_ill_pa_contig44 contig_88
		Alignment: 1375 1536 | 1016184 1016023 | 162 162 | 93.83 | pa_ill_pa_contig44 contig_88
		Alignment: 997 1158 | 1016562 1016401 | 162 162 | 90.12 | pa_ill_pa_contig44 contig_88
		Alignment: 529 593 | 1017036 1016972 | 65 65 | 98.46 | pa_ill_pa_contig44 contig_88
		Alignment: 529 593 | 1556043 1556107 | 65 65 | 98.46 | pa_ill_pa_contig44 contig_88
		Alignment: 997 1158 | 1556517 1556678 | 162 162 | 90.12 | pa_ill_pa_contig44 contig_88
		Alignment: 1375 1536 | 1556895 1557056 | 162 162 | 93.83 | pa_ill_pa_contig44 contig_88
		Alignment: 1813 1967 | 1557334 1557488 | 155 155 | 92.26 | pa_ill_pa_contig44 contig_88
		Alignment: 1975 2060 | 1557496 1557581 | 86 86 | 91.86 | pa_ill_pa_contig44 contig_88
		Alignment: 2687 2800 | 1558091 1558204 | 114 114 | 91.23 | pa_ill_pa_contig44 contig_88
		Alignment: 2892 3062 | 1558305 1558475 | 171 171 | 91.23 | pa_ill_pa_contig44 contig_88
		Alignment: 3374 3442 | 1558789 1558857 | 69 69 | 94.2 | pa_ill_pa_contig44 contig_88
		Alignment: 3453 3662 | 1558867 1559076 | 210 210 | 93.81 | pa_ill_pa_contig44 contig_88
		Alignment: 4118 4231 | 1559532 1559645 | 114 114 | 93.86 | pa_ill_pa_contig44 contig_88
		Alignment: 4268 4718 | 1559685 1560135 | 451 451 | 92.68 | pa_ill_pa_contig44 contig_88
		Alignment: 4882 5195 | 1560299 1560612 | 314 314 | 96.18 | pa_ill_pa_contig44 contig_88
		Alignment: 529 593 | 1649662 1649726 | 65 65 | 98.46 | pa_ill_pa_contig44 contig_88
		Alignment: 997 1158 | 1650136 1650297 | 162 162 | 90.12 | pa_ill_pa_contig44 contig_88
		Alignment: 1375 1536 | 1650514 1650675 | 162 162 | 93.83 | pa_ill_pa_contig44 contig_88
		Alignment: 1813 1967 | 1650952 1651106 | 155 155 | 92.26 | pa_ill_pa_contig44 contig_88
		Alignment: 1975 2060 | 1651114 1651199 | 86 86 | 91.86 | pa_ill_pa_contig44 contig_88
		Alignment: 2687 2800 | 1651801 1651914 | 114 114 | 91.23 | pa_ill_pa_contig44 contig_88
		Alignment: 2892 3062 | 1652015 1652185 | 171 171 | 91.23 | pa_ill_pa_contig44 contig_88
		Alignment: 3374 3442 | 1652499 1652567 | 69 69 | 94.2 | pa_ill_pa_contig44 contig_88
		Alignment: 3453 3662 | 1652577 1652786 | 210 210 | 93.81 | pa_ill_pa_contig44 contig_88
		Alignment: 4118 4231 | 1653242 1653355 | 114 114 | 93.86 | pa_ill_pa_contig44 contig_88
		Alignment: 4268 4385 | 1653395 1653512 | 118 118 | 94.92 | pa_ill_pa_contig44 contig_88
		Alignment: 4391 4831 | 1653520 1653960 | 441 441 | 90.25 | pa_ill_pa_contig44 contig_88
		Alignment: 4882 5195 | 1654011 1654324 | 314 314 | 96.18 | pa_ill_pa_contig44 contig_88
		Alignment: 529 593 | 1780789 1780853 | 65 65 | 98.46 | pa_ill_pa_contig44 contig_88
		Alignment: 997 1158 | 1781263 1781424 | 162 162 | 90.12 | pa_ill_pa_contig44 contig_88
		Alignment: 1375 1536 | 1781641 1781802 | 162 162 | 93.83 | pa_ill_pa_contig44 contig_88
		Alignment: 1813 1967 | 1782080 1782234 | 155 155 | 92.26 | pa_ill_pa_contig44 contig_88
		Alignment: 1975 2060 | 1782242 1782327 | 86 86 | 91.86 | pa_ill_pa_contig44 contig_88
		Alignment: 2687 2800 | 1782837 1782950 | 114 114 | 91.23 | pa_ill_pa_contig44 contig_88
		Alignment: 2892 3062 | 1783051 1783221 | 171 171 | 91.23 | pa_ill_pa_contig44 contig_88
		Alignment: 3374 3442 | 1783535 1783603 | 69 69 | 94.2 | pa_ill_pa_contig44 contig_88
		Alignment: 3453 3662 | 1783613 1783822 | 210 210 | 93.81 | pa_ill_pa_contig44 contig_88
		Alignment: 4118 4231 | 1784278 1784391 | 114 114 | 93.86 | pa_ill_pa_contig44 contig_88
		Alignment: 4268 4718 | 1784431 1784881 | 451 451 | 92.68 | pa_ill_pa_contig44 contig_88
		Alignment: 4882 5195 | 1785045 1785358 | 314 314 | 96.18 | pa_ill_pa_contig44 contig_88
		Alignment: 529 593 | 1822192 1822256 | 65 65 | 98.46 | pa_ill_pa_contig44 contig_88
		Alignment: 997 1158 | 1822666 1822827 | 162 162 | 90.12 | pa_ill_pa_contig44 contig_88
		Alignment: 1375 1536 | 1823044 1823205 | 162 162 | 93.83 | pa_ill_pa_contig44 contig_88
		Alignment: 1813 1967 | 1823483 1823637 | 155 155 | 92.26 | pa_ill_pa_contig44 contig_88
		Alignment: 1975 2060 | 1823645 1823730 | 86 86 | 91.86 | pa_ill_pa_contig44 contig_88
		Alignment: 2687 2800 | 1824240 1824353 | 114 114 | 91.23 | pa_ill_pa_contig44 contig_88
		Alignment: 2892 3062 | 1824454 1824624 | 171 171 | 91.23 | pa_ill_pa_contig44 contig_88
		Alignment: 3374 3442 | 1824938 1825006 | 69 69 | 94.2 | pa_ill_pa_contig44 contig_88
		Alignment: 3453 3662 | 1825016 1825225 | 210 210 | 93.81 | pa_ill_pa_contig44 contig_88
		Alignment: 4118 4231 | 1825681 1825794 | 114 114 | 93.86 | pa_ill_pa_contig44 contig_88
		Alignment: 4268 4718 | 1825834 1826284 | 451 451 | 92.68 | pa_ill_pa_contig44 contig_88
		Alignment: 4882 5195 | 1826447 1826760 | 314 314 | 96.18 | pa_ill_pa_contig44 contig_88
		Alignment: 529 593 | 2470025 2470089 | 65 65 | 98.46 | pa_ill_pa_contig44 contig_88
		Alignment: 997 1158 | 2470499 2470660 | 162 162 | 90.12 | pa_ill_pa_contig44 contig_88
		Alignment: 1375 1760 | 2470877 2471262 | 386 386 | 92.75 | pa_ill_pa_contig44 contig_88
		Alignment: 1813 1967 | 2471315 2471469 | 155 155 | 92.26 | pa_ill_pa_contig44 contig_88
		Alignment: 1975 2060 | 2471477 2471562 | 86 86 | 91.86 | pa_ill_pa_contig44 contig_88
		Alignment: 2687 2800 | 2472164 2472277 | 114 114 | 91.23 | pa_ill_pa_contig44 contig_88
		Alignment: 2892 3062 | 2472378 2472548 | 171 171 | 91.23 | pa_ill_pa_contig44 contig_88
		Alignment: 3374 3442 | 2472862 2472930 | 69 69 | 94.2 | pa_ill_pa_contig44 contig_88
		Alignment: 3453 3662 | 2472940 2473149 | 210 210 | 93.81 | pa_ill_pa_contig44 contig_88
		Alignment: 4118 4231 | 2473604 2473717 | 114 114 | 93.86 | pa_ill_pa_contig44 contig_88
		Alignment: 4268 4385 | 2473757 2473874 | 118 118 | 94.92 | pa_ill_pa_contig44 contig_88
		Alignment: 4391 4814 | 2473882 2474305 | 424 424 | 91.04 | pa_ill_pa_contig44 contig_88
		Alignment: 4882 5195 | 2474372 2474685 | 314 314 | 96.18 | pa_ill_pa_contig44 contig_88
		Unaligned bases: 4750559

CONTIG: contig_103 (2719599bp)
Best alignment score: 211.0 (LEN: 233, IDY: 90.56), Total number of alignments: 18
			Looking for the best set of alignments (out of 18 total alignments)
			The best set is below. Score: 946.6, number of alignments: 18, unaligned bases: 2716995
		This contig is misassembled.
		This contig is partially unaligned. (Aligned 2604 out of 2719599 non-N bases (0.10%))
			Warning! This contig is more unaligned than misassembled. Contig length is 2719599 (number of Ns: 0) and total length of all aligns is 2604
		Alignment: 4903 5134 | 405691 405460 | 232 232 | 90.95 | pa_ill_pa_contig44 contig_103
		Alignment: 4403 4500 | 406191 406094 | 98 98 | 96.94 | pa_ill_pa_contig44 contig_103
		Alignment: 1397 1503 | 409244 409138 | 107 107 | 96.26 | pa_ill_pa_contig44 contig_103
		Alignment: 4903 5134 | 541664 541432 | 232 233 | 90.56 | pa_ill_pa_contig44 contig_103
		Alignment: 4403 4500 | 542164 542067 | 98 98 | 96.94 | pa_ill_pa_contig44 contig_103
		Alignment: 1397 1503 | 545209 545103 | 107 107 | 96.26 | pa_ill_pa_contig44 contig_103
		Alignment: 4903 5134 | 655106 654874 | 232 233 | 90.56 | pa_ill_pa_contig44 contig_103
		Alignment: 4403 4500 | 655606 655509 | 98 98 | 96.94 | pa_ill_pa_contig44 contig_103
		Alignment: 1397 1503 | 658609 658503 | 107 107 | 96.26 | pa_ill_pa_contig44 contig_103
		Alignment: 1397 1503 | 1715723 1715829 | 107 107 | 96.26 | pa_ill_pa_contig44 contig_103
		Alignment: 4403 4500 | 1718741 1718838 | 98 98 | 96.94 | pa_ill_pa_contig44 contig_103
		Alignment: 4903 5134 | 1719241 1719473 | 232 233 | 90.56 | pa_ill_pa_contig44 contig_103
		Alignment: 1397 1503 | 1760341 1760447 | 107 107 | 96.26 | pa_ill_pa_contig44 contig_103
		Alignment: 4403 4500 | 1763303 1763400 | 98 98 | 96.94 | pa_ill_pa_contig44 contig_103
		Alignment: 4903 5134 | 1763803 1764034 | 232 232 | 90.95 | pa_ill_pa_contig44 contig_103
		Alignment: 1397 1503 | 1765599 1765705 | 107 107 | 96.26 | pa_ill_pa_contig44 contig_103
		Alignment: 4403 4500 | 1768527 1768624 | 98 98 | 96.94 | pa_ill_pa_contig44 contig_103
		Alignment: 4925 5134 | 1769051 1769261 | 210 211 | 90.52 | pa_ill_pa_contig44 contig_103
		Unaligned bases: 2716995

CONTIG: contig_2 (2845425bp)
Best alignment score: 129.0 (LEN: 142, IDY: 90.85), Total number of alignments: 12
			Looking for the best set of alignments (out of 12 total alignments)
			Skipping redundant alignments after choosing the best set of alignments
		Skipping redundant alignment 1200 1338 | 605005 605143 | 139 139 | 91.37 | pa_ill_pa_contig44 contig_2
		Skipping redundant alignment 1397 1538 | 605203 605344 | 142 142 | 90.85 | pa_ill_pa_contig44 contig_2
		Skipping redundant alignment 4406 4500 | 608095 608189 | 95 95 | 96.84 | pa_ill_pa_contig44 contig_2
		Skipping redundant alignment 1200 1338 | 2831191 2831329 | 139 139 | 91.37 | pa_ill_pa_contig44 contig_2
		Skipping redundant alignment 1397 1538 | 2831389 2831530 | 142 142 | 90.85 | pa_ill_pa_contig44 contig_2
		Skipping redundant alignment 4406 4500 | 2834281 2834375 | 95 95 | 96.84 | pa_ill_pa_contig44 contig_2
			The best set is below. Score: 350.5, number of alignments: 6, unaligned bases: 2844673
		This contig is misassembled.
		This contig is partially unaligned. (Aligned 752 out of 2845425 non-N bases (0.03%))
			Warning! This contig is more unaligned than misassembled. Contig length is 2845425 (number of Ns: 0) and total length of all aligns is 752
		Alignment: 4406 4500 | 2113596 2113502 | 95 95 | 96.84 | pa_ill_pa_contig44 contig_2
		Alignment: 1397 1538 | 2116386 2116245 | 142 142 | 90.85 | pa_ill_pa_contig44 contig_2
		Alignment: 1200 1338 | 2116584 2116446 | 139 139 | 91.37 | pa_ill_pa_contig44 contig_2
		Alignment: 1200 1338 | 2388068 2388206 | 139 139 | 91.37 | pa_ill_pa_contig44 contig_2
		Alignment: 1397 1538 | 2388266 2388407 | 142 142 | 90.85 | pa_ill_pa_contig44 contig_2
		Alignment: 4406 4500 | 2391056 2391150 | 95 95 | 96.84 | pa_ill_pa_contig44 contig_2
		Unaligned bases: 2844673

CONTIG: contig_86 (2992085bp)
Best alignment score: 127.0 (LEN: 138, IDY: 92.03), Total number of alignments: 18
			Looking for the best set of alignments (out of 18 total alignments)
			Skipping redundant alignments after choosing the best set of alignments
		Skipping redundant alignment 1201 1338 | 1078440 1078577 | 138 138 | 92.03 | pa_ill_pa_contig44 contig_86
		Skipping redundant alignment 1397 1517 | 1078637 1078757 | 121 121 | 95.04 | pa_ill_pa_contig44 contig_86
		Skipping redundant alignment 4406 4488 | 1081717 1081799 | 83 83 | 97.59 | pa_ill_pa_contig44 contig_86
		Skipping redundant alignment 1201 1338 | 1676953 1677090 | 138 138 | 92.03 | pa_ill_pa_contig44 contig_86
		Skipping redundant alignment 1397 1517 | 1677150 1677270 | 121 121 | 95.04 | pa_ill_pa_contig44 contig_86
		Skipping redundant alignment 4406 4488 | 1679979 1680061 | 83 83 | 97.59 | pa_ill_pa_contig44 contig_86
		Skipping redundant alignment 1201 1338 | 1781630 1781767 | 138 138 | 92.03 | pa_ill_pa_contig44 contig_86
		Skipping redundant alignment 1397 1517 | 1781827 1781947 | 121 121 | 95.04 | pa_ill_pa_contig44 contig_86
		Skipping redundant alignment 4406 4488 | 1784656 1784738 | 83 83 | 97.59 | pa_ill_pa_contig44 contig_86
			The best set is below. Score: 378.3, number of alignments: 9, unaligned bases: 2991059
		This contig is misassembled.
		This contig is partially unaligned. (Aligned 1026 out of 2992085 non-N bases (0.03%))
			Warning! This contig is more unaligned than misassembled. Contig length is 2992085 (number of Ns: 0) and total length of all aligns is 1026
		Alignment: 4406 4488 | 286986 286904 | 83 83 | 97.59 | pa_ill_pa_contig44 contig_86
		Alignment: 1397 1517 | 289815 289695 | 121 121 | 95.04 | pa_ill_pa_contig44 contig_86
		Alignment: 1201 1338 | 290012 289875 | 138 138 | 92.03 | pa_ill_pa_contig44 contig_86
		Alignment: 4406 4488 | 293005 292923 | 83 83 | 97.59 | pa_ill_pa_contig44 contig_86
		Alignment: 1397 1517 | 295834 295714 | 121 121 | 95.04 | pa_ill_pa_contig44 contig_86
		Alignment: 1201 1338 | 296031 295894 | 138 138 | 92.03 | pa_ill_pa_contig44 contig_86
		Alignment: 4406 4488 | 530556 530474 | 83 83 | 97.59 | pa_ill_pa_contig44 contig_86
		Alignment: 1397 1517 | 533636 533516 | 121 121 | 95.04 | pa_ill_pa_contig44 contig_86
		Alignment: 1201 1338 | 533833 533696 | 138 138 | 92.03 | pa_ill_pa_contig44 contig_86
		Unaligned bases: 2991059

CONTIG: contig_91 (4045594bp)
Best alignment score: 125.0 (LEN: 138, IDY: 90.58), Total number of alignments: 30
			Looking for the best set of alignments (out of 30 total alignments)
			Skipping redundant alignments after choosing the best set of alignments
		Skipping redundant alignment 4406 4535 | 1503875 1503746 | 130 130 | 90.77 | pa_ill_pa_contig44 contig_91
		Skipping redundant alignment 1397 1515 | 1506624 1506506 | 119 119 | 94.12 | pa_ill_pa_contig44 contig_91
		Skipping redundant alignment 1201 1338 | 1506821 1506684 | 138 138 | 90.58 | pa_ill_pa_contig44 contig_91
			The best set is below. Score: 867.8, number of alignments: 27, unaligned bases: 4042111
		This contig is misassembled.
		This contig is partially unaligned. (Aligned 3483 out of 4045594 non-N bases (0.09%))
			Warning! This contig is more unaligned than misassembled. Contig length is 4045594 (number of Ns: 0) and total length of all aligns is 3483
		Alignment: 1201 1338 | 2580546 2580683 | 138 138 | 90.58 | pa_ill_pa_contig44 contig_91
		Alignment: 1397 1515 | 2580743 2580861 | 119 119 | 94.12 | pa_ill_pa_contig44 contig_91
		Alignment: 4406 4535 | 2583669 2583798 | 130 130 | 90.77 | pa_ill_pa_contig44 contig_91
		Alignment: 1201 1338 | 2601158 2601295 | 138 138 | 90.58 | pa_ill_pa_contig44 contig_91
		Alignment: 1397 1515 | 2601355 2601473 | 119 119 | 94.12 | pa_ill_pa_contig44 contig_91
		Alignment: 4406 4535 | 2604281 2604410 | 130 130 | 90.77 | pa_ill_pa_contig44 contig_91
		Alignment: 1201 1338 | 2661492 2661629 | 138 138 | 90.58 | pa_ill_pa_contig44 contig_91
		Alignment: 1397 1515 | 2661689 2661807 | 119 119 | 94.12 | pa_ill_pa_contig44 contig_91
		Alignment: 4406 4535 | 2664438 2664567 | 130 130 | 90.77 | pa_ill_pa_contig44 contig_91
		Alignment: 1201 1338 | 2667415 2667552 | 138 138 | 90.58 | pa_ill_pa_contig44 contig_91
		Alignment: 1397 1515 | 2667612 2667730 | 119 119 | 94.12 | pa_ill_pa_contig44 contig_91
		Alignment: 4406 4535 | 2670361 2670490 | 130 130 | 90.77 | pa_ill_pa_contig44 contig_91
		Alignment: 1201 1338 | 2731957 2732094 | 138 138 | 90.58 | pa_ill_pa_contig44 contig_91
		Alignment: 1397 1515 | 2732154 2732272 | 119 119 | 94.12 | pa_ill_pa_contig44 contig_91
		Alignment: 4406 4535 | 2734903 2735032 | 130 130 | 90.77 | pa_ill_pa_contig44 contig_91
		Alignment: 1201 1338 | 2737570 2737707 | 138 138 | 90.58 | pa_ill_pa_contig44 contig_91
		Alignment: 1397 1515 | 2737767 2737885 | 119 119 | 94.12 | pa_ill_pa_contig44 contig_91
		Alignment: 4406 4535 | 2740516 2740645 | 130 130 | 90.77 | pa_ill_pa_contig44 contig_91
		Alignment: 1201 1338 | 2742571 2742708 | 138 138 | 90.58 | pa_ill_pa_contig44 contig_91
		Alignment: 1397 1515 | 2742768 2742886 | 119 119 | 94.12 | pa_ill_pa_contig44 contig_91
		Alignment: 4406 4535 | 2745517 2745646 | 130 130 | 90.77 | pa_ill_pa_contig44 contig_91
		Alignment: 1201 1338 | 3196043 3196180 | 138 138 | 90.58 | pa_ill_pa_contig44 contig_91
		Alignment: 1397 1515 | 3196240 3196358 | 119 119 | 94.12 | pa_ill_pa_contig44 contig_91
		Alignment: 4406 4535 | 3198989 3199118 | 130 130 | 90.77 | pa_ill_pa_contig44 contig_91
		Alignment: 1201 1338 | 3488808 3488945 | 138 138 | 90.58 | pa_ill_pa_contig44 contig_91
		Alignment: 1397 1515 | 3489005 3489123 | 119 119 | 94.12 | pa_ill_pa_contig44 contig_91
		Alignment: 4406 4535 | 3491754 3491883 | 130 130 | 90.77 | pa_ill_pa_contig44 contig_91
		Unaligned bases: 4042111

CONTIG: contig_95 (1947385bp)
Best alignment score: 116.0 (LEN: 125, IDY: 92.80), Total number of alignments: 6
			Looking for the best set of alignments (out of 6 total alignments)
			Skipping redundant alignments after choosing the best set of alignments
		Skipping redundant alignment 1397 1521 | 68906 68782 | 125 125 | 92.8 | pa_ill_pa_contig44 contig_95
		Skipping redundant alignment 1397 1521 | 145802 145678 | 125 125 | 92.8 | pa_ill_pa_contig44 contig_95
		Skipping redundant alignment 1397 1521 | 181326 181202 | 125 125 | 92.8 | pa_ill_pa_contig44 contig_95
		Skipping redundant alignment 1397 1521 | 842746 842870 | 125 125 | 92.8 | pa_ill_pa_contig44 contig_95
			The best set is below. Score: 177.0, number of alignments: 2, unaligned bases: 1947194
		This contig is misassembled.
		This contig is partially unaligned. (Aligned 191 out of 1947385 non-N bases (0.01%))
			Warning! This contig is more unaligned than misassembled. Contig length is 1947385 (number of Ns: 0) and total length of all aligns is 191
		Alignment: 1873 1938 | 1660214 1660149 | 66 66 | 92.42 | pa_ill_pa_contig44 contig_95
		Alignment: 1397 1521 | 1660699 1660575 | 125 125 | 92.8 | pa_ill_pa_contig44 contig_95
		Unaligned bases: 1947194

Analyzing coverage...
Writing SNPs into /media3/lucia/zymo_mock_community/asms_cuantizados/v8_3-3-21_1bin/metaquast-1bin-v4/runs_per_reference/pa_ill/contigs_reports/minimap_output/r10_1bin_v4_3_MP.used_snps.gz

Analysis is finished!
Founded SNPs were written into /media3/lucia/zymo_mock_community/asms_cuantizados/v8_3-3-21_1bin/metaquast-1bin-v4/runs_per_reference/pa_ill/contigs_reports/minimap_output/r10_1bin_v4_3_MP.used_snps.gz

Results:
	Local Misassemblies: 11
	Misassemblies: 8
		Relocations: 1
		Translocations: 7
		Inversions: 0
	Scaffold gap extensive misassemblies: 0
	Scaffold gap local misassemblies: 0
	Misassemblies caused by fragmented reference: 20
	Misassembled Contigs: 1
	Misassembled Contig Bases: 6792242
	Misassemblies Inter-Contig Overlap: 0
Unaligned Contigs: 0 + 8 part
Half Unaligned Contigs with Misassemblies: 7
Unaligned Contig Bases: 24046907

Ambiguously Mapped Contigs: 1
Total Bases in Ambiguously Mapped Contigs: 4765360
Extra Bases in Ambiguously Mapped Contigs: 0
Note that --allow-ambiguity option was set to "one" and only first alignment per each of these contigs was used.

	Covered Bases: 6720751

	SNPs: 3949
	Insertions: 291
	Deletions: 5103

