Aligning contigs to reference...
	Aligning contigs to the reference
Filtering alignments...
Parsing coords...
Loading reference...
	Loaded [pa_ill_pa_contig77]
	Loaded [pa_ill_pa_contig76]
	Loaded [pa_ill_pa_contig75]
	Loaded [pa_ill_pa_contig74]
	Loaded [pa_ill_pa_contig73]
	Loaded [pa_ill_pa_contig72]
	Loaded [pa_ill_pa_contig71]
	Loaded [pa_ill_pa_contig70]
	Loaded [pa_ill_pa_contig23]
	Loaded [pa_ill_pa_contig21]
	Loaded [pa_ill_pa_contig28]
	Loaded [pa_ill_pa_contig79]
	Loaded [pa_ill_pa_contig78]
	Loaded [pa_ill_pa_contig32]
	Loaded [pa_ill_pa_contig8]
	Loaded [pa_ill_pa_contig41]
	Loaded [pa_ill_pa_contig47]
	Loaded [pa_ill_pa_contig4]
	Loaded [pa_ill_pa_contig13]
	Loaded [pa_ill_pa_contig11]
	Loaded [pa_ill_pa_contig10]
	Loaded [pa_ill_pa_contig39]
	Loaded [pa_ill_pa_contig12]
	Loaded [pa_ill_pa_contig59]
	Loaded [pa_ill_pa_contig14]
	Loaded [pa_ill_pa_contig17]
	Loaded [pa_ill_pa_contig16]
	Loaded [pa_ill_pa_contig55]
	Loaded [pa_ill_pa_contig54]
	Loaded [pa_ill_pa_contig31]
	Loaded [pa_ill_pa_contig56]
	Loaded [pa_ill_pa_contig51]
	Loaded [pa_ill_pa_contig50]
	Loaded [pa_ill_pa_contig35]
	Loaded [pa_ill_pa_contig34]
	Loaded [pa_ill_pa_contig60]
	Loaded [pa_ill_pa_contig61]
	Loaded [pa_ill_pa_contig62]
	Loaded [pa_ill_pa_contig63]
	Loaded [pa_ill_pa_contig64]
	Loaded [pa_ill_pa_contig65]
	Loaded [pa_ill_pa_contig66]
	Loaded [pa_ill_pa_contig67]
	Loaded [pa_ill_pa_contig68]
	Loaded [pa_ill_pa_contig69]
	Loaded [pa_ill_pa_contig80]
	Loaded [pa_ill_pa_contig81]
	Loaded [pa_ill_pa_contig84]
	Loaded [pa_ill_pa_contig19]
	Loaded [pa_ill_pa_contig83]
	Loaded [pa_ill_pa_contig2]
	Loaded [pa_ill_pa_contig18]
	Loaded [pa_ill_pa_contig5]
	Loaded [pa_ill_pa_contig57]
	Loaded [pa_ill_pa_contig58]
	Loaded [pa_ill_pa_contig15]
	Loaded [pa_ill_pa_contig1]
	Loaded [pa_ill_pa_contig45]
	Loaded [pa_ill_pa_contig3]
	Loaded [pa_ill_pa_contig30]
	Loaded [pa_ill_pa_contig33]
	Loaded [pa_ill_pa_contig38]
	Loaded [pa_ill_pa_contig7]
	Loaded [pa_ill_pa_contig6]
	Loaded [pa_ill_pa_contig9]
	Loaded [pa_ill_pa_contig37]
	Loaded [pa_ill_pa_contig36]
	Loaded [pa_ill_pa_contig24]
	Loaded [pa_ill_pa_contig25]
	Loaded [pa_ill_pa_contig26]
	Loaded [pa_ill_pa_contig27]
	Loaded [pa_ill_pa_contig20]
	Loaded [pa_ill_pa_contig53]
	Loaded [pa_ill_pa_contig48]
	Loaded [pa_ill_pa_contig49]
	Loaded [pa_ill_pa_contig46]
	Loaded [pa_ill_pa_contig22]
	Loaded [pa_ill_pa_contig44]
	Loaded [pa_ill_pa_contig52]
	Loaded [pa_ill_pa_contig42]
	Loaded [pa_ill_pa_contig43]
	Loaded [pa_ill_pa_contig40]
	Loaded [pa_ill_pa_contig29]
	Total Regions: 83
	Total Region Length: 6728151
Analyzing contigs...
CONTIG: contig_2 (6792389bp)
Best alignment score: 847618.2 (LEN: 847703, IDY: 99.99), Total number of alignments: 156
			Too much alignments (156), will use speed up heuristics
			Found 105 solid alignments:
		Solid alignment 46754 47071 | 3 320 | 318 318 | 98.43 | pa_ill_pa_contig35 contig_2
		Solid alignment 1 2207 | 3204 998 | 2207 2207 | 99.82 | pa_ill_pa_contig55 contig_2
		Solid alignment 1 232544 | 3150 235720 | 232544 232571 | 99.98 | pa_ill_pa_contig10 contig_2
		Solid alignment 1 1874 | 235593 237466 | 1874 1874 | 100.0 | pa_ill_pa_contig57 contig_2
		Solid alignment 232388 237415 | 237311 242337 | 5028 5027 | 99.96 | pa_ill_pa_contig10 contig_2
		Solid alignment 1235 3722 | 244770 242283 | 2488 2488 | 99.6 | pa_ill_pa_contig48 contig_2
		Solid alignment 1 1079 | 246004 244926 | 1079 1079 | 99.81 | pa_ill_pa_contig48 contig_2
		Solid alignment 1 956 | 245950 246905 | 956 956 | 100.0 | pa_ill_pa_contig70 contig_2
		Solid alignment 1 3064 | 249914 246851 | 3064 3064 | 99.71 | pa_ill_pa_contig51 contig_2
		Solid alignment 92967 210873 | 367768 249860 | 117907 117909 | 99.99 | pa_ill_pa_contig11 contig_2
		Solid alignment 1 93281 | 460630 367344 | 93281 93287 | 99.98 | pa_ill_pa_contig11 contig_2
		Solid alignment 1 985 | 460576 461560 | 985 985 | 99.49 | pa_ill_pa_contig69 contig_2
		Solid alignment 1 48969 | 461506 510479 | 48969 48974 | 99.99 | pa_ill_pa_contig34 contig_2
		Solid alignment 1 5713 | 510425 516139 | 5713 5715 | 99.9 | pa_ill_pa_contig44 contig_2
		Solid alignment 1 106324 | 622411 516085 | 106324 106327 | 100.0 | pa_ill_pa_contig22 contig_2
		Solid alignment 1 90153 | 712943 622787 | 90153 90157 | 99.99 | pa_ill_pa_contig23 contig_2
		Solid alignment 1 1197 | 712889 714085 | 1197 1197 | 99.83 | pa_ill_pa_contig67 contig_2
		Solid alignment 1 465790 | 714031 1179700 | 465790 465670 | 99.96 | pa_ill_pa_contig3 contig_2
		Solid alignment 1 2514 | 1179646 1182159 | 2514 2514 | 99.72 | pa_ill_pa_contig54 contig_2
		Solid alignment 1 868 | 1182611 1183478 | 868 868 | 99.54 | pa_ill_pa_contig74 contig_2
		Solid alignment 1 119004 | 1184282 1303290 | 119004 119009 | 100.0 | pa_ill_pa_contig18 contig_2
		Solid alignment 1 5713 | 1303236 1308948 | 5713 5713 | 100.0 | pa_ill_pa_contig44 contig_2
		Solid alignment 1 1405 | 1311191 1309787 | 1405 1405 | 90.74 | pa_ill_pa_contig12 contig_2
		Solid alignment 1 1492 | 1311137 1312628 | 1492 1492 | 100.0 | pa_ill_pa_contig61 contig_2
		Solid alignment 1 21904 | 1312574 1334477 | 21904 21904 | 100.0 | pa_ill_pa_contig41 contig_2
		Solid alignment 1 868 | 1336005 1335132 | 868 874 | 98.4 | pa_ill_pa_contig74 contig_2
		Solid alignment 1 2514 | 1338971 1336458 | 2514 2514 | 99.72 | pa_ill_pa_contig54 contig_2
		Solid alignment 132 56432 | 1395217 1338917 | 56301 56301 | 99.94 | pa_ill_pa_contig31 contig_2
		Solid alignment 1 187635 | 1397287 1584924 | 187635 187638 | 99.99 | pa_ill_pa_contig14 contig_2
		Solid alignment 1 265097 | 1585769 1850868 | 265097 265100 | 99.99 | pa_ill_pa_contig7 contig_2
		Solid alignment 1 1538 | 1851319 1852856 | 1538 1538 | 100.0 | pa_ill_pa_contig60 contig_2
		Solid alignment 1 3511 | 1856739 1853229 | 3511 3511 | 100.0 | pa_ill_pa_contig49 contig_2
		Solid alignment 1 38146 | 1857328 1895472 | 38146 38145 | 99.99 | pa_ill_pa_contig36 contig_2
		Solid alignment 1 5713 | 1895418 1901131 | 5713 5714 | 99.96 | pa_ill_pa_contig44 contig_2
		Solid alignment 1 61716 | 1901077 1962796 | 61716 61720 | 99.99 | pa_ill_pa_contig29 contig_2
		Solid alignment 1 1197 | 1963938 1962742 | 1197 1197 | 99.08 | pa_ill_pa_contig67 contig_2
		Solid alignment 1 847683 | 2811586 1963884 | 847683 847703 | 99.99 | pa_ill_pa_contig1 contig_2
		Solid alignment 1 2207 | 2811532 2813738 | 2207 2207 | 99.5 | pa_ill_pa_contig55 contig_2
		Solid alignment 1 47071 | 2861488 2814417 | 47071 47072 | 99.99 | pa_ill_pa_contig35 contig_2
		Solid alignment 1 266935 | 2862098 3129035 | 266935 266938 | 100.0 | pa_ill_pa_contig6 contig_2
		Solid alignment 1 111253 | 3240247 3128995 | 111253 111253 | 99.98 | pa_ill_pa_contig20 contig_2
		Solid alignment 1 5507 | 3245699 3240193 | 5507 5507 | 99.47 | pa_ill_pa_contig45 contig_2
		Solid alignment 1 118702 | 3245645 3364351 | 118702 118707 | 99.99 | pa_ill_pa_contig19 contig_2
		Solid alignment 1 1237 | 3366080 3364844 | 1237 1237 | 99.68 | pa_ill_pa_contig65 contig_2
		Solid alignment 1 944 | 3366969 3366026 | 944 944 | 98.83 | pa_ill_pa_contig71 contig_2
		Solid alignment 1 23992 | 3367617 3391608 | 23992 23992 | 100.0 | pa_ill_pa_contig40 contig_2
		Solid alignment 1 1468 | 3391554 3393021 | 1468 1468 | 99.93 | pa_ill_pa_contig62 contig_2
		Solid alignment 1 56682 | 3392967 3449649 | 56682 56683 | 99.99 | pa_ill_pa_contig30 contig_2
		Solid alignment 1 927 | 3449595 3450521 | 927 927 | 97.63 | pa_ill_pa_contig73 contig_2
		Solid alignment 1 204999 | 3655355 3450467 | 204999 204889 | 99.94 | pa_ill_pa_contig12 contig_2
		Solid alignment 1 1492 | 3655301 3656792 | 1492 1492 | 99.87 | pa_ill_pa_contig61 contig_2
		Solid alignment 1 106796 | 3656738 3763534 | 106796 106797 | 100.0 | pa_ill_pa_contig21 contig_2
		Solid alignment 1 1258 | 3764737 3763480 | 1258 1258 | 99.52 | pa_ill_pa_contig64 contig_2
		Solid alignment 1 34671 | 3764683 3799391 | 34671 34709 | 99.86 | pa_ill_pa_contig15 contig_2
		Solid alignment 34236 173697 | 3799011 3938550 | 139462 139540 | 99.94 | pa_ill_pa_contig15 contig_2
		Solid alignment 1 1028 | 3940328 3939301 | 1028 1028 | 99.81 | pa_ill_pa_contig68 contig_2
		Solid alignment 1 1028 | 3943511 3942484 | 1028 1028 | 99.51 | pa_ill_pa_contig68 contig_2
		Solid alignment 1 1661 | 3945117 3943457 | 1661 1661 | 100.0 | pa_ill_pa_contig59 contig_2
		Solid alignment 1 1682 | 3945063 3946744 | 1682 1682 | 99.52 | pa_ill_pa_contig58 contig_2
		Solid alignment 1 4971 | 3946690 3951660 | 4971 4971 | 100.0 | pa_ill_pa_contig46 contig_2
		Solid alignment 1 1682 | 3951606 3953287 | 1682 1682 | 99.76 | pa_ill_pa_contig58 contig_2
		Solid alignment 1 3238 | 3953233 3956470 | 3238 3238 | 100.0 | pa_ill_pa_contig50 contig_2
		Solid alignment 1 799 | 3956416 3957214 | 799 799 | 99.12 | pa_ill_pa_contig75 contig_2
		Solid alignment 1 6148 | 3964051 3957904 | 6148 6148 | 99.98 | pa_ill_pa_contig43 contig_2
		Solid alignment 1 799 | 3963997 3964795 | 799 799 | 98.62 | pa_ill_pa_contig75 contig_2
		Solid alignment 1 68331 | 3965485 4033821 | 68331 68337 | 99.99 | pa_ill_pa_contig28 contig_2
		Solid alignment 1 985 | 4033767 4034751 | 985 985 | 98.48 | pa_ill_pa_contig69 contig_2
		Solid alignment 1 30768 | 4065468 4034697 | 30768 30772 | 99.96 | pa_ill_pa_contig38 contig_2
		Solid alignment 1235 3722 | 4067901 4065414 | 2488 2488 | 99.44 | pa_ill_pa_contig48 contig_2
		Solid alignment 1 1079 | 4069135 4068057 | 1079 1079 | 99.54 | pa_ill_pa_contig48 contig_2
		Solid alignment 1 6590 | 4069081 4075670 | 6590 6590 | 99.82 | pa_ill_pa_contig42 contig_2
		Solid alignment 1 3064 | 4078679 4075616 | 3064 3064 | 99.28 | pa_ill_pa_contig51 contig_2
		Solid alignment 1 26794 | 4078625 4105419 | 26794 26795 | 99.99 | pa_ill_pa_contig39 contig_2
		Solid alignment 1 258570 | 4364493 4105913 | 258570 258581 | 99.99 | pa_ill_pa_contig8 contig_2
		Solid alignment 1 944 | 4364439 4365382 | 944 944 | 99.36 | pa_ill_pa_contig71 contig_2
		Solid alignment 1 1237 | 4365328 4366564 | 1237 1237 | 95.64 | pa_ill_pa_contig65 contig_2
		Solid alignment 1 191344 | 4367057 4558385 | 191344 191329 | 99.98 | pa_ill_pa_contig13 contig_2
		Solid alignment 1 1197 | 4559527 4558331 | 1197 1197 | 99.83 | pa_ill_pa_contig67 contig_2
		Solid alignment 1 86455 | 4559512 4645972 | 86455 86461 | 99.99 | pa_ill_pa_contig25 contig_2
		Solid alignment 161 249467 | 4645918 4895229 | 249307 249312 | 100.0 | pa_ill_pa_contig9 contig_2
		Solid alignment 1 2531 | 4898124 4895594 | 2531 2531 | 99.84 | pa_ill_pa_contig53 contig_2
		Solid alignment 1 929 | 4899180 4898252 | 929 929 | 99.35 | pa_ill_pa_contig72 contig_2
		Solid alignment 1 121067 | 5024973 4903903 | 121067 121071 | 100.0 | pa_ill_pa_contig17 contig_2
		Solid alignment 1 56007 | 5025235 5081246 | 56007 56012 | 99.99 | pa_ill_pa_contig32 contig_2
		Solid alignment 1 1258 | 5082449 5081192 | 1258 1258 | 99.84 | pa_ill_pa_contig64 contig_2
		Solid alignment 247199 542364 | 5377564 5082395 | 295166 295170 | 99.99 | pa_ill_pa_contig2 contig_2
		Solid alignment 1 247386 | 5624657 5377262 | 247386 247396 | 99.99 | pa_ill_pa_contig2 contig_2
		Solid alignment 1 3774 | 5628860 5625087 | 3774 3774 | 100.0 | pa_ill_pa_contig47 contig_2
		Solid alignment 1 929 | 5629374 5630303 | 929 930 | 98.39 | pa_ill_pa_contig72 contig_2
		Solid alignment 1 2549 | 5630431 5632979 | 2549 2549 | 100.0 | pa_ill_pa_contig52 contig_2
		Solid alignment 1 404310 | 6037650 5633338 | 404310 404313 | 100.0 | pa_ill_pa_contig4 contig_2
		Solid alignment 1 1468 | 6037596 6039063 | 1468 1468 | 100.0 | pa_ill_pa_contig62 contig_2
		Solid alignment 1 122468 | 6039009 6161481 | 122468 122473 | 99.99 | pa_ill_pa_contig16 contig_2
		Solid alignment 1 53273 | 6215171 6161896 | 53273 53276 | 99.99 | pa_ill_pa_contig33 contig_2
		Solid alignment 41099 76514 | 6251080 6215665 | 35416 35416 | 99.99 | pa_ill_pa_contig26 contig_2
		Solid alignment 1 41228 | 6292067 6250839 | 41228 41229 | 99.99 | pa_ill_pa_contig26 contig_2
		Solid alignment 1 846 | 6292831 6291992 | 846 840 | 90.05 | pa_ill_pa_contig20 contig_2
		Solid alignment 1 5507 | 6298283 6292777 | 5507 5507 | 99.84 | pa_ill_pa_contig45 contig_2
		Solid alignment 1 68413 | 6298229 6366642 | 68413 68414 | 99.99 | pa_ill_pa_contig27 contig_2
		Solid alignment 1 5713 | 6372299 6366588 | 5713 5712 | 99.93 | pa_ill_pa_contig44 contig_2
		Solid alignment 1 87995 | 6460239 6372245 | 87995 87995 | 99.99 | pa_ill_pa_contig24 contig_2
		Solid alignment 1 1197 | 6460185 6461381 | 1197 1197 | 99.75 | pa_ill_pa_contig67 contig_2
		Solid alignment 1 294591 | 6461327 6755922 | 294591 294596 | 99.99 | pa_ill_pa_contig5 contig_2
		Solid alignment 1 927 | 6755868 6756794 | 927 927 | 99.89 | pa_ill_pa_contig73 contig_2
		Solid alignment 1 35650 | 6756740 6792389 | 35650 35650 | 100.0 | pa_ill_pa_contig37 contig_2
			Skipping alignments located inside solid regions since they are redundant:
		Skipping redundant alignment 1596 1719 | 2860160 2860283 | 124 124 | 90.32 | pa_ill_pa_contig6 contig_2
		Skipping redundant alignment 2663 2766 | 2861235 2861338 | 104 104 | 91.35 | pa_ill_pa_contig6 contig_2
		Skipping redundant alignment 468678 468746 | 3128981 3129049 | 69 69 | 100.0 | pa_ill_pa_contig2 contig_2
		Skipping redundant alignment 39244 39312 | 3128981 3129049 | 69 69 | 100.0 | pa_ill_pa_contig17 contig_2
		Skipping redundant alignment 39053 39121 | 3128981 3129049 | 69 69 | 100.0 | pa_ill_pa_contig17 contig_2
		Skipping redundant alignment 1 94 | 4559473 4559566 | 94 94 | 100.0 | pa_ill_pa_contig23 contig_2
		Skipping redundant alignment 847590 847683 | 4559566 4559473 | 94 94 | 100.0 | pa_ill_pa_contig1 contig_2
		Skipping redundant alignment 1 97 | 4559473 4559569 | 97 97 | 98.97 | pa_ill_pa_contig24 contig_2
		Skipping redundant alignment 56166 56348 | 6162031 6162213 | 183 183 | 94.54 | pa_ill_pa_contig20 contig_2
			Looking for the best set of alignments (out of 147 total alignments)
		Ambiguity for this contig is not checked for speed up (too much alignments and --ambiguity-usage is "one")
			Skipping redundant alignments after choosing the best set of alignments
		Skipping redundant alignment 55696 56158 | 6161561 6162023 | 463 463 | 95.25 | pa_ill_pa_contig20 contig_2
		Skipping redundant alignment 2820 3940 | 6162187 6161067 | 1121 1121 | 90.51 | pa_ill_pa_contig6 contig_2
		Skipping redundant alignment 1099 1184 | 1395219 1395134 | 86 86 | 91.86 | pa_ill_pa_contig31 contig_2
		Skipping redundant alignment 354 504 | 1395238 1395088 | 151 151 | 90.73 | pa_ill_pa_contig31 contig_2
		Skipping redundant alignment 117 348 | 1395472 1395241 | 232 232 | 90.52 | pa_ill_pa_contig31 contig_2
		Skipping redundant alignment 590 763 | 1395728 1395555 | 174 174 | 93.1 | pa_ill_pa_contig31 contig_2
		Skipping redundant alignment 1105 1184 | 1395939 1395860 | 80 80 | 92.5 | pa_ill_pa_contig31 contig_2
		Skipping redundant alignment 419 580 | 1396139 1395978 | 162 162 | 91.36 | pa_ill_pa_contig31 contig_2
		Skipping redundant alignment 176 337 | 1396139 1395978 | 162 162 | 91.36 | pa_ill_pa_contig31 contig_2
		Skipping redundant alignment 104 348 | 1396934 1396690 | 245 245 | 91.43 | pa_ill_pa_contig31 contig_2
		Skipping redundant alignment 3381 3503 | 1851233 1851111 | 123 123 | 91.87 | pa_ill_pa_contig49 contig_2
		Skipping redundant alignment 264591 265097 | 1852488 1852994 | 507 507 | 93.14 | pa_ill_pa_contig7 contig_2
		Skipping redundant alignment 264617 265097 | 1856397 1856877 | 481 481 | 92.36 | pa_ill_pa_contig7 contig_2
		Skipping redundant alignment 2771 3517 | 2861343 2862089 | 747 747 | 94.78 | pa_ill_pa_contig6 contig_2
		Skipping redundant alignment 1578 1661 | 3940357 3940274 | 84 84 | 90.48 | pa_ill_pa_contig59 contig_2
		Skipping redundant alignment 1136 1458 | 3940799 3940477 | 323 323 | 96.28 | pa_ill_pa_contig59 contig_2
		Skipping redundant alignment 710 1065 | 3941225 3940870 | 356 356 | 92.98 | pa_ill_pa_contig59 contig_2
		Skipping redundant alignment 1 1235 | 4900928 4899694 | 1235 1235 | 99.92 | pa_ill_pa_contig66 contig_2
		Skipping redundant alignment 1 2072 | 4903473 4901402 | 2072 2072 | 99.52 | pa_ill_pa_contig56 contig_2
		Skipping redundant alignment 401 476 | 5024922 5024997 | 76 76 | 100.0 | pa_ill_pa_contig9 contig_2
		Skipping redundant alignment 99 178 | 5025040 5025119 | 80 80 | 98.75 | pa_ill_pa_contig32 contig_2
		Skipping redundant alignment 401 477 | 5025213 5025289 | 77 77 | 100.0 | pa_ill_pa_contig9 contig_2
			The best set is below. Score: 6776888.8, number of alignments: 125, unaligned bases: 11176
		This contig is misassembled.
		This contig is partially unaligned. (Aligned 6781213 out of 6792389 non-N bases (99.84%))
			Real Alignment 1: 46754 47071 | 3 320 | 318 318 | 98.43 | pa_ill_pa_contig35 contig_2
			  Not a misassembly [fragmentation of reference genome] between these two alignments
			Excluding internal overlap of size 55 between Alignment 2 and 3: 1 2207 | 3204 998 | 2207 2207 --> 56 2207 | 3149 998 | 2152 2152
			Real Alignment 2: 56 2207 | 3149 998 | 2152 2152 | 99.82 | pa_ill_pa_contig55 contig_2
			  Indel (> 5bp) between these two alignments: deletion of length 55; 0 mismatches (number of Ns: 0) [fragmentation of reference genome]
			Excluding internal overlap of size 128 between Alignment 3 and 4: 1 1874 | 235593 237466 | 1874 1874 --> 129 1874 | 235721 237466 | 1746 1746
			Real Alignment 3: 1 232544 | 3150 235720 | 232544 232571 | 99.98 | pa_ill_pa_contig10 contig_2
			  Extensive misassembly (translocation) between these two alignments
			Excluding internal overlap of size 156 between Alignment 4 and 5: 129 1874 | 235721 237466 | 1746 1746 --> 129 1718 | 235721 237310 | 1590 1590
			Real Alignment 4: 129 1718 | 235721 237310 | 1590 1590 | 100.0 | pa_ill_pa_contig57 contig_2
			  Extensive misassembly (translocation) between these two alignments
			Excluding internal overlap of size 55 between Alignment 5 and 6: 1235 3722 | 244770 242283 | 2488 2488 --> 1235 3667 | 244770 242338 | 2433 2433
			Real Alignment 5: 232388 237415 | 237311 242337 | 5028 5027 | 99.96 | pa_ill_pa_contig10 contig_2
			  Indel (> 5bp) between these two alignments: deletion of length 55; 0 mismatches (number of Ns: 0) [fragmentation of reference genome]
			Real Alignment 6: 1235 3667 | 244770 242338 | 2433 2433 | 99.6 | pa_ill_pa_contig48 contig_2
			  Gap between these two alignments (local misassembly). Inconsistency = 0
			Excluding internal overlap of size 55 between Alignment 7 and 8: 1 956 | 245950 246905 | 956 956 --> 56 956 | 246005 246905 | 901 901
			Real Alignment 7: 1 1079 | 246004 244926 | 1079 1079 | 99.81 | pa_ill_pa_contig48 contig_2
			  Indel (> 5bp) between these two alignments: deletion of length 55; 0 mismatches (number of Ns: 0) [fragmentation of reference genome]
			Excluding internal overlap of size 55 between Alignment 8 and 9: 56 956 | 246005 246905 | 901 901 --> 56 901 | 246005 246850 | 846 846
			Real Alignment 8: 56 901 | 246005 246850 | 846 846 | 100.0 | pa_ill_pa_contig70 contig_2
			  Indel (> 5bp) between these two alignments: deletion of length 55; 0 mismatches (number of Ns: 0) [fragmentation of reference genome]
			Excluding internal overlap of size 55 between Alignment 9 and 10: 1 3064 | 249914 246851 | 3064 3064 --> 56 3064 | 249859 246851 | 3009 3009
			Real Alignment 9: 56 3064 | 249859 246851 | 3009 3009 | 99.71 | pa_ill_pa_contig51 contig_2
			  Indel (> 5bp) between these two alignments: deletion of length 55; 0 mismatches (number of Ns: 0) [fragmentation of reference genome]
			Excluding internal overlap of size 425 between Alignment 10 and 11: 1 93281 | 460630 367344 | 93281 93287 --> 1 92856 | 460630 367769 | 92856 92862
			Real Alignment 10: 92967 210873 | 367768 249860 | 117907 117909 | 99.99 | pa_ill_pa_contig11 contig_2
			  Gap between these two alignments (local misassembly). Inconsistency = 110
			Excluding internal overlap of size 55 between Alignment 11 and 12: 1 985 | 460576 461560 | 985 985 --> 56 985 | 460631 461560 | 930 930
			Real Alignment 11: 1 92856 | 460630 367769 | 92856 92862 | 99.98 | pa_ill_pa_contig11 contig_2
			  Indel (> 5bp) between these two alignments: deletion of length 55; 0 mismatches (number of Ns: 0) [fragmentation of reference genome]
			Excluding internal overlap of size 55 between Alignment 12 and 13: 56 985 | 460631 461560 | 930 930 --> 56 930 | 460631 461505 | 875 875
			Real Alignment 12: 56 930 | 460631 461505 | 875 875 | 99.49 | pa_ill_pa_contig69 contig_2
			  Indel (> 5bp) between these two alignments: deletion of length 55; 0 mismatches (number of Ns: 0) [fragmentation of reference genome]
			Excluding internal overlap of size 55 between Alignment 13 and 14: 1 5713 | 510425 516139 | 5713 5715 --> 56 5713 | 510480 516139 | 5658 5660
			Real Alignment 13: 1 48969 | 461506 510479 | 48969 48974 | 99.99 | pa_ill_pa_contig34 contig_2
			  Indel (> 5bp) between these two alignments: deletion of length 55; 0 mismatches (number of Ns: 0) [fragmentation of reference genome]
			Excluding internal overlap of size 55 between Alignment 14 and 15: 56 5713 | 510480 516139 | 5658 5660 --> 56 5658 | 510480 516084 | 5603 5605
			Real Alignment 14: 56 5658 | 510480 516084 | 5603 5605 | 99.9 | pa_ill_pa_contig44 contig_2
			  Indel (> 5bp) between these two alignments: deletion of length 55; 0 mismatches (number of Ns: 0) [fragmentation of reference genome]
			Real Alignment 15: 1 106324 | 622411 516085 | 106324 106327 | 100.0 | pa_ill_pa_contig22 contig_2
			  Not a misassembly [fragmentation of reference genome] between these two alignments
			Excluding internal overlap of size 55 between Alignment 16 and 17: 1 1197 | 712889 714085 | 1197 1197 --> 56 1197 | 712944 714085 | 1142 1142
			Real Alignment 16: 1 90153 | 712943 622787 | 90153 90157 | 99.99 | pa_ill_pa_contig23 contig_2
			  Indel (> 5bp) between these two alignments: deletion of length 55; 0 mismatches (number of Ns: 0) [fragmentation of reference genome]
			Excluding internal overlap of size 55 between Alignment 17 and 18: 56 1197 | 712944 714085 | 1142 1142 --> 56 1142 | 712944 714030 | 1087 1087
			Real Alignment 17: 56 1142 | 712944 714030 | 1087 1087 | 99.83 | pa_ill_pa_contig67 contig_2
			  Indel (> 5bp) between these two alignments: deletion of length 55; 0 mismatches (number of Ns: 0) [fragmentation of reference genome]
			Excluding internal overlap of size 55 between Alignment 18 and 19: 1 2514 | 1179646 1182159 | 2514 2514 --> 56 2514 | 1179701 1182159 | 2459 2459
			Real Alignment 18: 1 465790 | 714031 1179700 | 465790 465670 | 99.96 | pa_ill_pa_contig3 contig_2
			  Indel (> 5bp) between these two alignments: deletion of length 55; 0 mismatches (number of Ns: 0) [fragmentation of reference genome]
			Excluding internal overlap of size 55 between Alignment 19 and 20: 1 561 | 1182665 1182105 | 561 561 --> 1 506 | 1182665 1182160 | 506 506
			Real Alignment 19: 56 2514 | 1179701 1182159 | 2459 2459 | 99.72 | pa_ill_pa_contig54 contig_2
			  Indel (> 5bp) between these two alignments: deletion of length 55; 0 mismatches (number of Ns: 0) [fragmentation of reference genome]
			Excluding internal overlap of size 55 between Alignment 20 and 21: 1 506 | 1182665 1182160 | 506 506 --> 56 506 | 1182610 1182160 | 451 451
			Real Alignment 20: 56 506 | 1182610 1182160 | 451 451 | 100.0 | pa_ill_pa_contig83 contig_2
			  Indel (> 5bp) between these two alignments: deletion of length 55; 0 mismatches (number of Ns: 0) [fragmentation of reference genome]
			Real Alignment 21: 1 868 | 1182611 1183478 | 868 868 | 99.54 | pa_ill_pa_contig74 contig_2
			  Not a misassembly [fragmentation of reference genome] between these two alignments
			Excluding internal overlap of size 55 between Alignment 22 and 23: 1 5713 | 1303236 1308948 | 5713 5713 --> 56 5713 | 1303291 1308948 | 5658 5658
			Real Alignment 22: 1 119004 | 1184282 1303290 | 119004 119009 | 100.0 | pa_ill_pa_contig18 contig_2
			  Indel (> 5bp) between these two alignments: deletion of length 55; 0 mismatches (number of Ns: 0) [fragmentation of reference genome]
			Excluding internal overlap of size 55 between Alignment 23 and 24: 1 1339 | 1308894 1310232 | 1339 1339 --> 56 1339 | 1308949 1310232 | 1284 1284
			Real Alignment 23: 56 5713 | 1303291 1308948 | 5658 5658 | 100.0 | pa_ill_pa_contig44 contig_2
			  Indel (> 5bp) between these two alignments: deletion of length 55; 0 mismatches (number of Ns: 0) [fragmentation of reference genome]
			Excluding internal overlap of size 446 between Alignment 24 and 25: 56 1339 | 1308949 1310232 | 1284 1284 --> 56 893 | 1308949 1309786 | 838 838
			Real Alignment 24: 56 893 | 1308949 1309786 | 838 838 | 100.0 | pa_ill_pa_contig63 contig_2
			  Extensive misassembly (translocation) between these two alignments
			Excluding internal overlap of size 55 between Alignment 25 and 26: 1 1405 | 1311191 1309787 | 1405 1405 --> 56 1405 | 1311136 1309787 | 1350 1350
			Real Alignment 25: 56 1405 | 1311136 1309787 | 1350 1350 | 90.74 | pa_ill_pa_contig12 contig_2
			  Indel (> 5bp) between these two alignments: deletion of length 55; 0 mismatches (number of Ns: 0) [fragmentation of reference genome]
			Excluding internal overlap of size 55 between Alignment 26 and 27: 1 1492 | 1311137 1312628 | 1492 1492 --> 1 1437 | 1311137 1312573 | 1437 1437
			Real Alignment 26: 1 1437 | 1311137 1312573 | 1437 1437 | 100.0 | pa_ill_pa_contig61 contig_2
			  Indel (> 5bp) between these two alignments: deletion of length 55; 0 mismatches (number of Ns: 0) [fragmentation of reference genome]
			Real Alignment 27: 1 21904 | 1312574 1334477 | 21904 21904 | 100.0 | pa_ill_pa_contig41 contig_2
			  Not a misassembly [fragmentation of reference genome] between these two alignments
			Excluding internal overlap of size 55 between Alignment 28 and 29: 1 561 | 1335951 1336512 | 561 562 --> 56 561 | 1336006 1336512 | 506 507
			Real Alignment 28: 1 868 | 1336005 1335132 | 868 874 | 98.4 | pa_ill_pa_contig74 contig_2
			  Indel (> 5bp) between these two alignments: deletion of length 55; 0 mismatches (number of Ns: 0) [fragmentation of reference genome]
			Excluding internal overlap of size 55 between Alignment 29 and 30: 56 561 | 1336006 1336512 | 506 507 --> 56 506 | 1336006 1336457 | 451 452
			Real Alignment 29: 56 506 | 1336006 1336457 | 451 452 | 95.2 | pa_ill_pa_contig83 contig_2
			  Indel (> 5bp) between these two alignments: deletion of length 55; 0 mismatches (number of Ns: 0) [fragmentation of reference genome]
			Excluding internal overlap of size 55 between Alignment 30 and 31: 1 2514 | 1338971 1336458 | 2514 2514 --> 56 2514 | 1338916 1336458 | 2459 2459
			Real Alignment 30: 56 2514 | 1338916 1336458 | 2459 2459 | 99.72 | pa_ill_pa_contig54 contig_2
			  Indel (> 5bp) between these two alignments: deletion of length 55; 0 mismatches (number of Ns: 0) [fragmentation of reference genome]
			Real Alignment 31: 132 56432 | 1395217 1338917 | 56301 56301 | 99.94 | pa_ill_pa_contig31 contig_2
			  Gap between these two alignments (local misassembly). Inconsistency = -483
			Real Alignment 32: 3 591 | 1395829 1395241 | 589 589 | 94.06 | pa_ill_pa_contig31 contig_2
			  Gap between these two alignments (local misassembly). Inconsistency = 2 [fragmentation of reference genome]
			Excluding internal overlap of size 10 between Alignment 33 and 34: 1 493 | 1396804 1397296 | 493 493 --> 1 483 | 1396804 1397286 | 483 483
			Real Alignment 33: 1 483 | 1396804 1397286 | 483 483 | 97.57 | pa_ill_pa_contig14 contig_2
			  Overlap between these two alignments (local misassembly). Inconsistency = -483
			Real Alignment 34: 1 187635 | 1397287 1584924 | 187635 187638 | 99.99 | pa_ill_pa_contig14 contig_2
			  Not a misassembly [fragmentation of reference genome] between these two alignments
			Real Alignment 35: 1 123 | 1584971 1585093 | 123 123 | 99.19 | pa_ill_pa_contig7 contig_2
			  Gap between these two alignments (local misassembly). Inconsistency = -342
			Real Alignment 36: 1 77 | 1585313 1585389 | 77 77 | 98.7 | pa_ill_pa_contig7 contig_2
			  Gap between these two alignments (local misassembly). Inconsistency = -456
			Real Alignment 37: 1 265097 | 1585769 1850868 | 265097 265100 | 99.99 | pa_ill_pa_contig7 contig_2
			  Not a misassembly [fragmentation of reference genome] between these two alignments
			Real Alignment 38: 1 1538 | 1851319 1852856 | 1538 1538 | 100.0 | pa_ill_pa_contig60 contig_2
			  Not a misassembly [fragmentation of reference genome] between these two alignments
			Real Alignment 39: 1 3511 | 1856739 1853229 | 3511 3511 | 100.0 | pa_ill_pa_contig49 contig_2
			  Not a misassembly [fragmentation of reference genome] between these two alignments
			Excluding internal overlap of size 55 between Alignment 40 and 41: 1 5713 | 1895418 1901131 | 5713 5714 --> 56 5713 | 1895473 1901131 | 5658 5659
			Real Alignment 40: 1 38146 | 1857328 1895472 | 38146 38145 | 99.99 | pa_ill_pa_contig36 contig_2
			  Indel (> 5bp) between these two alignments: deletion of length 55; 0 mismatches (number of Ns: 0) [fragmentation of reference genome]
			Excluding internal overlap of size 55 between Alignment 41 and 42: 56 5713 | 1895473 1901131 | 5658 5659 --> 56 5658 | 1895473 1901076 | 5603 5604
			Real Alignment 41: 56 5658 | 1895473 1901076 | 5603 5604 | 99.96 | pa_ill_pa_contig44 contig_2
			  Indel (> 5bp) between these two alignments: deletion of length 55; 0 mismatches (number of Ns: 0) [fragmentation of reference genome]
			Excluding internal overlap of size 55 between Alignment 42 and 43: 1 1197 | 1963938 1962742 | 1197 1197 --> 1 1142 | 1963938 1962797 | 1142 1142
			Real Alignment 42: 1 61716 | 1901077 1962796 | 61716 61720 | 99.99 | pa_ill_pa_contig29 contig_2
			  Indel (> 5bp) between these two alignments: deletion of length 55; 0 mismatches (number of Ns: 0) [fragmentation of reference genome]
			Excluding internal overlap of size 55 between Alignment 43 and 44: 1 1142 | 1963938 1962797 | 1142 1142 --> 56 1142 | 1963883 1962797 | 1087 1087
			Real Alignment 43: 56 1142 | 1963883 1962797 | 1087 1087 | 99.08 | pa_ill_pa_contig67 contig_2
			  Indel (> 5bp) between these two alignments: deletion of length 55; 0 mismatches (number of Ns: 0) [fragmentation of reference genome]
			Excluding internal overlap of size 55 between Alignment 44 and 45: 1 2207 | 2811532 2813738 | 2207 2207 --> 56 2207 | 2811587 2813738 | 2152 2152
			Real Alignment 44: 1 847683 | 2811586 1963884 | 847683 847703 | 99.99 | pa_ill_pa_contig1 contig_2
			  Indel (> 5bp) between these two alignments: deletion of length 55; 0 mismatches (number of Ns: 0) [fragmentation of reference genome]
			Real Alignment 45: 56 2207 | 2811587 2813738 | 2152 2152 | 99.5 | pa_ill_pa_contig55 contig_2
			  Not a misassembly [fragmentation of reference genome] between these two alignments
			Real Alignment 46: 1 47071 | 2861488 2814417 | 47071 47072 | 99.99 | pa_ill_pa_contig35 contig_2
			  Not a misassembly [fragmentation of reference genome] between these two alignments
			Excluding internal overlap of size 41 between Alignment 47 and 48: 1 111253 | 3240247 3128995 | 111253 111253 --> 1 111212 | 3240247 3129036 | 111212 111212
			Real Alignment 47: 1 266935 | 2862098 3129035 | 266935 266938 | 100.0 | pa_ill_pa_contig6 contig_2
			  Indel (> 5bp) between these two alignments: deletion of length 41; 0 mismatches (number of Ns: 0) [fragmentation of reference genome]
			Excluding internal overlap of size 55 between Alignment 48 and 49: 1 5507 | 3245699 3240193 | 5507 5507 --> 1 5452 | 3245699 3240248 | 5452 5452
			Real Alignment 48: 1 111212 | 3240247 3129036 | 111212 111212 | 99.98 | pa_ill_pa_contig20 contig_2
			  Indel (> 5bp) between these two alignments: deletion of length 55; 0 mismatches (number of Ns: 0) [fragmentation of reference genome]
			Excluding internal overlap of size 55 between Alignment 49 and 50: 1 5452 | 3245699 3240248 | 5452 5452 --> 56 5452 | 3245644 3240248 | 5397 5397
			Real Alignment 49: 56 5452 | 3245644 3240248 | 5397 5397 | 99.47 | pa_ill_pa_contig45 contig_2
			  Indel (> 5bp) between these two alignments: deletion of length 55; 0 mismatches (number of Ns: 0) [fragmentation of reference genome]
			Excluding internal overlap of size 55 between Alignment 50 and 51: 1 602 | 3364297 3364898 | 602 602 --> 56 602 | 3364352 3364898 | 547 547
			Real Alignment 50: 1 118702 | 3245645 3364351 | 118702 118707 | 99.99 | pa_ill_pa_contig19 contig_2
			  Indel (> 5bp) between these two alignments: deletion of length 55; 0 mismatches (number of Ns: 0) [fragmentation of reference genome]
			Excluding internal overlap of size 55 between Alignment 51 and 52: 56 602 | 3364352 3364898 | 547 547 --> 56 547 | 3364352 3364843 | 492 492
			Real Alignment 51: 56 547 | 3364352 3364843 | 492 492 | 99.34 | pa_ill_pa_contig80 contig_2
			  Indel (> 5bp) between these two alignments: deletion of length 55; 0 mismatches (number of Ns: 0) [fragmentation of reference genome]
			Excluding internal overlap of size 55 between Alignment 52 and 53: 1 944 | 3366969 3366026 | 944 944 --> 1 889 | 3366969 3366081 | 889 889
			Real Alignment 52: 1 1237 | 3366080 3364844 | 1237 1237 | 99.68 | pa_ill_pa_contig65 contig_2
			  Indel (> 5bp) between these two alignments: deletion of length 55; 0 mismatches (number of Ns: 0) [fragmentation of reference genome]
			Excluding internal overlap of size 55 between Alignment 53 and 54: 1 838 | 3366915 3367752 | 838 838 --> 56 838 | 3366970 3367752 | 783 783
			Real Alignment 53: 1 889 | 3366969 3366081 | 889 889 | 98.83 | pa_ill_pa_contig71 contig_2
			  Indel (> 5bp) between these two alignments: deletion of length 55; 0 mismatches (number of Ns: 0) [fragmentation of reference genome]
			Excluding internal overlap of size 136 between Alignment 54 and 55: 56 838 | 3366970 3367752 | 783 783 --> 56 702 | 3366970 3367616 | 647 647
			Real Alignment 54: 56 702 | 3366970 3367616 | 647 647 | 99.05 | pa_ill_pa_contig8 contig_2
			  Extensive misassembly (translocation) between these two alignments
			Excluding internal overlap of size 55 between Alignment 55 and 56: 1 1468 | 3391554 3393021 | 1468 1468 --> 56 1468 | 3391609 3393021 | 1413 1413
			Real Alignment 55: 1 23992 | 3367617 3391608 | 23992 23992 | 100.0 | pa_ill_pa_contig40 contig_2
			  Indel (> 5bp) between these two alignments: deletion of length 55; 0 mismatches (number of Ns: 0) [fragmentation of reference genome]
			Excluding internal overlap of size 55 between Alignment 56 and 57: 56 1468 | 3391609 3393021 | 1413 1413 --> 56 1413 | 3391609 3392966 | 1358 1358
			Real Alignment 56: 56 1413 | 3391609 3392966 | 1358 1358 | 99.93 | pa_ill_pa_contig62 contig_2
			  Indel (> 5bp) between these two alignments: deletion of length 55; 0 mismatches (number of Ns: 0) [fragmentation of reference genome]
			Excluding internal overlap of size 55 between Alignment 57 and 58: 1 927 | 3449595 3450521 | 927 927 --> 56 927 | 3449650 3450521 | 872 872
			Real Alignment 57: 1 56682 | 3392967 3449649 | 56682 56683 | 99.99 | pa_ill_pa_contig30 contig_2
			  Indel (> 5bp) between these two alignments: deletion of length 55; 0 mismatches (number of Ns: 0) [fragmentation of reference genome]
			Excluding internal overlap of size 55 between Alignment 58 and 59: 56 927 | 3449650 3450521 | 872 872 --> 56 872 | 3449650 3450466 | 817 817
			Real Alignment 58: 56 872 | 3449650 3450466 | 817 817 | 97.63 | pa_ill_pa_contig73 contig_2
			  Indel (> 5bp) between these two alignments: deletion of length 55; 0 mismatches (number of Ns: 0) [fragmentation of reference genome]
			Excluding internal overlap of size 55 between Alignment 59 and 60: 1 1492 | 3655301 3656792 | 1492 1492 --> 56 1492 | 3655356 3656792 | 1437 1437
			Real Alignment 59: 1 204999 | 3655355 3450467 | 204999 204889 | 99.94 | pa_ill_pa_contig12 contig_2
			  Indel (> 5bp) between these two alignments: deletion of length 55; 0 mismatches (number of Ns: 0) [fragmentation of reference genome]
			Excluding internal overlap of size 55 between Alignment 60 and 61: 56 1492 | 3655356 3656792 | 1437 1437 --> 56 1437 | 3655356 3656737 | 1382 1382
			Real Alignment 60: 56 1437 | 3655356 3656737 | 1382 1382 | 99.87 | pa_ill_pa_contig61 contig_2
			  Indel (> 5bp) between these two alignments: deletion of length 55; 0 mismatches (number of Ns: 0) [fragmentation of reference genome]
			Excluding internal overlap of size 55 between Alignment 61 and 62: 1 1258 | 3764737 3763480 | 1258 1258 --> 1 1203 | 3764737 3763535 | 1203 1203
			Real Alignment 61: 1 106796 | 3656738 3763534 | 106796 106797 | 100.0 | pa_ill_pa_contig21 contig_2
			  Indel (> 5bp) between these two alignments: deletion of length 55; 0 mismatches (number of Ns: 0) [fragmentation of reference genome]
			Excluding internal overlap of size 55 between Alignment 62 and 63: 1 1203 | 3764737 3763535 | 1203 1203 --> 56 1203 | 3764682 3763535 | 1148 1148
			Real Alignment 62: 56 1203 | 3764682 3763535 | 1148 1148 | 99.52 | pa_ill_pa_contig64 contig_2
			  Indel (> 5bp) between these two alignments: deletion of length 55; 0 mismatches (number of Ns: 0) [fragmentation of reference genome]
			Excluding internal overlap of size 381 between Alignment 63 and 64: 1 34671 | 3764683 3799391 | 34671 34709 --> 1 34328 | 3764683 3799010 | 34328 34328
			Real Alignment 63: 1 34328 | 3764683 3799010 | 34328 34328 | 99.86 | pa_ill_pa_contig15 contig_2
			  Overlap between these two alignments (local misassembly). Inconsistency = -93
			Excluding internal overlap of size 55 between Alignment 64 and 65: 1 690 | 3938496 3939185 | 690 690 --> 56 690 | 3938551 3939185 | 635 635
			Real Alignment 64: 34236 173697 | 3799011 3938550 | 139462 139540 | 99.94 | pa_ill_pa_contig15 contig_2
			  Indel (> 5bp) between these two alignments: deletion of length 55; 0 mismatches (number of Ns: 0) [fragmentation of reference genome]
			Real Alignment 65: 56 690 | 3938551 3939185 | 635 635 | 100.0 | pa_ill_pa_contig76 contig_2
			  Not a misassembly [fragmentation of reference genome] between these two alignments
			Real Alignment 66: 1 1028 | 3940328 3939301 | 1028 1028 | 99.81 | pa_ill_pa_contig68 contig_2
			  Not a misassembly [fragmentation of reference genome] between these two alignments
			Excluding internal overlap of size 55 between Alignment 67 and 68: 1 647 | 3941087 3941733 | 647 647 --> 1 592 | 3941087 3941678 | 592 592
			Real Alignment 67: 1 592 | 3941087 3941678 | 592 592 | 100.0 | pa_ill_pa_contig77 contig_2
			  Indel (> 5bp) between these two alignments: deletion of length 55; 0 mismatches (number of Ns: 0) [fragmentation of reference genome]
			Real Alignment 68: 1 690 | 3941679 3942368 | 690 690 | 99.86 | pa_ill_pa_contig76 contig_2
			  Not a misassembly [fragmentation of reference genome] between these two alignments
			Excluding internal overlap of size 55 between Alignment 69 and 70: 1 1028 | 3943511 3942484 | 1028 1028 --> 56 1028 | 3943456 3942484 | 973 973
			Real Alignment 69: 56 1028 | 3943456 3942484 | 973 973 | 99.51 | pa_ill_pa_contig68 contig_2
			  Indel (> 5bp) between these two alignments: deletion of length 55; 0 mismatches (number of Ns: 0) [fragmentation of reference genome]
			Excluding internal overlap of size 55 between Alignment 70 and 71: 1 1661 | 3945117 3943457 | 1661 1661 --> 56 1661 | 3945062 3943457 | 1606 1606
			Real Alignment 70: 56 1661 | 3945062 3943457 | 1606 1606 | 100.0 | pa_ill_pa_contig59 contig_2
			  Indel (> 5bp) between these two alignments: deletion of length 55; 0 mismatches (number of Ns: 0) [fragmentation of reference genome]
			Excluding internal overlap of size 55 between Alignment 71 and 72: 1 1682 | 3945063 3946744 | 1682 1682 --> 1 1627 | 3945063 3946689 | 1627 1627
			Real Alignment 71: 1 1627 | 3945063 3946689 | 1627 1627 | 99.52 | pa_ill_pa_contig58 contig_2
			  Indel (> 5bp) between these two alignments: deletion of length 55; 0 mismatches (number of Ns: 0) [fragmentation of reference genome]
			Excluding internal overlap of size 55 between Alignment 72 and 73: 1 1682 | 3951606 3953287 | 1682 1682 --> 56 1682 | 3951661 3953287 | 1627 1627
			Real Alignment 72: 1 4971 | 3946690 3951660 | 4971 4971 | 100.0 | pa_ill_pa_contig46 contig_2
			  Indel (> 5bp) between these two alignments: deletion of length 55; 0 mismatches (number of Ns: 0) [fragmentation of reference genome]
			Excluding internal overlap of size 55 between Alignment 73 and 74: 56 1682 | 3951661 3953287 | 1627 1627 --> 56 1627 | 3951661 3953232 | 1572 1572
			Real Alignment 73: 56 1627 | 3951661 3953232 | 1572 1572 | 99.76 | pa_ill_pa_contig58 contig_2
			  Indel (> 5bp) between these two alignments: deletion of length 55; 0 mismatches (number of Ns: 0) [fragmentation of reference genome]
			Excluding internal overlap of size 55 between Alignment 74 and 75: 1 799 | 3956416 3957214 | 799 799 --> 56 799 | 3956471 3957214 | 744 744
			Real Alignment 74: 1 3238 | 3953233 3956470 | 3238 3238 | 100.0 | pa_ill_pa_contig50 contig_2
			  Indel (> 5bp) between these two alignments: deletion of length 55; 0 mismatches (number of Ns: 0) [fragmentation of reference genome]
			Real Alignment 75: 56 799 | 3956471 3957214 | 744 744 | 99.12 | pa_ill_pa_contig75 contig_2
			  Not a misassembly [fragmentation of reference genome] between these two alignments
			Excluding internal overlap of size 55 between Alignment 76 and 77: 1 799 | 3963997 3964795 | 799 799 --> 56 799 | 3964052 3964795 | 744 744
			Real Alignment 76: 1 6148 | 3964051 3957904 | 6148 6148 | 99.98 | pa_ill_pa_contig43 contig_2
			  Indel (> 5bp) between these two alignments: deletion of length 55; 0 mismatches (number of Ns: 0) [fragmentation of reference genome]
			Real Alignment 77: 56 799 | 3964052 3964795 | 744 744 | 98.62 | pa_ill_pa_contig75 contig_2
			  Not a misassembly [fragmentation of reference genome] between these two alignments
			Excluding internal overlap of size 55 between Alignment 78 and 79: 1 985 | 4033767 4034751 | 985 985 --> 56 985 | 4033822 4034751 | 930 930
			Real Alignment 78: 1 68331 | 3965485 4033821 | 68331 68337 | 99.99 | pa_ill_pa_contig28 contig_2
			  Indel (> 5bp) between these two alignments: deletion of length 55; 0 mismatches (number of Ns: 0) [fragmentation of reference genome]
			Excluding internal overlap of size 55 between Alignment 79 and 80: 56 985 | 4033822 4034751 | 930 930 --> 56 930 | 4033822 4034696 | 875 875
			Real Alignment 79: 56 930 | 4033822 4034696 | 875 875 | 98.48 | pa_ill_pa_contig69 contig_2
			  Indel (> 5bp) between these two alignments: deletion of length 55; 0 mismatches (number of Ns: 0) [fragmentation of reference genome]
			Excluding internal overlap of size 55 between Alignment 80 and 81: 1235 3722 | 4067901 4065414 | 2488 2488 --> 1235 3667 | 4067901 4065469 | 2433 2433
			Real Alignment 80: 1 30768 | 4065468 4034697 | 30768 30772 | 99.96 | pa_ill_pa_contig38 contig_2
			  Indel (> 5bp) between these two alignments: deletion of length 55; 0 mismatches (number of Ns: 0) [fragmentation of reference genome]
			Real Alignment 81: 1235 3667 | 4067901 4065469 | 2433 2433 | 99.44 | pa_ill_pa_contig48 contig_2
			  Gap between these two alignments (local misassembly). Inconsistency = 0
			Excluding internal overlap of size 55 between Alignment 82 and 83: 1 1079 | 4069135 4068057 | 1079 1079 --> 56 1079 | 4069080 4068057 | 1024 1024
			Real Alignment 82: 56 1079 | 4069080 4068057 | 1024 1024 | 99.54 | pa_ill_pa_contig48 contig_2
			  Indel (> 5bp) between these two alignments: deletion of length 55; 0 mismatches (number of Ns: 0) [fragmentation of reference genome]
			Excluding internal overlap of size 55 between Alignment 83 and 84: 1 3064 | 4078679 4075616 | 3064 3064 --> 1 3009 | 4078679 4075671 | 3009 3009
			Real Alignment 83: 1 6590 | 4069081 4075670 | 6590 6590 | 99.82 | pa_ill_pa_contig42 contig_2
			  Indel (> 5bp) between these two alignments: deletion of length 55; 0 mismatches (number of Ns: 0) [fragmentation of reference genome]
			Excluding internal overlap of size 55 between Alignment 84 and 85: 1 3009 | 4078679 4075671 | 3009 3009 --> 56 3009 | 4078624 4075671 | 2954 2954
			Real Alignment 84: 56 3009 | 4078624 4075671 | 2954 2954 | 99.28 | pa_ill_pa_contig51 contig_2
			  Indel (> 5bp) between these two alignments: deletion of length 55; 0 mismatches (number of Ns: 0) [fragmentation of reference genome]
			Excluding internal overlap of size 55 between Alignment 85 and 86: 1 603 | 4105967 4105365 | 603 603 --> 1 548 | 4105967 4105420 | 548 548
			Real Alignment 85: 1 26794 | 4078625 4105419 | 26794 26795 | 99.99 | pa_ill_pa_contig39 contig_2
			  Indel (> 5bp) between these two alignments: deletion of length 55; 0 mismatches (number of Ns: 0) [fragmentation of reference genome]
			Excluding internal overlap of size 55 between Alignment 86 and 87: 1 548 | 4105967 4105420 | 548 548 --> 56 548 | 4105912 4105420 | 493 493
			Real Alignment 86: 56 548 | 4105912 4105420 | 493 493 | 100.0 | pa_ill_pa_contig79 contig_2
			  Indel (> 5bp) between these two alignments: deletion of length 55; 0 mismatches (number of Ns: 0) [fragmentation of reference genome]
			Excluding internal overlap of size 55 between Alignment 87 and 88: 1 944 | 4364439 4365382 | 944 944 --> 56 944 | 4364494 4365382 | 889 889
			Real Alignment 87: 1 258570 | 4364493 4105913 | 258570 258581 | 99.99 | pa_ill_pa_contig8 contig_2
			  Indel (> 5bp) between these two alignments: deletion of length 55; 0 mismatches (number of Ns: 0) [fragmentation of reference genome]
			Excluding internal overlap of size 55 between Alignment 88 and 89: 56 944 | 4364494 4365382 | 889 889 --> 56 889 | 4364494 4365327 | 834 834
			Real Alignment 88: 56 889 | 4364494 4365327 | 834 834 | 99.36 | pa_ill_pa_contig71 contig_2
			  Indel (> 5bp) between these two alignments: deletion of length 55; 0 mismatches (number of Ns: 0) [fragmentation of reference genome]
			Excluding internal overlap of size 55 between Alignment 89 and 90: 1 602 | 4367111 4366510 | 602 602 --> 1 547 | 4367111 4366565 | 547 547
			Real Alignment 89: 1 1237 | 4365328 4366564 | 1237 1237 | 95.64 | pa_ill_pa_contig65 contig_2
			  Indel (> 5bp) between these two alignments: deletion of length 55; 0 mismatches (number of Ns: 0) [fragmentation of reference genome]
			Excluding internal overlap of size 55 between Alignment 90 and 91: 1 547 | 4367111 4366565 | 547 547 --> 56 547 | 4367056 4366565 | 492 492
			Real Alignment 90: 56 547 | 4367056 4366565 | 492 492 | 99.17 | pa_ill_pa_contig80 contig_2
			  Indel (> 5bp) between these two alignments: deletion of length 55; 0 mismatches (number of Ns: 0) [fragmentation of reference genome]
			Excluding internal overlap of size 55 between Alignment 91 and 92: 1 1197 | 4559527 4558331 | 1197 1197 --> 1 1142 | 4559527 4558386 | 1142 1142
			Real Alignment 91: 1 191344 | 4367057 4558385 | 191344 191329 | 99.98 | pa_ill_pa_contig13 contig_2
			  Indel (> 5bp) between these two alignments: deletion of length 55; 0 mismatches (number of Ns: 0) [fragmentation of reference genome]
			Excluding internal overlap of size 16 between Alignment 92 and 93: 1 1142 | 4559527 4558386 | 1142 1142 --> 17 1142 | 4559511 4558386 | 1126 1126
			Real Alignment 92: 17 1142 | 4559511 4558386 | 1126 1126 | 99.83 | pa_ill_pa_contig67 contig_2
			  Indel (> 5bp) between these two alignments: deletion of length 16; 0 mismatches (number of Ns: 0) [fragmentation of reference genome]
			Excluding internal overlap of size 55 between Alignment 93 and 94: 1 86455 | 4559512 4645972 | 86455 86461 --> 1 86400 | 4559512 4645917 | 86400 86406
			Real Alignment 93: 1 86400 | 4559512 4645917 | 86400 86406 | 99.99 | pa_ill_pa_contig25 contig_2
			  Extensive misassembly (translocation) between these two alignments
			Real Alignment 94: 161 249467 | 4645918 4895229 | 249307 249312 | 100.0 | pa_ill_pa_contig9 contig_2
			  Not a misassembly [fragmentation of reference genome] between these two alignments
			Real Alignment 95: 1 2531 | 4898124 4895594 | 2531 2531 | 99.84 | pa_ill_pa_contig53 contig_2
			  Not a misassembly [fragmentation of reference genome] between these two alignments
			Excluding internal overlap of size 55 between Alignment 96 and 97: 1 623 | 4899748 4899126 | 623 623 --> 1 568 | 4899748 4899181 | 568 568
			Real Alignment 96: 1 929 | 4899180 4898252 | 929 929 | 99.35 | pa_ill_pa_contig72 contig_2
			  Indel (> 5bp) between these two alignments: deletion of length 55; 0 mismatches (number of Ns: 0) [fragmentation of reference genome]
			Excluding internal overlap of size 55 between Alignment 97 and 98: 1 568 | 4899748 4899181 | 568 568 --> 56 568 | 4899693 4899181 | 513 513
			Real Alignment 97: 56 568 | 4899693 4899181 | 513 513 | 97.75 | pa_ill_pa_contig78 contig_2
			  Indel (> 5bp) between these two alignments: deletion of length 55; 0 mismatches (number of Ns: 0) [fragmentation of reference genome]
			Excluding internal overlap of size 55 between Alignment 98 and 99: 1 539 | 4903957 4903419 | 539 539 --> 1 484 | 4903957 4903474 | 484 484
			Real Alignment 98: 1 3774 | 4899694 4903473 | 3774 3780 | 90.15 | pa_ill_pa_contig47 contig_2
			  Indel (> 5bp) between these two alignments: deletion of length 55; 0 mismatches (number of Ns: 0) [fragmentation of reference genome]
			Excluding internal overlap of size 55 between Alignment 99 and 100: 1 484 | 4903957 4903474 | 484 484 --> 56 484 | 4903902 4903474 | 429 429
			Real Alignment 99: 56 484 | 4903902 4903474 | 429 429 | 98.33 | pa_ill_pa_contig84 contig_2
			  Indel (> 5bp) between these two alignments: deletion of length 55; 0 mismatches (number of Ns: 0) [fragmentation of reference genome]
			Real Alignment 100: 1 121067 | 5024973 4903903 | 121067 121071 | 100.0 | pa_ill_pa_contig17 contig_2
			  Not a misassembly [fragmentation of reference genome] between these two alignments
			Excluding internal overlap of size 55 between Alignment 101 and 102: 1 1258 | 5082449 5081192 | 1258 1258 --> 1 1203 | 5082449 5081247 | 1203 1203
			Real Alignment 101: 1 56007 | 5025235 5081246 | 56007 56012 | 99.99 | pa_ill_pa_contig32 contig_2
			  Indel (> 5bp) between these two alignments: deletion of length 55; 0 mismatches (number of Ns: 0) [fragmentation of reference genome]
			Excluding internal overlap of size 55 between Alignment 102 and 103: 1 1203 | 5082449 5081247 | 1203 1203 --> 56 1203 | 5082394 5081247 | 1148 1148
			Real Alignment 102: 56 1203 | 5082394 5081247 | 1148 1148 | 99.84 | pa_ill_pa_contig64 contig_2
			  Indel (> 5bp) between these two alignments: deletion of length 55; 0 mismatches (number of Ns: 0) [fragmentation of reference genome]
			Excluding internal overlap of size 303 between Alignment 103 and 104: 1 247386 | 5624657 5377262 | 247386 247396 --> 1 247083 | 5624657 5377565 | 247083 247093
			Real Alignment 103: 247199 542364 | 5377564 5082395 | 295166 295170 | 99.99 | pa_ill_pa_contig2 contig_2
			  Gap between these two alignments (local misassembly). Inconsistency = 115
			Excluding internal overlap of size 55 between Alignment 104 and 105: 1 539 | 5624603 5625141 | 539 539 --> 56 539 | 5624658 5625141 | 484 484
			Real Alignment 104: 1 247083 | 5624657 5377565 | 247083 247093 | 99.99 | pa_ill_pa_contig2 contig_2
			  Indel (> 5bp) between these two alignments: deletion of length 55; 0 mismatches (number of Ns: 0) [fragmentation of reference genome]
			Excluding internal overlap of size 55 between Alignment 105 and 106: 56 539 | 5624658 5625141 | 484 484 --> 56 484 | 5624658 5625086 | 429 429
			Real Alignment 105: 56 484 | 5624658 5625086 | 429 429 | 98.52 | pa_ill_pa_contig84 contig_2
			  Indel (> 5bp) between these two alignments: deletion of length 55; 0 mismatches (number of Ns: 0) [fragmentation of reference genome]
			Excluding internal overlap of size 55 between Alignment 106 and 107: 1 623 | 5628806 5629428 | 623 623 --> 56 623 | 5628861 5629428 | 568 568
			Real Alignment 106: 1 3774 | 5628860 5625087 | 3774 3774 | 100.0 | pa_ill_pa_contig47 contig_2
			  Indel (> 5bp) between these two alignments: deletion of length 55; 0 mismatches (number of Ns: 0) [fragmentation of reference genome]
			Excluding internal overlap of size 55 between Alignment 107 and 108: 56 623 | 5628861 5629428 | 568 568 --> 56 568 | 5628861 5629373 | 513 513
			Real Alignment 107: 56 568 | 5628861 5629373 | 513 513 | 100.0 | pa_ill_pa_contig78 contig_2
			  Indel (> 5bp) between these two alignments: deletion of length 55; 0 mismatches (number of Ns: 0) [fragmentation of reference genome]
			Real Alignment 108: 1 929 | 5629374 5630303 | 929 930 | 98.39 | pa_ill_pa_contig72 contig_2
			  Not a misassembly [fragmentation of reference genome] between these two alignments
			Real Alignment 109: 1 2549 | 5630431 5632979 | 2549 2549 | 100.0 | pa_ill_pa_contig52 contig_2
			  Not a misassembly [fragmentation of reference genome] between these two alignments
			Excluding internal overlap of size 55 between Alignment 110 and 111: 1 1468 | 6037596 6039063 | 1468 1468 --> 56 1468 | 6037651 6039063 | 1413 1413
			Real Alignment 110: 1 404310 | 6037650 5633338 | 404310 404313 | 100.0 | pa_ill_pa_contig4 contig_2
			  Indel (> 5bp) between these two alignments: deletion of length 55; 0 mismatches (number of Ns: 0) [fragmentation of reference genome]
			Excluding internal overlap of size 55 between Alignment 111 and 112: 56 1468 | 6037651 6039063 | 1413 1413 --> 56 1413 | 6037651 6039008 | 1358 1358
			Real Alignment 111: 56 1413 | 6037651 6039008 | 1358 1358 | 100.0 | pa_ill_pa_contig62 contig_2
			  Indel (> 5bp) between these two alignments: deletion of length 55; 0 mismatches (number of Ns: 0) [fragmentation of reference genome]
			Real Alignment 112: 1 122468 | 6039009 6161481 | 122468 122473 | 99.99 | pa_ill_pa_contig16 contig_2
			  Not a misassembly [fragmentation of reference genome] between these two alignments
			Excluding internal overlap of size 55 between Alignment 113 and 114: 1 603 | 6215719 6215117 | 603 603 --> 1 548 | 6215719 6215172 | 548 548
			Real Alignment 113: 1 53273 | 6215171 6161896 | 53273 53276 | 99.99 | pa_ill_pa_contig33 contig_2
			  Indel (> 5bp) between these two alignments: deletion of length 55; 0 mismatches (number of Ns: 0) [fragmentation of reference genome]
			Excluding internal overlap of size 55 between Alignment 114 and 115: 1 548 | 6215719 6215172 | 548 548 --> 56 548 | 6215664 6215172 | 493 493
			Real Alignment 114: 56 548 | 6215664 6215172 | 493 493 | 100.0 | pa_ill_pa_contig79 contig_2
			  Indel (> 5bp) between these two alignments: deletion of length 55; 0 mismatches (number of Ns: 0) [fragmentation of reference genome]
			Excluding internal overlap of size 242 between Alignment 115 and 116: 41099 76514 | 6251080 6215665 | 35416 35416 --> 41341 76514 | 6250838 6215665 | 35174 35174
			Real Alignment 115: 41341 76514 | 6250838 6215665 | 35174 35174 | 99.99 | pa_ill_pa_contig26 contig_2
			  Gap between these two alignments (local misassembly). Inconsistency = 112
			Excluding internal overlap of size 76 between Alignment 116 and 117: 1 846 | 6292831 6291992 | 846 840 --> 1 770 | 6292831 6292068 | 770 764
			Real Alignment 116: 1 41228 | 6292067 6250839 | 41228 41229 | 99.99 | pa_ill_pa_contig26 contig_2
			  Extensive misassembly (translocation) between these two alignments
			Excluding internal overlap of size 55 between Alignment 117 and 118: 1 770 | 6292831 6292068 | 770 764 --> 56 770 | 6292776 6292068 | 715 709
			Real Alignment 117: 56 770 | 6292776 6292068 | 715 709 | 90.05 | pa_ill_pa_contig20 contig_2
			  Indel (> 5bp) between these two alignments: deletion of length 55; 0 mismatches (number of Ns: 0) [fragmentation of reference genome]
			Excluding internal overlap of size 55 between Alignment 118 and 119: 1 5507 | 6298283 6292777 | 5507 5507 --> 56 5507 | 6298228 6292777 | 5452 5452
			Real Alignment 118: 56 5507 | 6298228 6292777 | 5452 5452 | 99.84 | pa_ill_pa_contig45 contig_2
			  Indel (> 5bp) between these two alignments: deletion of length 55; 0 mismatches (number of Ns: 0) [fragmentation of reference genome]
			Excluding internal overlap of size 55 between Alignment 119 and 120: 1 5713 | 6372299 6366588 | 5713 5712 --> 1 5658 | 6372299 6366643 | 5658 5657
			Real Alignment 119: 1 68413 | 6298229 6366642 | 68413 68414 | 99.99 | pa_ill_pa_contig27 contig_2
			  Indel (> 5bp) between these two alignments: deletion of length 55; 0 mismatches (number of Ns: 0) [fragmentation of reference genome]
			Excluding internal overlap of size 55 between Alignment 120 and 121: 1 5658 | 6372299 6366643 | 5658 5657 --> 56 5658 | 6372244 6366643 | 5603 5602
			Real Alignment 120: 56 5658 | 6372244 6366643 | 5603 5602 | 99.93 | pa_ill_pa_contig44 contig_2
			  Indel (> 5bp) between these two alignments: deletion of length 55; 0 mismatches (number of Ns: 0) [fragmentation of reference genome]
			Excluding internal overlap of size 55 between Alignment 121 and 122: 1 1197 | 6460185 6461381 | 1197 1197 --> 56 1197 | 6460240 6461381 | 1142 1142
			Real Alignment 121: 1 87995 | 6460239 6372245 | 87995 87995 | 99.99 | pa_ill_pa_contig24 contig_2
			  Indel (> 5bp) between these two alignments: deletion of length 55; 0 mismatches (number of Ns: 0) [fragmentation of reference genome]
			Excluding internal overlap of size 55 between Alignment 122 and 123: 56 1197 | 6460240 6461381 | 1142 1142 --> 56 1142 | 6460240 6461326 | 1087 1087
			Real Alignment 122: 56 1142 | 6460240 6461326 | 1087 1087 | 99.75 | pa_ill_pa_contig67 contig_2
			  Indel (> 5bp) between these two alignments: deletion of length 55; 0 mismatches (number of Ns: 0) [fragmentation of reference genome]
			Excluding internal overlap of size 55 between Alignment 123 and 124: 1 927 | 6755868 6756794 | 927 927 --> 56 927 | 6755923 6756794 | 872 872
			Real Alignment 123: 1 294591 | 6461327 6755922 | 294591 294596 | 99.99 | pa_ill_pa_contig5 contig_2
			  Indel (> 5bp) between these two alignments: deletion of length 55; 0 mismatches (number of Ns: 0) [fragmentation of reference genome]
			Excluding internal overlap of size 55 between Alignment 124 and 125: 56 927 | 6755923 6756794 | 872 872 --> 56 872 | 6755923 6756739 | 817 817
			Real Alignment 124: 56 872 | 6755923 6756739 | 817 817 | 99.89 | pa_ill_pa_contig73 contig_2
			  Indel (> 5bp) between these two alignments: deletion of length 55; 0 mismatches (number of Ns: 0) [fragmentation of reference genome]
			Real Alignment 125: 1 35650 | 6756740 6792389 | 35650 35650 | 100.0 | pa_ill_pa_contig37 contig_2
		Unaligned bases: 11176

CONTIG: contig_92 (4759008bp)
Best alignment score: 418.0 (LEN: 451, IDY: 92.68), Total number of alignments: 102
			Too much alignments (102), will use speed up heuristics
			Found 0 solid alignments:
			Skipping alignments located inside solid regions since they are redundant:
		Nothing was skipped
			Looking for the best set of alignments (out of 102 total alignments)
		Ambiguity for this contig is not checked for speed up (too much alignments and --ambiguity-usage is "one")
			Skipping redundant alignments after choosing the best set of alignments
		Skipping redundant alignment 3 78 | 52841 52916 | 76 76 | 100.0 | pa_ill_pa_contig9 contig_92
		Skipping redundant alignment 163 238 | 52841 52916 | 76 76 | 100.0 | pa_ill_pa_contig9 contig_92
		Skipping redundant alignment 28782 28858 | 52917 52841 | 77 77 | 100.0 | pa_ill_pa_contig8 contig_92
		Skipping redundant alignment 323 399 | 52841 52917 | 77 77 | 100.0 | pa_ill_pa_contig9 contig_92
		Skipping redundant alignment 93682 93815 | 434652 434519 | 134 134 | 93.28 | pa_ill_pa_contig13 contig_92
		Skipping redundant alignment 84045 84123 | 445038 444960 | 79 79 | 96.2 | pa_ill_pa_contig13 contig_92
		Skipping redundant alignment 65009 65098 | 1504770 1504859 | 90 90 | 91.11 | pa_ill_pa_contig27 contig_92
		Skipping redundant alignment 161 238 | 2487688 2487611 | 78 78 | 100.0 | pa_ill_pa_contig9 contig_92
		Skipping redundant alignment 321 399 | 2487688 2487610 | 79 79 | 100.0 | pa_ill_pa_contig9 contig_92
		Skipping redundant alignment 163517 163628 | 4624955 4624844 | 112 112 | 91.07 | pa_ill_pa_contig4 contig_92
		Skipping redundant alignment 48504 48593 | 1504770 1504859 | 90 90 | 91.11 | pa_ill_pa_contig27 contig_92
		Skipping redundant alignment 159406 159543 | 4629009 4628872 | 138 138 | 92.03 | pa_ill_pa_contig4 contig_92
			The best set is below. Score: 12156.6, number of alignments: 90, unaligned bases: 4743825
		This contig is misassembled.
		This contig is partially unaligned. (Aligned 15183 out of 4759008 non-N bases (0.32%))
			Warning! This contig is more unaligned than misassembled. Contig length is 4759008 (number of Ns: 0) and total length of all aligns is 15183
		Alignment: 4882 5195 | 807034 806721 | 314 314 | 96.18 | pa_ill_pa_contig44 contig_92
		Alignment: 4268 4718 | 807648 807198 | 451 451 | 92.68 | pa_ill_pa_contig44 contig_92
		Alignment: 4118 4233 | 807801 807686 | 116 116 | 93.1 | pa_ill_pa_contig44 contig_92
		Alignment: 3453 3662 | 808469 808260 | 210 210 | 93.81 | pa_ill_pa_contig44 contig_92
		Alignment: 3374 3442 | 808547 808479 | 69 69 | 92.75 | pa_ill_pa_contig44 contig_92
		Alignment: 2892 3062 | 809033 808863 | 171 171 | 91.23 | pa_ill_pa_contig44 contig_92
		Alignment: 2687 2798 | 809247 809136 | 112 112 | 91.07 | pa_ill_pa_contig44 contig_92
		Alignment: 1975 2060 | 809840 809755 | 86 86 | 91.86 | pa_ill_pa_contig44 contig_92
		Alignment: 1813 1967 | 810002 809848 | 155 155 | 92.26 | pa_ill_pa_contig44 contig_92
		Alignment: 1660 1737 | 810156 810079 | 78 78 | 92.31 | pa_ill_pa_contig44 contig_92
		Alignment: 1375 1650 | 810441 810166 | 276 276 | 93.48 | pa_ill_pa_contig44 contig_92
		Alignment: 995 1106 | 810821 810710 | 112 112 | 91.07 | pa_ill_pa_contig44 contig_92
		Alignment: 529 593 | 811293 811229 | 65 65 | 98.46 | pa_ill_pa_contig44 contig_92
		Alignment: 4882 5195 | 1473342 1473029 | 314 314 | 96.18 | pa_ill_pa_contig44 contig_92
		Alignment: 4268 4718 | 1473956 1473506 | 451 451 | 92.68 | pa_ill_pa_contig44 contig_92
		Alignment: 4118 4233 | 1474109 1473994 | 116 116 | 93.1 | pa_ill_pa_contig44 contig_92
		Alignment: 3453 3662 | 1474776 1474567 | 210 210 | 93.81 | pa_ill_pa_contig44 contig_92
		Alignment: 3374 3442 | 1474854 1474786 | 69 69 | 92.75 | pa_ill_pa_contig44 contig_92
		Alignment: 2892 3062 | 1475340 1475170 | 171 171 | 91.23 | pa_ill_pa_contig44 contig_92
		Alignment: 2687 2798 | 1475554 1475443 | 112 112 | 91.07 | pa_ill_pa_contig44 contig_92
		Alignment: 1975 2060 | 1476147 1476062 | 86 86 | 91.86 | pa_ill_pa_contig44 contig_92
		Alignment: 1813 1967 | 1476309 1476155 | 155 155 | 92.26 | pa_ill_pa_contig44 contig_92
		Alignment: 1660 1737 | 1476463 1476386 | 78 78 | 92.31 | pa_ill_pa_contig44 contig_92
		Alignment: 1375 1650 | 1476748 1476473 | 276 276 | 93.48 | pa_ill_pa_contig44 contig_92
		Alignment: 995 1106 | 1477128 1477017 | 112 112 | 91.07 | pa_ill_pa_contig44 contig_92
		Alignment: 529 593 | 1477600 1477536 | 65 65 | 98.46 | pa_ill_pa_contig44 contig_92
		Alignment: 529 593 | 1992593 1992657 | 65 65 | 98.46 | pa_ill_pa_contig44 contig_92
		Alignment: 995 1106 | 1993065 1993176 | 112 112 | 91.07 | pa_ill_pa_contig44 contig_92
		Alignment: 1375 1650 | 1993445 1993720 | 276 276 | 93.48 | pa_ill_pa_contig44 contig_92
		Alignment: 1660 1737 | 1993730 1993807 | 78 78 | 92.31 | pa_ill_pa_contig44 contig_92
		Alignment: 1813 1967 | 1993884 1994038 | 155 155 | 92.26 | pa_ill_pa_contig44 contig_92
		Alignment: 1975 2060 | 1994046 1994131 | 86 86 | 91.86 | pa_ill_pa_contig44 contig_92
		Alignment: 2687 2798 | 1994798 1994909 | 112 112 | 91.07 | pa_ill_pa_contig44 contig_92
		Alignment: 2892 3062 | 1995012 1995182 | 171 171 | 91.23 | pa_ill_pa_contig44 contig_92
		Alignment: 3374 3442 | 1995499 1995567 | 69 69 | 92.75 | pa_ill_pa_contig44 contig_92
		Alignment: 3453 3662 | 1995577 1995786 | 210 210 | 93.81 | pa_ill_pa_contig44 contig_92
		Alignment: 4118 4233 | 1996244 1996359 | 116 116 | 93.1 | pa_ill_pa_contig44 contig_92
		Alignment: 4268 4718 | 1996397 1996847 | 451 451 | 92.68 | pa_ill_pa_contig44 contig_92
		Alignment: 4882 5195 | 1997011 1997324 | 314 314 | 96.18 | pa_ill_pa_contig44 contig_92
		Alignment: 529 593 | 2087695 2087759 | 65 65 | 98.46 | pa_ill_pa_contig44 contig_92
		Alignment: 995 1106 | 2088167 2088278 | 112 112 | 91.07 | pa_ill_pa_contig44 contig_92
		Alignment: 1375 1442 | 2088548 2088615 | 68 68 | 95.59 | pa_ill_pa_contig44 contig_92
		Alignment: 1443 1650 | 2088617 2088824 | 208 208 | 92.79 | pa_ill_pa_contig44 contig_92
		Alignment: 1660 1737 | 2088834 2088911 | 78 78 | 92.31 | pa_ill_pa_contig44 contig_92
		Alignment: 1813 1967 | 2088988 2089142 | 155 155 | 92.26 | pa_ill_pa_contig44 contig_92
		Alignment: 1975 2060 | 2089150 2089235 | 86 86 | 91.86 | pa_ill_pa_contig44 contig_92
		Alignment: 2687 2798 | 2089743 2089854 | 112 112 | 91.07 | pa_ill_pa_contig44 contig_92
		Alignment: 2892 3062 | 2089957 2090127 | 171 171 | 91.23 | pa_ill_pa_contig44 contig_92
		Alignment: 3374 3442 | 2090443 2090511 | 69 69 | 92.75 | pa_ill_pa_contig44 contig_92
		Alignment: 3453 3662 | 2090521 2090730 | 210 210 | 93.81 | pa_ill_pa_contig44 contig_92
		Alignment: 4268 4718 | 2091343 2091793 | 451 451 | 92.68 | pa_ill_pa_contig44 contig_92
		Alignment: 4882 5195 | 2091957 2092270 | 314 314 | 96.18 | pa_ill_pa_contig44 contig_92
		Alignment: 529 593 | 2242948 2243012 | 65 65 | 98.46 | pa_ill_pa_contig44 contig_92
		Alignment: 995 1106 | 2243420 2243531 | 112 112 | 91.07 | pa_ill_pa_contig44 contig_92
		Alignment: 1375 1650 | 2243800 2244075 | 276 276 | 93.48 | pa_ill_pa_contig44 contig_92
		Alignment: 1660 1760 | 2244085 2244185 | 101 101 | 94.06 | pa_ill_pa_contig44 contig_92
		Alignment: 1813 1967 | 2244238 2244392 | 155 155 | 92.26 | pa_ill_pa_contig44 contig_92
		Alignment: 1975 2060 | 2244400 2244485 | 86 86 | 91.86 | pa_ill_pa_contig44 contig_92
		Alignment: 2687 2798 | 2245152 2245263 | 112 112 | 91.07 | pa_ill_pa_contig44 contig_92
		Alignment: 2892 3062 | 2245366 2245536 | 171 171 | 91.23 | pa_ill_pa_contig44 contig_92
		Alignment: 3374 3442 | 2245852 2245920 | 69 69 | 92.75 | pa_ill_pa_contig44 contig_92
		Alignment: 3453 3662 | 2245930 2246139 | 210 210 | 93.33 | pa_ill_pa_contig44 contig_92
		Alignment: 4118 4233 | 2246597 2246712 | 116 116 | 93.1 | pa_ill_pa_contig44 contig_92
		Alignment: 4268 4718 | 2246750 2247200 | 451 451 | 92.68 | pa_ill_pa_contig44 contig_92
		Alignment: 4882 5195 | 2247364 2247677 | 314 314 | 96.18 | pa_ill_pa_contig44 contig_92
		Alignment: 529 593 | 2285865 2285929 | 65 65 | 98.46 | pa_ill_pa_contig44 contig_92
		Alignment: 800 972 | 2286143 2286315 | 173 173 | 91.91 | pa_ill_pa_contig44 contig_92
		Alignment: 995 1106 | 2286338 2286449 | 112 112 | 91.07 | pa_ill_pa_contig44 contig_92
		Alignment: 1375 1650 | 2286718 2286993 | 276 276 | 93.48 | pa_ill_pa_contig44 contig_92
		Alignment: 1660 1737 | 2287003 2287080 | 78 78 | 92.31 | pa_ill_pa_contig44 contig_92
		Alignment: 1813 1967 | 2287157 2287311 | 155 155 | 92.26 | pa_ill_pa_contig44 contig_92
		Alignment: 1975 2060 | 2287319 2287404 | 86 86 | 91.86 | pa_ill_pa_contig44 contig_92
		Alignment: 2917 3062 | 2288152 2288297 | 146 146 | 95.89 | pa_ill_pa_contig44 contig_92
		Alignment: 3374 3442 | 2288613 2288681 | 69 69 | 92.75 | pa_ill_pa_contig44 contig_92
		Alignment: 3453 3662 | 2288691 2288900 | 210 210 | 93.33 | pa_ill_pa_contig44 contig_92
		Alignment: 4118 4233 | 2289358 2289473 | 116 116 | 93.1 | pa_ill_pa_contig44 contig_92
		Alignment: 4268 4718 | 2289511 2289961 | 451 451 | 92.68 | pa_ill_pa_contig44 contig_92
		Alignment: 4882 5195 | 2290125 2290438 | 314 314 | 96.18 | pa_ill_pa_contig44 contig_92
		Alignment: 529 593 | 3035473 3035537 | 65 65 | 98.46 | pa_ill_pa_contig44 contig_92
		Alignment: 995 1106 | 3035945 3036056 | 112 112 | 91.07 | pa_ill_pa_contig44 contig_92
		Alignment: 1375 1536 | 3036325 3036486 | 162 162 | 93.21 | pa_ill_pa_contig44 contig_92
		Alignment: 1542 1650 | 3036492 3036600 | 109 109 | 90.83 | pa_ill_pa_contig44 contig_92
		Alignment: 1660 1760 | 3036610 3036710 | 101 101 | 94.06 | pa_ill_pa_contig44 contig_92
		Alignment: 1813 1967 | 3036763 3036917 | 155 155 | 92.26 | pa_ill_pa_contig44 contig_92
		Alignment: 1975 2060 | 3036925 3037010 | 86 86 | 91.86 | pa_ill_pa_contig44 contig_92
		Alignment: 3374 3442 | 3038477 3038545 | 69 69 | 92.75 | pa_ill_pa_contig44 contig_92
		Alignment: 3453 3662 | 3038555 3038764 | 210 210 | 93.81 | pa_ill_pa_contig44 contig_92
		Alignment: 4118 4233 | 3039222 3039337 | 116 116 | 93.1 | pa_ill_pa_contig44 contig_92
		Alignment: 4268 4718 | 3039375 3039825 | 451 451 | 92.68 | pa_ill_pa_contig44 contig_92
		Alignment: 4882 5195 | 3039989 3040302 | 314 314 | 96.18 | pa_ill_pa_contig44 contig_92
		Unaligned bases: 4743825

CONTIG: contig_93 (4765665bp)
Best alignment score: 513.0 (LEN: 564, IDY: 90.96), Total number of alignments: 95
			Looking for the best set of alignments (out of 95 total alignments)
			Skipping redundant alignments after choosing the best set of alignments
		Skipping redundant alignment 163 238 | 4335473 4335548 | 76 76 | 100.0 | pa_ill_pa_contig9 contig_93
		Skipping redundant alignment 323 399 | 4335473 4335549 | 77 77 | 100.0 | pa_ill_pa_contig9 contig_93
		Skipping redundant alignment 161 240 | 1997075 1996996 | 80 80 | 100.0 | pa_ill_pa_contig9 contig_93
		Skipping redundant alignment 161 238 | 1997187 1997110 | 78 78 | 100.0 | pa_ill_pa_contig9 contig_93
		Skipping redundant alignment 321 398 | 1997187 1997110 | 78 78 | 100.0 | pa_ill_pa_contig9 contig_93
		Skipping redundant alignment 3 78 | 4335473 4335548 | 76 76 | 100.0 | pa_ill_pa_contig9 contig_93
		Skipping redundant alignment 48505 48596 | 1790498 1790407 | 92 92 | 91.3 | pa_ill_pa_contig27 contig_93
		Skipping redundant alignment 65010 65101 | 1790498 1790407 | 92 92 | 91.3 | pa_ill_pa_contig27 contig_93
		Skipping redundant alignment 28781 28858 | 4335550 4335473 | 78 78 | 100.0 | pa_ill_pa_contig8 contig_93
		Skipping redundant alignment 84045 84229 | 4764097 4763913 | 185 185 | 91.35 | pa_ill_pa_contig13 contig_93
		This contig has several significant sets of alignments. [An ambiguously mapped contig]
		Using only the very best set (option --ambiguity-usage is set to "one").
			The best set is below. Score: 11839.7, number of alignments: 85, unaligned bases: 4750841
		This contig is misassembled.
		This contig is partially unaligned. (Aligned 14824 out of 4765665 non-N bases (0.31%))
			Warning! This contig is more unaligned than misassembled. Contig length is 4765665 (number of Ns: 0) and total length of all aligns is 14824
		Alignment: 4882 5195 | 304467 304154 | 314 314 | 96.18 | pa_ill_pa_contig44 contig_93
		Alignment: 4268 4820 | 305082 304530 | 553 553 | 91.14 | pa_ill_pa_contig44 contig_93
		Alignment: 4118 4231 | 305235 305122 | 114 114 | 93.86 | pa_ill_pa_contig44 contig_93
		Alignment: 3453 3662 | 305900 305691 | 210 210 | 93.81 | pa_ill_pa_contig44 contig_93
		Alignment: 3374 3442 | 305978 305910 | 69 69 | 94.2 | pa_ill_pa_contig44 contig_93
		Alignment: 2687 2800 | 306676 306563 | 114 114 | 91.23 | pa_ill_pa_contig44 contig_93
		Alignment: 1975 2060 | 307348 307263 | 86 86 | 91.86 | pa_ill_pa_contig44 contig_93
		Alignment: 1813 1967 | 307510 307356 | 155 155 | 92.26 | pa_ill_pa_contig44 contig_93
		Alignment: 1375 1536 | 307949 307788 | 162 162 | 93.83 | pa_ill_pa_contig44 contig_93
		Alignment: 997 1158 | 308327 308166 | 162 162 | 90.12 | pa_ill_pa_contig44 contig_93
		Alignment: 529 593 | 308801 308737 | 65 65 | 98.46 | pa_ill_pa_contig44 contig_93
		Alignment: 4882 5195 | 1012851 1012538 | 314 314 | 96.18 | pa_ill_pa_contig44 contig_93
		Alignment: 4268 4831 | 1013465 1012902 | 564 564 | 90.96 | pa_ill_pa_contig44 contig_93
		Alignment: 4118 4231 | 1013618 1013505 | 114 114 | 93.86 | pa_ill_pa_contig44 contig_93
		Alignment: 3453 3662 | 1014283 1014074 | 210 210 | 93.81 | pa_ill_pa_contig44 contig_93
		Alignment: 3374 3442 | 1014361 1014293 | 69 69 | 94.2 | pa_ill_pa_contig44 contig_93
		Alignment: 2687 2800 | 1015059 1014946 | 114 114 | 91.23 | pa_ill_pa_contig44 contig_93
		Alignment: 1975 2060 | 1015737 1015652 | 86 86 | 91.86 | pa_ill_pa_contig44 contig_93
		Alignment: 1813 1967 | 1015899 1015745 | 155 155 | 92.26 | pa_ill_pa_contig44 contig_93
		Alignment: 1375 1536 | 1016338 1016177 | 162 162 | 93.83 | pa_ill_pa_contig44 contig_93
		Alignment: 997 1158 | 1016716 1016555 | 162 162 | 90.12 | pa_ill_pa_contig44 contig_93
		Alignment: 529 593 | 1017190 1017126 | 65 65 | 98.46 | pa_ill_pa_contig44 contig_93
		Alignment: 529 593 | 1556221 1556285 | 65 65 | 98.46 | pa_ill_pa_contig44 contig_93
		Alignment: 997 1158 | 1556695 1556856 | 162 162 | 90.12 | pa_ill_pa_contig44 contig_93
		Alignment: 1375 1536 | 1557073 1557234 | 162 162 | 93.83 | pa_ill_pa_contig44 contig_93
		Alignment: 1813 1967 | 1557512 1557666 | 155 155 | 92.26 | pa_ill_pa_contig44 contig_93
		Alignment: 1975 2060 | 1557674 1557759 | 86 86 | 91.86 | pa_ill_pa_contig44 contig_93
		Alignment: 2687 2800 | 1558269 1558382 | 114 114 | 91.23 | pa_ill_pa_contig44 contig_93
		Alignment: 2892 3062 | 1558483 1558653 | 171 171 | 91.23 | pa_ill_pa_contig44 contig_93
		Alignment: 3374 3442 | 1558967 1559035 | 69 69 | 94.2 | pa_ill_pa_contig44 contig_93
		Alignment: 3453 3662 | 1559045 1559254 | 210 210 | 93.81 | pa_ill_pa_contig44 contig_93
		Alignment: 4118 4231 | 1559710 1559823 | 114 114 | 93.86 | pa_ill_pa_contig44 contig_93
		Alignment: 4268 4718 | 1559863 1560313 | 451 451 | 92.68 | pa_ill_pa_contig44 contig_93
		Alignment: 4882 5195 | 1560477 1560790 | 314 314 | 96.18 | pa_ill_pa_contig44 contig_93
		Alignment: 529 593 | 1649852 1649916 | 65 65 | 98.46 | pa_ill_pa_contig44 contig_93
		Alignment: 997 1158 | 1650326 1650487 | 162 162 | 90.12 | pa_ill_pa_contig44 contig_93
		Alignment: 1375 1536 | 1650704 1650865 | 162 162 | 93.83 | pa_ill_pa_contig44 contig_93
		Alignment: 1813 1967 | 1651142 1651296 | 155 155 | 92.26 | pa_ill_pa_contig44 contig_93
		Alignment: 1975 2060 | 1651304 1651389 | 86 86 | 91.86 | pa_ill_pa_contig44 contig_93
		Alignment: 2687 2800 | 1651991 1652104 | 114 114 | 91.23 | pa_ill_pa_contig44 contig_93
		Alignment: 2892 3062 | 1652205 1652375 | 171 171 | 91.23 | pa_ill_pa_contig44 contig_93
		Alignment: 3374 3442 | 1652689 1652757 | 69 69 | 94.2 | pa_ill_pa_contig44 contig_93
		Alignment: 3453 3662 | 1652767 1652976 | 210 210 | 93.81 | pa_ill_pa_contig44 contig_93
		Alignment: 4118 4231 | 1653432 1653545 | 114 114 | 93.86 | pa_ill_pa_contig44 contig_93
		Alignment: 4268 4385 | 1653585 1653702 | 118 118 | 94.92 | pa_ill_pa_contig44 contig_93
		Alignment: 4391 4831 | 1653710 1654150 | 441 441 | 90.25 | pa_ill_pa_contig44 contig_93
		Alignment: 4882 5195 | 1654201 1654514 | 314 314 | 96.18 | pa_ill_pa_contig44 contig_93
		Alignment: 529 593 | 1780989 1781053 | 65 65 | 98.46 | pa_ill_pa_contig44 contig_93
		Alignment: 997 1158 | 1781463 1781624 | 162 162 | 90.12 | pa_ill_pa_contig44 contig_93
		Alignment: 1375 1536 | 1781841 1782002 | 162 162 | 93.83 | pa_ill_pa_contig44 contig_93
		Alignment: 1813 1967 | 1782280 1782434 | 155 155 | 92.26 | pa_ill_pa_contig44 contig_93
		Alignment: 1975 2060 | 1782442 1782527 | 86 86 | 91.86 | pa_ill_pa_contig44 contig_93
		Alignment: 2687 2800 | 1783037 1783150 | 114 114 | 91.23 | pa_ill_pa_contig44 contig_93
		Alignment: 2892 3062 | 1783251 1783421 | 171 171 | 91.23 | pa_ill_pa_contig44 contig_93
		Alignment: 3374 3442 | 1783735 1783803 | 69 69 | 94.2 | pa_ill_pa_contig44 contig_93
		Alignment: 3453 3662 | 1783813 1784022 | 210 210 | 93.81 | pa_ill_pa_contig44 contig_93
		Alignment: 4118 4231 | 1784478 1784591 | 114 114 | 93.86 | pa_ill_pa_contig44 contig_93
		Alignment: 4268 4718 | 1784631 1785081 | 451 451 | 92.68 | pa_ill_pa_contig44 contig_93
		Alignment: 4882 5195 | 1785245 1785558 | 314 314 | 96.18 | pa_ill_pa_contig44 contig_93
		Alignment: 529 593 | 1822391 1822455 | 65 65 | 98.46 | pa_ill_pa_contig44 contig_93
		Alignment: 997 1158 | 1822865 1823026 | 162 162 | 90.12 | pa_ill_pa_contig44 contig_93
		Alignment: 1375 1442 | 1823243 1823310 | 68 68 | 97.06 | pa_ill_pa_contig44 contig_93
		Alignment: 1443 1536 | 1823312 1823405 | 94 94 | 91.49 | pa_ill_pa_contig44 contig_93
		Alignment: 1813 1967 | 1823683 1823837 | 155 155 | 92.26 | pa_ill_pa_contig44 contig_93
		Alignment: 1975 2060 | 1823845 1823930 | 86 86 | 91.86 | pa_ill_pa_contig44 contig_93
		Alignment: 2687 2800 | 1824440 1824553 | 114 114 | 91.23 | pa_ill_pa_contig44 contig_93
		Alignment: 2892 3062 | 1824654 1824824 | 171 171 | 91.23 | pa_ill_pa_contig44 contig_93
		Alignment: 3374 3442 | 1825138 1825206 | 69 69 | 94.2 | pa_ill_pa_contig44 contig_93
		Alignment: 3453 3662 | 1825216 1825425 | 210 210 | 93.81 | pa_ill_pa_contig44 contig_93
		Alignment: 4118 4231 | 1825881 1825994 | 114 114 | 93.86 | pa_ill_pa_contig44 contig_93
		Alignment: 4268 4718 | 1826034 1826484 | 451 451 | 92.68 | pa_ill_pa_contig44 contig_93
		Alignment: 4882 5195 | 1826648 1826961 | 314 314 | 96.18 | pa_ill_pa_contig44 contig_93
		Alignment: 529 593 | 2470251 2470315 | 65 65 | 98.46 | pa_ill_pa_contig44 contig_93
		Alignment: 997 1158 | 2470725 2470886 | 162 162 | 90.12 | pa_ill_pa_contig44 contig_93
		Alignment: 1375 1760 | 2471103 2471488 | 386 386 | 92.75 | pa_ill_pa_contig44 contig_93
		Alignment: 1813 1967 | 2471541 2471695 | 155 155 | 92.26 | pa_ill_pa_contig44 contig_93
		Alignment: 1975 2060 | 2471703 2471788 | 86 86 | 91.86 | pa_ill_pa_contig44 contig_93
		Alignment: 2687 2800 | 2472390 2472503 | 114 114 | 91.23 | pa_ill_pa_contig44 contig_93
		Alignment: 2892 3062 | 2472604 2472774 | 171 171 | 91.23 | pa_ill_pa_contig44 contig_93
		Alignment: 3374 3442 | 2473088 2473156 | 69 69 | 94.2 | pa_ill_pa_contig44 contig_93
		Alignment: 3453 3662 | 2473166 2473375 | 210 210 | 93.81 | pa_ill_pa_contig44 contig_93
		Alignment: 4118 4231 | 2473830 2473943 | 114 114 | 93.86 | pa_ill_pa_contig44 contig_93
		Alignment: 4268 4385 | 2473983 2474100 | 118 118 | 94.92 | pa_ill_pa_contig44 contig_93
		Alignment: 4391 4831 | 2474108 2474548 | 441 441 | 90.25 | pa_ill_pa_contig44 contig_93
		Alignment: 4882 5195 | 2474599 2474912 | 314 314 | 96.18 | pa_ill_pa_contig44 contig_93
		Unaligned bases: 4750841

CONTIG: contig_103 (2721107bp)
Best alignment score: 211.0 (LEN: 233, IDY: 90.56), Total number of alignments: 18
			Looking for the best set of alignments (out of 18 total alignments)
			The best set is below. Score: 914.1, number of alignments: 18, unaligned bases: 2718481
		This contig is misassembled.
		This contig is partially unaligned. (Aligned 2626 out of 2721107 non-N bases (0.10%))
			Warning! This contig is more unaligned than misassembled. Contig length is 2721107 (number of Ns: 0) and total length of all aligns is 2626
		Alignment: 1397 1503 | 696282 696388 | 107 107 | 96.26 | pa_ill_pa_contig44 contig_103
		Alignment: 4403 4500 | 699290 699387 | 98 98 | 96.94 | pa_ill_pa_contig44 contig_103
		Alignment: 4903 5134 | 699790 700021 | 232 232 | 90.95 | pa_ill_pa_contig44 contig_103
		Alignment: 1397 1503 | 809748 809854 | 107 107 | 96.26 | pa_ill_pa_contig44 contig_103
		Alignment: 4403 4500 | 812801 812898 | 98 98 | 96.94 | pa_ill_pa_contig44 contig_103
		Alignment: 4903 5134 | 813301 813533 | 232 233 | 90.56 | pa_ill_pa_contig44 contig_103
		Alignment: 1397 1503 | 945834 945940 | 107 107 | 96.26 | pa_ill_pa_contig44 contig_103
		Alignment: 4403 4500 | 948887 948984 | 98 98 | 96.94 | pa_ill_pa_contig44 contig_103
		Alignment: 4903 5134 | 949387 949619 | 232 233 | 90.56 | pa_ill_pa_contig44 contig_103
		Alignment: 4903 5134 | 2306445 2306214 | 232 232 | 90.95 | pa_ill_pa_contig44 contig_103
		Alignment: 4403 4500 | 2306945 2306848 | 98 98 | 96.94 | pa_ill_pa_contig44 contig_103
		Alignment: 1397 1503 | 2309875 2309769 | 107 107 | 96.26 | pa_ill_pa_contig44 contig_103
		Alignment: 4903 5134 | 2311671 2311439 | 232 233 | 90.56 | pa_ill_pa_contig44 contig_103
		Alignment: 4403 4500 | 2312171 2312074 | 98 98 | 96.94 | pa_ill_pa_contig44 contig_103
		Alignment: 1397 1503 | 2315132 2315026 | 107 107 | 96.26 | pa_ill_pa_contig44 contig_103
		Alignment: 4903 5134 | 2356257 2356025 | 232 233 | 90.56 | pa_ill_pa_contig44 contig_103
		Alignment: 4403 4500 | 2356757 2356660 | 98 98 | 96.94 | pa_ill_pa_contig44 contig_103
		Alignment: 1397 1503 | 2359779 2359673 | 107 107 | 96.26 | pa_ill_pa_contig44 contig_103
		Unaligned bases: 2718481

CONTIG: contig_125 (2845573bp)
Best alignment score: 129.0 (LEN: 142, IDY: 90.85), Total number of alignments: 12
			Looking for the best set of alignments (out of 12 total alignments)
			Skipping redundant alignments after choosing the best set of alignments
		Skipping redundant alignment 1200 1338 | 718554 718692 | 139 139 | 91.37 | pa_ill_pa_contig44 contig_125
		Skipping redundant alignment 1397 1538 | 718752 718893 | 142 142 | 90.85 | pa_ill_pa_contig44 contig_125
		Skipping redundant alignment 4406 4500 | 721644 721738 | 95 95 | 96.84 | pa_ill_pa_contig44 contig_125
		Skipping redundant alignment 1200 1338 | 1337820 1337958 | 139 139 | 91.37 | pa_ill_pa_contig44 contig_125
		Skipping redundant alignment 1397 1538 | 1338018 1338159 | 142 142 | 90.85 | pa_ill_pa_contig44 contig_125
		Skipping redundant alignment 4406 4500 | 1340910 1341004 | 95 95 | 96.84 | pa_ill_pa_contig44 contig_125
			The best set is below. Score: 350.5, number of alignments: 6, unaligned bases: 2844821
		This contig is misassembled.
		This contig is partially unaligned. (Aligned 752 out of 2845573 non-N bases (0.03%))
			Warning! This contig is more unaligned than misassembled. Contig length is 2845573 (number of Ns: 0) and total length of all aligns is 752
		Alignment: 4406 4500 | 903 809 | 95 95 | 96.84 | pa_ill_pa_contig44 contig_125
		Alignment: 1397 1538 | 3693 3552 | 142 142 | 90.85 | pa_ill_pa_contig44 contig_125
		Alignment: 1200 1338 | 3891 3753 | 139 139 | 91.37 | pa_ill_pa_contig44 contig_125
		Alignment: 1200 1338 | 275397 275535 | 139 139 | 91.37 | pa_ill_pa_contig44 contig_125
		Alignment: 1397 1538 | 275595 275736 | 142 142 | 90.85 | pa_ill_pa_contig44 contig_125
		Alignment: 4406 4500 | 278385 278479 | 95 95 | 96.84 | pa_ill_pa_contig44 contig_125
		Unaligned bases: 2844821

CONTIG: contig_83 (2992181bp)
Best alignment score: 127.0 (LEN: 138, IDY: 92.03), Total number of alignments: 18
			Looking for the best set of alignments (out of 18 total alignments)
			Skipping redundant alignments after choosing the best set of alignments
		Skipping redundant alignment 1201 1338 | 1078472 1078609 | 138 138 | 92.03 | pa_ill_pa_contig44 contig_83
		Skipping redundant alignment 1397 1517 | 1078669 1078789 | 121 121 | 95.04 | pa_ill_pa_contig44 contig_83
		Skipping redundant alignment 4406 4488 | 1081749 1081831 | 83 83 | 97.59 | pa_ill_pa_contig44 contig_83
		Skipping redundant alignment 1201 1338 | 1677010 1677147 | 138 138 | 92.03 | pa_ill_pa_contig44 contig_83
		Skipping redundant alignment 1397 1517 | 1677207 1677327 | 121 121 | 95.04 | pa_ill_pa_contig44 contig_83
		Skipping redundant alignment 4406 4488 | 1680036 1680118 | 83 83 | 97.59 | pa_ill_pa_contig44 contig_83
		Skipping redundant alignment 1201 1338 | 1781687 1781824 | 138 138 | 92.03 | pa_ill_pa_contig44 contig_83
		Skipping redundant alignment 1443 1517 | 1781931 1782005 | 75 75 | 96.0 | pa_ill_pa_contig44 contig_83
		Skipping redundant alignment 4406 4488 | 1784714 1784796 | 83 83 | 97.59 | pa_ill_pa_contig44 contig_83
			The best set is below. Score: 378.3, number of alignments: 9, unaligned bases: 2991155
		This contig is misassembled.
		This contig is partially unaligned. (Aligned 1026 out of 2992181 non-N bases (0.03%))
			Warning! This contig is more unaligned than misassembled. Contig length is 2992181 (number of Ns: 0) and total length of all aligns is 1026
		Alignment: 4406 4488 | 286989 286907 | 83 83 | 97.59 | pa_ill_pa_contig44 contig_83
		Alignment: 1397 1517 | 289818 289698 | 121 121 | 95.04 | pa_ill_pa_contig44 contig_83
		Alignment: 1201 1338 | 290015 289878 | 138 138 | 92.03 | pa_ill_pa_contig44 contig_83
		Alignment: 4406 4488 | 293008 292926 | 83 83 | 97.59 | pa_ill_pa_contig44 contig_83
		Alignment: 1397 1517 | 295837 295717 | 121 121 | 95.04 | pa_ill_pa_contig44 contig_83
		Alignment: 1201 1338 | 296034 295897 | 138 138 | 92.03 | pa_ill_pa_contig44 contig_83
		Alignment: 4406 4488 | 530567 530485 | 83 83 | 97.59 | pa_ill_pa_contig44 contig_83
		Alignment: 1397 1517 | 533647 533527 | 121 121 | 95.04 | pa_ill_pa_contig44 contig_83
		Alignment: 1201 1338 | 533844 533707 | 138 138 | 92.03 | pa_ill_pa_contig44 contig_83
		Unaligned bases: 2991155

CONTIG: contig_86 (4045837bp)
Best alignment score: 125.0 (LEN: 138, IDY: 90.58), Total number of alignments: 30
			Looking for the best set of alignments (out of 30 total alignments)
			Skipping redundant alignments after choosing the best set of alignments
		Skipping redundant alignment 4406 4535 | 1503966 1503837 | 130 130 | 90.77 | pa_ill_pa_contig44 contig_86
		Skipping redundant alignment 1397 1515 | 1506715 1506597 | 119 119 | 94.12 | pa_ill_pa_contig44 contig_86
		Skipping redundant alignment 1201 1338 | 1506912 1506775 | 138 138 | 90.58 | pa_ill_pa_contig44 contig_86
		Skipping redundant alignment 1201 1338 | 3489012 3489149 | 138 138 | 90.58 | pa_ill_pa_contig44 contig_86
		Skipping redundant alignment 1443 1515 | 3489256 3489328 | 73 73 | 97.26 | pa_ill_pa_contig44 contig_86
		Skipping redundant alignment 4406 4535 | 3491959 3492088 | 130 130 | 90.77 | pa_ill_pa_contig44 contig_86
		This contig has several significant sets of alignments. [An ambiguously mapped contig]
		Using only the very best set (option --ambiguity-usage is set to "one").
			The best set is below. Score: 838.0, number of alignments: 24, unaligned bases: 4042741
		This contig is misassembled.
		This contig is partially unaligned. (Aligned 3096 out of 4045837 non-N bases (0.08%))
			Warning! This contig is more unaligned than misassembled. Contig length is 4045837 (number of Ns: 0) and total length of all aligns is 3096
		Alignment: 1201 1338 | 2580717 2580854 | 138 138 | 90.58 | pa_ill_pa_contig44 contig_86
		Alignment: 1397 1515 | 2580914 2581032 | 119 119 | 94.12 | pa_ill_pa_contig44 contig_86
		Alignment: 4406 4535 | 2583840 2583969 | 130 130 | 90.77 | pa_ill_pa_contig44 contig_86
		Alignment: 1201 1338 | 2601329 2601466 | 138 138 | 90.58 | pa_ill_pa_contig44 contig_86
		Alignment: 1397 1515 | 2601526 2601644 | 119 119 | 94.12 | pa_ill_pa_contig44 contig_86
		Alignment: 4406 4535 | 2604452 2604581 | 130 130 | 90.77 | pa_ill_pa_contig44 contig_86
		Alignment: 1201 1338 | 2661663 2661800 | 138 138 | 90.58 | pa_ill_pa_contig44 contig_86
		Alignment: 1397 1515 | 2661860 2661978 | 119 119 | 94.12 | pa_ill_pa_contig44 contig_86
		Alignment: 4406 4535 | 2664609 2664738 | 130 130 | 90.77 | pa_ill_pa_contig44 contig_86
		Alignment: 1201 1338 | 2667586 2667723 | 138 138 | 90.58 | pa_ill_pa_contig44 contig_86
		Alignment: 1397 1515 | 2667783 2667901 | 119 119 | 94.12 | pa_ill_pa_contig44 contig_86
		Alignment: 4406 4535 | 2670532 2670661 | 130 130 | 90.77 | pa_ill_pa_contig44 contig_86
		Alignment: 1201 1338 | 2732130 2732267 | 138 138 | 90.58 | pa_ill_pa_contig44 contig_86
		Alignment: 1397 1515 | 2732327 2732445 | 119 119 | 94.12 | pa_ill_pa_contig44 contig_86
		Alignment: 4406 4535 | 2735076 2735205 | 130 130 | 90.77 | pa_ill_pa_contig44 contig_86
		Alignment: 1201 1338 | 2737743 2737880 | 138 138 | 90.58 | pa_ill_pa_contig44 contig_86
		Alignment: 1397 1515 | 2737940 2738058 | 119 119 | 94.12 | pa_ill_pa_contig44 contig_86
		Alignment: 4406 4535 | 2740689 2740818 | 130 130 | 90.77 | pa_ill_pa_contig44 contig_86
		Alignment: 1201 1338 | 2742745 2742882 | 138 138 | 90.58 | pa_ill_pa_contig44 contig_86
		Alignment: 1397 1515 | 2742942 2743060 | 119 119 | 94.12 | pa_ill_pa_contig44 contig_86
		Alignment: 4406 4535 | 2745691 2745820 | 130 130 | 90.77 | pa_ill_pa_contig44 contig_86
		Alignment: 1201 1338 | 3196228 3196365 | 138 138 | 90.58 | pa_ill_pa_contig44 contig_86
		Alignment: 1397 1515 | 3196425 3196543 | 119 119 | 94.12 | pa_ill_pa_contig44 contig_86
		Alignment: 4406 4535 | 3199174 3199303 | 130 130 | 90.77 | pa_ill_pa_contig44 contig_86
		Unaligned bases: 4042741

CONTIG: contig_90 (1946508bp)
Best alignment score: 117.0 (LEN: 128, IDY: 91.41), Total number of alignments: 7
			Looking for the best set of alignments (out of 7 total alignments)
			Skipping redundant alignments after choosing the best set of alignments
		Skipping redundant alignment 1397 1521 | 68909 68785 | 125 125 | 92.8 | pa_ill_pa_contig44 contig_90
		Skipping redundant alignment 1397 1521 | 145818 145694 | 125 125 | 92.8 | pa_ill_pa_contig44 contig_90
		Skipping redundant alignment 1397 1521 | 181345 181221 | 125 125 | 92.8 | pa_ill_pa_contig44 contig_90
		Skipping redundant alignment 1873 1938 | 1659329 1659264 | 66 66 | 92.42 | pa_ill_pa_contig44 contig_90
		Skipping redundant alignment 1397 1521 | 1659814 1659690 | 125 125 | 92.8 | pa_ill_pa_contig44 contig_90
			The best set is below. Score: 233.0, number of alignments: 2, unaligned bases: 1946255
		This contig is misassembled.
		This contig is partially unaligned. (Aligned 253 out of 1946508 non-N bases (0.01%))
			Warning! This contig is more unaligned than misassembled. Contig length is 1946508 (number of Ns: 0) and total length of all aligns is 253
		Alignment: 1397 1521 | 842827 842951 | 125 125 | 92.8 | pa_ill_pa_contig44 contig_90
		Alignment: 4406 4533 | 845794 845921 | 128 128 | 91.41 | pa_ill_pa_contig44 contig_90
		Unaligned bases: 1946255

Analyzing coverage...
Writing SNPs into /media3/lucia/zymo_mock_community/asms_cuantizados/v8_3-3-21_1bin/metaquast-1bin-v4/runs_per_reference/pa_ill/contigs_reports/minimap_output/r10_1bin_v4_2_r1_medaka.used_snps.gz

Analysis is finished!
Founded SNPs were written into /media3/lucia/zymo_mock_community/asms_cuantizados/v8_3-3-21_1bin/metaquast-1bin-v4/runs_per_reference/pa_ill/contigs_reports/minimap_output/r10_1bin_v4_2_r1_medaka.used_snps.gz

Results:
	Local Misassemblies: 11
	Misassemblies: 6
		Relocations: 0
		Translocations: 6
		Inversions: 0
	Scaffold gap extensive misassemblies: 0
	Scaffold gap local misassemblies: 0
	Misassemblies caused by fragmented reference: 21
	Misassembled Contigs: 1
	Misassembled Contig Bases: 6792389
	Misassemblies Inter-Contig Overlap: 0
Unaligned Contigs: 0 + 8 part
Half Unaligned Contigs with Misassemblies: 7
Unaligned Contig Bases: 24049295

Ambiguously Mapped Contigs: 2
Total Bases in Ambiguously Mapped Contigs: 8811502
Extra Bases in Ambiguously Mapped Contigs: 0
Note that --allow-ambiguity option was set to "one" and only first alignment per each of these contigs was used.

	Covered Bases: 6720751

	SNPs: 3805
	Insertions: 391
	Deletions: 5056

