Aligning contigs to reference...
	Aligning contigs to the reference
Filtering alignments...
Parsing coords...
Loading reference...
	Loaded [lm_ill_lm_contig11]
	Loaded [lm_ill_lm_contig10]
	Loaded [lm_ill_lm_contig12]
	Loaded [lm_ill_lm_contig21]
	Loaded [lm_ill_lm_contig16]
	Loaded [lm_ill_lm_contig37]
	Loaded [lm_ill_lm_contig29]
	Loaded [lm_ill_lm_contig2]
	Loaded [lm_ill_lm_contig1]
	Loaded [lm_ill_lm_contig3]
	Loaded [lm_ill_lm_contig27]
	Loaded [lm_ill_lm_contig5]
	Loaded [lm_ill_lm_contig4]
	Loaded [lm_ill_lm_contig7]
	Loaded [lm_ill_lm_contig6]
	Loaded [lm_ill_lm_contig8]
	Total Regions: 16
	Total Region Length: 2958570
Analyzing contigs...
CONTIG: contig_86 (2992072bp)
Best alignment score: 538028.0 (LEN: 538028, IDY: 100.00), Total number of alignments: 56
			Looking for the best set of alignments (out of 56 total alignments)
			Skipping redundant alignments after choosing the best set of alignments
		Skipping redundant alignment 1141 1216 | 1304502 1304427 | 76 76 | 100.0 | lm_ill_lm_contig1 contig_86
		Skipping redundant alignment 1218 1870 | 2554 1902 | 653 653 | 96.02 | lm_ill_lm_contig11 contig_86
		Skipping redundant alignment 1703 2447 | 1939 2683 | 745 745 | 92.44 | lm_ill_lm_contig10 contig_86
		Skipping redundant alignment 1932 2006 | 1415577 1415651 | 75 75 | 93.33 | lm_ill_lm_contig11 contig_86
		Skipping redundant alignment 1932 2508 | 6333 5757 | 577 577 | 94.97 | lm_ill_lm_contig11 contig_86
		Skipping redundant alignment 1 363 | 1418079 1418441 | 363 363 | 91.46 | lm_ill_lm_contig11 contig_86
		Skipping redundant alignment 935 1665 | 1418926 1419656 | 731 731 | 91.24 | lm_ill_lm_contig11 contig_86
		Skipping redundant alignment 542673 542799 | 290933 290807 | 127 127 | 100.0 | lm_ill_lm_contig2 contig_86
		Skipping redundant alignment 331 404 | 291711 291784 | 74 74 | 100.0 | lm_ill_lm_contig29 contig_86
		Skipping redundant alignment 331 404 | 1785934 1785861 | 74 74 | 100.0 | lm_ill_lm_contig29 contig_86
		Skipping redundant alignment 862 935 | 532836 532763 | 74 74 | 100.0 | lm_ill_lm_contig1 contig_86
		Skipping redundant alignment 862 935 | 1079420 1079493 | 74 74 | 100.0 | lm_ill_lm_contig1 contig_86
		Skipping redundant alignment 232021 232164 | 1083002 1082859 | 144 144 | 100.0 | lm_ill_lm_contig5 contig_86
		Skipping redundant alignment 666 745 | 1083783 1083862 | 80 80 | 97.5 | lm_ill_lm_contig1 contig_86
		Skipping redundant alignment 2007 2579 | 1415653 1416225 | 573 573 | 91.62 | lm_ill_lm_contig11 contig_86
		Skipping redundant alignment 461 532 | 1304427 1304498 | 72 72 | 100.0 | lm_ill_lm_contig29 contig_86
		Skipping redundant alignment 782245 782323 | 1304421 1304499 | 79 79 | 100.0 | lm_ill_lm_contig1 contig_86
		This contig has several significant sets of alignments. [An ambiguously mapped contig]
		Using only the very best set (option --ambiguity-usage is set to "one").
			The best set is below. Score: 2985049.7, number of alignments: 39, unaligned bases: 5934
		This contig is misassembled.
		This contig is partially unaligned. (Aligned 2986138 out of 2992072 non-N bases (99.80%))
			Excluding internal overlap of size 55 between Alignment 1 and 2: 1204895 1205589 | 1 695 | 695 695 --> 1204895 1205534 | 1 640 | 640 640
			Real Alignment 1: 1204895 1205534 | 1 640 | 640 640 | 100.0 | lm_ill_lm_contig1 contig_86
			  Indel (> 5bp) between these two alignments: deletion of length 55; 0 mismatches (number of Ns: 0) [fragmentation of reference genome]
			Real Alignment 2: 1 1131 | 641 1771 | 1131 1131 | 98.94 | lm_ill_lm_contig21 contig_86
			  Not a misassembly [fragmentation of reference genome] between these two alignments
			Real Alignment 3: 1 3660 | 2442 6101 | 3660 3660 | 99.73 | lm_ill_lm_contig10 contig_86
			  Not a misassembly [fragmentation of reference genome] between these two alignments
			Excluding internal overlap of size 55 between Alignment 4 and 5: 1 768 | 7444 6677 | 768 768 --> 56 768 | 7389 6677 | 713 713
			Real Alignment 4: 56 768 | 7389 6677 | 713 713 | 99.22 | lm_ill_lm_contig27 contig_86
			  Indel (> 5bp) between these two alignments: deletion of length 55; 0 mismatches (number of Ns: 0) [fragmentation of reference genome]
			Excluding internal overlap of size 55 between Alignment 5 and 6: 1 3237 | 285773 289009 | 3237 3237 --> 56 3237 | 285828 289009 | 3182 3182
			Real Alignment 5: 1 278439 | 285827 7390 | 278439 278438 | 100.0 | lm_ill_lm_contig3 contig_86
			  Indel (> 5bp) between these two alignments: deletion of length 55; 0 mismatches (number of Ns: 0) [fragmentation of reference genome]
			Real Alignment 6: 56 3237 | 285828 289009 | 3182 3182 | 100.0 | lm_ill_lm_contig12 contig_86
			  Not a misassembly [fragmentation of reference genome] between these two alignments
			Real Alignment 7: 1 1778 | 290861 289084 | 1778 1778 | 99.94 | lm_ill_lm_contig16 contig_86
			  Not a misassembly [fragmentation of reference genome] between these two alignments
			Real Alignment 8: 1 595 | 291587 290991 | 595 597 | 98.66 | lm_ill_lm_contig37 contig_86
			  Not a misassembly [fragmentation of reference genome] between these two alignments
			Real Alignment 9: 1 3237 | 291792 295028 | 3237 3237 | 100.0 | lm_ill_lm_contig12 contig_86
			  Not a misassembly [fragmentation of reference genome] between these two alignments
			Excluding internal overlap of size 55 between Alignment 10 and 11: 1 1778 | 296880 295103 | 1778 1778 --> 56 1778 | 296825 295103 | 1723 1723
			Real Alignment 10: 56 1778 | 296825 295103 | 1723 1723 | 99.89 | lm_ill_lm_contig16 contig_86
			  Indel (> 5bp) between these two alignments: deletion of length 55; 0 mismatches (number of Ns: 0) [fragmentation of reference genome]
			Real Alignment 11: 1 37130 | 296826 333955 | 37130 37130 | 99.99 | lm_ill_lm_contig5 contig_86
			  Gap between these two alignments (local misassembly). Inconsistency = -408
			Real Alignment 12: 36861 201191 | 334094 498423 | 164331 164330 | 99.99 | lm_ill_lm_contig5 contig_86
			  Gap between these two alignments (local misassembly). Inconsistency = 0
			Excluding internal overlap of size 55 between Alignment 13 and 14: 1 3237 | 529342 532579 | 3237 3238 --> 56 3237 | 529397 532579 | 3182 3183
			Real Alignment 13: 201553 232164 | 498785 529396 | 30612 30612 | 100.0 | lm_ill_lm_contig5 contig_86
			  Indel (> 5bp) between these two alignments: deletion of length 55; 0 mismatches (number of Ns: 0) [fragmentation of reference genome]
			Real Alignment 14: 56 3237 | 529397 532579 | 3182 3183 | 99.94 | lm_ill_lm_contig12 contig_86
			  Not a misassembly [fragmentation of reference genome] between these two alignments
			Excluding internal overlap of size 55 between Alignment 15 and 16: 1 1778 | 534682 532905 | 1778 1778 --> 56 1778 | 534627 532905 | 1723 1723
			Real Alignment 15: 56 1778 | 534627 532905 | 1723 1723 | 99.94 | lm_ill_lm_contig16 contig_86
			  Indel (> 5bp) between these two alignments: deletion of length 55; 0 mismatches (number of Ns: 0) [fragmentation of reference genome]
			Excluding internal overlap of size 318 between Alignment 16 and 17: 537510 542799 | 1072338 1077628 | 5290 5291 --> 537826 542799 | 1072656 1077628 | 4974 4973
			Real Alignment 16: 1 538033 | 534628 1072655 | 538033 538028 | 100.0 | lm_ill_lm_contig2 contig_86
			  Overlap between these two alignments (local misassembly). Inconsistency = -208
			Excluding internal overlap of size 55 between Alignment 17 and 18: 1 1778 | 1077574 1079351 | 1778 1778 --> 56 1778 | 1077629 1079351 | 1723 1723
			Real Alignment 17: 537826 542799 | 1072656 1077628 | 4974 4973 | 99.79 | lm_ill_lm_contig2 contig_86
			  Indel (> 5bp) between these two alignments: deletion of length 55; 0 mismatches (number of Ns: 0) [fragmentation of reference genome]
			Real Alignment 18: 56 1778 | 1077629 1079351 | 1723 1723 | 100.0 | lm_ill_lm_contig16 contig_86
			  Not a misassembly [fragmentation of reference genome] between these two alignments
			Real Alignment 19: 1 3237 | 1082913 1079677 | 3237 3237 | 99.97 | lm_ill_lm_contig12 contig_86
			  Not a misassembly [fragmentation of reference genome] between these two alignments
			Real Alignment 20: 1 740 | 1083660 1082919 | 740 742 | 99.73 | lm_ill_lm_contig29 contig_86
			  Not a misassembly [fragmentation of reference genome] between these two alignments
			Real Alignment 21: 1 220359 | 1083796 1304153 | 220359 220358 | 100.0 | lm_ill_lm_contig6 contig_86
			  Not a misassembly [fragmentation of reference genome] between these two alignments
			Excluding internal overlap of size 193 between Alignment 22 and 23: 277713 278439 | 1413794 1414520 | 727 727 --> 277906 278439 | 1413987 1414520 | 534 534
			Real Alignment 22: 1 109542 | 1413986 1304445 | 109542 109542 | 100.0 | lm_ill_lm_contig7 contig_86
			  Extensive misassembly (translocation) between these two alignments
			Excluding internal overlap of size 55 between Alignment 23 and 24: 277906 278439 | 1413987 1414520 | 534 534 --> 277906 278384 | 1413987 1414465 | 479 479
			Real Alignment 23: 277906 278384 | 1413987 1414465 | 479 479 | 96.29 | lm_ill_lm_contig3 contig_86
			  Indel (> 5bp) between these two alignments: deletion of length 55; 0 mismatches (number of Ns: 0) [fragmentation of reference genome]
			Real Alignment 24: 1 768 | 1414466 1415233 | 768 768 | 99.61 | lm_ill_lm_contig27 contig_86
			  Not a misassembly [fragmentation of reference genome] between these two alignments
			Real Alignment 25: 1 3504 | 1415863 1419366 | 3504 3504 | 99.83 | lm_ill_lm_contig11 contig_86
			  Not a misassembly [fragmentation of reference genome] between these two alignments
			Excluding internal overlap of size 55 between Alignment 26 and 27: 1204919 1205589 | 1421737 1421068 | 671 670 --> 1204919 1205534 | 1421737 1421123 | 616 615
			Real Alignment 26: 1 1131 | 1421122 1419992 | 1131 1131 | 99.56 | lm_ill_lm_contig21 contig_86
			  Indel (> 5bp) between these two alignments: deletion of length 55; 0 mismatches (number of Ns: 0) [fragmentation of reference genome]
			Excluding internal overlap of size 163 between Alignment 27 and 28: 1204919 1205534 | 1421737 1421123 | 616 615 --> 1205085 1205534 | 1421574 1421123 | 450 452
			Real Alignment 27: 1205085 1205534 | 1421574 1421123 | 450 452 | 95.69 | lm_ill_lm_contig1 contig_86
			  Extensive misassembly (translocation) between these two alignments
			Excluding internal overlap of size 55 between Alignment 28 and 29: 1 1778 | 1676088 1677865 | 1778 1778 --> 56 1778 | 1676143 1677865 | 1723 1723
			Real Alignment 28: 1 254567 | 1676142 1421575 | 254567 254568 | 100.0 | lm_ill_lm_contig4 contig_86
			  Indel (> 5bp) between these two alignments: deletion of length 55; 0 mismatches (number of Ns: 0) [fragmentation of reference genome]
			Real Alignment 29: 56 1778 | 1676143 1677865 | 1723 1723 | 100.0 | lm_ill_lm_contig16 contig_86
			  Not a misassembly [fragmentation of reference genome] between these two alignments
			Excluding internal overlap of size 55 between Alignment 30 and 31: 1 3237 | 1681176 1677940 | 3237 3237 --> 56 3237 | 1681121 1677940 | 3182 3182
			Real Alignment 30: 56 3237 | 1681121 1677940 | 3182 3182 | 99.97 | lm_ill_lm_contig12 contig_86
			  Indel (> 5bp) between these two alignments: deletion of length 55; 0 mismatches (number of Ns: 0) [fragmentation of reference genome]
			Excluding internal overlap of size 55 between Alignment 31 and 32: 1 1778 | 1780765 1782542 | 1778 1778 --> 56 1778 | 1780820 1782542 | 1723 1723
			Real Alignment 31: 1 99698 | 1780819 1681122 | 99698 99698 | 100.0 | lm_ill_lm_contig8 contig_86
			  Indel (> 5bp) between these two alignments: deletion of length 55; 0 mismatches (number of Ns: 0) [fragmentation of reference genome]
			Real Alignment 32: 56 1778 | 1780820 1782542 | 1723 1723 | 99.94 | lm_ill_lm_contig16 contig_86
			  Not a misassembly [fragmentation of reference genome] between these two alignments
			Real Alignment 33: 1 3237 | 1785853 1782617 | 3237 3237 | 100.0 | lm_ill_lm_contig12 contig_86
			  Not a misassembly [fragmentation of reference genome] between these two alignments
			Excluding internal overlap of size 36 between Alignment 34 and 35: 1 595 | 1786058 1786652 | 595 595 --> 1 559 | 1786058 1786616 | 559 559
			Real Alignment 34: 1 559 | 1786058 1786616 | 559 559 | 96.68 | lm_ill_lm_contig37 contig_86
			  Indel (> 5bp) between these two alignments: deletion of length 36; 0 mismatches (number of Ns: 0) [fragmentation of reference genome]
			Real Alignment 35: 1 475911 | 1786617 2262525 | 475911 475909 | 100.0 | lm_ill_lm_contig1 contig_86
			  Gap between these two alignments (local misassembly). Inconsistency = 0
			Real Alignment 36: 476227 476309 | 2262841 2262923 | 83 83 | 97.59 | lm_ill_lm_contig1 contig_86
			  Gap between these two alignments (local misassembly). Inconsistency = -882
			Real Alignment 37: 475820 475911 | 2263316 2263407 | 92 92 | 100.0 | lm_ill_lm_contig1 contig_86
			  Gap between these two alignments (local misassembly). Inconsistency = 0
			Excluding internal overlap of size 492 between Alignment 38 and 39: 904935 1204919 | 2692088 2992072 | 299985 299985 --> 905427 1204919 | 2692580 2992072 | 299493 299493
			Real Alignment 38: 476227 905012 | 2263723 2692579 | 428786 428857 | 99.98 | lm_ill_lm_contig1 contig_86
			  Gap between these two alignments (local misassembly). Inconsistency = 414
			Real Alignment 39: 905427 1204919 | 2692580 2992072 | 299493 299493 | 99.99 | lm_ill_lm_contig1 contig_86
		Unaligned bases: 5934

CONTIG: contig_2 (2845431bp)
Best alignment score: 35769.0 (LEN: 35769, IDY: 100.00), Total number of alignments: 52
			Looking for the best set of alignments (out of 52 total alignments)
			Skipping redundant alignments after choosing the best set of alignments
		Skipping redundant alignment 264 355 | 2392712 2392803 | 92 92 | 93.48 | lm_ill_lm_contig37 contig_2
		Skipping redundant alignment 445 526 | 2836130 2836211 | 82 82 | 96.34 | lm_ill_lm_contig37 contig_2
		Skipping redundant alignment 455 532 | 609623 609546 | 78 78 | 98.72 | lm_ill_lm_contig29 contig_2
		Skipping redundant alignment 331 403 | 609717 609645 | 73 73 | 97.26 | lm_ill_lm_contig29 contig_2
		Skipping redundant alignment 782157 782225 | 609795 609727 | 69 69 | 100.0 | lm_ill_lm_contig1 contig_2
		Skipping redundant alignment 487 565 | 609727 609805 | 79 79 | 98.73 | lm_ill_lm_contig1 contig_2
		Skipping redundant alignment 151 229 | 609805 609727 | 79 79 | 98.73 | lm_ill_lm_contig29 contig_2
		Skipping redundant alignment 91616 91816 | 1422323 1422523 | 201 201 | 91.04 | lm_ill_lm_contig5 contig_2
		Skipping redundant alignment 172110 172257 | 1899269 1899416 | 148 148 | 91.22 | lm_ill_lm_contig5 contig_2
		Skipping redundant alignment 232 307 | 2837279 2837204 | 76 76 | 98.68 | lm_ill_lm_contig29 contig_2
		Skipping redundant alignment 264 355 | 2835943 2836034 | 92 92 | 93.48 | lm_ill_lm_contig37 contig_2
		This contig has several significant sets of alignments. [An ambiguously mapped contig]
		Using only the very best set (option --ambiguity-usage is set to "one").
			The best set is below. Score: 47257.2, number of alignments: 41, unaligned bases: 2794435
		This contig is misassembled.
		This contig is partially unaligned. (Aligned 50996 out of 2845431 non-N bases (1.79%))
			Warning! This contig is more unaligned than misassembled. Contig length is 2845431 (number of Ns: 0) and total length of all aligns is 50996
		Alignment: 174 1725 | 604309 605871 | 1552 1563 | 90.95 | lm_ill_lm_contig16 contig_2
		Alignment: 2977 3114 | 606341 606204 | 138 138 | 92.75 | lm_ill_lm_contig12 contig_2
		Alignment: 2820 2949 | 606498 606369 | 130 130 | 91.54 | lm_ill_lm_contig12 contig_2
		Alignment: 2474 2720 | 606837 606591 | 247 247 | 92.31 | lm_ill_lm_contig12 contig_2
		Alignment: 2240 2418 | 607071 606893 | 179 179 | 94.41 | lm_ill_lm_contig12 contig_2
		Alignment: 1914 2233 | 607397 607078 | 320 320 | 94.06 | lm_ill_lm_contig12 contig_2
		Alignment: 912 1344 | 608386 607954 | 433 433 | 91.92 | lm_ill_lm_contig12 contig_2
		Alignment: 296 907 | 609002 608391 | 612 612 | 94.28 | lm_ill_lm_contig12 contig_2
		Alignment: 81096 116864 | 1692962 1728730 | 35769 35769 | 100.0 | lm_ill_lm_contig6 contig_2
		Alignment: 296 907 | 2112682 2113293 | 612 612 | 94.28 | lm_ill_lm_contig12 contig_2
		Alignment: 912 1344 | 2113298 2113730 | 433 433 | 91.92 | lm_ill_lm_contig12 contig_2
		Alignment: 1914 2233 | 2114287 2114606 | 320 320 | 94.06 | lm_ill_lm_contig12 contig_2
		Alignment: 2240 2418 | 2114613 2114791 | 179 179 | 94.41 | lm_ill_lm_contig12 contig_2
		Alignment: 2474 2720 | 2114847 2115093 | 247 247 | 92.31 | lm_ill_lm_contig12 contig_2
		Alignment: 2820 2949 | 2115186 2115315 | 130 130 | 91.54 | lm_ill_lm_contig12 contig_2
		Alignment: 2977 3114 | 2115343 2115480 | 138 138 | 93.48 | lm_ill_lm_contig12 contig_2
		Alignment: 174 1725 | 2117273 2115711 | 1552 1563 | 90.95 | lm_ill_lm_contig16 contig_2
		Alignment: 47636 47824 | 2172325 2172513 | 189 189 | 91.53 | lm_ill_lm_contig2 contig_2
		Alignment: 174 1725 | 2387375 2388937 | 1552 1563 | 90.95 | lm_ill_lm_contig16 contig_2
		Alignment: 2977 3114 | 2389305 2389168 | 138 138 | 93.48 | lm_ill_lm_contig12 contig_2
		Alignment: 2820 2949 | 2389462 2389333 | 130 130 | 91.54 | lm_ill_lm_contig12 contig_2
		Alignment: 2474 2720 | 2389801 2389555 | 247 247 | 92.31 | lm_ill_lm_contig12 contig_2
		Alignment: 2240 2418 | 2390035 2389857 | 179 179 | 94.41 | lm_ill_lm_contig12 contig_2
		Alignment: 1914 2233 | 2390361 2390042 | 320 320 | 94.06 | lm_ill_lm_contig12 contig_2
		Alignment: 912 1344 | 2391350 2390918 | 433 433 | 91.92 | lm_ill_lm_contig12 contig_2
		Alignment: 296 907 | 2391966 2391355 | 612 612 | 94.28 | lm_ill_lm_contig12 contig_2
		Alignment: 174 1725 | 2830504 2832066 | 1552 1563 | 90.95 | lm_ill_lm_contig16 contig_2
		Alignment: 2977 3114 | 2832536 2832399 | 138 138 | 93.48 | lm_ill_lm_contig12 contig_2
		Alignment: 2820 2949 | 2832693 2832564 | 130 130 | 91.54 | lm_ill_lm_contig12 contig_2
		Alignment: 2474 2720 | 2833032 2832786 | 247 247 | 92.31 | lm_ill_lm_contig12 contig_2
		Alignment: 2240 2418 | 2833266 2833088 | 179 179 | 94.41 | lm_ill_lm_contig12 contig_2
		Alignment: 1914 2233 | 2833592 2833273 | 320 320 | 94.06 | lm_ill_lm_contig12 contig_2
		Alignment: 912 1344 | 2834581 2834149 | 433 433 | 91.92 | lm_ill_lm_contig12 contig_2
		Alignment: 296 907 | 2835197 2834586 | 612 612 | 94.28 | lm_ill_lm_contig12 contig_2
		Alignment: 177 255 | 2836405 2836483 | 79 79 | 94.94 | lm_ill_lm_contig1 contig_2
		Alignment: 397 484 | 2836627 2836714 | 88 88 | 93.18 | lm_ill_lm_contig1 contig_2
		Alignment: 764 839 | 2836828 2836903 | 76 76 | 93.42 | lm_ill_lm_contig1 contig_2
		Alignment: 862 936 | 2836910 2836984 | 75 75 | 100.0 | lm_ill_lm_contig1 contig_2
		Alignment: 765 842 | 2837492 2837569 | 78 78 | 92.31 | lm_ill_lm_contig1 contig_2
		Alignment: 860 938 | 2837575 2837653 | 79 79 | 100.0 | lm_ill_lm_contig1 contig_2
		Alignment: 1143 1217 | 2837762 2837836 | 75 75 | 98.67 | lm_ill_lm_contig1 contig_2
		Unaligned bases: 2794435

CONTIG: contig_89 (4045588bp)
Best alignment score: 2672.6 (LEN: 2927, IDY: 91.31), Total number of alignments: 48
			Looking for the best set of alignments (out of 48 total alignments)
			Skipping redundant alignments after choosing the best set of alignments
		Skipping redundant alignment 1145 1216 | 2764751 2764822 | 72 72 | 100.0 | lm_ill_lm_contig1 contig_89
		Skipping redundant alignment 461 532 | 2764822 2764751 | 72 72 | 100.0 | lm_ill_lm_contig29 contig_89
		Skipping redundant alignment 782250 782322 | 2764823 2764751 | 73 73 | 100.0 | lm_ill_lm_contig1 contig_89
		Skipping redundant alignment 449 522 | 1501916 1501843 | 74 74 | 97.3 | lm_ill_lm_contig37 contig_89
		Skipping redundant alignment 174 248 | 1502195 1502121 | 75 75 | 96.0 | lm_ill_lm_contig37 contig_89
		Skipping redundant alignment 782251 782322 | 2520014 2520085 | 72 72 | 100.0 | lm_ill_lm_contig1 contig_89
		Skipping redundant alignment 1145 1217 | 2520085 2520013 | 73 73 | 100.0 | lm_ill_lm_contig1 contig_89
		Skipping redundant alignment 459 534 | 3493273 3493198 | 76 76 | 98.68 | lm_ill_lm_contig29 contig_89
		Skipping redundant alignment 325 408 | 3493359 3493276 | 84 84 | 92.86 | lm_ill_lm_contig29 contig_89
		Skipping redundant alignment 233 306 | 3493437 3493364 | 74 74 | 95.95 | lm_ill_lm_contig29 contig_89
		Skipping redundant alignment 1145 1217 | 3096385 3096457 | 73 73 | 100.0 | lm_ill_lm_contig1 contig_89
		Skipping redundant alignment 782251 782323 | 2640556 2640484 | 73 73 | 100.0 | lm_ill_lm_contig1 contig_89
		Skipping redundant alignment 460 532 | 2640557 2640485 | 73 73 | 100.0 | lm_ill_lm_contig29 contig_89
		Skipping redundant alignment 1144 1225 | 2640484 2640565 | 82 82 | 100.0 | lm_ill_lm_contig1 contig_89
		Skipping redundant alignment 176 248 | 2666053 2666125 | 73 73 | 97.26 | lm_ill_lm_contig37 contig_89
		Skipping redundant alignment 449 522 | 2666341 2666414 | 74 74 | 97.3 | lm_ill_lm_contig37 contig_89
		Skipping redundant alignment 1048 1138 | 3096264 3096354 | 91 91 | 94.51 | lm_ill_lm_contig1 contig_89
		Skipping redundant alignment 17454 17572 | 2689780 2689898 | 119 119 | 90.76 | lm_ill_lm_contig3 contig_89
		Skipping redundant alignment 47930 48004 | 2703349 2703275 | 75 75 | 90.67 | lm_ill_lm_contig2 contig_89
		Skipping redundant alignment 449 595 | 2736562 2736700 | 147 139 | 91.16 | lm_ill_lm_contig37 contig_89
		This contig has several significant sets of alignments. [An ambiguously mapped contig]
		Using only the very best set (option --ambiguity-usage is set to "one").
			The best set is below. Score: 36292.9, number of alignments: 28, unaligned bases: 4000197
		This contig is misassembled.
		This contig is partially unaligned. (Aligned 45391 out of 4045588 non-N bases (1.12%))
			Warning! This contig is more unaligned than misassembled. Contig length is 4045588 (number of Ns: 0) and total length of all aligns is 45391
		Alignment: 1145 1219 | 1500682 1500608 | 75 75 | 100.0 | lm_ill_lm_contig1 contig_89
		Alignment: 859 935 | 1500971 1500895 | 77 77 | 94.81 | lm_ill_lm_contig1 contig_89
		Alignment: 765 836 | 1501058 1500987 | 72 72 | 95.83 | lm_ill_lm_contig1 contig_89
		Alignment: 405 482 | 1501474 1501397 | 78 78 | 93.59 | lm_ill_lm_contig1 contig_89
		Alignment: 276 367 | 1501581 1501490 | 92 92 | 92.39 | lm_ill_lm_contig1 contig_89
		Alignment: 181 256 | 1501663 1501588 | 76 76 | 97.37 | lm_ill_lm_contig1 contig_89
		Alignment: 96 170 | 1501742 1501668 | 75 75 | 90.67 | lm_ill_lm_contig1 contig_89
		Alignment: 197 3126 | 1502867 1505792 | 2930 2926 | 91.31 | lm_ill_lm_contig12 contig_89
		Alignment: 174 1724 | 1507505 1505955 | 1551 1551 | 91.93 | lm_ill_lm_contig16 contig_89
		Alignment: 459 533 | 2520012 2520086 | 75 75 | 100.0 | lm_ill_lm_contig29 contig_89
		Alignment: 174 1724 | 2579876 2581426 | 1551 1551 | 91.99 | lm_ill_lm_contig16 contig_89
		Alignment: 197 3126 | 2584691 2581766 | 2930 2926 | 91.27 | lm_ill_lm_contig12 contig_89
		Alignment: 174 1724 | 2600488 2602038 | 1551 1551 | 91.93 | lm_ill_lm_contig16 contig_89
		Alignment: 197 3126 | 2605303 2602378 | 2930 2926 | 91.31 | lm_ill_lm_contig12 contig_89
		Alignment: 174 1724 | 2660822 2662372 | 1551 1551 | 91.99 | lm_ill_lm_contig16 contig_89
		Alignment: 197 3126 | 2665460 2662535 | 2930 2926 | 91.3 | lm_ill_lm_contig12 contig_89
		Alignment: 174 1724 | 2666745 2668295 | 1551 1551 | 91.99 | lm_ill_lm_contig16 contig_89
		Alignment: 197 3126 | 2671383 2668458 | 2930 2926 | 91.3 | lm_ill_lm_contig12 contig_89
		Alignment: 174 1724 | 2731287 2732836 | 1551 1550 | 91.86 | lm_ill_lm_contig16 contig_89
		Alignment: 196 3126 | 2735925 2732999 | 2931 2927 | 91.27 | lm_ill_lm_contig12 contig_89
		Alignment: 174 1724 | 2736899 2738449 | 1551 1551 | 91.86 | lm_ill_lm_contig16 contig_89
		Alignment: 196 3126 | 2741538 2738612 | 2931 2927 | 91.31 | lm_ill_lm_contig12 contig_89
		Alignment: 174 1724 | 2741900 2743449 | 1551 1550 | 91.93 | lm_ill_lm_contig16 contig_89
		Alignment: 197 3126 | 2746537 2743612 | 2930 2926 | 91.24 | lm_ill_lm_contig12 contig_89
		Alignment: 174 1724 | 3195350 3196900 | 1551 1551 | 92.06 | lm_ill_lm_contig16 contig_89
		Alignment: 196 3126 | 3199989 3197063 | 2931 2927 | 91.24 | lm_ill_lm_contig12 contig_89
		Alignment: 174 1724 | 3488116 3489666 | 1551 1551 | 91.99 | lm_ill_lm_contig16 contig_89
		Alignment: 197 3126 | 3492754 3489829 | 2930 2926 | 91.27 | lm_ill_lm_contig12 contig_89
		Unaligned bases: 4000197

CONTIG: contig_103 (2719604bp)
Best alignment score: 1409.3 (LEN: 1553, IDY: 90.75), Total number of alignments: 61
			Looking for the best set of alignments (out of 61 total alignments)
			Skipping redundant alignments after choosing the best set of alignments
		Skipping redundant alignment 439 523 | 404410 404326 | 85 85 | 96.47 | lm_ill_lm_contig37 contig_103
		Skipping redundant alignment 269 356 | 404592 404505 | 88 88 | 95.45 | lm_ill_lm_contig37 contig_103
		Skipping redundant alignment 269 356 | 1758979 1759066 | 88 88 | 94.32 | lm_ill_lm_contig37 contig_103
		Skipping redundant alignment 447 524 | 1759170 1759247 | 78 78 | 100.0 | lm_ill_lm_contig37 contig_103
		Skipping redundant alignment 47688 47769 | 1805621 1805540 | 82 82 | 92.68 | lm_ill_lm_contig2 contig_103
		Skipping redundant alignment 47306 47476 | 1806003 1805833 | 171 171 | 90.64 | lm_ill_lm_contig2 contig_103
		This contig has several significant sets of alignments. [An ambiguously mapped contig]
		Using only the very best set (option --ambiguity-usage is set to "one").
			The best set is below. Score: 15150.4, number of alignments: 55, unaligned bases: 2699954
		This contig is misassembled.
		This contig is partially unaligned. (Aligned 19650 out of 2719604 non-N bases (0.72%))
			Warning! This contig is more unaligned than misassembled. Contig length is 2719604 (number of Ns: 0) and total length of all aligns is 19650
		Alignment: 304 384 | 405318 405398 | 81 81 | 92.59 | lm_ill_lm_contig12 contig_103
		Alignment: 396 885 | 405410 405899 | 490 490 | 95.1 | lm_ill_lm_contig12 contig_103
		Alignment: 965 1346 | 405979 406360 | 382 382 | 94.76 | lm_ill_lm_contig12 contig_103
		Alignment: 1367 1447 | 406380 406460 | 81 81 | 97.53 | lm_ill_lm_contig12 contig_103
		Alignment: 1677 1860 | 406692 406875 | 184 184 | 90.76 | lm_ill_lm_contig12 contig_103
		Alignment: 1910 2127 | 406920 407137 | 218 218 | 91.74 | lm_ill_lm_contig12 contig_103
		Alignment: 2427 2716 | 407435 407724 | 290 290 | 93.79 | lm_ill_lm_contig12 contig_103
		Alignment: 2799 2950 | 407805 407956 | 152 152 | 92.11 | lm_ill_lm_contig12 contig_103
		Alignment: 174 1724 | 410153 408602 | 1551 1552 | 90.75 | lm_ill_lm_contig16 contig_103
		Alignment: 304 384 | 541329 541409 | 81 81 | 92.59 | lm_ill_lm_contig12 contig_103
		Alignment: 396 885 | 541421 541910 | 490 490 | 95.1 | lm_ill_lm_contig12 contig_103
		Alignment: 965 1346 | 541990 542371 | 382 382 | 94.76 | lm_ill_lm_contig12 contig_103
		Alignment: 1367 1447 | 542391 542471 | 81 81 | 97.53 | lm_ill_lm_contig12 contig_103
		Alignment: 1910 2127 | 542931 543148 | 218 218 | 91.74 | lm_ill_lm_contig12 contig_103
		Alignment: 2427 2730 | 543446 543749 | 304 304 | 92.76 | lm_ill_lm_contig12 contig_103
		Alignment: 2799 2950 | 543817 543968 | 152 152 | 92.11 | lm_ill_lm_contig12 contig_103
		Alignment: 174 1724 | 546160 544610 | 1551 1551 | 90.38 | lm_ill_lm_contig16 contig_103
		Alignment: 304 384 | 654774 654854 | 81 81 | 92.59 | lm_ill_lm_contig12 contig_103
		Alignment: 396 700 | 654866 655170 | 305 305 | 97.7 | lm_ill_lm_contig12 contig_103
		Alignment: 965 1346 | 655436 655817 | 382 382 | 94.76 | lm_ill_lm_contig12 contig_103
		Alignment: 1367 1447 | 655837 655917 | 81 81 | 97.53 | lm_ill_lm_contig12 contig_103
		Alignment: 1910 2127 | 656377 656594 | 218 218 | 91.74 | lm_ill_lm_contig12 contig_103
		Alignment: 2427 2712 | 656891 657176 | 286 286 | 93.71 | lm_ill_lm_contig12 contig_103
		Alignment: 2799 2950 | 657261 657412 | 152 152 | 92.11 | lm_ill_lm_contig12 contig_103
		Alignment: 174 1724 | 659561 658008 | 1551 1554 | 90.69 | lm_ill_lm_contig16 contig_103
		Alignment: 306698 306806 | 1462693 1462585 | 109 109 | 91.74 | lm_ill_lm_contig1 contig_103
		Alignment: 306593 306681 | 1462798 1462710 | 89 89 | 91.01 | lm_ill_lm_contig1 contig_103
		Alignment: 174 1724 | 1714860 1716412 | 1551 1553 | 90.62 | lm_ill_lm_contig16 contig_103
		Alignment: 2799 2936 | 1717176 1717039 | 138 138 | 93.48 | lm_ill_lm_contig12 contig_103
		Alignment: 2427 2716 | 1717546 1717257 | 290 290 | 93.79 | lm_ill_lm_contig12 contig_103
		Alignment: 1910 2127 | 1718061 1717844 | 218 218 | 91.74 | lm_ill_lm_contig12 contig_103
		Alignment: 1677 1863 | 1718289 1718103 | 187 187 | 90.37 | lm_ill_lm_contig12 contig_103
		Alignment: 1367 1447 | 1718602 1718522 | 81 81 | 97.53 | lm_ill_lm_contig12 contig_103
		Alignment: 965 1346 | 1719003 1718622 | 382 382 | 94.76 | lm_ill_lm_contig12 contig_103
		Alignment: 396 700 | 1719573 1719269 | 305 305 | 97.7 | lm_ill_lm_contig12 contig_103
		Alignment: 304 384 | 1719665 1719585 | 81 81 | 92.59 | lm_ill_lm_contig12 contig_103
		Alignment: 174 1724 | 1759471 1761023 | 1551 1553 | 90.69 | lm_ill_lm_contig16 contig_103
		Alignment: 2799 2936 | 1761729 1761592 | 138 138 | 93.48 | lm_ill_lm_contig12 contig_103
		Alignment: 2427 2716 | 1762099 1761810 | 290 290 | 93.79 | lm_ill_lm_contig12 contig_103
		Alignment: 1910 2127 | 1762614 1762397 | 218 218 | 91.74 | lm_ill_lm_contig12 contig_103
		Alignment: 1677 1863 | 1762842 1762656 | 187 187 | 90.37 | lm_ill_lm_contig12 contig_103
		Alignment: 1367 1447 | 1763154 1763074 | 81 81 | 97.53 | lm_ill_lm_contig12 contig_103
		Alignment: 965 1346 | 1763555 1763174 | 382 382 | 94.76 | lm_ill_lm_contig12 contig_103
		Alignment: 396 701 | 1764125 1763820 | 306 306 | 97.71 | lm_ill_lm_contig12 contig_103
		Alignment: 304 384 | 1764217 1764137 | 81 81 | 92.59 | lm_ill_lm_contig12 contig_103
		Alignment: 174 1724 | 1764727 1766279 | 1551 1553 | 90.75 | lm_ill_lm_contig16 contig_103
		Alignment: 2799 2936 | 1766951 1766814 | 138 138 | 93.48 | lm_ill_lm_contig12 contig_103
		Alignment: 2427 2716 | 1767321 1767032 | 290 290 | 93.45 | lm_ill_lm_contig12 contig_103
		Alignment: 1910 2127 | 1767836 1767619 | 218 218 | 91.74 | lm_ill_lm_contig12 contig_103
		Alignment: 1677 1862 | 1768064 1767879 | 186 186 | 90.32 | lm_ill_lm_contig12 contig_103
		Alignment: 1367 1447 | 1768376 1768296 | 81 81 | 97.53 | lm_ill_lm_contig12 contig_103
		Alignment: 965 1346 | 1768777 1768396 | 382 382 | 94.76 | lm_ill_lm_contig12 contig_103
		Alignment: 628 700 | 1769115 1769043 | 73 73 | 100.0 | lm_ill_lm_contig12 contig_103
		Alignment: 396 626 | 1769346 1769116 | 231 231 | 96.97 | lm_ill_lm_contig12 contig_103
		Alignment: 304 384 | 1769438 1769358 | 81 81 | 92.59 | lm_ill_lm_contig12 contig_103
		Unaligned bases: 2699954

CONTIG: contig_87 (1936041bp)
Best alignment score: 690.0 (LEN: 764, IDY: 90.31), Total number of alignments: 51
			Looking for the best set of alignments (out of 51 total alignments)
		This contig has several significant sets of alignments. [An ambiguously mapped contig]
		Using only the very best set (option --ambiguity-usage is set to "one").
			The best set is below. Score: 9527.1, number of alignments: 51, unaligned bases: 1922609
		This contig is misassembled.
		This contig is partially unaligned. (Aligned 13432 out of 1936041 non-N bases (0.69%))
			Warning! This contig is more unaligned than misassembled. Contig length is 1936041 (number of Ns: 0) and total length of all aligns is 13432
		Alignment: 302 626 | 65027 65351 | 325 325 | 96.0 | lm_ill_lm_contig12 contig_87
		Alignment: 628 873 | 65352 65597 | 246 246 | 96.34 | lm_ill_lm_contig12 contig_87
		Alignment: 914 1211 | 65638 65935 | 298 298 | 90.94 | lm_ill_lm_contig12 contig_87
		Alignment: 1235 1345 | 65959 66069 | 111 111 | 93.69 | lm_ill_lm_contig12 contig_87
		Alignment: 1369 1484 | 66082 66197 | 116 116 | 97.41 | lm_ill_lm_contig12 contig_87
		Alignment: 2157 2233 | 66870 66946 | 77 77 | 90.91 | lm_ill_lm_contig12 contig_87
		Alignment: 2473 2718 | 67188 67433 | 246 246 | 90.65 | lm_ill_lm_contig12 contig_87
		Alignment: 2995 3114 | 67709 67828 | 120 120 | 90.0 | lm_ill_lm_contig12 contig_87
		Alignment: 1342 1725 | 68608 68225 | 384 384 | 90.36 | lm_ill_lm_contig16 contig_87
		Alignment: 845 1174 | 69106 68777 | 330 330 | 92.42 | lm_ill_lm_contig16 contig_87
		Alignment: 302 873 | 142116 142687 | 572 572 | 96.15 | lm_ill_lm_contig12 contig_87
		Alignment: 914 1211 | 142728 143025 | 298 298 | 91.28 | lm_ill_lm_contig12 contig_87
		Alignment: 1235 1345 | 143049 143159 | 111 111 | 93.69 | lm_ill_lm_contig12 contig_87
		Alignment: 1369 1484 | 143172 143287 | 116 116 | 97.41 | lm_ill_lm_contig12 contig_87
		Alignment: 1675 1898 | 143480 143703 | 224 224 | 90.18 | lm_ill_lm_contig12 contig_87
		Alignment: 2157 2233 | 143960 144036 | 77 77 | 92.21 | lm_ill_lm_contig12 contig_87
		Alignment: 2605 2718 | 144411 144524 | 114 114 | 95.61 | lm_ill_lm_contig12 contig_87
		Alignment: 2995 3114 | 144800 144919 | 120 120 | 90.0 | lm_ill_lm_contig12 contig_87
		Alignment: 1342 1725 | 145504 145121 | 384 384 | 90.36 | lm_ill_lm_contig16 contig_87
		Alignment: 411 1174 | 146436 145673 | 764 764 | 90.31 | lm_ill_lm_contig16 contig_87
		Alignment: 302 873 | 177641 178212 | 572 572 | 96.15 | lm_ill_lm_contig12 contig_87
		Alignment: 914 1211 | 178253 178550 | 298 298 | 90.94 | lm_ill_lm_contig12 contig_87
		Alignment: 1235 1345 | 178574 178684 | 111 111 | 93.69 | lm_ill_lm_contig12 contig_87
		Alignment: 1369 1484 | 178697 178812 | 116 116 | 97.41 | lm_ill_lm_contig12 contig_87
		Alignment: 1675 1898 | 179005 179228 | 224 224 | 90.18 | lm_ill_lm_contig12 contig_87
		Alignment: 2157 2233 | 179485 179561 | 77 77 | 90.91 | lm_ill_lm_contig12 contig_87
		Alignment: 2473 2718 | 179803 180048 | 246 246 | 91.06 | lm_ill_lm_contig12 contig_87
		Alignment: 1342 1725 | 181028 180645 | 384 384 | 90.36 | lm_ill_lm_contig16 contig_87
		Alignment: 411 1174 | 181960 181197 | 764 764 | 90.18 | lm_ill_lm_contig16 contig_87
		Alignment: 411 1174 | 842062 842825 | 764 764 | 90.18 | lm_ill_lm_contig16 contig_87
		Alignment: 1342 1725 | 842994 843377 | 384 384 | 90.62 | lm_ill_lm_contig16 contig_87
		Alignment: 2473 2718 | 844412 844167 | 246 246 | 91.06 | lm_ill_lm_contig12 contig_87
		Alignment: 2157 2233 | 844730 844654 | 77 77 | 90.91 | lm_ill_lm_contig12 contig_87
		Alignment: 1675 1898 | 845210 844987 | 224 224 | 90.18 | lm_ill_lm_contig12 contig_87
		Alignment: 1369 1484 | 845518 845403 | 116 116 | 97.41 | lm_ill_lm_contig12 contig_87
		Alignment: 1235 1345 | 845641 845531 | 111 111 | 93.69 | lm_ill_lm_contig12 contig_87
		Alignment: 914 1211 | 845962 845665 | 298 298 | 91.28 | lm_ill_lm_contig12 contig_87
		Alignment: 302 873 | 846574 846003 | 572 572 | 96.15 | lm_ill_lm_contig12 contig_87
		Alignment: 447 524 | 1655076 1654999 | 78 78 | 94.87 | lm_ill_lm_contig37 contig_87
		Alignment: 268 356 | 1655247 1655159 | 89 89 | 93.26 | lm_ill_lm_contig37 contig_87
		Alignment: 174 247 | 1655338 1655265 | 74 74 | 97.3 | lm_ill_lm_contig37 contig_87
		Alignment: 2 74 | 1655519 1655447 | 73 73 | 93.15 | lm_ill_lm_contig37 contig_87
		Alignment: 302 873 | 1655890 1656461 | 572 572 | 96.15 | lm_ill_lm_contig12 contig_87
		Alignment: 914 1211 | 1656502 1656799 | 298 298 | 91.28 | lm_ill_lm_contig12 contig_87
		Alignment: 1235 1345 | 1656823 1656933 | 111 111 | 93.69 | lm_ill_lm_contig12 contig_87
		Alignment: 1369 1484 | 1656946 1657061 | 116 116 | 97.41 | lm_ill_lm_contig12 contig_87
		Alignment: 2157 2233 | 1657735 1657811 | 77 77 | 90.91 | lm_ill_lm_contig12 contig_87
		Alignment: 2473 2718 | 1658053 1658298 | 246 246 | 91.06 | lm_ill_lm_contig12 contig_87
		Alignment: 2995 3114 | 1658574 1658693 | 120 120 | 90.0 | lm_ill_lm_contig12 contig_87
		Alignment: 1529 1725 | 1659091 1658895 | 197 197 | 92.89 | lm_ill_lm_contig16 contig_87
		Alignment: 411 1174 | 1660220 1659457 | 764 764 | 90.18 | lm_ill_lm_contig16 contig_87
		Unaligned bases: 1922609

CONTIG: contig_95 (4758103bp)
Best alignment score: 134.0 (LEN: 147, IDY: 91.16), Total number of alignments: 35
			Looking for the best set of alignments (out of 35 total alignments)
			Skipping redundant alignments after choosing the best set of alignments
		Skipping redundant alignment 1124 1206 | 806879 806961 | 83 83 | 97.59 | lm_ill_lm_contig12 contig_95
		Skipping redundant alignment 1473 1587 | 809448 809334 | 115 115 | 93.91 | lm_ill_lm_contig16 contig_95
		Skipping redundant alignment 1342 1416 | 809579 809505 | 75 75 | 90.67 | lm_ill_lm_contig16 contig_95
		Skipping redundant alignment 1034 1174 | 809889 809749 | 141 141 | 92.91 | lm_ill_lm_contig16 contig_95
		Skipping redundant alignment 924 995 | 809998 809927 | 72 72 | 97.22 | lm_ill_lm_contig16 contig_95
		Skipping redundant alignment 1124 1206 | 1473144 1473226 | 83 83 | 97.59 | lm_ill_lm_contig12 contig_95
		Skipping redundant alignment 1473 1587 | 1475713 1475599 | 115 115 | 93.91 | lm_ill_lm_contig16 contig_95
		Skipping redundant alignment 1342 1416 | 1475844 1475770 | 75 75 | 90.67 | lm_ill_lm_contig16 contig_95
		Skipping redundant alignment 1034 1174 | 1476154 1476014 | 141 141 | 92.91 | lm_ill_lm_contig16 contig_95
		Skipping redundant alignment 924 995 | 1476263 1476192 | 72 72 | 97.22 | lm_ill_lm_contig16 contig_95
		Skipping redundant alignment 1124 1206 | 3038868 3038786 | 83 83 | 97.59 | lm_ill_lm_contig12 contig_95
		Skipping redundant alignment 1124 1206 | 1995984 1995902 | 83 83 | 97.59 | lm_ill_lm_contig12 contig_95
		Skipping redundant alignment 1124 1206 | 2090913 2090831 | 83 83 | 97.59 | lm_ill_lm_contig12 contig_95
		Skipping redundant alignment 1342 1416 | 3035909 3035983 | 75 75 | 90.67 | lm_ill_lm_contig16 contig_95
		Skipping redundant alignment 1124 1206 | 2246308 2246226 | 83 83 | 97.59 | lm_ill_lm_contig12 contig_95
		Skipping redundant alignment 1473 1587 | 3036040 3036154 | 115 115 | 93.91 | lm_ill_lm_contig16 contig_95
		Skipping redundant alignment 1124 1206 | 2289064 2288982 | 83 83 | 97.59 | lm_ill_lm_contig12 contig_95
		Skipping redundant alignment 924 995 | 3035490 3035561 | 72 72 | 97.22 | lm_ill_lm_contig16 contig_95
		Skipping redundant alignment 1034 1180 | 3035599 3035745 | 147 147 | 91.16 | lm_ill_lm_contig16 contig_95
			The best set is below. Score: 593.1, number of alignments: 16, unaligned bases: 4756491
		This contig is misassembled.
		This contig is partially unaligned. (Aligned 1612 out of 4758103 non-N bases (0.03%))
			Warning! This contig is more unaligned than misassembled. Contig length is 4758103 (number of Ns: 0) and total length of all aligns is 1612
		Alignment: 924 995 | 1992706 1992777 | 72 72 | 97.22 | lm_ill_lm_contig16 contig_95
		Alignment: 1034 1174 | 1992815 1992955 | 141 141 | 92.91 | lm_ill_lm_contig16 contig_95
		Alignment: 1342 1416 | 1993125 1993199 | 75 75 | 90.67 | lm_ill_lm_contig16 contig_95
		Alignment: 1473 1587 | 1993256 1993370 | 115 115 | 93.91 | lm_ill_lm_contig16 contig_95
		Alignment: 924 995 | 2087794 2087865 | 72 72 | 97.22 | lm_ill_lm_contig16 contig_95
		Alignment: 1034 1174 | 2087903 2088043 | 141 141 | 92.91 | lm_ill_lm_contig16 contig_95
		Alignment: 1342 1416 | 2088213 2088287 | 75 75 | 90.67 | lm_ill_lm_contig16 contig_95
		Alignment: 1473 1587 | 2088344 2088458 | 115 115 | 93.91 | lm_ill_lm_contig16 contig_95
		Alignment: 924 995 | 2243030 2243101 | 72 72 | 97.22 | lm_ill_lm_contig16 contig_95
		Alignment: 1034 1174 | 2243139 2243279 | 141 141 | 92.91 | lm_ill_lm_contig16 contig_95
		Alignment: 1342 1416 | 2243449 2243523 | 75 75 | 90.67 | lm_ill_lm_contig16 contig_95
		Alignment: 1473 1587 | 2243580 2243694 | 115 115 | 93.91 | lm_ill_lm_contig16 contig_95
		Alignment: 924 995 | 2285945 2286016 | 72 72 | 97.22 | lm_ill_lm_contig16 contig_95
		Alignment: 1034 1174 | 2286054 2286194 | 141 141 | 92.91 | lm_ill_lm_contig16 contig_95
		Alignment: 1342 1416 | 2286364 2286438 | 75 75 | 90.67 | lm_ill_lm_contig16 contig_95
		Alignment: 1473 1587 | 2286495 2286609 | 115 115 | 93.91 | lm_ill_lm_contig16 contig_95
		Unaligned bases: 4756491

CONTIG: contig_96 (4765364bp)
Best alignment score: 118.0 (LEN: 126, IDY: 93.65), Total number of alignments: 35
			Looking for the best set of alignments (out of 35 total alignments)
			Skipping redundant alignments after choosing the best set of alignments
		Skipping redundant alignment 1124 1206 | 304846 304928 | 83 83 | 97.59 | lm_ill_lm_contig12 contig_96
		Skipping redundant alignment 1473 1587 | 307490 307376 | 115 115 | 93.91 | lm_ill_lm_contig16 contig_96
		Skipping redundant alignment 1342 1416 | 307621 307547 | 75 75 | 90.67 | lm_ill_lm_contig16 contig_96
		Skipping redundant alignment 1055 1180 | 307910 307785 | 126 126 | 93.65 | lm_ill_lm_contig16 contig_96
		Skipping redundant alignment 924 995 | 308040 307969 | 72 72 | 97.22 | lm_ill_lm_contig16 contig_96
		Skipping redundant alignment 1124 1206 | 1013173 1013255 | 83 83 | 97.59 | lm_ill_lm_contig12 contig_96
		Skipping redundant alignment 1473 1587 | 1015823 1015709 | 115 115 | 93.91 | lm_ill_lm_contig16 contig_96
		Skipping redundant alignment 1342 1416 | 1015954 1015880 | 75 75 | 90.67 | lm_ill_lm_contig16 contig_96
		Skipping redundant alignment 1055 1180 | 1016243 1016118 | 126 126 | 93.65 | lm_ill_lm_contig16 contig_96
		Skipping redundant alignment 924 995 | 1016373 1016302 | 72 72 | 97.22 | lm_ill_lm_contig16 contig_96
		Skipping redundant alignment 1124 1206 | 2474051 2473969 | 83 83 | 97.59 | lm_ill_lm_contig12 contig_96
		Skipping redundant alignment 1124 1206 | 1559978 1559896 | 83 83 | 97.59 | lm_ill_lm_contig12 contig_96
		Skipping redundant alignment 1124 1206 | 1653695 1653613 | 83 83 | 97.59 | lm_ill_lm_contig12 contig_96
		Skipping redundant alignment 1342 1416 | 2471260 2471334 | 75 75 | 90.67 | lm_ill_lm_contig16 contig_96
		Skipping redundant alignment 1124 1206 | 1784727 1784645 | 83 83 | 97.59 | lm_ill_lm_contig12 contig_96
		Skipping redundant alignment 1473 1587 | 2471391 2471505 | 115 115 | 93.91 | lm_ill_lm_contig16 contig_96
		Skipping redundant alignment 1124 1206 | 1826127 1826045 | 83 83 | 97.59 | lm_ill_lm_contig12 contig_96
		Skipping redundant alignment 924 995 | 2470841 2470912 | 72 72 | 97.22 | lm_ill_lm_contig16 contig_96
		Skipping redundant alignment 1055 1174 | 2470971 2471090 | 120 120 | 95.83 | lm_ill_lm_contig16 contig_96
			The best set is below. Score: 556.3, number of alignments: 16, unaligned bases: 4763812
		This contig is misassembled.
		This contig is partially unaligned. (Aligned 1552 out of 4765364 non-N bases (0.03%))
			Warning! This contig is more unaligned than misassembled. Contig length is 4765364 (number of Ns: 0) and total length of all aligns is 1552
		Alignment: 924 995 | 1556861 1556932 | 72 72 | 97.22 | lm_ill_lm_contig16 contig_96
		Alignment: 1055 1180 | 1556991 1557116 | 126 126 | 93.65 | lm_ill_lm_contig16 contig_96
		Alignment: 1342 1416 | 1557280 1557354 | 75 75 | 90.67 | lm_ill_lm_contig16 contig_96
		Alignment: 1473 1587 | 1557411 1557525 | 115 115 | 93.91 | lm_ill_lm_contig16 contig_96
		Alignment: 924 995 | 1650484 1650555 | 72 72 | 97.22 | lm_ill_lm_contig16 contig_96
		Alignment: 1055 1180 | 1650614 1650739 | 126 126 | 93.65 | lm_ill_lm_contig16 contig_96
		Alignment: 1342 1416 | 1650903 1650977 | 75 75 | 90.67 | lm_ill_lm_contig16 contig_96
		Alignment: 1473 1587 | 1651034 1651148 | 115 115 | 93.91 | lm_ill_lm_contig16 contig_96
		Alignment: 924 995 | 1781610 1781681 | 72 72 | 97.22 | lm_ill_lm_contig16 contig_96
		Alignment: 1055 1180 | 1781740 1781865 | 126 126 | 93.65 | lm_ill_lm_contig16 contig_96
		Alignment: 1342 1416 | 1782029 1782103 | 75 75 | 90.67 | lm_ill_lm_contig16 contig_96
		Alignment: 1473 1587 | 1782160 1782274 | 115 115 | 93.91 | lm_ill_lm_contig16 contig_96
		Alignment: 924 995 | 1823010 1823081 | 72 72 | 97.22 | lm_ill_lm_contig16 contig_96
		Alignment: 1055 1180 | 1823140 1823265 | 126 126 | 93.65 | lm_ill_lm_contig16 contig_96
		Alignment: 1342 1416 | 1823429 1823503 | 75 75 | 90.67 | lm_ill_lm_contig16 contig_96
		Alignment: 1473 1587 | 1823560 1823674 | 115 115 | 93.91 | lm_ill_lm_contig16 contig_96
		Unaligned bases: 4763812

Analyzing coverage...
Writing SNPs into /media3/lucia/zymo_mock_community/asms_cuantizados/v3_12-2-21_2bins/metaquast-2bins/runs_per_reference/lm_ill/contigs_reports/minimap_output/r10_2bins_1_r2_medaka.used_snps.gz

Analysis is finished!
Founded SNPs were written into /media3/lucia/zymo_mock_community/asms_cuantizados/v3_12-2-21_2bins/metaquast-2bins/runs_per_reference/lm_ill/contigs_reports/minimap_output/r10_2bins_1_r2_medaka.used_snps.gz

Results:
	Local Misassemblies: 7
	Misassemblies: 2
		Relocations: 0
		Translocations: 2
		Inversions: 0
	Scaffold gap extensive misassemblies: 0
	Scaffold gap local misassemblies: 0
	Misassemblies caused by fragmented reference: 16
	Misassembled Contigs: 1
	Misassembled Contig Bases: 2992072
	Misassemblies Inter-Contig Overlap: 0
Unaligned Contigs: 0 + 7 part
Half Unaligned Contigs with Misassemblies: 6
Unaligned Contig Bases: 20943432

Ambiguously Mapped Contigs: 5
Total Bases in Ambiguously Mapped Contigs: 14538736
Extra Bases in Ambiguously Mapped Contigs: 0
Note that --allow-ambiguity option was set to "one" and only first alignment per each of these contigs was used.

	Covered Bases: 2957349

	SNPs: 6773
	Insertions: 658
	Deletions: 1274

