Aligning contigs to reference...
	Aligning contigs to the reference
Filtering alignments...
Parsing coords...
Loading reference...
	Loaded [lm_ill_lm_contig11]
	Loaded [lm_ill_lm_contig10]
	Loaded [lm_ill_lm_contig12]
	Loaded [lm_ill_lm_contig21]
	Loaded [lm_ill_lm_contig16]
	Loaded [lm_ill_lm_contig37]
	Loaded [lm_ill_lm_contig29]
	Loaded [lm_ill_lm_contig2]
	Loaded [lm_ill_lm_contig1]
	Loaded [lm_ill_lm_contig3]
	Loaded [lm_ill_lm_contig27]
	Loaded [lm_ill_lm_contig5]
	Loaded [lm_ill_lm_contig4]
	Loaded [lm_ill_lm_contig7]
	Loaded [lm_ill_lm_contig6]
	Loaded [lm_ill_lm_contig8]
	Total Regions: 16
	Total Region Length: 2958570
Analyzing contigs...
CONTIG: contig_79 (2991966bp)
Best alignment score: 537963.2 (LEN: 538017, IDY: 99.99), Total number of alignments: 56
			Looking for the best set of alignments (out of 56 total alignments)
			Skipping redundant alignments after choosing the best set of alignments
		Skipping redundant alignment 1141 1216 | 1304444 1304369 | 76 76 | 100.0 | lm_ill_lm_contig1 contig_79
		Skipping redundant alignment 1218 1870 | 2553 1901 | 653 653 | 96.02 | lm_ill_lm_contig11 contig_79
		Skipping redundant alignment 1703 2447 | 1938 2682 | 745 745 | 92.44 | lm_ill_lm_contig10 contig_79
		Skipping redundant alignment 1932 2006 | 1415513 1415587 | 75 75 | 93.33 | lm_ill_lm_contig11 contig_79
		Skipping redundant alignment 1932 2508 | 6332 5756 | 577 577 | 94.97 | lm_ill_lm_contig11 contig_79
		Skipping redundant alignment 1 363 | 1418015 1418377 | 363 363 | 91.46 | lm_ill_lm_contig11 contig_79
		Skipping redundant alignment 935 1665 | 1418862 1419592 | 731 731 | 91.24 | lm_ill_lm_contig11 contig_79
		Skipping redundant alignment 542673 542799 | 290917 290791 | 127 127 | 100.0 | lm_ill_lm_contig2 contig_79
		Skipping redundant alignment 331 404 | 291695 291768 | 74 74 | 100.0 | lm_ill_lm_contig29 contig_79
		Skipping redundant alignment 331 404 | 1785852 1785779 | 74 74 | 100.0 | lm_ill_lm_contig29 contig_79
		Skipping redundant alignment 862 935 | 532809 532736 | 74 74 | 100.0 | lm_ill_lm_contig1 contig_79
		Skipping redundant alignment 862 935 | 1079383 1079456 | 74 74 | 100.0 | lm_ill_lm_contig1 contig_79
		Skipping redundant alignment 232021 232164 | 1082963 1082820 | 144 144 | 100.0 | lm_ill_lm_contig5 contig_79
		Skipping redundant alignment 666 745 | 1083744 1083823 | 80 80 | 97.5 | lm_ill_lm_contig1 contig_79
		Skipping redundant alignment 2007 2579 | 1415589 1416161 | 573 573 | 91.62 | lm_ill_lm_contig11 contig_79
		Skipping redundant alignment 461 532 | 1304369 1304440 | 72 72 | 100.0 | lm_ill_lm_contig29 contig_79
		Skipping redundant alignment 782245 782323 | 1304363 1304441 | 79 79 | 100.0 | lm_ill_lm_contig1 contig_79
		This contig has several significant sets of alignments. [An ambiguously mapped contig]
		Using only the very best set (option --ambiguity-usage is set to "one").
			The best set is below. Score: 2984655.4, number of alignments: 39, unaligned bases: 5935
		This contig is misassembled.
		This contig is partially unaligned. (Aligned 2986031 out of 2991966 non-N bases (99.80%))
			Excluding internal overlap of size 55 between Alignment 1 and 2: 1204895 1205589 | 1 694 | 695 694 --> 1204895 1205534 | 1 639 | 640 639
			Real Alignment 1: 1204895 1205534 | 1 639 | 640 639 | 99.86 | lm_ill_lm_contig1 contig_79
			  Indel (> 5bp) between these two alignments: deletion of length 55; 0 mismatches (number of Ns: 0) [fragmentation of reference genome]
			Real Alignment 2: 1 1131 | 640 1770 | 1131 1131 | 98.94 | lm_ill_lm_contig21 contig_79
			  Not a misassembly [fragmentation of reference genome] between these two alignments
			Real Alignment 3: 1 3660 | 2441 6100 | 3660 3660 | 99.73 | lm_ill_lm_contig10 contig_79
			  Not a misassembly [fragmentation of reference genome] between these two alignments
			Excluding internal overlap of size 55 between Alignment 4 and 5: 1 768 | 7443 6676 | 768 768 --> 56 768 | 7388 6676 | 713 713
			Real Alignment 4: 56 768 | 7388 6676 | 713 713 | 99.22 | lm_ill_lm_contig27 contig_79
			  Indel (> 5bp) between these two alignments: deletion of length 55; 0 mismatches (number of Ns: 0) [fragmentation of reference genome]
			Excluding internal overlap of size 55 between Alignment 5 and 6: 1 3237 | 285757 288993 | 3237 3237 --> 56 3237 | 285812 288993 | 3182 3182
			Real Alignment 5: 1 278439 | 285811 7389 | 278439 278423 | 99.99 | lm_ill_lm_contig3 contig_79
			  Indel (> 5bp) between these two alignments: deletion of length 55; 0 mismatches (number of Ns: 0) [fragmentation of reference genome]
			Real Alignment 6: 56 3237 | 285812 288993 | 3182 3182 | 100.0 | lm_ill_lm_contig12 contig_79
			  Not a misassembly [fragmentation of reference genome] between these two alignments
			Real Alignment 7: 1 1778 | 290845 289068 | 1778 1778 | 99.94 | lm_ill_lm_contig16 contig_79
			  Not a misassembly [fragmentation of reference genome] between these two alignments
			Real Alignment 8: 1 595 | 291571 290975 | 595 597 | 98.66 | lm_ill_lm_contig37 contig_79
			  Not a misassembly [fragmentation of reference genome] between these two alignments
			Real Alignment 9: 1 3237 | 291776 295012 | 3237 3237 | 100.0 | lm_ill_lm_contig12 contig_79
			  Not a misassembly [fragmentation of reference genome] between these two alignments
			Excluding internal overlap of size 55 between Alignment 10 and 11: 1 1778 | 296864 295087 | 1778 1778 --> 56 1778 | 296809 295087 | 1723 1723
			Real Alignment 10: 56 1778 | 296809 295087 | 1723 1723 | 99.89 | lm_ill_lm_contig16 contig_79
			  Indel (> 5bp) between these two alignments: deletion of length 55; 0 mismatches (number of Ns: 0) [fragmentation of reference genome]
			Real Alignment 11: 1 37130 | 296810 333937 | 37130 37128 | 99.98 | lm_ill_lm_contig5 contig_79
			  Gap between these two alignments (local misassembly). Inconsistency = -408
			Real Alignment 12: 36861 201191 | 334076 498398 | 164331 164323 | 99.98 | lm_ill_lm_contig5 contig_79
			  Gap between these two alignments (local misassembly). Inconsistency = 0
			Excluding internal overlap of size 55 between Alignment 13 and 14: 1 3237 | 529315 532552 | 3237 3238 --> 56 3237 | 529370 532552 | 3182 3183
			Real Alignment 13: 201553 232164 | 498760 529369 | 30612 30610 | 99.99 | lm_ill_lm_contig5 contig_79
			  Indel (> 5bp) between these two alignments: deletion of length 55; 0 mismatches (number of Ns: 0) [fragmentation of reference genome]
			Real Alignment 14: 56 3237 | 529370 532552 | 3182 3183 | 99.94 | lm_ill_lm_contig12 contig_79
			  Not a misassembly [fragmentation of reference genome] between these two alignments
			Excluding internal overlap of size 55 between Alignment 15 and 16: 1 1778 | 534654 532878 | 1778 1777 --> 56 1778 | 534599 532878 | 1723 1722
			Real Alignment 15: 56 1778 | 534599 532878 | 1723 1722 | 99.89 | lm_ill_lm_contig16 contig_79
			  Indel (> 5bp) between these two alignments: deletion of length 55; 0 mismatches (number of Ns: 0) [fragmentation of reference genome]
			Excluding internal overlap of size 318 between Alignment 16 and 17: 537510 542799 | 1072299 1077591 | 5290 5293 --> 537826 542799 | 1072617 1077591 | 4974 4975
			Real Alignment 16: 1 538033 | 534600 1072616 | 538033 538017 | 99.99 | lm_ill_lm_contig2 contig_79
			  Overlap between these two alignments (local misassembly). Inconsistency = -208
			Excluding internal overlap of size 55 between Alignment 17 and 18: 1 1778 | 1077537 1079314 | 1778 1778 --> 56 1778 | 1077592 1079314 | 1723 1723
			Real Alignment 17: 537826 542799 | 1072617 1077591 | 4974 4975 | 99.75 | lm_ill_lm_contig2 contig_79
			  Indel (> 5bp) between these two alignments: deletion of length 55; 0 mismatches (number of Ns: 0) [fragmentation of reference genome]
			Real Alignment 18: 56 1778 | 1077592 1079314 | 1723 1723 | 100.0 | lm_ill_lm_contig16 contig_79
			  Not a misassembly [fragmentation of reference genome] between these two alignments
			Real Alignment 19: 1 3237 | 1082874 1079640 | 3237 3235 | 99.91 | lm_ill_lm_contig12 contig_79
			  Not a misassembly [fragmentation of reference genome] between these two alignments
			Real Alignment 20: 1 740 | 1083621 1082880 | 740 742 | 99.6 | lm_ill_lm_contig29 contig_79
			  Not a misassembly [fragmentation of reference genome] between these two alignments
			Real Alignment 21: 1 220359 | 1083757 1304095 | 220359 220339 | 99.98 | lm_ill_lm_contig6 contig_79
			  Not a misassembly [fragmentation of reference genome] between these two alignments
			Excluding internal overlap of size 193 between Alignment 22 and 23: 277713 278439 | 1413730 1414456 | 727 727 --> 277906 278439 | 1413923 1414456 | 534 534
			Real Alignment 22: 1 109542 | 1413922 1304387 | 109542 109536 | 99.99 | lm_ill_lm_contig7 contig_79
			  Extensive misassembly (translocation) between these two alignments
			Excluding internal overlap of size 55 between Alignment 23 and 24: 277906 278439 | 1413923 1414456 | 534 534 --> 277906 278384 | 1413923 1414401 | 479 479
			Real Alignment 23: 277906 278384 | 1413923 1414401 | 479 479 | 96.29 | lm_ill_lm_contig3 contig_79
			  Indel (> 5bp) between these two alignments: deletion of length 55; 0 mismatches (number of Ns: 0) [fragmentation of reference genome]
			Real Alignment 24: 1 768 | 1414402 1415169 | 768 768 | 99.61 | lm_ill_lm_contig27 contig_79
			  Not a misassembly [fragmentation of reference genome] between these two alignments
			Real Alignment 25: 1 3504 | 1415799 1419302 | 3504 3504 | 99.83 | lm_ill_lm_contig11 contig_79
			  Not a misassembly [fragmentation of reference genome] between these two alignments
			Excluding internal overlap of size 55 between Alignment 26 and 27: 1204919 1205589 | 1421671 1421005 | 671 667 --> 1204919 1205534 | 1421671 1421060 | 616 612
			Real Alignment 26: 1 1131 | 1421059 1419928 | 1131 1132 | 99.47 | lm_ill_lm_contig21 contig_79
			  Indel (> 5bp) between these two alignments: deletion of length 55; 0 mismatches (number of Ns: 0) [fragmentation of reference genome]
			Excluding internal overlap of size 161 between Alignment 27 and 28: 1204919 1205534 | 1421671 1421060 | 616 612 --> 1205085 1205534 | 1421510 1421060 | 450 451
			Real Alignment 27: 1205085 1205534 | 1421510 1421060 | 450 451 | 95.25 | lm_ill_lm_contig1 contig_79
			  Extensive misassembly (translocation) between these two alignments
			Excluding internal overlap of size 55 between Alignment 28 and 29: 1 1778 | 1676008 1677786 | 1778 1779 --> 56 1778 | 1676063 1677786 | 1723 1724
			Real Alignment 28: 1 254567 | 1676062 1421511 | 254567 254552 | 99.99 | lm_ill_lm_contig4 contig_79
			  Indel (> 5bp) between these two alignments: deletion of length 55; 0 mismatches (number of Ns: 0) [fragmentation of reference genome]
			Real Alignment 29: 56 1778 | 1676063 1677786 | 1723 1724 | 99.89 | lm_ill_lm_contig16 contig_79
			  Not a misassembly [fragmentation of reference genome] between these two alignments
			Excluding internal overlap of size 55 between Alignment 30 and 31: 1 3237 | 1681096 1677861 | 3237 3236 --> 56 3237 | 1681041 1677861 | 3182 3181
			Real Alignment 30: 56 3237 | 1681041 1677861 | 3182 3181 | 99.94 | lm_ill_lm_contig12 contig_79
			  Indel (> 5bp) between these two alignments: deletion of length 55; 0 mismatches (number of Ns: 0) [fragmentation of reference genome]
			Excluding internal overlap of size 55 between Alignment 31 and 32: 1 1778 | 1780683 1782460 | 1778 1778 --> 56 1778 | 1780738 1782460 | 1723 1723
			Real Alignment 31: 1 99698 | 1780737 1681042 | 99698 99696 | 100.0 | lm_ill_lm_contig8 contig_79
			  Indel (> 5bp) between these two alignments: deletion of length 55; 0 mismatches (number of Ns: 0) [fragmentation of reference genome]
			Real Alignment 32: 56 1778 | 1780738 1782460 | 1723 1723 | 99.94 | lm_ill_lm_contig16 contig_79
			  Not a misassembly [fragmentation of reference genome] between these two alignments
			Real Alignment 33: 1 3237 | 1785771 1782535 | 3237 3237 | 100.0 | lm_ill_lm_contig12 contig_79
			  Not a misassembly [fragmentation of reference genome] between these two alignments
			Excluding internal overlap of size 36 between Alignment 34 and 35: 1 595 | 1785976 1786570 | 595 595 --> 1 559 | 1785976 1786534 | 559 559
			Real Alignment 34: 1 559 | 1785976 1786534 | 559 559 | 96.68 | lm_ill_lm_contig37 contig_79
			  Indel (> 5bp) between these two alignments: deletion of length 36; 0 mismatches (number of Ns: 0) [fragmentation of reference genome]
			Real Alignment 35: 1 475911 | 1786535 2262438 | 475911 475904 | 99.99 | lm_ill_lm_contig1 contig_79
			  Gap between these two alignments (local misassembly). Inconsistency = 0
			Real Alignment 36: 476227 476309 | 2262754 2262836 | 83 83 | 97.59 | lm_ill_lm_contig1 contig_79
			  Gap between these two alignments (local misassembly). Inconsistency = -882
			Real Alignment 37: 475820 475911 | 2263229 2263320 | 92 92 | 100.0 | lm_ill_lm_contig1 contig_79
			  Gap between these two alignments (local misassembly). Inconsistency = -1
			Excluding internal overlap of size 492 between Alignment 38 and 39: 904935 1204919 | 2691994 2991966 | 299985 299973 --> 905427 1204919 | 2692486 2991966 | 299493 299481
			Real Alignment 38: 476227 905012 | 2263637 2692485 | 428786 428849 | 99.97 | lm_ill_lm_contig1 contig_79
			  Gap between these two alignments (local misassembly). Inconsistency = 414
			Real Alignment 39: 905427 1204919 | 2692486 2991966 | 299493 299481 | 99.99 | lm_ill_lm_contig1 contig_79
		Unaligned bases: 5935

CONTIG: contig_101 (2845339bp)
Best alignment score: 35766.4 (LEN: 35770, IDY: 99.99), Total number of alignments: 52
			Looking for the best set of alignments (out of 52 total alignments)
			Skipping redundant alignments after choosing the best set of alignments
		Skipping redundant alignment 264 355 | 2392627 2392718 | 92 92 | 93.48 | lm_ill_lm_contig37 contig_101
		Skipping redundant alignment 445 526 | 2836040 2836121 | 82 82 | 96.34 | lm_ill_lm_contig37 contig_101
		Skipping redundant alignment 455 532 | 609589 609512 | 78 78 | 98.72 | lm_ill_lm_contig29 contig_101
		Skipping redundant alignment 331 403 | 609683 609611 | 73 73 | 97.26 | lm_ill_lm_contig29 contig_101
		Skipping redundant alignment 782157 782225 | 609761 609693 | 69 69 | 100.0 | lm_ill_lm_contig1 contig_101
		Skipping redundant alignment 487 565 | 609693 609771 | 79 79 | 98.73 | lm_ill_lm_contig1 contig_101
		Skipping redundant alignment 151 229 | 609771 609693 | 79 79 | 98.73 | lm_ill_lm_contig29 contig_101
		Skipping redundant alignment 91616 91816 | 1422274 1422474 | 201 201 | 91.04 | lm_ill_lm_contig5 contig_101
		Skipping redundant alignment 172110 172257 | 1899207 1899354 | 148 148 | 91.22 | lm_ill_lm_contig5 contig_101
		Skipping redundant alignment 232 307 | 2837189 2837114 | 76 76 | 98.68 | lm_ill_lm_contig29 contig_101
		Skipping redundant alignment 264 355 | 2835853 2835944 | 92 92 | 93.48 | lm_ill_lm_contig37 contig_101
		This contig has several significant sets of alignments. [An ambiguously mapped contig]
		Using only the very best set (option --ambiguity-usage is set to "one").
			The best set is below. Score: 47254.6, number of alignments: 41, unaligned bases: 2794342
		This contig is misassembled.
		This contig is partially unaligned. (Aligned 50997 out of 2845339 non-N bases (1.79%))
			Warning! This contig is more unaligned than misassembled. Contig length is 2845339 (number of Ns: 0) and total length of all aligns is 50997
		Alignment: 174 1725 | 604275 605837 | 1552 1563 | 90.95 | lm_ill_lm_contig16 contig_101
		Alignment: 2977 3114 | 606307 606170 | 138 138 | 92.75 | lm_ill_lm_contig12 contig_101
		Alignment: 2820 2949 | 606464 606335 | 130 130 | 91.54 | lm_ill_lm_contig12 contig_101
		Alignment: 2474 2720 | 606803 606557 | 247 247 | 92.31 | lm_ill_lm_contig12 contig_101
		Alignment: 2240 2418 | 607037 606859 | 179 179 | 94.41 | lm_ill_lm_contig12 contig_101
		Alignment: 1914 2233 | 607363 607044 | 320 320 | 94.06 | lm_ill_lm_contig12 contig_101
		Alignment: 912 1344 | 608352 607920 | 433 433 | 91.92 | lm_ill_lm_contig12 contig_101
		Alignment: 296 907 | 608968 608357 | 612 612 | 94.28 | lm_ill_lm_contig12 contig_101
		Alignment: 81096 116864 | 1692906 1728675 | 35769 35770 | 99.99 | lm_ill_lm_contig6 contig_101
		Alignment: 296 907 | 2112606 2113217 | 612 612 | 94.28 | lm_ill_lm_contig12 contig_101
		Alignment: 912 1344 | 2113222 2113654 | 433 433 | 91.92 | lm_ill_lm_contig12 contig_101
		Alignment: 1914 2233 | 2114211 2114530 | 320 320 | 94.06 | lm_ill_lm_contig12 contig_101
		Alignment: 2240 2418 | 2114537 2114715 | 179 179 | 94.41 | lm_ill_lm_contig12 contig_101
		Alignment: 2474 2720 | 2114771 2115017 | 247 247 | 92.31 | lm_ill_lm_contig12 contig_101
		Alignment: 2820 2949 | 2115110 2115239 | 130 130 | 91.54 | lm_ill_lm_contig12 contig_101
		Alignment: 2977 3114 | 2115267 2115404 | 138 138 | 93.48 | lm_ill_lm_contig12 contig_101
		Alignment: 174 1725 | 2117197 2115635 | 1552 1563 | 90.95 | lm_ill_lm_contig16 contig_101
		Alignment: 47636 47824 | 2172245 2172433 | 189 189 | 91.53 | lm_ill_lm_contig2 contig_101
		Alignment: 174 1725 | 2387290 2388852 | 1552 1563 | 90.95 | lm_ill_lm_contig16 contig_101
		Alignment: 2977 3114 | 2389220 2389083 | 138 138 | 93.48 | lm_ill_lm_contig12 contig_101
		Alignment: 2820 2949 | 2389377 2389248 | 130 130 | 91.54 | lm_ill_lm_contig12 contig_101
		Alignment: 2474 2720 | 2389716 2389470 | 247 247 | 92.31 | lm_ill_lm_contig12 contig_101
		Alignment: 2240 2418 | 2389950 2389772 | 179 179 | 94.41 | lm_ill_lm_contig12 contig_101
		Alignment: 1914 2233 | 2390276 2389957 | 320 320 | 94.06 | lm_ill_lm_contig12 contig_101
		Alignment: 912 1344 | 2391265 2390833 | 433 433 | 91.92 | lm_ill_lm_contig12 contig_101
		Alignment: 296 907 | 2391881 2391270 | 612 612 | 94.28 | lm_ill_lm_contig12 contig_101
		Alignment: 174 1725 | 2830414 2831976 | 1552 1563 | 90.95 | lm_ill_lm_contig16 contig_101
		Alignment: 2977 3114 | 2832446 2832309 | 138 138 | 93.48 | lm_ill_lm_contig12 contig_101
		Alignment: 2820 2949 | 2832603 2832474 | 130 130 | 91.54 | lm_ill_lm_contig12 contig_101
		Alignment: 2474 2720 | 2832942 2832696 | 247 247 | 92.31 | lm_ill_lm_contig12 contig_101
		Alignment: 2240 2418 | 2833176 2832998 | 179 179 | 94.41 | lm_ill_lm_contig12 contig_101
		Alignment: 1914 2233 | 2833502 2833183 | 320 320 | 94.06 | lm_ill_lm_contig12 contig_101
		Alignment: 912 1344 | 2834491 2834059 | 433 433 | 91.92 | lm_ill_lm_contig12 contig_101
		Alignment: 296 907 | 2835107 2834496 | 612 612 | 94.28 | lm_ill_lm_contig12 contig_101
		Alignment: 177 255 | 2836315 2836393 | 79 79 | 94.94 | lm_ill_lm_contig1 contig_101
		Alignment: 397 484 | 2836537 2836624 | 88 88 | 93.18 | lm_ill_lm_contig1 contig_101
		Alignment: 764 839 | 2836738 2836813 | 76 76 | 93.42 | lm_ill_lm_contig1 contig_101
		Alignment: 862 936 | 2836820 2836894 | 75 75 | 100.0 | lm_ill_lm_contig1 contig_101
		Alignment: 765 842 | 2837402 2837479 | 78 78 | 92.31 | lm_ill_lm_contig1 contig_101
		Alignment: 860 938 | 2837485 2837563 | 79 79 | 100.0 | lm_ill_lm_contig1 contig_101
		Alignment: 1143 1217 | 2837672 2837746 | 75 75 | 98.67 | lm_ill_lm_contig1 contig_101
		Unaligned bases: 2794342

CONTIG: contig_82 (4045309bp)
Best alignment score: 2672.6 (LEN: 2927, IDY: 91.31), Total number of alignments: 48
			Looking for the best set of alignments (out of 48 total alignments)
			Skipping redundant alignments after choosing the best set of alignments
		Skipping redundant alignment 1145 1216 | 2764550 2764621 | 72 72 | 100.0 | lm_ill_lm_contig1 contig_82
		Skipping redundant alignment 461 532 | 2764621 2764550 | 72 72 | 100.0 | lm_ill_lm_contig29 contig_82
		Skipping redundant alignment 782250 782322 | 2764622 2764550 | 73 73 | 100.0 | lm_ill_lm_contig1 contig_82
		Skipping redundant alignment 449 522 | 1501803 1501730 | 74 74 | 97.3 | lm_ill_lm_contig37 contig_82
		Skipping redundant alignment 174 248 | 1502082 1502008 | 75 75 | 96.0 | lm_ill_lm_contig37 contig_82
		Skipping redundant alignment 782251 782322 | 2519828 2519899 | 72 72 | 100.0 | lm_ill_lm_contig1 contig_82
		Skipping redundant alignment 1145 1217 | 2519899 2519827 | 73 73 | 100.0 | lm_ill_lm_contig1 contig_82
		Skipping redundant alignment 459 534 | 3493032 3492957 | 76 76 | 98.68 | lm_ill_lm_contig29 contig_82
		Skipping redundant alignment 325 408 | 3493118 3493035 | 84 84 | 92.86 | lm_ill_lm_contig29 contig_82
		Skipping redundant alignment 233 306 | 3493196 3493123 | 74 74 | 95.95 | lm_ill_lm_contig29 contig_82
		Skipping redundant alignment 1145 1217 | 3096174 3096246 | 73 73 | 100.0 | lm_ill_lm_contig1 contig_82
		Skipping redundant alignment 782251 782323 | 2640364 2640292 | 73 73 | 100.0 | lm_ill_lm_contig1 contig_82
		Skipping redundant alignment 460 532 | 2640365 2640293 | 73 73 | 100.0 | lm_ill_lm_contig29 contig_82
		Skipping redundant alignment 1144 1225 | 2640292 2640373 | 82 82 | 100.0 | lm_ill_lm_contig1 contig_82
		Skipping redundant alignment 176 248 | 2665858 2665930 | 73 73 | 97.26 | lm_ill_lm_contig37 contig_82
		Skipping redundant alignment 449 522 | 2666146 2666219 | 74 74 | 97.3 | lm_ill_lm_contig37 contig_82
		Skipping redundant alignment 1048 1138 | 3096053 3096143 | 91 91 | 94.51 | lm_ill_lm_contig1 contig_82
		Skipping redundant alignment 17454 17572 | 2689583 2689701 | 119 119 | 90.76 | lm_ill_lm_contig3 contig_82
		Skipping redundant alignment 47930 48004 | 2703149 2703075 | 75 75 | 90.67 | lm_ill_lm_contig2 contig_82
		Skipping redundant alignment 449 595 | 2736361 2736499 | 147 139 | 91.16 | lm_ill_lm_contig37 contig_82
		This contig has several significant sets of alignments. [An ambiguously mapped contig]
		Using only the very best set (option --ambiguity-usage is set to "one").
			The best set is below. Score: 36292.2, number of alignments: 28, unaligned bases: 3999913
		This contig is misassembled.
		This contig is partially unaligned. (Aligned 45396 out of 4045309 non-N bases (1.12%))
			Warning! This contig is more unaligned than misassembled. Contig length is 4045309 (number of Ns: 0) and total length of all aligns is 45396
		Alignment: 1145 1219 | 1500569 1500495 | 75 75 | 100.0 | lm_ill_lm_contig1 contig_82
		Alignment: 859 935 | 1500858 1500782 | 77 77 | 94.81 | lm_ill_lm_contig1 contig_82
		Alignment: 765 836 | 1500945 1500874 | 72 72 | 95.83 | lm_ill_lm_contig1 contig_82
		Alignment: 405 482 | 1501361 1501284 | 78 78 | 93.59 | lm_ill_lm_contig1 contig_82
		Alignment: 276 367 | 1501468 1501377 | 92 92 | 92.39 | lm_ill_lm_contig1 contig_82
		Alignment: 181 256 | 1501550 1501475 | 76 76 | 97.37 | lm_ill_lm_contig1 contig_82
		Alignment: 96 170 | 1501629 1501555 | 75 75 | 90.67 | lm_ill_lm_contig1 contig_82
		Alignment: 197 3126 | 1502754 1505679 | 2930 2926 | 91.31 | lm_ill_lm_contig12 contig_82
		Alignment: 174 1724 | 1507393 1505842 | 1551 1552 | 91.81 | lm_ill_lm_contig16 contig_82
		Alignment: 459 533 | 2519826 2519900 | 75 75 | 100.0 | lm_ill_lm_contig29 contig_82
		Alignment: 174 1724 | 2579686 2581236 | 1551 1551 | 91.99 | lm_ill_lm_contig16 contig_82
		Alignment: 197 3126 | 2584501 2581576 | 2930 2926 | 91.27 | lm_ill_lm_contig12 contig_82
		Alignment: 174 1724 | 2600296 2601846 | 1551 1551 | 91.93 | lm_ill_lm_contig16 contig_82
		Alignment: 197 3126 | 2605111 2602186 | 2930 2926 | 91.31 | lm_ill_lm_contig12 contig_82
		Alignment: 174 1724 | 2660627 2662177 | 1551 1551 | 91.99 | lm_ill_lm_contig16 contig_82
		Alignment: 197 3126 | 2665265 2662340 | 2930 2926 | 91.3 | lm_ill_lm_contig12 contig_82
		Alignment: 174 1724 | 2666550 2668100 | 1551 1551 | 91.99 | lm_ill_lm_contig16 contig_82
		Alignment: 197 3126 | 2671188 2668263 | 2930 2926 | 91.3 | lm_ill_lm_contig12 contig_82
		Alignment: 174 1724 | 2731085 2732635 | 1551 1551 | 91.86 | lm_ill_lm_contig16 contig_82
		Alignment: 196 3126 | 2735724 2732798 | 2931 2927 | 91.24 | lm_ill_lm_contig12 contig_82
		Alignment: 174 1724 | 2736698 2738249 | 1551 1552 | 91.81 | lm_ill_lm_contig16 contig_82
		Alignment: 196 3126 | 2741338 2738412 | 2931 2927 | 91.31 | lm_ill_lm_contig12 contig_82
		Alignment: 174 1724 | 2741700 2743250 | 1551 1551 | 91.93 | lm_ill_lm_contig16 contig_82
		Alignment: 197 3126 | 2746338 2743413 | 2930 2926 | 91.24 | lm_ill_lm_contig12 contig_82
		Alignment: 174 1724 | 3195132 3196682 | 1551 1551 | 92.06 | lm_ill_lm_contig16 contig_82
		Alignment: 196 3126 | 3199772 3196845 | 2931 2928 | 91.18 | lm_ill_lm_contig12 contig_82
		Alignment: 174 1724 | 3487875 3489425 | 1551 1551 | 91.99 | lm_ill_lm_contig16 contig_82
		Alignment: 197 3126 | 3492513 3489588 | 2930 2926 | 91.27 | lm_ill_lm_contig12 contig_82
		Unaligned bases: 3999913

CONTIG: contig_95 (2720445bp)
Best alignment score: 1409.3 (LEN: 1554, IDY: 90.69), Total number of alignments: 61
			Looking for the best set of alignments (out of 61 total alignments)
			Skipping redundant alignments after choosing the best set of alignments
		Skipping redundant alignment 439 523 | 404529 404445 | 85 85 | 96.47 | lm_ill_lm_contig37 contig_95
		Skipping redundant alignment 447 524 | 1759674 1759751 | 78 78 | 100.0 | lm_ill_lm_contig37 contig_95
		Skipping redundant alignment 47688 47769 | 1806152 1806071 | 82 82 | 92.68 | lm_ill_lm_contig2 contig_95
		Skipping redundant alignment 47306 47476 | 1806534 1806364 | 171 171 | 90.64 | lm_ill_lm_contig2 contig_95
		This contig has several significant sets of alignments. [An ambiguously mapped contig]
		Using only the very best set (option --ambiguity-usage is set to "one").
			The best set is below. Score: 15436.8, number of alignments: 57, unaligned bases: 2700459
		This contig is misassembled.
		This contig is partially unaligned. (Aligned 19986 out of 2720445 non-N bases (0.73%))
			Warning! This contig is more unaligned than misassembled. Contig length is 2720445 (number of Ns: 0) and total length of all aligns is 19986
		Alignment: 304 384 | 405439 405519 | 81 81 | 92.59 | lm_ill_lm_contig12 contig_95
		Alignment: 396 701 | 405531 405836 | 306 306 | 97.71 | lm_ill_lm_contig12 contig_95
		Alignment: 702 885 | 405838 406021 | 184 184 | 90.76 | lm_ill_lm_contig12 contig_95
		Alignment: 965 1346 | 406101 406482 | 382 382 | 94.76 | lm_ill_lm_contig12 contig_95
		Alignment: 1367 1447 | 406502 406582 | 81 81 | 97.53 | lm_ill_lm_contig12 contig_95
		Alignment: 1677 1863 | 406814 407000 | 187 187 | 90.37 | lm_ill_lm_contig12 contig_95
		Alignment: 1910 2127 | 407042 407259 | 218 218 | 91.74 | lm_ill_lm_contig12 contig_95
		Alignment: 2427 2716 | 407559 407848 | 290 290 | 93.79 | lm_ill_lm_contig12 contig_95
		Alignment: 2799 2936 | 407929 408066 | 138 138 | 93.48 | lm_ill_lm_contig12 contig_95
		Alignment: 174 1724 | 410279 408727 | 1551 1553 | 90.63 | lm_ill_lm_contig16 contig_95
		Alignment: 304 384 | 541501 541581 | 81 81 | 92.59 | lm_ill_lm_contig12 contig_95
		Alignment: 396 885 | 541593 542082 | 490 490 | 95.1 | lm_ill_lm_contig12 contig_95
		Alignment: 965 1346 | 542162 542543 | 382 382 | 94.76 | lm_ill_lm_contig12 contig_95
		Alignment: 1367 1447 | 542563 542643 | 81 81 | 97.53 | lm_ill_lm_contig12 contig_95
		Alignment: 1677 1863 | 542875 543061 | 187 187 | 90.37 | lm_ill_lm_contig12 contig_95
		Alignment: 1910 2127 | 543103 543320 | 218 218 | 91.74 | lm_ill_lm_contig12 contig_95
		Alignment: 2427 2730 | 543619 543922 | 304 304 | 92.43 | lm_ill_lm_contig12 contig_95
		Alignment: 2799 2950 | 543990 544141 | 152 152 | 92.11 | lm_ill_lm_contig12 contig_95
		Alignment: 174 1724 | 546336 544784 | 1551 1553 | 90.2 | lm_ill_lm_contig16 contig_95
		Alignment: 304 384 | 654974 655054 | 81 81 | 92.59 | lm_ill_lm_contig12 contig_95
		Alignment: 396 701 | 655066 655371 | 306 306 | 97.71 | lm_ill_lm_contig12 contig_95
		Alignment: 965 1346 | 655636 656017 | 382 382 | 94.76 | lm_ill_lm_contig12 contig_95
		Alignment: 1367 1447 | 656037 656117 | 81 81 | 97.53 | lm_ill_lm_contig12 contig_95
		Alignment: 1677 1866 | 656349 656538 | 190 190 | 90.0 | lm_ill_lm_contig12 contig_95
		Alignment: 1910 2127 | 656579 656796 | 218 218 | 91.74 | lm_ill_lm_contig12 contig_95
		Alignment: 2427 2730 | 657094 657397 | 304 304 | 92.76 | lm_ill_lm_contig12 contig_95
		Alignment: 2861 2936 | 657525 657600 | 76 76 | 92.11 | lm_ill_lm_contig12 contig_95
		Alignment: 174 1724 | 659766 658213 | 1551 1554 | 90.52 | lm_ill_lm_contig16 contig_95
		Alignment: 306698 306806 | 1463096 1462988 | 109 109 | 91.74 | lm_ill_lm_contig1 contig_95
		Alignment: 306593 306681 | 1463201 1463113 | 89 89 | 91.01 | lm_ill_lm_contig1 contig_95
		Alignment: 174 1724 | 1715335 1716891 | 1551 1557 | 90.46 | lm_ill_lm_contig16 contig_95
		Alignment: 2799 2936 | 1717655 1717518 | 138 138 | 93.48 | lm_ill_lm_contig12 contig_95
		Alignment: 2427 2716 | 1718025 1717736 | 290 290 | 93.79 | lm_ill_lm_contig12 contig_95
		Alignment: 1910 2127 | 1718540 1718323 | 218 218 | 91.74 | lm_ill_lm_contig12 contig_95
		Alignment: 1677 1863 | 1718772 1718586 | 187 187 | 90.37 | lm_ill_lm_contig12 contig_95
		Alignment: 1367 1447 | 1719084 1719004 | 81 81 | 97.53 | lm_ill_lm_contig12 contig_95
		Alignment: 965 1346 | 1719485 1719104 | 382 382 | 94.76 | lm_ill_lm_contig12 contig_95
		Alignment: 396 700 | 1720055 1719751 | 305 305 | 97.7 | lm_ill_lm_contig12 contig_95
		Alignment: 304 384 | 1720147 1720067 | 81 81 | 92.59 | lm_ill_lm_contig12 contig_95
		Alignment: 174 1724 | 1759975 1761529 | 1551 1555 | 90.57 | lm_ill_lm_contig16 contig_95
		Alignment: 2799 2936 | 1762234 1762097 | 138 138 | 93.48 | lm_ill_lm_contig12 contig_95
		Alignment: 2427 2716 | 1762604 1762315 | 290 290 | 93.79 | lm_ill_lm_contig12 contig_95
		Alignment: 1910 2127 | 1763118 1762901 | 218 218 | 91.74 | lm_ill_lm_contig12 contig_95
		Alignment: 1677 1863 | 1763347 1763161 | 187 187 | 90.91 | lm_ill_lm_contig12 contig_95
		Alignment: 1367 1447 | 1763659 1763579 | 81 81 | 97.53 | lm_ill_lm_contig12 contig_95
		Alignment: 965 1346 | 1764060 1763679 | 382 382 | 94.76 | lm_ill_lm_contig12 contig_95
		Alignment: 396 701 | 1764631 1764326 | 306 306 | 97.71 | lm_ill_lm_contig12 contig_95
		Alignment: 304 384 | 1764723 1764643 | 81 81 | 92.59 | lm_ill_lm_contig12 contig_95
		Alignment: 174 1724 | 1765235 1766788 | 1551 1554 | 90.69 | lm_ill_lm_contig16 contig_95
		Alignment: 2799 2936 | 1767461 1767324 | 138 138 | 93.48 | lm_ill_lm_contig12 contig_95
		Alignment: 2427 2730 | 1767832 1767529 | 304 304 | 92.76 | lm_ill_lm_contig12 contig_95
		Alignment: 1910 2127 | 1768347 1768130 | 218 218 | 91.74 | lm_ill_lm_contig12 contig_95
		Alignment: 1677 1863 | 1768575 1768389 | 187 187 | 90.37 | lm_ill_lm_contig12 contig_95
		Alignment: 1367 1447 | 1768887 1768807 | 81 81 | 97.53 | lm_ill_lm_contig12 contig_95
		Alignment: 965 1346 | 1769288 1768907 | 382 382 | 94.76 | lm_ill_lm_contig12 contig_95
		Alignment: 396 701 | 1769858 1769553 | 306 306 | 97.71 | lm_ill_lm_contig12 contig_95
		Alignment: 304 384 | 1769950 1769870 | 81 81 | 92.59 | lm_ill_lm_contig12 contig_95
		Unaligned bases: 2700459

CONTIG: contig_86 (1929636bp)
Best alignment score: 691.0 (LEN: 764, IDY: 90.45), Total number of alignments: 56
			Looking for the best set of alignments (out of 56 total alignments)
		This contig has several significant sets of alignments. [An ambiguously mapped contig]
		Using only the very best set (option --ambiguity-usage is set to "one").
			The best set is below. Score: 10145.5, number of alignments: 56, unaligned bases: 1915488
		This contig is misassembled.
		This contig is partially unaligned. (Aligned 14148 out of 1929636 non-N bases (0.73%))
			Warning! This contig is more unaligned than misassembled. Contig length is 1929636 (number of Ns: 0) and total length of all aligns is 14148
		Alignment: 302 873 | 64984 65555 | 572 572 | 96.15 | lm_ill_lm_contig12 contig_86
		Alignment: 966 1211 | 65624 65869 | 246 246 | 94.31 | lm_ill_lm_contig12 contig_86
		Alignment: 1235 1345 | 65893 66003 | 111 111 | 93.69 | lm_ill_lm_contig12 contig_86
		Alignment: 1369 1484 | 66016 66131 | 116 116 | 97.41 | lm_ill_lm_contig12 contig_86
		Alignment: 1675 1898 | 66324 66547 | 224 224 | 90.18 | lm_ill_lm_contig12 contig_86
		Alignment: 2157 2233 | 66802 66878 | 77 77 | 90.91 | lm_ill_lm_contig12 contig_86
		Alignment: 2473 2718 | 67120 67365 | 246 246 | 90.65 | lm_ill_lm_contig12 contig_86
		Alignment: 2995 3114 | 67641 67760 | 120 120 | 90.0 | lm_ill_lm_contig12 contig_86
		Alignment: 1636 1725 | 68246 68157 | 90 90 | 91.11 | lm_ill_lm_contig16 contig_86
		Alignment: 1342 1633 | 68538 68247 | 292 292 | 90.07 | lm_ill_lm_contig16 contig_86
		Alignment: 411 1174 | 69470 68707 | 764 764 | 90.45 | lm_ill_lm_contig16 contig_86
		Alignment: 302 777 | 141736 142211 | 476 476 | 96.43 | lm_ill_lm_contig12 contig_86
		Alignment: 779 873 | 142212 142306 | 95 95 | 94.74 | lm_ill_lm_contig12 contig_86
		Alignment: 914 1211 | 142347 142644 | 298 298 | 91.28 | lm_ill_lm_contig12 contig_86
		Alignment: 1279 1345 | 142700 142766 | 67 67 | 92.54 | lm_ill_lm_contig12 contig_86
		Alignment: 1369 1484 | 142779 142894 | 116 116 | 97.41 | lm_ill_lm_contig12 contig_86
		Alignment: 1675 1898 | 143087 143310 | 224 224 | 90.18 | lm_ill_lm_contig12 contig_86
		Alignment: 2157 2233 | 143567 143643 | 77 77 | 92.21 | lm_ill_lm_contig12 contig_86
		Alignment: 2473 2718 | 143885 144130 | 246 246 | 91.06 | lm_ill_lm_contig12 contig_86
		Alignment: 2995 3114 | 144406 144525 | 120 120 | 90.0 | lm_ill_lm_contig12 contig_86
		Alignment: 1342 1725 | 145110 144727 | 384 384 | 90.36 | lm_ill_lm_contig16 contig_86
		Alignment: 411 1174 | 146042 145279 | 764 764 | 90.31 | lm_ill_lm_contig16 contig_86
		Alignment: 302 873 | 176753 177324 | 572 572 | 96.15 | lm_ill_lm_contig12 contig_86
		Alignment: 914 1211 | 177365 177662 | 298 298 | 90.94 | lm_ill_lm_contig12 contig_86
		Alignment: 1235 1345 | 177686 177796 | 111 111 | 93.69 | lm_ill_lm_contig12 contig_86
		Alignment: 1369 1484 | 177809 177924 | 116 116 | 97.41 | lm_ill_lm_contig12 contig_86
		Alignment: 1675 1898 | 178117 178340 | 224 224 | 90.18 | lm_ill_lm_contig12 contig_86
		Alignment: 2157 2233 | 178597 178673 | 77 77 | 90.91 | lm_ill_lm_contig12 contig_86
		Alignment: 2473 2718 | 178913 179158 | 246 246 | 91.06 | lm_ill_lm_contig12 contig_86
		Alignment: 1603 1725 | 179877 179755 | 123 123 | 90.24 | lm_ill_lm_contig16 contig_86
		Alignment: 1342 1597 | 180133 179878 | 256 256 | 90.23 | lm_ill_lm_contig16 contig_86
		Alignment: 411 1174 | 181065 180302 | 764 764 | 90.18 | lm_ill_lm_contig16 contig_86
		Alignment: 411 1174 | 840708 841471 | 764 764 | 90.18 | lm_ill_lm_contig16 contig_86
		Alignment: 1342 1725 | 841640 842023 | 384 384 | 90.36 | lm_ill_lm_contig16 contig_86
		Alignment: 2995 3114 | 842353 842234 | 120 120 | 90.0 | lm_ill_lm_contig12 contig_86
		Alignment: 2500 2718 | 842847 842629 | 219 219 | 92.69 | lm_ill_lm_contig12 contig_86
		Alignment: 2157 2233 | 843135 843059 | 77 77 | 90.91 | lm_ill_lm_contig12 contig_86
		Alignment: 1675 1898 | 843615 843392 | 224 224 | 90.18 | lm_ill_lm_contig12 contig_86
		Alignment: 1369 1484 | 843923 843808 | 116 116 | 97.41 | lm_ill_lm_contig12 contig_86
		Alignment: 1235 1345 | 844046 843936 | 111 111 | 93.69 | lm_ill_lm_contig12 contig_86
		Alignment: 914 1211 | 844367 844070 | 298 298 | 91.28 | lm_ill_lm_contig12 contig_86
		Alignment: 783 873 | 844498 844408 | 91 91 | 94.51 | lm_ill_lm_contig12 contig_86
		Alignment: 302 781 | 844978 844499 | 480 480 | 96.46 | lm_ill_lm_contig12 contig_86
		Alignment: 447 524 | 1651537 1651460 | 78 78 | 94.87 | lm_ill_lm_contig37 contig_86
		Alignment: 268 356 | 1651708 1651620 | 89 89 | 93.26 | lm_ill_lm_contig37 contig_86
		Alignment: 174 247 | 1651799 1651726 | 74 74 | 97.3 | lm_ill_lm_contig37 contig_86
		Alignment: 2 74 | 1651980 1651908 | 73 73 | 93.15 | lm_ill_lm_contig37 contig_86
		Alignment: 302 874 | 1652351 1652923 | 573 573 | 96.16 | lm_ill_lm_contig12 contig_86
		Alignment: 1240 1345 | 1653151 1653256 | 106 106 | 94.34 | lm_ill_lm_contig12 contig_86
		Alignment: 1369 1484 | 1653269 1653384 | 116 116 | 97.41 | lm_ill_lm_contig12 contig_86
		Alignment: 1675 1898 | 1653577 1653800 | 224 224 | 90.18 | lm_ill_lm_contig12 contig_86
		Alignment: 1913 2093 | 1653813 1653993 | 181 181 | 91.16 | lm_ill_lm_contig12 contig_86
		Alignment: 2157 2233 | 1654056 1654132 | 77 77 | 90.91 | lm_ill_lm_contig12 contig_86
		Alignment: 2595 2718 | 1654494 1654617 | 124 124 | 95.97 | lm_ill_lm_contig12 contig_86
		Alignment: 1342 1614 | 1655197 1654925 | 273 273 | 90.11 | lm_ill_lm_contig16 contig_86
		Alignment: 411 1174 | 1656129 1655366 | 764 764 | 90.18 | lm_ill_lm_contig16 contig_86
		Unaligned bases: 1915488

CONTIG: contig_88 (4757909bp)
Best alignment score: 134.0 (LEN: 147, IDY: 91.16), Total number of alignments: 35
			Looking for the best set of alignments (out of 35 total alignments)
			Skipping redundant alignments after choosing the best set of alignments
		Skipping redundant alignment 1124 1206 | 807136 807218 | 83 83 | 97.59 | lm_ill_lm_contig12 contig_88
		Skipping redundant alignment 1473 1587 | 809705 809591 | 115 115 | 93.91 | lm_ill_lm_contig16 contig_88
		Skipping redundant alignment 1342 1416 | 809836 809762 | 75 75 | 90.67 | lm_ill_lm_contig16 contig_88
		Skipping redundant alignment 1034 1174 | 810146 810006 | 141 141 | 92.91 | lm_ill_lm_contig16 contig_88
		Skipping redundant alignment 924 995 | 810255 810184 | 72 72 | 97.22 | lm_ill_lm_contig16 contig_88
		Skipping redundant alignment 1124 1206 | 1473320 1473402 | 83 83 | 97.59 | lm_ill_lm_contig12 contig_88
		Skipping redundant alignment 1473 1587 | 1475888 1475774 | 115 115 | 93.91 | lm_ill_lm_contig16 contig_88
		Skipping redundant alignment 1342 1416 | 1476019 1475945 | 75 75 | 90.67 | lm_ill_lm_contig16 contig_88
		Skipping redundant alignment 1034 1174 | 1476329 1476189 | 141 141 | 92.91 | lm_ill_lm_contig16 contig_88
		Skipping redundant alignment 924 995 | 1476438 1476367 | 72 72 | 97.22 | lm_ill_lm_contig16 contig_88
		Skipping redundant alignment 1124 1206 | 3038876 3038794 | 83 83 | 97.59 | lm_ill_lm_contig12 contig_88
		Skipping redundant alignment 1124 1206 | 1996113 1996031 | 83 83 | 97.59 | lm_ill_lm_contig12 contig_88
		Skipping redundant alignment 1124 1206 | 2091033 2090951 | 83 83 | 97.59 | lm_ill_lm_contig12 contig_88
		Skipping redundant alignment 1342 1416 | 3035917 3035991 | 75 75 | 90.67 | lm_ill_lm_contig16 contig_88
		Skipping redundant alignment 1124 1206 | 2246414 2246332 | 83 83 | 97.59 | lm_ill_lm_contig12 contig_88
		Skipping redundant alignment 1473 1587 | 3036048 3036162 | 115 115 | 93.91 | lm_ill_lm_contig16 contig_88
		Skipping redundant alignment 1124 1206 | 2289156 2289074 | 83 83 | 97.59 | lm_ill_lm_contig12 contig_88
		Skipping redundant alignment 924 995 | 3035498 3035569 | 72 72 | 97.22 | lm_ill_lm_contig16 contig_88
		Skipping redundant alignment 1034 1180 | 3035607 3035753 | 147 147 | 91.16 | lm_ill_lm_contig16 contig_88
			The best set is below. Score: 593.1, number of alignments: 16, unaligned bases: 4756297
		This contig is misassembled.
		This contig is partially unaligned. (Aligned 1612 out of 4757909 non-N bases (0.03%))
			Warning! This contig is more unaligned than misassembled. Contig length is 4757909 (number of Ns: 0) and total length of all aligns is 1612
		Alignment: 924 995 | 1992835 1992906 | 72 72 | 97.22 | lm_ill_lm_contig16 contig_88
		Alignment: 1034 1174 | 1992944 1993084 | 141 141 | 92.91 | lm_ill_lm_contig16 contig_88
		Alignment: 1342 1416 | 1993254 1993328 | 75 75 | 90.67 | lm_ill_lm_contig16 contig_88
		Alignment: 1473 1587 | 1993385 1993499 | 115 115 | 93.91 | lm_ill_lm_contig16 contig_88
		Alignment: 924 995 | 2087914 2087985 | 72 72 | 97.22 | lm_ill_lm_contig16 contig_88
		Alignment: 1034 1174 | 2088023 2088163 | 141 141 | 92.91 | lm_ill_lm_contig16 contig_88
		Alignment: 1342 1416 | 2088333 2088407 | 75 75 | 90.67 | lm_ill_lm_contig16 contig_88
		Alignment: 1473 1587 | 2088464 2088578 | 115 115 | 93.91 | lm_ill_lm_contig16 contig_88
		Alignment: 924 995 | 2243137 2243208 | 72 72 | 97.22 | lm_ill_lm_contig16 contig_88
		Alignment: 1034 1174 | 2243246 2243386 | 141 141 | 92.91 | lm_ill_lm_contig16 contig_88
		Alignment: 1342 1416 | 2243556 2243630 | 75 75 | 90.67 | lm_ill_lm_contig16 contig_88
		Alignment: 1473 1587 | 2243687 2243801 | 115 115 | 93.91 | lm_ill_lm_contig16 contig_88
		Alignment: 924 995 | 2286038 2286109 | 72 72 | 97.22 | lm_ill_lm_contig16 contig_88
		Alignment: 1034 1174 | 2286147 2286287 | 141 141 | 92.91 | lm_ill_lm_contig16 contig_88
		Alignment: 1342 1416 | 2286457 2286531 | 75 75 | 90.67 | lm_ill_lm_contig16 contig_88
		Alignment: 1473 1587 | 2286588 2286702 | 115 115 | 93.91 | lm_ill_lm_contig16 contig_88
		Unaligned bases: 4756297

CONTIG: contig_89 (4764750bp)
Best alignment score: 118.0 (LEN: 126, IDY: 93.65), Total number of alignments: 35
			Looking for the best set of alignments (out of 35 total alignments)
			Skipping redundant alignments after choosing the best set of alignments
		Skipping redundant alignment 1124 1206 | 304821 304903 | 83 83 | 97.59 | lm_ill_lm_contig12 contig_89
		Skipping redundant alignment 1476 1587 | 307462 307351 | 112 112 | 93.75 | lm_ill_lm_contig16 contig_89
		Skipping redundant alignment 1342 1416 | 307595 307521 | 75 75 | 90.67 | lm_ill_lm_contig16 contig_89
		Skipping redundant alignment 1055 1180 | 307884 307759 | 126 126 | 93.65 | lm_ill_lm_contig16 contig_89
		Skipping redundant alignment 924 995 | 308014 307943 | 72 72 | 97.22 | lm_ill_lm_contig16 contig_89
		Skipping redundant alignment 1124 1206 | 1013072 1013154 | 83 83 | 97.59 | lm_ill_lm_contig12 contig_89
		Skipping redundant alignment 1473 1587 | 1015722 1015608 | 115 115 | 93.91 | lm_ill_lm_contig16 contig_89
		Skipping redundant alignment 1342 1416 | 1015853 1015779 | 75 75 | 90.67 | lm_ill_lm_contig16 contig_89
		Skipping redundant alignment 1055 1180 | 1016142 1016017 | 126 126 | 93.65 | lm_ill_lm_contig16 contig_89
		Skipping redundant alignment 924 995 | 1016272 1016201 | 72 72 | 97.22 | lm_ill_lm_contig16 contig_89
		Skipping redundant alignment 1124 1206 | 2473766 2473684 | 83 83 | 97.59 | lm_ill_lm_contig12 contig_89
		Skipping redundant alignment 1124 1206 | 1559845 1559763 | 83 83 | 97.59 | lm_ill_lm_contig12 contig_89
		Skipping redundant alignment 1124 1206 | 1653537 1653455 | 83 83 | 97.59 | lm_ill_lm_contig12 contig_89
		Skipping redundant alignment 1342 1416 | 2470975 2471049 | 75 75 | 90.67 | lm_ill_lm_contig16 contig_89
		Skipping redundant alignment 1124 1206 | 1784553 1784471 | 83 83 | 97.59 | lm_ill_lm_contig12 contig_89
		Skipping redundant alignment 1473 1587 | 2471106 2471220 | 115 115 | 93.91 | lm_ill_lm_contig16 contig_89
		Skipping redundant alignment 1124 1206 | 1825944 1825862 | 83 83 | 97.59 | lm_ill_lm_contig12 contig_89
		Skipping redundant alignment 924 995 | 2470557 2470628 | 72 72 | 97.22 | lm_ill_lm_contig16 contig_89
		Skipping redundant alignment 1055 1174 | 2470686 2470805 | 120 120 | 95.83 | lm_ill_lm_contig16 contig_89
			The best set is below. Score: 556.3, number of alignments: 16, unaligned bases: 4763198
		This contig is misassembled.
		This contig is partially unaligned. (Aligned 1552 out of 4764750 non-N bases (0.03%))
			Warning! This contig is more unaligned than misassembled. Contig length is 4764750 (number of Ns: 0) and total length of all aligns is 1552
		Alignment: 924 995 | 1556728 1556799 | 72 72 | 97.22 | lm_ill_lm_contig16 contig_89
		Alignment: 1055 1180 | 1556858 1556983 | 126 126 | 93.65 | lm_ill_lm_contig16 contig_89
		Alignment: 1342 1416 | 1557147 1557221 | 75 75 | 90.67 | lm_ill_lm_contig16 contig_89
		Alignment: 1473 1587 | 1557278 1557392 | 115 115 | 93.91 | lm_ill_lm_contig16 contig_89
		Alignment: 924 995 | 1650326 1650397 | 72 72 | 97.22 | lm_ill_lm_contig16 contig_89
		Alignment: 1055 1180 | 1650456 1650581 | 126 126 | 93.65 | lm_ill_lm_contig16 contig_89
		Alignment: 1342 1416 | 1650745 1650819 | 75 75 | 90.67 | lm_ill_lm_contig16 contig_89
		Alignment: 1473 1587 | 1650876 1650990 | 115 115 | 93.91 | lm_ill_lm_contig16 contig_89
		Alignment: 924 995 | 1781436 1781507 | 72 72 | 97.22 | lm_ill_lm_contig16 contig_89
		Alignment: 1055 1180 | 1781566 1781691 | 126 126 | 93.65 | lm_ill_lm_contig16 contig_89
		Alignment: 1342 1416 | 1781855 1781929 | 75 75 | 90.67 | lm_ill_lm_contig16 contig_89
		Alignment: 1473 1587 | 1781986 1782100 | 115 115 | 93.91 | lm_ill_lm_contig16 contig_89
		Alignment: 924 995 | 1822827 1822898 | 72 72 | 97.22 | lm_ill_lm_contig16 contig_89
		Alignment: 1055 1180 | 1822957 1823082 | 126 126 | 93.65 | lm_ill_lm_contig16 contig_89
		Alignment: 1342 1416 | 1823246 1823320 | 75 75 | 90.67 | lm_ill_lm_contig16 contig_89
		Alignment: 1473 1587 | 1823377 1823491 | 115 115 | 93.91 | lm_ill_lm_contig16 contig_89
		Unaligned bases: 4763198

Analyzing coverage...
Writing SNPs into /media3/lucia/zymo_mock_community/asms_cuantizados/v3_12-2-21_2bins/metaquast-2bins/runs_per_reference/lm_ill/contigs_reports/minimap_output/r10_2bins_2_racon_r2.used_snps.gz

Analysis is finished!
Founded SNPs were written into /media3/lucia/zymo_mock_community/asms_cuantizados/v3_12-2-21_2bins/metaquast-2bins/runs_per_reference/lm_ill/contigs_reports/minimap_output/r10_2bins_2_racon_r2.used_snps.gz

Results:
	Local Misassemblies: 7
	Misassemblies: 2
		Relocations: 0
		Translocations: 2
		Inversions: 0
	Scaffold gap extensive misassemblies: 0
	Scaffold gap local misassemblies: 0
	Misassemblies caused by fragmented reference: 16
	Misassembled Contigs: 1
	Misassembled Contig Bases: 2991966
	Misassemblies Inter-Contig Overlap: 0
Unaligned Contigs: 0 + 7 part
Half Unaligned Contigs with Misassemblies: 6
Unaligned Contig Bases: 20935632

Ambiguously Mapped Contigs: 5
Total Bases in Ambiguously Mapped Contigs: 14532695
Extra Bases in Ambiguously Mapped Contigs: 0
Note that --allow-ambiguity option was set to "one" and only first alignment per each of these contigs was used.

	Covered Bases: 2957349

	SNPs: 6924
	Insertions: 746
	Deletions: 1453

