Aligning contigs to reference...
	Aligning contigs to the reference
Filtering alignments...
Parsing coords...
Loading reference...
	Loaded [pa_ill_pa_contig77]
	Loaded [pa_ill_pa_contig76]
	Loaded [pa_ill_pa_contig75]
	Loaded [pa_ill_pa_contig74]
	Loaded [pa_ill_pa_contig73]
	Loaded [pa_ill_pa_contig72]
	Loaded [pa_ill_pa_contig71]
	Loaded [pa_ill_pa_contig70]
	Loaded [pa_ill_pa_contig23]
	Loaded [pa_ill_pa_contig21]
	Loaded [pa_ill_pa_contig28]
	Loaded [pa_ill_pa_contig79]
	Loaded [pa_ill_pa_contig78]
	Loaded [pa_ill_pa_contig32]
	Loaded [pa_ill_pa_contig8]
	Loaded [pa_ill_pa_contig41]
	Loaded [pa_ill_pa_contig47]
	Loaded [pa_ill_pa_contig4]
	Loaded [pa_ill_pa_contig13]
	Loaded [pa_ill_pa_contig11]
	Loaded [pa_ill_pa_contig10]
	Loaded [pa_ill_pa_contig39]
	Loaded [pa_ill_pa_contig12]
	Loaded [pa_ill_pa_contig59]
	Loaded [pa_ill_pa_contig14]
	Loaded [pa_ill_pa_contig17]
	Loaded [pa_ill_pa_contig16]
	Loaded [pa_ill_pa_contig55]
	Loaded [pa_ill_pa_contig54]
	Loaded [pa_ill_pa_contig31]
	Loaded [pa_ill_pa_contig56]
	Loaded [pa_ill_pa_contig51]
	Loaded [pa_ill_pa_contig50]
	Loaded [pa_ill_pa_contig35]
	Loaded [pa_ill_pa_contig34]
	Loaded [pa_ill_pa_contig60]
	Loaded [pa_ill_pa_contig61]
	Loaded [pa_ill_pa_contig62]
	Loaded [pa_ill_pa_contig63]
	Loaded [pa_ill_pa_contig64]
	Loaded [pa_ill_pa_contig65]
	Loaded [pa_ill_pa_contig66]
	Loaded [pa_ill_pa_contig67]
	Loaded [pa_ill_pa_contig68]
	Loaded [pa_ill_pa_contig69]
	Loaded [pa_ill_pa_contig80]
	Loaded [pa_ill_pa_contig81]
	Loaded [pa_ill_pa_contig84]
	Loaded [pa_ill_pa_contig19]
	Loaded [pa_ill_pa_contig83]
	Loaded [pa_ill_pa_contig2]
	Loaded [pa_ill_pa_contig18]
	Loaded [pa_ill_pa_contig5]
	Loaded [pa_ill_pa_contig57]
	Loaded [pa_ill_pa_contig58]
	Loaded [pa_ill_pa_contig15]
	Loaded [pa_ill_pa_contig1]
	Loaded [pa_ill_pa_contig45]
	Loaded [pa_ill_pa_contig3]
	Loaded [pa_ill_pa_contig30]
	Loaded [pa_ill_pa_contig33]
	Loaded [pa_ill_pa_contig38]
	Loaded [pa_ill_pa_contig7]
	Loaded [pa_ill_pa_contig6]
	Loaded [pa_ill_pa_contig9]
	Loaded [pa_ill_pa_contig37]
	Loaded [pa_ill_pa_contig36]
	Loaded [pa_ill_pa_contig24]
	Loaded [pa_ill_pa_contig25]
	Loaded [pa_ill_pa_contig26]
	Loaded [pa_ill_pa_contig27]
	Loaded [pa_ill_pa_contig20]
	Loaded [pa_ill_pa_contig53]
	Loaded [pa_ill_pa_contig48]
	Loaded [pa_ill_pa_contig49]
	Loaded [pa_ill_pa_contig46]
	Loaded [pa_ill_pa_contig22]
	Loaded [pa_ill_pa_contig44]
	Loaded [pa_ill_pa_contig52]
	Loaded [pa_ill_pa_contig42]
	Loaded [pa_ill_pa_contig43]
	Loaded [pa_ill_pa_contig40]
	Loaded [pa_ill_pa_contig29]
	Total Regions: 83
	Total Region Length: 6728151
Analyzing contigs...
CONTIG: contig_165 (6791665bp)
Best alignment score: 847399.5 (LEN: 847569, IDY: 99.98), Total number of alignments: 154
			Too much alignments (154), will use speed up heuristics
			Found 104 solid alignments:
		Solid alignment 1 2207 | 3 2209 | 2207 2207 | 99.5 | pa_ill_pa_contig55 contig_165
		Solid alignment 1 47071 | 49955 2887 | 47071 47069 | 99.99 | pa_ill_pa_contig35 contig_165
		Solid alignment 1 266935 | 50565 317483 | 266935 266919 | 99.99 | pa_ill_pa_contig6 contig_165
		Solid alignment 1 111253 | 428685 317443 | 111253 111243 | 99.97 | pa_ill_pa_contig20 contig_165
		Solid alignment 1 5507 | 434137 428631 | 5507 5507 | 99.47 | pa_ill_pa_contig45 contig_165
		Solid alignment 1 118702 | 434083 552768 | 118702 118686 | 99.98 | pa_ill_pa_contig19 contig_165
		Solid alignment 1 1237 | 554497 553261 | 1237 1237 | 99.68 | pa_ill_pa_contig65 contig_165
		Solid alignment 1 944 | 555385 554443 | 944 943 | 98.73 | pa_ill_pa_contig71 contig_165
		Solid alignment 1 23992 | 556033 580022 | 23992 23990 | 99.99 | pa_ill_pa_contig40 contig_165
		Solid alignment 1 1468 | 579968 581435 | 1468 1468 | 99.93 | pa_ill_pa_contig62 contig_165
		Solid alignment 1 56682 | 581381 638057 | 56682 56677 | 99.98 | pa_ill_pa_contig30 contig_165
		Solid alignment 1 927 | 638003 638929 | 927 927 | 97.63 | pa_ill_pa_contig73 contig_165
		Solid alignment 1 204999 | 843734 638875 | 204999 204860 | 99.92 | pa_ill_pa_contig12 contig_165
		Solid alignment 1 1492 | 843680 845171 | 1492 1492 | 99.87 | pa_ill_pa_contig61 contig_165
		Solid alignment 1 106796 | 845117 951894 | 106796 106778 | 99.98 | pa_ill_pa_contig21 contig_165
		Solid alignment 1 1258 | 953097 951840 | 1258 1258 | 99.52 | pa_ill_pa_contig64 contig_165
		Solid alignment 1 34671 | 953043 987747 | 34671 34705 | 99.84 | pa_ill_pa_contig15 contig_165
		Solid alignment 34236 173697 | 987367 1126896 | 139462 139530 | 99.93 | pa_ill_pa_contig15 contig_165
		Solid alignment 1 1028 | 1128674 1127647 | 1028 1028 | 99.81 | pa_ill_pa_contig68 contig_165
		Solid alignment 1 1028 | 1131856 1130829 | 1028 1028 | 99.51 | pa_ill_pa_contig68 contig_165
		Solid alignment 1 1661 | 1133461 1131802 | 1661 1660 | 99.94 | pa_ill_pa_contig59 contig_165
		Solid alignment 1 1682 | 1133407 1135088 | 1682 1682 | 99.52 | pa_ill_pa_contig58 contig_165
		Solid alignment 1 4971 | 1135034 1140001 | 4971 4968 | 99.94 | pa_ill_pa_contig46 contig_165
		Solid alignment 1 1682 | 1139947 1141627 | 1682 1681 | 99.7 | pa_ill_pa_contig58 contig_165
		Solid alignment 1 3238 | 1141573 1144810 | 3238 3238 | 100.0 | pa_ill_pa_contig50 contig_165
		Solid alignment 1 799 | 1144756 1145554 | 799 799 | 99.12 | pa_ill_pa_contig75 contig_165
		Solid alignment 1 6148 | 1152389 1146244 | 6148 6146 | 99.97 | pa_ill_pa_contig43 contig_165
		Solid alignment 1 799 | 1152335 1153133 | 799 799 | 98.62 | pa_ill_pa_contig75 contig_165
		Solid alignment 1 68331 | 1153823 1222143 | 68331 68321 | 99.99 | pa_ill_pa_contig28 contig_165
		Solid alignment 1 985 | 1222089 1223073 | 985 985 | 98.48 | pa_ill_pa_contig69 contig_165
		Solid alignment 1 30768 | 1253783 1223019 | 30768 30765 | 99.94 | pa_ill_pa_contig38 contig_165
		Solid alignment 1235 3722 | 1256216 1253729 | 2488 2488 | 99.4 | pa_ill_pa_contig48 contig_165
		Solid alignment 1 1079 | 1257450 1256372 | 1079 1079 | 99.54 | pa_ill_pa_contig48 contig_165
		Solid alignment 1 6590 | 1257396 1263980 | 6590 6585 | 99.76 | pa_ill_pa_contig42 contig_165
		Solid alignment 1 3064 | 1266989 1263926 | 3064 3064 | 99.28 | pa_ill_pa_contig51 contig_165
		Solid alignment 1 26794 | 1266935 1293726 | 26794 26792 | 99.99 | pa_ill_pa_contig39 contig_165
		Solid alignment 1 258570 | 1552775 1294220 | 258570 258556 | 99.98 | pa_ill_pa_contig8 contig_165
		Solid alignment 1 944 | 1552721 1553663 | 944 943 | 99.26 | pa_ill_pa_contig71 contig_165
		Solid alignment 1 1237 | 1553609 1554845 | 1237 1237 | 95.64 | pa_ill_pa_contig65 contig_165
		Solid alignment 1 191344 | 1555338 1746653 | 191344 191316 | 99.98 | pa_ill_pa_contig13 contig_165
		Solid alignment 1 1197 | 1747795 1746599 | 1197 1197 | 99.83 | pa_ill_pa_contig67 contig_165
		Solid alignment 1 86455 | 1747780 1834219 | 86455 86440 | 99.98 | pa_ill_pa_contig25 contig_165
		Solid alignment 161 249467 | 1834165 2083447 | 249307 249283 | 99.99 | pa_ill_pa_contig9 contig_165
		Solid alignment 1 2531 | 2086342 2083812 | 2531 2531 | 99.84 | pa_ill_pa_contig53 contig_165
		Solid alignment 1 929 | 2087396 2086470 | 929 927 | 99.14 | pa_ill_pa_contig72 contig_165
		Solid alignment 1 121067 | 2213178 2092120 | 121067 121059 | 99.99 | pa_ill_pa_contig17 contig_165
		Solid alignment 1 56007 | 2213440 2269442 | 56007 56003 | 99.99 | pa_ill_pa_contig32 contig_165
		Solid alignment 1 1258 | 2270644 2269388 | 1258 1257 | 99.76 | pa_ill_pa_contig64 contig_165
		Solid alignment 247199 542364 | 2565727 2270590 | 295166 295138 | 99.98 | pa_ill_pa_contig2 contig_165
		Solid alignment 1 247386 | 2812790 2565425 | 247386 247366 | 99.98 | pa_ill_pa_contig2 contig_165
		Solid alignment 1 3774 | 2816992 2813220 | 3774 3773 | 99.97 | pa_ill_pa_contig47 contig_165
		Solid alignment 1 929 | 2817506 2818435 | 929 930 | 98.39 | pa_ill_pa_contig72 contig_165
		Solid alignment 1 2549 | 2818562 2821110 | 2549 2549 | 99.96 | pa_ill_pa_contig52 contig_165
		Solid alignment 1 404310 | 3225738 2821469 | 404310 404270 | 99.98 | pa_ill_pa_contig4 contig_165
		Solid alignment 1 1468 | 3225684 3227151 | 1468 1468 | 100.0 | pa_ill_pa_contig62 contig_165
		Solid alignment 1 122468 | 3227097 3349551 | 122468 122455 | 99.98 | pa_ill_pa_contig16 contig_165
		Solid alignment 1 53273 | 3403243 3349966 | 53273 53278 | 99.97 | pa_ill_pa_contig33 contig_165
		Solid alignment 41099 76514 | 3439145 3403737 | 35416 35409 | 99.97 | pa_ill_pa_contig26 contig_165
		Solid alignment 1 41228 | 3480131 3438904 | 41228 41228 | 99.97 | pa_ill_pa_contig26 contig_165
		Solid alignment 1 846 | 3480895 3480056 | 846 840 | 90.05 | pa_ill_pa_contig20 contig_165
		Solid alignment 1 5507 | 3486347 3480841 | 5507 5507 | 99.84 | pa_ill_pa_contig45 contig_165
		Solid alignment 1 68413 | 3486293 3554707 | 68413 68415 | 99.98 | pa_ill_pa_contig27 contig_165
		Solid alignment 1 5713 | 3560364 3554653 | 5713 5712 | 99.93 | pa_ill_pa_contig44 contig_165
		Solid alignment 1 87995 | 3648294 3560310 | 87995 87985 | 99.98 | pa_ill_pa_contig24 contig_165
		Solid alignment 1 1197 | 3648240 3649436 | 1197 1197 | 99.75 | pa_ill_pa_contig67 contig_165
		Solid alignment 1 294591 | 3649382 3943951 | 294591 294570 | 99.98 | pa_ill_pa_contig5 contig_165
		Solid alignment 1 927 | 3943897 3944825 | 927 929 | 99.68 | pa_ill_pa_contig73 contig_165
		Solid alignment 1 35776 | 3944771 3980541 | 35776 35771 | 99.98 | pa_ill_pa_contig37 contig_165
		Solid alignment 1 2207 | 3983617 3981411 | 2207 2207 | 99.82 | pa_ill_pa_contig55 contig_165
		Solid alignment 1 232544 | 3983563 4216105 | 232544 232543 | 99.97 | pa_ill_pa_contig10 contig_165
		Solid alignment 1 1874 | 4215978 4217851 | 1874 1874 | 100.0 | pa_ill_pa_contig57 contig_165
		Solid alignment 232388 237415 | 4217696 4222720 | 5028 5025 | 99.92 | pa_ill_pa_contig10 contig_165
		Solid alignment 1235 3722 | 4225153 4222666 | 2488 2488 | 99.6 | pa_ill_pa_contig48 contig_165
		Solid alignment 1 1079 | 4226387 4225309 | 1079 1079 | 99.81 | pa_ill_pa_contig48 contig_165
		Solid alignment 1 956 | 4226333 4227287 | 956 955 | 99.9 | pa_ill_pa_contig70 contig_165
		Solid alignment 1 3064 | 4230296 4227233 | 3064 3064 | 99.71 | pa_ill_pa_contig51 contig_165
		Solid alignment 92967 210873 | 4348137 4230242 | 117907 117896 | 99.97 | pa_ill_pa_contig11 contig_165
		Solid alignment 1 93281 | 4440982 4347713 | 93281 93270 | 99.96 | pa_ill_pa_contig11 contig_165
		Solid alignment 1 985 | 4440928 4441912 | 985 985 | 99.49 | pa_ill_pa_contig69 contig_165
		Solid alignment 1 48969 | 4441858 4490826 | 48969 48969 | 99.97 | pa_ill_pa_contig34 contig_165
		Solid alignment 1 5713 | 4490772 4496484 | 5713 5713 | 99.93 | pa_ill_pa_contig44 contig_165
		Solid alignment 1 106324 | 4602747 4496430 | 106324 106318 | 99.99 | pa_ill_pa_contig22 contig_165
		Solid alignment 1 90153 | 4693259 4603123 | 90153 90137 | 99.98 | pa_ill_pa_contig23 contig_165
		Solid alignment 1 1197 | 4693205 4694401 | 1197 1197 | 99.75 | pa_ill_pa_contig67 contig_165
		Solid alignment 1 465790 | 4694347 5159977 | 465790 465631 | 99.95 | pa_ill_pa_contig3 contig_165
		Solid alignment 1 2514 | 5159923 5162436 | 2514 2514 | 99.68 | pa_ill_pa_contig54 contig_165
		Solid alignment 1 868 | 5162888 5163755 | 868 868 | 99.54 | pa_ill_pa_contig74 contig_165
		Solid alignment 1 119004 | 5164559 5283551 | 119004 118993 | 99.99 | pa_ill_pa_contig18 contig_165
		Solid alignment 1 5713 | 5283497 5289208 | 5713 5712 | 99.98 | pa_ill_pa_contig44 contig_165
		Solid alignment 1 1405 | 5291451 5290047 | 1405 1405 | 90.74 | pa_ill_pa_contig12 contig_165
		Solid alignment 1 1492 | 5291397 5292888 | 1492 1492 | 100.0 | pa_ill_pa_contig61 contig_165
		Solid alignment 1 21904 | 5292834 5314736 | 21904 21903 | 99.99 | pa_ill_pa_contig41 contig_165
		Solid alignment 1 868 | 5316264 5315391 | 868 874 | 98.4 | pa_ill_pa_contig74 contig_165
		Solid alignment 1 2514 | 5319229 5316716 | 2514 2514 | 99.72 | pa_ill_pa_contig54 contig_165
		Solid alignment 132 56432 | 5375471 5319175 | 56301 56297 | 99.92 | pa_ill_pa_contig31 contig_165
		Solid alignment 1 187635 | 5377541 5565164 | 187635 187624 | 99.98 | pa_ill_pa_contig14 contig_165
		Solid alignment 1 265097 | 5566009 5831090 | 265097 265082 | 99.99 | pa_ill_pa_contig7 contig_165
		Solid alignment 1 1538 | 5831541 5833078 | 1538 1538 | 100.0 | pa_ill_pa_contig60 contig_165
		Solid alignment 1 3511 | 5836961 5833451 | 3511 3511 | 100.0 | pa_ill_pa_contig49 contig_165
		Solid alignment 1 38146 | 5837550 5875691 | 38146 38142 | 99.98 | pa_ill_pa_contig36 contig_165
		Solid alignment 1 5713 | 5875637 5881350 | 5713 5714 | 99.96 | pa_ill_pa_contig44 contig_165
		Solid alignment 1 61716 | 5881296 5943009 | 61716 61714 | 99.98 | pa_ill_pa_contig29 contig_165
		Solid alignment 1 1197 | 5944151 5942955 | 1197 1197 | 99.08 | pa_ill_pa_contig67 contig_165
		Solid alignment 56 847683 | 6791665 5944097 | 847628 847569 | 99.98 | pa_ill_pa_contig1 contig_165
			Skipping alignments located inside solid regions since they are redundant:
		Skipping redundant alignment 2663 2766 | 49702 49805 | 104 104 | 91.35 | pa_ill_pa_contig6 contig_165
		Skipping redundant alignment 39244 39312 | 317429 317497 | 69 69 | 100.0 | pa_ill_pa_contig17 contig_165
		Skipping redundant alignment 468678 468746 | 317429 317497 | 69 69 | 100.0 | pa_ill_pa_contig2 contig_165
		Skipping redundant alignment 39053 39121 | 317429 317497 | 69 69 | 100.0 | pa_ill_pa_contig17 contig_165
		Skipping redundant alignment 847590 847683 | 1747834 1747741 | 94 94 | 100.0 | pa_ill_pa_contig1 contig_165
		Skipping redundant alignment 1 94 | 1747741 1747834 | 94 94 | 100.0 | pa_ill_pa_contig23 contig_165
		Skipping redundant alignment 1 97 | 1747741 1747837 | 97 97 | 98.97 | pa_ill_pa_contig24 contig_165
		Skipping redundant alignment 56166 56348 | 3350101 3350283 | 183 183 | 94.54 | pa_ill_pa_contig20 contig_165
			Looking for the best set of alignments (out of 146 total alignments)
		Ambiguity for this contig is not checked for speed up (too much alignments and --ambiguity-usage is "one")
			Skipping redundant alignments after choosing the best set of alignments
		Skipping redundant alignment 419 580 | 5376393 5376232 | 162 162 | 91.36 | pa_ill_pa_contig31 contig_165
		Skipping redundant alignment 176 337 | 5376393 5376232 | 162 162 | 91.36 | pa_ill_pa_contig31 contig_165
		Skipping redundant alignment 2771 3517 | 49810 50556 | 747 747 | 94.65 | pa_ill_pa_contig6 contig_165
		Skipping redundant alignment 3381 3503 | 5831455 5831333 | 123 123 | 91.87 | pa_ill_pa_contig49 contig_165
		Skipping redundant alignment 264591 265097 | 5832710 5833216 | 507 507 | 93.14 | pa_ill_pa_contig7 contig_165
		Skipping redundant alignment 264617 265097 | 5836619 5837099 | 481 481 | 92.36 | pa_ill_pa_contig7 contig_165
		Skipping redundant alignment 104 348 | 5377188 5376944 | 245 245 | 91.43 | pa_ill_pa_contig31 contig_165
		Skipping redundant alignment 1578 1661 | 1128703 1128620 | 84 84 | 90.48 | pa_ill_pa_contig59 contig_165
		Skipping redundant alignment 1136 1458 | 1129145 1128823 | 323 323 | 96.28 | pa_ill_pa_contig59 contig_165
		Skipping redundant alignment 947 1065 | 1129334 1129216 | 119 119 | 94.12 | pa_ill_pa_contig59 contig_165
		Skipping redundant alignment 710 945 | 1129570 1129335 | 236 236 | 92.37 | pa_ill_pa_contig59 contig_165
		Skipping redundant alignment 1 1235 | 2089145 2087910 | 1235 1236 | 99.84 | pa_ill_pa_contig66 contig_165
		Skipping redundant alignment 1 2072 | 2091690 2089619 | 2072 2072 | 99.52 | pa_ill_pa_contig56 contig_165
		Skipping redundant alignment 401 476 | 2213127 2213202 | 76 76 | 100.0 | pa_ill_pa_contig9 contig_165
		Skipping redundant alignment 99 178 | 2213245 2213324 | 80 80 | 98.75 | pa_ill_pa_contig32 contig_165
		Skipping redundant alignment 401 477 | 2213418 2213494 | 77 77 | 100.0 | pa_ill_pa_contig9 contig_165
		Skipping redundant alignment 55696 56158 | 3349631 3350093 | 463 463 | 95.25 | pa_ill_pa_contig20 contig_165
		Skipping redundant alignment 2820 3940 | 3350257 3349137 | 1121 1121 | 90.51 | pa_ill_pa_contig6 contig_165
		Skipping redundant alignment 46729 47071 | 3980391 3980733 | 343 343 | 97.67 | pa_ill_pa_contig35 contig_165
		Skipping redundant alignment 1099 1184 | 5375473 5375388 | 86 86 | 91.86 | pa_ill_pa_contig31 contig_165
		Skipping redundant alignment 590 763 | 5375982 5375809 | 174 174 | 93.1 | pa_ill_pa_contig31 contig_165
		Skipping redundant alignment 1105 1184 | 5376193 5376114 | 80 80 | 92.5 | pa_ill_pa_contig31 contig_165
			The best set is below. Score: 6775233.3, number of alignments: 124, unaligned bases: 11365
		This contig is misassembled.
		This contig is partially unaligned. (Aligned 6780300 out of 6791665 non-N bases (99.83%))
			Real Alignment 1: 1 2207 | 3 2209 | 2207 2207 | 99.5 | pa_ill_pa_contig55 contig_165
			  Not a misassembly [fragmentation of reference genome] between these two alignments
			Real Alignment 2: 1 47071 | 49955 2887 | 47071 47069 | 99.99 | pa_ill_pa_contig35 contig_165
			  Not a misassembly [fragmentation of reference genome] between these two alignments
			Excluding internal overlap of size 41 between Alignment 3 and 4: 1 111253 | 428685 317443 | 111253 111243 --> 1 111212 | 428685 317484 | 111212 111202
			Real Alignment 3: 1 266935 | 50565 317483 | 266935 266919 | 99.99 | pa_ill_pa_contig6 contig_165
			  Indel (> 5bp) between these two alignments: deletion of length 41; 0 mismatches (number of Ns: 0) [fragmentation of reference genome]
			Excluding internal overlap of size 55 between Alignment 4 and 5: 1 5507 | 434137 428631 | 5507 5507 --> 1 5452 | 434137 428686 | 5452 5452
			Real Alignment 4: 1 111212 | 428685 317484 | 111212 111202 | 99.97 | pa_ill_pa_contig20 contig_165
			  Indel (> 5bp) between these two alignments: deletion of length 55; 0 mismatches (number of Ns: 0) [fragmentation of reference genome]
			Excluding internal overlap of size 55 between Alignment 5 and 6: 1 5452 | 434137 428686 | 5452 5452 --> 56 5452 | 434082 428686 | 5397 5397
			Real Alignment 5: 56 5452 | 434082 428686 | 5397 5397 | 99.47 | pa_ill_pa_contig45 contig_165
			  Indel (> 5bp) between these two alignments: deletion of length 55; 0 mismatches (number of Ns: 0) [fragmentation of reference genome]
			Excluding internal overlap of size 55 between Alignment 6 and 7: 1 602 | 552714 553315 | 602 602 --> 56 602 | 552769 553315 | 547 547
			Real Alignment 6: 1 118702 | 434083 552768 | 118702 118686 | 99.98 | pa_ill_pa_contig19 contig_165
			  Indel (> 5bp) between these two alignments: deletion of length 55; 0 mismatches (number of Ns: 0) [fragmentation of reference genome]
			Excluding internal overlap of size 55 between Alignment 7 and 8: 56 602 | 552769 553315 | 547 547 --> 56 547 | 552769 553260 | 492 492
			Real Alignment 7: 56 547 | 552769 553260 | 492 492 | 99.34 | pa_ill_pa_contig80 contig_165
			  Indel (> 5bp) between these two alignments: deletion of length 55; 0 mismatches (number of Ns: 0) [fragmentation of reference genome]
			Excluding internal overlap of size 55 between Alignment 8 and 9: 1 944 | 555385 554443 | 944 943 --> 1 889 | 555385 554498 | 889 888
			Real Alignment 8: 1 1237 | 554497 553261 | 1237 1237 | 99.68 | pa_ill_pa_contig65 contig_165
			  Indel (> 5bp) between these two alignments: deletion of length 55; 0 mismatches (number of Ns: 0) [fragmentation of reference genome]
			Excluding internal overlap of size 55 between Alignment 9 and 10: 1 838 | 555331 556168 | 838 838 --> 56 838 | 555386 556168 | 783 783
			Real Alignment 9: 1 889 | 555385 554498 | 889 888 | 98.73 | pa_ill_pa_contig71 contig_165
			  Indel (> 5bp) between these two alignments: deletion of length 55; 0 mismatches (number of Ns: 0) [fragmentation of reference genome]
			Excluding internal overlap of size 136 between Alignment 10 and 11: 56 838 | 555386 556168 | 783 783 --> 56 702 | 555386 556032 | 647 647
			Real Alignment 10: 56 702 | 555386 556032 | 647 647 | 99.05 | pa_ill_pa_contig8 contig_165
			  Extensive misassembly (translocation) between these two alignments
			Excluding internal overlap of size 55 between Alignment 11 and 12: 1 1468 | 579968 581435 | 1468 1468 --> 56 1468 | 580023 581435 | 1413 1413
			Real Alignment 11: 1 23992 | 556033 580022 | 23992 23990 | 99.99 | pa_ill_pa_contig40 contig_165
			  Indel (> 5bp) between these two alignments: deletion of length 55; 0 mismatches (number of Ns: 0) [fragmentation of reference genome]
			Excluding internal overlap of size 55 between Alignment 12 and 13: 56 1468 | 580023 581435 | 1413 1413 --> 56 1413 | 580023 581380 | 1358 1358
			Real Alignment 12: 56 1413 | 580023 581380 | 1358 1358 | 99.93 | pa_ill_pa_contig62 contig_165
			  Indel (> 5bp) between these two alignments: deletion of length 55; 0 mismatches (number of Ns: 0) [fragmentation of reference genome]
			Excluding internal overlap of size 55 between Alignment 13 and 14: 1 927 | 638003 638929 | 927 927 --> 56 927 | 638058 638929 | 872 872
			Real Alignment 13: 1 56682 | 581381 638057 | 56682 56677 | 99.98 | pa_ill_pa_contig30 contig_165
			  Indel (> 5bp) between these two alignments: deletion of length 55; 0 mismatches (number of Ns: 0) [fragmentation of reference genome]
			Excluding internal overlap of size 55 between Alignment 14 and 15: 56 927 | 638058 638929 | 872 872 --> 56 872 | 638058 638874 | 817 817
			Real Alignment 14: 56 872 | 638058 638874 | 817 817 | 97.63 | pa_ill_pa_contig73 contig_165
			  Indel (> 5bp) between these two alignments: deletion of length 55; 0 mismatches (number of Ns: 0) [fragmentation of reference genome]
			Excluding internal overlap of size 55 between Alignment 15 and 16: 1 1492 | 843680 845171 | 1492 1492 --> 56 1492 | 843735 845171 | 1437 1437
			Real Alignment 15: 1 204999 | 843734 638875 | 204999 204860 | 99.92 | pa_ill_pa_contig12 contig_165
			  Indel (> 5bp) between these two alignments: deletion of length 55; 0 mismatches (number of Ns: 0) [fragmentation of reference genome]
			Excluding internal overlap of size 55 between Alignment 16 and 17: 56 1492 | 843735 845171 | 1437 1437 --> 56 1437 | 843735 845116 | 1382 1382
			Real Alignment 16: 56 1437 | 843735 845116 | 1382 1382 | 99.87 | pa_ill_pa_contig61 contig_165
			  Indel (> 5bp) between these two alignments: deletion of length 55; 0 mismatches (number of Ns: 0) [fragmentation of reference genome]
			Excluding internal overlap of size 55 between Alignment 17 and 18: 1 1258 | 953097 951840 | 1258 1258 --> 1 1203 | 953097 951895 | 1203 1203
			Real Alignment 17: 1 106796 | 845117 951894 | 106796 106778 | 99.98 | pa_ill_pa_contig21 contig_165
			  Indel (> 5bp) between these two alignments: deletion of length 55; 0 mismatches (number of Ns: 0) [fragmentation of reference genome]
			Excluding internal overlap of size 55 between Alignment 18 and 19: 1 1203 | 953097 951895 | 1203 1203 --> 56 1203 | 953042 951895 | 1148 1148
			Real Alignment 18: 56 1203 | 953042 951895 | 1148 1148 | 99.52 | pa_ill_pa_contig64 contig_165
			  Indel (> 5bp) between these two alignments: deletion of length 55; 0 mismatches (number of Ns: 0) [fragmentation of reference genome]
			Excluding internal overlap of size 381 between Alignment 19 and 20: 1 34671 | 953043 987747 | 34671 34705 --> 1 34328 | 953043 987366 | 34328 34324
			Real Alignment 19: 1 34328 | 953043 987366 | 34328 34324 | 99.84 | pa_ill_pa_contig15 contig_165
			  Overlap between these two alignments (local misassembly). Inconsistency = -93
			Excluding internal overlap of size 55 between Alignment 20 and 21: 1 690 | 1126842 1127531 | 690 690 --> 56 690 | 1126897 1127531 | 635 635
			Real Alignment 20: 34236 173697 | 987367 1126896 | 139462 139530 | 99.93 | pa_ill_pa_contig15 contig_165
			  Indel (> 5bp) between these two alignments: deletion of length 55; 0 mismatches (number of Ns: 0) [fragmentation of reference genome]
			Real Alignment 21: 56 690 | 1126897 1127531 | 635 635 | 100.0 | pa_ill_pa_contig76 contig_165
			  Not a misassembly [fragmentation of reference genome] between these two alignments
			Real Alignment 22: 1 1028 | 1128674 1127647 | 1028 1028 | 99.81 | pa_ill_pa_contig68 contig_165
			  Not a misassembly [fragmentation of reference genome] between these two alignments
			Excluding internal overlap of size 55 between Alignment 23 and 24: 1 647 | 1129432 1130078 | 647 647 --> 1 592 | 1129432 1130023 | 592 592
			Real Alignment 23: 1 592 | 1129432 1130023 | 592 592 | 100.0 | pa_ill_pa_contig77 contig_165
			  Indel (> 5bp) between these two alignments: deletion of length 55; 0 mismatches (number of Ns: 0) [fragmentation of reference genome]
			Real Alignment 24: 1 690 | 1130024 1130713 | 690 690 | 99.86 | pa_ill_pa_contig76 contig_165
			  Not a misassembly [fragmentation of reference genome] between these two alignments
			Excluding internal overlap of size 55 between Alignment 25 and 26: 1 1028 | 1131856 1130829 | 1028 1028 --> 56 1028 | 1131801 1130829 | 973 973
			Real Alignment 25: 56 1028 | 1131801 1130829 | 973 973 | 99.51 | pa_ill_pa_contig68 contig_165
			  Indel (> 5bp) between these two alignments: deletion of length 55; 0 mismatches (number of Ns: 0) [fragmentation of reference genome]
			Excluding internal overlap of size 55 between Alignment 26 and 27: 1 1661 | 1133461 1131802 | 1661 1660 --> 56 1661 | 1133406 1131802 | 1606 1605
			Real Alignment 26: 56 1661 | 1133406 1131802 | 1606 1605 | 99.94 | pa_ill_pa_contig59 contig_165
			  Indel (> 5bp) between these two alignments: deletion of length 55; 0 mismatches (number of Ns: 0) [fragmentation of reference genome]
			Excluding internal overlap of size 55 between Alignment 27 and 28: 1 1682 | 1133407 1135088 | 1682 1682 --> 1 1627 | 1133407 1135033 | 1627 1627
			Real Alignment 27: 1 1627 | 1133407 1135033 | 1627 1627 | 99.52 | pa_ill_pa_contig58 contig_165
			  Indel (> 5bp) between these two alignments: deletion of length 55; 0 mismatches (number of Ns: 0) [fragmentation of reference genome]
			Excluding internal overlap of size 55 between Alignment 28 and 29: 1 1682 | 1139947 1141627 | 1682 1681 --> 56 1682 | 1140002 1141627 | 1627 1626
			Real Alignment 28: 1 4971 | 1135034 1140001 | 4971 4968 | 99.94 | pa_ill_pa_contig46 contig_165
			  Indel (> 5bp) between these two alignments: deletion of length 55; 0 mismatches (number of Ns: 0) [fragmentation of reference genome]
			Excluding internal overlap of size 55 between Alignment 29 and 30: 56 1682 | 1140002 1141627 | 1627 1626 --> 56 1627 | 1140002 1141572 | 1572 1571
			Real Alignment 29: 56 1627 | 1140002 1141572 | 1572 1571 | 99.7 | pa_ill_pa_contig58 contig_165
			  Indel (> 5bp) between these two alignments: deletion of length 55; 0 mismatches (number of Ns: 0) [fragmentation of reference genome]
			Excluding internal overlap of size 55 between Alignment 30 and 31: 1 799 | 1144756 1145554 | 799 799 --> 56 799 | 1144811 1145554 | 744 744
			Real Alignment 30: 1 3238 | 1141573 1144810 | 3238 3238 | 100.0 | pa_ill_pa_contig50 contig_165
			  Indel (> 5bp) between these two alignments: deletion of length 55; 0 mismatches (number of Ns: 0) [fragmentation of reference genome]
			Real Alignment 31: 56 799 | 1144811 1145554 | 744 744 | 99.12 | pa_ill_pa_contig75 contig_165
			  Not a misassembly [fragmentation of reference genome] between these two alignments
			Excluding internal overlap of size 55 between Alignment 32 and 33: 1 799 | 1152335 1153133 | 799 799 --> 56 799 | 1152390 1153133 | 744 744
			Real Alignment 32: 1 6148 | 1152389 1146244 | 6148 6146 | 99.97 | pa_ill_pa_contig43 contig_165
			  Indel (> 5bp) between these two alignments: deletion of length 55; 0 mismatches (number of Ns: 0) [fragmentation of reference genome]
			Real Alignment 33: 56 799 | 1152390 1153133 | 744 744 | 98.62 | pa_ill_pa_contig75 contig_165
			  Not a misassembly [fragmentation of reference genome] between these two alignments
			Excluding internal overlap of size 55 between Alignment 34 and 35: 1 985 | 1222089 1223073 | 985 985 --> 56 985 | 1222144 1223073 | 930 930
			Real Alignment 34: 1 68331 | 1153823 1222143 | 68331 68321 | 99.99 | pa_ill_pa_contig28 contig_165
			  Indel (> 5bp) between these two alignments: deletion of length 55; 0 mismatches (number of Ns: 0) [fragmentation of reference genome]
			Excluding internal overlap of size 55 between Alignment 35 and 36: 56 985 | 1222144 1223073 | 930 930 --> 56 930 | 1222144 1223018 | 875 875
			Real Alignment 35: 56 930 | 1222144 1223018 | 875 875 | 98.48 | pa_ill_pa_contig69 contig_165
			  Indel (> 5bp) between these two alignments: deletion of length 55; 0 mismatches (number of Ns: 0) [fragmentation of reference genome]
			Excluding internal overlap of size 55 between Alignment 36 and 37: 1235 3722 | 1256216 1253729 | 2488 2488 --> 1235 3667 | 1256216 1253784 | 2433 2433
			Real Alignment 36: 1 30768 | 1253783 1223019 | 30768 30765 | 99.94 | pa_ill_pa_contig38 contig_165
			  Indel (> 5bp) between these two alignments: deletion of length 55; 0 mismatches (number of Ns: 0) [fragmentation of reference genome]
			Real Alignment 37: 1235 3667 | 1256216 1253784 | 2433 2433 | 99.4 | pa_ill_pa_contig48 contig_165
			  Gap between these two alignments (local misassembly). Inconsistency = 0
			Excluding internal overlap of size 55 between Alignment 38 and 39: 1 1079 | 1257450 1256372 | 1079 1079 --> 56 1079 | 1257395 1256372 | 1024 1024
			Real Alignment 38: 56 1079 | 1257395 1256372 | 1024 1024 | 99.54 | pa_ill_pa_contig48 contig_165
			  Indel (> 5bp) between these two alignments: deletion of length 55; 0 mismatches (number of Ns: 0) [fragmentation of reference genome]
			Excluding internal overlap of size 55 between Alignment 39 and 40: 1 3064 | 1266989 1263926 | 3064 3064 --> 1 3009 | 1266989 1263981 | 3009 3009
			Real Alignment 39: 1 6590 | 1257396 1263980 | 6590 6585 | 99.76 | pa_ill_pa_contig42 contig_165
			  Indel (> 5bp) between these two alignments: deletion of length 55; 0 mismatches (number of Ns: 0) [fragmentation of reference genome]
			Excluding internal overlap of size 55 between Alignment 40 and 41: 1 3009 | 1266989 1263981 | 3009 3009 --> 56 3009 | 1266934 1263981 | 2954 2954
			Real Alignment 40: 56 3009 | 1266934 1263981 | 2954 2954 | 99.28 | pa_ill_pa_contig51 contig_165
			  Indel (> 5bp) between these two alignments: deletion of length 55; 0 mismatches (number of Ns: 0) [fragmentation of reference genome]
			Excluding internal overlap of size 55 between Alignment 41 and 42: 1 603 | 1294274 1293672 | 603 603 --> 1 548 | 1294274 1293727 | 548 548
			Real Alignment 41: 1 26794 | 1266935 1293726 | 26794 26792 | 99.99 | pa_ill_pa_contig39 contig_165
			  Indel (> 5bp) between these two alignments: deletion of length 55; 0 mismatches (number of Ns: 0) [fragmentation of reference genome]
			Excluding internal overlap of size 55 between Alignment 42 and 43: 1 548 | 1294274 1293727 | 548 548 --> 56 548 | 1294219 1293727 | 493 493
			Real Alignment 42: 56 548 | 1294219 1293727 | 493 493 | 100.0 | pa_ill_pa_contig79 contig_165
			  Indel (> 5bp) between these two alignments: deletion of length 55; 0 mismatches (number of Ns: 0) [fragmentation of reference genome]
			Excluding internal overlap of size 55 between Alignment 43 and 44: 1 944 | 1552721 1553663 | 944 943 --> 56 944 | 1552776 1553663 | 889 888
			Real Alignment 43: 1 258570 | 1552775 1294220 | 258570 258556 | 99.98 | pa_ill_pa_contig8 contig_165
			  Indel (> 5bp) between these two alignments: deletion of length 55; 0 mismatches (number of Ns: 0) [fragmentation of reference genome]
			Excluding internal overlap of size 55 between Alignment 44 and 45: 56 944 | 1552776 1553663 | 889 888 --> 56 889 | 1552776 1553608 | 834 833
			Real Alignment 44: 56 889 | 1552776 1553608 | 834 833 | 99.26 | pa_ill_pa_contig71 contig_165
			  Indel (> 5bp) between these two alignments: deletion of length 55; 0 mismatches (number of Ns: 0) [fragmentation of reference genome]
			Excluding internal overlap of size 55 between Alignment 45 and 46: 1 602 | 1555392 1554791 | 602 602 --> 1 547 | 1555392 1554846 | 547 547
			Real Alignment 45: 1 1237 | 1553609 1554845 | 1237 1237 | 95.64 | pa_ill_pa_contig65 contig_165
			  Indel (> 5bp) between these two alignments: deletion of length 55; 0 mismatches (number of Ns: 0) [fragmentation of reference genome]
			Excluding internal overlap of size 55 between Alignment 46 and 47: 1 547 | 1555392 1554846 | 547 547 --> 56 547 | 1555337 1554846 | 492 492
			Real Alignment 46: 56 547 | 1555337 1554846 | 492 492 | 99.17 | pa_ill_pa_contig80 contig_165
			  Indel (> 5bp) between these two alignments: deletion of length 55; 0 mismatches (number of Ns: 0) [fragmentation of reference genome]
			Excluding internal overlap of size 55 between Alignment 47 and 48: 1 1197 | 1747795 1746599 | 1197 1197 --> 1 1142 | 1747795 1746654 | 1142 1142
			Real Alignment 47: 1 191344 | 1555338 1746653 | 191344 191316 | 99.98 | pa_ill_pa_contig13 contig_165
			  Indel (> 5bp) between these two alignments: deletion of length 55; 0 mismatches (number of Ns: 0) [fragmentation of reference genome]
			Excluding internal overlap of size 16 between Alignment 48 and 49: 1 1142 | 1747795 1746654 | 1142 1142 --> 17 1142 | 1747779 1746654 | 1126 1126
			Real Alignment 48: 17 1142 | 1747779 1746654 | 1126 1126 | 99.83 | pa_ill_pa_contig67 contig_165
			  Indel (> 5bp) between these two alignments: deletion of length 16; 0 mismatches (number of Ns: 0) [fragmentation of reference genome]
			Excluding internal overlap of size 55 between Alignment 49 and 50: 1 86455 | 1747780 1834219 | 86455 86440 --> 1 86400 | 1747780 1834164 | 86400 86385
			Real Alignment 49: 1 86400 | 1747780 1834164 | 86400 86385 | 99.98 | pa_ill_pa_contig25 contig_165
			  Extensive misassembly (translocation) between these two alignments
			Real Alignment 50: 161 249467 | 1834165 2083447 | 249307 249283 | 99.99 | pa_ill_pa_contig9 contig_165
			  Not a misassembly [fragmentation of reference genome] between these two alignments
			Real Alignment 51: 1 2531 | 2086342 2083812 | 2531 2531 | 99.84 | pa_ill_pa_contig53 contig_165
			  Not a misassembly [fragmentation of reference genome] between these two alignments
			Excluding internal overlap of size 55 between Alignment 52 and 53: 1 623 | 2087964 2087342 | 623 623 --> 1 568 | 2087964 2087397 | 568 568
			Real Alignment 52: 1 929 | 2087396 2086470 | 929 927 | 99.14 | pa_ill_pa_contig72 contig_165
			  Indel (> 5bp) between these two alignments: deletion of length 55; 0 mismatches (number of Ns: 0) [fragmentation of reference genome]
			Excluding internal overlap of size 55 between Alignment 53 and 54: 1 568 | 2087964 2087397 | 568 568 --> 56 568 | 2087909 2087397 | 513 513
			Real Alignment 53: 56 568 | 2087909 2087397 | 513 513 | 97.75 | pa_ill_pa_contig78 contig_165
			  Indel (> 5bp) between these two alignments: deletion of length 55; 0 mismatches (number of Ns: 0) [fragmentation of reference genome]
			Excluding internal overlap of size 55 between Alignment 54 and 55: 1 539 | 2092174 2091636 | 539 539 --> 1 484 | 2092174 2091691 | 484 484
			Real Alignment 54: 1 3774 | 2087910 2091690 | 3774 3781 | 90.13 | pa_ill_pa_contig47 contig_165
			  Indel (> 5bp) between these two alignments: deletion of length 55; 0 mismatches (number of Ns: 0) [fragmentation of reference genome]
			Excluding internal overlap of size 55 between Alignment 55 and 56: 1 484 | 2092174 2091691 | 484 484 --> 56 484 | 2092119 2091691 | 429 429
			Real Alignment 55: 56 484 | 2092119 2091691 | 429 429 | 98.33 | pa_ill_pa_contig84 contig_165
			  Indel (> 5bp) between these two alignments: deletion of length 55; 0 mismatches (number of Ns: 0) [fragmentation of reference genome]
			Real Alignment 56: 1 121067 | 2213178 2092120 | 121067 121059 | 99.99 | pa_ill_pa_contig17 contig_165
			  Not a misassembly [fragmentation of reference genome] between these two alignments
			Excluding internal overlap of size 55 between Alignment 57 and 58: 1 1258 | 2270644 2269388 | 1258 1257 --> 1 1203 | 2270644 2269443 | 1203 1202
			Real Alignment 57: 1 56007 | 2213440 2269442 | 56007 56003 | 99.99 | pa_ill_pa_contig32 contig_165
			  Indel (> 5bp) between these two alignments: deletion of length 55; 0 mismatches (number of Ns: 0) [fragmentation of reference genome]
			Excluding internal overlap of size 55 between Alignment 58 and 59: 1 1203 | 2270644 2269443 | 1203 1202 --> 56 1203 | 2270589 2269443 | 1148 1147
			Real Alignment 58: 56 1203 | 2270589 2269443 | 1148 1147 | 99.76 | pa_ill_pa_contig64 contig_165
			  Indel (> 5bp) between these two alignments: deletion of length 55; 0 mismatches (number of Ns: 0) [fragmentation of reference genome]
			Excluding internal overlap of size 303 between Alignment 59 and 60: 1 247386 | 2812790 2565425 | 247386 247366 --> 1 247083 | 2812790 2565728 | 247083 247063
			Real Alignment 59: 247199 542364 | 2565727 2270590 | 295166 295138 | 99.98 | pa_ill_pa_contig2 contig_165
			  Gap between these two alignments (local misassembly). Inconsistency = 115
			Excluding internal overlap of size 55 between Alignment 60 and 61: 1 539 | 2812736 2813274 | 539 539 --> 56 539 | 2812791 2813274 | 484 484
			Real Alignment 60: 1 247083 | 2812790 2565728 | 247083 247063 | 99.98 | pa_ill_pa_contig2 contig_165
			  Indel (> 5bp) between these two alignments: deletion of length 55; 0 mismatches (number of Ns: 0) [fragmentation of reference genome]
			Excluding internal overlap of size 55 between Alignment 61 and 62: 56 539 | 2812791 2813274 | 484 484 --> 56 484 | 2812791 2813219 | 429 429
			Real Alignment 61: 56 484 | 2812791 2813219 | 429 429 | 98.52 | pa_ill_pa_contig84 contig_165
			  Indel (> 5bp) between these two alignments: deletion of length 55; 0 mismatches (number of Ns: 0) [fragmentation of reference genome]
			Excluding internal overlap of size 55 between Alignment 62 and 63: 1 623 | 2816938 2817560 | 623 623 --> 56 623 | 2816993 2817560 | 568 568
			Real Alignment 62: 1 3774 | 2816992 2813220 | 3774 3773 | 99.97 | pa_ill_pa_contig47 contig_165
			  Indel (> 5bp) between these two alignments: deletion of length 55; 0 mismatches (number of Ns: 0) [fragmentation of reference genome]
			Excluding internal overlap of size 55 between Alignment 63 and 64: 56 623 | 2816993 2817560 | 568 568 --> 56 568 | 2816993 2817505 | 513 513
			Real Alignment 63: 56 568 | 2816993 2817505 | 513 513 | 100.0 | pa_ill_pa_contig78 contig_165
			  Indel (> 5bp) between these two alignments: deletion of length 55; 0 mismatches (number of Ns: 0) [fragmentation of reference genome]
			Real Alignment 64: 1 929 | 2817506 2818435 | 929 930 | 98.39 | pa_ill_pa_contig72 contig_165
			  Not a misassembly [fragmentation of reference genome] between these two alignments
			Real Alignment 65: 1 2549 | 2818562 2821110 | 2549 2549 | 99.96 | pa_ill_pa_contig52 contig_165
			  Not a misassembly [fragmentation of reference genome] between these two alignments
			Excluding internal overlap of size 55 between Alignment 66 and 67: 1 1468 | 3225684 3227151 | 1468 1468 --> 56 1468 | 3225739 3227151 | 1413 1413
			Real Alignment 66: 1 404310 | 3225738 2821469 | 404310 404270 | 99.98 | pa_ill_pa_contig4 contig_165
			  Indel (> 5bp) between these two alignments: deletion of length 55; 0 mismatches (number of Ns: 0) [fragmentation of reference genome]
			Excluding internal overlap of size 55 between Alignment 67 and 68: 56 1468 | 3225739 3227151 | 1413 1413 --> 56 1413 | 3225739 3227096 | 1358 1358
			Real Alignment 67: 56 1413 | 3225739 3227096 | 1358 1358 | 100.0 | pa_ill_pa_contig62 contig_165
			  Indel (> 5bp) between these two alignments: deletion of length 55; 0 mismatches (number of Ns: 0) [fragmentation of reference genome]
			Real Alignment 68: 1 122468 | 3227097 3349551 | 122468 122455 | 99.98 | pa_ill_pa_contig16 contig_165
			  Not a misassembly [fragmentation of reference genome] between these two alignments
			Excluding internal overlap of size 55 between Alignment 69 and 70: 1 603 | 3403791 3403189 | 603 603 --> 1 548 | 3403791 3403244 | 548 548
			Real Alignment 69: 1 53273 | 3403243 3349966 | 53273 53278 | 99.97 | pa_ill_pa_contig33 contig_165
			  Indel (> 5bp) between these two alignments: deletion of length 55; 0 mismatches (number of Ns: 0) [fragmentation of reference genome]
			Excluding internal overlap of size 55 between Alignment 70 and 71: 1 548 | 3403791 3403244 | 548 548 --> 56 548 | 3403736 3403244 | 493 493
			Real Alignment 70: 56 548 | 3403736 3403244 | 493 493 | 100.0 | pa_ill_pa_contig79 contig_165
			  Indel (> 5bp) between these two alignments: deletion of length 55; 0 mismatches (number of Ns: 0) [fragmentation of reference genome]
			Excluding internal overlap of size 242 between Alignment 71 and 72: 41099 76514 | 3439145 3403737 | 35416 35409 --> 41341 76514 | 3438903 3403737 | 35174 35167
			Real Alignment 71: 41341 76514 | 3438903 3403737 | 35174 35167 | 99.97 | pa_ill_pa_contig26 contig_165
			  Gap between these two alignments (local misassembly). Inconsistency = 112
			Excluding internal overlap of size 76 between Alignment 72 and 73: 1 846 | 3480895 3480056 | 846 840 --> 1 770 | 3480895 3480132 | 770 764
			Real Alignment 72: 1 41228 | 3480131 3438904 | 41228 41228 | 99.97 | pa_ill_pa_contig26 contig_165
			  Extensive misassembly (translocation) between these two alignments
			Excluding internal overlap of size 55 between Alignment 73 and 74: 1 770 | 3480895 3480132 | 770 764 --> 56 770 | 3480840 3480132 | 715 709
			Real Alignment 73: 56 770 | 3480840 3480132 | 715 709 | 90.05 | pa_ill_pa_contig20 contig_165
			  Indel (> 5bp) between these two alignments: deletion of length 55; 0 mismatches (number of Ns: 0) [fragmentation of reference genome]
			Excluding internal overlap of size 55 between Alignment 74 and 75: 1 5507 | 3486347 3480841 | 5507 5507 --> 56 5507 | 3486292 3480841 | 5452 5452
			Real Alignment 74: 56 5507 | 3486292 3480841 | 5452 5452 | 99.84 | pa_ill_pa_contig45 contig_165
			  Indel (> 5bp) between these two alignments: deletion of length 55; 0 mismatches (number of Ns: 0) [fragmentation of reference genome]
			Excluding internal overlap of size 55 between Alignment 75 and 76: 1 5713 | 3560364 3554653 | 5713 5712 --> 1 5658 | 3560364 3554708 | 5658 5657
			Real Alignment 75: 1 68413 | 3486293 3554707 | 68413 68415 | 99.98 | pa_ill_pa_contig27 contig_165
			  Indel (> 5bp) between these two alignments: deletion of length 55; 0 mismatches (number of Ns: 0) [fragmentation of reference genome]
			Excluding internal overlap of size 55 between Alignment 76 and 77: 1 5658 | 3560364 3554708 | 5658 5657 --> 56 5658 | 3560309 3554708 | 5603 5602
			Real Alignment 76: 56 5658 | 3560309 3554708 | 5603 5602 | 99.93 | pa_ill_pa_contig44 contig_165
			  Indel (> 5bp) between these two alignments: deletion of length 55; 0 mismatches (number of Ns: 0) [fragmentation of reference genome]
			Excluding internal overlap of size 55 between Alignment 77 and 78: 1 1197 | 3648240 3649436 | 1197 1197 --> 56 1197 | 3648295 3649436 | 1142 1142
			Real Alignment 77: 1 87995 | 3648294 3560310 | 87995 87985 | 99.98 | pa_ill_pa_contig24 contig_165
			  Indel (> 5bp) between these two alignments: deletion of length 55; 0 mismatches (number of Ns: 0) [fragmentation of reference genome]
			Excluding internal overlap of size 55 between Alignment 78 and 79: 56 1197 | 3648295 3649436 | 1142 1142 --> 56 1142 | 3648295 3649381 | 1087 1087
			Real Alignment 78: 56 1142 | 3648295 3649381 | 1087 1087 | 99.75 | pa_ill_pa_contig67 contig_165
			  Indel (> 5bp) between these two alignments: deletion of length 55; 0 mismatches (number of Ns: 0) [fragmentation of reference genome]
			Excluding internal overlap of size 55 between Alignment 79 and 80: 1 927 | 3943897 3944825 | 927 929 --> 56 927 | 3943952 3944825 | 872 874
			Real Alignment 79: 1 294591 | 3649382 3943951 | 294591 294570 | 99.98 | pa_ill_pa_contig5 contig_165
			  Indel (> 5bp) between these two alignments: deletion of length 55; 0 mismatches (number of Ns: 0) [fragmentation of reference genome]
			Excluding internal overlap of size 55 between Alignment 80 and 81: 56 927 | 3943952 3944825 | 872 874 --> 56 872 | 3943952 3944770 | 817 819
			Real Alignment 80: 56 872 | 3943952 3944770 | 817 819 | 99.68 | pa_ill_pa_contig73 contig_165
			  Indel (> 5bp) between these two alignments: deletion of length 55; 0 mismatches (number of Ns: 0) [fragmentation of reference genome]
			Real Alignment 81: 1 35776 | 3944771 3980541 | 35776 35771 | 99.98 | pa_ill_pa_contig37 contig_165
			  Not a misassembly [fragmentation of reference genome] between these two alignments
			Excluding internal overlap of size 55 between Alignment 82 and 83: 1 2207 | 3983617 3981411 | 2207 2207 --> 56 2207 | 3983562 3981411 | 2152 2152
			Real Alignment 82: 56 2207 | 3983562 3981411 | 2152 2152 | 99.82 | pa_ill_pa_contig55 contig_165
			  Indel (> 5bp) between these two alignments: deletion of length 55; 0 mismatches (number of Ns: 0) [fragmentation of reference genome]
			Excluding internal overlap of size 128 between Alignment 83 and 84: 1 1874 | 4215978 4217851 | 1874 1874 --> 129 1874 | 4216106 4217851 | 1746 1746
			Real Alignment 83: 1 232544 | 3983563 4216105 | 232544 232543 | 99.97 | pa_ill_pa_contig10 contig_165
			  Extensive misassembly (translocation) between these two alignments
			Excluding internal overlap of size 156 between Alignment 84 and 85: 129 1874 | 4216106 4217851 | 1746 1746 --> 129 1718 | 4216106 4217695 | 1590 1590
			Real Alignment 84: 129 1718 | 4216106 4217695 | 1590 1590 | 100.0 | pa_ill_pa_contig57 contig_165
			  Extensive misassembly (translocation) between these two alignments
			Excluding internal overlap of size 55 between Alignment 85 and 86: 1235 3722 | 4225153 4222666 | 2488 2488 --> 1235 3667 | 4225153 4222721 | 2433 2433
			Real Alignment 85: 232388 237415 | 4217696 4222720 | 5028 5025 | 99.92 | pa_ill_pa_contig10 contig_165
			  Indel (> 5bp) between these two alignments: deletion of length 55; 0 mismatches (number of Ns: 0) [fragmentation of reference genome]
			Real Alignment 86: 1235 3667 | 4225153 4222721 | 2433 2433 | 99.6 | pa_ill_pa_contig48 contig_165
			  Gap between these two alignments (local misassembly). Inconsistency = 0
			Excluding internal overlap of size 55 between Alignment 87 and 88: 1 956 | 4226333 4227287 | 956 955 --> 56 956 | 4226388 4227287 | 901 900
			Real Alignment 87: 1 1079 | 4226387 4225309 | 1079 1079 | 99.81 | pa_ill_pa_contig48 contig_165
			  Indel (> 5bp) between these two alignments: deletion of length 55; 0 mismatches (number of Ns: 0) [fragmentation of reference genome]
			Excluding internal overlap of size 55 between Alignment 88 and 89: 56 956 | 4226388 4227287 | 901 900 --> 56 901 | 4226388 4227232 | 846 845
			Real Alignment 88: 56 901 | 4226388 4227232 | 846 845 | 99.9 | pa_ill_pa_contig70 contig_165
			  Indel (> 5bp) between these two alignments: deletion of length 55; 0 mismatches (number of Ns: 0) [fragmentation of reference genome]
			Excluding internal overlap of size 55 between Alignment 89 and 90: 1 3064 | 4230296 4227233 | 3064 3064 --> 56 3064 | 4230241 4227233 | 3009 3009
			Real Alignment 89: 56 3064 | 4230241 4227233 | 3009 3009 | 99.71 | pa_ill_pa_contig51 contig_165
			  Indel (> 5bp) between these two alignments: deletion of length 55; 0 mismatches (number of Ns: 0) [fragmentation of reference genome]
			Excluding internal overlap of size 425 between Alignment 90 and 91: 1 93281 | 4440982 4347713 | 93281 93270 --> 1 92856 | 4440982 4348138 | 92856 92845
			Real Alignment 90: 92967 210873 | 4348137 4230242 | 117907 117896 | 99.97 | pa_ill_pa_contig11 contig_165
			  Gap between these two alignments (local misassembly). Inconsistency = 110
			Excluding internal overlap of size 55 between Alignment 91 and 92: 1 985 | 4440928 4441912 | 985 985 --> 56 985 | 4440983 4441912 | 930 930
			Real Alignment 91: 1 92856 | 4440982 4348138 | 92856 92845 | 99.96 | pa_ill_pa_contig11 contig_165
			  Indel (> 5bp) between these two alignments: deletion of length 55; 0 mismatches (number of Ns: 0) [fragmentation of reference genome]
			Excluding internal overlap of size 55 between Alignment 92 and 93: 56 985 | 4440983 4441912 | 930 930 --> 56 930 | 4440983 4441857 | 875 875
			Real Alignment 92: 56 930 | 4440983 4441857 | 875 875 | 99.49 | pa_ill_pa_contig69 contig_165
			  Indel (> 5bp) between these two alignments: deletion of length 55; 0 mismatches (number of Ns: 0) [fragmentation of reference genome]
			Excluding internal overlap of size 55 between Alignment 93 and 94: 1 5713 | 4490772 4496484 | 5713 5713 --> 56 5713 | 4490827 4496484 | 5658 5658
			Real Alignment 93: 1 48969 | 4441858 4490826 | 48969 48969 | 99.97 | pa_ill_pa_contig34 contig_165
			  Indel (> 5bp) between these two alignments: deletion of length 55; 0 mismatches (number of Ns: 0) [fragmentation of reference genome]
			Excluding internal overlap of size 55 between Alignment 94 and 95: 56 5713 | 4490827 4496484 | 5658 5658 --> 56 5658 | 4490827 4496429 | 5603 5603
			Real Alignment 94: 56 5658 | 4490827 4496429 | 5603 5603 | 99.93 | pa_ill_pa_contig44 contig_165
			  Indel (> 5bp) between these two alignments: deletion of length 55; 0 mismatches (number of Ns: 0) [fragmentation of reference genome]
			Real Alignment 95: 1 106324 | 4602747 4496430 | 106324 106318 | 99.99 | pa_ill_pa_contig22 contig_165
			  Not a misassembly [fragmentation of reference genome] between these two alignments
			Excluding internal overlap of size 55 between Alignment 96 and 97: 1 1197 | 4693205 4694401 | 1197 1197 --> 56 1197 | 4693260 4694401 | 1142 1142
			Real Alignment 96: 1 90153 | 4693259 4603123 | 90153 90137 | 99.98 | pa_ill_pa_contig23 contig_165
			  Indel (> 5bp) between these two alignments: deletion of length 55; 0 mismatches (number of Ns: 0) [fragmentation of reference genome]
			Excluding internal overlap of size 55 between Alignment 97 and 98: 56 1197 | 4693260 4694401 | 1142 1142 --> 56 1142 | 4693260 4694346 | 1087 1087
			Real Alignment 97: 56 1142 | 4693260 4694346 | 1087 1087 | 99.75 | pa_ill_pa_contig67 contig_165
			  Indel (> 5bp) between these two alignments: deletion of length 55; 0 mismatches (number of Ns: 0) [fragmentation of reference genome]
			Excluding internal overlap of size 55 between Alignment 98 and 99: 1 2514 | 5159923 5162436 | 2514 2514 --> 56 2514 | 5159978 5162436 | 2459 2459
			Real Alignment 98: 1 465790 | 4694347 5159977 | 465790 465631 | 99.95 | pa_ill_pa_contig3 contig_165
			  Indel (> 5bp) between these two alignments: deletion of length 55; 0 mismatches (number of Ns: 0) [fragmentation of reference genome]
			Excluding internal overlap of size 55 between Alignment 99 and 100: 1 561 | 5162942 5162382 | 561 561 --> 1 506 | 5162942 5162437 | 506 506
			Real Alignment 99: 56 2514 | 5159978 5162436 | 2459 2459 | 99.68 | pa_ill_pa_contig54 contig_165
			  Indel (> 5bp) between these two alignments: deletion of length 55; 0 mismatches (number of Ns: 0) [fragmentation of reference genome]
			Excluding internal overlap of size 55 between Alignment 100 and 101: 1 506 | 5162942 5162437 | 506 506 --> 56 506 | 5162887 5162437 | 451 451
			Real Alignment 100: 56 506 | 5162887 5162437 | 451 451 | 100.0 | pa_ill_pa_contig83 contig_165
			  Indel (> 5bp) between these two alignments: deletion of length 55; 0 mismatches (number of Ns: 0) [fragmentation of reference genome]
			Real Alignment 101: 1 868 | 5162888 5163755 | 868 868 | 99.54 | pa_ill_pa_contig74 contig_165
			  Not a misassembly [fragmentation of reference genome] between these two alignments
			Excluding internal overlap of size 55 between Alignment 102 and 103: 1 5713 | 5283497 5289208 | 5713 5712 --> 56 5713 | 5283552 5289208 | 5658 5657
			Real Alignment 102: 1 119004 | 5164559 5283551 | 119004 118993 | 99.99 | pa_ill_pa_contig18 contig_165
			  Indel (> 5bp) between these two alignments: deletion of length 55; 0 mismatches (number of Ns: 0) [fragmentation of reference genome]
			Excluding internal overlap of size 55 between Alignment 103 and 104: 1 1339 | 5289154 5290492 | 1339 1339 --> 56 1339 | 5289209 5290492 | 1284 1284
			Real Alignment 103: 56 5713 | 5283552 5289208 | 5658 5657 | 99.98 | pa_ill_pa_contig44 contig_165
			  Indel (> 5bp) between these two alignments: deletion of length 55; 0 mismatches (number of Ns: 0) [fragmentation of reference genome]
			Excluding internal overlap of size 446 between Alignment 104 and 105: 56 1339 | 5289209 5290492 | 1284 1284 --> 56 893 | 5289209 5290046 | 838 838
			Real Alignment 104: 56 893 | 5289209 5290046 | 838 838 | 100.0 | pa_ill_pa_contig63 contig_165
			  Extensive misassembly (translocation) between these two alignments
			Excluding internal overlap of size 55 between Alignment 105 and 106: 1 1405 | 5291451 5290047 | 1405 1405 --> 56 1405 | 5291396 5290047 | 1350 1350
			Real Alignment 105: 56 1405 | 5291396 5290047 | 1350 1350 | 90.74 | pa_ill_pa_contig12 contig_165
			  Indel (> 5bp) between these two alignments: deletion of length 55; 0 mismatches (number of Ns: 0) [fragmentation of reference genome]
			Excluding internal overlap of size 55 between Alignment 106 and 107: 1 1492 | 5291397 5292888 | 1492 1492 --> 1 1437 | 5291397 5292833 | 1437 1437
			Real Alignment 106: 1 1437 | 5291397 5292833 | 1437 1437 | 100.0 | pa_ill_pa_contig61 contig_165
			  Indel (> 5bp) between these two alignments: deletion of length 55; 0 mismatches (number of Ns: 0) [fragmentation of reference genome]
			Real Alignment 107: 1 21904 | 5292834 5314736 | 21904 21903 | 99.99 | pa_ill_pa_contig41 contig_165
			  Not a misassembly [fragmentation of reference genome] between these two alignments
			Excluding internal overlap of size 55 between Alignment 108 and 109: 1 561 | 5316210 5316770 | 561 561 --> 56 561 | 5316265 5316770 | 506 506
			Real Alignment 108: 1 868 | 5316264 5315391 | 868 874 | 98.4 | pa_ill_pa_contig74 contig_165
			  Indel (> 5bp) between these two alignments: deletion of length 55; 0 mismatches (number of Ns: 0) [fragmentation of reference genome]
			Excluding internal overlap of size 55 between Alignment 109 and 110: 56 561 | 5316265 5316770 | 506 506 --> 56 506 | 5316265 5316715 | 451 451
			Real Alignment 109: 56 506 | 5316265 5316715 | 451 451 | 95.37 | pa_ill_pa_contig83 contig_165
			  Indel (> 5bp) between these two alignments: deletion of length 55; 0 mismatches (number of Ns: 0) [fragmentation of reference genome]
			Excluding internal overlap of size 55 between Alignment 110 and 111: 1 2514 | 5319229 5316716 | 2514 2514 --> 56 2514 | 5319174 5316716 | 2459 2459
			Real Alignment 110: 56 2514 | 5319174 5316716 | 2459 2459 | 99.72 | pa_ill_pa_contig54 contig_165
			  Indel (> 5bp) between these two alignments: deletion of length 55; 0 mismatches (number of Ns: 0) [fragmentation of reference genome]
			Real Alignment 111: 132 56432 | 5375471 5319175 | 56301 56297 | 99.92 | pa_ill_pa_contig31 contig_165
			  Gap between these two alignments (local misassembly). Inconsistency = -483
			Real Alignment 112: 3 591 | 5376083 5375495 | 589 589 | 94.06 | pa_ill_pa_contig31 contig_165
			  Gap between these two alignments (local misassembly). Inconsistency = 2 [fragmentation of reference genome]
			Excluding internal overlap of size 10 between Alignment 113 and 114: 1 493 | 5377058 5377550 | 493 493 --> 1 483 | 5377058 5377540 | 483 483
			Real Alignment 113: 1 483 | 5377058 5377540 | 483 483 | 97.57 | pa_ill_pa_contig14 contig_165
			  Overlap between these two alignments (local misassembly). Inconsistency = -483
			Real Alignment 114: 1 187635 | 5377541 5565164 | 187635 187624 | 99.98 | pa_ill_pa_contig14 contig_165
			  Not a misassembly [fragmentation of reference genome] between these two alignments
			Real Alignment 115: 1 123 | 5565211 5565333 | 123 123 | 99.19 | pa_ill_pa_contig7 contig_165
			  Gap between these two alignments (local misassembly). Inconsistency = -342
			Real Alignment 116: 1 77 | 5565553 5565629 | 77 77 | 98.7 | pa_ill_pa_contig7 contig_165
			  Gap between these two alignments (local misassembly). Inconsistency = -456
			Real Alignment 117: 1 265097 | 5566009 5831090 | 265097 265082 | 99.99 | pa_ill_pa_contig7 contig_165
			  Not a misassembly [fragmentation of reference genome] between these two alignments
			Real Alignment 118: 1 1538 | 5831541 5833078 | 1538 1538 | 100.0 | pa_ill_pa_contig60 contig_165
			  Not a misassembly [fragmentation of reference genome] between these two alignments
			Real Alignment 119: 1 3511 | 5836961 5833451 | 3511 3511 | 100.0 | pa_ill_pa_contig49 contig_165
			  Not a misassembly [fragmentation of reference genome] between these two alignments
			Excluding internal overlap of size 55 between Alignment 120 and 121: 1 5713 | 5875637 5881350 | 5713 5714 --> 56 5713 | 5875692 5881350 | 5658 5659
			Real Alignment 120: 1 38146 | 5837550 5875691 | 38146 38142 | 99.98 | pa_ill_pa_contig36 contig_165
			  Indel (> 5bp) between these two alignments: deletion of length 55; 0 mismatches (number of Ns: 0) [fragmentation of reference genome]
			Excluding internal overlap of size 55 between Alignment 121 and 122: 56 5713 | 5875692 5881350 | 5658 5659 --> 56 5658 | 5875692 5881295 | 5603 5604
			Real Alignment 121: 56 5658 | 5875692 5881295 | 5603 5604 | 99.96 | pa_ill_pa_contig44 contig_165
			  Indel (> 5bp) between these two alignments: deletion of length 55; 0 mismatches (number of Ns: 0) [fragmentation of reference genome]
			Excluding internal overlap of size 55 between Alignment 122 and 123: 1 1197 | 5944151 5942955 | 1197 1197 --> 1 1142 | 5944151 5943010 | 1142 1142
			Real Alignment 122: 1 61716 | 5881296 5943009 | 61716 61714 | 99.98 | pa_ill_pa_contig29 contig_165
			  Indel (> 5bp) between these two alignments: deletion of length 55; 0 mismatches (number of Ns: 0) [fragmentation of reference genome]
			Excluding internal overlap of size 55 between Alignment 123 and 124: 1 1142 | 5944151 5943010 | 1142 1142 --> 56 1142 | 5944096 5943010 | 1087 1087
			Real Alignment 123: 56 1142 | 5944096 5943010 | 1087 1087 | 99.08 | pa_ill_pa_contig67 contig_165
			  Indel (> 5bp) between these two alignments: deletion of length 55; 0 mismatches (number of Ns: 0) [fragmentation of reference genome]
			Real Alignment 124: 56 847683 | 6791665 5944097 | 847628 847569 | 99.98 | pa_ill_pa_contig1 contig_165
		Unaligned bases: 11365

CONTIG: contig_35 (4757820bp)
Best alignment score: 418.0 (LEN: 451, IDY: 92.68), Total number of alignments: 102
			Too much alignments (102), will use speed up heuristics
			Found 0 solid alignments:
			Skipping alignments located inside solid regions since they are redundant:
		Nothing was skipped
			Looking for the best set of alignments (out of 102 total alignments)
		Ambiguity for this contig is not checked for speed up (too much alignments and --ambiguity-usage is "one")
			Skipping redundant alignments after choosing the best set of alignments
		Skipping redundant alignment 163 238 | 52833 52908 | 76 76 | 100.0 | pa_ill_pa_contig9 contig_35
		Skipping redundant alignment 3 78 | 52833 52908 | 76 76 | 100.0 | pa_ill_pa_contig9 contig_35
		Skipping redundant alignment 323 399 | 52833 52909 | 77 77 | 100.0 | pa_ill_pa_contig9 contig_35
		Skipping redundant alignment 28782 28858 | 52909 52833 | 77 77 | 100.0 | pa_ill_pa_contig8 contig_35
		Skipping redundant alignment 93682 93815 | 434561 434428 | 134 134 | 93.28 | pa_ill_pa_contig13 contig_35
		Skipping redundant alignment 84045 84123 | 444809 444731 | 79 79 | 96.2 | pa_ill_pa_contig13 contig_35
		Skipping redundant alignment 48504 48593 | 1504317 1504406 | 90 90 | 91.11 | pa_ill_pa_contig27 contig_35
		Skipping redundant alignment 161 238 | 2487036 2486959 | 78 78 | 100.0 | pa_ill_pa_contig9 contig_35
		Skipping redundant alignment 321 399 | 2487036 2486958 | 79 79 | 100.0 | pa_ill_pa_contig9 contig_35
		Skipping redundant alignment 163517 163628 | 4623821 4623710 | 112 112 | 91.07 | pa_ill_pa_contig4 contig_35
		Skipping redundant alignment 159406 159543 | 4627875 4627738 | 138 138 | 92.03 | pa_ill_pa_contig4 contig_35
		Skipping redundant alignment 65009 65098 | 1504317 1504406 | 90 90 | 91.11 | pa_ill_pa_contig27 contig_35
			The best set is below. Score: 12234.7, number of alignments: 90, unaligned bases: 4742571
		This contig is misassembled.
		This contig is partially unaligned. (Aligned 15249 out of 4757820 non-N bases (0.32%))
			Warning! This contig is more unaligned than misassembled. Contig length is 4757820 (number of Ns: 0) and total length of all aligns is 15249
		Alignment: 4882 5195 | 806725 806412 | 314 314 | 96.18 | pa_ill_pa_contig44 contig_35
		Alignment: 4268 4718 | 807339 806889 | 451 451 | 92.68 | pa_ill_pa_contig44 contig_35
		Alignment: 4118 4233 | 807492 807377 | 116 116 | 93.1 | pa_ill_pa_contig44 contig_35
		Alignment: 3453 3662 | 808159 807950 | 210 210 | 93.81 | pa_ill_pa_contig44 contig_35
		Alignment: 3374 3442 | 808237 808169 | 69 69 | 92.75 | pa_ill_pa_contig44 contig_35
		Alignment: 2917 3062 | 808698 808553 | 146 146 | 95.89 | pa_ill_pa_contig44 contig_35
		Alignment: 1975 2060 | 809532 809447 | 86 86 | 91.86 | pa_ill_pa_contig44 contig_35
		Alignment: 1813 1967 | 809694 809540 | 155 155 | 92.26 | pa_ill_pa_contig44 contig_35
		Alignment: 1660 1760 | 809847 809747 | 101 101 | 94.06 | pa_ill_pa_contig44 contig_35
		Alignment: 1375 1650 | 810132 809857 | 276 276 | 93.48 | pa_ill_pa_contig44 contig_35
		Alignment: 995 1106 | 810512 810401 | 112 112 | 91.07 | pa_ill_pa_contig44 contig_35
		Alignment: 529 593 | 810984 810920 | 65 65 | 98.46 | pa_ill_pa_contig44 contig_35
		Alignment: 4882 5195 | 1472904 1472591 | 314 314 | 96.18 | pa_ill_pa_contig44 contig_35
		Alignment: 4268 4718 | 1473518 1473068 | 451 451 | 92.68 | pa_ill_pa_contig44 contig_35
		Alignment: 4118 4233 | 1473671 1473556 | 116 116 | 93.1 | pa_ill_pa_contig44 contig_35
		Alignment: 3453 3662 | 1474338 1474129 | 210 210 | 93.81 | pa_ill_pa_contig44 contig_35
		Alignment: 3374 3442 | 1474416 1474348 | 69 69 | 92.75 | pa_ill_pa_contig44 contig_35
		Alignment: 2892 3062 | 1474902 1474732 | 171 171 | 91.23 | pa_ill_pa_contig44 contig_35
		Alignment: 2687 2769 | 1475115 1475033 | 83 83 | 93.98 | pa_ill_pa_contig44 contig_35
		Alignment: 1975 2060 | 1475708 1475623 | 86 86 | 91.86 | pa_ill_pa_contig44 contig_35
		Alignment: 1837 1967 | 1475846 1475716 | 131 131 | 92.37 | pa_ill_pa_contig44 contig_35
		Alignment: 1660 1760 | 1476022 1475922 | 101 101 | 94.06 | pa_ill_pa_contig44 contig_35
		Alignment: 1375 1650 | 1476307 1476032 | 276 276 | 93.48 | pa_ill_pa_contig44 contig_35
		Alignment: 995 1106 | 1476686 1476575 | 112 112 | 91.07 | pa_ill_pa_contig44 contig_35
		Alignment: 529 593 | 1477158 1477094 | 65 65 | 98.46 | pa_ill_pa_contig44 contig_35
		Alignment: 529 593 | 1992047 1992111 | 65 65 | 98.46 | pa_ill_pa_contig44 contig_35
		Alignment: 995 1106 | 1992519 1992630 | 112 112 | 91.07 | pa_ill_pa_contig44 contig_35
		Alignment: 1375 1650 | 1992898 1993173 | 276 276 | 93.48 | pa_ill_pa_contig44 contig_35
		Alignment: 1660 1760 | 1993183 1993283 | 101 101 | 94.06 | pa_ill_pa_contig44 contig_35
		Alignment: 1813 1967 | 1993336 1993490 | 155 155 | 92.26 | pa_ill_pa_contig44 contig_35
		Alignment: 1975 2060 | 1993498 1993583 | 86 86 | 91.86 | pa_ill_pa_contig44 contig_35
		Alignment: 2687 2798 | 1994250 1994361 | 112 112 | 91.07 | pa_ill_pa_contig44 contig_35
		Alignment: 2892 3062 | 1994464 1994634 | 171 171 | 91.23 | pa_ill_pa_contig44 contig_35
		Alignment: 3374 3442 | 1994950 1995018 | 69 69 | 92.75 | pa_ill_pa_contig44 contig_35
		Alignment: 3453 3662 | 1995028 1995237 | 210 210 | 93.81 | pa_ill_pa_contig44 contig_35
		Alignment: 4118 4233 | 1995695 1995810 | 116 116 | 93.1 | pa_ill_pa_contig44 contig_35
		Alignment: 4268 4718 | 1995848 1996298 | 451 451 | 92.68 | pa_ill_pa_contig44 contig_35
		Alignment: 4882 5195 | 1996462 1996775 | 314 314 | 96.18 | pa_ill_pa_contig44 contig_35
		Alignment: 529 593 | 2087124 2087188 | 65 65 | 98.46 | pa_ill_pa_contig44 contig_35
		Alignment: 995 1106 | 2087596 2087707 | 112 112 | 91.07 | pa_ill_pa_contig44 contig_35
		Alignment: 1375 1650 | 2087977 2088252 | 276 276 | 93.48 | pa_ill_pa_contig44 contig_35
		Alignment: 1660 1760 | 2088262 2088362 | 101 101 | 94.06 | pa_ill_pa_contig44 contig_35
		Alignment: 1813 1967 | 2088415 2088569 | 155 155 | 92.26 | pa_ill_pa_contig44 contig_35
		Alignment: 1975 2060 | 2088577 2088662 | 86 86 | 91.86 | pa_ill_pa_contig44 contig_35
		Alignment: 2687 2798 | 2089170 2089281 | 112 112 | 91.07 | pa_ill_pa_contig44 contig_35
		Alignment: 2892 3062 | 2089384 2089554 | 171 171 | 91.23 | pa_ill_pa_contig44 contig_35
		Alignment: 3374 3442 | 2089870 2089938 | 69 69 | 92.75 | pa_ill_pa_contig44 contig_35
		Alignment: 3453 3662 | 2089948 2090157 | 210 210 | 93.81 | pa_ill_pa_contig44 contig_35
		Alignment: 4118 4233 | 2090615 2090730 | 116 116 | 93.1 | pa_ill_pa_contig44 contig_35
		Alignment: 4268 4718 | 2090768 2091218 | 451 451 | 92.68 | pa_ill_pa_contig44 contig_35
		Alignment: 4882 5195 | 2091382 2091695 | 314 314 | 96.18 | pa_ill_pa_contig44 contig_35
		Alignment: 529 593 | 2242351 2242415 | 65 65 | 98.46 | pa_ill_pa_contig44 contig_35
		Alignment: 995 1106 | 2242823 2242934 | 112 112 | 91.07 | pa_ill_pa_contig44 contig_35
		Alignment: 1256 1345 | 2243082 2243171 | 90 90 | 93.33 | pa_ill_pa_contig44 contig_35
		Alignment: 1375 1650 | 2243201 2243476 | 276 276 | 93.48 | pa_ill_pa_contig44 contig_35
		Alignment: 1660 1760 | 2243486 2243586 | 101 101 | 94.06 | pa_ill_pa_contig44 contig_35
		Alignment: 1813 1967 | 2243639 2243793 | 155 155 | 92.26 | pa_ill_pa_contig44 contig_35
		Alignment: 1975 2060 | 2243801 2243886 | 86 86 | 91.86 | pa_ill_pa_contig44 contig_35
		Alignment: 2687 2769 | 2244553 2244635 | 83 83 | 93.98 | pa_ill_pa_contig44 contig_35
		Alignment: 2892 3062 | 2244766 2244936 | 171 171 | 91.23 | pa_ill_pa_contig44 contig_35
		Alignment: 3374 3442 | 2245252 2245320 | 69 69 | 92.75 | pa_ill_pa_contig44 contig_35
		Alignment: 3453 3662 | 2245330 2245539 | 210 210 | 93.33 | pa_ill_pa_contig44 contig_35
		Alignment: 4118 4233 | 2245997 2246112 | 116 116 | 93.1 | pa_ill_pa_contig44 contig_35
		Alignment: 4268 4718 | 2246150 2246600 | 451 451 | 92.68 | pa_ill_pa_contig44 contig_35
		Alignment: 4882 5195 | 2246764 2247077 | 314 314 | 96.18 | pa_ill_pa_contig44 contig_35
		Alignment: 529 593 | 2285261 2285325 | 65 65 | 98.46 | pa_ill_pa_contig44 contig_35
		Alignment: 995 1106 | 2285733 2285844 | 112 112 | 91.07 | pa_ill_pa_contig44 contig_35
		Alignment: 1375 1650 | 2286113 2286388 | 276 276 | 93.48 | pa_ill_pa_contig44 contig_35
		Alignment: 1660 1760 | 2286398 2286498 | 101 101 | 94.06 | pa_ill_pa_contig44 contig_35
		Alignment: 1813 1967 | 2286551 2286705 | 155 155 | 92.26 | pa_ill_pa_contig44 contig_35
		Alignment: 1975 2060 | 2286713 2286798 | 86 86 | 91.86 | pa_ill_pa_contig44 contig_35
		Alignment: 2687 2798 | 2287306 2287417 | 112 112 | 91.07 | pa_ill_pa_contig44 contig_35
		Alignment: 2892 3062 | 2287520 2287690 | 171 171 | 91.23 | pa_ill_pa_contig44 contig_35
		Alignment: 3374 3442 | 2288006 2288074 | 69 69 | 92.75 | pa_ill_pa_contig44 contig_35
		Alignment: 3453 3662 | 2288084 2288293 | 210 210 | 93.33 | pa_ill_pa_contig44 contig_35
		Alignment: 4118 4233 | 2288751 2288866 | 116 116 | 93.1 | pa_ill_pa_contig44 contig_35
		Alignment: 4268 4718 | 2288904 2289354 | 451 451 | 92.68 | pa_ill_pa_contig44 contig_35
		Alignment: 4882 5195 | 2289518 2289831 | 314 314 | 96.18 | pa_ill_pa_contig44 contig_35
		Alignment: 529 593 | 3034687 3034751 | 65 65 | 98.46 | pa_ill_pa_contig44 contig_35
		Alignment: 995 1106 | 3035159 3035270 | 112 112 | 91.07 | pa_ill_pa_contig44 contig_35
		Alignment: 1375 1536 | 3035538 3035699 | 162 162 | 93.21 | pa_ill_pa_contig44 contig_35
		Alignment: 1542 1650 | 3035705 3035813 | 109 109 | 90.83 | pa_ill_pa_contig44 contig_35
		Alignment: 1660 1760 | 3035823 3035923 | 101 101 | 94.06 | pa_ill_pa_contig44 contig_35
		Alignment: 1813 1967 | 3035976 3036130 | 155 155 | 92.26 | pa_ill_pa_contig44 contig_35
		Alignment: 1975 2060 | 3036138 3036223 | 86 86 | 91.86 | pa_ill_pa_contig44 contig_35
		Alignment: 3374 3442 | 3037689 3037757 | 69 69 | 92.75 | pa_ill_pa_contig44 contig_35
		Alignment: 3453 3662 | 3037767 3037976 | 210 210 | 93.81 | pa_ill_pa_contig44 contig_35
		Alignment: 4118 4233 | 3038434 3038549 | 116 116 | 93.1 | pa_ill_pa_contig44 contig_35
		Alignment: 4268 4718 | 3038587 3039037 | 451 451 | 92.68 | pa_ill_pa_contig44 contig_35
		Alignment: 4882 5195 | 3039201 3039514 | 314 314 | 96.18 | pa_ill_pa_contig44 contig_35
		Unaligned bases: 4742571

CONTIG: contig_36 (4764622bp)
Best alignment score: 513.0 (LEN: 564, IDY: 90.96), Total number of alignments: 94
			Looking for the best set of alignments (out of 94 total alignments)
			Skipping redundant alignments after choosing the best set of alignments
		Skipping redundant alignment 323 399 | 4334468 4334544 | 77 77 | 100.0 | pa_ill_pa_contig9 contig_36
		Skipping redundant alignment 161 240 | 1996604 1996525 | 80 80 | 100.0 | pa_ill_pa_contig9 contig_36
		Skipping redundant alignment 321 398 | 1996716 1996639 | 78 78 | 100.0 | pa_ill_pa_contig9 contig_36
		Skipping redundant alignment 161 238 | 1996716 1996639 | 78 78 | 100.0 | pa_ill_pa_contig9 contig_36
		Skipping redundant alignment 28781 28858 | 4334545 4334468 | 78 78 | 100.0 | pa_ill_pa_contig8 contig_36
		Skipping redundant alignment 3 78 | 4334468 4334543 | 76 76 | 100.0 | pa_ill_pa_contig9 contig_36
		Skipping redundant alignment 163 238 | 4334468 4334543 | 76 76 | 100.0 | pa_ill_pa_contig9 contig_36
		Skipping redundant alignment 48505 48596 | 1790076 1789985 | 92 92 | 91.3 | pa_ill_pa_contig27 contig_36
		Skipping redundant alignment 65010 65101 | 1790076 1789985 | 92 92 | 91.3 | pa_ill_pa_contig27 contig_36
		Skipping redundant alignment 84045 84229 | 4762983 4762799 | 185 185 | 91.35 | pa_ill_pa_contig13 contig_36
		This contig has several significant sets of alignments. [An ambiguously mapped contig]
		Using only the very best set (option --ambiguity-usage is set to "one").
			The best set is below. Score: 11836.8, number of alignments: 84, unaligned bases: 4749802
		This contig is misassembled.
		This contig is partially unaligned. (Aligned 14820 out of 4764622 non-N bases (0.31%))
			Warning! This contig is more unaligned than misassembled. Contig length is 4764622 (number of Ns: 0) and total length of all aligns is 14820
		Alignment: 4882 5195 | 304351 304038 | 314 314 | 96.18 | pa_ill_pa_contig44 contig_36
		Alignment: 4268 4831 | 304965 304402 | 564 564 | 90.96 | pa_ill_pa_contig44 contig_36
		Alignment: 4118 4231 | 305118 305005 | 114 114 | 93.86 | pa_ill_pa_contig44 contig_36
		Alignment: 3453 3662 | 305783 305574 | 210 210 | 93.81 | pa_ill_pa_contig44 contig_36
		Alignment: 3374 3442 | 305861 305793 | 69 69 | 94.2 | pa_ill_pa_contig44 contig_36
		Alignment: 2687 2800 | 306559 306446 | 114 114 | 91.23 | pa_ill_pa_contig44 contig_36
		Alignment: 1975 2060 | 307231 307146 | 86 86 | 91.86 | pa_ill_pa_contig44 contig_36
		Alignment: 1813 1967 | 307393 307239 | 155 155 | 92.26 | pa_ill_pa_contig44 contig_36
		Alignment: 1375 1536 | 307831 307670 | 162 162 | 93.83 | pa_ill_pa_contig44 contig_36
		Alignment: 997 1158 | 308209 308048 | 162 162 | 90.12 | pa_ill_pa_contig44 contig_36
		Alignment: 529 593 | 308683 308619 | 65 65 | 98.46 | pa_ill_pa_contig44 contig_36
		Alignment: 4882 5195 | 1012599 1012286 | 314 314 | 96.18 | pa_ill_pa_contig44 contig_36
		Alignment: 4268 4831 | 1013213 1012650 | 564 564 | 90.96 | pa_ill_pa_contig44 contig_36
		Alignment: 4118 4231 | 1013366 1013253 | 114 114 | 93.86 | pa_ill_pa_contig44 contig_36
		Alignment: 3453 3662 | 1014031 1013822 | 210 210 | 93.81 | pa_ill_pa_contig44 contig_36
		Alignment: 3374 3442 | 1014109 1014041 | 69 69 | 94.2 | pa_ill_pa_contig44 contig_36
		Alignment: 2687 2800 | 1014807 1014694 | 114 114 | 91.23 | pa_ill_pa_contig44 contig_36
		Alignment: 1975 2060 | 1015485 1015400 | 86 86 | 91.86 | pa_ill_pa_contig44 contig_36
		Alignment: 1813 1967 | 1015647 1015493 | 155 155 | 92.26 | pa_ill_pa_contig44 contig_36
		Alignment: 1375 1536 | 1016085 1015924 | 162 162 | 93.83 | pa_ill_pa_contig44 contig_36
		Alignment: 997 1158 | 1016463 1016302 | 162 162 | 90.12 | pa_ill_pa_contig44 contig_36
		Alignment: 529 593 | 1016937 1016873 | 65 65 | 98.46 | pa_ill_pa_contig44 contig_36
		Alignment: 529 593 | 1555855 1555919 | 65 65 | 98.46 | pa_ill_pa_contig44 contig_36
		Alignment: 997 1158 | 1556329 1556490 | 162 162 | 90.12 | pa_ill_pa_contig44 contig_36
		Alignment: 1375 1536 | 1556706 1556867 | 162 162 | 93.83 | pa_ill_pa_contig44 contig_36
		Alignment: 1813 1967 | 1557144 1557298 | 155 155 | 92.26 | pa_ill_pa_contig44 contig_36
		Alignment: 1975 2060 | 1557306 1557391 | 86 86 | 91.86 | pa_ill_pa_contig44 contig_36
		Alignment: 2687 2800 | 1557901 1558014 | 114 114 | 91.23 | pa_ill_pa_contig44 contig_36
		Alignment: 2892 3062 | 1558115 1558285 | 171 171 | 91.23 | pa_ill_pa_contig44 contig_36
		Alignment: 3374 3442 | 1558599 1558667 | 69 69 | 94.2 | pa_ill_pa_contig44 contig_36
		Alignment: 3453 3662 | 1558677 1558886 | 210 210 | 93.81 | pa_ill_pa_contig44 contig_36
		Alignment: 4118 4231 | 1559342 1559455 | 114 114 | 93.86 | pa_ill_pa_contig44 contig_36
		Alignment: 4268 4718 | 1559495 1559945 | 451 451 | 92.68 | pa_ill_pa_contig44 contig_36
		Alignment: 4882 5195 | 1560109 1560422 | 314 314 | 96.18 | pa_ill_pa_contig44 contig_36
		Alignment: 529 593 | 1649460 1649524 | 65 65 | 98.46 | pa_ill_pa_contig44 contig_36
		Alignment: 997 1143 | 1649934 1650080 | 147 147 | 90.48 | pa_ill_pa_contig44 contig_36
		Alignment: 1375 1536 | 1650310 1650471 | 162 162 | 93.83 | pa_ill_pa_contig44 contig_36
		Alignment: 1813 1967 | 1650748 1650902 | 155 155 | 92.26 | pa_ill_pa_contig44 contig_36
		Alignment: 1975 2060 | 1650910 1650995 | 86 86 | 91.86 | pa_ill_pa_contig44 contig_36
		Alignment: 2687 2800 | 1651597 1651710 | 114 114 | 91.23 | pa_ill_pa_contig44 contig_36
		Alignment: 2892 3062 | 1651811 1651981 | 171 171 | 91.23 | pa_ill_pa_contig44 contig_36
		Alignment: 3374 3442 | 1652295 1652363 | 69 69 | 94.2 | pa_ill_pa_contig44 contig_36
		Alignment: 3453 3662 | 1652373 1652582 | 210 210 | 93.81 | pa_ill_pa_contig44 contig_36
		Alignment: 4118 4231 | 1653038 1653151 | 114 114 | 93.86 | pa_ill_pa_contig44 contig_36
		Alignment: 4268 4385 | 1653191 1653308 | 118 118 | 94.92 | pa_ill_pa_contig44 contig_36
		Alignment: 4391 4831 | 1653316 1653756 | 441 441 | 90.25 | pa_ill_pa_contig44 contig_36
		Alignment: 4882 5195 | 1653807 1654120 | 314 314 | 96.18 | pa_ill_pa_contig44 contig_36
		Alignment: 529 593 | 1780571 1780635 | 65 65 | 98.46 | pa_ill_pa_contig44 contig_36
		Alignment: 997 1158 | 1781045 1781206 | 162 162 | 90.12 | pa_ill_pa_contig44 contig_36
		Alignment: 1375 1536 | 1781422 1781583 | 162 162 | 93.83 | pa_ill_pa_contig44 contig_36
		Alignment: 1813 1967 | 1781860 1782014 | 155 155 | 92.26 | pa_ill_pa_contig44 contig_36
		Alignment: 1975 2060 | 1782022 1782107 | 86 86 | 91.86 | pa_ill_pa_contig44 contig_36
		Alignment: 2687 2800 | 1782617 1782730 | 114 114 | 91.23 | pa_ill_pa_contig44 contig_36
		Alignment: 2892 3062 | 1782831 1783001 | 171 171 | 91.23 | pa_ill_pa_contig44 contig_36
		Alignment: 3374 3442 | 1783315 1783383 | 69 69 | 94.2 | pa_ill_pa_contig44 contig_36
		Alignment: 3453 3662 | 1783393 1783602 | 210 210 | 93.81 | pa_ill_pa_contig44 contig_36
		Alignment: 4118 4231 | 1784058 1784171 | 114 114 | 93.86 | pa_ill_pa_contig44 contig_36
		Alignment: 4268 4718 | 1784211 1784661 | 451 451 | 92.68 | pa_ill_pa_contig44 contig_36
		Alignment: 4882 5195 | 1784825 1785138 | 314 314 | 96.18 | pa_ill_pa_contig44 contig_36
		Alignment: 529 593 | 1821960 1822024 | 65 65 | 98.46 | pa_ill_pa_contig44 contig_36
		Alignment: 997 1158 | 1822434 1822595 | 162 162 | 90.12 | pa_ill_pa_contig44 contig_36
		Alignment: 1230 1345 | 1822667 1822782 | 116 116 | 92.24 | pa_ill_pa_contig44 contig_36
		Alignment: 1376 1536 | 1822812 1822972 | 161 161 | 93.79 | pa_ill_pa_contig44 contig_36
		Alignment: 1813 1967 | 1823250 1823404 | 155 155 | 92.26 | pa_ill_pa_contig44 contig_36
		Alignment: 1975 2060 | 1823412 1823497 | 86 86 | 91.86 | pa_ill_pa_contig44 contig_36
		Alignment: 2892 3062 | 1824218 1824388 | 171 171 | 91.23 | pa_ill_pa_contig44 contig_36
		Alignment: 3374 3442 | 1824702 1824770 | 69 69 | 94.2 | pa_ill_pa_contig44 contig_36
		Alignment: 3453 3662 | 1824780 1824989 | 210 210 | 93.81 | pa_ill_pa_contig44 contig_36
		Alignment: 4118 4231 | 1825445 1825558 | 114 114 | 93.86 | pa_ill_pa_contig44 contig_36
		Alignment: 4268 4718 | 1825598 1826048 | 451 451 | 92.68 | pa_ill_pa_contig44 contig_36
		Alignment: 4882 5195 | 1826212 1826525 | 314 314 | 96.18 | pa_ill_pa_contig44 contig_36
		Alignment: 529 593 | 2469674 2469738 | 65 65 | 98.46 | pa_ill_pa_contig44 contig_36
		Alignment: 997 1158 | 2470148 2470309 | 162 162 | 90.12 | pa_ill_pa_contig44 contig_36
		Alignment: 1376 1760 | 2470525 2470909 | 385 385 | 92.73 | pa_ill_pa_contig44 contig_36
		Alignment: 1813 1967 | 2470962 2471116 | 155 155 | 92.26 | pa_ill_pa_contig44 contig_36
		Alignment: 1975 2060 | 2471124 2471209 | 86 86 | 91.86 | pa_ill_pa_contig44 contig_36
		Alignment: 2687 2800 | 2471811 2471924 | 114 114 | 91.23 | pa_ill_pa_contig44 contig_36
		Alignment: 2892 3062 | 2472025 2472195 | 171 171 | 91.23 | pa_ill_pa_contig44 contig_36
		Alignment: 3374 3442 | 2472509 2472577 | 69 69 | 94.2 | pa_ill_pa_contig44 contig_36
		Alignment: 3453 3662 | 2472587 2472796 | 210 210 | 93.81 | pa_ill_pa_contig44 contig_36
		Alignment: 4118 4231 | 2473251 2473364 | 114 114 | 93.86 | pa_ill_pa_contig44 contig_36
		Alignment: 4268 4385 | 2473404 2473521 | 118 118 | 94.92 | pa_ill_pa_contig44 contig_36
		Alignment: 4391 4831 | 2473529 2473969 | 441 441 | 90.25 | pa_ill_pa_contig44 contig_36
		Alignment: 4882 5195 | 2474020 2474333 | 314 314 | 96.18 | pa_ill_pa_contig44 contig_36
		Unaligned bases: 4749802

CONTIG: contig_2 (4045315bp)
Best alignment score: 125.0 (LEN: 138, IDY: 90.58), Total number of alignments: 30
			Looking for the best set of alignments (out of 30 total alignments)
			Skipping redundant alignments after choosing the best set of alignments
		Skipping redundant alignment 4406 4535 | 1681547 1681418 | 130 130 | 90.77 | pa_ill_pa_contig44 contig_2
		Skipping redundant alignment 1397 1515 | 1684295 1684177 | 119 119 | 94.12 | pa_ill_pa_contig44 contig_2
		Skipping redundant alignment 1201 1338 | 1684492 1684355 | 138 138 | 90.58 | pa_ill_pa_contig44 contig_2
			The best set is below. Score: 867.8, number of alignments: 27, unaligned bases: 4041832
		This contig is misassembled.
		This contig is partially unaligned. (Aligned 3483 out of 4045315 non-N bases (0.09%))
			Warning! This contig is more unaligned than misassembled. Contig length is 4045315 (number of Ns: 0) and total length of all aligns is 3483
		Alignment: 1201 1338 | 2758164 2758301 | 138 138 | 90.58 | pa_ill_pa_contig44 contig_2
		Alignment: 1397 1515 | 2758361 2758479 | 119 119 | 94.12 | pa_ill_pa_contig44 contig_2
		Alignment: 4406 4535 | 2761287 2761416 | 130 130 | 90.77 | pa_ill_pa_contig44 contig_2
		Alignment: 1201 1338 | 2778773 2778910 | 138 138 | 90.58 | pa_ill_pa_contig44 contig_2
		Alignment: 1397 1515 | 2778970 2779088 | 119 119 | 94.12 | pa_ill_pa_contig44 contig_2
		Alignment: 4406 4535 | 2781896 2782025 | 130 130 | 90.77 | pa_ill_pa_contig44 contig_2
		Alignment: 1201 1338 | 2839103 2839240 | 138 138 | 90.58 | pa_ill_pa_contig44 contig_2
		Alignment: 1397 1515 | 2839300 2839418 | 119 119 | 94.12 | pa_ill_pa_contig44 contig_2
		Alignment: 4406 4535 | 2842050 2842179 | 130 130 | 90.77 | pa_ill_pa_contig44 contig_2
		Alignment: 1201 1338 | 2845027 2845164 | 138 138 | 90.58 | pa_ill_pa_contig44 contig_2
		Alignment: 1397 1515 | 2845224 2845342 | 119 119 | 94.12 | pa_ill_pa_contig44 contig_2
		Alignment: 4406 4535 | 2847973 2848102 | 130 130 | 90.77 | pa_ill_pa_contig44 contig_2
		Alignment: 1201 1338 | 2909561 2909698 | 138 138 | 90.58 | pa_ill_pa_contig44 contig_2
		Alignment: 1397 1515 | 2909758 2909876 | 119 119 | 94.12 | pa_ill_pa_contig44 contig_2
		Alignment: 4406 4535 | 2912507 2912636 | 130 130 | 90.77 | pa_ill_pa_contig44 contig_2
		Alignment: 1201 1338 | 2915174 2915311 | 138 138 | 90.58 | pa_ill_pa_contig44 contig_2
		Alignment: 1397 1515 | 2915371 2915489 | 119 119 | 94.12 | pa_ill_pa_contig44 contig_2
		Alignment: 4406 4535 | 2918120 2918249 | 130 130 | 90.77 | pa_ill_pa_contig44 contig_2
		Alignment: 1201 1338 | 2920175 2920312 | 138 138 | 90.58 | pa_ill_pa_contig44 contig_2
		Alignment: 1397 1515 | 2920372 2920490 | 119 119 | 94.12 | pa_ill_pa_contig44 contig_2
		Alignment: 4406 4535 | 2923121 2923250 | 130 130 | 90.77 | pa_ill_pa_contig44 contig_2
		Alignment: 1201 1338 | 3373595 3373732 | 138 138 | 90.58 | pa_ill_pa_contig44 contig_2
		Alignment: 1397 1515 | 3373792 3373910 | 119 119 | 94.12 | pa_ill_pa_contig44 contig_2
		Alignment: 4406 4535 | 3376540 3376669 | 130 130 | 90.77 | pa_ill_pa_contig44 contig_2
		Alignment: 1201 1338 | 3666333 3666470 | 138 138 | 90.58 | pa_ill_pa_contig44 contig_2
		Alignment: 1397 1515 | 3666530 3666648 | 119 119 | 94.12 | pa_ill_pa_contig44 contig_2
		Alignment: 4406 4535 | 3669278 3669407 | 130 130 | 90.77 | pa_ill_pa_contig44 contig_2
		Unaligned bases: 4041832

CONTIG: contig_24 (2991952bp)
Best alignment score: 127.0 (LEN: 138, IDY: 92.03), Total number of alignments: 18
			Looking for the best set of alignments (out of 18 total alignments)
			Skipping redundant alignments after choosing the best set of alignments
		Skipping redundant alignment 1201 1338 | 1078402 1078539 | 138 138 | 92.03 | pa_ill_pa_contig44 contig_24
		Skipping redundant alignment 1397 1517 | 1078599 1078719 | 121 121 | 95.04 | pa_ill_pa_contig44 contig_24
		Skipping redundant alignment 4406 4488 | 1081679 1081761 | 83 83 | 97.59 | pa_ill_pa_contig44 contig_24
		Skipping redundant alignment 1201 1338 | 1676879 1677016 | 138 138 | 92.03 | pa_ill_pa_contig44 contig_24
		Skipping redundant alignment 1397 1517 | 1677076 1677196 | 121 121 | 95.04 | pa_ill_pa_contig44 contig_24
		Skipping redundant alignment 4406 4488 | 1679905 1679987 | 83 83 | 97.59 | pa_ill_pa_contig44 contig_24
		Skipping redundant alignment 1201 1338 | 1781552 1781689 | 138 138 | 92.03 | pa_ill_pa_contig44 contig_24
		Skipping redundant alignment 1397 1517 | 1781749 1781869 | 121 121 | 95.04 | pa_ill_pa_contig44 contig_24
		Skipping redundant alignment 4406 4488 | 1784578 1784660 | 83 83 | 97.59 | pa_ill_pa_contig44 contig_24
			The best set is below. Score: 378.3, number of alignments: 9, unaligned bases: 2990926
		This contig is misassembled.
		This contig is partially unaligned. (Aligned 1026 out of 2991952 non-N bases (0.03%))
			Warning! This contig is more unaligned than misassembled. Contig length is 2991952 (number of Ns: 0) and total length of all aligns is 1026
		Alignment: 4406 4488 | 286969 286887 | 83 83 | 97.59 | pa_ill_pa_contig44 contig_24
		Alignment: 1397 1517 | 289798 289678 | 121 121 | 95.04 | pa_ill_pa_contig44 contig_24
		Alignment: 1201 1338 | 289995 289858 | 138 138 | 92.03 | pa_ill_pa_contig44 contig_24
		Alignment: 4406 4488 | 292988 292906 | 83 83 | 97.59 | pa_ill_pa_contig44 contig_24
		Alignment: 1397 1517 | 295816 295696 | 121 121 | 95.04 | pa_ill_pa_contig44 contig_24
		Alignment: 1201 1338 | 296013 295876 | 138 138 | 92.03 | pa_ill_pa_contig44 contig_24
		Alignment: 4406 4488 | 530531 530449 | 83 83 | 97.59 | pa_ill_pa_contig44 contig_24
		Alignment: 1397 1517 | 533611 533491 | 121 121 | 95.04 | pa_ill_pa_contig44 contig_24
		Alignment: 1201 1338 | 533808 533671 | 138 138 | 92.03 | pa_ill_pa_contig44 contig_24
		Unaligned bases: 2990926

CONTIG: contig_25 (1926766bp)
Best alignment score: 271.0 (LEN: 301, IDY: 90.03), Total number of alignments: 7
			Looking for the best set of alignments (out of 7 total alignments)
			Skipping redundant alignments after choosing the best set of alignments
		Skipping redundant alignment 1397 1521 | 68801 68677 | 125 125 | 92.8 | pa_ill_pa_contig44 contig_25
		Skipping redundant alignment 1860 1938 | 145018 144940 | 79 79 | 91.14 | pa_ill_pa_contig44 contig_25
		Skipping redundant alignment 1397 1521 | 145468 145344 | 125 125 | 92.8 | pa_ill_pa_contig44 contig_25
		Skipping redundant alignment 1397 1521 | 180907 180783 | 125 125 | 92.8 | pa_ill_pa_contig44 contig_25
		Skipping redundant alignment 1397 1521 | 840648 840772 | 125 125 | 92.8 | pa_ill_pa_contig44 contig_25
		Skipping redundant alignment 1397 1489 | 1654548 1654456 | 93 93 | 95.7 | pa_ill_pa_contig44 contig_25
			The best set is below. Score: 271.0, number of alignments: 1, unaligned bases: 1926465
		This contig is partially unaligned. (Aligned 301 out of 1926766 non-N bases (0.02%))
		Alignment: 4834 5134 | 843013 843313 | 301 301 | 90.03 | pa_ill_pa_contig44 contig_25
		Unaligned bases: 1 to 843012 (843012)
		Unaligned bases: 843314 to 1926766 (1083453)

CONTIG: contig_45 (2720646bp)
Best alignment score: 211.0 (LEN: 233, IDY: 90.56), Total number of alignments: 18
			Looking for the best set of alignments (out of 18 total alignments)
			Skipping redundant alignments after choosing the best set of alignments
		Skipping redundant alignment 4403 4500 | 2586140 2586043 | 98 98 | 96.94 | pa_ill_pa_contig44 contig_45
		Skipping redundant alignment 1397 1503 | 2589198 2589092 | 107 107 | 96.26 | pa_ill_pa_contig44 contig_45
		Skipping redundant alignment 4903 5134 | 2585640 2585408 | 232 233 | 90.56 | pa_ill_pa_contig44 contig_45
			The best set is below. Score: 831.3, number of alignments: 15, unaligned bases: 2718456
		This contig is misassembled.
		This contig is partially unaligned. (Aligned 2190 out of 2720646 non-N bases (0.08%))
			Warning! This contig is more unaligned than misassembled. Contig length is 2720646 (number of Ns: 0) and total length of all aligns is 2190
		Alignment: 4903 5134 | 1074 842 | 232 233 | 90.56 | pa_ill_pa_contig44 contig_45
		Alignment: 4403 4500 | 1574 1477 | 98 98 | 96.94 | pa_ill_pa_contig44 contig_45
		Alignment: 1397 1503 | 4622 4516 | 107 107 | 96.26 | pa_ill_pa_contig44 contig_45
		Alignment: 4903 5134 | 114558 114326 | 232 233 | 90.56 | pa_ill_pa_contig44 contig_45
		Alignment: 4403 4500 | 115058 114961 | 98 98 | 96.94 | pa_ill_pa_contig44 contig_45
		Alignment: 1397 1503 | 118061 117955 | 107 107 | 96.26 | pa_ill_pa_contig44 contig_45
		Alignment: 1397 1503 | 1175522 1175628 | 107 107 | 96.26 | pa_ill_pa_contig44 contig_45
		Alignment: 4403 4500 | 1178540 1178637 | 98 98 | 96.94 | pa_ill_pa_contig44 contig_45
		Alignment: 4903 5134 | 1179040 1179272 | 232 233 | 90.56 | pa_ill_pa_contig44 contig_45
		Alignment: 1397 1503 | 1220159 1220265 | 107 107 | 96.26 | pa_ill_pa_contig44 contig_45
		Alignment: 4403 4500 | 1223120 1223217 | 98 98 | 96.94 | pa_ill_pa_contig44 contig_45
		Alignment: 4903 5134 | 1223620 1223852 | 232 233 | 90.56 | pa_ill_pa_contig44 contig_45
		Alignment: 1397 1503 | 1225418 1225524 | 107 107 | 96.26 | pa_ill_pa_contig44 contig_45
		Alignment: 4403 4500 | 1228345 1228442 | 98 98 | 96.94 | pa_ill_pa_contig44 contig_45
		Alignment: 4903 5134 | 1228845 1229077 | 232 233 | 90.56 | pa_ill_pa_contig44 contig_45
		Unaligned bases: 2718456

CONTIG: contig_50 (2845346bp)
Best alignment score: 129.0 (LEN: 142, IDY: 90.85), Total number of alignments: 12
			Looking for the best set of alignments (out of 12 total alignments)
			Skipping redundant alignments after choosing the best set of alignments
		Skipping redundant alignment 1200 1338 | 684303 684441 | 139 139 | 91.37 | pa_ill_pa_contig44 contig_50
		Skipping redundant alignment 1397 1538 | 684501 684642 | 142 142 | 90.85 | pa_ill_pa_contig44 contig_50
		Skipping redundant alignment 4406 4500 | 687393 687487 | 95 95 | 96.84 | pa_ill_pa_contig44 contig_50
		Skipping redundant alignment 1200 1338 | 1303525 1303663 | 139 139 | 91.37 | pa_ill_pa_contig44 contig_50
		Skipping redundant alignment 1397 1538 | 1303723 1303864 | 142 142 | 90.85 | pa_ill_pa_contig44 contig_50
		Skipping redundant alignment 4406 4500 | 1306615 1306709 | 95 95 | 96.84 | pa_ill_pa_contig44 contig_50
		Skipping redundant alignment 4406 4500 | 2812070 2811976 | 95 95 | 96.84 | pa_ill_pa_contig44 contig_50
		Skipping redundant alignment 1397 1538 | 2814860 2814719 | 142 142 | 90.85 | pa_ill_pa_contig44 contig_50
		Skipping redundant alignment 1200 1338 | 2815058 2814920 | 139 139 | 91.37 | pa_ill_pa_contig44 contig_50
		This contig has several significant sets of alignments. [An ambiguously mapped contig]
		Using only the very best set (option --ambiguity-usage is set to "one").
			The best set is below. Score: 324.0, number of alignments: 3, unaligned bases: 2844970
		This contig is misassembled.
		This contig is partially unaligned. (Aligned 376 out of 2845346 non-N bases (0.01%))
			Warning! This contig is more unaligned than misassembled. Contig length is 2845346 (number of Ns: 0) and total length of all aligns is 376
		Alignment: 1200 1338 | 241189 241327 | 139 139 | 91.37 | pa_ill_pa_contig44 contig_50
		Alignment: 1397 1538 | 241387 241528 | 142 142 | 90.85 | pa_ill_pa_contig44 contig_50
		Alignment: 4406 4500 | 244177 244271 | 95 95 | 96.84 | pa_ill_pa_contig44 contig_50
		Unaligned bases: 2844970

Analyzing coverage...
Writing SNPs into /media3/lucia/zymo_mock_community/asms_cuantizados/v6_27-2-21_1bin/metaquast-1bin-v2/runs_per_reference/pa_ill/contigs_reports/minimap_output/r10_1bin_v2_2_racon_r2.used_snps.gz

Analysis is finished!
Founded SNPs were written into /media3/lucia/zymo_mock_community/asms_cuantizados/v6_27-2-21_1bin/metaquast-1bin-v2/runs_per_reference/pa_ill/contigs_reports/minimap_output/r10_1bin_v2_2_racon_r2.used_snps.gz

Results:
	Local Misassemblies: 11
	Misassemblies: 6
		Relocations: 0
		Translocations: 6
		Inversions: 0
	Scaffold gap extensive misassemblies: 0
	Scaffold gap local misassemblies: 0
	Misassemblies caused by fragmented reference: 21
	Misassembled Contigs: 1
	Misassembled Contig Bases: 6791665
	Misassemblies Inter-Contig Overlap: 0
Unaligned Contigs: 0 + 8 part
Half Unaligned Contigs with Misassemblies: 6
Unaligned Contig Bases: 24026387

Ambiguously Mapped Contigs: 2
Total Bases in Ambiguously Mapped Contigs: 7609968
Extra Bases in Ambiguously Mapped Contigs: 0
Note that --allow-ambiguity option was set to "one" and only first alignment per each of these contigs was used.

	Covered Bases: 6720877

	SNPs: 3859
	Insertions: 364
	Deletions: 5694

