Aligning contigs to reference...
	Aligning contigs to the reference
Filtering alignments...
Parsing coords...
Loading reference...
	Loaded [pa_ill_pa_contig77]
	Loaded [pa_ill_pa_contig76]
	Loaded [pa_ill_pa_contig75]
	Loaded [pa_ill_pa_contig74]
	Loaded [pa_ill_pa_contig73]
	Loaded [pa_ill_pa_contig72]
	Loaded [pa_ill_pa_contig71]
	Loaded [pa_ill_pa_contig70]
	Loaded [pa_ill_pa_contig23]
	Loaded [pa_ill_pa_contig21]
	Loaded [pa_ill_pa_contig28]
	Loaded [pa_ill_pa_contig79]
	Loaded [pa_ill_pa_contig78]
	Loaded [pa_ill_pa_contig32]
	Loaded [pa_ill_pa_contig8]
	Loaded [pa_ill_pa_contig41]
	Loaded [pa_ill_pa_contig47]
	Loaded [pa_ill_pa_contig4]
	Loaded [pa_ill_pa_contig13]
	Loaded [pa_ill_pa_contig11]
	Loaded [pa_ill_pa_contig10]
	Loaded [pa_ill_pa_contig39]
	Loaded [pa_ill_pa_contig12]
	Loaded [pa_ill_pa_contig59]
	Loaded [pa_ill_pa_contig14]
	Loaded [pa_ill_pa_contig17]
	Loaded [pa_ill_pa_contig16]
	Loaded [pa_ill_pa_contig55]
	Loaded [pa_ill_pa_contig54]
	Loaded [pa_ill_pa_contig31]
	Loaded [pa_ill_pa_contig56]
	Loaded [pa_ill_pa_contig51]
	Loaded [pa_ill_pa_contig50]
	Loaded [pa_ill_pa_contig35]
	Loaded [pa_ill_pa_contig34]
	Loaded [pa_ill_pa_contig60]
	Loaded [pa_ill_pa_contig61]
	Loaded [pa_ill_pa_contig62]
	Loaded [pa_ill_pa_contig63]
	Loaded [pa_ill_pa_contig64]
	Loaded [pa_ill_pa_contig65]
	Loaded [pa_ill_pa_contig66]
	Loaded [pa_ill_pa_contig67]
	Loaded [pa_ill_pa_contig68]
	Loaded [pa_ill_pa_contig69]
	Loaded [pa_ill_pa_contig80]
	Loaded [pa_ill_pa_contig81]
	Loaded [pa_ill_pa_contig84]
	Loaded [pa_ill_pa_contig19]
	Loaded [pa_ill_pa_contig83]
	Loaded [pa_ill_pa_contig2]
	Loaded [pa_ill_pa_contig18]
	Loaded [pa_ill_pa_contig5]
	Loaded [pa_ill_pa_contig57]
	Loaded [pa_ill_pa_contig58]
	Loaded [pa_ill_pa_contig15]
	Loaded [pa_ill_pa_contig1]
	Loaded [pa_ill_pa_contig45]
	Loaded [pa_ill_pa_contig3]
	Loaded [pa_ill_pa_contig30]
	Loaded [pa_ill_pa_contig33]
	Loaded [pa_ill_pa_contig38]
	Loaded [pa_ill_pa_contig7]
	Loaded [pa_ill_pa_contig6]
	Loaded [pa_ill_pa_contig9]
	Loaded [pa_ill_pa_contig37]
	Loaded [pa_ill_pa_contig36]
	Loaded [pa_ill_pa_contig24]
	Loaded [pa_ill_pa_contig25]
	Loaded [pa_ill_pa_contig26]
	Loaded [pa_ill_pa_contig27]
	Loaded [pa_ill_pa_contig20]
	Loaded [pa_ill_pa_contig53]
	Loaded [pa_ill_pa_contig48]
	Loaded [pa_ill_pa_contig49]
	Loaded [pa_ill_pa_contig46]
	Loaded [pa_ill_pa_contig22]
	Loaded [pa_ill_pa_contig44]
	Loaded [pa_ill_pa_contig52]
	Loaded [pa_ill_pa_contig42]
	Loaded [pa_ill_pa_contig43]
	Loaded [pa_ill_pa_contig40]
	Loaded [pa_ill_pa_contig29]
	Total Regions: 83
	Total Region Length: 6728151
Analyzing contigs...
CONTIG: contig_165 (6792152bp)
Best alignment score: 847621.0 (LEN: 847621, IDY: 100.00), Total number of alignments: 156
			Too much alignments (156), will use speed up heuristics
			Found 104 solid alignments:
		Solid alignment 1 2207 | 3 2209 | 2207 2207 | 99.5 | pa_ill_pa_contig55 contig_165
		Solid alignment 1 47071 | 49958 2888 | 47071 47071 | 100.0 | pa_ill_pa_contig35 contig_165
		Solid alignment 1 266935 | 50568 317503 | 266935 266936 | 100.0 | pa_ill_pa_contig6 contig_165
		Solid alignment 1 111253 | 428711 317463 | 111253 111249 | 99.98 | pa_ill_pa_contig20 contig_165
		Solid alignment 1 5507 | 434163 428657 | 5507 5507 | 99.47 | pa_ill_pa_contig45 contig_165
		Solid alignment 1 118702 | 434109 552803 | 118702 118695 | 99.98 | pa_ill_pa_contig19 contig_165
		Solid alignment 1 1237 | 554532 553296 | 1237 1237 | 99.68 | pa_ill_pa_contig65 contig_165
		Solid alignment 1 944 | 555421 554478 | 944 944 | 98.83 | pa_ill_pa_contig71 contig_165
		Solid alignment 1 23992 | 556069 580060 | 23992 23992 | 100.0 | pa_ill_pa_contig40 contig_165
		Solid alignment 1 1468 | 580006 581473 | 1468 1468 | 99.93 | pa_ill_pa_contig62 contig_165
		Solid alignment 1 56682 | 581419 638100 | 56682 56682 | 100.0 | pa_ill_pa_contig30 contig_165
		Solid alignment 1 927 | 638046 638972 | 927 927 | 97.63 | pa_ill_pa_contig73 contig_165
		Solid alignment 1 204999 | 843803 638918 | 204999 204886 | 99.94 | pa_ill_pa_contig12 contig_165
		Solid alignment 1 1492 | 843749 845240 | 1492 1492 | 99.87 | pa_ill_pa_contig61 contig_165
		Solid alignment 1 106796 | 845186 951981 | 106796 106796 | 100.0 | pa_ill_pa_contig21 contig_165
		Solid alignment 1 1258 | 953184 951927 | 1258 1258 | 99.52 | pa_ill_pa_contig64 contig_165
		Solid alignment 1 34671 | 953130 987839 | 34671 34710 | 99.86 | pa_ill_pa_contig15 contig_165
		Solid alignment 34236 173697 | 987459 1127003 | 139462 139545 | 99.93 | pa_ill_pa_contig15 contig_165
		Solid alignment 1 1028 | 1128781 1127754 | 1028 1028 | 99.81 | pa_ill_pa_contig68 contig_165
		Solid alignment 1 1028 | 1131965 1130938 | 1028 1028 | 99.51 | pa_ill_pa_contig68 contig_165
		Solid alignment 1 1661 | 1133571 1131911 | 1661 1661 | 100.0 | pa_ill_pa_contig59 contig_165
		Solid alignment 1 1682 | 1133517 1135198 | 1682 1682 | 99.52 | pa_ill_pa_contig58 contig_165
		Solid alignment 1 4971 | 1135144 1140114 | 4971 4971 | 100.0 | pa_ill_pa_contig46 contig_165
		Solid alignment 1 1682 | 1140060 1141741 | 1682 1682 | 99.76 | pa_ill_pa_contig58 contig_165
		Solid alignment 1 3238 | 1141687 1144924 | 3238 3238 | 100.0 | pa_ill_pa_contig50 contig_165
		Solid alignment 1 799 | 1144870 1145668 | 799 799 | 99.12 | pa_ill_pa_contig75 contig_165
		Solid alignment 1 6148 | 1152515 1146358 | 6148 6158 | 99.81 | pa_ill_pa_contig43 contig_165
		Solid alignment 1 799 | 1152461 1153259 | 799 799 | 98.62 | pa_ill_pa_contig75 contig_165
		Solid alignment 1 68331 | 1153949 1222278 | 68331 68330 | 99.99 | pa_ill_pa_contig28 contig_165
		Solid alignment 1 985 | 1222224 1223208 | 985 985 | 98.48 | pa_ill_pa_contig69 contig_165
		Solid alignment 1 30768 | 1253921 1223154 | 30768 30768 | 99.97 | pa_ill_pa_contig38 contig_165
		Solid alignment 1235 3722 | 1256354 1253867 | 2488 2488 | 99.44 | pa_ill_pa_contig48 contig_165
		Solid alignment 1 1079 | 1257588 1256510 | 1079 1079 | 99.54 | pa_ill_pa_contig48 contig_165
		Solid alignment 1 6590 | 1257534 1264122 | 6590 6589 | 99.8 | pa_ill_pa_contig42 contig_165
		Solid alignment 1 3064 | 1267131 1264068 | 3064 3064 | 99.28 | pa_ill_pa_contig51 contig_165
		Solid alignment 1 26794 | 1267077 1293871 | 26794 26795 | 100.0 | pa_ill_pa_contig39 contig_165
		Solid alignment 1 258570 | 1552930 1294365 | 258570 258566 | 99.99 | pa_ill_pa_contig8 contig_165
		Solid alignment 1 944 | 1552876 1553818 | 944 943 | 99.26 | pa_ill_pa_contig71 contig_165
		Solid alignment 1 1237 | 1553764 1555000 | 1237 1237 | 95.64 | pa_ill_pa_contig65 contig_165
		Solid alignment 1 191344 | 1555493 1746816 | 191344 191324 | 99.98 | pa_ill_pa_contig13 contig_165
		Solid alignment 1 1197 | 1747958 1746762 | 1197 1197 | 99.83 | pa_ill_pa_contig67 contig_165
		Solid alignment 1 86455 | 1747943 1834384 | 86455 86442 | 99.98 | pa_ill_pa_contig25 contig_165
		Solid alignment 161 249467 | 1834330 2083629 | 249307 249300 | 99.99 | pa_ill_pa_contig9 contig_165
		Solid alignment 1 2531 | 2086524 2083994 | 2531 2531 | 99.84 | pa_ill_pa_contig53 contig_165
		Solid alignment 1 929 | 2087581 2086652 | 929 930 | 99.25 | pa_ill_pa_contig72 contig_165
		Solid alignment 1 121067 | 2213372 2092305 | 121067 121068 | 100.0 | pa_ill_pa_contig17 contig_165
		Solid alignment 1 56007 | 2213634 2269640 | 56007 56007 | 100.0 | pa_ill_pa_contig32 contig_165
		Solid alignment 1 1258 | 2270843 2269586 | 1258 1258 | 99.84 | pa_ill_pa_contig64 contig_165
		Solid alignment 247199 542364 | 2565947 2270789 | 295166 295159 | 99.99 | pa_ill_pa_contig2 contig_165
		Solid alignment 1 247386 | 2813027 2565645 | 247386 247383 | 99.99 | pa_ill_pa_contig2 contig_165
		Solid alignment 1 3774 | 2817231 2813458 | 3774 3774 | 100.0 | pa_ill_pa_contig47 contig_165
		Solid alignment 1 929 | 2817745 2818672 | 929 928 | 98.17 | pa_ill_pa_contig72 contig_165
		Solid alignment 1 2549 | 2818800 2821348 | 2549 2549 | 100.0 | pa_ill_pa_contig52 contig_165
		Solid alignment 1 404310 | 3226017 2821707 | 404310 404311 | 100.0 | pa_ill_pa_contig4 contig_165
		Solid alignment 1 1468 | 3225963 3227430 | 1468 1468 | 100.0 | pa_ill_pa_contig62 contig_165
		Solid alignment 1 122468 | 3227376 3349845 | 122468 122470 | 100.0 | pa_ill_pa_contig16 contig_165
		Solid alignment 1 53273 | 3403531 3350260 | 53273 53272 | 99.99 | pa_ill_pa_contig33 contig_165
		Solid alignment 41099 76514 | 3439439 3404025 | 35416 35415 | 99.98 | pa_ill_pa_contig26 contig_165
		Solid alignment 1 41228 | 3480424 3439198 | 41228 41227 | 99.99 | pa_ill_pa_contig26 contig_165
		Solid alignment 1 846 | 3481188 3480349 | 846 840 | 90.05 | pa_ill_pa_contig20 contig_165
		Solid alignment 1 5507 | 3486640 3481134 | 5507 5507 | 99.84 | pa_ill_pa_contig45 contig_165
		Solid alignment 1 68413 | 3486586 3555000 | 68413 68415 | 99.99 | pa_ill_pa_contig27 contig_165
		Solid alignment 1 5713 | 3560661 3554946 | 5713 5716 | 99.91 | pa_ill_pa_contig44 contig_165
		Solid alignment 1 87995 | 3648599 3560607 | 87995 87993 | 100.0 | pa_ill_pa_contig24 contig_165
		Solid alignment 1 1197 | 3648545 3649741 | 1197 1197 | 99.75 | pa_ill_pa_contig67 contig_165
		Solid alignment 1 294591 | 3649687 3944275 | 294591 294589 | 100.0 | pa_ill_pa_contig5 contig_165
		Solid alignment 1 927 | 3944221 3945147 | 927 927 | 99.89 | pa_ill_pa_contig73 contig_165
		Solid alignment 1 35776 | 3945093 3980868 | 35776 35776 | 100.0 | pa_ill_pa_contig37 contig_165
		Solid alignment 1 2207 | 3983944 3981738 | 2207 2207 | 99.82 | pa_ill_pa_contig55 contig_165
		Solid alignment 1 232544 | 3983890 4216456 | 232544 232567 | 99.98 | pa_ill_pa_contig10 contig_165
		Solid alignment 1 1874 | 4216329 4218202 | 1874 1874 | 100.0 | pa_ill_pa_contig57 contig_165
		Solid alignment 232388 237415 | 4218047 4223073 | 5028 5027 | 99.96 | pa_ill_pa_contig10 contig_165
		Solid alignment 1235 3722 | 4225506 4223019 | 2488 2488 | 99.6 | pa_ill_pa_contig48 contig_165
		Solid alignment 1 1079 | 4226740 4225662 | 1079 1079 | 99.81 | pa_ill_pa_contig48 contig_165
		Solid alignment 1 956 | 4226686 4227641 | 956 956 | 100.0 | pa_ill_pa_contig70 contig_165
		Solid alignment 1 3064 | 4230650 4227587 | 3064 3064 | 99.71 | pa_ill_pa_contig51 contig_165
		Solid alignment 92967 210873 | 4348502 4230596 | 117907 117907 | 99.99 | pa_ill_pa_contig11 contig_165
		Solid alignment 1 93281 | 4441359 4348078 | 93281 93282 | 99.99 | pa_ill_pa_contig11 contig_165
		Solid alignment 1 985 | 4441305 4442289 | 985 985 | 99.49 | pa_ill_pa_contig69 contig_165
		Solid alignment 1 48969 | 4442235 4491203 | 48969 48969 | 99.99 | pa_ill_pa_contig34 contig_165
		Solid alignment 1 5713 | 4491149 4496861 | 5713 5713 | 99.93 | pa_ill_pa_contig44 contig_165
		Solid alignment 1 106324 | 4603131 4496807 | 106324 106325 | 100.0 | pa_ill_pa_contig22 contig_165
		Solid alignment 1 90153 | 4693659 4603507 | 90153 90153 | 100.0 | pa_ill_pa_contig23 contig_165
		Solid alignment 1 1197 | 4693605 4694801 | 1197 1197 | 99.83 | pa_ill_pa_contig67 contig_165
		Solid alignment 1 465790 | 4694747 5160400 | 465790 465654 | 99.97 | pa_ill_pa_contig3 contig_165
		Solid alignment 1 2514 | 5160346 5162859 | 2514 2514 | 99.72 | pa_ill_pa_contig54 contig_165
		Solid alignment 1 868 | 5163311 5164178 | 868 868 | 99.54 | pa_ill_pa_contig74 contig_165
		Solid alignment 1 119004 | 5164982 5283984 | 119004 119003 | 100.0 | pa_ill_pa_contig18 contig_165
		Solid alignment 1 5713 | 5283930 5289642 | 5713 5713 | 100.0 | pa_ill_pa_contig44 contig_165
		Solid alignment 1 1405 | 5291885 5290481 | 1405 1405 | 90.74 | pa_ill_pa_contig12 contig_165
		Solid alignment 1 1492 | 5291831 5293322 | 1492 1492 | 100.0 | pa_ill_pa_contig61 contig_165
		Solid alignment 1 21904 | 5293268 5315170 | 21904 21903 | 100.0 | pa_ill_pa_contig41 contig_165
		Solid alignment 1 868 | 5316698 5315825 | 868 874 | 98.4 | pa_ill_pa_contig74 contig_165
		Solid alignment 1 2514 | 5319633 5317150 | 2514 2484 | 97.11 | pa_ill_pa_contig54 contig_165
		Solid alignment 132 56432 | 5375878 5319579 | 56301 56300 | 99.93 | pa_ill_pa_contig31 contig_165
		Solid alignment 1 187635 | 5377948 5565579 | 187635 187632 | 100.0 | pa_ill_pa_contig14 contig_165
		Solid alignment 1 265097 | 5566424 5831519 | 265097 265096 | 100.0 | pa_ill_pa_contig7 contig_165
		Solid alignment 1 1538 | 5831970 5833507 | 1538 1538 | 100.0 | pa_ill_pa_contig60 contig_165
		Solid alignment 1 3511 | 5837390 5833880 | 3511 3511 | 100.0 | pa_ill_pa_contig49 contig_165
		Solid alignment 1 38146 | 5837979 5876124 | 38146 38146 | 100.0 | pa_ill_pa_contig36 contig_165
		Solid alignment 1 5713 | 5876070 5881783 | 5713 5714 | 99.96 | pa_ill_pa_contig44 contig_165
		Solid alignment 1 61716 | 5881729 5943444 | 61716 61716 | 100.0 | pa_ill_pa_contig29 contig_165
		Solid alignment 1 1197 | 5944586 5943390 | 1197 1197 | 99.08 | pa_ill_pa_contig67 contig_165
		Solid alignment 56 847683 | 6792152 5944532 | 847628 847621 | 100.0 | pa_ill_pa_contig1 contig_165
			Skipping alignments located inside solid regions since they are redundant:
		Skipping redundant alignment 2663 2766 | 49705 49808 | 104 104 | 91.35 | pa_ill_pa_contig6 contig_165
		Skipping redundant alignment 468678 468746 | 317449 317517 | 69 69 | 100.0 | pa_ill_pa_contig2 contig_165
		Skipping redundant alignment 39244 39312 | 317449 317517 | 69 69 | 100.0 | pa_ill_pa_contig17 contig_165
		Skipping redundant alignment 39053 39121 | 317449 317517 | 69 69 | 100.0 | pa_ill_pa_contig17 contig_165
		Skipping redundant alignment 1 94 | 1747904 1747997 | 94 94 | 100.0 | pa_ill_pa_contig23 contig_165
		Skipping redundant alignment 847590 847683 | 1747997 1747904 | 94 94 | 100.0 | pa_ill_pa_contig1 contig_165
		Skipping redundant alignment 1 97 | 1747904 1748000 | 97 97 | 98.97 | pa_ill_pa_contig24 contig_165
		Skipping redundant alignment 56166 56348 | 3350395 3350577 | 183 183 | 94.54 | pa_ill_pa_contig20 contig_165
			Looking for the best set of alignments (out of 148 total alignments)
		Ambiguity for this contig is not checked for speed up (too much alignments and --ambiguity-usage is "one")
			Skipping redundant alignments after choosing the best set of alignments
		Skipping redundant alignment 1105 1184 | 5376600 5376521 | 80 80 | 92.5 | pa_ill_pa_contig31 contig_165
		Skipping redundant alignment 2771 3517 | 49813 50559 | 747 747 | 94.78 | pa_ill_pa_contig6 contig_165
		Skipping redundant alignment 176 337 | 5376800 5376639 | 162 162 | 91.36 | pa_ill_pa_contig31 contig_165
		Skipping redundant alignment 104 348 | 5377595 5377351 | 245 245 | 91.43 | pa_ill_pa_contig31 contig_165
		Skipping redundant alignment 3381 3503 | 5831884 5831762 | 123 123 | 91.87 | pa_ill_pa_contig49 contig_165
		Skipping redundant alignment 264591 265097 | 5833139 5833645 | 507 507 | 93.14 | pa_ill_pa_contig7 contig_165
		Skipping redundant alignment 419 580 | 5376800 5376639 | 162 162 | 91.36 | pa_ill_pa_contig31 contig_165
		Skipping redundant alignment 264617 265097 | 5837048 5837528 | 481 481 | 92.36 | pa_ill_pa_contig7 contig_165
		Skipping redundant alignment 1578 1661 | 1128810 1128727 | 84 84 | 90.48 | pa_ill_pa_contig59 contig_165
		Skipping redundant alignment 1136 1458 | 1129252 1128930 | 323 323 | 96.28 | pa_ill_pa_contig59 contig_165
		Skipping redundant alignment 951 1065 | 1129437 1129323 | 115 115 | 93.91 | pa_ill_pa_contig59 contig_165
		Skipping redundant alignment 710 950 | 1129679 1129439 | 241 241 | 92.53 | pa_ill_pa_contig59 contig_165
		Skipping redundant alignment 1 1235 | 2089329 2088095 | 1235 1235 | 99.92 | pa_ill_pa_contig66 contig_165
		Skipping redundant alignment 1 2072 | 2091874 2089803 | 2072 2072 | 99.52 | pa_ill_pa_contig56 contig_165
		Skipping redundant alignment 401 476 | 2213321 2213396 | 76 76 | 100.0 | pa_ill_pa_contig9 contig_165
		Skipping redundant alignment 99 178 | 2213439 2213518 | 80 80 | 98.75 | pa_ill_pa_contig32 contig_165
		Skipping redundant alignment 401 477 | 2213612 2213688 | 77 77 | 100.0 | pa_ill_pa_contig9 contig_165
		Skipping redundant alignment 55696 56158 | 3349925 3350387 | 463 463 | 95.25 | pa_ill_pa_contig20 contig_165
		Skipping redundant alignment 2820 3940 | 3350551 3349431 | 1121 1121 | 90.51 | pa_ill_pa_contig6 contig_165
		Skipping redundant alignment 46729 47071 | 3980718 3981060 | 343 343 | 97.67 | pa_ill_pa_contig35 contig_165
		Skipping redundant alignment 1099 1184 | 5375880 5375795 | 86 86 | 91.86 | pa_ill_pa_contig31 contig_165
		Skipping redundant alignment 354 504 | 5375899 5375749 | 151 151 | 90.73 | pa_ill_pa_contig31 contig_165
		Skipping redundant alignment 117 348 | 5376133 5375902 | 232 232 | 90.52 | pa_ill_pa_contig31 contig_165
		Skipping redundant alignment 590 763 | 5376389 5376216 | 174 174 | 93.1 | pa_ill_pa_contig31 contig_165
			The best set is below. Score: 6776593.0, number of alignments: 124, unaligned bases: 11369
		This contig is misassembled.
		This contig is partially unaligned. (Aligned 6780783 out of 6792152 non-N bases (99.83%))
			Real Alignment 1: 1 2207 | 3 2209 | 2207 2207 | 99.5 | pa_ill_pa_contig55 contig_165
			  Not a misassembly [fragmentation of reference genome] between these two alignments
			Real Alignment 2: 1 47071 | 49958 2888 | 47071 47071 | 100.0 | pa_ill_pa_contig35 contig_165
			  Not a misassembly [fragmentation of reference genome] between these two alignments
			Excluding internal overlap of size 41 between Alignment 3 and 4: 1 111253 | 428711 317463 | 111253 111249 --> 1 111212 | 428711 317504 | 111212 111208
			Real Alignment 3: 1 266935 | 50568 317503 | 266935 266936 | 100.0 | pa_ill_pa_contig6 contig_165
			  Indel (> 5bp) between these two alignments: deletion of length 41; 0 mismatches (number of Ns: 0) [fragmentation of reference genome]
			Excluding internal overlap of size 55 between Alignment 4 and 5: 1 5507 | 434163 428657 | 5507 5507 --> 1 5452 | 434163 428712 | 5452 5452
			Real Alignment 4: 1 111212 | 428711 317504 | 111212 111208 | 99.98 | pa_ill_pa_contig20 contig_165
			  Indel (> 5bp) between these two alignments: deletion of length 55; 0 mismatches (number of Ns: 0) [fragmentation of reference genome]
			Excluding internal overlap of size 55 between Alignment 5 and 6: 1 5452 | 434163 428712 | 5452 5452 --> 56 5452 | 434108 428712 | 5397 5397
			Real Alignment 5: 56 5452 | 434108 428712 | 5397 5397 | 99.47 | pa_ill_pa_contig45 contig_165
			  Indel (> 5bp) between these two alignments: deletion of length 55; 0 mismatches (number of Ns: 0) [fragmentation of reference genome]
			Excluding internal overlap of size 55 between Alignment 6 and 7: 1 602 | 552749 553350 | 602 602 --> 56 602 | 552804 553350 | 547 547
			Real Alignment 6: 1 118702 | 434109 552803 | 118702 118695 | 99.98 | pa_ill_pa_contig19 contig_165
			  Indel (> 5bp) between these two alignments: deletion of length 55; 0 mismatches (number of Ns: 0) [fragmentation of reference genome]
			Excluding internal overlap of size 55 between Alignment 7 and 8: 56 602 | 552804 553350 | 547 547 --> 56 547 | 552804 553295 | 492 492
			Real Alignment 7: 56 547 | 552804 553295 | 492 492 | 99.34 | pa_ill_pa_contig80 contig_165
			  Indel (> 5bp) between these two alignments: deletion of length 55; 0 mismatches (number of Ns: 0) [fragmentation of reference genome]
			Excluding internal overlap of size 55 between Alignment 8 and 9: 1 944 | 555421 554478 | 944 944 --> 1 889 | 555421 554533 | 889 889
			Real Alignment 8: 1 1237 | 554532 553296 | 1237 1237 | 99.68 | pa_ill_pa_contig65 contig_165
			  Indel (> 5bp) between these two alignments: deletion of length 55; 0 mismatches (number of Ns: 0) [fragmentation of reference genome]
			Excluding internal overlap of size 55 between Alignment 9 and 10: 1 838 | 555367 556204 | 838 838 --> 56 838 | 555422 556204 | 783 783
			Real Alignment 9: 1 889 | 555421 554533 | 889 889 | 98.83 | pa_ill_pa_contig71 contig_165
			  Indel (> 5bp) between these two alignments: deletion of length 55; 0 mismatches (number of Ns: 0) [fragmentation of reference genome]
			Excluding internal overlap of size 136 between Alignment 10 and 11: 56 838 | 555422 556204 | 783 783 --> 56 702 | 555422 556068 | 647 647
			Real Alignment 10: 56 702 | 555422 556068 | 647 647 | 99.05 | pa_ill_pa_contig8 contig_165
			  Extensive misassembly (translocation) between these two alignments
			Excluding internal overlap of size 55 between Alignment 11 and 12: 1 1468 | 580006 581473 | 1468 1468 --> 56 1468 | 580061 581473 | 1413 1413
			Real Alignment 11: 1 23992 | 556069 580060 | 23992 23992 | 100.0 | pa_ill_pa_contig40 contig_165
			  Indel (> 5bp) between these two alignments: deletion of length 55; 0 mismatches (number of Ns: 0) [fragmentation of reference genome]
			Excluding internal overlap of size 55 between Alignment 12 and 13: 56 1468 | 580061 581473 | 1413 1413 --> 56 1413 | 580061 581418 | 1358 1358
			Real Alignment 12: 56 1413 | 580061 581418 | 1358 1358 | 99.93 | pa_ill_pa_contig62 contig_165
			  Indel (> 5bp) between these two alignments: deletion of length 55; 0 mismatches (number of Ns: 0) [fragmentation of reference genome]
			Excluding internal overlap of size 55 between Alignment 13 and 14: 1 927 | 638046 638972 | 927 927 --> 56 927 | 638101 638972 | 872 872
			Real Alignment 13: 1 56682 | 581419 638100 | 56682 56682 | 100.0 | pa_ill_pa_contig30 contig_165
			  Indel (> 5bp) between these two alignments: deletion of length 55; 0 mismatches (number of Ns: 0) [fragmentation of reference genome]
			Excluding internal overlap of size 55 between Alignment 14 and 15: 56 927 | 638101 638972 | 872 872 --> 56 872 | 638101 638917 | 817 817
			Real Alignment 14: 56 872 | 638101 638917 | 817 817 | 97.63 | pa_ill_pa_contig73 contig_165
			  Indel (> 5bp) between these two alignments: deletion of length 55; 0 mismatches (number of Ns: 0) [fragmentation of reference genome]
			Excluding internal overlap of size 55 between Alignment 15 and 16: 1 1492 | 843749 845240 | 1492 1492 --> 56 1492 | 843804 845240 | 1437 1437
			Real Alignment 15: 1 204999 | 843803 638918 | 204999 204886 | 99.94 | pa_ill_pa_contig12 contig_165
			  Indel (> 5bp) between these two alignments: deletion of length 55; 0 mismatches (number of Ns: 0) [fragmentation of reference genome]
			Excluding internal overlap of size 55 between Alignment 16 and 17: 56 1492 | 843804 845240 | 1437 1437 --> 56 1437 | 843804 845185 | 1382 1382
			Real Alignment 16: 56 1437 | 843804 845185 | 1382 1382 | 99.87 | pa_ill_pa_contig61 contig_165
			  Indel (> 5bp) between these two alignments: deletion of length 55; 0 mismatches (number of Ns: 0) [fragmentation of reference genome]
			Excluding internal overlap of size 55 between Alignment 17 and 18: 1 1258 | 953184 951927 | 1258 1258 --> 1 1203 | 953184 951982 | 1203 1203
			Real Alignment 17: 1 106796 | 845186 951981 | 106796 106796 | 100.0 | pa_ill_pa_contig21 contig_165
			  Indel (> 5bp) between these two alignments: deletion of length 55; 0 mismatches (number of Ns: 0) [fragmentation of reference genome]
			Excluding internal overlap of size 55 between Alignment 18 and 19: 1 1203 | 953184 951982 | 1203 1203 --> 56 1203 | 953129 951982 | 1148 1148
			Real Alignment 18: 56 1203 | 953129 951982 | 1148 1148 | 99.52 | pa_ill_pa_contig64 contig_165
			  Indel (> 5bp) between these two alignments: deletion of length 55; 0 mismatches (number of Ns: 0) [fragmentation of reference genome]
			Excluding internal overlap of size 381 between Alignment 19 and 20: 1 34671 | 953130 987839 | 34671 34710 --> 1 34328 | 953130 987458 | 34328 34329
			Real Alignment 19: 1 34328 | 953130 987458 | 34328 34329 | 99.86 | pa_ill_pa_contig15 contig_165
			  Overlap between these two alignments (local misassembly). Inconsistency = -93
			Excluding internal overlap of size 55 between Alignment 20 and 21: 1 690 | 1126949 1127638 | 690 690 --> 56 690 | 1127004 1127638 | 635 635
			Real Alignment 20: 34236 173697 | 987459 1127003 | 139462 139545 | 99.93 | pa_ill_pa_contig15 contig_165
			  Indel (> 5bp) between these two alignments: deletion of length 55; 0 mismatches (number of Ns: 0) [fragmentation of reference genome]
			Real Alignment 21: 56 690 | 1127004 1127638 | 635 635 | 100.0 | pa_ill_pa_contig76 contig_165
			  Not a misassembly [fragmentation of reference genome] between these two alignments
			Real Alignment 22: 1 1028 | 1128781 1127754 | 1028 1028 | 99.81 | pa_ill_pa_contig68 contig_165
			  Not a misassembly [fragmentation of reference genome] between these two alignments
			Excluding internal overlap of size 55 between Alignment 23 and 24: 1 647 | 1129541 1130187 | 647 647 --> 1 592 | 1129541 1130132 | 592 592
			Real Alignment 23: 1 592 | 1129541 1130132 | 592 592 | 100.0 | pa_ill_pa_contig77 contig_165
			  Indel (> 5bp) between these two alignments: deletion of length 55; 0 mismatches (number of Ns: 0) [fragmentation of reference genome]
			Real Alignment 24: 1 690 | 1130133 1130822 | 690 690 | 99.86 | pa_ill_pa_contig76 contig_165
			  Not a misassembly [fragmentation of reference genome] between these two alignments
			Excluding internal overlap of size 55 between Alignment 25 and 26: 1 1028 | 1131965 1130938 | 1028 1028 --> 56 1028 | 1131910 1130938 | 973 973
			Real Alignment 25: 56 1028 | 1131910 1130938 | 973 973 | 99.51 | pa_ill_pa_contig68 contig_165
			  Indel (> 5bp) between these two alignments: deletion of length 55; 0 mismatches (number of Ns: 0) [fragmentation of reference genome]
			Excluding internal overlap of size 55 between Alignment 26 and 27: 1 1661 | 1133571 1131911 | 1661 1661 --> 56 1661 | 1133516 1131911 | 1606 1606
			Real Alignment 26: 56 1661 | 1133516 1131911 | 1606 1606 | 100.0 | pa_ill_pa_contig59 contig_165
			  Indel (> 5bp) between these two alignments: deletion of length 55; 0 mismatches (number of Ns: 0) [fragmentation of reference genome]
			Excluding internal overlap of size 55 between Alignment 27 and 28: 1 1682 | 1133517 1135198 | 1682 1682 --> 1 1627 | 1133517 1135143 | 1627 1627
			Real Alignment 27: 1 1627 | 1133517 1135143 | 1627 1627 | 99.52 | pa_ill_pa_contig58 contig_165
			  Indel (> 5bp) between these two alignments: deletion of length 55; 0 mismatches (number of Ns: 0) [fragmentation of reference genome]
			Excluding internal overlap of size 55 between Alignment 28 and 29: 1 1682 | 1140060 1141741 | 1682 1682 --> 56 1682 | 1140115 1141741 | 1627 1627
			Real Alignment 28: 1 4971 | 1135144 1140114 | 4971 4971 | 100.0 | pa_ill_pa_contig46 contig_165
			  Indel (> 5bp) between these two alignments: deletion of length 55; 0 mismatches (number of Ns: 0) [fragmentation of reference genome]
			Excluding internal overlap of size 55 between Alignment 29 and 30: 56 1682 | 1140115 1141741 | 1627 1627 --> 56 1627 | 1140115 1141686 | 1572 1572
			Real Alignment 29: 56 1627 | 1140115 1141686 | 1572 1572 | 99.76 | pa_ill_pa_contig58 contig_165
			  Indel (> 5bp) between these two alignments: deletion of length 55; 0 mismatches (number of Ns: 0) [fragmentation of reference genome]
			Excluding internal overlap of size 55 between Alignment 30 and 31: 1 799 | 1144870 1145668 | 799 799 --> 56 799 | 1144925 1145668 | 744 744
			Real Alignment 30: 1 3238 | 1141687 1144924 | 3238 3238 | 100.0 | pa_ill_pa_contig50 contig_165
			  Indel (> 5bp) between these two alignments: deletion of length 55; 0 mismatches (number of Ns: 0) [fragmentation of reference genome]
			Real Alignment 31: 56 799 | 1144925 1145668 | 744 744 | 99.12 | pa_ill_pa_contig75 contig_165
			  Not a misassembly [fragmentation of reference genome] between these two alignments
			Excluding internal overlap of size 55 between Alignment 32 and 33: 1 799 | 1152461 1153259 | 799 799 --> 56 799 | 1152516 1153259 | 744 744
			Real Alignment 32: 1 6148 | 1152515 1146358 | 6148 6158 | 99.81 | pa_ill_pa_contig43 contig_165
			  Indel (> 5bp) between these two alignments: deletion of length 55; 0 mismatches (number of Ns: 0) [fragmentation of reference genome]
			Real Alignment 33: 56 799 | 1152516 1153259 | 744 744 | 98.62 | pa_ill_pa_contig75 contig_165
			  Not a misassembly [fragmentation of reference genome] between these two alignments
			Excluding internal overlap of size 55 between Alignment 34 and 35: 1 985 | 1222224 1223208 | 985 985 --> 56 985 | 1222279 1223208 | 930 930
			Real Alignment 34: 1 68331 | 1153949 1222278 | 68331 68330 | 99.99 | pa_ill_pa_contig28 contig_165
			  Indel (> 5bp) between these two alignments: deletion of length 55; 0 mismatches (number of Ns: 0) [fragmentation of reference genome]
			Excluding internal overlap of size 55 between Alignment 35 and 36: 56 985 | 1222279 1223208 | 930 930 --> 56 930 | 1222279 1223153 | 875 875
			Real Alignment 35: 56 930 | 1222279 1223153 | 875 875 | 98.48 | pa_ill_pa_contig69 contig_165
			  Indel (> 5bp) between these two alignments: deletion of length 55; 0 mismatches (number of Ns: 0) [fragmentation of reference genome]
			Excluding internal overlap of size 55 between Alignment 36 and 37: 1235 3722 | 1256354 1253867 | 2488 2488 --> 1235 3667 | 1256354 1253922 | 2433 2433
			Real Alignment 36: 1 30768 | 1253921 1223154 | 30768 30768 | 99.97 | pa_ill_pa_contig38 contig_165
			  Indel (> 5bp) between these two alignments: deletion of length 55; 0 mismatches (number of Ns: 0) [fragmentation of reference genome]
			Real Alignment 37: 1235 3667 | 1256354 1253922 | 2433 2433 | 99.44 | pa_ill_pa_contig48 contig_165
			  Gap between these two alignments (local misassembly). Inconsistency = 0
			Excluding internal overlap of size 55 between Alignment 38 and 39: 1 1079 | 1257588 1256510 | 1079 1079 --> 56 1079 | 1257533 1256510 | 1024 1024
			Real Alignment 38: 56 1079 | 1257533 1256510 | 1024 1024 | 99.54 | pa_ill_pa_contig48 contig_165
			  Indel (> 5bp) between these two alignments: deletion of length 55; 0 mismatches (number of Ns: 0) [fragmentation of reference genome]
			Excluding internal overlap of size 55 between Alignment 39 and 40: 1 3064 | 1267131 1264068 | 3064 3064 --> 1 3009 | 1267131 1264123 | 3009 3009
			Real Alignment 39: 1 6590 | 1257534 1264122 | 6590 6589 | 99.8 | pa_ill_pa_contig42 contig_165
			  Indel (> 5bp) between these two alignments: deletion of length 55; 0 mismatches (number of Ns: 0) [fragmentation of reference genome]
			Excluding internal overlap of size 55 between Alignment 40 and 41: 1 3009 | 1267131 1264123 | 3009 3009 --> 56 3009 | 1267076 1264123 | 2954 2954
			Real Alignment 40: 56 3009 | 1267076 1264123 | 2954 2954 | 99.28 | pa_ill_pa_contig51 contig_165
			  Indel (> 5bp) between these two alignments: deletion of length 55; 0 mismatches (number of Ns: 0) [fragmentation of reference genome]
			Excluding internal overlap of size 55 between Alignment 41 and 42: 1 603 | 1294419 1293817 | 603 603 --> 1 548 | 1294419 1293872 | 548 548
			Real Alignment 41: 1 26794 | 1267077 1293871 | 26794 26795 | 100.0 | pa_ill_pa_contig39 contig_165
			  Indel (> 5bp) between these two alignments: deletion of length 55; 0 mismatches (number of Ns: 0) [fragmentation of reference genome]
			Excluding internal overlap of size 55 between Alignment 42 and 43: 1 548 | 1294419 1293872 | 548 548 --> 56 548 | 1294364 1293872 | 493 493
			Real Alignment 42: 56 548 | 1294364 1293872 | 493 493 | 100.0 | pa_ill_pa_contig79 contig_165
			  Indel (> 5bp) between these two alignments: deletion of length 55; 0 mismatches (number of Ns: 0) [fragmentation of reference genome]
			Excluding internal overlap of size 55 between Alignment 43 and 44: 1 944 | 1552876 1553818 | 944 943 --> 56 944 | 1552931 1553818 | 889 888
			Real Alignment 43: 1 258570 | 1552930 1294365 | 258570 258566 | 99.99 | pa_ill_pa_contig8 contig_165
			  Indel (> 5bp) between these two alignments: deletion of length 55; 0 mismatches (number of Ns: 0) [fragmentation of reference genome]
			Excluding internal overlap of size 55 between Alignment 44 and 45: 56 944 | 1552931 1553818 | 889 888 --> 56 889 | 1552931 1553763 | 834 833
			Real Alignment 44: 56 889 | 1552931 1553763 | 834 833 | 99.26 | pa_ill_pa_contig71 contig_165
			  Indel (> 5bp) between these two alignments: deletion of length 55; 0 mismatches (number of Ns: 0) [fragmentation of reference genome]
			Excluding internal overlap of size 55 between Alignment 45 and 46: 1 602 | 1555547 1554946 | 602 602 --> 1 547 | 1555547 1555001 | 547 547
			Real Alignment 45: 1 1237 | 1553764 1555000 | 1237 1237 | 95.64 | pa_ill_pa_contig65 contig_165
			  Indel (> 5bp) between these two alignments: deletion of length 55; 0 mismatches (number of Ns: 0) [fragmentation of reference genome]
			Excluding internal overlap of size 55 between Alignment 46 and 47: 1 547 | 1555547 1555001 | 547 547 --> 56 547 | 1555492 1555001 | 492 492
			Real Alignment 46: 56 547 | 1555492 1555001 | 492 492 | 99.17 | pa_ill_pa_contig80 contig_165
			  Indel (> 5bp) between these two alignments: deletion of length 55; 0 mismatches (number of Ns: 0) [fragmentation of reference genome]
			Excluding internal overlap of size 55 between Alignment 47 and 48: 1 1197 | 1747958 1746762 | 1197 1197 --> 1 1142 | 1747958 1746817 | 1142 1142
			Real Alignment 47: 1 191344 | 1555493 1746816 | 191344 191324 | 99.98 | pa_ill_pa_contig13 contig_165
			  Indel (> 5bp) between these two alignments: deletion of length 55; 0 mismatches (number of Ns: 0) [fragmentation of reference genome]
			Excluding internal overlap of size 16 between Alignment 48 and 49: 1 1142 | 1747958 1746817 | 1142 1142 --> 17 1142 | 1747942 1746817 | 1126 1126
			Real Alignment 48: 17 1142 | 1747942 1746817 | 1126 1126 | 99.83 | pa_ill_pa_contig67 contig_165
			  Indel (> 5bp) between these two alignments: deletion of length 16; 0 mismatches (number of Ns: 0) [fragmentation of reference genome]
			Excluding internal overlap of size 55 between Alignment 49 and 50: 1 86455 | 1747943 1834384 | 86455 86442 --> 1 86400 | 1747943 1834329 | 86400 86387
			Real Alignment 49: 1 86400 | 1747943 1834329 | 86400 86387 | 99.98 | pa_ill_pa_contig25 contig_165
			  Extensive misassembly (translocation) between these two alignments
			Real Alignment 50: 161 249467 | 1834330 2083629 | 249307 249300 | 99.99 | pa_ill_pa_contig9 contig_165
			  Not a misassembly [fragmentation of reference genome] between these two alignments
			Real Alignment 51: 1 2531 | 2086524 2083994 | 2531 2531 | 99.84 | pa_ill_pa_contig53 contig_165
			  Not a misassembly [fragmentation of reference genome] between these two alignments
			Excluding internal overlap of size 55 between Alignment 52 and 53: 1 623 | 2088149 2087527 | 623 623 --> 1 568 | 2088149 2087582 | 568 568
			Real Alignment 52: 1 929 | 2087581 2086652 | 929 930 | 99.25 | pa_ill_pa_contig72 contig_165
			  Indel (> 5bp) between these two alignments: deletion of length 55; 0 mismatches (number of Ns: 0) [fragmentation of reference genome]
			Excluding internal overlap of size 55 between Alignment 53 and 54: 1 568 | 2088149 2087582 | 568 568 --> 56 568 | 2088094 2087582 | 513 513
			Real Alignment 53: 56 568 | 2088094 2087582 | 513 513 | 97.75 | pa_ill_pa_contig78 contig_165
			  Indel (> 5bp) between these two alignments: deletion of length 55; 0 mismatches (number of Ns: 0) [fragmentation of reference genome]
			Excluding internal overlap of size 55 between Alignment 54 and 55: 1 539 | 2092359 2091820 | 539 540 --> 1 484 | 2092359 2091875 | 484 485
			Real Alignment 54: 1 3774 | 2088095 2091874 | 3774 3780 | 90.15 | pa_ill_pa_contig47 contig_165
			  Indel (> 5bp) between these two alignments: deletion of length 55; 0 mismatches (number of Ns: 0) [fragmentation of reference genome]
			Excluding internal overlap of size 55 between Alignment 55 and 56: 1 484 | 2092359 2091875 | 484 485 --> 56 484 | 2092304 2091875 | 429 430
			Real Alignment 55: 56 484 | 2092304 2091875 | 429 430 | 98.15 | pa_ill_pa_contig84 contig_165
			  Indel (> 5bp) between these two alignments: deletion of length 55; 0 mismatches (number of Ns: 0) [fragmentation of reference genome]
			Real Alignment 56: 1 121067 | 2213372 2092305 | 121067 121068 | 100.0 | pa_ill_pa_contig17 contig_165
			  Not a misassembly [fragmentation of reference genome] between these two alignments
			Excluding internal overlap of size 55 between Alignment 57 and 58: 1 1258 | 2270843 2269586 | 1258 1258 --> 1 1203 | 2270843 2269641 | 1203 1203
			Real Alignment 57: 1 56007 | 2213634 2269640 | 56007 56007 | 100.0 | pa_ill_pa_contig32 contig_165
			  Indel (> 5bp) between these two alignments: deletion of length 55; 0 mismatches (number of Ns: 0) [fragmentation of reference genome]
			Excluding internal overlap of size 55 between Alignment 58 and 59: 1 1203 | 2270843 2269641 | 1203 1203 --> 56 1203 | 2270788 2269641 | 1148 1148
			Real Alignment 58: 56 1203 | 2270788 2269641 | 1148 1148 | 99.84 | pa_ill_pa_contig64 contig_165
			  Indel (> 5bp) between these two alignments: deletion of length 55; 0 mismatches (number of Ns: 0) [fragmentation of reference genome]
			Excluding internal overlap of size 303 between Alignment 59 and 60: 1 247386 | 2813027 2565645 | 247386 247383 --> 1 247083 | 2813027 2565948 | 247083 247080
			Real Alignment 59: 247199 542364 | 2565947 2270789 | 295166 295159 | 99.99 | pa_ill_pa_contig2 contig_165
			  Gap between these two alignments (local misassembly). Inconsistency = 115
			Excluding internal overlap of size 55 between Alignment 60 and 61: 1 539 | 2812973 2813512 | 539 540 --> 56 539 | 2813028 2813512 | 484 485
			Real Alignment 60: 1 247083 | 2813027 2565948 | 247083 247080 | 99.99 | pa_ill_pa_contig2 contig_165
			  Indel (> 5bp) between these two alignments: deletion of length 55; 0 mismatches (number of Ns: 0) [fragmentation of reference genome]
			Excluding internal overlap of size 55 between Alignment 61 and 62: 56 539 | 2813028 2813512 | 484 485 --> 56 484 | 2813028 2813457 | 429 430
			Real Alignment 61: 56 484 | 2813028 2813457 | 429 430 | 98.33 | pa_ill_pa_contig84 contig_165
			  Indel (> 5bp) between these two alignments: deletion of length 55; 0 mismatches (number of Ns: 0) [fragmentation of reference genome]
			Excluding internal overlap of size 55 between Alignment 62 and 63: 1 623 | 2817177 2817799 | 623 623 --> 56 623 | 2817232 2817799 | 568 568
			Real Alignment 62: 1 3774 | 2817231 2813458 | 3774 3774 | 100.0 | pa_ill_pa_contig47 contig_165
			  Indel (> 5bp) between these two alignments: deletion of length 55; 0 mismatches (number of Ns: 0) [fragmentation of reference genome]
			Excluding internal overlap of size 55 between Alignment 63 and 64: 56 623 | 2817232 2817799 | 568 568 --> 56 568 | 2817232 2817744 | 513 513
			Real Alignment 63: 56 568 | 2817232 2817744 | 513 513 | 100.0 | pa_ill_pa_contig78 contig_165
			  Indel (> 5bp) between these two alignments: deletion of length 55; 0 mismatches (number of Ns: 0) [fragmentation of reference genome]
			Real Alignment 64: 1 929 | 2817745 2818672 | 929 928 | 98.17 | pa_ill_pa_contig72 contig_165
			  Not a misassembly [fragmentation of reference genome] between these two alignments
			Real Alignment 65: 1 2549 | 2818800 2821348 | 2549 2549 | 100.0 | pa_ill_pa_contig52 contig_165
			  Not a misassembly [fragmentation of reference genome] between these two alignments
			Excluding internal overlap of size 55 between Alignment 66 and 67: 1 1468 | 3225963 3227430 | 1468 1468 --> 56 1468 | 3226018 3227430 | 1413 1413
			Real Alignment 66: 1 404310 | 3226017 2821707 | 404310 404311 | 100.0 | pa_ill_pa_contig4 contig_165
			  Indel (> 5bp) between these two alignments: deletion of length 55; 0 mismatches (number of Ns: 0) [fragmentation of reference genome]
			Excluding internal overlap of size 55 between Alignment 67 and 68: 56 1468 | 3226018 3227430 | 1413 1413 --> 56 1413 | 3226018 3227375 | 1358 1358
			Real Alignment 67: 56 1413 | 3226018 3227375 | 1358 1358 | 100.0 | pa_ill_pa_contig62 contig_165
			  Indel (> 5bp) between these two alignments: deletion of length 55; 0 mismatches (number of Ns: 0) [fragmentation of reference genome]
			Real Alignment 68: 1 122468 | 3227376 3349845 | 122468 122470 | 100.0 | pa_ill_pa_contig16 contig_165
			  Not a misassembly [fragmentation of reference genome] between these two alignments
			Excluding internal overlap of size 55 between Alignment 69 and 70: 1 603 | 3404079 3403477 | 603 603 --> 1 548 | 3404079 3403532 | 548 548
			Real Alignment 69: 1 53273 | 3403531 3350260 | 53273 53272 | 99.99 | pa_ill_pa_contig33 contig_165
			  Indel (> 5bp) between these two alignments: deletion of length 55; 0 mismatches (number of Ns: 0) [fragmentation of reference genome]
			Excluding internal overlap of size 55 between Alignment 70 and 71: 1 548 | 3404079 3403532 | 548 548 --> 56 548 | 3404024 3403532 | 493 493
			Real Alignment 70: 56 548 | 3404024 3403532 | 493 493 | 100.0 | pa_ill_pa_contig79 contig_165
			  Indel (> 5bp) between these two alignments: deletion of length 55; 0 mismatches (number of Ns: 0) [fragmentation of reference genome]
			Excluding internal overlap of size 242 between Alignment 71 and 72: 41099 76514 | 3439439 3404025 | 35416 35415 --> 41341 76514 | 3439197 3404025 | 35174 35173
			Real Alignment 71: 41341 76514 | 3439197 3404025 | 35174 35173 | 99.98 | pa_ill_pa_contig26 contig_165
			  Gap between these two alignments (local misassembly). Inconsistency = 112
			Excluding internal overlap of size 76 between Alignment 72 and 73: 1 846 | 3481188 3480349 | 846 840 --> 1 770 | 3481188 3480425 | 770 764
			Real Alignment 72: 1 41228 | 3480424 3439198 | 41228 41227 | 99.99 | pa_ill_pa_contig26 contig_165
			  Extensive misassembly (translocation) between these two alignments
			Excluding internal overlap of size 55 between Alignment 73 and 74: 1 770 | 3481188 3480425 | 770 764 --> 56 770 | 3481133 3480425 | 715 709
			Real Alignment 73: 56 770 | 3481133 3480425 | 715 709 | 90.05 | pa_ill_pa_contig20 contig_165
			  Indel (> 5bp) between these two alignments: deletion of length 55; 0 mismatches (number of Ns: 0) [fragmentation of reference genome]
			Excluding internal overlap of size 55 between Alignment 74 and 75: 1 5507 | 3486640 3481134 | 5507 5507 --> 56 5507 | 3486585 3481134 | 5452 5452
			Real Alignment 74: 56 5507 | 3486585 3481134 | 5452 5452 | 99.84 | pa_ill_pa_contig45 contig_165
			  Indel (> 5bp) between these two alignments: deletion of length 55; 0 mismatches (number of Ns: 0) [fragmentation of reference genome]
			Excluding internal overlap of size 55 between Alignment 75 and 76: 1 5713 | 3560661 3554946 | 5713 5716 --> 1 5658 | 3560661 3555001 | 5658 5661
			Real Alignment 75: 1 68413 | 3486586 3555000 | 68413 68415 | 99.99 | pa_ill_pa_contig27 contig_165
			  Indel (> 5bp) between these two alignments: deletion of length 55; 0 mismatches (number of Ns: 0) [fragmentation of reference genome]
			Excluding internal overlap of size 55 between Alignment 76 and 77: 1 5658 | 3560661 3555001 | 5658 5661 --> 56 5658 | 3560606 3555001 | 5603 5606
			Real Alignment 76: 56 5658 | 3560606 3555001 | 5603 5606 | 99.91 | pa_ill_pa_contig44 contig_165
			  Indel (> 5bp) between these two alignments: deletion of length 55; 0 mismatches (number of Ns: 0) [fragmentation of reference genome]
			Excluding internal overlap of size 55 between Alignment 77 and 78: 1 1197 | 3648545 3649741 | 1197 1197 --> 56 1197 | 3648600 3649741 | 1142 1142
			Real Alignment 77: 1 87995 | 3648599 3560607 | 87995 87993 | 100.0 | pa_ill_pa_contig24 contig_165
			  Indel (> 5bp) between these two alignments: deletion of length 55; 0 mismatches (number of Ns: 0) [fragmentation of reference genome]
			Excluding internal overlap of size 55 between Alignment 78 and 79: 56 1197 | 3648600 3649741 | 1142 1142 --> 56 1142 | 3648600 3649686 | 1087 1087
			Real Alignment 78: 56 1142 | 3648600 3649686 | 1087 1087 | 99.75 | pa_ill_pa_contig67 contig_165
			  Indel (> 5bp) between these two alignments: deletion of length 55; 0 mismatches (number of Ns: 0) [fragmentation of reference genome]
			Excluding internal overlap of size 55 between Alignment 79 and 80: 1 927 | 3944221 3945147 | 927 927 --> 56 927 | 3944276 3945147 | 872 872
			Real Alignment 79: 1 294591 | 3649687 3944275 | 294591 294589 | 100.0 | pa_ill_pa_contig5 contig_165
			  Indel (> 5bp) between these two alignments: deletion of length 55; 0 mismatches (number of Ns: 0) [fragmentation of reference genome]
			Excluding internal overlap of size 55 between Alignment 80 and 81: 56 927 | 3944276 3945147 | 872 872 --> 56 872 | 3944276 3945092 | 817 817
			Real Alignment 80: 56 872 | 3944276 3945092 | 817 817 | 99.89 | pa_ill_pa_contig73 contig_165
			  Indel (> 5bp) between these two alignments: deletion of length 55; 0 mismatches (number of Ns: 0) [fragmentation of reference genome]
			Real Alignment 81: 1 35776 | 3945093 3980868 | 35776 35776 | 100.0 | pa_ill_pa_contig37 contig_165
			  Not a misassembly [fragmentation of reference genome] between these two alignments
			Excluding internal overlap of size 55 between Alignment 82 and 83: 1 2207 | 3983944 3981738 | 2207 2207 --> 56 2207 | 3983889 3981738 | 2152 2152
			Real Alignment 82: 56 2207 | 3983889 3981738 | 2152 2152 | 99.82 | pa_ill_pa_contig55 contig_165
			  Indel (> 5bp) between these two alignments: deletion of length 55; 0 mismatches (number of Ns: 0) [fragmentation of reference genome]
			Excluding internal overlap of size 128 between Alignment 83 and 84: 1 1874 | 4216329 4218202 | 1874 1874 --> 129 1874 | 4216457 4218202 | 1746 1746
			Real Alignment 83: 1 232544 | 3983890 4216456 | 232544 232567 | 99.98 | pa_ill_pa_contig10 contig_165
			  Extensive misassembly (translocation) between these two alignments
			Excluding internal overlap of size 156 between Alignment 84 and 85: 129 1874 | 4216457 4218202 | 1746 1746 --> 129 1718 | 4216457 4218046 | 1590 1590
			Real Alignment 84: 129 1718 | 4216457 4218046 | 1590 1590 | 100.0 | pa_ill_pa_contig57 contig_165
			  Extensive misassembly (translocation) between these two alignments
			Excluding internal overlap of size 55 between Alignment 85 and 86: 1235 3722 | 4225506 4223019 | 2488 2488 --> 1235 3667 | 4225506 4223074 | 2433 2433
			Real Alignment 85: 232388 237415 | 4218047 4223073 | 5028 5027 | 99.96 | pa_ill_pa_contig10 contig_165
			  Indel (> 5bp) between these two alignments: deletion of length 55; 0 mismatches (number of Ns: 0) [fragmentation of reference genome]
			Real Alignment 86: 1235 3667 | 4225506 4223074 | 2433 2433 | 99.6 | pa_ill_pa_contig48 contig_165
			  Gap between these two alignments (local misassembly). Inconsistency = 0
			Excluding internal overlap of size 55 between Alignment 87 and 88: 1 956 | 4226686 4227641 | 956 956 --> 56 956 | 4226741 4227641 | 901 901
			Real Alignment 87: 1 1079 | 4226740 4225662 | 1079 1079 | 99.81 | pa_ill_pa_contig48 contig_165
			  Indel (> 5bp) between these two alignments: deletion of length 55; 0 mismatches (number of Ns: 0) [fragmentation of reference genome]
			Excluding internal overlap of size 55 between Alignment 88 and 89: 56 956 | 4226741 4227641 | 901 901 --> 56 901 | 4226741 4227586 | 846 846
			Real Alignment 88: 56 901 | 4226741 4227586 | 846 846 | 100.0 | pa_ill_pa_contig70 contig_165
			  Indel (> 5bp) between these two alignments: deletion of length 55; 0 mismatches (number of Ns: 0) [fragmentation of reference genome]
			Excluding internal overlap of size 55 between Alignment 89 and 90: 1 3064 | 4230650 4227587 | 3064 3064 --> 56 3064 | 4230595 4227587 | 3009 3009
			Real Alignment 89: 56 3064 | 4230595 4227587 | 3009 3009 | 99.71 | pa_ill_pa_contig51 contig_165
			  Indel (> 5bp) between these two alignments: deletion of length 55; 0 mismatches (number of Ns: 0) [fragmentation of reference genome]
			Excluding internal overlap of size 425 between Alignment 90 and 91: 1 93281 | 4441359 4348078 | 93281 93282 --> 1 92856 | 4441359 4348503 | 92856 92857
			Real Alignment 90: 92967 210873 | 4348502 4230596 | 117907 117907 | 99.99 | pa_ill_pa_contig11 contig_165
			  Gap between these two alignments (local misassembly). Inconsistency = 110
			Excluding internal overlap of size 55 between Alignment 91 and 92: 1 985 | 4441305 4442289 | 985 985 --> 56 985 | 4441360 4442289 | 930 930
			Real Alignment 91: 1 92856 | 4441359 4348503 | 92856 92857 | 99.99 | pa_ill_pa_contig11 contig_165
			  Indel (> 5bp) between these two alignments: deletion of length 55; 0 mismatches (number of Ns: 0) [fragmentation of reference genome]
			Excluding internal overlap of size 55 between Alignment 92 and 93: 56 985 | 4441360 4442289 | 930 930 --> 56 930 | 4441360 4442234 | 875 875
			Real Alignment 92: 56 930 | 4441360 4442234 | 875 875 | 99.49 | pa_ill_pa_contig69 contig_165
			  Indel (> 5bp) between these two alignments: deletion of length 55; 0 mismatches (number of Ns: 0) [fragmentation of reference genome]
			Excluding internal overlap of size 55 between Alignment 93 and 94: 1 5713 | 4491149 4496861 | 5713 5713 --> 56 5713 | 4491204 4496861 | 5658 5658
			Real Alignment 93: 1 48969 | 4442235 4491203 | 48969 48969 | 99.99 | pa_ill_pa_contig34 contig_165
			  Indel (> 5bp) between these two alignments: deletion of length 55; 0 mismatches (number of Ns: 0) [fragmentation of reference genome]
			Excluding internal overlap of size 55 between Alignment 94 and 95: 56 5713 | 4491204 4496861 | 5658 5658 --> 56 5658 | 4491204 4496806 | 5603 5603
			Real Alignment 94: 56 5658 | 4491204 4496806 | 5603 5603 | 99.93 | pa_ill_pa_contig44 contig_165
			  Indel (> 5bp) between these two alignments: deletion of length 55; 0 mismatches (number of Ns: 0) [fragmentation of reference genome]
			Real Alignment 95: 1 106324 | 4603131 4496807 | 106324 106325 | 100.0 | pa_ill_pa_contig22 contig_165
			  Not a misassembly [fragmentation of reference genome] between these two alignments
			Excluding internal overlap of size 55 between Alignment 96 and 97: 1 1197 | 4693605 4694801 | 1197 1197 --> 56 1197 | 4693660 4694801 | 1142 1142
			Real Alignment 96: 1 90153 | 4693659 4603507 | 90153 90153 | 100.0 | pa_ill_pa_contig23 contig_165
			  Indel (> 5bp) between these two alignments: deletion of length 55; 0 mismatches (number of Ns: 0) [fragmentation of reference genome]
			Excluding internal overlap of size 55 between Alignment 97 and 98: 56 1197 | 4693660 4694801 | 1142 1142 --> 56 1142 | 4693660 4694746 | 1087 1087
			Real Alignment 97: 56 1142 | 4693660 4694746 | 1087 1087 | 99.83 | pa_ill_pa_contig67 contig_165
			  Indel (> 5bp) between these two alignments: deletion of length 55; 0 mismatches (number of Ns: 0) [fragmentation of reference genome]
			Excluding internal overlap of size 55 between Alignment 98 and 99: 1 2514 | 5160346 5162859 | 2514 2514 --> 56 2514 | 5160401 5162859 | 2459 2459
			Real Alignment 98: 1 465790 | 4694747 5160400 | 465790 465654 | 99.97 | pa_ill_pa_contig3 contig_165
			  Indel (> 5bp) between these two alignments: deletion of length 55; 0 mismatches (number of Ns: 0) [fragmentation of reference genome]
			Excluding internal overlap of size 55 between Alignment 99 and 100: 1 561 | 5163365 5162805 | 561 561 --> 1 506 | 5163365 5162860 | 506 506
			Real Alignment 99: 56 2514 | 5160401 5162859 | 2459 2459 | 99.72 | pa_ill_pa_contig54 contig_165
			  Indel (> 5bp) between these two alignments: deletion of length 55; 0 mismatches (number of Ns: 0) [fragmentation of reference genome]
			Excluding internal overlap of size 55 between Alignment 100 and 101: 1 506 | 5163365 5162860 | 506 506 --> 56 506 | 5163310 5162860 | 451 451
			Real Alignment 100: 56 506 | 5163310 5162860 | 451 451 | 100.0 | pa_ill_pa_contig83 contig_165
			  Indel (> 5bp) between these two alignments: deletion of length 55; 0 mismatches (number of Ns: 0) [fragmentation of reference genome]
			Real Alignment 101: 1 868 | 5163311 5164178 | 868 868 | 99.54 | pa_ill_pa_contig74 contig_165
			  Not a misassembly [fragmentation of reference genome] between these two alignments
			Excluding internal overlap of size 55 between Alignment 102 and 103: 1 5713 | 5283930 5289642 | 5713 5713 --> 56 5713 | 5283985 5289642 | 5658 5658
			Real Alignment 102: 1 119004 | 5164982 5283984 | 119004 119003 | 100.0 | pa_ill_pa_contig18 contig_165
			  Indel (> 5bp) between these two alignments: deletion of length 55; 0 mismatches (number of Ns: 0) [fragmentation of reference genome]
			Excluding internal overlap of size 55 between Alignment 103 and 104: 1 1339 | 5289588 5290926 | 1339 1339 --> 56 1339 | 5289643 5290926 | 1284 1284
			Real Alignment 103: 56 5713 | 5283985 5289642 | 5658 5658 | 100.0 | pa_ill_pa_contig44 contig_165
			  Indel (> 5bp) between these two alignments: deletion of length 55; 0 mismatches (number of Ns: 0) [fragmentation of reference genome]
			Excluding internal overlap of size 446 between Alignment 104 and 105: 56 1339 | 5289643 5290926 | 1284 1284 --> 56 893 | 5289643 5290480 | 838 838
			Real Alignment 104: 56 893 | 5289643 5290480 | 838 838 | 100.0 | pa_ill_pa_contig63 contig_165
			  Extensive misassembly (translocation) between these two alignments
			Excluding internal overlap of size 55 between Alignment 105 and 106: 1 1405 | 5291885 5290481 | 1405 1405 --> 56 1405 | 5291830 5290481 | 1350 1350
			Real Alignment 105: 56 1405 | 5291830 5290481 | 1350 1350 | 90.74 | pa_ill_pa_contig12 contig_165
			  Indel (> 5bp) between these two alignments: deletion of length 55; 0 mismatches (number of Ns: 0) [fragmentation of reference genome]
			Excluding internal overlap of size 55 between Alignment 106 and 107: 1 1492 | 5291831 5293322 | 1492 1492 --> 1 1437 | 5291831 5293267 | 1437 1437
			Real Alignment 106: 1 1437 | 5291831 5293267 | 1437 1437 | 100.0 | pa_ill_pa_contig61 contig_165
			  Indel (> 5bp) between these two alignments: deletion of length 55; 0 mismatches (number of Ns: 0) [fragmentation of reference genome]
			Real Alignment 107: 1 21904 | 5293268 5315170 | 21904 21903 | 100.0 | pa_ill_pa_contig41 contig_165
			  Not a misassembly [fragmentation of reference genome] between these two alignments
			Excluding internal overlap of size 55 between Alignment 108 and 109: 1 561 | 5316644 5317204 | 561 561 --> 56 561 | 5316699 5317204 | 506 506
			Real Alignment 108: 1 868 | 5316698 5315825 | 868 874 | 98.4 | pa_ill_pa_contig74 contig_165
			  Indel (> 5bp) between these two alignments: deletion of length 55; 0 mismatches (number of Ns: 0) [fragmentation of reference genome]
			Excluding internal overlap of size 55 between Alignment 109 and 110: 56 561 | 5316699 5317204 | 506 506 --> 56 506 | 5316699 5317149 | 451 451
			Real Alignment 109: 56 506 | 5316699 5317149 | 451 451 | 95.37 | pa_ill_pa_contig83 contig_165
			  Indel (> 5bp) between these two alignments: deletion of length 55; 0 mismatches (number of Ns: 0) [fragmentation of reference genome]
			Excluding internal overlap of size 55 between Alignment 110 and 111: 1 2514 | 5319633 5317150 | 2514 2484 --> 56 2514 | 5319578 5317150 | 2459 2429
			Real Alignment 110: 56 2514 | 5319578 5317150 | 2459 2429 | 97.11 | pa_ill_pa_contig54 contig_165
			  Indel (> 5bp) between these two alignments: deletion of length 55; 0 mismatches (number of Ns: 0) [fragmentation of reference genome]
			Real Alignment 111: 132 56432 | 5375878 5319579 | 56301 56300 | 99.93 | pa_ill_pa_contig31 contig_165
			  Gap between these two alignments (local misassembly). Inconsistency = -483
			Real Alignment 112: 3 591 | 5376490 5375902 | 589 589 | 94.06 | pa_ill_pa_contig31 contig_165
			  Gap between these two alignments (local misassembly). Inconsistency = 2 [fragmentation of reference genome]
			Excluding internal overlap of size 10 between Alignment 113 and 114: 1 493 | 5377465 5377957 | 493 493 --> 1 483 | 5377465 5377947 | 483 483
			Real Alignment 113: 1 483 | 5377465 5377947 | 483 483 | 97.57 | pa_ill_pa_contig14 contig_165
			  Overlap between these two alignments (local misassembly). Inconsistency = -483
			Real Alignment 114: 1 187635 | 5377948 5565579 | 187635 187632 | 100.0 | pa_ill_pa_contig14 contig_165
			  Not a misassembly [fragmentation of reference genome] between these two alignments
			Real Alignment 115: 1 123 | 5565626 5565748 | 123 123 | 99.19 | pa_ill_pa_contig7 contig_165
			  Gap between these two alignments (local misassembly). Inconsistency = -342
			Real Alignment 116: 1 77 | 5565968 5566044 | 77 77 | 98.7 | pa_ill_pa_contig7 contig_165
			  Gap between these two alignments (local misassembly). Inconsistency = -456
			Real Alignment 117: 1 265097 | 5566424 5831519 | 265097 265096 | 100.0 | pa_ill_pa_contig7 contig_165
			  Not a misassembly [fragmentation of reference genome] between these two alignments
			Real Alignment 118: 1 1538 | 5831970 5833507 | 1538 1538 | 100.0 | pa_ill_pa_contig60 contig_165
			  Not a misassembly [fragmentation of reference genome] between these two alignments
			Real Alignment 119: 1 3511 | 5837390 5833880 | 3511 3511 | 100.0 | pa_ill_pa_contig49 contig_165
			  Not a misassembly [fragmentation of reference genome] between these two alignments
			Excluding internal overlap of size 55 between Alignment 120 and 121: 1 5713 | 5876070 5881783 | 5713 5714 --> 56 5713 | 5876125 5881783 | 5658 5659
			Real Alignment 120: 1 38146 | 5837979 5876124 | 38146 38146 | 100.0 | pa_ill_pa_contig36 contig_165
			  Indel (> 5bp) between these two alignments: deletion of length 55; 0 mismatches (number of Ns: 0) [fragmentation of reference genome]
			Excluding internal overlap of size 55 between Alignment 121 and 122: 56 5713 | 5876125 5881783 | 5658 5659 --> 56 5658 | 5876125 5881728 | 5603 5604
			Real Alignment 121: 56 5658 | 5876125 5881728 | 5603 5604 | 99.96 | pa_ill_pa_contig44 contig_165
			  Indel (> 5bp) between these two alignments: deletion of length 55; 0 mismatches (number of Ns: 0) [fragmentation of reference genome]
			Excluding internal overlap of size 55 between Alignment 122 and 123: 1 1197 | 5944586 5943390 | 1197 1197 --> 1 1142 | 5944586 5943445 | 1142 1142
			Real Alignment 122: 1 61716 | 5881729 5943444 | 61716 61716 | 100.0 | pa_ill_pa_contig29 contig_165
			  Indel (> 5bp) between these two alignments: deletion of length 55; 0 mismatches (number of Ns: 0) [fragmentation of reference genome]
			Excluding internal overlap of size 55 between Alignment 123 and 124: 1 1142 | 5944586 5943445 | 1142 1142 --> 56 1142 | 5944531 5943445 | 1087 1087
			Real Alignment 123: 56 1142 | 5944531 5943445 | 1087 1087 | 99.08 | pa_ill_pa_contig67 contig_165
			  Indel (> 5bp) between these two alignments: deletion of length 55; 0 mismatches (number of Ns: 0) [fragmentation of reference genome]
			Real Alignment 124: 56 847683 | 6792152 5944532 | 847628 847621 | 100.0 | pa_ill_pa_contig1 contig_165
		Unaligned bases: 11369

CONTIG: contig_35 (4757856bp)
Best alignment score: 418.0 (LEN: 451, IDY: 92.68), Total number of alignments: 102
			Too much alignments (102), will use speed up heuristics
			Found 0 solid alignments:
			Skipping alignments located inside solid regions since they are redundant:
		Nothing was skipped
			Looking for the best set of alignments (out of 102 total alignments)
		Ambiguity for this contig is not checked for speed up (too much alignments and --ambiguity-usage is "one")
			Skipping redundant alignments after choosing the best set of alignments
		Skipping redundant alignment 163 238 | 52833 52908 | 76 76 | 100.0 | pa_ill_pa_contig9 contig_35
		Skipping redundant alignment 3 78 | 52833 52908 | 76 76 | 100.0 | pa_ill_pa_contig9 contig_35
		Skipping redundant alignment 28782 28858 | 52909 52833 | 77 77 | 100.0 | pa_ill_pa_contig8 contig_35
		Skipping redundant alignment 323 399 | 52833 52909 | 77 77 | 100.0 | pa_ill_pa_contig9 contig_35
		Skipping redundant alignment 93682 93815 | 434589 434456 | 134 134 | 93.28 | pa_ill_pa_contig13 contig_35
		Skipping redundant alignment 84045 84142 | 444565 444468 | 98 98 | 95.92 | pa_ill_pa_contig13 contig_35
		Skipping redundant alignment 65009 65098 | 1504002 1504091 | 90 90 | 91.11 | pa_ill_pa_contig27 contig_35
		Skipping redundant alignment 161 238 | 2486813 2486736 | 78 78 | 100.0 | pa_ill_pa_contig9 contig_35
		Skipping redundant alignment 321 399 | 2486813 2486735 | 79 79 | 100.0 | pa_ill_pa_contig9 contig_35
		Skipping redundant alignment 163517 163628 | 4623822 4623711 | 112 112 | 91.07 | pa_ill_pa_contig4 contig_35
		Skipping redundant alignment 48504 48593 | 1504002 1504091 | 90 90 | 91.11 | pa_ill_pa_contig27 contig_35
		Skipping redundant alignment 159406 159543 | 4627876 4627739 | 138 138 | 92.03 | pa_ill_pa_contig4 contig_35
			The best set is below. Score: 12292.6, number of alignments: 90, unaligned bases: 4742524
		This contig is misassembled.
		This contig is partially unaligned. (Aligned 15332 out of 4757856 non-N bases (0.32%))
			Warning! This contig is more unaligned than misassembled. Contig length is 4757856 (number of Ns: 0) and total length of all aligns is 15332
		Alignment: 4882 5195 | 806333 806020 | 314 314 | 96.18 | pa_ill_pa_contig44 contig_35
		Alignment: 4268 4718 | 806947 806497 | 451 451 | 92.68 | pa_ill_pa_contig44 contig_35
		Alignment: 4118 4233 | 807100 806985 | 116 116 | 93.1 | pa_ill_pa_contig44 contig_35
		Alignment: 3453 3662 | 807754 807545 | 210 210 | 93.81 | pa_ill_pa_contig44 contig_35
		Alignment: 3374 3442 | 807832 807764 | 69 69 | 92.75 | pa_ill_pa_contig44 contig_35
		Alignment: 2892 3062 | 808318 808148 | 171 171 | 91.23 | pa_ill_pa_contig44 contig_35
		Alignment: 2687 2798 | 808532 808421 | 112 112 | 91.07 | pa_ill_pa_contig44 contig_35
		Alignment: 1975 2060 | 809125 809040 | 86 86 | 91.86 | pa_ill_pa_contig44 contig_35
		Alignment: 1813 1967 | 809287 809133 | 155 155 | 92.26 | pa_ill_pa_contig44 contig_35
		Alignment: 1660 1760 | 809440 809340 | 101 101 | 94.06 | pa_ill_pa_contig44 contig_35
		Alignment: 1375 1650 | 809725 809450 | 276 276 | 93.48 | pa_ill_pa_contig44 contig_35
		Alignment: 995 1106 | 810105 809994 | 112 112 | 91.07 | pa_ill_pa_contig44 contig_35
		Alignment: 529 593 | 810577 810513 | 65 65 | 98.46 | pa_ill_pa_contig44 contig_35
		Alignment: 4882 5195 | 1472580 1472267 | 314 314 | 96.18 | pa_ill_pa_contig44 contig_35
		Alignment: 4268 4718 | 1473194 1472744 | 451 451 | 92.68 | pa_ill_pa_contig44 contig_35
		Alignment: 4118 4233 | 1473347 1473232 | 116 116 | 93.1 | pa_ill_pa_contig44 contig_35
		Alignment: 3453 3662 | 1474014 1473805 | 210 210 | 93.81 | pa_ill_pa_contig44 contig_35
		Alignment: 3374 3442 | 1474092 1474024 | 69 69 | 92.75 | pa_ill_pa_contig44 contig_35
		Alignment: 2892 3062 | 1474578 1474408 | 171 171 | 91.23 | pa_ill_pa_contig44 contig_35
		Alignment: 2687 2798 | 1474792 1474681 | 112 112 | 91.07 | pa_ill_pa_contig44 contig_35
		Alignment: 1975 2060 | 1475385 1475300 | 86 86 | 91.86 | pa_ill_pa_contig44 contig_35
		Alignment: 1813 1967 | 1475547 1475393 | 155 155 | 92.26 | pa_ill_pa_contig44 contig_35
		Alignment: 1660 1760 | 1475700 1475600 | 101 101 | 94.06 | pa_ill_pa_contig44 contig_35
		Alignment: 1375 1650 | 1475985 1475710 | 276 276 | 93.48 | pa_ill_pa_contig44 contig_35
		Alignment: 995 1106 | 1476365 1476254 | 112 112 | 91.07 | pa_ill_pa_contig44 contig_35
		Alignment: 529 593 | 1476837 1476773 | 65 65 | 98.46 | pa_ill_pa_contig44 contig_35
		Alignment: 529 593 | 1991786 1991850 | 65 65 | 98.46 | pa_ill_pa_contig44 contig_35
		Alignment: 995 1106 | 1992258 1992369 | 112 112 | 91.07 | pa_ill_pa_contig44 contig_35
		Alignment: 1375 1650 | 1992638 1992913 | 276 276 | 93.48 | pa_ill_pa_contig44 contig_35
		Alignment: 1660 1760 | 1992923 1993023 | 101 101 | 94.06 | pa_ill_pa_contig44 contig_35
		Alignment: 1813 1967 | 1993076 1993230 | 155 155 | 92.26 | pa_ill_pa_contig44 contig_35
		Alignment: 1975 2060 | 1993238 1993323 | 86 86 | 91.86 | pa_ill_pa_contig44 contig_35
		Alignment: 2687 2798 | 1993990 1994101 | 112 112 | 91.07 | pa_ill_pa_contig44 contig_35
		Alignment: 2892 3062 | 1994204 1994374 | 171 171 | 91.23 | pa_ill_pa_contig44 contig_35
		Alignment: 3374 3442 | 1994689 1994757 | 69 69 | 92.75 | pa_ill_pa_contig44 contig_35
		Alignment: 3453 3662 | 1994767 1994976 | 210 210 | 93.81 | pa_ill_pa_contig44 contig_35
		Alignment: 4118 4233 | 1995434 1995549 | 116 116 | 93.1 | pa_ill_pa_contig44 contig_35
		Alignment: 4268 4718 | 1995587 1996037 | 451 451 | 92.68 | pa_ill_pa_contig44 contig_35
		Alignment: 4882 5195 | 1996201 1996514 | 314 314 | 96.18 | pa_ill_pa_contig44 contig_35
		Alignment: 529 593 | 2086874 2086938 | 65 65 | 98.46 | pa_ill_pa_contig44 contig_35
		Alignment: 995 1106 | 2087346 2087457 | 112 112 | 91.07 | pa_ill_pa_contig44 contig_35
		Alignment: 1375 1650 | 2087726 2088001 | 276 276 | 93.48 | pa_ill_pa_contig44 contig_35
		Alignment: 1660 1737 | 2088011 2088088 | 78 78 | 92.31 | pa_ill_pa_contig44 contig_35
		Alignment: 1813 1967 | 2088165 2088319 | 155 155 | 92.26 | pa_ill_pa_contig44 contig_35
		Alignment: 1975 2060 | 2088327 2088412 | 86 86 | 91.86 | pa_ill_pa_contig44 contig_35
		Alignment: 2687 2798 | 2088920 2089031 | 112 112 | 91.07 | pa_ill_pa_contig44 contig_35
		Alignment: 2892 3062 | 2089134 2089304 | 171 171 | 91.23 | pa_ill_pa_contig44 contig_35
		Alignment: 3374 3442 | 2089620 2089688 | 69 69 | 92.75 | pa_ill_pa_contig44 contig_35
		Alignment: 3453 3662 | 2089698 2089907 | 210 210 | 93.81 | pa_ill_pa_contig44 contig_35
		Alignment: 4118 4233 | 2090366 2090481 | 116 116 | 93.1 | pa_ill_pa_contig44 contig_35
		Alignment: 4268 4718 | 2090519 2090969 | 451 451 | 92.68 | pa_ill_pa_contig44 contig_35
		Alignment: 4882 5195 | 2091133 2091446 | 314 314 | 96.18 | pa_ill_pa_contig44 contig_35
		Alignment: 529 593 | 2242100 2242164 | 65 65 | 98.46 | pa_ill_pa_contig44 contig_35
		Alignment: 995 1106 | 2242572 2242683 | 112 112 | 91.07 | pa_ill_pa_contig44 contig_35
		Alignment: 1375 1650 | 2242952 2243227 | 276 276 | 93.48 | pa_ill_pa_contig44 contig_35
		Alignment: 1660 1760 | 2243237 2243337 | 101 101 | 94.06 | pa_ill_pa_contig44 contig_35
		Alignment: 1813 1967 | 2243390 2243544 | 155 155 | 92.26 | pa_ill_pa_contig44 contig_35
		Alignment: 1975 2060 | 2243552 2243637 | 86 86 | 91.86 | pa_ill_pa_contig44 contig_35
		Alignment: 2687 2798 | 2244304 2244415 | 112 112 | 91.07 | pa_ill_pa_contig44 contig_35
		Alignment: 2892 3062 | 2244518 2244688 | 171 171 | 91.23 | pa_ill_pa_contig44 contig_35
		Alignment: 3374 3442 | 2245004 2245072 | 69 69 | 92.75 | pa_ill_pa_contig44 contig_35
		Alignment: 3453 3662 | 2245082 2245291 | 210 210 | 93.33 | pa_ill_pa_contig44 contig_35
		Alignment: 4118 4233 | 2245749 2245864 | 116 116 | 93.1 | pa_ill_pa_contig44 contig_35
		Alignment: 4268 4718 | 2245902 2246352 | 451 451 | 92.68 | pa_ill_pa_contig44 contig_35
		Alignment: 4882 5195 | 2246516 2246829 | 314 314 | 96.18 | pa_ill_pa_contig44 contig_35
		Alignment: 529 593 | 2285013 2285077 | 65 65 | 98.46 | pa_ill_pa_contig44 contig_35
		Alignment: 995 1106 | 2285485 2285596 | 112 112 | 91.07 | pa_ill_pa_contig44 contig_35
		Alignment: 1375 1650 | 2285865 2286140 | 276 276 | 93.48 | pa_ill_pa_contig44 contig_35
		Alignment: 1660 1737 | 2286150 2286227 | 78 78 | 92.31 | pa_ill_pa_contig44 contig_35
		Alignment: 1813 1967 | 2286304 2286458 | 155 155 | 92.26 | pa_ill_pa_contig44 contig_35
		Alignment: 1975 2060 | 2286466 2286551 | 86 86 | 91.86 | pa_ill_pa_contig44 contig_35
		Alignment: 2687 2798 | 2287059 2287170 | 112 112 | 91.07 | pa_ill_pa_contig44 contig_35
		Alignment: 2892 3062 | 2287273 2287443 | 171 171 | 91.23 | pa_ill_pa_contig44 contig_35
		Alignment: 3374 3442 | 2287759 2287827 | 69 69 | 92.75 | pa_ill_pa_contig44 contig_35
		Alignment: 3453 3662 | 2287837 2288046 | 210 210 | 93.33 | pa_ill_pa_contig44 contig_35
		Alignment: 4118 4233 | 2288504 2288619 | 116 116 | 93.1 | pa_ill_pa_contig44 contig_35
		Alignment: 4268 4718 | 2288657 2289107 | 451 451 | 92.68 | pa_ill_pa_contig44 contig_35
		Alignment: 4882 5195 | 2289271 2289584 | 314 314 | 96.18 | pa_ill_pa_contig44 contig_35
		Alignment: 529 593 | 3034542 3034606 | 65 65 | 98.46 | pa_ill_pa_contig44 contig_35
		Alignment: 995 1106 | 3035014 3035125 | 112 112 | 91.07 | pa_ill_pa_contig44 contig_35
		Alignment: 1375 1536 | 3035394 3035555 | 162 162 | 93.21 | pa_ill_pa_contig44 contig_35
		Alignment: 1542 1650 | 3035561 3035669 | 109 109 | 90.83 | pa_ill_pa_contig44 contig_35
		Alignment: 1660 1760 | 3035679 3035779 | 101 101 | 94.06 | pa_ill_pa_contig44 contig_35
		Alignment: 1813 1967 | 3035832 3035986 | 155 155 | 92.26 | pa_ill_pa_contig44 contig_35
		Alignment: 1975 2060 | 3035994 3036079 | 86 86 | 91.86 | pa_ill_pa_contig44 contig_35
		Alignment: 3374 3442 | 3037546 3037614 | 69 69 | 92.75 | pa_ill_pa_contig44 contig_35
		Alignment: 3453 3662 | 3037624 3037833 | 210 210 | 93.81 | pa_ill_pa_contig44 contig_35
		Alignment: 4118 4233 | 3038291 3038406 | 116 116 | 93.1 | pa_ill_pa_contig44 contig_35
		Alignment: 4268 4718 | 3038444 3038894 | 451 451 | 92.68 | pa_ill_pa_contig44 contig_35
		Alignment: 4882 5195 | 3039058 3039371 | 314 314 | 96.18 | pa_ill_pa_contig44 contig_35
		Unaligned bases: 4742524

CONTIG: contig_36 (4765330bp)
Best alignment score: 513.0 (LEN: 564, IDY: 90.96), Total number of alignments: 94
			Looking for the best set of alignments (out of 94 total alignments)
			Skipping redundant alignments after choosing the best set of alignments
		Skipping redundant alignment 323 399 | 4335091 4335167 | 77 77 | 100.0 | pa_ill_pa_contig9 contig_36
		Skipping redundant alignment 161 240 | 1996843 1996764 | 80 80 | 100.0 | pa_ill_pa_contig9 contig_36
		Skipping redundant alignment 161 238 | 1996955 1996878 | 78 78 | 100.0 | pa_ill_pa_contig9 contig_36
		Skipping redundant alignment 321 398 | 1996955 1996878 | 78 78 | 100.0 | pa_ill_pa_contig9 contig_36
		Skipping redundant alignment 28781 28858 | 4335168 4335091 | 78 78 | 100.0 | pa_ill_pa_contig8 contig_36
		Skipping redundant alignment 163 238 | 4335091 4335166 | 76 76 | 100.0 | pa_ill_pa_contig9 contig_36
		Skipping redundant alignment 3 78 | 4335091 4335166 | 76 76 | 100.0 | pa_ill_pa_contig9 contig_36
		Skipping redundant alignment 48505 48596 | 1790270 1790179 | 92 92 | 91.3 | pa_ill_pa_contig27 contig_36
		Skipping redundant alignment 65010 65101 | 1790270 1790179 | 92 92 | 91.3 | pa_ill_pa_contig27 contig_36
		Skipping redundant alignment 84045 84229 | 4763691 4763507 | 185 185 | 91.35 | pa_ill_pa_contig13 contig_36
		This contig has several significant sets of alignments. [An ambiguously mapped contig]
		Using only the very best set (option --ambiguity-usage is set to "one").
			The best set is below. Score: 11848.7, number of alignments: 84, unaligned bases: 4750495
		This contig is misassembled.
		This contig is partially unaligned. (Aligned 14835 out of 4765330 non-N bases (0.31%))
			Warning! This contig is more unaligned than misassembled. Contig length is 4765330 (number of Ns: 0) and total length of all aligns is 14835
		Alignment: 4882 5195 | 304368 304055 | 314 314 | 96.18 | pa_ill_pa_contig44 contig_36
		Alignment: 4268 4831 | 304982 304419 | 564 564 | 90.96 | pa_ill_pa_contig44 contig_36
		Alignment: 4118 4231 | 305135 305022 | 114 114 | 93.86 | pa_ill_pa_contig44 contig_36
		Alignment: 3453 3662 | 305800 305591 | 210 210 | 93.81 | pa_ill_pa_contig44 contig_36
		Alignment: 3374 3442 | 305878 305810 | 69 69 | 94.2 | pa_ill_pa_contig44 contig_36
		Alignment: 2687 2800 | 306576 306463 | 114 114 | 91.23 | pa_ill_pa_contig44 contig_36
		Alignment: 1975 2060 | 307248 307163 | 86 86 | 91.86 | pa_ill_pa_contig44 contig_36
		Alignment: 1813 1967 | 307410 307256 | 155 155 | 92.26 | pa_ill_pa_contig44 contig_36
		Alignment: 1375 1536 | 307848 307687 | 162 162 | 93.83 | pa_ill_pa_contig44 contig_36
		Alignment: 997 1158 | 308226 308065 | 162 162 | 90.12 | pa_ill_pa_contig44 contig_36
		Alignment: 529 593 | 308700 308636 | 65 65 | 98.46 | pa_ill_pa_contig44 contig_36
		Alignment: 4882 5195 | 1012671 1012358 | 314 314 | 96.18 | pa_ill_pa_contig44 contig_36
		Alignment: 4268 4831 | 1013285 1012722 | 564 564 | 90.96 | pa_ill_pa_contig44 contig_36
		Alignment: 4118 4231 | 1013438 1013325 | 114 114 | 93.86 | pa_ill_pa_contig44 contig_36
		Alignment: 3453 3662 | 1014103 1013894 | 210 210 | 93.81 | pa_ill_pa_contig44 contig_36
		Alignment: 3374 3442 | 1014181 1014113 | 69 69 | 94.2 | pa_ill_pa_contig44 contig_36
		Alignment: 2687 2800 | 1014879 1014766 | 114 114 | 91.23 | pa_ill_pa_contig44 contig_36
		Alignment: 1975 2060 | 1015557 1015472 | 86 86 | 91.86 | pa_ill_pa_contig44 contig_36
		Alignment: 1813 1967 | 1015719 1015565 | 155 155 | 92.26 | pa_ill_pa_contig44 contig_36
		Alignment: 1375 1536 | 1016157 1015996 | 162 162 | 93.83 | pa_ill_pa_contig44 contig_36
		Alignment: 997 1158 | 1016535 1016374 | 162 162 | 90.12 | pa_ill_pa_contig44 contig_36
		Alignment: 529 593 | 1017009 1016945 | 65 65 | 98.46 | pa_ill_pa_contig44 contig_36
		Alignment: 529 593 | 1556008 1556072 | 65 65 | 98.46 | pa_ill_pa_contig44 contig_36
		Alignment: 997 1158 | 1556482 1556643 | 162 162 | 90.12 | pa_ill_pa_contig44 contig_36
		Alignment: 1375 1536 | 1556860 1557021 | 162 162 | 93.83 | pa_ill_pa_contig44 contig_36
		Alignment: 1813 1967 | 1557299 1557453 | 155 155 | 92.26 | pa_ill_pa_contig44 contig_36
		Alignment: 1975 2060 | 1557461 1557546 | 86 86 | 91.86 | pa_ill_pa_contig44 contig_36
		Alignment: 2687 2800 | 1558056 1558169 | 114 114 | 91.23 | pa_ill_pa_contig44 contig_36
		Alignment: 2892 3062 | 1558270 1558440 | 171 171 | 91.23 | pa_ill_pa_contig44 contig_36
		Alignment: 3374 3442 | 1558754 1558822 | 69 69 | 94.2 | pa_ill_pa_contig44 contig_36
		Alignment: 3453 3662 | 1558832 1559041 | 210 210 | 93.81 | pa_ill_pa_contig44 contig_36
		Alignment: 4118 4231 | 1559497 1559610 | 114 114 | 93.86 | pa_ill_pa_contig44 contig_36
		Alignment: 4268 4718 | 1559650 1560100 | 451 451 | 92.68 | pa_ill_pa_contig44 contig_36
		Alignment: 4882 5195 | 1560264 1560577 | 314 314 | 96.18 | pa_ill_pa_contig44 contig_36
		Alignment: 529 593 | 1649631 1649695 | 65 65 | 98.46 | pa_ill_pa_contig44 contig_36
		Alignment: 997 1158 | 1650105 1650266 | 162 162 | 90.12 | pa_ill_pa_contig44 contig_36
		Alignment: 1375 1536 | 1650483 1650644 | 162 162 | 93.83 | pa_ill_pa_contig44 contig_36
		Alignment: 1813 1967 | 1650921 1651075 | 155 155 | 92.26 | pa_ill_pa_contig44 contig_36
		Alignment: 1975 2060 | 1651083 1651168 | 86 86 | 91.86 | pa_ill_pa_contig44 contig_36
		Alignment: 2687 2800 | 1651770 1651883 | 114 114 | 91.23 | pa_ill_pa_contig44 contig_36
		Alignment: 2892 3062 | 1651984 1652154 | 171 171 | 91.23 | pa_ill_pa_contig44 contig_36
		Alignment: 3374 3442 | 1652468 1652536 | 69 69 | 94.2 | pa_ill_pa_contig44 contig_36
		Alignment: 3453 3662 | 1652546 1652755 | 210 210 | 93.81 | pa_ill_pa_contig44 contig_36
		Alignment: 4118 4231 | 1653212 1653325 | 114 114 | 93.86 | pa_ill_pa_contig44 contig_36
		Alignment: 4268 4385 | 1653365 1653482 | 118 118 | 94.92 | pa_ill_pa_contig44 contig_36
		Alignment: 4391 4831 | 1653490 1653930 | 441 441 | 90.25 | pa_ill_pa_contig44 contig_36
		Alignment: 4882 5195 | 1653981 1654294 | 314 314 | 96.18 | pa_ill_pa_contig44 contig_36
		Alignment: 529 593 | 1780760 1780824 | 65 65 | 98.46 | pa_ill_pa_contig44 contig_36
		Alignment: 997 1158 | 1781234 1781395 | 162 162 | 90.12 | pa_ill_pa_contig44 contig_36
		Alignment: 1375 1536 | 1781612 1781773 | 162 162 | 93.83 | pa_ill_pa_contig44 contig_36
		Alignment: 1813 1967 | 1782051 1782205 | 155 155 | 92.26 | pa_ill_pa_contig44 contig_36
		Alignment: 1975 2060 | 1782213 1782298 | 86 86 | 91.86 | pa_ill_pa_contig44 contig_36
		Alignment: 2687 2800 | 1782808 1782921 | 114 114 | 91.23 | pa_ill_pa_contig44 contig_36
		Alignment: 2892 3062 | 1783022 1783192 | 171 171 | 91.23 | pa_ill_pa_contig44 contig_36
		Alignment: 3374 3442 | 1783506 1783574 | 69 69 | 94.2 | pa_ill_pa_contig44 contig_36
		Alignment: 3453 3662 | 1783584 1783793 | 210 210 | 93.81 | pa_ill_pa_contig44 contig_36
		Alignment: 4118 4231 | 1784249 1784362 | 114 114 | 93.86 | pa_ill_pa_contig44 contig_36
		Alignment: 4268 4718 | 1784402 1784852 | 451 451 | 92.68 | pa_ill_pa_contig44 contig_36
		Alignment: 4882 5195 | 1785016 1785329 | 314 314 | 96.18 | pa_ill_pa_contig44 contig_36
		Alignment: 529 593 | 1822163 1822227 | 65 65 | 98.46 | pa_ill_pa_contig44 contig_36
		Alignment: 997 1158 | 1822637 1822798 | 162 162 | 90.12 | pa_ill_pa_contig44 contig_36
		Alignment: 1375 1536 | 1823015 1823176 | 162 162 | 93.83 | pa_ill_pa_contig44 contig_36
		Alignment: 1813 1967 | 1823453 1823607 | 155 155 | 92.26 | pa_ill_pa_contig44 contig_36
		Alignment: 1975 2060 | 1823615 1823700 | 86 86 | 91.86 | pa_ill_pa_contig44 contig_36
		Alignment: 2687 2800 | 1824210 1824323 | 114 114 | 91.23 | pa_ill_pa_contig44 contig_36
		Alignment: 2892 3062 | 1824424 1824594 | 171 171 | 91.23 | pa_ill_pa_contig44 contig_36
		Alignment: 3374 3442 | 1824908 1824976 | 69 69 | 94.2 | pa_ill_pa_contig44 contig_36
		Alignment: 3453 3662 | 1824986 1825195 | 210 210 | 93.81 | pa_ill_pa_contig44 contig_36
		Alignment: 4118 4231 | 1825651 1825764 | 114 114 | 93.86 | pa_ill_pa_contig44 contig_36
		Alignment: 4268 4718 | 1825804 1826254 | 451 451 | 92.68 | pa_ill_pa_contig44 contig_36
		Alignment: 4882 5195 | 1826418 1826731 | 314 314 | 96.18 | pa_ill_pa_contig44 contig_36
		Alignment: 529 593 | 2469992 2470056 | 65 65 | 98.46 | pa_ill_pa_contig44 contig_36
		Alignment: 997 1158 | 2470466 2470627 | 162 162 | 90.12 | pa_ill_pa_contig44 contig_36
		Alignment: 1375 1760 | 2470844 2471229 | 386 386 | 92.75 | pa_ill_pa_contig44 contig_36
		Alignment: 1813 1967 | 2471282 2471436 | 155 155 | 92.26 | pa_ill_pa_contig44 contig_36
		Alignment: 1975 2060 | 2471444 2471529 | 86 86 | 91.86 | pa_ill_pa_contig44 contig_36
		Alignment: 2687 2800 | 2472131 2472244 | 114 114 | 91.23 | pa_ill_pa_contig44 contig_36
		Alignment: 2892 3062 | 2472345 2472515 | 171 171 | 91.23 | pa_ill_pa_contig44 contig_36
		Alignment: 3374 3442 | 2472829 2472897 | 69 69 | 94.2 | pa_ill_pa_contig44 contig_36
		Alignment: 3453 3662 | 2472907 2473116 | 210 210 | 93.81 | pa_ill_pa_contig44 contig_36
		Alignment: 4118 4231 | 2473571 2473684 | 114 114 | 93.86 | pa_ill_pa_contig44 contig_36
		Alignment: 4268 4385 | 2473724 2473841 | 118 118 | 94.92 | pa_ill_pa_contig44 contig_36
		Alignment: 4391 4831 | 2473849 2474289 | 441 441 | 90.25 | pa_ill_pa_contig44 contig_36
		Alignment: 4882 5195 | 2474340 2474653 | 314 314 | 96.18 | pa_ill_pa_contig44 contig_36
		Unaligned bases: 4750495

CONTIG: contig_2 (4045480bp)
Best alignment score: 125.0 (LEN: 138, IDY: 90.58), Total number of alignments: 30
			Looking for the best set of alignments (out of 30 total alignments)
			Skipping redundant alignments after choosing the best set of alignments
		Skipping redundant alignment 4406 4535 | 1681677 1681548 | 130 130 | 90.77 | pa_ill_pa_contig44 contig_2
		Skipping redundant alignment 1397 1515 | 1684426 1684308 | 119 119 | 94.12 | pa_ill_pa_contig44 contig_2
		Skipping redundant alignment 1201 1338 | 1684623 1684486 | 138 138 | 90.58 | pa_ill_pa_contig44 contig_2
			The best set is below. Score: 867.8, number of alignments: 27, unaligned bases: 4041997
		This contig is misassembled.
		This contig is partially unaligned. (Aligned 3483 out of 4045480 non-N bases (0.09%))
			Warning! This contig is more unaligned than misassembled. Contig length is 4045480 (number of Ns: 0) and total length of all aligns is 3483
		Alignment: 1201 1338 | 2758213 2758350 | 138 138 | 90.58 | pa_ill_pa_contig44 contig_2
		Alignment: 1397 1515 | 2758410 2758528 | 119 119 | 94.12 | pa_ill_pa_contig44 contig_2
		Alignment: 4406 4535 | 2761336 2761465 | 130 130 | 90.77 | pa_ill_pa_contig44 contig_2
		Alignment: 1201 1338 | 2778825 2778962 | 138 138 | 90.58 | pa_ill_pa_contig44 contig_2
		Alignment: 1397 1515 | 2779022 2779140 | 119 119 | 94.12 | pa_ill_pa_contig44 contig_2
		Alignment: 4406 4535 | 2781948 2782077 | 130 130 | 90.77 | pa_ill_pa_contig44 contig_2
		Alignment: 1201 1338 | 2839159 2839296 | 138 138 | 90.58 | pa_ill_pa_contig44 contig_2
		Alignment: 1397 1515 | 2839356 2839474 | 119 119 | 94.12 | pa_ill_pa_contig44 contig_2
		Alignment: 4406 4535 | 2842105 2842234 | 130 130 | 90.77 | pa_ill_pa_contig44 contig_2
		Alignment: 1201 1338 | 2845082 2845219 | 138 138 | 90.58 | pa_ill_pa_contig44 contig_2
		Alignment: 1397 1515 | 2845279 2845397 | 119 119 | 94.12 | pa_ill_pa_contig44 contig_2
		Alignment: 4406 4535 | 2848028 2848157 | 130 130 | 90.77 | pa_ill_pa_contig44 contig_2
		Alignment: 1201 1338 | 2909626 2909763 | 138 138 | 90.58 | pa_ill_pa_contig44 contig_2
		Alignment: 1397 1515 | 2909823 2909941 | 119 119 | 94.12 | pa_ill_pa_contig44 contig_2
		Alignment: 4406 4535 | 2912572 2912701 | 130 130 | 90.77 | pa_ill_pa_contig44 contig_2
		Alignment: 1201 1338 | 2915239 2915376 | 138 138 | 90.58 | pa_ill_pa_contig44 contig_2
		Alignment: 1397 1515 | 2915436 2915554 | 119 119 | 94.12 | pa_ill_pa_contig44 contig_2
		Alignment: 4406 4535 | 2918185 2918314 | 130 130 | 90.77 | pa_ill_pa_contig44 contig_2
		Alignment: 1201 1338 | 2920240 2920377 | 138 138 | 90.58 | pa_ill_pa_contig44 contig_2
		Alignment: 1397 1515 | 2920437 2920555 | 119 119 | 94.12 | pa_ill_pa_contig44 contig_2
		Alignment: 4406 4535 | 2923186 2923315 | 130 130 | 90.77 | pa_ill_pa_contig44 contig_2
		Alignment: 1201 1338 | 3373698 3373835 | 138 138 | 90.58 | pa_ill_pa_contig44 contig_2
		Alignment: 1397 1515 | 3373895 3374013 | 119 119 | 94.12 | pa_ill_pa_contig44 contig_2
		Alignment: 4406 4535 | 3376644 3376773 | 130 130 | 90.77 | pa_ill_pa_contig44 contig_2
		Alignment: 1201 1338 | 3666466 3666603 | 138 138 | 90.58 | pa_ill_pa_contig44 contig_2
		Alignment: 1397 1515 | 3666663 3666781 | 119 119 | 94.12 | pa_ill_pa_contig44 contig_2
		Alignment: 4406 4535 | 3669412 3669541 | 130 130 | 90.77 | pa_ill_pa_contig44 contig_2
		Unaligned bases: 4041997

CONTIG: contig_24 (2992067bp)
Best alignment score: 127.0 (LEN: 138, IDY: 92.03), Total number of alignments: 18
			Looking for the best set of alignments (out of 18 total alignments)
			Skipping redundant alignments after choosing the best set of alignments
		Skipping redundant alignment 1201 1338 | 1078428 1078565 | 138 138 | 92.03 | pa_ill_pa_contig44 contig_24
		Skipping redundant alignment 1397 1517 | 1078625 1078745 | 121 121 | 95.04 | pa_ill_pa_contig44 contig_24
		Skipping redundant alignment 4406 4488 | 1081705 1081787 | 83 83 | 97.59 | pa_ill_pa_contig44 contig_24
		Skipping redundant alignment 1201 1338 | 1676941 1677078 | 138 138 | 92.03 | pa_ill_pa_contig44 contig_24
		Skipping redundant alignment 1397 1517 | 1677138 1677258 | 121 121 | 95.04 | pa_ill_pa_contig44 contig_24
		Skipping redundant alignment 4406 4488 | 1679967 1680049 | 83 83 | 97.59 | pa_ill_pa_contig44 contig_24
		Skipping redundant alignment 1201 1338 | 1781618 1781755 | 138 138 | 92.03 | pa_ill_pa_contig44 contig_24
		Skipping redundant alignment 1397 1517 | 1781815 1781935 | 121 121 | 95.04 | pa_ill_pa_contig44 contig_24
		Skipping redundant alignment 4406 4488 | 1784644 1784726 | 83 83 | 97.59 | pa_ill_pa_contig44 contig_24
			The best set is below. Score: 378.3, number of alignments: 9, unaligned bases: 2991041
		This contig is misassembled.
		This contig is partially unaligned. (Aligned 1026 out of 2992067 non-N bases (0.03%))
			Warning! This contig is more unaligned than misassembled. Contig length is 2992067 (number of Ns: 0) and total length of all aligns is 1026
		Alignment: 4406 4488 | 286985 286903 | 83 83 | 97.59 | pa_ill_pa_contig44 contig_24
		Alignment: 1397 1517 | 289814 289694 | 121 121 | 95.04 | pa_ill_pa_contig44 contig_24
		Alignment: 1201 1338 | 290011 289874 | 138 138 | 92.03 | pa_ill_pa_contig44 contig_24
		Alignment: 4406 4488 | 293004 292922 | 83 83 | 97.59 | pa_ill_pa_contig44 contig_24
		Alignment: 1397 1517 | 295833 295713 | 121 121 | 95.04 | pa_ill_pa_contig44 contig_24
		Alignment: 1201 1338 | 296030 295893 | 138 138 | 92.03 | pa_ill_pa_contig44 contig_24
		Alignment: 4406 4488 | 530555 530473 | 83 83 | 97.59 | pa_ill_pa_contig44 contig_24
		Alignment: 1397 1517 | 533635 533515 | 121 121 | 95.04 | pa_ill_pa_contig44 contig_24
		Alignment: 1201 1338 | 533832 533695 | 138 138 | 92.03 | pa_ill_pa_contig44 contig_24
		Unaligned bases: 2991041

CONTIG: contig_25 (1945631bp)
Best alignment score: 116.0 (LEN: 125, IDY: 92.80), Total number of alignments: 6
			Looking for the best set of alignments (out of 6 total alignments)
			Skipping redundant alignments after choosing the best set of alignments
		Skipping redundant alignment 1397 1521 | 68906 68782 | 125 125 | 92.8 | pa_ill_pa_contig44 contig_25
		Skipping redundant alignment 1397 1521 | 145802 145678 | 125 125 | 92.8 | pa_ill_pa_contig44 contig_25
		Skipping redundant alignment 1397 1521 | 181326 181202 | 125 125 | 92.8 | pa_ill_pa_contig44 contig_25
		Skipping redundant alignment 1397 1521 | 841546 841670 | 125 125 | 92.8 | pa_ill_pa_contig44 contig_25
			The best set is below. Score: 177.0, number of alignments: 2, unaligned bases: 1945440
		This contig is misassembled.
		This contig is partially unaligned. (Aligned 191 out of 1945631 non-N bases (0.01%))
			Warning! This contig is more unaligned than misassembled. Contig length is 1945631 (number of Ns: 0) and total length of all aligns is 191
		Alignment: 1873 1938 | 1658474 1658409 | 66 66 | 92.42 | pa_ill_pa_contig44 contig_25
		Alignment: 1397 1521 | 1658959 1658835 | 125 125 | 92.8 | pa_ill_pa_contig44 contig_25
		Unaligned bases: 1945440

CONTIG: contig_45 (2717942bp)
Best alignment score: 212.0 (LEN: 235, IDY: 90.21), Total number of alignments: 18
			Looking for the best set of alignments (out of 18 total alignments)
			Skipping redundant alignments after choosing the best set of alignments
		Skipping redundant alignment 4403 4500 | 2583599 2583502 | 98 98 | 96.94 | pa_ill_pa_contig44 contig_45
		Skipping redundant alignment 1397 1503 | 2586651 2586545 | 107 107 | 96.26 | pa_ill_pa_contig44 contig_45
		Skipping redundant alignment 4903 5134 | 2583099 2582868 | 232 232 | 90.95 | pa_ill_pa_contig44 contig_45
			The best set is below. Score: 812.5, number of alignments: 15, unaligned bases: 2715775
		This contig is misassembled.
		This contig is partially unaligned. (Aligned 2167 out of 2717942 non-N bases (0.08%))
			Warning! This contig is more unaligned than misassembled. Contig length is 2717942 (number of Ns: 0) and total length of all aligns is 2167
		Alignment: 4903 5134 | 1075 841 | 232 235 | 90.21 | pa_ill_pa_contig44 contig_45
		Alignment: 4403 4500 | 1575 1478 | 98 98 | 96.94 | pa_ill_pa_contig44 contig_45
		Alignment: 1397 1503 | 4621 4515 | 107 107 | 96.26 | pa_ill_pa_contig44 contig_45
		Alignment: 4903 5134 | 114451 114220 | 232 232 | 90.95 | pa_ill_pa_contig44 contig_45
		Alignment: 4403 4500 | 114951 114854 | 98 98 | 96.94 | pa_ill_pa_contig44 contig_45
		Alignment: 1397 1503 | 117955 117849 | 107 107 | 96.26 | pa_ill_pa_contig44 contig_45
		Alignment: 1397 1503 | 1174452 1174558 | 107 107 | 96.26 | pa_ill_pa_contig44 contig_45
		Alignment: 4403 4500 | 1177470 1177567 | 98 98 | 96.94 | pa_ill_pa_contig44 contig_45
		Alignment: 4903 5134 | 1177970 1178201 | 232 232 | 90.95 | pa_ill_pa_contig44 contig_45
		Alignment: 1397 1503 | 1219044 1219150 | 107 107 | 96.26 | pa_ill_pa_contig44 contig_45
		Alignment: 4403 4500 | 1222001 1222098 | 98 98 | 96.94 | pa_ill_pa_contig44 contig_45
		Alignment: 4903 5134 | 1222501 1222732 | 232 232 | 90.95 | pa_ill_pa_contig44 contig_45
		Alignment: 1397 1503 | 1224293 1224399 | 107 107 | 96.26 | pa_ill_pa_contig44 contig_45
		Alignment: 4403 4500 | 1227220 1227317 | 98 98 | 96.94 | pa_ill_pa_contig44 contig_45
		Alignment: 4925 5134 | 1227743 1227953 | 210 211 | 90.52 | pa_ill_pa_contig44 contig_45
		Unaligned bases: 2715775

CONTIG: contig_50 (2845365bp)
Best alignment score: 129.0 (LEN: 142, IDY: 90.85), Total number of alignments: 12
			Looking for the best set of alignments (out of 12 total alignments)
			Skipping redundant alignments after choosing the best set of alignments
		Skipping redundant alignment 1200 1338 | 684276 684414 | 139 139 | 91.37 | pa_ill_pa_contig44 contig_50
		Skipping redundant alignment 1397 1538 | 684474 684615 | 142 142 | 90.85 | pa_ill_pa_contig44 contig_50
		Skipping redundant alignment 4406 4500 | 687366 687460 | 95 95 | 96.84 | pa_ill_pa_contig44 contig_50
		Skipping redundant alignment 1200 1338 | 1303507 1303645 | 139 139 | 91.37 | pa_ill_pa_contig44 contig_50
		Skipping redundant alignment 1397 1538 | 1303705 1303846 | 142 142 | 90.85 | pa_ill_pa_contig44 contig_50
		Skipping redundant alignment 4406 4500 | 1306597 1306691 | 95 95 | 96.84 | pa_ill_pa_contig44 contig_50
		Skipping redundant alignment 4406 4500 | 2812090 2811996 | 95 95 | 96.84 | pa_ill_pa_contig44 contig_50
		Skipping redundant alignment 1397 1538 | 2814880 2814739 | 142 142 | 90.85 | pa_ill_pa_contig44 contig_50
		Skipping redundant alignment 1200 1338 | 2815078 2814940 | 139 139 | 91.37 | pa_ill_pa_contig44 contig_50
		This contig has several significant sets of alignments. [An ambiguously mapped contig]
		Using only the very best set (option --ambiguity-usage is set to "one").
			The best set is below. Score: 324.0, number of alignments: 3, unaligned bases: 2844989
		This contig is misassembled.
		This contig is partially unaligned. (Aligned 376 out of 2845365 non-N bases (0.01%))
			Warning! This contig is more unaligned than misassembled. Contig length is 2845365 (number of Ns: 0) and total length of all aligns is 376
		Alignment: 1200 1338 | 241198 241336 | 139 139 | 91.37 | pa_ill_pa_contig44 contig_50
		Alignment: 1397 1538 | 241396 241537 | 142 142 | 90.85 | pa_ill_pa_contig44 contig_50
		Alignment: 4406 4500 | 244186 244280 | 95 95 | 96.84 | pa_ill_pa_contig44 contig_50
		Unaligned bases: 2844989

Analyzing coverage...
Writing SNPs into /media3/lucia/zymo_mock_community/asms_cuantizados/v6_27-2-21_1bin/metaquast-1bin-v2/runs_per_reference/pa_ill/contigs_reports/minimap_output/r10_1bin_v2_2_MP_helen.used_snps.gz

Analysis is finished!
Founded SNPs were written into /media3/lucia/zymo_mock_community/asms_cuantizados/v6_27-2-21_1bin/metaquast-1bin-v2/runs_per_reference/pa_ill/contigs_reports/minimap_output/r10_1bin_v2_2_MP_helen.used_snps.gz

Results:
	Local Misassemblies: 11
	Misassemblies: 6
		Relocations: 0
		Translocations: 6
		Inversions: 0
	Scaffold gap extensive misassemblies: 0
	Scaffold gap local misassemblies: 0
	Misassemblies caused by fragmented reference: 21
	Misassembled Contigs: 1
	Misassembled Contig Bases: 6792152
	Misassemblies Inter-Contig Overlap: 0
Unaligned Contigs: 0 + 8 part
Half Unaligned Contigs with Misassemblies: 7
Unaligned Contig Bases: 24043630

Ambiguously Mapped Contigs: 2
Total Bases in Ambiguously Mapped Contigs: 7610695
Extra Bases in Ambiguously Mapped Contigs: 0
Note that --allow-ambiguity option was set to "one" and only first alignment per each of these contigs was used.

	Covered Bases: 6720877

	SNPs: 3727
	Insertions: 297
	Deletions: 5145

